<?xml version="1.0" encoding="UTF-8" ?>
<testsuite tests="2044" failures="553" name="TestSuite" time="1,162.187" errors="0" skipped="1386">
  <properties>
    <property name="java.runtime.name" value="Java(TM) SE Runtime Environment"/>
    <property name="sun.boot.library.path" value="C:\jdk8\bin"/>
    <property name="java.vm.version" value="25.31-b07"/>
    <property name="java.vm.vendor" value="Oracle Corporation"/>
    <property name="java.vendor.url" value="http://java.oracle.com/"/>
    <property name="path.separator" value=";"/>
    <property name="java.vm.name" value="Java HotSpot(TM) 64-Bit Server VM"/>
    <property name="file.encoding.pkg" value="sun.io"/>
    <property name="user.script" value=""/>
    <property name="user.country" value="US"/>
    <property name="sun.java.launcher" value="SUN_STANDARD"/>
    <property name="sun.os.patch.level" value="Service Pack 1"/>
    <property name="java.vm.specification.name" value="Java Virtual Machine Specification"/>
    <property name="user.dir" value="C:\work\automationPrj\automation"/>
    <property name="java.runtime.version" value="1.8.0_31-b13"/>
    <property name="java.awt.graphicsenv" value="sun.awt.Win32GraphicsEnvironment"/>
    <property name="basedir" value="C:\work\automationPrj\automation"/>
    <property name="java.endorsed.dirs" value="C:\jdk8\lib\endorsed"/>
    <property name="os.arch" value="amd64"/>
    <property name="surefire.real.class.path" value="C:\Users\yuri\AppData\Local\Temp\surefirebooter1990498892305125917.jar"/>
    <property name="java.io.tmpdir" value="C:\Users\yuri\AppData\Local\Temp\"/>
    <property name="line.separator" value="
"/>
    <property name="java.vm.specification.vendor" value="Oracle Corporation"/>
    <property name="user.variant" value=""/>
    <property name="os.name" value="Windows 7"/>
    <property name="sun.jnu.encoding" value="Cp1252"/>
    <property name="java.library.path" value="C:\jdk8\bin;C:\Windows\Sun\Java\bin;C:\Windows\system32;C:\Windows;C:/Program Files/Java/jre1.8.0_40/bin/server;C:/Program Files/Java/jre1.8.0_40/bin;C:/Program Files/Java/jre1.8.0_40/lib/amd64;C:\Program Files\Intel\Intel(R) Media Server Studio 2016\Software Development Kit\bin\x64;C:\Program Files\Intel\Intel(R) Media Server Studio 2016\Software Development Kit\bin\win32;C:\Program Files\Intel\Intel(R) Media Server Studio 2016\OpenCL(tm) Code Builder\bin\x64;C:\Program Files\Intel\Intel(R) Media Server Studio 2016\OpenCL(tm) Code Builder\bin\x86;C:\Program Files\Intel\Intel(R) Media Server Studio 2016\OpenCL(tm) Code Builder\bin\Pin;C:\Program Files\Intel\Intel(R) Media Server Studio 2016\OpenCL(tm) Code Builder\bin\GTPin;C:\Perl64\site\bin;C:\Perl64\bin;C:\ProgramData\Oracle\Java\javapath;C:\Program Files (x86)\Intel\iCLS Client\;C:\Program Files\Intel\iCLS Client\;C:\Windows\system32;C:\Windows;C:\Windows\System32\Wbem;C:\Windows\System32\WindowsPowerShell\v1.0\;C:\Program Files\Intel\Intel(R) Management Engine Components\DAL;C:\Program Files\Intel\Intel(R) Management Engine Components\IPT;C:\Program Files (x86)\Intel\Intel(R) Management Engine Components\DAL;C:\Program Files (x86)\Intel\Intel(R) Management Engine Components\IPT;C:\Program Files\TortoiseSVN\bin;%M2_HOME%\bin;C:\tools;C:\Program Files (x86)\IneoQuest\IQMediaAnalyzer;C:\Program Files (x86)\IneoQuest\Tools;C:\Program Files (x86)\IneoQuest\Common;C:\Program Files (x86)\IneoQuest\Tools\TSReader;C:\Program Files (x86)\QuickTime\QTSystem\;C:\Program Files (x86)\Microsoft SQL Server\100\Tools\Binn\;C:\Program Files (x86)\Microsoft SQL Server\100\DTS\Binn\;C:\Program Files\TortoiseGit\bin;C:\MinGW\bin;C:\MinGW\msys\1.0\bin;C:\Program Files (x86)\Skype\Phone\;C:\Windows\system32\config\systemprofile\.dnx\bin;C:\Program Files\Microsoft DNX\Dnvm\;C:\Program Files (x86)\Windows Kits\10\Windows Performance Toolkit\;C:\Program Files (x86)\nodejs\;C:\tools\maven\apache-maven-3.2.1\bin;C:\Users\yuri\AppData\Roaming\npm;C:\tools\eclipse8\eclipse;;."/>
    <property name="surefire.test.class.path" value="C:\work\automationPrj\automation\target\test-classes;C:\work\automationPrj\automation\target\classes;C:\Users\yuri\.m2\repository\br\eti\kinoshita\testlink-java-api\1.9.6-1\testlink-java-api-1.9.6-1.jar;C:\Users\yuri\.m2\repository\commons-lang\commons-lang\2.5\commons-lang-2.5.jar;C:\Users\yuri\.m2\repository\commons-io\commons-io\2.0.1\commons-io-2.0.1.jar;C:\Users\yuri\.m2\repository\org\slf4j\slf4j-api\1.6.1\slf4j-api-1.6.1.jar;C:\Users\yuri\.m2\repository\org\slf4j\slf4j-simple\1.6.1\slf4j-simple-1.6.1.jar;C:\Users\yuri\.m2\repository\commons-configuration\commons-configuration\1.7\commons-configuration-1.7.jar;C:\Users\yuri\.m2\repository\commons-collections\commons-collections\3.2.1\commons-collections-3.2.1.jar;C:\Users\yuri\.m2\repository\commons-logging\commons-logging\1.1.1\commons-logging-1.1.1.jar;C:\Users\yuri\.m2\repository\commons-digester\commons-digester\1.8.1\commons-digester-1.8.1.jar;C:\Users\yuri\.m2\repository\commons-beanutils\commons-beanutils\1.8.3\commons-beanutils-1.8.3.jar;C:\Users\yuri\.m2\repository\org\apache\xmlrpc\xmlrpc-common\3.1.3\xmlrpc-common-3.1.3.jar;C:\Users\yuri\.m2\repository\org\apache\ws\commons\util\ws-commons-util\1.0.2\ws-commons-util-1.0.2.jar;C:\Users\yuri\.m2\repository\org\apache\xmlrpc\xmlrpc-client\3.1.3\xmlrpc-client-3.1.3.jar;C:\Users\yuri\.m2\repository\xml-apis\xml-apis\1.0.b2\xml-apis-1.0.b2.jar;C:\Users\yuri\.m2\repository\commons-httpclient\commons-httpclient\3.1\commons-httpclient-3.1.jar;C:\Users\yuri\.m2\repository\commons-codec\commons-codec\1.2\commons-codec-1.2.jar;C:\Users\yuri\.m2\repository\org\apache\commons\commons-lang3\3.0\commons-lang3-3.0.jar;C:\Users\yuri\.m2\repository\org\testng\testng\6.9.4\testng-6.9.4.jar;C:\Users\yuri\.m2\repository\org\beanshell\bsh\2.0b4\bsh-2.0b4.jar;C:\Users\yuri\.m2\repository\com\beust\jcommander\1.48\jcommander-1.48.jar;C:\Users\yuri\.m2\repository\junit\junit\4.12\junit-4.12.jar;C:\Users\yuri\.m2\repository\org\hamcrest\hamcrest-core\1.3\hamcrest-core-1.3.jar;C:\Users\yuri\.m2\repository\org\json\json\20141113\json-20141113.jar;C:\Users\yuri\.m2\repository\org\uncommons\reportng\1.1.2\reportng-1.1.2.jar;C:\Users\yuri\.m2\repository\velocity\velocity\1.4\velocity-1.4.jar;C:\Users\yuri\.m2\repository\velocity\velocity-dep\1.4\velocity-dep-1.4.jar;C:\Users\yuri\.m2\repository\com\google\inject\guice\3.0\guice-3.0.jar;C:\Users\yuri\.m2\repository\javax\inject\javax.inject\1\javax.inject-1.jar;C:\Users\yuri\.m2\repository\aopalliance\aopalliance\1.0\aopalliance-1.0.jar;C:\Users\yuri\.m2\repository\com\jcraft\jsch\0.1.53\jsch-0.1.53.jar;C:\Users\yuri\.m2\repository\com\zixi\drivers\drivers\0.0.1-SNAPSHOT\drivers-0.0.1-SNAPSHOT.jar;C:\Users\yuri\.m2\repository\commons-net\commons-net\3.5\commons-net-3.5.jar;"/>
    <property name="java.specification.name" value="Java Platform API Specification"/>
    <property name="java.class.version" value="52.0"/>
    <property name="sun.management.compiler" value="HotSpot 64-Bit Tiered Compilers"/>
    <property name="os.version" value="6.1"/>
    <property name="user.home" value="C:\Users\yuri"/>
    <property name="user.timezone" value="Asia/Jerusalem"/>
    <property name="sun.net.http.allowRestrictedHeaders" value="true"/>
    <property name="java.awt.printerjob" value="sun.awt.windows.WPrinterJob"/>
    <property name="java.specification.version" value="1.8"/>
    <property name="file.encoding" value="Cp1252"/>
    <property name="user.name" value="yuri"/>
    <property name="java.class.path" value="C:\work\automationPrj\automation\target\test-classes;C:\work\automationPrj\automation\target\classes;C:\Users\yuri\.m2\repository\br\eti\kinoshita\testlink-java-api\1.9.6-1\testlink-java-api-1.9.6-1.jar;C:\Users\yuri\.m2\repository\commons-lang\commons-lang\2.5\commons-lang-2.5.jar;C:\Users\yuri\.m2\repository\commons-io\commons-io\2.0.1\commons-io-2.0.1.jar;C:\Users\yuri\.m2\repository\org\slf4j\slf4j-api\1.6.1\slf4j-api-1.6.1.jar;C:\Users\yuri\.m2\repository\org\slf4j\slf4j-simple\1.6.1\slf4j-simple-1.6.1.jar;C:\Users\yuri\.m2\repository\commons-configuration\commons-configuration\1.7\commons-configuration-1.7.jar;C:\Users\yuri\.m2\repository\commons-collections\commons-collections\3.2.1\commons-collections-3.2.1.jar;C:\Users\yuri\.m2\repository\commons-logging\commons-logging\1.1.1\commons-logging-1.1.1.jar;C:\Users\yuri\.m2\repository\commons-digester\commons-digester\1.8.1\commons-digester-1.8.1.jar;C:\Users\yuri\.m2\repository\commons-beanutils\commons-beanutils\1.8.3\commons-beanutils-1.8.3.jar;C:\Users\yuri\.m2\repository\org\apache\xmlrpc\xmlrpc-common\3.1.3\xmlrpc-common-3.1.3.jar;C:\Users\yuri\.m2\repository\org\apache\ws\commons\util\ws-commons-util\1.0.2\ws-commons-util-1.0.2.jar;C:\Users\yuri\.m2\repository\org\apache\xmlrpc\xmlrpc-client\3.1.3\xmlrpc-client-3.1.3.jar;C:\Users\yuri\.m2\repository\xml-apis\xml-apis\1.0.b2\xml-apis-1.0.b2.jar;C:\Users\yuri\.m2\repository\commons-httpclient\commons-httpclient\3.1\commons-httpclient-3.1.jar;C:\Users\yuri\.m2\repository\commons-codec\commons-codec\1.2\commons-codec-1.2.jar;C:\Users\yuri\.m2\repository\org\apache\commons\commons-lang3\3.0\commons-lang3-3.0.jar;C:\Users\yuri\.m2\repository\org\testng\testng\6.9.4\testng-6.9.4.jar;C:\Users\yuri\.m2\repository\org\beanshell\bsh\2.0b4\bsh-2.0b4.jar;C:\Users\yuri\.m2\repository\com\beust\jcommander\1.48\jcommander-1.48.jar;C:\Users\yuri\.m2\repository\junit\junit\4.12\junit-4.12.jar;C:\Users\yuri\.m2\repository\org\hamcrest\hamcrest-core\1.3\hamcrest-core-1.3.jar;C:\Users\yuri\.m2\repository\org\json\json\20141113\json-20141113.jar;C:\Users\yuri\.m2\repository\org\uncommons\reportng\1.1.2\reportng-1.1.2.jar;C:\Users\yuri\.m2\repository\velocity\velocity\1.4\velocity-1.4.jar;C:\Users\yuri\.m2\repository\velocity\velocity-dep\1.4\velocity-dep-1.4.jar;C:\Users\yuri\.m2\repository\com\google\inject\guice\3.0\guice-3.0.jar;C:\Users\yuri\.m2\repository\javax\inject\javax.inject\1\javax.inject-1.jar;C:\Users\yuri\.m2\repository\aopalliance\aopalliance\1.0\aopalliance-1.0.jar;C:\Users\yuri\.m2\repository\com\jcraft\jsch\0.1.53\jsch-0.1.53.jar;C:\Users\yuri\.m2\repository\com\zixi\drivers\drivers\0.0.1-SNAPSHOT\drivers-0.0.1-SNAPSHOT.jar;C:\Users\yuri\.m2\repository\commons-net\commons-net\3.5\commons-net-3.5.jar;"/>
    <property name="java.vm.specification.version" value="1.8"/>
    <property name="sun.arch.data.model" value="64"/>
    <property name="java.home" value="C:\jdk8"/>
    <property name="sun.java.command" value="C:\Users\yuri\AppData\Local\Temp\surefirebooter1990498892305125917.jar C:\Users\yuri\AppData\Local\Temp\surefire7010007832809758494tmp C:\Users\yuri\AppData\Local\Temp\surefire6897365080289533696tmp"/>
    <property name="java.specification.vendor" value="Oracle Corporation"/>
    <property name="user.language" value="en"/>
    <property name="awt.toolkit" value="sun.awt.windows.WToolkit"/>
    <property name="java.vm.info" value="mixed mode"/>
    <property name="java.version" value="1.8.0_31"/>
    <property name="java.ext.dirs" value="C:\jdk8\lib\ext;C:\Windows\Sun\Java\lib\ext"/>
    <property name="sun.boot.class.path" value="C:\jdk8\lib\resources.jar;C:\jdk8\lib\rt.jar;C:\jdk8\lib\sunrsasign.jar;C:\jdk8\lib\jsse.jar;C:\jdk8\lib\jce.jar;C:\jdk8\lib\charsets.jar;C:\jdk8\lib\jfr.jar;C:\jdk8\classes"/>
    <property name="java.vendor" value="Oracle Corporation"/>
    <property name="localRepository" value="C:\Users\yuri\.m2\repository"/>
    <property name="file.separator" value="\"/>
    <property name="java.vendor.url.bug" value="http://bugreport.sun.com/bugreport/"/>
    <property name="sun.cpu.endian" value="little"/>
    <property name="sun.io.unicode.encoding" value="UnicodeLittle"/>
    <property name="sun.desktop" value="windows"/>
    <property name="sun.cpu.isalist" value="amd64"/>
  </properties>
  <testcase classname="com.zixi.testing.TestLinker" name="setToBlockedStatusTestLinkedTests" time="0.191"/>
  <testcase classname="com.zixi.testing.BxFileTransferAndVodSettingsTest" name="broadcasterSetBxFileTransferVodSettings" time="0.556"/>
  <testcase classname="com.zixi.testing.BroadcasterSinglePullInStreamCreationTest" name="broadcasterPullInCreation" time="0.245">
    <failure message="expected [Stream &apos;test&apos; added.] but found [load_live_inputs({&quot;error&quot;:&quot;Stream already exists.&quot;});]" type="java.lang.AssertionError">java.lang.AssertionError: expected [Stream &apos;test&apos; added.] but found [load_live_inputs({&quot;error&quot;:&quot;Stream already exists.&quot;});]
	at org.testng.Assert.fail(Assert.java:94)
	at org.testng.Assert.failNotEquals(Assert.java:496)
	at org.testng.Assert.assertEquals(Assert.java:125)
	at org.testng.Assert.assertEquals(Assert.java:178)
	at org.testng.Assert.assertEquals(Assert.java:188)
	at com.zixi.testing.BroadcasterSinglePullInStreamCreationTest.broadcasterPullInCreation(BroadcasterSinglePullInStreamCreationTest.java:57)
</failure>
    <system-out>bug -------------&gt;&gt;&gt; JSONObject[&quot;msg&quot;] not found. Request is http://10.7.0.66:4444/zixi/add_stream.json?func=load_live_inputs&amp;type=pull&amp;id=test&amp;max_outputs=-1&amp;mcast_out=&amp;mcast_force=0&amp;mcast_ip=&amp;mcast_port=&amp;mcast_ttl=&amp;time_shift=0&amp;host0=10.7.0.63&amp;pull-port=&amp;source=iphone.ts&amp;password=&amp;latency=6000&amp;nic=&amp;fec_overhead=30&amp;fec_latency=300&amp;fec_aware=&amp;fec_adaptive=1&amp;fec_force=&amp;complete=&amp;on=1 
Line Number is 127
Exception type is class org.json.JSONException
</system-out>
  </testcase>
  <testcase classname="com.zixi.testing.BroadcasterUDPOutputStreamCreationTest" name="broadcasterPullInCreation" time="0.517"/>
  <testcase classname="com.zixi.testing.BroadcasterInputStatisticSingleStreamTest" name="broadcasterSingleInputStreamStatisticAnilyzer" time="40.623"/>
  <testcase classname="com.zixi.testing.FFMPEGImageStatisticTest" name="testInit" time="40.701">
    <failure message="com/zixi/drivers/drivers/FFMPEGImageStatisticTestDriver" type="java.lang.NoClassDefFoundError">java.lang.NoClassDefFoundError: com/zixi/drivers/drivers/FFMPEGImageStatisticTestDriver
	at com.zixi.testing.FFMPEGImageStatisticTest.testInit(FFMPEGImageStatisticTest.java:15)
Caused by: java.lang.ClassNotFoundException: com.zixi.drivers.drivers.FFMPEGImageStatisticTestDriver
	at java.net.URLClassLoader$1.run(Unknown Source)
	at java.net.URLClassLoader$1.run(Unknown Source)
	at java.security.AccessController.doPrivileged(Native Method)
	at java.net.URLClassLoader.findClass(Unknown Source)
	at java.lang.ClassLoader.loadClass(Unknown Source)
	at sun.misc.Launcher$AppClassLoader.loadClass(Unknown Source)
	at java.lang.ClassLoader.loadClass(Unknown Source)
	... 31 more
</failure>
  </testcase>
  <testcase classname="com.zixi.testing.FFMPEGImageStatisticTest" name="beforeTes" time="40.704">
    <skipped/>
  </testcase>
  <testcase classname="com.zixi.testing.FFMPEGImageStatisticTest" name="broadcasterSingleInputStreamStatisticAnilyzer" time="0">
    <skipped/>
  </testcase>
  <testcase classname="com.zixi.testing.FFMPEGImageStatisticTest" name="afterTest" time="0.001">
    <skipped/>
  </testcase>
  <testcase classname="com.zixi.testing.BroadcaserSingleOutputStreamDeletionTest" name="broadcasterSingleStreamRemoving" time="0.54"/>
  <testcase classname="com.zixi.testing.BroadcasterSingleInputStreamDeletionTest" name="testInit" time="0.581">
    <failure message="com/zixi/drivers/drivers/BroadcasterSingleInputStreamDeletionDriver" type="java.lang.NoClassDefFoundError">java.lang.NoClassDefFoundError: com/zixi/drivers/drivers/BroadcasterSingleInputStreamDeletionDriver
	at com.zixi.testing.BroadcasterSingleInputStreamDeletionTest.testInit(BroadcasterSingleInputStreamDeletionTest.java:14)
Caused by: java.lang.ClassNotFoundException: com.zixi.drivers.drivers.BroadcasterSingleInputStreamDeletionDriver
	at java.net.URLClassLoader$1.run(Unknown Source)
	at java.net.URLClassLoader$1.run(Unknown Source)
	at java.security.AccessController.doPrivileged(Native Method)
	at java.net.URLClassLoader.findClass(Unknown Source)
	at java.lang.ClassLoader.loadClass(Unknown Source)
	at sun.misc.Launcher$AppClassLoader.loadClass(Unknown Source)
	at java.lang.ClassLoader.loadClass(Unknown Source)
	... 31 more
</failure>
  </testcase>
  <testcase classname="com.zixi.testing.BroadcasterSingleInputStreamDeletionTest" name="beforeTes" time="0.582">
    <skipped/>
  </testcase>
  <testcase classname="com.zixi.testing.BroadcasterSingleInputStreamDeletionTest" name="broadcasterInputStreamDeletion" time="0">
    <skipped/>
  </testcase>
  <testcase classname="com.zixi.testing.BroadcasterSingleInputStreamDeletionTest" name="afterTest" time="0">
    <skipped/>
  </testcase>
  <testcase classname="com.zixi.testing.BxFileTransferAndVodSettingsTest" name="broadcasterSetBxFileTransferVodSettings" time="0.422"/>
  <testcase classname="com.zixi.testing.FFMPEGImageStatisticModeTest" name="testInit" time="0.46">
    <failure message="com/zixi/drivers/drivers/FFMPEGImageStatisticTestDriver" type="java.lang.NoClassDefFoundError">java.lang.NoClassDefFoundError: com/zixi/drivers/drivers/FFMPEGImageStatisticTestDriver
	at com.zixi.testing.FFMPEGImageStatisticModeTest.testInit(FFMPEGImageStatisticModeTest.java:16)
Caused by: java.lang.ClassNotFoundException: com.zixi.drivers.drivers.FFMPEGImageStatisticTestDriver
	at java.net.URLClassLoader$1.run(Unknown Source)
	at java.net.URLClassLoader$1.run(Unknown Source)
	at java.security.AccessController.doPrivileged(Native Method)
	at java.net.URLClassLoader.findClass(Unknown Source)
	at java.lang.ClassLoader.loadClass(Unknown Source)
	at sun.misc.Launcher$AppClassLoader.loadClass(Unknown Source)
	at java.lang.ClassLoader.loadClass(Unknown Source)
	... 31 more
</failure>
  </testcase>
  <testcase classname="com.zixi.testing.FFMPEGImageStatisticModeTest" name="beforeTes" time="0.463">
    <skipped/>
  </testcase>
  <testcase classname="com.zixi.testing.FFMPEGImageStatisticModeTest" name="broadcasterSingleInputStreamStatisticAnilyzer" time="0">
    <skipped/>
  </testcase>
  <testcase classname="com.zixi.testing.FFMPEGImageStatisticModeTest" name="afterTest" time="0.001">
    <skipped/>
  </testcase>
  <testcase classname="com.zixi.testing.BxFileTransferAndVodSettingsTest" name="broadcasterSetBxFileTransferVodSettings" time="0.429"/>
  <testcase classname="com.zixi.testing.FFMPEGImageStatisticModeTest" name="testInit" time="0.463">
    <failure message="com/zixi/drivers/drivers/FFMPEGImageStatisticTestDriver" type="java.lang.NoClassDefFoundError">java.lang.NoClassDefFoundError: com/zixi/drivers/drivers/FFMPEGImageStatisticTestDriver
	at com.zixi.testing.FFMPEGImageStatisticModeTest.testInit(FFMPEGImageStatisticModeTest.java:16)
</failure>
  </testcase>
  <testcase classname="com.zixi.testing.FFMPEGImageStatisticModeTest" name="beforeTes" time="0.464">
    <skipped/>
  </testcase>
  <testcase classname="com.zixi.testing.FFMPEGImageStatisticModeTest" name="broadcasterSingleInputStreamStatisticAnilyzer" time="0">
    <skipped/>
  </testcase>
  <testcase classname="com.zixi.testing.FFMPEGImageStatisticModeTest" name="afterTest" time="0">
    <skipped/>
  </testcase>
  <testcase classname="com.zixi.testing.BroadcasterSinglePullInStreamCreationTest" name="broadcasterPullInCreation" time="0.532"/>
  <testcase classname="com.zixi.testing.BroadcasterSinglePullInStreamCreationTest" name="broadcasterPullInCreation" time="0.537"/>
  <testcase classname="com.zixi.testing.BroadcasterSinglePullInStreamCreationTest" name="broadcasterPullInCreation" time="0.539"/>
  <testcase classname="com.zixi.testing.BroadcasterCreateAddaptiveGroupTest" name="testInit" time="0.596">
    <failure message="com/zixi/drivers/drivers/BroadcasterCreateAddaptiveGroupDriver" type="java.lang.NoClassDefFoundError">java.lang.NoClassDefFoundError: com/zixi/drivers/drivers/BroadcasterCreateAddaptiveGroupDriver
	at com.zixi.testing.BroadcasterCreateAddaptiveGroupTest.testInit(BroadcasterCreateAddaptiveGroupTest.java:14)
Caused by: java.lang.ClassNotFoundException: com.zixi.drivers.drivers.BroadcasterCreateAddaptiveGroupDriver
	at java.net.URLClassLoader$1.run(Unknown Source)
	at java.net.URLClassLoader$1.run(Unknown Source)
	at java.security.AccessController.doPrivileged(Native Method)
	at java.net.URLClassLoader.findClass(Unknown Source)
	at java.lang.ClassLoader.loadClass(Unknown Source)
	at sun.misc.Launcher$AppClassLoader.loadClass(Unknown Source)
	at java.lang.ClassLoader.loadClass(Unknown Source)
	... 31 more
</failure>
  </testcase>
  <testcase classname="com.zixi.testing.BroadcasterCreateAddaptiveGroupTest" name="beforeTes" time="0.597">
    <skipped/>
  </testcase>
  <testcase classname="com.zixi.testing.BroadcasterCreateAddaptiveGroupTest" name="receiverOutputUdpTest" time="0">
    <skipped/>
  </testcase>
  <testcase classname="com.zixi.testing.BroadcasterCreateAddaptiveGroupTest" name="afterTest" time="0">
    <skipped/>
  </testcase>
  <testcase classname="com.zixi.testing.ReceiverPullInputStreamCreationTest" name="testInit" time="0">
    <failure message="com/zixi/drivers/drivers/ReceiverPullInputStreamCreationDriver" type="java.lang.NoClassDefFoundError">java.lang.NoClassDefFoundError: com/zixi/drivers/drivers/ReceiverPullInputStreamCreationDriver
	at com.zixi.testing.ReceiverPullInputStreamCreationTest.testInit(ReceiverPullInputStreamCreationTest.java:14)
Caused by: java.lang.ClassNotFoundException: com.zixi.drivers.drivers.ReceiverPullInputStreamCreationDriver
	at java.net.URLClassLoader$1.run(Unknown Source)
	at java.net.URLClassLoader$1.run(Unknown Source)
	at java.security.AccessController.doPrivileged(Native Method)
	at java.net.URLClassLoader.findClass(Unknown Source)
	at java.lang.ClassLoader.loadClass(Unknown Source)
	at sun.misc.Launcher$AppClassLoader.loadClass(Unknown Source)
	at java.lang.ClassLoader.loadClass(Unknown Source)
	... 31 more
</failure>
  </testcase>
  <testcase classname="com.zixi.testing.ReceiverPullInputStreamCreationTest" name="beforeTes" time="0.001">
    <skipped/>
  </testcase>
  <testcase classname="com.zixi.testing.ReceiverPullInputStreamCreationTest" name="feederOutputToBxTest" time="0">
    <skipped/>
  </testcase>
  <testcase classname="com.zixi.testing.ReceiverPullInputStreamCreationTest" name="afterTest" time="0">
    <skipped/>
  </testcase>
  <testcase classname="com.zixi.testing.ReceiverInputStatisticTest" name="testInit" time="0.001">
    <failure message="com/zixi/drivers/drivers/ReceiverInputStatisticDriver" type="java.lang.NoClassDefFoundError">java.lang.NoClassDefFoundError: com/zixi/drivers/drivers/ReceiverInputStatisticDriver
	at com.zixi.testing.ReceiverInputStatisticTest.testInit(ReceiverInputStatisticTest.java:14)
Caused by: java.lang.ClassNotFoundException: com.zixi.drivers.drivers.ReceiverInputStatisticDriver
	at java.net.URLClassLoader$1.run(Unknown Source)
	at java.net.URLClassLoader$1.run(Unknown Source)
	at java.security.AccessController.doPrivileged(Native Method)
	at java.net.URLClassLoader.findClass(Unknown Source)
	at java.lang.ClassLoader.loadClass(Unknown Source)
	at sun.misc.Launcher$AppClassLoader.loadClass(Unknown Source)
	at java.lang.ClassLoader.loadClass(Unknown Source)
	... 31 more
</failure>
  </testcase>
  <testcase classname="com.zixi.testing.ReceiverInputStatisticTest" name="beforeTes" time="0.002">
    <skipped/>
  </testcase>
  <testcase classname="com.zixi.testing.ReceiverInputStatisticTest" name="receiverInputStatistic" time="0">
    <skipped/>
  </testcase>
  <testcase classname="com.zixi.testing.ReceiverInputStatisticTest" name="afterTest" time="0">
    <skipped/>
  </testcase>
  <testcase classname="com.zixi.testing.ReceiverUdpOutCreationTest" name="testInit" time="0.001">
    <failure message="com/zixi/drivers/drivers/ReceiverUdpOutCreationDriver" type="java.lang.NoClassDefFoundError">java.lang.NoClassDefFoundError: com/zixi/drivers/drivers/ReceiverUdpOutCreationDriver
	at com.zixi.testing.ReceiverUdpOutCreationTest.testInit(ReceiverUdpOutCreationTest.java:13)
Caused by: java.lang.ClassNotFoundException: com.zixi.drivers.drivers.ReceiverUdpOutCreationDriver
	at java.net.URLClassLoader$1.run(Unknown Source)
	at java.net.URLClassLoader$1.run(Unknown Source)
	at java.security.AccessController.doPrivileged(Native Method)
	at java.net.URLClassLoader.findClass(Unknown Source)
	at java.lang.ClassLoader.loadClass(Unknown Source)
	at sun.misc.Launcher$AppClassLoader.loadClass(Unknown Source)
	at java.lang.ClassLoader.loadClass(Unknown Source)
	... 31 more
</failure>
  </testcase>
  <testcase classname="com.zixi.testing.ReceiverUdpOutCreationTest" name="beforeTes" time="0.001">
    <skipped/>
  </testcase>
  <testcase classname="com.zixi.testing.ReceiverUdpOutCreationTest" name="receiverOutputUdpTest" time="0">
    <skipped/>
  </testcase>
  <testcase classname="com.zixi.testing.ReceiverUdpOutCreationTest" name="afterTest" time="0.001">
    <skipped/>
  </testcase>
  <testcase classname="com.zixi.testing.FFMPEGImageStatisticTest" name="testInit" time="0.001">
    <failure message="com/zixi/drivers/drivers/FFMPEGImageStatisticTestDriver" type="java.lang.NoClassDefFoundError">java.lang.NoClassDefFoundError: com/zixi/drivers/drivers/FFMPEGImageStatisticTestDriver
	at com.zixi.testing.FFMPEGImageStatisticTest.testInit(FFMPEGImageStatisticTest.java:15)
</failure>
  </testcase>
  <testcase classname="com.zixi.testing.FFMPEGImageStatisticTest" name="beforeTes" time="0.001">
    <skipped/>
  </testcase>
  <testcase classname="com.zixi.testing.FFMPEGImageStatisticTest" name="broadcasterSingleInputStreamStatisticAnilyzer" time="0">
    <skipped/>
  </testcase>
  <testcase classname="com.zixi.testing.FFMPEGImageStatisticTest" name="afterTest" time="0">
    <skipped/>
  </testcase>
  <testcase classname="com.zixi.testing.ReceiverOutputStreamDeletionTest" name="testInit" time="0.001">
    <failure message="com/zixi/drivers/drivers/ReceiverOutputStreamDeletionDriver" type="java.lang.NoClassDefFoundError">java.lang.NoClassDefFoundError: com/zixi/drivers/drivers/ReceiverOutputStreamDeletionDriver
	at com.zixi.testing.ReceiverOutputStreamDeletionTest.testInit(ReceiverOutputStreamDeletionTest.java:13)
Caused by: java.lang.ClassNotFoundException: com.zixi.drivers.drivers.ReceiverOutputStreamDeletionDriver
	at java.net.URLClassLoader$1.run(Unknown Source)
	at java.net.URLClassLoader$1.run(Unknown Source)
	at java.security.AccessController.doPrivileged(Native Method)
	at java.net.URLClassLoader.findClass(Unknown Source)
	at java.lang.ClassLoader.loadClass(Unknown Source)
	at sun.misc.Launcher$AppClassLoader.loadClass(Unknown Source)
	at java.lang.ClassLoader.loadClass(Unknown Source)
	... 31 more
</failure>
  </testcase>
  <testcase classname="com.zixi.testing.ReceiverOutputStreamDeletionTest" name="beforeTes" time="0.002">
    <skipped/>
  </testcase>
  <testcase classname="com.zixi.testing.ReceiverOutputStreamDeletionTest" name="receiverDeleteOutputStreamTest" time="0">
    <skipped/>
  </testcase>
  <testcase classname="com.zixi.testing.ReceiverOutputStreamDeletionTest" name="afterTest" time="0">
    <skipped/>
  </testcase>
  <testcase classname="com.zixi.testing.ReceiverPullInputStreamDeletionTest" name="testInit" time="0">
    <failure message="com/zixi/drivers/drivers/ReceiverPullInputStreamDeletionDriver" type="java.lang.NoClassDefFoundError">java.lang.NoClassDefFoundError: com/zixi/drivers/drivers/ReceiverPullInputStreamDeletionDriver
	at com.zixi.testing.ReceiverPullInputStreamDeletionTest.testInit(ReceiverPullInputStreamDeletionTest.java:14)
Caused by: java.lang.ClassNotFoundException: com.zixi.drivers.drivers.ReceiverPullInputStreamDeletionDriver
	at java.net.URLClassLoader$1.run(Unknown Source)
	at java.net.URLClassLoader$1.run(Unknown Source)
	at java.security.AccessController.doPrivileged(Native Method)
	at java.net.URLClassLoader.findClass(Unknown Source)
	at java.lang.ClassLoader.loadClass(Unknown Source)
	at sun.misc.Launcher$AppClassLoader.loadClass(Unknown Source)
	at java.lang.ClassLoader.loadClass(Unknown Source)
	... 31 more
</failure>
  </testcase>
  <testcase classname="com.zixi.testing.ReceiverPullInputStreamDeletionTest" name="beforeTes" time="0.001">
    <skipped/>
  </testcase>
  <testcase classname="com.zixi.testing.ReceiverPullInputStreamDeletionTest" name="feederOutputToBxTest" time="0">
    <skipped/>
  </testcase>
  <testcase classname="com.zixi.testing.ReceiverPullInputStreamDeletionTest" name="afterTest" time="0">
    <skipped/>
  </testcase>
  <testcase classname="com.zixi.testing.BroadcasterAdaptiveGroupDeletionTest" name="testInit" time="0.001">
    <failure message="com/zixi/drivers/drivers/BroadcasterAdaptiveGroupDeletionDriver" type="java.lang.NoClassDefFoundError">java.lang.NoClassDefFoundError: com/zixi/drivers/drivers/BroadcasterAdaptiveGroupDeletionDriver
	at com.zixi.testing.BroadcasterAdaptiveGroupDeletionTest.testInit(BroadcasterAdaptiveGroupDeletionTest.java:14)
Caused by: java.lang.ClassNotFoundException: com.zixi.drivers.drivers.BroadcasterAdaptiveGroupDeletionDriver
	at java.net.URLClassLoader$1.run(Unknown Source)
	at java.net.URLClassLoader$1.run(Unknown Source)
	at java.security.AccessController.doPrivileged(Native Method)
	at java.net.URLClassLoader.findClass(Unknown Source)
	at java.lang.ClassLoader.loadClass(Unknown Source)
	at sun.misc.Launcher$AppClassLoader.loadClass(Unknown Source)
	at java.lang.ClassLoader.loadClass(Unknown Source)
	... 31 more
</failure>
  </testcase>
  <testcase classname="com.zixi.testing.BroadcasterAdaptiveGroupDeletionTest" name="beforeTes" time="0.002">
    <skipped/>
  </testcase>
  <testcase classname="com.zixi.testing.BroadcasterAdaptiveGroupDeletionTest" name="receiverOutputUdpTest" time="0">
    <skipped/>
  </testcase>
  <testcase classname="com.zixi.testing.BroadcasterAdaptiveGroupDeletionTest" name="afterTest" time="0">
    <skipped/>
  </testcase>
  <testcase classname="com.zixi.testing.BroadcasterSingleInputStreamDeletionTest" name="testInit" time="0">
    <failure message="com/zixi/drivers/drivers/BroadcasterSingleInputStreamDeletionDriver" type="java.lang.NoClassDefFoundError">java.lang.NoClassDefFoundError: com/zixi/drivers/drivers/BroadcasterSingleInputStreamDeletionDriver
	at com.zixi.testing.BroadcasterSingleInputStreamDeletionTest.testInit(BroadcasterSingleInputStreamDeletionTest.java:14)
</failure>
  </testcase>
  <testcase classname="com.zixi.testing.BroadcasterSingleInputStreamDeletionTest" name="beforeTes" time="0.001">
    <skipped/>
  </testcase>
  <testcase classname="com.zixi.testing.BroadcasterSingleInputStreamDeletionTest" name="broadcasterInputStreamDeletion" time="0">
    <skipped/>
  </testcase>
  <testcase classname="com.zixi.testing.BroadcasterSingleInputStreamDeletionTest" name="afterTest" time="0">
    <skipped/>
  </testcase>
  <testcase classname="com.zixi.testing.BroadcasterSingleInputStreamDeletionTest" name="testInit" time="0">
    <failure message="com/zixi/drivers/drivers/BroadcasterSingleInputStreamDeletionDriver" type="java.lang.NoClassDefFoundError">java.lang.NoClassDefFoundError: com/zixi/drivers/drivers/BroadcasterSingleInputStreamDeletionDriver
	at com.zixi.testing.BroadcasterSingleInputStreamDeletionTest.testInit(BroadcasterSingleInputStreamDeletionTest.java:14)
</failure>
  </testcase>
  <testcase classname="com.zixi.testing.BroadcasterSingleInputStreamDeletionTest" name="beforeTes" time="0.001">
    <skipped/>
  </testcase>
  <testcase classname="com.zixi.testing.BroadcasterSingleInputStreamDeletionTest" name="broadcasterInputStreamDeletion" time="0">
    <skipped/>
  </testcase>
  <testcase classname="com.zixi.testing.BroadcasterSingleInputStreamDeletionTest" name="afterTest" time="0">
    <skipped/>
  </testcase>
  <testcase classname="com.zixi.testing.BroadcasterSingleInputStreamDeletionTest" name="testInit" time="0.001">
    <failure message="com/zixi/drivers/drivers/BroadcasterSingleInputStreamDeletionDriver" type="java.lang.NoClassDefFoundError">java.lang.NoClassDefFoundError: com/zixi/drivers/drivers/BroadcasterSingleInputStreamDeletionDriver
	at com.zixi.testing.BroadcasterSingleInputStreamDeletionTest.testInit(BroadcasterSingleInputStreamDeletionTest.java:14)
</failure>
  </testcase>
  <testcase classname="com.zixi.testing.BroadcasterSingleInputStreamDeletionTest" name="beforeTes" time="0.001">
    <skipped/>
  </testcase>
  <testcase classname="com.zixi.testing.BroadcasterSingleInputStreamDeletionTest" name="broadcasterInputStreamDeletion" time="0">
    <skipped/>
  </testcase>
  <testcase classname="com.zixi.testing.BroadcasterSingleInputStreamDeletionTest" name="afterTest" time="0">
    <skipped/>
  </testcase>
  <testcase classname="com.zixi.testing.BroadcasterSinglePullInStreamCreationTest" name="broadcasterPullInCreation" time="0.246">
    <failure message="expected [Stream &apos;w1&apos; added.] but found [load_live_inputs({&quot;error&quot;:&quot;Stream already exists.&quot;});]" type="java.lang.AssertionError">java.lang.AssertionError: expected [Stream &apos;w1&apos; added.] but found [load_live_inputs({&quot;error&quot;:&quot;Stream already exists.&quot;});]
	at org.testng.Assert.fail(Assert.java:94)
	at org.testng.Assert.failNotEquals(Assert.java:496)
	at org.testng.Assert.assertEquals(Assert.java:125)
	at org.testng.Assert.assertEquals(Assert.java:178)
	at org.testng.Assert.assertEquals(Assert.java:188)
	at com.zixi.testing.BroadcasterSinglePullInStreamCreationTest.broadcasterPullInCreation(BroadcasterSinglePullInStreamCreationTest.java:57)
</failure>
    <system-out>bug -------------&gt;&gt;&gt; JSONObject[&quot;msg&quot;] not found. Request is http://10.7.0.66:4444/zixi/add_stream.json?func=load_live_inputs&amp;type=pull&amp;id=w1&amp;max_outputs=-1&amp;mcast_out=&amp;mcast_force=0&amp;mcast_ip=&amp;mcast_port=&amp;mcast_ttl=&amp;time_shift=0&amp;host0=10.7.0.63&amp;pull-port=&amp;source=test&amp;password=&amp;latency=6000&amp;nic=&amp;fec_overhead=30&amp;fec_latency=300&amp;fec_aware=&amp;fec_adaptive=1&amp;fec_force=&amp;complete=&amp;on=1 
Line Number is 127
Exception type is class org.json.JSONException
</system-out>
  </testcase>
  <testcase classname="com.zixi.testing.BroadcasterSinglePullInStreamCreationTest" name="broadcasterPullInCreation" time="0.291">
    <failure message="expected [Stream &apos;w2&apos; added.] but found [load_live_inputs({&quot;error&quot;:&quot;Stream already exists.&quot;});]" type="java.lang.AssertionError">java.lang.AssertionError: expected [Stream &apos;w2&apos; added.] but found [load_live_inputs({&quot;error&quot;:&quot;Stream already exists.&quot;});]
	at org.testng.Assert.fail(Assert.java:94)
	at org.testng.Assert.failNotEquals(Assert.java:496)
	at org.testng.Assert.assertEquals(Assert.java:125)
	at org.testng.Assert.assertEquals(Assert.java:178)
	at org.testng.Assert.assertEquals(Assert.java:188)
	at com.zixi.testing.BroadcasterSinglePullInStreamCreationTest.broadcasterPullInCreation(BroadcasterSinglePullInStreamCreationTest.java:57)
</failure>
    <system-out>bug -------------&gt;&gt;&gt; JSONObject[&quot;msg&quot;] not found. Request is http://10.7.0.66:4444/zixi/add_stream.json?func=load_live_inputs&amp;type=pull&amp;id=w2&amp;max_outputs=-1&amp;mcast_out=&amp;mcast_force=0&amp;mcast_ip=&amp;mcast_port=&amp;mcast_ttl=&amp;time_shift=0&amp;host0=10.7.0.63&amp;pull-port=&amp;source=test&amp;password=&amp;latency=6000&amp;nic=&amp;fec_overhead=30&amp;fec_latency=300&amp;fec_aware=&amp;fec_adaptive=1&amp;fec_force=&amp;complete=&amp;on=1 
Line Number is 127
Exception type is class org.json.JSONException
</system-out>
  </testcase>
  <testcase classname="com.zixi.testing.BroadcasterSinglePullInStreamCreationTest" name="broadcasterPullInCreation" time="0.273">
    <failure message="expected [Stream &apos;w3&apos; added.] but found [load_live_inputs({&quot;error&quot;:&quot;Stream already exists.&quot;});]" type="java.lang.AssertionError">java.lang.AssertionError: expected [Stream &apos;w3&apos; added.] but found [load_live_inputs({&quot;error&quot;:&quot;Stream already exists.&quot;});]
	at org.testng.Assert.fail(Assert.java:94)
	at org.testng.Assert.failNotEquals(Assert.java:496)
	at org.testng.Assert.assertEquals(Assert.java:125)
	at org.testng.Assert.assertEquals(Assert.java:178)
	at org.testng.Assert.assertEquals(Assert.java:188)
	at com.zixi.testing.BroadcasterSinglePullInStreamCreationTest.broadcasterPullInCreation(BroadcasterSinglePullInStreamCreationTest.java:57)
</failure>
    <system-out>bug -------------&gt;&gt;&gt; JSONObject[&quot;msg&quot;] not found. Request is http://10.7.0.66:4444/zixi/add_stream.json?func=load_live_inputs&amp;type=pull&amp;id=w3&amp;max_outputs=-1&amp;mcast_out=&amp;mcast_force=0&amp;mcast_ip=&amp;mcast_port=&amp;mcast_ttl=&amp;time_shift=0&amp;host0=10.7.0.63&amp;pull-port=&amp;source=test&amp;password=&amp;latency=6000&amp;nic=&amp;fec_overhead=30&amp;fec_latency=300&amp;fec_aware=&amp;fec_adaptive=1&amp;fec_force=&amp;complete=&amp;on=1 
Line Number is 127
Exception type is class org.json.JSONException
</system-out>
  </testcase>
  <testcase classname="com.zixi.testing.BroadcasterCreateAddaptiveGroupTest" name="testInit" time="0.313">
    <failure message="com/zixi/drivers/drivers/BroadcasterCreateAddaptiveGroupDriver" type="java.lang.NoClassDefFoundError">java.lang.NoClassDefFoundError: com/zixi/drivers/drivers/BroadcasterCreateAddaptiveGroupDriver
	at com.zixi.testing.BroadcasterCreateAddaptiveGroupTest.testInit(BroadcasterCreateAddaptiveGroupTest.java:14)
</failure>
    <system-out>bug -------------&gt;&gt;&gt; JSONObject[&quot;msg&quot;] not found. Request is http://10.7.0.66:4444/zixi/add_stream.json?func=load_live_inputs&amp;type=pull&amp;id=w3&amp;max_outputs=-1&amp;mcast_out=&amp;mcast_force=0&amp;mcast_ip=&amp;mcast_port=&amp;mcast_ttl=&amp;time_shift=0&amp;host0=10.7.0.63&amp;pull-port=&amp;source=test&amp;password=&amp;latency=6000&amp;nic=&amp;fec_overhead=30&amp;fec_latency=300&amp;fec_aware=&amp;fec_adaptive=1&amp;fec_force=&amp;complete=&amp;on=1 
Line Number is 127
Exception type is class org.json.JSONException
</system-out>
  </testcase>
  <testcase classname="com.zixi.testing.BroadcasterCreateAddaptiveGroupTest" name="beforeTes" time="0.315">
    <skipped/>
  </testcase>
  <testcase classname="com.zixi.testing.BroadcasterCreateAddaptiveGroupTest" name="receiverOutputUdpTest" time="0">
    <skipped/>
  </testcase>
  <testcase classname="com.zixi.testing.BroadcasterCreateAddaptiveGroupTest" name="afterTest" time="0">
    <skipped/>
  </testcase>
  <testcase classname="com.zixi.testing.FFMPEGImageStatisticModeTest" name="testInit" time="0">
    <failure message="com/zixi/drivers/drivers/FFMPEGImageStatisticTestDriver" type="java.lang.NoClassDefFoundError">java.lang.NoClassDefFoundError: com/zixi/drivers/drivers/FFMPEGImageStatisticTestDriver
	at com.zixi.testing.FFMPEGImageStatisticModeTest.testInit(FFMPEGImageStatisticModeTest.java:16)
</failure>
  </testcase>
  <testcase classname="com.zixi.testing.FFMPEGImageStatisticModeTest" name="beforeTes" time="0.001">
    <skipped/>
  </testcase>
  <testcase classname="com.zixi.testing.FFMPEGImageStatisticModeTest" name="broadcasterSingleInputStreamStatisticAnilyzer" time="0.001">
    <skipped/>
  </testcase>
  <testcase classname="com.zixi.testing.FFMPEGImageStatisticModeTest" name="afterTest" time="0.001">
    <skipped/>
  </testcase>
  <testcase classname="com.zixi.testing.BroadcasterAdaptiveGroupDeletionTest" name="testInit" time="0.001">
    <failure message="com/zixi/drivers/drivers/BroadcasterAdaptiveGroupDeletionDriver" type="java.lang.NoClassDefFoundError">java.lang.NoClassDefFoundError: com/zixi/drivers/drivers/BroadcasterAdaptiveGroupDeletionDriver
	at com.zixi.testing.BroadcasterAdaptiveGroupDeletionTest.testInit(BroadcasterAdaptiveGroupDeletionTest.java:14)
</failure>
  </testcase>
  <testcase classname="com.zixi.testing.BroadcasterAdaptiveGroupDeletionTest" name="beforeTes" time="0.002">
    <skipped/>
  </testcase>
  <testcase classname="com.zixi.testing.BroadcasterAdaptiveGroupDeletionTest" name="receiverOutputUdpTest" time="0">
    <skipped/>
  </testcase>
  <testcase classname="com.zixi.testing.BroadcasterAdaptiveGroupDeletionTest" name="afterTest" time="0">
    <skipped/>
  </testcase>
  <testcase classname="com.zixi.testing.BroadcasterSingleInputStreamDeletionTest" name="testInit" time="0.001">
    <failure message="com/zixi/drivers/drivers/BroadcasterSingleInputStreamDeletionDriver" type="java.lang.NoClassDefFoundError">java.lang.NoClassDefFoundError: com/zixi/drivers/drivers/BroadcasterSingleInputStreamDeletionDriver
	at com.zixi.testing.BroadcasterSingleInputStreamDeletionTest.testInit(BroadcasterSingleInputStreamDeletionTest.java:14)
</failure>
  </testcase>
  <testcase classname="com.zixi.testing.BroadcasterSingleInputStreamDeletionTest" name="beforeTes" time="0.002">
    <skipped/>
  </testcase>
  <testcase classname="com.zixi.testing.BroadcasterSingleInputStreamDeletionTest" name="broadcasterInputStreamDeletion" time="0">
    <skipped/>
  </testcase>
  <testcase classname="com.zixi.testing.BroadcasterSingleInputStreamDeletionTest" name="afterTest" time="0">
    <skipped/>
  </testcase>
  <testcase classname="com.zixi.testing.BroadcasterSingleInputStreamDeletionTest" name="testInit" time="0.001">
    <failure message="com/zixi/drivers/drivers/BroadcasterSingleInputStreamDeletionDriver" type="java.lang.NoClassDefFoundError">java.lang.NoClassDefFoundError: com/zixi/drivers/drivers/BroadcasterSingleInputStreamDeletionDriver
	at com.zixi.testing.BroadcasterSingleInputStreamDeletionTest.testInit(BroadcasterSingleInputStreamDeletionTest.java:14)
</failure>
  </testcase>
  <testcase classname="com.zixi.testing.BroadcasterSingleInputStreamDeletionTest" name="beforeTes" time="0.002">
    <skipped/>
  </testcase>
  <testcase classname="com.zixi.testing.BroadcasterSingleInputStreamDeletionTest" name="broadcasterInputStreamDeletion" time="0">
    <skipped/>
  </testcase>
  <testcase classname="com.zixi.testing.BroadcasterSingleInputStreamDeletionTest" name="afterTest" time="0">
    <skipped/>
  </testcase>
  <testcase classname="com.zixi.testing.BroadcasterSingleInputStreamDeletionTest" name="testInit" time="0">
    <failure message="com/zixi/drivers/drivers/BroadcasterSingleInputStreamDeletionDriver" type="java.lang.NoClassDefFoundError">java.lang.NoClassDefFoundError: com/zixi/drivers/drivers/BroadcasterSingleInputStreamDeletionDriver
	at com.zixi.testing.BroadcasterSingleInputStreamDeletionTest.testInit(BroadcasterSingleInputStreamDeletionTest.java:14)
</failure>
  </testcase>
  <testcase classname="com.zixi.testing.BroadcasterSingleInputStreamDeletionTest" name="beforeTes" time="0.001">
    <skipped/>
  </testcase>
  <testcase classname="com.zixi.testing.BroadcasterSingleInputStreamDeletionTest" name="broadcasterInputStreamDeletion" time="0">
    <skipped/>
  </testcase>
  <testcase classname="com.zixi.testing.BroadcasterSingleInputStreamDeletionTest" name="afterTest" time="0.001">
    <skipped/>
  </testcase>
  <testcase classname="com.zixi.testing.FeederOutputPushToBxTest" name="testInit" time="0.001">
    <failure message="com/zixi/drivers/drivers/FeederOutputPushToBxDriver" type="java.lang.NoClassDefFoundError">java.lang.NoClassDefFoundError: com/zixi/drivers/drivers/FeederOutputPushToBxDriver
	at com.zixi.testing.FeederOutputPushToBxTest.testInit(FeederOutputPushToBxTest.java:14)
Caused by: java.lang.ClassNotFoundException: com.zixi.drivers.drivers.FeederOutputPushToBxDriver
	at java.net.URLClassLoader$1.run(Unknown Source)
	at java.net.URLClassLoader$1.run(Unknown Source)
	at java.security.AccessController.doPrivileged(Native Method)
	at java.net.URLClassLoader.findClass(Unknown Source)
	at java.lang.ClassLoader.loadClass(Unknown Source)
	at sun.misc.Launcher$AppClassLoader.loadClass(Unknown Source)
	at java.lang.ClassLoader.loadClass(Unknown Source)
	... 31 more
</failure>
  </testcase>
  <testcase classname="com.zixi.testing.FeederOutputPushToBxTest" name="beforeTes" time="0.003">
    <skipped/>
  </testcase>
  <testcase classname="com.zixi.testing.FeederOutputPushToBxTest" name="feederOutputToBxTest" time="0">
    <skipped/>
  </testcase>
  <testcase classname="com.zixi.testing.FeederOutputPushToBxTest" name="afterTest" time="0">
    <skipped/>
  </testcase>
  <testcase classname="com.zixi.testing.BroadcasterPushInStreamCreationTest" name="testInit" time="0.001">
    <failure message="com/zixi/drivers/drivers/BroadcasterPushInStreamCreationDriver" type="java.lang.NoClassDefFoundError">java.lang.NoClassDefFoundError: com/zixi/drivers/drivers/BroadcasterPushInStreamCreationDriver
	at com.zixi.testing.BroadcasterPushInStreamCreationTest.testInit(BroadcasterPushInStreamCreationTest.java:13)
Caused by: java.lang.ClassNotFoundException: com.zixi.drivers.drivers.BroadcasterPushInStreamCreationDriver
	at java.net.URLClassLoader$1.run(Unknown Source)
	at java.net.URLClassLoader$1.run(Unknown Source)
	at java.security.AccessController.doPrivileged(Native Method)
	at java.net.URLClassLoader.findClass(Unknown Source)
	at java.lang.ClassLoader.loadClass(Unknown Source)
	at sun.misc.Launcher$AppClassLoader.loadClass(Unknown Source)
	at java.lang.ClassLoader.loadClass(Unknown Source)
	... 31 more
</failure>
  </testcase>
  <testcase classname="com.zixi.testing.BroadcasterPushInStreamCreationTest" name="beforeTes" time="0.002">
    <skipped/>
  </testcase>
  <testcase classname="com.zixi.testing.BroadcasterPushInStreamCreationTest" name="broadcasterSingleStreamRemoving" time="0">
    <skipped/>
  </testcase>
  <testcase classname="com.zixi.testing.BroadcasterPushInStreamCreationTest" name="afterTest" time="0.001">
    <skipped/>
  </testcase>
  <testcase classname="com.zixi.testing.BroadcasterInputStatisticSingleStreamTest" name="broadcasterSingleInputStreamStatisticAnilyzer" time="10.748">
    <failure message="JSONObject[&quot;net&quot;] not found." type="org.json.JSONException">org.json.JSONException: JSONObject[&quot;net&quot;] not found.
	at org.json.JSONObject.get(JSONObject.java:476)
	at org.json.JSONObject.getJSONObject(JSONObject.java:576)
	at com.zixi.tools.StreamStatisticAnalyzer.getStatBitrate(StreamStatisticAnalyzer.java:11)
	at com.zixi.drivers.drivers.BroadcasterInputStatisticSingleStreamDriver.testStatistic(BroadcasterInputStatisticSingleStreamDriver.java:61)
	at com.zixi.testing.BroadcasterInputStatisticSingleStreamTest.broadcasterSingleInputStreamStatisticAnilyzer(BroadcasterInputStatisticSingleStreamTest.java:33)
</failure>
  </testcase>
  <testcase classname="com.zixi.testing.FFMPEGImageStatisticModeTest" name="testInit" time="10.787">
    <failure message="com/zixi/drivers/drivers/FFMPEGImageStatisticTestDriver" type="java.lang.NoClassDefFoundError">java.lang.NoClassDefFoundError: com/zixi/drivers/drivers/FFMPEGImageStatisticTestDriver
	at com.zixi.testing.FFMPEGImageStatisticModeTest.testInit(FFMPEGImageStatisticModeTest.java:16)
</failure>
  </testcase>
  <testcase classname="com.zixi.testing.FFMPEGImageStatisticModeTest" name="beforeTes" time="10.789">
    <skipped/>
  </testcase>
  <testcase classname="com.zixi.testing.FFMPEGImageStatisticModeTest" name="broadcasterSingleInputStreamStatisticAnilyzer" time="0">
    <skipped/>
  </testcase>
  <testcase classname="com.zixi.testing.FFMPEGImageStatisticModeTest" name="afterTest" time="0">
    <skipped/>
  </testcase>
  <testcase classname="com.zixi.testing.FeederOutputDeletioinTest" name="testInit" time="0.001">
    <failure message="com/zixi/drivers/drivers/FeederOutputDeletionDriver" type="java.lang.NoClassDefFoundError">java.lang.NoClassDefFoundError: com/zixi/drivers/drivers/FeederOutputDeletionDriver
	at com.zixi.testing.FeederOutputDeletioinTest.testInit(FeederOutputDeletioinTest.java:13)
Caused by: java.lang.ClassNotFoundException: com.zixi.drivers.drivers.FeederOutputDeletionDriver
	at java.net.URLClassLoader$1.run(Unknown Source)
	at java.net.URLClassLoader$1.run(Unknown Source)
	at java.security.AccessController.doPrivileged(Native Method)
	at java.net.URLClassLoader.findClass(Unknown Source)
	at java.lang.ClassLoader.loadClass(Unknown Source)
	at sun.misc.Launcher$AppClassLoader.loadClass(Unknown Source)
	at java.lang.ClassLoader.loadClass(Unknown Source)
	... 31 more
</failure>
  </testcase>
  <testcase classname="com.zixi.testing.FeederOutputDeletioinTest" name="beforeTes" time="0.002">
    <skipped/>
  </testcase>
  <testcase classname="com.zixi.testing.FeederOutputDeletioinTest" name="broadcasterSingleStreamRemoving" time="0">
    <skipped/>
  </testcase>
  <testcase classname="com.zixi.testing.FeederOutputDeletioinTest" name="afterTest" time="0.001">
    <skipped/>
  </testcase>
  <testcase classname="com.zixi.testing.BroadcasterSingleInputStreamDeletionTest" name="testInit" time="0.001">
    <failure message="com/zixi/drivers/drivers/BroadcasterSingleInputStreamDeletionDriver" type="java.lang.NoClassDefFoundError">java.lang.NoClassDefFoundError: com/zixi/drivers/drivers/BroadcasterSingleInputStreamDeletionDriver
	at com.zixi.testing.BroadcasterSingleInputStreamDeletionTest.testInit(BroadcasterSingleInputStreamDeletionTest.java:14)
</failure>
  </testcase>
  <testcase classname="com.zixi.testing.BroadcasterSingleInputStreamDeletionTest" name="beforeTes" time="0.002">
    <skipped/>
  </testcase>
  <testcase classname="com.zixi.testing.BroadcasterSingleInputStreamDeletionTest" name="broadcasterInputStreamDeletion" time="0">
    <skipped/>
  </testcase>
  <testcase classname="com.zixi.testing.BroadcasterSingleInputStreamDeletionTest" name="afterTest" time="0">
    <skipped/>
  </testcase>
  <testcase classname="com.zixi.testing.BroadcasterSinglePullInStreamCreationTest" name="broadcasterPullInCreation" time="0.285">
    <failure message="expected [Stream &apos;test&apos; added.] but found [load_live_inputs({&quot;error&quot;:&quot;Stream already exists.&quot;});]" type="java.lang.AssertionError">java.lang.AssertionError: expected [Stream &apos;test&apos; added.] but found [load_live_inputs({&quot;error&quot;:&quot;Stream already exists.&quot;});]
	at org.testng.Assert.fail(Assert.java:94)
	at org.testng.Assert.failNotEquals(Assert.java:496)
	at org.testng.Assert.assertEquals(Assert.java:125)
	at org.testng.Assert.assertEquals(Assert.java:178)
	at org.testng.Assert.assertEquals(Assert.java:188)
	at com.zixi.testing.BroadcasterSinglePullInStreamCreationTest.broadcasterPullInCreation(BroadcasterSinglePullInStreamCreationTest.java:57)
</failure>
    <system-out>bug -------------&gt;&gt;&gt; JSONObject[&quot;msg&quot;] not found. Request is http://10.7.0.66:4444/zixi/add_stream.json?func=load_live_inputs&amp;type=pull&amp;id=test&amp;max_outputs=-1&amp;mcast_out=&amp;mcast_force=0&amp;mcast_ip=&amp;mcast_port=&amp;mcast_ttl=&amp;time_shift=0&amp;host0=10.7.0.63&amp;pull-port=2088&amp;source=test&amp;password=&amp;latency=6000&amp;nic=0.0.0.0&amp;fec_overhead=30&amp;fec_latency=300&amp;fec_aware=&amp;fec_adaptive=1&amp;fec_force=&amp;complete=&amp;on=1 
Line Number is 127
Exception type is class org.json.JSONException
</system-out>
  </testcase>
  <testcase classname="com.zixi.testing.BroadcasterInputStatisticSingleStreamTest" name="broadcasterSingleInputStreamStatisticAnilyzer" time="70.643"/>
  <testcase classname="com.zixi.testing.BroadcasterSingleInputStreamDeletionTest" name="testInit" time="70.705">
    <failure message="com/zixi/drivers/drivers/BroadcasterSingleInputStreamDeletionDriver" type="java.lang.NoClassDefFoundError">java.lang.NoClassDefFoundError: com/zixi/drivers/drivers/BroadcasterSingleInputStreamDeletionDriver
	at com.zixi.testing.BroadcasterSingleInputStreamDeletionTest.testInit(BroadcasterSingleInputStreamDeletionTest.java:14)
</failure>
  </testcase>
  <testcase classname="com.zixi.testing.BroadcasterSingleInputStreamDeletionTest" name="beforeTes" time="70.705">
    <skipped/>
  </testcase>
  <testcase classname="com.zixi.testing.BroadcasterSingleInputStreamDeletionTest" name="broadcasterInputStreamDeletion" time="0">
    <skipped/>
  </testcase>
  <testcase classname="com.zixi.testing.BroadcasterSingleInputStreamDeletionTest" name="afterTest" time="0">
    <skipped/>
  </testcase>
  <testcase classname="com.zixi.testing.BroadcasterSinglePullInStreamCreationTest" name="broadcasterPullInCreation" time="0.512"/>
  <testcase classname="com.zixi.testing.BroadcasterInputStatisticSingleStreamTest" name="broadcasterSingleInputStreamStatisticAnilyzer" time="70.624"/>
  <testcase classname="com.zixi.testing.BroadcasterSingleInputStreamDeletionTest" name="testInit" time="70.688">
    <failure message="com/zixi/drivers/drivers/BroadcasterSingleInputStreamDeletionDriver" type="java.lang.NoClassDefFoundError">java.lang.NoClassDefFoundError: com/zixi/drivers/drivers/BroadcasterSingleInputStreamDeletionDriver
	at com.zixi.testing.BroadcasterSingleInputStreamDeletionTest.testInit(BroadcasterSingleInputStreamDeletionTest.java:14)
</failure>
  </testcase>
  <testcase classname="com.zixi.testing.BroadcasterSingleInputStreamDeletionTest" name="beforeTes" time="70.69">
    <skipped/>
  </testcase>
  <testcase classname="com.zixi.testing.BroadcasterSingleInputStreamDeletionTest" name="broadcasterInputStreamDeletion" time="0">
    <skipped/>
  </testcase>
  <testcase classname="com.zixi.testing.BroadcasterSingleInputStreamDeletionTest" name="afterTest" time="0.001">
    <skipped/>
  </testcase>
  <testcase classname="com.zixi.testing.BroadcasterSinglePullInStreamCreationTest" name="broadcasterPullInCreation" time="0.28">
    <failure message="expected [Stream &apos;test2&apos; added.] but found [load_live_inputs({&quot;error&quot;:&quot;Stream already exists.&quot;});]" type="java.lang.AssertionError">java.lang.AssertionError: expected [Stream &apos;test2&apos; added.] but found [load_live_inputs({&quot;error&quot;:&quot;Stream already exists.&quot;});]
	at org.testng.Assert.fail(Assert.java:94)
	at org.testng.Assert.failNotEquals(Assert.java:496)
	at org.testng.Assert.assertEquals(Assert.java:125)
	at org.testng.Assert.assertEquals(Assert.java:178)
	at org.testng.Assert.assertEquals(Assert.java:188)
	at com.zixi.testing.BroadcasterSinglePullInStreamCreationTest.broadcasterPullInCreation(BroadcasterSinglePullInStreamCreationTest.java:57)
</failure>
    <system-out>bug -------------&gt;&gt;&gt; JSONObject[&quot;msg&quot;] not found. Request is http://10.7.0.66:4444/zixi/add_stream.json?func=load_live_inputs&amp;type=pull&amp;id=test2&amp;max_outputs=-1&amp;mcast_out=&amp;mcast_force=0&amp;mcast_ip=&amp;mcast_port=&amp;mcast_ttl=&amp;time_shift=0&amp;host0=10.7.0.63&amp;pull-port=&amp;source=test2&amp;password=&amp;latency=300&amp;nic=0.0.0.0&amp;fec_overhead=30&amp;fec_latency=300&amp;fec_aware=&amp;fec_adaptive=1&amp;fec_force=&amp;complete=&amp;on=1 
Line Number is 127
Exception type is class org.json.JSONException
</system-out>
  </testcase>
  <testcase classname="com.zixi.testing.BroadcasterInputStatisticSingleStreamTest" name="broadcasterSingleInputStreamStatisticAnilyzer" time="32.805">
    <failure message="JSONObject[&quot;net&quot;] not found." type="org.json.JSONException">org.json.JSONException: JSONObject[&quot;net&quot;] not found.
	at org.json.JSONObject.get(JSONObject.java:476)
	at org.json.JSONObject.getJSONObject(JSONObject.java:576)
	at com.zixi.tools.StreamStatisticAnalyzer.getStatBitrate(StreamStatisticAnalyzer.java:11)
	at com.zixi.drivers.drivers.BroadcasterInputStatisticSingleStreamDriver.testStatistic(BroadcasterInputStatisticSingleStreamDriver.java:61)
	at com.zixi.testing.BroadcasterInputStatisticSingleStreamTest.broadcasterSingleInputStreamStatisticAnilyzer(BroadcasterInputStatisticSingleStreamTest.java:33)
</failure>
  </testcase>
  <testcase classname="com.zixi.testing.BroadcasterSingleInputStreamDeletionTest" name="testInit" time="32.85">
    <failure message="com/zixi/drivers/drivers/BroadcasterSingleInputStreamDeletionDriver" type="java.lang.NoClassDefFoundError">java.lang.NoClassDefFoundError: com/zixi/drivers/drivers/BroadcasterSingleInputStreamDeletionDriver
	at com.zixi.testing.BroadcasterSingleInputStreamDeletionTest.testInit(BroadcasterSingleInputStreamDeletionTest.java:14)
</failure>
  </testcase>
  <testcase classname="com.zixi.testing.BroadcasterSingleInputStreamDeletionTest" name="beforeTes" time="32.852">
    <skipped/>
  </testcase>
  <testcase classname="com.zixi.testing.BroadcasterSingleInputStreamDeletionTest" name="broadcasterInputStreamDeletion" time="0">
    <skipped/>
  </testcase>
  <testcase classname="com.zixi.testing.BroadcasterSingleInputStreamDeletionTest" name="afterTest" time="0">
    <skipped/>
  </testcase>
  <testcase classname="com.zixi.testing.BroadcasterSinglePullInStreamCreationTest" name="broadcasterPullInCreation" time="0.522"/>
  <testcase classname="com.zixi.testing.BroadcasterInputStatisticSingleStreamTest" name="broadcasterSingleInputStreamStatisticAnilyzer" time="15.765">
    <failure message="JSONObject[&quot;net&quot;] not found." type="org.json.JSONException">org.json.JSONException: JSONObject[&quot;net&quot;] not found.
	at org.json.JSONObject.get(JSONObject.java:476)
	at org.json.JSONObject.getJSONObject(JSONObject.java:576)
	at com.zixi.tools.StreamStatisticAnalyzer.getStatBitrate(StreamStatisticAnalyzer.java:11)
	at com.zixi.drivers.drivers.BroadcasterInputStatisticSingleStreamDriver.testStatistic(BroadcasterInputStatisticSingleStreamDriver.java:61)
	at com.zixi.testing.BroadcasterInputStatisticSingleStreamTest.broadcasterSingleInputStreamStatisticAnilyzer(BroadcasterInputStatisticSingleStreamTest.java:33)
</failure>
  </testcase>
  <testcase classname="com.zixi.testing.BroadcasterSingleInputStreamDeletionTest" name="testInit" time="15.867">
    <failure message="com/zixi/drivers/drivers/BroadcasterSingleInputStreamDeletionDriver" type="java.lang.NoClassDefFoundError">java.lang.NoClassDefFoundError: com/zixi/drivers/drivers/BroadcasterSingleInputStreamDeletionDriver
	at com.zixi.testing.BroadcasterSingleInputStreamDeletionTest.testInit(BroadcasterSingleInputStreamDeletionTest.java:14)
</failure>
  </testcase>
  <testcase classname="com.zixi.testing.BroadcasterSingleInputStreamDeletionTest" name="beforeTes" time="15.868">
    <skipped/>
  </testcase>
  <testcase classname="com.zixi.testing.BroadcasterSingleInputStreamDeletionTest" name="broadcasterInputStreamDeletion" time="0">
    <skipped/>
  </testcase>
  <testcase classname="com.zixi.testing.BroadcasterSingleInputStreamDeletionTest" name="afterTest" time="0">
    <skipped/>
  </testcase>
  <testcase classname="com.zixi.load.testing.BroadcasterMultipePullCreationTest" name="testInit" time="0.001">
    <failure message="com/zixi/load/drivers/BroadcasterMultipleCreationDriver" type="java.lang.NoClassDefFoundError">java.lang.NoClassDefFoundError: com/zixi/load/drivers/BroadcasterMultipleCreationDriver
	at com.zixi.load.testing.BroadcasterMultipePullCreationTest.testInit(BroadcasterMultipePullCreationTest.java:17)
Caused by: java.lang.ClassNotFoundException: com.zixi.load.drivers.BroadcasterMultipleCreationDriver
	at java.net.URLClassLoader$1.run(Unknown Source)
	at java.net.URLClassLoader$1.run(Unknown Source)
	at java.security.AccessController.doPrivileged(Native Method)
	at java.net.URLClassLoader.findClass(Unknown Source)
	at java.lang.ClassLoader.loadClass(Unknown Source)
	at sun.misc.Launcher$AppClassLoader.loadClass(Unknown Source)
	at java.lang.ClassLoader.loadClass(Unknown Source)
	... 31 more
</failure>
  </testcase>
  <testcase classname="com.zixi.load.testing.BroadcasterMultipePullCreationTest" name="beforeTes" time="0.002">
    <skipped/>
  </testcase>
  <testcase classname="com.zixi.load.testing.BroadcasterMultipePullCreationTest" name="broadcasterMultiplePullInCreation" time="0">
    <skipped/>
  </testcase>
  <testcase classname="com.zixi.load.testing.BroadcasterMultipePullCreationTest" name="afterTest" time="0">
    <skipped/>
  </testcase>
  <testcase classname="com.zixi.testing.BroadcasterUDPOutputStreamCreationTest" name="broadcasterPullInCreation" time="0.485"/>
  <testcase classname="com.zixi.load.testing.BroadcasterRundomInputStreamTest" name="testInit" time="0.521">
    <failure message="com/zixi/load/drivers/BroadcasterRundomInputStreamDriver" type="java.lang.NoClassDefFoundError">java.lang.NoClassDefFoundError: com/zixi/load/drivers/BroadcasterRundomInputStreamDriver
	at com.zixi.load.testing.BroadcasterRundomInputStreamTest.testInit(BroadcasterRundomInputStreamTest.java:18)
Caused by: java.lang.ClassNotFoundException: com.zixi.load.drivers.BroadcasterRundomInputStreamDriver
	at java.net.URLClassLoader$1.run(Unknown Source)
	at java.net.URLClassLoader$1.run(Unknown Source)
	at java.security.AccessController.doPrivileged(Native Method)
	at java.net.URLClassLoader.findClass(Unknown Source)
	at java.lang.ClassLoader.loadClass(Unknown Source)
	at sun.misc.Launcher$AppClassLoader.loadClass(Unknown Source)
	at java.lang.ClassLoader.loadClass(Unknown Source)
	... 31 more
</failure>
  </testcase>
  <testcase classname="com.zixi.load.testing.BroadcasterRundomInputStreamTest" name="beforeTes" time="0.522">
    <skipped/>
  </testcase>
  <testcase classname="com.zixi.load.testing.BroadcasterRundomInputStreamTest" name="broadcasterSwitchUdpOut" time="0.001">
    <skipped/>
  </testcase>
  <testcase classname="com.zixi.load.testing.BroadcasterRundomInputStreamTest" name="afterTest" time="0.001">
    <skipped/>
  </testcase>
  <testcase classname="com.zixi.testing.BroadcaserSingleOutputStreamDeletionTest" name="broadcasterSingleStreamRemoving" time="0.475"/>
  <testcase classname="com.zixi.load.testing.BroadcaserAllInputStreamDeletorTest" name="testInit" time="0.51">
    <failure message="com/zixi/drivers/drivers/BroadcaserAllInputStreamDeletorDriver" type="java.lang.NoClassDefFoundError">java.lang.NoClassDefFoundError: com/zixi/drivers/drivers/BroadcaserAllInputStreamDeletorDriver
	at com.zixi.load.testing.BroadcaserAllInputStreamDeletorTest.testInit(BroadcaserAllInputStreamDeletorTest.java:15)
Caused by: java.lang.ClassNotFoundException: com.zixi.drivers.drivers.BroadcaserAllInputStreamDeletorDriver
	at java.net.URLClassLoader$1.run(Unknown Source)
	at java.net.URLClassLoader$1.run(Unknown Source)
	at java.security.AccessController.doPrivileged(Native Method)
	at java.net.URLClassLoader.findClass(Unknown Source)
	at java.lang.ClassLoader.loadClass(Unknown Source)
	at sun.misc.Launcher$AppClassLoader.loadClass(Unknown Source)
	at java.lang.ClassLoader.loadClass(Unknown Source)
	... 31 more
</failure>
  </testcase>
  <testcase classname="com.zixi.load.testing.BroadcaserAllInputStreamDeletorTest" name="beforeTes" time="0.511">
    <skipped/>
  </testcase>
  <testcase classname="com.zixi.load.testing.BroadcaserAllInputStreamDeletorTest" name="broadcasterDeleteAllInputs" time="0">
    <skipped/>
  </testcase>
  <testcase classname="com.zixi.load.testing.BroadcaserAllInputStreamDeletorTest" name="afterTest" time="0">
    <skipped/>
  </testcase>
  <testcase classname="com.zixi.load.testing.BroadcasterMultipePullCreationTest" name="testInit" time="0">
    <failure message="com/zixi/load/drivers/BroadcasterMultipleCreationDriver" type="java.lang.NoClassDefFoundError">java.lang.NoClassDefFoundError: com/zixi/load/drivers/BroadcasterMultipleCreationDriver
	at com.zixi.load.testing.BroadcasterMultipePullCreationTest.testInit(BroadcasterMultipePullCreationTest.java:17)
</failure>
  </testcase>
  <testcase classname="com.zixi.load.testing.BroadcasterMultipePullCreationTest" name="beforeTes" time="0.001">
    <skipped/>
  </testcase>
  <testcase classname="com.zixi.load.testing.BroadcasterMultipePullCreationTest" name="broadcasterMultiplePullInCreation" time="0">
    <skipped/>
  </testcase>
  <testcase classname="com.zixi.load.testing.BroadcasterMultipePullCreationTest" name="afterTest" time="0">
    <skipped/>
  </testcase>
  <testcase classname="com.zixi.testing.BroadcasterUDPOutputStreamCreationTest" name="broadcasterPullInCreation" time="0.488"/>
  <testcase classname="com.zixi.load.testing.BroadcasterRundomInputStreamTest" name="testInit" time="0.525">
    <failure message="com/zixi/load/drivers/BroadcasterRundomInputStreamDriver" type="java.lang.NoClassDefFoundError">java.lang.NoClassDefFoundError: com/zixi/load/drivers/BroadcasterRundomInputStreamDriver
	at com.zixi.load.testing.BroadcasterRundomInputStreamTest.testInit(BroadcasterRundomInputStreamTest.java:18)
</failure>
  </testcase>
  <testcase classname="com.zixi.load.testing.BroadcasterRundomInputStreamTest" name="beforeTes" time="0.527">
    <skipped/>
  </testcase>
  <testcase classname="com.zixi.load.testing.BroadcasterRundomInputStreamTest" name="broadcasterSwitchUdpOut" time="0">
    <skipped/>
  </testcase>
  <testcase classname="com.zixi.load.testing.BroadcasterRundomInputStreamTest" name="afterTest" time="0">
    <skipped/>
  </testcase>
  <testcase classname="com.zixi.testing.BroadcaserSingleOutputStreamDeletionTest" name="broadcasterSingleStreamRemoving" time="0.558"/>
  <testcase classname="com.zixi.load.testing.BroadcaserAllInputStreamDeletorTest" name="testInit" time="0.593">
    <failure message="com/zixi/drivers/drivers/BroadcaserAllInputStreamDeletorDriver" type="java.lang.NoClassDefFoundError">java.lang.NoClassDefFoundError: com/zixi/drivers/drivers/BroadcaserAllInputStreamDeletorDriver
	at com.zixi.load.testing.BroadcaserAllInputStreamDeletorTest.testInit(BroadcaserAllInputStreamDeletorTest.java:15)
</failure>
  </testcase>
  <testcase classname="com.zixi.load.testing.BroadcaserAllInputStreamDeletorTest" name="beforeTes" time="0.594">
    <skipped/>
  </testcase>
  <testcase classname="com.zixi.load.testing.BroadcaserAllInputStreamDeletorTest" name="broadcasterDeleteAllInputs" time="0">
    <skipped/>
  </testcase>
  <testcase classname="com.zixi.load.testing.BroadcaserAllInputStreamDeletorTest" name="afterTest" time="0">
    <skipped/>
  </testcase>
  <testcase classname="com.zixi.testing.FeederOutputPushToBxTest" name="testInit" time="0">
    <failure message="com/zixi/drivers/drivers/FeederOutputPushToBxDriver" type="java.lang.NoClassDefFoundError">java.lang.NoClassDefFoundError: com/zixi/drivers/drivers/FeederOutputPushToBxDriver
	at com.zixi.testing.FeederOutputPushToBxTest.testInit(FeederOutputPushToBxTest.java:14)
</failure>
  </testcase>
  <testcase classname="com.zixi.testing.FeederOutputPushToBxTest" name="beforeTes" time="0.001">
    <skipped/>
  </testcase>
  <testcase classname="com.zixi.testing.FeederOutputPushToBxTest" name="feederOutputToBxTest" time="0">
    <skipped/>
  </testcase>
  <testcase classname="com.zixi.testing.FeederOutputPushToBxTest" name="afterTest" time="0">
    <skipped/>
  </testcase>
  <testcase classname="com.zixi.testing.BroadcasterPushInStreamCreationTest" name="testInit" time="0">
    <failure message="com/zixi/drivers/drivers/BroadcasterPushInStreamCreationDriver" type="java.lang.NoClassDefFoundError">java.lang.NoClassDefFoundError: com/zixi/drivers/drivers/BroadcasterPushInStreamCreationDriver
	at com.zixi.testing.BroadcasterPushInStreamCreationTest.testInit(BroadcasterPushInStreamCreationTest.java:13)
</failure>
  </testcase>
  <testcase classname="com.zixi.testing.BroadcasterPushInStreamCreationTest" name="beforeTes" time="0.001">
    <skipped/>
  </testcase>
  <testcase classname="com.zixi.testing.BroadcasterPushInStreamCreationTest" name="broadcasterSingleStreamRemoving" time="0">
    <skipped/>
  </testcase>
  <testcase classname="com.zixi.testing.BroadcasterPushInStreamCreationTest" name="afterTest" time="0">
    <skipped/>
  </testcase>
  <testcase classname="com.zixi.testing.BroadcasterInputStatisticSingleStreamTest" name="broadcasterSingleInputStreamStatisticAnilyzer" time="10.724">
    <failure message="JSONObject[&quot;net&quot;] not found." type="org.json.JSONException">org.json.JSONException: JSONObject[&quot;net&quot;] not found.
	at org.json.JSONObject.get(JSONObject.java:476)
	at org.json.JSONObject.getJSONObject(JSONObject.java:576)
	at com.zixi.tools.StreamStatisticAnalyzer.getStatBitrate(StreamStatisticAnalyzer.java:11)
	at com.zixi.drivers.drivers.BroadcasterInputStatisticSingleStreamDriver.testStatistic(BroadcasterInputStatisticSingleStreamDriver.java:61)
	at com.zixi.testing.BroadcasterInputStatisticSingleStreamTest.broadcasterSingleInputStreamStatisticAnilyzer(BroadcasterInputStatisticSingleStreamTest.java:33)
</failure>
  </testcase>
  <testcase classname="com.zixi.load.testing.BroadcasterMultipePullCreationTest" name="testInit" time="10.766">
    <failure message="com/zixi/load/drivers/BroadcasterMultipleCreationDriver" type="java.lang.NoClassDefFoundError">java.lang.NoClassDefFoundError: com/zixi/load/drivers/BroadcasterMultipleCreationDriver
	at com.zixi.load.testing.BroadcasterMultipePullCreationTest.testInit(BroadcasterMultipePullCreationTest.java:17)
</failure>
  </testcase>
  <testcase classname="com.zixi.load.testing.BroadcasterMultipePullCreationTest" name="beforeTes" time="10.768">
    <skipped/>
  </testcase>
  <testcase classname="com.zixi.load.testing.BroadcasterMultipePullCreationTest" name="broadcasterMultiplePullInCreation" time="0.001">
    <skipped/>
  </testcase>
  <testcase classname="com.zixi.load.testing.BroadcasterMultipePullCreationTest" name="afterTest" time="0.001">
    <skipped/>
  </testcase>
  <testcase classname="com.zixi.testing.BroadcasterUDPOutputStreamCreationTest" name="broadcasterPullInCreation" time="0.497"/>
  <testcase classname="com.zixi.load.testing.BroadcasterRundomInputStreamTest" name="testInit" time="0.534">
    <failure message="com/zixi/load/drivers/BroadcasterRundomInputStreamDriver" type="java.lang.NoClassDefFoundError">java.lang.NoClassDefFoundError: com/zixi/load/drivers/BroadcasterRundomInputStreamDriver
	at com.zixi.load.testing.BroadcasterRundomInputStreamTest.testInit(BroadcasterRundomInputStreamTest.java:18)
</failure>
  </testcase>
  <testcase classname="com.zixi.load.testing.BroadcasterRundomInputStreamTest" name="beforeTes" time="0.534">
    <skipped/>
  </testcase>
  <testcase classname="com.zixi.load.testing.BroadcasterRundomInputStreamTest" name="broadcasterSwitchUdpOut" time="0">
    <skipped/>
  </testcase>
  <testcase classname="com.zixi.load.testing.BroadcasterRundomInputStreamTest" name="afterTest" time="0">
    <skipped/>
  </testcase>
  <testcase classname="com.zixi.testing.BroadcaserSingleOutputStreamDeletionTest" name="broadcasterSingleStreamRemoving" time="0.463"/>
  <testcase classname="com.zixi.load.testing.BroadcaserAllInputStreamDeletorTest" name="testInit" time="0.504">
    <failure message="com/zixi/drivers/drivers/BroadcaserAllInputStreamDeletorDriver" type="java.lang.NoClassDefFoundError">java.lang.NoClassDefFoundError: com/zixi/drivers/drivers/BroadcaserAllInputStreamDeletorDriver
	at com.zixi.load.testing.BroadcaserAllInputStreamDeletorTest.testInit(BroadcaserAllInputStreamDeletorTest.java:15)
</failure>
  </testcase>
  <testcase classname="com.zixi.load.testing.BroadcaserAllInputStreamDeletorTest" name="beforeTes" time="0.505">
    <skipped/>
  </testcase>
  <testcase classname="com.zixi.load.testing.BroadcaserAllInputStreamDeletorTest" name="broadcasterDeleteAllInputs" time="0">
    <skipped/>
  </testcase>
  <testcase classname="com.zixi.load.testing.BroadcaserAllInputStreamDeletorTest" name="afterTest" time="0.001">
    <skipped/>
  </testcase>
  <testcase classname="com.zixi.testing.FeederOutputDeletioinTest" name="testInit" time="0.001">
    <failure message="com/zixi/drivers/drivers/FeederOutputDeletionDriver" type="java.lang.NoClassDefFoundError">java.lang.NoClassDefFoundError: com/zixi/drivers/drivers/FeederOutputDeletionDriver
	at com.zixi.testing.FeederOutputDeletioinTest.testInit(FeederOutputDeletioinTest.java:13)
</failure>
  </testcase>
  <testcase classname="com.zixi.testing.FeederOutputDeletioinTest" name="beforeTes" time="0.003">
    <skipped/>
  </testcase>
  <testcase classname="com.zixi.testing.FeederOutputDeletioinTest" name="broadcasterSingleStreamRemoving" time="0">
    <skipped/>
  </testcase>
  <testcase classname="com.zixi.testing.FeederOutputDeletioinTest" name="afterTest" time="0">
    <skipped/>
  </testcase>
  <testcase classname="com.zixi.testing.BroadcasterSingleInputStreamDeletionTest" name="testInit" time="0.001">
    <failure message="com/zixi/drivers/drivers/BroadcasterSingleInputStreamDeletionDriver" type="java.lang.NoClassDefFoundError">java.lang.NoClassDefFoundError: com/zixi/drivers/drivers/BroadcasterSingleInputStreamDeletionDriver
	at com.zixi.testing.BroadcasterSingleInputStreamDeletionTest.testInit(BroadcasterSingleInputStreamDeletionTest.java:14)
</failure>
  </testcase>
  <testcase classname="com.zixi.testing.BroadcasterSingleInputStreamDeletionTest" name="beforeTes" time="0.002">
    <skipped/>
  </testcase>
  <testcase classname="com.zixi.testing.BroadcasterSingleInputStreamDeletionTest" name="broadcasterInputStreamDeletion" time="0">
    <skipped/>
  </testcase>
  <testcase classname="com.zixi.testing.BroadcasterSingleInputStreamDeletionTest" name="afterTest" time="0.001">
    <skipped/>
  </testcase>
  <testcase classname="com.zixi.testing.BroadcasterSinglePullInStreamCreationTest" name="broadcasterPullInCreation" time="0.533"/>
  <testcase classname="com.zixi.testing.BroadcasterUDPOutputStreamCreationTest" name="broadcasterPullInCreation" time="0.506"/>
  <testcase classname="com.zixi.testing.BroadcasterInputStatisticSingleStreamTest" name="broadcasterSingleInputStreamStatisticAnilyzer" time="70.624"/>
  <testcase classname="com.zixi.testing.FFMPEGImageStatisticTest" name="testInit" time="70.69">
    <failure message="com/zixi/drivers/drivers/FFMPEGImageStatisticTestDriver" type="java.lang.NoClassDefFoundError">java.lang.NoClassDefFoundError: com/zixi/drivers/drivers/FFMPEGImageStatisticTestDriver
	at com.zixi.testing.FFMPEGImageStatisticTest.testInit(FFMPEGImageStatisticTest.java:15)
</failure>
  </testcase>
  <testcase classname="com.zixi.testing.FFMPEGImageStatisticTest" name="beforeTes" time="70.691">
    <skipped/>
  </testcase>
  <testcase classname="com.zixi.testing.FFMPEGImageStatisticTest" name="broadcasterSingleInputStreamStatisticAnilyzer" time="0">
    <skipped/>
  </testcase>
  <testcase classname="com.zixi.testing.FFMPEGImageStatisticTest" name="afterTest" time="0">
    <skipped/>
  </testcase>
  <testcase classname="com.zixi.testing.BroadcaserSingleOutputStreamDeletionTest" name="broadcasterSingleStreamRemoving" time="0.515"/>
  <testcase classname="com.zixi.testing.BroadcasterSingleInputStreamDeletionTest" name="testInit" time="0.551">
    <failure message="com/zixi/drivers/drivers/BroadcasterSingleInputStreamDeletionDriver" type="java.lang.NoClassDefFoundError">java.lang.NoClassDefFoundError: com/zixi/drivers/drivers/BroadcasterSingleInputStreamDeletionDriver
	at com.zixi.testing.BroadcasterSingleInputStreamDeletionTest.testInit(BroadcasterSingleInputStreamDeletionTest.java:14)
</failure>
  </testcase>
  <testcase classname="com.zixi.testing.BroadcasterSingleInputStreamDeletionTest" name="beforeTes" time="0.551">
    <skipped/>
  </testcase>
  <testcase classname="com.zixi.testing.BroadcasterSingleInputStreamDeletionTest" name="broadcasterInputStreamDeletion" time="0">
    <skipped/>
  </testcase>
  <testcase classname="com.zixi.testing.BroadcasterSingleInputStreamDeletionTest" name="afterTest" time="0">
    <skipped/>
  </testcase>
  <testcase classname="com.zixi.testing.BroadcasterSinglePullInStreamCreationTest" name="broadcasterPullInCreation" time="0.267">
    <failure message="expected [Stream &apos;test&apos; added.] but found [load_live_inputs({&quot;error&quot;:&quot;Stream already exists.&quot;});]" type="java.lang.AssertionError">java.lang.AssertionError: expected [Stream &apos;test&apos; added.] but found [load_live_inputs({&quot;error&quot;:&quot;Stream already exists.&quot;});]
	at org.testng.Assert.fail(Assert.java:94)
	at org.testng.Assert.failNotEquals(Assert.java:496)
	at org.testng.Assert.assertEquals(Assert.java:125)
	at org.testng.Assert.assertEquals(Assert.java:178)
	at org.testng.Assert.assertEquals(Assert.java:188)
	at com.zixi.testing.BroadcasterSinglePullInStreamCreationTest.broadcasterPullInCreation(BroadcasterSinglePullInStreamCreationTest.java:57)
</failure>
    <system-out>bug -------------&gt;&gt;&gt; JSONObject[&quot;msg&quot;] not found. Request is http://10.7.0.66:4444/zixi/add_stream.json?func=load_live_inputs&amp;type=pull&amp;id=test&amp;max_outputs=-1&amp;mcast_out=&amp;mcast_force=0&amp;mcast_ip=&amp;mcast_port=&amp;mcast_ttl=&amp;time_shift=0&amp;host0=10.7.0.63&amp;pull-port=&amp;source=test&amp;password=1qaz!QAZ&amp;latency=6000&amp;nic=&amp;fec_overhead=30&amp;fec_latency=300&amp;fec_aware=&amp;fec_adaptive=1&amp;fec_force=&amp;complete=&amp;on=1 
Line Number is 127
Exception type is class org.json.JSONException
</system-out>
  </testcase>
  <testcase classname="com.zixi.testing.BroadcasterUDPOutputStreamCreationTest" name="broadcasterPullInCreation" time="0.377"/>
  <testcase classname="com.zixi.testing.BroadcasterInputStatisticSingleStreamTest" name="broadcasterSingleInputStreamStatisticAnilyzer" time="10.709">
    <failure message="JSONObject[&quot;net&quot;] not found." type="org.json.JSONException">org.json.JSONException: JSONObject[&quot;net&quot;] not found.
	at org.json.JSONObject.get(JSONObject.java:476)
	at org.json.JSONObject.getJSONObject(JSONObject.java:576)
	at com.zixi.tools.StreamStatisticAnalyzer.getStatBitrate(StreamStatisticAnalyzer.java:11)
	at com.zixi.drivers.drivers.BroadcasterInputStatisticSingleStreamDriver.testStatistic(BroadcasterInputStatisticSingleStreamDriver.java:61)
	at com.zixi.testing.BroadcasterInputStatisticSingleStreamTest.broadcasterSingleInputStreamStatisticAnilyzer(BroadcasterInputStatisticSingleStreamTest.java:33)
</failure>
  </testcase>
  <testcase classname="com.zixi.testing.FFMPEGImageStatisticTest" name="testInit" time="10.748">
    <failure message="com/zixi/drivers/drivers/FFMPEGImageStatisticTestDriver" type="java.lang.NoClassDefFoundError">java.lang.NoClassDefFoundError: com/zixi/drivers/drivers/FFMPEGImageStatisticTestDriver
	at com.zixi.testing.FFMPEGImageStatisticTest.testInit(FFMPEGImageStatisticTest.java:15)
</failure>
  </testcase>
  <testcase classname="com.zixi.testing.FFMPEGImageStatisticTest" name="beforeTes" time="10.748">
    <skipped/>
  </testcase>
  <testcase classname="com.zixi.testing.FFMPEGImageStatisticTest" name="broadcasterSingleInputStreamStatisticAnilyzer" time="0">
    <skipped/>
  </testcase>
  <testcase classname="com.zixi.testing.FFMPEGImageStatisticTest" name="afterTest" time="0.001">
    <skipped/>
  </testcase>
  <testcase classname="com.zixi.testing.BroadcaserSingleOutputStreamDeletionTest" name="broadcasterSingleStreamRemoving" time="0.222">
    <failure message="expected [Output reverse_test removed.] but found [{&quot;error&quot;:&quot;failed removing output null&quot;}]" type="java.lang.AssertionError">java.lang.AssertionError: expected [Output reverse_test removed.] but found [{&quot;error&quot;:&quot;failed removing output null&quot;}]
	at org.testng.Assert.fail(Assert.java:94)
	at org.testng.Assert.failNotEquals(Assert.java:496)
	at org.testng.Assert.assertEquals(Assert.java:125)
	at org.testng.Assert.assertEquals(Assert.java:178)
	at org.testng.Assert.assertEquals(Assert.java:188)
	at com.zixi.testing.BroadcaserSingleOutputStreamDeletionTest.broadcasterSingleStreamRemoving(BroadcaserSingleOutputStreamDeletionTest.java:34)
</failure>
    <system-out>bug -------------&gt;&gt;&gt; JSONObject[&quot;msg&quot;] not found. Request is http://10.7.0.63:4444/zixi/remove_output.json?id=null&amp;stream=null 
Line Number is 127
Exception type is class org.json.JSONException
</system-out>
  </testcase>
  <testcase classname="com.zixi.testing.BroadcasterSingleInputStreamDeletionTest" name="testInit" time="0.257">
    <failure message="com/zixi/drivers/drivers/BroadcasterSingleInputStreamDeletionDriver" type="java.lang.NoClassDefFoundError">java.lang.NoClassDefFoundError: com/zixi/drivers/drivers/BroadcasterSingleInputStreamDeletionDriver
	at com.zixi.testing.BroadcasterSingleInputStreamDeletionTest.testInit(BroadcasterSingleInputStreamDeletionTest.java:14)
</failure>
    <system-out>bug -------------&gt;&gt;&gt; JSONObject[&quot;msg&quot;] not found. Request is http://10.7.0.63:4444/zixi/remove_output.json?id=null&amp;stream=null 
Line Number is 127
Exception type is class org.json.JSONException
</system-out>
  </testcase>
  <testcase classname="com.zixi.testing.BroadcasterSingleInputStreamDeletionTest" name="beforeTes" time="0.258">
    <skipped/>
  </testcase>
  <testcase classname="com.zixi.testing.BroadcasterSingleInputStreamDeletionTest" name="broadcasterInputStreamDeletion" time="0.001">
    <skipped/>
  </testcase>
  <testcase classname="com.zixi.testing.BroadcasterSingleInputStreamDeletionTest" name="afterTest" time="0.001">
    <skipped/>
  </testcase>
  <testcase classname="com.zixi.testing.BroadcasterPushInStreamCreationTest" name="testInit" time="0.002">
    <failure message="com/zixi/drivers/drivers/BroadcasterPushInStreamCreationDriver" type="java.lang.NoClassDefFoundError">java.lang.NoClassDefFoundError: com/zixi/drivers/drivers/BroadcasterPushInStreamCreationDriver
	at com.zixi.testing.BroadcasterPushInStreamCreationTest.testInit(BroadcasterPushInStreamCreationTest.java:13)
</failure>
  </testcase>
  <testcase classname="com.zixi.testing.BroadcasterPushInStreamCreationTest" name="beforeTes" time="0.003">
    <skipped/>
  </testcase>
  <testcase classname="com.zixi.testing.BroadcasterPushInStreamCreationTest" name="broadcasterSingleStreamRemoving" time="0">
    <skipped/>
  </testcase>
  <testcase classname="com.zixi.testing.BroadcasterPushInStreamCreationTest" name="afterTest" time="0">
    <skipped/>
  </testcase>
  <testcase classname="com.zixi.testing.BroadcasterPushOutStreamCreationTest" name="testInit" time="0.002">
    <failure message="com/zixi/drivers/drivers/BroadcasterPushOutStreamCreationDriver" type="java.lang.NoClassDefFoundError">java.lang.NoClassDefFoundError: com/zixi/drivers/drivers/BroadcasterPushOutStreamCreationDriver
	at com.zixi.testing.BroadcasterPushOutStreamCreationTest.testInit(BroadcasterPushOutStreamCreationTest.java:15)
Caused by: java.lang.ClassNotFoundException: com.zixi.drivers.drivers.BroadcasterPushOutStreamCreationDriver
	at java.net.URLClassLoader$1.run(Unknown Source)
	at java.net.URLClassLoader$1.run(Unknown Source)
	at java.security.AccessController.doPrivileged(Native Method)
	at java.net.URLClassLoader.findClass(Unknown Source)
	at java.lang.ClassLoader.loadClass(Unknown Source)
	at sun.misc.Launcher$AppClassLoader.loadClass(Unknown Source)
	at java.lang.ClassLoader.loadClass(Unknown Source)
	... 31 more
</failure>
  </testcase>
  <testcase classname="com.zixi.testing.BroadcasterPushOutStreamCreationTest" name="beforeTes" time="0.003">
    <skipped/>
  </testcase>
  <testcase classname="com.zixi.testing.BroadcasterPushOutStreamCreationTest" name="broadcasterPullInCreation" time="0">
    <skipped/>
  </testcase>
  <testcase classname="com.zixi.testing.BroadcasterPushOutStreamCreationTest" name="afterTest" time="0.001">
    <skipped/>
  </testcase>
  <testcase classname="com.zixi.testing.BroadcasterInputStatisticSingleStreamTest" name="broadcasterSingleInputStreamStatisticAnilyzer" time="10.776">
    <failure message="JSONObject[&quot;net&quot;] not found." type="org.json.JSONException">org.json.JSONException: JSONObject[&quot;net&quot;] not found.
	at org.json.JSONObject.get(JSONObject.java:476)
	at org.json.JSONObject.getJSONObject(JSONObject.java:576)
	at com.zixi.tools.StreamStatisticAnalyzer.getStatBitrate(StreamStatisticAnalyzer.java:11)
	at com.zixi.drivers.drivers.BroadcasterInputStatisticSingleStreamDriver.testStatistic(BroadcasterInputStatisticSingleStreamDriver.java:61)
	at com.zixi.testing.BroadcasterInputStatisticSingleStreamTest.broadcasterSingleInputStreamStatisticAnilyzer(BroadcasterInputStatisticSingleStreamTest.java:33)
</failure>
  </testcase>
  <testcase classname="com.zixi.testing.BroadcasterSingleInputStreamDeletionTest" name="testInit" time="10.817">
    <failure message="com/zixi/drivers/drivers/BroadcasterSingleInputStreamDeletionDriver" type="java.lang.NoClassDefFoundError">java.lang.NoClassDefFoundError: com/zixi/drivers/drivers/BroadcasterSingleInputStreamDeletionDriver
	at com.zixi.testing.BroadcasterSingleInputStreamDeletionTest.testInit(BroadcasterSingleInputStreamDeletionTest.java:14)
</failure>
  </testcase>
  <testcase classname="com.zixi.testing.BroadcasterSingleInputStreamDeletionTest" name="beforeTes" time="10.819">
    <skipped/>
  </testcase>
  <testcase classname="com.zixi.testing.BroadcasterSingleInputStreamDeletionTest" name="broadcasterInputStreamDeletion" time="0">
    <skipped/>
  </testcase>
  <testcase classname="com.zixi.testing.BroadcasterSingleInputStreamDeletionTest" name="afterTest" time="0">
    <skipped/>
  </testcase>
  <testcase classname="com.zixi.testing.BroadcaserSingleOutputStreamDeletionTest" name="broadcasterSingleStreamRemoving" time="0.236">
    <failure message="expected [Output pushtest removed.] but found [{&quot;error&quot;:&quot;failed removing output null&quot;}]" type="java.lang.AssertionError">java.lang.AssertionError: expected [Output pushtest removed.] but found [{&quot;error&quot;:&quot;failed removing output null&quot;}]
	at org.testng.Assert.fail(Assert.java:94)
	at org.testng.Assert.failNotEquals(Assert.java:496)
	at org.testng.Assert.assertEquals(Assert.java:125)
	at org.testng.Assert.assertEquals(Assert.java:178)
	at org.testng.Assert.assertEquals(Assert.java:188)
	at com.zixi.testing.BroadcaserSingleOutputStreamDeletionTest.broadcasterSingleStreamRemoving(BroadcaserSingleOutputStreamDeletionTest.java:34)
</failure>
    <system-out>bug -------------&gt;&gt;&gt; JSONObject[&quot;msg&quot;] not found. Request is http://10.7.0.63:4444/zixi/remove_output.json?id=null&amp;stream=null 
Line Number is 127
Exception type is class org.json.JSONException
</system-out>
  </testcase>
  <testcase classname="com.zixi.testing.BroadcasterPushInStreamCreationTest" name="testInit" time="0.27">
    <failure message="com/zixi/drivers/drivers/BroadcasterPushInStreamCreationDriver" type="java.lang.NoClassDefFoundError">java.lang.NoClassDefFoundError: com/zixi/drivers/drivers/BroadcasterPushInStreamCreationDriver
	at com.zixi.testing.BroadcasterPushInStreamCreationTest.testInit(BroadcasterPushInStreamCreationTest.java:13)
</failure>
    <system-out>bug -------------&gt;&gt;&gt; JSONObject[&quot;msg&quot;] not found. Request is http://10.7.0.63:4444/zixi/remove_output.json?id=null&amp;stream=null 
Line Number is 127
Exception type is class org.json.JSONException
</system-out>
  </testcase>
  <testcase classname="com.zixi.testing.BroadcasterPushInStreamCreationTest" name="beforeTes" time="0.271">
    <skipped/>
  </testcase>
  <testcase classname="com.zixi.testing.BroadcasterPushInStreamCreationTest" name="broadcasterSingleStreamRemoving" time="0">
    <skipped/>
  </testcase>
  <testcase classname="com.zixi.testing.BroadcasterPushInStreamCreationTest" name="afterTest" time="0">
    <skipped/>
  </testcase>
  <testcase classname="com.zixi.testing.BroadcasterPushOutStreamCreationTest" name="testInit" time="0">
    <failure message="com/zixi/drivers/drivers/BroadcasterPushOutStreamCreationDriver" type="java.lang.NoClassDefFoundError">java.lang.NoClassDefFoundError: com/zixi/drivers/drivers/BroadcasterPushOutStreamCreationDriver
	at com.zixi.testing.BroadcasterPushOutStreamCreationTest.testInit(BroadcasterPushOutStreamCreationTest.java:15)
</failure>
  </testcase>
  <testcase classname="com.zixi.testing.BroadcasterPushOutStreamCreationTest" name="beforeTes" time="0.001">
    <skipped/>
  </testcase>
  <testcase classname="com.zixi.testing.BroadcasterPushOutStreamCreationTest" name="broadcasterPullInCreation" time="0">
    <skipped/>
  </testcase>
  <testcase classname="com.zixi.testing.BroadcasterPushOutStreamCreationTest" name="afterTest" time="0">
    <skipped/>
  </testcase>
  <testcase classname="com.zixi.testing.BroadcasterInputStatisticSingleStreamTest" name="broadcasterSingleInputStreamStatisticAnilyzer" time="10.75">
    <failure message="JSONObject[&quot;net&quot;] not found." type="org.json.JSONException">org.json.JSONException: JSONObject[&quot;net&quot;] not found.
	at org.json.JSONObject.get(JSONObject.java:476)
	at org.json.JSONObject.getJSONObject(JSONObject.java:576)
	at com.zixi.tools.StreamStatisticAnalyzer.getStatBitrate(StreamStatisticAnalyzer.java:11)
	at com.zixi.drivers.drivers.BroadcasterInputStatisticSingleStreamDriver.testStatistic(BroadcasterInputStatisticSingleStreamDriver.java:61)
	at com.zixi.testing.BroadcasterInputStatisticSingleStreamTest.broadcasterSingleInputStreamStatisticAnilyzer(BroadcasterInputStatisticSingleStreamTest.java:33)
</failure>
  </testcase>
  <testcase classname="com.zixi.testing.BroadcasterSingleInputStreamDeletionTest" name="testInit" time="10.794">
    <failure message="com/zixi/drivers/drivers/BroadcasterSingleInputStreamDeletionDriver" type="java.lang.NoClassDefFoundError">java.lang.NoClassDefFoundError: com/zixi/drivers/drivers/BroadcasterSingleInputStreamDeletionDriver
	at com.zixi.testing.BroadcasterSingleInputStreamDeletionTest.testInit(BroadcasterSingleInputStreamDeletionTest.java:14)
</failure>
  </testcase>
  <testcase classname="com.zixi.testing.BroadcasterSingleInputStreamDeletionTest" name="beforeTes" time="10.796">
    <skipped/>
  </testcase>
  <testcase classname="com.zixi.testing.BroadcasterSingleInputStreamDeletionTest" name="broadcasterInputStreamDeletion" time="0">
    <skipped/>
  </testcase>
  <testcase classname="com.zixi.testing.BroadcasterSingleInputStreamDeletionTest" name="afterTest" time="0">
    <skipped/>
  </testcase>
  <testcase classname="com.zixi.testing.BroadcaserSingleOutputStreamDeletionTest" name="broadcasterSingleStreamRemoving" time="0.258">
    <failure message="expected [Output pushtest removed.] but found [{&quot;error&quot;:&quot;failed removing output null&quot;}]" type="java.lang.AssertionError">java.lang.AssertionError: expected [Output pushtest removed.] but found [{&quot;error&quot;:&quot;failed removing output null&quot;}]
	at org.testng.Assert.fail(Assert.java:94)
	at org.testng.Assert.failNotEquals(Assert.java:496)
	at org.testng.Assert.assertEquals(Assert.java:125)
	at org.testng.Assert.assertEquals(Assert.java:178)
	at org.testng.Assert.assertEquals(Assert.java:188)
	at com.zixi.testing.BroadcaserSingleOutputStreamDeletionTest.broadcasterSingleStreamRemoving(BroadcaserSingleOutputStreamDeletionTest.java:34)
</failure>
    <system-out>bug -------------&gt;&gt;&gt; JSONObject[&quot;msg&quot;] not found. Request is http://10.7.0.63:4444/zixi/remove_output.json?id=null&amp;stream=null 
Line Number is 127
Exception type is class org.json.JSONException
</system-out>
  </testcase>
  <testcase classname="com.zixi.testing.BroadcasterPushInStreamCreationTest" name="testInit" time="0.295">
    <failure message="com/zixi/drivers/drivers/BroadcasterPushInStreamCreationDriver" type="java.lang.NoClassDefFoundError">java.lang.NoClassDefFoundError: com/zixi/drivers/drivers/BroadcasterPushInStreamCreationDriver
	at com.zixi.testing.BroadcasterPushInStreamCreationTest.testInit(BroadcasterPushInStreamCreationTest.java:13)
</failure>
    <system-out>bug -------------&gt;&gt;&gt; JSONObject[&quot;msg&quot;] not found. Request is http://10.7.0.63:4444/zixi/remove_output.json?id=null&amp;stream=null 
Line Number is 127
Exception type is class org.json.JSONException
</system-out>
  </testcase>
  <testcase classname="com.zixi.testing.BroadcasterPushInStreamCreationTest" name="beforeTes" time="0.296">
    <skipped/>
  </testcase>
  <testcase classname="com.zixi.testing.BroadcasterPushInStreamCreationTest" name="broadcasterSingleStreamRemoving" time="0">
    <skipped/>
  </testcase>
  <testcase classname="com.zixi.testing.BroadcasterPushInStreamCreationTest" name="afterTest" time="0">
    <skipped/>
  </testcase>
  <testcase classname="com.zixi.testing.BroadcasterPushOutStreamCreationTest" name="testInit" time="0.001">
    <failure message="com/zixi/drivers/drivers/BroadcasterPushOutStreamCreationDriver" type="java.lang.NoClassDefFoundError">java.lang.NoClassDefFoundError: com/zixi/drivers/drivers/BroadcasterPushOutStreamCreationDriver
	at com.zixi.testing.BroadcasterPushOutStreamCreationTest.testInit(BroadcasterPushOutStreamCreationTest.java:15)
</failure>
  </testcase>
  <testcase classname="com.zixi.testing.BroadcasterPushOutStreamCreationTest" name="beforeTes" time="0.002">
    <skipped/>
  </testcase>
  <testcase classname="com.zixi.testing.BroadcasterPushOutStreamCreationTest" name="broadcasterPullInCreation" time="0">
    <skipped/>
  </testcase>
  <testcase classname="com.zixi.testing.BroadcasterPushOutStreamCreationTest" name="afterTest" time="0">
    <skipped/>
  </testcase>
  <testcase classname="com.zixi.testing.BroadcasterInputStatisticSingleStreamTest" name="broadcasterSingleInputStreamStatisticAnilyzer" time="10.796">
    <failure message="JSONObject[&quot;net&quot;] not found." type="org.json.JSONException">org.json.JSONException: JSONObject[&quot;net&quot;] not found.
	at org.json.JSONObject.get(JSONObject.java:476)
	at org.json.JSONObject.getJSONObject(JSONObject.java:576)
	at com.zixi.tools.StreamStatisticAnalyzer.getStatBitrate(StreamStatisticAnalyzer.java:11)
	at com.zixi.drivers.drivers.BroadcasterInputStatisticSingleStreamDriver.testStatistic(BroadcasterInputStatisticSingleStreamDriver.java:61)
	at com.zixi.testing.BroadcasterInputStatisticSingleStreamTest.broadcasterSingleInputStreamStatisticAnilyzer(BroadcasterInputStatisticSingleStreamTest.java:33)
</failure>
  </testcase>
  <testcase classname="com.zixi.testing.BroadcasterSingleInputStreamDeletionTest" name="testInit" time="10.872">
    <failure message="com/zixi/drivers/drivers/BroadcasterSingleInputStreamDeletionDriver" type="java.lang.NoClassDefFoundError">java.lang.NoClassDefFoundError: com/zixi/drivers/drivers/BroadcasterSingleInputStreamDeletionDriver
	at com.zixi.testing.BroadcasterSingleInputStreamDeletionTest.testInit(BroadcasterSingleInputStreamDeletionTest.java:14)
</failure>
  </testcase>
  <testcase classname="com.zixi.testing.BroadcasterSingleInputStreamDeletionTest" name="beforeTes" time="10.874">
    <skipped/>
  </testcase>
  <testcase classname="com.zixi.testing.BroadcasterSingleInputStreamDeletionTest" name="broadcasterInputStreamDeletion" time="0">
    <skipped/>
  </testcase>
  <testcase classname="com.zixi.testing.BroadcasterSingleInputStreamDeletionTest" name="afterTest" time="0">
    <skipped/>
  </testcase>
  <testcase classname="com.zixi.testing.BroadcaserSingleOutputStreamDeletionTest" name="broadcasterSingleStreamRemoving" time="0.251">
    <failure message="expected [Output pushtest removed.] but found [{&quot;error&quot;:&quot;failed removing output null&quot;}]" type="java.lang.AssertionError">java.lang.AssertionError: expected [Output pushtest removed.] but found [{&quot;error&quot;:&quot;failed removing output null&quot;}]
	at org.testng.Assert.fail(Assert.java:94)
	at org.testng.Assert.failNotEquals(Assert.java:496)
	at org.testng.Assert.assertEquals(Assert.java:125)
	at org.testng.Assert.assertEquals(Assert.java:178)
	at org.testng.Assert.assertEquals(Assert.java:188)
	at com.zixi.testing.BroadcaserSingleOutputStreamDeletionTest.broadcasterSingleStreamRemoving(BroadcaserSingleOutputStreamDeletionTest.java:34)
</failure>
    <system-out>bug -------------&gt;&gt;&gt; JSONObject[&quot;msg&quot;] not found. Request is http://10.7.0.63:4444/zixi/remove_output.json?id=null&amp;stream=null 
Line Number is 127
Exception type is class org.json.JSONException
</system-out>
  </testcase>
  <testcase classname="com.zixi.testing.BroadcasterPushInStreamCreationTest" name="testInit" time="0.284">
    <failure message="com/zixi/drivers/drivers/BroadcasterPushInStreamCreationDriver" type="java.lang.NoClassDefFoundError">java.lang.NoClassDefFoundError: com/zixi/drivers/drivers/BroadcasterPushInStreamCreationDriver
	at com.zixi.testing.BroadcasterPushInStreamCreationTest.testInit(BroadcasterPushInStreamCreationTest.java:13)
</failure>
    <system-out>bug -------------&gt;&gt;&gt; JSONObject[&quot;msg&quot;] not found. Request is http://10.7.0.63:4444/zixi/remove_output.json?id=null&amp;stream=null 
Line Number is 127
Exception type is class org.json.JSONException
</system-out>
  </testcase>
  <testcase classname="com.zixi.testing.BroadcasterPushInStreamCreationTest" name="beforeTes" time="0.285">
    <skipped/>
  </testcase>
  <testcase classname="com.zixi.testing.BroadcasterPushInStreamCreationTest" name="broadcasterSingleStreamRemoving" time="0">
    <skipped/>
  </testcase>
  <testcase classname="com.zixi.testing.BroadcasterPushInStreamCreationTest" name="afterTest" time="0">
    <skipped/>
  </testcase>
  <testcase classname="com.zixi.testing.BroadcasterPushOutStreamCreationTest" name="testInit" time="0">
    <failure message="com/zixi/drivers/drivers/BroadcasterPushOutStreamCreationDriver" type="java.lang.NoClassDefFoundError">java.lang.NoClassDefFoundError: com/zixi/drivers/drivers/BroadcasterPushOutStreamCreationDriver
	at com.zixi.testing.BroadcasterPushOutStreamCreationTest.testInit(BroadcasterPushOutStreamCreationTest.java:15)
</failure>
  </testcase>
  <testcase classname="com.zixi.testing.BroadcasterPushOutStreamCreationTest" name="beforeTes" time="0.001">
    <skipped/>
  </testcase>
  <testcase classname="com.zixi.testing.BroadcasterPushOutStreamCreationTest" name="broadcasterPullInCreation" time="0">
    <skipped/>
  </testcase>
  <testcase classname="com.zixi.testing.BroadcasterPushOutStreamCreationTest" name="afterTest" time="0">
    <skipped/>
  </testcase>
  <testcase classname="com.zixi.testing.BroadcasterInputStatisticSingleStreamTest" name="broadcasterSingleInputStreamStatisticAnilyzer" time="10.771">
    <failure message="JSONObject[&quot;net&quot;] not found." type="org.json.JSONException">org.json.JSONException: JSONObject[&quot;net&quot;] not found.
	at org.json.JSONObject.get(JSONObject.java:476)
	at org.json.JSONObject.getJSONObject(JSONObject.java:576)
	at com.zixi.tools.StreamStatisticAnalyzer.getStatBitrate(StreamStatisticAnalyzer.java:11)
	at com.zixi.drivers.drivers.BroadcasterInputStatisticSingleStreamDriver.testStatistic(BroadcasterInputStatisticSingleStreamDriver.java:61)
	at com.zixi.testing.BroadcasterInputStatisticSingleStreamTest.broadcasterSingleInputStreamStatisticAnilyzer(BroadcasterInputStatisticSingleStreamTest.java:33)
</failure>
  </testcase>
  <testcase classname="com.zixi.testing.BroadcasterSingleInputStreamDeletionTest" name="testInit" time="10.812">
    <failure message="com/zixi/drivers/drivers/BroadcasterSingleInputStreamDeletionDriver" type="java.lang.NoClassDefFoundError">java.lang.NoClassDefFoundError: com/zixi/drivers/drivers/BroadcasterSingleInputStreamDeletionDriver
	at com.zixi.testing.BroadcasterSingleInputStreamDeletionTest.testInit(BroadcasterSingleInputStreamDeletionTest.java:14)
</failure>
  </testcase>
  <testcase classname="com.zixi.testing.BroadcasterSingleInputStreamDeletionTest" name="beforeTes" time="10.813">
    <skipped/>
  </testcase>
  <testcase classname="com.zixi.testing.BroadcasterSingleInputStreamDeletionTest" name="broadcasterInputStreamDeletion" time="0.001">
    <skipped/>
  </testcase>
  <testcase classname="com.zixi.testing.BroadcasterSingleInputStreamDeletionTest" name="afterTest" time="0.001">
    <skipped/>
  </testcase>
  <testcase classname="com.zixi.testing.BroadcaserSingleOutputStreamDeletionTest" name="broadcasterSingleStreamRemoving" time="0.211">
    <failure message="expected [Output pushtest removed.] but found [{&quot;error&quot;:&quot;failed removing output null&quot;}]" type="java.lang.AssertionError">java.lang.AssertionError: expected [Output pushtest removed.] but found [{&quot;error&quot;:&quot;failed removing output null&quot;}]
	at org.testng.Assert.fail(Assert.java:94)
	at org.testng.Assert.failNotEquals(Assert.java:496)
	at org.testng.Assert.assertEquals(Assert.java:125)
	at org.testng.Assert.assertEquals(Assert.java:178)
	at org.testng.Assert.assertEquals(Assert.java:188)
	at com.zixi.testing.BroadcaserSingleOutputStreamDeletionTest.broadcasterSingleStreamRemoving(BroadcaserSingleOutputStreamDeletionTest.java:34)
</failure>
    <system-out>bug -------------&gt;&gt;&gt; JSONObject[&quot;msg&quot;] not found. Request is http://10.7.0.63:4444/zixi/remove_output.json?id=null&amp;stream=null 
Line Number is 127
Exception type is class org.json.JSONException
</system-out>
  </testcase>
  <testcase classname="com.zixi.testing.BroadcasterPushInStreamCreationTest" name="testInit" time="0.246">
    <failure message="com/zixi/drivers/drivers/BroadcasterPushInStreamCreationDriver" type="java.lang.NoClassDefFoundError">java.lang.NoClassDefFoundError: com/zixi/drivers/drivers/BroadcasterPushInStreamCreationDriver
	at com.zixi.testing.BroadcasterPushInStreamCreationTest.testInit(BroadcasterPushInStreamCreationTest.java:13)
</failure>
    <system-out>bug -------------&gt;&gt;&gt; JSONObject[&quot;msg&quot;] not found. Request is http://10.7.0.63:4444/zixi/remove_output.json?id=null&amp;stream=null 
Line Number is 127
Exception type is class org.json.JSONException
</system-out>
  </testcase>
  <testcase classname="com.zixi.testing.BroadcasterPushInStreamCreationTest" name="beforeTes" time="0.248">
    <skipped/>
  </testcase>
  <testcase classname="com.zixi.testing.BroadcasterPushInStreamCreationTest" name="broadcasterSingleStreamRemoving" time="0">
    <skipped/>
  </testcase>
  <testcase classname="com.zixi.testing.BroadcasterPushInStreamCreationTest" name="afterTest" time="0">
    <skipped/>
  </testcase>
  <testcase classname="com.zixi.testing.BroadcasterPushOutStreamCreationTest" name="testInit" time="0.001">
    <failure message="com/zixi/drivers/drivers/BroadcasterPushOutStreamCreationDriver" type="java.lang.NoClassDefFoundError">java.lang.NoClassDefFoundError: com/zixi/drivers/drivers/BroadcasterPushOutStreamCreationDriver
	at com.zixi.testing.BroadcasterPushOutStreamCreationTest.testInit(BroadcasterPushOutStreamCreationTest.java:15)
</failure>
  </testcase>
  <testcase classname="com.zixi.testing.BroadcasterPushOutStreamCreationTest" name="beforeTes" time="0.002">
    <skipped/>
  </testcase>
  <testcase classname="com.zixi.testing.BroadcasterPushOutStreamCreationTest" name="broadcasterPullInCreation" time="0">
    <skipped/>
  </testcase>
  <testcase classname="com.zixi.testing.BroadcasterPushOutStreamCreationTest" name="afterTest" time="0.001">
    <skipped/>
  </testcase>
  <testcase classname="com.zixi.testing.BroadcasterInputStatisticSingleStreamTest" name="broadcasterSingleInputStreamStatisticAnilyzer" time="10.753">
    <failure message="JSONObject[&quot;net&quot;] not found." type="org.json.JSONException">org.json.JSONException: JSONObject[&quot;net&quot;] not found.
	at org.json.JSONObject.get(JSONObject.java:476)
	at org.json.JSONObject.getJSONObject(JSONObject.java:576)
	at com.zixi.tools.StreamStatisticAnalyzer.getStatBitrate(StreamStatisticAnalyzer.java:11)
	at com.zixi.drivers.drivers.BroadcasterInputStatisticSingleStreamDriver.testStatistic(BroadcasterInputStatisticSingleStreamDriver.java:61)
	at com.zixi.testing.BroadcasterInputStatisticSingleStreamTest.broadcasterSingleInputStreamStatisticAnilyzer(BroadcasterInputStatisticSingleStreamTest.java:33)
</failure>
  </testcase>
  <testcase classname="com.zixi.testing.BroadcasterSingleInputStreamDeletionTest" name="testInit" time="10.813">
    <failure message="com/zixi/drivers/drivers/BroadcasterSingleInputStreamDeletionDriver" type="java.lang.NoClassDefFoundError">java.lang.NoClassDefFoundError: com/zixi/drivers/drivers/BroadcasterSingleInputStreamDeletionDriver
	at com.zixi.testing.BroadcasterSingleInputStreamDeletionTest.testInit(BroadcasterSingleInputStreamDeletionTest.java:14)
</failure>
  </testcase>
  <testcase classname="com.zixi.testing.BroadcasterSingleInputStreamDeletionTest" name="beforeTes" time="10.814">
    <skipped/>
  </testcase>
  <testcase classname="com.zixi.testing.BroadcasterSingleInputStreamDeletionTest" name="broadcasterInputStreamDeletion" time="0">
    <skipped/>
  </testcase>
  <testcase classname="com.zixi.testing.BroadcasterSingleInputStreamDeletionTest" name="afterTest" time="0">
    <skipped/>
  </testcase>
  <testcase classname="com.zixi.testing.BroadcaserSingleOutputStreamDeletionTest" name="broadcasterSingleStreamRemoving" time="0.244">
    <failure message="expected [Output pushtest removed.] but found [{&quot;error&quot;:&quot;failed removing output null&quot;}]" type="java.lang.AssertionError">java.lang.AssertionError: expected [Output pushtest removed.] but found [{&quot;error&quot;:&quot;failed removing output null&quot;}]
	at org.testng.Assert.fail(Assert.java:94)
	at org.testng.Assert.failNotEquals(Assert.java:496)
	at org.testng.Assert.assertEquals(Assert.java:125)
	at org.testng.Assert.assertEquals(Assert.java:178)
	at org.testng.Assert.assertEquals(Assert.java:188)
	at com.zixi.testing.BroadcaserSingleOutputStreamDeletionTest.broadcasterSingleStreamRemoving(BroadcaserSingleOutputStreamDeletionTest.java:34)
</failure>
    <system-out>bug -------------&gt;&gt;&gt; JSONObject[&quot;msg&quot;] not found. Request is http://10.7.0.63:4444/zixi/remove_output.json?id=null&amp;stream=null 
Line Number is 127
Exception type is class org.json.JSONException
</system-out>
  </testcase>
  <testcase classname="com.zixi.testing.BroadcasterPushInStreamCreationTest" name="testInit" time="0.295">
    <failure message="com/zixi/drivers/drivers/BroadcasterPushInStreamCreationDriver" type="java.lang.NoClassDefFoundError">java.lang.NoClassDefFoundError: com/zixi/drivers/drivers/BroadcasterPushInStreamCreationDriver
	at com.zixi.testing.BroadcasterPushInStreamCreationTest.testInit(BroadcasterPushInStreamCreationTest.java:13)
</failure>
    <system-out>bug -------------&gt;&gt;&gt; JSONObject[&quot;msg&quot;] not found. Request is http://10.7.0.63:4444/zixi/remove_output.json?id=null&amp;stream=null 
Line Number is 127
Exception type is class org.json.JSONException
</system-out>
  </testcase>
  <testcase classname="com.zixi.testing.BroadcasterPushInStreamCreationTest" name="beforeTes" time="0.295">
    <skipped/>
  </testcase>
  <testcase classname="com.zixi.testing.BroadcasterPushInStreamCreationTest" name="broadcasterSingleStreamRemoving" time="0">
    <skipped/>
  </testcase>
  <testcase classname="com.zixi.testing.BroadcasterPushInStreamCreationTest" name="afterTest" time="0">
    <skipped/>
  </testcase>
  <testcase classname="com.zixi.testing.BroadcasterPushOutStreamCreationTest" name="testInit" time="0.001">
    <failure message="com/zixi/drivers/drivers/BroadcasterPushOutStreamCreationDriver" type="java.lang.NoClassDefFoundError">java.lang.NoClassDefFoundError: com/zixi/drivers/drivers/BroadcasterPushOutStreamCreationDriver
	at com.zixi.testing.BroadcasterPushOutStreamCreationTest.testInit(BroadcasterPushOutStreamCreationTest.java:15)
</failure>
  </testcase>
  <testcase classname="com.zixi.testing.BroadcasterPushOutStreamCreationTest" name="beforeTes" time="0.001">
    <skipped/>
  </testcase>
  <testcase classname="com.zixi.testing.BroadcasterPushOutStreamCreationTest" name="broadcasterPullInCreation" time="0">
    <skipped/>
  </testcase>
  <testcase classname="com.zixi.testing.BroadcasterPushOutStreamCreationTest" name="afterTest" time="0">
    <skipped/>
  </testcase>
  <testcase classname="com.zixi.testing.BroadcasterInputStatisticSingleStreamTest" name="broadcasterSingleInputStreamStatisticAnilyzer" time="10.745">
    <failure message="JSONObject[&quot;net&quot;] not found." type="org.json.JSONException">org.json.JSONException: JSONObject[&quot;net&quot;] not found.
	at org.json.JSONObject.get(JSONObject.java:476)
	at org.json.JSONObject.getJSONObject(JSONObject.java:576)
	at com.zixi.tools.StreamStatisticAnalyzer.getStatBitrate(StreamStatisticAnalyzer.java:11)
	at com.zixi.drivers.drivers.BroadcasterInputStatisticSingleStreamDriver.testStatistic(BroadcasterInputStatisticSingleStreamDriver.java:61)
	at com.zixi.testing.BroadcasterInputStatisticSingleStreamTest.broadcasterSingleInputStreamStatisticAnilyzer(BroadcasterInputStatisticSingleStreamTest.java:33)
</failure>
  </testcase>
  <testcase classname="com.zixi.testing.BroadcasterSingleInputStreamDeletionTest" name="testInit" time="10.783">
    <failure message="com/zixi/drivers/drivers/BroadcasterSingleInputStreamDeletionDriver" type="java.lang.NoClassDefFoundError">java.lang.NoClassDefFoundError: com/zixi/drivers/drivers/BroadcasterSingleInputStreamDeletionDriver
	at com.zixi.testing.BroadcasterSingleInputStreamDeletionTest.testInit(BroadcasterSingleInputStreamDeletionTest.java:14)
</failure>
  </testcase>
  <testcase classname="com.zixi.testing.BroadcasterSingleInputStreamDeletionTest" name="beforeTes" time="10.785">
    <skipped/>
  </testcase>
  <testcase classname="com.zixi.testing.BroadcasterSingleInputStreamDeletionTest" name="broadcasterInputStreamDeletion" time="0">
    <skipped/>
  </testcase>
  <testcase classname="com.zixi.testing.BroadcasterSingleInputStreamDeletionTest" name="afterTest" time="0">
    <skipped/>
  </testcase>
  <testcase classname="com.zixi.testing.BroadcaserSingleOutputStreamDeletionTest" name="broadcasterSingleStreamRemoving" time="0.271">
    <failure message="expected [Output pushtest removed.] but found [{&quot;error&quot;:&quot;failed removing output null&quot;}]" type="java.lang.AssertionError">java.lang.AssertionError: expected [Output pushtest removed.] but found [{&quot;error&quot;:&quot;failed removing output null&quot;}]
	at org.testng.Assert.fail(Assert.java:94)
	at org.testng.Assert.failNotEquals(Assert.java:496)
	at org.testng.Assert.assertEquals(Assert.java:125)
	at org.testng.Assert.assertEquals(Assert.java:178)
	at org.testng.Assert.assertEquals(Assert.java:188)
	at com.zixi.testing.BroadcaserSingleOutputStreamDeletionTest.broadcasterSingleStreamRemoving(BroadcaserSingleOutputStreamDeletionTest.java:34)
</failure>
    <system-out>bug -------------&gt;&gt;&gt; JSONObject[&quot;msg&quot;] not found. Request is http://10.7.0.63:4444/zixi/remove_output.json?id=null&amp;stream=null 
Line Number is 127
Exception type is class org.json.JSONException
</system-out>
  </testcase>
  <testcase classname="com.zixi.testing.BroadcasterPushInStreamCreationTest" name="testInit" time="0.307">
    <failure message="com/zixi/drivers/drivers/BroadcasterPushInStreamCreationDriver" type="java.lang.NoClassDefFoundError">java.lang.NoClassDefFoundError: com/zixi/drivers/drivers/BroadcasterPushInStreamCreationDriver
	at com.zixi.testing.BroadcasterPushInStreamCreationTest.testInit(BroadcasterPushInStreamCreationTest.java:13)
</failure>
    <system-out>bug -------------&gt;&gt;&gt; JSONObject[&quot;msg&quot;] not found. Request is http://10.7.0.63:4444/zixi/remove_output.json?id=null&amp;stream=null 
Line Number is 127
Exception type is class org.json.JSONException
</system-out>
  </testcase>
  <testcase classname="com.zixi.testing.BroadcasterPushInStreamCreationTest" name="beforeTes" time="0.308">
    <skipped/>
  </testcase>
  <testcase classname="com.zixi.testing.BroadcasterPushInStreamCreationTest" name="broadcasterSingleStreamRemoving" time="0">
    <skipped/>
  </testcase>
  <testcase classname="com.zixi.testing.BroadcasterPushInStreamCreationTest" name="afterTest" time="0">
    <skipped/>
  </testcase>
  <testcase classname="com.zixi.testing.BroadcasterPushOutStreamCreationTest" name="testInit" time="0">
    <failure message="com/zixi/drivers/drivers/BroadcasterPushOutStreamCreationDriver" type="java.lang.NoClassDefFoundError">java.lang.NoClassDefFoundError: com/zixi/drivers/drivers/BroadcasterPushOutStreamCreationDriver
	at com.zixi.testing.BroadcasterPushOutStreamCreationTest.testInit(BroadcasterPushOutStreamCreationTest.java:15)
</failure>
  </testcase>
  <testcase classname="com.zixi.testing.BroadcasterPushOutStreamCreationTest" name="beforeTes" time="0">
    <skipped/>
  </testcase>
  <testcase classname="com.zixi.testing.BroadcasterPushOutStreamCreationTest" name="broadcasterPullInCreation" time="0">
    <skipped/>
  </testcase>
  <testcase classname="com.zixi.testing.BroadcasterPushOutStreamCreationTest" name="afterTest" time="0">
    <skipped/>
  </testcase>
  <testcase classname="com.zixi.testing.BroadcasterInputStatisticSingleStreamTest" name="broadcasterSingleInputStreamStatisticAnilyzer" time="10.772">
    <failure message="JSONObject[&quot;net&quot;] not found." type="org.json.JSONException">org.json.JSONException: JSONObject[&quot;net&quot;] not found.
	at org.json.JSONObject.get(JSONObject.java:476)
	at org.json.JSONObject.getJSONObject(JSONObject.java:576)
	at com.zixi.tools.StreamStatisticAnalyzer.getStatBitrate(StreamStatisticAnalyzer.java:11)
	at com.zixi.drivers.drivers.BroadcasterInputStatisticSingleStreamDriver.testStatistic(BroadcasterInputStatisticSingleStreamDriver.java:61)
	at com.zixi.testing.BroadcasterInputStatisticSingleStreamTest.broadcasterSingleInputStreamStatisticAnilyzer(BroadcasterInputStatisticSingleStreamTest.java:33)
</failure>
  </testcase>
  <testcase classname="com.zixi.testing.BroadcasterUDPOutputStreamCreationTest" name="broadcasterPullInCreation" time="0.519"/>
  <testcase classname="com.zixi.testing.FFMPEGImageStatisticTest" name="testInit" time="0.557">
    <failure message="com/zixi/drivers/drivers/FFMPEGImageStatisticTestDriver" type="java.lang.NoClassDefFoundError">java.lang.NoClassDefFoundError: com/zixi/drivers/drivers/FFMPEGImageStatisticTestDriver
	at com.zixi.testing.FFMPEGImageStatisticTest.testInit(FFMPEGImageStatisticTest.java:15)
</failure>
  </testcase>
  <testcase classname="com.zixi.testing.FFMPEGImageStatisticTest" name="beforeTes" time="0.558">
    <skipped/>
  </testcase>
  <testcase classname="com.zixi.testing.FFMPEGImageStatisticTest" name="broadcasterSingleInputStreamStatisticAnilyzer" time="0">
    <skipped/>
  </testcase>
  <testcase classname="com.zixi.testing.FFMPEGImageStatisticTest" name="afterTest" time="0">
    <skipped/>
  </testcase>
  <testcase classname="com.zixi.testing.BroadcaserSingleOutputStreamDeletionTest" name="broadcasterSingleStreamRemoving" time="0.602"/>
  <testcase classname="com.zixi.testing.BroadcasterSingleInputStreamDeletionTest" name="testInit" time="0.674">
    <failure message="com/zixi/drivers/drivers/BroadcasterSingleInputStreamDeletionDriver" type="java.lang.NoClassDefFoundError">java.lang.NoClassDefFoundError: com/zixi/drivers/drivers/BroadcasterSingleInputStreamDeletionDriver
	at com.zixi.testing.BroadcasterSingleInputStreamDeletionTest.testInit(BroadcasterSingleInputStreamDeletionTest.java:14)
</failure>
  </testcase>
  <testcase classname="com.zixi.testing.BroadcasterSingleInputStreamDeletionTest" name="beforeTes" time="0.675">
    <skipped/>
  </testcase>
  <testcase classname="com.zixi.testing.BroadcasterSingleInputStreamDeletionTest" name="broadcasterInputStreamDeletion" time="0">
    <skipped/>
  </testcase>
  <testcase classname="com.zixi.testing.BroadcasterSingleInputStreamDeletionTest" name="afterTest" time="0">
    <skipped/>
  </testcase>
  <testcase classname="com.zixi.testing.BroadcaserSingleOutputStreamDeletionTest" name="broadcasterSingleStreamRemoving" time="0.224">
    <failure message="expected [Output pushtest removed.] but found [{&quot;error&quot;:&quot;failed removing output null&quot;}]" type="java.lang.AssertionError">java.lang.AssertionError: expected [Output pushtest removed.] but found [{&quot;error&quot;:&quot;failed removing output null&quot;}]
	at org.testng.Assert.fail(Assert.java:94)
	at org.testng.Assert.failNotEquals(Assert.java:496)
	at org.testng.Assert.assertEquals(Assert.java:125)
	at org.testng.Assert.assertEquals(Assert.java:178)
	at org.testng.Assert.assertEquals(Assert.java:188)
	at com.zixi.testing.BroadcaserSingleOutputStreamDeletionTest.broadcasterSingleStreamRemoving(BroadcaserSingleOutputStreamDeletionTest.java:34)
</failure>
    <system-out>bug -------------&gt;&gt;&gt; JSONObject[&quot;msg&quot;] not found. Request is http://10.7.0.63:4444/zixi/remove_output.json?id=null&amp;stream=null 
Line Number is 127
Exception type is class org.json.JSONException
</system-out>
  </testcase>
  <testcase classname="com.zixi.load.testing.BroadcasterMultiplePushTest" name="testInit" time="0.262">
    <failure message="com/zixi/load/drivers/BroadcasterMultiplePushDriver" type="java.lang.NoClassDefFoundError">java.lang.NoClassDefFoundError: com/zixi/load/drivers/BroadcasterMultiplePushDriver
	at com.zixi.load.testing.BroadcasterMultiplePushTest.testInit(BroadcasterMultiplePushTest.java:22)
Caused by: java.lang.ClassNotFoundException: com.zixi.load.drivers.BroadcasterMultiplePushDriver
	at java.net.URLClassLoader$1.run(Unknown Source)
	at java.net.URLClassLoader$1.run(Unknown Source)
	at java.security.AccessController.doPrivileged(Native Method)
	at java.net.URLClassLoader.findClass(Unknown Source)
	at java.lang.ClassLoader.loadClass(Unknown Source)
	at sun.misc.Launcher$AppClassLoader.loadClass(Unknown Source)
	at java.lang.ClassLoader.loadClass(Unknown Source)
	... 31 more
</failure>
    <system-out>bug -------------&gt;&gt;&gt; JSONObject[&quot;msg&quot;] not found. Request is http://10.7.0.63:4444/zixi/remove_output.json?id=null&amp;stream=null 
Line Number is 127
Exception type is class org.json.JSONException
</system-out>
  </testcase>
  <testcase classname="com.zixi.load.testing.BroadcasterMultiplePushTest" name="beforeTes" time="0.263">
    <skipped/>
  </testcase>
  <testcase classname="com.zixi.load.testing.BroadcasterMultiplePushTest" name="broadcasterMultiplePullInCreation" time="0">
    <skipped/>
  </testcase>
  <testcase classname="com.zixi.load.testing.BroadcasterMultiplePushTest" name="afterTest" time="0">
    <skipped/>
  </testcase>
  <testcase classname="com.zixi.testing.BroadcasterUDPOutputStreamCreationTest" name="broadcasterPullInCreation" time="0.51"/>
  <testcase classname="com.zixi.load.testing.BroadcasterRundomInputStreamTest" name="testInit" time="0.551">
    <failure message="com/zixi/load/drivers/BroadcasterRundomInputStreamDriver" type="java.lang.NoClassDefFoundError">java.lang.NoClassDefFoundError: com/zixi/load/drivers/BroadcasterRundomInputStreamDriver
	at com.zixi.load.testing.BroadcasterRundomInputStreamTest.testInit(BroadcasterRundomInputStreamTest.java:18)
</failure>
  </testcase>
  <testcase classname="com.zixi.load.testing.BroadcasterRundomInputStreamTest" name="beforeTes" time="0.553">
    <skipped/>
  </testcase>
  <testcase classname="com.zixi.load.testing.BroadcasterRundomInputStreamTest" name="broadcasterSwitchUdpOut" time="0.001">
    <skipped/>
  </testcase>
  <testcase classname="com.zixi.load.testing.BroadcasterRundomInputStreamTest" name="afterTest" time="0.001">
    <skipped/>
  </testcase>
  <testcase classname="com.zixi.testing.BroadcaserSingleOutputStreamDeletionTest" name="broadcasterSingleStreamRemoving" time="0.581"/>
  <testcase classname="com.zixi.load.testing.BroadcaserAllInputStreamDeletorTest" name="testInit" time="0.615">
    <failure message="com/zixi/drivers/drivers/BroadcaserAllInputStreamDeletorDriver" type="java.lang.NoClassDefFoundError">java.lang.NoClassDefFoundError: com/zixi/drivers/drivers/BroadcaserAllInputStreamDeletorDriver
	at com.zixi.load.testing.BroadcaserAllInputStreamDeletorTest.testInit(BroadcaserAllInputStreamDeletorTest.java:15)
</failure>
  </testcase>
  <testcase classname="com.zixi.load.testing.BroadcaserAllInputStreamDeletorTest" name="beforeTes" time="0.616">
    <skipped/>
  </testcase>
  <testcase classname="com.zixi.load.testing.BroadcaserAllInputStreamDeletorTest" name="broadcasterDeleteAllInputs" time="0">
    <skipped/>
  </testcase>
  <testcase classname="com.zixi.load.testing.BroadcaserAllInputStreamDeletorTest" name="afterTest" time="0">
    <skipped/>
  </testcase>
  <testcase classname="com.zixi.load.testing.BroadcaserAllOututStreamDeletorTest" name="testInit" time="0.001">
    <failure message="com/zixi/load/drivers/BroadcaserAllOutputStreamDeletorDriver" type="java.lang.NoClassDefFoundError">java.lang.NoClassDefFoundError: com/zixi/load/drivers/BroadcaserAllOutputStreamDeletorDriver
	at com.zixi.load.testing.BroadcaserAllOututStreamDeletorTest.testInit(BroadcaserAllOututStreamDeletorTest.java:20)
Caused by: java.lang.ClassNotFoundException: com.zixi.load.drivers.BroadcaserAllOutputStreamDeletorDriver
	at java.net.URLClassLoader$1.run(Unknown Source)
	at java.net.URLClassLoader$1.run(Unknown Source)
	at java.security.AccessController.doPrivileged(Native Method)
	at java.net.URLClassLoader.findClass(Unknown Source)
	at java.lang.ClassLoader.loadClass(Unknown Source)
	at sun.misc.Launcher$AppClassLoader.loadClass(Unknown Source)
	at java.lang.ClassLoader.loadClass(Unknown Source)
	... 31 more
</failure>
  </testcase>
  <testcase classname="com.zixi.load.testing.BroadcaserAllOututStreamDeletorTest" name="beforeTes" time="0.002">
    <skipped/>
  </testcase>
  <testcase classname="com.zixi.load.testing.BroadcaserAllOututStreamDeletorTest" name="broadcasterDeleteAllOutputStreams" time="0">
    <skipped/>
  </testcase>
  <testcase classname="com.zixi.load.testing.BroadcaserAllOututStreamDeletorTest" name="afterTest" time="0">
    <skipped/>
  </testcase>
  <testcase classname="com.zixi.load.testing.BroadcasterMultiplePushTest" name="testInit" time="0.001">
    <failure message="com/zixi/load/drivers/BroadcasterMultiplePushDriver" type="java.lang.NoClassDefFoundError">java.lang.NoClassDefFoundError: com/zixi/load/drivers/BroadcasterMultiplePushDriver
	at com.zixi.load.testing.BroadcasterMultiplePushTest.testInit(BroadcasterMultiplePushTest.java:22)
</failure>
  </testcase>
  <testcase classname="com.zixi.load.testing.BroadcasterMultiplePushTest" name="beforeTes" time="0.002">
    <skipped/>
  </testcase>
  <testcase classname="com.zixi.load.testing.BroadcasterMultiplePushTest" name="broadcasterMultiplePullInCreation" time="0">
    <skipped/>
  </testcase>
  <testcase classname="com.zixi.load.testing.BroadcasterMultiplePushTest" name="afterTest" time="0">
    <skipped/>
  </testcase>
  <testcase classname="com.zixi.testing.BroadcasterUDPOutputStreamCreationTest" name="broadcasterPullInCreation" time="0.553"/>
  <testcase classname="com.zixi.load.testing.BroadcasterRundomInputStreamTest" name="testInit" time="0.608">
    <failure message="com/zixi/load/drivers/BroadcasterRundomInputStreamDriver" type="java.lang.NoClassDefFoundError">java.lang.NoClassDefFoundError: com/zixi/load/drivers/BroadcasterRundomInputStreamDriver
	at com.zixi.load.testing.BroadcasterRundomInputStreamTest.testInit(BroadcasterRundomInputStreamTest.java:18)
</failure>
  </testcase>
  <testcase classname="com.zixi.load.testing.BroadcasterRundomInputStreamTest" name="beforeTes" time="0.609">
    <skipped/>
  </testcase>
  <testcase classname="com.zixi.load.testing.BroadcasterRundomInputStreamTest" name="broadcasterSwitchUdpOut" time="0">
    <skipped/>
  </testcase>
  <testcase classname="com.zixi.load.testing.BroadcasterRundomInputStreamTest" name="afterTest" time="0">
    <skipped/>
  </testcase>
  <testcase classname="com.zixi.testing.BroadcaserSingleOutputStreamDeletionTest" name="broadcasterSingleStreamRemoving" time="0.491"/>
  <testcase classname="com.zixi.load.testing.BroadcaserAllInputStreamDeletorTest" name="testInit" time="0.526">
    <failure message="com/zixi/drivers/drivers/BroadcaserAllInputStreamDeletorDriver" type="java.lang.NoClassDefFoundError">java.lang.NoClassDefFoundError: com/zixi/drivers/drivers/BroadcaserAllInputStreamDeletorDriver
	at com.zixi.load.testing.BroadcaserAllInputStreamDeletorTest.testInit(BroadcaserAllInputStreamDeletorTest.java:15)
</failure>
  </testcase>
  <testcase classname="com.zixi.load.testing.BroadcaserAllInputStreamDeletorTest" name="beforeTes" time="0.527">
    <skipped/>
  </testcase>
  <testcase classname="com.zixi.load.testing.BroadcaserAllInputStreamDeletorTest" name="broadcasterDeleteAllInputs" time="0">
    <skipped/>
  </testcase>
  <testcase classname="com.zixi.load.testing.BroadcaserAllInputStreamDeletorTest" name="afterTest" time="0">
    <skipped/>
  </testcase>
  <testcase classname="com.zixi.load.testing.BroadcaserAllOututStreamDeletorTest" name="testInit" time="0">
    <failure message="com/zixi/load/drivers/BroadcaserAllOutputStreamDeletorDriver" type="java.lang.NoClassDefFoundError">java.lang.NoClassDefFoundError: com/zixi/load/drivers/BroadcaserAllOutputStreamDeletorDriver
	at com.zixi.load.testing.BroadcaserAllOututStreamDeletorTest.testInit(BroadcaserAllOututStreamDeletorTest.java:20)
</failure>
  </testcase>
  <testcase classname="com.zixi.load.testing.BroadcaserAllOututStreamDeletorTest" name="beforeTes" time="0.002">
    <skipped/>
  </testcase>
  <testcase classname="com.zixi.load.testing.BroadcaserAllOututStreamDeletorTest" name="broadcasterDeleteAllOutputStreams" time="0">
    <skipped/>
  </testcase>
  <testcase classname="com.zixi.load.testing.BroadcaserAllOututStreamDeletorTest" name="afterTest" time="0">
    <skipped/>
  </testcase>
  <testcase classname="com.zixi.load.testing.BroadcasterMultipleBondingTest" name="testInit" time="0.001">
    <failure message="com/zixi/load/drivers/BroadcasterMultipleBondingDriver" type="java.lang.NoClassDefFoundError">java.lang.NoClassDefFoundError: com/zixi/load/drivers/BroadcasterMultipleBondingDriver
	at com.zixi.load.testing.BroadcasterMultipleBondingTest.testInit(BroadcasterMultipleBondingTest.java:19)
Caused by: java.lang.ClassNotFoundException: com.zixi.load.drivers.BroadcasterMultipleBondingDriver
	at java.net.URLClassLoader$1.run(Unknown Source)
	at java.net.URLClassLoader$1.run(Unknown Source)
	at java.security.AccessController.doPrivileged(Native Method)
	at java.net.URLClassLoader.findClass(Unknown Source)
	at java.lang.ClassLoader.loadClass(Unknown Source)
	at sun.misc.Launcher$AppClassLoader.loadClass(Unknown Source)
	at java.lang.ClassLoader.loadClass(Unknown Source)
	... 31 more
</failure>
  </testcase>
  <testcase classname="com.zixi.load.testing.BroadcasterMultipleBondingTest" name="beforeTes" time="0.004">
    <skipped/>
  </testcase>
  <testcase classname="com.zixi.load.testing.BroadcasterMultipleBondingTest" name="broadcasterMultiplePushBondedTest" time="0">
    <skipped/>
  </testcase>
  <testcase classname="com.zixi.load.testing.BroadcasterMultipleBondingTest" name="afterTest" time="0">
    <skipped/>
  </testcase>
  <testcase classname="com.zixi.testing.BroadcasterUDPOutputStreamCreationTest" name="broadcasterPullInCreation" time="0.561"/>
  <testcase classname="com.zixi.load.testing.BroadcasterRundomInputStreamTest" name="testInit" time="0.597">
    <failure message="com/zixi/load/drivers/BroadcasterRundomInputStreamDriver" type="java.lang.NoClassDefFoundError">java.lang.NoClassDefFoundError: com/zixi/load/drivers/BroadcasterRundomInputStreamDriver
	at com.zixi.load.testing.BroadcasterRundomInputStreamTest.testInit(BroadcasterRundomInputStreamTest.java:18)
</failure>
  </testcase>
  <testcase classname="com.zixi.load.testing.BroadcasterRundomInputStreamTest" name="beforeTes" time="0.598">
    <skipped/>
  </testcase>
  <testcase classname="com.zixi.load.testing.BroadcasterRundomInputStreamTest" name="broadcasterSwitchUdpOut" time="0">
    <skipped/>
  </testcase>
  <testcase classname="com.zixi.load.testing.BroadcasterRundomInputStreamTest" name="afterTest" time="0">
    <skipped/>
  </testcase>
  <testcase classname="com.zixi.testing.BroadcaserSingleOutputStreamDeletionTest" name="broadcasterSingleStreamRemoving" time="0.539"/>
  <testcase classname="com.zixi.load.testing.BroadcaserAllInputStreamDeletorTest" name="testInit" time="0.598">
    <failure message="com/zixi/drivers/drivers/BroadcaserAllInputStreamDeletorDriver" type="java.lang.NoClassDefFoundError">java.lang.NoClassDefFoundError: com/zixi/drivers/drivers/BroadcaserAllInputStreamDeletorDriver
	at com.zixi.load.testing.BroadcaserAllInputStreamDeletorTest.testInit(BroadcaserAllInputStreamDeletorTest.java:15)
</failure>
  </testcase>
  <testcase classname="com.zixi.load.testing.BroadcaserAllInputStreamDeletorTest" name="beforeTes" time="0.599">
    <skipped/>
  </testcase>
  <testcase classname="com.zixi.load.testing.BroadcaserAllInputStreamDeletorTest" name="broadcasterDeleteAllInputs" time="0">
    <skipped/>
  </testcase>
  <testcase classname="com.zixi.load.testing.BroadcaserAllInputStreamDeletorTest" name="afterTest" time="0">
    <skipped/>
  </testcase>
  <testcase classname="com.zixi.load.testing.BroadcaserAllOututStreamDeletorTest" name="testInit" time="0.001">
    <failure message="com/zixi/load/drivers/BroadcaserAllOutputStreamDeletorDriver" type="java.lang.NoClassDefFoundError">java.lang.NoClassDefFoundError: com/zixi/load/drivers/BroadcaserAllOutputStreamDeletorDriver
	at com.zixi.load.testing.BroadcaserAllOututStreamDeletorTest.testInit(BroadcaserAllOututStreamDeletorTest.java:20)
</failure>
  </testcase>
  <testcase classname="com.zixi.load.testing.BroadcaserAllOututStreamDeletorTest" name="beforeTes" time="0.002">
    <skipped/>
  </testcase>
  <testcase classname="com.zixi.load.testing.BroadcaserAllOututStreamDeletorTest" name="broadcasterDeleteAllOutputStreams" time="0">
    <skipped/>
  </testcase>
  <testcase classname="com.zixi.load.testing.BroadcaserAllOututStreamDeletorTest" name="afterTest" time="0.001">
    <skipped/>
  </testcase>
  <testcase classname="com.zixi.testing.FeederOutputPushToBxTest" name="testInit" time="0.001">
    <failure message="com/zixi/drivers/drivers/FeederOutputPushToBxDriver" type="java.lang.NoClassDefFoundError">java.lang.NoClassDefFoundError: com/zixi/drivers/drivers/FeederOutputPushToBxDriver
	at com.zixi.testing.FeederOutputPushToBxTest.testInit(FeederOutputPushToBxTest.java:14)
</failure>
  </testcase>
  <testcase classname="com.zixi.testing.FeederOutputPushToBxTest" name="beforeTes" time="0.003">
    <skipped/>
  </testcase>
  <testcase classname="com.zixi.testing.FeederOutputPushToBxTest" name="feederBondedPushOutputCreationTest" time="0">
    <skipped/>
  </testcase>
  <testcase classname="com.zixi.testing.FeederOutputPushToBxTest" name="afterTest" time="0">
    <skipped/>
  </testcase>
  <testcase classname="com.zixi.testing.BroadcasterPushInStreamCreationTest" name="testInit" time="0.001">
    <failure message="com/zixi/drivers/drivers/BroadcasterPushInStreamCreationDriver" type="java.lang.NoClassDefFoundError">java.lang.NoClassDefFoundError: com/zixi/drivers/drivers/BroadcasterPushInStreamCreationDriver
	at com.zixi.testing.BroadcasterPushInStreamCreationTest.testInit(BroadcasterPushInStreamCreationTest.java:13)
</failure>
  </testcase>
  <testcase classname="com.zixi.testing.BroadcasterPushInStreamCreationTest" name="beforeTes" time="0.002">
    <skipped/>
  </testcase>
  <testcase classname="com.zixi.testing.BroadcasterPushInStreamCreationTest" name="broadcasterSingleStreamRemoving" time="0">
    <skipped/>
  </testcase>
  <testcase classname="com.zixi.testing.BroadcasterPushInStreamCreationTest" name="afterTest" time="0">
    <skipped/>
  </testcase>
  <testcase classname="com.zixi.testing.BroadcasterInputStatisticSingleStreamTest" name="broadcasterSingleInputStreamStatisticAnilyzer" time="10.729">
    <failure message="JSONObject[&quot;net&quot;] not found." type="org.json.JSONException">org.json.JSONException: JSONObject[&quot;net&quot;] not found.
	at org.json.JSONObject.get(JSONObject.java:476)
	at org.json.JSONObject.getJSONObject(JSONObject.java:576)
	at com.zixi.tools.StreamStatisticAnalyzer.getStatBitrate(StreamStatisticAnalyzer.java:11)
	at com.zixi.drivers.drivers.BroadcasterInputStatisticSingleStreamDriver.testStatistic(BroadcasterInputStatisticSingleStreamDriver.java:61)
	at com.zixi.testing.BroadcasterInputStatisticSingleStreamTest.broadcasterSingleInputStreamStatisticAnilyzer(BroadcasterInputStatisticSingleStreamTest.java:33)
</failure>
  </testcase>
  <testcase classname="com.zixi.load.testing.BroadcasterMultipleBondingTest" name="testInit" time="10.775">
    <failure message="com/zixi/load/drivers/BroadcasterMultipleBondingDriver" type="java.lang.NoClassDefFoundError">java.lang.NoClassDefFoundError: com/zixi/load/drivers/BroadcasterMultipleBondingDriver
	at com.zixi.load.testing.BroadcasterMultipleBondingTest.testInit(BroadcasterMultipleBondingTest.java:19)
</failure>
  </testcase>
  <testcase classname="com.zixi.load.testing.BroadcasterMultipleBondingTest" name="beforeTes" time="10.777">
    <skipped/>
  </testcase>
  <testcase classname="com.zixi.load.testing.BroadcasterMultipleBondingTest" name="broadcasterMultiplePushBondedTest" time="0">
    <skipped/>
  </testcase>
  <testcase classname="com.zixi.load.testing.BroadcasterMultipleBondingTest" name="afterTest" time="0">
    <skipped/>
  </testcase>
  <testcase classname="com.zixi.testing.BroadcasterUDPOutputStreamCreationTest" name="broadcasterPullInCreation" time="0.556"/>
  <testcase classname="com.zixi.load.testing.BroadcasterRundomInputStreamTest" name="testInit" time="0.589">
    <failure message="com/zixi/load/drivers/BroadcasterRundomInputStreamDriver" type="java.lang.NoClassDefFoundError">java.lang.NoClassDefFoundError: com/zixi/load/drivers/BroadcasterRundomInputStreamDriver
	at com.zixi.load.testing.BroadcasterRundomInputStreamTest.testInit(BroadcasterRundomInputStreamTest.java:18)
</failure>
  </testcase>
  <testcase classname="com.zixi.load.testing.BroadcasterRundomInputStreamTest" name="beforeTes" time="0.59">
    <skipped/>
  </testcase>
  <testcase classname="com.zixi.load.testing.BroadcasterRundomInputStreamTest" name="broadcasterSwitchUdpOut" time="0">
    <skipped/>
  </testcase>
  <testcase classname="com.zixi.load.testing.BroadcasterRundomInputStreamTest" name="afterTest" time="0">
    <skipped/>
  </testcase>
  <testcase classname="com.zixi.testing.BroadcaserSingleOutputStreamDeletionTest" name="broadcasterSingleStreamRemoving" time="0.513"/>
  <testcase classname="com.zixi.load.testing.BroadcaserAllInputStreamDeletorTest" name="testInit" time="0.547">
    <failure message="com/zixi/drivers/drivers/BroadcaserAllInputStreamDeletorDriver" type="java.lang.NoClassDefFoundError">java.lang.NoClassDefFoundError: com/zixi/drivers/drivers/BroadcaserAllInputStreamDeletorDriver
	at com.zixi.load.testing.BroadcaserAllInputStreamDeletorTest.testInit(BroadcaserAllInputStreamDeletorTest.java:15)
</failure>
  </testcase>
  <testcase classname="com.zixi.load.testing.BroadcaserAllInputStreamDeletorTest" name="beforeTes" time="0.548">
    <skipped/>
  </testcase>
  <testcase classname="com.zixi.load.testing.BroadcaserAllInputStreamDeletorTest" name="broadcasterDeleteAllInputs" time="0.001">
    <skipped/>
  </testcase>
  <testcase classname="com.zixi.load.testing.BroadcaserAllInputStreamDeletorTest" name="afterTest" time="0.001">
    <skipped/>
  </testcase>
  <testcase classname="com.zixi.load.testing.BroadcaserAllOututStreamDeletorTest" name="testInit" time="0.001">
    <failure message="com/zixi/load/drivers/BroadcaserAllOutputStreamDeletorDriver" type="java.lang.NoClassDefFoundError">java.lang.NoClassDefFoundError: com/zixi/load/drivers/BroadcaserAllOutputStreamDeletorDriver
	at com.zixi.load.testing.BroadcaserAllOututStreamDeletorTest.testInit(BroadcaserAllOututStreamDeletorTest.java:20)
</failure>
  </testcase>
  <testcase classname="com.zixi.load.testing.BroadcaserAllOututStreamDeletorTest" name="beforeTes" time="0.003">
    <skipped/>
  </testcase>
  <testcase classname="com.zixi.load.testing.BroadcaserAllOututStreamDeletorTest" name="broadcasterDeleteAllOutputStreams" time="0">
    <skipped/>
  </testcase>
  <testcase classname="com.zixi.load.testing.BroadcaserAllOututStreamDeletorTest" name="afterTest" time="0">
    <skipped/>
  </testcase>
  <testcase classname="com.zixi.testing.FeederBondedOutputDeletioinTest" name="testInit" time="0.001">
    <failure message="com/zixi/drivers/drivers/FeederOutputDeletionDriver" type="java.lang.NoClassDefFoundError">java.lang.NoClassDefFoundError: com/zixi/drivers/drivers/FeederOutputDeletionDriver
	at com.zixi.testing.FeederBondedOutputDeletioinTest.testInit(FeederBondedOutputDeletioinTest.java:13)
Caused by: java.lang.ClassNotFoundException: com.zixi.drivers.drivers.FeederOutputDeletionDriver
	at java.net.URLClassLoader$1.run(Unknown Source)
	at java.net.URLClassLoader$1.run(Unknown Source)
	at java.security.AccessController.doPrivileged(Native Method)
	at java.net.URLClassLoader.findClass(Unknown Source)
	at java.lang.ClassLoader.loadClass(Unknown Source)
	at sun.misc.Launcher$AppClassLoader.loadClass(Unknown Source)
	at java.lang.ClassLoader.loadClass(Unknown Source)
	... 31 more
</failure>
  </testcase>
  <testcase classname="com.zixi.testing.FeederBondedOutputDeletioinTest" name="beforeTes" time="0.003">
    <skipped/>
  </testcase>
  <testcase classname="com.zixi.testing.FeederBondedOutputDeletioinTest" name="broadcasterBondedTwoLinkStreamRemoving" time="0">
    <skipped/>
  </testcase>
  <testcase classname="com.zixi.testing.FeederBondedOutputDeletioinTest" name="afterTest" time="0.001">
    <skipped/>
  </testcase>
  <testcase classname="com.zixi.testing.BroadcasterSingleInputStreamDeletionTest" name="testInit" time="0.001">
    <failure message="com/zixi/drivers/drivers/BroadcasterSingleInputStreamDeletionDriver" type="java.lang.NoClassDefFoundError">java.lang.NoClassDefFoundError: com/zixi/drivers/drivers/BroadcasterSingleInputStreamDeletionDriver
	at com.zixi.testing.BroadcasterSingleInputStreamDeletionTest.testInit(BroadcasterSingleInputStreamDeletionTest.java:14)
</failure>
  </testcase>
  <testcase classname="com.zixi.testing.BroadcasterSingleInputStreamDeletionTest" name="beforeTes" time="0.002">
    <skipped/>
  </testcase>
  <testcase classname="com.zixi.testing.BroadcasterSingleInputStreamDeletionTest" name="broadcasterInputStreamDeletion" time="0">
    <skipped/>
  </testcase>
  <testcase classname="com.zixi.testing.BroadcasterSingleInputStreamDeletionTest" name="afterTest" time="0">
    <skipped/>
  </testcase>
  <testcase classname="com.zixi.testing.BroadcasterRtmpInputTest" name="testInit" time="0.001">
    <failure message="com/zixi/drivers/drivers/BroadcasterRtmpInCreationDriver" type="java.lang.NoClassDefFoundError">java.lang.NoClassDefFoundError: com/zixi/drivers/drivers/BroadcasterRtmpInCreationDriver
	at com.zixi.testing.BroadcasterRtmpInputTest.testInit(BroadcasterRtmpInputTest.java:18)
Caused by: java.lang.ClassNotFoundException: com.zixi.drivers.drivers.BroadcasterRtmpInCreationDriver
	at java.net.URLClassLoader$1.run(Unknown Source)
	at java.net.URLClassLoader$1.run(Unknown Source)
	at java.security.AccessController.doPrivileged(Native Method)
	at java.net.URLClassLoader.findClass(Unknown Source)
	at java.lang.ClassLoader.loadClass(Unknown Source)
	at sun.misc.Launcher$AppClassLoader.loadClass(Unknown Source)
	at java.lang.ClassLoader.loadClass(Unknown Source)
	... 31 more
</failure>
  </testcase>
  <testcase classname="com.zixi.testing.BroadcasterRtmpInputTest" name="beforeTes" time="0.003">
    <skipped/>
  </testcase>
  <testcase classname="com.zixi.testing.BroadcasterRtmpInputTest" name="broadcasterRtmpPullTest" time="0">
    <skipped/>
  </testcase>
  <testcase classname="com.zixi.testing.BroadcasterRtmpInputTest" name="afterTest" time="0">
    <skipped/>
  </testcase>
  <testcase classname="com.zixi.testing.BroadcasterInputStatisticSingleStreamTest" name="broadcasterSingleInputStreamStatisticAnilyzer" time="70.604"/>
  <testcase classname="com.zixi.testing.BroadcasterSingleInputStreamDeletionTest" name="testInit" time="70.686">
    <failure message="com/zixi/drivers/drivers/BroadcasterSingleInputStreamDeletionDriver" type="java.lang.NoClassDefFoundError">java.lang.NoClassDefFoundError: com/zixi/drivers/drivers/BroadcasterSingleInputStreamDeletionDriver
	at com.zixi.testing.BroadcasterSingleInputStreamDeletionTest.testInit(BroadcasterSingleInputStreamDeletionTest.java:14)
</failure>
  </testcase>
  <testcase classname="com.zixi.testing.BroadcasterSingleInputStreamDeletionTest" name="beforeTes" time="70.687">
    <skipped/>
  </testcase>
  <testcase classname="com.zixi.testing.BroadcasterSingleInputStreamDeletionTest" name="broadcasterInputStreamDeletion" time="0.001">
    <skipped/>
  </testcase>
  <testcase classname="com.zixi.testing.BroadcasterSingleInputStreamDeletionTest" name="afterTest" time="0.001">
    <skipped/>
  </testcase>
  <testcase classname="com.zixi.testing.BroadcasterRtmpInputEncryptedTest" name="testInit" time="0.002">
    <failure message="com/zixi/drivers/drivers/BroadcasterRtmpInCreationDriver" type="java.lang.NoClassDefFoundError">java.lang.NoClassDefFoundError: com/zixi/drivers/drivers/BroadcasterRtmpInCreationDriver
	at com.zixi.testing.BroadcasterRtmpInputEncryptedTest.testInit(BroadcasterRtmpInputEncryptedTest.java:18)
Caused by: java.lang.ClassNotFoundException: com.zixi.drivers.drivers.BroadcasterRtmpInCreationDriver
	at java.net.URLClassLoader$1.run(Unknown Source)
	at java.net.URLClassLoader$1.run(Unknown Source)
	at java.security.AccessController.doPrivileged(Native Method)
	at java.net.URLClassLoader.findClass(Unknown Source)
	at java.lang.ClassLoader.loadClass(Unknown Source)
	at sun.misc.Launcher$AppClassLoader.loadClass(Unknown Source)
	at java.lang.ClassLoader.loadClass(Unknown Source)
	... 31 more
</failure>
  </testcase>
  <testcase classname="com.zixi.testing.BroadcasterRtmpInputEncryptedTest" name="beforeTes" time="0.003">
    <skipped/>
  </testcase>
  <testcase classname="com.zixi.testing.BroadcasterRtmpInputEncryptedTest" name="broadcasterRtmpPullTest" time="0">
    <skipped/>
  </testcase>
  <testcase classname="com.zixi.testing.BroadcasterRtmpInputEncryptedTest" name="afterTest" time="0">
    <skipped/>
  </testcase>
  <testcase classname="com.zixi.testing.BroadcasterUDPOutputStreamCreationTest" name="broadcasterPullInCreation" time="0.546"/>
  <testcase classname="com.zixi.testing.FFMPEGImageStatisticTest" name="testInit" time="0.583">
    <failure message="com/zixi/drivers/drivers/FFMPEGImageStatisticTestDriver" type="java.lang.NoClassDefFoundError">java.lang.NoClassDefFoundError: com/zixi/drivers/drivers/FFMPEGImageStatisticTestDriver
	at com.zixi.testing.FFMPEGImageStatisticTest.testInit(FFMPEGImageStatisticTest.java:15)
</failure>
  </testcase>
  <testcase classname="com.zixi.testing.FFMPEGImageStatisticTest" name="beforeTes" time="0.584">
    <skipped/>
  </testcase>
  <testcase classname="com.zixi.testing.FFMPEGImageStatisticTest" name="broadcasterSingleInputStreamStatisticAnilyzer" time="0">
    <skipped/>
  </testcase>
  <testcase classname="com.zixi.testing.FFMPEGImageStatisticTest" name="afterTest" time="0">
    <skipped/>
  </testcase>
  <testcase classname="com.zixi.testing.BroadcaserSingleOutputStreamDeletionTest" name="broadcasterSingleStreamRemoving" time="0.494"/>
  <testcase classname="com.zixi.testing.BroadcasterSingleInputStreamDeletionTest" name="testInit" time="0.531">
    <failure message="com/zixi/drivers/drivers/BroadcasterSingleInputStreamDeletionDriver" type="java.lang.NoClassDefFoundError">java.lang.NoClassDefFoundError: com/zixi/drivers/drivers/BroadcasterSingleInputStreamDeletionDriver
	at com.zixi.testing.BroadcasterSingleInputStreamDeletionTest.testInit(BroadcasterSingleInputStreamDeletionTest.java:14)
</failure>
  </testcase>
  <testcase classname="com.zixi.testing.BroadcasterSingleInputStreamDeletionTest" name="beforeTes" time="0.532">
    <skipped/>
  </testcase>
  <testcase classname="com.zixi.testing.BroadcasterSingleInputStreamDeletionTest" name="broadcasterInputStreamDeletion" time="0">
    <skipped/>
  </testcase>
  <testcase classname="com.zixi.testing.BroadcasterSingleInputStreamDeletionTest" name="afterTest" time="0">
    <skipped/>
  </testcase>
  <testcase classname="com.zixi.testing.BroadcasterRtmpInputEncryptedTest" name="testInit" time="0.001">
    <failure message="com/zixi/drivers/drivers/BroadcasterRtmpInCreationDriver" type="java.lang.NoClassDefFoundError">java.lang.NoClassDefFoundError: com/zixi/drivers/drivers/BroadcasterRtmpInCreationDriver
	at com.zixi.testing.BroadcasterRtmpInputEncryptedTest.testInit(BroadcasterRtmpInputEncryptedTest.java:18)
</failure>
  </testcase>
  <testcase classname="com.zixi.testing.BroadcasterRtmpInputEncryptedTest" name="beforeTes" time="0.001">
    <skipped/>
  </testcase>
  <testcase classname="com.zixi.testing.BroadcasterRtmpInputEncryptedTest" name="broadcasterRtmpPullTest" time="0">
    <skipped/>
  </testcase>
  <testcase classname="com.zixi.testing.BroadcasterRtmpInputEncryptedTest" name="afterTest" time="0.001">
    <skipped/>
  </testcase>
  <testcase classname="com.zixi.testing.BroadcasterUDPOutputStreamCreationTest" name="broadcasterPullInCreation" time="0.528"/>
  <testcase classname="com.zixi.testing.FFMPEGImageStatisticTest" name="testInit" time="0.561">
    <failure message="com/zixi/drivers/drivers/FFMPEGImageStatisticTestDriver" type="java.lang.NoClassDefFoundError">java.lang.NoClassDefFoundError: com/zixi/drivers/drivers/FFMPEGImageStatisticTestDriver
	at com.zixi.testing.FFMPEGImageStatisticTest.testInit(FFMPEGImageStatisticTest.java:15)
</failure>
  </testcase>
  <testcase classname="com.zixi.testing.FFMPEGImageStatisticTest" name="beforeTes" time="0.562">
    <skipped/>
  </testcase>
  <testcase classname="com.zixi.testing.FFMPEGImageStatisticTest" name="broadcasterSingleInputStreamStatisticAnilyzer" time="0">
    <skipped/>
  </testcase>
  <testcase classname="com.zixi.testing.FFMPEGImageStatisticTest" name="afterTest" time="0">
    <skipped/>
  </testcase>
  <testcase classname="com.zixi.testing.BroadcaserSingleOutputStreamDeletionTest" name="broadcasterSingleStreamRemoving" time="0.483"/>
  <testcase classname="com.zixi.testing.BroadcasterSingleInputStreamDeletionTest" name="testInit" time="0.537">
    <failure message="com/zixi/drivers/drivers/BroadcasterSingleInputStreamDeletionDriver" type="java.lang.NoClassDefFoundError">java.lang.NoClassDefFoundError: com/zixi/drivers/drivers/BroadcasterSingleInputStreamDeletionDriver
	at com.zixi.testing.BroadcasterSingleInputStreamDeletionTest.testInit(BroadcasterSingleInputStreamDeletionTest.java:14)
</failure>
  </testcase>
  <testcase classname="com.zixi.testing.BroadcasterSingleInputStreamDeletionTest" name="beforeTes" time="0.537">
    <skipped/>
  </testcase>
  <testcase classname="com.zixi.testing.BroadcasterSingleInputStreamDeletionTest" name="broadcasterInputStreamDeletion" time="0">
    <skipped/>
  </testcase>
  <testcase classname="com.zixi.testing.BroadcasterSingleInputStreamDeletionTest" name="afterTest" time="0">
    <skipped/>
  </testcase>
  <testcase classname="com.zixi.testing.BroadcasterRtmpInputEncryptedTest" name="testInit" time="0">
    <failure message="com/zixi/drivers/drivers/BroadcasterRtmpInCreationDriver" type="java.lang.NoClassDefFoundError">java.lang.NoClassDefFoundError: com/zixi/drivers/drivers/BroadcasterRtmpInCreationDriver
	at com.zixi.testing.BroadcasterRtmpInputEncryptedTest.testInit(BroadcasterRtmpInputEncryptedTest.java:18)
</failure>
  </testcase>
  <testcase classname="com.zixi.testing.BroadcasterRtmpInputEncryptedTest" name="beforeTes" time="0.001">
    <skipped/>
  </testcase>
  <testcase classname="com.zixi.testing.BroadcasterRtmpInputEncryptedTest" name="broadcasterRtmpPullTest" time="0">
    <skipped/>
  </testcase>
  <testcase classname="com.zixi.testing.BroadcasterRtmpInputEncryptedTest" name="afterTest" time="0">
    <skipped/>
  </testcase>
  <testcase classname="com.zixi.testing.BroadcasterUDPOutputStreamCreationTest" name="broadcasterPullInCreation" time="0.492"/>
  <testcase classname="com.zixi.testing.FFMPEGImageStatisticTest" name="testInit" time="0.525">
    <failure message="com/zixi/drivers/drivers/FFMPEGImageStatisticTestDriver" type="java.lang.NoClassDefFoundError">java.lang.NoClassDefFoundError: com/zixi/drivers/drivers/FFMPEGImageStatisticTestDriver
	at com.zixi.testing.FFMPEGImageStatisticTest.testInit(FFMPEGImageStatisticTest.java:15)
</failure>
  </testcase>
  <testcase classname="com.zixi.testing.FFMPEGImageStatisticTest" name="beforeTes" time="0.525">
    <skipped/>
  </testcase>
  <testcase classname="com.zixi.testing.FFMPEGImageStatisticTest" name="broadcasterSingleInputStreamStatisticAnilyzer" time="0.001">
    <skipped/>
  </testcase>
  <testcase classname="com.zixi.testing.FFMPEGImageStatisticTest" name="afterTest" time="0.001">
    <skipped/>
  </testcase>
  <testcase classname="com.zixi.testing.BroadcaserSingleOutputStreamDeletionTest" name="broadcasterSingleStreamRemoving" time="0.526"/>
  <testcase classname="com.zixi.testing.BroadcasterSingleInputStreamDeletionTest" name="testInit" time="0.559">
    <failure message="com/zixi/drivers/drivers/BroadcasterSingleInputStreamDeletionDriver" type="java.lang.NoClassDefFoundError">java.lang.NoClassDefFoundError: com/zixi/drivers/drivers/BroadcasterSingleInputStreamDeletionDriver
	at com.zixi.testing.BroadcasterSingleInputStreamDeletionTest.testInit(BroadcasterSingleInputStreamDeletionTest.java:14)
</failure>
  </testcase>
  <testcase classname="com.zixi.testing.BroadcasterSingleInputStreamDeletionTest" name="beforeTes" time="0.56">
    <skipped/>
  </testcase>
  <testcase classname="com.zixi.testing.BroadcasterSingleInputStreamDeletionTest" name="broadcasterInputStreamDeletion" time="0">
    <skipped/>
  </testcase>
  <testcase classname="com.zixi.testing.BroadcasterSingleInputStreamDeletionTest" name="afterTest" time="0">
    <skipped/>
  </testcase>
  <testcase classname="com.zixi.testing.BroadcasterRtmpPushOutputCreationTest" name="testInit" time="0">
    <failure message="com/zixi/drivers/drivers/BroadcasterRtmpPushOutputCreationDriver" type="java.lang.NoClassDefFoundError">java.lang.NoClassDefFoundError: com/zixi/drivers/drivers/BroadcasterRtmpPushOutputCreationDriver
	at com.zixi.testing.BroadcasterRtmpPushOutputCreationTest.testInit(BroadcasterRtmpPushOutputCreationTest.java:14)
Caused by: java.lang.ClassNotFoundException: com.zixi.drivers.drivers.BroadcasterRtmpPushOutputCreationDriver
	at java.net.URLClassLoader$1.run(Unknown Source)
	at java.net.URLClassLoader$1.run(Unknown Source)
	at java.security.AccessController.doPrivileged(Native Method)
	at java.net.URLClassLoader.findClass(Unknown Source)
	at java.lang.ClassLoader.loadClass(Unknown Source)
	at sun.misc.Launcher$AppClassLoader.loadClass(Unknown Source)
	at java.lang.ClassLoader.loadClass(Unknown Source)
	... 31 more
</failure>
  </testcase>
  <testcase classname="com.zixi.testing.BroadcasterRtmpPushOutputCreationTest" name="beforeTes" time="0.002">
    <skipped/>
  </testcase>
  <testcase classname="com.zixi.testing.BroadcasterRtmpPushOutputCreationTest" name="broadcasterSingleStreamRemoving" time="0">
    <skipped/>
  </testcase>
  <testcase classname="com.zixi.testing.BroadcasterRtmpPushOutputCreationTest" name="afterTest" time="0">
    <skipped/>
  </testcase>
  <testcase classname="com.zixi.testing.BroadcasterRtmpPushInputCreationStreamTest" name="testInit" time="0.001">
    <failure message="com/zixi/drivers/drivers/BroadcasterRtmpPushInputStreamDriver" type="java.lang.NoClassDefFoundError">java.lang.NoClassDefFoundError: com/zixi/drivers/drivers/BroadcasterRtmpPushInputStreamDriver
	at com.zixi.testing.BroadcasterRtmpPushInputCreationStreamTest.testInit(BroadcasterRtmpPushInputCreationStreamTest.java:14)
Caused by: java.lang.ClassNotFoundException: com.zixi.drivers.drivers.BroadcasterRtmpPushInputStreamDriver
	at java.net.URLClassLoader$1.run(Unknown Source)
	at java.net.URLClassLoader$1.run(Unknown Source)
	at java.security.AccessController.doPrivileged(Native Method)
	at java.net.URLClassLoader.findClass(Unknown Source)
	at java.lang.ClassLoader.loadClass(Unknown Source)
	at sun.misc.Launcher$AppClassLoader.loadClass(Unknown Source)
	at java.lang.ClassLoader.loadClass(Unknown Source)
	... 31 more
</failure>
  </testcase>
  <testcase classname="com.zixi.testing.BroadcasterRtmpPushInputCreationStreamTest" name="beforeTes" time="0.003">
    <skipped/>
  </testcase>
  <testcase classname="com.zixi.testing.BroadcasterRtmpPushInputCreationStreamTest" name="broadcasterRtmpPushTest" time="0">
    <skipped/>
  </testcase>
  <testcase classname="com.zixi.testing.BroadcasterRtmpPushInputCreationStreamTest" name="afterTest" time="0">
    <skipped/>
  </testcase>
  <testcase classname="com.zixi.testing.BroadcasterInputStatisticSingleStreamTest" name="broadcasterSingleInputStreamStatisticAnilyzer" time="10.746">
    <failure message="JSONObject[&quot;net&quot;] not found." type="org.json.JSONException">org.json.JSONException: JSONObject[&quot;net&quot;] not found.
	at org.json.JSONObject.get(JSONObject.java:476)
	at org.json.JSONObject.getJSONObject(JSONObject.java:576)
	at com.zixi.tools.StreamStatisticAnalyzer.getStatBitrate(StreamStatisticAnalyzer.java:11)
	at com.zixi.drivers.drivers.BroadcasterInputStatisticSingleStreamDriver.testStatistic(BroadcasterInputStatisticSingleStreamDriver.java:61)
	at com.zixi.testing.BroadcasterInputStatisticSingleStreamTest.broadcasterSingleInputStreamStatisticAnilyzer(BroadcasterInputStatisticSingleStreamTest.java:33)
</failure>
  </testcase>
  <testcase classname="com.zixi.testing.BroadcasterSingleInputStreamDeletionTest" name="testInit" time="10.787">
    <failure message="com/zixi/drivers/drivers/BroadcasterSingleInputStreamDeletionDriver" type="java.lang.NoClassDefFoundError">java.lang.NoClassDefFoundError: com/zixi/drivers/drivers/BroadcasterSingleInputStreamDeletionDriver
	at com.zixi.testing.BroadcasterSingleInputStreamDeletionTest.testInit(BroadcasterSingleInputStreamDeletionTest.java:14)
</failure>
  </testcase>
  <testcase classname="com.zixi.testing.BroadcasterSingleInputStreamDeletionTest" name="beforeTes" time="10.788">
    <skipped/>
  </testcase>
  <testcase classname="com.zixi.testing.BroadcasterSingleInputStreamDeletionTest" name="broadcasterInputStreamDeletion" time="0">
    <skipped/>
  </testcase>
  <testcase classname="com.zixi.testing.BroadcasterSingleInputStreamDeletionTest" name="afterTest" time="0">
    <skipped/>
  </testcase>
  <testcase classname="com.zixi.testing.BroadcaserSingleOutputStreamDeletionTest" name="broadcasterSingleStreamRemoving" time="0.307">
    <failure message="expected [Output rtmpushout removed.] but found [{&quot;error&quot;:&quot;failed removing output null&quot;}]" type="java.lang.AssertionError">java.lang.AssertionError: expected [Output rtmpushout removed.] but found [{&quot;error&quot;:&quot;failed removing output null&quot;}]
	at org.testng.Assert.fail(Assert.java:94)
	at org.testng.Assert.failNotEquals(Assert.java:496)
	at org.testng.Assert.assertEquals(Assert.java:125)
	at org.testng.Assert.assertEquals(Assert.java:178)
	at org.testng.Assert.assertEquals(Assert.java:188)
	at com.zixi.testing.BroadcaserSingleOutputStreamDeletionTest.broadcasterSingleStreamRemoving(BroadcaserSingleOutputStreamDeletionTest.java:34)
</failure>
    <system-out>bug -------------&gt;&gt;&gt; JSONObject[&quot;msg&quot;] not found. Request is http://10.7.0.63:4444/zixi/remove_output.json?id=null&amp;stream=null 
Line Number is 127
Exception type is class org.json.JSONException
</system-out>
  </testcase>
  <testcase classname="com.zixi.testing.BroadcasterRtmpPushOutputCreationTest" name="testInit" time="0.339">
    <failure message="com/zixi/drivers/drivers/BroadcasterRtmpPushOutputCreationDriver" type="java.lang.NoClassDefFoundError">java.lang.NoClassDefFoundError: com/zixi/drivers/drivers/BroadcasterRtmpPushOutputCreationDriver
	at com.zixi.testing.BroadcasterRtmpPushOutputCreationTest.testInit(BroadcasterRtmpPushOutputCreationTest.java:14)
</failure>
    <system-out>bug -------------&gt;&gt;&gt; JSONObject[&quot;msg&quot;] not found. Request is http://10.7.0.63:4444/zixi/remove_output.json?id=null&amp;stream=null 
Line Number is 127
Exception type is class org.json.JSONException
</system-out>
  </testcase>
  <testcase classname="com.zixi.testing.BroadcasterRtmpPushOutputCreationTest" name="beforeTes" time="0.34">
    <skipped/>
  </testcase>
  <testcase classname="com.zixi.testing.BroadcasterRtmpPushOutputCreationTest" name="broadcasterSingleStreamRemoving" time="0">
    <skipped/>
  </testcase>
  <testcase classname="com.zixi.testing.BroadcasterRtmpPushOutputCreationTest" name="afterTest" time="0">
    <skipped/>
  </testcase>
  <testcase classname="com.zixi.testing.BroadcasterRtmpPushInputCreationStreamTest" name="testInit" time="0.001">
    <failure message="com/zixi/drivers/drivers/BroadcasterRtmpPushInputStreamDriver" type="java.lang.NoClassDefFoundError">java.lang.NoClassDefFoundError: com/zixi/drivers/drivers/BroadcasterRtmpPushInputStreamDriver
	at com.zixi.testing.BroadcasterRtmpPushInputCreationStreamTest.testInit(BroadcasterRtmpPushInputCreationStreamTest.java:14)
</failure>
  </testcase>
  <testcase classname="com.zixi.testing.BroadcasterRtmpPushInputCreationStreamTest" name="beforeTes" time="0.002">
    <skipped/>
  </testcase>
  <testcase classname="com.zixi.testing.BroadcasterRtmpPushInputCreationStreamTest" name="broadcasterRtmpPushTest" time="0">
    <skipped/>
  </testcase>
  <testcase classname="com.zixi.testing.BroadcasterRtmpPushInputCreationStreamTest" name="afterTest" time="0">
    <skipped/>
  </testcase>
  <testcase classname="com.zixi.testing.BroadcasterInputStatisticSingleStreamTest" name="broadcasterSingleInputStreamStatisticAnilyzer" time="10.795">
    <failure message="JSONObject[&quot;net&quot;] not found." type="org.json.JSONException">org.json.JSONException: JSONObject[&quot;net&quot;] not found.
	at org.json.JSONObject.get(JSONObject.java:476)
	at org.json.JSONObject.getJSONObject(JSONObject.java:576)
	at com.zixi.tools.StreamStatisticAnalyzer.getStatBitrate(StreamStatisticAnalyzer.java:11)
	at com.zixi.drivers.drivers.BroadcasterInputStatisticSingleStreamDriver.testStatistic(BroadcasterInputStatisticSingleStreamDriver.java:61)
	at com.zixi.testing.BroadcasterInputStatisticSingleStreamTest.broadcasterSingleInputStreamStatisticAnilyzer(BroadcasterInputStatisticSingleStreamTest.java:33)
</failure>
  </testcase>
  <testcase classname="com.zixi.testing.BroadcasterSingleInputStreamDeletionTest" name="testInit" time="10.833">
    <failure message="com/zixi/drivers/drivers/BroadcasterSingleInputStreamDeletionDriver" type="java.lang.NoClassDefFoundError">java.lang.NoClassDefFoundError: com/zixi/drivers/drivers/BroadcasterSingleInputStreamDeletionDriver
	at com.zixi.testing.BroadcasterSingleInputStreamDeletionTest.testInit(BroadcasterSingleInputStreamDeletionTest.java:14)
</failure>
  </testcase>
  <testcase classname="com.zixi.testing.BroadcasterSingleInputStreamDeletionTest" name="beforeTes" time="10.835">
    <skipped/>
  </testcase>
  <testcase classname="com.zixi.testing.BroadcasterSingleInputStreamDeletionTest" name="broadcasterInputStreamDeletion" time="0">
    <skipped/>
  </testcase>
  <testcase classname="com.zixi.testing.BroadcasterSingleInputStreamDeletionTest" name="afterTest" time="0">
    <skipped/>
  </testcase>
  <testcase classname="com.zixi.testing.BroadcaserSingleOutputStreamDeletionTest" name="broadcasterSingleStreamRemoving" time="0.296">
    <failure message="expected [Output rtmpushout removed.] but found [{&quot;error&quot;:&quot;failed removing output null&quot;}]" type="java.lang.AssertionError">java.lang.AssertionError: expected [Output rtmpushout removed.] but found [{&quot;error&quot;:&quot;failed removing output null&quot;}]
	at org.testng.Assert.fail(Assert.java:94)
	at org.testng.Assert.failNotEquals(Assert.java:496)
	at org.testng.Assert.assertEquals(Assert.java:125)
	at org.testng.Assert.assertEquals(Assert.java:178)
	at org.testng.Assert.assertEquals(Assert.java:188)
	at com.zixi.testing.BroadcaserSingleOutputStreamDeletionTest.broadcasterSingleStreamRemoving(BroadcaserSingleOutputStreamDeletionTest.java:34)
</failure>
    <system-out>bug -------------&gt;&gt;&gt; JSONObject[&quot;msg&quot;] not found. Request is http://10.7.0.63:4444/zixi/remove_output.json?id=null&amp;stream=null 
Line Number is 127
Exception type is class org.json.JSONException
</system-out>
  </testcase>
  <testcase classname="com.zixi.testing.FeederOutputPushToBxTest" name="testInit" time="0.334">
    <failure message="com/zixi/drivers/drivers/FeederOutputPushToBxDriver" type="java.lang.NoClassDefFoundError">java.lang.NoClassDefFoundError: com/zixi/drivers/drivers/FeederOutputPushToBxDriver
	at com.zixi.testing.FeederOutputPushToBxTest.testInit(FeederOutputPushToBxTest.java:14)
</failure>
    <system-out>bug -------------&gt;&gt;&gt; JSONObject[&quot;msg&quot;] not found. Request is http://10.7.0.63:4444/zixi/remove_output.json?id=null&amp;stream=null 
Line Number is 127
Exception type is class org.json.JSONException
</system-out>
  </testcase>
  <testcase classname="com.zixi.testing.FeederOutputPushToBxTest" name="beforeTes" time="0.335">
    <skipped/>
  </testcase>
  <testcase classname="com.zixi.testing.FeederOutputPushToBxTest" name="feederOutputToBxTest" time="0">
    <skipped/>
  </testcase>
  <testcase classname="com.zixi.testing.FeederOutputPushToBxTest" name="afterTest" time="0">
    <skipped/>
  </testcase>
  <testcase classname="com.zixi.testing.BroadcasterPushInStreamCreationTest" name="testInit" time="0">
    <failure message="com/zixi/drivers/drivers/BroadcasterPushInStreamCreationDriver" type="java.lang.NoClassDefFoundError">java.lang.NoClassDefFoundError: com/zixi/drivers/drivers/BroadcasterPushInStreamCreationDriver
	at com.zixi.testing.BroadcasterPushInStreamCreationTest.testInit(BroadcasterPushInStreamCreationTest.java:13)
</failure>
  </testcase>
  <testcase classname="com.zixi.testing.BroadcasterPushInStreamCreationTest" name="beforeTes" time="0">
    <skipped/>
  </testcase>
  <testcase classname="com.zixi.testing.BroadcasterPushInStreamCreationTest" name="broadcasterSingleStreamRemoving" time="0">
    <skipped/>
  </testcase>
  <testcase classname="com.zixi.testing.BroadcasterPushInStreamCreationTest" name="afterTest" time="0">
    <skipped/>
  </testcase>
  <testcase classname="com.zixi.testing.BroadcasterRtmpPushOutputCreationTest" name="testInit" time="0.001">
    <failure message="com/zixi/drivers/drivers/BroadcasterRtmpPushOutputCreationDriver" type="java.lang.NoClassDefFoundError">java.lang.NoClassDefFoundError: com/zixi/drivers/drivers/BroadcasterRtmpPushOutputCreationDriver
	at com.zixi.testing.BroadcasterRtmpPushOutputCreationTest.testInit(BroadcasterRtmpPushOutputCreationTest.java:14)
</failure>
  </testcase>
  <testcase classname="com.zixi.testing.BroadcasterRtmpPushOutputCreationTest" name="beforeTes" time="0.001">
    <skipped/>
  </testcase>
  <testcase classname="com.zixi.testing.BroadcasterRtmpPushOutputCreationTest" name="broadcasterSingleStreamRemoving" time="0">
    <skipped/>
  </testcase>
  <testcase classname="com.zixi.testing.BroadcasterRtmpPushOutputCreationTest" name="afterTest" time="0">
    <skipped/>
  </testcase>
  <testcase classname="com.zixi.testing.BroadcasterRtmpPushInputCreationStreamTest" name="testInit" time="0">
    <failure message="com/zixi/drivers/drivers/BroadcasterRtmpPushInputStreamDriver" type="java.lang.NoClassDefFoundError">java.lang.NoClassDefFoundError: com/zixi/drivers/drivers/BroadcasterRtmpPushInputStreamDriver
	at com.zixi.testing.BroadcasterRtmpPushInputCreationStreamTest.testInit(BroadcasterRtmpPushInputCreationStreamTest.java:14)
</failure>
  </testcase>
  <testcase classname="com.zixi.testing.BroadcasterRtmpPushInputCreationStreamTest" name="beforeTes" time="0.001">
    <skipped/>
  </testcase>
  <testcase classname="com.zixi.testing.BroadcasterRtmpPushInputCreationStreamTest" name="broadcasterRtmpPushTest" time="0">
    <skipped/>
  </testcase>
  <testcase classname="com.zixi.testing.BroadcasterRtmpPushInputCreationStreamTest" name="afterTest" time="0">
    <skipped/>
  </testcase>
  <testcase classname="com.zixi.testing.BroadcasterInputStatisticSingleStreamTest" name="broadcasterSingleInputStreamStatisticAnilyzer" time="10.771">
    <failure message="JSONObject[&quot;net&quot;] not found." type="org.json.JSONException">org.json.JSONException: JSONObject[&quot;net&quot;] not found.
	at org.json.JSONObject.get(JSONObject.java:476)
	at org.json.JSONObject.getJSONObject(JSONObject.java:576)
	at com.zixi.tools.StreamStatisticAnalyzer.getStatBitrate(StreamStatisticAnalyzer.java:11)
	at com.zixi.drivers.drivers.BroadcasterInputStatisticSingleStreamDriver.testStatistic(BroadcasterInputStatisticSingleStreamDriver.java:61)
	at com.zixi.testing.BroadcasterInputStatisticSingleStreamTest.broadcasterSingleInputStreamStatisticAnilyzer(BroadcasterInputStatisticSingleStreamTest.java:33)
</failure>
  </testcase>
  <testcase classname="com.zixi.testing.BroadcasterUDPOutputStreamCreationTest" name="broadcasterPullInCreation" time="0.524"/>
  <testcase classname="com.zixi.testing.FFMPEGImageStatisticTest" name="testInit" time="0.567">
    <failure message="com/zixi/drivers/drivers/FFMPEGImageStatisticTestDriver" type="java.lang.NoClassDefFoundError">java.lang.NoClassDefFoundError: com/zixi/drivers/drivers/FFMPEGImageStatisticTestDriver
	at com.zixi.testing.FFMPEGImageStatisticTest.testInit(FFMPEGImageStatisticTest.java:15)
</failure>
  </testcase>
  <testcase classname="com.zixi.testing.FFMPEGImageStatisticTest" name="beforeTes" time="0.568">
    <skipped/>
  </testcase>
  <testcase classname="com.zixi.testing.FFMPEGImageStatisticTest" name="broadcasterSingleInputStreamStatisticAnilyzer" time="0">
    <skipped/>
  </testcase>
  <testcase classname="com.zixi.testing.FFMPEGImageStatisticTest" name="afterTest" time="0">
    <skipped/>
  </testcase>
  <testcase classname="com.zixi.testing.BroadcaserSingleOutputStreamDeletionTest" name="broadcasterSingleStreamRemoving" time="0.58"/>
  <testcase classname="com.zixi.testing.BroadcasterSingleInputStreamDeletionTest" name="testInit" time="0.613">
    <failure message="com/zixi/drivers/drivers/BroadcasterSingleInputStreamDeletionDriver" type="java.lang.NoClassDefFoundError">java.lang.NoClassDefFoundError: com/zixi/drivers/drivers/BroadcasterSingleInputStreamDeletionDriver
	at com.zixi.testing.BroadcasterSingleInputStreamDeletionTest.testInit(BroadcasterSingleInputStreamDeletionTest.java:14)
</failure>
  </testcase>
  <testcase classname="com.zixi.testing.BroadcasterSingleInputStreamDeletionTest" name="beforeTes" time="0.614">
    <skipped/>
  </testcase>
  <testcase classname="com.zixi.testing.BroadcasterSingleInputStreamDeletionTest" name="broadcasterInputStreamDeletion" time="0">
    <skipped/>
  </testcase>
  <testcase classname="com.zixi.testing.BroadcasterSingleInputStreamDeletionTest" name="afterTest" time="0">
    <skipped/>
  </testcase>
  <testcase classname="com.zixi.testing.BroadcaserSingleOutputStreamDeletionTest" name="broadcasterSingleStreamRemoving" time="0.306">
    <failure message="expected [Output rtmpushout removed.] but found [{&quot;error&quot;:&quot;failed removing output null&quot;}]" type="java.lang.AssertionError">java.lang.AssertionError: expected [Output rtmpushout removed.] but found [{&quot;error&quot;:&quot;failed removing output null&quot;}]
	at org.testng.Assert.fail(Assert.java:94)
	at org.testng.Assert.failNotEquals(Assert.java:496)
	at org.testng.Assert.assertEquals(Assert.java:125)
	at org.testng.Assert.assertEquals(Assert.java:178)
	at org.testng.Assert.assertEquals(Assert.java:188)
	at com.zixi.testing.BroadcaserSingleOutputStreamDeletionTest.broadcasterSingleStreamRemoving(BroadcaserSingleOutputStreamDeletionTest.java:34)
</failure>
    <system-out>bug -------------&gt;&gt;&gt; JSONObject[&quot;msg&quot;] not found. Request is http://10.7.0.63:4444/zixi/remove_output.json?id=null&amp;stream=null 
Line Number is 127
Exception type is class org.json.JSONException
</system-out>
  </testcase>
  <testcase classname="com.zixi.testing.FeederOutputDeletioinTest" name="testInit" time="0.341">
    <failure message="com/zixi/drivers/drivers/FeederOutputDeletionDriver" type="java.lang.NoClassDefFoundError">java.lang.NoClassDefFoundError: com/zixi/drivers/drivers/FeederOutputDeletionDriver
	at com.zixi.testing.FeederOutputDeletioinTest.testInit(FeederOutputDeletioinTest.java:13)
</failure>
    <system-out>bug -------------&gt;&gt;&gt; JSONObject[&quot;msg&quot;] not found. Request is http://10.7.0.63:4444/zixi/remove_output.json?id=null&amp;stream=null 
Line Number is 127
Exception type is class org.json.JSONException
</system-out>
  </testcase>
  <testcase classname="com.zixi.testing.FeederOutputDeletioinTest" name="beforeTes" time="0.342">
    <skipped/>
  </testcase>
  <testcase classname="com.zixi.testing.FeederOutputDeletioinTest" name="broadcasterSingleStreamRemoving" time="0">
    <skipped/>
  </testcase>
  <testcase classname="com.zixi.testing.FeederOutputDeletioinTest" name="afterTest" time="0">
    <skipped/>
  </testcase>
  <testcase classname="com.zixi.testing.BroadcasterSingleInputStreamDeletionTest" name="testInit" time="0">
    <failure message="com/zixi/drivers/drivers/BroadcasterSingleInputStreamDeletionDriver" type="java.lang.NoClassDefFoundError">java.lang.NoClassDefFoundError: com/zixi/drivers/drivers/BroadcasterSingleInputStreamDeletionDriver
	at com.zixi.testing.BroadcasterSingleInputStreamDeletionTest.testInit(BroadcasterSingleInputStreamDeletionTest.java:14)
</failure>
  </testcase>
  <testcase classname="com.zixi.testing.BroadcasterSingleInputStreamDeletionTest" name="beforeTes" time="0.001">
    <skipped/>
  </testcase>
  <testcase classname="com.zixi.testing.BroadcasterSingleInputStreamDeletionTest" name="broadcasterInputStreamDeletion" time="0">
    <skipped/>
  </testcase>
  <testcase classname="com.zixi.testing.BroadcasterSingleInputStreamDeletionTest" name="afterTest" time="0">
    <skipped/>
  </testcase>
  <testcase classname="com.zixi.testing.FeederOutputPushToBxTest" name="testInit" time="0.001">
    <failure message="com/zixi/drivers/drivers/FeederOutputPushToBxDriver" type="java.lang.NoClassDefFoundError">java.lang.NoClassDefFoundError: com/zixi/drivers/drivers/FeederOutputPushToBxDriver
	at com.zixi.testing.FeederOutputPushToBxTest.testInit(FeederOutputPushToBxTest.java:14)
</failure>
  </testcase>
  <testcase classname="com.zixi.testing.FeederOutputPushToBxTest" name="beforeTes" time="0.001">
    <skipped/>
  </testcase>
  <testcase classname="com.zixi.testing.FeederOutputPushToBxTest" name="feederOutputToBxTest" time="0">
    <skipped/>
  </testcase>
  <testcase classname="com.zixi.testing.FeederOutputPushToBxTest" name="afterTest" time="0">
    <skipped/>
  </testcase>
  <testcase classname="com.zixi.testing.BroadcasterPushInStreamCreationTest" name="testInit" time="0">
    <failure message="com/zixi/drivers/drivers/BroadcasterPushInStreamCreationDriver" type="java.lang.NoClassDefFoundError">java.lang.NoClassDefFoundError: com/zixi/drivers/drivers/BroadcasterPushInStreamCreationDriver
	at com.zixi.testing.BroadcasterPushInStreamCreationTest.testInit(BroadcasterPushInStreamCreationTest.java:13)
</failure>
  </testcase>
  <testcase classname="com.zixi.testing.BroadcasterPushInStreamCreationTest" name="beforeTes" time="0.001">
    <skipped/>
  </testcase>
  <testcase classname="com.zixi.testing.BroadcasterPushInStreamCreationTest" name="broadcasterSingleStreamRemoving" time="0">
    <skipped/>
  </testcase>
  <testcase classname="com.zixi.testing.BroadcasterPushInStreamCreationTest" name="afterTest" time="0">
    <skipped/>
  </testcase>
  <testcase classname="com.zixi.testing.BroadcasterRtmpPushOutputCreationTest" name="testInit" time="0">
    <failure message="com/zixi/drivers/drivers/BroadcasterRtmpPushOutputCreationDriver" type="java.lang.NoClassDefFoundError">java.lang.NoClassDefFoundError: com/zixi/drivers/drivers/BroadcasterRtmpPushOutputCreationDriver
	at com.zixi.testing.BroadcasterRtmpPushOutputCreationTest.testInit(BroadcasterRtmpPushOutputCreationTest.java:14)
</failure>
  </testcase>
  <testcase classname="com.zixi.testing.BroadcasterRtmpPushOutputCreationTest" name="beforeTes" time="0.001">
    <skipped/>
  </testcase>
  <testcase classname="com.zixi.testing.BroadcasterRtmpPushOutputCreationTest" name="broadcasterSingleStreamRemoving" time="0">
    <skipped/>
  </testcase>
  <testcase classname="com.zixi.testing.BroadcasterRtmpPushOutputCreationTest" name="afterTest" time="0">
    <skipped/>
  </testcase>
  <testcase classname="com.zixi.testing.BroadcasterRtmpPushInputCreationStreamTest" name="testInit" time="0">
    <failure message="com/zixi/drivers/drivers/BroadcasterRtmpPushInputStreamDriver" type="java.lang.NoClassDefFoundError">java.lang.NoClassDefFoundError: com/zixi/drivers/drivers/BroadcasterRtmpPushInputStreamDriver
	at com.zixi.testing.BroadcasterRtmpPushInputCreationStreamTest.testInit(BroadcasterRtmpPushInputCreationStreamTest.java:14)
</failure>
  </testcase>
  <testcase classname="com.zixi.testing.BroadcasterRtmpPushInputCreationStreamTest" name="beforeTes" time="0.001">
    <skipped/>
  </testcase>
  <testcase classname="com.zixi.testing.BroadcasterRtmpPushInputCreationStreamTest" name="broadcasterRtmpPushTest" time="0">
    <skipped/>
  </testcase>
  <testcase classname="com.zixi.testing.BroadcasterRtmpPushInputCreationStreamTest" name="afterTest" time="0">
    <skipped/>
  </testcase>
  <testcase classname="com.zixi.testing.BroadcasterInputStatisticSingleStreamTest" name="broadcasterSingleInputStreamStatisticAnilyzer" time="10.773">
    <failure message="JSONObject[&quot;net&quot;] not found." type="org.json.JSONException">org.json.JSONException: JSONObject[&quot;net&quot;] not found.
	at org.json.JSONObject.get(JSONObject.java:476)
	at org.json.JSONObject.getJSONObject(JSONObject.java:576)
	at com.zixi.tools.StreamStatisticAnalyzer.getStatBitrate(StreamStatisticAnalyzer.java:11)
	at com.zixi.drivers.drivers.BroadcasterInputStatisticSingleStreamDriver.testStatistic(BroadcasterInputStatisticSingleStreamDriver.java:61)
	at com.zixi.testing.BroadcasterInputStatisticSingleStreamTest.broadcasterSingleInputStreamStatisticAnilyzer(BroadcasterInputStatisticSingleStreamTest.java:33)
</failure>
  </testcase>
  <testcase classname="com.zixi.testing.BroadcasterUDPOutputStreamCreationTest" name="broadcasterPullInCreation" time="0.536"/>
  <testcase classname="com.zixi.testing.FFMPEGImageStatisticTest" name="testInit" time="0.608">
    <failure message="com/zixi/drivers/drivers/FFMPEGImageStatisticTestDriver" type="java.lang.NoClassDefFoundError">java.lang.NoClassDefFoundError: com/zixi/drivers/drivers/FFMPEGImageStatisticTestDriver
	at com.zixi.testing.FFMPEGImageStatisticTest.testInit(FFMPEGImageStatisticTest.java:15)
</failure>
  </testcase>
  <testcase classname="com.zixi.testing.FFMPEGImageStatisticTest" name="beforeTes" time="0.609">
    <skipped/>
  </testcase>
  <testcase classname="com.zixi.testing.FFMPEGImageStatisticTest" name="broadcasterSingleInputStreamStatisticAnilyzer" time="0">
    <skipped/>
  </testcase>
  <testcase classname="com.zixi.testing.FFMPEGImageStatisticTest" name="afterTest" time="0">
    <skipped/>
  </testcase>
  <testcase classname="com.zixi.testing.BroadcaserSingleOutputStreamDeletionTest" name="broadcasterSingleStreamRemoving" time="0.559"/>
  <testcase classname="com.zixi.testing.BroadcasterSingleInputStreamDeletionTest" name="testInit" time="0.6">
    <failure message="com/zixi/drivers/drivers/BroadcasterSingleInputStreamDeletionDriver" type="java.lang.NoClassDefFoundError">java.lang.NoClassDefFoundError: com/zixi/drivers/drivers/BroadcasterSingleInputStreamDeletionDriver
	at com.zixi.testing.BroadcasterSingleInputStreamDeletionTest.testInit(BroadcasterSingleInputStreamDeletionTest.java:14)
</failure>
  </testcase>
  <testcase classname="com.zixi.testing.BroadcasterSingleInputStreamDeletionTest" name="beforeTes" time="0.601">
    <skipped/>
  </testcase>
  <testcase classname="com.zixi.testing.BroadcasterSingleInputStreamDeletionTest" name="broadcasterInputStreamDeletion" time="0">
    <skipped/>
  </testcase>
  <testcase classname="com.zixi.testing.BroadcasterSingleInputStreamDeletionTest" name="afterTest" time="0">
    <skipped/>
  </testcase>
  <testcase classname="com.zixi.testing.BroadcaserSingleOutputStreamDeletionTest" name="broadcasterSingleStreamRemoving" time="0.294">
    <failure message="expected [Output rtmpushout removed.] but found [{&quot;error&quot;:&quot;failed removing output null&quot;}]" type="java.lang.AssertionError">java.lang.AssertionError: expected [Output rtmpushout removed.] but found [{&quot;error&quot;:&quot;failed removing output null&quot;}]
	at org.testng.Assert.fail(Assert.java:94)
	at org.testng.Assert.failNotEquals(Assert.java:496)
	at org.testng.Assert.assertEquals(Assert.java:125)
	at org.testng.Assert.assertEquals(Assert.java:178)
	at org.testng.Assert.assertEquals(Assert.java:188)
	at com.zixi.testing.BroadcaserSingleOutputStreamDeletionTest.broadcasterSingleStreamRemoving(BroadcaserSingleOutputStreamDeletionTest.java:34)
</failure>
    <system-out>bug -------------&gt;&gt;&gt; JSONObject[&quot;msg&quot;] not found. Request is http://10.7.0.63:4444/zixi/remove_output.json?id=null&amp;stream=null 
Line Number is 127
Exception type is class org.json.JSONException
</system-out>
  </testcase>
  <testcase classname="com.zixi.testing.FeederOutputDeletioinTest" name="testInit" time="0.329">
    <failure message="com/zixi/drivers/drivers/FeederOutputDeletionDriver" type="java.lang.NoClassDefFoundError">java.lang.NoClassDefFoundError: com/zixi/drivers/drivers/FeederOutputDeletionDriver
	at com.zixi.testing.FeederOutputDeletioinTest.testInit(FeederOutputDeletioinTest.java:13)
</failure>
    <system-out>bug -------------&gt;&gt;&gt; JSONObject[&quot;msg&quot;] not found. Request is http://10.7.0.63:4444/zixi/remove_output.json?id=null&amp;stream=null 
Line Number is 127
Exception type is class org.json.JSONException
</system-out>
  </testcase>
  <testcase classname="com.zixi.testing.FeederOutputDeletioinTest" name="beforeTes" time="0.329">
    <skipped/>
  </testcase>
  <testcase classname="com.zixi.testing.FeederOutputDeletioinTest" name="broadcasterSingleStreamRemoving" time="0">
    <skipped/>
  </testcase>
  <testcase classname="com.zixi.testing.FeederOutputDeletioinTest" name="afterTest" time="0">
    <skipped/>
  </testcase>
  <testcase classname="com.zixi.testing.BroadcasterSingleInputStreamDeletionTest" name="testInit" time="0.001">
    <failure message="com/zixi/drivers/drivers/BroadcasterSingleInputStreamDeletionDriver" type="java.lang.NoClassDefFoundError">java.lang.NoClassDefFoundError: com/zixi/drivers/drivers/BroadcasterSingleInputStreamDeletionDriver
	at com.zixi.testing.BroadcasterSingleInputStreamDeletionTest.testInit(BroadcasterSingleInputStreamDeletionTest.java:14)
</failure>
  </testcase>
  <testcase classname="com.zixi.testing.BroadcasterSingleInputStreamDeletionTest" name="beforeTes" time="0.001">
    <skipped/>
  </testcase>
  <testcase classname="com.zixi.testing.BroadcasterSingleInputStreamDeletionTest" name="broadcasterInputStreamDeletion" time="0">
    <skipped/>
  </testcase>
  <testcase classname="com.zixi.testing.BroadcasterSingleInputStreamDeletionTest" name="afterTest" time="0">
    <skipped/>
  </testcase>
  <testcase classname="com.zixi.testing.FeederOutputPushToBxTest" name="testInit" time="0.001">
    <failure message="com/zixi/drivers/drivers/FeederOutputPushToBxDriver" type="java.lang.NoClassDefFoundError">java.lang.NoClassDefFoundError: com/zixi/drivers/drivers/FeederOutputPushToBxDriver
	at com.zixi.testing.FeederOutputPushToBxTest.testInit(FeederOutputPushToBxTest.java:14)
</failure>
  </testcase>
  <testcase classname="com.zixi.testing.FeederOutputPushToBxTest" name="beforeTes" time="0.002">
    <skipped/>
  </testcase>
  <testcase classname="com.zixi.testing.FeederOutputPushToBxTest" name="feederOutputToBxTest" time="0">
    <skipped/>
  </testcase>
  <testcase classname="com.zixi.testing.FeederOutputPushToBxTest" name="afterTest" time="0">
    <skipped/>
  </testcase>
  <testcase classname="com.zixi.testing.BroadcasterPushInStreamCreationTest" name="testInit" time="0">
    <failure message="com/zixi/drivers/drivers/BroadcasterPushInStreamCreationDriver" type="java.lang.NoClassDefFoundError">java.lang.NoClassDefFoundError: com/zixi/drivers/drivers/BroadcasterPushInStreamCreationDriver
	at com.zixi.testing.BroadcasterPushInStreamCreationTest.testInit(BroadcasterPushInStreamCreationTest.java:13)
</failure>
  </testcase>
  <testcase classname="com.zixi.testing.BroadcasterPushInStreamCreationTest" name="beforeTes" time="0.001">
    <skipped/>
  </testcase>
  <testcase classname="com.zixi.testing.BroadcasterPushInStreamCreationTest" name="broadcasterSingleStreamRemoving" time="0">
    <skipped/>
  </testcase>
  <testcase classname="com.zixi.testing.BroadcasterPushInStreamCreationTest" name="afterTest" time="0">
    <skipped/>
  </testcase>
  <testcase classname="com.zixi.testing.BroadcasterRtmpPushOutputCreationTest" name="testInit" time="0">
    <failure message="com/zixi/drivers/drivers/BroadcasterRtmpPushOutputCreationDriver" type="java.lang.NoClassDefFoundError">java.lang.NoClassDefFoundError: com/zixi/drivers/drivers/BroadcasterRtmpPushOutputCreationDriver
	at com.zixi.testing.BroadcasterRtmpPushOutputCreationTest.testInit(BroadcasterRtmpPushOutputCreationTest.java:14)
</failure>
  </testcase>
  <testcase classname="com.zixi.testing.BroadcasterRtmpPushOutputCreationTest" name="beforeTes" time="0.001">
    <skipped/>
  </testcase>
  <testcase classname="com.zixi.testing.BroadcasterRtmpPushOutputCreationTest" name="broadcasterSingleStreamRemoving" time="0">
    <skipped/>
  </testcase>
  <testcase classname="com.zixi.testing.BroadcasterRtmpPushOutputCreationTest" name="afterTest" time="0">
    <skipped/>
  </testcase>
  <testcase classname="com.zixi.testing.BroadcasterRtmpPushInputCreationStreamTest" name="testInit" time="0">
    <failure message="com/zixi/drivers/drivers/BroadcasterRtmpPushInputStreamDriver" type="java.lang.NoClassDefFoundError">java.lang.NoClassDefFoundError: com/zixi/drivers/drivers/BroadcasterRtmpPushInputStreamDriver
	at com.zixi.testing.BroadcasterRtmpPushInputCreationStreamTest.testInit(BroadcasterRtmpPushInputCreationStreamTest.java:14)
</failure>
  </testcase>
  <testcase classname="com.zixi.testing.BroadcasterRtmpPushInputCreationStreamTest" name="beforeTes" time="0.001">
    <skipped/>
  </testcase>
  <testcase classname="com.zixi.testing.BroadcasterRtmpPushInputCreationStreamTest" name="broadcasterRtmpPushTest" time="0">
    <skipped/>
  </testcase>
  <testcase classname="com.zixi.testing.BroadcasterRtmpPushInputCreationStreamTest" name="afterTest" time="0">
    <skipped/>
  </testcase>
  <testcase classname="com.zixi.testing.BroadcasterInputStatisticSingleStreamTest" name="broadcasterSingleInputStreamStatisticAnilyzer" time="10.752">
    <failure message="JSONObject[&quot;net&quot;] not found." type="org.json.JSONException">org.json.JSONException: JSONObject[&quot;net&quot;] not found.
	at org.json.JSONObject.get(JSONObject.java:476)
	at org.json.JSONObject.getJSONObject(JSONObject.java:576)
	at com.zixi.tools.StreamStatisticAnalyzer.getStatBitrate(StreamStatisticAnalyzer.java:11)
	at com.zixi.drivers.drivers.BroadcasterInputStatisticSingleStreamDriver.testStatistic(BroadcasterInputStatisticSingleStreamDriver.java:61)
	at com.zixi.testing.BroadcasterInputStatisticSingleStreamTest.broadcasterSingleInputStreamStatisticAnilyzer(BroadcasterInputStatisticSingleStreamTest.java:33)
</failure>
  </testcase>
  <testcase classname="com.zixi.testing.BroadcasterUDPOutputStreamCreationTest" name="broadcasterPullInCreation" time="0.522"/>
  <testcase classname="com.zixi.testing.FFMPEGImageStatisticTest" name="testInit" time="0.555">
    <failure message="com/zixi/drivers/drivers/FFMPEGImageStatisticTestDriver" type="java.lang.NoClassDefFoundError">java.lang.NoClassDefFoundError: com/zixi/drivers/drivers/FFMPEGImageStatisticTestDriver
	at com.zixi.testing.FFMPEGImageStatisticTest.testInit(FFMPEGImageStatisticTest.java:15)
</failure>
  </testcase>
  <testcase classname="com.zixi.testing.FFMPEGImageStatisticTest" name="beforeTes" time="0.555">
    <skipped/>
  </testcase>
  <testcase classname="com.zixi.testing.FFMPEGImageStatisticTest" name="broadcasterSingleInputStreamStatisticAnilyzer" time="0">
    <skipped/>
  </testcase>
  <testcase classname="com.zixi.testing.FFMPEGImageStatisticTest" name="afterTest" time="0">
    <skipped/>
  </testcase>
  <testcase classname="com.zixi.testing.BroadcaserSingleOutputStreamDeletionTest" name="broadcasterSingleStreamRemoving" time="0.531"/>
  <testcase classname="com.zixi.testing.BroadcasterSingleInputStreamDeletionTest" name="testInit" time="0.603">
    <failure message="com/zixi/drivers/drivers/BroadcasterSingleInputStreamDeletionDriver" type="java.lang.NoClassDefFoundError">java.lang.NoClassDefFoundError: com/zixi/drivers/drivers/BroadcasterSingleInputStreamDeletionDriver
	at com.zixi.testing.BroadcasterSingleInputStreamDeletionTest.testInit(BroadcasterSingleInputStreamDeletionTest.java:14)
</failure>
  </testcase>
  <testcase classname="com.zixi.testing.BroadcasterSingleInputStreamDeletionTest" name="beforeTes" time="0.604">
    <skipped/>
  </testcase>
  <testcase classname="com.zixi.testing.BroadcasterSingleInputStreamDeletionTest" name="broadcasterInputStreamDeletion" time="0">
    <skipped/>
  </testcase>
  <testcase classname="com.zixi.testing.BroadcasterSingleInputStreamDeletionTest" name="afterTest" time="0">
    <skipped/>
  </testcase>
  <testcase classname="com.zixi.testing.BroadcaserSingleOutputStreamDeletionTest" name="broadcasterSingleStreamRemoving" time="0.24">
    <failure message="expected [Output rtmpushout removed.] but found [{&quot;error&quot;:&quot;failed removing output null&quot;}]" type="java.lang.AssertionError">java.lang.AssertionError: expected [Output rtmpushout removed.] but found [{&quot;error&quot;:&quot;failed removing output null&quot;}]
	at org.testng.Assert.fail(Assert.java:94)
	at org.testng.Assert.failNotEquals(Assert.java:496)
	at org.testng.Assert.assertEquals(Assert.java:125)
	at org.testng.Assert.assertEquals(Assert.java:178)
	at org.testng.Assert.assertEquals(Assert.java:188)
	at com.zixi.testing.BroadcaserSingleOutputStreamDeletionTest.broadcasterSingleStreamRemoving(BroadcaserSingleOutputStreamDeletionTest.java:34)
</failure>
    <system-out>bug -------------&gt;&gt;&gt; JSONObject[&quot;msg&quot;] not found. Request is http://10.7.0.63:4444/zixi/remove_output.json?id=null&amp;stream=null 
Line Number is 127
Exception type is class org.json.JSONException
</system-out>
  </testcase>
  <testcase classname="com.zixi.testing.FeederOutputDeletioinTest" name="testInit" time="0.277">
    <failure message="com/zixi/drivers/drivers/FeederOutputDeletionDriver" type="java.lang.NoClassDefFoundError">java.lang.NoClassDefFoundError: com/zixi/drivers/drivers/FeederOutputDeletionDriver
	at com.zixi.testing.FeederOutputDeletioinTest.testInit(FeederOutputDeletioinTest.java:13)
</failure>
    <system-out>bug -------------&gt;&gt;&gt; JSONObject[&quot;msg&quot;] not found. Request is http://10.7.0.63:4444/zixi/remove_output.json?id=null&amp;stream=null 
Line Number is 127
Exception type is class org.json.JSONException
</system-out>
  </testcase>
  <testcase classname="com.zixi.testing.FeederOutputDeletioinTest" name="beforeTes" time="0.278">
    <skipped/>
  </testcase>
  <testcase classname="com.zixi.testing.FeederOutputDeletioinTest" name="broadcasterSingleStreamRemoving" time="0">
    <skipped/>
  </testcase>
  <testcase classname="com.zixi.testing.FeederOutputDeletioinTest" name="afterTest" time="0">
    <skipped/>
  </testcase>
  <testcase classname="com.zixi.testing.BroadcasterSingleInputStreamDeletionTest" name="testInit" time="0">
    <failure message="com/zixi/drivers/drivers/BroadcasterSingleInputStreamDeletionDriver" type="java.lang.NoClassDefFoundError">java.lang.NoClassDefFoundError: com/zixi/drivers/drivers/BroadcasterSingleInputStreamDeletionDriver
	at com.zixi.testing.BroadcasterSingleInputStreamDeletionTest.testInit(BroadcasterSingleInputStreamDeletionTest.java:14)
</failure>
  </testcase>
  <testcase classname="com.zixi.testing.BroadcasterSingleInputStreamDeletionTest" name="beforeTes" time="0">
    <skipped/>
  </testcase>
  <testcase classname="com.zixi.testing.BroadcasterSingleInputStreamDeletionTest" name="broadcasterInputStreamDeletion" time="0">
    <skipped/>
  </testcase>
  <testcase classname="com.zixi.testing.BroadcasterSingleInputStreamDeletionTest" name="afterTest" time="0">
    <skipped/>
  </testcase>
  <testcase classname="com.zixi.load.testing.BroadcasterMultipleRtmpPullCreationTest" name="testInit" time="0">
    <failure message="com/zixi/load/drivers/BroadcasterMultipleCreationDriver" type="java.lang.NoClassDefFoundError">java.lang.NoClassDefFoundError: com/zixi/load/drivers/BroadcasterMultipleCreationDriver
	at com.zixi.load.testing.BroadcasterMultipleRtmpPullCreationTest.testInit(BroadcasterMultipleRtmpPullCreationTest.java:21)
Caused by: java.lang.ClassNotFoundException: com.zixi.load.drivers.BroadcasterMultipleCreationDriver
	at java.net.URLClassLoader$1.run(Unknown Source)
	at java.net.URLClassLoader$1.run(Unknown Source)
	at java.security.AccessController.doPrivileged(Native Method)
	at java.net.URLClassLoader.findClass(Unknown Source)
	at java.lang.ClassLoader.loadClass(Unknown Source)
	at sun.misc.Launcher$AppClassLoader.loadClass(Unknown Source)
	at java.lang.ClassLoader.loadClass(Unknown Source)
	... 31 more
</failure>
  </testcase>
  <testcase classname="com.zixi.load.testing.BroadcasterMultipleRtmpPullCreationTest" name="beforeTes" time="0.001">
    <skipped/>
  </testcase>
  <testcase classname="com.zixi.load.testing.BroadcasterMultipleRtmpPullCreationTest" name="broadcasterMultipleRtmpPullInCreation" time="0">
    <skipped/>
  </testcase>
  <testcase classname="com.zixi.load.testing.BroadcasterMultipleRtmpPullCreationTest" name="afterTest" time="0">
    <skipped/>
  </testcase>
  <testcase classname="com.zixi.testing.BroadcasterUDPOutputStreamCreationTest" name="broadcasterPullInCreation" time="0.515"/>
  <testcase classname="com.zixi.load.testing.BroadcasterRundomInputStreamTest" name="testInit" time="0.548">
    <failure message="com/zixi/load/drivers/BroadcasterRundomInputStreamDriver" type="java.lang.NoClassDefFoundError">java.lang.NoClassDefFoundError: com/zixi/load/drivers/BroadcasterRundomInputStreamDriver
	at com.zixi.load.testing.BroadcasterRundomInputStreamTest.testInit(BroadcasterRundomInputStreamTest.java:18)
</failure>
  </testcase>
  <testcase classname="com.zixi.load.testing.BroadcasterRundomInputStreamTest" name="beforeTes" time="0.549">
    <skipped/>
  </testcase>
  <testcase classname="com.zixi.load.testing.BroadcasterRundomInputStreamTest" name="broadcasterSwitchUdpOut" time="0">
    <skipped/>
  </testcase>
  <testcase classname="com.zixi.load.testing.BroadcasterRundomInputStreamTest" name="afterTest" time="0">
    <skipped/>
  </testcase>
  <testcase classname="com.zixi.testing.BroadcaserSingleOutputStreamDeletionTest" name="broadcasterSingleStreamRemoving" time="0.552"/>
  <testcase classname="com.zixi.load.testing.BroadcaserAllInputStreamDeletorTest" name="testInit" time="0.584">
    <failure message="com/zixi/drivers/drivers/BroadcaserAllInputStreamDeletorDriver" type="java.lang.NoClassDefFoundError">java.lang.NoClassDefFoundError: com/zixi/drivers/drivers/BroadcaserAllInputStreamDeletorDriver
	at com.zixi.load.testing.BroadcaserAllInputStreamDeletorTest.testInit(BroadcaserAllInputStreamDeletorTest.java:15)
</failure>
  </testcase>
  <testcase classname="com.zixi.load.testing.BroadcaserAllInputStreamDeletorTest" name="beforeTes" time="0.584">
    <skipped/>
  </testcase>
  <testcase classname="com.zixi.load.testing.BroadcaserAllInputStreamDeletorTest" name="broadcasterDeleteAllInputs" time="0">
    <skipped/>
  </testcase>
  <testcase classname="com.zixi.load.testing.BroadcaserAllInputStreamDeletorTest" name="afterTest" time="0">
    <skipped/>
  </testcase>
  <testcase classname="com.zixi.load.testing.BroadcasterMultipleRtmpPushTest" name="testInit" time="0.001">
    <failure message="com/zixi/load/drivers/BroadcasterMultipleRtmpPushDriver" type="java.lang.NoClassDefFoundError">java.lang.NoClassDefFoundError: com/zixi/load/drivers/BroadcasterMultipleRtmpPushDriver
	at com.zixi.load.testing.BroadcasterMultipleRtmpPushTest.testInit(BroadcasterMultipleRtmpPushTest.java:22)
Caused by: java.lang.ClassNotFoundException: com.zixi.load.drivers.BroadcasterMultipleRtmpPushDriver
	at java.net.URLClassLoader$1.run(Unknown Source)
	at java.net.URLClassLoader$1.run(Unknown Source)
	at java.security.AccessController.doPrivileged(Native Method)
	at java.net.URLClassLoader.findClass(Unknown Source)
	at java.lang.ClassLoader.loadClass(Unknown Source)
	at sun.misc.Launcher$AppClassLoader.loadClass(Unknown Source)
	at java.lang.ClassLoader.loadClass(Unknown Source)
	... 31 more
</failure>
  </testcase>
  <testcase classname="com.zixi.load.testing.BroadcasterMultipleRtmpPushTest" name="beforeTes" time="0.002">
    <skipped/>
  </testcase>
  <testcase classname="com.zixi.load.testing.BroadcasterMultipleRtmpPushTest" name="broadcasterRtmpPushLoadTest" time="0">
    <skipped/>
  </testcase>
  <testcase classname="com.zixi.load.testing.BroadcasterMultipleRtmpPushTest" name="afterTest" time="0">
    <skipped/>
  </testcase>
  <testcase classname="com.zixi.testing.BroadcasterUDPOutputStreamCreationTest" name="broadcasterPullInCreation" time="0.526"/>
  <testcase classname="com.zixi.load.testing.BroadcasterRundomInputStreamTest" name="testInit" time="0.567">
    <failure message="com/zixi/load/drivers/BroadcasterRundomInputStreamDriver" type="java.lang.NoClassDefFoundError">java.lang.NoClassDefFoundError: com/zixi/load/drivers/BroadcasterRundomInputStreamDriver
	at com.zixi.load.testing.BroadcasterRundomInputStreamTest.testInit(BroadcasterRundomInputStreamTest.java:18)
</failure>
  </testcase>
  <testcase classname="com.zixi.load.testing.BroadcasterRundomInputStreamTest" name="beforeTes" time="0.568">
    <skipped/>
  </testcase>
  <testcase classname="com.zixi.load.testing.BroadcasterRundomInputStreamTest" name="broadcasterSwitchUdpOut" time="0">
    <skipped/>
  </testcase>
  <testcase classname="com.zixi.load.testing.BroadcasterRundomInputStreamTest" name="afterTest" time="0.001">
    <skipped/>
  </testcase>
  <testcase classname="com.zixi.testing.BroadcaserSingleOutputStreamDeletionTest" name="broadcasterSingleStreamRemoving" time="0.534"/>
  <testcase classname="com.zixi.load.testing.BroadcaserAllInputStreamDeletorTest" name="testInit" time="0.57">
    <failure message="com/zixi/drivers/drivers/BroadcaserAllInputStreamDeletorDriver" type="java.lang.NoClassDefFoundError">java.lang.NoClassDefFoundError: com/zixi/drivers/drivers/BroadcaserAllInputStreamDeletorDriver
	at com.zixi.load.testing.BroadcaserAllInputStreamDeletorTest.testInit(BroadcaserAllInputStreamDeletorTest.java:15)
</failure>
  </testcase>
  <testcase classname="com.zixi.load.testing.BroadcaserAllInputStreamDeletorTest" name="beforeTes" time="0.571">
    <skipped/>
  </testcase>
  <testcase classname="com.zixi.load.testing.BroadcaserAllInputStreamDeletorTest" name="broadcasterDeleteAllInputs" time="0">
    <skipped/>
  </testcase>
  <testcase classname="com.zixi.load.testing.BroadcaserAllInputStreamDeletorTest" name="afterTest" time="0">
    <skipped/>
  </testcase>
  <testcase classname="com.zixi.load.testing.BroadcaserAllOututStreamDeletorTest" name="testInit" time="0">
    <failure message="com/zixi/load/drivers/BroadcaserAllOutputStreamDeletorDriver" type="java.lang.NoClassDefFoundError">java.lang.NoClassDefFoundError: com/zixi/load/drivers/BroadcaserAllOutputStreamDeletorDriver
	at com.zixi.load.testing.BroadcaserAllOututStreamDeletorTest.testInit(BroadcaserAllOututStreamDeletorTest.java:20)
</failure>
  </testcase>
  <testcase classname="com.zixi.load.testing.BroadcaserAllOututStreamDeletorTest" name="beforeTes" time="0.001">
    <skipped/>
  </testcase>
  <testcase classname="com.zixi.load.testing.BroadcaserAllOututStreamDeletorTest" name="broadcasterDeleteAllOutputStreams" time="0">
    <skipped/>
  </testcase>
  <testcase classname="com.zixi.load.testing.BroadcaserAllOututStreamDeletorTest" name="afterTest" time="0">
    <skipped/>
  </testcase>
  <testcase classname="com.zixi.testing.FeederOutputPushToBxTest" name="testInit" time="0.001">
    <failure message="com/zixi/drivers/drivers/FeederOutputPushToBxDriver" type="java.lang.NoClassDefFoundError">java.lang.NoClassDefFoundError: com/zixi/drivers/drivers/FeederOutputPushToBxDriver
	at com.zixi.testing.FeederOutputPushToBxTest.testInit(FeederOutputPushToBxTest.java:14)
</failure>
  </testcase>
  <testcase classname="com.zixi.testing.FeederOutputPushToBxTest" name="beforeTes" time="0.002">
    <skipped/>
  </testcase>
  <testcase classname="com.zixi.testing.FeederOutputPushToBxTest" name="feederOutputToBxTest" time="0">
    <skipped/>
  </testcase>
  <testcase classname="com.zixi.testing.FeederOutputPushToBxTest" name="afterTest" time="0">
    <skipped/>
  </testcase>
  <testcase classname="com.zixi.testing.BroadcasterPushInStreamCreationTest" name="testInit" time="0.001">
    <failure message="com/zixi/drivers/drivers/BroadcasterPushInStreamCreationDriver" type="java.lang.NoClassDefFoundError">java.lang.NoClassDefFoundError: com/zixi/drivers/drivers/BroadcasterPushInStreamCreationDriver
	at com.zixi.testing.BroadcasterPushInStreamCreationTest.testInit(BroadcasterPushInStreamCreationTest.java:13)
</failure>
  </testcase>
  <testcase classname="com.zixi.testing.BroadcasterPushInStreamCreationTest" name="beforeTes" time="0.001">
    <skipped/>
  </testcase>
  <testcase classname="com.zixi.testing.BroadcasterPushInStreamCreationTest" name="broadcasterSingleStreamRemoving" time="0.001">
    <skipped/>
  </testcase>
  <testcase classname="com.zixi.testing.BroadcasterPushInStreamCreationTest" name="afterTest" time="0.001">
    <skipped/>
  </testcase>
  <testcase classname="com.zixi.testing.ReceiverPullInputStreamCreationTest" name="testInit" time="0.001">
    <failure message="com/zixi/drivers/drivers/ReceiverPullInputStreamCreationDriver" type="java.lang.NoClassDefFoundError">java.lang.NoClassDefFoundError: com/zixi/drivers/drivers/ReceiverPullInputStreamCreationDriver
	at com.zixi.testing.ReceiverPullInputStreamCreationTest.testInit(ReceiverPullInputStreamCreationTest.java:14)
</failure>
  </testcase>
  <testcase classname="com.zixi.testing.ReceiverPullInputStreamCreationTest" name="beforeTes" time="0.002">
    <skipped/>
  </testcase>
  <testcase classname="com.zixi.testing.ReceiverPullInputStreamCreationTest" name="feederOutputToBxTest" time="0">
    <skipped/>
  </testcase>
  <testcase classname="com.zixi.testing.ReceiverPullInputStreamCreationTest" name="afterTest" time="0">
    <skipped/>
  </testcase>
  <testcase classname="com.zixi.testing.BroadcasterInputStatisticSingleStreamTest" name="broadcasterSingleInputStreamStatisticAnilyzer" time="10.788">
    <failure message="JSONObject[&quot;net&quot;] not found." type="org.json.JSONException">org.json.JSONException: JSONObject[&quot;net&quot;] not found.
	at org.json.JSONObject.get(JSONObject.java:476)
	at org.json.JSONObject.getJSONObject(JSONObject.java:576)
	at com.zixi.tools.StreamStatisticAnalyzer.getStatBitrate(StreamStatisticAnalyzer.java:11)
	at com.zixi.drivers.drivers.BroadcasterInputStatisticSingleStreamDriver.testStatistic(BroadcasterInputStatisticSingleStreamDriver.java:61)
	at com.zixi.testing.BroadcasterInputStatisticSingleStreamTest.broadcasterSingleInputStreamStatisticAnilyzer(BroadcasterInputStatisticSingleStreamTest.java:33)
</failure>
  </testcase>
  <testcase classname="com.zixi.testing.ReceiverInputStatisticTest" name="testInit" time="10.822">
    <failure message="com/zixi/drivers/drivers/ReceiverInputStatisticDriver" type="java.lang.NoClassDefFoundError">java.lang.NoClassDefFoundError: com/zixi/drivers/drivers/ReceiverInputStatisticDriver
	at com.zixi.testing.ReceiverInputStatisticTest.testInit(ReceiverInputStatisticTest.java:14)
</failure>
  </testcase>
  <testcase classname="com.zixi.testing.ReceiverInputStatisticTest" name="beforeTes" time="10.823">
    <skipped/>
  </testcase>
  <testcase classname="com.zixi.testing.ReceiverInputStatisticTest" name="receiverInputStatistic" time="0">
    <skipped/>
  </testcase>
  <testcase classname="com.zixi.testing.ReceiverInputStatisticTest" name="afterTest" time="0">
    <skipped/>
  </testcase>
  <testcase classname="com.zixi.testing.FeederOutputDeletioinTest" name="testInit" time="0">
    <failure message="com/zixi/drivers/drivers/FeederOutputDeletionDriver" type="java.lang.NoClassDefFoundError">java.lang.NoClassDefFoundError: com/zixi/drivers/drivers/FeederOutputDeletionDriver
	at com.zixi.testing.FeederOutputDeletioinTest.testInit(FeederOutputDeletioinTest.java:13)
</failure>
  </testcase>
  <testcase classname="com.zixi.testing.FeederOutputDeletioinTest" name="beforeTes" time="0">
    <skipped/>
  </testcase>
  <testcase classname="com.zixi.testing.FeederOutputDeletioinTest" name="broadcasterSingleStreamRemoving" time="0">
    <skipped/>
  </testcase>
  <testcase classname="com.zixi.testing.FeederOutputDeletioinTest" name="afterTest" time="0">
    <skipped/>
  </testcase>
  <testcase classname="com.zixi.testing.BroadcasterSingleInputStreamDeletionTest" name="testInit" time="0">
    <failure message="com/zixi/drivers/drivers/BroadcasterSingleInputStreamDeletionDriver" type="java.lang.NoClassDefFoundError">java.lang.NoClassDefFoundError: com/zixi/drivers/drivers/BroadcasterSingleInputStreamDeletionDriver
	at com.zixi.testing.BroadcasterSingleInputStreamDeletionTest.testInit(BroadcasterSingleInputStreamDeletionTest.java:14)
</failure>
  </testcase>
  <testcase classname="com.zixi.testing.BroadcasterSingleInputStreamDeletionTest" name="beforeTes" time="0.001">
    <skipped/>
  </testcase>
  <testcase classname="com.zixi.testing.BroadcasterSingleInputStreamDeletionTest" name="broadcasterInputStreamDeletion" time="0">
    <skipped/>
  </testcase>
  <testcase classname="com.zixi.testing.BroadcasterSingleInputStreamDeletionTest" name="afterTest" time="0">
    <skipped/>
  </testcase>
  <testcase classname="com.zixi.testing.ReceiverPullInputStreamDeletionTest" name="testInit" time="0">
    <failure message="com/zixi/drivers/drivers/ReceiverPullInputStreamDeletionDriver" type="java.lang.NoClassDefFoundError">java.lang.NoClassDefFoundError: com/zixi/drivers/drivers/ReceiverPullInputStreamDeletionDriver
	at com.zixi.testing.ReceiverPullInputStreamDeletionTest.testInit(ReceiverPullInputStreamDeletionTest.java:14)
</failure>
  </testcase>
  <testcase classname="com.zixi.testing.ReceiverPullInputStreamDeletionTest" name="beforeTes" time="0">
    <skipped/>
  </testcase>
  <testcase classname="com.zixi.testing.ReceiverPullInputStreamDeletionTest" name="feederOutputToBxTest" time="0">
    <skipped/>
  </testcase>
  <testcase classname="com.zixi.testing.ReceiverPullInputStreamDeletionTest" name="afterTest" time="0">
    <skipped/>
  </testcase>
  <testcase classname="com.zixi.testing.BroadcasterUdpInStreamCreationTest" name="testInit" time="0">
    <failure message="com/zixi/drivers/drivers/BroadcasterSingleUdpInCreationDriver" type="java.lang.NoClassDefFoundError">java.lang.NoClassDefFoundError: com/zixi/drivers/drivers/BroadcasterSingleUdpInCreationDriver
	at com.zixi.testing.BroadcasterUdpInStreamCreationTest.testInit(BroadcasterUdpInStreamCreationTest.java:18)
Caused by: java.lang.ClassNotFoundException: com.zixi.drivers.drivers.BroadcasterSingleUdpInCreationDriver
	at java.net.URLClassLoader$1.run(Unknown Source)
	at java.net.URLClassLoader$1.run(Unknown Source)
	at java.security.AccessController.doPrivileged(Native Method)
	at java.net.URLClassLoader.findClass(Unknown Source)
	at java.lang.ClassLoader.loadClass(Unknown Source)
	at sun.misc.Launcher$AppClassLoader.loadClass(Unknown Source)
	at java.lang.ClassLoader.loadClass(Unknown Source)
	... 31 more
</failure>
  </testcase>
  <testcase classname="com.zixi.testing.BroadcasterUdpInStreamCreationTest" name="beforeTes" time="0.001">
    <skipped/>
  </testcase>
  <testcase classname="com.zixi.testing.BroadcasterUdpInStreamCreationTest" name="broadcasterUdpInCreation" time="0">
    <skipped/>
  </testcase>
  <testcase classname="com.zixi.testing.BroadcasterUdpInStreamCreationTest" name="afterTest" time="0">
    <skipped/>
  </testcase>
  <testcase classname="com.zixi.testing.BroadcasterUDPOutputStreamCreationTest" name="broadcasterPullInCreation" time="0.432"/>
  <testcase classname="com.zixi.testing.BroadcasterInputStatisticSingleStreamTest" name="broadcasterSingleInputStreamStatisticAnilyzer" time="10.735">
    <failure message="JSONObject[&quot;net&quot;] not found." type="org.json.JSONException">org.json.JSONException: JSONObject[&quot;net&quot;] not found.
	at org.json.JSONObject.get(JSONObject.java:476)
	at org.json.JSONObject.getJSONObject(JSONObject.java:576)
	at com.zixi.tools.StreamStatisticAnalyzer.getStatBitrate(StreamStatisticAnalyzer.java:11)
	at com.zixi.drivers.drivers.BroadcasterInputStatisticSingleStreamDriver.testStatistic(BroadcasterInputStatisticSingleStreamDriver.java:61)
	at com.zixi.testing.BroadcasterInputStatisticSingleStreamTest.broadcasterSingleInputStreamStatisticAnilyzer(BroadcasterInputStatisticSingleStreamTest.java:33)
</failure>
  </testcase>
  <testcase classname="com.zixi.testing.BroadcasterRtmpPushOutputCreationTest" name="testInit" time="10.774">
    <failure message="com/zixi/drivers/drivers/BroadcasterRtmpPushOutputCreationDriver" type="java.lang.NoClassDefFoundError">java.lang.NoClassDefFoundError: com/zixi/drivers/drivers/BroadcasterRtmpPushOutputCreationDriver
	at com.zixi.testing.BroadcasterRtmpPushOutputCreationTest.testInit(BroadcasterRtmpPushOutputCreationTest.java:14)
</failure>
  </testcase>
  <testcase classname="com.zixi.testing.BroadcasterRtmpPushOutputCreationTest" name="beforeTes" time="10.775">
    <skipped/>
  </testcase>
  <testcase classname="com.zixi.testing.BroadcasterRtmpPushOutputCreationTest" name="broadcasterSingleStreamRemoving" time="0">
    <skipped/>
  </testcase>
  <testcase classname="com.zixi.testing.BroadcasterRtmpPushOutputCreationTest" name="afterTest" time="0">
    <skipped/>
  </testcase>
  <testcase classname="com.zixi.testing.BroadcasterRtmpPushInputCreationStreamTest" name="testInit" time="0.001">
    <failure message="com/zixi/drivers/drivers/BroadcasterRtmpPushInputStreamDriver" type="java.lang.NoClassDefFoundError">java.lang.NoClassDefFoundError: com/zixi/drivers/drivers/BroadcasterRtmpPushInputStreamDriver
	at com.zixi.testing.BroadcasterRtmpPushInputCreationStreamTest.testInit(BroadcasterRtmpPushInputCreationStreamTest.java:14)
</failure>
  </testcase>
  <testcase classname="com.zixi.testing.BroadcasterRtmpPushInputCreationStreamTest" name="beforeTes" time="0.002">
    <skipped/>
  </testcase>
  <testcase classname="com.zixi.testing.BroadcasterRtmpPushInputCreationStreamTest" name="broadcasterRtmpPushTest" time="0">
    <skipped/>
  </testcase>
  <testcase classname="com.zixi.testing.BroadcasterRtmpPushInputCreationStreamTest" name="afterTest" time="0">
    <skipped/>
  </testcase>
  <testcase classname="com.zixi.testing.BroadcasterInputStatisticSingleStreamTest" name="broadcasterSingleInputStreamStatisticAnilyzer" time="10.717">
    <failure message="JSONObject[&quot;net&quot;] not found." type="org.json.JSONException">org.json.JSONException: JSONObject[&quot;net&quot;] not found.
	at org.json.JSONObject.get(JSONObject.java:476)
	at org.json.JSONObject.getJSONObject(JSONObject.java:576)
	at com.zixi.tools.StreamStatisticAnalyzer.getStatBitrate(StreamStatisticAnalyzer.java:11)
	at com.zixi.drivers.drivers.BroadcasterInputStatisticSingleStreamDriver.testStatistic(BroadcasterInputStatisticSingleStreamDriver.java:61)
	at com.zixi.testing.BroadcasterInputStatisticSingleStreamTest.broadcasterSingleInputStreamStatisticAnilyzer(BroadcasterInputStatisticSingleStreamTest.java:33)
</failure>
  </testcase>
  <testcase classname="com.zixi.testing.BroadcasterSingleInputStreamDeletionTest" name="testInit" time="10.757">
    <failure message="com/zixi/drivers/drivers/BroadcasterSingleInputStreamDeletionDriver" type="java.lang.NoClassDefFoundError">java.lang.NoClassDefFoundError: com/zixi/drivers/drivers/BroadcasterSingleInputStreamDeletionDriver
	at com.zixi.testing.BroadcasterSingleInputStreamDeletionTest.testInit(BroadcasterSingleInputStreamDeletionTest.java:14)
</failure>
  </testcase>
  <testcase classname="com.zixi.testing.BroadcasterSingleInputStreamDeletionTest" name="beforeTes" time="10.758">
    <skipped/>
  </testcase>
  <testcase classname="com.zixi.testing.BroadcasterSingleInputStreamDeletionTest" name="broadcasterInputStreamDeletion" time="0.001">
    <skipped/>
  </testcase>
  <testcase classname="com.zixi.testing.BroadcasterSingleInputStreamDeletionTest" name="afterTest" time="0.001">
    <skipped/>
  </testcase>
  <testcase classname="com.zixi.testing.BroadcaserSingleOutputStreamDeletionTest" name="broadcasterSingleStreamRemoving" time="0.397"/>
  <testcase classname="com.zixi.testing.BroadcasterSingleInputStreamDeletionTest" name="testInit" time="0.466">
    <failure message="com/zixi/drivers/drivers/BroadcasterSingleInputStreamDeletionDriver" type="java.lang.NoClassDefFoundError">java.lang.NoClassDefFoundError: com/zixi/drivers/drivers/BroadcasterSingleInputStreamDeletionDriver
	at com.zixi.testing.BroadcasterSingleInputStreamDeletionTest.testInit(BroadcasterSingleInputStreamDeletionTest.java:14)
</failure>
  </testcase>
  <testcase classname="com.zixi.testing.BroadcasterSingleInputStreamDeletionTest" name="beforeTes" time="0.467">
    <skipped/>
  </testcase>
  <testcase classname="com.zixi.testing.BroadcasterSingleInputStreamDeletionTest" name="broadcasterInputStreamDeletion" time="0">
    <skipped/>
  </testcase>
  <testcase classname="com.zixi.testing.BroadcasterSingleInputStreamDeletionTest" name="afterTest" time="0">
    <skipped/>
  </testcase>
  <testcase classname="com.zixi.testing.BroadcaserSingleOutputStreamDeletionTest" name="broadcasterSingleStreamRemoving" time="0.27">
    <failure message="expected [Output udpin removed.] but found [{&quot;error&quot;:&quot;failed removing output null&quot;}]" type="java.lang.AssertionError">java.lang.AssertionError: expected [Output udpin removed.] but found [{&quot;error&quot;:&quot;failed removing output null&quot;}]
	at org.testng.Assert.fail(Assert.java:94)
	at org.testng.Assert.failNotEquals(Assert.java:496)
	at org.testng.Assert.assertEquals(Assert.java:125)
	at org.testng.Assert.assertEquals(Assert.java:178)
	at org.testng.Assert.assertEquals(Assert.java:188)
	at com.zixi.testing.BroadcaserSingleOutputStreamDeletionTest.broadcasterSingleStreamRemoving(BroadcaserSingleOutputStreamDeletionTest.java:34)
</failure>
    <system-out>bug -------------&gt;&gt;&gt; JSONObject[&quot;msg&quot;] not found. Request is http://10.7.0.66:4444/zixi/remove_output.json?id=null&amp;stream=null 
Line Number is 127
Exception type is class org.json.JSONException
</system-out>
  </testcase>
  <testcase classname="com.zixi.testing.FeederOutputPushToBxTest" name="testInit" time="0.305">
    <failure message="com/zixi/drivers/drivers/FeederOutputPushToBxDriver" type="java.lang.NoClassDefFoundError">java.lang.NoClassDefFoundError: com/zixi/drivers/drivers/FeederOutputPushToBxDriver
	at com.zixi.testing.FeederOutputPushToBxTest.testInit(FeederOutputPushToBxTest.java:14)
</failure>
    <system-out>bug -------------&gt;&gt;&gt; JSONObject[&quot;msg&quot;] not found. Request is http://10.7.0.66:4444/zixi/remove_output.json?id=null&amp;stream=null 
Line Number is 127
Exception type is class org.json.JSONException
</system-out>
  </testcase>
  <testcase classname="com.zixi.testing.FeederOutputPushToBxTest" name="beforeTes" time="0.305">
    <skipped/>
  </testcase>
  <testcase classname="com.zixi.testing.FeederOutputPushToBxTest" name="feederOutputToBxTest" time="0">
    <skipped/>
  </testcase>
  <testcase classname="com.zixi.testing.FeederOutputPushToBxTest" name="afterTest" time="0">
    <skipped/>
  </testcase>
  <testcase classname="com.zixi.testing.BroadcasterPushInStreamCreationTest" name="testInit" time="0">
    <failure message="com/zixi/drivers/drivers/BroadcasterPushInStreamCreationDriver" type="java.lang.NoClassDefFoundError">java.lang.NoClassDefFoundError: com/zixi/drivers/drivers/BroadcasterPushInStreamCreationDriver
	at com.zixi.testing.BroadcasterPushInStreamCreationTest.testInit(BroadcasterPushInStreamCreationTest.java:13)
</failure>
  </testcase>
  <testcase classname="com.zixi.testing.BroadcasterPushInStreamCreationTest" name="beforeTes" time="0.001">
    <skipped/>
  </testcase>
  <testcase classname="com.zixi.testing.BroadcasterPushInStreamCreationTest" name="broadcasterSingleStreamRemoving" time="0">
    <skipped/>
  </testcase>
  <testcase classname="com.zixi.testing.BroadcasterPushInStreamCreationTest" name="afterTest" time="0">
    <skipped/>
  </testcase>
  <testcase classname="com.zixi.testing.ReceiverPullInputStreamCreationTest" name="testInit" time="0">
    <failure message="com/zixi/drivers/drivers/ReceiverPullInputStreamCreationDriver" type="java.lang.NoClassDefFoundError">java.lang.NoClassDefFoundError: com/zixi/drivers/drivers/ReceiverPullInputStreamCreationDriver
	at com.zixi.testing.ReceiverPullInputStreamCreationTest.testInit(ReceiverPullInputStreamCreationTest.java:14)
</failure>
  </testcase>
  <testcase classname="com.zixi.testing.ReceiverPullInputStreamCreationTest" name="beforeTes" time="0.001">
    <skipped/>
  </testcase>
  <testcase classname="com.zixi.testing.ReceiverPullInputStreamCreationTest" name="feederOutputToBxTest" time="0">
    <skipped/>
  </testcase>
  <testcase classname="com.zixi.testing.ReceiverPullInputStreamCreationTest" name="afterTest" time="0">
    <skipped/>
  </testcase>
  <testcase classname="com.zixi.testing.BroadcasterInputStatisticSingleStreamTest" name="broadcasterSingleInputStreamStatisticAnilyzer" time="10.775">
    <failure message="JSONObject[&quot;net&quot;] not found." type="org.json.JSONException">org.json.JSONException: JSONObject[&quot;net&quot;] not found.
	at org.json.JSONObject.get(JSONObject.java:476)
	at org.json.JSONObject.getJSONObject(JSONObject.java:576)
	at com.zixi.tools.StreamStatisticAnalyzer.getStatBitrate(StreamStatisticAnalyzer.java:11)
	at com.zixi.drivers.drivers.BroadcasterInputStatisticSingleStreamDriver.testStatistic(BroadcasterInputStatisticSingleStreamDriver.java:61)
	at com.zixi.testing.BroadcasterInputStatisticSingleStreamTest.broadcasterSingleInputStreamStatisticAnilyzer(BroadcasterInputStatisticSingleStreamTest.java:33)
</failure>
  </testcase>
  <testcase classname="com.zixi.testing.ReceiverInputStatisticTest" name="testInit" time="10.816">
    <failure message="com/zixi/drivers/drivers/ReceiverInputStatisticDriver" type="java.lang.NoClassDefFoundError">java.lang.NoClassDefFoundError: com/zixi/drivers/drivers/ReceiverInputStatisticDriver
	at com.zixi.testing.ReceiverInputStatisticTest.testInit(ReceiverInputStatisticTest.java:14)
</failure>
  </testcase>
  <testcase classname="com.zixi.testing.ReceiverInputStatisticTest" name="beforeTes" time="10.817">
    <skipped/>
  </testcase>
  <testcase classname="com.zixi.testing.ReceiverInputStatisticTest" name="receiverInputStatistic" time="0">
    <skipped/>
  </testcase>
  <testcase classname="com.zixi.testing.ReceiverInputStatisticTest" name="afterTest" time="0">
    <skipped/>
  </testcase>
  <testcase classname="com.zixi.testing.ReceiverUdpOutCreationTest" name="testInit" time="0">
    <failure message="com/zixi/drivers/drivers/ReceiverUdpOutCreationDriver" type="java.lang.NoClassDefFoundError">java.lang.NoClassDefFoundError: com/zixi/drivers/drivers/ReceiverUdpOutCreationDriver
	at com.zixi.testing.ReceiverUdpOutCreationTest.testInit(ReceiverUdpOutCreationTest.java:13)
</failure>
  </testcase>
  <testcase classname="com.zixi.testing.ReceiverUdpOutCreationTest" name="beforeTes" time="0.002">
    <skipped/>
  </testcase>
  <testcase classname="com.zixi.testing.ReceiverUdpOutCreationTest" name="receiverOutputUdpTest" time="0">
    <skipped/>
  </testcase>
  <testcase classname="com.zixi.testing.ReceiverUdpOutCreationTest" name="afterTest" time="0">
    <skipped/>
  </testcase>
  <testcase classname="com.zixi.testing.FFMPEGImageStatisticTest" name="testInit" time="0.001">
    <failure message="com/zixi/drivers/drivers/FFMPEGImageStatisticTestDriver" type="java.lang.NoClassDefFoundError">java.lang.NoClassDefFoundError: com/zixi/drivers/drivers/FFMPEGImageStatisticTestDriver
	at com.zixi.testing.FFMPEGImageStatisticTest.testInit(FFMPEGImageStatisticTest.java:15)
</failure>
  </testcase>
  <testcase classname="com.zixi.testing.FFMPEGImageStatisticTest" name="beforeTes" time="0.002">
    <skipped/>
  </testcase>
  <testcase classname="com.zixi.testing.FFMPEGImageStatisticTest" name="broadcasterSingleInputStreamStatisticAnilyzer" time="0">
    <skipped/>
  </testcase>
  <testcase classname="com.zixi.testing.FFMPEGImageStatisticTest" name="afterTest" time="0">
    <skipped/>
  </testcase>
  <testcase classname="com.zixi.testing.ReceiverOutputStreamDeletionTest" name="testInit" time="0.001">
    <failure message="com/zixi/drivers/drivers/ReceiverOutputStreamDeletionDriver" type="java.lang.NoClassDefFoundError">java.lang.NoClassDefFoundError: com/zixi/drivers/drivers/ReceiverOutputStreamDeletionDriver
	at com.zixi.testing.ReceiverOutputStreamDeletionTest.testInit(ReceiverOutputStreamDeletionTest.java:13)
</failure>
  </testcase>
  <testcase classname="com.zixi.testing.ReceiverOutputStreamDeletionTest" name="beforeTes" time="0.002">
    <skipped/>
  </testcase>
  <testcase classname="com.zixi.testing.ReceiverOutputStreamDeletionTest" name="receiverDeleteOutputStreamTest" time="0">
    <skipped/>
  </testcase>
  <testcase classname="com.zixi.testing.ReceiverOutputStreamDeletionTest" name="afterTest" time="0">
    <skipped/>
  </testcase>
  <testcase classname="com.zixi.testing.FeederOutputDeletioinTest" name="testInit" time="0.001">
    <failure message="com/zixi/drivers/drivers/FeederOutputDeletionDriver" type="java.lang.NoClassDefFoundError">java.lang.NoClassDefFoundError: com/zixi/drivers/drivers/FeederOutputDeletionDriver
	at com.zixi.testing.FeederOutputDeletioinTest.testInit(FeederOutputDeletioinTest.java:13)
</failure>
  </testcase>
  <testcase classname="com.zixi.testing.FeederOutputDeletioinTest" name="beforeTes" time="0.003">
    <skipped/>
  </testcase>
  <testcase classname="com.zixi.testing.FeederOutputDeletioinTest" name="broadcasterSingleStreamRemoving" time="0">
    <skipped/>
  </testcase>
  <testcase classname="com.zixi.testing.FeederOutputDeletioinTest" name="afterTest" time="0">
    <skipped/>
  </testcase>
  <testcase classname="com.zixi.testing.BroadcasterSingleInputStreamDeletionTest" name="testInit" time="0.001">
    <failure message="com/zixi/drivers/drivers/BroadcasterSingleInputStreamDeletionDriver" type="java.lang.NoClassDefFoundError">java.lang.NoClassDefFoundError: com/zixi/drivers/drivers/BroadcasterSingleInputStreamDeletionDriver
	at com.zixi.testing.BroadcasterSingleInputStreamDeletionTest.testInit(BroadcasterSingleInputStreamDeletionTest.java:14)
</failure>
  </testcase>
  <testcase classname="com.zixi.testing.BroadcasterSingleInputStreamDeletionTest" name="beforeTes" time="0.002">
    <skipped/>
  </testcase>
  <testcase classname="com.zixi.testing.BroadcasterSingleInputStreamDeletionTest" name="broadcasterInputStreamDeletion" time="0">
    <skipped/>
  </testcase>
  <testcase classname="com.zixi.testing.BroadcasterSingleInputStreamDeletionTest" name="afterTest" time="0">
    <skipped/>
  </testcase>
  <testcase classname="com.zixi.testing.ReceiverPullInputStreamDeletionTest" name="testInit" time="0.001">
    <failure message="com/zixi/drivers/drivers/ReceiverPullInputStreamDeletionDriver" type="java.lang.NoClassDefFoundError">java.lang.NoClassDefFoundError: com/zixi/drivers/drivers/ReceiverPullInputStreamDeletionDriver
	at com.zixi.testing.ReceiverPullInputStreamDeletionTest.testInit(ReceiverPullInputStreamDeletionTest.java:14)
</failure>
  </testcase>
  <testcase classname="com.zixi.testing.ReceiverPullInputStreamDeletionTest" name="beforeTes" time="0.002">
    <skipped/>
  </testcase>
  <testcase classname="com.zixi.testing.ReceiverPullInputStreamDeletionTest" name="feederOutputToBxTest" time="0">
    <skipped/>
  </testcase>
  <testcase classname="com.zixi.testing.ReceiverPullInputStreamDeletionTest" name="afterTest" time="0">
    <skipped/>
  </testcase>
  <testcase classname="com.zixi.testing.FeederOutputPushToBxTest" name="testInit" time="0.001">
    <failure message="com/zixi/drivers/drivers/FeederOutputPushToBxDriver" type="java.lang.NoClassDefFoundError">java.lang.NoClassDefFoundError: com/zixi/drivers/drivers/FeederOutputPushToBxDriver
	at com.zixi.testing.FeederOutputPushToBxTest.testInit(FeederOutputPushToBxTest.java:14)
</failure>
  </testcase>
  <testcase classname="com.zixi.testing.FeederOutputPushToBxTest" name="beforeTes" time="0.002">
    <skipped/>
  </testcase>
  <testcase classname="com.zixi.testing.FeederOutputPushToBxTest" name="feederOutputToBxTest" time="0">
    <skipped/>
  </testcase>
  <testcase classname="com.zixi.testing.FeederOutputPushToBxTest" name="afterTest" time="0">
    <skipped/>
  </testcase>
  <testcase classname="com.zixi.testing.BroadcasterPushInStreamCreationTest" name="testInit" time="0.001">
    <failure message="com/zixi/drivers/drivers/BroadcasterPushInStreamCreationDriver" type="java.lang.NoClassDefFoundError">java.lang.NoClassDefFoundError: com/zixi/drivers/drivers/BroadcasterPushInStreamCreationDriver
	at com.zixi.testing.BroadcasterPushInStreamCreationTest.testInit(BroadcasterPushInStreamCreationTest.java:13)
</failure>
  </testcase>
  <testcase classname="com.zixi.testing.BroadcasterPushInStreamCreationTest" name="beforeTes" time="0.002">
    <skipped/>
  </testcase>
  <testcase classname="com.zixi.testing.BroadcasterPushInStreamCreationTest" name="broadcasterSingleStreamRemoving" time="0">
    <skipped/>
  </testcase>
  <testcase classname="com.zixi.testing.BroadcasterPushInStreamCreationTest" name="afterTest" time="0">
    <skipped/>
  </testcase>
  <testcase classname="com.zixi.testing.ReceiverPullInputStreamCreationTest" name="testInit" time="0">
    <failure message="com/zixi/drivers/drivers/ReceiverPullInputStreamCreationDriver" type="java.lang.NoClassDefFoundError">java.lang.NoClassDefFoundError: com/zixi/drivers/drivers/ReceiverPullInputStreamCreationDriver
	at com.zixi.testing.ReceiverPullInputStreamCreationTest.testInit(ReceiverPullInputStreamCreationTest.java:14)
</failure>
  </testcase>
  <testcase classname="com.zixi.testing.ReceiverPullInputStreamCreationTest" name="beforeTes" time="0.002">
    <skipped/>
  </testcase>
  <testcase classname="com.zixi.testing.ReceiverPullInputStreamCreationTest" name="feederOutputToBxTest" time="0">
    <skipped/>
  </testcase>
  <testcase classname="com.zixi.testing.ReceiverPullInputStreamCreationTest" name="afterTest" time="0">
    <skipped/>
  </testcase>
  <testcase classname="com.zixi.testing.BroadcasterInputStatisticSingleStreamTest" name="broadcasterSingleInputStreamStatisticAnilyzer" time="10.762">
    <failure message="JSONObject[&quot;net&quot;] not found." type="org.json.JSONException">org.json.JSONException: JSONObject[&quot;net&quot;] not found.
	at org.json.JSONObject.get(JSONObject.java:476)
	at org.json.JSONObject.getJSONObject(JSONObject.java:576)
	at com.zixi.tools.StreamStatisticAnalyzer.getStatBitrate(StreamStatisticAnalyzer.java:11)
	at com.zixi.drivers.drivers.BroadcasterInputStatisticSingleStreamDriver.testStatistic(BroadcasterInputStatisticSingleStreamDriver.java:61)
	at com.zixi.testing.BroadcasterInputStatisticSingleStreamTest.broadcasterSingleInputStreamStatisticAnilyzer(BroadcasterInputStatisticSingleStreamTest.java:33)
</failure>
  </testcase>
  <testcase classname="com.zixi.testing.ReceiverInputStatisticTest" name="testInit" time="10.803">
    <failure message="com/zixi/drivers/drivers/ReceiverInputStatisticDriver" type="java.lang.NoClassDefFoundError">java.lang.NoClassDefFoundError: com/zixi/drivers/drivers/ReceiverInputStatisticDriver
	at com.zixi.testing.ReceiverInputStatisticTest.testInit(ReceiverInputStatisticTest.java:14)
</failure>
  </testcase>
  <testcase classname="com.zixi.testing.ReceiverInputStatisticTest" name="beforeTes" time="10.804">
    <skipped/>
  </testcase>
  <testcase classname="com.zixi.testing.ReceiverInputStatisticTest" name="receiverInputStatistic" time="0">
    <skipped/>
  </testcase>
  <testcase classname="com.zixi.testing.ReceiverInputStatisticTest" name="afterTest" time="0">
    <skipped/>
  </testcase>
  <testcase classname="com.zixi.testing.ReceiverUdpOutCreationTest" name="testInit" time="0.001">
    <failure message="com/zixi/drivers/drivers/ReceiverUdpOutCreationDriver" type="java.lang.NoClassDefFoundError">java.lang.NoClassDefFoundError: com/zixi/drivers/drivers/ReceiverUdpOutCreationDriver
	at com.zixi.testing.ReceiverUdpOutCreationTest.testInit(ReceiverUdpOutCreationTest.java:13)
</failure>
  </testcase>
  <testcase classname="com.zixi.testing.ReceiverUdpOutCreationTest" name="beforeTes" time="0.002">
    <skipped/>
  </testcase>
  <testcase classname="com.zixi.testing.ReceiverUdpOutCreationTest" name="receiverOutputUdpTest" time="0">
    <skipped/>
  </testcase>
  <testcase classname="com.zixi.testing.ReceiverUdpOutCreationTest" name="afterTest" time="0">
    <skipped/>
  </testcase>
  <testcase classname="com.zixi.testing.FFMPEGImageStatisticTest" name="testInit" time="0">
    <failure message="com/zixi/drivers/drivers/FFMPEGImageStatisticTestDriver" type="java.lang.NoClassDefFoundError">java.lang.NoClassDefFoundError: com/zixi/drivers/drivers/FFMPEGImageStatisticTestDriver
	at com.zixi.testing.FFMPEGImageStatisticTest.testInit(FFMPEGImageStatisticTest.java:15)
</failure>
  </testcase>
  <testcase classname="com.zixi.testing.FFMPEGImageStatisticTest" name="beforeTes" time="0.001">
    <skipped/>
  </testcase>
  <testcase classname="com.zixi.testing.FFMPEGImageStatisticTest" name="broadcasterSingleInputStreamStatisticAnilyzer" time="0.001">
    <skipped/>
  </testcase>
  <testcase classname="com.zixi.testing.FFMPEGImageStatisticTest" name="afterTest" time="0.001">
    <skipped/>
  </testcase>
  <testcase classname="com.zixi.testing.ReceiverOutputStreamDeletionTest" name="testInit" time="0.001">
    <failure message="com/zixi/drivers/drivers/ReceiverOutputStreamDeletionDriver" type="java.lang.NoClassDefFoundError">java.lang.NoClassDefFoundError: com/zixi/drivers/drivers/ReceiverOutputStreamDeletionDriver
	at com.zixi.testing.ReceiverOutputStreamDeletionTest.testInit(ReceiverOutputStreamDeletionTest.java:13)
</failure>
  </testcase>
  <testcase classname="com.zixi.testing.ReceiverOutputStreamDeletionTest" name="beforeTes" time="0.002">
    <skipped/>
  </testcase>
  <testcase classname="com.zixi.testing.ReceiverOutputStreamDeletionTest" name="receiverDeleteOutputStreamTest" time="0">
    <skipped/>
  </testcase>
  <testcase classname="com.zixi.testing.ReceiverOutputStreamDeletionTest" name="afterTest" time="0">
    <skipped/>
  </testcase>
  <testcase classname="com.zixi.testing.FeederOutputDeletioinTest" name="testInit" time="0.001">
    <failure message="com/zixi/drivers/drivers/FeederOutputDeletionDriver" type="java.lang.NoClassDefFoundError">java.lang.NoClassDefFoundError: com/zixi/drivers/drivers/FeederOutputDeletionDriver
	at com.zixi.testing.FeederOutputDeletioinTest.testInit(FeederOutputDeletioinTest.java:13)
</failure>
  </testcase>
  <testcase classname="com.zixi.testing.FeederOutputDeletioinTest" name="beforeTes" time="0.002">
    <skipped/>
  </testcase>
  <testcase classname="com.zixi.testing.FeederOutputDeletioinTest" name="broadcasterSingleStreamRemoving" time="0">
    <skipped/>
  </testcase>
  <testcase classname="com.zixi.testing.FeederOutputDeletioinTest" name="afterTest" time="0">
    <skipped/>
  </testcase>
  <testcase classname="com.zixi.testing.BroadcasterSingleInputStreamDeletionTest" name="testInit" time="0.001">
    <failure message="com/zixi/drivers/drivers/BroadcasterSingleInputStreamDeletionDriver" type="java.lang.NoClassDefFoundError">java.lang.NoClassDefFoundError: com/zixi/drivers/drivers/BroadcasterSingleInputStreamDeletionDriver
	at com.zixi.testing.BroadcasterSingleInputStreamDeletionTest.testInit(BroadcasterSingleInputStreamDeletionTest.java:14)
</failure>
  </testcase>
  <testcase classname="com.zixi.testing.BroadcasterSingleInputStreamDeletionTest" name="beforeTes" time="0.002">
    <skipped/>
  </testcase>
  <testcase classname="com.zixi.testing.BroadcasterSingleInputStreamDeletionTest" name="broadcasterInputStreamDeletion" time="0">
    <skipped/>
  </testcase>
  <testcase classname="com.zixi.testing.BroadcasterSingleInputStreamDeletionTest" name="afterTest" time="0">
    <skipped/>
  </testcase>
  <testcase classname="com.zixi.testing.ReceiverPullInputStreamDeletionTest" name="testInit" time="0">
    <failure message="com/zixi/drivers/drivers/ReceiverPullInputStreamDeletionDriver" type="java.lang.NoClassDefFoundError">java.lang.NoClassDefFoundError: com/zixi/drivers/drivers/ReceiverPullInputStreamDeletionDriver
	at com.zixi.testing.ReceiverPullInputStreamDeletionTest.testInit(ReceiverPullInputStreamDeletionTest.java:14)
</failure>
  </testcase>
  <testcase classname="com.zixi.testing.ReceiverPullInputStreamDeletionTest" name="beforeTes" time="0.002">
    <skipped/>
  </testcase>
  <testcase classname="com.zixi.testing.ReceiverPullInputStreamDeletionTest" name="feederOutputToBxTest" time="0">
    <skipped/>
  </testcase>
  <testcase classname="com.zixi.testing.ReceiverPullInputStreamDeletionTest" name="afterTest" time="0">
    <skipped/>
  </testcase>
  <testcase classname="com.zixi.testing.FeederOutputPushToBxTest" name="testInit" time="0.001">
    <failure message="com/zixi/drivers/drivers/FeederOutputPushToBxDriver" type="java.lang.NoClassDefFoundError">java.lang.NoClassDefFoundError: com/zixi/drivers/drivers/FeederOutputPushToBxDriver
	at com.zixi.testing.FeederOutputPushToBxTest.testInit(FeederOutputPushToBxTest.java:14)
</failure>
  </testcase>
  <testcase classname="com.zixi.testing.FeederOutputPushToBxTest" name="beforeTes" time="0.002">
    <skipped/>
  </testcase>
  <testcase classname="com.zixi.testing.FeederOutputPushToBxTest" name="feederOutputToBxTest" time="0.001">
    <skipped/>
  </testcase>
  <testcase classname="com.zixi.testing.FeederOutputPushToBxTest" name="afterTest" time="0.001">
    <skipped/>
  </testcase>
  <testcase classname="com.zixi.testing.BroadcasterPushInStreamCreationTest" name="testInit" time="0.001">
    <failure message="com/zixi/drivers/drivers/BroadcasterPushInStreamCreationDriver" type="java.lang.NoClassDefFoundError">java.lang.NoClassDefFoundError: com/zixi/drivers/drivers/BroadcasterPushInStreamCreationDriver
	at com.zixi.testing.BroadcasterPushInStreamCreationTest.testInit(BroadcasterPushInStreamCreationTest.java:13)
</failure>
  </testcase>
  <testcase classname="com.zixi.testing.BroadcasterPushInStreamCreationTest" name="beforeTes" time="0.002">
    <skipped/>
  </testcase>
  <testcase classname="com.zixi.testing.BroadcasterPushInStreamCreationTest" name="broadcasterSingleStreamRemoving" time="0">
    <skipped/>
  </testcase>
  <testcase classname="com.zixi.testing.BroadcasterPushInStreamCreationTest" name="afterTest" time="0">
    <skipped/>
  </testcase>
  <testcase classname="com.zixi.testing.ReceiverPullInputStreamCreationTest" name="testInit" time="0">
    <failure message="com/zixi/drivers/drivers/ReceiverPullInputStreamCreationDriver" type="java.lang.NoClassDefFoundError">java.lang.NoClassDefFoundError: com/zixi/drivers/drivers/ReceiverPullInputStreamCreationDriver
	at com.zixi.testing.ReceiverPullInputStreamCreationTest.testInit(ReceiverPullInputStreamCreationTest.java:14)
</failure>
  </testcase>
  <testcase classname="com.zixi.testing.ReceiverPullInputStreamCreationTest" name="beforeTes" time="0.002">
    <skipped/>
  </testcase>
  <testcase classname="com.zixi.testing.ReceiverPullInputStreamCreationTest" name="feederOutputToBxTest" time="0">
    <skipped/>
  </testcase>
  <testcase classname="com.zixi.testing.ReceiverPullInputStreamCreationTest" name="afterTest" time="0">
    <skipped/>
  </testcase>
  <testcase classname="com.zixi.testing.BroadcasterInputStatisticSingleStreamTest" name="broadcasterSingleInputStreamStatisticAnilyzer" time="10.806">
    <failure message="JSONObject[&quot;net&quot;] not found." type="org.json.JSONException">org.json.JSONException: JSONObject[&quot;net&quot;] not found.
	at org.json.JSONObject.get(JSONObject.java:476)
	at org.json.JSONObject.getJSONObject(JSONObject.java:576)
	at com.zixi.tools.StreamStatisticAnalyzer.getStatBitrate(StreamStatisticAnalyzer.java:11)
	at com.zixi.drivers.drivers.BroadcasterInputStatisticSingleStreamDriver.testStatistic(BroadcasterInputStatisticSingleStreamDriver.java:61)
	at com.zixi.testing.BroadcasterInputStatisticSingleStreamTest.broadcasterSingleInputStreamStatisticAnilyzer(BroadcasterInputStatisticSingleStreamTest.java:33)
</failure>
  </testcase>
  <testcase classname="com.zixi.testing.ReceiverInputStatisticTest" name="testInit" time="10.846">
    <failure message="com/zixi/drivers/drivers/ReceiverInputStatisticDriver" type="java.lang.NoClassDefFoundError">java.lang.NoClassDefFoundError: com/zixi/drivers/drivers/ReceiverInputStatisticDriver
	at com.zixi.testing.ReceiverInputStatisticTest.testInit(ReceiverInputStatisticTest.java:14)
</failure>
  </testcase>
  <testcase classname="com.zixi.testing.ReceiverInputStatisticTest" name="beforeTes" time="10.847">
    <skipped/>
  </testcase>
  <testcase classname="com.zixi.testing.ReceiverInputStatisticTest" name="receiverInputStatistic" time="0">
    <skipped/>
  </testcase>
  <testcase classname="com.zixi.testing.ReceiverInputStatisticTest" name="afterTest" time="0">
    <skipped/>
  </testcase>
  <testcase classname="com.zixi.testing.ReceiverUdpOutCreationTest" name="testInit" time="0.001">
    <failure message="com/zixi/drivers/drivers/ReceiverUdpOutCreationDriver" type="java.lang.NoClassDefFoundError">java.lang.NoClassDefFoundError: com/zixi/drivers/drivers/ReceiverUdpOutCreationDriver
	at com.zixi.testing.ReceiverUdpOutCreationTest.testInit(ReceiverUdpOutCreationTest.java:13)
</failure>
  </testcase>
  <testcase classname="com.zixi.testing.ReceiverUdpOutCreationTest" name="beforeTes" time="0.002">
    <skipped/>
  </testcase>
  <testcase classname="com.zixi.testing.ReceiverUdpOutCreationTest" name="receiverOutputUdpTest" time="0">
    <skipped/>
  </testcase>
  <testcase classname="com.zixi.testing.ReceiverUdpOutCreationTest" name="afterTest" time="0">
    <skipped/>
  </testcase>
  <testcase classname="com.zixi.testing.FFMPEGImageStatisticTest" name="testInit" time="0">
    <failure message="com/zixi/drivers/drivers/FFMPEGImageStatisticTestDriver" type="java.lang.NoClassDefFoundError">java.lang.NoClassDefFoundError: com/zixi/drivers/drivers/FFMPEGImageStatisticTestDriver
	at com.zixi.testing.FFMPEGImageStatisticTest.testInit(FFMPEGImageStatisticTest.java:15)
</failure>
  </testcase>
  <testcase classname="com.zixi.testing.FFMPEGImageStatisticTest" name="beforeTes" time="0.001">
    <skipped/>
  </testcase>
  <testcase classname="com.zixi.testing.FFMPEGImageStatisticTest" name="broadcasterSingleInputStreamStatisticAnilyzer" time="0">
    <skipped/>
  </testcase>
  <testcase classname="com.zixi.testing.FFMPEGImageStatisticTest" name="afterTest" time="0">
    <skipped/>
  </testcase>
  <testcase classname="com.zixi.testing.ReceiverOutputStreamDeletionTest" name="testInit" time="0">
    <failure message="com/zixi/drivers/drivers/ReceiverOutputStreamDeletionDriver" type="java.lang.NoClassDefFoundError">java.lang.NoClassDefFoundError: com/zixi/drivers/drivers/ReceiverOutputStreamDeletionDriver
	at com.zixi.testing.ReceiverOutputStreamDeletionTest.testInit(ReceiverOutputStreamDeletionTest.java:13)
</failure>
  </testcase>
  <testcase classname="com.zixi.testing.ReceiverOutputStreamDeletionTest" name="beforeTes" time="0.001">
    <skipped/>
  </testcase>
  <testcase classname="com.zixi.testing.ReceiverOutputStreamDeletionTest" name="receiverDeleteOutputStreamTest" time="0">
    <skipped/>
  </testcase>
  <testcase classname="com.zixi.testing.ReceiverOutputStreamDeletionTest" name="afterTest" time="0">
    <skipped/>
  </testcase>
  <testcase classname="com.zixi.testing.FeederOutputDeletioinTest" name="testInit" time="0">
    <failure message="com/zixi/drivers/drivers/FeederOutputDeletionDriver" type="java.lang.NoClassDefFoundError">java.lang.NoClassDefFoundError: com/zixi/drivers/drivers/FeederOutputDeletionDriver
	at com.zixi.testing.FeederOutputDeletioinTest.testInit(FeederOutputDeletioinTest.java:13)
</failure>
  </testcase>
  <testcase classname="com.zixi.testing.FeederOutputDeletioinTest" name="beforeTes" time="0.001">
    <skipped/>
  </testcase>
  <testcase classname="com.zixi.testing.FeederOutputDeletioinTest" name="broadcasterSingleStreamRemoving" time="0">
    <skipped/>
  </testcase>
  <testcase classname="com.zixi.testing.FeederOutputDeletioinTest" name="afterTest" time="0">
    <skipped/>
  </testcase>
  <testcase classname="com.zixi.testing.BroadcasterSingleInputStreamDeletionTest" name="testInit" time="0.001">
    <failure message="com/zixi/drivers/drivers/BroadcasterSingleInputStreamDeletionDriver" type="java.lang.NoClassDefFoundError">java.lang.NoClassDefFoundError: com/zixi/drivers/drivers/BroadcasterSingleInputStreamDeletionDriver
	at com.zixi.testing.BroadcasterSingleInputStreamDeletionTest.testInit(BroadcasterSingleInputStreamDeletionTest.java:14)
</failure>
  </testcase>
  <testcase classname="com.zixi.testing.BroadcasterSingleInputStreamDeletionTest" name="beforeTes" time="0.001">
    <skipped/>
  </testcase>
  <testcase classname="com.zixi.testing.BroadcasterSingleInputStreamDeletionTest" name="broadcasterInputStreamDeletion" time="0">
    <skipped/>
  </testcase>
  <testcase classname="com.zixi.testing.BroadcasterSingleInputStreamDeletionTest" name="afterTest" time="0">
    <skipped/>
  </testcase>
  <testcase classname="com.zixi.testing.ReceiverPullInputStreamDeletionTest" name="testInit" time="0">
    <failure message="com/zixi/drivers/drivers/ReceiverPullInputStreamDeletionDriver" type="java.lang.NoClassDefFoundError">java.lang.NoClassDefFoundError: com/zixi/drivers/drivers/ReceiverPullInputStreamDeletionDriver
	at com.zixi.testing.ReceiverPullInputStreamDeletionTest.testInit(ReceiverPullInputStreamDeletionTest.java:14)
</failure>
  </testcase>
  <testcase classname="com.zixi.testing.ReceiverPullInputStreamDeletionTest" name="beforeTes" time="0.001">
    <skipped/>
  </testcase>
  <testcase classname="com.zixi.testing.ReceiverPullInputStreamDeletionTest" name="feederOutputToBxTest" time="0">
    <skipped/>
  </testcase>
  <testcase classname="com.zixi.testing.ReceiverPullInputStreamDeletionTest" name="afterTest" time="0">
    <skipped/>
  </testcase>
  <testcase classname="com.zixi.testing.FeederOutputPushToBxTest" name="testInit" time="0.001">
    <failure message="com/zixi/drivers/drivers/FeederOutputPushToBxDriver" type="java.lang.NoClassDefFoundError">java.lang.NoClassDefFoundError: com/zixi/drivers/drivers/FeederOutputPushToBxDriver
	at com.zixi.testing.FeederOutputPushToBxTest.testInit(FeederOutputPushToBxTest.java:14)
</failure>
  </testcase>
  <testcase classname="com.zixi.testing.FeederOutputPushToBxTest" name="beforeTes" time="0.002">
    <skipped/>
  </testcase>
  <testcase classname="com.zixi.testing.FeederOutputPushToBxTest" name="feederOutputToBxTest" time="0">
    <skipped/>
  </testcase>
  <testcase classname="com.zixi.testing.FeederOutputPushToBxTest" name="afterTest" time="0">
    <skipped/>
  </testcase>
  <testcase classname="com.zixi.testing.BroadcasterPushInStreamCreationTest" name="testInit" time="0">
    <failure message="com/zixi/drivers/drivers/BroadcasterPushInStreamCreationDriver" type="java.lang.NoClassDefFoundError">java.lang.NoClassDefFoundError: com/zixi/drivers/drivers/BroadcasterPushInStreamCreationDriver
	at com.zixi.testing.BroadcasterPushInStreamCreationTest.testInit(BroadcasterPushInStreamCreationTest.java:13)
</failure>
  </testcase>
  <testcase classname="com.zixi.testing.BroadcasterPushInStreamCreationTest" name="beforeTes" time="0.001">
    <skipped/>
  </testcase>
  <testcase classname="com.zixi.testing.BroadcasterPushInStreamCreationTest" name="broadcasterSingleStreamRemoving" time="0">
    <skipped/>
  </testcase>
  <testcase classname="com.zixi.testing.BroadcasterPushInStreamCreationTest" name="afterTest" time="0">
    <skipped/>
  </testcase>
  <testcase classname="com.zixi.testing.ReceiverPullInputStreamCreationTest" name="testInit" time="0.001">
    <failure message="com/zixi/drivers/drivers/ReceiverPullInputStreamCreationDriver" type="java.lang.NoClassDefFoundError">java.lang.NoClassDefFoundError: com/zixi/drivers/drivers/ReceiverPullInputStreamCreationDriver
	at com.zixi.testing.ReceiverPullInputStreamCreationTest.testInit(ReceiverPullInputStreamCreationTest.java:14)
</failure>
  </testcase>
  <testcase classname="com.zixi.testing.ReceiverPullInputStreamCreationTest" name="beforeTes" time="0.002">
    <skipped/>
  </testcase>
  <testcase classname="com.zixi.testing.ReceiverPullInputStreamCreationTest" name="feederOutputToBxTest" time="0">
    <skipped/>
  </testcase>
  <testcase classname="com.zixi.testing.ReceiverPullInputStreamCreationTest" name="afterTest" time="0">
    <skipped/>
  </testcase>
  <testcase classname="com.zixi.testing.BroadcasterInputStatisticSingleStreamTest" name="broadcasterSingleInputStreamStatisticAnilyzer" time="10.75">
    <failure message="JSONObject[&quot;net&quot;] not found." type="org.json.JSONException">org.json.JSONException: JSONObject[&quot;net&quot;] not found.
	at org.json.JSONObject.get(JSONObject.java:476)
	at org.json.JSONObject.getJSONObject(JSONObject.java:576)
	at com.zixi.tools.StreamStatisticAnalyzer.getStatBitrate(StreamStatisticAnalyzer.java:11)
	at com.zixi.drivers.drivers.BroadcasterInputStatisticSingleStreamDriver.testStatistic(BroadcasterInputStatisticSingleStreamDriver.java:61)
	at com.zixi.testing.BroadcasterInputStatisticSingleStreamTest.broadcasterSingleInputStreamStatisticAnilyzer(BroadcasterInputStatisticSingleStreamTest.java:33)
</failure>
  </testcase>
  <testcase classname="com.zixi.testing.ReceiverInputStatisticTest" name="testInit" time="10.829">
    <failure message="com/zixi/drivers/drivers/ReceiverInputStatisticDriver" type="java.lang.NoClassDefFoundError">java.lang.NoClassDefFoundError: com/zixi/drivers/drivers/ReceiverInputStatisticDriver
	at com.zixi.testing.ReceiverInputStatisticTest.testInit(ReceiverInputStatisticTest.java:14)
</failure>
  </testcase>
  <testcase classname="com.zixi.testing.ReceiverInputStatisticTest" name="beforeTes" time="10.83">
    <skipped/>
  </testcase>
  <testcase classname="com.zixi.testing.ReceiverInputStatisticTest" name="receiverInputStatistic" time="0">
    <skipped/>
  </testcase>
  <testcase classname="com.zixi.testing.ReceiverInputStatisticTest" name="afterTest" time="0">
    <skipped/>
  </testcase>
  <testcase classname="com.zixi.testing.ReceiverUdpOutCreationTest" name="testInit" time="0.001">
    <failure message="com/zixi/drivers/drivers/ReceiverUdpOutCreationDriver" type="java.lang.NoClassDefFoundError">java.lang.NoClassDefFoundError: com/zixi/drivers/drivers/ReceiverUdpOutCreationDriver
	at com.zixi.testing.ReceiverUdpOutCreationTest.testInit(ReceiverUdpOutCreationTest.java:13)
</failure>
  </testcase>
  <testcase classname="com.zixi.testing.ReceiverUdpOutCreationTest" name="beforeTes" time="0.002">
    <skipped/>
  </testcase>
  <testcase classname="com.zixi.testing.ReceiverUdpOutCreationTest" name="receiverOutputUdpTest" time="0">
    <skipped/>
  </testcase>
  <testcase classname="com.zixi.testing.ReceiverUdpOutCreationTest" name="afterTest" time="0">
    <skipped/>
  </testcase>
  <testcase classname="com.zixi.testing.FFMPEGImageStatisticTest" name="testInit" time="0.001">
    <failure message="com/zixi/drivers/drivers/FFMPEGImageStatisticTestDriver" type="java.lang.NoClassDefFoundError">java.lang.NoClassDefFoundError: com/zixi/drivers/drivers/FFMPEGImageStatisticTestDriver
	at com.zixi.testing.FFMPEGImageStatisticTest.testInit(FFMPEGImageStatisticTest.java:15)
</failure>
  </testcase>
  <testcase classname="com.zixi.testing.FFMPEGImageStatisticTest" name="beforeTes" time="0.002">
    <skipped/>
  </testcase>
  <testcase classname="com.zixi.testing.FFMPEGImageStatisticTest" name="broadcasterSingleInputStreamStatisticAnilyzer" time="0">
    <skipped/>
  </testcase>
  <testcase classname="com.zixi.testing.FFMPEGImageStatisticTest" name="afterTest" time="0">
    <skipped/>
  </testcase>
  <testcase classname="com.zixi.testing.ReceiverOutputStreamDeletionTest" name="testInit" time="0">
    <failure message="com/zixi/drivers/drivers/ReceiverOutputStreamDeletionDriver" type="java.lang.NoClassDefFoundError">java.lang.NoClassDefFoundError: com/zixi/drivers/drivers/ReceiverOutputStreamDeletionDriver
	at com.zixi.testing.ReceiverOutputStreamDeletionTest.testInit(ReceiverOutputStreamDeletionTest.java:13)
</failure>
  </testcase>
  <testcase classname="com.zixi.testing.ReceiverOutputStreamDeletionTest" name="beforeTes" time="0.002">
    <skipped/>
  </testcase>
  <testcase classname="com.zixi.testing.ReceiverOutputStreamDeletionTest" name="receiverDeleteOutputStreamTest" time="0">
    <skipped/>
  </testcase>
  <testcase classname="com.zixi.testing.ReceiverOutputStreamDeletionTest" name="afterTest" time="0">
    <skipped/>
  </testcase>
  <testcase classname="com.zixi.testing.FeederOutputDeletioinTest" name="testInit" time="0.001">
    <failure message="com/zixi/drivers/drivers/FeederOutputDeletionDriver" type="java.lang.NoClassDefFoundError">java.lang.NoClassDefFoundError: com/zixi/drivers/drivers/FeederOutputDeletionDriver
	at com.zixi.testing.FeederOutputDeletioinTest.testInit(FeederOutputDeletioinTest.java:13)
</failure>
  </testcase>
  <testcase classname="com.zixi.testing.FeederOutputDeletioinTest" name="beforeTes" time="0.002">
    <skipped/>
  </testcase>
  <testcase classname="com.zixi.testing.FeederOutputDeletioinTest" name="broadcasterSingleStreamRemoving" time="0">
    <skipped/>
  </testcase>
  <testcase classname="com.zixi.testing.FeederOutputDeletioinTest" name="afterTest" time="0">
    <skipped/>
  </testcase>
  <testcase classname="com.zixi.testing.BroadcasterSingleInputStreamDeletionTest" name="testInit" time="0">
    <failure message="com/zixi/drivers/drivers/BroadcasterSingleInputStreamDeletionDriver" type="java.lang.NoClassDefFoundError">java.lang.NoClassDefFoundError: com/zixi/drivers/drivers/BroadcasterSingleInputStreamDeletionDriver
	at com.zixi.testing.BroadcasterSingleInputStreamDeletionTest.testInit(BroadcasterSingleInputStreamDeletionTest.java:14)
</failure>
  </testcase>
  <testcase classname="com.zixi.testing.BroadcasterSingleInputStreamDeletionTest" name="beforeTes" time="0.001">
    <skipped/>
  </testcase>
  <testcase classname="com.zixi.testing.BroadcasterSingleInputStreamDeletionTest" name="broadcasterInputStreamDeletion" time="0">
    <skipped/>
  </testcase>
  <testcase classname="com.zixi.testing.BroadcasterSingleInputStreamDeletionTest" name="afterTest" time="0">
    <skipped/>
  </testcase>
  <testcase classname="com.zixi.testing.ReceiverPullInputStreamDeletionTest" name="testInit" time="0">
    <failure message="com/zixi/drivers/drivers/ReceiverPullInputStreamDeletionDriver" type="java.lang.NoClassDefFoundError">java.lang.NoClassDefFoundError: com/zixi/drivers/drivers/ReceiverPullInputStreamDeletionDriver
	at com.zixi.testing.ReceiverPullInputStreamDeletionTest.testInit(ReceiverPullInputStreamDeletionTest.java:14)
</failure>
  </testcase>
  <testcase classname="com.zixi.testing.ReceiverPullInputStreamDeletionTest" name="beforeTes" time="0.001">
    <skipped/>
  </testcase>
  <testcase classname="com.zixi.testing.ReceiverPullInputStreamDeletionTest" name="feederOutputToBxTest" time="0">
    <skipped/>
  </testcase>
  <testcase classname="com.zixi.testing.ReceiverPullInputStreamDeletionTest" name="afterTest" time="0.001">
    <skipped/>
  </testcase>
  <testcase classname="com.zixi.testing.FeederOutputPushToBxTest" name="testInit" time="0.001">
    <failure message="com/zixi/drivers/drivers/FeederOutputPushToBxDriver" type="java.lang.NoClassDefFoundError">java.lang.NoClassDefFoundError: com/zixi/drivers/drivers/FeederOutputPushToBxDriver
	at com.zixi.testing.FeederOutputPushToBxTest.testInit(FeederOutputPushToBxTest.java:14)
</failure>
  </testcase>
  <testcase classname="com.zixi.testing.FeederOutputPushToBxTest" name="beforeTes" time="0.002">
    <skipped/>
  </testcase>
  <testcase classname="com.zixi.testing.FeederOutputPushToBxTest" name="feederOutputToBxTest" time="0">
    <skipped/>
  </testcase>
  <testcase classname="com.zixi.testing.FeederOutputPushToBxTest" name="afterTest" time="0">
    <skipped/>
  </testcase>
  <testcase classname="com.zixi.testing.BroadcasterPushInStreamCreationTest" name="testInit" time="0">
    <failure message="com/zixi/drivers/drivers/BroadcasterPushInStreamCreationDriver" type="java.lang.NoClassDefFoundError">java.lang.NoClassDefFoundError: com/zixi/drivers/drivers/BroadcasterPushInStreamCreationDriver
	at com.zixi.testing.BroadcasterPushInStreamCreationTest.testInit(BroadcasterPushInStreamCreationTest.java:13)
</failure>
  </testcase>
  <testcase classname="com.zixi.testing.BroadcasterPushInStreamCreationTest" name="beforeTes" time="0.002">
    <skipped/>
  </testcase>
  <testcase classname="com.zixi.testing.BroadcasterPushInStreamCreationTest" name="broadcasterSingleStreamRemoving" time="0">
    <skipped/>
  </testcase>
  <testcase classname="com.zixi.testing.BroadcasterPushInStreamCreationTest" name="afterTest" time="0">
    <skipped/>
  </testcase>
  <testcase classname="com.zixi.testing.ReceiverPullInputStreamCreationTest" name="testInit" time="0">
    <failure message="com/zixi/drivers/drivers/ReceiverPullInputStreamCreationDriver" type="java.lang.NoClassDefFoundError">java.lang.NoClassDefFoundError: com/zixi/drivers/drivers/ReceiverPullInputStreamCreationDriver
	at com.zixi.testing.ReceiverPullInputStreamCreationTest.testInit(ReceiverPullInputStreamCreationTest.java:14)
</failure>
  </testcase>
  <testcase classname="com.zixi.testing.ReceiverPullInputStreamCreationTest" name="beforeTes" time="0.002">
    <skipped/>
  </testcase>
  <testcase classname="com.zixi.testing.ReceiverPullInputStreamCreationTest" name="feederOutputToBxTest" time="0">
    <skipped/>
  </testcase>
  <testcase classname="com.zixi.testing.ReceiverPullInputStreamCreationTest" name="afterTest" time="0">
    <skipped/>
  </testcase>
  <testcase classname="com.zixi.testing.BroadcasterInputStatisticSingleStreamTest" name="broadcasterSingleInputStreamStatisticAnilyzer" time="10.782">
    <failure message="JSONObject[&quot;net&quot;] not found." type="org.json.JSONException">org.json.JSONException: JSONObject[&quot;net&quot;] not found.
	at org.json.JSONObject.get(JSONObject.java:476)
	at org.json.JSONObject.getJSONObject(JSONObject.java:576)
	at com.zixi.tools.StreamStatisticAnalyzer.getStatBitrate(StreamStatisticAnalyzer.java:11)
	at com.zixi.drivers.drivers.BroadcasterInputStatisticSingleStreamDriver.testStatistic(BroadcasterInputStatisticSingleStreamDriver.java:61)
	at com.zixi.testing.BroadcasterInputStatisticSingleStreamTest.broadcasterSingleInputStreamStatisticAnilyzer(BroadcasterInputStatisticSingleStreamTest.java:33)
</failure>
  </testcase>
  <testcase classname="com.zixi.testing.ReceiverInputStatisticTest" name="testInit" time="10.845">
    <failure message="com/zixi/drivers/drivers/ReceiverInputStatisticDriver" type="java.lang.NoClassDefFoundError">java.lang.NoClassDefFoundError: com/zixi/drivers/drivers/ReceiverInputStatisticDriver
	at com.zixi.testing.ReceiverInputStatisticTest.testInit(ReceiverInputStatisticTest.java:14)
</failure>
  </testcase>
  <testcase classname="com.zixi.testing.ReceiverInputStatisticTest" name="beforeTes" time="10.847">
    <skipped/>
  </testcase>
  <testcase classname="com.zixi.testing.ReceiverInputStatisticTest" name="receiverInputStatistic" time="0">
    <skipped/>
  </testcase>
  <testcase classname="com.zixi.testing.ReceiverInputStatisticTest" name="afterTest" time="0">
    <skipped/>
  </testcase>
  <testcase classname="com.zixi.testing.ReceiverUdpOutCreationTest" name="testInit" time="0.001">
    <failure message="com/zixi/drivers/drivers/ReceiverUdpOutCreationDriver" type="java.lang.NoClassDefFoundError">java.lang.NoClassDefFoundError: com/zixi/drivers/drivers/ReceiverUdpOutCreationDriver
	at com.zixi.testing.ReceiverUdpOutCreationTest.testInit(ReceiverUdpOutCreationTest.java:13)
</failure>
  </testcase>
  <testcase classname="com.zixi.testing.ReceiverUdpOutCreationTest" name="beforeTes" time="0.002">
    <skipped/>
  </testcase>
  <testcase classname="com.zixi.testing.ReceiverUdpOutCreationTest" name="receiverOutputUdpTest" time="0">
    <skipped/>
  </testcase>
  <testcase classname="com.zixi.testing.ReceiverUdpOutCreationTest" name="afterTest" time="0">
    <skipped/>
  </testcase>
  <testcase classname="com.zixi.testing.FFMPEGImageStatisticTest" name="testInit" time="0.002">
    <failure message="com/zixi/drivers/drivers/FFMPEGImageStatisticTestDriver" type="java.lang.NoClassDefFoundError">java.lang.NoClassDefFoundError: com/zixi/drivers/drivers/FFMPEGImageStatisticTestDriver
	at com.zixi.testing.FFMPEGImageStatisticTest.testInit(FFMPEGImageStatisticTest.java:15)
</failure>
  </testcase>
  <testcase classname="com.zixi.testing.FFMPEGImageStatisticTest" name="beforeTes" time="0.003">
    <skipped/>
  </testcase>
  <testcase classname="com.zixi.testing.FFMPEGImageStatisticTest" name="broadcasterSingleInputStreamStatisticAnilyzer" time="0">
    <skipped/>
  </testcase>
  <testcase classname="com.zixi.testing.FFMPEGImageStatisticTest" name="afterTest" time="0">
    <skipped/>
  </testcase>
  <testcase classname="com.zixi.testing.ReceiverOutputStreamDeletionTest" name="testInit" time="0.001">
    <failure message="com/zixi/drivers/drivers/ReceiverOutputStreamDeletionDriver" type="java.lang.NoClassDefFoundError">java.lang.NoClassDefFoundError: com/zixi/drivers/drivers/ReceiverOutputStreamDeletionDriver
	at com.zixi.testing.ReceiverOutputStreamDeletionTest.testInit(ReceiverOutputStreamDeletionTest.java:13)
</failure>
  </testcase>
  <testcase classname="com.zixi.testing.ReceiverOutputStreamDeletionTest" name="beforeTes" time="0.002">
    <skipped/>
  </testcase>
  <testcase classname="com.zixi.testing.ReceiverOutputStreamDeletionTest" name="receiverDeleteOutputStreamTest" time="0">
    <skipped/>
  </testcase>
  <testcase classname="com.zixi.testing.ReceiverOutputStreamDeletionTest" name="afterTest" time="0">
    <skipped/>
  </testcase>
  <testcase classname="com.zixi.testing.FeederOutputDeletioinTest" name="testInit" time="0.001">
    <failure message="com/zixi/drivers/drivers/FeederOutputDeletionDriver" type="java.lang.NoClassDefFoundError">java.lang.NoClassDefFoundError: com/zixi/drivers/drivers/FeederOutputDeletionDriver
	at com.zixi.testing.FeederOutputDeletioinTest.testInit(FeederOutputDeletioinTest.java:13)
</failure>
  </testcase>
  <testcase classname="com.zixi.testing.FeederOutputDeletioinTest" name="beforeTes" time="0.002">
    <skipped/>
  </testcase>
  <testcase classname="com.zixi.testing.FeederOutputDeletioinTest" name="broadcasterSingleStreamRemoving" time="0">
    <skipped/>
  </testcase>
  <testcase classname="com.zixi.testing.FeederOutputDeletioinTest" name="afterTest" time="0">
    <skipped/>
  </testcase>
  <testcase classname="com.zixi.testing.BroadcasterSingleInputStreamDeletionTest" name="testInit" time="0.001">
    <failure message="com/zixi/drivers/drivers/BroadcasterSingleInputStreamDeletionDriver" type="java.lang.NoClassDefFoundError">java.lang.NoClassDefFoundError: com/zixi/drivers/drivers/BroadcasterSingleInputStreamDeletionDriver
	at com.zixi.testing.BroadcasterSingleInputStreamDeletionTest.testInit(BroadcasterSingleInputStreamDeletionTest.java:14)
</failure>
  </testcase>
  <testcase classname="com.zixi.testing.BroadcasterSingleInputStreamDeletionTest" name="beforeTes" time="0.002">
    <skipped/>
  </testcase>
  <testcase classname="com.zixi.testing.BroadcasterSingleInputStreamDeletionTest" name="broadcasterInputStreamDeletion" time="0">
    <skipped/>
  </testcase>
  <testcase classname="com.zixi.testing.BroadcasterSingleInputStreamDeletionTest" name="afterTest" time="0">
    <skipped/>
  </testcase>
  <testcase classname="com.zixi.testing.ReceiverPullInputStreamDeletionTest" name="testInit" time="0.001">
    <failure message="com/zixi/drivers/drivers/ReceiverPullInputStreamDeletionDriver" type="java.lang.NoClassDefFoundError">java.lang.NoClassDefFoundError: com/zixi/drivers/drivers/ReceiverPullInputStreamDeletionDriver
	at com.zixi.testing.ReceiverPullInputStreamDeletionTest.testInit(ReceiverPullInputStreamDeletionTest.java:14)
</failure>
  </testcase>
  <testcase classname="com.zixi.testing.ReceiverPullInputStreamDeletionTest" name="beforeTes" time="0.002">
    <skipped/>
  </testcase>
  <testcase classname="com.zixi.testing.ReceiverPullInputStreamDeletionTest" name="feederOutputToBxTest" time="0">
    <skipped/>
  </testcase>
  <testcase classname="com.zixi.testing.ReceiverPullInputStreamDeletionTest" name="afterTest" time="0.001">
    <skipped/>
  </testcase>
  <testcase classname="com.zixi.testing.FeederOutputPushToBxTest" name="testInit" time="0.001">
    <failure message="com/zixi/drivers/drivers/FeederOutputPushToBxDriver" type="java.lang.NoClassDefFoundError">java.lang.NoClassDefFoundError: com/zixi/drivers/drivers/FeederOutputPushToBxDriver
	at com.zixi.testing.FeederOutputPushToBxTest.testInit(FeederOutputPushToBxTest.java:14)
</failure>
  </testcase>
  <testcase classname="com.zixi.testing.FeederOutputPushToBxTest" name="beforeTes" time="0.002">
    <skipped/>
  </testcase>
  <testcase classname="com.zixi.testing.FeederOutputPushToBxTest" name="feederOutputToBxTest" time="0">
    <skipped/>
  </testcase>
  <testcase classname="com.zixi.testing.FeederOutputPushToBxTest" name="afterTest" time="0.001">
    <skipped/>
  </testcase>
  <testcase classname="com.zixi.testing.BroadcasterPushInStreamCreationTest" name="testInit" time="0.001">
    <failure message="com/zixi/drivers/drivers/BroadcasterPushInStreamCreationDriver" type="java.lang.NoClassDefFoundError">java.lang.NoClassDefFoundError: com/zixi/drivers/drivers/BroadcasterPushInStreamCreationDriver
	at com.zixi.testing.BroadcasterPushInStreamCreationTest.testInit(BroadcasterPushInStreamCreationTest.java:13)
</failure>
  </testcase>
  <testcase classname="com.zixi.testing.BroadcasterPushInStreamCreationTest" name="beforeTes" time="0.002">
    <skipped/>
  </testcase>
  <testcase classname="com.zixi.testing.BroadcasterPushInStreamCreationTest" name="broadcasterSingleStreamRemoving" time="0">
    <skipped/>
  </testcase>
  <testcase classname="com.zixi.testing.BroadcasterPushInStreamCreationTest" name="afterTest" time="0">
    <skipped/>
  </testcase>
  <testcase classname="com.zixi.testing.ReceiverPullInputStreamCreationTest" name="testInit" time="0">
    <failure message="com/zixi/drivers/drivers/ReceiverPullInputStreamCreationDriver" type="java.lang.NoClassDefFoundError">java.lang.NoClassDefFoundError: com/zixi/drivers/drivers/ReceiverPullInputStreamCreationDriver
	at com.zixi.testing.ReceiverPullInputStreamCreationTest.testInit(ReceiverPullInputStreamCreationTest.java:14)
</failure>
  </testcase>
  <testcase classname="com.zixi.testing.ReceiverPullInputStreamCreationTest" name="beforeTes" time="0.002">
    <skipped/>
  </testcase>
  <testcase classname="com.zixi.testing.ReceiverPullInputStreamCreationTest" name="feederOutputToBxTest" time="0">
    <skipped/>
  </testcase>
  <testcase classname="com.zixi.testing.ReceiverPullInputStreamCreationTest" name="afterTest" time="0">
    <skipped/>
  </testcase>
  <testcase classname="com.zixi.testing.BroadcasterInputStatisticSingleStreamTest" name="broadcasterSingleInputStreamStatisticAnilyzer" time="10.781">
    <failure message="JSONObject[&quot;net&quot;] not found." type="org.json.JSONException">org.json.JSONException: JSONObject[&quot;net&quot;] not found.
	at org.json.JSONObject.get(JSONObject.java:476)
	at org.json.JSONObject.getJSONObject(JSONObject.java:576)
	at com.zixi.tools.StreamStatisticAnalyzer.getStatBitrate(StreamStatisticAnalyzer.java:11)
	at com.zixi.drivers.drivers.BroadcasterInputStatisticSingleStreamDriver.testStatistic(BroadcasterInputStatisticSingleStreamDriver.java:61)
	at com.zixi.testing.BroadcasterInputStatisticSingleStreamTest.broadcasterSingleInputStreamStatisticAnilyzer(BroadcasterInputStatisticSingleStreamTest.java:33)
</failure>
  </testcase>
  <testcase classname="com.zixi.testing.ReceiverInputStatisticTest" name="testInit" time="10.824">
    <failure message="com/zixi/drivers/drivers/ReceiverInputStatisticDriver" type="java.lang.NoClassDefFoundError">java.lang.NoClassDefFoundError: com/zixi/drivers/drivers/ReceiverInputStatisticDriver
	at com.zixi.testing.ReceiverInputStatisticTest.testInit(ReceiverInputStatisticTest.java:14)
</failure>
  </testcase>
  <testcase classname="com.zixi.testing.ReceiverInputStatisticTest" name="beforeTes" time="10.824">
    <skipped/>
  </testcase>
  <testcase classname="com.zixi.testing.ReceiverInputStatisticTest" name="receiverInputStatistic" time="0">
    <skipped/>
  </testcase>
  <testcase classname="com.zixi.testing.ReceiverInputStatisticTest" name="afterTest" time="0">
    <skipped/>
  </testcase>
  <testcase classname="com.zixi.testing.ReceiverUdpOutCreationTest" name="testInit" time="0">
    <failure message="com/zixi/drivers/drivers/ReceiverUdpOutCreationDriver" type="java.lang.NoClassDefFoundError">java.lang.NoClassDefFoundError: com/zixi/drivers/drivers/ReceiverUdpOutCreationDriver
	at com.zixi.testing.ReceiverUdpOutCreationTest.testInit(ReceiverUdpOutCreationTest.java:13)
</failure>
  </testcase>
  <testcase classname="com.zixi.testing.ReceiverUdpOutCreationTest" name="beforeTes" time="0">
    <skipped/>
  </testcase>
  <testcase classname="com.zixi.testing.ReceiverUdpOutCreationTest" name="receiverOutputUdpTest" time="0">
    <skipped/>
  </testcase>
  <testcase classname="com.zixi.testing.ReceiverUdpOutCreationTest" name="afterTest" time="0">
    <skipped/>
  </testcase>
  <testcase classname="com.zixi.testing.FFMPEGImageStatisticTest" name="testInit" time="0.001">
    <failure message="com/zixi/drivers/drivers/FFMPEGImageStatisticTestDriver" type="java.lang.NoClassDefFoundError">java.lang.NoClassDefFoundError: com/zixi/drivers/drivers/FFMPEGImageStatisticTestDriver
	at com.zixi.testing.FFMPEGImageStatisticTest.testInit(FFMPEGImageStatisticTest.java:15)
</failure>
  </testcase>
  <testcase classname="com.zixi.testing.FFMPEGImageStatisticTest" name="beforeTes" time="0.001">
    <skipped/>
  </testcase>
  <testcase classname="com.zixi.testing.FFMPEGImageStatisticTest" name="broadcasterSingleInputStreamStatisticAnilyzer" time="0">
    <skipped/>
  </testcase>
  <testcase classname="com.zixi.testing.FFMPEGImageStatisticTest" name="afterTest" time="0">
    <skipped/>
  </testcase>
  <testcase classname="com.zixi.testing.ReceiverOutputStreamDeletionTest" name="testInit" time="0">
    <failure message="com/zixi/drivers/drivers/ReceiverOutputStreamDeletionDriver" type="java.lang.NoClassDefFoundError">java.lang.NoClassDefFoundError: com/zixi/drivers/drivers/ReceiverOutputStreamDeletionDriver
	at com.zixi.testing.ReceiverOutputStreamDeletionTest.testInit(ReceiverOutputStreamDeletionTest.java:13)
</failure>
  </testcase>
  <testcase classname="com.zixi.testing.ReceiverOutputStreamDeletionTest" name="beforeTes" time="0">
    <skipped/>
  </testcase>
  <testcase classname="com.zixi.testing.ReceiverOutputStreamDeletionTest" name="receiverDeleteOutputStreamTest" time="0">
    <skipped/>
  </testcase>
  <testcase classname="com.zixi.testing.ReceiverOutputStreamDeletionTest" name="afterTest" time="0">
    <skipped/>
  </testcase>
  <testcase classname="com.zixi.testing.FeederOutputDeletioinTest" name="testInit" time="0.001">
    <failure message="com/zixi/drivers/drivers/FeederOutputDeletionDriver" type="java.lang.NoClassDefFoundError">java.lang.NoClassDefFoundError: com/zixi/drivers/drivers/FeederOutputDeletionDriver
	at com.zixi.testing.FeederOutputDeletioinTest.testInit(FeederOutputDeletioinTest.java:13)
</failure>
  </testcase>
  <testcase classname="com.zixi.testing.FeederOutputDeletioinTest" name="beforeTes" time="0.001">
    <skipped/>
  </testcase>
  <testcase classname="com.zixi.testing.FeederOutputDeletioinTest" name="broadcasterSingleStreamRemoving" time="0">
    <skipped/>
  </testcase>
  <testcase classname="com.zixi.testing.FeederOutputDeletioinTest" name="afterTest" time="0">
    <skipped/>
  </testcase>
  <testcase classname="com.zixi.testing.BroadcasterSingleInputStreamDeletionTest" name="testInit" time="0">
    <failure message="com/zixi/drivers/drivers/BroadcasterSingleInputStreamDeletionDriver" type="java.lang.NoClassDefFoundError">java.lang.NoClassDefFoundError: com/zixi/drivers/drivers/BroadcasterSingleInputStreamDeletionDriver
	at com.zixi.testing.BroadcasterSingleInputStreamDeletionTest.testInit(BroadcasterSingleInputStreamDeletionTest.java:14)
</failure>
  </testcase>
  <testcase classname="com.zixi.testing.BroadcasterSingleInputStreamDeletionTest" name="beforeTes" time="0.001">
    <skipped/>
  </testcase>
  <testcase classname="com.zixi.testing.BroadcasterSingleInputStreamDeletionTest" name="broadcasterInputStreamDeletion" time="0">
    <skipped/>
  </testcase>
  <testcase classname="com.zixi.testing.BroadcasterSingleInputStreamDeletionTest" name="afterTest" time="0">
    <skipped/>
  </testcase>
  <testcase classname="com.zixi.testing.ReceiverPullInputStreamDeletionTest" name="testInit" time="0">
    <failure message="com/zixi/drivers/drivers/ReceiverPullInputStreamDeletionDriver" type="java.lang.NoClassDefFoundError">java.lang.NoClassDefFoundError: com/zixi/drivers/drivers/ReceiverPullInputStreamDeletionDriver
	at com.zixi.testing.ReceiverPullInputStreamDeletionTest.testInit(ReceiverPullInputStreamDeletionTest.java:14)
</failure>
  </testcase>
  <testcase classname="com.zixi.testing.ReceiverPullInputStreamDeletionTest" name="beforeTes" time="0">
    <skipped/>
  </testcase>
  <testcase classname="com.zixi.testing.ReceiverPullInputStreamDeletionTest" name="feederOutputToBxTest" time="0">
    <skipped/>
  </testcase>
  <testcase classname="com.zixi.testing.ReceiverPullInputStreamDeletionTest" name="afterTest" time="0">
    <skipped/>
  </testcase>
  <testcase classname="com.zixi.testing.FeederOutputPushToBxTest" name="testInit" time="0.001">
    <failure message="com/zixi/drivers/drivers/FeederOutputPushToBxDriver" type="java.lang.NoClassDefFoundError">java.lang.NoClassDefFoundError: com/zixi/drivers/drivers/FeederOutputPushToBxDriver
	at com.zixi.testing.FeederOutputPushToBxTest.testInit(FeederOutputPushToBxTest.java:14)
</failure>
  </testcase>
  <testcase classname="com.zixi.testing.FeederOutputPushToBxTest" name="beforeTes" time="0.001">
    <skipped/>
  </testcase>
  <testcase classname="com.zixi.testing.FeederOutputPushToBxTest" name="feederOutputToBxTest" time="0">
    <skipped/>
  </testcase>
  <testcase classname="com.zixi.testing.FeederOutputPushToBxTest" name="afterTest" time="0">
    <skipped/>
  </testcase>
  <testcase classname="com.zixi.testing.BroadcasterPushInStreamCreationTest" name="testInit" time="0.001">
    <failure message="com/zixi/drivers/drivers/BroadcasterPushInStreamCreationDriver" type="java.lang.NoClassDefFoundError">java.lang.NoClassDefFoundError: com/zixi/drivers/drivers/BroadcasterPushInStreamCreationDriver
	at com.zixi.testing.BroadcasterPushInStreamCreationTest.testInit(BroadcasterPushInStreamCreationTest.java:13)
</failure>
  </testcase>
  <testcase classname="com.zixi.testing.BroadcasterPushInStreamCreationTest" name="beforeTes" time="0.001">
    <skipped/>
  </testcase>
  <testcase classname="com.zixi.testing.BroadcasterPushInStreamCreationTest" name="broadcasterSingleStreamRemoving" time="0">
    <skipped/>
  </testcase>
  <testcase classname="com.zixi.testing.BroadcasterPushInStreamCreationTest" name="afterTest" time="0">
    <skipped/>
  </testcase>
  <testcase classname="com.zixi.testing.ReceiverPullInputStreamCreationTest" name="testInit" time="0">
    <failure message="com/zixi/drivers/drivers/ReceiverPullInputStreamCreationDriver" type="java.lang.NoClassDefFoundError">java.lang.NoClassDefFoundError: com/zixi/drivers/drivers/ReceiverPullInputStreamCreationDriver
	at com.zixi.testing.ReceiverPullInputStreamCreationTest.testInit(ReceiverPullInputStreamCreationTest.java:14)
</failure>
  </testcase>
  <testcase classname="com.zixi.testing.ReceiverPullInputStreamCreationTest" name="beforeTes" time="0.001">
    <skipped/>
  </testcase>
  <testcase classname="com.zixi.testing.ReceiverPullInputStreamCreationTest" name="feederOutputToBxTest" time="0">
    <skipped/>
  </testcase>
  <testcase classname="com.zixi.testing.ReceiverPullInputStreamCreationTest" name="afterTest" time="0">
    <skipped/>
  </testcase>
  <testcase classname="com.zixi.testing.BroadcasterInputStatisticSingleStreamTest" name="broadcasterSingleInputStreamStatisticAnilyzer" time="10.728">
    <failure message="JSONObject[&quot;net&quot;] not found." type="org.json.JSONException">org.json.JSONException: JSONObject[&quot;net&quot;] not found.
	at org.json.JSONObject.get(JSONObject.java:476)
	at org.json.JSONObject.getJSONObject(JSONObject.java:576)
	at com.zixi.tools.StreamStatisticAnalyzer.getStatBitrate(StreamStatisticAnalyzer.java:11)
	at com.zixi.drivers.drivers.BroadcasterInputStatisticSingleStreamDriver.testStatistic(BroadcasterInputStatisticSingleStreamDriver.java:61)
	at com.zixi.testing.BroadcasterInputStatisticSingleStreamTest.broadcasterSingleInputStreamStatisticAnilyzer(BroadcasterInputStatisticSingleStreamTest.java:33)
</failure>
  </testcase>
  <testcase classname="com.zixi.testing.ReceiverUdpOutCreationTest" name="testInit" time="10.767">
    <failure message="com/zixi/drivers/drivers/ReceiverUdpOutCreationDriver" type="java.lang.NoClassDefFoundError">java.lang.NoClassDefFoundError: com/zixi/drivers/drivers/ReceiverUdpOutCreationDriver
	at com.zixi.testing.ReceiverUdpOutCreationTest.testInit(ReceiverUdpOutCreationTest.java:13)
</failure>
  </testcase>
  <testcase classname="com.zixi.testing.ReceiverUdpOutCreationTest" name="beforeTes" time="10.768">
    <skipped/>
  </testcase>
  <testcase classname="com.zixi.testing.ReceiverUdpOutCreationTest" name="receiverOutputUdpTest" time="0">
    <skipped/>
  </testcase>
  <testcase classname="com.zixi.testing.ReceiverUdpOutCreationTest" name="afterTest" time="0">
    <skipped/>
  </testcase>
  <testcase classname="com.zixi.testing.FFMPEGImageStatisticNegativeTest" name="testInit" time="0.001">
    <failure message="com/zixi/drivers/drivers/FFMPEGImageStatisticTestDriver" type="java.lang.NoClassDefFoundError">java.lang.NoClassDefFoundError: com/zixi/drivers/drivers/FFMPEGImageStatisticTestDriver
	at com.zixi.testing.FFMPEGImageStatisticNegativeTest.testInit(FFMPEGImageStatisticNegativeTest.java:14)
Caused by: java.lang.ClassNotFoundException: com.zixi.drivers.drivers.FFMPEGImageStatisticTestDriver
	at java.net.URLClassLoader$1.run(Unknown Source)
	at java.net.URLClassLoader$1.run(Unknown Source)
	at java.security.AccessController.doPrivileged(Native Method)
	at java.net.URLClassLoader.findClass(Unknown Source)
	at java.lang.ClassLoader.loadClass(Unknown Source)
	at sun.misc.Launcher$AppClassLoader.loadClass(Unknown Source)
	at java.lang.ClassLoader.loadClass(Unknown Source)
	... 31 more
</failure>
  </testcase>
  <testcase classname="com.zixi.testing.FFMPEGImageStatisticNegativeTest" name="beforeTes" time="0.003">
    <skipped/>
  </testcase>
  <testcase classname="com.zixi.testing.FFMPEGImageStatisticNegativeTest" name="broadcasterSingleInputStreamStatisticAnilyzer" time="0">
    <skipped/>
  </testcase>
  <testcase classname="com.zixi.testing.FFMPEGImageStatisticNegativeTest" name="afterTest" time="0">
    <skipped/>
  </testcase>
  <testcase classname="com.zixi.testing.ReceiverOutputStreamDeletionTest" name="testInit" time="0.001">
    <failure message="com/zixi/drivers/drivers/ReceiverOutputStreamDeletionDriver" type="java.lang.NoClassDefFoundError">java.lang.NoClassDefFoundError: com/zixi/drivers/drivers/ReceiverOutputStreamDeletionDriver
	at com.zixi.testing.ReceiverOutputStreamDeletionTest.testInit(ReceiverOutputStreamDeletionTest.java:13)
</failure>
  </testcase>
  <testcase classname="com.zixi.testing.ReceiverOutputStreamDeletionTest" name="beforeTes" time="0.002">
    <skipped/>
  </testcase>
  <testcase classname="com.zixi.testing.ReceiverOutputStreamDeletionTest" name="receiverDeleteOutputStreamTest" time="0">
    <skipped/>
  </testcase>
  <testcase classname="com.zixi.testing.ReceiverOutputStreamDeletionTest" name="afterTest" time="0">
    <skipped/>
  </testcase>
  <testcase classname="com.zixi.testing.FeederOutputDeletioinTest" name="testInit" time="0.001">
    <failure message="com/zixi/drivers/drivers/FeederOutputDeletionDriver" type="java.lang.NoClassDefFoundError">java.lang.NoClassDefFoundError: com/zixi/drivers/drivers/FeederOutputDeletionDriver
	at com.zixi.testing.FeederOutputDeletioinTest.testInit(FeederOutputDeletioinTest.java:13)
</failure>
  </testcase>
  <testcase classname="com.zixi.testing.FeederOutputDeletioinTest" name="beforeTes" time="0.002">
    <skipped/>
  </testcase>
  <testcase classname="com.zixi.testing.FeederOutputDeletioinTest" name="broadcasterSingleStreamRemoving" time="0">
    <skipped/>
  </testcase>
  <testcase classname="com.zixi.testing.FeederOutputDeletioinTest" name="afterTest" time="0">
    <skipped/>
  </testcase>
  <testcase classname="com.zixi.testing.BroadcasterSingleInputStreamDeletionTest" name="testInit" time="0.001">
    <failure message="com/zixi/drivers/drivers/BroadcasterSingleInputStreamDeletionDriver" type="java.lang.NoClassDefFoundError">java.lang.NoClassDefFoundError: com/zixi/drivers/drivers/BroadcasterSingleInputStreamDeletionDriver
	at com.zixi.testing.BroadcasterSingleInputStreamDeletionTest.testInit(BroadcasterSingleInputStreamDeletionTest.java:14)
</failure>
  </testcase>
  <testcase classname="com.zixi.testing.BroadcasterSingleInputStreamDeletionTest" name="beforeTes" time="0.002">
    <skipped/>
  </testcase>
  <testcase classname="com.zixi.testing.BroadcasterSingleInputStreamDeletionTest" name="broadcasterInputStreamDeletion" time="0">
    <skipped/>
  </testcase>
  <testcase classname="com.zixi.testing.BroadcasterSingleInputStreamDeletionTest" name="afterTest" time="0">
    <skipped/>
  </testcase>
  <testcase classname="com.zixi.testing.ReceiverPullInputStreamDeletionTest" name="testInit" time="0.001">
    <failure message="com/zixi/drivers/drivers/ReceiverPullInputStreamDeletionDriver" type="java.lang.NoClassDefFoundError">java.lang.NoClassDefFoundError: com/zixi/drivers/drivers/ReceiverPullInputStreamDeletionDriver
	at com.zixi.testing.ReceiverPullInputStreamDeletionTest.testInit(ReceiverPullInputStreamDeletionTest.java:14)
</failure>
  </testcase>
  <testcase classname="com.zixi.testing.ReceiverPullInputStreamDeletionTest" name="beforeTes" time="0.002">
    <skipped/>
  </testcase>
  <testcase classname="com.zixi.testing.ReceiverPullInputStreamDeletionTest" name="feederOutputToBxTest" time="0">
    <skipped/>
  </testcase>
  <testcase classname="com.zixi.testing.ReceiverPullInputStreamDeletionTest" name="afterTest" time="0">
    <skipped/>
  </testcase>
  <testcase classname="com.zixi.testing.FeederOutputPushToBxTest" name="testInit" time="0.001">
    <failure message="com/zixi/drivers/drivers/FeederOutputPushToBxDriver" type="java.lang.NoClassDefFoundError">java.lang.NoClassDefFoundError: com/zixi/drivers/drivers/FeederOutputPushToBxDriver
	at com.zixi.testing.FeederOutputPushToBxTest.testInit(FeederOutputPushToBxTest.java:14)
</failure>
  </testcase>
  <testcase classname="com.zixi.testing.FeederOutputPushToBxTest" name="beforeTes" time="0.003">
    <skipped/>
  </testcase>
  <testcase classname="com.zixi.testing.FeederOutputPushToBxTest" name="feederOutputToBxTest" time="0">
    <skipped/>
  </testcase>
  <testcase classname="com.zixi.testing.FeederOutputPushToBxTest" name="afterTest" time="0">
    <skipped/>
  </testcase>
  <testcase classname="com.zixi.testing.BroadcasterPushInStreamCreationTest" name="testInit" time="0.001">
    <failure message="com/zixi/drivers/drivers/BroadcasterPushInStreamCreationDriver" type="java.lang.NoClassDefFoundError">java.lang.NoClassDefFoundError: com/zixi/drivers/drivers/BroadcasterPushInStreamCreationDriver
	at com.zixi.testing.BroadcasterPushInStreamCreationTest.testInit(BroadcasterPushInStreamCreationTest.java:13)
</failure>
  </testcase>
  <testcase classname="com.zixi.testing.BroadcasterPushInStreamCreationTest" name="beforeTes" time="0.002">
    <skipped/>
  </testcase>
  <testcase classname="com.zixi.testing.BroadcasterPushInStreamCreationTest" name="broadcasterSingleStreamRemoving" time="0">
    <skipped/>
  </testcase>
  <testcase classname="com.zixi.testing.BroadcasterPushInStreamCreationTest" name="afterTest" time="0">
    <skipped/>
  </testcase>
  <testcase classname="com.zixi.testing.ReceiverPullInputStreamCreationTest" name="testInit" time="0.001">
    <failure message="com/zixi/drivers/drivers/ReceiverPullInputStreamCreationDriver" type="java.lang.NoClassDefFoundError">java.lang.NoClassDefFoundError: com/zixi/drivers/drivers/ReceiverPullInputStreamCreationDriver
	at com.zixi.testing.ReceiverPullInputStreamCreationTest.testInit(ReceiverPullInputStreamCreationTest.java:14)
</failure>
  </testcase>
  <testcase classname="com.zixi.testing.ReceiverPullInputStreamCreationTest" name="beforeTes" time="0.003">
    <skipped/>
  </testcase>
  <testcase classname="com.zixi.testing.ReceiverPullInputStreamCreationTest" name="feederOutputToBxTest" time="0">
    <skipped/>
  </testcase>
  <testcase classname="com.zixi.testing.ReceiverPullInputStreamCreationTest" name="afterTest" time="0">
    <skipped/>
  </testcase>
  <testcase classname="com.zixi.testing.BroadcasterInputStatisticSingleStreamTest" name="broadcasterSingleInputStreamStatisticAnilyzer" time="10.745">
    <failure message="JSONObject[&quot;net&quot;] not found." type="org.json.JSONException">org.json.JSONException: JSONObject[&quot;net&quot;] not found.
	at org.json.JSONObject.get(JSONObject.java:476)
	at org.json.JSONObject.getJSONObject(JSONObject.java:576)
	at com.zixi.tools.StreamStatisticAnalyzer.getStatBitrate(StreamStatisticAnalyzer.java:11)
	at com.zixi.drivers.drivers.BroadcasterInputStatisticSingleStreamDriver.testStatistic(BroadcasterInputStatisticSingleStreamDriver.java:61)
	at com.zixi.testing.BroadcasterInputStatisticSingleStreamTest.broadcasterSingleInputStreamStatisticAnilyzer(BroadcasterInputStatisticSingleStreamTest.java:33)
</failure>
  </testcase>
  <testcase classname="com.zixi.testing.ReceiverUdpOutCreationTest" name="testInit" time="10.807">
    <failure message="com/zixi/drivers/drivers/ReceiverUdpOutCreationDriver" type="java.lang.NoClassDefFoundError">java.lang.NoClassDefFoundError: com/zixi/drivers/drivers/ReceiverUdpOutCreationDriver
	at com.zixi.testing.ReceiverUdpOutCreationTest.testInit(ReceiverUdpOutCreationTest.java:13)
</failure>
  </testcase>
  <testcase classname="com.zixi.testing.ReceiverUdpOutCreationTest" name="beforeTes" time="10.808">
    <skipped/>
  </testcase>
  <testcase classname="com.zixi.testing.ReceiverUdpOutCreationTest" name="receiverOutputUdpTest" time="0">
    <skipped/>
  </testcase>
  <testcase classname="com.zixi.testing.ReceiverUdpOutCreationTest" name="afterTest" time="0">
    <skipped/>
  </testcase>
  <testcase classname="com.zixi.testing.FFMPEGImageStatisticNegativeTest" name="testInit" time="0">
    <failure message="com/zixi/drivers/drivers/FFMPEGImageStatisticTestDriver" type="java.lang.NoClassDefFoundError">java.lang.NoClassDefFoundError: com/zixi/drivers/drivers/FFMPEGImageStatisticTestDriver
	at com.zixi.testing.FFMPEGImageStatisticNegativeTest.testInit(FFMPEGImageStatisticNegativeTest.java:14)
</failure>
  </testcase>
  <testcase classname="com.zixi.testing.FFMPEGImageStatisticNegativeTest" name="beforeTes" time="0">
    <skipped/>
  </testcase>
  <testcase classname="com.zixi.testing.FFMPEGImageStatisticNegativeTest" name="broadcasterSingleInputStreamStatisticAnilyzer" time="0">
    <skipped/>
  </testcase>
  <testcase classname="com.zixi.testing.FFMPEGImageStatisticNegativeTest" name="afterTest" time="0">
    <skipped/>
  </testcase>
  <testcase classname="com.zixi.testing.ReceiverOutputStreamDeletionTest" name="testInit" time="0">
    <failure message="com/zixi/drivers/drivers/ReceiverOutputStreamDeletionDriver" type="java.lang.NoClassDefFoundError">java.lang.NoClassDefFoundError: com/zixi/drivers/drivers/ReceiverOutputStreamDeletionDriver
	at com.zixi.testing.ReceiverOutputStreamDeletionTest.testInit(ReceiverOutputStreamDeletionTest.java:13)
</failure>
  </testcase>
  <testcase classname="com.zixi.testing.ReceiverOutputStreamDeletionTest" name="beforeTes" time="0.001">
    <skipped/>
  </testcase>
  <testcase classname="com.zixi.testing.ReceiverOutputStreamDeletionTest" name="receiverDeleteOutputStreamTest" time="0">
    <skipped/>
  </testcase>
  <testcase classname="com.zixi.testing.ReceiverOutputStreamDeletionTest" name="afterTest" time="0">
    <skipped/>
  </testcase>
  <testcase classname="com.zixi.testing.FeederOutputDeletioinTest" name="testInit" time="0">
    <failure message="com/zixi/drivers/drivers/FeederOutputDeletionDriver" type="java.lang.NoClassDefFoundError">java.lang.NoClassDefFoundError: com/zixi/drivers/drivers/FeederOutputDeletionDriver
	at com.zixi.testing.FeederOutputDeletioinTest.testInit(FeederOutputDeletioinTest.java:13)
</failure>
  </testcase>
  <testcase classname="com.zixi.testing.FeederOutputDeletioinTest" name="beforeTes" time="0">
    <skipped/>
  </testcase>
  <testcase classname="com.zixi.testing.FeederOutputDeletioinTest" name="broadcasterSingleStreamRemoving" time="0">
    <skipped/>
  </testcase>
  <testcase classname="com.zixi.testing.FeederOutputDeletioinTest" name="afterTest" time="0">
    <skipped/>
  </testcase>
  <testcase classname="com.zixi.testing.BroadcasterSingleInputStreamDeletionTest" name="testInit" time="0">
    <failure message="com/zixi/drivers/drivers/BroadcasterSingleInputStreamDeletionDriver" type="java.lang.NoClassDefFoundError">java.lang.NoClassDefFoundError: com/zixi/drivers/drivers/BroadcasterSingleInputStreamDeletionDriver
	at com.zixi.testing.BroadcasterSingleInputStreamDeletionTest.testInit(BroadcasterSingleInputStreamDeletionTest.java:14)
</failure>
  </testcase>
  <testcase classname="com.zixi.testing.BroadcasterSingleInputStreamDeletionTest" name="beforeTes" time="0">
    <skipped/>
  </testcase>
  <testcase classname="com.zixi.testing.BroadcasterSingleInputStreamDeletionTest" name="broadcasterInputStreamDeletion" time="0.001">
    <skipped/>
  </testcase>
  <testcase classname="com.zixi.testing.BroadcasterSingleInputStreamDeletionTest" name="afterTest" time="0.001">
    <skipped/>
  </testcase>
  <testcase classname="com.zixi.testing.ReceiverPullInputStreamDeletionTest" name="testInit" time="0.001">
    <failure message="com/zixi/drivers/drivers/ReceiverPullInputStreamDeletionDriver" type="java.lang.NoClassDefFoundError">java.lang.NoClassDefFoundError: com/zixi/drivers/drivers/ReceiverPullInputStreamDeletionDriver
	at com.zixi.testing.ReceiverPullInputStreamDeletionTest.testInit(ReceiverPullInputStreamDeletionTest.java:14)
</failure>
  </testcase>
  <testcase classname="com.zixi.testing.ReceiverPullInputStreamDeletionTest" name="beforeTes" time="0.001">
    <skipped/>
  </testcase>
  <testcase classname="com.zixi.testing.ReceiverPullInputStreamDeletionTest" name="feederOutputToBxTest" time="0">
    <skipped/>
  </testcase>
  <testcase classname="com.zixi.testing.ReceiverPullInputStreamDeletionTest" name="afterTest" time="0">
    <skipped/>
  </testcase>
  <testcase classname="com.zixi.testing.FeederOutputPushToBxTest" name="testInit" time="0.001">
    <failure message="com/zixi/drivers/drivers/FeederOutputPushToBxDriver" type="java.lang.NoClassDefFoundError">java.lang.NoClassDefFoundError: com/zixi/drivers/drivers/FeederOutputPushToBxDriver
	at com.zixi.testing.FeederOutputPushToBxTest.testInit(FeederOutputPushToBxTest.java:14)
</failure>
  </testcase>
  <testcase classname="com.zixi.testing.FeederOutputPushToBxTest" name="beforeTes" time="0.001">
    <skipped/>
  </testcase>
  <testcase classname="com.zixi.testing.FeederOutputPushToBxTest" name="feederOutputToBxTest" time="0">
    <skipped/>
  </testcase>
  <testcase classname="com.zixi.testing.FeederOutputPushToBxTest" name="afterTest" time="0">
    <skipped/>
  </testcase>
  <testcase classname="com.zixi.testing.BroadcasterPushInStreamCreationTest" name="testInit" time="0">
    <failure message="com/zixi/drivers/drivers/BroadcasterPushInStreamCreationDriver" type="java.lang.NoClassDefFoundError">java.lang.NoClassDefFoundError: com/zixi/drivers/drivers/BroadcasterPushInStreamCreationDriver
	at com.zixi.testing.BroadcasterPushInStreamCreationTest.testInit(BroadcasterPushInStreamCreationTest.java:13)
</failure>
  </testcase>
  <testcase classname="com.zixi.testing.BroadcasterPushInStreamCreationTest" name="beforeTes" time="0">
    <skipped/>
  </testcase>
  <testcase classname="com.zixi.testing.BroadcasterPushInStreamCreationTest" name="broadcasterSingleStreamRemoving" time="0">
    <skipped/>
  </testcase>
  <testcase classname="com.zixi.testing.BroadcasterPushInStreamCreationTest" name="afterTest" time="0">
    <skipped/>
  </testcase>
  <testcase classname="com.zixi.testing.ReceiverPullInputStreamCreationTest" name="testInit" time="0.001">
    <failure message="com/zixi/drivers/drivers/ReceiverPullInputStreamCreationDriver" type="java.lang.NoClassDefFoundError">java.lang.NoClassDefFoundError: com/zixi/drivers/drivers/ReceiverPullInputStreamCreationDriver
	at com.zixi.testing.ReceiverPullInputStreamCreationTest.testInit(ReceiverPullInputStreamCreationTest.java:14)
</failure>
  </testcase>
  <testcase classname="com.zixi.testing.ReceiverPullInputStreamCreationTest" name="beforeTes" time="0.001">
    <skipped/>
  </testcase>
  <testcase classname="com.zixi.testing.ReceiverPullInputStreamCreationTest" name="feederOutputToBxTest" time="0">
    <skipped/>
  </testcase>
  <testcase classname="com.zixi.testing.ReceiverPullInputStreamCreationTest" name="afterTest" time="0">
    <skipped/>
  </testcase>
  <testcase classname="com.zixi.testing.BroadcasterInputStatisticSingleStreamTest" name="broadcasterSingleInputStreamStatisticAnilyzer" time="10.739">
    <failure message="JSONObject[&quot;net&quot;] not found." type="org.json.JSONException">org.json.JSONException: JSONObject[&quot;net&quot;] not found.
	at org.json.JSONObject.get(JSONObject.java:476)
	at org.json.JSONObject.getJSONObject(JSONObject.java:576)
	at com.zixi.tools.StreamStatisticAnalyzer.getStatBitrate(StreamStatisticAnalyzer.java:11)
	at com.zixi.drivers.drivers.BroadcasterInputStatisticSingleStreamDriver.testStatistic(BroadcasterInputStatisticSingleStreamDriver.java:61)
	at com.zixi.testing.BroadcasterInputStatisticSingleStreamTest.broadcasterSingleInputStreamStatisticAnilyzer(BroadcasterInputStatisticSingleStreamTest.java:33)
</failure>
  </testcase>
  <testcase classname="com.zixi.testing.ReceiverInputStatisticTest" name="testInit" time="10.833">
    <failure message="com/zixi/drivers/drivers/ReceiverInputStatisticDriver" type="java.lang.NoClassDefFoundError">java.lang.NoClassDefFoundError: com/zixi/drivers/drivers/ReceiverInputStatisticDriver
	at com.zixi.testing.ReceiverInputStatisticTest.testInit(ReceiverInputStatisticTest.java:14)
</failure>
  </testcase>
  <testcase classname="com.zixi.testing.ReceiverInputStatisticTest" name="beforeTes" time="10.835">
    <skipped/>
  </testcase>
  <testcase classname="com.zixi.testing.ReceiverInputStatisticTest" name="receiverInputStatistic" time="0">
    <skipped/>
  </testcase>
  <testcase classname="com.zixi.testing.ReceiverInputStatisticTest" name="afterTest" time="0">
    <skipped/>
  </testcase>
  <testcase classname="com.zixi.testing.ReceiverUdpOutCreationTest" name="testInit" time="0.001">
    <failure message="com/zixi/drivers/drivers/ReceiverUdpOutCreationDriver" type="java.lang.NoClassDefFoundError">java.lang.NoClassDefFoundError: com/zixi/drivers/drivers/ReceiverUdpOutCreationDriver
	at com.zixi.testing.ReceiverUdpOutCreationTest.testInit(ReceiverUdpOutCreationTest.java:13)
</failure>
  </testcase>
  <testcase classname="com.zixi.testing.ReceiverUdpOutCreationTest" name="beforeTes" time="0.002">
    <skipped/>
  </testcase>
  <testcase classname="com.zixi.testing.ReceiverUdpOutCreationTest" name="receiverOutputUdpTest" time="0">
    <skipped/>
  </testcase>
  <testcase classname="com.zixi.testing.ReceiverUdpOutCreationTest" name="afterTest" time="0">
    <skipped/>
  </testcase>
  <testcase classname="com.zixi.testing.FFMPEGImageStatisticTest" name="testInit" time="0.001">
    <failure message="com/zixi/drivers/drivers/FFMPEGImageStatisticTestDriver" type="java.lang.NoClassDefFoundError">java.lang.NoClassDefFoundError: com/zixi/drivers/drivers/FFMPEGImageStatisticTestDriver
	at com.zixi.testing.FFMPEGImageStatisticTest.testInit(FFMPEGImageStatisticTest.java:15)
</failure>
  </testcase>
  <testcase classname="com.zixi.testing.FFMPEGImageStatisticTest" name="beforeTes" time="0.002">
    <skipped/>
  </testcase>
  <testcase classname="com.zixi.testing.FFMPEGImageStatisticTest" name="broadcasterSingleInputStreamStatisticAnilyzer" time="0">
    <skipped/>
  </testcase>
  <testcase classname="com.zixi.testing.FFMPEGImageStatisticTest" name="afterTest" time="0">
    <skipped/>
  </testcase>
  <testcase classname="com.zixi.testing.ReceiverOutputStreamDeletionTest" name="testInit" time="0.001">
    <failure message="com/zixi/drivers/drivers/ReceiverOutputStreamDeletionDriver" type="java.lang.NoClassDefFoundError">java.lang.NoClassDefFoundError: com/zixi/drivers/drivers/ReceiverOutputStreamDeletionDriver
	at com.zixi.testing.ReceiverOutputStreamDeletionTest.testInit(ReceiverOutputStreamDeletionTest.java:13)
</failure>
  </testcase>
  <testcase classname="com.zixi.testing.ReceiverOutputStreamDeletionTest" name="beforeTes" time="0.002">
    <skipped/>
  </testcase>
  <testcase classname="com.zixi.testing.ReceiverOutputStreamDeletionTest" name="receiverDeleteOutputStreamTest" time="0">
    <skipped/>
  </testcase>
  <testcase classname="com.zixi.testing.ReceiverOutputStreamDeletionTest" name="afterTest" time="0">
    <skipped/>
  </testcase>
  <testcase classname="com.zixi.testing.FeederOutputDeletioinTest" name="testInit" time="0">
    <failure message="com/zixi/drivers/drivers/FeederOutputDeletionDriver" type="java.lang.NoClassDefFoundError">java.lang.NoClassDefFoundError: com/zixi/drivers/drivers/FeederOutputDeletionDriver
	at com.zixi.testing.FeederOutputDeletioinTest.testInit(FeederOutputDeletioinTest.java:13)
</failure>
  </testcase>
  <testcase classname="com.zixi.testing.FeederOutputDeletioinTest" name="beforeTes" time="0.002">
    <skipped/>
  </testcase>
  <testcase classname="com.zixi.testing.FeederOutputDeletioinTest" name="broadcasterSingleStreamRemoving" time="0">
    <skipped/>
  </testcase>
  <testcase classname="com.zixi.testing.FeederOutputDeletioinTest" name="afterTest" time="0">
    <skipped/>
  </testcase>
  <testcase classname="com.zixi.testing.BroadcasterSingleInputStreamDeletionTest" name="testInit" time="0.001">
    <failure message="com/zixi/drivers/drivers/BroadcasterSingleInputStreamDeletionDriver" type="java.lang.NoClassDefFoundError">java.lang.NoClassDefFoundError: com/zixi/drivers/drivers/BroadcasterSingleInputStreamDeletionDriver
	at com.zixi.testing.BroadcasterSingleInputStreamDeletionTest.testInit(BroadcasterSingleInputStreamDeletionTest.java:14)
</failure>
  </testcase>
  <testcase classname="com.zixi.testing.BroadcasterSingleInputStreamDeletionTest" name="beforeTes" time="0.002">
    <skipped/>
  </testcase>
  <testcase classname="com.zixi.testing.BroadcasterSingleInputStreamDeletionTest" name="broadcasterInputStreamDeletion" time="0">
    <skipped/>
  </testcase>
  <testcase classname="com.zixi.testing.BroadcasterSingleInputStreamDeletionTest" name="afterTest" time="0">
    <skipped/>
  </testcase>
  <testcase classname="com.zixi.testing.ReceiverPullInputStreamDeletionTest" name="testInit" time="0.001">
    <failure message="com/zixi/drivers/drivers/ReceiverPullInputStreamDeletionDriver" type="java.lang.NoClassDefFoundError">java.lang.NoClassDefFoundError: com/zixi/drivers/drivers/ReceiverPullInputStreamDeletionDriver
	at com.zixi.testing.ReceiverPullInputStreamDeletionTest.testInit(ReceiverPullInputStreamDeletionTest.java:14)
</failure>
  </testcase>
  <testcase classname="com.zixi.testing.ReceiverPullInputStreamDeletionTest" name="beforeTes" time="0.002">
    <skipped/>
  </testcase>
  <testcase classname="com.zixi.testing.ReceiverPullInputStreamDeletionTest" name="feederOutputToBxTest" time="0">
    <skipped/>
  </testcase>
  <testcase classname="com.zixi.testing.ReceiverPullInputStreamDeletionTest" name="afterTest" time="0">
    <skipped/>
  </testcase>
  <testcase classname="com.zixi.testing.FeederOutputPushToBxTest" name="testInit" time="0.002">
    <failure message="com/zixi/drivers/drivers/FeederOutputPushToBxDriver" type="java.lang.NoClassDefFoundError">java.lang.NoClassDefFoundError: com/zixi/drivers/drivers/FeederOutputPushToBxDriver
	at com.zixi.testing.FeederOutputPushToBxTest.testInit(FeederOutputPushToBxTest.java:14)
</failure>
  </testcase>
  <testcase classname="com.zixi.testing.FeederOutputPushToBxTest" name="beforeTes" time="0.003">
    <skipped/>
  </testcase>
  <testcase classname="com.zixi.testing.FeederOutputPushToBxTest" name="feederOutputToBxTest" time="0">
    <skipped/>
  </testcase>
  <testcase classname="com.zixi.testing.FeederOutputPushToBxTest" name="afterTest" time="0">
    <skipped/>
  </testcase>
  <testcase classname="com.zixi.testing.BroadcasterPushInStreamCreationTest" name="testInit" time="0.001">
    <failure message="com/zixi/drivers/drivers/BroadcasterPushInStreamCreationDriver" type="java.lang.NoClassDefFoundError">java.lang.NoClassDefFoundError: com/zixi/drivers/drivers/BroadcasterPushInStreamCreationDriver
	at com.zixi.testing.BroadcasterPushInStreamCreationTest.testInit(BroadcasterPushInStreamCreationTest.java:13)
</failure>
  </testcase>
  <testcase classname="com.zixi.testing.BroadcasterPushInStreamCreationTest" name="beforeTes" time="0.001">
    <skipped/>
  </testcase>
  <testcase classname="com.zixi.testing.BroadcasterPushInStreamCreationTest" name="broadcasterSingleStreamRemoving" time="0">
    <skipped/>
  </testcase>
  <testcase classname="com.zixi.testing.BroadcasterPushInStreamCreationTest" name="afterTest" time="0">
    <skipped/>
  </testcase>
  <testcase classname="com.zixi.testing.ReceiverPullInputStreamCreationTest" name="testInit" time="0.001">
    <failure message="com/zixi/drivers/drivers/ReceiverPullInputStreamCreationDriver" type="java.lang.NoClassDefFoundError">java.lang.NoClassDefFoundError: com/zixi/drivers/drivers/ReceiverPullInputStreamCreationDriver
	at com.zixi.testing.ReceiverPullInputStreamCreationTest.testInit(ReceiverPullInputStreamCreationTest.java:14)
</failure>
  </testcase>
  <testcase classname="com.zixi.testing.ReceiverPullInputStreamCreationTest" name="beforeTes" time="0.001">
    <skipped/>
  </testcase>
  <testcase classname="com.zixi.testing.ReceiverPullInputStreamCreationTest" name="feederOutputToBxTest" time="0">
    <skipped/>
  </testcase>
  <testcase classname="com.zixi.testing.ReceiverPullInputStreamCreationTest" name="afterTest" time="0">
    <skipped/>
  </testcase>
  <testcase classname="com.zixi.testing.BroadcasterInputStatisticSingleStreamTest" name="broadcasterSingleInputStreamStatisticAnilyzer" time="10.768">
    <failure message="JSONObject[&quot;net&quot;] not found." type="org.json.JSONException">org.json.JSONException: JSONObject[&quot;net&quot;] not found.
	at org.json.JSONObject.get(JSONObject.java:476)
	at org.json.JSONObject.getJSONObject(JSONObject.java:576)
	at com.zixi.tools.StreamStatisticAnalyzer.getStatBitrate(StreamStatisticAnalyzer.java:11)
	at com.zixi.drivers.drivers.BroadcasterInputStatisticSingleStreamDriver.testStatistic(BroadcasterInputStatisticSingleStreamDriver.java:61)
	at com.zixi.testing.BroadcasterInputStatisticSingleStreamTest.broadcasterSingleInputStreamStatisticAnilyzer(BroadcasterInputStatisticSingleStreamTest.java:33)
</failure>
  </testcase>
  <testcase classname="com.zixi.testing.ReceiverInputStatisticTest" name="testInit" time="10.808">
    <failure message="com/zixi/drivers/drivers/ReceiverInputStatisticDriver" type="java.lang.NoClassDefFoundError">java.lang.NoClassDefFoundError: com/zixi/drivers/drivers/ReceiverInputStatisticDriver
	at com.zixi.testing.ReceiverInputStatisticTest.testInit(ReceiverInputStatisticTest.java:14)
</failure>
  </testcase>
  <testcase classname="com.zixi.testing.ReceiverInputStatisticTest" name="beforeTes" time="10.808">
    <skipped/>
  </testcase>
  <testcase classname="com.zixi.testing.ReceiverInputStatisticTest" name="receiverInputStatistic" time="0">
    <skipped/>
  </testcase>
  <testcase classname="com.zixi.testing.ReceiverInputStatisticTest" name="afterTest" time="0">
    <skipped/>
  </testcase>
  <testcase classname="com.zixi.testing.ReceiverUdpOutCreationTest" name="testInit" time="0.001">
    <failure message="com/zixi/drivers/drivers/ReceiverUdpOutCreationDriver" type="java.lang.NoClassDefFoundError">java.lang.NoClassDefFoundError: com/zixi/drivers/drivers/ReceiverUdpOutCreationDriver
	at com.zixi.testing.ReceiverUdpOutCreationTest.testInit(ReceiverUdpOutCreationTest.java:13)
</failure>
  </testcase>
  <testcase classname="com.zixi.testing.ReceiverUdpOutCreationTest" name="beforeTes" time="0.001">
    <skipped/>
  </testcase>
  <testcase classname="com.zixi.testing.ReceiverUdpOutCreationTest" name="receiverOutputUdpTest" time="0">
    <skipped/>
  </testcase>
  <testcase classname="com.zixi.testing.ReceiverUdpOutCreationTest" name="afterTest" time="0">
    <skipped/>
  </testcase>
  <testcase classname="com.zixi.testing.FFMPEGImageStatisticTest" name="testInit" time="0">
    <failure message="com/zixi/drivers/drivers/FFMPEGImageStatisticTestDriver" type="java.lang.NoClassDefFoundError">java.lang.NoClassDefFoundError: com/zixi/drivers/drivers/FFMPEGImageStatisticTestDriver
	at com.zixi.testing.FFMPEGImageStatisticTest.testInit(FFMPEGImageStatisticTest.java:15)
</failure>
  </testcase>
  <testcase classname="com.zixi.testing.FFMPEGImageStatisticTest" name="beforeTes" time="0.001">
    <skipped/>
  </testcase>
  <testcase classname="com.zixi.testing.FFMPEGImageStatisticTest" name="broadcasterSingleInputStreamStatisticAnilyzer" time="0">
    <skipped/>
  </testcase>
  <testcase classname="com.zixi.testing.FFMPEGImageStatisticTest" name="afterTest" time="0">
    <skipped/>
  </testcase>
  <testcase classname="com.zixi.testing.ReceiverOutputStreamDeletionTest" name="testInit" time="0">
    <failure message="com/zixi/drivers/drivers/ReceiverOutputStreamDeletionDriver" type="java.lang.NoClassDefFoundError">java.lang.NoClassDefFoundError: com/zixi/drivers/drivers/ReceiverOutputStreamDeletionDriver
	at com.zixi.testing.ReceiverOutputStreamDeletionTest.testInit(ReceiverOutputStreamDeletionTest.java:13)
</failure>
  </testcase>
  <testcase classname="com.zixi.testing.ReceiverOutputStreamDeletionTest" name="beforeTes" time="0">
    <skipped/>
  </testcase>
  <testcase classname="com.zixi.testing.ReceiverOutputStreamDeletionTest" name="receiverDeleteOutputStreamTest" time="0">
    <skipped/>
  </testcase>
  <testcase classname="com.zixi.testing.ReceiverOutputStreamDeletionTest" name="afterTest" time="0">
    <skipped/>
  </testcase>
  <testcase classname="com.zixi.testing.FeederOutputDeletioinTest" name="testInit" time="0.001">
    <failure message="com/zixi/drivers/drivers/FeederOutputDeletionDriver" type="java.lang.NoClassDefFoundError">java.lang.NoClassDefFoundError: com/zixi/drivers/drivers/FeederOutputDeletionDriver
	at com.zixi.testing.FeederOutputDeletioinTest.testInit(FeederOutputDeletioinTest.java:13)
</failure>
  </testcase>
  <testcase classname="com.zixi.testing.FeederOutputDeletioinTest" name="beforeTes" time="0.001">
    <skipped/>
  </testcase>
  <testcase classname="com.zixi.testing.FeederOutputDeletioinTest" name="broadcasterSingleStreamRemoving" time="0">
    <skipped/>
  </testcase>
  <testcase classname="com.zixi.testing.FeederOutputDeletioinTest" name="afterTest" time="0">
    <skipped/>
  </testcase>
  <testcase classname="com.zixi.testing.BroadcasterSingleInputStreamDeletionTest" name="testInit" time="0">
    <failure message="com/zixi/drivers/drivers/BroadcasterSingleInputStreamDeletionDriver" type="java.lang.NoClassDefFoundError">java.lang.NoClassDefFoundError: com/zixi/drivers/drivers/BroadcasterSingleInputStreamDeletionDriver
	at com.zixi.testing.BroadcasterSingleInputStreamDeletionTest.testInit(BroadcasterSingleInputStreamDeletionTest.java:14)
</failure>
  </testcase>
  <testcase classname="com.zixi.testing.BroadcasterSingleInputStreamDeletionTest" name="beforeTes" time="0.001">
    <skipped/>
  </testcase>
  <testcase classname="com.zixi.testing.BroadcasterSingleInputStreamDeletionTest" name="broadcasterInputStreamDeletion" time="0">
    <skipped/>
  </testcase>
  <testcase classname="com.zixi.testing.BroadcasterSingleInputStreamDeletionTest" name="afterTest" time="0">
    <skipped/>
  </testcase>
  <testcase classname="com.zixi.testing.ReceiverPullInputStreamDeletionTest" name="testInit" time="0">
    <failure message="com/zixi/drivers/drivers/ReceiverPullInputStreamDeletionDriver" type="java.lang.NoClassDefFoundError">java.lang.NoClassDefFoundError: com/zixi/drivers/drivers/ReceiverPullInputStreamDeletionDriver
	at com.zixi.testing.ReceiverPullInputStreamDeletionTest.testInit(ReceiverPullInputStreamDeletionTest.java:14)
</failure>
  </testcase>
  <testcase classname="com.zixi.testing.ReceiverPullInputStreamDeletionTest" name="beforeTes" time="0.002">
    <skipped/>
  </testcase>
  <testcase classname="com.zixi.testing.ReceiverPullInputStreamDeletionTest" name="feederOutputToBxTest" time="0">
    <skipped/>
  </testcase>
  <testcase classname="com.zixi.testing.ReceiverPullInputStreamDeletionTest" name="afterTest" time="0">
    <skipped/>
  </testcase>
  <testcase classname="com.zixi.testing.FeederOutputPushToBxTest" name="testInit" time="0">
    <failure message="com/zixi/drivers/drivers/FeederOutputPushToBxDriver" type="java.lang.NoClassDefFoundError">java.lang.NoClassDefFoundError: com/zixi/drivers/drivers/FeederOutputPushToBxDriver
	at com.zixi.testing.FeederOutputPushToBxTest.testInit(FeederOutputPushToBxTest.java:14)
</failure>
  </testcase>
  <testcase classname="com.zixi.testing.FeederOutputPushToBxTest" name="beforeTes" time="0.001">
    <skipped/>
  </testcase>
  <testcase classname="com.zixi.testing.FeederOutputPushToBxTest" name="feederOutputToBxTest" time="0">
    <skipped/>
  </testcase>
  <testcase classname="com.zixi.testing.FeederOutputPushToBxTest" name="afterTest" time="0">
    <skipped/>
  </testcase>
  <testcase classname="com.zixi.testing.BroadcasterPushInStreamCreationTest" name="testInit" time="0">
    <failure message="com/zixi/drivers/drivers/BroadcasterPushInStreamCreationDriver" type="java.lang.NoClassDefFoundError">java.lang.NoClassDefFoundError: com/zixi/drivers/drivers/BroadcasterPushInStreamCreationDriver
	at com.zixi.testing.BroadcasterPushInStreamCreationTest.testInit(BroadcasterPushInStreamCreationTest.java:13)
</failure>
  </testcase>
  <testcase classname="com.zixi.testing.BroadcasterPushInStreamCreationTest" name="beforeTes" time="0.001">
    <skipped/>
  </testcase>
  <testcase classname="com.zixi.testing.BroadcasterPushInStreamCreationTest" name="broadcasterSingleStreamRemoving" time="0">
    <skipped/>
  </testcase>
  <testcase classname="com.zixi.testing.BroadcasterPushInStreamCreationTest" name="afterTest" time="0">
    <skipped/>
  </testcase>
  <testcase classname="com.zixi.testing.ReceiverPullInputStreamCreationTest" name="testInit" time="0">
    <failure message="com/zixi/drivers/drivers/ReceiverPullInputStreamCreationDriver" type="java.lang.NoClassDefFoundError">java.lang.NoClassDefFoundError: com/zixi/drivers/drivers/ReceiverPullInputStreamCreationDriver
	at com.zixi.testing.ReceiverPullInputStreamCreationTest.testInit(ReceiverPullInputStreamCreationTest.java:14)
</failure>
  </testcase>
  <testcase classname="com.zixi.testing.ReceiverPullInputStreamCreationTest" name="beforeTes" time="0.001">
    <skipped/>
  </testcase>
  <testcase classname="com.zixi.testing.ReceiverPullInputStreamCreationTest" name="feederOutputToBxTest" time="0">
    <skipped/>
  </testcase>
  <testcase classname="com.zixi.testing.ReceiverPullInputStreamCreationTest" name="afterTest" time="0">
    <skipped/>
  </testcase>
  <testcase classname="com.zixi.testing.BroadcasterInputStatisticSingleStreamTest" name="broadcasterSingleInputStreamStatisticAnilyzer" time="10.74">
    <failure message="JSONObject[&quot;net&quot;] not found." type="org.json.JSONException">org.json.JSONException: JSONObject[&quot;net&quot;] not found.
	at org.json.JSONObject.get(JSONObject.java:476)
	at org.json.JSONObject.getJSONObject(JSONObject.java:576)
	at com.zixi.tools.StreamStatisticAnalyzer.getStatBitrate(StreamStatisticAnalyzer.java:11)
	at com.zixi.drivers.drivers.BroadcasterInputStatisticSingleStreamDriver.testStatistic(BroadcasterInputStatisticSingleStreamDriver.java:61)
	at com.zixi.testing.BroadcasterInputStatisticSingleStreamTest.broadcasterSingleInputStreamStatisticAnilyzer(BroadcasterInputStatisticSingleStreamTest.java:33)
</failure>
  </testcase>
  <testcase classname="com.zixi.testing.ReceiverInputStatisticTest" name="testInit" time="10.775">
    <failure message="com/zixi/drivers/drivers/ReceiverInputStatisticDriver" type="java.lang.NoClassDefFoundError">java.lang.NoClassDefFoundError: com/zixi/drivers/drivers/ReceiverInputStatisticDriver
	at com.zixi.testing.ReceiverInputStatisticTest.testInit(ReceiverInputStatisticTest.java:14)
</failure>
  </testcase>
  <testcase classname="com.zixi.testing.ReceiverInputStatisticTest" name="beforeTes" time="10.775">
    <skipped/>
  </testcase>
  <testcase classname="com.zixi.testing.ReceiverInputStatisticTest" name="receiverInputStatistic" time="0">
    <skipped/>
  </testcase>
  <testcase classname="com.zixi.testing.ReceiverInputStatisticTest" name="afterTest" time="0">
    <skipped/>
  </testcase>
  <testcase classname="com.zixi.testing.ReceiverUdpOutCreationTest" name="testInit" time="0.001">
    <failure message="com/zixi/drivers/drivers/ReceiverUdpOutCreationDriver" type="java.lang.NoClassDefFoundError">java.lang.NoClassDefFoundError: com/zixi/drivers/drivers/ReceiverUdpOutCreationDriver
	at com.zixi.testing.ReceiverUdpOutCreationTest.testInit(ReceiverUdpOutCreationTest.java:13)
</failure>
  </testcase>
  <testcase classname="com.zixi.testing.ReceiverUdpOutCreationTest" name="beforeTes" time="0.001">
    <skipped/>
  </testcase>
  <testcase classname="com.zixi.testing.ReceiverUdpOutCreationTest" name="receiverOutputUdpTest" time="0">
    <skipped/>
  </testcase>
  <testcase classname="com.zixi.testing.ReceiverUdpOutCreationTest" name="afterTest" time="0">
    <skipped/>
  </testcase>
  <testcase classname="com.zixi.testing.FFMPEGImageStatisticTest" name="testInit" time="0">
    <failure message="com/zixi/drivers/drivers/FFMPEGImageStatisticTestDriver" type="java.lang.NoClassDefFoundError">java.lang.NoClassDefFoundError: com/zixi/drivers/drivers/FFMPEGImageStatisticTestDriver
	at com.zixi.testing.FFMPEGImageStatisticTest.testInit(FFMPEGImageStatisticTest.java:15)
</failure>
  </testcase>
  <testcase classname="com.zixi.testing.FFMPEGImageStatisticTest" name="beforeTes" time="0">
    <skipped/>
  </testcase>
  <testcase classname="com.zixi.testing.FFMPEGImageStatisticTest" name="broadcasterSingleInputStreamStatisticAnilyzer" time="0">
    <skipped/>
  </testcase>
  <testcase classname="com.zixi.testing.FFMPEGImageStatisticTest" name="afterTest" time="0">
    <skipped/>
  </testcase>
  <testcase classname="com.zixi.testing.ReceiverOutputStreamDeletionTest" name="testInit" time="0.001">
    <failure message="com/zixi/drivers/drivers/ReceiverOutputStreamDeletionDriver" type="java.lang.NoClassDefFoundError">java.lang.NoClassDefFoundError: com/zixi/drivers/drivers/ReceiverOutputStreamDeletionDriver
	at com.zixi.testing.ReceiverOutputStreamDeletionTest.testInit(ReceiverOutputStreamDeletionTest.java:13)
</failure>
  </testcase>
  <testcase classname="com.zixi.testing.ReceiverOutputStreamDeletionTest" name="beforeTes" time="0.001">
    <skipped/>
  </testcase>
  <testcase classname="com.zixi.testing.ReceiverOutputStreamDeletionTest" name="receiverDeleteOutputStreamTest" time="0">
    <skipped/>
  </testcase>
  <testcase classname="com.zixi.testing.ReceiverOutputStreamDeletionTest" name="afterTest" time="0">
    <skipped/>
  </testcase>
  <testcase classname="com.zixi.testing.FeederOutputDeletioinTest" name="testInit" time="0">
    <failure message="com/zixi/drivers/drivers/FeederOutputDeletionDriver" type="java.lang.NoClassDefFoundError">java.lang.NoClassDefFoundError: com/zixi/drivers/drivers/FeederOutputDeletionDriver
	at com.zixi.testing.FeederOutputDeletioinTest.testInit(FeederOutputDeletioinTest.java:13)
</failure>
  </testcase>
  <testcase classname="com.zixi.testing.FeederOutputDeletioinTest" name="beforeTes" time="0">
    <skipped/>
  </testcase>
  <testcase classname="com.zixi.testing.FeederOutputDeletioinTest" name="broadcasterSingleStreamRemoving" time="0">
    <skipped/>
  </testcase>
  <testcase classname="com.zixi.testing.FeederOutputDeletioinTest" name="afterTest" time="0">
    <skipped/>
  </testcase>
  <testcase classname="com.zixi.testing.BroadcasterSingleInputStreamDeletionTest" name="testInit" time="0.001">
    <failure message="com/zixi/drivers/drivers/BroadcasterSingleInputStreamDeletionDriver" type="java.lang.NoClassDefFoundError">java.lang.NoClassDefFoundError: com/zixi/drivers/drivers/BroadcasterSingleInputStreamDeletionDriver
	at com.zixi.testing.BroadcasterSingleInputStreamDeletionTest.testInit(BroadcasterSingleInputStreamDeletionTest.java:14)
</failure>
  </testcase>
  <testcase classname="com.zixi.testing.BroadcasterSingleInputStreamDeletionTest" name="beforeTes" time="0.001">
    <skipped/>
  </testcase>
  <testcase classname="com.zixi.testing.BroadcasterSingleInputStreamDeletionTest" name="broadcasterInputStreamDeletion" time="0">
    <skipped/>
  </testcase>
  <testcase classname="com.zixi.testing.BroadcasterSingleInputStreamDeletionTest" name="afterTest" time="0">
    <skipped/>
  </testcase>
  <testcase classname="com.zixi.testing.ReceiverPullInputStreamDeletionTest" name="testInit" time="0">
    <failure message="com/zixi/drivers/drivers/ReceiverPullInputStreamDeletionDriver" type="java.lang.NoClassDefFoundError">java.lang.NoClassDefFoundError: com/zixi/drivers/drivers/ReceiverPullInputStreamDeletionDriver
	at com.zixi.testing.ReceiverPullInputStreamDeletionTest.testInit(ReceiverPullInputStreamDeletionTest.java:14)
</failure>
  </testcase>
  <testcase classname="com.zixi.testing.ReceiverPullInputStreamDeletionTest" name="beforeTes" time="0">
    <skipped/>
  </testcase>
  <testcase classname="com.zixi.testing.ReceiverPullInputStreamDeletionTest" name="feederOutputToBxTest" time="0">
    <skipped/>
  </testcase>
  <testcase classname="com.zixi.testing.ReceiverPullInputStreamDeletionTest" name="afterTest" time="0">
    <skipped/>
  </testcase>
  <testcase classname="com.zixi.testing.BroadcasterPushInStreamCreationTest" name="testInit" time="0.001">
    <failure message="com/zixi/drivers/drivers/BroadcasterPushInStreamCreationDriver" type="java.lang.NoClassDefFoundError">java.lang.NoClassDefFoundError: com/zixi/drivers/drivers/BroadcasterPushInStreamCreationDriver
	at com.zixi.testing.BroadcasterPushInStreamCreationTest.testInit(BroadcasterPushInStreamCreationTest.java:13)
</failure>
  </testcase>
  <testcase classname="com.zixi.testing.BroadcasterPushInStreamCreationTest" name="beforeTes" time="0.001">
    <skipped/>
  </testcase>
  <testcase classname="com.zixi.testing.BroadcasterPushInStreamCreationTest" name="broadcasterSingleStreamRemoving" time="0">
    <skipped/>
  </testcase>
  <testcase classname="com.zixi.testing.BroadcasterPushInStreamCreationTest" name="afterTest" time="0">
    <skipped/>
  </testcase>
  <testcase classname="com.zixi.testing.BroadcasterPushInStreamCreationTest" name="testInit" time="0">
    <failure message="com/zixi/drivers/drivers/BroadcasterPushInStreamCreationDriver" type="java.lang.NoClassDefFoundError">java.lang.NoClassDefFoundError: com/zixi/drivers/drivers/BroadcasterPushInStreamCreationDriver
	at com.zixi.testing.BroadcasterPushInStreamCreationTest.testInit(BroadcasterPushInStreamCreationTest.java:13)
</failure>
  </testcase>
  <testcase classname="com.zixi.testing.BroadcasterPushInStreamCreationTest" name="beforeTes" time="0.001">
    <skipped/>
  </testcase>
  <testcase classname="com.zixi.testing.BroadcasterPushInStreamCreationTest" name="broadcasterSingleStreamRemoving" time="0">
    <skipped/>
  </testcase>
  <testcase classname="com.zixi.testing.BroadcasterPushInStreamCreationTest" name="afterTest" time="0">
    <skipped/>
  </testcase>
  <testcase classname="com.zixi.testing.FeederOutputPushToBxTest" name="testInit" time="0">
    <failure message="com/zixi/drivers/drivers/FeederOutputPushToBxDriver" type="java.lang.NoClassDefFoundError">java.lang.NoClassDefFoundError: com/zixi/drivers/drivers/FeederOutputPushToBxDriver
	at com.zixi.testing.FeederOutputPushToBxTest.testInit(FeederOutputPushToBxTest.java:14)
</failure>
  </testcase>
  <testcase classname="com.zixi.testing.FeederOutputPushToBxTest" name="feederBondedPushOutputCreationTest" time="0">
    <skipped/>
  </testcase>
  <testcase classname="com.zixi.testing.FeederOutputPushToBxTest" name="feederBondedPushOutputCreationThreeLinksTest" time="0">
    <skipped/>
  </testcase>
  <testcase classname="com.zixi.testing.FeederOutputPushToBxTest" name="beforeTes" time="0">
    <skipped/>
  </testcase>
  <testcase classname="com.zixi.testing.FeederOutputPushToBxTest" name="feederOutputToBxTest" time="0">
    <skipped/>
  </testcase>
  <testcase classname="com.zixi.testing.FeederOutputPushToBxTest" name="afterTest" time="0">
    <skipped/>
  </testcase>
  <testcase classname="com.zixi.testing.FeederOutputPushToBxTest" name="feederOutputToBxTestAutomaticRtmp" time="0">
    <skipped/>
  </testcase>
  <testcase classname="com.zixi.testing.BroadcasterInputStatisticSingleStreamTest" name="broadcasterSingleInputStreamStatisticAnilyzer" time="10.755">
    <failure message="JSONObject[&quot;net&quot;] not found." type="org.json.JSONException">org.json.JSONException: JSONObject[&quot;net&quot;] not found.
	at org.json.JSONObject.get(JSONObject.java:476)
	at org.json.JSONObject.getJSONObject(JSONObject.java:576)
	at com.zixi.tools.StreamStatisticAnalyzer.getStatBitrate(StreamStatisticAnalyzer.java:11)
	at com.zixi.drivers.drivers.BroadcasterInputStatisticSingleStreamDriver.testStatistic(BroadcasterInputStatisticSingleStreamDriver.java:61)
	at com.zixi.testing.BroadcasterInputStatisticSingleStreamTest.broadcasterSingleInputStreamStatisticAnilyzer(BroadcasterInputStatisticSingleStreamTest.java:33)
</failure>
  </testcase>
  <testcase classname="com.zixi.testing.BroadcasterSingleInputStreamDeletionTest" name="testInit" time="10.793">
    <failure message="com/zixi/drivers/drivers/BroadcasterSingleInputStreamDeletionDriver" type="java.lang.NoClassDefFoundError">java.lang.NoClassDefFoundError: com/zixi/drivers/drivers/BroadcasterSingleInputStreamDeletionDriver
	at com.zixi.testing.BroadcasterSingleInputStreamDeletionTest.testInit(BroadcasterSingleInputStreamDeletionTest.java:14)
</failure>
  </testcase>
  <testcase classname="com.zixi.testing.BroadcasterSingleInputStreamDeletionTest" name="beforeTes" time="10.794">
    <skipped/>
  </testcase>
  <testcase classname="com.zixi.testing.BroadcasterSingleInputStreamDeletionTest" name="broadcasterInputStreamDeletion" time="0">
    <skipped/>
  </testcase>
  <testcase classname="com.zixi.testing.BroadcasterSingleInputStreamDeletionTest" name="afterTest" time="0.001">
    <skipped/>
  </testcase>
  <testcase classname="com.zixi.testing.BroadcasterInputStatisticSingleStreamTest" name="broadcasterSingleInputStreamStatisticAnilyzer" time="10.787">
    <failure message="JSONObject[&quot;net&quot;] not found." type="org.json.JSONException">org.json.JSONException: JSONObject[&quot;net&quot;] not found.
	at org.json.JSONObject.get(JSONObject.java:476)
	at org.json.JSONObject.getJSONObject(JSONObject.java:576)
	at com.zixi.tools.StreamStatisticAnalyzer.getStatBitrate(StreamStatisticAnalyzer.java:11)
	at com.zixi.drivers.drivers.BroadcasterInputStatisticSingleStreamDriver.testStatistic(BroadcasterInputStatisticSingleStreamDriver.java:61)
	at com.zixi.testing.BroadcasterInputStatisticSingleStreamTest.broadcasterSingleInputStreamStatisticAnilyzer(BroadcasterInputStatisticSingleStreamTest.java:33)
</failure>
  </testcase>
  <testcase classname="com.zixi.testing.FeederOutputDeletioinTest" name="testInit" time="10.836">
    <failure message="com/zixi/drivers/drivers/FeederOutputDeletionDriver" type="java.lang.NoClassDefFoundError">java.lang.NoClassDefFoundError: com/zixi/drivers/drivers/FeederOutputDeletionDriver
	at com.zixi.testing.FeederOutputDeletioinTest.testInit(FeederOutputDeletioinTest.java:13)
</failure>
  </testcase>
  <testcase classname="com.zixi.testing.FeederOutputDeletioinTest" name="beforeTes" time="10.836">
    <skipped/>
  </testcase>
  <testcase classname="com.zixi.testing.FeederOutputDeletioinTest" name="broadcasterSingleStreamRemoving" time="0">
    <skipped/>
  </testcase>
  <testcase classname="com.zixi.testing.FeederOutputDeletioinTest" name="afterTest" time="0">
    <skipped/>
  </testcase>
  <testcase classname="com.zixi.testing.BroadcasterSingleInputStreamDeletionTest" name="testInit" time="0">
    <failure message="com/zixi/drivers/drivers/BroadcasterSingleInputStreamDeletionDriver" type="java.lang.NoClassDefFoundError">java.lang.NoClassDefFoundError: com/zixi/drivers/drivers/BroadcasterSingleInputStreamDeletionDriver
	at com.zixi.testing.BroadcasterSingleInputStreamDeletionTest.testInit(BroadcasterSingleInputStreamDeletionTest.java:14)
</failure>
  </testcase>
  <testcase classname="com.zixi.testing.BroadcasterSingleInputStreamDeletionTest" name="beforeTes" time="0.001">
    <skipped/>
  </testcase>
  <testcase classname="com.zixi.testing.BroadcasterSingleInputStreamDeletionTest" name="broadcasterInputStreamDeletion" time="0">
    <skipped/>
  </testcase>
  <testcase classname="com.zixi.testing.BroadcasterSingleInputStreamDeletionTest" name="afterTest" time="0">
    <skipped/>
  </testcase>
  <testcase classname="com.zixi.testing.FeederOutputPushToBxTest" name="testInit" time="0.021">
    <failure message="com/zixi/drivers/drivers/FeederOutputPushToBxDriver" type="java.lang.NoClassDefFoundError">java.lang.NoClassDefFoundError: com/zixi/drivers/drivers/FeederOutputPushToBxDriver
	at com.zixi.testing.FeederOutputPushToBxTest.testInit(FeederOutputPushToBxTest.java:14)
</failure>
  </testcase>
  <testcase classname="com.zixi.testing.FeederOutputPushToBxTest" name="beforeTes" time="0.021">
    <skipped/>
  </testcase>
  <testcase classname="com.zixi.testing.FeederOutputPushToBxTest" name="feederOutputToBxTestAutomaticRtmp" time="0">
    <skipped/>
  </testcase>
  <testcase classname="com.zixi.testing.FeederOutputPushToBxTest" name="afterTest" time="0.001">
    <skipped/>
  </testcase>
  <testcase classname="com.zixi.testing.BroadcasterSetRtmpSettingsTest" name="testInit" time="0.001">
    <failure message="com/zixi/drivers/drivers/BroadcasterSetRtmpSettingsDriver" type="java.lang.NoClassDefFoundError">java.lang.NoClassDefFoundError: com/zixi/drivers/drivers/BroadcasterSetRtmpSettingsDriver
	at com.zixi.testing.BroadcasterSetRtmpSettingsTest.testInit(BroadcasterSetRtmpSettingsTest.java:15)
Caused by: java.lang.ClassNotFoundException: com.zixi.drivers.drivers.BroadcasterSetRtmpSettingsDriver
	at java.net.URLClassLoader$1.run(Unknown Source)
	at java.net.URLClassLoader$1.run(Unknown Source)
	at java.security.AccessController.doPrivileged(Native Method)
	at java.net.URLClassLoader.findClass(Unknown Source)
	at java.lang.ClassLoader.loadClass(Unknown Source)
	at sun.misc.Launcher$AppClassLoader.loadClass(Unknown Source)
	at java.lang.ClassLoader.loadClass(Unknown Source)
	... 31 more
</failure>
  </testcase>
  <testcase classname="com.zixi.testing.BroadcasterSetRtmpSettingsTest" name="beforeTes" time="0.001">
    <skipped/>
  </testcase>
  <testcase classname="com.zixi.testing.BroadcasterSetRtmpSettingsTest" name="broadcasterSingleStreamRemoving" time="0.001">
    <skipped/>
  </testcase>
  <testcase classname="com.zixi.testing.BroadcasterSetRtmpSettingsTest" name="afterTest" time="0.001">
    <skipped/>
  </testcase>
  <testcase classname="com.zixi.testing.BroadcasterSetRtmpSettingsTest" name="testInit" time="0.001">
    <failure message="com/zixi/drivers/drivers/BroadcasterSetRtmpSettingsDriver" type="java.lang.NoClassDefFoundError">java.lang.NoClassDefFoundError: com/zixi/drivers/drivers/BroadcasterSetRtmpSettingsDriver
	at com.zixi.testing.BroadcasterSetRtmpSettingsTest.testInit(BroadcasterSetRtmpSettingsTest.java:15)
</failure>
  </testcase>
  <testcase classname="com.zixi.testing.BroadcasterSetRtmpSettingsTest" name="beforeTes" time="0.001">
    <skipped/>
  </testcase>
  <testcase classname="com.zixi.testing.BroadcasterSetRtmpSettingsTest" name="broadcasterSingleStreamRemoving" time="0">
    <skipped/>
  </testcase>
  <testcase classname="com.zixi.testing.BroadcasterSetRtmpSettingsTest" name="afterTest" time="0">
    <skipped/>
  </testcase>
  <testcase classname="com.zixi.testing.BroadcasterPushInStreamCreationTest" name="testInit" time="0">
    <failure message="com/zixi/drivers/drivers/BroadcasterPushInStreamCreationDriver" type="java.lang.NoClassDefFoundError">java.lang.NoClassDefFoundError: com/zixi/drivers/drivers/BroadcasterPushInStreamCreationDriver
	at com.zixi.testing.BroadcasterPushInStreamCreationTest.testInit(BroadcasterPushInStreamCreationTest.java:13)
</failure>
  </testcase>
  <testcase classname="com.zixi.testing.BroadcasterPushInStreamCreationTest" name="beforeTes" time="0.001">
    <skipped/>
  </testcase>
  <testcase classname="com.zixi.testing.BroadcasterPushInStreamCreationTest" name="broadcasterSingleStreamRemoving" time="0">
    <skipped/>
  </testcase>
  <testcase classname="com.zixi.testing.BroadcasterPushInStreamCreationTest" name="afterTest" time="0">
    <skipped/>
  </testcase>
  <testcase classname="com.zixi.testing.BroadcasterInputStatisticSingleStreamTest" name="broadcasterSingleInputStreamStatisticAnilyzer" time="10.781">
    <failure message="JSONObject[&quot;net&quot;] not found." type="org.json.JSONException">org.json.JSONException: JSONObject[&quot;net&quot;] not found.
	at org.json.JSONObject.get(JSONObject.java:476)
	at org.json.JSONObject.getJSONObject(JSONObject.java:576)
	at com.zixi.tools.StreamStatisticAnalyzer.getStatBitrate(StreamStatisticAnalyzer.java:11)
	at com.zixi.drivers.drivers.BroadcasterInputStatisticSingleStreamDriver.testStatistic(BroadcasterInputStatisticSingleStreamDriver.java:61)
	at com.zixi.testing.BroadcasterInputStatisticSingleStreamTest.broadcasterSingleInputStreamStatisticAnilyzer(BroadcasterInputStatisticSingleStreamTest.java:33)
</failure>
  </testcase>
  <testcase classname="com.zixi.testing.BroadcasterUDPOutputStreamCreationTest" name="broadcasterPullInCreation" time="0.533"/>
  <testcase classname="com.zixi.testing.FFMPEGImageStatisticTest" name="testInit" time="0.569">
    <failure message="com/zixi/drivers/drivers/FFMPEGImageStatisticTestDriver" type="java.lang.NoClassDefFoundError">java.lang.NoClassDefFoundError: com/zixi/drivers/drivers/FFMPEGImageStatisticTestDriver
	at com.zixi.testing.FFMPEGImageStatisticTest.testInit(FFMPEGImageStatisticTest.java:15)
</failure>
  </testcase>
  <testcase classname="com.zixi.testing.FFMPEGImageStatisticTest" name="beforeTes" time="0.569">
    <skipped/>
  </testcase>
  <testcase classname="com.zixi.testing.FFMPEGImageStatisticTest" name="broadcasterSingleInputStreamStatisticAnilyzer" time="0">
    <skipped/>
  </testcase>
  <testcase classname="com.zixi.testing.FFMPEGImageStatisticTest" name="afterTest" time="0.001">
    <skipped/>
  </testcase>
  <testcase classname="com.zixi.testing.BroadcaserSingleOutputStreamDeletionTest" name="broadcasterSingleStreamRemoving" time="0.522"/>
  <testcase classname="com.zixi.testing.FeederOutputDeletioinTest" name="testInit" time="0.556">
    <failure message="com/zixi/drivers/drivers/FeederOutputDeletionDriver" type="java.lang.NoClassDefFoundError">java.lang.NoClassDefFoundError: com/zixi/drivers/drivers/FeederOutputDeletionDriver
	at com.zixi.testing.FeederOutputDeletioinTest.testInit(FeederOutputDeletioinTest.java:13)
</failure>
  </testcase>
  <testcase classname="com.zixi.testing.FeederOutputDeletioinTest" name="beforeTes" time="0.556">
    <skipped/>
  </testcase>
  <testcase classname="com.zixi.testing.FeederOutputDeletioinTest" name="broadcasterSingleStreamRemoving" time="0">
    <skipped/>
  </testcase>
  <testcase classname="com.zixi.testing.FeederOutputDeletioinTest" name="afterTest" time="0">
    <skipped/>
  </testcase>
  <testcase classname="com.zixi.testing.BroadcasterSingleInputStreamDeletionTest" name="testInit" time="0">
    <failure message="com/zixi/drivers/drivers/BroadcasterSingleInputStreamDeletionDriver" type="java.lang.NoClassDefFoundError">java.lang.NoClassDefFoundError: com/zixi/drivers/drivers/BroadcasterSingleInputStreamDeletionDriver
	at com.zixi.testing.BroadcasterSingleInputStreamDeletionTest.testInit(BroadcasterSingleInputStreamDeletionTest.java:14)
</failure>
  </testcase>
  <testcase classname="com.zixi.testing.BroadcasterSingleInputStreamDeletionTest" name="beforeTes" time="0.001">
    <skipped/>
  </testcase>
  <testcase classname="com.zixi.testing.BroadcasterSingleInputStreamDeletionTest" name="broadcasterInputStreamDeletion" time="0">
    <skipped/>
  </testcase>
  <testcase classname="com.zixi.testing.BroadcasterSingleInputStreamDeletionTest" name="afterTest" time="0">
    <skipped/>
  </testcase>
  <testcase classname="com.zixi.testing.BroadcasterSetRtmpSettingsTest" name="testInit" time="0">
    <failure message="com/zixi/drivers/drivers/BroadcasterSetRtmpSettingsDriver" type="java.lang.NoClassDefFoundError">java.lang.NoClassDefFoundError: com/zixi/drivers/drivers/BroadcasterSetRtmpSettingsDriver
	at com.zixi.testing.BroadcasterSetRtmpSettingsTest.testInit(BroadcasterSetRtmpSettingsTest.java:15)
</failure>
  </testcase>
  <testcase classname="com.zixi.testing.BroadcasterSetRtmpSettingsTest" name="beforeTes" time="0">
    <skipped/>
  </testcase>
  <testcase classname="com.zixi.testing.BroadcasterSetRtmpSettingsTest" name="broadcasterSingleStreamRemoving" time="0">
    <skipped/>
  </testcase>
  <testcase classname="com.zixi.testing.BroadcasterSetRtmpSettingsTest" name="afterTest" time="0">
    <skipped/>
  </testcase>
  <testcase classname="com.zixi.testing.BroadcasterSetRtmpSettingsTest" name="testInit" time="0.001">
    <failure message="com/zixi/drivers/drivers/BroadcasterSetRtmpSettingsDriver" type="java.lang.NoClassDefFoundError">java.lang.NoClassDefFoundError: com/zixi/drivers/drivers/BroadcasterSetRtmpSettingsDriver
	at com.zixi.testing.BroadcasterSetRtmpSettingsTest.testInit(BroadcasterSetRtmpSettingsTest.java:15)
</failure>
  </testcase>
  <testcase classname="com.zixi.testing.BroadcasterSetRtmpSettingsTest" name="beforeTes" time="0.001">
    <skipped/>
  </testcase>
  <testcase classname="com.zixi.testing.BroadcasterSetRtmpSettingsTest" name="broadcasterSingleStreamRemoving" time="0">
    <skipped/>
  </testcase>
  <testcase classname="com.zixi.testing.BroadcasterSetRtmpSettingsTest" name="afterTest" time="0">
    <skipped/>
  </testcase>
  <testcase classname="com.zixi.testing.FeederUdpOutToFfmpegTest" name="testInit" time="0.001">
    <failure message="com/zixi/drivers/drivers/FeederUdpOutToFfmpegDriver" type="java.lang.NoClassDefFoundError">java.lang.NoClassDefFoundError: com/zixi/drivers/drivers/FeederUdpOutToFfmpegDriver
	at com.zixi.testing.FeederUdpOutToFfmpegTest.testInit(FeederUdpOutToFfmpegTest.java:11)
Caused by: java.lang.ClassNotFoundException: com.zixi.drivers.drivers.FeederUdpOutToFfmpegDriver
	at java.net.URLClassLoader$1.run(Unknown Source)
	at java.net.URLClassLoader$1.run(Unknown Source)
	at java.security.AccessController.doPrivileged(Native Method)
	at java.net.URLClassLoader.findClass(Unknown Source)
	at java.lang.ClassLoader.loadClass(Unknown Source)
	at sun.misc.Launcher$AppClassLoader.loadClass(Unknown Source)
	at java.lang.ClassLoader.loadClass(Unknown Source)
	... 31 more
</failure>
  </testcase>
  <testcase classname="com.zixi.testing.FeederUdpOutToFfmpegTest" name="beforeTes" time="0.001">
    <skipped/>
  </testcase>
  <testcase classname="com.zixi.testing.FeederUdpOutToFfmpegTest" name="broadcasterSingleStreamRemoving" time="0">
    <skipped/>
  </testcase>
  <testcase classname="com.zixi.testing.FeederUdpOutToFfmpegTest" name="afterTest" time="0">
    <skipped/>
  </testcase>
  <testcase classname="com.zixi.testing.FFMPEGImageStatisticTest" name="testInit" time="0.001">
    <failure message="com/zixi/drivers/drivers/FFMPEGImageStatisticTestDriver" type="java.lang.NoClassDefFoundError">java.lang.NoClassDefFoundError: com/zixi/drivers/drivers/FFMPEGImageStatisticTestDriver
	at com.zixi.testing.FFMPEGImageStatisticTest.testInit(FFMPEGImageStatisticTest.java:15)
</failure>
  </testcase>
  <testcase classname="com.zixi.testing.FFMPEGImageStatisticTest" name="beforeTes" time="0.001">
    <skipped/>
  </testcase>
  <testcase classname="com.zixi.testing.FFMPEGImageStatisticTest" name="broadcasterSingleInputStreamStatisticAnilyzer" time="0">
    <skipped/>
  </testcase>
  <testcase classname="com.zixi.testing.FFMPEGImageStatisticTest" name="afterTest" time="0">
    <skipped/>
  </testcase>
  <testcase classname="com.zixi.testing.FeederUdpOutputDeletioinTest" name="testInit" time="0.001">
    <failure message="com/zixi/drivers/drivers/FeederOutputDeletionDriver" type="java.lang.NoClassDefFoundError">java.lang.NoClassDefFoundError: com/zixi/drivers/drivers/FeederOutputDeletionDriver
	at com.zixi.testing.FeederUdpOutputDeletioinTest.testInit(FeederUdpOutputDeletioinTest.java:13)
Caused by: java.lang.ClassNotFoundException: com.zixi.drivers.drivers.FeederOutputDeletionDriver
	at java.net.URLClassLoader$1.run(Unknown Source)
	at java.net.URLClassLoader$1.run(Unknown Source)
	at java.security.AccessController.doPrivileged(Native Method)
	at java.net.URLClassLoader.findClass(Unknown Source)
	at java.lang.ClassLoader.loadClass(Unknown Source)
	at sun.misc.Launcher$AppClassLoader.loadClass(Unknown Source)
	at java.lang.ClassLoader.loadClass(Unknown Source)
	... 31 more
</failure>
  </testcase>
  <testcase classname="com.zixi.testing.FeederUdpOutputDeletioinTest" name="beforeTes" time="0.001">
    <skipped/>
  </testcase>
  <testcase classname="com.zixi.testing.FeederUdpOutputDeletioinTest" name="broadcasterSingleStreamRemoving" time="0">
    <skipped/>
  </testcase>
  <testcase classname="com.zixi.testing.FeederUdpOutputDeletioinTest" name="afterTest" time="0">
    <skipped/>
  </testcase>
  <testcase classname="com.zixi.testing.FeederUdpOutToFfmpegTest" name="testInit" time="0.001">
    <failure message="com/zixi/drivers/drivers/FeederUdpOutToFfmpegDriver" type="java.lang.NoClassDefFoundError">java.lang.NoClassDefFoundError: com/zixi/drivers/drivers/FeederUdpOutToFfmpegDriver
	at com.zixi.testing.FeederUdpOutToFfmpegTest.testInit(FeederUdpOutToFfmpegTest.java:11)
</failure>
  </testcase>
  <testcase classname="com.zixi.testing.FeederUdpOutToFfmpegTest" name="beforeTes" time="0.001">
    <skipped/>
  </testcase>
  <testcase classname="com.zixi.testing.FeederUdpOutToFfmpegTest" name="broadcasterSingleStreamRemoving" time="0">
    <skipped/>
  </testcase>
  <testcase classname="com.zixi.testing.FeederUdpOutToFfmpegTest" name="afterTest" time="0">
    <skipped/>
  </testcase>
  <testcase classname="com.zixi.testing.FFMPEGImageStatisticTest" name="testInit" time="0">
    <failure message="com/zixi/drivers/drivers/FFMPEGImageStatisticTestDriver" type="java.lang.NoClassDefFoundError">java.lang.NoClassDefFoundError: com/zixi/drivers/drivers/FFMPEGImageStatisticTestDriver
	at com.zixi.testing.FFMPEGImageStatisticTest.testInit(FFMPEGImageStatisticTest.java:15)
</failure>
  </testcase>
  <testcase classname="com.zixi.testing.FFMPEGImageStatisticTest" name="beforeTes" time="0.001">
    <skipped/>
  </testcase>
  <testcase classname="com.zixi.testing.FFMPEGImageStatisticTest" name="broadcasterSingleInputStreamStatisticAnilyzer" time="0">
    <skipped/>
  </testcase>
  <testcase classname="com.zixi.testing.FFMPEGImageStatisticTest" name="afterTest" time="0">
    <skipped/>
  </testcase>
  <testcase classname="com.zixi.testing.FeederUdpOutputDeletioinTest" name="testInit" time="0">
    <failure message="com/zixi/drivers/drivers/FeederOutputDeletionDriver" type="java.lang.NoClassDefFoundError">java.lang.NoClassDefFoundError: com/zixi/drivers/drivers/FeederOutputDeletionDriver
	at com.zixi.testing.FeederUdpOutputDeletioinTest.testInit(FeederUdpOutputDeletioinTest.java:13)
</failure>
  </testcase>
  <testcase classname="com.zixi.testing.FeederUdpOutputDeletioinTest" name="beforeTes" time="0">
    <skipped/>
  </testcase>
  <testcase classname="com.zixi.testing.FeederUdpOutputDeletioinTest" name="broadcasterSingleStreamRemoving" time="0">
    <skipped/>
  </testcase>
  <testcase classname="com.zixi.testing.FeederUdpOutputDeletioinTest" name="afterTest" time="0">
    <skipped/>
  </testcase>
  <testcase classname="com.zixi.testing.FeederInputUdpTest" name="testInit" time="0.001">
    <failure message="com/zixi/drivers/drivers/FeederInputUdpDriver" type="java.lang.NoClassDefFoundError">java.lang.NoClassDefFoundError: com/zixi/drivers/drivers/FeederInputUdpDriver
	at com.zixi.testing.FeederInputUdpTest.testInit(FeederInputUdpTest.java:14)
Caused by: java.lang.ClassNotFoundException: com.zixi.drivers.drivers.FeederInputUdpDriver
	at java.net.URLClassLoader$1.run(Unknown Source)
	at java.net.URLClassLoader$1.run(Unknown Source)
	at java.security.AccessController.doPrivileged(Native Method)
	at java.net.URLClassLoader.findClass(Unknown Source)
	at java.lang.ClassLoader.loadClass(Unknown Source)
	at sun.misc.Launcher$AppClassLoader.loadClass(Unknown Source)
	at java.lang.ClassLoader.loadClass(Unknown Source)
	... 31 more
</failure>
  </testcase>
  <testcase classname="com.zixi.testing.FeederInputUdpTest" name="beforeTes" time="0.001">
    <skipped/>
  </testcase>
  <testcase classname="com.zixi.testing.FeederInputUdpTest" name="feederUdpInputTest" time="0">
    <skipped/>
  </testcase>
  <testcase classname="com.zixi.testing.FeederInputUdpTest" name="afterTest" time="0">
    <skipped/>
  </testcase>
  <testcase classname="com.zixi.testing.FeederUdpOutToFfmpegTest" name="testInit" time="0.001">
    <failure message="com/zixi/drivers/drivers/FeederUdpOutToFfmpegDriver" type="java.lang.NoClassDefFoundError">java.lang.NoClassDefFoundError: com/zixi/drivers/drivers/FeederUdpOutToFfmpegDriver
	at com.zixi.testing.FeederUdpOutToFfmpegTest.testInit(FeederUdpOutToFfmpegTest.java:11)
</failure>
  </testcase>
  <testcase classname="com.zixi.testing.FeederUdpOutToFfmpegTest" name="beforeTes" time="0.001">
    <skipped/>
  </testcase>
  <testcase classname="com.zixi.testing.FeederUdpOutToFfmpegTest" name="broadcasterSingleStreamRemoving" time="0">
    <skipped/>
  </testcase>
  <testcase classname="com.zixi.testing.FeederUdpOutToFfmpegTest" name="afterTest" time="0">
    <skipped/>
  </testcase>
  <testcase classname="com.zixi.testing.FFMPEGImageStatisticTest" name="testInit" time="0">
    <failure message="com/zixi/drivers/drivers/FFMPEGImageStatisticTestDriver" type="java.lang.NoClassDefFoundError">java.lang.NoClassDefFoundError: com/zixi/drivers/drivers/FFMPEGImageStatisticTestDriver
	at com.zixi.testing.FFMPEGImageStatisticTest.testInit(FFMPEGImageStatisticTest.java:15)
</failure>
  </testcase>
  <testcase classname="com.zixi.testing.FFMPEGImageStatisticTest" name="beforeTes" time="0">
    <skipped/>
  </testcase>
  <testcase classname="com.zixi.testing.FFMPEGImageStatisticTest" name="broadcasterSingleInputStreamStatisticAnilyzer" time="0">
    <skipped/>
  </testcase>
  <testcase classname="com.zixi.testing.FFMPEGImageStatisticTest" name="afterTest" time="0">
    <skipped/>
  </testcase>
  <testcase classname="com.zixi.testing.FeederUdpOutputDeletioinTest" name="testInit" time="0.001">
    <failure message="com/zixi/drivers/drivers/FeederOutputDeletionDriver" type="java.lang.NoClassDefFoundError">java.lang.NoClassDefFoundError: com/zixi/drivers/drivers/FeederOutputDeletionDriver
	at com.zixi.testing.FeederUdpOutputDeletioinTest.testInit(FeederUdpOutputDeletioinTest.java:13)
</failure>
  </testcase>
  <testcase classname="com.zixi.testing.FeederUdpOutputDeletioinTest" name="beforeTes" time="0.002">
    <skipped/>
  </testcase>
  <testcase classname="com.zixi.testing.FeederUdpOutputDeletioinTest" name="broadcasterSingleStreamRemoving" time="0">
    <skipped/>
  </testcase>
  <testcase classname="com.zixi.testing.FeederUdpOutputDeletioinTest" name="afterTest" time="0">
    <skipped/>
  </testcase>
  <testcase classname="com.zixi.testing.FeederOutputPushToBxTest" name="testInit" time="0">
    <failure message="com/zixi/drivers/drivers/FeederOutputPushToBxDriver" type="java.lang.NoClassDefFoundError">java.lang.NoClassDefFoundError: com/zixi/drivers/drivers/FeederOutputPushToBxDriver
	at com.zixi.testing.FeederOutputPushToBxTest.testInit(FeederOutputPushToBxTest.java:14)
</failure>
  </testcase>
  <testcase classname="com.zixi.testing.FeederOutputPushToBxTest" name="beforeTes" time="0">
    <skipped/>
  </testcase>
  <testcase classname="com.zixi.testing.FeederOutputPushToBxTest" name="feederOutputToBxTest" time="0">
    <skipped/>
  </testcase>
  <testcase classname="com.zixi.testing.FeederOutputPushToBxTest" name="afterTest" time="0.001">
    <skipped/>
  </testcase>
  <testcase classname="com.zixi.testing.BroadcasterPushInStreamCreationTest" name="testInit" time="0.001">
    <failure message="com/zixi/drivers/drivers/BroadcasterPushInStreamCreationDriver" type="java.lang.NoClassDefFoundError">java.lang.NoClassDefFoundError: com/zixi/drivers/drivers/BroadcasterPushInStreamCreationDriver
	at com.zixi.testing.BroadcasterPushInStreamCreationTest.testInit(BroadcasterPushInStreamCreationTest.java:13)
</failure>
  </testcase>
  <testcase classname="com.zixi.testing.BroadcasterPushInStreamCreationTest" name="beforeTes" time="0.001">
    <skipped/>
  </testcase>
  <testcase classname="com.zixi.testing.BroadcasterPushInStreamCreationTest" name="broadcasterSingleStreamRemoving" time="0">
    <skipped/>
  </testcase>
  <testcase classname="com.zixi.testing.BroadcasterPushInStreamCreationTest" name="afterTest" time="0">
    <skipped/>
  </testcase>
  <testcase classname="com.zixi.testing.BroadcasterInputStatisticSingleStreamTest" name="broadcasterSingleInputStreamStatisticAnilyzer" time="10.749">
    <failure message="JSONObject[&quot;net&quot;] not found." type="org.json.JSONException">org.json.JSONException: JSONObject[&quot;net&quot;] not found.
	at org.json.JSONObject.get(JSONObject.java:476)
	at org.json.JSONObject.getJSONObject(JSONObject.java:576)
	at com.zixi.tools.StreamStatisticAnalyzer.getStatBitrate(StreamStatisticAnalyzer.java:11)
	at com.zixi.drivers.drivers.BroadcasterInputStatisticSingleStreamDriver.testStatistic(BroadcasterInputStatisticSingleStreamDriver.java:61)
	at com.zixi.testing.BroadcasterInputStatisticSingleStreamTest.broadcasterSingleInputStreamStatisticAnilyzer(BroadcasterInputStatisticSingleStreamTest.java:33)
</failure>
  </testcase>
  <testcase classname="com.zixi.testing.FeederOutputDeletioinTest" name="testInit" time="10.788">
    <failure message="com/zixi/drivers/drivers/FeederOutputDeletionDriver" type="java.lang.NoClassDefFoundError">java.lang.NoClassDefFoundError: com/zixi/drivers/drivers/FeederOutputDeletionDriver
	at com.zixi.testing.FeederOutputDeletioinTest.testInit(FeederOutputDeletioinTest.java:13)
</failure>
  </testcase>
  <testcase classname="com.zixi.testing.FeederOutputDeletioinTest" name="beforeTes" time="10.789">
    <skipped/>
  </testcase>
  <testcase classname="com.zixi.testing.FeederOutputDeletioinTest" name="broadcasterSingleStreamRemoving" time="0">
    <skipped/>
  </testcase>
  <testcase classname="com.zixi.testing.FeederOutputDeletioinTest" name="afterTest" time="0">
    <skipped/>
  </testcase>
  <testcase classname="com.zixi.testing.BroadcasterSingleInputStreamDeletionTest" name="testInit" time="0">
    <failure message="com/zixi/drivers/drivers/BroadcasterSingleInputStreamDeletionDriver" type="java.lang.NoClassDefFoundError">java.lang.NoClassDefFoundError: com/zixi/drivers/drivers/BroadcasterSingleInputStreamDeletionDriver
	at com.zixi.testing.BroadcasterSingleInputStreamDeletionTest.testInit(BroadcasterSingleInputStreamDeletionTest.java:14)
</failure>
  </testcase>
  <testcase classname="com.zixi.testing.BroadcasterSingleInputStreamDeletionTest" name="beforeTes" time="0.001">
    <skipped/>
  </testcase>
  <testcase classname="com.zixi.testing.BroadcasterSingleInputStreamDeletionTest" name="broadcasterInputStreamDeletion" time="0">
    <skipped/>
  </testcase>
  <testcase classname="com.zixi.testing.BroadcasterSingleInputStreamDeletionTest" name="afterTest" time="0">
    <skipped/>
  </testcase>
  <testcase classname="com.zixi.testing.FeederOutputPushToBxTest" name="testInit" time="0.001">
    <failure message="com/zixi/drivers/drivers/FeederOutputPushToBxDriver" type="java.lang.NoClassDefFoundError">java.lang.NoClassDefFoundError: com/zixi/drivers/drivers/FeederOutputPushToBxDriver
	at com.zixi.testing.FeederOutputPushToBxTest.testInit(FeederOutputPushToBxTest.java:14)
</failure>
  </testcase>
  <testcase classname="com.zixi.testing.FeederOutputPushToBxTest" name="beforeTes" time="0.003">
    <skipped/>
  </testcase>
  <testcase classname="com.zixi.testing.FeederOutputPushToBxTest" name="feederOutputToBxTest" time="0">
    <skipped/>
  </testcase>
  <testcase classname="com.zixi.testing.FeederOutputPushToBxTest" name="afterTest" time="0">
    <skipped/>
  </testcase>
  <testcase classname="com.zixi.testing.BroadcasterPushInStreamCreationTest" name="testInit" time="0">
    <failure message="com/zixi/drivers/drivers/BroadcasterPushInStreamCreationDriver" type="java.lang.NoClassDefFoundError">java.lang.NoClassDefFoundError: com/zixi/drivers/drivers/BroadcasterPushInStreamCreationDriver
	at com.zixi.testing.BroadcasterPushInStreamCreationTest.testInit(BroadcasterPushInStreamCreationTest.java:13)
</failure>
  </testcase>
  <testcase classname="com.zixi.testing.BroadcasterPushInStreamCreationTest" name="beforeTes" time="0.001">
    <skipped/>
  </testcase>
  <testcase classname="com.zixi.testing.BroadcasterPushInStreamCreationTest" name="broadcasterSingleStreamRemoving" time="0">
    <skipped/>
  </testcase>
  <testcase classname="com.zixi.testing.BroadcasterPushInStreamCreationTest" name="afterTest" time="0">
    <skipped/>
  </testcase>
  <testcase classname="com.zixi.testing.BroadcasterInputStatisticSingleStreamTest" name="broadcasterSingleInputStreamStatisticAnilyzer" time="10.775">
    <failure message="JSONObject[&quot;net&quot;] not found." type="org.json.JSONException">org.json.JSONException: JSONObject[&quot;net&quot;] not found.
	at org.json.JSONObject.get(JSONObject.java:476)
	at org.json.JSONObject.getJSONObject(JSONObject.java:576)
	at com.zixi.tools.StreamStatisticAnalyzer.getStatBitrate(StreamStatisticAnalyzer.java:11)
	at com.zixi.drivers.drivers.BroadcasterInputStatisticSingleStreamDriver.testStatistic(BroadcasterInputStatisticSingleStreamDriver.java:61)
	at com.zixi.testing.BroadcasterInputStatisticSingleStreamTest.broadcasterSingleInputStreamStatisticAnilyzer(BroadcasterInputStatisticSingleStreamTest.java:33)
</failure>
  </testcase>
  <testcase classname="com.zixi.testing.FeederOutputDeletioinTest" name="testInit" time="10.816">
    <failure message="com/zixi/drivers/drivers/FeederOutputDeletionDriver" type="java.lang.NoClassDefFoundError">java.lang.NoClassDefFoundError: com/zixi/drivers/drivers/FeederOutputDeletionDriver
	at com.zixi.testing.FeederOutputDeletioinTest.testInit(FeederOutputDeletioinTest.java:13)
</failure>
  </testcase>
  <testcase classname="com.zixi.testing.FeederOutputDeletioinTest" name="beforeTes" time="10.817">
    <skipped/>
  </testcase>
  <testcase classname="com.zixi.testing.FeederOutputDeletioinTest" name="broadcasterSingleStreamRemoving" time="0">
    <skipped/>
  </testcase>
  <testcase classname="com.zixi.testing.FeederOutputDeletioinTest" name="afterTest" time="0">
    <skipped/>
  </testcase>
  <testcase classname="com.zixi.testing.BroadcasterSingleInputStreamDeletionTest" name="testInit" time="0.001">
    <failure message="com/zixi/drivers/drivers/BroadcasterSingleInputStreamDeletionDriver" type="java.lang.NoClassDefFoundError">java.lang.NoClassDefFoundError: com/zixi/drivers/drivers/BroadcasterSingleInputStreamDeletionDriver
	at com.zixi.testing.BroadcasterSingleInputStreamDeletionTest.testInit(BroadcasterSingleInputStreamDeletionTest.java:14)
</failure>
  </testcase>
  <testcase classname="com.zixi.testing.BroadcasterSingleInputStreamDeletionTest" name="beforeTes" time="0.002">
    <skipped/>
  </testcase>
  <testcase classname="com.zixi.testing.BroadcasterSingleInputStreamDeletionTest" name="broadcasterInputStreamDeletion" time="0">
    <skipped/>
  </testcase>
  <testcase classname="com.zixi.testing.BroadcasterSingleInputStreamDeletionTest" name="afterTest" time="0">
    <skipped/>
  </testcase>
  <testcase classname="com.zixi.testing.FeederOutputPushToBxTest" name="testInit" time="0">
    <failure message="com/zixi/drivers/drivers/FeederOutputPushToBxDriver" type="java.lang.NoClassDefFoundError">java.lang.NoClassDefFoundError: com/zixi/drivers/drivers/FeederOutputPushToBxDriver
	at com.zixi.testing.FeederOutputPushToBxTest.testInit(FeederOutputPushToBxTest.java:14)
</failure>
  </testcase>
  <testcase classname="com.zixi.testing.FeederOutputPushToBxTest" name="beforeTes" time="0.001">
    <skipped/>
  </testcase>
  <testcase classname="com.zixi.testing.FeederOutputPushToBxTest" name="feederOutputToBxTest" time="0.001">
    <skipped/>
  </testcase>
  <testcase classname="com.zixi.testing.FeederOutputPushToBxTest" name="afterTest" time="0.001">
    <skipped/>
  </testcase>
  <testcase classname="com.zixi.testing.BroadcasterPushInStreamCreationTest" name="testInit" time="0.001">
    <failure message="com/zixi/drivers/drivers/BroadcasterPushInStreamCreationDriver" type="java.lang.NoClassDefFoundError">java.lang.NoClassDefFoundError: com/zixi/drivers/drivers/BroadcasterPushInStreamCreationDriver
	at com.zixi.testing.BroadcasterPushInStreamCreationTest.testInit(BroadcasterPushInStreamCreationTest.java:13)
</failure>
  </testcase>
  <testcase classname="com.zixi.testing.BroadcasterPushInStreamCreationTest" name="beforeTes" time="0.002">
    <skipped/>
  </testcase>
  <testcase classname="com.zixi.testing.BroadcasterPushInStreamCreationTest" name="broadcasterSingleStreamRemoving" time="0">
    <skipped/>
  </testcase>
  <testcase classname="com.zixi.testing.BroadcasterPushInStreamCreationTest" name="afterTest" time="0">
    <skipped/>
  </testcase>
  <testcase classname="com.zixi.testing.BroadcasterInputStatisticSingleStreamTest" name="broadcasterSingleInputStreamStatisticAnilyzer" time="10.793">
    <failure message="JSONObject[&quot;net&quot;] not found." type="org.json.JSONException">org.json.JSONException: JSONObject[&quot;net&quot;] not found.
	at org.json.JSONObject.get(JSONObject.java:476)
	at org.json.JSONObject.getJSONObject(JSONObject.java:576)
	at com.zixi.tools.StreamStatisticAnalyzer.getStatBitrate(StreamStatisticAnalyzer.java:11)
	at com.zixi.drivers.drivers.BroadcasterInputStatisticSingleStreamDriver.testStatistic(BroadcasterInputStatisticSingleStreamDriver.java:61)
	at com.zixi.testing.BroadcasterInputStatisticSingleStreamTest.broadcasterSingleInputStreamStatisticAnilyzer(BroadcasterInputStatisticSingleStreamTest.java:33)
</failure>
  </testcase>
  <testcase classname="com.zixi.testing.FeederOutputDeletioinTest" name="testInit" time="10.852">
    <failure message="com/zixi/drivers/drivers/FeederOutputDeletionDriver" type="java.lang.NoClassDefFoundError">java.lang.NoClassDefFoundError: com/zixi/drivers/drivers/FeederOutputDeletionDriver
	at com.zixi.testing.FeederOutputDeletioinTest.testInit(FeederOutputDeletioinTest.java:13)
</failure>
  </testcase>
  <testcase classname="com.zixi.testing.FeederOutputDeletioinTest" name="beforeTes" time="10.853">
    <skipped/>
  </testcase>
  <testcase classname="com.zixi.testing.FeederOutputDeletioinTest" name="broadcasterSingleStreamRemoving" time="0">
    <skipped/>
  </testcase>
  <testcase classname="com.zixi.testing.FeederOutputDeletioinTest" name="afterTest" time="0">
    <skipped/>
  </testcase>
  <testcase classname="com.zixi.testing.BroadcasterSingleInputStreamDeletionTest" name="testInit" time="0">
    <failure message="com/zixi/drivers/drivers/BroadcasterSingleInputStreamDeletionDriver" type="java.lang.NoClassDefFoundError">java.lang.NoClassDefFoundError: com/zixi/drivers/drivers/BroadcasterSingleInputStreamDeletionDriver
	at com.zixi.testing.BroadcasterSingleInputStreamDeletionTest.testInit(BroadcasterSingleInputStreamDeletionTest.java:14)
</failure>
  </testcase>
  <testcase classname="com.zixi.testing.BroadcasterSingleInputStreamDeletionTest" name="beforeTes" time="0.001">
    <skipped/>
  </testcase>
  <testcase classname="com.zixi.testing.BroadcasterSingleInputStreamDeletionTest" name="broadcasterInputStreamDeletion" time="0">
    <skipped/>
  </testcase>
  <testcase classname="com.zixi.testing.BroadcasterSingleInputStreamDeletionTest" name="afterTest" time="0">
    <skipped/>
  </testcase>
  <testcase classname="com.zixi.testing.FeederOutputPushToBxTest" name="testInit" time="0">
    <failure message="com/zixi/drivers/drivers/FeederOutputPushToBxDriver" type="java.lang.NoClassDefFoundError">java.lang.NoClassDefFoundError: com/zixi/drivers/drivers/FeederOutputPushToBxDriver
	at com.zixi.testing.FeederOutputPushToBxTest.testInit(FeederOutputPushToBxTest.java:14)
</failure>
  </testcase>
  <testcase classname="com.zixi.testing.FeederOutputPushToBxTest" name="beforeTes" time="0.001">
    <skipped/>
  </testcase>
  <testcase classname="com.zixi.testing.FeederOutputPushToBxTest" name="feederOutputToBxTest" time="0">
    <skipped/>
  </testcase>
  <testcase classname="com.zixi.testing.FeederOutputPushToBxTest" name="afterTest" time="0.001">
    <skipped/>
  </testcase>
  <testcase classname="com.zixi.testing.BroadcasterPushInStreamCreationTest" name="testInit" time="0.001">
    <failure message="com/zixi/drivers/drivers/BroadcasterPushInStreamCreationDriver" type="java.lang.NoClassDefFoundError">java.lang.NoClassDefFoundError: com/zixi/drivers/drivers/BroadcasterPushInStreamCreationDriver
	at com.zixi.testing.BroadcasterPushInStreamCreationTest.testInit(BroadcasterPushInStreamCreationTest.java:13)
</failure>
  </testcase>
  <testcase classname="com.zixi.testing.BroadcasterPushInStreamCreationTest" name="beforeTes" time="0.002">
    <skipped/>
  </testcase>
  <testcase classname="com.zixi.testing.BroadcasterPushInStreamCreationTest" name="broadcasterSingleStreamRemoving" time="0">
    <skipped/>
  </testcase>
  <testcase classname="com.zixi.testing.BroadcasterPushInStreamCreationTest" name="afterTest" time="0">
    <skipped/>
  </testcase>
  <testcase classname="com.zixi.testing.BroadcasterInputStatisticSingleStreamTest" name="broadcasterSingleInputStreamStatisticAnilyzer" time="10.773">
    <failure message="JSONObject[&quot;net&quot;] not found." type="org.json.JSONException">org.json.JSONException: JSONObject[&quot;net&quot;] not found.
	at org.json.JSONObject.get(JSONObject.java:476)
	at org.json.JSONObject.getJSONObject(JSONObject.java:576)
	at com.zixi.tools.StreamStatisticAnalyzer.getStatBitrate(StreamStatisticAnalyzer.java:11)
	at com.zixi.drivers.drivers.BroadcasterInputStatisticSingleStreamDriver.testStatistic(BroadcasterInputStatisticSingleStreamDriver.java:61)
	at com.zixi.testing.BroadcasterInputStatisticSingleStreamTest.broadcasterSingleInputStreamStatisticAnilyzer(BroadcasterInputStatisticSingleStreamTest.java:33)
</failure>
  </testcase>
  <testcase classname="com.zixi.testing.FeederOutputDeletioinTest" name="testInit" time="10.81">
    <failure message="com/zixi/drivers/drivers/FeederOutputDeletionDriver" type="java.lang.NoClassDefFoundError">java.lang.NoClassDefFoundError: com/zixi/drivers/drivers/FeederOutputDeletionDriver
	at com.zixi.testing.FeederOutputDeletioinTest.testInit(FeederOutputDeletioinTest.java:13)
</failure>
  </testcase>
  <testcase classname="com.zixi.testing.FeederOutputDeletioinTest" name="beforeTes" time="10.81">
    <skipped/>
  </testcase>
  <testcase classname="com.zixi.testing.FeederOutputDeletioinTest" name="broadcasterSingleStreamRemoving" time="0">
    <skipped/>
  </testcase>
  <testcase classname="com.zixi.testing.FeederOutputDeletioinTest" name="afterTest" time="0">
    <skipped/>
  </testcase>
  <testcase classname="com.zixi.testing.BroadcasterSingleInputStreamDeletionTest" name="testInit" time="0.001">
    <failure message="com/zixi/drivers/drivers/BroadcasterSingleInputStreamDeletionDriver" type="java.lang.NoClassDefFoundError">java.lang.NoClassDefFoundError: com/zixi/drivers/drivers/BroadcasterSingleInputStreamDeletionDriver
	at com.zixi.testing.BroadcasterSingleInputStreamDeletionTest.testInit(BroadcasterSingleInputStreamDeletionTest.java:14)
</failure>
  </testcase>
  <testcase classname="com.zixi.testing.BroadcasterSingleInputStreamDeletionTest" name="beforeTes" time="0.001">
    <skipped/>
  </testcase>
  <testcase classname="com.zixi.testing.BroadcasterSingleInputStreamDeletionTest" name="broadcasterInputStreamDeletion" time="0">
    <skipped/>
  </testcase>
  <testcase classname="com.zixi.testing.BroadcasterSingleInputStreamDeletionTest" name="afterTest" time="0">
    <skipped/>
  </testcase>
  <testcase classname="com.zixi.testing.FeederOutputPushToBxTest" name="testInit" time="0">
    <failure message="com/zixi/drivers/drivers/FeederOutputPushToBxDriver" type="java.lang.NoClassDefFoundError">java.lang.NoClassDefFoundError: com/zixi/drivers/drivers/FeederOutputPushToBxDriver
	at com.zixi.testing.FeederOutputPushToBxTest.testInit(FeederOutputPushToBxTest.java:14)
</failure>
  </testcase>
  <testcase classname="com.zixi.testing.FeederOutputPushToBxTest" name="beforeTes" time="0.001">
    <skipped/>
  </testcase>
  <testcase classname="com.zixi.testing.FeederOutputPushToBxTest" name="feederOutputToBxTest" time="0">
    <skipped/>
  </testcase>
  <testcase classname="com.zixi.testing.FeederOutputPushToBxTest" name="afterTest" time="0">
    <skipped/>
  </testcase>
  <testcase classname="com.zixi.testing.BroadcasterPushInStreamCreationTest" name="testInit" time="0">
    <failure message="com/zixi/drivers/drivers/BroadcasterPushInStreamCreationDriver" type="java.lang.NoClassDefFoundError">java.lang.NoClassDefFoundError: com/zixi/drivers/drivers/BroadcasterPushInStreamCreationDriver
	at com.zixi.testing.BroadcasterPushInStreamCreationTest.testInit(BroadcasterPushInStreamCreationTest.java:13)
</failure>
  </testcase>
  <testcase classname="com.zixi.testing.BroadcasterPushInStreamCreationTest" name="beforeTes" time="0">
    <skipped/>
  </testcase>
  <testcase classname="com.zixi.testing.BroadcasterPushInStreamCreationTest" name="broadcasterSingleStreamRemoving" time="0.001">
    <skipped/>
  </testcase>
  <testcase classname="com.zixi.testing.BroadcasterPushInStreamCreationTest" name="afterTest" time="0.001">
    <skipped/>
  </testcase>
  <testcase classname="com.zixi.testing.BroadcasterInputStatisticSingleStreamTest" name="broadcasterSingleInputStreamStatisticAnilyzer" time="10.752">
    <failure message="JSONObject[&quot;net&quot;] not found." type="org.json.JSONException">org.json.JSONException: JSONObject[&quot;net&quot;] not found.
	at org.json.JSONObject.get(JSONObject.java:476)
	at org.json.JSONObject.getJSONObject(JSONObject.java:576)
	at com.zixi.tools.StreamStatisticAnalyzer.getStatBitrate(StreamStatisticAnalyzer.java:11)
	at com.zixi.drivers.drivers.BroadcasterInputStatisticSingleStreamDriver.testStatistic(BroadcasterInputStatisticSingleStreamDriver.java:61)
	at com.zixi.testing.BroadcasterInputStatisticSingleStreamTest.broadcasterSingleInputStreamStatisticAnilyzer(BroadcasterInputStatisticSingleStreamTest.java:33)
</failure>
  </testcase>
  <testcase classname="com.zixi.testing.FeederOutputDeletioinTest" name="testInit" time="10.79">
    <failure message="com/zixi/drivers/drivers/FeederOutputDeletionDriver" type="java.lang.NoClassDefFoundError">java.lang.NoClassDefFoundError: com/zixi/drivers/drivers/FeederOutputDeletionDriver
	at com.zixi.testing.FeederOutputDeletioinTest.testInit(FeederOutputDeletioinTest.java:13)
</failure>
  </testcase>
  <testcase classname="com.zixi.testing.FeederOutputDeletioinTest" name="beforeTes" time="10.791">
    <skipped/>
  </testcase>
  <testcase classname="com.zixi.testing.FeederOutputDeletioinTest" name="broadcasterSingleStreamRemoving" time="0">
    <skipped/>
  </testcase>
  <testcase classname="com.zixi.testing.FeederOutputDeletioinTest" name="afterTest" time="0">
    <skipped/>
  </testcase>
  <testcase classname="com.zixi.testing.BroadcasterSingleInputStreamDeletionTest" name="testInit" time="0.001">
    <failure message="com/zixi/drivers/drivers/BroadcasterSingleInputStreamDeletionDriver" type="java.lang.NoClassDefFoundError">java.lang.NoClassDefFoundError: com/zixi/drivers/drivers/BroadcasterSingleInputStreamDeletionDriver
	at com.zixi.testing.BroadcasterSingleInputStreamDeletionTest.testInit(BroadcasterSingleInputStreamDeletionTest.java:14)
</failure>
  </testcase>
  <testcase classname="com.zixi.testing.BroadcasterSingleInputStreamDeletionTest" name="beforeTes" time="0.001">
    <skipped/>
  </testcase>
  <testcase classname="com.zixi.testing.BroadcasterSingleInputStreamDeletionTest" name="broadcasterInputStreamDeletion" time="0">
    <skipped/>
  </testcase>
  <testcase classname="com.zixi.testing.BroadcasterSingleInputStreamDeletionTest" name="afterTest" time="0">
    <skipped/>
  </testcase>
  <testcase classname="com.zixi.testing.FeederOutputPushToBxTest" name="testInit" time="0">
    <failure message="com/zixi/drivers/drivers/FeederOutputPushToBxDriver" type="java.lang.NoClassDefFoundError">java.lang.NoClassDefFoundError: com/zixi/drivers/drivers/FeederOutputPushToBxDriver
	at com.zixi.testing.FeederOutputPushToBxTest.testInit(FeederOutputPushToBxTest.java:14)
</failure>
  </testcase>
  <testcase classname="com.zixi.testing.FeederOutputPushToBxTest" name="beforeTes" time="0.001">
    <skipped/>
  </testcase>
  <testcase classname="com.zixi.testing.FeederOutputPushToBxTest" name="feederOutputToBxTest" time="0.001">
    <skipped/>
  </testcase>
  <testcase classname="com.zixi.testing.FeederOutputPushToBxTest" name="afterTest" time="0.001">
    <skipped/>
  </testcase>
  <testcase classname="com.zixi.testing.BroadcasterPushInStreamCreationTest" name="testInit" time="0.001">
    <failure message="com/zixi/drivers/drivers/BroadcasterPushInStreamCreationDriver" type="java.lang.NoClassDefFoundError">java.lang.NoClassDefFoundError: com/zixi/drivers/drivers/BroadcasterPushInStreamCreationDriver
	at com.zixi.testing.BroadcasterPushInStreamCreationTest.testInit(BroadcasterPushInStreamCreationTest.java:13)
</failure>
  </testcase>
  <testcase classname="com.zixi.testing.BroadcasterPushInStreamCreationTest" name="beforeTes" time="0.002">
    <skipped/>
  </testcase>
  <testcase classname="com.zixi.testing.BroadcasterPushInStreamCreationTest" name="broadcasterSingleStreamRemoving" time="0">
    <skipped/>
  </testcase>
  <testcase classname="com.zixi.testing.BroadcasterPushInStreamCreationTest" name="afterTest" time="0">
    <skipped/>
  </testcase>
  <testcase classname="com.zixi.testing.BroadcasterInputStatisticSingleStreamTest" name="broadcasterSingleInputStreamStatisticAnilyzer" time="10.776">
    <failure message="JSONObject[&quot;net&quot;] not found." type="org.json.JSONException">org.json.JSONException: JSONObject[&quot;net&quot;] not found.
	at org.json.JSONObject.get(JSONObject.java:476)
	at org.json.JSONObject.getJSONObject(JSONObject.java:576)
	at com.zixi.tools.StreamStatisticAnalyzer.getStatBitrate(StreamStatisticAnalyzer.java:11)
	at com.zixi.drivers.drivers.BroadcasterInputStatisticSingleStreamDriver.testStatistic(BroadcasterInputStatisticSingleStreamDriver.java:61)
	at com.zixi.testing.BroadcasterInputStatisticSingleStreamTest.broadcasterSingleInputStreamStatisticAnilyzer(BroadcasterInputStatisticSingleStreamTest.java:33)
</failure>
  </testcase>
  <testcase classname="com.zixi.testing.FeederOutputDeletioinTest" name="testInit" time="10.816">
    <failure message="com/zixi/drivers/drivers/FeederOutputDeletionDriver" type="java.lang.NoClassDefFoundError">java.lang.NoClassDefFoundError: com/zixi/drivers/drivers/FeederOutputDeletionDriver
	at com.zixi.testing.FeederOutputDeletioinTest.testInit(FeederOutputDeletioinTest.java:13)
</failure>
  </testcase>
  <testcase classname="com.zixi.testing.FeederOutputDeletioinTest" name="beforeTes" time="10.817">
    <skipped/>
  </testcase>
  <testcase classname="com.zixi.testing.FeederOutputDeletioinTest" name="broadcasterSingleStreamRemoving" time="0">
    <skipped/>
  </testcase>
  <testcase classname="com.zixi.testing.FeederOutputDeletioinTest" name="afterTest" time="0.001">
    <skipped/>
  </testcase>
  <testcase classname="com.zixi.testing.BroadcasterSingleInputStreamDeletionTest" name="testInit" time="0.001">
    <failure message="com/zixi/drivers/drivers/BroadcasterSingleInputStreamDeletionDriver" type="java.lang.NoClassDefFoundError">java.lang.NoClassDefFoundError: com/zixi/drivers/drivers/BroadcasterSingleInputStreamDeletionDriver
	at com.zixi.testing.BroadcasterSingleInputStreamDeletionTest.testInit(BroadcasterSingleInputStreamDeletionTest.java:14)
</failure>
  </testcase>
  <testcase classname="com.zixi.testing.BroadcasterSingleInputStreamDeletionTest" name="beforeTes" time="0.002">
    <skipped/>
  </testcase>
  <testcase classname="com.zixi.testing.BroadcasterSingleInputStreamDeletionTest" name="broadcasterInputStreamDeletion" time="0">
    <skipped/>
  </testcase>
  <testcase classname="com.zixi.testing.BroadcasterSingleInputStreamDeletionTest" name="afterTest" time="0">
    <skipped/>
  </testcase>
  <testcase classname="com.zixi.testing.FeederOutputPushToBxTest" name="testInit" time="0.001">
    <failure message="com/zixi/drivers/drivers/FeederOutputPushToBxDriver" type="java.lang.NoClassDefFoundError">java.lang.NoClassDefFoundError: com/zixi/drivers/drivers/FeederOutputPushToBxDriver
	at com.zixi.testing.FeederOutputPushToBxTest.testInit(FeederOutputPushToBxTest.java:14)
</failure>
  </testcase>
  <testcase classname="com.zixi.testing.FeederOutputPushToBxTest" name="beforeTes" time="0.002">
    <skipped/>
  </testcase>
  <testcase classname="com.zixi.testing.FeederOutputPushToBxTest" name="feederOutputToBxTest" time="0">
    <skipped/>
  </testcase>
  <testcase classname="com.zixi.testing.FeederOutputPushToBxTest" name="afterTest" time="0">
    <skipped/>
  </testcase>
  <testcase classname="com.zixi.testing.BroadcasterPushInStreamCreationTest" name="testInit" time="0">
    <failure message="com/zixi/drivers/drivers/BroadcasterPushInStreamCreationDriver" type="java.lang.NoClassDefFoundError">java.lang.NoClassDefFoundError: com/zixi/drivers/drivers/BroadcasterPushInStreamCreationDriver
	at com.zixi.testing.BroadcasterPushInStreamCreationTest.testInit(BroadcasterPushInStreamCreationTest.java:13)
</failure>
  </testcase>
  <testcase classname="com.zixi.testing.BroadcasterPushInStreamCreationTest" name="beforeTes" time="0.001">
    <skipped/>
  </testcase>
  <testcase classname="com.zixi.testing.BroadcasterPushInStreamCreationTest" name="broadcasterSingleStreamRemoving" time="0">
    <skipped/>
  </testcase>
  <testcase classname="com.zixi.testing.BroadcasterPushInStreamCreationTest" name="afterTest" time="0">
    <skipped/>
  </testcase>
  <testcase classname="com.zixi.testing.BroadcasterInputStatisticSingleStreamTest" name="broadcasterSingleInputStreamStatisticAnilyzer" time="10.78">
    <failure message="JSONObject[&quot;net&quot;] not found." type="org.json.JSONException">org.json.JSONException: JSONObject[&quot;net&quot;] not found.
	at org.json.JSONObject.get(JSONObject.java:476)
	at org.json.JSONObject.getJSONObject(JSONObject.java:576)
	at com.zixi.tools.StreamStatisticAnalyzer.getStatBitrate(StreamStatisticAnalyzer.java:11)
	at com.zixi.drivers.drivers.BroadcasterInputStatisticSingleStreamDriver.testStatistic(BroadcasterInputStatisticSingleStreamDriver.java:61)
	at com.zixi.testing.BroadcasterInputStatisticSingleStreamTest.broadcasterSingleInputStreamStatisticAnilyzer(BroadcasterInputStatisticSingleStreamTest.java:33)
</failure>
  </testcase>
  <testcase classname="com.zixi.testing.FeederOutputDeletioinTest" name="testInit" time="10.82">
    <failure message="com/zixi/drivers/drivers/FeederOutputDeletionDriver" type="java.lang.NoClassDefFoundError">java.lang.NoClassDefFoundError: com/zixi/drivers/drivers/FeederOutputDeletionDriver
	at com.zixi.testing.FeederOutputDeletioinTest.testInit(FeederOutputDeletioinTest.java:13)
</failure>
  </testcase>
  <testcase classname="com.zixi.testing.FeederOutputDeletioinTest" name="beforeTes" time="10.821">
    <skipped/>
  </testcase>
  <testcase classname="com.zixi.testing.FeederOutputDeletioinTest" name="broadcasterSingleStreamRemoving" time="0">
    <skipped/>
  </testcase>
  <testcase classname="com.zixi.testing.FeederOutputDeletioinTest" name="afterTest" time="0">
    <skipped/>
  </testcase>
  <testcase classname="com.zixi.testing.BroadcasterSingleInputStreamDeletionTest" name="testInit" time="0.001">
    <failure message="com/zixi/drivers/drivers/BroadcasterSingleInputStreamDeletionDriver" type="java.lang.NoClassDefFoundError">java.lang.NoClassDefFoundError: com/zixi/drivers/drivers/BroadcasterSingleInputStreamDeletionDriver
	at com.zixi.testing.BroadcasterSingleInputStreamDeletionTest.testInit(BroadcasterSingleInputStreamDeletionTest.java:14)
</failure>
  </testcase>
  <testcase classname="com.zixi.testing.BroadcasterSingleInputStreamDeletionTest" name="beforeTes" time="0.002">
    <skipped/>
  </testcase>
  <testcase classname="com.zixi.testing.BroadcasterSingleInputStreamDeletionTest" name="broadcasterInputStreamDeletion" time="0">
    <skipped/>
  </testcase>
  <testcase classname="com.zixi.testing.BroadcasterSingleInputStreamDeletionTest" name="afterTest" time="0">
    <skipped/>
  </testcase>
  <testcase classname="com.zixi.testing.FeederOutputPushToBxTest" name="testInit" time="0">
    <failure message="com/zixi/drivers/drivers/FeederOutputPushToBxDriver" type="java.lang.NoClassDefFoundError">java.lang.NoClassDefFoundError: com/zixi/drivers/drivers/FeederOutputPushToBxDriver
	at com.zixi.testing.FeederOutputPushToBxTest.testInit(FeederOutputPushToBxTest.java:14)
</failure>
  </testcase>
  <testcase classname="com.zixi.testing.FeederOutputPushToBxTest" name="beforeTes" time="0.001">
    <skipped/>
  </testcase>
  <testcase classname="com.zixi.testing.FeederOutputPushToBxTest" name="feederOutputToBxTest" time="0">
    <skipped/>
  </testcase>
  <testcase classname="com.zixi.testing.FeederOutputPushToBxTest" name="afterTest" time="0">
    <skipped/>
  </testcase>
  <testcase classname="com.zixi.testing.BroadcasterPushInStreamCreationTest" name="testInit" time="0">
    <failure message="com/zixi/drivers/drivers/BroadcasterPushInStreamCreationDriver" type="java.lang.NoClassDefFoundError">java.lang.NoClassDefFoundError: com/zixi/drivers/drivers/BroadcasterPushInStreamCreationDriver
	at com.zixi.testing.BroadcasterPushInStreamCreationTest.testInit(BroadcasterPushInStreamCreationTest.java:13)
</failure>
  </testcase>
  <testcase classname="com.zixi.testing.BroadcasterPushInStreamCreationTest" name="beforeTes" time="0.001">
    <skipped/>
  </testcase>
  <testcase classname="com.zixi.testing.BroadcasterPushInStreamCreationTest" name="broadcasterSingleStreamRemoving" time="0">
    <skipped/>
  </testcase>
  <testcase classname="com.zixi.testing.BroadcasterPushInStreamCreationTest" name="afterTest" time="0">
    <skipped/>
  </testcase>
  <testcase classname="com.zixi.testing.BroadcasterInputStatisticSingleStreamTest" name="broadcasterSingleInputStreamStatisticAnilyzer" time="10.777">
    <failure message="JSONObject[&quot;net&quot;] not found." type="org.json.JSONException">org.json.JSONException: JSONObject[&quot;net&quot;] not found.
	at org.json.JSONObject.get(JSONObject.java:476)
	at org.json.JSONObject.getJSONObject(JSONObject.java:576)
	at com.zixi.tools.StreamStatisticAnalyzer.getStatBitrate(StreamStatisticAnalyzer.java:11)
	at com.zixi.drivers.drivers.BroadcasterInputStatisticSingleStreamDriver.testStatistic(BroadcasterInputStatisticSingleStreamDriver.java:61)
	at com.zixi.testing.BroadcasterInputStatisticSingleStreamTest.broadcasterSingleInputStreamStatisticAnilyzer(BroadcasterInputStatisticSingleStreamTest.java:33)
</failure>
  </testcase>
  <testcase classname="com.zixi.testing.FeederOutputDeletioinTest" name="testInit" time="10.836">
    <failure message="com/zixi/drivers/drivers/FeederOutputDeletionDriver" type="java.lang.NoClassDefFoundError">java.lang.NoClassDefFoundError: com/zixi/drivers/drivers/FeederOutputDeletionDriver
	at com.zixi.testing.FeederOutputDeletioinTest.testInit(FeederOutputDeletioinTest.java:13)
</failure>
  </testcase>
  <testcase classname="com.zixi.testing.FeederOutputDeletioinTest" name="beforeTes" time="10.837">
    <skipped/>
  </testcase>
  <testcase classname="com.zixi.testing.FeederOutputDeletioinTest" name="broadcasterSingleStreamRemoving" time="0">
    <skipped/>
  </testcase>
  <testcase classname="com.zixi.testing.FeederOutputDeletioinTest" name="afterTest" time="0">
    <skipped/>
  </testcase>
  <testcase classname="com.zixi.testing.BroadcasterSingleInputStreamDeletionTest" name="testInit" time="0">
    <failure message="com/zixi/drivers/drivers/BroadcasterSingleInputStreamDeletionDriver" type="java.lang.NoClassDefFoundError">java.lang.NoClassDefFoundError: com/zixi/drivers/drivers/BroadcasterSingleInputStreamDeletionDriver
	at com.zixi.testing.BroadcasterSingleInputStreamDeletionTest.testInit(BroadcasterSingleInputStreamDeletionTest.java:14)
</failure>
  </testcase>
  <testcase classname="com.zixi.testing.BroadcasterSingleInputStreamDeletionTest" name="beforeTes" time="0.001">
    <skipped/>
  </testcase>
  <testcase classname="com.zixi.testing.BroadcasterSingleInputStreamDeletionTest" name="broadcasterInputStreamDeletion" time="0">
    <skipped/>
  </testcase>
  <testcase classname="com.zixi.testing.BroadcasterSingleInputStreamDeletionTest" name="afterTest" time="0.001">
    <skipped/>
  </testcase>
  <testcase classname="com.zixi.testing.FeederOutputPushToBxTest" name="testInit" time="0.001">
    <failure message="com/zixi/drivers/drivers/FeederOutputPushToBxDriver" type="java.lang.NoClassDefFoundError">java.lang.NoClassDefFoundError: com/zixi/drivers/drivers/FeederOutputPushToBxDriver
	at com.zixi.testing.FeederOutputPushToBxTest.testInit(FeederOutputPushToBxTest.java:14)
</failure>
  </testcase>
  <testcase classname="com.zixi.testing.FeederOutputPushToBxTest" name="beforeTes" time="0.002">
    <skipped/>
  </testcase>
  <testcase classname="com.zixi.testing.FeederOutputPushToBxTest" name="feederBondedPushOutputCreationTest" time="0.001">
    <skipped/>
  </testcase>
  <testcase classname="com.zixi.testing.FeederOutputPushToBxTest" name="afterTest" time="0.001">
    <skipped/>
  </testcase>
  <testcase classname="com.zixi.testing.BroadcasterPushInStreamCreationTest" name="testInit" time="0.001">
    <failure message="com/zixi/drivers/drivers/BroadcasterPushInStreamCreationDriver" type="java.lang.NoClassDefFoundError">java.lang.NoClassDefFoundError: com/zixi/drivers/drivers/BroadcasterPushInStreamCreationDriver
	at com.zixi.testing.BroadcasterPushInStreamCreationTest.testInit(BroadcasterPushInStreamCreationTest.java:13)
</failure>
  </testcase>
  <testcase classname="com.zixi.testing.BroadcasterPushInStreamCreationTest" name="beforeTes" time="0.002">
    <skipped/>
  </testcase>
  <testcase classname="com.zixi.testing.BroadcasterPushInStreamCreationTest" name="broadcasterSingleStreamRemoving" time="0">
    <skipped/>
  </testcase>
  <testcase classname="com.zixi.testing.BroadcasterPushInStreamCreationTest" name="afterTest" time="0">
    <skipped/>
  </testcase>
  <testcase classname="com.zixi.testing.BroadcasterInputStatisticSingleStreamTest" name="broadcasterSingleInputStreamStatisticAnilyzer" time="10.779">
    <failure message="JSONObject[&quot;net&quot;] not found." type="org.json.JSONException">org.json.JSONException: JSONObject[&quot;net&quot;] not found.
	at org.json.JSONObject.get(JSONObject.java:476)
	at org.json.JSONObject.getJSONObject(JSONObject.java:576)
	at com.zixi.tools.StreamStatisticAnalyzer.getStatBitrate(StreamStatisticAnalyzer.java:11)
	at com.zixi.drivers.drivers.BroadcasterInputStatisticSingleStreamDriver.testStatistic(BroadcasterInputStatisticSingleStreamDriver.java:61)
	at com.zixi.testing.BroadcasterInputStatisticSingleStreamTest.broadcasterSingleInputStreamStatisticAnilyzer(BroadcasterInputStatisticSingleStreamTest.java:33)
</failure>
  </testcase>
  <testcase classname="com.zixi.testing.FeederBondedOutputDeletioinTest" name="testInit" time="10.813">
    <failure message="com/zixi/drivers/drivers/FeederOutputDeletionDriver" type="java.lang.NoClassDefFoundError">java.lang.NoClassDefFoundError: com/zixi/drivers/drivers/FeederOutputDeletionDriver
	at com.zixi.testing.FeederBondedOutputDeletioinTest.testInit(FeederBondedOutputDeletioinTest.java:13)
</failure>
  </testcase>
  <testcase classname="com.zixi.testing.FeederBondedOutputDeletioinTest" name="beforeTes" time="10.813">
    <skipped/>
  </testcase>
  <testcase classname="com.zixi.testing.FeederBondedOutputDeletioinTest" name="broadcasterBondedTwoLinkStreamRemoving" time="0">
    <skipped/>
  </testcase>
  <testcase classname="com.zixi.testing.FeederBondedOutputDeletioinTest" name="afterTest" time="0">
    <skipped/>
  </testcase>
  <testcase classname="com.zixi.testing.BroadcasterSingleInputStreamDeletionTest" name="testInit" time="0.001">
    <failure message="com/zixi/drivers/drivers/BroadcasterSingleInputStreamDeletionDriver" type="java.lang.NoClassDefFoundError">java.lang.NoClassDefFoundError: com/zixi/drivers/drivers/BroadcasterSingleInputStreamDeletionDriver
	at com.zixi.testing.BroadcasterSingleInputStreamDeletionTest.testInit(BroadcasterSingleInputStreamDeletionTest.java:14)
</failure>
  </testcase>
  <testcase classname="com.zixi.testing.BroadcasterSingleInputStreamDeletionTest" name="beforeTes" time="0.001">
    <skipped/>
  </testcase>
  <testcase classname="com.zixi.testing.BroadcasterSingleInputStreamDeletionTest" name="broadcasterInputStreamDeletion" time="0">
    <skipped/>
  </testcase>
  <testcase classname="com.zixi.testing.BroadcasterSingleInputStreamDeletionTest" name="afterTest" time="0">
    <skipped/>
  </testcase>
  <testcase classname="com.zixi.testing.FeederOutputPushToBxTest" name="testInit" time="0">
    <failure message="com/zixi/drivers/drivers/FeederOutputPushToBxDriver" type="java.lang.NoClassDefFoundError">java.lang.NoClassDefFoundError: com/zixi/drivers/drivers/FeederOutputPushToBxDriver
	at com.zixi.testing.FeederOutputPushToBxTest.testInit(FeederOutputPushToBxTest.java:14)
</failure>
  </testcase>
  <testcase classname="com.zixi.testing.FeederOutputPushToBxTest" name="beforeTes" time="0">
    <skipped/>
  </testcase>
  <testcase classname="com.zixi.testing.FeederOutputPushToBxTest" name="feederBondedPushOutputCreationTest" time="0">
    <skipped/>
  </testcase>
  <testcase classname="com.zixi.testing.FeederOutputPushToBxTest" name="afterTest" time="0">
    <skipped/>
  </testcase>
  <testcase classname="com.zixi.testing.BroadcasterPushInStreamCreationTest" name="testInit" time="0.001">
    <failure message="com/zixi/drivers/drivers/BroadcasterPushInStreamCreationDriver" type="java.lang.NoClassDefFoundError">java.lang.NoClassDefFoundError: com/zixi/drivers/drivers/BroadcasterPushInStreamCreationDriver
	at com.zixi.testing.BroadcasterPushInStreamCreationTest.testInit(BroadcasterPushInStreamCreationTest.java:13)
</failure>
  </testcase>
  <testcase classname="com.zixi.testing.BroadcasterPushInStreamCreationTest" name="beforeTes" time="0.001">
    <skipped/>
  </testcase>
  <testcase classname="com.zixi.testing.BroadcasterPushInStreamCreationTest" name="broadcasterSingleStreamRemoving" time="0">
    <skipped/>
  </testcase>
  <testcase classname="com.zixi.testing.BroadcasterPushInStreamCreationTest" name="afterTest" time="0">
    <skipped/>
  </testcase>
  <testcase classname="com.zixi.testing.BroadcasterInputStatisticSingleStreamTest" name="broadcasterSingleInputStreamStatisticAnilyzer" time="10.741">
    <failure message="JSONObject[&quot;net&quot;] not found." type="org.json.JSONException">org.json.JSONException: JSONObject[&quot;net&quot;] not found.
	at org.json.JSONObject.get(JSONObject.java:476)
	at org.json.JSONObject.getJSONObject(JSONObject.java:576)
	at com.zixi.tools.StreamStatisticAnalyzer.getStatBitrate(StreamStatisticAnalyzer.java:11)
	at com.zixi.drivers.drivers.BroadcasterInputStatisticSingleStreamDriver.testStatistic(BroadcasterInputStatisticSingleStreamDriver.java:61)
	at com.zixi.testing.BroadcasterInputStatisticSingleStreamTest.broadcasterSingleInputStreamStatisticAnilyzer(BroadcasterInputStatisticSingleStreamTest.java:33)
</failure>
  </testcase>
  <testcase classname="com.zixi.testing.FeederBondedOutputDeletioinTest" name="testInit" time="10.781">
    <failure message="com/zixi/drivers/drivers/FeederOutputDeletionDriver" type="java.lang.NoClassDefFoundError">java.lang.NoClassDefFoundError: com/zixi/drivers/drivers/FeederOutputDeletionDriver
	at com.zixi.testing.FeederBondedOutputDeletioinTest.testInit(FeederBondedOutputDeletioinTest.java:13)
</failure>
  </testcase>
  <testcase classname="com.zixi.testing.FeederBondedOutputDeletioinTest" name="beforeTes" time="10.782">
    <skipped/>
  </testcase>
  <testcase classname="com.zixi.testing.FeederBondedOutputDeletioinTest" name="broadcasterBondedTwoLinkStreamRemoving" time="0">
    <skipped/>
  </testcase>
  <testcase classname="com.zixi.testing.FeederBondedOutputDeletioinTest" name="afterTest" time="0">
    <skipped/>
  </testcase>
  <testcase classname="com.zixi.testing.BroadcasterSingleInputStreamDeletionTest" name="testInit" time="0">
    <failure message="com/zixi/drivers/drivers/BroadcasterSingleInputStreamDeletionDriver" type="java.lang.NoClassDefFoundError">java.lang.NoClassDefFoundError: com/zixi/drivers/drivers/BroadcasterSingleInputStreamDeletionDriver
	at com.zixi.testing.BroadcasterSingleInputStreamDeletionTest.testInit(BroadcasterSingleInputStreamDeletionTest.java:14)
</failure>
  </testcase>
  <testcase classname="com.zixi.testing.BroadcasterSingleInputStreamDeletionTest" name="beforeTes" time="0.001">
    <skipped/>
  </testcase>
  <testcase classname="com.zixi.testing.BroadcasterSingleInputStreamDeletionTest" name="broadcasterInputStreamDeletion" time="0">
    <skipped/>
  </testcase>
  <testcase classname="com.zixi.testing.BroadcasterSingleInputStreamDeletionTest" name="afterTest" time="0">
    <skipped/>
  </testcase>
  <testcase classname="com.zixi.testing.FeederOutputPushToBxTest" name="testInit" time="0.001">
    <failure message="com/zixi/drivers/drivers/FeederOutputPushToBxDriver" type="java.lang.NoClassDefFoundError">java.lang.NoClassDefFoundError: com/zixi/drivers/drivers/FeederOutputPushToBxDriver
	at com.zixi.testing.FeederOutputPushToBxTest.testInit(FeederOutputPushToBxTest.java:14)
</failure>
  </testcase>
  <testcase classname="com.zixi.testing.FeederOutputPushToBxTest" name="beforeTes" time="0.002">
    <skipped/>
  </testcase>
  <testcase classname="com.zixi.testing.FeederOutputPushToBxTest" name="feederBondedPushOutputCreationTest" time="0">
    <skipped/>
  </testcase>
  <testcase classname="com.zixi.testing.FeederOutputPushToBxTest" name="afterTest" time="0">
    <skipped/>
  </testcase>
  <testcase classname="com.zixi.testing.BroadcasterPushInStreamCreationTest" name="testInit" time="0.001">
    <failure message="com/zixi/drivers/drivers/BroadcasterPushInStreamCreationDriver" type="java.lang.NoClassDefFoundError">java.lang.NoClassDefFoundError: com/zixi/drivers/drivers/BroadcasterPushInStreamCreationDriver
	at com.zixi.testing.BroadcasterPushInStreamCreationTest.testInit(BroadcasterPushInStreamCreationTest.java:13)
</failure>
  </testcase>
  <testcase classname="com.zixi.testing.BroadcasterPushInStreamCreationTest" name="beforeTes" time="0.002">
    <skipped/>
  </testcase>
  <testcase classname="com.zixi.testing.BroadcasterPushInStreamCreationTest" name="broadcasterSingleStreamRemoving" time="0">
    <skipped/>
  </testcase>
  <testcase classname="com.zixi.testing.BroadcasterPushInStreamCreationTest" name="afterTest" time="0">
    <skipped/>
  </testcase>
  <testcase classname="com.zixi.testing.BroadcasterInputStatisticSingleStreamTest" name="broadcasterSingleInputStreamStatisticAnilyzer" time="10.782">
    <failure message="JSONObject[&quot;net&quot;] not found." type="org.json.JSONException">org.json.JSONException: JSONObject[&quot;net&quot;] not found.
	at org.json.JSONObject.get(JSONObject.java:476)
	at org.json.JSONObject.getJSONObject(JSONObject.java:576)
	at com.zixi.tools.StreamStatisticAnalyzer.getStatBitrate(StreamStatisticAnalyzer.java:11)
	at com.zixi.drivers.drivers.BroadcasterInputStatisticSingleStreamDriver.testStatistic(BroadcasterInputStatisticSingleStreamDriver.java:61)
	at com.zixi.testing.BroadcasterInputStatisticSingleStreamTest.broadcasterSingleInputStreamStatisticAnilyzer(BroadcasterInputStatisticSingleStreamTest.java:33)
</failure>
  </testcase>
  <testcase classname="com.zixi.testing.FeederBondedOutputDeletioinTest" name="testInit" time="10.823">
    <failure message="com/zixi/drivers/drivers/FeederOutputDeletionDriver" type="java.lang.NoClassDefFoundError">java.lang.NoClassDefFoundError: com/zixi/drivers/drivers/FeederOutputDeletionDriver
	at com.zixi.testing.FeederBondedOutputDeletioinTest.testInit(FeederBondedOutputDeletioinTest.java:13)
</failure>
  </testcase>
  <testcase classname="com.zixi.testing.FeederBondedOutputDeletioinTest" name="beforeTes" time="10.824">
    <skipped/>
  </testcase>
  <testcase classname="com.zixi.testing.FeederBondedOutputDeletioinTest" name="broadcasterBondedTwoLinkStreamRemoving" time="0">
    <skipped/>
  </testcase>
  <testcase classname="com.zixi.testing.FeederBondedOutputDeletioinTest" name="afterTest" time="0">
    <skipped/>
  </testcase>
  <testcase classname="com.zixi.testing.BroadcasterSingleInputStreamDeletionTest" name="testInit" time="0">
    <failure message="com/zixi/drivers/drivers/BroadcasterSingleInputStreamDeletionDriver" type="java.lang.NoClassDefFoundError">java.lang.NoClassDefFoundError: com/zixi/drivers/drivers/BroadcasterSingleInputStreamDeletionDriver
	at com.zixi.testing.BroadcasterSingleInputStreamDeletionTest.testInit(BroadcasterSingleInputStreamDeletionTest.java:14)
</failure>
  </testcase>
  <testcase classname="com.zixi.testing.BroadcasterSingleInputStreamDeletionTest" name="beforeTes" time="0.001">
    <skipped/>
  </testcase>
  <testcase classname="com.zixi.testing.BroadcasterSingleInputStreamDeletionTest" name="broadcasterInputStreamDeletion" time="0">
    <skipped/>
  </testcase>
  <testcase classname="com.zixi.testing.BroadcasterSingleInputStreamDeletionTest" name="afterTest" time="0">
    <skipped/>
  </testcase>
  <testcase classname="com.zixi.testing.FeederOutputPushToBxTest" name="testInit" time="0">
    <failure message="com/zixi/drivers/drivers/FeederOutputPushToBxDriver" type="java.lang.NoClassDefFoundError">java.lang.NoClassDefFoundError: com/zixi/drivers/drivers/FeederOutputPushToBxDriver
	at com.zixi.testing.FeederOutputPushToBxTest.testInit(FeederOutputPushToBxTest.java:14)
</failure>
  </testcase>
  <testcase classname="com.zixi.testing.FeederOutputPushToBxTest" name="beforeTes" time="0.002">
    <skipped/>
  </testcase>
  <testcase classname="com.zixi.testing.FeederOutputPushToBxTest" name="feederBondedPushOutputCreationTest" time="0">
    <skipped/>
  </testcase>
  <testcase classname="com.zixi.testing.FeederOutputPushToBxTest" name="afterTest" time="0">
    <skipped/>
  </testcase>
  <testcase classname="com.zixi.testing.BroadcasterPushInStreamCreationDecriptionTest" name="testInit" time="0.001">
    <failure message="com/zixi/drivers/drivers/BroadcasterPushInStreamCreationDriver" type="java.lang.NoClassDefFoundError">java.lang.NoClassDefFoundError: com/zixi/drivers/drivers/BroadcasterPushInStreamCreationDriver
	at com.zixi.testing.BroadcasterPushInStreamCreationDecriptionTest.testInit(BroadcasterPushInStreamCreationDecriptionTest.java:16)
Caused by: java.lang.ClassNotFoundException: com.zixi.drivers.drivers.BroadcasterPushInStreamCreationDriver
	at java.net.URLClassLoader$1.run(Unknown Source)
	at java.net.URLClassLoader$1.run(Unknown Source)
	at java.security.AccessController.doPrivileged(Native Method)
	at java.net.URLClassLoader.findClass(Unknown Source)
	at java.lang.ClassLoader.loadClass(Unknown Source)
	at sun.misc.Launcher$AppClassLoader.loadClass(Unknown Source)
	at java.lang.ClassLoader.loadClass(Unknown Source)
	... 31 more
</failure>
  </testcase>
  <testcase classname="com.zixi.testing.BroadcasterPushInStreamCreationDecriptionTest" name="beforeTes" time="0.002">
    <skipped/>
  </testcase>
  <testcase classname="com.zixi.testing.BroadcasterPushInStreamCreationDecriptionTest" name="broadcasterSingleStreamRemoving" time="0">
    <skipped/>
  </testcase>
  <testcase classname="com.zixi.testing.BroadcasterPushInStreamCreationDecriptionTest" name="afterTest" time="0">
    <skipped/>
  </testcase>
  <testcase classname="com.zixi.testing.BroadcasterInputStatisticSingleStreamTest" name="broadcasterSingleInputStreamStatisticAnilyzer" time="10.763">
    <failure message="JSONObject[&quot;net&quot;] not found." type="org.json.JSONException">org.json.JSONException: JSONObject[&quot;net&quot;] not found.
	at org.json.JSONObject.get(JSONObject.java:476)
	at org.json.JSONObject.getJSONObject(JSONObject.java:576)
	at com.zixi.tools.StreamStatisticAnalyzer.getStatBitrate(StreamStatisticAnalyzer.java:11)
	at com.zixi.drivers.drivers.BroadcasterInputStatisticSingleStreamDriver.testStatistic(BroadcasterInputStatisticSingleStreamDriver.java:61)
	at com.zixi.testing.BroadcasterInputStatisticSingleStreamTest.broadcasterSingleInputStreamStatisticAnilyzer(BroadcasterInputStatisticSingleStreamTest.java:33)
</failure>
  </testcase>
  <testcase classname="com.zixi.testing.FeederBondedOutputDeletioinTest" name="testInit" time="10.823">
    <failure message="com/zixi/drivers/drivers/FeederOutputDeletionDriver" type="java.lang.NoClassDefFoundError">java.lang.NoClassDefFoundError: com/zixi/drivers/drivers/FeederOutputDeletionDriver
	at com.zixi.testing.FeederBondedOutputDeletioinTest.testInit(FeederBondedOutputDeletioinTest.java:13)
</failure>
  </testcase>
  <testcase classname="com.zixi.testing.FeederBondedOutputDeletioinTest" name="beforeTes" time="10.824">
    <skipped/>
  </testcase>
  <testcase classname="com.zixi.testing.FeederBondedOutputDeletioinTest" name="broadcasterBondedTwoLinkStreamRemoving" time="0">
    <skipped/>
  </testcase>
  <testcase classname="com.zixi.testing.FeederBondedOutputDeletioinTest" name="afterTest" time="0">
    <skipped/>
  </testcase>
  <testcase classname="com.zixi.testing.BroadcasterSingleInputStreamDeletionTest" name="testInit" time="0.001">
    <failure message="com/zixi/drivers/drivers/BroadcasterSingleInputStreamDeletionDriver" type="java.lang.NoClassDefFoundError">java.lang.NoClassDefFoundError: com/zixi/drivers/drivers/BroadcasterSingleInputStreamDeletionDriver
	at com.zixi.testing.BroadcasterSingleInputStreamDeletionTest.testInit(BroadcasterSingleInputStreamDeletionTest.java:14)
</failure>
  </testcase>
  <testcase classname="com.zixi.testing.BroadcasterSingleInputStreamDeletionTest" name="beforeTes" time="0.002">
    <skipped/>
  </testcase>
  <testcase classname="com.zixi.testing.BroadcasterSingleInputStreamDeletionTest" name="broadcasterInputStreamDeletion" time="0">
    <skipped/>
  </testcase>
  <testcase classname="com.zixi.testing.BroadcasterSingleInputStreamDeletionTest" name="afterTest" time="0">
    <skipped/>
  </testcase>
  <testcase classname="com.zixi.testing.FeederOutputPushToBxTest" name="testInit" time="0">
    <failure message="com/zixi/drivers/drivers/FeederOutputPushToBxDriver" type="java.lang.NoClassDefFoundError">java.lang.NoClassDefFoundError: com/zixi/drivers/drivers/FeederOutputPushToBxDriver
	at com.zixi.testing.FeederOutputPushToBxTest.testInit(FeederOutputPushToBxTest.java:14)
</failure>
  </testcase>
  <testcase classname="com.zixi.testing.FeederOutputPushToBxTest" name="beforeTes" time="0.002">
    <skipped/>
  </testcase>
  <testcase classname="com.zixi.testing.FeederOutputPushToBxTest" name="feederBondedPushOutputCreationTest" time="0">
    <skipped/>
  </testcase>
  <testcase classname="com.zixi.testing.FeederOutputPushToBxTest" name="afterTest" time="0">
    <skipped/>
  </testcase>
  <testcase classname="com.zixi.testing.BroadcasterPushInStreamCreationDecriptionTest" name="testInit" time="0">
    <failure message="com/zixi/drivers/drivers/BroadcasterPushInStreamCreationDriver" type="java.lang.NoClassDefFoundError">java.lang.NoClassDefFoundError: com/zixi/drivers/drivers/BroadcasterPushInStreamCreationDriver
	at com.zixi.testing.BroadcasterPushInStreamCreationDecriptionTest.testInit(BroadcasterPushInStreamCreationDecriptionTest.java:16)
</failure>
  </testcase>
  <testcase classname="com.zixi.testing.BroadcasterPushInStreamCreationDecriptionTest" name="beforeTes" time="0.001">
    <skipped/>
  </testcase>
  <testcase classname="com.zixi.testing.BroadcasterPushInStreamCreationDecriptionTest" name="broadcasterSingleStreamRemoving" time="0.001">
    <skipped/>
  </testcase>
  <testcase classname="com.zixi.testing.BroadcasterPushInStreamCreationDecriptionTest" name="afterTest" time="0.001">
    <skipped/>
  </testcase>
  <testcase classname="com.zixi.testing.BroadcasterInputStatisticSingleStreamTest" name="broadcasterSingleInputStreamStatisticAnilyzer" time="10.771">
    <failure message="JSONObject[&quot;net&quot;] not found." type="org.json.JSONException">org.json.JSONException: JSONObject[&quot;net&quot;] not found.
	at org.json.JSONObject.get(JSONObject.java:476)
	at org.json.JSONObject.getJSONObject(JSONObject.java:576)
	at com.zixi.tools.StreamStatisticAnalyzer.getStatBitrate(StreamStatisticAnalyzer.java:11)
	at com.zixi.drivers.drivers.BroadcasterInputStatisticSingleStreamDriver.testStatistic(BroadcasterInputStatisticSingleStreamDriver.java:61)
	at com.zixi.testing.BroadcasterInputStatisticSingleStreamTest.broadcasterSingleInputStreamStatisticAnilyzer(BroadcasterInputStatisticSingleStreamTest.java:33)
</failure>
  </testcase>
  <testcase classname="com.zixi.testing.FeederBondedOutputDeletioinTest" name="testInit" time="10.831">
    <failure message="com/zixi/drivers/drivers/FeederOutputDeletionDriver" type="java.lang.NoClassDefFoundError">java.lang.NoClassDefFoundError: com/zixi/drivers/drivers/FeederOutputDeletionDriver
	at com.zixi.testing.FeederBondedOutputDeletioinTest.testInit(FeederBondedOutputDeletioinTest.java:13)
</failure>
  </testcase>
  <testcase classname="com.zixi.testing.FeederBondedOutputDeletioinTest" name="beforeTes" time="10.832">
    <skipped/>
  </testcase>
  <testcase classname="com.zixi.testing.FeederBondedOutputDeletioinTest" name="broadcasterBondedTwoLinkStreamRemoving" time="0">
    <skipped/>
  </testcase>
  <testcase classname="com.zixi.testing.FeederBondedOutputDeletioinTest" name="afterTest" time="0">
    <skipped/>
  </testcase>
  <testcase classname="com.zixi.testing.BroadcasterSingleInputStreamDeletionTest" name="testInit" time="0.001">
    <failure message="com/zixi/drivers/drivers/BroadcasterSingleInputStreamDeletionDriver" type="java.lang.NoClassDefFoundError">java.lang.NoClassDefFoundError: com/zixi/drivers/drivers/BroadcasterSingleInputStreamDeletionDriver
	at com.zixi.testing.BroadcasterSingleInputStreamDeletionTest.testInit(BroadcasterSingleInputStreamDeletionTest.java:14)
</failure>
  </testcase>
  <testcase classname="com.zixi.testing.BroadcasterSingleInputStreamDeletionTest" name="beforeTes" time="0.002">
    <skipped/>
  </testcase>
  <testcase classname="com.zixi.testing.BroadcasterSingleInputStreamDeletionTest" name="broadcasterInputStreamDeletion" time="0">
    <skipped/>
  </testcase>
  <testcase classname="com.zixi.testing.BroadcasterSingleInputStreamDeletionTest" name="afterTest" time="0">
    <skipped/>
  </testcase>
  <testcase classname="com.zixi.testing.FeederOutputPushToBxTest" name="testInit" time="0">
    <failure message="com/zixi/drivers/drivers/FeederOutputPushToBxDriver" type="java.lang.NoClassDefFoundError">java.lang.NoClassDefFoundError: com/zixi/drivers/drivers/FeederOutputPushToBxDriver
	at com.zixi.testing.FeederOutputPushToBxTest.testInit(FeederOutputPushToBxTest.java:14)
</failure>
  </testcase>
  <testcase classname="com.zixi.testing.FeederOutputPushToBxTest" name="beforeTes" time="0.002">
    <skipped/>
  </testcase>
  <testcase classname="com.zixi.testing.FeederOutputPushToBxTest" name="feederBondedPushOutputCreationTest" time="0">
    <skipped/>
  </testcase>
  <testcase classname="com.zixi.testing.FeederOutputPushToBxTest" name="afterTest" time="0">
    <skipped/>
  </testcase>
  <testcase classname="com.zixi.testing.BroadcasterPushInStreamCreationDecriptionTest" name="testInit" time="0.001">
    <failure message="com/zixi/drivers/drivers/BroadcasterPushInStreamCreationDriver" type="java.lang.NoClassDefFoundError">java.lang.NoClassDefFoundError: com/zixi/drivers/drivers/BroadcasterPushInStreamCreationDriver
	at com.zixi.testing.BroadcasterPushInStreamCreationDecriptionTest.testInit(BroadcasterPushInStreamCreationDecriptionTest.java:16)
</failure>
  </testcase>
  <testcase classname="com.zixi.testing.BroadcasterPushInStreamCreationDecriptionTest" name="beforeTes" time="0.002">
    <skipped/>
  </testcase>
  <testcase classname="com.zixi.testing.BroadcasterPushInStreamCreationDecriptionTest" name="broadcasterSingleStreamRemoving" time="0">
    <skipped/>
  </testcase>
  <testcase classname="com.zixi.testing.BroadcasterPushInStreamCreationDecriptionTest" name="afterTest" time="0.001">
    <skipped/>
  </testcase>
  <testcase classname="com.zixi.testing.BroadcasterInputStatisticSingleStreamTest" name="broadcasterSingleInputStreamStatisticAnilyzer" time="10.769">
    <failure message="JSONObject[&quot;net&quot;] not found." type="org.json.JSONException">org.json.JSONException: JSONObject[&quot;net&quot;] not found.
	at org.json.JSONObject.get(JSONObject.java:476)
	at org.json.JSONObject.getJSONObject(JSONObject.java:576)
	at com.zixi.tools.StreamStatisticAnalyzer.getStatBitrate(StreamStatisticAnalyzer.java:11)
	at com.zixi.drivers.drivers.BroadcasterInputStatisticSingleStreamDriver.testStatistic(BroadcasterInputStatisticSingleStreamDriver.java:61)
	at com.zixi.testing.BroadcasterInputStatisticSingleStreamTest.broadcasterSingleInputStreamStatisticAnilyzer(BroadcasterInputStatisticSingleStreamTest.java:33)
</failure>
  </testcase>
  <testcase classname="com.zixi.testing.FeederBondedOutputDeletioinTest" name="testInit" time="10.809">
    <failure message="com/zixi/drivers/drivers/FeederOutputDeletionDriver" type="java.lang.NoClassDefFoundError">java.lang.NoClassDefFoundError: com/zixi/drivers/drivers/FeederOutputDeletionDriver
	at com.zixi.testing.FeederBondedOutputDeletioinTest.testInit(FeederBondedOutputDeletioinTest.java:13)
</failure>
  </testcase>
  <testcase classname="com.zixi.testing.FeederBondedOutputDeletioinTest" name="beforeTes" time="10.81">
    <skipped/>
  </testcase>
  <testcase classname="com.zixi.testing.FeederBondedOutputDeletioinTest" name="broadcasterBondedTwoLinkStreamRemoving" time="0">
    <skipped/>
  </testcase>
  <testcase classname="com.zixi.testing.FeederBondedOutputDeletioinTest" name="afterTest" time="0">
    <skipped/>
  </testcase>
  <testcase classname="com.zixi.testing.BroadcasterSingleInputStreamDeletionTest" name="testInit" time="0.001">
    <failure message="com/zixi/drivers/drivers/BroadcasterSingleInputStreamDeletionDriver" type="java.lang.NoClassDefFoundError">java.lang.NoClassDefFoundError: com/zixi/drivers/drivers/BroadcasterSingleInputStreamDeletionDriver
	at com.zixi.testing.BroadcasterSingleInputStreamDeletionTest.testInit(BroadcasterSingleInputStreamDeletionTest.java:14)
</failure>
  </testcase>
  <testcase classname="com.zixi.testing.BroadcasterSingleInputStreamDeletionTest" name="beforeTes" time="0.002">
    <skipped/>
  </testcase>
  <testcase classname="com.zixi.testing.BroadcasterSingleInputStreamDeletionTest" name="broadcasterInputStreamDeletion" time="0">
    <skipped/>
  </testcase>
  <testcase classname="com.zixi.testing.BroadcasterSingleInputStreamDeletionTest" name="afterTest" time="0">
    <skipped/>
  </testcase>
  <testcase classname="com.zixi.testing.FeederOutputPushToBxTest" name="testInit" time="0.001">
    <failure message="com/zixi/drivers/drivers/FeederOutputPushToBxDriver" type="java.lang.NoClassDefFoundError">java.lang.NoClassDefFoundError: com/zixi/drivers/drivers/FeederOutputPushToBxDriver
	at com.zixi.testing.FeederOutputPushToBxTest.testInit(FeederOutputPushToBxTest.java:14)
</failure>
  </testcase>
  <testcase classname="com.zixi.testing.FeederOutputPushToBxTest" name="beforeTes" time="0.003">
    <skipped/>
  </testcase>
  <testcase classname="com.zixi.testing.FeederOutputPushToBxTest" name="feederBondedPushOutputCreationThreeLinksTest" time="0">
    <skipped/>
  </testcase>
  <testcase classname="com.zixi.testing.FeederOutputPushToBxTest" name="afterTest" time="0">
    <skipped/>
  </testcase>
  <testcase classname="com.zixi.testing.BroadcasterPushInStreamCreationDecriptionTest" name="testInit" time="0.001">
    <failure message="com/zixi/drivers/drivers/BroadcasterPushInStreamCreationDriver" type="java.lang.NoClassDefFoundError">java.lang.NoClassDefFoundError: com/zixi/drivers/drivers/BroadcasterPushInStreamCreationDriver
	at com.zixi.testing.BroadcasterPushInStreamCreationDecriptionTest.testInit(BroadcasterPushInStreamCreationDecriptionTest.java:16)
</failure>
  </testcase>
  <testcase classname="com.zixi.testing.BroadcasterPushInStreamCreationDecriptionTest" name="beforeTes" time="0.002">
    <skipped/>
  </testcase>
  <testcase classname="com.zixi.testing.BroadcasterPushInStreamCreationDecriptionTest" name="broadcasterSingleStreamRemoving" time="0">
    <skipped/>
  </testcase>
  <testcase classname="com.zixi.testing.BroadcasterPushInStreamCreationDecriptionTest" name="afterTest" time="0">
    <skipped/>
  </testcase>
  <testcase classname="com.zixi.testing.BroadcasterInputStatisticSingleStreamTest" name="broadcasterSingleInputStreamStatisticAnilyzer" time="10.771">
    <failure message="JSONObject[&quot;net&quot;] not found." type="org.json.JSONException">org.json.JSONException: JSONObject[&quot;net&quot;] not found.
	at org.json.JSONObject.get(JSONObject.java:476)
	at org.json.JSONObject.getJSONObject(JSONObject.java:576)
	at com.zixi.tools.StreamStatisticAnalyzer.getStatBitrate(StreamStatisticAnalyzer.java:11)
	at com.zixi.drivers.drivers.BroadcasterInputStatisticSingleStreamDriver.testStatistic(BroadcasterInputStatisticSingleStreamDriver.java:61)
	at com.zixi.testing.BroadcasterInputStatisticSingleStreamTest.broadcasterSingleInputStreamStatisticAnilyzer(BroadcasterInputStatisticSingleStreamTest.java:33)
</failure>
  </testcase>
  <testcase classname="com.zixi.testing.BroadcasterUDPOutputStreamCreationTest" name="broadcasterPullInCreation" time="0.496"/>
  <testcase classname="com.zixi.testing.FFMPEGImageStatisticTest" name="testInit" time="0.533">
    <failure message="com/zixi/drivers/drivers/FFMPEGImageStatisticTestDriver" type="java.lang.NoClassDefFoundError">java.lang.NoClassDefFoundError: com/zixi/drivers/drivers/FFMPEGImageStatisticTestDriver
	at com.zixi.testing.FFMPEGImageStatisticTest.testInit(FFMPEGImageStatisticTest.java:15)
</failure>
  </testcase>
  <testcase classname="com.zixi.testing.FFMPEGImageStatisticTest" name="beforeTes" time="0.534">
    <skipped/>
  </testcase>
  <testcase classname="com.zixi.testing.FFMPEGImageStatisticTest" name="broadcasterSingleInputStreamStatisticAnilyzer" time="0">
    <skipped/>
  </testcase>
  <testcase classname="com.zixi.testing.FFMPEGImageStatisticTest" name="afterTest" time="0">
    <skipped/>
  </testcase>
  <testcase classname="com.zixi.testing.BroadcaserSingleOutputStreamDeletionTest" name="broadcasterSingleStreamRemoving" time="0.539"/>
  <testcase classname="com.zixi.testing.FeederBondedOutputDeletioinTest" name="testInit" time="0.592">
    <failure message="com/zixi/drivers/drivers/FeederOutputDeletionDriver" type="java.lang.NoClassDefFoundError">java.lang.NoClassDefFoundError: com/zixi/drivers/drivers/FeederOutputDeletionDriver
	at com.zixi.testing.FeederBondedOutputDeletioinTest.testInit(FeederBondedOutputDeletioinTest.java:13)
</failure>
  </testcase>
  <testcase classname="com.zixi.testing.FeederBondedOutputDeletioinTest" name="beforeTes" time="0.592">
    <skipped/>
  </testcase>
  <testcase classname="com.zixi.testing.FeederBondedOutputDeletioinTest" name="broadcasterBondedThreeLinkStreamRemoving" time="0">
    <skipped/>
  </testcase>
  <testcase classname="com.zixi.testing.FeederBondedOutputDeletioinTest" name="afterTest" time="0">
    <skipped/>
  </testcase>
  <testcase classname="com.zixi.testing.BroadcasterSingleInputStreamDeletionTest" name="testInit" time="0">
    <failure message="com/zixi/drivers/drivers/BroadcasterSingleInputStreamDeletionDriver" type="java.lang.NoClassDefFoundError">java.lang.NoClassDefFoundError: com/zixi/drivers/drivers/BroadcasterSingleInputStreamDeletionDriver
	at com.zixi.testing.BroadcasterSingleInputStreamDeletionTest.testInit(BroadcasterSingleInputStreamDeletionTest.java:14)
</failure>
  </testcase>
  <testcase classname="com.zixi.testing.BroadcasterSingleInputStreamDeletionTest" name="beforeTes" time="0">
    <skipped/>
  </testcase>
  <testcase classname="com.zixi.testing.BroadcasterSingleInputStreamDeletionTest" name="broadcasterInputStreamDeletion" time="0">
    <skipped/>
  </testcase>
  <testcase classname="com.zixi.testing.BroadcasterSingleInputStreamDeletionTest" name="afterTest" time="0">
    <skipped/>
  </testcase>
  <testcase classname="com.zixi.testing.FeederOutputPushToBxTest" name="testInit" time="0">
    <failure message="com/zixi/drivers/drivers/FeederOutputPushToBxDriver" type="java.lang.NoClassDefFoundError">java.lang.NoClassDefFoundError: com/zixi/drivers/drivers/FeederOutputPushToBxDriver
	at com.zixi.testing.FeederOutputPushToBxTest.testInit(FeederOutputPushToBxTest.java:14)
</failure>
  </testcase>
  <testcase classname="com.zixi.testing.FeederOutputPushToBxTest" name="beforeTes" time="0.001">
    <skipped/>
  </testcase>
  <testcase classname="com.zixi.testing.FeederOutputPushToBxTest" name="feederBondedPushOutputCreationThreeLinksTest" time="0">
    <skipped/>
  </testcase>
  <testcase classname="com.zixi.testing.FeederOutputPushToBxTest" name="afterTest" time="0">
    <skipped/>
  </testcase>
  <testcase classname="com.zixi.testing.BroadcasterPushInStreamCreationDecriptionTest" name="testInit" time="0">
    <failure message="com/zixi/drivers/drivers/BroadcasterPushInStreamCreationDriver" type="java.lang.NoClassDefFoundError">java.lang.NoClassDefFoundError: com/zixi/drivers/drivers/BroadcasterPushInStreamCreationDriver
	at com.zixi.testing.BroadcasterPushInStreamCreationDecriptionTest.testInit(BroadcasterPushInStreamCreationDecriptionTest.java:16)
</failure>
  </testcase>
  <testcase classname="com.zixi.testing.BroadcasterPushInStreamCreationDecriptionTest" name="beforeTes" time="0">
    <skipped/>
  </testcase>
  <testcase classname="com.zixi.testing.BroadcasterPushInStreamCreationDecriptionTest" name="broadcasterSingleStreamRemoving" time="0">
    <skipped/>
  </testcase>
  <testcase classname="com.zixi.testing.BroadcasterPushInStreamCreationDecriptionTest" name="afterTest" time="0">
    <skipped/>
  </testcase>
  <testcase classname="com.zixi.testing.BroadcasterInputStatisticSingleStreamTest" name="broadcasterSingleInputStreamStatisticAnilyzer" time="10.77">
    <failure message="JSONObject[&quot;net&quot;] not found." type="org.json.JSONException">org.json.JSONException: JSONObject[&quot;net&quot;] not found.
	at org.json.JSONObject.get(JSONObject.java:476)
	at org.json.JSONObject.getJSONObject(JSONObject.java:576)
	at com.zixi.tools.StreamStatisticAnalyzer.getStatBitrate(StreamStatisticAnalyzer.java:11)
	at com.zixi.drivers.drivers.BroadcasterInputStatisticSingleStreamDriver.testStatistic(BroadcasterInputStatisticSingleStreamDriver.java:61)
	at com.zixi.testing.BroadcasterInputStatisticSingleStreamTest.broadcasterSingleInputStreamStatisticAnilyzer(BroadcasterInputStatisticSingleStreamTest.java:33)
</failure>
  </testcase>
  <testcase classname="com.zixi.testing.BroadcasterUDPOutputStreamCreationTest" name="broadcasterPullInCreation" time="0.507"/>
  <testcase classname="com.zixi.testing.FFMPEGImageStatisticTest" name="testInit" time="0.578">
    <failure message="com/zixi/drivers/drivers/FFMPEGImageStatisticTestDriver" type="java.lang.NoClassDefFoundError">java.lang.NoClassDefFoundError: com/zixi/drivers/drivers/FFMPEGImageStatisticTestDriver
	at com.zixi.testing.FFMPEGImageStatisticTest.testInit(FFMPEGImageStatisticTest.java:15)
</failure>
  </testcase>
  <testcase classname="com.zixi.testing.FFMPEGImageStatisticTest" name="beforeTes" time="0.578">
    <skipped/>
  </testcase>
  <testcase classname="com.zixi.testing.FFMPEGImageStatisticTest" name="broadcasterSingleInputStreamStatisticAnilyzer" time="0">
    <skipped/>
  </testcase>
  <testcase classname="com.zixi.testing.FFMPEGImageStatisticTest" name="afterTest" time="0">
    <skipped/>
  </testcase>
  <testcase classname="com.zixi.testing.BroadcaserSingleOutputStreamDeletionTest" name="broadcasterSingleStreamRemoving" time="0.532"/>
  <testcase classname="com.zixi.testing.FeederBondedOutputDeletioinTest" name="testInit" time="0.563">
    <failure message="com/zixi/drivers/drivers/FeederOutputDeletionDriver" type="java.lang.NoClassDefFoundError">java.lang.NoClassDefFoundError: com/zixi/drivers/drivers/FeederOutputDeletionDriver
	at com.zixi.testing.FeederBondedOutputDeletioinTest.testInit(FeederBondedOutputDeletioinTest.java:13)
</failure>
  </testcase>
  <testcase classname="com.zixi.testing.FeederBondedOutputDeletioinTest" name="beforeTes" time="0.563">
    <skipped/>
  </testcase>
  <testcase classname="com.zixi.testing.FeederBondedOutputDeletioinTest" name="broadcasterBondedThreeLinkStreamRemoving" time="0">
    <skipped/>
  </testcase>
  <testcase classname="com.zixi.testing.FeederBondedOutputDeletioinTest" name="afterTest" time="0">
    <skipped/>
  </testcase>
  <testcase classname="com.zixi.testing.BroadcasterSingleInputStreamDeletionTest" name="testInit" time="0">
    <failure message="com/zixi/drivers/drivers/BroadcasterSingleInputStreamDeletionDriver" type="java.lang.NoClassDefFoundError">java.lang.NoClassDefFoundError: com/zixi/drivers/drivers/BroadcasterSingleInputStreamDeletionDriver
	at com.zixi.testing.BroadcasterSingleInputStreamDeletionTest.testInit(BroadcasterSingleInputStreamDeletionTest.java:14)
</failure>
  </testcase>
  <testcase classname="com.zixi.testing.BroadcasterSingleInputStreamDeletionTest" name="beforeTes" time="0.001">
    <skipped/>
  </testcase>
  <testcase classname="com.zixi.testing.BroadcasterSingleInputStreamDeletionTest" name="broadcasterInputStreamDeletion" time="0">
    <skipped/>
  </testcase>
  <testcase classname="com.zixi.testing.BroadcasterSingleInputStreamDeletionTest" name="afterTest" time="0">
    <skipped/>
  </testcase>
  <testcase classname="com.zixi.testing.FeederOutputPushToBxTest" name="testInit" time="0">
    <failure message="com/zixi/drivers/drivers/FeederOutputPushToBxDriver" type="java.lang.NoClassDefFoundError">java.lang.NoClassDefFoundError: com/zixi/drivers/drivers/FeederOutputPushToBxDriver
	at com.zixi.testing.FeederOutputPushToBxTest.testInit(FeederOutputPushToBxTest.java:14)
</failure>
  </testcase>
  <testcase classname="com.zixi.testing.FeederOutputPushToBxTest" name="beforeTes" time="0">
    <skipped/>
  </testcase>
  <testcase classname="com.zixi.testing.FeederOutputPushToBxTest" name="feederBondedPushOutputCreationThreeLinksTest" time="0">
    <skipped/>
  </testcase>
  <testcase classname="com.zixi.testing.FeederOutputPushToBxTest" name="afterTest" time="0">
    <skipped/>
  </testcase>
  <testcase classname="com.zixi.testing.BroadcasterPushInStreamCreationDecriptionTest" name="testInit" time="0">
    <failure message="com/zixi/drivers/drivers/BroadcasterPushInStreamCreationDriver" type="java.lang.NoClassDefFoundError">java.lang.NoClassDefFoundError: com/zixi/drivers/drivers/BroadcasterPushInStreamCreationDriver
	at com.zixi.testing.BroadcasterPushInStreamCreationDecriptionTest.testInit(BroadcasterPushInStreamCreationDecriptionTest.java:16)
</failure>
  </testcase>
  <testcase classname="com.zixi.testing.BroadcasterPushInStreamCreationDecriptionTest" name="beforeTes" time="0">
    <skipped/>
  </testcase>
  <testcase classname="com.zixi.testing.BroadcasterPushInStreamCreationDecriptionTest" name="broadcasterSingleStreamRemoving" time="0">
    <skipped/>
  </testcase>
  <testcase classname="com.zixi.testing.BroadcasterPushInStreamCreationDecriptionTest" name="afterTest" time="0">
    <skipped/>
  </testcase>
  <testcase classname="com.zixi.testing.BroadcasterInputStatisticSingleStreamTest" name="broadcasterSingleInputStreamStatisticAnilyzer" time="10.757">
    <failure message="JSONObject[&quot;net&quot;] not found." type="org.json.JSONException">org.json.JSONException: JSONObject[&quot;net&quot;] not found.
	at org.json.JSONObject.get(JSONObject.java:476)
	at org.json.JSONObject.getJSONObject(JSONObject.java:576)
	at com.zixi.tools.StreamStatisticAnalyzer.getStatBitrate(StreamStatisticAnalyzer.java:11)
	at com.zixi.drivers.drivers.BroadcasterInputStatisticSingleStreamDriver.testStatistic(BroadcasterInputStatisticSingleStreamDriver.java:61)
	at com.zixi.testing.BroadcasterInputStatisticSingleStreamTest.broadcasterSingleInputStreamStatisticAnilyzer(BroadcasterInputStatisticSingleStreamTest.java:33)
</failure>
  </testcase>
  <testcase classname="com.zixi.testing.BroadcasterUDPOutputStreamCreationTest" name="broadcasterPullInCreation" time="0.552"/>
  <testcase classname="com.zixi.testing.FFMPEGImageStatisticTest" name="testInit" time="0.586">
    <failure message="com/zixi/drivers/drivers/FFMPEGImageStatisticTestDriver" type="java.lang.NoClassDefFoundError">java.lang.NoClassDefFoundError: com/zixi/drivers/drivers/FFMPEGImageStatisticTestDriver
	at com.zixi.testing.FFMPEGImageStatisticTest.testInit(FFMPEGImageStatisticTest.java:15)
</failure>
  </testcase>
  <testcase classname="com.zixi.testing.FFMPEGImageStatisticTest" name="beforeTes" time="0.586">
    <skipped/>
  </testcase>
  <testcase classname="com.zixi.testing.FFMPEGImageStatisticTest" name="broadcasterSingleInputStreamStatisticAnilyzer" time="0">
    <skipped/>
  </testcase>
  <testcase classname="com.zixi.testing.FFMPEGImageStatisticTest" name="afterTest" time="0">
    <skipped/>
  </testcase>
  <testcase classname="com.zixi.testing.BroadcaserSingleOutputStreamDeletionTest" name="broadcasterSingleStreamRemoving" time="0.572"/>
  <testcase classname="com.zixi.testing.FeederBondedOutputDeletioinTest" name="testInit" time="0.639">
    <failure message="com/zixi/drivers/drivers/FeederOutputDeletionDriver" type="java.lang.NoClassDefFoundError">java.lang.NoClassDefFoundError: com/zixi/drivers/drivers/FeederOutputDeletionDriver
	at com.zixi.testing.FeederBondedOutputDeletioinTest.testInit(FeederBondedOutputDeletioinTest.java:13)
</failure>
  </testcase>
  <testcase classname="com.zixi.testing.FeederBondedOutputDeletioinTest" name="beforeTes" time="0.639">
    <skipped/>
  </testcase>
  <testcase classname="com.zixi.testing.FeederBondedOutputDeletioinTest" name="broadcasterBondedThreeLinkStreamRemoving" time="0">
    <skipped/>
  </testcase>
  <testcase classname="com.zixi.testing.FeederBondedOutputDeletioinTest" name="afterTest" time="0">
    <skipped/>
  </testcase>
  <testcase classname="com.zixi.testing.BroadcasterSingleInputStreamDeletionTest" name="testInit" time="0">
    <failure message="com/zixi/drivers/drivers/BroadcasterSingleInputStreamDeletionDriver" type="java.lang.NoClassDefFoundError">java.lang.NoClassDefFoundError: com/zixi/drivers/drivers/BroadcasterSingleInputStreamDeletionDriver
	at com.zixi.testing.BroadcasterSingleInputStreamDeletionTest.testInit(BroadcasterSingleInputStreamDeletionTest.java:14)
</failure>
  </testcase>
  <testcase classname="com.zixi.testing.BroadcasterSingleInputStreamDeletionTest" name="beforeTes" time="0">
    <skipped/>
  </testcase>
  <testcase classname="com.zixi.testing.BroadcasterSingleInputStreamDeletionTest" name="broadcasterInputStreamDeletion" time="0">
    <skipped/>
  </testcase>
  <testcase classname="com.zixi.testing.BroadcasterSingleInputStreamDeletionTest" name="afterTest" time="0">
    <skipped/>
  </testcase>
  <testcase classname="com.zixi.testing.FeederOutputPushToBxTest" name="testInit" time="0.001">
    <failure message="com/zixi/drivers/drivers/FeederOutputPushToBxDriver" type="java.lang.NoClassDefFoundError">java.lang.NoClassDefFoundError: com/zixi/drivers/drivers/FeederOutputPushToBxDriver
	at com.zixi.testing.FeederOutputPushToBxTest.testInit(FeederOutputPushToBxTest.java:14)
</failure>
  </testcase>
  <testcase classname="com.zixi.testing.FeederOutputPushToBxTest" name="beforeTes" time="0.001">
    <skipped/>
  </testcase>
  <testcase classname="com.zixi.testing.FeederOutputPushToBxTest" name="feederBondedPushOutputCreationThreeLinksTest" time="0">
    <skipped/>
  </testcase>
  <testcase classname="com.zixi.testing.FeederOutputPushToBxTest" name="afterTest" time="0">
    <skipped/>
  </testcase>
  <testcase classname="com.zixi.testing.BroadcasterPushInStreamCreationDecriptionTest" name="testInit" time="0">
    <failure message="com/zixi/drivers/drivers/BroadcasterPushInStreamCreationDriver" type="java.lang.NoClassDefFoundError">java.lang.NoClassDefFoundError: com/zixi/drivers/drivers/BroadcasterPushInStreamCreationDriver
	at com.zixi.testing.BroadcasterPushInStreamCreationDecriptionTest.testInit(BroadcasterPushInStreamCreationDecriptionTest.java:16)
</failure>
  </testcase>
  <testcase classname="com.zixi.testing.BroadcasterPushInStreamCreationDecriptionTest" name="beforeTes" time="0">
    <skipped/>
  </testcase>
  <testcase classname="com.zixi.testing.BroadcasterPushInStreamCreationDecriptionTest" name="broadcasterSingleStreamRemoving" time="0">
    <skipped/>
  </testcase>
  <testcase classname="com.zixi.testing.BroadcasterPushInStreamCreationDecriptionTest" name="afterTest" time="0">
    <skipped/>
  </testcase>
  <testcase classname="com.zixi.testing.BroadcasterInputStatisticSingleStreamTest" name="broadcasterSingleInputStreamStatisticAnilyzer" time="10.739">
    <failure message="JSONObject[&quot;net&quot;] not found." type="org.json.JSONException">org.json.JSONException: JSONObject[&quot;net&quot;] not found.
	at org.json.JSONObject.get(JSONObject.java:476)
	at org.json.JSONObject.getJSONObject(JSONObject.java:576)
	at com.zixi.tools.StreamStatisticAnalyzer.getStatBitrate(StreamStatisticAnalyzer.java:11)
	at com.zixi.drivers.drivers.BroadcasterInputStatisticSingleStreamDriver.testStatistic(BroadcasterInputStatisticSingleStreamDriver.java:61)
	at com.zixi.testing.BroadcasterInputStatisticSingleStreamTest.broadcasterSingleInputStreamStatisticAnilyzer(BroadcasterInputStatisticSingleStreamTest.java:33)
</failure>
  </testcase>
  <testcase classname="com.zixi.testing.BroadcasterUDPOutputStreamCreationTest" name="broadcasterPullInCreation" time="0.541"/>
  <testcase classname="com.zixi.testing.FFMPEGImageStatisticTest" name="testInit" time="0.575">
    <failure message="com/zixi/drivers/drivers/FFMPEGImageStatisticTestDriver" type="java.lang.NoClassDefFoundError">java.lang.NoClassDefFoundError: com/zixi/drivers/drivers/FFMPEGImageStatisticTestDriver
	at com.zixi.testing.FFMPEGImageStatisticTest.testInit(FFMPEGImageStatisticTest.java:15)
</failure>
  </testcase>
  <testcase classname="com.zixi.testing.FFMPEGImageStatisticTest" name="beforeTes" time="0.575">
    <skipped/>
  </testcase>
  <testcase classname="com.zixi.testing.FFMPEGImageStatisticTest" name="broadcasterSingleInputStreamStatisticAnilyzer" time="0.001">
    <skipped/>
  </testcase>
  <testcase classname="com.zixi.testing.FFMPEGImageStatisticTest" name="afterTest" time="0.001">
    <skipped/>
  </testcase>
  <testcase classname="com.zixi.testing.BroadcaserSingleOutputStreamDeletionTest" name="broadcasterSingleStreamRemoving" time="0.524"/>
  <testcase classname="com.zixi.testing.FeederBondedOutputDeletioinTest" name="testInit" time="0.577">
    <failure message="com/zixi/drivers/drivers/FeederOutputDeletionDriver" type="java.lang.NoClassDefFoundError">java.lang.NoClassDefFoundError: com/zixi/drivers/drivers/FeederOutputDeletionDriver
	at com.zixi.testing.FeederBondedOutputDeletioinTest.testInit(FeederBondedOutputDeletioinTest.java:13)
</failure>
  </testcase>
  <testcase classname="com.zixi.testing.FeederBondedOutputDeletioinTest" name="beforeTes" time="0.578">
    <skipped/>
  </testcase>
  <testcase classname="com.zixi.testing.FeederBondedOutputDeletioinTest" name="broadcasterBondedThreeLinkStreamRemoving" time="0">
    <skipped/>
  </testcase>
  <testcase classname="com.zixi.testing.FeederBondedOutputDeletioinTest" name="afterTest" time="0">
    <skipped/>
  </testcase>
  <testcase classname="com.zixi.testing.BroadcasterSingleInputStreamDeletionTest" name="testInit" time="0">
    <failure message="com/zixi/drivers/drivers/BroadcasterSingleInputStreamDeletionDriver" type="java.lang.NoClassDefFoundError">java.lang.NoClassDefFoundError: com/zixi/drivers/drivers/BroadcasterSingleInputStreamDeletionDriver
	at com.zixi.testing.BroadcasterSingleInputStreamDeletionTest.testInit(BroadcasterSingleInputStreamDeletionTest.java:14)
</failure>
  </testcase>
  <testcase classname="com.zixi.testing.BroadcasterSingleInputStreamDeletionTest" name="beforeTes" time="0">
    <skipped/>
  </testcase>
  <testcase classname="com.zixi.testing.BroadcasterSingleInputStreamDeletionTest" name="broadcasterInputStreamDeletion" time="0">
    <skipped/>
  </testcase>
  <testcase classname="com.zixi.testing.BroadcasterSingleInputStreamDeletionTest" name="afterTest" time="0">
    <skipped/>
  </testcase>
  <testcase classname="com.zixi.testing.FeederOutputPushToBxTest" name="testInit" time="0">
    <failure message="com/zixi/drivers/drivers/FeederOutputPushToBxDriver" type="java.lang.NoClassDefFoundError">java.lang.NoClassDefFoundError: com/zixi/drivers/drivers/FeederOutputPushToBxDriver
	at com.zixi.testing.FeederOutputPushToBxTest.testInit(FeederOutputPushToBxTest.java:14)
</failure>
  </testcase>
  <testcase classname="com.zixi.testing.FeederOutputPushToBxTest" name="beforeTes" time="0.001">
    <skipped/>
  </testcase>
  <testcase classname="com.zixi.testing.FeederOutputPushToBxTest" name="feederBondedPushOutputCreationThreeLinksTest" time="0">
    <skipped/>
  </testcase>
  <testcase classname="com.zixi.testing.FeederOutputPushToBxTest" name="afterTest" time="0">
    <skipped/>
  </testcase>
  <testcase classname="com.zixi.testing.BroadcasterPushInStreamCreationDecriptionTest" name="testInit" time="0">
    <failure message="com/zixi/drivers/drivers/BroadcasterPushInStreamCreationDriver" type="java.lang.NoClassDefFoundError">java.lang.NoClassDefFoundError: com/zixi/drivers/drivers/BroadcasterPushInStreamCreationDriver
	at com.zixi.testing.BroadcasterPushInStreamCreationDecriptionTest.testInit(BroadcasterPushInStreamCreationDecriptionTest.java:16)
</failure>
  </testcase>
  <testcase classname="com.zixi.testing.BroadcasterPushInStreamCreationDecriptionTest" name="beforeTes" time="0">
    <skipped/>
  </testcase>
  <testcase classname="com.zixi.testing.BroadcasterPushInStreamCreationDecriptionTest" name="broadcasterSingleStreamRemoving" time="0">
    <skipped/>
  </testcase>
  <testcase classname="com.zixi.testing.BroadcasterPushInStreamCreationDecriptionTest" name="afterTest" time="0">
    <skipped/>
  </testcase>
  <testcase classname="com.zixi.testing.BroadcasterInputStatisticSingleStreamTest" name="broadcasterSingleInputStreamStatisticAnilyzer" time="10.729">
    <failure message="JSONObject[&quot;net&quot;] not found." type="org.json.JSONException">org.json.JSONException: JSONObject[&quot;net&quot;] not found.
	at org.json.JSONObject.get(JSONObject.java:476)
	at org.json.JSONObject.getJSONObject(JSONObject.java:576)
	at com.zixi.tools.StreamStatisticAnalyzer.getStatBitrate(StreamStatisticAnalyzer.java:11)
	at com.zixi.drivers.drivers.BroadcasterInputStatisticSingleStreamDriver.testStatistic(BroadcasterInputStatisticSingleStreamDriver.java:61)
	at com.zixi.testing.BroadcasterInputStatisticSingleStreamTest.broadcasterSingleInputStreamStatisticAnilyzer(BroadcasterInputStatisticSingleStreamTest.java:33)
</failure>
  </testcase>
  <testcase classname="com.zixi.testing.BroadcasterUDPOutputStreamCreationTest" name="broadcasterPullInCreation" time="0.559"/>
  <testcase classname="com.zixi.testing.FFMPEGImageStatisticTest" name="testInit" time="0.635">
    <failure message="com/zixi/drivers/drivers/FFMPEGImageStatisticTestDriver" type="java.lang.NoClassDefFoundError">java.lang.NoClassDefFoundError: com/zixi/drivers/drivers/FFMPEGImageStatisticTestDriver
	at com.zixi.testing.FFMPEGImageStatisticTest.testInit(FFMPEGImageStatisticTest.java:15)
</failure>
  </testcase>
  <testcase classname="com.zixi.testing.FFMPEGImageStatisticTest" name="beforeTes" time="0.636">
    <skipped/>
  </testcase>
  <testcase classname="com.zixi.testing.FFMPEGImageStatisticTest" name="broadcasterSingleInputStreamStatisticAnilyzer" time="0">
    <skipped/>
  </testcase>
  <testcase classname="com.zixi.testing.FFMPEGImageStatisticTest" name="afterTest" time="0">
    <skipped/>
  </testcase>
  <testcase classname="com.zixi.testing.BroadcaserSingleOutputStreamDeletionTest" name="broadcasterSingleStreamRemoving" time="0.595"/>
  <testcase classname="com.zixi.testing.FeederBondedOutputDeletioinTest" name="testInit" time="0.629">
    <failure message="com/zixi/drivers/drivers/FeederOutputDeletionDriver" type="java.lang.NoClassDefFoundError">java.lang.NoClassDefFoundError: com/zixi/drivers/drivers/FeederOutputDeletionDriver
	at com.zixi.testing.FeederBondedOutputDeletioinTest.testInit(FeederBondedOutputDeletioinTest.java:13)
</failure>
  </testcase>
  <testcase classname="com.zixi.testing.FeederBondedOutputDeletioinTest" name="beforeTes" time="0.629">
    <skipped/>
  </testcase>
  <testcase classname="com.zixi.testing.FeederBondedOutputDeletioinTest" name="broadcasterBondedThreeLinkStreamRemoving" time="0">
    <skipped/>
  </testcase>
  <testcase classname="com.zixi.testing.FeederBondedOutputDeletioinTest" name="afterTest" time="0">
    <skipped/>
  </testcase>
  <testcase classname="com.zixi.testing.BroadcasterSingleInputStreamDeletionTest" name="testInit" time="0.001">
    <failure message="com/zixi/drivers/drivers/BroadcasterSingleInputStreamDeletionDriver" type="java.lang.NoClassDefFoundError">java.lang.NoClassDefFoundError: com/zixi/drivers/drivers/BroadcasterSingleInputStreamDeletionDriver
	at com.zixi.testing.BroadcasterSingleInputStreamDeletionTest.testInit(BroadcasterSingleInputStreamDeletionTest.java:14)
</failure>
  </testcase>
  <testcase classname="com.zixi.testing.BroadcasterSingleInputStreamDeletionTest" name="beforeTes" time="0.001">
    <skipped/>
  </testcase>
  <testcase classname="com.zixi.testing.BroadcasterSingleInputStreamDeletionTest" name="broadcasterInputStreamDeletion" time="0">
    <skipped/>
  </testcase>
  <testcase classname="com.zixi.testing.BroadcasterSingleInputStreamDeletionTest" name="afterTest" time="0">
    <skipped/>
  </testcase>
  <testcase classname="com.zixi.testing.FeederOutputPushToBxTest" name="testInit" time="0">
    <failure message="com/zixi/drivers/drivers/FeederOutputPushToBxDriver" type="java.lang.NoClassDefFoundError">java.lang.NoClassDefFoundError: com/zixi/drivers/drivers/FeederOutputPushToBxDriver
	at com.zixi.testing.FeederOutputPushToBxTest.testInit(FeederOutputPushToBxTest.java:14)
</failure>
  </testcase>
  <testcase classname="com.zixi.testing.FeederOutputPushToBxTest" name="beforeTes" time="0.001">
    <skipped/>
  </testcase>
  <testcase classname="com.zixi.testing.FeederOutputPushToBxTest" name="feederBondedPushOutputCreationThreeLinksTest" time="0">
    <skipped/>
  </testcase>
  <testcase classname="com.zixi.testing.FeederOutputPushToBxTest" name="afterTest" time="0">
    <skipped/>
  </testcase>
  <testcase classname="com.zixi.testing.BroadcasterPushInStreamCreationDecriptionTest" name="testInit" time="0">
    <failure message="com/zixi/drivers/drivers/BroadcasterPushInStreamCreationDriver" type="java.lang.NoClassDefFoundError">java.lang.NoClassDefFoundError: com/zixi/drivers/drivers/BroadcasterPushInStreamCreationDriver
	at com.zixi.testing.BroadcasterPushInStreamCreationDecriptionTest.testInit(BroadcasterPushInStreamCreationDecriptionTest.java:16)
</failure>
  </testcase>
  <testcase classname="com.zixi.testing.BroadcasterPushInStreamCreationDecriptionTest" name="beforeTes" time="0">
    <skipped/>
  </testcase>
  <testcase classname="com.zixi.testing.BroadcasterPushInStreamCreationDecriptionTest" name="broadcasterSingleStreamRemoving" time="0">
    <skipped/>
  </testcase>
  <testcase classname="com.zixi.testing.BroadcasterPushInStreamCreationDecriptionTest" name="afterTest" time="0">
    <skipped/>
  </testcase>
  <testcase classname="com.zixi.testing.BroadcasterInputStatisticSingleStreamTest" name="broadcasterSingleInputStreamStatisticAnilyzer" time="10.738">
    <failure message="JSONObject[&quot;net&quot;] not found." type="org.json.JSONException">org.json.JSONException: JSONObject[&quot;net&quot;] not found.
	at org.json.JSONObject.get(JSONObject.java:476)
	at org.json.JSONObject.getJSONObject(JSONObject.java:576)
	at com.zixi.tools.StreamStatisticAnalyzer.getStatBitrate(StreamStatisticAnalyzer.java:11)
	at com.zixi.drivers.drivers.BroadcasterInputStatisticSingleStreamDriver.testStatistic(BroadcasterInputStatisticSingleStreamDriver.java:61)
	at com.zixi.testing.BroadcasterInputStatisticSingleStreamTest.broadcasterSingleInputStreamStatisticAnilyzer(BroadcasterInputStatisticSingleStreamTest.java:33)
</failure>
  </testcase>
  <testcase classname="com.zixi.testing.BroadcasterUDPOutputStreamCreationTest" name="broadcasterPullInCreation" time="0.6"/>
  <testcase classname="com.zixi.testing.FFMPEGImageStatisticTest" name="testInit" time="0.657">
    <failure message="com/zixi/drivers/drivers/FFMPEGImageStatisticTestDriver" type="java.lang.NoClassDefFoundError">java.lang.NoClassDefFoundError: com/zixi/drivers/drivers/FFMPEGImageStatisticTestDriver
	at com.zixi.testing.FFMPEGImageStatisticTest.testInit(FFMPEGImageStatisticTest.java:15)
</failure>
  </testcase>
  <testcase classname="com.zixi.testing.FFMPEGImageStatisticTest" name="beforeTes" time="0.659">
    <skipped/>
  </testcase>
  <testcase classname="com.zixi.testing.FFMPEGImageStatisticTest" name="broadcasterSingleInputStreamStatisticAnilyzer" time="0">
    <skipped/>
  </testcase>
  <testcase classname="com.zixi.testing.FFMPEGImageStatisticTest" name="afterTest" time="0">
    <skipped/>
  </testcase>
  <testcase classname="com.zixi.testing.BroadcaserSingleOutputStreamDeletionTest" name="broadcasterSingleStreamRemoving" time="0.532"/>
  <testcase classname="com.zixi.testing.FeederBondedOutputDeletioinTest" name="testInit" time="0.583">
    <failure message="com/zixi/drivers/drivers/FeederOutputDeletionDriver" type="java.lang.NoClassDefFoundError">java.lang.NoClassDefFoundError: com/zixi/drivers/drivers/FeederOutputDeletionDriver
	at com.zixi.testing.FeederBondedOutputDeletioinTest.testInit(FeederBondedOutputDeletioinTest.java:13)
</failure>
  </testcase>
  <testcase classname="com.zixi.testing.FeederBondedOutputDeletioinTest" name="beforeTes" time="0.584">
    <skipped/>
  </testcase>
  <testcase classname="com.zixi.testing.FeederBondedOutputDeletioinTest" name="broadcasterBondedThreeLinkStreamRemoving" time="0">
    <skipped/>
  </testcase>
  <testcase classname="com.zixi.testing.FeederBondedOutputDeletioinTest" name="afterTest" time="0">
    <skipped/>
  </testcase>
  <testcase classname="com.zixi.testing.BroadcasterSingleInputStreamDeletionTest" name="testInit" time="0">
    <failure message="com/zixi/drivers/drivers/BroadcasterSingleInputStreamDeletionDriver" type="java.lang.NoClassDefFoundError">java.lang.NoClassDefFoundError: com/zixi/drivers/drivers/BroadcasterSingleInputStreamDeletionDriver
	at com.zixi.testing.BroadcasterSingleInputStreamDeletionTest.testInit(BroadcasterSingleInputStreamDeletionTest.java:14)
</failure>
  </testcase>
  <testcase classname="com.zixi.testing.BroadcasterSingleInputStreamDeletionTest" name="beforeTes" time="0.001">
    <skipped/>
  </testcase>
  <testcase classname="com.zixi.testing.BroadcasterSingleInputStreamDeletionTest" name="broadcasterInputStreamDeletion" time="0">
    <skipped/>
  </testcase>
  <testcase classname="com.zixi.testing.BroadcasterSingleInputStreamDeletionTest" name="afterTest" time="0">
    <skipped/>
  </testcase>
  <testcase classname="com.zixi.testing.FeederOutputPushToBxTest" name="testInit" time="0">
    <failure message="com/zixi/drivers/drivers/FeederOutputPushToBxDriver" type="java.lang.NoClassDefFoundError">java.lang.NoClassDefFoundError: com/zixi/drivers/drivers/FeederOutputPushToBxDriver
	at com.zixi.testing.FeederOutputPushToBxTest.testInit(FeederOutputPushToBxTest.java:14)
</failure>
  </testcase>
  <testcase classname="com.zixi.testing.FeederOutputPushToBxTest" name="beforeTes" time="0">
    <skipped/>
  </testcase>
  <testcase classname="com.zixi.testing.FeederOutputPushToBxTest" name="feederBondedPushOutputCreationThreeLinksTest" time="0.001">
    <skipped/>
  </testcase>
  <testcase classname="com.zixi.testing.FeederOutputPushToBxTest" name="afterTest" time="0.001">
    <skipped/>
  </testcase>
  <testcase classname="com.zixi.testing.BroadcasterPushInStreamCreationDecriptionTest" name="testInit" time="0.001">
    <failure message="com/zixi/drivers/drivers/BroadcasterPushInStreamCreationDriver" type="java.lang.NoClassDefFoundError">java.lang.NoClassDefFoundError: com/zixi/drivers/drivers/BroadcasterPushInStreamCreationDriver
	at com.zixi.testing.BroadcasterPushInStreamCreationDecriptionTest.testInit(BroadcasterPushInStreamCreationDecriptionTest.java:16)
</failure>
  </testcase>
  <testcase classname="com.zixi.testing.BroadcasterPushInStreamCreationDecriptionTest" name="beforeTes" time="0.001">
    <skipped/>
  </testcase>
  <testcase classname="com.zixi.testing.BroadcasterPushInStreamCreationDecriptionTest" name="broadcasterSingleStreamRemoving" time="0">
    <skipped/>
  </testcase>
  <testcase classname="com.zixi.testing.BroadcasterPushInStreamCreationDecriptionTest" name="afterTest" time="0">
    <skipped/>
  </testcase>
  <testcase classname="com.zixi.testing.BroadcasterInputStatisticSingleStreamTest" name="broadcasterSingleInputStreamStatisticAnilyzer" time="10.733">
    <failure message="JSONObject[&quot;net&quot;] not found." type="org.json.JSONException">org.json.JSONException: JSONObject[&quot;net&quot;] not found.
	at org.json.JSONObject.get(JSONObject.java:476)
	at org.json.JSONObject.getJSONObject(JSONObject.java:576)
	at com.zixi.tools.StreamStatisticAnalyzer.getStatBitrate(StreamStatisticAnalyzer.java:11)
	at com.zixi.drivers.drivers.BroadcasterInputStatisticSingleStreamDriver.testStatistic(BroadcasterInputStatisticSingleStreamDriver.java:61)
	at com.zixi.testing.BroadcasterInputStatisticSingleStreamTest.broadcasterSingleInputStreamStatisticAnilyzer(BroadcasterInputStatisticSingleStreamTest.java:33)
</failure>
  </testcase>
  <testcase classname="com.zixi.testing.BroadcasterUDPOutputStreamCreationTest" name="broadcasterPullInCreation" time="0.569"/>
  <testcase classname="com.zixi.testing.FFMPEGImageStatisticTest" name="testInit" time="0.6">
    <failure message="com/zixi/drivers/drivers/FFMPEGImageStatisticTestDriver" type="java.lang.NoClassDefFoundError">java.lang.NoClassDefFoundError: com/zixi/drivers/drivers/FFMPEGImageStatisticTestDriver
	at com.zixi.testing.FFMPEGImageStatisticTest.testInit(FFMPEGImageStatisticTest.java:15)
</failure>
  </testcase>
  <testcase classname="com.zixi.testing.FFMPEGImageStatisticTest" name="beforeTes" time="0.6">
    <skipped/>
  </testcase>
  <testcase classname="com.zixi.testing.FFMPEGImageStatisticTest" name="broadcasterSingleInputStreamStatisticAnilyzer" time="0">
    <skipped/>
  </testcase>
  <testcase classname="com.zixi.testing.FFMPEGImageStatisticTest" name="afterTest" time="0">
    <skipped/>
  </testcase>
  <testcase classname="com.zixi.testing.BroadcaserSingleOutputStreamDeletionTest" name="broadcasterSingleStreamRemoving" time="0.511"/>
  <testcase classname="com.zixi.testing.FeederBondedOutputDeletioinTest" name="testInit" time="0.545">
    <failure message="com/zixi/drivers/drivers/FeederOutputDeletionDriver" type="java.lang.NoClassDefFoundError">java.lang.NoClassDefFoundError: com/zixi/drivers/drivers/FeederOutputDeletionDriver
	at com.zixi.testing.FeederBondedOutputDeletioinTest.testInit(FeederBondedOutputDeletioinTest.java:13)
</failure>
  </testcase>
  <testcase classname="com.zixi.testing.FeederBondedOutputDeletioinTest" name="beforeTes" time="0.545">
    <skipped/>
  </testcase>
  <testcase classname="com.zixi.testing.FeederBondedOutputDeletioinTest" name="broadcasterBondedThreeLinkStreamRemoving" time="0">
    <skipped/>
  </testcase>
  <testcase classname="com.zixi.testing.FeederBondedOutputDeletioinTest" name="afterTest" time="0">
    <skipped/>
  </testcase>
  <testcase classname="com.zixi.testing.BroadcasterSingleInputStreamDeletionTest" name="testInit" time="0">
    <failure message="com/zixi/drivers/drivers/BroadcasterSingleInputStreamDeletionDriver" type="java.lang.NoClassDefFoundError">java.lang.NoClassDefFoundError: com/zixi/drivers/drivers/BroadcasterSingleInputStreamDeletionDriver
	at com.zixi.testing.BroadcasterSingleInputStreamDeletionTest.testInit(BroadcasterSingleInputStreamDeletionTest.java:14)
</failure>
  </testcase>
  <testcase classname="com.zixi.testing.BroadcasterSingleInputStreamDeletionTest" name="beforeTes" time="0.001">
    <skipped/>
  </testcase>
  <testcase classname="com.zixi.testing.BroadcasterSingleInputStreamDeletionTest" name="broadcasterInputStreamDeletion" time="0">
    <skipped/>
  </testcase>
  <testcase classname="com.zixi.testing.BroadcasterSingleInputStreamDeletionTest" name="afterTest" time="0">
    <skipped/>
  </testcase>
  <testcase classname="com.zixi.load.testing.FeederBroadcasterBondingMultipleThreeLinkTest" name="testInit" time="0">
    <failure message="com/zixi/load/drivers/FeederBroadcasterBondingMultipleThreeLinkDriver" type="java.lang.NoClassDefFoundError">java.lang.NoClassDefFoundError: com/zixi/load/drivers/FeederBroadcasterBondingMultipleThreeLinkDriver
	at com.zixi.load.testing.FeederBroadcasterBondingMultipleThreeLinkTest.testInit(FeederBroadcasterBondingMultipleThreeLinkTest.java:20)
Caused by: java.lang.ClassNotFoundException: com.zixi.load.drivers.FeederBroadcasterBondingMultipleThreeLinkDriver
	at java.net.URLClassLoader$1.run(Unknown Source)
	at java.net.URLClassLoader$1.run(Unknown Source)
	at java.security.AccessController.doPrivileged(Native Method)
	at java.net.URLClassLoader.findClass(Unknown Source)
	at java.lang.ClassLoader.loadClass(Unknown Source)
	at sun.misc.Launcher$AppClassLoader.loadClass(Unknown Source)
	at java.lang.ClassLoader.loadClass(Unknown Source)
	... 31 more
</failure>
  </testcase>
  <testcase classname="com.zixi.load.testing.FeederBroadcasterBondingMultipleThreeLinkTest" name="beforeTes" time="0.001">
    <skipped/>
  </testcase>
  <testcase classname="com.zixi.load.testing.FeederBroadcasterBondingMultipleThreeLinkTest" name="broadcasterMultiplePullInCreation" time="0">
    <skipped/>
  </testcase>
  <testcase classname="com.zixi.load.testing.FeederBroadcasterBondingMultipleThreeLinkTest" name="afterTest" time="0">
    <skipped/>
  </testcase>
  <testcase classname="com.zixi.testing.BroadcasterUDPOutputStreamCreationTest" name="broadcasterPullInCreation" time="0.47"/>
  <testcase classname="com.zixi.load.testing.BroadcasterRundomInputStreamTest" name="testInit" time="0.502">
    <failure message="com/zixi/load/drivers/BroadcasterRundomInputStreamDriver" type="java.lang.NoClassDefFoundError">java.lang.NoClassDefFoundError: com/zixi/load/drivers/BroadcasterRundomInputStreamDriver
	at com.zixi.load.testing.BroadcasterRundomInputStreamTest.testInit(BroadcasterRundomInputStreamTest.java:18)
</failure>
  </testcase>
  <testcase classname="com.zixi.load.testing.BroadcasterRundomInputStreamTest" name="beforeTes" time="0.502">
    <skipped/>
  </testcase>
  <testcase classname="com.zixi.load.testing.BroadcasterRundomInputStreamTest" name="broadcasterSwitchUdpOut" time="0">
    <skipped/>
  </testcase>
  <testcase classname="com.zixi.load.testing.BroadcasterRundomInputStreamTest" name="afterTest" time="0">
    <skipped/>
  </testcase>
  <testcase classname="com.zixi.testing.BroadcaserSingleOutputStreamDeletionTest" name="broadcasterSingleStreamRemoving" time="0.56"/>
  <testcase classname="com.zixi.load.testing.BroadcaserAllInputStreamDeletorTest" name="testInit" time="0.593">
    <failure message="com/zixi/drivers/drivers/BroadcaserAllInputStreamDeletorDriver" type="java.lang.NoClassDefFoundError">java.lang.NoClassDefFoundError: com/zixi/drivers/drivers/BroadcaserAllInputStreamDeletorDriver
	at com.zixi.load.testing.BroadcaserAllInputStreamDeletorTest.testInit(BroadcaserAllInputStreamDeletorTest.java:15)
</failure>
  </testcase>
  <testcase classname="com.zixi.load.testing.BroadcaserAllInputStreamDeletorTest" name="beforeTes" time="0.593">
    <skipped/>
  </testcase>
  <testcase classname="com.zixi.load.testing.BroadcaserAllInputStreamDeletorTest" name="broadcasterDeleteAllInputs" time="0">
    <skipped/>
  </testcase>
  <testcase classname="com.zixi.load.testing.BroadcaserAllInputStreamDeletorTest" name="afterTest" time="0">
    <skipped/>
  </testcase>
  <testcase classname="com.zixi.load.testing.FeederMultipleDeletionTest" name="testInit" time="0">
    <failure message="com/zixi/load/drivers/FeederMultipleDeletionDriver" type="java.lang.NoClassDefFoundError">java.lang.NoClassDefFoundError: com/zixi/load/drivers/FeederMultipleDeletionDriver
	at com.zixi.load.testing.FeederMultipleDeletionTest.testInit(FeederMultipleDeletionTest.java:20)
Caused by: java.lang.ClassNotFoundException: com.zixi.load.drivers.FeederMultipleDeletionDriver
	at java.net.URLClassLoader$1.run(Unknown Source)
	at java.net.URLClassLoader$1.run(Unknown Source)
	at java.security.AccessController.doPrivileged(Native Method)
	at java.net.URLClassLoader.findClass(Unknown Source)
	at java.lang.ClassLoader.loadClass(Unknown Source)
	at sun.misc.Launcher$AppClassLoader.loadClass(Unknown Source)
	at java.lang.ClassLoader.loadClass(Unknown Source)
	... 31 more
</failure>
  </testcase>
  <testcase classname="com.zixi.load.testing.FeederMultipleDeletionTest" name="beforeTes" time="0.001">
    <skipped/>
  </testcase>
  <testcase classname="com.zixi.load.testing.FeederMultipleDeletionTest" name="broadcasterMultiplePullInCreation" time="0">
    <skipped/>
  </testcase>
  <testcase classname="com.zixi.load.testing.FeederMultipleDeletionTest" name="afterTest" time="0">
    <skipped/>
  </testcase>
  <testcase classname="com.zixi.load.testing.FeederBroadcasterBondingMultipleThreeLinkTest" name="testInit" time="0">
    <failure message="com/zixi/load/drivers/FeederBroadcasterBondingMultipleThreeLinkDriver" type="java.lang.NoClassDefFoundError">java.lang.NoClassDefFoundError: com/zixi/load/drivers/FeederBroadcasterBondingMultipleThreeLinkDriver
	at com.zixi.load.testing.FeederBroadcasterBondingMultipleThreeLinkTest.testInit(FeederBroadcasterBondingMultipleThreeLinkTest.java:20)
</failure>
  </testcase>
  <testcase classname="com.zixi.load.testing.FeederBroadcasterBondingMultipleThreeLinkTest" name="beforeTes" time="0.001">
    <skipped/>
  </testcase>
  <testcase classname="com.zixi.load.testing.FeederBroadcasterBondingMultipleThreeLinkTest" name="broadcasterMultiplePullInCreation" time="0">
    <skipped/>
  </testcase>
  <testcase classname="com.zixi.load.testing.FeederBroadcasterBondingMultipleThreeLinkTest" name="afterTest" time="0">
    <skipped/>
  </testcase>
  <testcase classname="com.zixi.testing.BroadcasterUDPOutputStreamCreationTest" name="broadcasterPullInCreation" time="0.494"/>
  <testcase classname="com.zixi.load.testing.BroadcasterRundomInputStreamTest" name="testInit" time="0.529">
    <failure message="com/zixi/load/drivers/BroadcasterRundomInputStreamDriver" type="java.lang.NoClassDefFoundError">java.lang.NoClassDefFoundError: com/zixi/load/drivers/BroadcasterRundomInputStreamDriver
	at com.zixi.load.testing.BroadcasterRundomInputStreamTest.testInit(BroadcasterRundomInputStreamTest.java:18)
</failure>
  </testcase>
  <testcase classname="com.zixi.load.testing.BroadcasterRundomInputStreamTest" name="beforeTes" time="0.53">
    <skipped/>
  </testcase>
  <testcase classname="com.zixi.load.testing.BroadcasterRundomInputStreamTest" name="broadcasterSwitchUdpOut" time="0">
    <skipped/>
  </testcase>
  <testcase classname="com.zixi.load.testing.BroadcasterRundomInputStreamTest" name="afterTest" time="0">
    <skipped/>
  </testcase>
  <testcase classname="com.zixi.testing.BroadcaserSingleOutputStreamDeletionTest" name="broadcasterSingleStreamRemoving" time="0.537"/>
  <testcase classname="com.zixi.load.testing.BroadcaserAllInputStreamDeletorTest" name="testInit" time="0.574">
    <failure message="com/zixi/drivers/drivers/BroadcaserAllInputStreamDeletorDriver" type="java.lang.NoClassDefFoundError">java.lang.NoClassDefFoundError: com/zixi/drivers/drivers/BroadcaserAllInputStreamDeletorDriver
	at com.zixi.load.testing.BroadcaserAllInputStreamDeletorTest.testInit(BroadcaserAllInputStreamDeletorTest.java:15)
</failure>
  </testcase>
  <testcase classname="com.zixi.load.testing.BroadcaserAllInputStreamDeletorTest" name="beforeTes" time="0.574">
    <skipped/>
  </testcase>
  <testcase classname="com.zixi.load.testing.BroadcaserAllInputStreamDeletorTest" name="broadcasterDeleteAllInputs" time="0">
    <skipped/>
  </testcase>
  <testcase classname="com.zixi.load.testing.BroadcaserAllInputStreamDeletorTest" name="afterTest" time="0">
    <skipped/>
  </testcase>
  <testcase classname="com.zixi.load.testing.FeederMultipleDeletionTest" name="testInit" time="0">
    <failure message="com/zixi/load/drivers/FeederMultipleDeletionDriver" type="java.lang.NoClassDefFoundError">java.lang.NoClassDefFoundError: com/zixi/load/drivers/FeederMultipleDeletionDriver
	at com.zixi.load.testing.FeederMultipleDeletionTest.testInit(FeederMultipleDeletionTest.java:20)
</failure>
  </testcase>
  <testcase classname="com.zixi.load.testing.FeederMultipleDeletionTest" name="beforeTes" time="0.001">
    <skipped/>
  </testcase>
  <testcase classname="com.zixi.load.testing.FeederMultipleDeletionTest" name="broadcasterMultiplePullInCreation" time="0">
    <skipped/>
  </testcase>
  <testcase classname="com.zixi.load.testing.FeederMultipleDeletionTest" name="afterTest" time="0">
    <skipped/>
  </testcase>
  <testcase classname="com.zixi.load.testing.FeederBroadcasterBondingMultipleThreeLinkTest" name="testInit" time="0">
    <failure message="com/zixi/load/drivers/FeederBroadcasterBondingMultipleThreeLinkDriver" type="java.lang.NoClassDefFoundError">java.lang.NoClassDefFoundError: com/zixi/load/drivers/FeederBroadcasterBondingMultipleThreeLinkDriver
	at com.zixi.load.testing.FeederBroadcasterBondingMultipleThreeLinkTest.testInit(FeederBroadcasterBondingMultipleThreeLinkTest.java:20)
</failure>
  </testcase>
  <testcase classname="com.zixi.load.testing.FeederBroadcasterBondingMultipleThreeLinkTest" name="beforeTes" time="0.001">
    <skipped/>
  </testcase>
  <testcase classname="com.zixi.load.testing.FeederBroadcasterBondingMultipleThreeLinkTest" name="broadcasterMultiplePullInCreation" time="0">
    <skipped/>
  </testcase>
  <testcase classname="com.zixi.load.testing.FeederBroadcasterBondingMultipleThreeLinkTest" name="afterTest" time="0">
    <skipped/>
  </testcase>
  <testcase classname="com.zixi.testing.BroadcasterUDPOutputStreamCreationTest" name="broadcasterPullInCreation" time="0.495"/>
  <testcase classname="com.zixi.load.testing.BroadcasterRundomInputStreamTest" name="testInit" time="0.531">
    <failure message="com/zixi/load/drivers/BroadcasterRundomInputStreamDriver" type="java.lang.NoClassDefFoundError">java.lang.NoClassDefFoundError: com/zixi/load/drivers/BroadcasterRundomInputStreamDriver
	at com.zixi.load.testing.BroadcasterRundomInputStreamTest.testInit(BroadcasterRundomInputStreamTest.java:18)
</failure>
  </testcase>
  <testcase classname="com.zixi.load.testing.BroadcasterRundomInputStreamTest" name="beforeTes" time="0.532">
    <skipped/>
  </testcase>
  <testcase classname="com.zixi.load.testing.BroadcasterRundomInputStreamTest" name="broadcasterSwitchUdpOut" time="0">
    <skipped/>
  </testcase>
  <testcase classname="com.zixi.load.testing.BroadcasterRundomInputStreamTest" name="afterTest" time="0.001">
    <skipped/>
  </testcase>
  <testcase classname="com.zixi.testing.BroadcaserSingleOutputStreamDeletionTest" name="broadcasterSingleStreamRemoving" time="0.515"/>
  <testcase classname="com.zixi.load.testing.BroadcaserAllInputStreamDeletorTest" name="testInit" time="0.552">
    <failure message="com/zixi/drivers/drivers/BroadcaserAllInputStreamDeletorDriver" type="java.lang.NoClassDefFoundError">java.lang.NoClassDefFoundError: com/zixi/drivers/drivers/BroadcaserAllInputStreamDeletorDriver
	at com.zixi.load.testing.BroadcaserAllInputStreamDeletorTest.testInit(BroadcaserAllInputStreamDeletorTest.java:15)
</failure>
  </testcase>
  <testcase classname="com.zixi.load.testing.BroadcaserAllInputStreamDeletorTest" name="beforeTes" time="0.553">
    <skipped/>
  </testcase>
  <testcase classname="com.zixi.load.testing.BroadcaserAllInputStreamDeletorTest" name="broadcasterDeleteAllInputs" time="0">
    <skipped/>
  </testcase>
  <testcase classname="com.zixi.load.testing.BroadcaserAllInputStreamDeletorTest" name="afterTest" time="0">
    <skipped/>
  </testcase>
  <testcase classname="com.zixi.load.testing.FeederMultipleDeletionTest" name="testInit" time="0">
    <failure message="com/zixi/load/drivers/FeederMultipleDeletionDriver" type="java.lang.NoClassDefFoundError">java.lang.NoClassDefFoundError: com/zixi/load/drivers/FeederMultipleDeletionDriver
	at com.zixi.load.testing.FeederMultipleDeletionTest.testInit(FeederMultipleDeletionTest.java:20)
</failure>
  </testcase>
  <testcase classname="com.zixi.load.testing.FeederMultipleDeletionTest" name="beforeTes" time="0.002">
    <skipped/>
  </testcase>
  <testcase classname="com.zixi.load.testing.FeederMultipleDeletionTest" name="broadcasterMultiplePullInCreation" time="0">
    <skipped/>
  </testcase>
  <testcase classname="com.zixi.load.testing.FeederMultipleDeletionTest" name="afterTest" time="0">
    <skipped/>
  </testcase>
  <testcase classname="com.zixi.load.testing.FeederBroadcasterBondingMultipleThreeLinkTest" name="testInit" time="0.001">
    <failure message="com/zixi/load/drivers/FeederBroadcasterBondingMultipleThreeLinkDriver" type="java.lang.NoClassDefFoundError">java.lang.NoClassDefFoundError: com/zixi/load/drivers/FeederBroadcasterBondingMultipleThreeLinkDriver
	at com.zixi.load.testing.FeederBroadcasterBondingMultipleThreeLinkTest.testInit(FeederBroadcasterBondingMultipleThreeLinkTest.java:20)
</failure>
  </testcase>
  <testcase classname="com.zixi.load.testing.FeederBroadcasterBondingMultipleThreeLinkTest" name="beforeTes" time="0.003">
    <skipped/>
  </testcase>
  <testcase classname="com.zixi.load.testing.FeederBroadcasterBondingMultipleThreeLinkTest" name="broadcasterMultiplePullInCreation" time="0">
    <skipped/>
  </testcase>
  <testcase classname="com.zixi.load.testing.FeederBroadcasterBondingMultipleThreeLinkTest" name="afterTest" time="0">
    <skipped/>
  </testcase>
  <testcase classname="com.zixi.testing.BroadcasterUDPOutputStreamCreationTest" name="broadcasterPullInCreation" time="0.492"/>
  <testcase classname="com.zixi.load.testing.BroadcasterRundomInputStreamTest" name="testInit" time="0.547">
    <failure message="com/zixi/load/drivers/BroadcasterRundomInputStreamDriver" type="java.lang.NoClassDefFoundError">java.lang.NoClassDefFoundError: com/zixi/load/drivers/BroadcasterRundomInputStreamDriver
	at com.zixi.load.testing.BroadcasterRundomInputStreamTest.testInit(BroadcasterRundomInputStreamTest.java:18)
</failure>
  </testcase>
  <testcase classname="com.zixi.load.testing.BroadcasterRundomInputStreamTest" name="beforeTes" time="0.548">
    <skipped/>
  </testcase>
  <testcase classname="com.zixi.load.testing.BroadcasterRundomInputStreamTest" name="broadcasterSwitchUdpOut" time="0.001">
    <skipped/>
  </testcase>
  <testcase classname="com.zixi.load.testing.BroadcasterRundomInputStreamTest" name="afterTest" time="0.001">
    <skipped/>
  </testcase>
  <testcase classname="com.zixi.testing.BroadcaserSingleOutputStreamDeletionTest" name="broadcasterSingleStreamRemoving" time="0.506"/>
  <testcase classname="com.zixi.load.testing.BroadcaserAllInputStreamDeletorTest" name="testInit" time="0.54">
    <failure message="com/zixi/drivers/drivers/BroadcaserAllInputStreamDeletorDriver" type="java.lang.NoClassDefFoundError">java.lang.NoClassDefFoundError: com/zixi/drivers/drivers/BroadcaserAllInputStreamDeletorDriver
	at com.zixi.load.testing.BroadcaserAllInputStreamDeletorTest.testInit(BroadcaserAllInputStreamDeletorTest.java:15)
</failure>
  </testcase>
  <testcase classname="com.zixi.load.testing.BroadcaserAllInputStreamDeletorTest" name="beforeTes" time="0.541">
    <skipped/>
  </testcase>
  <testcase classname="com.zixi.load.testing.BroadcaserAllInputStreamDeletorTest" name="broadcasterDeleteAllInputs" time="0">
    <skipped/>
  </testcase>
  <testcase classname="com.zixi.load.testing.BroadcaserAllInputStreamDeletorTest" name="afterTest" time="0">
    <skipped/>
  </testcase>
  <testcase classname="com.zixi.load.testing.FeederMultipleDeletionTest" name="testInit" time="0.001">
    <failure message="com/zixi/load/drivers/FeederMultipleDeletionDriver" type="java.lang.NoClassDefFoundError">java.lang.NoClassDefFoundError: com/zixi/load/drivers/FeederMultipleDeletionDriver
	at com.zixi.load.testing.FeederMultipleDeletionTest.testInit(FeederMultipleDeletionTest.java:20)
</failure>
  </testcase>
  <testcase classname="com.zixi.load.testing.FeederMultipleDeletionTest" name="beforeTes" time="0.002">
    <skipped/>
  </testcase>
  <testcase classname="com.zixi.load.testing.FeederMultipleDeletionTest" name="broadcasterMultiplePullInCreation" time="0">
    <skipped/>
  </testcase>
  <testcase classname="com.zixi.load.testing.FeederMultipleDeletionTest" name="afterTest" time="0">
    <skipped/>
  </testcase>
  <testcase classname="com.zixi.load.testing.FeederBroadcasterBondingMultipleThreeLinkTest" name="testInit" time="0">
    <failure message="com/zixi/load/drivers/FeederBroadcasterBondingMultipleThreeLinkDriver" type="java.lang.NoClassDefFoundError">java.lang.NoClassDefFoundError: com/zixi/load/drivers/FeederBroadcasterBondingMultipleThreeLinkDriver
	at com.zixi.load.testing.FeederBroadcasterBondingMultipleThreeLinkTest.testInit(FeederBroadcasterBondingMultipleThreeLinkTest.java:20)
</failure>
  </testcase>
  <testcase classname="com.zixi.load.testing.FeederBroadcasterBondingMultipleThreeLinkTest" name="beforeTes" time="0.003">
    <skipped/>
  </testcase>
  <testcase classname="com.zixi.load.testing.FeederBroadcasterBondingMultipleThreeLinkTest" name="broadcasterMultiplePullInCreation" time="0">
    <skipped/>
  </testcase>
  <testcase classname="com.zixi.load.testing.FeederBroadcasterBondingMultipleThreeLinkTest" name="afterTest" time="0">
    <skipped/>
  </testcase>
  <testcase classname="com.zixi.testing.BroadcasterUDPOutputStreamCreationTest" name="broadcasterPullInCreation" time="0.569"/>
  <testcase classname="com.zixi.load.testing.BroadcasterRundomInputStreamTest" name="testInit" time="0.602">
    <failure message="com/zixi/load/drivers/BroadcasterRundomInputStreamDriver" type="java.lang.NoClassDefFoundError">java.lang.NoClassDefFoundError: com/zixi/load/drivers/BroadcasterRundomInputStreamDriver
	at com.zixi.load.testing.BroadcasterRundomInputStreamTest.testInit(BroadcasterRundomInputStreamTest.java:18)
</failure>
  </testcase>
  <testcase classname="com.zixi.load.testing.BroadcasterRundomInputStreamTest" name="beforeTes" time="0.602">
    <skipped/>
  </testcase>
  <testcase classname="com.zixi.load.testing.BroadcasterRundomInputStreamTest" name="broadcasterSwitchUdpOut" time="0">
    <skipped/>
  </testcase>
  <testcase classname="com.zixi.load.testing.BroadcasterRundomInputStreamTest" name="afterTest" time="0">
    <skipped/>
  </testcase>
  <testcase classname="com.zixi.testing.BroadcaserSingleOutputStreamDeletionTest" name="broadcasterSingleStreamRemoving" time="0.535"/>
  <testcase classname="com.zixi.load.testing.BroadcaserAllInputStreamDeletorTest" name="testInit" time="0.59">
    <failure message="com/zixi/drivers/drivers/BroadcaserAllInputStreamDeletorDriver" type="java.lang.NoClassDefFoundError">java.lang.NoClassDefFoundError: com/zixi/drivers/drivers/BroadcaserAllInputStreamDeletorDriver
	at com.zixi.load.testing.BroadcaserAllInputStreamDeletorTest.testInit(BroadcaserAllInputStreamDeletorTest.java:15)
</failure>
  </testcase>
  <testcase classname="com.zixi.load.testing.BroadcaserAllInputStreamDeletorTest" name="beforeTes" time="0.591">
    <skipped/>
  </testcase>
  <testcase classname="com.zixi.load.testing.BroadcaserAllInputStreamDeletorTest" name="broadcasterDeleteAllInputs" time="0.001">
    <skipped/>
  </testcase>
  <testcase classname="com.zixi.load.testing.BroadcaserAllInputStreamDeletorTest" name="afterTest" time="0.001">
    <skipped/>
  </testcase>
  <testcase classname="com.zixi.load.testing.FeederMultipleDeletionTest" name="testInit" time="0.001">
    <failure message="com/zixi/load/drivers/FeederMultipleDeletionDriver" type="java.lang.NoClassDefFoundError">java.lang.NoClassDefFoundError: com/zixi/load/drivers/FeederMultipleDeletionDriver
	at com.zixi.load.testing.FeederMultipleDeletionTest.testInit(FeederMultipleDeletionTest.java:20)
</failure>
  </testcase>
  <testcase classname="com.zixi.load.testing.FeederMultipleDeletionTest" name="beforeTes" time="0.002">
    <skipped/>
  </testcase>
  <testcase classname="com.zixi.load.testing.FeederMultipleDeletionTest" name="broadcasterMultiplePullInCreation" time="0">
    <skipped/>
  </testcase>
  <testcase classname="com.zixi.load.testing.FeederMultipleDeletionTest" name="afterTest" time="0">
    <skipped/>
  </testcase>
  <testcase classname="com.zixi.load.testing.FeederBroadcasterBondingMultipleThreeLinkTest" name="testInit" time="0.001">
    <failure message="com/zixi/load/drivers/FeederBroadcasterBondingMultipleThreeLinkDriver" type="java.lang.NoClassDefFoundError">java.lang.NoClassDefFoundError: com/zixi/load/drivers/FeederBroadcasterBondingMultipleThreeLinkDriver
	at com.zixi.load.testing.FeederBroadcasterBondingMultipleThreeLinkTest.testInit(FeederBroadcasterBondingMultipleThreeLinkTest.java:20)
</failure>
  </testcase>
  <testcase classname="com.zixi.load.testing.FeederBroadcasterBondingMultipleThreeLinkTest" name="beforeTes" time="0.003">
    <skipped/>
  </testcase>
  <testcase classname="com.zixi.load.testing.FeederBroadcasterBondingMultipleThreeLinkTest" name="broadcasterMultiplePullInCreation" time="0">
    <skipped/>
  </testcase>
  <testcase classname="com.zixi.load.testing.FeederBroadcasterBondingMultipleThreeLinkTest" name="afterTest" time="0">
    <skipped/>
  </testcase>
  <testcase classname="com.zixi.testing.BroadcasterUDPOutputStreamCreationTest" name="broadcasterPullInCreation" time="0.528"/>
  <testcase classname="com.zixi.load.testing.BroadcasterRundomInputStreamTest" name="testInit" time="0.582">
    <failure message="com/zixi/load/drivers/BroadcasterRundomInputStreamDriver" type="java.lang.NoClassDefFoundError">java.lang.NoClassDefFoundError: com/zixi/load/drivers/BroadcasterRundomInputStreamDriver
	at com.zixi.load.testing.BroadcasterRundomInputStreamTest.testInit(BroadcasterRundomInputStreamTest.java:18)
</failure>
  </testcase>
  <testcase classname="com.zixi.load.testing.BroadcasterRundomInputStreamTest" name="beforeTes" time="0.583">
    <skipped/>
  </testcase>
  <testcase classname="com.zixi.load.testing.BroadcasterRundomInputStreamTest" name="broadcasterSwitchUdpOut" time="0">
    <skipped/>
  </testcase>
  <testcase classname="com.zixi.load.testing.BroadcasterRundomInputStreamTest" name="afterTest" time="0">
    <skipped/>
  </testcase>
  <testcase classname="com.zixi.testing.BroadcaserSingleOutputStreamDeletionTest" name="broadcasterSingleStreamRemoving" time="0.532"/>
  <testcase classname="com.zixi.load.testing.BroadcaserAllInputStreamDeletorTest" name="testInit" time="0.571">
    <failure message="com/zixi/drivers/drivers/BroadcaserAllInputStreamDeletorDriver" type="java.lang.NoClassDefFoundError">java.lang.NoClassDefFoundError: com/zixi/drivers/drivers/BroadcaserAllInputStreamDeletorDriver
	at com.zixi.load.testing.BroadcaserAllInputStreamDeletorTest.testInit(BroadcaserAllInputStreamDeletorTest.java:15)
</failure>
  </testcase>
  <testcase classname="com.zixi.load.testing.BroadcaserAllInputStreamDeletorTest" name="beforeTes" time="0.572">
    <skipped/>
  </testcase>
  <testcase classname="com.zixi.load.testing.BroadcaserAllInputStreamDeletorTest" name="broadcasterDeleteAllInputs" time="0">
    <skipped/>
  </testcase>
  <testcase classname="com.zixi.load.testing.BroadcaserAllInputStreamDeletorTest" name="afterTest" time="0">
    <skipped/>
  </testcase>
  <testcase classname="com.zixi.load.testing.FeederMultipleDeletionTest" name="testInit" time="0.001">
    <failure message="com/zixi/load/drivers/FeederMultipleDeletionDriver" type="java.lang.NoClassDefFoundError">java.lang.NoClassDefFoundError: com/zixi/load/drivers/FeederMultipleDeletionDriver
	at com.zixi.load.testing.FeederMultipleDeletionTest.testInit(FeederMultipleDeletionTest.java:20)
</failure>
  </testcase>
  <testcase classname="com.zixi.load.testing.FeederMultipleDeletionTest" name="beforeTes" time="0.002">
    <skipped/>
  </testcase>
  <testcase classname="com.zixi.load.testing.FeederMultipleDeletionTest" name="broadcasterMultiplePullInCreation" time="0">
    <skipped/>
  </testcase>
  <testcase classname="com.zixi.load.testing.FeederMultipleDeletionTest" name="afterTest" time="0">
    <skipped/>
  </testcase>
  <testcase classname="com.zixi.testing.FeederOutputPushToBxTest" name="testInit" time="0.001">
    <failure message="com/zixi/drivers/drivers/FeederOutputPushToBxDriver" type="java.lang.NoClassDefFoundError">java.lang.NoClassDefFoundError: com/zixi/drivers/drivers/FeederOutputPushToBxDriver
	at com.zixi.testing.FeederOutputPushToBxTest.testInit(FeederOutputPushToBxTest.java:14)
</failure>
  </testcase>
  <testcase classname="com.zixi.testing.FeederOutputPushToBxTest" name="beforeTes" time="0.002">
    <skipped/>
  </testcase>
  <testcase classname="com.zixi.testing.FeederOutputPushToBxTest" name="feederBondedPushOutputCreationTest" time="0">
    <skipped/>
  </testcase>
  <testcase classname="com.zixi.testing.FeederOutputPushToBxTest" name="afterTest" time="0">
    <skipped/>
  </testcase>
  <testcase classname="com.zixi.testing.BroadcasterPushInStreamCreationTest" name="testInit" time="0.001">
    <failure message="com/zixi/drivers/drivers/BroadcasterPushInStreamCreationDriver" type="java.lang.NoClassDefFoundError">java.lang.NoClassDefFoundError: com/zixi/drivers/drivers/BroadcasterPushInStreamCreationDriver
	at com.zixi.testing.BroadcasterPushInStreamCreationTest.testInit(BroadcasterPushInStreamCreationTest.java:13)
</failure>
  </testcase>
  <testcase classname="com.zixi.testing.BroadcasterPushInStreamCreationTest" name="beforeTes" time="0.002">
    <skipped/>
  </testcase>
  <testcase classname="com.zixi.testing.BroadcasterPushInStreamCreationTest" name="broadcasterSingleStreamRemoving" time="0">
    <skipped/>
  </testcase>
  <testcase classname="com.zixi.testing.BroadcasterPushInStreamCreationTest" name="afterTest" time="0">
    <skipped/>
  </testcase>
  <testcase classname="com.zixi.testing.BroadcasterUDPOutputStreamCreationTest" name="broadcasterPullInCreation" time="0.535"/>
  <testcase classname="com.zixi.testing.FFMPEGBondingBackupTest" name="testInit" time="0.57">
    <failure message="com/zixi/drivers/drivers/FFMPEGImageStatisticTestDriver" type="java.lang.NoClassDefFoundError">java.lang.NoClassDefFoundError: com/zixi/drivers/drivers/FFMPEGImageStatisticTestDriver
	at com.zixi.testing.FFMPEGBondingBackupTest.testInit(FFMPEGBondingBackupTest.java:15)
Caused by: java.lang.ClassNotFoundException: com.zixi.drivers.drivers.FFMPEGImageStatisticTestDriver
	at java.net.URLClassLoader$1.run(Unknown Source)
	at java.net.URLClassLoader$1.run(Unknown Source)
	at java.security.AccessController.doPrivileged(Native Method)
	at java.net.URLClassLoader.findClass(Unknown Source)
	at java.lang.ClassLoader.loadClass(Unknown Source)
	at sun.misc.Launcher$AppClassLoader.loadClass(Unknown Source)
	at java.lang.ClassLoader.loadClass(Unknown Source)
	... 31 more
</failure>
  </testcase>
  <testcase classname="com.zixi.testing.FFMPEGBondingBackupTest" name="beforeTes" time="0.572">
    <skipped/>
  </testcase>
  <testcase classname="com.zixi.testing.FFMPEGBondingBackupTest" name="ffmpegBondingTestBackUpScenarioFullLimitation" time="0">
    <skipped/>
  </testcase>
  <testcase classname="com.zixi.testing.FFMPEGBondingBackupTest" name="afterTest" time="0">
    <skipped/>
  </testcase>
  <testcase classname="com.zixi.testing.FeederBondedOutputDeletioinTest" name="testInit" time="0">
    <failure message="com/zixi/drivers/drivers/FeederOutputDeletionDriver" type="java.lang.NoClassDefFoundError">java.lang.NoClassDefFoundError: com/zixi/drivers/drivers/FeederOutputDeletionDriver
	at com.zixi.testing.FeederBondedOutputDeletioinTest.testInit(FeederBondedOutputDeletioinTest.java:13)
</failure>
  </testcase>
  <testcase classname="com.zixi.testing.FeederBondedOutputDeletioinTest" name="beforeTes" time="0.001">
    <skipped/>
  </testcase>
  <testcase classname="com.zixi.testing.FeederBondedOutputDeletioinTest" name="broadcasterBondedTwoLinkStreamRemoving" time="0">
    <skipped/>
  </testcase>
  <testcase classname="com.zixi.testing.FeederBondedOutputDeletioinTest" name="afterTest" time="0">
    <skipped/>
  </testcase>
  <testcase classname="com.zixi.testing.BroadcasterSingleInputStreamDeletionTest" name="testInit" time="0">
    <failure message="com/zixi/drivers/drivers/BroadcasterSingleInputStreamDeletionDriver" type="java.lang.NoClassDefFoundError">java.lang.NoClassDefFoundError: com/zixi/drivers/drivers/BroadcasterSingleInputStreamDeletionDriver
	at com.zixi.testing.BroadcasterSingleInputStreamDeletionTest.testInit(BroadcasterSingleInputStreamDeletionTest.java:14)
</failure>
  </testcase>
  <testcase classname="com.zixi.testing.BroadcasterSingleInputStreamDeletionTest" name="beforeTes" time="0.001">
    <skipped/>
  </testcase>
  <testcase classname="com.zixi.testing.BroadcasterSingleInputStreamDeletionTest" name="broadcasterInputStreamDeletion" time="0">
    <skipped/>
  </testcase>
  <testcase classname="com.zixi.testing.BroadcasterSingleInputStreamDeletionTest" name="afterTest" time="0">
    <skipped/>
  </testcase>
  <testcase classname="com.zixi.testing.BroadcaserSingleOutputStreamDeletionTest" name="broadcasterSingleStreamRemoving" time="0.555"/>
  <testcase classname="com.zixi.testing.FeederOutputPushToBxTest" name="testInit" time="0.588">
    <failure message="com/zixi/drivers/drivers/FeederOutputPushToBxDriver" type="java.lang.NoClassDefFoundError">java.lang.NoClassDefFoundError: com/zixi/drivers/drivers/FeederOutputPushToBxDriver
	at com.zixi.testing.FeederOutputPushToBxTest.testInit(FeederOutputPushToBxTest.java:14)
</failure>
  </testcase>
  <testcase classname="com.zixi.testing.FeederOutputPushToBxTest" name="beforeTes" time="0.589">
    <skipped/>
  </testcase>
  <testcase classname="com.zixi.testing.FeederOutputPushToBxTest" name="feederBondedPushOutputCreationTest" time="0">
    <skipped/>
  </testcase>
  <testcase classname="com.zixi.testing.FeederOutputPushToBxTest" name="afterTest" time="0">
    <skipped/>
  </testcase>
  <testcase classname="com.zixi.testing.BroadcasterPushInStreamCreationTest" name="testInit" time="0">
    <failure message="com/zixi/drivers/drivers/BroadcasterPushInStreamCreationDriver" type="java.lang.NoClassDefFoundError">java.lang.NoClassDefFoundError: com/zixi/drivers/drivers/BroadcasterPushInStreamCreationDriver
	at com.zixi.testing.BroadcasterPushInStreamCreationTest.testInit(BroadcasterPushInStreamCreationTest.java:13)
</failure>
  </testcase>
  <testcase classname="com.zixi.testing.BroadcasterPushInStreamCreationTest" name="beforeTes" time="0">
    <skipped/>
  </testcase>
  <testcase classname="com.zixi.testing.BroadcasterPushInStreamCreationTest" name="broadcasterSingleStreamRemoving" time="0">
    <skipped/>
  </testcase>
  <testcase classname="com.zixi.testing.BroadcasterPushInStreamCreationTest" name="afterTest" time="0">
    <skipped/>
  </testcase>
  <testcase classname="com.zixi.testing.BroadcasterUDPOutputStreamCreationTest" name="broadcasterPullInCreation" time="0.479"/>
  <testcase classname="com.zixi.testing.FFMPEGBondingBackupTest" name="testInit" time="0.513">
    <failure message="com/zixi/drivers/drivers/FFMPEGImageStatisticTestDriver" type="java.lang.NoClassDefFoundError">java.lang.NoClassDefFoundError: com/zixi/drivers/drivers/FFMPEGImageStatisticTestDriver
	at com.zixi.testing.FFMPEGBondingBackupTest.testInit(FFMPEGBondingBackupTest.java:15)
</failure>
  </testcase>
  <testcase classname="com.zixi.testing.FFMPEGBondingBackupTest" name="beforeTes" time="0.514">
    <skipped/>
  </testcase>
  <testcase classname="com.zixi.testing.FFMPEGBondingBackupTest" name="ffmpegBondingTestBackUpScenarioFullLimitation" time="0">
    <skipped/>
  </testcase>
  <testcase classname="com.zixi.testing.FFMPEGBondingBackupTest" name="afterTest" time="0">
    <skipped/>
  </testcase>
  <testcase classname="com.zixi.testing.FeederBondedOutputDeletioinTest" name="testInit" time="0.001">
    <failure message="com/zixi/drivers/drivers/FeederOutputDeletionDriver" type="java.lang.NoClassDefFoundError">java.lang.NoClassDefFoundError: com/zixi/drivers/drivers/FeederOutputDeletionDriver
	at com.zixi.testing.FeederBondedOutputDeletioinTest.testInit(FeederBondedOutputDeletioinTest.java:13)
</failure>
  </testcase>
  <testcase classname="com.zixi.testing.FeederBondedOutputDeletioinTest" name="beforeTes" time="0.003">
    <skipped/>
  </testcase>
  <testcase classname="com.zixi.testing.FeederBondedOutputDeletioinTest" name="broadcasterBondedTwoLinkStreamRemoving" time="0">
    <skipped/>
  </testcase>
  <testcase classname="com.zixi.testing.FeederBondedOutputDeletioinTest" name="afterTest" time="0">
    <skipped/>
  </testcase>
  <testcase classname="com.zixi.testing.BroadcasterSingleInputStreamDeletionTest" name="testInit" time="0">
    <failure message="com/zixi/drivers/drivers/BroadcasterSingleInputStreamDeletionDriver" type="java.lang.NoClassDefFoundError">java.lang.NoClassDefFoundError: com/zixi/drivers/drivers/BroadcasterSingleInputStreamDeletionDriver
	at com.zixi.testing.BroadcasterSingleInputStreamDeletionTest.testInit(BroadcasterSingleInputStreamDeletionTest.java:14)
</failure>
  </testcase>
  <testcase classname="com.zixi.testing.BroadcasterSingleInputStreamDeletionTest" name="beforeTes" time="0.001">
    <skipped/>
  </testcase>
  <testcase classname="com.zixi.testing.BroadcasterSingleInputStreamDeletionTest" name="broadcasterInputStreamDeletion" time="0">
    <skipped/>
  </testcase>
  <testcase classname="com.zixi.testing.BroadcasterSingleInputStreamDeletionTest" name="afterTest" time="0">
    <skipped/>
  </testcase>
  <testcase classname="com.zixi.testing.BroadcaserSingleOutputStreamDeletionTest" name="broadcasterSingleStreamRemoving" time="0.576"/>
  <testcase classname="com.zixi.testing.FeederPostKeyTest" name="testInit" time="0.612">
    <failure message="com/zixi/drivers/drivers/FeederPostKeyDriver" type="java.lang.NoClassDefFoundError">java.lang.NoClassDefFoundError: com/zixi/drivers/drivers/FeederPostKeyDriver
	at com.zixi.testing.FeederPostKeyTest.testInit(FeederPostKeyTest.java:16)
Caused by: java.lang.ClassNotFoundException: com.zixi.drivers.drivers.FeederPostKeyDriver
	at java.net.URLClassLoader$1.run(Unknown Source)
	at java.net.URLClassLoader$1.run(Unknown Source)
	at java.security.AccessController.doPrivileged(Native Method)
	at java.net.URLClassLoader.findClass(Unknown Source)
	at java.lang.ClassLoader.loadClass(Unknown Source)
	at sun.misc.Launcher$AppClassLoader.loadClass(Unknown Source)
	at java.lang.ClassLoader.loadClass(Unknown Source)
	... 31 more
</failure>
  </testcase>
  <testcase classname="com.zixi.testing.FeederPostKeyTest" name="beforeTes" time="0.612">
    <skipped/>
  </testcase>
  <testcase classname="com.zixi.testing.FeederPostKeyTest" name="uploadPrivateKeyToFeeder" time="0">
    <skipped/>
  </testcase>
  <testcase classname="com.zixi.testing.FeederPostKeyTest" name="afterTest" time="0">
    <skipped/>
  </testcase>
  <testcase classname="com.zixi.testing.FeederSettingsTest" name="testInit" time="0">
    <failure message="com/zixi/drivers/drivers/FeederSettingsDriver" type="java.lang.NoClassDefFoundError">java.lang.NoClassDefFoundError: com/zixi/drivers/drivers/FeederSettingsDriver
	at com.zixi.testing.FeederSettingsTest.testInit(FeederSettingsTest.java:15)
Caused by: java.lang.ClassNotFoundException: com.zixi.drivers.drivers.FeederSettingsDriver
	at java.net.URLClassLoader$1.run(Unknown Source)
	at java.net.URLClassLoader$1.run(Unknown Source)
	at java.security.AccessController.doPrivileged(Native Method)
	at java.net.URLClassLoader.findClass(Unknown Source)
	at java.lang.ClassLoader.loadClass(Unknown Source)
	at sun.misc.Launcher$AppClassLoader.loadClass(Unknown Source)
	at java.lang.ClassLoader.loadClass(Unknown Source)
	... 31 more
</failure>
  </testcase>
  <testcase classname="com.zixi.testing.FeederSettingsTest" name="beforeTes" time="0.001">
    <skipped/>
  </testcase>
  <testcase classname="com.zixi.testing.FeederSettingsTest" name="uploadPrivateKeyToFeeder" time="0">
    <skipped/>
  </testcase>
  <testcase classname="com.zixi.testing.FeederSettingsTest" name="afterTest" time="0">
    <skipped/>
  </testcase>
  <testcase classname="com.zixi.testing.FeederReverseTunnelParametersTest" name="testInit" time="0">
    <failure message="com/zixi/drivers/drivers/FeederReverseTunnelParametersDriver" type="java.lang.NoClassDefFoundError">java.lang.NoClassDefFoundError: com/zixi/drivers/drivers/FeederReverseTunnelParametersDriver
	at com.zixi.testing.FeederReverseTunnelParametersTest.testInit(FeederReverseTunnelParametersTest.java:14)
Caused by: java.lang.ClassNotFoundException: com.zixi.drivers.drivers.FeederReverseTunnelParametersDriver
	at java.net.URLClassLoader$1.run(Unknown Source)
	at java.net.URLClassLoader$1.run(Unknown Source)
	at java.security.AccessController.doPrivileged(Native Method)
	at java.net.URLClassLoader.findClass(Unknown Source)
	at java.lang.ClassLoader.loadClass(Unknown Source)
	at sun.misc.Launcher$AppClassLoader.loadClass(Unknown Source)
	at java.lang.ClassLoader.loadClass(Unknown Source)
	... 31 more
</failure>
  </testcase>
  <testcase classname="com.zixi.testing.FeederReverseTunnelParametersTest" name="beforeTes" time="0">
    <skipped/>
  </testcase>
  <testcase classname="com.zixi.testing.FeederReverseTunnelParametersTest" name="uploadPrivateKeyToFeeder" time="0">
    <skipped/>
  </testcase>
  <testcase classname="com.zixi.testing.FeederReverseTunnelParametersTest" name="afterTest" time="0">
    <skipped/>
  </testcase>
  <testcase classname="com.zixi.testing.FeederReverseTunnelTest" name="testInit" time="0.001">
    <failure message="com/zixi/drivers/drivers/FeederReverseTunnelDriver" type="java.lang.NoClassDefFoundError">java.lang.NoClassDefFoundError: com/zixi/drivers/drivers/FeederReverseTunnelDriver
	at com.zixi.testing.FeederReverseTunnelTest.testInit(FeederReverseTunnelTest.java:17)
Caused by: java.lang.ClassNotFoundException: com.zixi.drivers.drivers.FeederReverseTunnelDriver
	at java.net.URLClassLoader$1.run(Unknown Source)
	at java.net.URLClassLoader$1.run(Unknown Source)
	at java.security.AccessController.doPrivileged(Native Method)
	at java.net.URLClassLoader.findClass(Unknown Source)
	at java.lang.ClassLoader.loadClass(Unknown Source)
	at sun.misc.Launcher$AppClassLoader.loadClass(Unknown Source)
	at java.lang.ClassLoader.loadClass(Unknown Source)
	... 31 more
</failure>
  </testcase>
  <testcase classname="com.zixi.testing.FeederReverseTunnelTest" name="beforeTes" time="0.001">
    <skipped/>
  </testcase>
  <testcase classname="com.zixi.testing.FeederReverseTunnelTest" name="uploadPrivateKeyToFeeder" time="0">
    <skipped/>
  </testcase>
  <testcase classname="com.zixi.testing.FeederReverseTunnelTest" name="afterTest" time="0">
    <skipped/>
  </testcase>
  <testcase classname="com.zixi.testing.FeederOutputPushToBxTest" name="testInit" time="0">
    <failure message="com/zixi/drivers/drivers/FeederOutputPushToBxDriver" type="java.lang.NoClassDefFoundError">java.lang.NoClassDefFoundError: com/zixi/drivers/drivers/FeederOutputPushToBxDriver
	at com.zixi.testing.FeederOutputPushToBxTest.testInit(FeederOutputPushToBxTest.java:14)
</failure>
  </testcase>
  <testcase classname="com.zixi.testing.FeederOutputPushToBxTest" name="beforeTes" time="0">
    <skipped/>
  </testcase>
  <testcase classname="com.zixi.testing.FeederOutputPushToBxTest" name="feederOutputToBxTest" time="0">
    <skipped/>
  </testcase>
  <testcase classname="com.zixi.testing.FeederOutputPushToBxTest" name="afterTest" time="0">
    <skipped/>
  </testcase>
  <testcase classname="com.zixi.testing.BroadcasterPushInStreamCreationTest" name="testInit" time="0">
    <failure message="com/zixi/drivers/drivers/BroadcasterPushInStreamCreationDriver" type="java.lang.NoClassDefFoundError">java.lang.NoClassDefFoundError: com/zixi/drivers/drivers/BroadcasterPushInStreamCreationDriver
	at com.zixi.testing.BroadcasterPushInStreamCreationTest.testInit(BroadcasterPushInStreamCreationTest.java:13)
</failure>
  </testcase>
  <testcase classname="com.zixi.testing.BroadcasterPushInStreamCreationTest" name="beforeTes" time="0.001">
    <skipped/>
  </testcase>
  <testcase classname="com.zixi.testing.BroadcasterPushInStreamCreationTest" name="broadcasterSingleStreamRemoving" time="0">
    <skipped/>
  </testcase>
  <testcase classname="com.zixi.testing.BroadcasterPushInStreamCreationTest" name="afterTest" time="0">
    <skipped/>
  </testcase>
  <testcase classname="com.zixi.testing.BroadcasterInputStatisticSingleStreamTest" name="broadcasterSingleInputStreamStatisticAnilyzer" time="10.732">
    <failure message="JSONObject[&quot;net&quot;] not found." type="org.json.JSONException">org.json.JSONException: JSONObject[&quot;net&quot;] not found.
	at org.json.JSONObject.get(JSONObject.java:476)
	at org.json.JSONObject.getJSONObject(JSONObject.java:576)
	at com.zixi.tools.StreamStatisticAnalyzer.getStatBitrate(StreamStatisticAnalyzer.java:11)
	at com.zixi.drivers.drivers.BroadcasterInputStatisticSingleStreamDriver.testStatistic(BroadcasterInputStatisticSingleStreamDriver.java:61)
	at com.zixi.testing.BroadcasterInputStatisticSingleStreamTest.broadcasterSingleInputStreamStatisticAnilyzer(BroadcasterInputStatisticSingleStreamTest.java:33)
</failure>
  </testcase>
  <testcase classname="com.zixi.testing.FeederOutputDeletioinTest" name="testInit" time="10.769">
    <failure message="com/zixi/drivers/drivers/FeederOutputDeletionDriver" type="java.lang.NoClassDefFoundError">java.lang.NoClassDefFoundError: com/zixi/drivers/drivers/FeederOutputDeletionDriver
	at com.zixi.testing.FeederOutputDeletioinTest.testInit(FeederOutputDeletioinTest.java:13)
</failure>
  </testcase>
  <testcase classname="com.zixi.testing.FeederOutputDeletioinTest" name="beforeTes" time="10.77">
    <skipped/>
  </testcase>
  <testcase classname="com.zixi.testing.FeederOutputDeletioinTest" name="broadcasterSingleStreamRemoving" time="0">
    <skipped/>
  </testcase>
  <testcase classname="com.zixi.testing.FeederOutputDeletioinTest" name="afterTest" time="0">
    <skipped/>
  </testcase>
  <testcase classname="com.zixi.testing.BroadcasterSingleInputStreamDeletionTest" name="testInit" time="0.001">
    <failure message="com/zixi/drivers/drivers/BroadcasterSingleInputStreamDeletionDriver" type="java.lang.NoClassDefFoundError">java.lang.NoClassDefFoundError: com/zixi/drivers/drivers/BroadcasterSingleInputStreamDeletionDriver
	at com.zixi.testing.BroadcasterSingleInputStreamDeletionTest.testInit(BroadcasterSingleInputStreamDeletionTest.java:14)
</failure>
  </testcase>
  <testcase classname="com.zixi.testing.BroadcasterSingleInputStreamDeletionTest" name="beforeTes" time="0.002">
    <skipped/>
  </testcase>
  <testcase classname="com.zixi.testing.BroadcasterSingleInputStreamDeletionTest" name="broadcasterInputStreamDeletion" time="0">
    <skipped/>
  </testcase>
  <testcase classname="com.zixi.testing.BroadcasterSingleInputStreamDeletionTest" name="afterTest" time="0">
    <skipped/>
  </testcase>
  <testcase classname="com.zixi.testing.FeederOutputPushToBxTest" name="testInit" time="0">
    <failure message="com/zixi/drivers/drivers/FeederOutputPushToBxDriver" type="java.lang.NoClassDefFoundError">java.lang.NoClassDefFoundError: com/zixi/drivers/drivers/FeederOutputPushToBxDriver
	at com.zixi.testing.FeederOutputPushToBxTest.testInit(FeederOutputPushToBxTest.java:14)
</failure>
  </testcase>
  <testcase classname="com.zixi.testing.FeederOutputPushToBxTest" name="beforeTes" time="0.001">
    <skipped/>
  </testcase>
  <testcase classname="com.zixi.testing.FeederOutputPushToBxTest" name="feederOutputToBxTest" time="0.001">
    <skipped/>
  </testcase>
  <testcase classname="com.zixi.testing.FeederOutputPushToBxTest" name="afterTest" time="0.001">
    <skipped/>
  </testcase>
  <testcase classname="com.zixi.testing.BroadcasterPushInStreamCreationTest" name="testInit" time="0.001">
    <failure message="com/zixi/drivers/drivers/BroadcasterPushInStreamCreationDriver" type="java.lang.NoClassDefFoundError">java.lang.NoClassDefFoundError: com/zixi/drivers/drivers/BroadcasterPushInStreamCreationDriver
	at com.zixi.testing.BroadcasterPushInStreamCreationTest.testInit(BroadcasterPushInStreamCreationTest.java:13)
</failure>
  </testcase>
  <testcase classname="com.zixi.testing.BroadcasterPushInStreamCreationTest" name="beforeTes" time="0.002">
    <skipped/>
  </testcase>
  <testcase classname="com.zixi.testing.BroadcasterPushInStreamCreationTest" name="broadcasterSingleStreamRemoving" time="0">
    <skipped/>
  </testcase>
  <testcase classname="com.zixi.testing.BroadcasterPushInStreamCreationTest" name="afterTest" time="0">
    <skipped/>
  </testcase>
  <testcase classname="com.zixi.testing.BroadcasterInputStatisticSingleStreamTest" name="broadcasterSingleInputStreamStatisticAnilyzer" time="10.767">
    <failure message="JSONObject[&quot;net&quot;] not found." type="org.json.JSONException">org.json.JSONException: JSONObject[&quot;net&quot;] not found.
	at org.json.JSONObject.get(JSONObject.java:476)
	at org.json.JSONObject.getJSONObject(JSONObject.java:576)
	at com.zixi.tools.StreamStatisticAnalyzer.getStatBitrate(StreamStatisticAnalyzer.java:11)
	at com.zixi.drivers.drivers.BroadcasterInputStatisticSingleStreamDriver.testStatistic(BroadcasterInputStatisticSingleStreamDriver.java:61)
	at com.zixi.testing.BroadcasterInputStatisticSingleStreamTest.broadcasterSingleInputStreamStatisticAnilyzer(BroadcasterInputStatisticSingleStreamTest.java:33)
</failure>
  </testcase>
  <testcase classname="com.zixi.testing.FeederOutputDeletioinTest" name="testInit" time="10.809">
    <failure message="com/zixi/drivers/drivers/FeederOutputDeletionDriver" type="java.lang.NoClassDefFoundError">java.lang.NoClassDefFoundError: com/zixi/drivers/drivers/FeederOutputDeletionDriver
	at com.zixi.testing.FeederOutputDeletioinTest.testInit(FeederOutputDeletioinTest.java:13)
</failure>
  </testcase>
  <testcase classname="com.zixi.testing.FeederOutputDeletioinTest" name="beforeTes" time="10.81">
    <skipped/>
  </testcase>
  <testcase classname="com.zixi.testing.FeederOutputDeletioinTest" name="broadcasterSingleStreamRemoving" time="0">
    <skipped/>
  </testcase>
  <testcase classname="com.zixi.testing.FeederOutputDeletioinTest" name="afterTest" time="0">
    <skipped/>
  </testcase>
  <testcase classname="com.zixi.testing.BroadcasterSingleInputStreamDeletionTest" name="testInit" time="0">
    <failure message="com/zixi/drivers/drivers/BroadcasterSingleInputStreamDeletionDriver" type="java.lang.NoClassDefFoundError">java.lang.NoClassDefFoundError: com/zixi/drivers/drivers/BroadcasterSingleInputStreamDeletionDriver
	at com.zixi.testing.BroadcasterSingleInputStreamDeletionTest.testInit(BroadcasterSingleInputStreamDeletionTest.java:14)
</failure>
  </testcase>
  <testcase classname="com.zixi.testing.BroadcasterSingleInputStreamDeletionTest" name="beforeTes" time="0.001">
    <skipped/>
  </testcase>
  <testcase classname="com.zixi.testing.BroadcasterSingleInputStreamDeletionTest" name="broadcasterInputStreamDeletion" time="0">
    <skipped/>
  </testcase>
  <testcase classname="com.zixi.testing.BroadcasterSingleInputStreamDeletionTest" name="afterTest" time="0">
    <skipped/>
  </testcase>
  <testcase classname="com.zixi.testing.FeederOutputPushToBxTest" name="testInit" time="0.001">
    <failure message="com/zixi/drivers/drivers/FeederOutputPushToBxDriver" type="java.lang.NoClassDefFoundError">java.lang.NoClassDefFoundError: com/zixi/drivers/drivers/FeederOutputPushToBxDriver
	at com.zixi.testing.FeederOutputPushToBxTest.testInit(FeederOutputPushToBxTest.java:14)
</failure>
  </testcase>
  <testcase classname="com.zixi.testing.FeederOutputPushToBxTest" name="beforeTes" time="0.002">
    <skipped/>
  </testcase>
  <testcase classname="com.zixi.testing.FeederOutputPushToBxTest" name="feederOutputToBxTest" time="0">
    <skipped/>
  </testcase>
  <testcase classname="com.zixi.testing.FeederOutputPushToBxTest" name="afterTest" time="0">
    <skipped/>
  </testcase>
  <testcase classname="com.zixi.testing.BroadcasterPushInStreamCreationTest" name="testInit" time="0">
    <failure message="com/zixi/drivers/drivers/BroadcasterPushInStreamCreationDriver" type="java.lang.NoClassDefFoundError">java.lang.NoClassDefFoundError: com/zixi/drivers/drivers/BroadcasterPushInStreamCreationDriver
	at com.zixi.testing.BroadcasterPushInStreamCreationTest.testInit(BroadcasterPushInStreamCreationTest.java:13)
</failure>
  </testcase>
  <testcase classname="com.zixi.testing.BroadcasterPushInStreamCreationTest" name="beforeTes" time="0.001">
    <skipped/>
  </testcase>
  <testcase classname="com.zixi.testing.BroadcasterPushInStreamCreationTest" name="broadcasterSingleStreamRemoving" time="0">
    <skipped/>
  </testcase>
  <testcase classname="com.zixi.testing.BroadcasterPushInStreamCreationTest" name="afterTest" time="0">
    <skipped/>
  </testcase>
  <testcase classname="com.zixi.testing.BroadcasterInputStatisticSingleStreamTest" name="broadcasterSingleInputStreamStatisticAnilyzer" time="10.798">
    <failure message="JSONObject[&quot;net&quot;] not found." type="org.json.JSONException">org.json.JSONException: JSONObject[&quot;net&quot;] not found.
	at org.json.JSONObject.get(JSONObject.java:476)
	at org.json.JSONObject.getJSONObject(JSONObject.java:576)
	at com.zixi.tools.StreamStatisticAnalyzer.getStatBitrate(StreamStatisticAnalyzer.java:11)
	at com.zixi.drivers.drivers.BroadcasterInputStatisticSingleStreamDriver.testStatistic(BroadcasterInputStatisticSingleStreamDriver.java:61)
	at com.zixi.testing.BroadcasterInputStatisticSingleStreamTest.broadcasterSingleInputStreamStatisticAnilyzer(BroadcasterInputStatisticSingleStreamTest.java:33)
</failure>
  </testcase>
  <testcase classname="com.zixi.testing.FeederOutputDeletioinTest" name="testInit" time="10.885">
    <failure message="com/zixi/drivers/drivers/FeederOutputDeletionDriver" type="java.lang.NoClassDefFoundError">java.lang.NoClassDefFoundError: com/zixi/drivers/drivers/FeederOutputDeletionDriver
	at com.zixi.testing.FeederOutputDeletioinTest.testInit(FeederOutputDeletioinTest.java:13)
</failure>
  </testcase>
  <testcase classname="com.zixi.testing.FeederOutputDeletioinTest" name="beforeTes" time="10.886">
    <skipped/>
  </testcase>
  <testcase classname="com.zixi.testing.FeederOutputDeletioinTest" name="broadcasterSingleStreamRemoving" time="0">
    <skipped/>
  </testcase>
  <testcase classname="com.zixi.testing.FeederOutputDeletioinTest" name="afterTest" time="0">
    <skipped/>
  </testcase>
  <testcase classname="com.zixi.testing.BroadcasterSingleInputStreamDeletionTest" name="testInit" time="0.001">
    <failure message="com/zixi/drivers/drivers/BroadcasterSingleInputStreamDeletionDriver" type="java.lang.NoClassDefFoundError">java.lang.NoClassDefFoundError: com/zixi/drivers/drivers/BroadcasterSingleInputStreamDeletionDriver
	at com.zixi.testing.BroadcasterSingleInputStreamDeletionTest.testInit(BroadcasterSingleInputStreamDeletionTest.java:14)
</failure>
  </testcase>
  <testcase classname="com.zixi.testing.BroadcasterSingleInputStreamDeletionTest" name="beforeTes" time="0.001">
    <skipped/>
  </testcase>
  <testcase classname="com.zixi.testing.BroadcasterSingleInputStreamDeletionTest" name="broadcasterInputStreamDeletion" time="0">
    <skipped/>
  </testcase>
  <testcase classname="com.zixi.testing.BroadcasterSingleInputStreamDeletionTest" name="afterTest" time="0">
    <skipped/>
  </testcase>
  <testcase classname="com.zixi.testing.FeederOutputPushToBxTest" name="testInit" time="0">
    <failure message="com/zixi/drivers/drivers/FeederOutputPushToBxDriver" type="java.lang.NoClassDefFoundError">java.lang.NoClassDefFoundError: com/zixi/drivers/drivers/FeederOutputPushToBxDriver
	at com.zixi.testing.FeederOutputPushToBxTest.testInit(FeederOutputPushToBxTest.java:14)
</failure>
  </testcase>
  <testcase classname="com.zixi.testing.FeederOutputPushToBxTest" name="beforeTes" time="0.001">
    <skipped/>
  </testcase>
  <testcase classname="com.zixi.testing.FeederOutputPushToBxTest" name="feederOutputToBxTest" time="0">
    <skipped/>
  </testcase>
  <testcase classname="com.zixi.testing.FeederOutputPushToBxTest" name="afterTest" time="0">
    <skipped/>
  </testcase>
  <testcase classname="com.zixi.testing.BroadcasterPushInStreamCreationTest" name="testInit" time="0.001">
    <failure message="com/zixi/drivers/drivers/BroadcasterPushInStreamCreationDriver" type="java.lang.NoClassDefFoundError">java.lang.NoClassDefFoundError: com/zixi/drivers/drivers/BroadcasterPushInStreamCreationDriver
	at com.zixi.testing.BroadcasterPushInStreamCreationTest.testInit(BroadcasterPushInStreamCreationTest.java:13)
</failure>
  </testcase>
  <testcase classname="com.zixi.testing.BroadcasterPushInStreamCreationTest" name="beforeTes" time="0.002">
    <skipped/>
  </testcase>
  <testcase classname="com.zixi.testing.BroadcasterPushInStreamCreationTest" name="broadcasterSingleStreamRemoving" time="0">
    <skipped/>
  </testcase>
  <testcase classname="com.zixi.testing.BroadcasterPushInStreamCreationTest" name="afterTest" time="0">
    <skipped/>
  </testcase>
  <testcase classname="com.zixi.testing.BroadcasterInputStatisticSingleStreamTest" name="broadcasterSingleInputStreamStatisticAnilyzer" time="10.762">
    <failure message="JSONObject[&quot;net&quot;] not found." type="org.json.JSONException">org.json.JSONException: JSONObject[&quot;net&quot;] not found.
	at org.json.JSONObject.get(JSONObject.java:476)
	at org.json.JSONObject.getJSONObject(JSONObject.java:576)
	at com.zixi.tools.StreamStatisticAnalyzer.getStatBitrate(StreamStatisticAnalyzer.java:11)
	at com.zixi.drivers.drivers.BroadcasterInputStatisticSingleStreamDriver.testStatistic(BroadcasterInputStatisticSingleStreamDriver.java:61)
	at com.zixi.testing.BroadcasterInputStatisticSingleStreamTest.broadcasterSingleInputStreamStatisticAnilyzer(BroadcasterInputStatisticSingleStreamTest.java:33)
</failure>
  </testcase>
  <testcase classname="com.zixi.testing.FeederOutputDeletioinTest" name="testInit" time="10.82">
    <failure message="com/zixi/drivers/drivers/FeederOutputDeletionDriver" type="java.lang.NoClassDefFoundError">java.lang.NoClassDefFoundError: com/zixi/drivers/drivers/FeederOutputDeletionDriver
	at com.zixi.testing.FeederOutputDeletioinTest.testInit(FeederOutputDeletioinTest.java:13)
</failure>
  </testcase>
  <testcase classname="com.zixi.testing.FeederOutputDeletioinTest" name="beforeTes" time="10.82">
    <skipped/>
  </testcase>
  <testcase classname="com.zixi.testing.FeederOutputDeletioinTest" name="broadcasterSingleStreamRemoving" time="0">
    <skipped/>
  </testcase>
  <testcase classname="com.zixi.testing.FeederOutputDeletioinTest" name="afterTest" time="0">
    <skipped/>
  </testcase>
  <testcase classname="com.zixi.testing.BroadcasterSingleInputStreamDeletionTest" name="testInit" time="0">
    <failure message="com/zixi/drivers/drivers/BroadcasterSingleInputStreamDeletionDriver" type="java.lang.NoClassDefFoundError">java.lang.NoClassDefFoundError: com/zixi/drivers/drivers/BroadcasterSingleInputStreamDeletionDriver
	at com.zixi.testing.BroadcasterSingleInputStreamDeletionTest.testInit(BroadcasterSingleInputStreamDeletionTest.java:14)
</failure>
  </testcase>
  <testcase classname="com.zixi.testing.BroadcasterSingleInputStreamDeletionTest" name="beforeTes" time="0">
    <skipped/>
  </testcase>
  <testcase classname="com.zixi.testing.BroadcasterSingleInputStreamDeletionTest" name="broadcasterInputStreamDeletion" time="0">
    <skipped/>
  </testcase>
  <testcase classname="com.zixi.testing.BroadcasterSingleInputStreamDeletionTest" name="afterTest" time="0">
    <skipped/>
  </testcase>
  <testcase classname="com.zixi.testing.FeederOutputPushToBxTest" name="testInit" time="0">
    <failure message="com/zixi/drivers/drivers/FeederOutputPushToBxDriver" type="java.lang.NoClassDefFoundError">java.lang.NoClassDefFoundError: com/zixi/drivers/drivers/FeederOutputPushToBxDriver
	at com.zixi.testing.FeederOutputPushToBxTest.testInit(FeederOutputPushToBxTest.java:14)
</failure>
  </testcase>
  <testcase classname="com.zixi.testing.FeederOutputPushToBxTest" name="beforeTes" time="0">
    <skipped/>
  </testcase>
  <testcase classname="com.zixi.testing.FeederOutputPushToBxTest" name="feederOutputToBxTest" time="0">
    <skipped/>
  </testcase>
  <testcase classname="com.zixi.testing.FeederOutputPushToBxTest" name="afterTest" time="0">
    <skipped/>
  </testcase>
  <testcase classname="com.zixi.testing.BroadcasterPushInStreamCreationTest" name="testInit" time="0">
    <failure message="com/zixi/drivers/drivers/BroadcasterPushInStreamCreationDriver" type="java.lang.NoClassDefFoundError">java.lang.NoClassDefFoundError: com/zixi/drivers/drivers/BroadcasterPushInStreamCreationDriver
	at com.zixi.testing.BroadcasterPushInStreamCreationTest.testInit(BroadcasterPushInStreamCreationTest.java:13)
</failure>
  </testcase>
  <testcase classname="com.zixi.testing.BroadcasterPushInStreamCreationTest" name="beforeTes" time="0.001">
    <skipped/>
  </testcase>
  <testcase classname="com.zixi.testing.BroadcasterPushInStreamCreationTest" name="broadcasterSingleStreamRemoving" time="0">
    <skipped/>
  </testcase>
  <testcase classname="com.zixi.testing.BroadcasterPushInStreamCreationTest" name="afterTest" time="0">
    <skipped/>
  </testcase>
  <testcase classname="com.zixi.testing.BroadcasterInputStatisticSingleStreamTest" name="broadcasterSingleInputStreamStatisticAnilyzer" time="10.748">
    <failure message="JSONObject[&quot;net&quot;] not found." type="org.json.JSONException">org.json.JSONException: JSONObject[&quot;net&quot;] not found.
	at org.json.JSONObject.get(JSONObject.java:476)
	at org.json.JSONObject.getJSONObject(JSONObject.java:576)
	at com.zixi.tools.StreamStatisticAnalyzer.getStatBitrate(StreamStatisticAnalyzer.java:11)
	at com.zixi.drivers.drivers.BroadcasterInputStatisticSingleStreamDriver.testStatistic(BroadcasterInputStatisticSingleStreamDriver.java:61)
	at com.zixi.testing.BroadcasterInputStatisticSingleStreamTest.broadcasterSingleInputStreamStatisticAnilyzer(BroadcasterInputStatisticSingleStreamTest.java:33)
</failure>
  </testcase>
  <testcase classname="com.zixi.testing.FeederOutputDeletioinTest" name="testInit" time="10.784">
    <failure message="com/zixi/drivers/drivers/FeederOutputDeletionDriver" type="java.lang.NoClassDefFoundError">java.lang.NoClassDefFoundError: com/zixi/drivers/drivers/FeederOutputDeletionDriver
	at com.zixi.testing.FeederOutputDeletioinTest.testInit(FeederOutputDeletioinTest.java:13)
</failure>
  </testcase>
  <testcase classname="com.zixi.testing.FeederOutputDeletioinTest" name="beforeTes" time="10.784">
    <skipped/>
  </testcase>
  <testcase classname="com.zixi.testing.FeederOutputDeletioinTest" name="broadcasterSingleStreamRemoving" time="0">
    <skipped/>
  </testcase>
  <testcase classname="com.zixi.testing.FeederOutputDeletioinTest" name="afterTest" time="0">
    <skipped/>
  </testcase>
  <testcase classname="com.zixi.testing.BroadcasterSingleInputStreamDeletionTest" name="testInit" time="0">
    <failure message="com/zixi/drivers/drivers/BroadcasterSingleInputStreamDeletionDriver" type="java.lang.NoClassDefFoundError">java.lang.NoClassDefFoundError: com/zixi/drivers/drivers/BroadcasterSingleInputStreamDeletionDriver
	at com.zixi.testing.BroadcasterSingleInputStreamDeletionTest.testInit(BroadcasterSingleInputStreamDeletionTest.java:14)
</failure>
  </testcase>
  <testcase classname="com.zixi.testing.BroadcasterSingleInputStreamDeletionTest" name="beforeTes" time="0.001">
    <skipped/>
  </testcase>
  <testcase classname="com.zixi.testing.BroadcasterSingleInputStreamDeletionTest" name="broadcasterInputStreamDeletion" time="0">
    <skipped/>
  </testcase>
  <testcase classname="com.zixi.testing.BroadcasterSingleInputStreamDeletionTest" name="afterTest" time="0">
    <skipped/>
  </testcase>
  <testcase classname="com.zixi.testing.BxFileTransferAndVodSettingsTest" name="broadcasterSetBxFileTransferVodSettings" time="0.507"/>
  <testcase classname="com.zixi.testing.FileTransferTest" name="testInit" time="0.544">
    <failure message="com/zixi/drivers/drivers/BroadcasterFileUploadDriver" type="java.lang.NoClassDefFoundError">java.lang.NoClassDefFoundError: com/zixi/drivers/drivers/BroadcasterFileUploadDriver
	at com.zixi.testing.FileTransferTest.testInit(FileTransferTest.java:13)
Caused by: java.lang.ClassNotFoundException: com.zixi.drivers.drivers.BroadcasterFileUploadDriver
	at java.net.URLClassLoader$1.run(Unknown Source)
	at java.net.URLClassLoader$1.run(Unknown Source)
	at java.security.AccessController.doPrivileged(Native Method)
	at java.net.URLClassLoader.findClass(Unknown Source)
	at java.lang.ClassLoader.loadClass(Unknown Source)
	at sun.misc.Launcher$AppClassLoader.loadClass(Unknown Source)
	at java.lang.ClassLoader.loadClass(Unknown Source)
	... 31 more
</failure>
  </testcase>
  <testcase classname="com.zixi.testing.FileTransferTest" name="beforeTes" time="0.544">
    <skipped/>
  </testcase>
  <testcase classname="com.zixi.testing.FileTransferTest" name="fileTransfer" time="0">
    <skipped/>
  </testcase>
  <testcase classname="com.zixi.testing.FileTransferTest" name="afterTest" time="0">
    <skipped/>
  </testcase>
  <testcase classname="com.zixi.testing.FileTransferTest" name="testInit" time="0">
    <failure message="com/zixi/drivers/drivers/BroadcasterFileUploadDriver" type="java.lang.NoClassDefFoundError">java.lang.NoClassDefFoundError: com/zixi/drivers/drivers/BroadcasterFileUploadDriver
	at com.zixi.testing.FileTransferTest.testInit(FileTransferTest.java:13)
</failure>
  </testcase>
  <testcase classname="com.zixi.testing.FileTransferTest" name="beforeTes" time="0">
    <skipped/>
  </testcase>
  <testcase classname="com.zixi.testing.FileTransferTest" name="fileTransfer" time="0">
    <skipped/>
  </testcase>
  <testcase classname="com.zixi.testing.FileTransferTest" name="afterTest" time="0">
    <skipped/>
  </testcase>
  <testcase classname="com.zixi.testing.BroadcasterConfigMulticastPoolTest" name="testInit" time="0.001">
    <failure message="com/zixi/drivers/drivers/BroadcasterConfigMulticastPoolDriver" type="java.lang.NoClassDefFoundError">java.lang.NoClassDefFoundError: com/zixi/drivers/drivers/BroadcasterConfigMulticastPoolDriver
	at com.zixi.testing.BroadcasterConfigMulticastPoolTest.testInit(BroadcasterConfigMulticastPoolTest.java:16)
Caused by: java.lang.ClassNotFoundException: com.zixi.drivers.drivers.BroadcasterConfigMulticastPoolDriver
	at java.net.URLClassLoader$1.run(Unknown Source)
	at java.net.URLClassLoader$1.run(Unknown Source)
	at java.security.AccessController.doPrivileged(Native Method)
	at java.net.URLClassLoader.findClass(Unknown Source)
	at java.lang.ClassLoader.loadClass(Unknown Source)
	at sun.misc.Launcher$AppClassLoader.loadClass(Unknown Source)
	at java.lang.ClassLoader.loadClass(Unknown Source)
	... 31 more
</failure>
  </testcase>
  <testcase classname="com.zixi.testing.BroadcasterConfigMulticastPoolTest" name="beforeTes" time="0.001">
    <skipped/>
  </testcase>
  <testcase classname="com.zixi.testing.BroadcasterConfigMulticastPoolTest" name="broadcasterSingleStreamRemoving" time="0">
    <skipped/>
  </testcase>
  <testcase classname="com.zixi.testing.BroadcasterConfigMulticastPoolTest" name="afterTest" time="0">
    <skipped/>
  </testcase>
  <testcase classname="com.zixi.testing.FeederOutputPushToBxTest" name="testInit" time="0">
    <failure message="com/zixi/drivers/drivers/FeederOutputPushToBxDriver" type="java.lang.NoClassDefFoundError">java.lang.NoClassDefFoundError: com/zixi/drivers/drivers/FeederOutputPushToBxDriver
	at com.zixi.testing.FeederOutputPushToBxTest.testInit(FeederOutputPushToBxTest.java:14)
</failure>
  </testcase>
  <testcase classname="com.zixi.testing.FeederOutputPushToBxTest" name="beforeTes" time="0.001">
    <skipped/>
  </testcase>
  <testcase classname="com.zixi.testing.FeederOutputPushToBxTest" name="feederOutputToBxTest" time="0">
    <skipped/>
  </testcase>
  <testcase classname="com.zixi.testing.FeederOutputPushToBxTest" name="afterTest" time="0">
    <skipped/>
  </testcase>
  <testcase classname="com.zixi.testing.BroadcasterPushInStreamCreationTest" name="testInit" time="0">
    <failure message="com/zixi/drivers/drivers/BroadcasterPushInStreamCreationDriver" type="java.lang.NoClassDefFoundError">java.lang.NoClassDefFoundError: com/zixi/drivers/drivers/BroadcasterPushInStreamCreationDriver
	at com.zixi.testing.BroadcasterPushInStreamCreationTest.testInit(BroadcasterPushInStreamCreationTest.java:13)
</failure>
  </testcase>
  <testcase classname="com.zixi.testing.BroadcasterPushInStreamCreationTest" name="beforeTes" time="0">
    <skipped/>
  </testcase>
  <testcase classname="com.zixi.testing.BroadcasterPushInStreamCreationTest" name="broadcasterSingleStreamRemoving" time="0">
    <skipped/>
  </testcase>
  <testcase classname="com.zixi.testing.BroadcasterPushInStreamCreationTest" name="afterTest" time="0">
    <skipped/>
  </testcase>
  <testcase classname="com.zixi.testing.BroadcasterSinglePullInStreamCreationTest" name="broadcasterPullInCreation" time="0.471"/>
  <testcase classname="com.zixi.testing.BroadcasterInputStatisticSingleStreamTest" name="broadcasterSingleInputStreamStatisticAnilyzer" time="10.74">
    <failure message="expected [good] but found [On of the bit rate API probing showed zero bit rete]" type="java.lang.AssertionError">java.lang.AssertionError: expected [good] but found [On of the bit rate API probing showed zero bit rete]
	at org.testng.Assert.fail(Assert.java:94)
	at org.testng.Assert.failNotEquals(Assert.java:496)
	at org.testng.Assert.assertEquals(Assert.java:125)
	at org.testng.Assert.assertEquals(Assert.java:178)
	at org.testng.Assert.assertEquals(Assert.java:188)
	at com.zixi.testing.BroadcasterInputStatisticSingleStreamTest.broadcasterSingleInputStreamStatisticAnilyzer(BroadcasterInputStatisticSingleStreamTest.java:33)
</failure>
  </testcase>
  <testcase classname="com.zixi.testing.BroadcasterUDPOutputStreamCreationTest" name="broadcasterPullInCreation" time="0.481"/>
  <testcase classname="com.zixi.testing.FFMPEGImageStatisticTest" name="testInit" time="0.517">
    <failure message="com/zixi/drivers/drivers/FFMPEGImageStatisticTestDriver" type="java.lang.NoClassDefFoundError">java.lang.NoClassDefFoundError: com/zixi/drivers/drivers/FFMPEGImageStatisticTestDriver
	at com.zixi.testing.FFMPEGImageStatisticTest.testInit(FFMPEGImageStatisticTest.java:15)
</failure>
  </testcase>
  <testcase classname="com.zixi.testing.FFMPEGImageStatisticTest" name="beforeTes" time="0.518">
    <skipped/>
  </testcase>
  <testcase classname="com.zixi.testing.FFMPEGImageStatisticTest" name="broadcasterSingleInputStreamStatisticAnilyzer" time="0">
    <skipped/>
  </testcase>
  <testcase classname="com.zixi.testing.FFMPEGImageStatisticTest" name="afterTest" time="0">
    <skipped/>
  </testcase>
  <testcase classname="com.zixi.testing.BroadcaserSingleOutputStreamDeletionTest" name="broadcasterSingleStreamRemoving" time="0.495"/>
  <testcase classname="com.zixi.testing.FeederOutputDeletioinTest" name="testInit" time="0.528">
    <failure message="com/zixi/drivers/drivers/FeederOutputDeletionDriver" type="java.lang.NoClassDefFoundError">java.lang.NoClassDefFoundError: com/zixi/drivers/drivers/FeederOutputDeletionDriver
	at com.zixi.testing.FeederOutputDeletioinTest.testInit(FeederOutputDeletioinTest.java:13)
</failure>
  </testcase>
  <testcase classname="com.zixi.testing.FeederOutputDeletioinTest" name="beforeTes" time="0.528">
    <skipped/>
  </testcase>
  <testcase classname="com.zixi.testing.FeederOutputDeletioinTest" name="broadcasterSingleStreamRemoving" time="0">
    <skipped/>
  </testcase>
  <testcase classname="com.zixi.testing.FeederOutputDeletioinTest" name="afterTest" time="0">
    <skipped/>
  </testcase>
  <testcase classname="com.zixi.testing.BroadcasterSingleInputStreamDeletionTest" name="testInit" time="0">
    <failure message="com/zixi/drivers/drivers/BroadcasterSingleInputStreamDeletionDriver" type="java.lang.NoClassDefFoundError">java.lang.NoClassDefFoundError: com/zixi/drivers/drivers/BroadcasterSingleInputStreamDeletionDriver
	at com.zixi.testing.BroadcasterSingleInputStreamDeletionTest.testInit(BroadcasterSingleInputStreamDeletionTest.java:14)
</failure>
  </testcase>
  <testcase classname="com.zixi.testing.BroadcasterSingleInputStreamDeletionTest" name="beforeTes" time="0.001">
    <skipped/>
  </testcase>
  <testcase classname="com.zixi.testing.BroadcasterSingleInputStreamDeletionTest" name="broadcasterInputStreamDeletion" time="0">
    <skipped/>
  </testcase>
  <testcase classname="com.zixi.testing.BroadcasterSingleInputStreamDeletionTest" name="afterTest" time="0">
    <skipped/>
  </testcase>
  <testcase classname="com.zixi.testing.BroadcasterSingleInputStreamDeletionTest" name="testInit" time="0">
    <failure message="com/zixi/drivers/drivers/BroadcasterSingleInputStreamDeletionDriver" type="java.lang.NoClassDefFoundError">java.lang.NoClassDefFoundError: com/zixi/drivers/drivers/BroadcasterSingleInputStreamDeletionDriver
	at com.zixi.testing.BroadcasterSingleInputStreamDeletionTest.testInit(BroadcasterSingleInputStreamDeletionTest.java:14)
</failure>
  </testcase>
  <testcase classname="com.zixi.testing.BroadcasterSingleInputStreamDeletionTest" name="beforeTes" time="0">
    <skipped/>
  </testcase>
  <testcase classname="com.zixi.testing.BroadcasterSingleInputStreamDeletionTest" name="broadcasterInputStreamDeletion" time="0">
    <skipped/>
  </testcase>
  <testcase classname="com.zixi.testing.BroadcasterSingleInputStreamDeletionTest" name="afterTest" time="0">
    <skipped/>
  </testcase>
  <testcase classname="com.zixi.load.testing.BroadcasterMultipleUdpTest" name="testInit" time="0">
    <failure message="com/zixi/load/drivers/BroadcasterMultipleUdpDriver" type="java.lang.NoClassDefFoundError">java.lang.NoClassDefFoundError: com/zixi/load/drivers/BroadcasterMultipleUdpDriver
	at com.zixi.load.testing.BroadcasterMultipleUdpTest.testInit(BroadcasterMultipleUdpTest.java:20)
Caused by: java.lang.ClassNotFoundException: com.zixi.load.drivers.BroadcasterMultipleUdpDriver
	at java.net.URLClassLoader$1.run(Unknown Source)
	at java.net.URLClassLoader$1.run(Unknown Source)
	at java.security.AccessController.doPrivileged(Native Method)
	at java.net.URLClassLoader.findClass(Unknown Source)
	at java.lang.ClassLoader.loadClass(Unknown Source)
	at sun.misc.Launcher$AppClassLoader.loadClass(Unknown Source)
	at java.lang.ClassLoader.loadClass(Unknown Source)
	... 31 more
</failure>
  </testcase>
  <testcase classname="com.zixi.load.testing.BroadcasterMultipleUdpTest" name="beforeTes" time="0.001">
    <skipped/>
  </testcase>
  <testcase classname="com.zixi.load.testing.BroadcasterMultipleUdpTest" name="broadcasterMultipleUdpCreation" time="0">
    <skipped/>
  </testcase>
  <testcase classname="com.zixi.load.testing.BroadcasterMultipleUdpTest" name="afterTest" time="0">
    <skipped/>
  </testcase>
  <testcase classname="com.zixi.testing.BroadcasterUDPOutputStreamCreationTest" name="broadcasterPullInCreation" time="0.459"/>
  <testcase classname="com.zixi.load.testing.BroadcasterRundomInputStreamTest" name="testInit" time="0.493">
    <failure message="com/zixi/load/drivers/BroadcasterRundomInputStreamDriver" type="java.lang.NoClassDefFoundError">java.lang.NoClassDefFoundError: com/zixi/load/drivers/BroadcasterRundomInputStreamDriver
	at com.zixi.load.testing.BroadcasterRundomInputStreamTest.testInit(BroadcasterRundomInputStreamTest.java:18)
</failure>
  </testcase>
  <testcase classname="com.zixi.load.testing.BroadcasterRundomInputStreamTest" name="beforeTes" time="0.493">
    <skipped/>
  </testcase>
  <testcase classname="com.zixi.load.testing.BroadcasterRundomInputStreamTest" name="broadcasterSwitchUdpOut" time="0">
    <skipped/>
  </testcase>
  <testcase classname="com.zixi.load.testing.BroadcasterRundomInputStreamTest" name="afterTest" time="0">
    <skipped/>
  </testcase>
  <testcase classname="com.zixi.testing.BroadcaserSingleOutputStreamDeletionTest" name="broadcasterSingleStreamRemoving" time="0.475"/>
  <testcase classname="com.zixi.load.testing.BroadcaserAllInputStreamDeletorTest" name="testInit" time="0.51">
    <failure message="com/zixi/drivers/drivers/BroadcaserAllInputStreamDeletorDriver" type="java.lang.NoClassDefFoundError">java.lang.NoClassDefFoundError: com/zixi/drivers/drivers/BroadcaserAllInputStreamDeletorDriver
	at com.zixi.load.testing.BroadcaserAllInputStreamDeletorTest.testInit(BroadcaserAllInputStreamDeletorTest.java:15)
</failure>
  </testcase>
  <testcase classname="com.zixi.load.testing.BroadcaserAllInputStreamDeletorTest" name="beforeTes" time="0.51">
    <skipped/>
  </testcase>
  <testcase classname="com.zixi.load.testing.BroadcaserAllInputStreamDeletorTest" name="broadcasterDeleteAllInputs" time="0">
    <skipped/>
  </testcase>
  <testcase classname="com.zixi.load.testing.BroadcaserAllInputStreamDeletorTest" name="afterTest" time="0">
    <skipped/>
  </testcase>
  <testcase classname="com.zixi.load.testing.BroadcaserAllOututStreamDeletorTest" name="testInit" time="0">
    <failure message="com/zixi/load/drivers/BroadcaserAllOutputStreamDeletorDriver" type="java.lang.NoClassDefFoundError">java.lang.NoClassDefFoundError: com/zixi/load/drivers/BroadcaserAllOutputStreamDeletorDriver
	at com.zixi.load.testing.BroadcaserAllOututStreamDeletorTest.testInit(BroadcaserAllOututStreamDeletorTest.java:20)
</failure>
  </testcase>
  <testcase classname="com.zixi.load.testing.BroadcaserAllOututStreamDeletorTest" name="beforeTes" time="0">
    <skipped/>
  </testcase>
  <testcase classname="com.zixi.load.testing.BroadcaserAllOututStreamDeletorTest" name="broadcasterDeleteAllOutputStreams" time="0">
    <skipped/>
  </testcase>
  <testcase classname="com.zixi.load.testing.BroadcaserAllOututStreamDeletorTest" name="afterTest" time="0">
    <skipped/>
  </testcase>
  <testcase classname="com.zixi.testing.BroadcasterUdpInStreamCreationTest" name="testInit" time="0.001">
    <failure message="com/zixi/drivers/drivers/BroadcasterSingleUdpInCreationDriver" type="java.lang.NoClassDefFoundError">java.lang.NoClassDefFoundError: com/zixi/drivers/drivers/BroadcasterSingleUdpInCreationDriver
	at com.zixi.testing.BroadcasterUdpInStreamCreationTest.testInit(BroadcasterUdpInStreamCreationTest.java:18)
</failure>
  </testcase>
  <testcase classname="com.zixi.testing.BroadcasterUdpInStreamCreationTest" name="beforeTes" time="0.001">
    <skipped/>
  </testcase>
  <testcase classname="com.zixi.testing.BroadcasterUdpInStreamCreationTest" name="broadcasterUdpInCreation" time="0">
    <skipped/>
  </testcase>
  <testcase classname="com.zixi.testing.BroadcasterUdpInStreamCreationTest" name="afterTest" time="0">
    <skipped/>
  </testcase>
  <testcase classname="com.zixi.testing.BroadcasterUDPOutputStreamCreationTest" name="broadcasterPullInCreation" time="0.223">
    <failure message="expected [Output test added.] but found [{&quot;error&quot;:&quot;output already exists&quot;}]" type="java.lang.AssertionError">java.lang.AssertionError: expected [Output test added.] but found [{&quot;error&quot;:&quot;output already exists&quot;}]
	at org.testng.Assert.fail(Assert.java:94)
	at org.testng.Assert.failNotEquals(Assert.java:496)
	at org.testng.Assert.assertEquals(Assert.java:125)
	at org.testng.Assert.assertEquals(Assert.java:178)
	at org.testng.Assert.assertEquals(Assert.java:188)
	at com.zixi.testing.BroadcasterUDPOutputStreamCreationTest.broadcasterPullInCreation(BroadcasterUDPOutputStreamCreationTest.java:39)
</failure>
    <system-out>bug -------------&gt;&gt;&gt; JSONObject[&quot;msg&quot;] not found. Request is http://10.7.0.63:4444/zixi/add_output.json?type=TS&amp;id=test&amp;name=test&amp;stream=test&amp;host=10.7.0.66&amp;port=9999&amp;smoothing=0&amp;ttl=5&amp;df=0&amp;local-port=&amp;local-ip=0.0.0.0&amp;dec-type=&amp;dec-key=10.7.0.66&amp;rtp=0&amp;fec=0&amp;rows=10&amp;cols=10&amp;remux_bitrate=0&amp;remux_pcr=90&amp;remux_buff=1000&amp;remux_restampdts=0 
Line Number is 127
Exception type is class org.json.JSONException
</system-out>
  </testcase>
  <testcase classname="com.zixi.testing.BroadcasterInputStatisticSingleStreamTest" name="broadcasterSingleInputStreamStatisticAnilyzer" time="10.741">
    <failure message="JSONObject[&quot;net&quot;] not found." type="org.json.JSONException">org.json.JSONException: JSONObject[&quot;net&quot;] not found.
	at org.json.JSONObject.get(JSONObject.java:476)
	at org.json.JSONObject.getJSONObject(JSONObject.java:576)
	at com.zixi.tools.StreamStatisticAnalyzer.getStatBitrate(StreamStatisticAnalyzer.java:11)
	at com.zixi.drivers.drivers.BroadcasterInputStatisticSingleStreamDriver.testStatistic(BroadcasterInputStatisticSingleStreamDriver.java:61)
	at com.zixi.testing.BroadcasterInputStatisticSingleStreamTest.broadcasterSingleInputStreamStatisticAnilyzer(BroadcasterInputStatisticSingleStreamTest.java:33)
</failure>
  </testcase>
  <testcase classname="com.zixi.testing.BroadcasterSingleInputStreamDeletionTest" name="testInit" time="10.778">
    <failure message="com/zixi/drivers/drivers/BroadcasterSingleInputStreamDeletionDriver" type="java.lang.NoClassDefFoundError">java.lang.NoClassDefFoundError: com/zixi/drivers/drivers/BroadcasterSingleInputStreamDeletionDriver
	at com.zixi.testing.BroadcasterSingleInputStreamDeletionTest.testInit(BroadcasterSingleInputStreamDeletionTest.java:14)
</failure>
  </testcase>
  <testcase classname="com.zixi.testing.BroadcasterSingleInputStreamDeletionTest" name="beforeTes" time="10.778">
    <skipped/>
  </testcase>
  <testcase classname="com.zixi.testing.BroadcasterSingleInputStreamDeletionTest" name="broadcasterInputStreamDeletion" time="0">
    <skipped/>
  </testcase>
  <testcase classname="com.zixi.testing.BroadcasterSingleInputStreamDeletionTest" name="afterTest" time="0.001">
    <skipped/>
  </testcase>
  <testcase classname="com.zixi.testing.BroadcaserSingleOutputStreamDeletionTest" name="broadcasterSingleStreamRemoving" time="0.366"/>
  <testcase classname="com.zixi.testing.BroadcasterUdpInStreamCreationTest" name="testInit" time="0.398">
    <failure message="com/zixi/drivers/drivers/BroadcasterSingleUdpInCreationDriver" type="java.lang.NoClassDefFoundError">java.lang.NoClassDefFoundError: com/zixi/drivers/drivers/BroadcasterSingleUdpInCreationDriver
	at com.zixi.testing.BroadcasterUdpInStreamCreationTest.testInit(BroadcasterUdpInStreamCreationTest.java:18)
</failure>
  </testcase>
  <testcase classname="com.zixi.testing.BroadcasterUdpInStreamCreationTest" name="beforeTes" time="0.398">
    <skipped/>
  </testcase>
  <testcase classname="com.zixi.testing.BroadcasterUdpInStreamCreationTest" name="broadcasterUdpInCreation" time="0">
    <skipped/>
  </testcase>
  <testcase classname="com.zixi.testing.BroadcasterUdpInStreamCreationTest" name="afterTest" time="0">
    <skipped/>
  </testcase>
  <testcase classname="com.zixi.testing.BroadcasterUDPOutputStreamCreationTest" name="broadcasterPullInCreation" time="0.379"/>
  <testcase classname="com.zixi.testing.BroadcasterInputStatisticSingleStreamTest" name="broadcasterSingleInputStreamStatisticAnilyzer" time="10.751">
    <failure message="JSONObject[&quot;net&quot;] not found." type="org.json.JSONException">org.json.JSONException: JSONObject[&quot;net&quot;] not found.
	at org.json.JSONObject.get(JSONObject.java:476)
	at org.json.JSONObject.getJSONObject(JSONObject.java:576)
	at com.zixi.tools.StreamStatisticAnalyzer.getStatBitrate(StreamStatisticAnalyzer.java:11)
	at com.zixi.drivers.drivers.BroadcasterInputStatisticSingleStreamDriver.testStatistic(BroadcasterInputStatisticSingleStreamDriver.java:61)
	at com.zixi.testing.BroadcasterInputStatisticSingleStreamTest.broadcasterSingleInputStreamStatisticAnilyzer(BroadcasterInputStatisticSingleStreamTest.java:33)
</failure>
  </testcase>
  <testcase classname="com.zixi.testing.BroadcasterSingleInputStreamDeletionTest" name="testInit" time="10.785">
    <failure message="com/zixi/drivers/drivers/BroadcasterSingleInputStreamDeletionDriver" type="java.lang.NoClassDefFoundError">java.lang.NoClassDefFoundError: com/zixi/drivers/drivers/BroadcasterSingleInputStreamDeletionDriver
	at com.zixi.testing.BroadcasterSingleInputStreamDeletionTest.testInit(BroadcasterSingleInputStreamDeletionTest.java:14)
</failure>
  </testcase>
  <testcase classname="com.zixi.testing.BroadcasterSingleInputStreamDeletionTest" name="beforeTes" time="10.786">
    <skipped/>
  </testcase>
  <testcase classname="com.zixi.testing.BroadcasterSingleInputStreamDeletionTest" name="broadcasterInputStreamDeletion" time="0">
    <skipped/>
  </testcase>
  <testcase classname="com.zixi.testing.BroadcasterSingleInputStreamDeletionTest" name="afterTest" time="0">
    <skipped/>
  </testcase>
  <testcase classname="com.zixi.testing.BroadcaserSingleOutputStreamDeletionTest" name="broadcasterSingleStreamRemoving" time="0.381"/>
  <testcase classname="com.zixi.testing.BroadcasterUdpInStreamCreationTest" name="testInit" time="0.433">
    <failure message="com/zixi/drivers/drivers/BroadcasterSingleUdpInCreationDriver" type="java.lang.NoClassDefFoundError">java.lang.NoClassDefFoundError: com/zixi/drivers/drivers/BroadcasterSingleUdpInCreationDriver
	at com.zixi.testing.BroadcasterUdpInStreamCreationTest.testInit(BroadcasterUdpInStreamCreationTest.java:18)
</failure>
  </testcase>
  <testcase classname="com.zixi.testing.BroadcasterUdpInStreamCreationTest" name="beforeTes" time="0.434">
    <skipped/>
  </testcase>
  <testcase classname="com.zixi.testing.BroadcasterUdpInStreamCreationTest" name="broadcasterUdpInCreation" time="0">
    <skipped/>
  </testcase>
  <testcase classname="com.zixi.testing.BroadcasterUdpInStreamCreationTest" name="afterTest" time="0">
    <skipped/>
  </testcase>
  <testcase classname="com.zixi.testing.BroadcasterUDPOutputStreamCreationTest" name="broadcasterPullInCreation" time="0.358"/>
  <testcase classname="com.zixi.testing.BroadcasterInputStatisticSingleStreamTest" name="broadcasterSingleInputStreamStatisticAnilyzer" time="10.73">
    <failure message="JSONObject[&quot;net&quot;] not found." type="org.json.JSONException">org.json.JSONException: JSONObject[&quot;net&quot;] not found.
	at org.json.JSONObject.get(JSONObject.java:476)
	at org.json.JSONObject.getJSONObject(JSONObject.java:576)
	at com.zixi.tools.StreamStatisticAnalyzer.getStatBitrate(StreamStatisticAnalyzer.java:11)
	at com.zixi.drivers.drivers.BroadcasterInputStatisticSingleStreamDriver.testStatistic(BroadcasterInputStatisticSingleStreamDriver.java:61)
	at com.zixi.testing.BroadcasterInputStatisticSingleStreamTest.broadcasterSingleInputStreamStatisticAnilyzer(BroadcasterInputStatisticSingleStreamTest.java:33)
</failure>
  </testcase>
  <testcase classname="com.zixi.testing.BroadcasterSingleInputStreamDeletionTest" name="testInit" time="10.766">
    <failure message="com/zixi/drivers/drivers/BroadcasterSingleInputStreamDeletionDriver" type="java.lang.NoClassDefFoundError">java.lang.NoClassDefFoundError: com/zixi/drivers/drivers/BroadcasterSingleInputStreamDeletionDriver
	at com.zixi.testing.BroadcasterSingleInputStreamDeletionTest.testInit(BroadcasterSingleInputStreamDeletionTest.java:14)
</failure>
  </testcase>
  <testcase classname="com.zixi.testing.BroadcasterSingleInputStreamDeletionTest" name="beforeTes" time="10.766">
    <skipped/>
  </testcase>
  <testcase classname="com.zixi.testing.BroadcasterSingleInputStreamDeletionTest" name="broadcasterInputStreamDeletion" time="0">
    <skipped/>
  </testcase>
  <testcase classname="com.zixi.testing.BroadcasterSingleInputStreamDeletionTest" name="afterTest" time="0.001">
    <skipped/>
  </testcase>
  <testcase classname="com.zixi.testing.BroadcaserSingleOutputStreamDeletionTest" name="broadcasterSingleStreamRemoving" time="0.397"/>
  <testcase classname="com.zixi.testing.BroadcasterUdpInStreamCreationTest" name="testInit" time="0.428">
    <failure message="com/zixi/drivers/drivers/BroadcasterSingleUdpInCreationDriver" type="java.lang.NoClassDefFoundError">java.lang.NoClassDefFoundError: com/zixi/drivers/drivers/BroadcasterSingleUdpInCreationDriver
	at com.zixi.testing.BroadcasterUdpInStreamCreationTest.testInit(BroadcasterUdpInStreamCreationTest.java:18)
</failure>
  </testcase>
  <testcase classname="com.zixi.testing.BroadcasterUdpInStreamCreationTest" name="beforeTes" time="0.428">
    <skipped/>
  </testcase>
  <testcase classname="com.zixi.testing.BroadcasterUdpInStreamCreationTest" name="broadcasterUdpInCreation" time="0">
    <skipped/>
  </testcase>
  <testcase classname="com.zixi.testing.BroadcasterUdpInStreamCreationTest" name="afterTest" time="0">
    <skipped/>
  </testcase>
  <testcase classname="com.zixi.testing.BroadcasterUDPOutputStreamCreationTest" name="broadcasterPullInCreation" time="0.377"/>
  <testcase classname="com.zixi.testing.BroadcasterInputStatisticSingleStreamTest" name="broadcasterSingleInputStreamStatisticAnilyzer" time="10.733">
    <failure message="JSONObject[&quot;net&quot;] not found." type="org.json.JSONException">org.json.JSONException: JSONObject[&quot;net&quot;] not found.
	at org.json.JSONObject.get(JSONObject.java:476)
	at org.json.JSONObject.getJSONObject(JSONObject.java:576)
	at com.zixi.tools.StreamStatisticAnalyzer.getStatBitrate(StreamStatisticAnalyzer.java:11)
	at com.zixi.drivers.drivers.BroadcasterInputStatisticSingleStreamDriver.testStatistic(BroadcasterInputStatisticSingleStreamDriver.java:61)
	at com.zixi.testing.BroadcasterInputStatisticSingleStreamTest.broadcasterSingleInputStreamStatisticAnilyzer(BroadcasterInputStatisticSingleStreamTest.java:33)
</failure>
  </testcase>
  <testcase classname="com.zixi.testing.BroadcasterUDPOutputStreamCreationTest" name="broadcasterPullInCreation" time="0.494"/>
  <testcase classname="com.zixi.testing.FFMPEGImageStatisticTest" name="testInit" time="0.528">
    <failure message="com/zixi/drivers/drivers/FFMPEGImageStatisticTestDriver" type="java.lang.NoClassDefFoundError">java.lang.NoClassDefFoundError: com/zixi/drivers/drivers/FFMPEGImageStatisticTestDriver
	at com.zixi.testing.FFMPEGImageStatisticTest.testInit(FFMPEGImageStatisticTest.java:15)
</failure>
  </testcase>
  <testcase classname="com.zixi.testing.FFMPEGImageStatisticTest" name="beforeTes" time="0.528">
    <skipped/>
  </testcase>
  <testcase classname="com.zixi.testing.FFMPEGImageStatisticTest" name="broadcasterSingleInputStreamStatisticAnilyzer" time="0">
    <skipped/>
  </testcase>
  <testcase classname="com.zixi.testing.FFMPEGImageStatisticTest" name="afterTest" time="0">
    <skipped/>
  </testcase>
  <testcase classname="com.zixi.testing.BroadcaserSingleOutputStreamDeletionTest" name="broadcasterSingleStreamRemoving" time="0.48"/>
  <testcase classname="com.zixi.testing.BroadcasterSingleInputStreamDeletionTest" name="testInit" time="0.51">
    <failure message="com/zixi/drivers/drivers/BroadcasterSingleInputStreamDeletionDriver" type="java.lang.NoClassDefFoundError">java.lang.NoClassDefFoundError: com/zixi/drivers/drivers/BroadcasterSingleInputStreamDeletionDriver
	at com.zixi.testing.BroadcasterSingleInputStreamDeletionTest.testInit(BroadcasterSingleInputStreamDeletionTest.java:14)
</failure>
  </testcase>
  <testcase classname="com.zixi.testing.BroadcasterSingleInputStreamDeletionTest" name="beforeTes" time="0.511">
    <skipped/>
  </testcase>
  <testcase classname="com.zixi.testing.BroadcasterSingleInputStreamDeletionTest" name="broadcasterInputStreamDeletion" time="0">
    <skipped/>
  </testcase>
  <testcase classname="com.zixi.testing.BroadcasterSingleInputStreamDeletionTest" name="afterTest" time="0">
    <skipped/>
  </testcase>
  <testcase classname="com.zixi.testing.BroadcaserSingleOutputStreamDeletionTest" name="broadcasterSingleStreamRemoving" time="0.349"/>
  <testcase classname="com.zixi.testing.BroadcasterUdpInStreamCreationTest" name="testInit" time="0.38">
    <failure message="com/zixi/drivers/drivers/BroadcasterSingleUdpInCreationDriver" type="java.lang.NoClassDefFoundError">java.lang.NoClassDefFoundError: com/zixi/drivers/drivers/BroadcasterSingleUdpInCreationDriver
	at com.zixi.testing.BroadcasterUdpInStreamCreationTest.testInit(BroadcasterUdpInStreamCreationTest.java:18)
</failure>
  </testcase>
  <testcase classname="com.zixi.testing.BroadcasterUdpInStreamCreationTest" name="beforeTes" time="0.38">
    <skipped/>
  </testcase>
  <testcase classname="com.zixi.testing.BroadcasterUdpInStreamCreationTest" name="broadcasterUdpInCreation" time="0">
    <skipped/>
  </testcase>
  <testcase classname="com.zixi.testing.BroadcasterUdpInStreamCreationTest" name="afterTest" time="0">
    <skipped/>
  </testcase>
  <testcase classname="com.zixi.testing.BroadcasterUDPOutputStreamCreationTest" name="broadcasterPullInCreation" time="0.383"/>
  <testcase classname="com.zixi.testing.BroadcasterInputStatisticSingleStreamTest" name="broadcasterSingleInputStreamStatisticAnilyzer" time="10.739">
    <failure message="JSONObject[&quot;net&quot;] not found." type="org.json.JSONException">org.json.JSONException: JSONObject[&quot;net&quot;] not found.
	at org.json.JSONObject.get(JSONObject.java:476)
	at org.json.JSONObject.getJSONObject(JSONObject.java:576)
	at com.zixi.tools.StreamStatisticAnalyzer.getStatBitrate(StreamStatisticAnalyzer.java:11)
	at com.zixi.drivers.drivers.BroadcasterInputStatisticSingleStreamDriver.testStatistic(BroadcasterInputStatisticSingleStreamDriver.java:61)
	at com.zixi.testing.BroadcasterInputStatisticSingleStreamTest.broadcasterSingleInputStreamStatisticAnilyzer(BroadcasterInputStatisticSingleStreamTest.java:33)
</failure>
  </testcase>
  <testcase classname="com.zixi.testing.BroadcasterSingleInputStreamDeletionTest" name="testInit" time="10.811">
    <failure message="com/zixi/drivers/drivers/BroadcasterSingleInputStreamDeletionDriver" type="java.lang.NoClassDefFoundError">java.lang.NoClassDefFoundError: com/zixi/drivers/drivers/BroadcasterSingleInputStreamDeletionDriver
	at com.zixi.testing.BroadcasterSingleInputStreamDeletionTest.testInit(BroadcasterSingleInputStreamDeletionTest.java:14)
</failure>
  </testcase>
  <testcase classname="com.zixi.testing.BroadcasterSingleInputStreamDeletionTest" name="beforeTes" time="10.812">
    <skipped/>
  </testcase>
  <testcase classname="com.zixi.testing.BroadcasterSingleInputStreamDeletionTest" name="broadcasterInputStreamDeletion" time="0">
    <skipped/>
  </testcase>
  <testcase classname="com.zixi.testing.BroadcasterSingleInputStreamDeletionTest" name="afterTest" time="0">
    <skipped/>
  </testcase>
  <testcase classname="com.zixi.testing.BroadcaserSingleOutputStreamDeletionTest" name="broadcasterSingleStreamRemoving" time="0.369"/>
  <testcase classname="com.zixi.testing.BroadcasterPushInStreamCreationTest" name="testInit" time="0.403">
    <failure message="com/zixi/drivers/drivers/BroadcasterPushInStreamCreationDriver" type="java.lang.NoClassDefFoundError">java.lang.NoClassDefFoundError: com/zixi/drivers/drivers/BroadcasterPushInStreamCreationDriver
	at com.zixi.testing.BroadcasterPushInStreamCreationTest.testInit(BroadcasterPushInStreamCreationTest.java:13)
</failure>
  </testcase>
  <testcase classname="com.zixi.testing.BroadcasterPushInStreamCreationTest" name="beforeTes" time="0.404">
    <skipped/>
  </testcase>
  <testcase classname="com.zixi.testing.BroadcasterPushInStreamCreationTest" name="broadcasterSingleStreamRemoving" time="0">
    <skipped/>
  </testcase>
  <testcase classname="com.zixi.testing.BroadcasterPushInStreamCreationTest" name="afterTest" time="0">
    <skipped/>
  </testcase>
  <testcase classname="com.zixi.testing.BroadcasterPushOutStreamCreationGeneralTest" name="testInit" time="0">
    <failure message="com/zixi/drivers/drivers/BroadcasterPushOutStreamCreationDriver" type="java.lang.NoClassDefFoundError">java.lang.NoClassDefFoundError: com/zixi/drivers/drivers/BroadcasterPushOutStreamCreationDriver
	at com.zixi.testing.BroadcasterPushOutStreamCreationGeneralTest.testInit(BroadcasterPushOutStreamCreationGeneralTest.java:16)
Caused by: java.lang.ClassNotFoundException: com.zixi.drivers.drivers.BroadcasterPushOutStreamCreationDriver
	at java.net.URLClassLoader$1.run(Unknown Source)
	at java.net.URLClassLoader$1.run(Unknown Source)
	at java.security.AccessController.doPrivileged(Native Method)
	at java.net.URLClassLoader.findClass(Unknown Source)
	at java.lang.ClassLoader.loadClass(Unknown Source)
	at sun.misc.Launcher$AppClassLoader.loadClass(Unknown Source)
	at java.lang.ClassLoader.loadClass(Unknown Source)
	... 31 more
</failure>
  </testcase>
  <testcase classname="com.zixi.testing.BroadcasterPushOutStreamCreationGeneralTest" name="beforeTes" time="0">
    <skipped/>
  </testcase>
  <testcase classname="com.zixi.testing.BroadcasterPushOutStreamCreationGeneralTest" name="broadcasterPushOutCreationWithTwoRedundantHosts" time="0">
    <skipped/>
  </testcase>
  <testcase classname="com.zixi.testing.BroadcasterPushOutStreamCreationGeneralTest" name="afterTest" time="0">
    <skipped/>
  </testcase>
  <testcase classname="com.zixi.testing.BroadcasterInputStatisticSingleStreamTest" name="broadcasterSingleInputStreamStatisticAnilyzer" time="10.74">
    <failure message="JSONObject[&quot;net&quot;] not found." type="org.json.JSONException">org.json.JSONException: JSONObject[&quot;net&quot;] not found.
	at org.json.JSONObject.get(JSONObject.java:476)
	at org.json.JSONObject.getJSONObject(JSONObject.java:576)
	at com.zixi.tools.StreamStatisticAnalyzer.getStatBitrate(StreamStatisticAnalyzer.java:11)
	at com.zixi.drivers.drivers.BroadcasterInputStatisticSingleStreamDriver.testStatistic(BroadcasterInputStatisticSingleStreamDriver.java:61)
	at com.zixi.testing.BroadcasterInputStatisticSingleStreamTest.broadcasterSingleInputStreamStatisticAnilyzer(BroadcasterInputStatisticSingleStreamTest.java:33)
</failure>
  </testcase>
  <testcase classname="com.zixi.testing.BroadcasterPushInStreamCreationTest" name="testInit" time="10.776">
    <failure message="com/zixi/drivers/drivers/BroadcasterPushInStreamCreationDriver" type="java.lang.NoClassDefFoundError">java.lang.NoClassDefFoundError: com/zixi/drivers/drivers/BroadcasterPushInStreamCreationDriver
	at com.zixi.testing.BroadcasterPushInStreamCreationTest.testInit(BroadcasterPushInStreamCreationTest.java:13)
</failure>
  </testcase>
  <testcase classname="com.zixi.testing.BroadcasterPushInStreamCreationTest" name="beforeTes" time="10.777">
    <skipped/>
  </testcase>
  <testcase classname="com.zixi.testing.BroadcasterPushInStreamCreationTest" name="broadcasterSingleStreamRemoving" time="0">
    <skipped/>
  </testcase>
  <testcase classname="com.zixi.testing.BroadcasterPushInStreamCreationTest" name="afterTest" time="0">
    <skipped/>
  </testcase>
  <testcase classname="com.zixi.testing.BroadcasterSingleInputStreamDeletionTest" name="testInit" time="0">
    <failure message="com/zixi/drivers/drivers/BroadcasterSingleInputStreamDeletionDriver" type="java.lang.NoClassDefFoundError">java.lang.NoClassDefFoundError: com/zixi/drivers/drivers/BroadcasterSingleInputStreamDeletionDriver
	at com.zixi.testing.BroadcasterSingleInputStreamDeletionTest.testInit(BroadcasterSingleInputStreamDeletionTest.java:14)
</failure>
  </testcase>
  <testcase classname="com.zixi.testing.BroadcasterSingleInputStreamDeletionTest" name="beforeTes" time="0">
    <skipped/>
  </testcase>
  <testcase classname="com.zixi.testing.BroadcasterSingleInputStreamDeletionTest" name="broadcasterInputStreamDeletion" time="0">
    <skipped/>
  </testcase>
  <testcase classname="com.zixi.testing.BroadcasterSingleInputStreamDeletionTest" name="afterTest" time="0">
    <skipped/>
  </testcase>
  <testcase classname="com.zixi.testing.BroadcasterInputStatisticSingleStreamTest" name="broadcasterSingleInputStreamStatisticAnilyzer" time="10.75">
    <failure message="JSONObject[&quot;net&quot;] not found." type="org.json.JSONException">org.json.JSONException: JSONObject[&quot;net&quot;] not found.
	at org.json.JSONObject.get(JSONObject.java:476)
	at org.json.JSONObject.getJSONObject(JSONObject.java:576)
	at com.zixi.tools.StreamStatisticAnalyzer.getStatBitrate(StreamStatisticAnalyzer.java:11)
	at com.zixi.drivers.drivers.BroadcasterInputStatisticSingleStreamDriver.testStatistic(BroadcasterInputStatisticSingleStreamDriver.java:61)
	at com.zixi.testing.BroadcasterInputStatisticSingleStreamTest.broadcasterSingleInputStreamStatisticAnilyzer(BroadcasterInputStatisticSingleStreamTest.java:33)
</failure>
  </testcase>
  <testcase classname="com.zixi.testing.BroadcasterUDPOutputStreamCreationTest" name="broadcasterPullInCreation" time="0.46"/>
  <testcase classname="com.zixi.testing.FFMPEGImageStatisticTest" name="testInit" time="0.496">
    <failure message="com/zixi/drivers/drivers/FFMPEGImageStatisticTestDriver" type="java.lang.NoClassDefFoundError">java.lang.NoClassDefFoundError: com/zixi/drivers/drivers/FFMPEGImageStatisticTestDriver
	at com.zixi.testing.FFMPEGImageStatisticTest.testInit(FFMPEGImageStatisticTest.java:15)
</failure>
  </testcase>
  <testcase classname="com.zixi.testing.FFMPEGImageStatisticTest" name="beforeTes" time="0.496">
    <skipped/>
  </testcase>
  <testcase classname="com.zixi.testing.FFMPEGImageStatisticTest" name="broadcasterSingleInputStreamStatisticAnilyzer" time="0">
    <skipped/>
  </testcase>
  <testcase classname="com.zixi.testing.FFMPEGImageStatisticTest" name="afterTest" time="0">
    <skipped/>
  </testcase>
  <testcase classname="com.zixi.testing.BroadcaserSingleOutputStreamDeletionTest" name="broadcasterSingleStreamRemoving" time="0.482"/>
  <testcase classname="com.zixi.testing.BroadcasterSingleInputStreamDeletionTest" name="testInit" time="0.516">
    <failure message="com/zixi/drivers/drivers/BroadcasterSingleInputStreamDeletionDriver" type="java.lang.NoClassDefFoundError">java.lang.NoClassDefFoundError: com/zixi/drivers/drivers/BroadcasterSingleInputStreamDeletionDriver
	at com.zixi.testing.BroadcasterSingleInputStreamDeletionTest.testInit(BroadcasterSingleInputStreamDeletionTest.java:14)
</failure>
  </testcase>
  <testcase classname="com.zixi.testing.BroadcasterSingleInputStreamDeletionTest" name="beforeTes" time="0.517">
    <skipped/>
  </testcase>
  <testcase classname="com.zixi.testing.BroadcasterSingleInputStreamDeletionTest" name="broadcasterInputStreamDeletion" time="0">
    <skipped/>
  </testcase>
  <testcase classname="com.zixi.testing.BroadcasterSingleInputStreamDeletionTest" name="afterTest" time="0">
    <skipped/>
  </testcase>
  <testcase classname="com.zixi.testing.BroadcaserSingleOutputStreamDeletionTest" name="broadcasterSingleStreamRemoving" time="0.185">
    <failure message="expected [Output pushtest removed.] but found [{&quot;error&quot;:&quot;failed removing output null&quot;}]" type="java.lang.AssertionError">java.lang.AssertionError: expected [Output pushtest removed.] but found [{&quot;error&quot;:&quot;failed removing output null&quot;}]
	at org.testng.Assert.fail(Assert.java:94)
	at org.testng.Assert.failNotEquals(Assert.java:496)
	at org.testng.Assert.assertEquals(Assert.java:125)
	at org.testng.Assert.assertEquals(Assert.java:178)
	at org.testng.Assert.assertEquals(Assert.java:188)
	at com.zixi.testing.BroadcaserSingleOutputStreamDeletionTest.broadcasterSingleStreamRemoving(BroadcaserSingleOutputStreamDeletionTest.java:34)
</failure>
    <system-out>bug -------------&gt;&gt;&gt; JSONObject[&quot;msg&quot;] not found. Request is http://10.7.0.63:4444/zixi/remove_output.json?id=null&amp;stream=null 
Line Number is 127
Exception type is class org.json.JSONException
</system-out>
  </testcase>
</testsuite>