<?xml version="1.0" encoding="UTF-8" ?>
<testsuite tests="167" failures="1" name="TestSuite" time="2,172.68" errors="0" skipped="0">
  <properties>
    <property name="java.runtime.name" value="Java(TM) SE Runtime Environment"/>
    <property name="sun.boot.library.path" value="C:\Program Files\Java\jdk1.8.0_40\jre\bin"/>
    <property name="java.vm.version" value="25.40-b25"/>
    <property name="java.vm.vendor" value="Oracle Corporation"/>
    <property name="java.vendor.url" value="http://java.oracle.com/"/>
    <property name="path.separator" value=";"/>
    <property name="java.vm.name" value="Java HotSpot(TM) 64-Bit Server VM"/>
    <property name="file.encoding.pkg" value="sun.io"/>
    <property name="user.script" value=""/>
    <property name="user.country" value="US"/>
    <property name="sun.java.launcher" value="SUN_STANDARD"/>
    <property name="sun.os.patch.level" value="Service Pack 1"/>
    <property name="java.vm.specification.name" value="Java Virtual Machine Specification"/>
    <property name="user.dir" value="C:\work\automationPrj\automation"/>
    <property name="java.runtime.version" value="1.8.0_40-b26"/>
    <property name="java.awt.graphicsenv" value="sun.awt.Win32GraphicsEnvironment"/>
    <property name="basedir" value="C:\work\automationPrj\automation"/>
    <property name="java.endorsed.dirs" value="C:\Program Files\Java\jdk1.8.0_40\jre\lib\endorsed"/>
    <property name="os.arch" value="amd64"/>
    <property name="surefire.real.class.path" value="C:\Users\yuri\AppData\Local\Temp\surefirebooter3564751984631952729.jar"/>
    <property name="java.io.tmpdir" value="C:\Users\yuri\AppData\Local\Temp\"/>
    <property name="line.separator" value="
"/>
    <property name="java.vm.specification.vendor" value="Oracle Corporation"/>
    <property name="user.variant" value=""/>
    <property name="os.name" value="Windows 7"/>
    <property name="sun.jnu.encoding" value="Cp1252"/>
    <property name="java.library.path" value="C:\Program Files\Java\jdk1.8.0_40\jre\bin;C:\Windows\Sun\Java\bin;C:\Windows\system32;C:\Windows;C:\tools\maven\apache-maven-3.2.1/bin;C:\Program Files\Java\jdk1.8.0_40/bin;C:\Program Files\Java\jdk1.8.0_40/bin;C:\Perl64\site\bin;C:\Perl64\bin;C:\ProgramData\Oracle\Java\javapath;C:\Program Files (x86)\Intel\iCLS Client\;C:\Program Files\Intel\iCLS Client\;C:\Windows\system32;C:\Windows;C:\Windows\System32\Wbem;C:\Windows\System32\WindowsPowerShell\v1.0\;C:\Program Files\Intel\Intel(R) Management Engine Components\DAL;C:\Program Files\Intel\Intel(R) Management Engine Components\IPT;C:\Program Files (x86)\Intel\Intel(R) Management Engine Components\DAL;C:\Program Files (x86)\Intel\Intel(R) Management Engine Components\IPT;C:\Program Files\TortoiseSVN\bin;%M2_HOME%\bin;C:\tools;C:\Program Files (x86)\IneoQuest\IQMediaAnalyzer;C:\Program Files (x86)\IneoQuest\Tools;C:\Program Files (x86)\IneoQuest\Common;C:\Program Files (x86)\IneoQuest\Tools\TSReader;C:\Program Files (x86)\QuickTime\QTSystem\;C:\Program Files (x86)\Microsoft SQL Server\100\Tools\Binn\;C:\Program Files (x86)\Microsoft SQL Server\100\DTS\Binn\;C:\Program Files (x86)\Skype\Phone\;C:\Program Files\TortoiseGit\bin;C:\MinGW\bin;C:\MinGW\msys\1.0\bin;C:\tools\maven\apache-maven-3.2.1\bin;."/>
    <property name="surefire.test.class.path" value="C:\work\automationPrj\automation\target\test-classes;C:\work\automationPrj\automation\target\classes;C:\Users\yuri\.m2\repository\br\eti\kinoshita\testlink-java-api\1.9.6-1\testlink-java-api-1.9.6-1.jar;C:\Users\yuri\.m2\repository\commons-lang\commons-lang\2.5\commons-lang-2.5.jar;C:\Users\yuri\.m2\repository\commons-io\commons-io\2.0.1\commons-io-2.0.1.jar;C:\Users\yuri\.m2\repository\org\slf4j\slf4j-api\1.6.1\slf4j-api-1.6.1.jar;C:\Users\yuri\.m2\repository\org\slf4j\slf4j-simple\1.6.1\slf4j-simple-1.6.1.jar;C:\Users\yuri\.m2\repository\commons-configuration\commons-configuration\1.7\commons-configuration-1.7.jar;C:\Users\yuri\.m2\repository\commons-collections\commons-collections\3.2.1\commons-collections-3.2.1.jar;C:\Users\yuri\.m2\repository\commons-logging\commons-logging\1.1.1\commons-logging-1.1.1.jar;C:\Users\yuri\.m2\repository\commons-digester\commons-digester\1.8.1\commons-digester-1.8.1.jar;C:\Users\yuri\.m2\repository\commons-beanutils\commons-beanutils\1.8.3\commons-beanutils-1.8.3.jar;C:\Users\yuri\.m2\repository\org\apache\xmlrpc\xmlrpc-common\3.1.3\xmlrpc-common-3.1.3.jar;C:\Users\yuri\.m2\repository\org\apache\ws\commons\util\ws-commons-util\1.0.2\ws-commons-util-1.0.2.jar;C:\Users\yuri\.m2\repository\org\apache\xmlrpc\xmlrpc-client\3.1.3\xmlrpc-client-3.1.3.jar;C:\Users\yuri\.m2\repository\xml-apis\xml-apis\1.0.b2\xml-apis-1.0.b2.jar;C:\Users\yuri\.m2\repository\commons-httpclient\commons-httpclient\3.1\commons-httpclient-3.1.jar;C:\Users\yuri\.m2\repository\commons-codec\commons-codec\1.2\commons-codec-1.2.jar;C:\Users\yuri\.m2\repository\org\apache\commons\commons-lang3\3.0\commons-lang3-3.0.jar;C:\Users\yuri\.m2\repository\org\testng\testng\6.9.4\testng-6.9.4.jar;C:\Users\yuri\.m2\repository\org\beanshell\bsh\2.0b4\bsh-2.0b4.jar;C:\Users\yuri\.m2\repository\com\beust\jcommander\1.48\jcommander-1.48.jar;C:\Users\yuri\.m2\repository\junit\junit\4.12\junit-4.12.jar;C:\Users\yuri\.m2\repository\org\hamcrest\hamcrest-core\1.3\hamcrest-core-1.3.jar;C:\Users\yuri\.m2\repository\org\json\json\20141113\json-20141113.jar;C:\Users\yuri\.m2\repository\org\uncommons\reportng\1.1.2\reportng-1.1.2.jar;C:\Users\yuri\.m2\repository\velocity\velocity\1.4\velocity-1.4.jar;C:\Users\yuri\.m2\repository\velocity\velocity-dep\1.4\velocity-dep-1.4.jar;C:\Users\yuri\.m2\repository\com\google\inject\guice\3.0\guice-3.0.jar;C:\Users\yuri\.m2\repository\javax\inject\javax.inject\1\javax.inject-1.jar;C:\Users\yuri\.m2\repository\aopalliance\aopalliance\1.0\aopalliance-1.0.jar;"/>
    <property name="java.specification.name" value="Java Platform API Specification"/>
    <property name="java.class.version" value="52.0"/>
    <property name="sun.management.compiler" value="HotSpot 64-Bit Tiered Compilers"/>
    <property name="os.version" value="6.1"/>
    <property name="user.home" value="C:\Users\yuri"/>
    <property name="user.timezone" value="Asia/Jerusalem"/>
    <property name="sun.net.http.allowRestrictedHeaders" value="true"/>
    <property name="java.awt.printerjob" value="sun.awt.windows.WPrinterJob"/>
    <property name="java.specification.version" value="1.8"/>
    <property name="file.encoding" value="Cp1252"/>
    <property name="user.name" value="yuri"/>
    <property name="java.class.path" value="C:\work\automationPrj\automation\target\test-classes;C:\work\automationPrj\automation\target\classes;C:\Users\yuri\.m2\repository\br\eti\kinoshita\testlink-java-api\1.9.6-1\testlink-java-api-1.9.6-1.jar;C:\Users\yuri\.m2\repository\commons-lang\commons-lang\2.5\commons-lang-2.5.jar;C:\Users\yuri\.m2\repository\commons-io\commons-io\2.0.1\commons-io-2.0.1.jar;C:\Users\yuri\.m2\repository\org\slf4j\slf4j-api\1.6.1\slf4j-api-1.6.1.jar;C:\Users\yuri\.m2\repository\org\slf4j\slf4j-simple\1.6.1\slf4j-simple-1.6.1.jar;C:\Users\yuri\.m2\repository\commons-configuration\commons-configuration\1.7\commons-configuration-1.7.jar;C:\Users\yuri\.m2\repository\commons-collections\commons-collections\3.2.1\commons-collections-3.2.1.jar;C:\Users\yuri\.m2\repository\commons-logging\commons-logging\1.1.1\commons-logging-1.1.1.jar;C:\Users\yuri\.m2\repository\commons-digester\commons-digester\1.8.1\commons-digester-1.8.1.jar;C:\Users\yuri\.m2\repository\commons-beanutils\commons-beanutils\1.8.3\commons-beanutils-1.8.3.jar;C:\Users\yuri\.m2\repository\org\apache\xmlrpc\xmlrpc-common\3.1.3\xmlrpc-common-3.1.3.jar;C:\Users\yuri\.m2\repository\org\apache\ws\commons\util\ws-commons-util\1.0.2\ws-commons-util-1.0.2.jar;C:\Users\yuri\.m2\repository\org\apache\xmlrpc\xmlrpc-client\3.1.3\xmlrpc-client-3.1.3.jar;C:\Users\yuri\.m2\repository\xml-apis\xml-apis\1.0.b2\xml-apis-1.0.b2.jar;C:\Users\yuri\.m2\repository\commons-httpclient\commons-httpclient\3.1\commons-httpclient-3.1.jar;C:\Users\yuri\.m2\repository\commons-codec\commons-codec\1.2\commons-codec-1.2.jar;C:\Users\yuri\.m2\repository\org\apache\commons\commons-lang3\3.0\commons-lang3-3.0.jar;C:\Users\yuri\.m2\repository\org\testng\testng\6.9.4\testng-6.9.4.jar;C:\Users\yuri\.m2\repository\org\beanshell\bsh\2.0b4\bsh-2.0b4.jar;C:\Users\yuri\.m2\repository\com\beust\jcommander\1.48\jcommander-1.48.jar;C:\Users\yuri\.m2\repository\junit\junit\4.12\junit-4.12.jar;C:\Users\yuri\.m2\repository\org\hamcrest\hamcrest-core\1.3\hamcrest-core-1.3.jar;C:\Users\yuri\.m2\repository\org\json\json\20141113\json-20141113.jar;C:\Users\yuri\.m2\repository\org\uncommons\reportng\1.1.2\reportng-1.1.2.jar;C:\Users\yuri\.m2\repository\velocity\velocity\1.4\velocity-1.4.jar;C:\Users\yuri\.m2\repository\velocity\velocity-dep\1.4\velocity-dep-1.4.jar;C:\Users\yuri\.m2\repository\com\google\inject\guice\3.0\guice-3.0.jar;C:\Users\yuri\.m2\repository\javax\inject\javax.inject\1\javax.inject-1.jar;C:\Users\yuri\.m2\repository\aopalliance\aopalliance\1.0\aopalliance-1.0.jar;"/>
    <property name="java.vm.specification.version" value="1.8"/>
    <property name="sun.arch.data.model" value="64"/>
    <property name="java.home" value="C:\Program Files\Java\jdk1.8.0_40\jre"/>
    <property name="sun.java.command" value="C:\Users\yuri\AppData\Local\Temp\surefirebooter3564751984631952729.jar C:\Users\yuri\AppData\Local\Temp\surefire234637790939483431tmp C:\Users\yuri\AppData\Local\Temp\surefire9054863688577834084tmp"/>
    <property name="java.specification.vendor" value="Oracle Corporation"/>
    <property name="user.language" value="en"/>
    <property name="awt.toolkit" value="sun.awt.windows.WToolkit"/>
    <property name="java.vm.info" value="mixed mode"/>
    <property name="java.version" value="1.8.0_40"/>
    <property name="java.ext.dirs" value="C:\Program Files\Java\jdk1.8.0_40\jre\lib\ext;C:\Windows\Sun\Java\lib\ext"/>
    <property name="sun.boot.class.path" value="C:\Program Files\Java\jdk1.8.0_40\jre\lib\resources.jar;C:\Program Files\Java\jdk1.8.0_40\jre\lib\rt.jar;C:\Program Files\Java\jdk1.8.0_40\jre\lib\sunrsasign.jar;C:\Program Files\Java\jdk1.8.0_40\jre\lib\jsse.jar;C:\Program Files\Java\jdk1.8.0_40\jre\lib\jce.jar;C:\Program Files\Java\jdk1.8.0_40\jre\lib\charsets.jar;C:\Program Files\Java\jdk1.8.0_40\jre\lib\jfr.jar;C:\Program Files\Java\jdk1.8.0_40\jre\classes"/>
    <property name="java.vendor" value="Oracle Corporation"/>
    <property name="localRepository" value="C:\Users\yuri\.m2\repository"/>
    <property name="file.separator" value="\"/>
    <property name="java.vendor.url.bug" value="http://bugreport.sun.com/bugreport/"/>
    <property name="sun.cpu.endian" value="little"/>
    <property name="sun.io.unicode.encoding" value="UnicodeLittle"/>
    <property name="sun.desktop" value="windows"/>
    <property name="sun.cpu.isalist" value="amd64"/>
  </properties>
  <testcase classname="com.zixi.testing.BroadcasterSinglePullInStreamCreationTest" name="broadcasterPullInCreation" time="0.034"/>
  <testcase classname="com.zixi.testing.BroadcasterInputStatisticSingleStreamTest" name="broadcasterSingleInputStreamstatisticAnilyzer" time="35.061"/>
  <testcase classname="com.zixi.testing.BroadcasterSingleInputStreamDeletionTest" name="broadcasterInputStreamDeletion" time="0.012"/>
  <testcase classname="com.zixi.testing.BroadcasterSinglePullInStreamCreationTest" name="broadcasterPullInCreation" time="0.019"/>
  <testcase classname="com.zixi.testing.BroadcasterInputStatisticSingleStreamTest" name="broadcasterSingleInputStreamstatisticAnilyzer" time="35.046"/>
  <testcase classname="com.zixi.testing.BroadcasterSingleInputStreamDeletionTest" name="broadcasterInputStreamDeletion" time="0.01"/>
  <testcase classname="com.zixi.testing.BroadcasterSinglePullInStreamCreationTest" name="broadcasterPullInCreation" time="0.01"/>
  <testcase classname="com.zixi.testing.BroadcasterInputStatisticSingleStreamTest" name="broadcasterSingleInputStreamstatisticAnilyzer" time="35.049"/>
  <testcase classname="com.zixi.testing.BroadcasterSingleInputStreamDeletionTest" name="broadcasterInputStreamDeletion" time="0.012"/>
  <testcase classname="com.zixi.testing.BroadcasterSinglePullInStreamCreationTest" name="broadcasterPullInCreation" time="0.009"/>
  <testcase classname="com.zixi.testing.BroadcasterInputStatisticSingleStreamTest" name="broadcasterSingleInputStreamstatisticAnilyzer" time="35.049"/>
  <testcase classname="com.zixi.testing.BroadcasterSingleInputStreamDeletionTest" name="broadcasterInputStreamDeletion" time="0.01"/>
  <testcase classname="com.zixi.testing.BroadcasterUdpInStreamCreationTest" name="broadcasterUdpInCreation" time="0.017"/>
  <testcase classname="com.zixi.testing.BroadcasterUDPOutputStreamCreationTest" name="broadcasterPullInCreation" time="0.004"/>
  <testcase classname="com.zixi.testing.BroadcasterInputStatisticSingleStreamTest" name="broadcasterSingleInputStreamstatisticAnilyzer" time="30.023"/>
  <testcase classname="com.zixi.testing.BroadcasterSingleInputStreamDeletionTest" name="broadcasterInputStreamDeletion" time="0.006"/>
  <testcase classname="com.zixi.testing.BroadcaserSingleOutputStreamDeletionTest" name="broadcasterSingleStreamRemoving" time="0.008"/>
  <testcase classname="com.zixi.testing.BroadcasterUdpInStreamCreationTest" name="broadcasterUdpInCreation" time="0.011"/>
  <testcase classname="com.zixi.testing.BroadcasterUDPOutputStreamCreationTest" name="broadcasterPullInCreation" time="0.005"/>
  <testcase classname="com.zixi.testing.BroadcasterInputStatisticSingleStreamTest" name="broadcasterSingleInputStreamstatisticAnilyzer" time="45.087"/>
  <testcase classname="com.zixi.testing.BroadcasterSingleInputStreamDeletionTest" name="broadcasterInputStreamDeletion" time="0.006"/>
  <testcase classname="com.zixi.testing.BroadcaserSingleOutputStreamDeletionTest" name="broadcasterSingleStreamRemoving" time="0.004"/>
  <testcase classname="com.zixi.testing.BroadcasterUdpInStreamCreationTest" name="broadcasterUdpInCreation" time="0.009"/>
  <testcase classname="com.zixi.testing.BroadcasterUDPOutputStreamCreationTest" name="broadcasterPullInCreation" time="0.003"/>
  <testcase classname="com.zixi.testing.BroadcasterInputStatisticSingleStreamTest" name="broadcasterSingleInputStreamstatisticAnilyzer" time="45.091"/>
  <testcase classname="com.zixi.testing.BroadcasterSingleInputStreamDeletionTest" name="broadcasterInputStreamDeletion" time="0.005"/>
  <testcase classname="com.zixi.testing.BroadcaserSingleOutputStreamDeletionTest" name="broadcasterSingleStreamRemoving" time="0.004"/>
  <testcase classname="com.zixi.testing.BroadcasterUdpInStreamCreationTest" name="broadcasterUdpInCreation" time="0.009"/>
  <testcase classname="com.zixi.testing.BroadcasterUDPOutputStreamCreationTest" name="broadcasterPullInCreation" time="0.004"/>
  <testcase classname="com.zixi.testing.BroadcasterInputStatisticSingleStreamTest" name="broadcasterSingleInputStreamstatisticAnilyzer" time="45.097"/>
  <testcase classname="com.zixi.testing.BroadcasterSingleInputStreamDeletionTest" name="broadcasterInputStreamDeletion" time="0.01"/>
  <testcase classname="com.zixi.testing.BroadcaserSingleOutputStreamDeletionTest" name="broadcasterSingleStreamRemoving" time="0.004"/>
  <testcase classname="com.zixi.testing.BroadcasterUdpInStreamCreationTest" name="broadcasterUdpInCreation" time="0.014"/>
  <testcase classname="com.zixi.testing.BroadcasterUDPOutputStreamCreationTest" name="broadcasterPullInCreation" time="0.003"/>
  <testcase classname="com.zixi.testing.BroadcasterInputStatisticSingleStreamTest" name="broadcasterSingleInputStreamstatisticAnilyzer" time="45.097"/>
  <testcase classname="com.zixi.testing.BroadcasterSingleInputStreamDeletionTest" name="broadcasterInputStreamDeletion" time="0.011"/>
  <testcase classname="com.zixi.testing.BroadcaserSingleOutputStreamDeletionTest" name="broadcasterSingleStreamRemoving" time="0.006"/>
  <testcase classname="com.zixi.testing.BroadcasterPushInStreamCreationTest" name="broadcasterSingleStreamRemoving" time="0.009"/>
  <testcase classname="com.zixi.testing.BroadcasterPushOutStreamCreationTest" name="broadcasterPullInCreation" time="0.004"/>
  <testcase classname="com.zixi.testing.BroadcasterInputStatisticSingleStreamTest" name="broadcasterSingleInputStreamstatisticAnilyzer" time="30.019"/>
  <testcase classname="com.zixi.testing.BroadcasterSingleInputStreamDeletionTest" name="broadcasterInputStreamDeletion" time="0.008"/>
  <testcase classname="com.zixi.testing.BroadcaserSingleOutputStreamDeletionTest" name="broadcasterSingleStreamRemoving" time="0.005"/>
  <testcase classname="com.zixi.testing.BroadcasterPushInStreamCreationTest" name="broadcasterSingleStreamRemoving" time="0.007"/>
  <testcase classname="com.zixi.testing.BroadcasterPushOutStreamCreationTest" name="broadcasterPullInCreation" time="0.004"/>
  <testcase classname="com.zixi.testing.BroadcasterInputStatisticSingleStreamTest" name="broadcasterSingleInputStreamstatisticAnilyzer" time="55.116"/>
  <testcase classname="com.zixi.testing.BroadcasterSingleInputStreamDeletionTest" name="broadcasterInputStreamDeletion" time="0.011"/>
  <testcase classname="com.zixi.testing.BroadcaserSingleOutputStreamDeletionTest" name="broadcasterSingleStreamRemoving" time="0.005"/>
  <testcase classname="com.zixi.testing.BroadcasterPushInStreamCreationTest" name="broadcasterSingleStreamRemoving" time="0.007"/>
  <testcase classname="com.zixi.testing.BroadcasterPushOutStreamCreationTest" name="broadcasterPullInCreation" time="0.005"/>
  <testcase classname="com.zixi.testing.BroadcasterInputStatisticSingleStreamTest" name="broadcasterSingleInputStreamstatisticAnilyzer" time="30.021"/>
  <testcase classname="com.zixi.testing.BroadcasterSingleInputStreamDeletionTest" name="broadcasterInputStreamDeletion" time="0.008"/>
  <testcase classname="com.zixi.testing.BroadcaserSingleOutputStreamDeletionTest" name="broadcasterSingleStreamRemoving" time="0.008"/>
  <testcase classname="com.zixi.testing.BroadcasterPushInStreamCreationTest" name="broadcasterSingleStreamRemoving" time="0.009"/>
  <testcase classname="com.zixi.testing.BroadcasterPushOutStreamCreationTest" name="broadcasterPullInCreation" time="0.003"/>
  <testcase classname="com.zixi.testing.BroadcasterInputStatisticSingleStreamTest" name="broadcasterSingleInputStreamstatisticAnilyzer" time="30.027"/>
  <testcase classname="com.zixi.testing.BroadcasterSingleInputStreamDeletionTest" name="broadcasterInputStreamDeletion" time="0.013"/>
  <testcase classname="com.zixi.testing.BroadcaserSingleOutputStreamDeletionTest" name="broadcasterSingleStreamRemoving" time="0.005"/>
  <testcase classname="com.zixi.testing.BroadcasterPushInStreamCreationTest" name="broadcasterSingleStreamRemoving" time="0.006"/>
  <testcase classname="com.zixi.testing.BroadcasterPushOutStreamCreationTest" name="broadcasterPullInCreation" time="0.003"/>
  <testcase classname="com.zixi.testing.BroadcasterInputStatisticSingleStreamTest" name="broadcasterSingleInputStreamstatisticAnilyzer" time="35.04"/>
  <testcase classname="com.zixi.testing.BroadcasterSingleInputStreamDeletionTest" name="broadcasterInputStreamDeletion" time="0.008"/>
  <testcase classname="com.zixi.testing.BroadcaserSingleOutputStreamDeletionTest" name="broadcasterSingleStreamRemoving" time="0.005"/>
  <testcase classname="com.zixi.testing.BroadcasterPushInStreamCreationTest" name="broadcasterSingleStreamRemoving" time="0.01"/>
  <testcase classname="com.zixi.testing.BroadcasterPushOutStreamCreationTest" name="broadcasterPullInCreation" time="0.003"/>
  <testcase classname="com.zixi.testing.BroadcasterInputStatisticSingleStreamTest" name="broadcasterSingleInputStreamstatisticAnilyzer" time="35.048"/>
  <testcase classname="com.zixi.testing.BroadcasterSingleInputStreamDeletionTest" name="broadcasterInputStreamDeletion" time="0.011"/>
  <testcase classname="com.zixi.testing.BroadcaserSingleOutputStreamDeletionTest" name="broadcasterSingleStreamRemoving" time="0.005"/>
  <testcase classname="com.zixi.testing.BroadcasterRtmpInputTest" name="broadcasterRtmpPullTest" time="0.008"/>
  <testcase classname="com.zixi.testing.BroadcasterInputStatisticSingleStreamTest" name="broadcasterSingleInputStreamstatisticAnilyzer" time="30.02"/>
  <testcase classname="com.zixi.testing.BroadcasterSingleInputStreamDeletionTest" name="broadcasterInputStreamDeletion" time="0.007"/>
  <testcase classname="com.zixi.testing.FeederOutputPushToBxTest" name="feederOutputToBxTest" time="0.009"/>
  <testcase classname="com.zixi.testing.BroadcasterPushInStreamCreationTest" name="broadcasterSingleStreamRemoving" time="0.006"/>
  <testcase classname="com.zixi.testing.BroadcasterInputStatisticSingleStreamTest" name="broadcasterSingleInputStreamstatisticAnilyzer" time="35.034"/>
  <testcase classname="com.zixi.testing.FeederOutputDeletioinTest" name="broadcasterSingleStreamRemoving" time="0.008"/>
  <testcase classname="com.zixi.testing.BroadcasterSingleInputStreamDeletionTest" name="broadcasterInputStreamDeletion" time="0.01"/>
  <testcase classname="com.zixi.testing.FeederOutputPushToBxTest" name="feederOutputToBxTest" time="0.008"/>
  <testcase classname="com.zixi.testing.BroadcasterPushInStreamCreationTest" name="broadcasterSingleStreamRemoving" time="0.019"/>
  <testcase classname="com.zixi.testing.BroadcasterInputStatisticSingleStreamTest" name="broadcasterSingleInputStreamstatisticAnilyzer" time="125.288"/>
  <testcase classname="com.zixi.testing.FeederOutputDeletioinTest" name="broadcasterSingleStreamRemoving" time="0.008"/>
  <testcase classname="com.zixi.testing.BroadcasterSingleInputStreamDeletionTest" name="broadcasterInputStreamDeletion" time="0.008"/>
  <testcase classname="com.zixi.testing.FeederOutputPushToBxTest" name="feederOutputToBxTest" time="0.011"/>
  <testcase classname="com.zixi.testing.BroadcasterPushInStreamCreationTest" name="broadcasterSingleStreamRemoving" time="0.005"/>
  <testcase classname="com.zixi.testing.BroadcasterInputStatisticSingleStreamTest" name="broadcasterSingleInputStreamstatisticAnilyzer" time="125.271"/>
  <testcase classname="com.zixi.testing.FeederOutputDeletioinTest" name="broadcasterSingleStreamRemoving" time="0.006"/>
  <testcase classname="com.zixi.testing.BroadcasterSingleInputStreamDeletionTest" name="broadcasterInputStreamDeletion" time="0.006"/>
  <testcase classname="com.zixi.testing.FeederOutputPushToBxTest" name="feederOutputToBxTest" time="0.009"/>
  <testcase classname="com.zixi.testing.BroadcasterPushInStreamCreationTest" name="broadcasterSingleStreamRemoving" time="0.016"/>
  <testcase classname="com.zixi.testing.BroadcasterInputStatisticSingleStreamTest" name="broadcasterSingleInputStreamstatisticAnilyzer" time="125.287"/>
  <testcase classname="com.zixi.testing.FeederOutputDeletioinTest" name="broadcasterSingleStreamRemoving" time="0.009"/>
  <testcase classname="com.zixi.testing.BroadcasterSingleInputStreamDeletionTest" name="broadcasterInputStreamDeletion" time="0.007"/>
  <testcase classname="com.zixi.testing.FeederOutputPushToBxTest" name="feederOutputToBxTest" time="0.007"/>
  <testcase classname="com.zixi.testing.BroadcasterPushInStreamCreationTest" name="broadcasterSingleStreamRemoving" time="0.003"/>
  <testcase classname="com.zixi.testing.BroadcasterInputStatisticSingleStreamTest" name="broadcasterSingleInputStreamstatisticAnilyzer" time="125.611"/>
  <testcase classname="com.zixi.testing.FeederOutputDeletioinTest" name="broadcasterSingleStreamRemoving" time="0.008"/>
  <testcase classname="com.zixi.testing.BroadcasterSingleInputStreamDeletionTest" name="broadcasterInputStreamDeletion" time="0.012"/>
  <testcase classname="com.zixi.testing.FeederOutputPushToBxTest" name="feederOutputToBxTest" time="0.008"/>
  <testcase classname="com.zixi.testing.BroadcasterPushInStreamCreationTest" name="broadcasterSingleStreamRemoving" time="0.012"/>
  <testcase classname="com.zixi.testing.BroadcasterInputStatisticSingleStreamTest" name="broadcasterSingleInputStreamstatisticAnilyzer" time="125.259"/>
  <testcase classname="com.zixi.testing.FeederOutputDeletioinTest" name="broadcasterSingleStreamRemoving" time="0.007"/>
  <testcase classname="com.zixi.testing.BroadcasterSingleInputStreamDeletionTest" name="broadcasterInputStreamDeletion" time="0.006"/>
  <testcase classname="com.zixi.testing.FeederOutputPushToBxTest" name="feederOutputToBxTest" time="0.008"/>
  <testcase classname="com.zixi.testing.BroadcasterPushInStreamCreationTest" name="broadcasterSingleStreamRemoving" time="0.007"/>
  <testcase classname="com.zixi.testing.BroadcasterInputStatisticSingleStreamTest" name="broadcasterSingleInputStreamstatisticAnilyzer" time="125.271"/>
  <testcase classname="com.zixi.testing.FeederOutputDeletioinTest" name="broadcasterSingleStreamRemoving" time="0.007"/>
  <testcase classname="com.zixi.testing.BroadcasterSingleInputStreamDeletionTest" name="broadcasterInputStreamDeletion" time="0.006"/>
  <testcase classname="com.zixi.testing.FeederOutputPushToBxTest" name="feederOutputToBxTest" time="0.007"/>
  <testcase classname="com.zixi.testing.BroadcasterPushInStreamCreationTest" name="broadcasterSingleStreamRemoving" time="0.008"/>
  <testcase classname="com.zixi.testing.BroadcasterInputStatisticSingleStreamTest" name="broadcasterSingleInputStreamstatisticAnilyzer" time="125.256"/>
  <testcase classname="com.zixi.testing.FeederOutputDeletioinTest" name="broadcasterSingleStreamRemoving" time="0.008"/>
  <testcase classname="com.zixi.testing.BroadcasterSingleInputStreamDeletionTest" name="broadcasterInputStreamDeletion" time="0.005"/>
  <testcase classname="com.zixi.testing.BroadcasterPushInStreamCreationTest" name="broadcasterSingleStreamRemoving" time="0.005"/>
  <testcase classname="com.zixi.testing.BroadcasterPushInStreamCreationTest" name="broadcasterSingleStreamRemoving" time="0.005"/>
  <testcase classname="com.zixi.testing.FeederOutputPushToBxTest" name="feederOutputToBxTest" time="0.006"/>
  <testcase classname="com.zixi.testing.BroadcasterInputStatisticSingleStreamTest" name="broadcasterSingleInputStreamstatisticAnilyzer" time="40.044"/>
  <testcase classname="com.zixi.testing.BroadcasterSingleInputStreamDeletionTest" name="broadcasterInputStreamDeletion" time="0.008"/>
  <testcase classname="com.zixi.testing.BroadcasterInputStatisticSingleStreamTest" name="broadcasterSingleInputStreamstatisticAnilyzer" time="40.034"/>
  <testcase classname="com.zixi.testing.FeederOutputDeletioinTest" name="broadcasterSingleStreamRemoving" time="0.007"/>
  <testcase classname="com.zixi.testing.BroadcasterSingleInputStreamDeletionTest" name="broadcasterInputStreamDeletion" time="0.004"/>
  <testcase classname="com.zixi.testing.FeederOutputPushToBxTest" name="feederOutputToBxTest" time="0.009"/>
  <testcase classname="com.zixi.testing.BroadcasterPushInStreamCreationTest" name="broadcasterSingleStreamRemoving" time="0.006"/>
  <testcase classname="com.zixi.testing.BroadcasterInputStatisticSingleStreamTest" name="broadcasterSingleInputStreamstatisticAnilyzer" time="35.047"/>
  <testcase classname="com.zixi.testing.FeederOutputDeletioinTest" name="broadcasterSingleStreamRemoving" time="0.012"/>
  <testcase classname="com.zixi.testing.BroadcasterSingleInputStreamDeletionTest" name="broadcasterInputStreamDeletion" time="0.012"/>
  <testcase classname="com.zixi.testing.FeederOutputPushToBxTest" name="feederOutputToBxTest" time="0.007"/>
  <testcase classname="com.zixi.testing.BroadcasterPushInStreamCreationTest" name="broadcasterSingleStreamRemoving" time="0.016"/>
  <testcase classname="com.zixi.testing.BroadcasterInputStatisticSingleStreamTest" name="broadcasterSingleInputStreamstatisticAnilyzer" time="35.03"/>
  <testcase classname="com.zixi.testing.FeederOutputDeletioinTest" name="broadcasterSingleStreamRemoving" time="0.005"/>
  <testcase classname="com.zixi.testing.BroadcasterSingleInputStreamDeletionTest" name="broadcasterInputStreamDeletion" time="0.006"/>
  <testcase classname="com.zixi.testing.FeederOutputPushToBxTest" name="feederOutputToBxTest" time="0.007"/>
  <testcase classname="com.zixi.testing.BroadcasterPushInStreamCreationTest" name="broadcasterSingleStreamRemoving" time="0.008"/>
  <testcase classname="com.zixi.testing.BroadcasterInputStatisticSingleStreamTest" name="broadcasterSingleInputStreamstatisticAnilyzer" time="35.028"/>
  <testcase classname="com.zixi.testing.FeederOutputDeletioinTest" name="broadcasterSingleStreamRemoving" time="0.007"/>
  <testcase classname="com.zixi.testing.BroadcasterSingleInputStreamDeletionTest" name="broadcasterInputStreamDeletion" time="0.005"/>
  <testcase classname="com.zixi.testing.FeederOutputPushToBxTest" name="feederOutputToBxTest" time="0.008"/>
  <testcase classname="com.zixi.testing.BroadcasterPushInStreamCreationTest" name="broadcasterSingleStreamRemoving" time="0.013"/>
  <testcase classname="com.zixi.testing.BroadcasterInputStatisticSingleStreamTest" name="broadcasterSingleInputStreamstatisticAnilyzer" time="35.031"/>
  <testcase classname="com.zixi.testing.FeederOutputDeletioinTest" name="broadcasterSingleStreamRemoving" time="0.006"/>
  <testcase classname="com.zixi.testing.BroadcasterSingleInputStreamDeletionTest" name="broadcasterInputStreamDeletion" time="0.017"/>
  <testcase classname="com.zixi.testing.FeederOutputPushToBxTest" name="feederOutputToBxTest" time="0.007"/>
  <testcase classname="com.zixi.testing.BroadcasterPushInStreamCreationTest" name="broadcasterSingleStreamRemoving" time="0.008"/>
  <testcase classname="com.zixi.testing.BroadcasterInputStatisticSingleStreamTest" name="broadcasterSingleInputStreamstatisticAnilyzer" time="35.028"/>
  <testcase classname="com.zixi.testing.FeederOutputDeletioinTest" name="broadcasterSingleStreamRemoving" time="0.009"/>
  <testcase classname="com.zixi.testing.BroadcasterSingleInputStreamDeletionTest" name="broadcasterInputStreamDeletion" time="0.003"/>
  <testcase classname="com.zixi.testing.FeederOutputPushToBxTest" name="feederOutputToBxTest" time="0.006"/>
  <testcase classname="com.zixi.testing.BroadcasterPushInStreamCreationTest" name="broadcasterSingleStreamRemoving" time="0.007"/>
  <testcase classname="com.zixi.testing.ReceiverPullInputStreamCreationTest" name="feederOutputToBxTest" time="0.01"/>
  <testcase classname="com.zixi.testing.BroadcasterInputStatisticSingleStreamTest" name="broadcasterSingleInputStreamstatisticAnilyzer" time="125.274"/>
  <testcase classname="com.zixi.testing.ReceiverInputStatisticTest" name="receiverInputStatistic" time="120.117"/>
  <testcase classname="com.zixi.testing.FeederOutputDeletioinTest" name="broadcasterSingleStreamRemoving" time="0.008"/>
  <testcase classname="com.zixi.testing.BroadcasterSingleInputStreamDeletionTest" name="broadcasterInputStreamDeletion" time="0.011"/>
  <testcase classname="com.zixi.testing.ReceiverPullInputStreamDeletionTest" name="feederOutputToBxTest" time="0.006"/>
  <testcase classname="com.zixi.testing.BroadcasterRtmpPushOutputCreationTest" name="broadcasterSingleStreamRemoving" time="0.006"/>
  <testcase classname="com.zixi.testing.BroadcasterRtmpPushInputCreationStreamTest" name="broadcasterRtmpPushTest" time="0.009"/>
  <testcase classname="com.zixi.testing.BroadcasterInputStatisticSingleStreamTest" name="broadcasterSingleInputStreamstatisticAnilyzer" time="30.015"/>
  <testcase classname="com.zixi.testing.BroadcasterSingleInputStreamDeletionTest" name="broadcasterInputStreamDeletion" time="0.006"/>
  <testcase classname="com.zixi.testing.BroadcaserSingleOutputStreamDeletionTest" name="broadcasterSingleStreamRemoving" time="0.006"/>
  <testcase classname="com.zixi.testing.BroadcasterUdpInStreamCreationTest" name="broadcasterUdpInCreation" time="0.01"/>
  <testcase classname="com.zixi.testing.BroadcasterUDPOutputStreamCreationTest" name="broadcasterPullInCreation" time="0.003"/>
  <testcase classname="com.zixi.testing.BroadcasterInputStatisticSingleStreamTest" name="broadcasterSingleInputStreamstatisticAnilyzer" time="60.14"/>
  <testcase classname="com.zixi.testing.BroadcasterRtmpPushOutputCreationTest" name="broadcasterSingleStreamRemoving" time="0.003"/>
  <testcase classname="com.zixi.testing.BroadcasterRtmpPushOutputCreationTest" name="afterTest" time="0.032">
    <failure message="Test Case (name=Broadcaster - RTMP Push output stream creation - default parameters/id=515) is not associated with Test Plan (name=Automation/id=262)." type="br.eti.kinoshita.testlinkjavaapi.util.TestLinkAPIException">br.eti.kinoshita.testlinkjavaapi.util.TestLinkAPIException: Test Case (name=Broadcaster - RTMP Push output stream creation - default parameters/id=515) is not associated with Test Plan (name=Automation/id=262).
	at br.eti.kinoshita.testlinkjavaapi.BaseService.checkResponseError(BaseService.java:113)
	at br.eti.kinoshita.testlinkjavaapi.BaseService.executeXmlRpcCall(BaseService.java:91)
	at br.eti.kinoshita.testlinkjavaapi.TestCaseService.reportTCResult(TestCaseService.java:561)
	at br.eti.kinoshita.testlinkjavaapi.TestLinkAPI.setTestCaseExecutionResult(TestLinkAPI.java:938)
	at com.zixi.tools.TestlinkIntegration.setResult(TestlinkIntegration.java:54)
	at com.zixi.testing.BaseTest.afterTest(BaseTest.java:23)
	at sun.reflect.GeneratedMethodAccessor2.invoke(Unknown Source)
	at sun.reflect.DelegatingMethodAccessorImpl.invoke(DelegatingMethodAccessorImpl.java:43)
	at java.lang.reflect.Method.invoke(Method.java:497)
	at org.testng.internal.MethodInvocationHelper.invokeMethod(MethodInvocationHelper.java:85)
	at org.testng.internal.Invoker.invokeConfigurationMethod(Invoker.java:517)
	at org.testng.internal.Invoker.invokeConfigurations(Invoker.java:213)
	at org.testng.internal.Invoker.invokeMethod(Invoker.java:732)
	at org.testng.internal.Invoker.invokeTestMethod(Invoker.java:845)
	at org.testng.internal.Invoker.invokeTestMethods(Invoker.java:1153)
	at org.testng.internal.TestMethodWorker.invokeTestMethods(TestMethodWorker.java:125)
	at org.testng.internal.TestMethodWorker.run(TestMethodWorker.java:108)
	at org.testng.TestRunner.privateRun(TestRunner.java:771)
	at org.testng.TestRunner.run(TestRunner.java:621)
	at org.testng.SuiteRunner.runTest(SuiteRunner.java:357)
	at org.testng.SuiteRunner.runSequentially(SuiteRunner.java:352)
	at org.testng.SuiteRunner.privateRun(SuiteRunner.java:310)
	at org.testng.SuiteRunner.run(SuiteRunner.java:259)
	at org.testng.SuiteRunnerWorker.runSuite(SuiteRunnerWorker.java:52)
	at org.testng.SuiteRunnerWorker.run(SuiteRunnerWorker.java:86)
	at org.testng.TestNG.runSuitesSequentially(TestNG.java:1199)
	at org.testng.TestNG.runSuitesLocally(TestNG.java:1124)
	at org.testng.TestNG.run(TestNG.java:1032)
	at org.apache.maven.surefire.testng.TestNGExecutor.run(TestNGExecutor.java:74)
	at org.apache.maven.surefire.testng.TestNGXmlTestSuite.execute(TestNGXmlTestSuite.java:92)
	at org.apache.maven.surefire.Surefire.run(Surefire.java:180)
	at sun.reflect.NativeMethodAccessorImpl.invoke0(Native Method)
	at sun.reflect.NativeMethodAccessorImpl.invoke(NativeMethodAccessorImpl.java:62)
	at sun.reflect.DelegatingMethodAccessorImpl.invoke(DelegatingMethodAccessorImpl.java:43)
	at java.lang.reflect.Method.invoke(Method.java:497)
	at org.apache.maven.surefire.booter.SurefireBooter.runSuitesInProcess(SurefireBooter.java:350)
	at org.apache.maven.surefire.booter.SurefireBooter.main(SurefireBooter.java:1021)
</failure>
    <system-out>acsrf-broadcaster=acsrf_B4A2D4A1%3D2B17EDD8752CE7A81B4958FF8907FBD1
session-dog.zixi.kuturu=8F9BC7C2D639F4E35431147ECCFB120D
one  : acsrf-broadcaster=acsrf_B4A2D4A1%3D2B17EDD8752CE7A81B4958FF8907FBD1 ,two: session-dog.zixi.kuturu=8F9BC7C2D639F4E35431147ECCFB120D
</system-out>
  </testcase>
  <testcase classname="com.zixi.testing.BroadcasterRtmpPushInputCreationStreamTest" name="broadcasterRtmpPushTest" time="0.008"/>
  <testcase classname="com.zixi.testing.BroadcasterInputStatisticSingleStreamTest" name="broadcasterSingleInputStreamstatisticAnilyzer" time="65.08"/>
  <testcase classname="com.zixi.testing.BroadcasterSingleInputStreamDeletionTest" name="broadcasterInputStreamDeletion" time="0.008"/>
  <testcase classname="com.zixi.testing.BroadcaserSingleOutputStreamDeletionTest" name="broadcasterSingleStreamRemoving" time="0.005"/>
  <testcase classname="com.zixi.testing.BroadcasterSingleInputStreamDeletionTest" name="broadcasterInputStreamDeletion" time="0.004"/>
  <testcase classname="com.zixi.testing.BroadcaserSingleOutputStreamDeletionTest" name="broadcasterSingleStreamRemoving" time="0.019"/>
</testsuite>