<?xml version="1.0" encoding="UTF-8" ?>
<testsuite tests="630" failures="121" name="TestSuite" time="18,803.388" errors="0" skipped="15">
  <properties>
    <property name="java.runtime.name" value="Java(TM) SE Runtime Environment"/>
    <property name="sun.boot.library.path" value="C:\jdk8\bin"/>
    <property name="java.vm.version" value="25.31-b07"/>
    <property name="java.vm.vendor" value="Oracle Corporation"/>
    <property name="java.vendor.url" value="http://java.oracle.com/"/>
    <property name="path.separator" value=";"/>
    <property name="java.vm.name" value="Java HotSpot(TM) 64-Bit Server VM"/>
    <property name="file.encoding.pkg" value="sun.io"/>
    <property name="user.script" value=""/>
    <property name="user.country" value="US"/>
    <property name="sun.java.launcher" value="SUN_STANDARD"/>
    <property name="sun.os.patch.level" value="Service Pack 1"/>
    <property name="java.vm.specification.name" value="Java Virtual Machine Specification"/>
    <property name="user.dir" value="C:\work\automationPrj\automation"/>
    <property name="java.runtime.version" value="1.8.0_31-b13"/>
    <property name="java.awt.graphicsenv" value="sun.awt.Win32GraphicsEnvironment"/>
    <property name="basedir" value="C:\work\automationPrj\automation"/>
    <property name="java.endorsed.dirs" value="C:\jdk8\lib\endorsed"/>
    <property name="os.arch" value="amd64"/>
    <property name="surefire.real.class.path" value="C:\Users\yuri\AppData\Local\Temp\surefirebooter2029121651664202523.jar"/>
    <property name="java.io.tmpdir" value="C:\Users\yuri\AppData\Local\Temp\"/>
    <property name="line.separator" value="
"/>
    <property name="java.vm.specification.vendor" value="Oracle Corporation"/>
    <property name="user.variant" value=""/>
    <property name="os.name" value="Windows 7"/>
    <property name="sun.jnu.encoding" value="Cp1252"/>
    <property name="java.library.path" value="C:\jdk8\bin;C:\Windows\Sun\Java\bin;C:\Windows\system32;C:\Windows;C:/Program Files/Java/jre1.8.0_40/bin/server;C:/Program Files/Java/jre1.8.0_40/bin;C:/Program Files/Java/jre1.8.0_40/lib/amd64;C:\Program Files\Intel\Intel(R) Media Server Studio 2016\Software Development Kit\bin\x64;C:\Program Files\Intel\Intel(R) Media Server Studio 2016\Software Development Kit\bin\win32;C:\Program Files\Intel\Intel(R) Media Server Studio 2016\OpenCL(tm) Code Builder\bin\x64;C:\Program Files\Intel\Intel(R) Media Server Studio 2016\OpenCL(tm) Code Builder\bin\x86;C:\Program Files\Intel\Intel(R) Media Server Studio 2016\OpenCL(tm) Code Builder\bin\Pin;C:\Program Files\Intel\Intel(R) Media Server Studio 2016\OpenCL(tm) Code Builder\bin\GTPin;C:\Perl64\site\bin;C:\Perl64\bin;C:\ProgramData\Oracle\Java\javapath;C:\Program Files (x86)\Intel\iCLS Client\;C:\Program Files\Intel\iCLS Client\;C:\Windows\system32;C:\Windows;C:\Windows\System32\Wbem;C:\Windows\System32\WindowsPowerShell\v1.0\;C:\Program Files\Intel\Intel(R) Management Engine Components\DAL;C:\Program Files\Intel\Intel(R) Management Engine Components\IPT;C:\Program Files (x86)\Intel\Intel(R) Management Engine Components\DAL;C:\Program Files (x86)\Intel\Intel(R) Management Engine Components\IPT;C:\Program Files\TortoiseSVN\bin;%M2_HOME%\bin;C:\tools;C:\Program Files (x86)\IneoQuest\IQMediaAnalyzer;C:\Program Files (x86)\IneoQuest\Tools;C:\Program Files (x86)\IneoQuest\Common;C:\Program Files (x86)\IneoQuest\Tools\TSReader;C:\Program Files (x86)\QuickTime\QTSystem\;C:\Program Files (x86)\Microsoft SQL Server\100\Tools\Binn\;C:\Program Files (x86)\Microsoft SQL Server\100\DTS\Binn\;C:\Program Files\TortoiseGit\bin;C:\MinGW\bin;C:\MinGW\msys\1.0\bin;C:\Program Files (x86)\Skype\Phone\;%USERPROFILE%\.dnx\bin;C:\Program Files\Microsoft DNX\Dnvm\;C:\Program Files (x86)\Windows Kits\10\Windows Performance Toolkit\;C:\Program Files (x86)\nodejs\;C:\tools\maven\apache-maven-3.2.1\bin;C:\Users\yuri\AppData\Roaming\npm;C:\tools\eclipse8\eclipse;;."/>
    <property name="surefire.test.class.path" value="C:\work\automationPrj\automation\target\test-classes;C:\work\automationPrj\automation\target\classes;C:\Users\yuri\.m2\repository\br\eti\kinoshita\testlink-java-api\1.9.6-1\testlink-java-api-1.9.6-1.jar;C:\Users\yuri\.m2\repository\commons-lang\commons-lang\2.5\commons-lang-2.5.jar;C:\Users\yuri\.m2\repository\commons-io\commons-io\2.0.1\commons-io-2.0.1.jar;C:\Users\yuri\.m2\repository\org\slf4j\slf4j-api\1.6.1\slf4j-api-1.6.1.jar;C:\Users\yuri\.m2\repository\org\slf4j\slf4j-simple\1.6.1\slf4j-simple-1.6.1.jar;C:\Users\yuri\.m2\repository\commons-configuration\commons-configuration\1.7\commons-configuration-1.7.jar;C:\Users\yuri\.m2\repository\commons-collections\commons-collections\3.2.1\commons-collections-3.2.1.jar;C:\Users\yuri\.m2\repository\commons-logging\commons-logging\1.1.1\commons-logging-1.1.1.jar;C:\Users\yuri\.m2\repository\commons-digester\commons-digester\1.8.1\commons-digester-1.8.1.jar;C:\Users\yuri\.m2\repository\commons-beanutils\commons-beanutils\1.8.3\commons-beanutils-1.8.3.jar;C:\Users\yuri\.m2\repository\org\apache\xmlrpc\xmlrpc-common\3.1.3\xmlrpc-common-3.1.3.jar;C:\Users\yuri\.m2\repository\org\apache\ws\commons\util\ws-commons-util\1.0.2\ws-commons-util-1.0.2.jar;C:\Users\yuri\.m2\repository\org\apache\xmlrpc\xmlrpc-client\3.1.3\xmlrpc-client-3.1.3.jar;C:\Users\yuri\.m2\repository\xml-apis\xml-apis\1.0.b2\xml-apis-1.0.b2.jar;C:\Users\yuri\.m2\repository\commons-httpclient\commons-httpclient\3.1\commons-httpclient-3.1.jar;C:\Users\yuri\.m2\repository\commons-codec\commons-codec\1.2\commons-codec-1.2.jar;C:\Users\yuri\.m2\repository\org\apache\commons\commons-lang3\3.0\commons-lang3-3.0.jar;C:\Users\yuri\.m2\repository\org\testng\testng\6.9.4\testng-6.9.4.jar;C:\Users\yuri\.m2\repository\org\beanshell\bsh\2.0b4\bsh-2.0b4.jar;C:\Users\yuri\.m2\repository\com\beust\jcommander\1.48\jcommander-1.48.jar;C:\Users\yuri\.m2\repository\junit\junit\4.12\junit-4.12.jar;C:\Users\yuri\.m2\repository\org\hamcrest\hamcrest-core\1.3\hamcrest-core-1.3.jar;C:\Users\yuri\.m2\repository\org\json\json\20141113\json-20141113.jar;C:\Users\yuri\.m2\repository\org\uncommons\reportng\1.1.2\reportng-1.1.2.jar;C:\Users\yuri\.m2\repository\velocity\velocity\1.4\velocity-1.4.jar;C:\Users\yuri\.m2\repository\velocity\velocity-dep\1.4\velocity-dep-1.4.jar;C:\Users\yuri\.m2\repository\com\google\inject\guice\3.0\guice-3.0.jar;C:\Users\yuri\.m2\repository\javax\inject\javax.inject\1\javax.inject-1.jar;C:\Users\yuri\.m2\repository\aopalliance\aopalliance\1.0\aopalliance-1.0.jar;C:\Users\yuri\.m2\repository\com\jcraft\jsch\0.1.53\jsch-0.1.53.jar;C:\Users\yuri\.m2\repository\com\zixi\drivers\drivers\0.0.1-SNAPSHOT\drivers-0.0.1-SNAPSHOT.jar;C:\Users\yuri\.m2\repository\commons-net\commons-net\3.5\commons-net-3.5.jar;"/>
    <property name="java.specification.name" value="Java Platform API Specification"/>
    <property name="java.class.version" value="52.0"/>
    <property name="sun.management.compiler" value="HotSpot 64-Bit Tiered Compilers"/>
    <property name="os.version" value="6.1"/>
    <property name="user.home" value="C:\Users\yuri"/>
    <property name="user.timezone" value="Asia/Jerusalem"/>
    <property name="sun.net.http.allowRestrictedHeaders" value="true"/>
    <property name="java.awt.printerjob" value="sun.awt.windows.WPrinterJob"/>
    <property name="java.specification.version" value="1.8"/>
    <property name="file.encoding" value="Cp1252"/>
    <property name="user.name" value="yuri"/>
    <property name="java.class.path" value="C:\work\automationPrj\automation\target\test-classes;C:\work\automationPrj\automation\target\classes;C:\Users\yuri\.m2\repository\br\eti\kinoshita\testlink-java-api\1.9.6-1\testlink-java-api-1.9.6-1.jar;C:\Users\yuri\.m2\repository\commons-lang\commons-lang\2.5\commons-lang-2.5.jar;C:\Users\yuri\.m2\repository\commons-io\commons-io\2.0.1\commons-io-2.0.1.jar;C:\Users\yuri\.m2\repository\org\slf4j\slf4j-api\1.6.1\slf4j-api-1.6.1.jar;C:\Users\yuri\.m2\repository\org\slf4j\slf4j-simple\1.6.1\slf4j-simple-1.6.1.jar;C:\Users\yuri\.m2\repository\commons-configuration\commons-configuration\1.7\commons-configuration-1.7.jar;C:\Users\yuri\.m2\repository\commons-collections\commons-collections\3.2.1\commons-collections-3.2.1.jar;C:\Users\yuri\.m2\repository\commons-logging\commons-logging\1.1.1\commons-logging-1.1.1.jar;C:\Users\yuri\.m2\repository\commons-digester\commons-digester\1.8.1\commons-digester-1.8.1.jar;C:\Users\yuri\.m2\repository\commons-beanutils\commons-beanutils\1.8.3\commons-beanutils-1.8.3.jar;C:\Users\yuri\.m2\repository\org\apache\xmlrpc\xmlrpc-common\3.1.3\xmlrpc-common-3.1.3.jar;C:\Users\yuri\.m2\repository\org\apache\ws\commons\util\ws-commons-util\1.0.2\ws-commons-util-1.0.2.jar;C:\Users\yuri\.m2\repository\org\apache\xmlrpc\xmlrpc-client\3.1.3\xmlrpc-client-3.1.3.jar;C:\Users\yuri\.m2\repository\xml-apis\xml-apis\1.0.b2\xml-apis-1.0.b2.jar;C:\Users\yuri\.m2\repository\commons-httpclient\commons-httpclient\3.1\commons-httpclient-3.1.jar;C:\Users\yuri\.m2\repository\commons-codec\commons-codec\1.2\commons-codec-1.2.jar;C:\Users\yuri\.m2\repository\org\apache\commons\commons-lang3\3.0\commons-lang3-3.0.jar;C:\Users\yuri\.m2\repository\org\testng\testng\6.9.4\testng-6.9.4.jar;C:\Users\yuri\.m2\repository\org\beanshell\bsh\2.0b4\bsh-2.0b4.jar;C:\Users\yuri\.m2\repository\com\beust\jcommander\1.48\jcommander-1.48.jar;C:\Users\yuri\.m2\repository\junit\junit\4.12\junit-4.12.jar;C:\Users\yuri\.m2\repository\org\hamcrest\hamcrest-core\1.3\hamcrest-core-1.3.jar;C:\Users\yuri\.m2\repository\org\json\json\20141113\json-20141113.jar;C:\Users\yuri\.m2\repository\org\uncommons\reportng\1.1.2\reportng-1.1.2.jar;C:\Users\yuri\.m2\repository\velocity\velocity\1.4\velocity-1.4.jar;C:\Users\yuri\.m2\repository\velocity\velocity-dep\1.4\velocity-dep-1.4.jar;C:\Users\yuri\.m2\repository\com\google\inject\guice\3.0\guice-3.0.jar;C:\Users\yuri\.m2\repository\javax\inject\javax.inject\1\javax.inject-1.jar;C:\Users\yuri\.m2\repository\aopalliance\aopalliance\1.0\aopalliance-1.0.jar;C:\Users\yuri\.m2\repository\com\jcraft\jsch\0.1.53\jsch-0.1.53.jar;C:\Users\yuri\.m2\repository\com\zixi\drivers\drivers\0.0.1-SNAPSHOT\drivers-0.0.1-SNAPSHOT.jar;C:\Users\yuri\.m2\repository\commons-net\commons-net\3.5\commons-net-3.5.jar;"/>
    <property name="java.vm.specification.version" value="1.8"/>
    <property name="sun.arch.data.model" value="64"/>
    <property name="java.home" value="C:\jdk8"/>
    <property name="sun.java.command" value="C:\Users\yuri\AppData\Local\Temp\surefirebooter2029121651664202523.jar C:\Users\yuri\AppData\Local\Temp\surefire2959081253097150973tmp C:\Users\yuri\AppData\Local\Temp\surefire6187238505316673478tmp"/>
    <property name="java.specification.vendor" value="Oracle Corporation"/>
    <property name="user.language" value="en"/>
    <property name="awt.toolkit" value="sun.awt.windows.WToolkit"/>
    <property name="java.vm.info" value="mixed mode"/>
    <property name="java.version" value="1.8.0_31"/>
    <property name="java.ext.dirs" value="C:\jdk8\lib\ext;C:\Windows\Sun\Java\lib\ext"/>
    <property name="sun.boot.class.path" value="C:\jdk8\lib\resources.jar;C:\jdk8\lib\rt.jar;C:\jdk8\lib\sunrsasign.jar;C:\jdk8\lib\jsse.jar;C:\jdk8\lib\jce.jar;C:\jdk8\lib\charsets.jar;C:\jdk8\lib\jfr.jar;C:\jdk8\classes"/>
    <property name="java.vendor" value="Oracle Corporation"/>
    <property name="localRepository" value="C:\Users\yuri\.m2\repository"/>
    <property name="file.separator" value="\"/>
    <property name="java.vendor.url.bug" value="http://bugreport.sun.com/bugreport/"/>
    <property name="sun.cpu.endian" value="little"/>
    <property name="sun.io.unicode.encoding" value="UnicodeLittle"/>
    <property name="sun.desktop" value="windows"/>
    <property name="sun.cpu.isalist" value="amd64"/>
  </properties>
  <testcase classname="com.zixi.tools.TestLinker" name="setToBlockedStatusTestLinkedTests" time="0.024">
    <failure type="java.lang.NullPointerException">java.lang.NullPointerException
	at com.zixi.tools.TestLinker.setToBlockedStatusTestLinkedTests(TestLinker.java:33)
</failure>
  </testcase>
  <testcase classname="com.zixi.testing.BxFileTransferAndVodSettingsTest" name="broadcasterSetBxFileTransferVodSettings" time="0.61"/>
  <testcase classname="com.zixi.testing.BroadcasterSinglePullInStreamCreationTest" name="broadcasterPullInCreation" time="0.471">
    <failure message="expected [Stream &apos;test&apos; added.] but found [load_live_inputs({&quot;error&quot;:&quot;Stream already exists.&quot;});]" type="java.lang.AssertionError">java.lang.AssertionError: expected [Stream &apos;test&apos; added.] but found [load_live_inputs({&quot;error&quot;:&quot;Stream already exists.&quot;});]
	at org.testng.Assert.fail(Assert.java:94)
	at org.testng.Assert.failNotEquals(Assert.java:496)
	at org.testng.Assert.assertEquals(Assert.java:125)
	at org.testng.Assert.assertEquals(Assert.java:178)
	at org.testng.Assert.assertEquals(Assert.java:188)
	at com.zixi.testing.BroadcasterSinglePullInStreamCreationTest.broadcasterPullInCreation(BroadcasterSinglePullInStreamCreationTest.java:57)
</failure>
    <system-out>bug -------------&gt;&gt;&gt; JSONObject[&quot;msg&quot;] not found. Request is http://10.7.0.66:4444/zixi/add_stream.json?func=load_live_inputs&amp;type=pull&amp;id=test&amp;max_outputs=-1&amp;mcast_out=&amp;mcast_force=0&amp;mcast_ip=&amp;mcast_port=&amp;mcast_ttl=&amp;time_shift=0&amp;host0=10.7.0.63&amp;pull-port=&amp;source=iphone.ts&amp;password=&amp;latency=6000&amp;nic=&amp;fec_overhead=30&amp;fec_latency=300&amp;fec_aware=&amp;fec_adaptive=1&amp;fec_force=&amp;complete=&amp;on=1 
Line Number is 120
Exception type is class org.json.JSONException
</system-out>
  </testcase>
  <testcase classname="com.zixi.testing.BroadcasterUDPOutputStreamCreationTest" name="broadcasterPullInCreation" time="0.453">
    <failure message="expected [Output test added.] but found [{&quot;error&quot;:&quot;Failed creating UDP output&quot;}]" type="java.lang.AssertionError">java.lang.AssertionError: expected [Output test added.] but found [{&quot;error&quot;:&quot;Failed creating UDP output&quot;}]
	at org.testng.Assert.fail(Assert.java:94)
	at org.testng.Assert.failNotEquals(Assert.java:496)
	at org.testng.Assert.assertEquals(Assert.java:125)
	at org.testng.Assert.assertEquals(Assert.java:178)
	at org.testng.Assert.assertEquals(Assert.java:188)
	at com.zixi.testing.BroadcasterUDPOutputStreamCreationTest.broadcasterPullInCreation(BroadcasterUDPOutputStreamCreationTest.java:39)
</failure>
    <system-out>bug -------------&gt;&gt;&gt; JSONObject[&quot;msg&quot;] not found. Request is http://10.7.0.66:4444/zixi/add_output.json?type=TS&amp;id=test&amp;name=test&amp;stream=test&amp;host=10.7.0.150&amp;port=5555&amp;smoothing=0&amp;ttl=5&amp;df=0&amp;local-port=&amp;local-ip=0.0.0.0&amp;dec-type=&amp;dec-key=&amp;rtp=0&amp;fec=0&amp;rows=10&amp;cols=10&amp;remux_bitrate=0&amp;remux_pcr=90&amp;remux_buff=1000&amp;remux_restampdts=0 
Line Number is 120
Exception type is class org.json.JSONException
</system-out>
  </testcase>
  <testcase classname="com.zixi.testing.BroadcasterInputStatisticSingleStreamTest" name="broadcasterSingleInputStreamStatisticAnilyzer" time="85.618">
    <failure message="expected [statistics parameters are correct] but found [good]" type="java.lang.AssertionError">java.lang.AssertionError: expected [statistics parameters are correct] but found [good]
	at org.testng.Assert.fail(Assert.java:94)
	at org.testng.Assert.failNotEquals(Assert.java:496)
	at org.testng.Assert.assertEquals(Assert.java:125)
	at org.testng.Assert.assertEquals(Assert.java:178)
	at org.testng.Assert.assertEquals(Assert.java:188)
	at com.zixi.testing.BroadcasterInputStatisticSingleStreamTest.broadcasterSingleInputStreamStatisticAnilyzer(BroadcasterInputStatisticSingleStreamTest.java:32)
</failure>
  </testcase>
  <testcase classname="com.zixi.testing.FFMPEGImageStatisticTest" name="broadcasterSingleInputStreamStatisticAnilyzer" time="79.987"/>
  <testcase classname="com.zixi.testing.BroadcaserSingleOutputStreamDeletionTest" name="broadcasterSingleStreamRemoving" time="0.418">
    <failure message="expected [Output test removed.] but found [{&quot;error&quot;:&quot;failed removing output null&quot;}]" type="java.lang.AssertionError">java.lang.AssertionError: expected [Output test removed.] but found [{&quot;error&quot;:&quot;failed removing output null&quot;}]
	at org.testng.Assert.fail(Assert.java:94)
	at org.testng.Assert.failNotEquals(Assert.java:496)
	at org.testng.Assert.assertEquals(Assert.java:125)
	at org.testng.Assert.assertEquals(Assert.java:178)
	at org.testng.Assert.assertEquals(Assert.java:188)
	at com.zixi.testing.BroadcaserSingleOutputStreamDeletionTest.broadcasterSingleStreamRemoving(BroadcaserSingleOutputStreamDeletionTest.java:35)
</failure>
    <system-out>bug -------------&gt;&gt;&gt; JSONObject[&quot;msg&quot;] not found. Request is http://10.7.0.66:4444/zixi/remove_output.json?id=null&amp;stream=null 
Line Number is 120
Exception type is class org.json.JSONException
</system-out>
  </testcase>
  <testcase classname="com.zixi.testing.BroadcasterSingleInputStreamDeletionTest" name="broadcasterInputStreamDeletion" time="0.821"/>
  <testcase classname="com.zixi.testing.BxFileTransferAndVodSettingsTest" name="broadcasterSetBxFileTransferVodSettings" time="0.438"/>
  <testcase classname="com.zixi.testing.FFMPEGImageStatisticModeTest" name="broadcasterSingleInputStreamStatisticAnilyzer" time="219.2">
    <failure type="java.lang.NullPointerException">java.lang.NullPointerException
	at com.zixi.drivers.drivers.FFMPEGImageStatisticTestDriver.testStatistic(FFMPEGImageStatisticTestDriver.java:120)
	at com.zixi.testing.FFMPEGImageStatisticModeTest.broadcasterSingleInputStreamStatisticAnilyzer(FFMPEGImageStatisticModeTest.java:33)
</failure>
    <system-out>Expected is connected connected
Expected is output output
Expected is number, actual is: 1
Expected is accepted, actual is: accepted
Expected is output output
Expected is number, actual is: 1
Expected is accepted, actual is: accepted
Expected is output output
Expected is number, actual is: 1
Expected is accepted, actual is: accepted
Expected is output output
Expected is number, actual is: 1
Expected is accepted, actual is: accepted
Expected is output output
Expected is number, actual is: 1
Expected is accepted, actual is: accepted
Expected is output output
Expected is number, actual is: 1
Expected is accepted, actual is: accepted
Expected is output output
Expected is number, actual is: 1
Expected is accepted, actual is: accepted
Expected is output output
Expected is number, actual is: 1
Expected is accepted, actual is: accepted
Expected is output output
Expected is number, actual is: 1
Expected is accepted, actual is: accepted
Expected is output output
Expected is number, actual is: 1
Expected is accepted, actual is: accepted
Expected is output output
Expected is number, actual is: 1
Expected is accepted, actual is: accepted
Expected is output output
Expected is number, actual is: 1
Expected is accepted, actual is: accepted
Expected is output output
Expected is number, actual is: 1
Expected is accepted, actual is: accepted
Expected is output output
Expected is number, actual is: 1
Expected is accepted, actual is: accepted
Expected is output output
Expected is number, actual is: 1
Expected is accepted, actual is: accepted
Expected is output output
Expected is number, actual is: 1
Expected is accepted, actual is: accepted
Expected is output output
Expected is number, actual is: 1
Expected is accepted, actual is: accepted
Expected is output output
Expected is number, actual is: 1
Expected is accepted, actual is: accepted
Expected is output output
Expected is number, actual is: 1
Expected is accepted, actual is: accepted
Expected is output output
Expected is number, actual is: 1
Expected is accepted, actual is: accepted
Expected is output output
Expected is number, actual is: 1
Expected is accepted, actual is: accepted
Expected is output output
Expected is number, actual is: 1
Expected is accepted, actual is: accepted
Expected is output output
Expected is number, actual is: 1
Expected is accepted, actual is: accepted
Expected is output output
Expected is number, actual is: 1
Expected is accepted, actual is: accepted
Expected is output output
Expected is number, actual is: 1
Expected is accepted, actual is: accepted
Expected is output output
Expected is number, actual is: 1
Expected is accepted, actual is: accepted
Expected is output output
Expected is number, actual is: 1
Expected is accepted, actual is: accepted
Expected is output output
Expected is number, actual is: 1
Expected is accepted, actual is: accepted
Expected is output output
Expected is number, actual is: 1
Expected is accepted, actual is: accepted
Expected is output output
Expected is number, actual is: 1
Expected is accepted, actual is: accepted
Expected is output output
Expected is number, actual is: 1
Expected is accepted, actual is: accepted
Expected is output output
Expected is number, actual is: 1
Expected is accepted, actual is: accepted
Expected is output output
Expected is number, actual is: 1
Expected is accepted, actual is: accepted
Expected is output output
Expected is number, actual is: 1
Expected is accepted, actual is: accepted
Expected is output output
Expected is number, actual is: 1
Expected is accepted, actual is: accepted
Expected is output output
Expected is number, actual is: 1
Expected is accepted, actual is: accepted
Expected is output output
Expected is number, actual is: 1
Expected is accepted, actual is: accepted
Expected is output output
Expected is number, actual is: 1
Expected is accepted, actual is: accepted
Expected is output output
Expected is number, actual is: 1
Expected is accepted, actual is: accepted
Expected is output output
Expected is number, actual is: 1
Expected is accepted, actual is: accepted
Expected is output output
Expected is number, actual is: 1
Expected is accepted, actual is: accepted
Expected is output output
Expected is number, actual is: 1
Expected is accepted, actual is: accepted
Expected is output output
Expected is number, actual is: 1
Expected is accepted, actual is: accepted
Expected is output output
Expected is number, actual is: 1
Expected is accepted, actual is: accepted
Expected is output output
Expected is number, actual is: 1
Expected is accepted, actual is: accepted
Expected is output output
Expected is number, actual is: 1
Expected is accepted, actual is: accepted
Expected is output output
Expected is number, actual is: 1
Expected is accepted, actual is: accepted
Expected is output output
Expected is number, actual is: 1
Expected is accepted, actual is: accepted
Expected is output output
Expected is number, actual is: 1
Expected is accepted, actual is: accepted
Expected is output output
Expected is number, actual is: 1
Expected is accepted, actual is: accepted
Expected is output output
Expected is number, actual is: 1
Expected is accepted, actual is: accepted
Expected is output output
Expected is number, actual is: 1
Expected is accepted, actual is: accepted
Expected is output output
Expected is number, actual is: 1
Expected is accepted, actual is: accepted
Expected is output output
Expected is number, actual is: 1
Expected is accepted, actual is: accepted
Expected is output output
Expected is number, actual is: 1
Expected is accepted, actual is: accepted
Expected is output output
Expected is number, actual is: 1
Expected is accepted, actual is: accepted
Expected is output output
Expected is number, actual is: 1
Expected is accepted, actual is: accepted
Expected is output output
Expected is number, actual is: 1
Expected is accepted, actual is: accepted
Expected is output output
Expected is number, actual is: 1
Expected is accepted, actual is: accepted
Expected is output output
Expected is number, actual is: 1
Expected is accepted, actual is: accepted
Expected is output output
Expected is number, actual is: 1
Expected is accepted, actual is: accepted
Expected is output output
Expected is number, actual is: 1
Expected is accepted, actual is: accepted
Expected is output output
Expected is number, actual is: 1
Expected is accepted, actual is: accepted
Expected is output output
Expected is number, actual is: 1
Expected is accepted, actual is: accepted
Expected is output output
Expected is number, actual is: 1
Expected is accepted, actual is: accepted
Expected is output output
Expected is number, actual is: 1
Expected is accepted, actual is: accepted
Expected is output output
Expected is number, actual is: 1
Expected is accepted, actual is: accepted
Expected is output output
Expected is number, actual is: 1
Expected is accepted, actual is: accepted
Expected is output output
Expected is number, actual is: 1
Expected is accepted, actual is: accepted
Expected is output output
Expected is number, actual is: 1
Expected is accepted, actual is: accepted
Expected is output output
Expected is number, actual is: 1
Expected is accepted, actual is: accepted
Expected is output output
Expected is number, actual is: 1
Expected is accepted, actual is: accepted
Expected is output output
Expected is number, actual is: 1
Expected is accepted, actual is: accepted
Expected is output output
Expected is number, actual is: 1
Expected is accepted, actual is: accepted
Expected is output output
Expected is number, actual is: 1
Expected is accepted, actual is: accepted
Expected is output output
Expected is number, actual is: 1
Expected is accepted, actual is: accepted
Expected is output output
Expected is number, actual is: 1
Expected is accepted, actual is: accepted
Expected is output output
Expected is number, actual is: 1
Expected is accepted, actual is: accepted
Expected is output output
Expected is number, actual is: 1
Expected is accepted, actual is: accepted
Expected is output output
Expected is number, actual is: 1
Expected is accepted, actual is: accepted
Expected is output output
Expected is number, actual is: 1
Expected is accepted, actual is: accepted
Expected is output output
Expected is number, actual is: 1
Expected is accepted, actual is: accepted
Expected is output output
Expected is number, actual is: 1
Expected is accepted, actual is: accepted
Expected is output output
Expected is number, actual is: 1
Expected is accepted, actual is: accepted
Expected is output output
Expected is number, actual is: 1
Expected is accepted, actual is: accepted
Expected is output output
Expected is number, actual is: 1
Expected is accepted, actual is: accepted
Expected is output output
Expected is number, actual is: 1
Expected is accepted, actual is: accepted
Expected is output output
Expected is number, actual is: 1
Expected is accepted, actual is: accepted
Expected is output output
Expected is number, actual is: 1
Expected is accepted, actual is: accepted
Expected is output output
Expected is number, actual is: 1
Expected is accepted, actual is: accepted
Expected is output output
Expected is number, actual is: 1
Expected is accepted, actual is: accepted
Expected is output output
Expected is number, actual is: 1
Expected is accepted, actual is: accepted
Expected is output output
Expected is number, actual is: 1
Expected is accepted, actual is: accepted
Expected is output output
Expected is number, actual is: 1
Expected is accepted, actual is: accepted
Expected is output output
Expected is number, actual is: 1
Expected is accepted, actual is: accepted
Expected is output output
Expected is number, actual is: 1
Expected is accepted, actual is: accepted
Expected is output output
Expected is number, actual is: 1
Expected is accepted, actual is: accepted
Expected is output output
Expected is number, actual is: 1
Expected is accepted, actual is: accepted
Expected is output output
Expected is number, actual is: 1
Expected is accepted, actual is: accepted
Expected is output output
Expected is number, actual is: 1
Expected is accepted, actual is: accepted
Expected is output output
Expected is number, actual is: 1
Expected is accepted, actual is: accepted
Expected is output output
Expected is number, actual is: 1
Expected is accepted, actual is: accepted
Expected is output output
Expected is number, actual is: 1
Expected is accepted, actual is: accepted
Expected is output output
Expected is number, actual is: 1
Expected is accepted, actual is: accepted
Expected is output output
Expected is number, actual is: 1
Expected is accepted, actual is: accepted
Expected is output output
Expected is number, actual is: 1
Expected is accepted, actual is: accepted
Expected is output output
Expected is number, actual is: 1
Expected is accepted, actual is: accepted
Expected is output output
Expected is number, actual is: 1
Expected is accepted, actual is: accepted
Expected is output output
Expected is number, actual is: 1
Expected is accepted, actual is: accepted
Expected is output output
Expected is number, actual is: 1
Expected is accepted, actual is: accepted
Expected is output output
Expected is number, actual is: 1
Expected is accepted, actual is: accepted
Expected is output output
Expected is number, actual is: 1
Expected is accepted, actual is: accepted
Expected is output output
Expected is number, actual is: 1
Expected is accepted, actual is: accepted
Expected is output output
Expected is number, actual is: 1
Expected is accepted, actual is: accepted
Expected is output output
Expected is number, actual is: 1
Expected is accepted, actual is: accepted
Expected is output output
Expected is number, actual is: 1
Expected is accepted, actual is: accepted
Expected is output output
Expected is number, actual is: 1
Expected is accepted, actual is: accepted
Expected is output output
Expected is number, actual is: 1
Expected is accepted, actual is: accepted
Expected is output output
Expected is number, actual is: 1
Expected is accepted, actual is: accepted
Expected is output output
Expected is number, actual is: 1
Expected is accepted, actual is: accepted
Expected is output output
Expected is number, actual is: 1
Expected is accepted, actual is: accepted
Expected is output output
Expected is number, actual is: 1
Expected is accepted, actual is: accepted
Expected is output output
Expected is number, actual is: 1
Expected is accepted, actual is: accepted
Expected is output output
Expected is number, actual is: 1
Expected is accepted, actual is: accepted
Expected is output output
Expected is number, actual is: 1
Expected is accepted, actual is: accepted
Expected is output output
Expected is number, actual is: 1
Expected is accepted, actual is: accepted
Expected is output output
Expected is number, actual is: 1
Expected is accepted, actual is: accepted
Expected is output output
Expected is number, actual is: 1
Expected is accepted, actual is: accepted
Expected is output output
Expected is number, actual is: 1
Expected is accepted, actual is: accepted
Expected is output output
Expected is number, actual is: 1
Expected is accepted, actual is: accepted
Expected is output output
Expected is number, actual is: 1
Expected is accepted, actual is: accepted
Expected is output output
Expected is number, actual is: 1
Expected is accepted, actual is: accepted
Expected is output output
Expected is number, actual is: 1
Expected is accepted, actual is: accepted
Expected is output output
Expected is number, actual is: 1
Expected is accepted, actual is: accepted
Expected is output output
Expected is number, actual is: 1
Expected is accepted, actual is: accepted
Expected is output output
Expected is number, actual is: 1
Expected is accepted, actual is: accepted
Expected is output output
Expected is number, actual is: 1
Expected is accepted, actual is: accepted
Expected is output output
Expected is number, actual is: 1
Expected is accepted, actual is: accepted
Expected is output output
Expected is number, actual is: 1
Expected is accepted, actual is: accepted
Expected is output output
Expected is number, actual is: 1
Expected is accepted, actual is: accepted
Expected is output output
Expected is number, actual is: 1
Expected is accepted, actual is: accepted
Expected is output output
Expected is number, actual is: 1
Expected is accepted, actual is: accepted
Expected is output output
Expected is number, actual is: 1
Expected is accepted, actual is: accepted
Expected is output output
Expected is number, actual is: 1
Expected is accepted, actual is: accepted
Expected is output output
Expected is number, actual is: 1
Expected is accepted, actual is: accepted
Expected is output output
Expected is number, actual is: 1
Expected is accepted, actual is: accepted
Expected is output output
Expected is number, actual is: 1
Expected is accepted, actual is: accepted
Expected is output output
Expected is number, actual is: 1
Expected is accepted, actual is: accepted
Expected is output output
Expected is number, actual is: 1
Expected is accepted, actual is: accepted
Expected is output output
Expected is number, actual is: 1
Expected is accepted, actual is: accepted
Expected is output output
Expected is number, actual is: 1
Expected is accepted, actual is: accepted
Expected is output output
Expected is number, actual is: 1
Expected is accepted, actual is: accepted
Expected is output output
Expected is number, actual is: 1
Expected is accepted, actual is: accepted
Expected is output output
Expected is number, actual is: 1
Expected is accepted, actual is: accepted
Expected is output output
Expected is number, actual is: 1
Expected is accepted, actual is: accepted
Expected is output output
Expected is number, actual is: 1
Expected is accepted, actual is: accepted
Expected is output output
Expected is number, actual is: 1
Expected is accepted, actual is: accepted
Expected is output output
Expected is number, actual is: 1
Expected is accepted, actual is: accepted
Expected is output output
Expected is number, actual is: 1
Expected is accepted, actual is: accepted
Expected is output output
Expected is number, actual is: 1
Expected is accepted, actual is: accepted
Expected is output output
Expected is number, actual is: 1
Expected is accepted, actual is: accepted
Expected is output output
Expected is number, actual is: 1
Expected is accepted, actual is: accepted
Expected is output output
Expected is number, actual is: 1
Expected is accepted, actual is: accepted
Expected is output output
Expected is number, actual is: 1
Expected is accepted, actual is: accepted
Expected is output output
Expected is number, actual is: 1
Expected is accepted, actual is: accepted
Expected is output output
Expected is number, actual is: 1
Expected is accepted, actual is: accepted
Expected is output output
Expected is number, actual is: 1
Expected is accepted, actual is: accepted
Expected is output output
Expected is number, actual is: 1
Expected is accepted, actual is: accepted
Expected is output output
Expected is number, actual is: 1
Expected is accepted, actual is: accepted
Expected is output output
Expected is number, actual is: 1
Expected is accepted, actual is: accepted
Expected is output output
Expected is number, actual is: 1
Expected is accepted, actual is: accepted
Expected is output output
Expected is number, actual is: 1
Expected is accepted, actual is: accepted
Expected is output output
Expected is number, actual is: 1
Expected is accepted, actual is: accepted
Expected is output output
Expected is number, actual is: 1
Expected is accepted, actual is: accepted
Expected is output output
Expected is number, actual is: 1
Expected is accepted, actual is: accepted
Expected is output output
Expected is number, actual is: 1
Expected is accepted, actual is: accepted
Expected is output output
Expected is number, actual is: 1
Expected is accepted, actual is: accepted
Expected is output output
Expected is number, actual is: 1
Expected is accepted, actual is: accepted
Expected is output output
Expected is number, actual is: 1
Expected is accepted, actual is: accepted
Expected is output output
Expected is number, actual is: 1
Expected is accepted, actual is: accepted
Expected is output output
Expected is number, actual is: 1
Expected is accepted, actual is: accepted
Expected is output output
Expected is number, actual is: 1
Expected is accepted, actual is: accepted
Expected is output output
Expected is number, actual is: 1
Expected is accepted, actual is: accepted
Expected is output output
Expected is number, actual is: 1
Expected is accepted, actual is: accepted
Expected is output null
</system-out>
  </testcase>
  <testcase classname="com.zixi.testing.BxFileTransferAndVodSettingsTest" name="broadcasterSetBxFileTransferVodSettings" time="0.396"/>
  <testcase classname="com.zixi.testing.FFMPEGImageStatisticModeTest" name="broadcasterSingleInputStreamStatisticAnilyzer" time="27.647">
    <failure type="java.lang.NullPointerException">java.lang.NullPointerException
	at com.zixi.drivers.drivers.FFMPEGImageStatisticTestDriver.testStatistic(FFMPEGImageStatisticTestDriver.java:124)
	at com.zixi.testing.FFMPEGImageStatisticModeTest.broadcasterSingleInputStreamStatisticAnilyzer(FFMPEGImageStatisticModeTest.java:33)
</failure>
    <system-out>Expected is connected connected
Expected is output output
Expected is number, actual is: 0
Expected is accepted, actual is: accepted
Expected is output output
Expected is number, actual is: 1
Expected is accepted, actual is: accepted
Expected is output output
Expected is number, actual is: 1
Expected is accepted, actual is: accepted
Expected is output output
Expected is number, actual is: 1
Expected is accepted, actual is: accepted
Expected is output output
Expected is number, actual is: 1
Expected is accepted, actual is: accepted
Expected is output output
Expected is number, actual is: 1
Expected is accepted, actual is: accepted
Expected is output output
Expected is number, actual is: null
</system-out>
  </testcase>
  <testcase classname="com.zixi.testing.BroadcasterSinglePullInStreamCreationTest" name="broadcasterPullInCreation" time="0.505">
    <failure message="expected [Stream &apos;w1&apos; added.] but found [load_live_inputs({&quot;error&quot;:&quot;Stream already exists.&quot;});]" type="java.lang.AssertionError">java.lang.AssertionError: expected [Stream &apos;w1&apos; added.] but found [load_live_inputs({&quot;error&quot;:&quot;Stream already exists.&quot;});]
	at org.testng.Assert.fail(Assert.java:94)
	at org.testng.Assert.failNotEquals(Assert.java:496)
	at org.testng.Assert.assertEquals(Assert.java:125)
	at org.testng.Assert.assertEquals(Assert.java:178)
	at org.testng.Assert.assertEquals(Assert.java:188)
	at com.zixi.testing.BroadcasterSinglePullInStreamCreationTest.broadcasterPullInCreation(BroadcasterSinglePullInStreamCreationTest.java:57)
</failure>
    <system-out>bug -------------&gt;&gt;&gt; JSONObject[&quot;msg&quot;] not found. Request is http://10.7.0.66:4444/zixi/add_stream.json?func=load_live_inputs&amp;type=pull&amp;id=w1&amp;max_outputs=-1&amp;mcast_out=&amp;mcast_force=0&amp;mcast_ip=&amp;mcast_port=&amp;mcast_ttl=&amp;time_shift=0&amp;host0=10.7.0.63&amp;pull-port=&amp;source=test&amp;password=&amp;latency=6000&amp;nic=&amp;fec_overhead=30&amp;fec_latency=300&amp;fec_aware=&amp;fec_adaptive=1&amp;fec_force=&amp;complete=&amp;on=1 
Line Number is 120
Exception type is class org.json.JSONException
</system-out>
  </testcase>
  <testcase classname="com.zixi.testing.BroadcasterSinglePullInStreamCreationTest" name="broadcasterPullInCreation" time="0.463">
    <failure message="expected [Stream &apos;w2&apos; added.] but found [load_live_inputs({&quot;error&quot;:&quot;Stream already exists.&quot;});]" type="java.lang.AssertionError">java.lang.AssertionError: expected [Stream &apos;w2&apos; added.] but found [load_live_inputs({&quot;error&quot;:&quot;Stream already exists.&quot;});]
	at org.testng.Assert.fail(Assert.java:94)
	at org.testng.Assert.failNotEquals(Assert.java:496)
	at org.testng.Assert.assertEquals(Assert.java:125)
	at org.testng.Assert.assertEquals(Assert.java:178)
	at org.testng.Assert.assertEquals(Assert.java:188)
	at com.zixi.testing.BroadcasterSinglePullInStreamCreationTest.broadcasterPullInCreation(BroadcasterSinglePullInStreamCreationTest.java:57)
</failure>
    <system-out>bug -------------&gt;&gt;&gt; JSONObject[&quot;msg&quot;] not found. Request is http://10.7.0.66:4444/zixi/add_stream.json?func=load_live_inputs&amp;type=pull&amp;id=w2&amp;max_outputs=-1&amp;mcast_out=&amp;mcast_force=0&amp;mcast_ip=&amp;mcast_port=&amp;mcast_ttl=&amp;time_shift=0&amp;host0=10.7.0.63&amp;pull-port=&amp;source=test&amp;password=&amp;latency=6000&amp;nic=&amp;fec_overhead=30&amp;fec_latency=300&amp;fec_aware=&amp;fec_adaptive=1&amp;fec_force=&amp;complete=&amp;on=1 
Line Number is 120
Exception type is class org.json.JSONException
</system-out>
  </testcase>
  <testcase classname="com.zixi.testing.BroadcasterSinglePullInStreamCreationTest" name="broadcasterPullInCreation" time="0.983"/>
  <testcase classname="com.zixi.testing.BroadcasterCreateAddaptiveGroupTest" name="receiverOutputUdpTest" time="0.774"/>
  <testcase classname="com.zixi.testing.ReceiverPullInputStreamCreationTest" name="feederOutputToBxTest" time="0.006"/>
  <testcase classname="com.zixi.testing.ReceiverInputStatisticTest" name="receiverInputStatistic" time="35.024">
    <failure message="expected [tested] but found [zero bit rate is detected]" type="java.lang.AssertionError">java.lang.AssertionError: expected [tested] but found [zero bit rate is detected]
	at org.testng.Assert.fail(Assert.java:94)
	at org.testng.Assert.failNotEquals(Assert.java:496)
	at org.testng.Assert.assertEquals(Assert.java:125)
	at org.testng.Assert.assertEquals(Assert.java:178)
	at org.testng.Assert.assertEquals(Assert.java:188)
	at com.zixi.testing.ReceiverInputStatisticTest.receiverInputStatistic(ReceiverInputStatisticTest.java:35)
</failure>
    <system-out>receivertest
</system-out>
  </testcase>
  <testcase classname="com.zixi.testing.ReceiverUdpOutCreationTest" name="receiverOutputUdpTest" time="0.006"/>
  <testcase classname="com.zixi.testing.FFMPEGImageStatisticTest" name="broadcasterSingleInputStreamStatisticAnilyzer" time="17.284">
    <failure type="java.lang.NullPointerException">java.lang.NullPointerException
	at com.zixi.drivers.drivers.FFMPEGImageStatisticTestDriver.testStatistic(FFMPEGImageStatisticTestDriver.java:60)
	at com.zixi.testing.FFMPEGImageStatisticTest.broadcasterSingleInputStreamStatisticAnilyzer(FFMPEGImageStatisticTest.java:28)
</failure>
    <system-out>Expected is connected connected
Expected is output output
Expected is number null
</system-out>
  </testcase>
  <testcase classname="com.zixi.testing.ReceiverOutputStreamDeletionTest" name="receiverDeleteOutputStreamTest" time="0.009"/>
  <testcase classname="com.zixi.testing.ReceiverPullInputStreamDeletionTest" name="feederOutputToBxTest" time="0.004"/>
  <testcase classname="com.zixi.testing.BroadcasterAdaptiveGroupDeletionTest" name="receiverOutputUdpTest" time="0.769"/>
  <testcase classname="com.zixi.testing.BroadcasterSingleInputStreamDeletionTest" name="broadcasterInputStreamDeletion" time="0.363">
    <failure message="expected object to not be null" type="java.lang.AssertionError">java.lang.AssertionError: expected object to not be null
	at org.testng.Assert.fail(Assert.java:94)
	at org.testng.Assert.assertNotNull(Assert.java:406)
	at org.testng.Assert.assertNotNull(Assert.java:391)
	at com.zixi.testing.BroadcasterSingleInputStreamDeletionTest.broadcasterInputStreamDeletion(BroadcasterSingleInputStreamDeletionTest.java:27)
</failure>
    <system-out>bug --------------------------
</system-out>
  </testcase>
  <testcase classname="com.zixi.testing.BroadcasterSingleInputStreamDeletionTest" name="broadcasterInputStreamDeletion" time="0.392">
    <failure message="expected object to not be null" type="java.lang.AssertionError">java.lang.AssertionError: expected object to not be null
	at org.testng.Assert.fail(Assert.java:94)
	at org.testng.Assert.assertNotNull(Assert.java:406)
	at org.testng.Assert.assertNotNull(Assert.java:391)
	at com.zixi.testing.BroadcasterSingleInputStreamDeletionTest.broadcasterInputStreamDeletion(BroadcasterSingleInputStreamDeletionTest.java:27)
</failure>
    <system-out>bug --------------------------
</system-out>
  </testcase>
  <testcase classname="com.zixi.testing.BroadcasterSingleInputStreamDeletionTest" name="broadcasterInputStreamDeletion" time="0.45">
    <failure message="expected object to not be null" type="java.lang.AssertionError">java.lang.AssertionError: expected object to not be null
	at org.testng.Assert.fail(Assert.java:94)
	at org.testng.Assert.assertNotNull(Assert.java:406)
	at org.testng.Assert.assertNotNull(Assert.java:391)
	at com.zixi.testing.BroadcasterSingleInputStreamDeletionTest.broadcasterInputStreamDeletion(BroadcasterSingleInputStreamDeletionTest.java:27)
</failure>
    <system-out>bug --------------------------
</system-out>
  </testcase>
  <testcase classname="com.zixi.testing.BroadcasterSinglePullInStreamCreationTest" name="broadcasterPullInCreation" time="0.869"/>
  <testcase classname="com.zixi.testing.BroadcasterSinglePullInStreamCreationTest" name="broadcasterPullInCreation" time="0.771"/>
  <testcase classname="com.zixi.testing.BroadcasterSinglePullInStreamCreationTest" name="broadcasterPullInCreation" time="0.725"/>
  <testcase classname="com.zixi.testing.BroadcasterCreateAddaptiveGroupTest" name="receiverOutputUdpTest" time="0.843"/>
  <testcase classname="com.zixi.testing.FFMPEGImageStatisticModeTest" name="broadcasterSingleInputStreamStatisticAnilyzer" time="41.706"/>
  <testcase classname="com.zixi.testing.BroadcasterAdaptiveGroupDeletionTest" name="receiverOutputUdpTest" time="1.153"/>
  <testcase classname="com.zixi.testing.BroadcasterSingleInputStreamDeletionTest" name="broadcasterInputStreamDeletion" time="0.318">
    <failure message="expected object to not be null" type="java.lang.AssertionError">java.lang.AssertionError: expected object to not be null
	at org.testng.Assert.fail(Assert.java:94)
	at org.testng.Assert.assertNotNull(Assert.java:406)
	at org.testng.Assert.assertNotNull(Assert.java:391)
	at com.zixi.testing.BroadcasterSingleInputStreamDeletionTest.broadcasterInputStreamDeletion(BroadcasterSingleInputStreamDeletionTest.java:27)
</failure>
    <system-out>bug --------------------------
</system-out>
  </testcase>
  <testcase classname="com.zixi.testing.BroadcasterSingleInputStreamDeletionTest" name="broadcasterInputStreamDeletion" time="0.442">
    <failure message="expected object to not be null" type="java.lang.AssertionError">java.lang.AssertionError: expected object to not be null
	at org.testng.Assert.fail(Assert.java:94)
	at org.testng.Assert.assertNotNull(Assert.java:406)
	at org.testng.Assert.assertNotNull(Assert.java:391)
	at com.zixi.testing.BroadcasterSingleInputStreamDeletionTest.broadcasterInputStreamDeletion(BroadcasterSingleInputStreamDeletionTest.java:27)
</failure>
    <system-out>bug --------------------------
</system-out>
  </testcase>
  <testcase classname="com.zixi.testing.BroadcasterSingleInputStreamDeletionTest" name="broadcasterInputStreamDeletion" time="0.412">
    <failure message="expected object to not be null" type="java.lang.AssertionError">java.lang.AssertionError: expected object to not be null
	at org.testng.Assert.fail(Assert.java:94)
	at org.testng.Assert.assertNotNull(Assert.java:406)
	at org.testng.Assert.assertNotNull(Assert.java:391)
	at com.zixi.testing.BroadcasterSingleInputStreamDeletionTest.broadcasterInputStreamDeletion(BroadcasterSingleInputStreamDeletionTest.java:27)
</failure>
    <system-out>bug --------------------------
</system-out>
  </testcase>
  <testcase classname="com.zixi.testing.FeederOutputPushToBxTest" name="feederOutputToBxTest" time="0.66"/>
  <testcase classname="com.zixi.testing.BroadcasterPushInStreamCreationTest" name="broadcasterSingleStreamRemoving" time="0.85"/>
  <testcase classname="com.zixi.testing.BroadcasterInputStatisticSingleStreamTest" name="broadcasterSingleInputStreamStatisticAnilyzer" time="25.908">
    <failure message="JSONObject[&quot;net&quot;] not found." type="org.json.JSONException">org.json.JSONException: JSONObject[&quot;net&quot;] not found.
	at org.json.JSONObject.get(JSONObject.java:476)
	at org.json.JSONObject.getJSONObject(JSONObject.java:576)
	at com.zixi.tools.StreamStatisticAnalyzer.getStatBitrate(StreamStatisticAnalyzer.java:13)
	at com.zixi.drivers.drivers.BroadcasterInputStatisticSingleStreamDriver.testStatistic(BroadcasterInputStatisticSingleStreamDriver.java:53)
	at com.zixi.testing.BroadcasterInputStatisticSingleStreamTest.broadcasterSingleInputStreamStatisticAnilyzer(BroadcasterInputStatisticSingleStreamTest.java:32)
</failure>
  </testcase>
  <testcase classname="com.zixi.testing.FFMPEGImageStatisticModeTest" name="broadcasterSingleInputStreamStatisticAnilyzer" time="40.508"/>
  <testcase classname="com.zixi.testing.FeederOutputDeletioinTest" name="broadcasterSingleStreamRemoving" time="0.005">
    <failure message="expected [Output deleted.] but found []" type="java.lang.AssertionError">java.lang.AssertionError: expected [Output deleted.] but found []
	at org.testng.Assert.fail(Assert.java:94)
	at org.testng.Assert.failNotEquals(Assert.java:496)
	at org.testng.Assert.assertEquals(Assert.java:125)
	at org.testng.Assert.assertEquals(Assert.java:178)
	at org.testng.Assert.assertEquals(Assert.java:188)
	at com.zixi.testing.FeederOutputDeletioinTest.broadcasterSingleStreamRemoving(FeederOutputDeletioinTest.java:33)
</failure>
    <system-out>Debug printing ------&gt;&gt;&gt; {&quot;custom_data&quot;:&quot;&quot;,&quot;msg&quot;:&quot;&quot;,&quot;error&quot;:&quot;Output not found.&quot;,&quot;outs&quot;:[]}
</system-out>
  </testcase>
  <testcase classname="com.zixi.testing.BroadcasterSingleInputStreamDeletionTest" name="broadcasterInputStreamDeletion" time="0.427">
    <failure message="expected object to not be null" type="java.lang.AssertionError">java.lang.AssertionError: expected object to not be null
	at org.testng.Assert.fail(Assert.java:94)
	at org.testng.Assert.assertNotNull(Assert.java:406)
	at org.testng.Assert.assertNotNull(Assert.java:391)
	at com.zixi.testing.BroadcasterSingleInputStreamDeletionTest.broadcasterInputStreamDeletion(BroadcasterSingleInputStreamDeletionTest.java:27)
</failure>
    <system-out>bug --------------------------
</system-out>
  </testcase>
  <testcase classname="com.zixi.testing.BroadcasterSinglePullInStreamCreationTest" name="broadcasterPullInCreation" time="0.688"/>
  <testcase classname="com.zixi.testing.BroadcasterInputStatisticSingleStreamTest" name="broadcasterSingleInputStreamStatisticAnilyzer" time="145.721">
    <failure message="expected [statistics parameters are correct] but found [good]" type="java.lang.AssertionError">java.lang.AssertionError: expected [statistics parameters are correct] but found [good]
	at org.testng.Assert.fail(Assert.java:94)
	at org.testng.Assert.failNotEquals(Assert.java:496)
	at org.testng.Assert.assertEquals(Assert.java:125)
	at org.testng.Assert.assertEquals(Assert.java:178)
	at org.testng.Assert.assertEquals(Assert.java:188)
	at com.zixi.testing.BroadcasterInputStatisticSingleStreamTest.broadcasterSingleInputStreamStatisticAnilyzer(BroadcasterInputStatisticSingleStreamTest.java:32)
</failure>
  </testcase>
  <testcase classname="com.zixi.testing.BroadcasterSingleInputStreamDeletionTest" name="broadcasterInputStreamDeletion" time="0.827"/>
  <testcase classname="com.zixi.testing.BroadcasterSinglePullInStreamCreationTest" name="broadcasterPullInCreation" time="0.689"/>
  <testcase classname="com.zixi.testing.BroadcasterInputStatisticSingleStreamTest" name="broadcasterSingleInputStreamStatisticAnilyzer" time="145.71">
    <failure message="expected [statistics parameters are correct] but found [good]" type="java.lang.AssertionError">java.lang.AssertionError: expected [statistics parameters are correct] but found [good]
	at org.testng.Assert.fail(Assert.java:94)
	at org.testng.Assert.failNotEquals(Assert.java:496)
	at org.testng.Assert.assertEquals(Assert.java:125)
	at org.testng.Assert.assertEquals(Assert.java:178)
	at org.testng.Assert.assertEquals(Assert.java:188)
	at com.zixi.testing.BroadcasterInputStatisticSingleStreamTest.broadcasterSingleInputStreamStatisticAnilyzer(BroadcasterInputStatisticSingleStreamTest.java:32)
</failure>
  </testcase>
  <testcase classname="com.zixi.testing.BroadcasterSingleInputStreamDeletionTest" name="broadcasterInputStreamDeletion" time="0.902"/>
  <testcase classname="com.zixi.testing.BroadcasterSinglePullInStreamCreationTest" name="broadcasterPullInCreation" time="0.826"/>
  <testcase classname="com.zixi.testing.BroadcasterInputStatisticSingleStreamTest" name="broadcasterSingleInputStreamStatisticAnilyzer" time="145.703">
    <failure message="expected [statistics parameters are correct] but found [good]" type="java.lang.AssertionError">java.lang.AssertionError: expected [statistics parameters are correct] but found [good]
	at org.testng.Assert.fail(Assert.java:94)
	at org.testng.Assert.failNotEquals(Assert.java:496)
	at org.testng.Assert.assertEquals(Assert.java:125)
	at org.testng.Assert.assertEquals(Assert.java:178)
	at org.testng.Assert.assertEquals(Assert.java:188)
	at com.zixi.testing.BroadcasterInputStatisticSingleStreamTest.broadcasterSingleInputStreamStatisticAnilyzer(BroadcasterInputStatisticSingleStreamTest.java:32)
</failure>
  </testcase>
  <testcase classname="com.zixi.testing.BroadcasterSingleInputStreamDeletionTest" name="broadcasterInputStreamDeletion" time="0.811"/>
  <testcase classname="com.zixi.testing.BroadcasterSinglePullInStreamCreationTest" name="broadcasterPullInCreation" time="0.836"/>
  <testcase classname="com.zixi.testing.BroadcasterInputStatisticSingleStreamTest" name="broadcasterSingleInputStreamStatisticAnilyzer" time="145.737">
    <failure message="expected [statistics parameters are correct] but found [good]" type="java.lang.AssertionError">java.lang.AssertionError: expected [statistics parameters are correct] but found [good]
	at org.testng.Assert.fail(Assert.java:94)
	at org.testng.Assert.failNotEquals(Assert.java:496)
	at org.testng.Assert.assertEquals(Assert.java:125)
	at org.testng.Assert.assertEquals(Assert.java:178)
	at org.testng.Assert.assertEquals(Assert.java:188)
	at com.zixi.testing.BroadcasterInputStatisticSingleStreamTest.broadcasterSingleInputStreamStatisticAnilyzer(BroadcasterInputStatisticSingleStreamTest.java:32)
</failure>
  </testcase>
  <testcase classname="com.zixi.testing.BroadcasterSingleInputStreamDeletionTest" name="broadcasterInputStreamDeletion" time="0.824"/>
  <testcase classname="com.zixi.load.testing.BroadcasterMultipePullCreationTest" name="broadcasterMultiplePullInCreation" time="1.633"/>
  <testcase classname="com.zixi.testing.BroadcasterUDPOutputStreamCreationTest" name="broadcasterPullInCreation" time="0.912"/>
  <testcase classname="com.zixi.load.testing.BroadcasterRundomInputStreamTest" name="broadcasterSwitchUdpOut" time="644.713"/>
  <testcase classname="com.zixi.testing.BroadcaserSingleOutputStreamDeletionTest" name="broadcasterSingleStreamRemoving" time="0.848"/>
  <testcase classname="com.zixi.load.testing.BroadcaserAllInputStreamDeletorTest" name="broadcasterDeleteAllInputs" time="2.026"/>
  <testcase classname="com.zixi.load.testing.BroadcasterMultipePullCreationTest" name="broadcasterMultiplePullInCreation" time="1.398"/>
  <testcase classname="com.zixi.testing.BroadcasterUDPOutputStreamCreationTest" name="broadcasterPullInCreation" time="0.801"/>
  <testcase classname="com.zixi.load.testing.BroadcasterRundomInputStreamTest" name="broadcasterSwitchUdpOut" time="644.326">
    <failure message="expected [good] but found [bad]" type="java.lang.AssertionError">java.lang.AssertionError: expected [good] but found [bad]
	at org.testng.Assert.fail(Assert.java:94)
	at org.testng.Assert.failNotEquals(Assert.java:496)
	at org.testng.Assert.assertEquals(Assert.java:125)
	at org.testng.Assert.assertEquals(Assert.java:178)
	at org.testng.Assert.assertEquals(Assert.java:188)
	at com.zixi.load.testing.BroadcasterRundomInputStreamTest.broadcasterSwitchUdpOut(BroadcasterRundomInputStreamTest.java:38)
</failure>
    <system-out>Expected is connected connected
Expected is output output
Expected is number 1
Expected is accepted accepted
Expected is output output
Expected is number 1
Expected is accepted accepted
Expected is output output
Expected is number 1
Expected is accepted accepted
Expected is output output
Expected is number 1
Expected is accepted accepted
Expected is output output
Expected is number 1
Expected is accepted accepted
Expected is output output
Expected is number 1
Expected is accepted accepted
Expected is output output
Expected is number 1
Expected is accepted accepted
Expected is output output
Expected is number 1
Expected is accepted accepted
Expected is output output
Expected is number 1
Expected is accepted accepted
Expected is output output
Expected is number 1
Expected is accepted accepted
Expected is connected connected
Expected is output output
Expected is number 1
Expected is accepted accepted
Expected is output output
Expected is number 1
Expected is accepted accepted
Expected is output output
Expected is number 1
Expected is accepted accepted
Expected is output output
Expected is number 1
Expected is accepted accepted
Expected is output output
Expected is number 1
Expected is accepted accepted
Expected is output output
Expected is number 1
Expected is accepted accepted
Expected is output output
Expected is number 1
Expected is accepted accepted
Expected is output output
Expected is number 1
Expected is accepted accepted
Expected is output output
Expected is number 1
Expected is accepted accepted
Expected is output output
Expected is number 1
Expected is accepted accepted
Expected is connected connected
Expected is output output
Expected is number 1
Expected is accepted accepted
Expected is output output
Expected is number 1
Expected is accepted accepted
Expected is output output
Expected is number 1
Expected is accepted accepted
Expected is output output
Expected is number 1
Expected is accepted accepted
Expected is output output
Expected is number 1
Expected is accepted accepted
Expected is output output
Expected is number 1
Expected is accepted accepted
Expected is output output
Expected is number 1
Expected is accepted accepted
Expected is output output
Expected is number 1
Expected is accepted accepted
Expected is output output
Expected is number 1
Expected is accepted accepted
Expected is output output
Expected is number 1
Expected is accepted accepted
Expected is connected connected
Expected is output output
Expected is number 1
Expected is accepted accepted
Expected is output output
Expected is number 1
Expected is accepted accepted
Expected is output output
Expected is number 1
Expected is accepted accepted
Expected is output output
Expected is number 1
Expected is accepted accepted
Expected is output output
Expected is number 1
Expected is accepted accepted
Expected is output output
Expected is number 1
Expected is accepted accepted
Expected is output output
Expected is number 1
Expected is accepted accepted
Expected is output output
Expected is number 1
Expected is accepted accepted
Expected is output output
Expected is number 1
Expected is accepted accepted
Expected is output output
Expected is number 1
Expected is accepted accepted
Expected is connected connected
Expected is output output
Expected is number 1
Expected is accepted accepted
Expected is output output
Expected is number 1
Expected is accepted accepted
Expected is output output
Expected is number 1
Expected is accepted accepted
Expected is output output
Expected is number 1
Expected is accepted accepted
Expected is output output
Expected is number 1
Expected is accepted accepted
Expected is output output
Expected is number 1
Expected is accepted accepted
Expected is output output
Expected is number 1
Expected is accepted accepted
Expected is output output
Expected is number 1
Expected is accepted accepted
Expected is output output
Expected is number 1
Expected is accepted accepted
Expected is output output
Expected is number 1
Expected is accepted accepted
Expected is connected connected
Expected is output output
Expected is number 1
Expected is accepted accepted
Expected is output output
Expected is number 1
Expected is accepted accepted
Expected is output output
Expected is number 1
Expected is accepted accepted
Expected is output output
Expected is number 1
Expected is accepted accepted
Expected is output output
Expected is number 1
Expected is accepted accepted
Expected is output output
Expected is number 1
Expected is accepted accepted
Expected is output output
Expected is number 1
Expected is accepted accepted
Expected is output output
Expected is number 1
Expected is accepted accepted
Expected is output output
Expected is number 1
Expected is accepted accepted
Expected is output output
Expected is number 1
Expected is accepted accepted
Expected is connected connected
Expected is output output
Expected is number 1
Expected is accepted accepted
Expected is output output
Expected is number 1
Expected is accepted accepted
Expected is output output
Expected is number 1
Expected is accepted accepted
Expected is output output
Expected is number 1
Expected is accepted accepted
Expected is output output
Expected is number 1
Expected is accepted accepted
Expected is output output
Expected is number 1
Expected is accepted accepted
Expected is output output
Expected is number 1
Expected is accepted accepted
Expected is output output
Expected is number 1
Expected is accepted accepted
Expected is output output
Expected is number 1
Expected is accepted accepted
Expected is output output
Expected is number 0
Expected is accepted accepted
Expected is connected connected
Expected is output output
Expected is number 1
Expected is accepted accepted
Expected is output output
Expected is number 1
Expected is accepted accepted
Expected is output output
Expected is number 1
Expected is accepted accepted
Expected is output output
Expected is number 1
Expected is accepted accepted
Expected is output output
Expected is number 1
Expected is accepted accepted
Expected is output output
Expected is number 1
Expected is accepted accepted
Expected is output output
Expected is number 1
Expected is accepted accepted
Expected is output output
Expected is number 1
Expected is accepted accepted
Expected is output output
Expected is number 1
Expected is accepted accepted
Expected is output output
Expected is number 1
Expected is accepted accepted
Expected is connected connected
Expected is output output
Expected is number 1
Expected is accepted accepted
Expected is output output
Expected is number 1
Expected is accepted accepted
Expected is output output
Expected is number 1
Expected is accepted accepted
Expected is output output
Expected is number 1
Expected is accepted accepted
Expected is output output
Expected is number 1
Expected is accepted accepted
Expected is output output
Expected is number 1
Expected is accepted accepted
Expected is output output
Expected is number 1
Expected is accepted accepted
Expected is output output
Expected is number 1
Expected is accepted accepted
Expected is output output
Expected is number 1
Expected is accepted accepted
Expected is output output
Expected is number 1
Expected is accepted accepted
Expected is connected connected
Expected is output output
Expected is number 1
Expected is accepted accepted
Expected is output output
Expected is number 1
Expected is accepted accepted
Expected is output output
Expected is number 1
Expected is accepted accepted
Expected is output output
Expected is number 1
Expected is accepted accepted
Expected is output output
Expected is number 1
Expected is accepted accepted
Expected is output output
Expected is number 1
Expected is accepted accepted
Expected is output output
Expected is number 1
Expected is accepted accepted
Expected is output output
Expected is number 1
Expected is accepted accepted
Expected is output output
Expected is number 1
Expected is accepted accepted
Expected is output output
Expected is number 1
Expected is accepted accepted
</system-out>
  </testcase>
  <testcase classname="com.zixi.testing.BroadcaserSingleOutputStreamDeletionTest" name="broadcasterSingleStreamRemoving" time="0.865"/>
  <testcase classname="com.zixi.load.testing.BroadcaserAllInputStreamDeletorTest" name="broadcasterDeleteAllInputs" time="2.046"/>
  <testcase classname="com.zixi.testing.FeederOutputPushToBxTest" name="feederOutputToBxTest" time="0.607"/>
  <testcase classname="com.zixi.testing.BroadcasterPushInStreamCreationTest" name="broadcasterSingleStreamRemoving" time="0.427"/>
  <testcase classname="com.zixi.testing.BroadcasterInputStatisticSingleStreamTest" name="broadcasterSingleInputStreamStatisticAnilyzer" time="145.482">
    <failure message="expected [statistics parameters are correct] but found [good]" type="java.lang.AssertionError">java.lang.AssertionError: expected [statistics parameters are correct] but found [good]
	at org.testng.Assert.fail(Assert.java:94)
	at org.testng.Assert.failNotEquals(Assert.java:496)
	at org.testng.Assert.assertEquals(Assert.java:125)
	at org.testng.Assert.assertEquals(Assert.java:178)
	at org.testng.Assert.assertEquals(Assert.java:188)
	at com.zixi.testing.BroadcasterInputStatisticSingleStreamTest.broadcasterSingleInputStreamStatisticAnilyzer(BroadcasterInputStatisticSingleStreamTest.java:32)
</failure>
  </testcase>
  <testcase classname="com.zixi.load.testing.BroadcasterMultipePullCreationTest" name="broadcasterMultiplePullInCreation" time="2.209"/>
  <testcase classname="com.zixi.testing.BroadcasterUDPOutputStreamCreationTest" name="broadcasterPullInCreation" time="0.891"/>
  <testcase classname="com.zixi.load.testing.BroadcasterRundomInputStreamTest" name="broadcasterSwitchUdpOut" time="357.673"/>
  <testcase classname="com.zixi.testing.BroadcaserSingleOutputStreamDeletionTest" name="broadcasterSingleStreamRemoving" time="0.79"/>
  <testcase classname="com.zixi.load.testing.BroadcaserAllInputStreamDeletorTest" name="broadcasterDeleteAllInputs" time="2.129"/>
  <testcase classname="com.zixi.testing.FeederOutputDeletioinTest" name="broadcasterSingleStreamRemoving" time="0.007"/>
  <testcase classname="com.zixi.testing.BroadcasterSingleInputStreamDeletionTest" name="broadcasterInputStreamDeletion" time="0.424"/>
  <testcase classname="com.zixi.testing.BroadcasterSinglePullInStreamCreationTest" name="broadcasterPullInCreation" time="0.792"/>
  <testcase classname="com.zixi.testing.BroadcasterUDPOutputStreamCreationTest" name="broadcasterPullInCreation" time="0.813"/>
  <testcase classname="com.zixi.testing.BroadcasterInputStatisticSingleStreamTest" name="broadcasterSingleInputStreamStatisticAnilyzer" time="145.688">
    <failure message="expected [statistics parameters are correct] but found [good]" type="java.lang.AssertionError">java.lang.AssertionError: expected [statistics parameters are correct] but found [good]
	at org.testng.Assert.fail(Assert.java:94)
	at org.testng.Assert.failNotEquals(Assert.java:496)
	at org.testng.Assert.assertEquals(Assert.java:125)
	at org.testng.Assert.assertEquals(Assert.java:178)
	at org.testng.Assert.assertEquals(Assert.java:188)
	at com.zixi.testing.BroadcasterInputStatisticSingleStreamTest.broadcasterSingleInputStreamStatisticAnilyzer(BroadcasterInputStatisticSingleStreamTest.java:32)
</failure>
  </testcase>
  <testcase classname="com.zixi.testing.FFMPEGImageStatisticTest" name="broadcasterSingleInputStreamStatisticAnilyzer" time="2.003"/>
  <testcase classname="com.zixi.testing.BroadcaserSingleOutputStreamDeletionTest" name="broadcasterSingleStreamRemoving" time="0.818"/>
  <testcase classname="com.zixi.testing.BroadcasterSingleInputStreamDeletionTest" name="broadcasterInputStreamDeletion" time="0.682"/>
  <testcase classname="com.zixi.testing.BroadcasterSinglePullInStreamCreationTest" name="broadcasterPullInCreation" time="0.879"/>
  <testcase classname="com.zixi.testing.BroadcasterUDPOutputStreamCreationTest" name="broadcasterPullInCreation" time="0.467"/>
  <testcase classname="com.zixi.testing.BroadcasterInputStatisticSingleStreamTest" name="broadcasterSingleInputStreamStatisticAnilyzer" time="25.735">
    <failure message="JSONObject[&quot;net&quot;] not found." type="org.json.JSONException">org.json.JSONException: JSONObject[&quot;net&quot;] not found.
	at org.json.JSONObject.get(JSONObject.java:476)
	at org.json.JSONObject.getJSONObject(JSONObject.java:576)
	at com.zixi.tools.StreamStatisticAnalyzer.getStatBitrate(StreamStatisticAnalyzer.java:13)
	at com.zixi.drivers.drivers.BroadcasterInputStatisticSingleStreamDriver.testStatistic(BroadcasterInputStatisticSingleStreamDriver.java:53)
	at com.zixi.testing.BroadcasterInputStatisticSingleStreamTest.broadcasterSingleInputStreamStatisticAnilyzer(BroadcasterInputStatisticSingleStreamTest.java:32)
</failure>
  </testcase>
  <testcase classname="com.zixi.testing.FFMPEGImageStatisticTest" name="broadcasterSingleInputStreamStatisticAnilyzer" time="2.004"/>
  <testcase classname="com.zixi.testing.BroadcaserSingleOutputStreamDeletionTest" name="broadcasterSingleStreamRemoving" time="0.213">
    <failure message="expected [Output reverse_test removed.] but found [{&quot;error&quot;:&quot;failed removing output null&quot;}]" type="java.lang.AssertionError">java.lang.AssertionError: expected [Output reverse_test removed.] but found [{&quot;error&quot;:&quot;failed removing output null&quot;}]
	at org.testng.Assert.fail(Assert.java:94)
	at org.testng.Assert.failNotEquals(Assert.java:496)
	at org.testng.Assert.assertEquals(Assert.java:125)
	at org.testng.Assert.assertEquals(Assert.java:178)
	at org.testng.Assert.assertEquals(Assert.java:188)
	at com.zixi.testing.BroadcaserSingleOutputStreamDeletionTest.broadcasterSingleStreamRemoving(BroadcaserSingleOutputStreamDeletionTest.java:35)
</failure>
    <system-out>bug -------------&gt;&gt;&gt; JSONObject[&quot;msg&quot;] not found. Request is http://10.7.0.63:4444/zixi/remove_output.json?id=null&amp;stream=null 
Line Number is 120
Exception type is class org.json.JSONException
</system-out>
  </testcase>
  <testcase classname="com.zixi.testing.BroadcasterSingleInputStreamDeletionTest" name="broadcasterInputStreamDeletion" time="0.81"/>
  <testcase classname="com.zixi.testing.BroadcasterPushInStreamCreationTest" name="broadcasterSingleStreamRemoving" time="0.776"/>
  <testcase classname="com.zixi.testing.BroadcasterPushOutStreamCreationTest" name="broadcasterPullInCreation" time="0.507"/>
  <testcase classname="com.zixi.testing.BroadcasterInputStatisticSingleStreamTest" name="broadcasterSingleInputStreamStatisticAnilyzer" time="145.698">
    <failure message="expected [statistics parameters are correct] but found [good]" type="java.lang.AssertionError">java.lang.AssertionError: expected [statistics parameters are correct] but found [good]
	at org.testng.Assert.fail(Assert.java:94)
	at org.testng.Assert.failNotEquals(Assert.java:496)
	at org.testng.Assert.assertEquals(Assert.java:125)
	at org.testng.Assert.assertEquals(Assert.java:178)
	at org.testng.Assert.assertEquals(Assert.java:188)
	at com.zixi.testing.BroadcasterInputStatisticSingleStreamTest.broadcasterSingleInputStreamStatisticAnilyzer(BroadcasterInputStatisticSingleStreamTest.java:32)
</failure>
  </testcase>
  <testcase classname="com.zixi.testing.BroadcasterSingleInputStreamDeletionTest" name="broadcasterInputStreamDeletion" time="0.786"/>
  <testcase classname="com.zixi.testing.BroadcaserSingleOutputStreamDeletionTest" name="broadcasterSingleStreamRemoving" time="0.449"/>
  <testcase classname="com.zixi.testing.BroadcasterPushInStreamCreationTest" name="broadcasterSingleStreamRemoving" time="0.848"/>
  <testcase classname="com.zixi.testing.BroadcasterPushOutStreamCreationTest" name="broadcasterPullInCreation" time="0.447"/>
  <testcase classname="com.zixi.testing.BroadcasterInputStatisticSingleStreamTest" name="broadcasterSingleInputStreamStatisticAnilyzer" time="146.51">
    <failure message="expected [statistics parameters are correct] but found [good]" type="java.lang.AssertionError">java.lang.AssertionError: expected [statistics parameters are correct] but found [good]
	at org.testng.Assert.fail(Assert.java:94)
	at org.testng.Assert.failNotEquals(Assert.java:496)
	at org.testng.Assert.assertEquals(Assert.java:125)
	at org.testng.Assert.assertEquals(Assert.java:178)
	at org.testng.Assert.assertEquals(Assert.java:188)
	at com.zixi.testing.BroadcasterInputStatisticSingleStreamTest.broadcasterSingleInputStreamStatisticAnilyzer(BroadcasterInputStatisticSingleStreamTest.java:32)
</failure>
  </testcase>
  <testcase classname="com.zixi.testing.BroadcasterSingleInputStreamDeletionTest" name="broadcasterInputStreamDeletion" time="0.81"/>
  <testcase classname="com.zixi.testing.BroadcaserSingleOutputStreamDeletionTest" name="broadcasterSingleStreamRemoving" time="0.422"/>
  <testcase classname="com.zixi.testing.BroadcasterPushInStreamCreationTest" name="broadcasterSingleStreamRemoving" time="0.802"/>
  <testcase classname="com.zixi.testing.BroadcasterPushOutStreamCreationTest" name="broadcasterPullInCreation" time="0.544"/>
  <testcase classname="com.zixi.testing.BroadcasterInputStatisticSingleStreamTest" name="broadcasterSingleInputStreamStatisticAnilyzer" time="145.739">
    <failure message="expected [statistics parameters are correct] but found [good]" type="java.lang.AssertionError">java.lang.AssertionError: expected [statistics parameters are correct] but found [good]
	at org.testng.Assert.fail(Assert.java:94)
	at org.testng.Assert.failNotEquals(Assert.java:496)
	at org.testng.Assert.assertEquals(Assert.java:125)
	at org.testng.Assert.assertEquals(Assert.java:178)
	at org.testng.Assert.assertEquals(Assert.java:188)
	at com.zixi.testing.BroadcasterInputStatisticSingleStreamTest.broadcasterSingleInputStreamStatisticAnilyzer(BroadcasterInputStatisticSingleStreamTest.java:32)
</failure>
  </testcase>
  <testcase classname="com.zixi.testing.BroadcasterSingleInputStreamDeletionTest" name="broadcasterInputStreamDeletion" time="0.883"/>
  <testcase classname="com.zixi.testing.BroadcaserSingleOutputStreamDeletionTest" name="broadcasterSingleStreamRemoving" time="0.429"/>
  <testcase classname="com.zixi.testing.BroadcasterPushInStreamCreationTest" name="broadcasterSingleStreamRemoving" time="0.843"/>
  <testcase classname="com.zixi.testing.BroadcasterPushOutStreamCreationTest" name="broadcasterPullInCreation" time="0.463"/>
  <testcase classname="com.zixi.testing.BroadcasterInputStatisticSingleStreamTest" name="broadcasterSingleInputStreamStatisticAnilyzer" time="145.683">
    <failure message="expected [statistics parameters are correct] but found [good]" type="java.lang.AssertionError">java.lang.AssertionError: expected [statistics parameters are correct] but found [good]
	at org.testng.Assert.fail(Assert.java:94)
	at org.testng.Assert.failNotEquals(Assert.java:496)
	at org.testng.Assert.assertEquals(Assert.java:125)
	at org.testng.Assert.assertEquals(Assert.java:178)
	at org.testng.Assert.assertEquals(Assert.java:188)
	at com.zixi.testing.BroadcasterInputStatisticSingleStreamTest.broadcasterSingleInputStreamStatisticAnilyzer(BroadcasterInputStatisticSingleStreamTest.java:32)
</failure>
  </testcase>
  <testcase classname="com.zixi.testing.BroadcasterSingleInputStreamDeletionTest" name="broadcasterInputStreamDeletion" time="0.808"/>
  <testcase classname="com.zixi.testing.BroadcaserSingleOutputStreamDeletionTest" name="broadcasterSingleStreamRemoving" time="0.419"/>
  <testcase classname="com.zixi.testing.BroadcasterPushInStreamCreationTest" name="broadcasterSingleStreamRemoving" time="0.857"/>
  <testcase classname="com.zixi.testing.BroadcasterPushOutStreamCreationTest" name="broadcasterPullInCreation" time="0.504"/>
  <testcase classname="com.zixi.testing.BroadcasterInputStatisticSingleStreamTest" name="broadcasterSingleInputStreamStatisticAnilyzer" time="145.729">
    <failure message="expected [statistics parameters are correct] but found [good]" type="java.lang.AssertionError">java.lang.AssertionError: expected [statistics parameters are correct] but found [good]
	at org.testng.Assert.fail(Assert.java:94)
	at org.testng.Assert.failNotEquals(Assert.java:496)
	at org.testng.Assert.assertEquals(Assert.java:125)
	at org.testng.Assert.assertEquals(Assert.java:178)
	at org.testng.Assert.assertEquals(Assert.java:188)
	at com.zixi.testing.BroadcasterInputStatisticSingleStreamTest.broadcasterSingleInputStreamStatisticAnilyzer(BroadcasterInputStatisticSingleStreamTest.java:32)
</failure>
  </testcase>
  <testcase classname="com.zixi.testing.BroadcasterSingleInputStreamDeletionTest" name="broadcasterInputStreamDeletion" time="0.85"/>
  <testcase classname="com.zixi.testing.BroadcaserSingleOutputStreamDeletionTest" name="broadcasterSingleStreamRemoving" time="0.389"/>
  <testcase classname="com.zixi.testing.BroadcasterPushInStreamCreationTest" name="broadcasterSingleStreamRemoving" time="0.931"/>
  <testcase classname="com.zixi.testing.BroadcasterPushOutStreamCreationTest" name="broadcasterPullInCreation" time="0.49"/>
  <testcase classname="com.zixi.testing.BroadcasterInputStatisticSingleStreamTest" name="broadcasterSingleInputStreamStatisticAnilyzer" time="145.748">
    <failure message="expected [statistics parameters are correct] but found [good]" type="java.lang.AssertionError">java.lang.AssertionError: expected [statistics parameters are correct] but found [good]
	at org.testng.Assert.fail(Assert.java:94)
	at org.testng.Assert.failNotEquals(Assert.java:496)
	at org.testng.Assert.assertEquals(Assert.java:125)
	at org.testng.Assert.assertEquals(Assert.java:178)
	at org.testng.Assert.assertEquals(Assert.java:188)
	at com.zixi.testing.BroadcasterInputStatisticSingleStreamTest.broadcasterSingleInputStreamStatisticAnilyzer(BroadcasterInputStatisticSingleStreamTest.java:32)
</failure>
  </testcase>
  <testcase classname="com.zixi.testing.BroadcasterSingleInputStreamDeletionTest" name="broadcasterInputStreamDeletion" time="0.854"/>
  <testcase classname="com.zixi.testing.BroadcaserSingleOutputStreamDeletionTest" name="broadcasterSingleStreamRemoving" time="0.445"/>
  <testcase classname="com.zixi.testing.BroadcasterPushInStreamCreationTest" name="broadcasterSingleStreamRemoving" time="0.767"/>
  <testcase classname="com.zixi.testing.BroadcasterPushOutStreamCreationTest" name="broadcasterPullInCreation" time="0.542"/>
  <testcase classname="com.zixi.testing.BroadcasterInputStatisticSingleStreamTest" name="broadcasterSingleInputStreamStatisticAnilyzer" time="145.74">
    <failure message="expected [statistics parameters are correct] but found [good]" type="java.lang.AssertionError">java.lang.AssertionError: expected [statistics parameters are correct] but found [good]
	at org.testng.Assert.fail(Assert.java:94)
	at org.testng.Assert.failNotEquals(Assert.java:496)
	at org.testng.Assert.assertEquals(Assert.java:125)
	at org.testng.Assert.assertEquals(Assert.java:178)
	at org.testng.Assert.assertEquals(Assert.java:188)
	at com.zixi.testing.BroadcasterInputStatisticSingleStreamTest.broadcasterSingleInputStreamStatisticAnilyzer(BroadcasterInputStatisticSingleStreamTest.java:32)
</failure>
  </testcase>
  <testcase classname="com.zixi.testing.BroadcasterUDPOutputStreamCreationTest" name="broadcasterPullInCreation" time="0.815"/>
  <testcase classname="com.zixi.testing.FFMPEGImageStatisticTest" name="broadcasterSingleInputStreamStatisticAnilyzer" time="2.003"/>
  <testcase classname="com.zixi.testing.BroadcaserSingleOutputStreamDeletionTest" name="broadcasterSingleStreamRemoving" time="0.834"/>
  <testcase classname="com.zixi.testing.BroadcasterSingleInputStreamDeletionTest" name="broadcasterInputStreamDeletion" time="0.815"/>
  <testcase classname="com.zixi.testing.BroadcaserSingleOutputStreamDeletionTest" name="broadcasterSingleStreamRemoving" time="0.463"/>
  <testcase classname="com.zixi.load.testing.BroadcasterMultiplePushTest" name="broadcasterMultiplePullInCreation" time="4.725"/>
  <testcase classname="com.zixi.testing.BroadcasterUDPOutputStreamCreationTest" name="broadcasterPullInCreation" time="0.876"/>
  <testcase classname="com.zixi.load.testing.BroadcasterRundomInputStreamTest" name="broadcasterSwitchUdpOut" time="137.758">
    <failure message="expected [good] but found [bad]" type="java.lang.AssertionError">java.lang.AssertionError: expected [good] but found [bad]
	at org.testng.Assert.fail(Assert.java:94)
	at org.testng.Assert.failNotEquals(Assert.java:496)
	at org.testng.Assert.assertEquals(Assert.java:125)
	at org.testng.Assert.assertEquals(Assert.java:178)
	at org.testng.Assert.assertEquals(Assert.java:188)
	at com.zixi.load.testing.BroadcasterRundomInputStreamTest.broadcasterSwitchUdpOut(BroadcasterRundomInputStreamTest.java:38)
</failure>
    <system-out>Expected is connected connected
Expected is output output
Expected is number 1
Expected is accepted accepted
Expected is output output
Expected is number 1
Expected is accepted accepted
Expected is output output
Expected is number 1
Expected is accepted accepted
Expected is output output
Expected is number 0
Expected is accepted accepted
Expected is output output
Expected is number 1
Expected is accepted accepted
Expected is output output
Expected is number 1
Expected is accepted accepted
Expected is output output
Expected is number 1
Expected is accepted accepted
Expected is output output
Expected is number 1
Expected is accepted accepted
Expected is output output
Expected is number 1
Expected is accepted accepted
Expected is output output
Expected is number 1
Expected is accepted accepted
Expected is connected connected
Expected is output output
Expected is number 1
Expected is accepted accepted
Expected is output output
Expected is number 1
Expected is accepted accepted
Expected is output output
Expected is number 1
Expected is accepted accepted
Expected is output output
Expected is number 1
Expected is accepted accepted
Expected is output output
Expected is number 1
Expected is accepted accepted
Expected is output output
Expected is number 1
Expected is accepted accepted
Expected is output output
Expected is number 1
Expected is accepted accepted
Expected is output output
Expected is number 1
Expected is accepted accepted
Expected is output output
Expected is number 1
Expected is accepted accepted
Expected is output output
Expected is number 1
Expected is accepted accepted
Expected is connected connected
Expected is output output
Expected is number 1
Expected is accepted accepted
Expected is output output
Expected is number 1
Expected is accepted accepted
Expected is output output
Expected is number 1
Expected is accepted accepted
Expected is output output
Expected is number 1
Expected is accepted accepted
Expected is output output
Expected is number 1
Expected is accepted accepted
Expected is output output
Expected is number 1
Expected is accepted accepted
Expected is output output
Expected is number 1
Expected is accepted accepted
Expected is output output
Expected is number 1
Expected is accepted accepted
Expected is output output
Expected is number 1
Expected is accepted accepted
Expected is output output
Expected is number 1
Expected is accepted accepted
Expected is connected connected
Expected is output output
Expected is number 1
Expected is accepted accepted
Expected is output output
Expected is number 1
Expected is accepted accepted
Expected is output output
Expected is number 1
Expected is accepted accepted
Expected is output output
Expected is number 1
Expected is accepted accepted
Expected is output output
Expected is number 1
Expected is accepted accepted
Expected is output output
Expected is number 1
Expected is accepted accepted
Expected is output output
Expected is number 1
Expected is accepted accepted
Expected is output output
Expected is number 1
Expected is accepted accepted
Expected is output output
Expected is number 1
Expected is accepted accepted
Expected is output output
Expected is number 1
Expected is accepted accepted
Expected is connected connected
Expected is output output
Expected is number 1
Expected is accepted accepted
Expected is output output
Expected is number 1
Expected is accepted accepted
Expected is output output
Expected is number 1
Expected is accepted accepted
Expected is output output
Expected is number 1
Expected is accepted accepted
Expected is output output
Expected is number 1
Expected is accepted accepted
Expected is output output
Expected is number 1
Expected is accepted accepted
Expected is output output
Expected is number 1
Expected is accepted accepted
Expected is output output
Expected is number 1
Expected is accepted accepted
Expected is output output
Expected is number 1
Expected is accepted accepted
Expected is output output
Expected is number 1
Expected is accepted accepted
Expected is connected connected
Expected is output output
Expected is number 1
Expected is accepted accepted
Expected is output output
Expected is number 1
Expected is accepted accepted
Expected is output output
Expected is number 1
Expected is accepted accepted
Expected is output output
Expected is number 1
Expected is accepted accepted
Expected is output output
Expected is number 1
Expected is accepted accepted
Expected is output output
Expected is number 1
Expected is accepted accepted
Expected is output output
Expected is number 1
Expected is accepted accepted
Expected is output output
Expected is number 1
Expected is accepted accepted
Expected is output output
Expected is number 1
Expected is accepted accepted
Expected is output output
Expected is number 1
Expected is accepted accepted
Expected is connected connected
Expected is output output
Expected is number 1
Expected is accepted accepted
Expected is output output
Expected is number 1
Expected is accepted accepted
Expected is output output
Expected is number 1
Expected is accepted accepted
Expected is output output
Expected is number 1
Expected is accepted accepted
Expected is output output
Expected is number 1
Expected is accepted accepted
Expected is output output
Expected is number 1
Expected is accepted accepted
Expected is output output
Expected is number 1
Expected is accepted accepted
Expected is output output
Expected is number 1
Expected is accepted accepted
Expected is output output
Expected is number 1
Expected is accepted accepted
Expected is output output
Expected is number 1
Expected is accepted accepted
Expected is connected connected
Expected is output output
Expected is number 1
Expected is accepted accepted
Expected is output output
Expected is number 1
Expected is accepted accepted
Expected is output output
Expected is number 1
Expected is accepted accepted
Expected is output output
Expected is number 1
Expected is accepted accepted
Expected is output output
Expected is number 1
Expected is accepted accepted
Expected is output output
Expected is number 1
Expected is accepted accepted
Expected is output output
Expected is number 1
Expected is accepted accepted
Expected is output output
Expected is number 1
Expected is accepted accepted
Expected is output output
Expected is number 1
Expected is accepted accepted
Expected is output output
Expected is number 1
Expected is accepted accepted
Expected is connected connected
Expected is output output
Expected is number 1
Expected is accepted accepted
Expected is output output
Expected is number 1
Expected is accepted accepted
Expected is output output
Expected is number 1
Expected is accepted accepted
Expected is output output
Expected is number 1
Expected is accepted accepted
Expected is output output
Expected is number 1
Expected is accepted accepted
Expected is output output
Expected is number 1
Expected is accepted accepted
Expected is output output
Expected is number 1
Expected is accepted accepted
Expected is output output
Expected is number 1
Expected is accepted accepted
Expected is output output
Expected is number 1
Expected is accepted accepted
Expected is output output
Expected is number 1
Expected is accepted accepted
Expected is connected connected
Expected is output output
Expected is number 1
Expected is accepted accepted
Expected is output output
Expected is number 1
Expected is accepted accepted
Expected is output output
Expected is number 1
Expected is accepted accepted
Expected is output output
Expected is number 1
Expected is accepted accepted
Expected is output output
Expected is number 1
Expected is accepted accepted
Expected is output output
Expected is number 1
Expected is accepted accepted
Expected is output output
Expected is number 1
Expected is accepted accepted
Expected is output output
Expected is number 1
Expected is accepted accepted
Expected is output output
Expected is number 1
Expected is accepted accepted
Expected is output output
Expected is number 1
Expected is accepted accepted
</system-out>
  </testcase>
  <testcase classname="com.zixi.testing.BroadcaserSingleOutputStreamDeletionTest" name="broadcasterSingleStreamRemoving" time="0.89"/>
  <testcase classname="com.zixi.load.testing.BroadcaserAllInputStreamDeletorTest" name="broadcasterDeleteAllInputs" time="2.248"/>
  <testcase classname="com.zixi.load.testing.BroadcaserAllOututStreamDeletorTest" name="broadcasterDeleteAllOutputStreams" time="0.871"/>
  <testcase classname="com.zixi.load.testing.BroadcasterMultiplePushTest" name="broadcasterMultiplePullInCreation" time="4.866"/>
  <testcase classname="com.zixi.testing.BroadcasterUDPOutputStreamCreationTest" name="broadcasterPullInCreation" time="0.888"/>
  <testcase classname="com.zixi.load.testing.BroadcasterRundomInputStreamTest" name="broadcasterSwitchUdpOut" time="260.365">
    <failure message="expected [good] but found [bad]" type="java.lang.AssertionError">java.lang.AssertionError: expected [good] but found [bad]
	at org.testng.Assert.fail(Assert.java:94)
	at org.testng.Assert.failNotEquals(Assert.java:496)
	at org.testng.Assert.assertEquals(Assert.java:125)
	at org.testng.Assert.assertEquals(Assert.java:178)
	at org.testng.Assert.assertEquals(Assert.java:188)
	at com.zixi.load.testing.BroadcasterRundomInputStreamTest.broadcasterSwitchUdpOut(BroadcasterRundomInputStreamTest.java:38)
</failure>
    <system-out>Expected is connected connected
Expected is output output
Expected is number 1
Expected is accepted accepted
Expected is output output
Expected is number 1
Expected is accepted accepted
Expected is output output
Expected is number 1
Expected is accepted accepted
Expected is output output
Expected is number 1
Expected is accepted accepted
Expected is output output
Expected is number 1
Expected is accepted accepted
Expected is output output
Expected is number 1
Expected is accepted accepted
Expected is output output
Expected is number 1
Expected is accepted accepted
Expected is output output
Expected is number 1
Expected is accepted accepted
Expected is output output
Expected is number 1
Expected is accepted accepted
Expected is output output
Expected is number 1
Expected is accepted accepted
Expected is connected connected
Expected is output output
Expected is number 1
Expected is accepted accepted
Expected is output output
Expected is number 1
Expected is accepted accepted
Expected is output output
Expected is number 1
Expected is accepted accepted
Expected is output output
Expected is number 1
Expected is accepted accepted
Expected is output output
Expected is number 1
Expected is accepted accepted
Expected is output output
Expected is number 1
Expected is accepted accepted
Expected is output output
Expected is number 1
Expected is accepted accepted
Expected is output output
Expected is number 1
Expected is accepted accepted
Expected is output output
Expected is number 1
Expected is accepted accepted
Expected is output output
Expected is number 1
Expected is accepted accepted
Expected is connected connected
Expected is output output
Expected is number 1
Expected is accepted accepted
Expected is output output
Expected is number 1
Expected is accepted accepted
Expected is output output
Expected is number 1
Expected is accepted accepted
Expected is output output
Expected is number 1
Expected is accepted accepted
Expected is output output
Expected is number 1
Expected is accepted accepted
Expected is output output
Expected is number 1
Expected is accepted accepted
Expected is output output
Expected is number 1
Expected is accepted accepted
Expected is output output
Expected is number 1
Expected is accepted accepted
Expected is output output
Expected is number 1
Expected is accepted accepted
Expected is output output
Expected is number 1
Expected is accepted accepted
Expected is connected connected
Expected is output output
Expected is number 1
Expected is accepted accepted
Expected is output output
Expected is number 1
Expected is accepted accepted
Expected is output output
Expected is number 1
Expected is accepted accepted
Expected is output output
Expected is number 1
Expected is accepted accepted
Expected is output output
Expected is number 1
Expected is accepted accepted
Expected is output output
Expected is number 1
Expected is accepted accepted
Expected is output output
Expected is number 1
Expected is accepted accepted
Expected is output output
Expected is number 1
Expected is accepted accepted
Expected is output output
Expected is number 1
Expected is accepted accepted
Expected is output output
Expected is number 1
Expected is accepted accepted
Expected is connected connected
Expected is output output
Expected is number 1
Expected is accepted accepted
Expected is output output
Expected is number 1
Expected is accepted accepted
Expected is output output
Expected is number 1
Expected is accepted accepted
Expected is output output
Expected is number 1
Expected is accepted accepted
Expected is output output
Expected is number 1
Expected is accepted accepted
Expected is output output
Expected is number 1
Expected is accepted accepted
Expected is output output
Expected is number 1
Expected is accepted accepted
Expected is output output
Expected is number 1
Expected is accepted accepted
Expected is output output
Expected is number 1
Expected is accepted accepted
Expected is output output
Expected is number 1
Expected is accepted accepted
Expected is connected connected
Expected is output output
Expected is number 1
Expected is accepted accepted
Expected is output output
Expected is number 1
Expected is accepted accepted
Expected is output output
Expected is number 1
Expected is accepted accepted
Expected is output output
Expected is number 1
Expected is accepted accepted
Expected is output output
Expected is number 1
Expected is accepted accepted
Expected is output output
Expected is number 1
Expected is accepted accepted
Expected is output output
Expected is number 1
Expected is accepted accepted
Expected is output output
Expected is number 1
Expected is accepted accepted
Expected is output output
Expected is number 1
Expected is accepted accepted
Expected is output output
Expected is number 1
Expected is accepted accepted
Expected is connected connected
Expected is output output
Expected is number 1
Expected is accepted accepted
Expected is output output
Expected is number 1
Expected is accepted accepted
Expected is output output
Expected is number 1
Expected is accepted accepted
Expected is output output
Expected is number 1
Expected is accepted accepted
Expected is output output
Expected is number 1
Expected is accepted accepted
Expected is output output
Expected is number 1
Expected is accepted accepted
Expected is output output
Expected is number 1
Expected is accepted accepted
Expected is output output
Expected is number 1
Expected is accepted accepted
Expected is output output
Expected is number 1
Expected is accepted accepted
Expected is output output
Expected is number 1
Expected is accepted accepted
Expected is connected connected
Expected is output output
Expected is number 0
Expected is accepted accepted
Expected is output output
Expected is number 0
Expected is accepted accepted
Expected is output output
Expected is number 0
Expected is accepted accepted
Expected is output output
Expected is number 1
Expected is accepted accepted
Expected is output output
Expected is number 1
Expected is accepted accepted
Expected is output output
Expected is number 1
Expected is accepted accepted
Expected is output output
Expected is number 1
Expected is accepted accepted
Expected is output output
Expected is number 1
Expected is accepted accepted
Expected is output output
Expected is number 1
Expected is accepted accepted
Expected is output output
Expected is number 1
Expected is accepted accepted
Expected is connected connected
Expected is output output
Expected is number 1
Expected is accepted accepted
Expected is output output
Expected is number 1
Expected is accepted accepted
Expected is output output
Expected is number 1
Expected is accepted accepted
Expected is output output
Expected is number 1
Expected is accepted accepted
Expected is output output
Expected is number 1
Expected is accepted accepted
Expected is output output
Expected is number 1
Expected is accepted accepted
Expected is output output
Expected is number 1
Expected is accepted accepted
Expected is output output
Expected is number 1
Expected is accepted accepted
Expected is output output
Expected is number 1
Expected is accepted accepted
Expected is output output
Expected is number 1
Expected is accepted accepted
Expected is connected connected
Expected is output output
Expected is number 1
Expected is accepted accepted
Expected is output output
Expected is number 1
Expected is accepted accepted
Expected is output output
Expected is number 1
Expected is accepted accepted
Expected is output output
Expected is number 1
Expected is accepted accepted
Expected is output output
Expected is number 1
Expected is accepted accepted
Expected is output output
Expected is number 1
Expected is accepted accepted
Expected is output output
Expected is number 1
Expected is accepted accepted
Expected is output output
Expected is number 1
Expected is accepted accepted
Expected is output output
Expected is number 1
Expected is accepted accepted
Expected is output output
Expected is number 1
Expected is accepted accepted
</system-out>
  </testcase>
  <testcase classname="com.zixi.testing.BroadcaserSingleOutputStreamDeletionTest" name="broadcasterSingleStreamRemoving" time="0.847"/>
  <testcase classname="com.zixi.load.testing.BroadcaserAllInputStreamDeletorTest" name="broadcasterDeleteAllInputs" time="2.182"/>
  <testcase classname="com.zixi.load.testing.BroadcaserAllOututStreamDeletorTest" name="broadcasterDeleteAllOutputStreams" time="0.937"/>
  <testcase classname="com.zixi.load.testing.BroadcasterMultipleBondingTest" name="broadcasterMultiplePushBondedTest" time="1.652"/>
  <testcase classname="com.zixi.testing.BroadcasterUDPOutputStreamCreationTest" name="broadcasterPullInCreation" time="0.771"/>
  <testcase classname="com.zixi.load.testing.BroadcasterRundomInputStreamTest" name="broadcasterSwitchUdpOut" time="71.224"/>
  <testcase classname="com.zixi.testing.BroadcaserSingleOutputStreamDeletionTest" name="broadcasterSingleStreamRemoving" time="0.788"/>
  <testcase classname="com.zixi.load.testing.BroadcaserAllInputStreamDeletorTest" name="broadcasterDeleteAllInputs" time="0.863"/>
  <testcase classname="com.zixi.load.testing.BroadcaserAllOututStreamDeletorTest" name="broadcasterDeleteAllOutputStreams" time="0.471"/>
  <testcase classname="com.zixi.testing.FeederOutputPushToBxTest" name="feederBondedPushOutputCreationTest" time="0.589"/>
  <testcase classname="com.zixi.testing.BroadcasterPushInStreamCreationTest" name="broadcasterSingleStreamRemoving" time="0.399"/>
  <testcase classname="com.zixi.testing.BroadcasterInputStatisticSingleStreamTest" name="broadcasterSingleInputStreamStatisticAnilyzer" time="145.494">
    <failure message="expected [statistics parameters are correct] but found [good]" type="java.lang.AssertionError">java.lang.AssertionError: expected [statistics parameters are correct] but found [good]
	at org.testng.Assert.fail(Assert.java:94)
	at org.testng.Assert.failNotEquals(Assert.java:496)
	at org.testng.Assert.assertEquals(Assert.java:125)
	at org.testng.Assert.assertEquals(Assert.java:178)
	at org.testng.Assert.assertEquals(Assert.java:188)
	at com.zixi.testing.BroadcasterInputStatisticSingleStreamTest.broadcasterSingleInputStreamStatisticAnilyzer(BroadcasterInputStatisticSingleStreamTest.java:32)
</failure>
  </testcase>
  <testcase classname="com.zixi.load.testing.BroadcasterMultipleBondingTest" name="broadcasterMultiplePushBondedTest" time="1.548"/>
  <testcase classname="com.zixi.testing.BroadcasterUDPOutputStreamCreationTest" name="broadcasterPullInCreation" time="0.757"/>
  <testcase classname="com.zixi.load.testing.BroadcasterRundomInputStreamTest" name="broadcasterSwitchUdpOut" time="138.742"/>
  <testcase classname="com.zixi.testing.BroadcaserSingleOutputStreamDeletionTest" name="broadcasterSingleStreamRemoving" time="0.863"/>
  <testcase classname="com.zixi.load.testing.BroadcaserAllInputStreamDeletorTest" name="broadcasterDeleteAllInputs" time="0.861"/>
  <testcase classname="com.zixi.load.testing.BroadcaserAllOututStreamDeletorTest" name="broadcasterDeleteAllOutputStreams" time="0.473"/>
  <testcase classname="com.zixi.testing.FeederBondedOutputDeletioinTest" name="broadcasterBondedTwoLinkStreamRemoving" time="0.009"/>
  <testcase classname="com.zixi.testing.BroadcasterSingleInputStreamDeletionTest" name="broadcasterInputStreamDeletion" time="0.459"/>
  <testcase classname="com.zixi.testing.BroadcasterRtmpInputTest" name="broadcasterRtmpPullTest" time="0.838"/>
  <testcase classname="com.zixi.testing.BroadcasterInputStatisticSingleStreamTest" name="broadcasterSingleInputStreamStatisticAnilyzer" time="145.68">
    <failure message="expected [statistics parameters are correct] but found [good]" type="java.lang.AssertionError">java.lang.AssertionError: expected [statistics parameters are correct] but found [good]
	at org.testng.Assert.fail(Assert.java:94)
	at org.testng.Assert.failNotEquals(Assert.java:496)
	at org.testng.Assert.assertEquals(Assert.java:125)
	at org.testng.Assert.assertEquals(Assert.java:178)
	at org.testng.Assert.assertEquals(Assert.java:188)
	at com.zixi.testing.BroadcasterInputStatisticSingleStreamTest.broadcasterSingleInputStreamStatisticAnilyzer(BroadcasterInputStatisticSingleStreamTest.java:32)
</failure>
  </testcase>
  <testcase classname="com.zixi.testing.BroadcasterSingleInputStreamDeletionTest" name="broadcasterInputStreamDeletion" time="0.824"/>
  <testcase classname="com.zixi.testing.BroadcasterRtmpInputEncryptedTest" name="broadcasterRtmpPullTest" time="0.825"/>
  <testcase classname="com.zixi.testing.BroadcasterUDPOutputStreamCreationTest" name="broadcasterPullInCreation" time="0.744"/>
  <testcase classname="com.zixi.testing.FFMPEGImageStatisticTest" name="broadcasterSingleInputStreamStatisticAnilyzer" time="2.002"/>
  <testcase classname="com.zixi.testing.BroadcaserSingleOutputStreamDeletionTest" name="broadcasterSingleStreamRemoving" time="0.757"/>
  <testcase classname="com.zixi.testing.BroadcasterSingleInputStreamDeletionTest" name="broadcasterInputStreamDeletion" time="0.796"/>
  <testcase classname="com.zixi.testing.BroadcasterRtmpInputEncryptedTest" name="broadcasterRtmpPullTest" time="0.782"/>
  <testcase classname="com.zixi.testing.BroadcasterUDPOutputStreamCreationTest" name="broadcasterPullInCreation" time="0.837"/>
  <testcase classname="com.zixi.testing.FFMPEGImageStatisticTest" name="broadcasterSingleInputStreamStatisticAnilyzer" time="2"/>
  <testcase classname="com.zixi.testing.BroadcaserSingleOutputStreamDeletionTest" name="broadcasterSingleStreamRemoving" time="0.843"/>
  <testcase classname="com.zixi.testing.BroadcasterSingleInputStreamDeletionTest" name="broadcasterInputStreamDeletion" time="0.963"/>
  <testcase classname="com.zixi.testing.BroadcasterRtmpInputEncryptedTest" name="broadcasterRtmpPullTest" time="0.898"/>
  <testcase classname="com.zixi.testing.BroadcasterUDPOutputStreamCreationTest" name="broadcasterPullInCreation" time="0.849"/>
  <testcase classname="com.zixi.testing.FFMPEGImageStatisticTest" name="broadcasterSingleInputStreamStatisticAnilyzer" time="2.001"/>
  <testcase classname="com.zixi.testing.BroadcaserSingleOutputStreamDeletionTest" name="broadcasterSingleStreamRemoving" time="0.783"/>
  <testcase classname="com.zixi.testing.BroadcasterSingleInputStreamDeletionTest" name="broadcasterInputStreamDeletion" time="0.813"/>
  <testcase classname="com.zixi.testing.BroadcasterRtmpPushOutputCreationTest" name="broadcasterSingleStreamRemoving" time="0.456"/>
  <testcase classname="com.zixi.testing.BroadcasterRtmpPushInputCreationStreamTest" name="broadcasterRtmpPushTest" time="0.809"/>
  <testcase classname="com.zixi.testing.BroadcasterInputStatisticSingleStreamTest" name="broadcasterSingleInputStreamStatisticAnilyzer" time="145.766">
    <failure message="expected [statistics parameters are correct] but found [good]" type="java.lang.AssertionError">java.lang.AssertionError: expected [statistics parameters are correct] but found [good]
	at org.testng.Assert.fail(Assert.java:94)
	at org.testng.Assert.failNotEquals(Assert.java:496)
	at org.testng.Assert.assertEquals(Assert.java:125)
	at org.testng.Assert.assertEquals(Assert.java:178)
	at org.testng.Assert.assertEquals(Assert.java:188)
	at com.zixi.testing.BroadcasterInputStatisticSingleStreamTest.broadcasterSingleInputStreamStatisticAnilyzer(BroadcasterInputStatisticSingleStreamTest.java:32)
</failure>
  </testcase>
  <testcase classname="com.zixi.testing.BroadcasterSingleInputStreamDeletionTest" name="broadcasterInputStreamDeletion" time="0.862"/>
  <testcase classname="com.zixi.testing.BroadcaserSingleOutputStreamDeletionTest" name="broadcasterSingleStreamRemoving" time="0.471"/>
  <testcase classname="com.zixi.testing.BroadcasterRtmpPushOutputCreationTest" name="broadcasterSingleStreamRemoving" time="0.441"/>
  <testcase classname="com.zixi.testing.BroadcasterRtmpPushInputCreationStreamTest" name="broadcasterRtmpPushTest" time="0.891"/>
  <testcase classname="com.zixi.testing.BroadcasterInputStatisticSingleStreamTest" name="broadcasterSingleInputStreamStatisticAnilyzer" time="145.737">
    <failure message="expected [statistics parameters are correct] but found [good]" type="java.lang.AssertionError">java.lang.AssertionError: expected [statistics parameters are correct] but found [good]
	at org.testng.Assert.fail(Assert.java:94)
	at org.testng.Assert.failNotEquals(Assert.java:496)
	at org.testng.Assert.assertEquals(Assert.java:125)
	at org.testng.Assert.assertEquals(Assert.java:178)
	at org.testng.Assert.assertEquals(Assert.java:188)
	at com.zixi.testing.BroadcasterInputStatisticSingleStreamTest.broadcasterSingleInputStreamStatisticAnilyzer(BroadcasterInputStatisticSingleStreamTest.java:32)
</failure>
  </testcase>
  <testcase classname="com.zixi.testing.BroadcasterSingleInputStreamDeletionTest" name="broadcasterInputStreamDeletion" time="0.774"/>
  <testcase classname="com.zixi.testing.BroadcaserSingleOutputStreamDeletionTest" name="broadcasterSingleStreamRemoving" time="0.435"/>
  <testcase classname="com.zixi.load.testing.BroadcasterMultipleRtmpPullCreationTest" name="broadcasterMultipleRtmpPullInCreation" time="1.631"/>
  <testcase classname="com.zixi.testing.BroadcasterUDPOutputStreamCreationTest" name="broadcasterPullInCreation" time="0.977"/>
  <testcase classname="com.zixi.load.testing.BroadcasterRundomInputStreamTest" name="broadcasterSwitchUdpOut" time="243.894"/>
  <testcase classname="com.zixi.testing.BroadcaserSingleOutputStreamDeletionTest" name="broadcasterSingleStreamRemoving" time="0.846"/>
  <testcase classname="com.zixi.load.testing.BroadcaserAllInputStreamDeletorTest" name="broadcasterDeleteAllInputs" time="1.798"/>
  <testcase classname="com.zixi.load.testing.BroadcasterMultipleRtmpPushTest" name="broadcasterRtmpPushLoadTest" time="2.743"/>
  <testcase classname="com.zixi.testing.BroadcasterUDPOutputStreamCreationTest" name="broadcasterPullInCreation" time="0.802"/>
  <testcase classname="com.zixi.load.testing.BroadcasterRundomInputStreamTest" name="broadcasterSwitchUdpOut" time="645.672"/>
  <testcase classname="com.zixi.testing.BroadcaserSingleOutputStreamDeletionTest" name="broadcasterSingleStreamRemoving" time="0.831"/>
  <testcase classname="com.zixi.load.testing.BroadcaserAllInputStreamDeletorTest" name="broadcasterDeleteAllInputs" time="1.856"/>
  <testcase classname="com.zixi.load.testing.BroadcaserAllOututStreamDeletorTest" name="broadcasterDeleteAllOutputStreams" time="1.014"/>
  <testcase classname="com.zixi.testing.FeederOutputPushToBxTest" name="feederBondedPushOutputCreationTest" time="1.074">
    <skipped/>
  </testcase>
  <testcase classname="com.zixi.testing.FeederOutputPushToBxTest" name="feederBondedPushOutputCreationThreeLinksTest" time="1.075">
    <skipped/>
  </testcase>
  <testcase classname="com.zixi.testing.FeederOutputPushToBxTest" name="feederOutputToBxTest" time="0.956"/>
  <testcase classname="com.zixi.testing.FeederOutputPushToBxTest" name="feederOutputToBxTestAutomaticRtmp" time="0.991">
    <skipped/>
  </testcase>
  <testcase classname="com.zixi.testing.BroadcasterPushInStreamCreationTest" name="broadcasterSingleStreamRemoving" time="0.829"/>
  <testcase classname="com.zixi.testing.ReceiverPullInputStreamCreationTest" name="feederOutputToBxTest" time="0.006"/>
  <testcase classname="com.zixi.testing.BroadcasterInputStatisticSingleStreamTest" name="broadcasterSingleInputStreamStatisticAnilyzer" time="145.625">
    <failure message="expected [statistics parameters are correct] but found [good]" type="java.lang.AssertionError">java.lang.AssertionError: expected [statistics parameters are correct] but found [good]
	at org.testng.Assert.fail(Assert.java:94)
	at org.testng.Assert.failNotEquals(Assert.java:496)
	at org.testng.Assert.assertEquals(Assert.java:125)
	at org.testng.Assert.assertEquals(Assert.java:178)
	at org.testng.Assert.assertEquals(Assert.java:188)
	at com.zixi.testing.BroadcasterInputStatisticSingleStreamTest.broadcasterSingleInputStreamStatisticAnilyzer(BroadcasterInputStatisticSingleStreamTest.java:32)
</failure>
  </testcase>
  <testcase classname="com.zixi.testing.ReceiverInputStatisticTest" name="receiverInputStatistic" time="140.05"/>
  <testcase classname="com.zixi.testing.FeederOutputDeletioinTest" name="broadcasterSingleStreamRemoving" time="0.007"/>
  <testcase classname="com.zixi.testing.BroadcasterSingleInputStreamDeletionTest" name="broadcasterInputStreamDeletion" time="0.728"/>
  <testcase classname="com.zixi.testing.ReceiverPullInputStreamDeletionTest" name="feederOutputToBxTest" time="0.005"/>
  <testcase classname="com.zixi.testing.BroadcasterUdpInStreamCreationTest" name="broadcasterUdpInCreation" time="0.651"/>
  <testcase classname="com.zixi.testing.BroadcasterUDPOutputStreamCreationTest" name="broadcasterPullInCreation" time="0.449"/>
  <testcase classname="com.zixi.testing.BroadcasterInputStatisticSingleStreamTest" name="broadcasterSingleInputStreamStatisticAnilyzer" time="145.895">
    <failure message="expected [statistics parameters are correct] but found [good]" type="java.lang.AssertionError">java.lang.AssertionError: expected [statistics parameters are correct] but found [good]
	at org.testng.Assert.fail(Assert.java:94)
	at org.testng.Assert.failNotEquals(Assert.java:496)
	at org.testng.Assert.assertEquals(Assert.java:125)
	at org.testng.Assert.assertEquals(Assert.java:178)
	at org.testng.Assert.assertEquals(Assert.java:188)
	at com.zixi.testing.BroadcasterInputStatisticSingleStreamTest.broadcasterSingleInputStreamStatisticAnilyzer(BroadcasterInputStatisticSingleStreamTest.java:32)
</failure>
  </testcase>
  <testcase classname="com.zixi.testing.BroadcasterRtmpPushOutputCreationTest" name="broadcasterSingleStreamRemoving" time="0.909"/>
  <testcase classname="com.zixi.testing.BroadcasterRtmpPushInputCreationStreamTest" name="broadcasterRtmpPushTest" time="0.513"/>
  <testcase classname="com.zixi.testing.BroadcasterInputStatisticSingleStreamTest" name="broadcasterSingleInputStreamStatisticAnilyzer" time="145.49">
    <failure message="expected [statistics parameters are correct] but found [good]" type="java.lang.AssertionError">java.lang.AssertionError: expected [statistics parameters are correct] but found [good]
	at org.testng.Assert.fail(Assert.java:94)
	at org.testng.Assert.failNotEquals(Assert.java:496)
	at org.testng.Assert.assertEquals(Assert.java:125)
	at org.testng.Assert.assertEquals(Assert.java:178)
	at org.testng.Assert.assertEquals(Assert.java:188)
	at com.zixi.testing.BroadcasterInputStatisticSingleStreamTest.broadcasterSingleInputStreamStatisticAnilyzer(BroadcasterInputStatisticSingleStreamTest.java:32)
</failure>
  </testcase>
  <testcase classname="com.zixi.testing.BroadcasterSingleInputStreamDeletionTest" name="broadcasterInputStreamDeletion" time="0.928"/>
  <testcase classname="com.zixi.testing.BroadcaserSingleOutputStreamDeletionTest" name="broadcasterSingleStreamRemoving" time="0.513"/>
  <testcase classname="com.zixi.testing.BroadcasterSingleInputStreamDeletionTest" name="broadcasterInputStreamDeletion" time="0.49"/>
  <testcase classname="com.zixi.testing.BroadcaserSingleOutputStreamDeletionTest" name="broadcasterSingleStreamRemoving" time="0.841"/>
  <testcase classname="com.zixi.testing.FeederOutputPushToBxTest" name="feederBondedPushOutputCreationTest" time="0.872">
    <skipped/>
  </testcase>
  <testcase classname="com.zixi.testing.FeederOutputPushToBxTest" name="feederBondedPushOutputCreationThreeLinksTest" time="0.873">
    <skipped/>
  </testcase>
  <testcase classname="com.zixi.testing.FeederOutputPushToBxTest" name="feederOutputToBxTest" time="0.665"/>
  <testcase classname="com.zixi.testing.FeederOutputPushToBxTest" name="feederOutputToBxTestAutomaticRtmp" time="0.696">
    <skipped/>
  </testcase>
  <testcase classname="com.zixi.testing.BroadcasterPushInStreamCreationTest" name="broadcasterSingleStreamRemoving" time="0.82"/>
  <testcase classname="com.zixi.testing.ReceiverPullInputStreamCreationTest" name="feederOutputToBxTest" time="0.006"/>
  <testcase classname="com.zixi.testing.BroadcasterInputStatisticSingleStreamTest" name="broadcasterSingleInputStreamStatisticAnilyzer" time="146.68">
    <failure message="expected [statistics parameters are correct] but found [good]" type="java.lang.AssertionError">java.lang.AssertionError: expected [statistics parameters are correct] but found [good]
	at org.testng.Assert.fail(Assert.java:94)
	at org.testng.Assert.failNotEquals(Assert.java:496)
	at org.testng.Assert.assertEquals(Assert.java:125)
	at org.testng.Assert.assertEquals(Assert.java:178)
	at org.testng.Assert.assertEquals(Assert.java:188)
	at com.zixi.testing.BroadcasterInputStatisticSingleStreamTest.broadcasterSingleInputStreamStatisticAnilyzer(BroadcasterInputStatisticSingleStreamTest.java:32)
</failure>
  </testcase>
  <testcase classname="com.zixi.testing.ReceiverInputStatisticTest" name="receiverInputStatistic" time="140.104"/>
  <testcase classname="com.zixi.testing.ReceiverUdpOutCreationTest" name="receiverOutputUdpTest" time="0.004"/>
  <testcase classname="com.zixi.testing.FFMPEGImageStatisticTest" name="broadcasterSingleInputStreamStatisticAnilyzer" time="2.003"/>
  <testcase classname="com.zixi.testing.ReceiverOutputStreamDeletionTest" name="receiverDeleteOutputStreamTest" time="0.006"/>
  <testcase classname="com.zixi.testing.FeederOutputDeletioinTest" name="broadcasterSingleStreamRemoving" time="0.007"/>
  <testcase classname="com.zixi.testing.BroadcasterSingleInputStreamDeletionTest" name="broadcasterInputStreamDeletion" time="0.903"/>
  <testcase classname="com.zixi.testing.ReceiverPullInputStreamDeletionTest" name="feederOutputToBxTest" time="0.006"/>
  <testcase classname="com.zixi.testing.FeederOutputPushToBxTest" name="feederBondedPushOutputCreationTest" time="0.04">
    <skipped/>
  </testcase>
  <testcase classname="com.zixi.testing.FeederOutputPushToBxTest" name="feederBondedPushOutputCreationThreeLinksTest" time="0.04">
    <skipped/>
  </testcase>
  <testcase classname="com.zixi.testing.FeederOutputPushToBxTest" name="feederOutputToBxTest" time="0.652"/>
  <testcase classname="com.zixi.testing.FeederOutputPushToBxTest" name="feederOutputToBxTestAutomaticRtmp" time="0.684">
    <skipped/>
  </testcase>
  <testcase classname="com.zixi.testing.BroadcasterPushInStreamCreationTest" name="broadcasterSingleStreamRemoving" time="0.913"/>
  <testcase classname="com.zixi.testing.ReceiverPullInputStreamCreationTest" name="feederOutputToBxTest" time="0.004"/>
  <testcase classname="com.zixi.testing.BroadcasterInputStatisticSingleStreamTest" name="broadcasterSingleInputStreamStatisticAnilyzer" time="145.819">
    <failure message="expected [statistics parameters are correct] but found [good]" type="java.lang.AssertionError">java.lang.AssertionError: expected [statistics parameters are correct] but found [good]
	at org.testng.Assert.fail(Assert.java:94)
	at org.testng.Assert.failNotEquals(Assert.java:496)
	at org.testng.Assert.assertEquals(Assert.java:125)
	at org.testng.Assert.assertEquals(Assert.java:178)
	at org.testng.Assert.assertEquals(Assert.java:188)
	at com.zixi.testing.BroadcasterInputStatisticSingleStreamTest.broadcasterSingleInputStreamStatisticAnilyzer(BroadcasterInputStatisticSingleStreamTest.java:32)
</failure>
  </testcase>
  <testcase classname="com.zixi.testing.ReceiverInputStatisticTest" name="receiverInputStatistic" time="21.005">
    <failure message="expected [tested] but found [zero bit rate is detected]" type="java.lang.AssertionError">java.lang.AssertionError: expected [tested] but found [zero bit rate is detected]
	at org.testng.Assert.fail(Assert.java:94)
	at org.testng.Assert.failNotEquals(Assert.java:496)
	at org.testng.Assert.assertEquals(Assert.java:125)
	at org.testng.Assert.assertEquals(Assert.java:178)
	at org.testng.Assert.assertEquals(Assert.java:188)
	at com.zixi.testing.ReceiverInputStatisticTest.receiverInputStatistic(ReceiverInputStatisticTest.java:35)
</failure>
    <system-out>receivertest
</system-out>
  </testcase>
  <testcase classname="com.zixi.testing.ReceiverUdpOutCreationTest" name="receiverOutputUdpTest" time="0.003"/>
  <testcase classname="com.zixi.testing.FFMPEGImageStatisticTest" name="broadcasterSingleInputStreamStatisticAnilyzer" time="2.003"/>
  <testcase classname="com.zixi.testing.ReceiverOutputStreamDeletionTest" name="receiverDeleteOutputStreamTest" time="0.005"/>
  <testcase classname="com.zixi.testing.FeederOutputDeletioinTest" name="broadcasterSingleStreamRemoving" time="0.005"/>
  <testcase classname="com.zixi.testing.BroadcasterSingleInputStreamDeletionTest" name="broadcasterInputStreamDeletion" time="0.447">
    <failure message="expected object to not be null" type="java.lang.AssertionError">java.lang.AssertionError: expected object to not be null
	at org.testng.Assert.fail(Assert.java:94)
	at org.testng.Assert.assertNotNull(Assert.java:406)
	at org.testng.Assert.assertNotNull(Assert.java:391)
	at com.zixi.testing.BroadcasterSingleInputStreamDeletionTest.broadcasterInputStreamDeletion(BroadcasterSingleInputStreamDeletionTest.java:27)
</failure>
    <system-out>bug --------------------------
</system-out>
  </testcase>
  <testcase classname="com.zixi.testing.ReceiverPullInputStreamDeletionTest" name="feederOutputToBxTest" time="0.006"/>
  <testcase classname="com.zixi.testing.FeederOutputPushToBxTest" name="feederOutputToBxTest" time="0.673"/>
  <testcase classname="com.zixi.testing.BroadcasterPushInStreamCreationTest" name="broadcasterSingleStreamRemoving" time="0.884"/>
  <testcase classname="com.zixi.testing.ReceiverPullInputStreamCreationTest" name="feederOutputToBxTest" time="0.004"/>
  <testcase classname="com.zixi.testing.BroadcasterInputStatisticSingleStreamTest" name="broadcasterSingleInputStreamStatisticAnilyzer" time="145.754">
    <failure message="expected [statistics parameters are correct] but found [good]" type="java.lang.AssertionError">java.lang.AssertionError: expected [statistics parameters are correct] but found [good]
	at org.testng.Assert.fail(Assert.java:94)
	at org.testng.Assert.failNotEquals(Assert.java:496)
	at org.testng.Assert.assertEquals(Assert.java:125)
	at org.testng.Assert.assertEquals(Assert.java:178)
	at org.testng.Assert.assertEquals(Assert.java:188)
	at com.zixi.testing.BroadcasterInputStatisticSingleStreamTest.broadcasterSingleInputStreamStatisticAnilyzer(BroadcasterInputStatisticSingleStreamTest.java:32)
</failure>
  </testcase>
  <testcase classname="com.zixi.testing.ReceiverInputStatisticTest" name="receiverInputStatistic" time="140.136"/>
  <testcase classname="com.zixi.testing.ReceiverUdpOutCreationTest" name="receiverOutputUdpTest" time="0.004"/>
  <testcase classname="com.zixi.testing.FFMPEGImageStatisticTest" name="broadcasterSingleInputStreamStatisticAnilyzer" time="2.004"/>
  <testcase classname="com.zixi.testing.ReceiverOutputStreamDeletionTest" name="receiverDeleteOutputStreamTest" time="0.01"/>
  <testcase classname="com.zixi.testing.FeederOutputDeletioinTest" name="broadcasterSingleStreamRemoving" time="0.007"/>
  <testcase classname="com.zixi.testing.BroadcasterSingleInputStreamDeletionTest" name="broadcasterInputStreamDeletion" time="0.983"/>
  <testcase classname="com.zixi.testing.ReceiverPullInputStreamDeletionTest" name="feederOutputToBxTest" time="0.006"/>
  <testcase classname="com.zixi.testing.FeederOutputPushToBxTest" name="feederOutputToBxTest" time="0.686"/>
  <testcase classname="com.zixi.testing.BroadcasterPushInStreamCreationTest" name="broadcasterSingleStreamRemoving" time="0.982"/>
  <testcase classname="com.zixi.testing.ReceiverPullInputStreamCreationTest" name="feederOutputToBxTest" time="0.003"/>
  <testcase classname="com.zixi.testing.BroadcasterInputStatisticSingleStreamTest" name="broadcasterSingleInputStreamStatisticAnilyzer" time="145.749">
    <failure message="expected [statistics parameters are correct] but found [good]" type="java.lang.AssertionError">java.lang.AssertionError: expected [statistics parameters are correct] but found [good]
	at org.testng.Assert.fail(Assert.java:94)
	at org.testng.Assert.failNotEquals(Assert.java:496)
	at org.testng.Assert.assertEquals(Assert.java:125)
	at org.testng.Assert.assertEquals(Assert.java:178)
	at org.testng.Assert.assertEquals(Assert.java:188)
	at com.zixi.testing.BroadcasterInputStatisticSingleStreamTest.broadcasterSingleInputStreamStatisticAnilyzer(BroadcasterInputStatisticSingleStreamTest.java:32)
</failure>
  </testcase>
  <testcase classname="com.zixi.testing.ReceiverInputStatisticTest" name="receiverInputStatistic" time="140.132"/>
  <testcase classname="com.zixi.testing.ReceiverUdpOutCreationTest" name="receiverOutputUdpTest" time="0.004"/>
  <testcase classname="com.zixi.testing.FFMPEGImageStatisticTest" name="broadcasterSingleInputStreamStatisticAnilyzer" time="2.012"/>
  <testcase classname="com.zixi.testing.ReceiverOutputStreamDeletionTest" name="receiverDeleteOutputStreamTest" time="0.005"/>
  <testcase classname="com.zixi.testing.FeederOutputDeletioinTest" name="broadcasterSingleStreamRemoving" time="0.007"/>
  <testcase classname="com.zixi.testing.BroadcasterSingleInputStreamDeletionTest" name="broadcasterInputStreamDeletion" time="0.87"/>
  <testcase classname="com.zixi.testing.ReceiverPullInputStreamDeletionTest" name="feederOutputToBxTest" time="0.006"/>
  <testcase classname="com.zixi.testing.FeederOutputPushToBxTest" name="feederOutputToBxTest" time="0.82"/>
  <testcase classname="com.zixi.testing.BroadcasterPushInStreamCreationTest" name="broadcasterSingleStreamRemoving" time="0.854"/>
  <testcase classname="com.zixi.testing.ReceiverPullInputStreamCreationTest" name="feederOutputToBxTest" time="0.004"/>
  <testcase classname="com.zixi.testing.BroadcasterInputStatisticSingleStreamTest" name="broadcasterSingleInputStreamStatisticAnilyzer" time="25.956">
    <failure message="JSONObject[&quot;net&quot;] not found." type="org.json.JSONException">org.json.JSONException: JSONObject[&quot;net&quot;] not found.
	at org.json.JSONObject.get(JSONObject.java:476)
	at org.json.JSONObject.getJSONObject(JSONObject.java:576)
	at com.zixi.tools.StreamStatisticAnalyzer.getStatBitrate(StreamStatisticAnalyzer.java:13)
	at com.zixi.drivers.drivers.BroadcasterInputStatisticSingleStreamDriver.testStatistic(BroadcasterInputStatisticSingleStreamDriver.java:53)
	at com.zixi.testing.BroadcasterInputStatisticSingleStreamTest.broadcasterSingleInputStreamStatisticAnilyzer(BroadcasterInputStatisticSingleStreamTest.java:32)
</failure>
  </testcase>
  <testcase classname="com.zixi.testing.ReceiverInputStatisticTest" name="receiverInputStatistic" time="21.004">
    <failure message="expected [tested] but found [zero bit rate is detected]" type="java.lang.AssertionError">java.lang.AssertionError: expected [tested] but found [zero bit rate is detected]
	at org.testng.Assert.fail(Assert.java:94)
	at org.testng.Assert.failNotEquals(Assert.java:496)
	at org.testng.Assert.assertEquals(Assert.java:125)
	at org.testng.Assert.assertEquals(Assert.java:178)
	at org.testng.Assert.assertEquals(Assert.java:188)
	at com.zixi.testing.ReceiverInputStatisticTest.receiverInputStatistic(ReceiverInputStatisticTest.java:35)
</failure>
    <system-out>receivertest
</system-out>
  </testcase>
  <testcase classname="com.zixi.testing.ReceiverUdpOutCreationTest" name="receiverOutputUdpTest" time="0.004"/>
  <testcase classname="com.zixi.testing.FFMPEGImageStatisticTest" name="broadcasterSingleInputStreamStatisticAnilyzer" time="2.001"/>
  <testcase classname="com.zixi.testing.ReceiverOutputStreamDeletionTest" name="receiverDeleteOutputStreamTest" time="0.016"/>
  <testcase classname="com.zixi.testing.FeederOutputDeletioinTest" name="broadcasterSingleStreamRemoving" time="0.004"/>
  <testcase classname="com.zixi.testing.BroadcasterSingleInputStreamDeletionTest" name="broadcasterInputStreamDeletion" time="0.464">
    <failure message="expected object to not be null" type="java.lang.AssertionError">java.lang.AssertionError: expected object to not be null
	at org.testng.Assert.fail(Assert.java:94)
	at org.testng.Assert.assertNotNull(Assert.java:406)
	at org.testng.Assert.assertNotNull(Assert.java:391)
	at com.zixi.testing.BroadcasterSingleInputStreamDeletionTest.broadcasterInputStreamDeletion(BroadcasterSingleInputStreamDeletionTest.java:27)
</failure>
    <system-out>bug --------------------------
</system-out>
  </testcase>
  <testcase classname="com.zixi.testing.ReceiverPullInputStreamDeletionTest" name="feederOutputToBxTest" time="0.005"/>
  <testcase classname="com.zixi.testing.FeederOutputPushToBxTest" name="feederOutputToBxTest" time="0.63"/>
  <testcase classname="com.zixi.testing.BroadcasterPushInStreamCreationTest" name="broadcasterSingleStreamRemoving" time="0.921"/>
  <testcase classname="com.zixi.testing.ReceiverPullInputStreamCreationTest" name="feederOutputToBxTest" time="0.003"/>
  <testcase classname="com.zixi.testing.BroadcasterInputStatisticSingleStreamTest" name="broadcasterSingleInputStreamStatisticAnilyzer" time="145.74">
    <failure message="expected [statistics parameters are correct] but found [good]" type="java.lang.AssertionError">java.lang.AssertionError: expected [statistics parameters are correct] but found [good]
	at org.testng.Assert.fail(Assert.java:94)
	at org.testng.Assert.failNotEquals(Assert.java:496)
	at org.testng.Assert.assertEquals(Assert.java:125)
	at org.testng.Assert.assertEquals(Assert.java:178)
	at org.testng.Assert.assertEquals(Assert.java:188)
	at com.zixi.testing.BroadcasterInputStatisticSingleStreamTest.broadcasterSingleInputStreamStatisticAnilyzer(BroadcasterInputStatisticSingleStreamTest.java:32)
</failure>
  </testcase>
  <testcase classname="com.zixi.testing.ReceiverInputStatisticTest" name="receiverInputStatistic" time="140.096"/>
  <testcase classname="com.zixi.testing.ReceiverUdpOutCreationTest" name="receiverOutputUdpTest" time="0.004"/>
  <testcase classname="com.zixi.testing.FFMPEGImageStatisticTest" name="broadcasterSingleInputStreamStatisticAnilyzer" time="2.005"/>
  <testcase classname="com.zixi.testing.ReceiverOutputStreamDeletionTest" name="receiverDeleteOutputStreamTest" time="0.005"/>
  <testcase classname="com.zixi.testing.FeederOutputDeletioinTest" name="broadcasterSingleStreamRemoving" time="0.008"/>
  <testcase classname="com.zixi.testing.BroadcasterSingleInputStreamDeletionTest" name="broadcasterInputStreamDeletion" time="0.865"/>
  <testcase classname="com.zixi.testing.ReceiverPullInputStreamDeletionTest" name="feederOutputToBxTest" time="0.006"/>
  <testcase classname="com.zixi.testing.FeederOutputPushToBxTest" name="feederOutputToBxTest" time="0.667"/>
  <testcase classname="com.zixi.testing.BroadcasterPushInStreamCreationTest" name="broadcasterSingleStreamRemoving" time="0.842"/>
  <testcase classname="com.zixi.testing.ReceiverPullInputStreamCreationTest" name="feederOutputToBxTest" time="0.004"/>
  <testcase classname="com.zixi.testing.BroadcasterInputStatisticSingleStreamTest" name="broadcasterSingleInputStreamStatisticAnilyzer" time="145.763">
    <failure message="expected [statistics parameters are correct] but found [good]" type="java.lang.AssertionError">java.lang.AssertionError: expected [statistics parameters are correct] but found [good]
	at org.testng.Assert.fail(Assert.java:94)
	at org.testng.Assert.failNotEquals(Assert.java:496)
	at org.testng.Assert.assertEquals(Assert.java:125)
	at org.testng.Assert.assertEquals(Assert.java:178)
	at org.testng.Assert.assertEquals(Assert.java:188)
	at com.zixi.testing.BroadcasterInputStatisticSingleStreamTest.broadcasterSingleInputStreamStatisticAnilyzer(BroadcasterInputStatisticSingleStreamTest.java:32)
</failure>
  </testcase>
  <testcase classname="com.zixi.testing.ReceiverUdpOutCreationTest" name="receiverOutputUdpTest" time="0.005"/>
  <testcase classname="com.zixi.testing.FFMPEGImageStatisticNegativeTest" name="broadcasterSingleInputStreamStatisticAnilyzer" time="1.004">
    <failure message="expected [good] but found [bad]" type="java.lang.AssertionError">java.lang.AssertionError: expected [good] but found [bad]
	at org.testng.Assert.fail(Assert.java:94)
	at org.testng.Assert.failNotEquals(Assert.java:496)
	at org.testng.Assert.assertEquals(Assert.java:125)
	at org.testng.Assert.assertEquals(Assert.java:178)
	at org.testng.Assert.assertEquals(Assert.java:188)
	at com.zixi.testing.FFMPEGImageStatisticNegativeTest.broadcasterSingleInputStreamStatisticAnilyzer(FFMPEGImageStatisticNegativeTest.java:29)
</failure>
    <system-out>Expected is connected connected
Expected is output output
Expected is number, actual is: 1
Expected is accepted, actual is: accepted
Expected is output output
Expected is number, actual is: 1
Expected is accepted, actual is: accepted
Expected is output output
Expected is number, actual is: 1
Expected is accepted, actual is: accepted
Expected is output output
Expected is number, actual is: 1
Expected is accepted, actual is: accepted
Expected is output output
Expected is number, actual is: 1
Expected is accepted, actual is: accepted
</system-out>
  </testcase>
  <testcase classname="com.zixi.testing.ReceiverOutputStreamDeletionTest" name="receiverDeleteOutputStreamTest" time="0.005"/>
  <testcase classname="com.zixi.testing.FeederOutputDeletioinTest" name="broadcasterSingleStreamRemoving" time="0.007"/>
  <testcase classname="com.zixi.testing.BroadcasterSingleInputStreamDeletionTest" name="broadcasterInputStreamDeletion" time="0.785"/>
  <testcase classname="com.zixi.testing.ReceiverPullInputStreamDeletionTest" name="feederOutputToBxTest" time="0.005"/>
  <testcase classname="com.zixi.testing.FeederOutputPushToBxTest" name="feederOutputToBxTest" time="0.644"/>
  <testcase classname="com.zixi.testing.BroadcasterPushInStreamCreationTest" name="broadcasterSingleStreamRemoving" time="0.847"/>
  <testcase classname="com.zixi.testing.ReceiverPullInputStreamCreationTest" name="feederOutputToBxTest" time="0.004"/>
  <testcase classname="com.zixi.testing.BroadcasterInputStatisticSingleStreamTest" name="broadcasterSingleInputStreamStatisticAnilyzer" time="145.704">
    <failure message="expected [statistics parameters are correct] but found [good]" type="java.lang.AssertionError">java.lang.AssertionError: expected [statistics parameters are correct] but found [good]
	at org.testng.Assert.fail(Assert.java:94)
	at org.testng.Assert.failNotEquals(Assert.java:496)
	at org.testng.Assert.assertEquals(Assert.java:125)
	at org.testng.Assert.assertEquals(Assert.java:178)
	at org.testng.Assert.assertEquals(Assert.java:188)
	at com.zixi.testing.BroadcasterInputStatisticSingleStreamTest.broadcasterSingleInputStreamStatisticAnilyzer(BroadcasterInputStatisticSingleStreamTest.java:32)
</failure>
  </testcase>
  <testcase classname="com.zixi.testing.ReceiverUdpOutCreationTest" name="receiverOutputUdpTest" time="0.004"/>
  <testcase classname="com.zixi.testing.FFMPEGImageStatisticNegativeTest" name="broadcasterSingleInputStreamStatisticAnilyzer" time="1.004">
    <failure message="expected [good] but found [bad]" type="java.lang.AssertionError">java.lang.AssertionError: expected [good] but found [bad]
	at org.testng.Assert.fail(Assert.java:94)
	at org.testng.Assert.failNotEquals(Assert.java:496)
	at org.testng.Assert.assertEquals(Assert.java:125)
	at org.testng.Assert.assertEquals(Assert.java:178)
	at org.testng.Assert.assertEquals(Assert.java:188)
	at com.zixi.testing.FFMPEGImageStatisticNegativeTest.broadcasterSingleInputStreamStatisticAnilyzer(FFMPEGImageStatisticNegativeTest.java:29)
</failure>
    <system-out>Expected is connected connected
Expected is output output
Expected is number, actual is: 1
Expected is accepted, actual is: accepted
Expected is output output
Expected is number, actual is: 1
Expected is accepted, actual is: accepted
Expected is output output
Expected is number, actual is: 1
Expected is accepted, actual is: accepted
Expected is output output
Expected is number, actual is: 1
Expected is accepted, actual is: accepted
Expected is output output
Expected is number, actual is: 1
Expected is accepted, actual is: accepted
</system-out>
  </testcase>
  <testcase classname="com.zixi.testing.ReceiverOutputStreamDeletionTest" name="receiverDeleteOutputStreamTest" time="0.015"/>
  <testcase classname="com.zixi.testing.FeederOutputDeletioinTest" name="broadcasterSingleStreamRemoving" time="0.007"/>
  <testcase classname="com.zixi.testing.BroadcasterSingleInputStreamDeletionTest" name="broadcasterInputStreamDeletion" time="0.843"/>
  <testcase classname="com.zixi.testing.ReceiverPullInputStreamDeletionTest" name="feederOutputToBxTest" time="0.005"/>
  <testcase classname="com.zixi.testing.FeederOutputPushToBxTest" name="feederOutputToBxTest" time="0.632"/>
  <testcase classname="com.zixi.testing.BroadcasterPushInStreamCreationTest" name="broadcasterSingleStreamRemoving" time="0.879"/>
  <testcase classname="com.zixi.testing.ReceiverPullInputStreamCreationTest" name="feederOutputToBxTest" time="0.003"/>
  <testcase classname="com.zixi.testing.BroadcasterInputStatisticSingleStreamTest" name="broadcasterSingleInputStreamStatisticAnilyzer" time="25.935">
    <failure message="JSONObject[&quot;net&quot;] not found." type="org.json.JSONException">org.json.JSONException: JSONObject[&quot;net&quot;] not found.
	at org.json.JSONObject.get(JSONObject.java:476)
	at org.json.JSONObject.getJSONObject(JSONObject.java:576)
	at com.zixi.tools.StreamStatisticAnalyzer.getStatBitrate(StreamStatisticAnalyzer.java:13)
	at com.zixi.drivers.drivers.BroadcasterInputStatisticSingleStreamDriver.testStatistic(BroadcasterInputStatisticSingleStreamDriver.java:53)
	at com.zixi.testing.BroadcasterInputStatisticSingleStreamTest.broadcasterSingleInputStreamStatisticAnilyzer(BroadcasterInputStatisticSingleStreamTest.java:32)
</failure>
  </testcase>
  <testcase classname="com.zixi.testing.ReceiverInputStatisticTest" name="receiverInputStatistic" time="21.004">
    <failure message="expected [tested] but found [zero bit rate is detected]" type="java.lang.AssertionError">java.lang.AssertionError: expected [tested] but found [zero bit rate is detected]
	at org.testng.Assert.fail(Assert.java:94)
	at org.testng.Assert.failNotEquals(Assert.java:496)
	at org.testng.Assert.assertEquals(Assert.java:125)
	at org.testng.Assert.assertEquals(Assert.java:178)
	at org.testng.Assert.assertEquals(Assert.java:188)
	at com.zixi.testing.ReceiverInputStatisticTest.receiverInputStatistic(ReceiverInputStatisticTest.java:35)
</failure>
    <system-out>receivertest
</system-out>
  </testcase>
  <testcase classname="com.zixi.testing.ReceiverUdpOutCreationTest" name="receiverOutputUdpTest" time="0.003"/>
  <testcase classname="com.zixi.testing.FFMPEGImageStatisticTest" name="broadcasterSingleInputStreamStatisticAnilyzer" time="145.82">
    <failure message="expected [good] but found [bad]" type="java.lang.AssertionError">java.lang.AssertionError: expected [good] but found [bad]
	at org.testng.Assert.fail(Assert.java:94)
	at org.testng.Assert.failNotEquals(Assert.java:496)
	at org.testng.Assert.assertEquals(Assert.java:125)
	at org.testng.Assert.assertEquals(Assert.java:178)
	at org.testng.Assert.assertEquals(Assert.java:188)
	at com.zixi.testing.FFMPEGImageStatisticTest.broadcasterSingleInputStreamStatisticAnilyzer(FFMPEGImageStatisticTest.java:28)
</failure>
    <system-out>Expected is connected connected
Expected is output output
Expected is number 0
Expected is accepted accepted
Expected is output output
Expected is number 0
Expected is accepted accepted
Expected is output output
Expected is number 0
Expected is accepted accepted
Expected is output output
Expected is number 1
Expected is accepted accepted
Expected is output output
Expected is number 1
Expected is accepted accepted
Expected is output output
Expected is number 1
Expected is accepted accepted
Expected is output output
Expected is number 1
Expected is accepted accepted
Expected is output output
Expected is number 1
Expected is accepted accepted
Expected is output output
Expected is number 1
Expected is accepted accepted
Expected is output output
Expected is number 1
Expected is accepted accepted
</system-out>
  </testcase>
  <testcase classname="com.zixi.testing.ReceiverOutputStreamDeletionTest" name="receiverDeleteOutputStreamTest" time="0.006"/>
  <testcase classname="com.zixi.testing.FeederOutputDeletioinTest" name="broadcasterSingleStreamRemoving" time="0.004"/>
  <testcase classname="com.zixi.testing.BroadcasterSingleInputStreamDeletionTest" name="broadcasterInputStreamDeletion" time="0.471">
    <failure message="expected object to not be null" type="java.lang.AssertionError">java.lang.AssertionError: expected object to not be null
	at org.testng.Assert.fail(Assert.java:94)
	at org.testng.Assert.assertNotNull(Assert.java:406)
	at org.testng.Assert.assertNotNull(Assert.java:391)
	at com.zixi.testing.BroadcasterSingleInputStreamDeletionTest.broadcasterInputStreamDeletion(BroadcasterSingleInputStreamDeletionTest.java:27)
</failure>
    <system-out>bug --------------------------
</system-out>
  </testcase>
  <testcase classname="com.zixi.testing.ReceiverPullInputStreamDeletionTest" name="feederOutputToBxTest" time="0.007"/>
  <testcase classname="com.zixi.testing.FeederOutputPushToBxTest" name="feederOutputToBxTest" time="0.649"/>
  <testcase classname="com.zixi.testing.BroadcasterPushInStreamCreationTest" name="broadcasterSingleStreamRemoving" time="0.884"/>
  <testcase classname="com.zixi.testing.ReceiverPullInputStreamCreationTest" name="feederOutputToBxTest" time="0.003"/>
  <testcase classname="com.zixi.testing.BroadcasterInputStatisticSingleStreamTest" name="broadcasterSingleInputStreamStatisticAnilyzer" time="145.696">
    <failure message="expected [statistics parameters are correct] but found [good]" type="java.lang.AssertionError">java.lang.AssertionError: expected [statistics parameters are correct] but found [good]
	at org.testng.Assert.fail(Assert.java:94)
	at org.testng.Assert.failNotEquals(Assert.java:496)
	at org.testng.Assert.assertEquals(Assert.java:125)
	at org.testng.Assert.assertEquals(Assert.java:178)
	at org.testng.Assert.assertEquals(Assert.java:188)
	at com.zixi.testing.BroadcasterInputStatisticSingleStreamTest.broadcasterSingleInputStreamStatisticAnilyzer(BroadcasterInputStatisticSingleStreamTest.java:32)
</failure>
  </testcase>
  <testcase classname="com.zixi.testing.ReceiverInputStatisticTest" name="receiverInputStatistic" time="140.129"/>
  <testcase classname="com.zixi.testing.ReceiverUdpOutCreationTest" name="receiverOutputUdpTest" time="0.004"/>
  <testcase classname="com.zixi.testing.FFMPEGImageStatisticTest" name="broadcasterSingleInputStreamStatisticAnilyzer" time="2.002"/>
  <testcase classname="com.zixi.testing.ReceiverOutputStreamDeletionTest" name="receiverDeleteOutputStreamTest" time="0.005"/>
  <testcase classname="com.zixi.testing.FeederOutputDeletioinTest" name="broadcasterSingleStreamRemoving" time="0.007"/>
  <testcase classname="com.zixi.testing.BroadcasterSingleInputStreamDeletionTest" name="broadcasterInputStreamDeletion" time="0.87"/>
  <testcase classname="com.zixi.testing.ReceiverPullInputStreamDeletionTest" name="feederOutputToBxTest" time="0.005"/>
  <testcase classname="com.zixi.testing.FeederOutputPushToBxTest" name="feederOutputToBxTest" time="0.941"/>
  <testcase classname="com.zixi.testing.BroadcasterPushInStreamCreationTest" name="broadcasterSingleStreamRemoving" time="0.825"/>
  <testcase classname="com.zixi.testing.ReceiverPullInputStreamCreationTest" name="feederOutputToBxTest" time="0.004"/>
  <testcase classname="com.zixi.testing.BroadcasterInputStatisticSingleStreamTest" name="broadcasterSingleInputStreamStatisticAnilyzer" time="145.721">
    <failure message="expected [statistics parameters are correct] but found [good]" type="java.lang.AssertionError">java.lang.AssertionError: expected [statistics parameters are correct] but found [good]
	at org.testng.Assert.fail(Assert.java:94)
	at org.testng.Assert.failNotEquals(Assert.java:496)
	at org.testng.Assert.assertEquals(Assert.java:125)
	at org.testng.Assert.assertEquals(Assert.java:178)
	at org.testng.Assert.assertEquals(Assert.java:188)
	at com.zixi.testing.BroadcasterInputStatisticSingleStreamTest.broadcasterSingleInputStreamStatisticAnilyzer(BroadcasterInputStatisticSingleStreamTest.java:32)
</failure>
  </testcase>
  <testcase classname="com.zixi.testing.ReceiverInputStatisticTest" name="receiverInputStatistic" time="70.061">
    <failure message="expected [tested] but found [zero bit rate is detected]" type="java.lang.AssertionError">java.lang.AssertionError: expected [tested] but found [zero bit rate is detected]
	at org.testng.Assert.fail(Assert.java:94)
	at org.testng.Assert.failNotEquals(Assert.java:496)
	at org.testng.Assert.assertEquals(Assert.java:125)
	at org.testng.Assert.assertEquals(Assert.java:178)
	at org.testng.Assert.assertEquals(Assert.java:188)
	at com.zixi.testing.ReceiverInputStatisticTest.receiverInputStatistic(ReceiverInputStatisticTest.java:35)
</failure>
    <system-out>receivertest
</system-out>
  </testcase>
  <testcase classname="com.zixi.testing.ReceiverUdpOutCreationTest" name="receiverOutputUdpTest" time="0.004"/>
  <testcase classname="com.zixi.testing.FFMPEGImageStatisticTest" name="broadcasterSingleInputStreamStatisticAnilyzer" time="402.443">
    <failure message="expected [good] but found [bad]" type="java.lang.AssertionError">java.lang.AssertionError: expected [good] but found [bad]
	at org.testng.Assert.fail(Assert.java:94)
	at org.testng.Assert.failNotEquals(Assert.java:496)
	at org.testng.Assert.assertEquals(Assert.java:125)
	at org.testng.Assert.assertEquals(Assert.java:178)
	at org.testng.Assert.assertEquals(Assert.java:188)
	at com.zixi.testing.FFMPEGImageStatisticTest.broadcasterSingleInputStreamStatisticAnilyzer(FFMPEGImageStatisticTest.java:28)
</failure>
    <system-out>Expected is connected connected
Expected is output output
Expected is number 0
Expected is accepted accepted
Expected is output output
Expected is number 0
Expected is accepted accepted
Expected is output output
Expected is number 0
Expected is accepted accepted
Expected is output output
Expected is number 0
Expected is accepted accepted
Expected is output output
Expected is number 0
Expected is accepted accepted
Expected is output output
Expected is number 0
Expected is accepted accepted
Expected is output output
Expected is number 0
Expected is accepted accepted
Expected is output output
Expected is number 0
Expected is accepted accepted
Expected is output output
Expected is number 0
Expected is accepted accepted
Expected is output output
Expected is number 0
Expected is accepted accepted
</system-out>
  </testcase>
  <testcase classname="com.zixi.testing.ReceiverOutputStreamDeletionTest" name="receiverDeleteOutputStreamTest" time="0.006"/>
  <testcase classname="com.zixi.testing.FeederOutputDeletioinTest" name="broadcasterSingleStreamRemoving" time="0.006"/>
  <testcase classname="com.zixi.testing.BroadcasterSingleInputStreamDeletionTest" name="broadcasterInputStreamDeletion" time="0.426">
    <failure message="expected object to not be null" type="java.lang.AssertionError">java.lang.AssertionError: expected object to not be null
	at org.testng.Assert.fail(Assert.java:94)
	at org.testng.Assert.assertNotNull(Assert.java:406)
	at org.testng.Assert.assertNotNull(Assert.java:391)
	at com.zixi.testing.BroadcasterSingleInputStreamDeletionTest.broadcasterInputStreamDeletion(BroadcasterSingleInputStreamDeletionTest.java:27)
</failure>
    <system-out>bug --------------------------
</system-out>
  </testcase>
  <testcase classname="com.zixi.testing.ReceiverPullInputStreamDeletionTest" name="feederOutputToBxTest" time="0.005"/>
  <testcase classname="com.zixi.testing.BroadcasterPushInStreamCreationTest" name="broadcasterSingleStreamRemoving" time="0.784"/>
  <testcase classname="com.zixi.testing.BroadcasterPushInStreamCreationTest" name="broadcasterSingleStreamRemoving" time="0.405"/>
  <testcase classname="com.zixi.testing.FeederOutputPushToBxTest" name="feederBondedPushOutputCreationTest" time="0.439">
    <skipped/>
  </testcase>
  <testcase classname="com.zixi.testing.FeederOutputPushToBxTest" name="feederBondedPushOutputCreationThreeLinksTest" time="0.439">
    <skipped/>
  </testcase>
  <testcase classname="com.zixi.testing.FeederOutputPushToBxTest" name="feederOutputToBxTest" time="0.634"/>
  <testcase classname="com.zixi.testing.FeederOutputPushToBxTest" name="feederOutputToBxTestAutomaticRtmp" time="0.667">
    <skipped/>
  </testcase>
  <testcase classname="com.zixi.testing.BroadcasterInputStatisticSingleStreamTest" name="broadcasterSingleInputStreamStatisticAnilyzer" time="40.478">
    <failure message="expected [statistics parameters are correct] but found [good]" type="java.lang.AssertionError">java.lang.AssertionError: expected [statistics parameters are correct] but found [good]
	at org.testng.Assert.fail(Assert.java:94)
	at org.testng.Assert.failNotEquals(Assert.java:496)
	at org.testng.Assert.assertEquals(Assert.java:125)
	at org.testng.Assert.assertEquals(Assert.java:178)
	at org.testng.Assert.assertEquals(Assert.java:188)
	at com.zixi.testing.BroadcasterInputStatisticSingleStreamTest.broadcasterSingleInputStreamStatisticAnilyzer(BroadcasterInputStatisticSingleStreamTest.java:32)
</failure>
  </testcase>
  <testcase classname="com.zixi.testing.BroadcasterSingleInputStreamDeletionTest" name="broadcasterInputStreamDeletion" time="0.752"/>
  <testcase classname="com.zixi.testing.BroadcasterInputStatisticSingleStreamTest" name="broadcasterSingleInputStreamStatisticAnilyzer" time="40.301">
    <failure message="expected [statistics parameters are correct] but found [good]" type="java.lang.AssertionError">java.lang.AssertionError: expected [statistics parameters are correct] but found [good]
	at org.testng.Assert.fail(Assert.java:94)
	at org.testng.Assert.failNotEquals(Assert.java:496)
	at org.testng.Assert.assertEquals(Assert.java:125)
	at org.testng.Assert.assertEquals(Assert.java:178)
	at org.testng.Assert.assertEquals(Assert.java:188)
	at com.zixi.testing.BroadcasterInputStatisticSingleStreamTest.broadcasterSingleInputStreamStatisticAnilyzer(BroadcasterInputStatisticSingleStreamTest.java:32)
</failure>
  </testcase>
  <testcase classname="com.zixi.testing.FeederOutputDeletioinTest" name="broadcasterSingleStreamRemoving" time="0.008"/>
  <testcase classname="com.zixi.testing.BroadcasterSingleInputStreamDeletionTest" name="broadcasterInputStreamDeletion" time="0.487"/>
  <testcase classname="com.zixi.testing.FeederOutputPushToBxTest" name="feederOutputToBxTestAutomaticRtmp" time="0.586"/>
  <testcase classname="com.zixi.testing.BroadcasterSetRtmpSettingsTest" name="broadcasterSingleStreamRemoving" time="0.499"/>
  <testcase classname="com.zixi.testing.BroadcasterSetRtmpSettingsTest" name="broadcasterSingleStreamRemoving" time="0.934"/>
  <testcase classname="com.zixi.testing.BroadcasterPushInStreamCreationTest" name="broadcasterSingleStreamRemoving" time="0.545"/>
  <testcase classname="com.zixi.testing.BroadcasterInputStatisticSingleStreamTest" name="broadcasterSingleInputStreamStatisticAnilyzer" time="145.742">
    <failure message="expected [statistics parameters are correct] but found [good]" type="java.lang.AssertionError">java.lang.AssertionError: expected [statistics parameters are correct] but found [good]
	at org.testng.Assert.fail(Assert.java:94)
	at org.testng.Assert.failNotEquals(Assert.java:496)
	at org.testng.Assert.assertEquals(Assert.java:125)
	at org.testng.Assert.assertEquals(Assert.java:178)
	at org.testng.Assert.assertEquals(Assert.java:188)
	at com.zixi.testing.BroadcasterInputStatisticSingleStreamTest.broadcasterSingleInputStreamStatisticAnilyzer(BroadcasterInputStatisticSingleStreamTest.java:32)
</failure>
  </testcase>
  <testcase classname="com.zixi.testing.BroadcasterUDPOutputStreamCreationTest" name="broadcasterPullInCreation" time="0.527">
    <failure message="expected [Output autrtmp added.] but found [{&quot;error&quot;:&quot;Failed creating UDP output&quot;}]" type="java.lang.AssertionError">java.lang.AssertionError: expected [Output autrtmp added.] but found [{&quot;error&quot;:&quot;Failed creating UDP output&quot;}]
	at org.testng.Assert.fail(Assert.java:94)
	at org.testng.Assert.failNotEquals(Assert.java:496)
	at org.testng.Assert.assertEquals(Assert.java:125)
	at org.testng.Assert.assertEquals(Assert.java:178)
	at org.testng.Assert.assertEquals(Assert.java:188)
	at com.zixi.testing.BroadcasterUDPOutputStreamCreationTest.broadcasterPullInCreation(BroadcasterUDPOutputStreamCreationTest.java:39)
</failure>
    <system-out>bug -------------&gt;&gt;&gt; JSONObject[&quot;msg&quot;] not found. Request is http://10.7.0.66:4444/zixi/add_output.json?type=TS&amp;id=autrtmp&amp;name=autrtmp&amp;stream=autrtmp&amp;host=10.7.0.150&amp;port=5555&amp;smoothing=0&amp;ttl=5&amp;df=0&amp;local-port=&amp;local-ip=0.0.0.0&amp;dec-type=&amp;dec-key=&amp;rtp=0&amp;fec=0&amp;rows=10&amp;cols=10&amp;remux_bitrate=0&amp;remux_pcr=90&amp;remux_buff=1000&amp;remux_restampdts=0 
Line Number is 120
Exception type is class org.json.JSONException
</system-out>
  </testcase>
  <testcase classname="com.zixi.testing.FFMPEGImageStatisticTest" name="broadcasterSingleInputStreamStatisticAnilyzer" time="61.367"/>
  <testcase classname="com.zixi.testing.BroadcaserSingleOutputStreamDeletionTest" name="broadcasterSingleStreamRemoving" time="0.466">
    <failure message="expected [Output autrtmp removed.] but found [{&quot;error&quot;:&quot;failed removing output null&quot;}]" type="java.lang.AssertionError">java.lang.AssertionError: expected [Output autrtmp removed.] but found [{&quot;error&quot;:&quot;failed removing output null&quot;}]
	at org.testng.Assert.fail(Assert.java:94)
	at org.testng.Assert.failNotEquals(Assert.java:496)
	at org.testng.Assert.assertEquals(Assert.java:125)
	at org.testng.Assert.assertEquals(Assert.java:178)
	at org.testng.Assert.assertEquals(Assert.java:188)
	at com.zixi.testing.BroadcaserSingleOutputStreamDeletionTest.broadcasterSingleStreamRemoving(BroadcaserSingleOutputStreamDeletionTest.java:35)
</failure>
    <system-out>bug -------------&gt;&gt;&gt; JSONObject[&quot;msg&quot;] not found. Request is http://10.7.0.66:4444/zixi/remove_output.json?id=null&amp;stream=null 
Line Number is 120
Exception type is class org.json.JSONException
</system-out>
  </testcase>
  <testcase classname="com.zixi.testing.FeederOutputDeletioinTest" name="broadcasterSingleStreamRemoving" time="0.009"/>
  <testcase classname="com.zixi.testing.BroadcasterSingleInputStreamDeletionTest" name="broadcasterInputStreamDeletion" time="0.466"/>
  <testcase classname="com.zixi.testing.BroadcasterSetRtmpSettingsTest" name="broadcasterSingleStreamRemoving" time="0.471"/>
  <testcase classname="com.zixi.testing.BroadcasterSetRtmpSettingsTest" name="broadcasterSingleStreamRemoving" time="0.879"/>
  <testcase classname="com.zixi.testing.FeederUdpOutToFfmpegTest" name="broadcasterSingleStreamRemoving" time="0.07"/>
  <testcase classname="com.zixi.testing.FFMPEGImageStatisticTest" name="broadcasterSingleInputStreamStatisticAnilyzer" time="2.002"/>
  <testcase classname="com.zixi.testing.FeederUdpOutputDeletioinTest" name="broadcasterSingleStreamRemoving" time="0.003"/>
  <testcase classname="com.zixi.testing.FeederUdpOutToFfmpegTest" name="broadcasterSingleStreamRemoving" time="0.004"/>
  <testcase classname="com.zixi.testing.FFMPEGImageStatisticTest" name="broadcasterSingleInputStreamStatisticAnilyzer" time="2.002"/>
  <testcase classname="com.zixi.testing.FeederUdpOutputDeletioinTest" name="broadcasterSingleStreamRemoving" time="0.004"/>
  <testcase classname="com.zixi.testing.FeederInputUdpTest" name="feederUdpInputTest" time="0.035"/>
  <testcase classname="com.zixi.testing.FeederUdpOutToFfmpegTest" name="broadcasterSingleStreamRemoving" time="0.005"/>
  <testcase classname="com.zixi.testing.FFMPEGImageStatisticTest" name="broadcasterSingleInputStreamStatisticAnilyzer" time="2"/>
  <testcase classname="com.zixi.testing.FeederUdpOutputDeletioinTest" name="broadcasterSingleStreamRemoving" time="0.004"/>
  <testcase classname="com.zixi.testing.FeederOutputPushToBxTest" name="feederOutputToBxTest" time="0.637"/>
  <testcase classname="com.zixi.testing.BroadcasterPushInStreamCreationTest" name="broadcasterSingleStreamRemoving" time="0.866"/>
  <testcase classname="com.zixi.testing.BroadcasterInputStatisticSingleStreamTest" name="broadcasterSingleInputStreamStatisticAnilyzer" time="145.703">
    <failure message="expected [statistics parameters are correct] but found [good]" type="java.lang.AssertionError">java.lang.AssertionError: expected [statistics parameters are correct] but found [good]
	at org.testng.Assert.fail(Assert.java:94)
	at org.testng.Assert.failNotEquals(Assert.java:496)
	at org.testng.Assert.assertEquals(Assert.java:125)
	at org.testng.Assert.assertEquals(Assert.java:178)
	at org.testng.Assert.assertEquals(Assert.java:188)
	at com.zixi.testing.BroadcasterInputStatisticSingleStreamTest.broadcasterSingleInputStreamStatisticAnilyzer(BroadcasterInputStatisticSingleStreamTest.java:32)
</failure>
  </testcase>
  <testcase classname="com.zixi.testing.FeederOutputDeletioinTest" name="broadcasterSingleStreamRemoving" time="0.007"/>
  <testcase classname="com.zixi.testing.BroadcasterSingleInputStreamDeletionTest" name="broadcasterInputStreamDeletion" time="0.94"/>
  <testcase classname="com.zixi.testing.FeederOutputPushToBxTest" name="feederOutputToBxTest" time="0.636"/>
  <testcase classname="com.zixi.testing.BroadcasterPushInStreamCreationTest" name="broadcasterSingleStreamRemoving" time="0.795"/>
  <testcase classname="com.zixi.testing.BroadcasterInputStatisticSingleStreamTest" name="broadcasterSingleInputStreamStatisticAnilyzer" time="145.773">
    <failure message="expected [statistics parameters are correct] but found [good]" type="java.lang.AssertionError">java.lang.AssertionError: expected [statistics parameters are correct] but found [good]
	at org.testng.Assert.fail(Assert.java:94)
	at org.testng.Assert.failNotEquals(Assert.java:496)
	at org.testng.Assert.assertEquals(Assert.java:125)
	at org.testng.Assert.assertEquals(Assert.java:178)
	at org.testng.Assert.assertEquals(Assert.java:188)
	at com.zixi.testing.BroadcasterInputStatisticSingleStreamTest.broadcasterSingleInputStreamStatisticAnilyzer(BroadcasterInputStatisticSingleStreamTest.java:32)
</failure>
  </testcase>
  <testcase classname="com.zixi.testing.FeederOutputDeletioinTest" name="broadcasterSingleStreamRemoving" time="0.01"/>
  <testcase classname="com.zixi.testing.BroadcasterSingleInputStreamDeletionTest" name="broadcasterInputStreamDeletion" time="0.879"/>
  <testcase classname="com.zixi.testing.FeederOutputPushToBxTest" name="feederOutputToBxTest" time="0.619"/>
  <testcase classname="com.zixi.testing.BroadcasterPushInStreamCreationTest" name="broadcasterSingleStreamRemoving" time="0.896"/>
  <testcase classname="com.zixi.testing.BroadcasterInputStatisticSingleStreamTest" name="broadcasterSingleInputStreamStatisticAnilyzer" time="145.706">
    <failure message="expected [statistics parameters are correct] but found [good]" type="java.lang.AssertionError">java.lang.AssertionError: expected [statistics parameters are correct] but found [good]
	at org.testng.Assert.fail(Assert.java:94)
	at org.testng.Assert.failNotEquals(Assert.java:496)
	at org.testng.Assert.assertEquals(Assert.java:125)
	at org.testng.Assert.assertEquals(Assert.java:178)
	at org.testng.Assert.assertEquals(Assert.java:188)
	at com.zixi.testing.BroadcasterInputStatisticSingleStreamTest.broadcasterSingleInputStreamStatisticAnilyzer(BroadcasterInputStatisticSingleStreamTest.java:32)
</failure>
  </testcase>
  <testcase classname="com.zixi.testing.FeederOutputDeletioinTest" name="broadcasterSingleStreamRemoving" time="0.006"/>
  <testcase classname="com.zixi.testing.BroadcasterSingleInputStreamDeletionTest" name="broadcasterInputStreamDeletion" time="0.965"/>
  <testcase classname="com.zixi.testing.FeederOutputPushToBxTest" name="feederOutputToBxTest" time="0.67"/>
  <testcase classname="com.zixi.testing.BroadcasterPushInStreamCreationTest" name="broadcasterSingleStreamRemoving" time="0.838"/>
  <testcase classname="com.zixi.testing.BroadcasterInputStatisticSingleStreamTest" name="broadcasterSingleInputStreamStatisticAnilyzer" time="85.657">
    <failure message="expected [statistics parameters are correct] but found [good]" type="java.lang.AssertionError">java.lang.AssertionError: expected [statistics parameters are correct] but found [good]
	at org.testng.Assert.fail(Assert.java:94)
	at org.testng.Assert.failNotEquals(Assert.java:496)
	at org.testng.Assert.assertEquals(Assert.java:125)
	at org.testng.Assert.assertEquals(Assert.java:178)
	at org.testng.Assert.assertEquals(Assert.java:188)
	at com.zixi.testing.BroadcasterInputStatisticSingleStreamTest.broadcasterSingleInputStreamStatisticAnilyzer(BroadcasterInputStatisticSingleStreamTest.java:32)
</failure>
  </testcase>
  <testcase classname="com.zixi.testing.FeederOutputDeletioinTest" name="broadcasterSingleStreamRemoving" time="0.007"/>
  <testcase classname="com.zixi.testing.BroadcasterSingleInputStreamDeletionTest" name="broadcasterInputStreamDeletion" time="0.753"/>
  <testcase classname="com.zixi.testing.FeederOutputPushToBxTest" name="feederOutputToBxTest" time="0.651"/>
  <testcase classname="com.zixi.testing.BroadcasterPushInStreamCreationTest" name="broadcasterSingleStreamRemoving" time="0.818"/>
  <testcase classname="com.zixi.testing.BroadcasterInputStatisticSingleStreamTest" name="broadcasterSingleInputStreamStatisticAnilyzer" time="138.396">
    <failure message="expected [statistics parameters are correct] but found [On of the bit rate API probing showed zero bit rete]" type="java.lang.AssertionError">java.lang.AssertionError: expected [statistics parameters are correct] but found [On of the bit rate API probing showed zero bit rete]
	at org.testng.Assert.fail(Assert.java:94)
	at org.testng.Assert.failNotEquals(Assert.java:496)
	at org.testng.Assert.assertEquals(Assert.java:125)
	at org.testng.Assert.assertEquals(Assert.java:178)
	at org.testng.Assert.assertEquals(Assert.java:188)
	at com.zixi.testing.BroadcasterInputStatisticSingleStreamTest.broadcasterSingleInputStreamStatisticAnilyzer(BroadcasterInputStatisticSingleStreamTest.java:32)
</failure>
  </testcase>
  <testcase classname="com.zixi.testing.FeederOutputDeletioinTest" name="broadcasterSingleStreamRemoving" time="0.003">
    <failure message="expected [Output deleted.] but found []" type="java.lang.AssertionError">java.lang.AssertionError: expected [Output deleted.] but found []
	at org.testng.Assert.fail(Assert.java:94)
	at org.testng.Assert.failNotEquals(Assert.java:496)
	at org.testng.Assert.assertEquals(Assert.java:125)
	at org.testng.Assert.assertEquals(Assert.java:178)
	at org.testng.Assert.assertEquals(Assert.java:188)
	at com.zixi.testing.FeederOutputDeletioinTest.broadcasterSingleStreamRemoving(FeederOutputDeletioinTest.java:33)
</failure>
    <system-out>Debug printing ------&gt;&gt;&gt; {&quot;custom_data&quot;:&quot;&quot;,&quot;msg&quot;:&quot;&quot;,&quot;error&quot;:&quot;Output not found.&quot;,&quot;outs&quot;:[]}
</system-out>
  </testcase>
  <testcase classname="com.zixi.testing.BroadcasterSingleInputStreamDeletionTest" name="broadcasterInputStreamDeletion" time="0.331">
    <failure message="expected object to not be null" type="java.lang.AssertionError">java.lang.AssertionError: expected object to not be null
	at org.testng.Assert.fail(Assert.java:94)
	at org.testng.Assert.assertNotNull(Assert.java:406)
	at org.testng.Assert.assertNotNull(Assert.java:391)
	at com.zixi.testing.BroadcasterSingleInputStreamDeletionTest.broadcasterInputStreamDeletion(BroadcasterSingleInputStreamDeletionTest.java:27)
</failure>
    <system-out>bug --------------------------
</system-out>
  </testcase>
  <testcase classname="com.zixi.testing.FeederOutputPushToBxTest" name="feederOutputToBxTest" time="0.584"/>
  <testcase classname="com.zixi.testing.BroadcasterPushInStreamCreationTest" name="broadcasterSingleStreamRemoving" time="0.75"/>
  <testcase classname="com.zixi.testing.BroadcasterInputStatisticSingleStreamTest" name="broadcasterSingleInputStreamStatisticAnilyzer" time="145.745">
    <failure message="expected [statistics parameters are correct] but found [good]" type="java.lang.AssertionError">java.lang.AssertionError: expected [statistics parameters are correct] but found [good]
	at org.testng.Assert.fail(Assert.java:94)
	at org.testng.Assert.failNotEquals(Assert.java:496)
	at org.testng.Assert.assertEquals(Assert.java:125)
	at org.testng.Assert.assertEquals(Assert.java:178)
	at org.testng.Assert.assertEquals(Assert.java:188)
	at com.zixi.testing.BroadcasterInputStatisticSingleStreamTest.broadcasterSingleInputStreamStatisticAnilyzer(BroadcasterInputStatisticSingleStreamTest.java:32)
</failure>
  </testcase>
  <testcase classname="com.zixi.testing.FeederOutputDeletioinTest" name="broadcasterSingleStreamRemoving" time="0.008"/>
  <testcase classname="com.zixi.testing.BroadcasterSingleInputStreamDeletionTest" name="broadcasterInputStreamDeletion" time="0.636"/>
  <testcase classname="com.zixi.testing.FeederOutputPushToBxTest" name="feederOutputToBxTest" time="0.634"/>
  <testcase classname="com.zixi.testing.BroadcasterPushInStreamCreationTest" name="broadcasterSingleStreamRemoving" time="0.796"/>
  <testcase classname="com.zixi.testing.BroadcasterInputStatisticSingleStreamTest" name="broadcasterSingleInputStreamStatisticAnilyzer" time="145.693">
    <failure message="expected [statistics parameters are correct] but found [good]" type="java.lang.AssertionError">java.lang.AssertionError: expected [statistics parameters are correct] but found [good]
	at org.testng.Assert.fail(Assert.java:94)
	at org.testng.Assert.failNotEquals(Assert.java:496)
	at org.testng.Assert.assertEquals(Assert.java:125)
	at org.testng.Assert.assertEquals(Assert.java:178)
	at org.testng.Assert.assertEquals(Assert.java:188)
	at com.zixi.testing.BroadcasterInputStatisticSingleStreamTest.broadcasterSingleInputStreamStatisticAnilyzer(BroadcasterInputStatisticSingleStreamTest.java:32)
</failure>
  </testcase>
  <testcase classname="com.zixi.testing.FeederOutputDeletioinTest" name="broadcasterSingleStreamRemoving" time="0.007"/>
  <testcase classname="com.zixi.testing.BroadcasterSingleInputStreamDeletionTest" name="broadcasterInputStreamDeletion" time="0.688"/>
  <testcase classname="com.zixi.testing.FeederOutputPushToBxTest" name="feederOutputToBxTest" time="0.302">
    <failure message="expected [Broadcaster output added.] but found []" type="java.lang.AssertionError">java.lang.AssertionError: expected [Broadcaster output added.] but found []
	at org.testng.Assert.fail(Assert.java:94)
	at org.testng.Assert.failNotEquals(Assert.java:496)
	at org.testng.Assert.assertEquals(Assert.java:125)
	at org.testng.Assert.assertEquals(Assert.java:178)
	at org.testng.Assert.assertEquals(Assert.java:188)
	at com.zixi.testing.FeederOutputPushToBxTest.feederOutputToBxTest(FeederOutputPushToBxTest.java:41)
</failure>
    <system-out>Debug printing ------&gt;&gt;&gt; {&quot;custom_data&quot;:&quot;&quot;,&quot;msg&quot;:&quot;&quot;,&quot;error&quot;:&quot;Destination matches existing output. Please delete the match first&quot;,&quot;outs&quot;:[{&quot;mip&quot;:&quot;live_recording.ts&quot;,&quot;port&quot;:0,&quot;ip&quot;:&quot;file&quot;,&quot;in_name&quot;:&quot;feederoutputname&quot;,&quot;in_active&quot;:1,&quot;in_active_sources&quot;:0,&quot;prg_name&quot;:&quot;&quot;,&quot;prg_prov&quot;:&quot;&quot;,&quot;prg_num&quot;:1,&quot;chan&quot;:&quot;&quot;,&quot;chan_id&quot;:-1,&quot;id&quot;:&quot;zixi://10.7.0.66:2088/feederout&quot;,&quot;type&quot;:2,&quot;name&quot;:&quot;feederoutputname&quot;,&quot;asi&quot;:0,&quot;rtmp&quot;:0,&quot;file&quot;:1,&quot;active&quot;:1,&quot;group&quot;:&quot;&quot;,&quot;error&quot;:&quot;Authentication&quot;,&quot;con_stat&quot;:&quot;Disconnected&quot;,&quot;bitrate&quot;:0,&quot;dest&quot;:&quot;10.7.0.66:2088/feederout&quot;}]}
</system-out>
  </testcase>
  <testcase classname="com.zixi.testing.BroadcasterPushInStreamCreationTest" name="broadcasterSingleStreamRemoving" time="0.837"/>
  <testcase classname="com.zixi.testing.BroadcasterInputStatisticSingleStreamTest" name="broadcasterSingleInputStreamStatisticAnilyzer" time="145.705">
    <failure message="expected [statistics parameters are correct] but found [good]" type="java.lang.AssertionError">java.lang.AssertionError: expected [statistics parameters are correct] but found [good]
	at org.testng.Assert.fail(Assert.java:94)
	at org.testng.Assert.failNotEquals(Assert.java:496)
	at org.testng.Assert.assertEquals(Assert.java:125)
	at org.testng.Assert.assertEquals(Assert.java:178)
	at org.testng.Assert.assertEquals(Assert.java:188)
	at com.zixi.testing.BroadcasterInputStatisticSingleStreamTest.broadcasterSingleInputStreamStatisticAnilyzer(BroadcasterInputStatisticSingleStreamTest.java:32)
</failure>
  </testcase>
  <testcase classname="com.zixi.testing.FeederOutputDeletioinTest" name="broadcasterSingleStreamRemoving" time="0.009"/>
  <testcase classname="com.zixi.testing.BroadcasterSingleInputStreamDeletionTest" name="broadcasterInputStreamDeletion" time="0.846"/>
  <testcase classname="com.zixi.testing.FeederOutputPushToBxTest" name="feederBondedPushOutputCreationTest" time="0.655"/>
  <testcase classname="com.zixi.testing.BroadcasterPushInStreamCreationTest" name="broadcasterSingleStreamRemoving" time="0.729"/>
  <testcase classname="com.zixi.testing.BroadcasterInputStatisticSingleStreamTest" name="broadcasterSingleInputStreamStatisticAnilyzer" time="145.706">
    <failure message="expected [statistics parameters are correct] but found [good]" type="java.lang.AssertionError">java.lang.AssertionError: expected [statistics parameters are correct] but found [good]
	at org.testng.Assert.fail(Assert.java:94)
	at org.testng.Assert.failNotEquals(Assert.java:496)
	at org.testng.Assert.assertEquals(Assert.java:125)
	at org.testng.Assert.assertEquals(Assert.java:178)
	at org.testng.Assert.assertEquals(Assert.java:188)
	at com.zixi.testing.BroadcasterInputStatisticSingleStreamTest.broadcasterSingleInputStreamStatisticAnilyzer(BroadcasterInputStatisticSingleStreamTest.java:32)
</failure>
  </testcase>
  <testcase classname="com.zixi.testing.FeederBondedOutputDeletioinTest" name="broadcasterBondedTwoLinkStreamRemoving" time="0.007"/>
  <testcase classname="com.zixi.testing.BroadcasterSingleInputStreamDeletionTest" name="broadcasterInputStreamDeletion" time="0.872"/>
  <testcase classname="com.zixi.testing.FeederOutputPushToBxTest" name="feederBondedPushOutputCreationTest" time="0.616"/>
  <testcase classname="com.zixi.testing.BroadcasterPushInStreamCreationTest" name="broadcasterSingleStreamRemoving" time="0.839"/>
  <testcase classname="com.zixi.testing.BroadcasterInputStatisticSingleStreamTest" name="broadcasterSingleInputStreamStatisticAnilyzer" time="145.614">
    <failure message="expected [statistics parameters are correct] but found [good]" type="java.lang.AssertionError">java.lang.AssertionError: expected [statistics parameters are correct] but found [good]
	at org.testng.Assert.fail(Assert.java:94)
	at org.testng.Assert.failNotEquals(Assert.java:496)
	at org.testng.Assert.assertEquals(Assert.java:125)
	at org.testng.Assert.assertEquals(Assert.java:178)
	at org.testng.Assert.assertEquals(Assert.java:188)
	at com.zixi.testing.BroadcasterInputStatisticSingleStreamTest.broadcasterSingleInputStreamStatisticAnilyzer(BroadcasterInputStatisticSingleStreamTest.java:32)
</failure>
  </testcase>
  <testcase classname="com.zixi.testing.FeederBondedOutputDeletioinTest" name="broadcasterBondedTwoLinkStreamRemoving" time="0.008"/>
  <testcase classname="com.zixi.testing.BroadcasterSingleInputStreamDeletionTest" name="broadcasterInputStreamDeletion" time="0.864"/>
  <testcase classname="com.zixi.testing.FeederOutputPushToBxTest" name="feederBondedPushOutputCreationTest" time="0.741"/>
  <testcase classname="com.zixi.testing.BroadcasterPushInStreamCreationTest" name="broadcasterSingleStreamRemoving" time="0.828"/>
  <testcase classname="com.zixi.testing.BroadcasterInputStatisticSingleStreamTest" name="broadcasterSingleInputStreamStatisticAnilyzer" time="145.728">
    <failure message="expected [statistics parameters are correct] but found [good]" type="java.lang.AssertionError">java.lang.AssertionError: expected [statistics parameters are correct] but found [good]
	at org.testng.Assert.fail(Assert.java:94)
	at org.testng.Assert.failNotEquals(Assert.java:496)
	at org.testng.Assert.assertEquals(Assert.java:125)
	at org.testng.Assert.assertEquals(Assert.java:178)
	at org.testng.Assert.assertEquals(Assert.java:188)
	at com.zixi.testing.BroadcasterInputStatisticSingleStreamTest.broadcasterSingleInputStreamStatisticAnilyzer(BroadcasterInputStatisticSingleStreamTest.java:32)
</failure>
  </testcase>
  <testcase classname="com.zixi.testing.FeederBondedOutputDeletioinTest" name="broadcasterBondedTwoLinkStreamRemoving" time="0.006"/>
  <testcase classname="com.zixi.testing.BroadcasterSingleInputStreamDeletionTest" name="broadcasterInputStreamDeletion" time="0.834"/>
  <testcase classname="com.zixi.testing.FeederOutputPushToBxTest" name="feederBondedPushOutputCreationTest" time="0.614"/>
  <testcase classname="com.zixi.testing.BroadcasterPushInStreamCreationTest" name="broadcasterSingleStreamRemoving" time="0.879"/>
  <testcase classname="com.zixi.testing.BroadcasterInputStatisticSingleStreamTest" name="broadcasterSingleInputStreamStatisticAnilyzer" time="85.587">
    <failure message="expected [statistics parameters are correct] but found [good]" type="java.lang.AssertionError">java.lang.AssertionError: expected [statistics parameters are correct] but found [good]
	at org.testng.Assert.fail(Assert.java:94)
	at org.testng.Assert.failNotEquals(Assert.java:496)
	at org.testng.Assert.assertEquals(Assert.java:125)
	at org.testng.Assert.assertEquals(Assert.java:178)
	at org.testng.Assert.assertEquals(Assert.java:188)
	at com.zixi.testing.BroadcasterInputStatisticSingleStreamTest.broadcasterSingleInputStreamStatisticAnilyzer(BroadcasterInputStatisticSingleStreamTest.java:32)
</failure>
  </testcase>
  <testcase classname="com.zixi.testing.FeederBondedOutputDeletioinTest" name="broadcasterBondedTwoLinkStreamRemoving" time="0.007"/>
  <testcase classname="com.zixi.testing.BroadcasterSingleInputStreamDeletionTest" name="broadcasterInputStreamDeletion" time="0.807"/>
  <testcase classname="com.zixi.testing.FeederOutputPushToBxTest" name="feederBondedPushOutputCreationTest" time="0.63"/>
  <testcase classname="com.zixi.testing.BroadcasterPushInStreamCreationTest" name="broadcasterSingleStreamRemoving" time="0.877"/>
  <testcase classname="com.zixi.testing.BroadcasterInputStatisticSingleStreamTest" name="broadcasterSingleInputStreamStatisticAnilyzer" time="145.646">
    <failure message="expected [statistics parameters are correct] but found [good]" type="java.lang.AssertionError">java.lang.AssertionError: expected [statistics parameters are correct] but found [good]
	at org.testng.Assert.fail(Assert.java:94)
	at org.testng.Assert.failNotEquals(Assert.java:496)
	at org.testng.Assert.assertEquals(Assert.java:125)
	at org.testng.Assert.assertEquals(Assert.java:178)
	at org.testng.Assert.assertEquals(Assert.java:188)
	at com.zixi.testing.BroadcasterInputStatisticSingleStreamTest.broadcasterSingleInputStreamStatisticAnilyzer(BroadcasterInputStatisticSingleStreamTest.java:32)
</failure>
  </testcase>
  <testcase classname="com.zixi.testing.FeederBondedOutputDeletioinTest" name="broadcasterBondedTwoLinkStreamRemoving" time="0.008"/>
  <testcase classname="com.zixi.testing.BroadcasterSingleInputStreamDeletionTest" name="broadcasterInputStreamDeletion" time="0.825"/>
  <testcase classname="com.zixi.testing.FeederOutputPushToBxTest" name="feederBondedPushOutputCreationTest" time="0.648"/>
  <testcase classname="com.zixi.testing.BroadcasterPushInStreamCreationTest" name="broadcasterSingleStreamRemoving" time="0.87"/>
  <testcase classname="com.zixi.testing.BroadcasterInputStatisticSingleStreamTest" name="broadcasterSingleInputStreamStatisticAnilyzer" time="145.6">
    <failure message="expected [statistics parameters are correct] but found [good]" type="java.lang.AssertionError">java.lang.AssertionError: expected [statistics parameters are correct] but found [good]
	at org.testng.Assert.fail(Assert.java:94)
	at org.testng.Assert.failNotEquals(Assert.java:496)
	at org.testng.Assert.assertEquals(Assert.java:125)
	at org.testng.Assert.assertEquals(Assert.java:178)
	at org.testng.Assert.assertEquals(Assert.java:188)
	at com.zixi.testing.BroadcasterInputStatisticSingleStreamTest.broadcasterSingleInputStreamStatisticAnilyzer(BroadcasterInputStatisticSingleStreamTest.java:32)
</failure>
  </testcase>
  <testcase classname="com.zixi.testing.FeederBondedOutputDeletioinTest" name="broadcasterBondedTwoLinkStreamRemoving" time="0.007"/>
  <testcase classname="com.zixi.testing.BroadcasterSingleInputStreamDeletionTest" name="broadcasterInputStreamDeletion" time="0.753"/>
  <testcase classname="com.zixi.testing.FeederOutputPushToBxTest" name="feederBondedPushOutputCreationTest" time="0.654"/>
  <testcase classname="com.zixi.testing.BroadcasterPushInStreamCreationTest" name="broadcasterSingleStreamRemoving" time="0.877"/>
  <testcase classname="com.zixi.testing.BroadcasterInputStatisticSingleStreamTest" name="broadcasterSingleInputStreamStatisticAnilyzer" time="145.722">
    <failure message="expected [statistics parameters are correct] but found [good]" type="java.lang.AssertionError">java.lang.AssertionError: expected [statistics parameters are correct] but found [good]
	at org.testng.Assert.fail(Assert.java:94)
	at org.testng.Assert.failNotEquals(Assert.java:496)
	at org.testng.Assert.assertEquals(Assert.java:125)
	at org.testng.Assert.assertEquals(Assert.java:178)
	at org.testng.Assert.assertEquals(Assert.java:188)
	at com.zixi.testing.BroadcasterInputStatisticSingleStreamTest.broadcasterSingleInputStreamStatisticAnilyzer(BroadcasterInputStatisticSingleStreamTest.java:32)
</failure>
  </testcase>
  <testcase classname="com.zixi.testing.FeederBondedOutputDeletioinTest" name="broadcasterBondedTwoLinkStreamRemoving" time="0.008"/>
  <testcase classname="com.zixi.testing.BroadcasterSingleInputStreamDeletionTest" name="broadcasterInputStreamDeletion" time="0.907"/>
  <testcase classname="com.zixi.testing.FeederOutputPushToBxTest" name="feederBondedPushOutputCreationThreeLinksTest" time="0.609"/>
  <testcase classname="com.zixi.testing.BroadcasterPushInStreamCreationDecriptionTest" name="broadcasterSingleStreamRemoving" time="0.885"/>
  <testcase classname="com.zixi.testing.BroadcasterInputStatisticSingleStreamTest" name="broadcasterSingleInputStreamStatisticAnilyzer" time="145.745">
    <failure message="expected [statistics parameters are correct] but found [good]" type="java.lang.AssertionError">java.lang.AssertionError: expected [statistics parameters are correct] but found [good]
	at org.testng.Assert.fail(Assert.java:94)
	at org.testng.Assert.failNotEquals(Assert.java:496)
	at org.testng.Assert.assertEquals(Assert.java:125)
	at org.testng.Assert.assertEquals(Assert.java:178)
	at org.testng.Assert.assertEquals(Assert.java:188)
	at com.zixi.testing.BroadcasterInputStatisticSingleStreamTest.broadcasterSingleInputStreamStatisticAnilyzer(BroadcasterInputStatisticSingleStreamTest.java:32)
</failure>
  </testcase>
  <testcase classname="com.zixi.testing.BroadcasterUDPOutputStreamCreationTest" name="broadcasterPullInCreation" time="0.844"/>
  <testcase classname="com.zixi.testing.FFMPEGImageStatisticTest" name="broadcasterSingleInputStreamStatisticAnilyzer" time="83.185"/>
  <testcase classname="com.zixi.testing.BroadcaserSingleOutputStreamDeletionTest" name="broadcasterSingleStreamRemoving" time="0.918"/>
  <testcase classname="com.zixi.testing.FeederBondedOutputDeletioinTest" name="broadcasterBondedThreeLinkStreamRemoving" time="0.041"/>
  <testcase classname="com.zixi.testing.BroadcasterSingleInputStreamDeletionTest" name="broadcasterInputStreamDeletion" time="0.876"/>
  <testcase classname="com.zixi.testing.FeederOutputPushToBxTest" name="feederBondedPushOutputCreationThreeLinksTest" time="0.637"/>
  <testcase classname="com.zixi.testing.BroadcasterPushInStreamCreationDecriptionTest" name="broadcasterSingleStreamRemoving" time="0.885"/>
  <testcase classname="com.zixi.testing.BroadcasterInputStatisticSingleStreamTest" name="broadcasterSingleInputStreamStatisticAnilyzer" time="145.824">
    <failure message="expected [statistics parameters are correct] but found [good]" type="java.lang.AssertionError">java.lang.AssertionError: expected [statistics parameters are correct] but found [good]
	at org.testng.Assert.fail(Assert.java:94)
	at org.testng.Assert.failNotEquals(Assert.java:496)
	at org.testng.Assert.assertEquals(Assert.java:125)
	at org.testng.Assert.assertEquals(Assert.java:178)
	at org.testng.Assert.assertEquals(Assert.java:188)
	at com.zixi.testing.BroadcasterInputStatisticSingleStreamTest.broadcasterSingleInputStreamStatisticAnilyzer(BroadcasterInputStatisticSingleStreamTest.java:32)
</failure>
  </testcase>
  <testcase classname="com.zixi.testing.BroadcasterUDPOutputStreamCreationTest" name="broadcasterPullInCreation" time="0.859"/>
  <testcase classname="com.zixi.testing.FFMPEGImageStatisticTest" name="broadcasterSingleInputStreamStatisticAnilyzer" time="42.607"/>
  <testcase classname="com.zixi.testing.BroadcaserSingleOutputStreamDeletionTest" name="broadcasterSingleStreamRemoving" time="0.786"/>
  <testcase classname="com.zixi.testing.FeederBondedOutputDeletioinTest" name="broadcasterBondedThreeLinkStreamRemoving" time="0.039"/>
  <testcase classname="com.zixi.testing.BroadcasterSingleInputStreamDeletionTest" name="broadcasterInputStreamDeletion" time="0.84"/>
  <testcase classname="com.zixi.testing.FeederOutputPushToBxTest" name="feederBondedPushOutputCreationThreeLinksTest" time="0.615"/>
  <testcase classname="com.zixi.testing.BroadcasterPushInStreamCreationDecriptionTest" name="broadcasterSingleStreamRemoving" time="0.823"/>
  <testcase classname="com.zixi.testing.BroadcasterInputStatisticSingleStreamTest" name="broadcasterSingleInputStreamStatisticAnilyzer" time="85.51">
    <failure message="expected [statistics parameters are correct] but found [good]" type="java.lang.AssertionError">java.lang.AssertionError: expected [statistics parameters are correct] but found [good]
	at org.testng.Assert.fail(Assert.java:94)
	at org.testng.Assert.failNotEquals(Assert.java:496)
	at org.testng.Assert.assertEquals(Assert.java:125)
	at org.testng.Assert.assertEquals(Assert.java:178)
	at org.testng.Assert.assertEquals(Assert.java:188)
	at com.zixi.testing.BroadcasterInputStatisticSingleStreamTest.broadcasterSingleInputStreamStatisticAnilyzer(BroadcasterInputStatisticSingleStreamTest.java:32)
</failure>
  </testcase>
  <testcase classname="com.zixi.testing.BroadcasterUDPOutputStreamCreationTest" name="broadcasterPullInCreation" time="0.845"/>
  <testcase classname="com.zixi.testing.FFMPEGImageStatisticTest" name="broadcasterSingleInputStreamStatisticAnilyzer" time="82.081"/>
  <testcase classname="com.zixi.testing.BroadcaserSingleOutputStreamDeletionTest" name="broadcasterSingleStreamRemoving" time="0.893"/>
  <testcase classname="com.zixi.testing.FeederBondedOutputDeletioinTest" name="broadcasterBondedThreeLinkStreamRemoving" time="0.014"/>
  <testcase classname="com.zixi.testing.BroadcasterSingleInputStreamDeletionTest" name="broadcasterInputStreamDeletion" time="0.895"/>
  <testcase classname="com.zixi.testing.FeederOutputPushToBxTest" name="feederBondedPushOutputCreationThreeLinksTest" time="0.622"/>
  <testcase classname="com.zixi.testing.BroadcasterPushInStreamCreationDecriptionTest" name="broadcasterSingleStreamRemoving" time="0.872"/>
  <testcase classname="com.zixi.testing.BroadcasterInputStatisticSingleStreamTest" name="broadcasterSingleInputStreamStatisticAnilyzer" time="145.747">
    <failure message="expected [statistics parameters are correct] but found [good]" type="java.lang.AssertionError">java.lang.AssertionError: expected [statistics parameters are correct] but found [good]
	at org.testng.Assert.fail(Assert.java:94)
	at org.testng.Assert.failNotEquals(Assert.java:496)
	at org.testng.Assert.assertEquals(Assert.java:125)
	at org.testng.Assert.assertEquals(Assert.java:178)
	at org.testng.Assert.assertEquals(Assert.java:188)
	at com.zixi.testing.BroadcasterInputStatisticSingleStreamTest.broadcasterSingleInputStreamStatisticAnilyzer(BroadcasterInputStatisticSingleStreamTest.java:32)
</failure>
  </testcase>
  <testcase classname="com.zixi.testing.BroadcasterUDPOutputStreamCreationTest" name="broadcasterPullInCreation" time="0.838"/>
  <testcase classname="com.zixi.testing.FFMPEGImageStatisticTest" name="broadcasterSingleInputStreamStatisticAnilyzer" time="81.287"/>
  <testcase classname="com.zixi.testing.BroadcaserSingleOutputStreamDeletionTest" name="broadcasterSingleStreamRemoving" time="0.863"/>
  <testcase classname="com.zixi.testing.FeederBondedOutputDeletioinTest" name="broadcasterBondedThreeLinkStreamRemoving" time="0.037"/>
  <testcase classname="com.zixi.testing.BroadcasterSingleInputStreamDeletionTest" name="broadcasterInputStreamDeletion" time="0.844"/>
  <testcase classname="com.zixi.testing.FeederOutputPushToBxTest" name="feederBondedPushOutputCreationThreeLinksTest" time="0.597"/>
  <testcase classname="com.zixi.testing.BroadcasterPushInStreamCreationDecriptionTest" name="broadcasterSingleStreamRemoving" time="0.763"/>
  <testcase classname="com.zixi.testing.BroadcasterInputStatisticSingleStreamTest" name="broadcasterSingleInputStreamStatisticAnilyzer" time="145.695">
    <failure message="expected [statistics parameters are correct] but found [good]" type="java.lang.AssertionError">java.lang.AssertionError: expected [statistics parameters are correct] but found [good]
	at org.testng.Assert.fail(Assert.java:94)
	at org.testng.Assert.failNotEquals(Assert.java:496)
	at org.testng.Assert.assertEquals(Assert.java:125)
	at org.testng.Assert.assertEquals(Assert.java:178)
	at org.testng.Assert.assertEquals(Assert.java:188)
	at com.zixi.testing.BroadcasterInputStatisticSingleStreamTest.broadcasterSingleInputStreamStatisticAnilyzer(BroadcasterInputStatisticSingleStreamTest.java:32)
</failure>
  </testcase>
  <testcase classname="com.zixi.testing.BroadcasterUDPOutputStreamCreationTest" name="broadcasterPullInCreation" time="0.859"/>
  <testcase classname="com.zixi.testing.FFMPEGImageStatisticTest" name="broadcasterSingleInputStreamStatisticAnilyzer" time="81.831"/>
  <testcase classname="com.zixi.testing.BroadcaserSingleOutputStreamDeletionTest" name="broadcasterSingleStreamRemoving" time="0.892"/>
  <testcase classname="com.zixi.testing.FeederBondedOutputDeletioinTest" name="broadcasterBondedThreeLinkStreamRemoving" time="0.038"/>
  <testcase classname="com.zixi.testing.BroadcasterSingleInputStreamDeletionTest" name="broadcasterInputStreamDeletion" time="0.729"/>
  <testcase classname="com.zixi.testing.FeederOutputPushToBxTest" name="feederBondedPushOutputCreationThreeLinksTest" time="0.616"/>
  <testcase classname="com.zixi.testing.BroadcasterPushInStreamCreationDecriptionTest" name="broadcasterSingleStreamRemoving" time="0.846"/>
  <testcase classname="com.zixi.testing.BroadcasterInputStatisticSingleStreamTest" name="broadcasterSingleInputStreamStatisticAnilyzer" time="145.754">
    <failure message="expected [statistics parameters are correct] but found [good]" type="java.lang.AssertionError">java.lang.AssertionError: expected [statistics parameters are correct] but found [good]
	at org.testng.Assert.fail(Assert.java:94)
	at org.testng.Assert.failNotEquals(Assert.java:496)
	at org.testng.Assert.assertEquals(Assert.java:125)
	at org.testng.Assert.assertEquals(Assert.java:178)
	at org.testng.Assert.assertEquals(Assert.java:188)
	at com.zixi.testing.BroadcasterInputStatisticSingleStreamTest.broadcasterSingleInputStreamStatisticAnilyzer(BroadcasterInputStatisticSingleStreamTest.java:32)
</failure>
  </testcase>
  <testcase classname="com.zixi.testing.BroadcasterUDPOutputStreamCreationTest" name="broadcasterPullInCreation" time="0.836"/>
  <testcase classname="com.zixi.testing.FFMPEGImageStatisticTest" name="broadcasterSingleInputStreamStatisticAnilyzer" time="1.996"/>
  <testcase classname="com.zixi.testing.BroadcaserSingleOutputStreamDeletionTest" name="broadcasterSingleStreamRemoving" time="0.878"/>
  <testcase classname="com.zixi.testing.FeederBondedOutputDeletioinTest" name="broadcasterBondedThreeLinkStreamRemoving" time="0.039"/>
  <testcase classname="com.zixi.testing.BroadcasterSingleInputStreamDeletionTest" name="broadcasterInputStreamDeletion" time="0.879"/>
  <testcase classname="com.zixi.testing.FeederOutputPushToBxTest" name="feederBondedPushOutputCreationThreeLinksTest" time="0.655"/>
  <testcase classname="com.zixi.testing.BroadcasterPushInStreamCreationDecriptionTest" name="broadcasterSingleStreamRemoving" time="0.894"/>
  <testcase classname="com.zixi.testing.BroadcasterInputStatisticSingleStreamTest" name="broadcasterSingleInputStreamStatisticAnilyzer" time="145.687">
    <failure message="expected [statistics parameters are correct] but found [good]" type="java.lang.AssertionError">java.lang.AssertionError: expected [statistics parameters are correct] but found [good]
	at org.testng.Assert.fail(Assert.java:94)
	at org.testng.Assert.failNotEquals(Assert.java:496)
	at org.testng.Assert.assertEquals(Assert.java:125)
	at org.testng.Assert.assertEquals(Assert.java:178)
	at org.testng.Assert.assertEquals(Assert.java:188)
	at com.zixi.testing.BroadcasterInputStatisticSingleStreamTest.broadcasterSingleInputStreamStatisticAnilyzer(BroadcasterInputStatisticSingleStreamTest.java:32)
</failure>
  </testcase>
  <testcase classname="com.zixi.testing.BroadcasterUDPOutputStreamCreationTest" name="broadcasterPullInCreation" time="0.767"/>
  <testcase classname="com.zixi.testing.FFMPEGImageStatisticTest" name="broadcasterSingleInputStreamStatisticAnilyzer" time="2.004"/>
  <testcase classname="com.zixi.testing.BroadcaserSingleOutputStreamDeletionTest" name="broadcasterSingleStreamRemoving" time="0.759"/>
  <testcase classname="com.zixi.testing.FeederBondedOutputDeletioinTest" name="broadcasterBondedThreeLinkStreamRemoving" time="0.04"/>
  <testcase classname="com.zixi.testing.BroadcasterSingleInputStreamDeletionTest" name="broadcasterInputStreamDeletion" time="0.669"/>
  <testcase classname="com.zixi.load.testing.FeederBroadcasterBondingMultipleThreeLinkTest" name="broadcasterMultiplePullInCreation" time="3.961"/>
  <testcase classname="com.zixi.testing.BroadcasterUDPOutputStreamCreationTest" name="broadcasterPullInCreation" time="0.881"/>
  <testcase classname="com.zixi.load.testing.BroadcasterRundomInputStreamTest" name="broadcasterSwitchUdpOut" time="479.464">
    <failure message="expected [good] but found [bad]" type="java.lang.AssertionError">java.lang.AssertionError: expected [good] but found [bad]
	at org.testng.Assert.fail(Assert.java:94)
	at org.testng.Assert.failNotEquals(Assert.java:496)
	at org.testng.Assert.assertEquals(Assert.java:125)
	at org.testng.Assert.assertEquals(Assert.java:178)
	at org.testng.Assert.assertEquals(Assert.java:188)
	at com.zixi.load.testing.BroadcasterRundomInputStreamTest.broadcasterSwitchUdpOut(BroadcasterRundomInputStreamTest.java:38)
</failure>
    <system-out>Expected is connected connected
Expected is output output
Expected is number 1
Expected is accepted accepted
Expected is output output
Expected is number 1
Expected is accepted accepted
Expected is output output
Expected is number 1
Expected is accepted accepted
Expected is output output
Expected is number 1
Expected is accepted accepted
Expected is output output
Expected is number 1
Expected is accepted accepted
Expected is output output
Expected is number 1
Expected is accepted accepted
Expected is output output
Expected is number 1
Expected is accepted accepted
Expected is output output
Expected is number 1
Expected is accepted accepted
Expected is output output
Expected is number 1
Expected is accepted accepted
Expected is output output
Expected is number 1
Expected is accepted accepted
Expected is connected connected
Expected is output output
Expected is number 1
Expected is accepted accepted
Expected is output output
Expected is number 1
Expected is accepted accepted
Expected is output output
Expected is number 1
Expected is accepted accepted
Expected is output output
Expected is number 1
Expected is accepted accepted
Expected is output output
Expected is number 1
Expected is accepted accepted
Expected is output output
Expected is number 1
Expected is accepted accepted
Expected is output output
Expected is number 1
Expected is accepted accepted
Expected is output output
Expected is number 1
Expected is accepted accepted
Expected is output output
Expected is number 1
Expected is accepted accepted
Expected is output output
Expected is number 1
Expected is accepted accepted
Expected is connected connected
Expected is output output
Expected is number 1
Expected is accepted accepted
Expected is output output
Expected is number 1
Expected is accepted accepted
Expected is output output
Expected is number 1
Expected is accepted accepted
Expected is output output
Expected is number 1
Expected is accepted accepted
Expected is output output
Expected is number 1
Expected is accepted accepted
Expected is output output
Expected is number 1
Expected is accepted accepted
Expected is output output
Expected is number 1
Expected is accepted accepted
Expected is output output
Expected is number 1
Expected is accepted accepted
Expected is output output
Expected is number 1
Expected is accepted accepted
Expected is output output
Expected is number 1
Expected is accepted accepted
Expected is connected connected
Expected is output output
Expected is number 1
Expected is accepted accepted
Expected is output output
Expected is number 1
Expected is accepted accepted
Expected is output output
Expected is number 1
Expected is accepted accepted
Expected is output output
Expected is number 1
Expected is accepted accepted
Expected is output output
Expected is number 1
Expected is accepted accepted
Expected is output output
Expected is number 1
Expected is accepted accepted
Expected is output output
Expected is number 1
Expected is accepted accepted
Expected is output output
Expected is number 1
Expected is accepted accepted
Expected is output output
Expected is number 1
Expected is accepted accepted
Expected is output output
Expected is number 1
Expected is accepted accepted
Expected is connected connected
Expected is output output
Expected is number 0
Expected is accepted accepted
Expected is output output
Expected is number 1
Expected is accepted accepted
Expected is output output
Expected is number 1
Expected is accepted accepted
Expected is output output
Expected is number 1
Expected is accepted accepted
Expected is output output
Expected is number 1
Expected is accepted accepted
Expected is output output
Expected is number 1
Expected is accepted accepted
Expected is output output
Expected is number 1
Expected is accepted accepted
Expected is output output
Expected is number 1
Expected is accepted accepted
Expected is output output
Expected is number 0
Expected is accepted accepted
Expected is output output
Expected is number 1
Expected is accepted accepted
Expected is connected connected
Expected is output output
Expected is number 1
Expected is accepted accepted
Expected is output output
Expected is number 1
Expected is accepted accepted
Expected is output output
Expected is number 1
Expected is accepted accepted
Expected is output output
Expected is number 1
Expected is accepted accepted
Expected is output output
Expected is number 1
Expected is accepted accepted
Expected is output output
Expected is number 1
Expected is accepted accepted
Expected is output output
Expected is number 1
Expected is accepted accepted
Expected is output output
Expected is number 1
Expected is accepted accepted
Expected is output output
Expected is number 1
Expected is accepted accepted
Expected is output output
Expected is number 1
Expected is accepted accepted
Expected is connected connected
Expected is output output
Expected is number 1
Expected is accepted accepted
Expected is output output
Expected is number 1
Expected is accepted accepted
Expected is output output
Expected is number 1
Expected is accepted accepted
Expected is output output
Expected is number 1
Expected is accepted accepted
Expected is output output
Expected is number 1
Expected is accepted accepted
Expected is output output
Expected is number 1
Expected is accepted accepted
Expected is output output
Expected is number 1
Expected is accepted accepted
Expected is output output
Expected is number 1
Expected is accepted accepted
Expected is output output
Expected is number 1
Expected is accepted accepted
Expected is output output
Expected is number 1
Expected is accepted accepted
Expected is connected connected
Expected is output output
Expected is number 1
Expected is accepted accepted
Expected is output output
Expected is number 1
Expected is accepted accepted
Expected is output output
Expected is number 1
Expected is accepted accepted
Expected is output output
Expected is number 1
Expected is accepted accepted
Expected is output output
Expected is number 1
Expected is accepted accepted
Expected is output output
Expected is number 1
Expected is accepted accepted
Expected is output output
Expected is number 1
Expected is accepted accepted
Expected is output output
Expected is number 1
Expected is accepted accepted
Expected is output output
Expected is number 1
Expected is accepted accepted
Expected is output output
Expected is number 1
Expected is accepted accepted
Expected is connected connected
Expected is output output
Expected is number 1
Expected is accepted accepted
Expected is output output
Expected is number 1
Expected is accepted accepted
Expected is output output
Expected is number 1
Expected is accepted accepted
Expected is output output
Expected is number 1
Expected is accepted accepted
Expected is output output
Expected is number 1
Expected is accepted accepted
Expected is output output
Expected is number 1
Expected is accepted accepted
Expected is output output
Expected is number 1
Expected is accepted accepted
Expected is output output
Expected is number 1
Expected is accepted accepted
Expected is output output
Expected is number 1
Expected is accepted accepted
Expected is output output
Expected is number 1
Expected is accepted accepted
Expected is connected connected
Expected is output output
Expected is number 1
Expected is accepted accepted
Expected is output output
Expected is number 1
Expected is accepted accepted
Expected is output output
Expected is number 1
Expected is accepted accepted
Expected is output output
Expected is number 1
Expected is accepted accepted
Expected is output output
Expected is number 1
Expected is accepted accepted
Expected is output output
Expected is number 1
Expected is accepted accepted
Expected is output output
Expected is number 1
Expected is accepted accepted
Expected is output output
Expected is number 1
Expected is accepted accepted
Expected is output output
Expected is number 1
Expected is accepted accepted
Expected is output output
Expected is number 1
Expected is accepted accepted
</system-out>
  </testcase>
  <testcase classname="com.zixi.testing.BroadcaserSingleOutputStreamDeletionTest" name="broadcasterSingleStreamRemoving" time="0.887"/>
  <testcase classname="com.zixi.load.testing.BroadcaserAllInputStreamDeletorTest" name="broadcasterDeleteAllInputs" time="1.074"/>
  <testcase classname="com.zixi.load.testing.FeederMultipleDeletionTest" name="broadcasterMultiplePullInCreation" time="2.063">
    <failure message="expected [pass] but found [failed]" type="java.lang.AssertionError">java.lang.AssertionError: expected [pass] but found [failed]
	at org.testng.Assert.fail(Assert.java:94)
	at org.testng.Assert.failNotEquals(Assert.java:496)
	at org.testng.Assert.assertEquals(Assert.java:125)
	at org.testng.Assert.assertEquals(Assert.java:178)
	at org.testng.Assert.assertEquals(Assert.java:188)
	at com.zixi.load.testing.FeederMultipleDeletionTest.broadcasterMultiplePullInCreation(FeederMultipleDeletionTest.java:41)
</failure>
    <system-out>Debug printing ------&gt;&gt;&gt; {&quot;custom_data&quot;:&quot;&quot;,&quot;msg&quot;:&quot;&quot;,&quot;error&quot;:&quot;Output not found.&quot;,&quot;outs&quot;:[{&quot;mip&quot;:&quot;live_recording.ts&quot;,&quot;port&quot;:0,&quot;ip&quot;:&quot;file&quot;,&quot;in_name&quot;:&quot;feederoutputname&quot;,&quot;in_active&quot;:1,&quot;in_active_sources&quot;:0,&quot;prg_name&quot;:&quot;&quot;,&quot;prg_prov&quot;:&quot;&quot;,&quot;prg_num&quot;:1,&quot;chan&quot;:&quot;&quot;,&quot;chan_id&quot;:-1,&quot;id&quot;:&quot;zixi://10.7.0.66:2088/feederout&quot;,&quot;type&quot;:2,&quot;name&quot;:&quot;feederoutputname&quot;,&quot;asi&quot;:0,&quot;rtmp&quot;:0,&quot;file&quot;:1,&quot;active&quot;:1,&quot;group&quot;:&quot;&quot;,&quot;error&quot;:&quot;None&quot;,&quot;con_stat&quot;:&quot;Disconnected&quot;,&quot;bitrate&quot;:0,&quot;dest&quot;:&quot;10.7.0.66:2088/feederout&quot;},{&quot;mip&quot;:&quot;4000.ts&quot;,&quot;port&quot;:0,&quot;ip&quot;:&quot;file&quot;,&quot;in_name&quot;:&quot;bond&quot;,&quot;in_active&quot;:1,&quot;in_active_sources&quot;:0,&quot;prg_name&quot;:&quot;&quot;,&quot;prg_prov&quot;:&quot;&quot;,&quot;prg_num&quot;:-1,&quot;chan&quot;:&quot;&quot;,&quot;chan_id&quot;:-1,&quot;id&quot;:&quot;zixi://bonded(bonded37)#10.7.0.66:2088@10.7.0.65,192.168.60.66:2088@192.168.50.65,192.168.5.166:2088@192.168.5.165&quot;,&quot;type&quot;:2,&quot;name&quot;:&quot;bond37&quot;,&quot;asi&quot;:0,&quot;rtmp&quot;:0,&quot;file&quot;:1,&quot;active&quot;:1,&quot;group&quot;:&quot;&quot;,&quot;bonded&quot;:[],&quot;error&quot;:&quot;Timeout&quot;,&quot;con_stat&quot;:&quot;Connecting&quot;,&quot;bitrate&quot;:0,&quot;dest&quot;:&quot;bonded/bonded37&quot;},{&quot;mip&quot;:&quot;4000.ts&quot;,&quot;port&quot;:0,&quot;ip&quot;:&quot;file&quot;,&quot;in_name&quot;:&quot;bond&quot;,&quot;in_active&quot;:1,&quot;in_active_sources&quot;:0,&quot;prg_name&quot;:&quot;&quot;,&quot;prg_prov&quot;:&quot;&quot;,&quot;prg_num&quot;:-1,&quot;chan&quot;:&quot;&quot;,&quot;chan_id&quot;:-1,&quot;id&quot;:&quot;zixi://bonded(bonded21)#10.7.0.66:2088@10.7.0.65,192.168.60.66:2088@192.168.50.65,192.168.5.166:2088@192.168.5.165&quot;,&quot;type&quot;:2,&quot;name&quot;:&quot;bond21&quot;,&quot;asi&quot;:0,&quot;rtmp&quot;:0,&quot;file&quot;:1,&quot;active&quot;:1,&quot;group&quot;:&quot;&quot;,&quot;bonded&quot;:[{&quot;host&quot;:&quot;10.7.0.66&quot;,&quot;port&quot;:2088,&quot;nic&quot;:&quot;10.7.0.65&quot;,&quot;limit&quot;:0,&quot;is_backup&quot;:0,&quot;bitrate&quot;:1001214,&quot;up_time&quot;:167,&quot;error_code&quot;:0,&quot;status_code&quot;:3,&quot;error_str&quot;:&quot;None&quot;,&quot;status_str&quot;:&quot;Connected&quot;},{&quot;host&quot;:&quot;192.168.60.66&quot;,&quot;port&quot;:2088,&quot;nic&quot;:&quot;192.168.50.65&quot;,&quot;limit&quot;:0,&quot;is_backup&quot;:0,&quot;bitrate&quot;:0,&quot;up_time&quot;:0,&quot;error_code&quot;:3,&quot;status_code&quot;:1,&quot;error_str&quot;:&quot;Timeout&quot;,&quot;status_str&quot;:&quot;Connecting&quot;},{&quot;host&quot;:&quot;192.168.5.166&quot;,&quot;port&quot;:2088,&quot;nic&quot;:&quot;192.168.5.165&quot;,&quot;limit&quot;:0,&quot;is_backup&quot;:0,&quot;bitrate&quot;:3215711,&quot;up_time&quot;:153,&quot;error_code&quot;:0,&quot;status_code&quot;:3,&quot;error_str&quot;:&quot;None&quot;,&quot;status_str&quot;:&quot;Connected&quot;}],&quot;error&quot;:&quot;None&quot;,&quot;con_stat&quot;:&quot;Disconnected&quot;,&quot;bitrate&quot;:4162496,&quot;dest&quot;:&quot;bonded/bonded21&quot;},{&quot;mip&quot;:&quot;4000.ts&quot;,&quot;port&quot;:0,&quot;ip&quot;:&quot;file&quot;,&quot;in_name&quot;:&quot;bond&quot;,&quot;in_active&quot;:1,&quot;in_active_sources&quot;:0,&quot;prg_name&quot;:&quot;&quot;,&quot;prg_prov&quot;:&quot;&quot;,&quot;prg_num&quot;:-1,&quot;chan&quot;:&quot;&quot;,&quot;chan_id&quot;:-1,&quot;id&quot;:&quot;zixi://bonded(bonded32)#10.7.0.66:2088@10.7.0.65,192.168.60.66:2088@192.168.50.65,192.168.5.166:2088@192.168.5.165&quot;,&quot;type&quot;:2,&quot;name&quot;:&quot;bond32&quot;,&quot;asi&quot;:0,&quot;rtmp&quot;:0,&quot;file&quot;:1,&quot;active&quot;:1,&quot;group&quot;:&quot;&quot;,&quot;bonded&quot;:[],&quot;error&quot;:&quot;Timeout&quot;,&quot;con_stat&quot;:&quot;Connecting&quot;,&quot;bitrate&quot;:0,&quot;dest&quot;:&quot;bonded/bonded32&quot;},{&quot;mip&quot;:&quot;4000.ts&quot;,&quot;port&quot;:0,&quot;ip&quot;:&quot;file&quot;,&quot;in_name&quot;:&quot;bond&quot;,&quot;in_active&quot;:1,&quot;in_active_sources&quot;:0,&quot;prg_name&quot;:&quot;&quot;,&quot;prg_prov&quot;:&quot;&quot;,&quot;prg_num&quot;:-1,&quot;chan&quot;:&quot;&quot;,&quot;chan_id&quot;:-1,&quot;id&quot;:&quot;zixi://bonded(bonded30)#10.7.0.66:2088@10.7.0.65,192.168.60.66:2088@192.168.50.65,192.168.5.166:2088@192.168.5.165&quot;,&quot;type&quot;:2,&quot;name&quot;:&quot;bond30&quot;,&quot;asi&quot;:0,&quot;rtmp&quot;:0,&quot;file&quot;:1,&quot;active&quot;:1,&quot;group&quot;:&quot;&quot;,&quot;bonded&quot;:[],&quot;error&quot;:&quot;Authentication&quot;,&quot;con_stat&quot;:&quot;Disconnected&quot;,&quot;bitrate&quot;:0,&quot;dest&quot;:&quot;bonded/bonded30&quot;},{&quot;mip&quot;:&quot;4000.ts&quot;,&quot;port&quot;:0,&quot;ip&quot;:&quot;file&quot;,&quot;in_name&quot;:&quot;bond&quot;,&quot;in_active&quot;:1,&quot;in_active_sources&quot;:0,&quot;prg_name&quot;:&quot;&quot;,&quot;prg_prov&quot;:&quot;&quot;,&quot;prg_num&quot;:-1,&quot;chan&quot;:&quot;&quot;,&quot;chan_id&quot;:-1,&quot;id&quot;:&quot;zixi://bonded(bonded26)#10.7.0.66:2088@10.7.0.65,192.168.60.66:2088@192.168.50.65,192.168.5.166:2088@192.168.5.165&quot;,&quot;type&quot;:2,&quot;name&quot;:&quot;bond26&quot;,&quot;asi&quot;:0,&quot;rtmp&quot;:0,&quot;file&quot;:1,&quot;active&quot;:1,&quot;group&quot;:&quot;&quot;,&quot;bonded&quot;:[],&quot;error&quot;:&quot;Timeout&quot;,&quot;con_stat&quot;:&quot;Connecting&quot;,&quot;bitrate&quot;:0,&quot;dest&quot;:&quot;bonded/bonded26&quot;},{&quot;mip&quot;:&quot;4000.ts&quot;,&quot;port&quot;:0,&quot;ip&quot;:&quot;file&quot;,&quot;in_name&quot;:&quot;bond&quot;,&quot;in_active&quot;:1,&quot;in_active_sources&quot;:0,&quot;prg_name&quot;:&quot;&quot;,&quot;prg_prov&quot;:&quot;&quot;,&quot;prg_num&quot;:-1,&quot;chan&quot;:&quot;&quot;,&quot;chan_id&quot;:-1,&quot;id&quot;:&quot;zixi://bonded(bonded22)#10.7.0.66:2088@10.7.0.65,192.168.60.66:2088@192.168.50.65,192.168.5.166:2088@192.168.5.165&quot;,&quot;type&quot;:2,&quot;name&quot;:&quot;bond22&quot;,&quot;asi&quot;:0,&quot;rtmp&quot;:0,&quot;file&quot;:1,&quot;active&quot;:1,&quot;group&quot;:&quot;&quot;,&quot;bonded&quot;:[],&quot;error&quot;:&quot;Timeout&quot;,&quot;con_stat&quot;:&quot;Connecting&quot;,&quot;bitrate&quot;:0,&quot;dest&quot;:&quot;bonded/bonded22&quot;},{&quot;mip&quot;:&quot;4000.ts&quot;,&quot;port&quot;:0,&quot;ip&quot;:&quot;file&quot;,&quot;in_name&quot;:&quot;bond&quot;,&quot;in_active&quot;:1,&quot;in_active_sources&quot;:0,&quot;prg_name&quot;:&quot;&quot;,&quot;prg_prov&quot;:&quot;&quot;,&quot;prg_num&quot;:-1,&quot;chan&quot;:&quot;&quot;,&quot;chan_id&quot;:-1,&quot;id&quot;:&quot;zixi://bonded(bonded35)#10.7.0.66:2088@10.7.0.65,192.168.60.66:2088@192.168.50.65,192.168.5.166:2088@192.168.5.165&quot;,&quot;type&quot;:2,&quot;name&quot;:&quot;bond35&quot;,&quot;asi&quot;:0,&quot;rtmp&quot;:0,&quot;file&quot;:1,&quot;active&quot;:1,&quot;group&quot;:&quot;&quot;,&quot;bonded&quot;:[{&quot;host&quot;:&quot;10.7.0.66&quot;,&quot;port&quot;:2088,&quot;nic&quot;:&quot;10.7.0.65&quot;,&quot;limit&quot;:0,&quot;is_backup&quot;:0,&quot;bitrate&quot;:1007775,&quot;up_time&quot;:170,&quot;error_code&quot;:0,&quot;status_code&quot;:3,&quot;error_str&quot;:&quot;None&quot;,&quot;status_str&quot;:&quot;Connected&quot;},{&quot;host&quot;:&quot;192.168.60.66&quot;,&quot;port&quot;:2088,&quot;nic&quot;:&quot;192.168.50.65&quot;,&quot;limit&quot;:0,&quot;is_backup&quot;:0,&quot;bitrate&quot;:0,&quot;up_time&quot;:0,&quot;error_code&quot;:3,&quot;status_code&quot;:1,&quot;error_str&quot;:&quot;Timeout&quot;,&quot;status_str&quot;:&quot;Connecting&quot;},{&quot;host&quot;:&quot;192.168.5.166&quot;,&quot;port&quot;:2088,&quot;nic&quot;:&quot;192.168.5.165&quot;,&quot;limit&quot;:0,&quot;is_backup&quot;:0,&quot;bitrate&quot;:3185835,&quot;up_time&quot;:241,&quot;error_code&quot;:0,&quot;status_code&quot;:3,&quot;error_str&quot;:&quot;None&quot;,&quot;status_str&quot;:&quot;Connected&quot;}],&quot;error&quot;:&quot;None&quot;,&quot;con_stat&quot;:&quot;Disconnected&quot;,&quot;bitrate&quot;:4121152,&quot;dest&quot;:&quot;bonded/bonded35&quot;},{&quot;mip&quot;:&quot;4000.ts&quot;,&quot;port&quot;:0,&quot;ip&quot;:&quot;file&quot;,&quot;in_name&quot;:&quot;bond&quot;,&quot;in_active&quot;:1,&quot;in_active_sources&quot;:0,&quot;prg_name&quot;:&quot;&quot;,&quot;prg_prov&quot;:&quot;&quot;,&quot;prg_num&quot;:-1,&quot;chan&quot;:&quot;&quot;,&quot;chan_id&quot;:-1,&quot;id&quot;:&quot;zixi://bonded(bonded33)#10.7.0.66:2088@10.7.0.65,192.168.60.66:2088@192.168.50.65,192.168.5.166:2088@192.168.5.165&quot;,&quot;type&quot;:2,&quot;name&quot;:&quot;bond33&quot;,&quot;asi&quot;:0,&quot;rtmp&quot;:0,&quot;file&quot;:1,&quot;active&quot;:1,&quot;group&quot;:&quot;&quot;,&quot;bonded&quot;:[],&quot;error&quot;:&quot;Authentication&quot;,&quot;con_stat&quot;:&quot;Disconnected&quot;,&quot;bitrate&quot;:0,&quot;dest&quot;:&quot;bonded/bonded33&quot;},{&quot;mip&quot;:&quot;4000.ts&quot;,&quot;port&quot;:0,&quot;ip&quot;:&quot;file&quot;,&quot;in_name&quot;:&quot;bond&quot;,&quot;in_active&quot;:1,&quot;in_active_sources&quot;:0,&quot;prg_name&quot;:&quot;&quot;,&quot;prg_prov&quot;:&quot;&quot;,&quot;prg_num&quot;:-1,&quot;chan&quot;:&quot;&quot;,&quot;chan_id&quot;:-1,&quot;id&quot;:&quot;zixi://bonded(bonded27)#10.7.0.66:2088@10.7.0.65,192.168.60.66:2088@192.168.50.65,192.168.5.166:2088@192.168.5.165&quot;,&quot;type&quot;:2,&quot;name&quot;:&quot;bond27&quot;,&quot;asi&quot;:0,&quot;rtmp&quot;:0,&quot;file&quot;:1,&quot;active&quot;:1,&quot;group&quot;:&quot;&quot;,&quot;bonded&quot;:[],&quot;error&quot;:&quot;Timeout&quot;,&quot;con_stat&quot;:&quot;Connecting&quot;,&quot;bitrate&quot;:0,&quot;dest&quot;:&quot;bonded/bonded27&quot;},{&quot;mip&quot;:&quot;4000.ts&quot;,&quot;port&quot;:0,&quot;ip&quot;:&quot;file&quot;,&quot;in_name&quot;:&quot;bond&quot;,&quot;in_active&quot;:1,&quot;in_active_sources&quot;:0,&quot;prg_name&quot;:&quot;&quot;,&quot;prg_prov&quot;:&quot;&quot;,&quot;prg_num&quot;:-1,&quot;chan&quot;:&quot;&quot;,&quot;chan_id&quot;:-1,&quot;id&quot;:&quot;zixi://bonded(bonded39)#10.7.0.66:2088@10.7.0.65,192.168.60.66:2088@192.168.50.65,192.168.5.166:2088@192.168.5.165&quot;,&quot;type&quot;:2,&quot;name&quot;:&quot;bond39&quot;,&quot;asi&quot;:0,&quot;rtmp&quot;:0,&quot;file&quot;:1,&quot;active&quot;:1,&quot;group&quot;:&quot;&quot;,&quot;bonded&quot;:[{&quot;host&quot;:&quot;10.7.0.66&quot;,&quot;port&quot;:2088,&quot;nic&quot;:&quot;10.7.0.65&quot;,&quot;limit&quot;:0,&quot;is_backup&quot;:0,&quot;bitrate&quot;:1002861,&quot;up_time&quot;:170,&quot;error_code&quot;:0,&quot;status_code&quot;:3,&quot;error_str&quot;:&quot;None&quot;,&quot;status_str&quot;:&quot;Connected&quot;},{&quot;host&quot;:&quot;192.168.60.66&quot;,&quot;port&quot;:2088,&quot;nic&quot;:&quot;192.168.50.65&quot;,&quot;limit&quot;:0,&quot;is_backup&quot;:0,&quot;bitrate&quot;:0,&quot;up_time&quot;:0,&quot;error_code&quot;:3,&quot;status_code&quot;:1,&quot;error_str&quot;:&quot;Timeout&quot;,&quot;status_str&quot;:&quot;Connecting&quot;},{&quot;host&quot;:&quot;192.168.5.166&quot;,&quot;port&quot;:2088,&quot;nic&quot;:&quot;192.168.5.165&quot;,&quot;limit&quot;:0,&quot;is_backup&quot;:0,&quot;bitrate&quot;:3072120,&quot;up_time&quot;:199,&quot;error_code&quot;:0,&quot;status_code&quot;:3,&quot;error_str&quot;:&quot;None&quot;,&quot;status_str&quot;:&quot;Connected&quot;}],&quot;error&quot;:&quot;None&quot;,&quot;con_stat&quot;:&quot;Disconnected&quot;,&quot;bitrate&quot;:4139124,&quot;dest&quot;:&quot;bonded/bonded39&quot;},{&quot;mip&quot;:&quot;4000.ts&quot;,&quot;port&quot;:0,&quot;ip&quot;:&quot;file&quot;,&quot;in_name&quot;:&quot;bond&quot;,&quot;in_active&quot;:1,&quot;in_active_sources&quot;:0,&quot;prg_name&quot;:&quot;&quot;,&quot;prg_prov&quot;:&quot;&quot;,&quot;prg_num&quot;:-1,&quot;chan&quot;:&quot;&quot;,&quot;chan_id&quot;:-1,&quot;id&quot;:&quot;zixi://bonded(bonded36)#10.7.0.66:2088@10.7.0.65,192.168.60.66:2088@192.168.50.65,192.168.5.166:2088@192.168.5.165&quot;,&quot;type&quot;:2,&quot;name&quot;:&quot;bond36&quot;,&quot;asi&quot;:0,&quot;rtmp&quot;:0,&quot;file&quot;:1,&quot;active&quot;:1,&quot;group&quot;:&quot;&quot;,&quot;bonded&quot;:[],&quot;error&quot;:&quot;Timeout&quot;,&quot;con_stat&quot;:&quot;Connecting&quot;,&quot;bitrate&quot;:0,&quot;dest&quot;:&quot;bonded/bonded36&quot;},{&quot;mip&quot;:&quot;4000.ts&quot;,&quot;port&quot;:0,&quot;ip&quot;:&quot;file&quot;,&quot;in_name&quot;:&quot;bond&quot;,&quot;in_active&quot;:1,&quot;in_active_sources&quot;:0,&quot;prg_name&quot;:&quot;&quot;,&quot;prg_prov&quot;:&quot;&quot;,&quot;prg_num&quot;:-1,&quot;chan&quot;:&quot;&quot;,&quot;chan_id&quot;:-1,&quot;id&quot;:&quot;zixi://bonded(bonded41)#10.7.0.66:2088@10.7.0.65,192.168.60.66:2088@192.168.50.65,192.168.5.166:2088@192.168.5.165&quot;,&quot;type&quot;:2,&quot;name&quot;:&quot;bond41&quot;,&quot;asi&quot;:0,&quot;rtmp&quot;:0,&quot;file&quot;:1,&quot;active&quot;:1,&quot;group&quot;:&quot;&quot;,&quot;bonded&quot;:[],&quot;error&quot;:&quot;Timeout&quot;,&quot;con_stat&quot;:&quot;Connecting&quot;,&quot;bitrate&quot;:0,&quot;dest&quot;:&quot;bonded/bonded41&quot;},{&quot;mip&quot;:&quot;4000.ts&quot;,&quot;port&quot;:0,&quot;ip&quot;:&quot;file&quot;,&quot;in_name&quot;:&quot;bond&quot;,&quot;in_active&quot;:1,&quot;in_active_sources&quot;:0,&quot;prg_name&quot;:&quot;&quot;,&quot;prg_prov&quot;:&quot;&quot;,&quot;prg_num&quot;:-1,&quot;chan&quot;:&quot;&quot;,&quot;chan_id&quot;:-1,&quot;id&quot;:&quot;zixi://bonded(bonded31)#10.7.0.66:2088@10.7.0.65,192.168.60.66:2088@192.168.50.65,192.168.5.166:2088@192.168.5.165&quot;,&quot;type&quot;:2,&quot;name&quot;:&quot;bond31&quot;,&quot;asi&quot;:0,&quot;rtmp&quot;:0,&quot;file&quot;:1,&quot;active&quot;:1,&quot;group&quot;:&quot;&quot;,&quot;bonded&quot;:[],&quot;error&quot;:&quot;Authentication&quot;,&quot;con_stat&quot;:&quot;Disconnected&quot;,&quot;bitrate&quot;:0,&quot;dest&quot;:&quot;bonded/bonded31&quot;},{&quot;mip&quot;:&quot;4000.ts&quot;,&quot;port&quot;:0,&quot;ip&quot;:&quot;file&quot;,&quot;in_name&quot;:&quot;bond&quot;,&quot;in_active&quot;:1,&quot;in_active_sources&quot;:0,&quot;prg_name&quot;:&quot;&quot;,&quot;prg_prov&quot;:&quot;&quot;,&quot;prg_num&quot;:-1,&quot;chan&quot;:&quot;&quot;,&quot;chan_id&quot;:-1,&quot;id&quot;:&quot;zixi://bonded(bonded29)#10.7.0.66:2088@10.7.0.65,192.168.60.66:2088@192.168.50.65,192.168.5.166:2088@192.168.5.165&quot;,&quot;type&quot;:2,&quot;name&quot;:&quot;bond29&quot;,&quot;asi&quot;:0,&quot;rtmp&quot;:0,&quot;file&quot;:1,&quot;active&quot;:1,&quot;group&quot;:&quot;&quot;,&quot;bonded&quot;:[{&quot;host&quot;:&quot;10.7.0.66&quot;,&quot;port&quot;:2088,&quot;nic&quot;:&quot;10.7.0.65&quot;,&quot;limit&quot;:0,&quot;is_backup&quot;:0,&quot;bitrate&quot;:996300,&quot;up_time&quot;:194,&quot;error_code&quot;:0,&quot;status_code&quot;:3,&quot;error_str&quot;:&quot;None&quot;,&quot;status_str&quot;:&quot;Connected&quot;},{&quot;host&quot;:&quot;192.168.60.66&quot;,&quot;port&quot;:2088,&quot;nic&quot;:&quot;192.168.50.65&quot;,&quot;limit&quot;:0,&quot;is_backup&quot;:0,&quot;bitrate&quot;:0,&quot;up_time&quot;:0,&quot;error_code&quot;:3,&quot;status_code&quot;:1,&quot;error_str&quot;:&quot;Timeout&quot;,&quot;status_str&quot;:&quot;Connecting&quot;},{&quot;host&quot;:&quot;192.168.5.166&quot;,&quot;port&quot;:2088,&quot;nic&quot;:&quot;192.168.5.165&quot;,&quot;limit&quot;:0,&quot;is_backup&quot;:0,&quot;bitrate&quot;:3179325,&quot;up_time&quot;:183,&quot;error_code&quot;:0,&quot;status_code&quot;:3,&quot;error_str&quot;:&quot;None&quot;,&quot;status_str&quot;:&quot;Connected&quot;}],&quot;error&quot;:&quot;None&quot;,&quot;con_stat&quot;:&quot;Disconnected&quot;,&quot;bitrate&quot;:4106829,&quot;dest&quot;:&quot;bonded/bonded29&quot;},{&quot;mip&quot;:&quot;4000.ts&quot;,&quot;port&quot;:0,&quot;ip&quot;:&quot;file&quot;,&quot;in_name&quot;:&quot;bond&quot;,&quot;in_active&quot;:1,&quot;in_active_sources&quot;:0,&quot;prg_name&quot;:&quot;&quot;,&quot;prg_prov&quot;:&quot;&quot;,&quot;prg_num&quot;:-1,&quot;chan&quot;:&quot;&quot;,&quot;chan_id&quot;:-1,&quot;id&quot;:&quot;zixi://bonded(bonded44)#10.7.0.66:2088@10.7.0.65,192.168.60.66:2088@192.168.50.65,192.168.5.166:2088@192.168.5.165&quot;,&quot;type&quot;:2,&quot;name&quot;:&quot;bond44&quot;,&quot;asi&quot;:0,&quot;rtmp&quot;:0,&quot;file&quot;:1,&quot;active&quot;:1,&quot;group&quot;:&quot;&quot;,&quot;bonded&quot;:[{&quot;host&quot;:&quot;10.7.0.66&quot;,&quot;port&quot;:2088,&quot;nic&quot;:&quot;10.7.0.65&quot;,&quot;limit&quot;:0,&quot;is_backup&quot;:0,&quot;bitrate&quot;:2848376,&quot;up_time&quot;:210,&quot;error_code&quot;:0,&quot;status_code&quot;:3,&quot;error_str&quot;:&quot;None&quot;,&quot;status_str&quot;:&quot;Connected&quot;},{&quot;host&quot;:&quot;192.168.60.66&quot;,&quot;port&quot;:2088,&quot;nic&quot;:&quot;192.168.50.65&quot;,&quot;limit&quot;:0,&quot;is_backup&quot;:0,&quot;bitrate&quot;:0,&quot;up_time&quot;:0,&quot;error_code&quot;:3,&quot;status_code&quot;:1,&quot;error_str&quot;:&quot;Timeout&quot;,&quot;status_str&quot;:&quot;Connecting&quot;},{&quot;host&quot;:&quot;192.168.5.166&quot;,&quot;port&quot;:2088,&quot;nic&quot;:&quot;192.168.5.165&quot;,&quot;limit&quot;:0,&quot;is_backup&quot;:0,&quot;bitrate&quot;:0,&quot;up_time&quot;:0,&quot;error_code&quot;:3,&quot;status_code&quot;:1,&quot;error_str&quot;:&quot;Timeout&quot;,&quot;status_str&quot;:&quot;Connecting&quot;}],&quot;error&quot;:&quot;None&quot;,&quot;con_stat&quot;:&quot;Disconnected&quot;,&quot;bitrate&quot;:2803460,&quot;dest&quot;:&quot;bonded/bonded44&quot;},{&quot;mip&quot;:&quot;4000.ts&quot;,&quot;port&quot;:0,&quot;ip&quot;:&quot;file&quot;,&quot;in_name&quot;:&quot;bond&quot;,&quot;in_active&quot;:1,&quot;in_active_sources&quot;:0,&quot;prg_name&quot;:&quot;&quot;,&quot;prg_prov&quot;:&quot;&quot;,&quot;prg_num&quot;:-1,&quot;chan&quot;:&quot;&quot;,&quot;chan_id&quot;:-1,&quot;id&quot;:&quot;zixi://bonded(bonded40)#10.7.0.66:2088@10.7.0.65,192.168.60.66:2088@192.168.50.65,192.168.5.166:2088@192.168.5.165&quot;,&quot;type&quot;:2,&quot;name&quot;:&quot;bond40&quot;,&quot;asi&quot;:0,&quot;rtmp&quot;:0,&quot;file&quot;:1,&quot;active&quot;:1,&quot;group&quot;:&quot;&quot;,&quot;bonded&quot;:[],&quot;error&quot;:&quot;Authentication&quot;,&quot;con_stat&quot;:&quot;Disconnected&quot;,&quot;bitrate&quot;:0,&quot;dest&quot;:&quot;bonded/bonded40&quot;},{&quot;mip&quot;:&quot;4000.ts&quot;,&quot;port&quot;:0,&quot;ip&quot;:&quot;file&quot;,&quot;in_name&quot;:&quot;bond&quot;,&quot;in_active&quot;:1,&quot;in_active_sources&quot;:0,&quot;prg_name&quot;:&quot;&quot;,&quot;prg_prov&quot;:&quot;&quot;,&quot;prg_num&quot;:-1,&quot;chan&quot;:&quot;&quot;,&quot;chan_id&quot;:-1,&quot;id&quot;:&quot;zixi://bonded(bonded46)#10.7.0.66:2088@10.7.0.65,192.168.60.66:2088@192.168.50.65,192.168.5.166:2088@192.168.5.165&quot;,&quot;type&quot;:2,&quot;name&quot;:&quot;bond46&quot;,&quot;asi&quot;:0,&quot;rtmp&quot;:0,&quot;file&quot;:1,&quot;active&quot;:1,&quot;group&quot;:&quot;&quot;,&quot;bonded&quot;:[],&quot;error&quot;:&quot;Authentication&quot;,&quot;con_stat&quot;:&quot;Disconnected&quot;,&quot;bitrate&quot;:0,&quot;dest&quot;:&quot;bonded/bonded46&quot;},{&quot;mip&quot;:&quot;4000.ts&quot;,&quot;port&quot;:0,&quot;ip&quot;:&quot;file&quot;,&quot;in_name&quot;:&quot;bond&quot;,&quot;in_active&quot;:1,&quot;in_active_sources&quot;:0,&quot;prg_name&quot;:&quot;&quot;,&quot;prg_prov&quot;:&quot;&quot;,&quot;prg_num&quot;:-1,&quot;chan&quot;:&quot;&quot;,&quot;chan_id&quot;:-1,&quot;id&quot;:&quot;zixi://bonded(bonded49)#10.7.0.66:2088@10.7.0.65,192.168.60.66:2088@192.168.50.65,192.168.5.166:2088@192.168.5.165&quot;,&quot;type&quot;:2,&quot;name&quot;:&quot;bond49&quot;,&quot;asi&quot;:0,&quot;rtmp&quot;:0,&quot;file&quot;:1,&quot;active&quot;:1,&quot;group&quot;:&quot;&quot;,&quot;bonded&quot;:[],&quot;error&quot;:&quot;Timeout&quot;,&quot;con_stat&quot;:&quot;Connecting&quot;,&quot;bitrate&quot;:0,&quot;dest&quot;:&quot;bonded/bonded49&quot;},{&quot;mip&quot;:&quot;4000.ts&quot;,&quot;port&quot;:0,&quot;ip&quot;:&quot;file&quot;,&quot;in_name&quot;:&quot;bond&quot;,&quot;in_active&quot;:1,&quot;in_active_sources&quot;:0,&quot;prg_name&quot;:&quot;&quot;,&quot;prg_prov&quot;:&quot;&quot;,&quot;prg_num&quot;:-1,&quot;chan&quot;:&quot;&quot;,&quot;chan_id&quot;:-1,&quot;id&quot;:&quot;zixi://bonded(bonded34)#10.7.0.66:2088@10.7.0.65,192.168.60.66:2088@192.168.50.65,192.168.5.166:2088@192.168.5.165&quot;,&quot;type&quot;:2,&quot;name&quot;:&quot;bond34&quot;,&quot;asi&quot;:0,&quot;rtmp&quot;:0,&quot;file&quot;:1,&quot;active&quot;:1,&quot;group&quot;:&quot;&quot;,&quot;bonded&quot;:[],&quot;error&quot;:&quot;Timeout&quot;,&quot;con_stat&quot;:&quot;Connecting&quot;,&quot;bitrate&quot;:0,&quot;dest&quot;:&quot;bonded/bonded34&quot;},{&quot;mip&quot;:&quot;4000.ts&quot;,&quot;port&quot;:0,&quot;ip&quot;:&quot;file&quot;,&quot;in_name&quot;:&quot;bond&quot;,&quot;in_active&quot;:1,&quot;in_active_sources&quot;:0,&quot;prg_name&quot;:&quot;&quot;,&quot;prg_prov&quot;:&quot;&quot;,&quot;prg_num&quot;:-1,&quot;chan&quot;:&quot;&quot;,&quot;chan_id&quot;:-1,&quot;id&quot;:&quot;zixi://bonded(bonded42)#10.7.0.66:2088@10.7.0.65,192.168.60.66:2088@192.168.50.65,192.168.5.166:2088@192.168.5.165&quot;,&quot;type&quot;:2,&quot;name&quot;:&quot;bond42&quot;,&quot;asi&quot;:0,&quot;rtmp&quot;:0,&quot;file&quot;:1,&quot;active&quot;:1,&quot;group&quot;:&quot;&quot;,&quot;bonded&quot;:[],&quot;error&quot;:&quot;Timeout&quot;,&quot;con_stat&quot;:&quot;Connecting&quot;,&quot;bitrate&quot;:0,&quot;dest&quot;:&quot;bonded/bonded42&quot;},{&quot;mip&quot;:&quot;4000.ts&quot;,&quot;port&quot;:0,&quot;ip&quot;:&quot;file&quot;,&quot;in_name&quot;:&quot;bond&quot;,&quot;in_active&quot;:1,&quot;in_active_sources&quot;:0,&quot;prg_name&quot;:&quot;&quot;,&quot;prg_prov&quot;:&quot;&quot;,&quot;prg_num&quot;:-1,&quot;chan&quot;:&quot;&quot;,&quot;chan_id&quot;:-1,&quot;id&quot;:&quot;zixi://bonded(bonded45)#10.7.0.66:2088@10.7.0.65,192.168.60.66:2088@192.168.50.65,192.168.5.166:2088@192.168.5.165&quot;,&quot;type&quot;:2,&quot;name&quot;:&quot;bond45&quot;,&quot;asi&quot;:0,&quot;rtmp&quot;:0,&quot;file&quot;:1,&quot;active&quot;:1,&quot;group&quot;:&quot;&quot;,&quot;bonded&quot;:[],&quot;error&quot;:&quot;Timeout&quot;,&quot;con_stat&quot;:&quot;Connecting&quot;,&quot;bitrate&quot;:0,&quot;dest&quot;:&quot;bonded/bonded45&quot;},{&quot;mip&quot;:&quot;4000.ts&quot;,&quot;port&quot;:0,&quot;ip&quot;:&quot;file&quot;,&quot;in_name&quot;:&quot;bond&quot;,&quot;in_active&quot;:1,&quot;in_active_sources&quot;:0,&quot;prg_name&quot;:&quot;&quot;,&quot;prg_prov&quot;:&quot;&quot;,&quot;prg_num&quot;:-1,&quot;chan&quot;:&quot;&quot;,&quot;chan_id&quot;:-1,&quot;id&quot;:&quot;zixi://bonded(bonded43)#10.7.0.66:2088@10.7.0.65,192.168.60.66:2088@192.168.50.65,192.168.5.166:2088@192.168.5.165&quot;,&quot;type&quot;:2,&quot;name&quot;:&quot;bond43&quot;,&quot;asi&quot;:0,&quot;rtmp&quot;:0,&quot;file&quot;:1,&quot;active&quot;:1,&quot;group&quot;:&quot;&quot;,&quot;bonded&quot;:[],&quot;error&quot;:&quot;Authentication&quot;,&quot;con_stat&quot;:&quot;Disconnected&quot;,&quot;bitrate&quot;:0,&quot;dest&quot;:&quot;bonded/bonded43&quot;},{&quot;mip&quot;:&quot;4000.ts&quot;,&quot;port&quot;:0,&quot;ip&quot;:&quot;file&quot;,&quot;in_name&quot;:&quot;bond&quot;,&quot;in_active&quot;:1,&quot;in_active_sources&quot;:0,&quot;prg_name&quot;:&quot;&quot;,&quot;prg_prov&quot;:&quot;&quot;,&quot;prg_num&quot;:-1,&quot;chan&quot;:&quot;&quot;,&quot;chan_id&quot;:-1,&quot;id&quot;:&quot;zixi://bonded(bonded38)#10.7.0.66:2088@10.7.0.65,192.168.60.66:2088@192.168.50.65,192.168.5.166:2088@192.168.5.165&quot;,&quot;type&quot;:2,&quot;name&quot;:&quot;bond38&quot;,&quot;asi&quot;:0,&quot;rtmp&quot;:0,&quot;file&quot;:1,&quot;active&quot;:1,&quot;group&quot;:&quot;&quot;,&quot;bonded&quot;:[],&quot;error&quot;:&quot;Timeout&quot;,&quot;con_stat&quot;:&quot;Disconnected&quot;,&quot;bitrate&quot;:0,&quot;dest&quot;:&quot;bonded/bonded38&quot;},{&quot;mip&quot;:&quot;4000.ts&quot;,&quot;port&quot;:0,&quot;ip&quot;:&quot;file&quot;,&quot;in_name&quot;:&quot;bond&quot;,&quot;in_active&quot;:1,&quot;in_active_sources&quot;:0,&quot;prg_name&quot;:&quot;&quot;,&quot;prg_prov&quot;:&quot;&quot;,&quot;prg_num&quot;:-1,&quot;chan&quot;:&quot;&quot;,&quot;chan_id&quot;:-1,&quot;id&quot;:&quot;zixi://bonded(bonded47)#10.7.0.66:2088@10.7.0.65,192.168.60.66:2088@192.168.50.65,192.168.5.166:2088@192.168.5.165&quot;,&quot;type&quot;:2,&quot;name&quot;:&quot;bond47&quot;,&quot;asi&quot;:0,&quot;rtmp&quot;:0,&quot;file&quot;:1,&quot;active&quot;:1,&quot;group&quot;:&quot;&quot;,&quot;bonded&quot;:[],&quot;error&quot;:&quot;Authentication&quot;,&quot;con_stat&quot;:&quot;Disconnected&quot;,&quot;bitrate&quot;:0,&quot;dest&quot;:&quot;bonded/bonded47&quot;},{&quot;mip&quot;:&quot;4000.ts&quot;,&quot;port&quot;:0,&quot;ip&quot;:&quot;file&quot;,&quot;in_name&quot;:&quot;bond&quot;,&quot;in_active&quot;:1,&quot;in_active_sources&quot;:0,&quot;prg_name&quot;:&quot;&quot;,&quot;prg_prov&quot;:&quot;&quot;,&quot;prg_num&quot;:-1,&quot;chan&quot;:&quot;&quot;,&quot;chan_id&quot;:-1,&quot;id&quot;:&quot;zixi://bonded(bonded48)#10.7.0.66:2088@10.7.0.65,192.168.60.66:2088@192.168.50.65,192.168.5.166:2088@192.168.5.165&quot;,&quot;type&quot;:2,&quot;name&quot;:&quot;bond48&quot;,&quot;asi&quot;:0,&quot;rtmp&quot;:0,&quot;file&quot;:1,&quot;active&quot;:1,&quot;group&quot;:&quot;&quot;,&quot;bonded&quot;:[],&quot;error&quot;:&quot;Timeout&quot;,&quot;con_stat&quot;:&quot;Connecting&quot;,&quot;bitrate&quot;:0,&quot;dest&quot;:&quot;bonded/bonded48&quot;},{&quot;mip&quot;:&quot;4000.ts&quot;,&quot;port&quot;:0,&quot;ip&quot;:&quot;file&quot;,&quot;in_name&quot;:&quot;bond&quot;,&quot;in_active&quot;:1,&quot;in_active_sources&quot;:0,&quot;prg_name&quot;:&quot;&quot;,&quot;prg_prov&quot;:&quot;&quot;,&quot;prg_num&quot;:-1,&quot;chan&quot;:&quot;&quot;,&quot;chan_id&quot;:-1,&quot;id&quot;:&quot;zixi://bonded(bonded0)#10.7.0.66:2088@10.7.0.65,192.168.60.66:2088@192.168.50.65,192.168.5.166:2088@192.168.5.165&quot;,&quot;type&quot;:2,&quot;name&quot;:&quot;bond0&quot;,&quot;asi&quot;:0,&quot;rtmp&quot;:0,&quot;file&quot;:1,&quot;active&quot;:1,&quot;group&quot;:&quot;&quot;,&quot;bonded&quot;:[{&quot;host&quot;:&quot;10.7.0.66&quot;,&quot;port&quot;:2088,&quot;nic&quot;:&quot;10.7.0.65&quot;,&quot;limit&quot;:0,&quot;is_backup&quot;:0,&quot;bitrate&quot;:1009531,&quot;up_time&quot;:327,&quot;error_code&quot;:0,&quot;status_code&quot;:3,&quot;error_str&quot;:&quot;None&quot;,&quot;status_str&quot;:&quot;Connected&quot;},{&quot;host&quot;:&quot;192.168.60.66&quot;,&quot;port&quot;:2088,&quot;nic&quot;:&quot;192.168.50.65&quot;,&quot;limit&quot;:0,&quot;is_backup&quot;:0,&quot;bitrate&quot;:0,&quot;up_time&quot;:0,&quot;error_code&quot;:3,&quot;status_code&quot;:1,&quot;error_str&quot;:&quot;Timeout&quot;,&quot;status_str&quot;:&quot;Connecting&quot;},{&quot;host&quot;:&quot;192.168.5.166&quot;,&quot;port&quot;:2088,&quot;nic&quot;:&quot;192.168.5.165&quot;,&quot;limit&quot;:0,&quot;is_backup&quot;:0,&quot;bitrate&quot;:4686094,&quot;up_time&quot;:278,&quot;error_code&quot;:0,&quot;status_code&quot;:3,&quot;error_str&quot;:&quot;None&quot;,&quot;status_str&quot;:&quot;Connected&quot;}],&quot;error&quot;:&quot;None&quot;,&quot;con_stat&quot;:&quot;Disconnected&quot;,&quot;bitrate&quot;:5623576,&quot;dest&quot;:&quot;bonded/bonded0&quot;},{&quot;mip&quot;:&quot;4000.ts&quot;,&quot;port&quot;:0,&quot;ip&quot;:&quot;file&quot;,&quot;in_name&quot;:&quot;bond&quot;,&quot;in_active&quot;:1,&quot;in_active_sources&quot;:0,&quot;prg_name&quot;:&quot;&quot;,&quot;prg_prov&quot;:&quot;&quot;,&quot;prg_num&quot;:-1,&quot;chan&quot;:&quot;&quot;,&quot;chan_id&quot;:-1,&quot;id&quot;:&quot;zixi://bonded(bonded6)#10.7.0.66:2088@10.7.0.65,192.168.60.66:2088@192.168.50.65,192.168.5.166:2088@192.168.5.165&quot;,&quot;type&quot;:2,&quot;name&quot;:&quot;bond6&quot;,&quot;asi&quot;:0,&quot;rtmp&quot;:0,&quot;file&quot;:1,&quot;active&quot;:1,&quot;group&quot;:&quot;&quot;,&quot;bonded&quot;:[{&quot;host&quot;:&quot;10.7.0.66&quot;,&quot;port&quot;:2088,&quot;nic&quot;:&quot;10.7.0.65&quot;,&quot;limit&quot;:0,&quot;is_backup&quot;:0,&quot;bitrate&quot;:1008937,&quot;up_time&quot;:72,&quot;error_code&quot;:0,&quot;status_code&quot;:3,&quot;error_str&quot;:&quot;None&quot;,&quot;status_str&quot;:&quot;Connected&quot;},{&quot;host&quot;:&quot;192.168.60.66&quot;,&quot;port&quot;:2088,&quot;nic&quot;:&quot;192.168.50.65&quot;,&quot;limit&quot;:0,&quot;is_backup&quot;:0,&quot;bitrate&quot;:0,&quot;up_time&quot;:0,&quot;error_code&quot;:3,&quot;status_code&quot;:1,&quot;error_str&quot;:&quot;Timeout&quot;,&quot;status_str&quot;:&quot;Connecting&quot;},{&quot;host&quot;:&quot;192.168.5.166&quot;,&quot;port&quot;:2088,&quot;nic&quot;:&quot;192.168.5.165&quot;,&quot;limit&quot;:0,&quot;is_backup&quot;:0,&quot;bitrate&quot;:3191671,&quot;up_time&quot;:313,&quot;error_code&quot;:0,&quot;status_code&quot;:3,&quot;error_str&quot;:&quot;None&quot;,&quot;status_str&quot;:&quot;Connected&quot;}],&quot;error&quot;:&quot;None&quot;,&quot;con_stat&quot;:&quot;Disconnected&quot;,&quot;bitrate&quot;:4141232,&quot;dest&quot;:&quot;bonded/bonded6&quot;},{&quot;mip&quot;:&quot;4000.ts&quot;,&quot;port&quot;:0,&quot;ip&quot;:&quot;file&quot;,&quot;in_name&quot;:&quot;bond&quot;,&quot;in_active&quot;:1,&quot;in_active_sources&quot;:0,&quot;prg_name&quot;:&quot;&quot;,&quot;prg_prov&quot;:&quot;&quot;,&quot;prg_num&quot;:-1,&quot;chan&quot;:&quot;&quot;,&quot;chan_id&quot;:-1,&quot;id&quot;:&quot;zixi://bonded(bonded2)#10.7.0.66:2088@10.7.0.65,192.168.60.66:2088@192.168.50.65,192.168.5.166:2088@192.168.5.165&quot;,&quot;type&quot;:2,&quot;name&quot;:&quot;bond2&quot;,&quot;asi&quot;:0,&quot;rtmp&quot;:0,&quot;file&quot;:1,&quot;active&quot;:1,&quot;group&quot;:&quot;&quot;,&quot;bonded&quot;:[{&quot;host&quot;:&quot;10.7.0.66&quot;,&quot;port&quot;:2088,&quot;nic&quot;:&quot;10.7.0.65&quot;,&quot;limit&quot;:0,&quot;is_backup&quot;:0,&quot;bitrate&quot;:1008649,&quot;up_time&quot;:211,&quot;error_code&quot;:0,&quot;status_code&quot;:3,&quot;error_str&quot;:&quot;None&quot;,&quot;status_str&quot;:&quot;Connected&quot;},{&quot;host&quot;:&quot;192.168.60.66&quot;,&quot;port&quot;:2088,&quot;nic&quot;:&quot;192.168.50.65&quot;,&quot;limit&quot;:0,&quot;is_backup&quot;:0,&quot;bitrate&quot;:0,&quot;up_time&quot;:0,&quot;error_code&quot;:3,&quot;status_code&quot;:1,&quot;error_str&quot;:&quot;Timeout&quot;,&quot;status_str&quot;:&quot;Connecting&quot;},{&quot;host&quot;:&quot;192.168.5.166&quot;,&quot;port&quot;:2088,&quot;nic&quot;:&quot;192.168.5.165&quot;,&quot;limit&quot;:0,&quot;is_backup&quot;:0,&quot;bitrate&quot;:3211923,&quot;up_time&quot;:258,&quot;error_code&quot;:0,&quot;status_code&quot;:3,&quot;error_str&quot;:&quot;None&quot;,&quot;status_str&quot;:&quot;Connected&quot;}],&quot;error&quot;:&quot;None&quot;,&quot;con_stat&quot;:&quot;Disconnected&quot;,&quot;bitrate&quot;:4147868,&quot;dest&quot;:&quot;bonded/bonded2&quot;},{&quot;mip&quot;:&quot;4000.ts&quot;,&quot;port&quot;:0,&quot;ip&quot;:&quot;file&quot;,&quot;in_name&quot;:&quot;bond&quot;,&quot;in_active&quot;:1,&quot;in_active_sources&quot;:0,&quot;prg_name&quot;:&quot;&quot;,&quot;prg_prov&quot;:&quot;&quot;,&quot;prg_num&quot;:-1,&quot;chan&quot;:&quot;&quot;,&quot;chan_id&quot;:-1,&quot;id&quot;:&quot;zixi://bonded(bonded1)#10.7.0.66:2088@10.7.0.65,192.168.60.66:2088@192.168.50.65,192.168.5.166:2088@192.168.5.165&quot;,&quot;type&quot;:2,&quot;name&quot;:&quot;bond1&quot;,&quot;asi&quot;:0,&quot;rtmp&quot;:0,&quot;file&quot;:1,&quot;active&quot;:1,&quot;group&quot;:&quot;&quot;,&quot;bonded&quot;:[{&quot;host&quot;:&quot;10.7.0.66&quot;,&quot;port&quot;:2088,&quot;nic&quot;:&quot;10.7.0.65&quot;,&quot;limit&quot;:0,&quot;is_backup&quot;:0,&quot;bitrate&quot;:1009531,&quot;up_time&quot;:300,&quot;error_code&quot;:0,&quot;status_code&quot;:3,&quot;error_str&quot;:&quot;None&quot;,&quot;status_str&quot;:&quot;Connected&quot;},{&quot;host&quot;:&quot;192.168.60.66&quot;,&quot;port&quot;:2088,&quot;nic&quot;:&quot;192.168.50.65&quot;,&quot;limit&quot;:0,&quot;is_backup&quot;:0,&quot;bitrate&quot;:0,&quot;up_time&quot;:0,&quot;error_code&quot;:3,&quot;status_code&quot;:1,&quot;error_str&quot;:&quot;Timeout&quot;,&quot;status_str&quot;:&quot;Connecting&quot;},{&quot;host&quot;:&quot;192.168.5.166&quot;,&quot;port&quot;:2088,&quot;nic&quot;:&quot;192.168.5.165&quot;,&quot;limit&quot;:0,&quot;is_backup&quot;:0,&quot;bitrate&quot;:4680955,&quot;up_time&quot;:268,&quot;error_code&quot;:0,&quot;status_code&quot;:3,&quot;error_str&quot;:&quot;None&quot;,&quot;status_str&quot;:&quot;Connected&quot;}],&quot;error&quot;:&quot;None&quot;,&quot;con_stat&quot;:&quot;Disconnected&quot;,&quot;bitrate&quot;:5623144,&quot;dest&quot;:&quot;bonded/bonded1&quot;},{&quot;mip&quot;:&quot;4000.ts&quot;,&quot;port&quot;:0,&quot;ip&quot;:&quot;file&quot;,&quot;in_name&quot;:&quot;bond&quot;,&quot;in_active&quot;:1,&quot;in_active_sources&quot;:0,&quot;prg_name&quot;:&quot;&quot;,&quot;prg_prov&quot;:&quot;&quot;,&quot;prg_num&quot;:-1,&quot;chan&quot;:&quot;&quot;,&quot;chan_id&quot;:-1,&quot;id&quot;:&quot;zixi://bonded(bonded4)#10.7.0.66:2088@10.7.0.65,192.168.60.66:2088@192.168.50.65,192.168.5.166:2088@192.168.5.165&quot;,&quot;type&quot;:2,&quot;name&quot;:&quot;bond4&quot;,&quot;asi&quot;:0,&quot;rtmp&quot;:0,&quot;file&quot;:1,&quot;active&quot;:1,&quot;group&quot;:&quot;&quot;,&quot;bonded&quot;:[],&quot;error&quot;:&quot;Timeout&quot;,&quot;con_stat&quot;:&quot;Connecting&quot;,&quot;bitrate&quot;:0,&quot;dest&quot;:&quot;bonded/bonded4&quot;},{&quot;mip&quot;:&quot;4000.ts&quot;,&quot;port&quot;:0,&quot;ip&quot;:&quot;file&quot;,&quot;in_name&quot;:&quot;bond&quot;,&quot;in_active&quot;:1,&quot;in_active_sources&quot;:0,&quot;prg_name&quot;:&quot;&quot;,&quot;prg_prov&quot;:&quot;&quot;,&quot;prg_num&quot;:-1,&quot;chan&quot;:&quot;&quot;,&quot;chan_id&quot;:-1,&quot;id&quot;:&quot;zixi://bonded(bonded5)#10.7.0.66:2088@10.7.0.65,192.168.60.66:2088@192.168.50.65,192.168.5.166:2088@192.168.5.165&quot;,&quot;type&quot;:2,&quot;name&quot;:&quot;bond5&quot;,&quot;asi&quot;:0,&quot;rtmp&quot;:0,&quot;file&quot;:1,&quot;active&quot;:1,&quot;group&quot;:&quot;&quot;,&quot;bonded&quot;:[{&quot;host&quot;:&quot;10.7.0.66&quot;,&quot;port&quot;:2088,&quot;nic&quot;:&quot;10.7.0.65&quot;,&quot;limit&quot;:0,&quot;is_backup&quot;:0,&quot;bitrate&quot;:1010819,&quot;up_time&quot;:305,&quot;error_code&quot;:0,&quot;status_code&quot;:3,&quot;error_str&quot;:&quot;None&quot;,&quot;status_str&quot;:&quot;Connected&quot;},{&quot;host&quot;:&quot;192.168.60.66&quot;,&quot;port&quot;:2088,&quot;nic&quot;:&quot;192.168.50.65&quot;,&quot;limit&quot;:0,&quot;is_backup&quot;:0,&quot;bitrate&quot;:0,&quot;up_time&quot;:0,&quot;error_code&quot;:3,&quot;status_code&quot;:1,&quot;error_str&quot;:&quot;Timeout&quot;,&quot;status_str&quot;:&quot;Connecting&quot;},{&quot;host&quot;:&quot;192.168.5.166&quot;,&quot;port&quot;:2088,&quot;nic&quot;:&quot;192.168.5.165&quot;,&quot;limit&quot;:0,&quot;is_backup&quot;:0,&quot;bitrate&quot;:3182468,&quot;up_time&quot;:273,&quot;error_code&quot;:0,&quot;status_code&quot;:3,&quot;error_str&quot;:&quot;None&quot;,&quot;status_str&quot;:&quot;Connected&quot;}],&quot;error&quot;:&quot;None&quot;,&quot;con_stat&quot;:&quot;Disconnected&quot;,&quot;bitrate&quot;:4128175,&quot;dest&quot;:&quot;bonded/bonded5&quot;},{&quot;mip&quot;:&quot;4000.ts&quot;,&quot;port&quot;:0,&quot;ip&quot;:&quot;file&quot;,&quot;in_name&quot;:&quot;bond&quot;,&quot;in_active&quot;:1,&quot;in_active_sources&quot;:0,&quot;prg_name&quot;:&quot;&quot;,&quot;prg_prov&quot;:&quot;&quot;,&quot;prg_num&quot;:-1,&quot;chan&quot;:&quot;&quot;,&quot;chan_id&quot;:-1,&quot;id&quot;:&quot;zixi://bonded(bonded9)#10.7.0.66:2088@10.7.0.65,192.168.60.66:2088@192.168.50.65,192.168.5.166:2088@192.168.5.165&quot;,&quot;type&quot;:2,&quot;name&quot;:&quot;bond9&quot;,&quot;asi&quot;:0,&quot;rtmp&quot;:0,&quot;file&quot;:1,&quot;active&quot;:1,&quot;group&quot;:&quot;&quot;,&quot;bonded&quot;:[{&quot;host&quot;:&quot;10.7.0.66&quot;,&quot;port&quot;:2088,&quot;nic&quot;:&quot;10.7.0.65&quot;,&quot;limit&quot;:0,&quot;is_backup&quot;:0,&quot;bitrate&quot;:999325,&quot;up_time&quot;:173,&quot;error_code&quot;:0,&quot;status_code&quot;:3,&quot;error_str&quot;:&quot;None&quot;,&quot;status_str&quot;:&quot;Connected&quot;},{&quot;host&quot;:&quot;192.168.60.66&quot;,&quot;port&quot;:2088,&quot;nic&quot;:&quot;192.168.50.65&quot;,&quot;limit&quot;:0,&quot;is_backup&quot;:0,&quot;bitrate&quot;:0,&quot;up_time&quot;:0,&quot;error_code&quot;:3,&quot;status_code&quot;:1,&quot;error_str&quot;:&quot;Timeout&quot;,&quot;status_str&quot;:&quot;Connecting&quot;},{&quot;host&quot;:&quot;192.168.5.166&quot;,&quot;port&quot;:2088,&quot;nic&quot;:&quot;192.168.5.165&quot;,&quot;limit&quot;:0,&quot;is_backup&quot;:0,&quot;bitrate&quot;:3238598,&quot;up_time&quot;:91,&quot;error_code&quot;:0,&quot;status_code&quot;:3,&quot;error_str&quot;:&quot;None&quot;,&quot;status_str&quot;:&quot;Connected&quot;}],&quot;error&quot;:&quot;None&quot;,&quot;con_stat&quot;:&quot;Disconnected&quot;,&quot;bitrate&quot;:4161776,&quot;dest&quot;:&quot;bonded/bonded9&quot;},{&quot;mip&quot;:&quot;4000.ts&quot;,&quot;port&quot;:0,&quot;ip&quot;:&quot;file&quot;,&quot;in_name&quot;:&quot;bond&quot;,&quot;in_active&quot;:1,&quot;in_active_sources&quot;:0,&quot;prg_name&quot;:&quot;&quot;,&quot;prg_prov&quot;:&quot;&quot;,&quot;prg_num&quot;:-1,&quot;chan&quot;:&quot;&quot;,&quot;chan_id&quot;:-1,&quot;id&quot;:&quot;zixi://bonded(bonded12)#10.7.0.66:2088@10.7.0.65,192.168.60.66:2088@192.168.50.65,192.168.5.166:2088@192.168.5.165&quot;,&quot;type&quot;:2,&quot;name&quot;:&quot;bond12&quot;,&quot;asi&quot;:0,&quot;rtmp&quot;:0,&quot;file&quot;:1,&quot;active&quot;:1,&quot;group&quot;:&quot;&quot;,&quot;bonded&quot;:[{&quot;host&quot;:&quot;10.7.0.66&quot;,&quot;port&quot;:2088,&quot;nic&quot;:&quot;10.7.0.65&quot;,&quot;limit&quot;:0,&quot;is_backup&quot;:0,&quot;bitrate&quot;:1007975,&quot;up_time&quot;:167,&quot;error_code&quot;:0,&quot;status_code&quot;:3,&quot;error_str&quot;:&quot;None&quot;,&quot;status_str&quot;:&quot;Connected&quot;},{&quot;host&quot;:&quot;192.168.60.66&quot;,&quot;port&quot;:2088,&quot;nic&quot;:&quot;192.168.50.65&quot;,&quot;limit&quot;:0,&quot;is_backup&quot;:0,&quot;bitrate&quot;:0,&quot;up_time&quot;:0,&quot;error_code&quot;:3,&quot;status_code&quot;:1,&quot;error_str&quot;:&quot;Timeout&quot;,&quot;status_str&quot;:&quot;Connecting&quot;},{&quot;host&quot;:&quot;192.168.5.166&quot;,&quot;port&quot;:2088,&quot;nic&quot;:&quot;192.168.5.165&quot;,&quot;limit&quot;:0,&quot;is_backup&quot;:0,&quot;bitrate&quot;:3217247,&quot;up_time&quot;:81,&quot;error_code&quot;:0,&quot;status_code&quot;:3,&quot;error_str&quot;:&quot;None&quot;,&quot;status_str&quot;:&quot;Connected&quot;}],&quot;error&quot;:&quot;None&quot;,&quot;con_stat&quot;:&quot;Disconnected&quot;,&quot;bitrate&quot;:4151504,&quot;dest&quot;:&quot;bonded/bonded12&quot;},{&quot;mip&quot;:&quot;4000.ts&quot;,&quot;port&quot;:0,&quot;ip&quot;:&quot;file&quot;,&quot;in_name&quot;:&quot;bond&quot;,&quot;in_active&quot;:1,&quot;in_active_sources&quot;:0,&quot;prg_name&quot;:&quot;&quot;,&quot;prg_prov&quot;:&quot;&quot;,&quot;prg_num&quot;:-1,&quot;chan&quot;:&quot;&quot;,&quot;chan_id&quot;:-1,&quot;id&quot;:&quot;zixi://bonded(bonded10)#10.7.0.66:2088@10.7.0.65,192.168.60.66:2088@192.168.50.65,192.168.5.166:2088@192.168.5.165&quot;,&quot;type&quot;:2,&quot;name&quot;:&quot;bond10&quot;,&quot;asi&quot;:0,&quot;rtmp&quot;:0,&quot;file&quot;:1,&quot;active&quot;:1,&quot;group&quot;:&quot;&quot;,&quot;bonded&quot;:[],&quot;error&quot;:&quot;Authentication&quot;,&quot;con_stat&quot;:&quot;Disconnected&quot;,&quot;bitrate&quot;:0,&quot;dest&quot;:&quot;bonded/bonded10&quot;},{&quot;mip&quot;:&quot;4000.ts&quot;,&quot;port&quot;:0,&quot;ip&quot;:&quot;file&quot;,&quot;in_name&quot;:&quot;bond&quot;,&quot;in_active&quot;:1,&quot;in_active_sources&quot;:0,&quot;prg_name&quot;:&quot;&quot;,&quot;prg_prov&quot;:&quot;&quot;,&quot;prg_num&quot;:-1,&quot;chan&quot;:&quot;&quot;,&quot;chan_id&quot;:-1,&quot;id&quot;:&quot;zixi://bonded(bonded13)#10.7.0.66:2088@10.7.0.65,192.168.60.66:2088@192.168.50.65,192.168.5.166:2088@192.168.5.165&quot;,&quot;type&quot;:2,&quot;name&quot;:&quot;bond13&quot;,&quot;asi&quot;:0,&quot;rtmp&quot;:0,&quot;file&quot;:1,&quot;active&quot;:1,&quot;group&quot;:&quot;&quot;,&quot;bonded&quot;:[{&quot;host&quot;:&quot;10.7.0.66&quot;,&quot;port&quot;:2088,&quot;nic&quot;:&quot;10.7.0.65&quot;,&quot;limit&quot;:0,&quot;is_backup&quot;:0,&quot;bitrate&quot;:1002730,&quot;up_time&quot;:169,&quot;error_code&quot;:0,&quot;status_code&quot;:3,&quot;error_str&quot;:&quot;None&quot;,&quot;status_str&quot;:&quot;Connected&quot;},{&quot;host&quot;:&quot;192.168.60.66&quot;,&quot;port&quot;:2088,&quot;nic&quot;:&quot;192.168.50.65&quot;,&quot;limit&quot;:0,&quot;is_backup&quot;:0,&quot;bitrate&quot;:0,&quot;up_time&quot;:0,&quot;error_code&quot;:3,&quot;status_code&quot;:1,&quot;error_str&quot;:&quot;Timeout&quot;,&quot;status_str&quot;:&quot;Connecting&quot;},{&quot;host&quot;:&quot;192.168.5.166&quot;,&quot;port&quot;:2088,&quot;nic&quot;:&quot;192.168.5.165&quot;,&quot;limit&quot;:0,&quot;is_backup&quot;:0,&quot;bitrate&quot;:3200561,&quot;up_time&quot;:312,&quot;error_code&quot;:0,&quot;status_code&quot;:3,&quot;error_str&quot;:&quot;None&quot;,&quot;status_str&quot;:&quot;Connected&quot;}],&quot;error&quot;:&quot;None&quot;,&quot;con_stat&quot;:&quot;Disconnected&quot;,&quot;bitrate&quot;:4141808,&quot;dest&quot;:&quot;bonded/bonded13&quot;},{&quot;mip&quot;:&quot;4000.ts&quot;,&quot;port&quot;:0,&quot;ip&quot;:&quot;file&quot;,&quot;in_name&quot;:&quot;bond&quot;,&quot;in_active&quot;:1,&quot;in_active_sources&quot;:0,&quot;prg_name&quot;:&quot;&quot;,&quot;prg_prov&quot;:&quot;&quot;,&quot;prg_num&quot;:-1,&quot;chan&quot;:&quot;&quot;,&quot;chan_id&quot;:-1,&quot;id&quot;:&quot;zixi://bonded(bonded11)#10.7.0.66:2088@10.7.0.65,192.168.60.66:2088@192.168.50.65,192.168.5.166:2088@192.168.5.165&quot;,&quot;type&quot;:2,&quot;name&quot;:&quot;bond11&quot;,&quot;asi&quot;:0,&quot;rtmp&quot;:0,&quot;file&quot;:1,&quot;active&quot;:1,&quot;group&quot;:&quot;&quot;,&quot;bonded&quot;:[{&quot;host&quot;:&quot;10.7.0.66&quot;,&quot;port&quot;:2088,&quot;nic&quot;:&quot;10.7.0.65&quot;,&quot;limit&quot;:0,&quot;is_backup&quot;:0,&quot;bitrate&quot;:993059,&quot;up_time&quot;:145,&quot;error_code&quot;:0,&quot;status_code&quot;:3,&quot;error_str&quot;:&quot;None&quot;,&quot;status_str&quot;:&quot;Connected&quot;},{&quot;host&quot;:&quot;192.168.60.66&quot;,&quot;port&quot;:2088,&quot;nic&quot;:&quot;192.168.50.65&quot;,&quot;limit&quot;:0,&quot;is_backup&quot;:0,&quot;bitrate&quot;:0,&quot;up_time&quot;:0,&quot;error_code&quot;:3,&quot;status_code&quot;:1,&quot;error_str&quot;:&quot;Timeout&quot;,&quot;status_str&quot;:&quot;Connecting&quot;},{&quot;host&quot;:&quot;192.168.5.166&quot;,&quot;port&quot;:2088,&quot;nic&quot;:&quot;192.168.5.165&quot;,&quot;limit&quot;:0,&quot;is_backup&quot;:0,&quot;bitrate&quot;:3170792,&quot;up_time&quot;:148,&quot;error_code&quot;:0,&quot;status_code&quot;:3,&quot;error_str&quot;:&quot;None&quot;,&quot;status_str&quot;:&quot;Connected&quot;}],&quot;error&quot;:&quot;None&quot;,&quot;con_stat&quot;:&quot;Disconnected&quot;,&quot;bitrate&quot;:4110920,&quot;dest&quot;:&quot;bonded/bonded11&quot;},{&quot;mip&quot;:&quot;4000.ts&quot;,&quot;port&quot;:0,&quot;ip&quot;:&quot;file&quot;,&quot;in_name&quot;:&quot;bond&quot;,&quot;in_active&quot;:1,&quot;in_active_sources&quot;:0,&quot;prg_name&quot;:&quot;&quot;,&quot;prg_prov&quot;:&quot;&quot;,&quot;prg_num&quot;:-1,&quot;chan&quot;:&quot;&quot;,&quot;chan_id&quot;:-1,&quot;id&quot;:&quot;zixi://bonded(bonded7)#10.7.0.66:2088@10.7.0.65,192.168.60.66:2088@192.168.50.65,192.168.5.166:2088@192.168.5.165&quot;,&quot;type&quot;:2,&quot;name&quot;:&quot;bond7&quot;,&quot;asi&quot;:0,&quot;rtmp&quot;:0,&quot;file&quot;:1,&quot;active&quot;:1,&quot;group&quot;:&quot;&quot;,&quot;bonded&quot;:[{&quot;host&quot;:&quot;10.7.0.66&quot;,&quot;port&quot;:2088,&quot;nic&quot;:&quot;10.7.0.65&quot;,&quot;limit&quot;:0,&quot;is_backup&quot;:0,&quot;bitrate&quot;:1008915,&quot;up_time&quot;:305,&quot;error_code&quot;:0,&quot;status_code&quot;:3,&quot;error_str&quot;:&quot;None&quot;,&quot;status_str&quot;:&quot;Connected&quot;},{&quot;host&quot;:&quot;192.168.60.66&quot;,&quot;port&quot;:2088,&quot;nic&quot;:&quot;192.168.50.65&quot;,&quot;limit&quot;:0,&quot;is_backup&quot;:0,&quot;bitrate&quot;:0,&quot;up_time&quot;:0,&quot;error_code&quot;:3,&quot;status_code&quot;:1,&quot;error_str&quot;:&quot;Timeout&quot;,&quot;status_str&quot;:&quot;Connecting&quot;},{&quot;host&quot;:&quot;192.168.5.166&quot;,&quot;port&quot;:2088,&quot;nic&quot;:&quot;192.168.5.165&quot;,&quot;limit&quot;:0,&quot;is_backup&quot;:0,&quot;bitrate&quot;:3182777,&quot;up_time&quot;:263,&quot;error_code&quot;:0,&quot;status_code&quot;:3,&quot;error_str&quot;:&quot;None&quot;,&quot;status_str&quot;:&quot;Connected&quot;}],&quot;error&quot;:&quot;None&quot;,&quot;con_stat&quot;:&quot;Disconnected&quot;,&quot;bitrate&quot;:4121424,&quot;dest&quot;:&quot;bonded/bonded7&quot;},{&quot;mip&quot;:&quot;4000.ts&quot;,&quot;port&quot;:0,&quot;ip&quot;:&quot;file&quot;,&quot;in_name&quot;:&quot;bond&quot;,&quot;in_active&quot;:1,&quot;in_active_sources&quot;:0,&quot;prg_name&quot;:&quot;&quot;,&quot;prg_prov&quot;:&quot;&quot;,&quot;prg_num&quot;:-1,&quot;chan&quot;:&quot;&quot;,&quot;chan_id&quot;:-1,&quot;id&quot;:&quot;zixi://bonded(bonded14)#10.7.0.66:2088@10.7.0.65,192.168.60.66:2088@192.168.50.65,192.168.5.166:2088@192.168.5.165&quot;,&quot;type&quot;:2,&quot;name&quot;:&quot;bond14&quot;,&quot;asi&quot;:0,&quot;rtmp&quot;:0,&quot;file&quot;:1,&quot;active&quot;:1,&quot;group&quot;:&quot;&quot;,&quot;bonded&quot;:[],&quot;error&quot;:&quot;Timeout&quot;,&quot;con_stat&quot;:&quot;Connecting&quot;,&quot;bitrate&quot;:0,&quot;dest&quot;:&quot;bonded/bonded14&quot;},{&quot;mip&quot;:&quot;4000.ts&quot;,&quot;port&quot;:0,&quot;ip&quot;:&quot;file&quot;,&quot;in_name&quot;:&quot;bond&quot;,&quot;in_active&quot;:1,&quot;in_active_sources&quot;:0,&quot;prg_name&quot;:&quot;&quot;,&quot;prg_prov&quot;:&quot;&quot;,&quot;prg_num&quot;:-1,&quot;chan&quot;:&quot;&quot;,&quot;chan_id&quot;:-1,&quot;id&quot;:&quot;zixi://bonded(bonded3)#10.7.0.66:2088@10.7.0.65,192.168.60.66:2088@192.168.50.65,192.168.5.166:2088@192.168.5.165&quot;,&quot;type&quot;:2,&quot;name&quot;:&quot;bond3&quot;,&quot;asi&quot;:0,&quot;rtmp&quot;:0,&quot;file&quot;:1,&quot;active&quot;:1,&quot;group&quot;:&quot;&quot;,&quot;bonded&quot;:[{&quot;host&quot;:&quot;10.7.0.66&quot;,&quot;port&quot;:2088,&quot;nic&quot;:&quot;10.7.0.65&quot;,&quot;limit&quot;:0,&quot;is_backup&quot;:0,&quot;bitrate&quot;:1003630,&quot;up_time&quot;:146,&quot;error_code&quot;:0,&quot;status_code&quot;:3,&quot;error_str&quot;:&quot;None&quot;,&quot;status_str&quot;:&quot;Connected&quot;},{&quot;host&quot;:&quot;192.168.60.66&quot;,&quot;port&quot;:2088,&quot;nic&quot;:&quot;192.168.50.65&quot;,&quot;limit&quot;:0,&quot;is_backup&quot;:0,&quot;bitrate&quot;:0,&quot;up_time&quot;:0,&quot;error_code&quot;:3,&quot;status_code&quot;:1,&quot;error_str&quot;:&quot;Timeout&quot;,&quot;status_str&quot;:&quot;Connecting&quot;},{&quot;host&quot;:&quot;192.168.5.166&quot;,&quot;port&quot;:2088,&quot;nic&quot;:&quot;192.168.5.165&quot;,&quot;limit&quot;:0,&quot;is_backup&quot;:0,&quot;bitrate&quot;:3198649,&quot;up_time&quot;:30,&quot;error_code&quot;:0,&quot;status_code&quot;:3,&quot;error_str&quot;:&quot;None&quot;,&quot;status_str&quot;:&quot;Connected&quot;}],&quot;error&quot;:&quot;None&quot;,&quot;con_stat&quot;:&quot;Disconnected&quot;,&quot;bitrate&quot;:4131856,&quot;dest&quot;:&quot;bonded/bonded3&quot;},{&quot;mip&quot;:&quot;4000.ts&quot;,&quot;port&quot;:0,&quot;ip&quot;:&quot;file&quot;,&quot;in_name&quot;:&quot;bond&quot;,&quot;in_active&quot;:1,&quot;in_active_sources&quot;:0,&quot;prg_name&quot;:&quot;&quot;,&quot;prg_prov&quot;:&quot;&quot;,&quot;prg_num&quot;:-1,&quot;chan&quot;:&quot;&quot;,&quot;chan_id&quot;:-1,&quot;id&quot;:&quot;zixi://bonded(bonded19)#10.7.0.66:2088@10.7.0.65,192.168.60.66:2088@192.168.50.65,192.168.5.166:2088@192.168.5.165&quot;,&quot;type&quot;:2,&quot;name&quot;:&quot;bond19&quot;,&quot;asi&quot;:0,&quot;rtmp&quot;:0,&quot;file&quot;:1,&quot;active&quot;:1,&quot;group&quot;:&quot;&quot;,&quot;bonded&quot;:[{&quot;host&quot;:&quot;10.7.0.66&quot;,&quot;port&quot;:2088,&quot;nic&quot;:&quot;10.7.0.65&quot;,&quot;limit&quot;:0,&quot;is_backup&quot;:0,&quot;bitrate&quot;:1008732,&quot;up_time&quot;:173,&quot;error_code&quot;:0,&quot;status_code&quot;:3,&quot;error_str&quot;:&quot;None&quot;,&quot;status_str&quot;:&quot;Connected&quot;},{&quot;host&quot;:&quot;192.168.60.66&quot;,&quot;port&quot;:2088,&quot;nic&quot;:&quot;192.168.50.65&quot;,&quot;limit&quot;:0,&quot;is_backup&quot;:0,&quot;bitrate&quot;:0,&quot;up_time&quot;:0,&quot;error_code&quot;:3,&quot;status_code&quot;:1,&quot;error_str&quot;:&quot;Timeout&quot;,&quot;status_str&quot;:&quot;Connecting&quot;},{&quot;host&quot;:&quot;192.168.5.166&quot;,&quot;port&quot;:2088,&quot;nic&quot;:&quot;192.168.5.165&quot;,&quot;limit&quot;:0,&quot;is_backup&quot;:0,&quot;bitrate&quot;:3205971,&quot;up_time&quot;:81,&quot;error_code&quot;:0,&quot;status_code&quot;:3,&quot;error_str&quot;:&quot;None&quot;,&quot;status_str&quot;:&quot;Connected&quot;}],&quot;error&quot;:&quot;None&quot;,&quot;con_stat&quot;:&quot;Disconnected&quot;,&quot;bitrate&quot;:4162464,&quot;dest&quot;:&quot;bonded/bonded19&quot;},{&quot;mip&quot;:&quot;4000.ts&quot;,&quot;port&quot;:0,&quot;ip&quot;:&quot;file&quot;,&quot;in_name&quot;:&quot;bond&quot;,&quot;in_active&quot;:1,&quot;in_active_sources&quot;:0,&quot;prg_name&quot;:&quot;&quot;,&quot;prg_prov&quot;:&quot;&quot;,&quot;prg_num&quot;:-1,&quot;chan&quot;:&quot;&quot;,&quot;chan_id&quot;:-1,&quot;id&quot;:&quot;zixi://bonded(bonded16)#10.7.0.66:2088@10.7.0.65,192.168.60.66:2088@192.168.50.65,192.168.5.166:2088@192.168.5.165&quot;,&quot;type&quot;:2,&quot;name&quot;:&quot;bond16&quot;,&quot;asi&quot;:0,&quot;rtmp&quot;:0,&quot;file&quot;:1,&quot;active&quot;:1,&quot;group&quot;:&quot;&quot;,&quot;bonded&quot;:[{&quot;host&quot;:&quot;10.7.0.66&quot;,&quot;port&quot;:2088,&quot;nic&quot;:&quot;10.7.0.65&quot;,&quot;limit&quot;:0,&quot;is_backup&quot;:0,&quot;bitrate&quot;:1002527,&quot;up_time&quot;:61,&quot;error_code&quot;:0,&quot;status_code&quot;:3,&quot;error_str&quot;:&quot;None&quot;,&quot;status_str&quot;:&quot;Connected&quot;},{&quot;host&quot;:&quot;192.168.60.66&quot;,&quot;port&quot;:2088,&quot;nic&quot;:&quot;192.168.50.65&quot;,&quot;limit&quot;:0,&quot;is_backup&quot;:0,&quot;bitrate&quot;:0,&quot;up_time&quot;:0,&quot;error_code&quot;:3,&quot;status_code&quot;:1,&quot;error_str&quot;:&quot;Timeout&quot;,&quot;status_str&quot;:&quot;Connecting&quot;},{&quot;host&quot;:&quot;192.168.5.166&quot;,&quot;port&quot;:2088,&quot;nic&quot;:&quot;192.168.5.165&quot;,&quot;limit&quot;:0,&quot;is_backup&quot;:0,&quot;bitrate&quot;:3218814,&quot;up_time&quot;:273,&quot;error_code&quot;:0,&quot;status_code&quot;:3,&quot;error_str&quot;:&quot;None&quot;,&quot;status_str&quot;:&quot;Connected&quot;}],&quot;error&quot;:&quot;None&quot;,&quot;con_stat&quot;:&quot;Disconnected&quot;,&quot;bitrate&quot;:4162464,&quot;dest&quot;:&quot;bonded/bonded16&quot;},{&quot;mip&quot;:&quot;4000.ts&quot;,&quot;port&quot;:0,&quot;ip&quot;:&quot;file&quot;,&quot;in_name&quot;:&quot;bond&quot;,&quot;in_active&quot;:1,&quot;in_active_sources&quot;:0,&quot;prg_name&quot;:&quot;&quot;,&quot;prg_prov&quot;:&quot;&quot;,&quot;prg_num&quot;:-1,&quot;chan&quot;:&quot;&quot;,&quot;chan_id&quot;:-1,&quot;id&quot;:&quot;zixi://bonded(bonded20)#10.7.0.66:2088@10.7.0.65,192.168.60.66:2088@192.168.50.65,192.168.5.166:2088@192.168.5.165&quot;,&quot;type&quot;:2,&quot;name&quot;:&quot;bond20&quot;,&quot;asi&quot;:0,&quot;rtmp&quot;:0,&quot;file&quot;:1,&quot;active&quot;:1,&quot;group&quot;:&quot;&quot;,&quot;bonded&quot;:[],&quot;error&quot;:&quot;Timeout&quot;,&quot;con_stat&quot;:&quot;Disconnected&quot;,&quot;bitrate&quot;:0,&quot;dest&quot;:&quot;bonded/bonded20&quot;},{&quot;mip&quot;:&quot;4000.ts&quot;,&quot;port&quot;:0,&quot;ip&quot;:&quot;file&quot;,&quot;in_name&quot;:&quot;bond&quot;,&quot;in_active&quot;:1,&quot;in_active_sources&quot;:0,&quot;prg_name&quot;:&quot;&quot;,&quot;prg_prov&quot;:&quot;&quot;,&quot;prg_num&quot;:-1,&quot;chan&quot;:&quot;&quot;,&quot;chan_id&quot;:-1,&quot;id&quot;:&quot;zixi://bonded(bonded8)#10.7.0.66:2088@10.7.0.65,192.168.60.66:2088@192.168.50.65,192.168.5.166:2088@192.168.5.165&quot;,&quot;type&quot;:2,&quot;name&quot;:&quot;bond8&quot;,&quot;asi&quot;:0,&quot;rtmp&quot;:0,&quot;file&quot;:1,&quot;active&quot;:1,&quot;group&quot;:&quot;&quot;,&quot;bonded&quot;:[{&quot;host&quot;:&quot;10.7.0.66&quot;,&quot;port&quot;:2088,&quot;nic&quot;:&quot;10.7.0.65&quot;,&quot;limit&quot;:0,&quot;is_backup&quot;:0,&quot;bitrate&quot;:1011328,&quot;up_time&quot;:90,&quot;error_code&quot;:0,&quot;status_code&quot;:3,&quot;error_str&quot;:&quot;None&quot;,&quot;status_str&quot;:&quot;Connected&quot;},{&quot;host&quot;:&quot;192.168.60.66&quot;,&quot;port&quot;:2088,&quot;nic&quot;:&quot;192.168.50.65&quot;,&quot;limit&quot;:0,&quot;is_backup&quot;:0,&quot;bitrate&quot;:0,&quot;up_time&quot;:0,&quot;error_code&quot;:3,&quot;status_code&quot;:1,&quot;error_str&quot;:&quot;Timeout&quot;,&quot;status_str&quot;:&quot;Connecting&quot;},{&quot;host&quot;:&quot;192.168.5.166&quot;,&quot;port&quot;:2088,&quot;nic&quot;:&quot;192.168.5.165&quot;,&quot;limit&quot;:0,&quot;is_backup&quot;:0,&quot;bitrate&quot;:3194816,&quot;up_time&quot;:86,&quot;error_code&quot;:0,&quot;status_code&quot;:3,&quot;error_str&quot;:&quot;None&quot;,&quot;status_str&quot;:&quot;Connected&quot;}],&quot;error&quot;:&quot;None&quot;,&quot;con_stat&quot;:&quot;Disconnected&quot;,&quot;bitrate&quot;:4140624,&quot;dest&quot;:&quot;bonded/bonded8&quot;},{&quot;mip&quot;:&quot;4000.ts&quot;,&quot;port&quot;:0,&quot;ip&quot;:&quot;file&quot;,&quot;in_name&quot;:&quot;bond&quot;,&quot;in_active&quot;:1,&quot;in_active_sources&quot;:0,&quot;prg_name&quot;:&quot;&quot;,&quot;prg_prov&quot;:&quot;&quot;,&quot;prg_num&quot;:-1,&quot;chan&quot;:&quot;&quot;,&quot;chan_id&quot;:-1,&quot;id&quot;:&quot;zixi://bonded(bonded23)#10.7.0.66:2088@10.7.0.65,192.168.60.66:2088@192.168.50.65,192.168.5.166:2088@192.168.5.165&quot;,&quot;type&quot;:2,&quot;name&quot;:&quot;bond23&quot;,&quot;asi&quot;:0,&quot;rtmp&quot;:0,&quot;file&quot;:1,&quot;active&quot;:1,&quot;group&quot;:&quot;&quot;,&quot;bonded&quot;:[{&quot;host&quot;:&quot;10.7.0.66&quot;,&quot;port&quot;:2088,&quot;nic&quot;:&quot;10.7.0.65&quot;,&quot;limit&quot;:0,&quot;is_backup&quot;:0,&quot;bitrate&quot;:997191,&quot;up_time&quot;:158,&quot;error_code&quot;:0,&quot;status_code&quot;:3,&quot;error_str&quot;:&quot;None&quot;,&quot;status_str&quot;:&quot;Connected&quot;},{&quot;host&quot;:&quot;192.168.60.66&quot;,&quot;port&quot;:2088,&quot;nic&quot;:&quot;192.168.50.65&quot;,&quot;limit&quot;:0,&quot;is_backup&quot;:0,&quot;bitrate&quot;:0,&quot;up_time&quot;:0,&quot;error_code&quot;:3,&quot;status_code&quot;:1,&quot;error_str&quot;:&quot;Timeout&quot;,&quot;status_str&quot;:&quot;Connecting&quot;},{&quot;host&quot;:&quot;192.168.5.166&quot;,&quot;port&quot;:2088,&quot;nic&quot;:&quot;192.168.5.165&quot;,&quot;limit&quot;:0,&quot;is_backup&quot;:0,&quot;bitrate&quot;:3178560,&quot;up_time&quot;:326,&quot;error_code&quot;:0,&quot;status_code&quot;:3,&quot;error_str&quot;:&quot;None&quot;,&quot;status_str&quot;:&quot;Connected&quot;}],&quot;error&quot;:&quot;None&quot;,&quot;con_stat&quot;:&quot;Disconnected&quot;,&quot;bitrate&quot;:4113461,&quot;dest&quot;:&quot;bonded/bonded23&quot;},{&quot;mip&quot;:&quot;4000.ts&quot;,&quot;port&quot;:0,&quot;ip&quot;:&quot;file&quot;,&quot;in_name&quot;:&quot;bond&quot;,&quot;in_active&quot;:1,&quot;in_active_sources&quot;:0,&quot;prg_name&quot;:&quot;&quot;,&quot;prg_prov&quot;:&quot;&quot;,&quot;prg_num&quot;:-1,&quot;chan&quot;:&quot;&quot;,&quot;chan_id&quot;:-1,&quot;id&quot;:&quot;zixi://bonded(bonded17)#10.7.0.66:2088@10.7.0.65,192.168.60.66:2088@192.168.50.65,192.168.5.166:2088@192.168.5.165&quot;,&quot;type&quot;:2,&quot;name&quot;:&quot;bond17&quot;,&quot;asi&quot;:0,&quot;rtmp&quot;:0,&quot;file&quot;:1,&quot;active&quot;:1,&quot;group&quot;:&quot;&quot;,&quot;bonded&quot;:[{&quot;host&quot;:&quot;10.7.0.66&quot;,&quot;port&quot;:2088,&quot;nic&quot;:&quot;10.7.0.65&quot;,&quot;limit&quot;:0,&quot;is_backup&quot;:0,&quot;bitrate&quot;:1005592,&quot;up_time&quot;:31,&quot;error_code&quot;:0,&quot;status_code&quot;:3,&quot;error_str&quot;:&quot;None&quot;,&quot;status_str&quot;:&quot;Connected&quot;},{&quot;host&quot;:&quot;192.168.60.66&quot;,&quot;port&quot;:2088,&quot;nic&quot;:&quot;192.168.50.65&quot;,&quot;limit&quot;:0,&quot;is_backup&quot;:0,&quot;bitrate&quot;:0,&quot;up_time&quot;:0,&quot;error_code&quot;:3,&quot;status_code&quot;:1,&quot;error_str&quot;:&quot;Timeout&quot;,&quot;status_str&quot;:&quot;Connecting&quot;},{&quot;host&quot;:&quot;192.168.5.166&quot;,&quot;port&quot;:2088,&quot;nic&quot;:&quot;192.168.5.165&quot;,&quot;limit&quot;:0,&quot;is_backup&quot;:0,&quot;bitrate&quot;:3218655,&quot;up_time&quot;:381,&quot;error_code&quot;:0,&quot;status_code&quot;:3,&quot;error_str&quot;:&quot;None&quot;,&quot;status_str&quot;:&quot;Connected&quot;}],&quot;error&quot;:&quot;None&quot;,&quot;con_stat&quot;:&quot;Disconnected&quot;,&quot;bitrate&quot;:4151536,&quot;dest&quot;:&quot;bonded/bonded17&quot;},{&quot;mip&quot;:&quot;4000.ts&quot;,&quot;port&quot;:0,&quot;ip&quot;:&quot;file&quot;,&quot;in_name&quot;:&quot;bond&quot;,&quot;in_active&quot;:1,&quot;in_active_sources&quot;:0,&quot;prg_name&quot;:&quot;&quot;,&quot;prg_prov&quot;:&quot;&quot;,&quot;prg_num&quot;:-1,&quot;chan&quot;:&quot;&quot;,&quot;chan_id&quot;:-1,&quot;id&quot;:&quot;zixi://bonded(bonded24)#10.7.0.66:2088@10.7.0.65,192.168.60.66:2088@192.168.50.65,192.168.5.166:2088@192.168.5.165&quot;,&quot;type&quot;:2,&quot;name&quot;:&quot;bond24&quot;,&quot;asi&quot;:0,&quot;rtmp&quot;:0,&quot;file&quot;:1,&quot;active&quot;:1,&quot;group&quot;:&quot;&quot;,&quot;bonded&quot;:[{&quot;host&quot;:&quot;10.7.0.66&quot;,&quot;port&quot;:2088,&quot;nic&quot;:&quot;10.7.0.65&quot;,&quot;limit&quot;:0,&quot;is_backup&quot;:0,&quot;bitrate&quot;:1006382,&quot;up_time&quot;:314,&quot;error_code&quot;:0,&quot;status_code&quot;:3,&quot;error_str&quot;:&quot;None&quot;,&quot;status_str&quot;:&quot;Connected&quot;},{&quot;host&quot;:&quot;192.168.60.66&quot;,&quot;port&quot;:2088,&quot;nic&quot;:&quot;192.168.50.65&quot;,&quot;limit&quot;:0,&quot;is_backup&quot;:0,&quot;bitrate&quot;:0,&quot;up_time&quot;:0,&quot;error_code&quot;:3,&quot;status_code&quot;:1,&quot;error_str&quot;:&quot;Timeout&quot;,&quot;status_str&quot;:&quot;Connecting&quot;},{&quot;host&quot;:&quot;192.168.5.166&quot;,&quot;port&quot;:2088,&quot;nic&quot;:&quot;192.168.5.165&quot;,&quot;limit&quot;:0,&quot;is_backup&quot;:0,&quot;bitrate&quot;:3191695,&quot;up_time&quot;:273,&quot;error_code&quot;:0,&quot;status_code&quot;:3,&quot;error_str&quot;:&quot;None&quot;,&quot;status_str&quot;:&quot;Connected&quot;}],&quot;error&quot;:&quot;None&quot;,&quot;con_stat&quot;:&quot;Disconnected&quot;,&quot;bitrate&quot;:4132048,&quot;dest&quot;:&quot;bonded/bonded24&quot;},{&quot;mip&quot;:&quot;4000.ts&quot;,&quot;port&quot;:0,&quot;ip&quot;:&quot;file&quot;,&quot;in_name&quot;:&quot;bond&quot;,&quot;in_active&quot;:1,&quot;in_active_sources&quot;:0,&quot;prg_name&quot;:&quot;&quot;,&quot;prg_prov&quot;:&quot;&quot;,&quot;prg_num&quot;:-1,&quot;chan&quot;:&quot;&quot;,&quot;chan_id&quot;:-1,&quot;id&quot;:&quot;zixi://bonded(bonded15)#10.7.0.66:2088@10.7.0.65,192.168.60.66:2088@192.168.50.65,192.168.5.166:2088@192.168.5.165&quot;,&quot;type&quot;:2,&quot;name&quot;:&quot;bond15&quot;,&quot;asi&quot;:0,&quot;rtmp&quot;:0,&quot;file&quot;:1,&quot;active&quot;:1,&quot;group&quot;:&quot;&quot;,&quot;bonded&quot;:[],&quot;error&quot;:&quot;Timeout&quot;,&quot;con_stat&quot;:&quot;Connecting&quot;,&quot;bitrate&quot;:0,&quot;dest&quot;:&quot;bonded/bonded15&quot;},{&quot;mip&quot;:&quot;4000.ts&quot;,&quot;port&quot;:0,&quot;ip&quot;:&quot;file&quot;,&quot;in_name&quot;:&quot;bond&quot;,&quot;in_active&quot;:1,&quot;in_active_sources&quot;:0,&quot;prg_name&quot;:&quot;&quot;,&quot;prg_prov&quot;:&quot;&quot;,&quot;prg_num&quot;:-1,&quot;chan&quot;:&quot;&quot;,&quot;chan_id&quot;:-1,&quot;id&quot;:&quot;zixi://bonded(bonded28)#10.7.0.66:2088@10.7.0.65,192.168.60.66:2088@192.168.50.65,192.168.5.166:2088@192.168.5.165&quot;,&quot;type&quot;:2,&quot;name&quot;:&quot;bond28&quot;,&quot;asi&quot;:0,&quot;rtmp&quot;:0,&quot;file&quot;:1,&quot;active&quot;:1,&quot;group&quot;:&quot;&quot;,&quot;bonded&quot;:[{&quot;host&quot;:&quot;10.7.0.66&quot;,&quot;port&quot;:2088,&quot;nic&quot;:&quot;10.7.0.65&quot;,&quot;limit&quot;:0,&quot;is_backup&quot;:0,&quot;bitrate&quot;:1002872,&quot;up_time&quot;:113,&quot;error_code&quot;:0,&quot;status_code&quot;:3,&quot;error_str&quot;:&quot;None&quot;,&quot;status_str&quot;:&quot;Connected&quot;},{&quot;host&quot;:&quot;192.168.60.66&quot;,&quot;port&quot;:2088,&quot;nic&quot;:&quot;192.168.50.65&quot;,&quot;limit&quot;:0,&quot;is_backup&quot;:0,&quot;bitrate&quot;:0,&quot;up_time&quot;:0,&quot;error_code&quot;:3,&quot;status_code&quot;:1,&quot;error_str&quot;:&quot;Timeout&quot;,&quot;status_str&quot;:&quot;Connecting&quot;},{&quot;host&quot;:&quot;192.168.5.166&quot;,&quot;port&quot;:2088,&quot;nic&quot;:&quot;192.168.5.165&quot;,&quot;limit&quot;:0,&quot;is_backup&quot;:0,&quot;bitrate&quot;:4913280,&quot;up_time&quot;:21,&quot;error_code&quot;:0,&quot;status_code&quot;:3,&quot;error_str&quot;:&quot;None&quot;,&quot;status_str&quot;:&quot;Connected&quot;}],&quot;error&quot;:&quot;None&quot;,&quot;con_stat&quot;:&quot;Disconnected&quot;,&quot;bitrate&quot;:5616896,&quot;dest&quot;:&quot;bonded/bonded28&quot;},{&quot;mip&quot;:&quot;4000.ts&quot;,&quot;port&quot;:0,&quot;ip&quot;:&quot;file&quot;,&quot;in_name&quot;:&quot;bond&quot;,&quot;in_active&quot;:1,&quot;in_active_sources&quot;:0,&quot;prg_name&quot;:&quot;&quot;,&quot;prg_prov&quot;:&quot;&quot;,&quot;prg_num&quot;:-1,&quot;chan&quot;:&quot;&quot;,&quot;chan_id&quot;:-1,&quot;id&quot;:&quot;zixi://bonded(bonded25)#10.7.0.66:2088@10.7.0.65,192.168.60.66:2088@192.168.50.65,192.168.5.166:2088@192.168.5.165&quot;,&quot;type&quot;:2,&quot;name&quot;:&quot;bond25&quot;,&quot;asi&quot;:0,&quot;rtmp&quot;:0,&quot;file&quot;:1,&quot;active&quot;:1,&quot;group&quot;:&quot;&quot;,&quot;bonded&quot;:[{&quot;host&quot;:&quot;10.7.0.66&quot;,&quot;port&quot;:2088,&quot;nic&quot;:&quot;10.7.0.65&quot;,&quot;limit&quot;:0,&quot;is_backup&quot;:0,&quot;bitrate&quot;:1002208,&quot;up_time&quot;:185,&quot;error_code&quot;:0,&quot;status_code&quot;:3,&quot;error_str&quot;:&quot;None&quot;,&quot;status_str&quot;:&quot;Connected&quot;},{&quot;host&quot;:&quot;192.168.60.66&quot;,&quot;port&quot;:2088,&quot;nic&quot;:&quot;192.168.50.65&quot;,&quot;limit&quot;:0,&quot;is_backup&quot;:0,&quot;bitrate&quot;:0,&quot;up_time&quot;:0,&quot;error_code&quot;:3,&quot;status_code&quot;:1,&quot;error_str&quot;:&quot;Timeout&quot;,&quot;status_str&quot;:&quot;Connecting&quot;},{&quot;host&quot;:&quot;192.168.5.166&quot;,&quot;port&quot;:2088,&quot;nic&quot;:&quot;192.168.5.165&quot;,&quot;limit&quot;:0,&quot;is_backup&quot;:0,&quot;bitrate&quot;:3727721,&quot;up_time&quot;:1,&quot;error_code&quot;:0,&quot;status_code&quot;:3,&quot;error_str&quot;:&quot;None&quot;,&quot;status_str&quot;:&quot;Connected&quot;}],&quot;error&quot;:&quot;None&quot;,&quot;con_stat&quot;:&quot;Disconnected&quot;,&quot;bitrate&quot;:3843088,&quot;dest&quot;:&quot;bonded/bonded25&quot;},{&quot;mip&quot;:&quot;4000.ts&quot;,&quot;port&quot;:0,&quot;ip&quot;:&quot;file&quot;,&quot;in_name&quot;:&quot;bond&quot;,&quot;in_active&quot;:1,&quot;in_active_sources&quot;:0,&quot;prg_name&quot;:&quot;&quot;,&quot;prg_prov&quot;:&quot;&quot;,&quot;prg_num&quot;:-1,&quot;chan&quot;:&quot;&quot;,&quot;chan_id&quot;:-1,&quot;id&quot;:&quot;zixi://bonded(bonded18)#10.7.0.66:2088@10.7.0.65,192.168.60.66:2088@192.168.50.65,192.168.5.166:2088@192.168.5.165&quot;,&quot;type&quot;:2,&quot;name&quot;:&quot;bond18&quot;,&quot;asi&quot;:0,&quot;rtmp&quot;:0,&quot;file&quot;:1,&quot;active&quot;:1,&quot;group&quot;:&quot;&quot;,&quot;bonded&quot;:[],&quot;error&quot;:&quot;Timeout&quot;,&quot;con_stat&quot;:&quot;Connecting&quot;,&quot;bitrate&quot;:0,&quot;dest&quot;:&quot;bonded/bonded18&quot;}]}
Debug printing ------&gt;&gt;&gt; {&quot;custom_data&quot;:&quot;&quot;,&quot;msg&quot;:&quot;Output deleted.&quot;,&quot;error&quot;:&quot;&quot;,&quot;outs&quot;:[{&quot;mip&quot;:&quot;live_recording.ts&quot;,&quot;port&quot;:0,&quot;ip&quot;:&quot;file&quot;,&quot;in_name&quot;:&quot;feederoutputname&quot;,&quot;in_active&quot;:1,&quot;in_active_sources&quot;:0,&quot;prg_name&quot;:&quot;&quot;,&quot;prg_prov&quot;:&quot;&quot;,&quot;prg_num&quot;:1,&quot;chan&quot;:&quot;&quot;,&quot;chan_id&quot;:-1,&quot;id&quot;:&quot;zixi://10.7.0.66:2088/feederout&quot;,&quot;type&quot;:2,&quot;name&quot;:&quot;feederoutputname&quot;,&quot;asi&quot;:0,&quot;rtmp&quot;:0,&quot;file&quot;:1,&quot;active&quot;:1,&quot;group&quot;:&quot;&quot;,&quot;error&quot;:&quot;None&quot;,&quot;con_stat&quot;:&quot;Disconnected&quot;,&quot;bitrate&quot;:0,&quot;dest&quot;:&quot;10.7.0.66:2088/feederout&quot;},{&quot;mip&quot;:&quot;4000.ts&quot;,&quot;port&quot;:0,&quot;ip&quot;:&quot;file&quot;,&quot;in_name&quot;:&quot;bond&quot;,&quot;in_active&quot;:1,&quot;in_active_sources&quot;:0,&quot;prg_name&quot;:&quot;&quot;,&quot;prg_prov&quot;:&quot;&quot;,&quot;prg_num&quot;:-1,&quot;chan&quot;:&quot;&quot;,&quot;chan_id&quot;:-1,&quot;id&quot;:&quot;zixi://bonded(bonded31)#10.7.0.66:2088@10.7.0.65,192.168.60.66:2088@192.168.50.65,192.168.5.166:2088@192.168.5.165&quot;,&quot;type&quot;:2,&quot;name&quot;:&quot;bond31&quot;,&quot;asi&quot;:0,&quot;rtmp&quot;:0,&quot;file&quot;:1,&quot;active&quot;:1,&quot;group&quot;:&quot;&quot;,&quot;bonded&quot;:[],&quot;error&quot;:&quot;Authentication&quot;,&quot;con_stat&quot;:&quot;Disconnected&quot;,&quot;bitrate&quot;:0,&quot;dest&quot;:&quot;bonded/bonded31&quot;},{&quot;mip&quot;:&quot;4000.ts&quot;,&quot;port&quot;:0,&quot;ip&quot;:&quot;file&quot;,&quot;in_name&quot;:&quot;bond&quot;,&quot;in_active&quot;:1,&quot;in_active_sources&quot;:0,&quot;prg_name&quot;:&quot;&quot;,&quot;prg_prov&quot;:&quot;&quot;,&quot;prg_num&quot;:-1,&quot;chan&quot;:&quot;&quot;,&quot;chan_id&quot;:-1,&quot;id&quot;:&quot;zixi://bonded(bonded29)#10.7.0.66:2088@10.7.0.65,192.168.60.66:2088@192.168.50.65,192.168.5.166:2088@192.168.5.165&quot;,&quot;type&quot;:2,&quot;name&quot;:&quot;bond29&quot;,&quot;asi&quot;:0,&quot;rtmp&quot;:0,&quot;file&quot;:1,&quot;active&quot;:1,&quot;group&quot;:&quot;&quot;,&quot;bonded&quot;:[{&quot;host&quot;:&quot;10.7.0.66&quot;,&quot;port&quot;:2088,&quot;nic&quot;:&quot;10.7.0.65&quot;,&quot;limit&quot;:0,&quot;is_backup&quot;:0,&quot;bitrate&quot;:996300,&quot;up_time&quot;:194,&quot;error_code&quot;:0,&quot;status_code&quot;:3,&quot;error_str&quot;:&quot;None&quot;,&quot;status_str&quot;:&quot;Connected&quot;},{&quot;host&quot;:&quot;192.168.60.66&quot;,&quot;port&quot;:2088,&quot;nic&quot;:&quot;192.168.50.65&quot;,&quot;limit&quot;:0,&quot;is_backup&quot;:0,&quot;bitrate&quot;:0,&quot;up_time&quot;:0,&quot;error_code&quot;:3,&quot;status_code&quot;:1,&quot;error_str&quot;:&quot;Timeout&quot;,&quot;status_str&quot;:&quot;Connecting&quot;},{&quot;host&quot;:&quot;192.168.5.166&quot;,&quot;port&quot;:2088,&quot;nic&quot;:&quot;192.168.5.165&quot;,&quot;limit&quot;:0,&quot;is_backup&quot;:0,&quot;bitrate&quot;:3179325,&quot;up_time&quot;:183,&quot;error_code&quot;:0,&quot;status_code&quot;:3,&quot;error_str&quot;:&quot;None&quot;,&quot;status_str&quot;:&quot;Connected&quot;}],&quot;error&quot;:&quot;None&quot;,&quot;con_stat&quot;:&quot;Disconnected&quot;,&quot;bitrate&quot;:4106829,&quot;dest&quot;:&quot;bonded/bonded29&quot;},{&quot;mip&quot;:&quot;4000.ts&quot;,&quot;port&quot;:0,&quot;ip&quot;:&quot;file&quot;,&quot;in_name&quot;:&quot;bond&quot;,&quot;in_active&quot;:1,&quot;in_active_sources&quot;:0,&quot;prg_name&quot;:&quot;&quot;,&quot;prg_prov&quot;:&quot;&quot;,&quot;prg_num&quot;:-1,&quot;chan&quot;:&quot;&quot;,&quot;chan_id&quot;:-1,&quot;id&quot;:&quot;zixi://bonded(bonded21)#10.7.0.66:2088@10.7.0.65,192.168.60.66:2088@192.168.50.65,192.168.5.166:2088@192.168.5.165&quot;,&quot;type&quot;:2,&quot;name&quot;:&quot;bond21&quot;,&quot;asi&quot;:0,&quot;rtmp&quot;:0,&quot;file&quot;:1,&quot;active&quot;:1,&quot;group&quot;:&quot;&quot;,&quot;bonded&quot;:[{&quot;host&quot;:&quot;10.7.0.66&quot;,&quot;port&quot;:2088,&quot;nic&quot;:&quot;10.7.0.65&quot;,&quot;limit&quot;:0,&quot;is_backup&quot;:0,&quot;bitrate&quot;:1001214,&quot;up_time&quot;:167,&quot;error_code&quot;:0,&quot;status_code&quot;:3,&quot;error_str&quot;:&quot;None&quot;,&quot;status_str&quot;:&quot;Connected&quot;},{&quot;host&quot;:&quot;192.168.60.66&quot;,&quot;port&quot;:2088,&quot;nic&quot;:&quot;192.168.50.65&quot;,&quot;limit&quot;:0,&quot;is_backup&quot;:0,&quot;bitrate&quot;:0,&quot;up_time&quot;:0,&quot;error_code&quot;:3,&quot;status_code&quot;:1,&quot;error_str&quot;:&quot;Timeout&quot;,&quot;status_str&quot;:&quot;Connecting&quot;},{&quot;host&quot;:&quot;192.168.5.166&quot;,&quot;port&quot;:2088,&quot;nic&quot;:&quot;192.168.5.165&quot;,&quot;limit&quot;:0,&quot;is_backup&quot;:0,&quot;bitrate&quot;:3215711,&quot;up_time&quot;:153,&quot;error_code&quot;:0,&quot;status_code&quot;:3,&quot;error_str&quot;:&quot;None&quot;,&quot;status_str&quot;:&quot;Connected&quot;}],&quot;error&quot;:&quot;None&quot;,&quot;con_stat&quot;:&quot;Disconnected&quot;,&quot;bitrate&quot;:4162496,&quot;dest&quot;:&quot;bonded/bonded21&quot;},{&quot;mip&quot;:&quot;4000.ts&quot;,&quot;port&quot;:0,&quot;ip&quot;:&quot;file&quot;,&quot;in_name&quot;:&quot;bond&quot;,&quot;in_active&quot;:1,&quot;in_active_sources&quot;:0,&quot;prg_name&quot;:&quot;&quot;,&quot;prg_prov&quot;:&quot;&quot;,&quot;prg_num&quot;:-1,&quot;chan&quot;:&quot;&quot;,&quot;chan_id&quot;:-1,&quot;id&quot;:&quot;zixi://bonded(bonded32)#10.7.0.66:2088@10.7.0.65,192.168.60.66:2088@192.168.50.65,192.168.5.166:2088@192.168.5.165&quot;,&quot;type&quot;:2,&quot;name&quot;:&quot;bond32&quot;,&quot;asi&quot;:0,&quot;rtmp&quot;:0,&quot;file&quot;:1,&quot;active&quot;:1,&quot;group&quot;:&quot;&quot;,&quot;bonded&quot;:[],&quot;error&quot;:&quot;Timeout&quot;,&quot;con_stat&quot;:&quot;Connecting&quot;,&quot;bitrate&quot;:0,&quot;dest&quot;:&quot;bonded/bonded32&quot;},{&quot;mip&quot;:&quot;4000.ts&quot;,&quot;port&quot;:0,&quot;ip&quot;:&quot;file&quot;,&quot;in_name&quot;:&quot;bond&quot;,&quot;in_active&quot;:1,&quot;in_active_sources&quot;:0,&quot;prg_name&quot;:&quot;&quot;,&quot;prg_prov&quot;:&quot;&quot;,&quot;prg_num&quot;:-1,&quot;chan&quot;:&quot;&quot;,&quot;chan_id&quot;:-1,&quot;id&quot;:&quot;zixi://bonded(bonded30)#10.7.0.66:2088@10.7.0.65,192.168.60.66:2088@192.168.50.65,192.168.5.166:2088@192.168.5.165&quot;,&quot;type&quot;:2,&quot;name&quot;:&quot;bond30&quot;,&quot;asi&quot;:0,&quot;rtmp&quot;:0,&quot;file&quot;:1,&quot;active&quot;:1,&quot;group&quot;:&quot;&quot;,&quot;bonded&quot;:[],&quot;error&quot;:&quot;Authentication&quot;,&quot;con_stat&quot;:&quot;Disconnected&quot;,&quot;bitrate&quot;:0,&quot;dest&quot;:&quot;bonded/bonded30&quot;},{&quot;mip&quot;:&quot;4000.ts&quot;,&quot;port&quot;:0,&quot;ip&quot;:&quot;file&quot;,&quot;in_name&quot;:&quot;bond&quot;,&quot;in_active&quot;:1,&quot;in_active_sources&quot;:0,&quot;prg_name&quot;:&quot;&quot;,&quot;prg_prov&quot;:&quot;&quot;,&quot;prg_num&quot;:-1,&quot;chan&quot;:&quot;&quot;,&quot;chan_id&quot;:-1,&quot;id&quot;:&quot;zixi://bonded(bonded26)#10.7.0.66:2088@10.7.0.65,192.168.60.66:2088@192.168.50.65,192.168.5.166:2088@192.168.5.165&quot;,&quot;type&quot;:2,&quot;name&quot;:&quot;bond26&quot;,&quot;asi&quot;:0,&quot;rtmp&quot;:0,&quot;file&quot;:1,&quot;active&quot;:1,&quot;group&quot;:&quot;&quot;,&quot;bonded&quot;:[],&quot;error&quot;:&quot;Timeout&quot;,&quot;con_stat&quot;:&quot;Connecting&quot;,&quot;bitrate&quot;:0,&quot;dest&quot;:&quot;bonded/bonded26&quot;},{&quot;mip&quot;:&quot;4000.ts&quot;,&quot;port&quot;:0,&quot;ip&quot;:&quot;file&quot;,&quot;in_name&quot;:&quot;bond&quot;,&quot;in_active&quot;:1,&quot;in_active_sources&quot;:0,&quot;prg_name&quot;:&quot;&quot;,&quot;prg_prov&quot;:&quot;&quot;,&quot;prg_num&quot;:-1,&quot;chan&quot;:&quot;&quot;,&quot;chan_id&quot;:-1,&quot;id&quot;:&quot;zixi://bonded(bonded22)#10.7.0.66:2088@10.7.0.65,192.168.60.66:2088@192.168.50.65,192.168.5.166:2088@192.168.5.165&quot;,&quot;type&quot;:2,&quot;name&quot;:&quot;bond22&quot;,&quot;asi&quot;:0,&quot;rtmp&quot;:0,&quot;file&quot;:1,&quot;active&quot;:1,&quot;group&quot;:&quot;&quot;,&quot;bonded&quot;:[],&quot;error&quot;:&quot;Timeout&quot;,&quot;con_stat&quot;:&quot;Connecting&quot;,&quot;bitrate&quot;:0,&quot;dest&quot;:&quot;bonded/bonded22&quot;},{&quot;mip&quot;:&quot;4000.ts&quot;,&quot;port&quot;:0,&quot;ip&quot;:&quot;file&quot;,&quot;in_name&quot;:&quot;bond&quot;,&quot;in_active&quot;:1,&quot;in_active_sources&quot;:0,&quot;prg_name&quot;:&quot;&quot;,&quot;prg_prov&quot;:&quot;&quot;,&quot;prg_num&quot;:-1,&quot;chan&quot;:&quot;&quot;,&quot;chan_id&quot;:-1,&quot;id&quot;:&quot;zixi://bonded(bonded35)#10.7.0.66:2088@10.7.0.65,192.168.60.66:2088@192.168.50.65,192.168.5.166:2088@192.168.5.165&quot;,&quot;type&quot;:2,&quot;name&quot;:&quot;bond35&quot;,&quot;asi&quot;:0,&quot;rtmp&quot;:0,&quot;file&quot;:1,&quot;active&quot;:1,&quot;group&quot;:&quot;&quot;,&quot;bonded&quot;:[{&quot;host&quot;:&quot;10.7.0.66&quot;,&quot;port&quot;:2088,&quot;nic&quot;:&quot;10.7.0.65&quot;,&quot;limit&quot;:0,&quot;is_backup&quot;:0,&quot;bitrate&quot;:1007775,&quot;up_time&quot;:170,&quot;error_code&quot;:0,&quot;status_code&quot;:3,&quot;error_str&quot;:&quot;None&quot;,&quot;status_str&quot;:&quot;Connected&quot;},{&quot;host&quot;:&quot;192.168.60.66&quot;,&quot;port&quot;:2088,&quot;nic&quot;:&quot;192.168.50.65&quot;,&quot;limit&quot;:0,&quot;is_backup&quot;:0,&quot;bitrate&quot;:0,&quot;up_time&quot;:0,&quot;error_code&quot;:3,&quot;status_code&quot;:1,&quot;error_str&quot;:&quot;Timeout&quot;,&quot;status_str&quot;:&quot;Connecting&quot;},{&quot;host&quot;:&quot;192.168.5.166&quot;,&quot;port&quot;:2088,&quot;nic&quot;:&quot;192.168.5.165&quot;,&quot;limit&quot;:0,&quot;is_backup&quot;:0,&quot;bitrate&quot;:3185835,&quot;up_time&quot;:241,&quot;error_code&quot;:0,&quot;status_code&quot;:3,&quot;error_str&quot;:&quot;None&quot;,&quot;status_str&quot;:&quot;Connected&quot;}],&quot;error&quot;:&quot;None&quot;,&quot;con_stat&quot;:&quot;Disconnected&quot;,&quot;bitrate&quot;:4121152,&quot;dest&quot;:&quot;bonded/bonded35&quot;},{&quot;mip&quot;:&quot;4000.ts&quot;,&quot;port&quot;:0,&quot;ip&quot;:&quot;file&quot;,&quot;in_name&quot;:&quot;bond&quot;,&quot;in_active&quot;:1,&quot;in_active_sources&quot;:0,&quot;prg_name&quot;:&quot;&quot;,&quot;prg_prov&quot;:&quot;&quot;,&quot;prg_num&quot;:-1,&quot;chan&quot;:&quot;&quot;,&quot;chan_id&quot;:-1,&quot;id&quot;:&quot;zixi://bonded(bonded33)#10.7.0.66:2088@10.7.0.65,192.168.60.66:2088@192.168.50.65,192.168.5.166:2088@192.168.5.165&quot;,&quot;type&quot;:2,&quot;name&quot;:&quot;bond33&quot;,&quot;asi&quot;:0,&quot;rtmp&quot;:0,&quot;file&quot;:1,&quot;active&quot;:1,&quot;group&quot;:&quot;&quot;,&quot;bonded&quot;:[],&quot;error&quot;:&quot;Authentication&quot;,&quot;con_stat&quot;:&quot;Disconnected&quot;,&quot;bitrate&quot;:0,&quot;dest&quot;:&quot;bonded/bonded33&quot;},{&quot;mip&quot;:&quot;4000.ts&quot;,&quot;port&quot;:0,&quot;ip&quot;:&quot;file&quot;,&quot;in_name&quot;:&quot;bond&quot;,&quot;in_active&quot;:1,&quot;in_active_sources&quot;:0,&quot;prg_name&quot;:&quot;&quot;,&quot;prg_prov&quot;:&quot;&quot;,&quot;prg_num&quot;:-1,&quot;chan&quot;:&quot;&quot;,&quot;chan_id&quot;:-1,&quot;id&quot;:&quot;zixi://bonded(bonded27)#10.7.0.66:2088@10.7.0.65,192.168.60.66:2088@192.168.50.65,192.168.5.166:2088@192.168.5.165&quot;,&quot;type&quot;:2,&quot;name&quot;:&quot;bond27&quot;,&quot;asi&quot;:0,&quot;rtmp&quot;:0,&quot;file&quot;:1,&quot;active&quot;:1,&quot;group&quot;:&quot;&quot;,&quot;bonded&quot;:[],&quot;error&quot;:&quot;Timeout&quot;,&quot;con_stat&quot;:&quot;Connecting&quot;,&quot;bitrate&quot;:0,&quot;dest&quot;:&quot;bonded/bonded27&quot;},{&quot;mip&quot;:&quot;4000.ts&quot;,&quot;port&quot;:0,&quot;ip&quot;:&quot;file&quot;,&quot;in_name&quot;:&quot;bond&quot;,&quot;in_active&quot;:1,&quot;in_active_sources&quot;:0,&quot;prg_name&quot;:&quot;&quot;,&quot;prg_prov&quot;:&quot;&quot;,&quot;prg_num&quot;:-1,&quot;chan&quot;:&quot;&quot;,&quot;chan_id&quot;:-1,&quot;id&quot;:&quot;zixi://bonded(bonded39)#10.7.0.66:2088@10.7.0.65,192.168.60.66:2088@192.168.50.65,192.168.5.166:2088@192.168.5.165&quot;,&quot;type&quot;:2,&quot;name&quot;:&quot;bond39&quot;,&quot;asi&quot;:0,&quot;rtmp&quot;:0,&quot;file&quot;:1,&quot;active&quot;:1,&quot;group&quot;:&quot;&quot;,&quot;bonded&quot;:[{&quot;host&quot;:&quot;10.7.0.66&quot;,&quot;port&quot;:2088,&quot;nic&quot;:&quot;10.7.0.65&quot;,&quot;limit&quot;:0,&quot;is_backup&quot;:0,&quot;bitrate&quot;:1002861,&quot;up_time&quot;:170,&quot;error_code&quot;:0,&quot;status_code&quot;:3,&quot;error_str&quot;:&quot;None&quot;,&quot;status_str&quot;:&quot;Connected&quot;},{&quot;host&quot;:&quot;192.168.60.66&quot;,&quot;port&quot;:2088,&quot;nic&quot;:&quot;192.168.50.65&quot;,&quot;limit&quot;:0,&quot;is_backup&quot;:0,&quot;bitrate&quot;:0,&quot;up_time&quot;:0,&quot;error_code&quot;:3,&quot;status_code&quot;:1,&quot;error_str&quot;:&quot;Timeout&quot;,&quot;status_str&quot;:&quot;Connecting&quot;},{&quot;host&quot;:&quot;192.168.5.166&quot;,&quot;port&quot;:2088,&quot;nic&quot;:&quot;192.168.5.165&quot;,&quot;limit&quot;:0,&quot;is_backup&quot;:0,&quot;bitrate&quot;:3072120,&quot;up_time&quot;:199,&quot;error_code&quot;:0,&quot;status_code&quot;:3,&quot;error_str&quot;:&quot;None&quot;,&quot;status_str&quot;:&quot;Connected&quot;}],&quot;error&quot;:&quot;None&quot;,&quot;con_stat&quot;:&quot;Disconnected&quot;,&quot;bitrate&quot;:4139124,&quot;dest&quot;:&quot;bonded/bonded39&quot;},{&quot;mip&quot;:&quot;4000.ts&quot;,&quot;port&quot;:0,&quot;ip&quot;:&quot;file&quot;,&quot;in_name&quot;:&quot;bond&quot;,&quot;in_active&quot;:1,&quot;in_active_sources&quot;:0,&quot;prg_name&quot;:&quot;&quot;,&quot;prg_prov&quot;:&quot;&quot;,&quot;prg_num&quot;:-1,&quot;chan&quot;:&quot;&quot;,&quot;chan_id&quot;:-1,&quot;id&quot;:&quot;zixi://bonded(bonded36)#10.7.0.66:2088@10.7.0.65,192.168.60.66:2088@192.168.50.65,192.168.5.166:2088@192.168.5.165&quot;,&quot;type&quot;:2,&quot;name&quot;:&quot;bond36&quot;,&quot;asi&quot;:0,&quot;rtmp&quot;:0,&quot;file&quot;:1,&quot;active&quot;:1,&quot;group&quot;:&quot;&quot;,&quot;bonded&quot;:[],&quot;error&quot;:&quot;Timeout&quot;,&quot;con_stat&quot;:&quot;Connecting&quot;,&quot;bitrate&quot;:0,&quot;dest&quot;:&quot;bonded/bonded36&quot;},{&quot;mip&quot;:&quot;4000.ts&quot;,&quot;port&quot;:0,&quot;ip&quot;:&quot;file&quot;,&quot;in_name&quot;:&quot;bond&quot;,&quot;in_active&quot;:1,&quot;in_active_sources&quot;:0,&quot;prg_name&quot;:&quot;&quot;,&quot;prg_prov&quot;:&quot;&quot;,&quot;prg_num&quot;:-1,&quot;chan&quot;:&quot;&quot;,&quot;chan_id&quot;:-1,&quot;id&quot;:&quot;zixi://bonded(bonded41)#10.7.0.66:2088@10.7.0.65,192.168.60.66:2088@192.168.50.65,192.168.5.166:2088@192.168.5.165&quot;,&quot;type&quot;:2,&quot;name&quot;:&quot;bond41&quot;,&quot;asi&quot;:0,&quot;rtmp&quot;:0,&quot;file&quot;:1,&quot;active&quot;:1,&quot;group&quot;:&quot;&quot;,&quot;bonded&quot;:[],&quot;error&quot;:&quot;Timeout&quot;,&quot;con_stat&quot;:&quot;Connecting&quot;,&quot;bitrate&quot;:0,&quot;dest&quot;:&quot;bonded/bonded41&quot;},{&quot;mip&quot;:&quot;4000.ts&quot;,&quot;port&quot;:0,&quot;ip&quot;:&quot;file&quot;,&quot;in_name&quot;:&quot;bond&quot;,&quot;in_active&quot;:1,&quot;in_active_sources&quot;:0,&quot;prg_name&quot;:&quot;&quot;,&quot;prg_prov&quot;:&quot;&quot;,&quot;prg_num&quot;:-1,&quot;chan&quot;:&quot;&quot;,&quot;chan_id&quot;:-1,&quot;id&quot;:&quot;zixi://bonded(bonded18)#10.7.0.66:2088@10.7.0.65,192.168.60.66:2088@192.168.50.65,192.168.5.166:2088@192.168.5.165&quot;,&quot;type&quot;:2,&quot;name&quot;:&quot;bond18&quot;,&quot;asi&quot;:0,&quot;rtmp&quot;:0,&quot;file&quot;:1,&quot;active&quot;:1,&quot;group&quot;:&quot;&quot;,&quot;bonded&quot;:[],&quot;error&quot;:&quot;Timeout&quot;,&quot;con_stat&quot;:&quot;Connecting&quot;,&quot;bitrate&quot;:0,&quot;dest&quot;:&quot;bonded/bonded18&quot;},{&quot;mip&quot;:&quot;4000.ts&quot;,&quot;port&quot;:0,&quot;ip&quot;:&quot;file&quot;,&quot;in_name&quot;:&quot;bond&quot;,&quot;in_active&quot;:1,&quot;in_active_sources&quot;:0,&quot;prg_name&quot;:&quot;&quot;,&quot;prg_prov&quot;:&quot;&quot;,&quot;prg_num&quot;:-1,&quot;chan&quot;:&quot;&quot;,&quot;chan_id&quot;:-1,&quot;id&quot;:&quot;zixi://bonded(bonded44)#10.7.0.66:2088@10.7.0.65,192.168.60.66:2088@192.168.50.65,192.168.5.166:2088@192.168.5.165&quot;,&quot;type&quot;:2,&quot;name&quot;:&quot;bond44&quot;,&quot;asi&quot;:0,&quot;rtmp&quot;:0,&quot;file&quot;:1,&quot;active&quot;:1,&quot;group&quot;:&quot;&quot;,&quot;bonded&quot;:[{&quot;host&quot;:&quot;10.7.0.66&quot;,&quot;port&quot;:2088,&quot;nic&quot;:&quot;10.7.0.65&quot;,&quot;limit&quot;:0,&quot;is_backup&quot;:0,&quot;bitrate&quot;:2848376,&quot;up_time&quot;:210,&quot;error_code&quot;:0,&quot;status_code&quot;:3,&quot;error_str&quot;:&quot;None&quot;,&quot;status_str&quot;:&quot;Connected&quot;},{&quot;host&quot;:&quot;192.168.60.66&quot;,&quot;port&quot;:2088,&quot;nic&quot;:&quot;192.168.50.65&quot;,&quot;limit&quot;:0,&quot;is_backup&quot;:0,&quot;bitrate&quot;:0,&quot;up_time&quot;:0,&quot;error_code&quot;:3,&quot;status_code&quot;:1,&quot;error_str&quot;:&quot;Timeout&quot;,&quot;status_str&quot;:&quot;Connecting&quot;},{&quot;host&quot;:&quot;192.168.5.166&quot;,&quot;port&quot;:2088,&quot;nic&quot;:&quot;192.168.5.165&quot;,&quot;limit&quot;:0,&quot;is_backup&quot;:0,&quot;bitrate&quot;:0,&quot;up_time&quot;:0,&quot;error_code&quot;:3,&quot;status_code&quot;:1,&quot;error_str&quot;:&quot;Timeout&quot;,&quot;status_str&quot;:&quot;Connecting&quot;}],&quot;error&quot;:&quot;None&quot;,&quot;con_stat&quot;:&quot;Disconnected&quot;,&quot;bitrate&quot;:2803460,&quot;dest&quot;:&quot;bonded/bonded44&quot;},{&quot;mip&quot;:&quot;4000.ts&quot;,&quot;port&quot;:0,&quot;ip&quot;:&quot;file&quot;,&quot;in_name&quot;:&quot;bond&quot;,&quot;in_active&quot;:1,&quot;in_active_sources&quot;:0,&quot;prg_name&quot;:&quot;&quot;,&quot;prg_prov&quot;:&quot;&quot;,&quot;prg_num&quot;:-1,&quot;chan&quot;:&quot;&quot;,&quot;chan_id&quot;:-1,&quot;id&quot;:&quot;zixi://bonded(bonded40)#10.7.0.66:2088@10.7.0.65,192.168.60.66:2088@192.168.50.65,192.168.5.166:2088@192.168.5.165&quot;,&quot;type&quot;:2,&quot;name&quot;:&quot;bond40&quot;,&quot;asi&quot;:0,&quot;rtmp&quot;:0,&quot;file&quot;:1,&quot;active&quot;:1,&quot;group&quot;:&quot;&quot;,&quot;bonded&quot;:[],&quot;error&quot;:&quot;Authentication&quot;,&quot;con_stat&quot;:&quot;Disconnected&quot;,&quot;bitrate&quot;:0,&quot;dest&quot;:&quot;bonded/bonded40&quot;},{&quot;mip&quot;:&quot;4000.ts&quot;,&quot;port&quot;:0,&quot;ip&quot;:&quot;file&quot;,&quot;in_name&quot;:&quot;bond&quot;,&quot;in_active&quot;:1,&quot;in_active_sources&quot;:0,&quot;prg_name&quot;:&quot;&quot;,&quot;prg_prov&quot;:&quot;&quot;,&quot;prg_num&quot;:-1,&quot;chan&quot;:&quot;&quot;,&quot;chan_id&quot;:-1,&quot;id&quot;:&quot;zixi://bonded(bonded46)#10.7.0.66:2088@10.7.0.65,192.168.60.66:2088@192.168.50.65,192.168.5.166:2088@192.168.5.165&quot;,&quot;type&quot;:2,&quot;name&quot;:&quot;bond46&quot;,&quot;asi&quot;:0,&quot;rtmp&quot;:0,&quot;file&quot;:1,&quot;active&quot;:1,&quot;group&quot;:&quot;&quot;,&quot;bonded&quot;:[],&quot;error&quot;:&quot;Authentication&quot;,&quot;con_stat&quot;:&quot;Disconnected&quot;,&quot;bitrate&quot;:0,&quot;dest&quot;:&quot;bonded/bonded46&quot;},{&quot;mip&quot;:&quot;4000.ts&quot;,&quot;port&quot;:0,&quot;ip&quot;:&quot;file&quot;,&quot;in_name&quot;:&quot;bond&quot;,&quot;in_active&quot;:1,&quot;in_active_sources&quot;:0,&quot;prg_name&quot;:&quot;&quot;,&quot;prg_prov&quot;:&quot;&quot;,&quot;prg_num&quot;:-1,&quot;chan&quot;:&quot;&quot;,&quot;chan_id&quot;:-1,&quot;id&quot;:&quot;zixi://bonded(bonded49)#10.7.0.66:2088@10.7.0.65,192.168.60.66:2088@192.168.50.65,192.168.5.166:2088@192.168.5.165&quot;,&quot;type&quot;:2,&quot;name&quot;:&quot;bond49&quot;,&quot;asi&quot;:0,&quot;rtmp&quot;:0,&quot;file&quot;:1,&quot;active&quot;:1,&quot;group&quot;:&quot;&quot;,&quot;bonded&quot;:[],&quot;error&quot;:&quot;Timeout&quot;,&quot;con_stat&quot;:&quot;Connecting&quot;,&quot;bitrate&quot;:0,&quot;dest&quot;:&quot;bonded/bonded49&quot;},{&quot;mip&quot;:&quot;4000.ts&quot;,&quot;port&quot;:0,&quot;ip&quot;:&quot;file&quot;,&quot;in_name&quot;:&quot;bond&quot;,&quot;in_active&quot;:1,&quot;in_active_sources&quot;:0,&quot;prg_name&quot;:&quot;&quot;,&quot;prg_prov&quot;:&quot;&quot;,&quot;prg_num&quot;:-1,&quot;chan&quot;:&quot;&quot;,&quot;chan_id&quot;:-1,&quot;id&quot;:&quot;zixi://bonded(bonded34)#10.7.0.66:2088@10.7.0.65,192.168.60.66:2088@192.168.50.65,192.168.5.166:2088@192.168.5.165&quot;,&quot;type&quot;:2,&quot;name&quot;:&quot;bond34&quot;,&quot;asi&quot;:0,&quot;rtmp&quot;:0,&quot;file&quot;:1,&quot;active&quot;:1,&quot;group&quot;:&quot;&quot;,&quot;bonded&quot;:[],&quot;error&quot;:&quot;Timeout&quot;,&quot;con_stat&quot;:&quot;Connecting&quot;,&quot;bitrate&quot;:0,&quot;dest&quot;:&quot;bonded/bonded34&quot;},{&quot;mip&quot;:&quot;4000.ts&quot;,&quot;port&quot;:0,&quot;ip&quot;:&quot;file&quot;,&quot;in_name&quot;:&quot;bond&quot;,&quot;in_active&quot;:1,&quot;in_active_sources&quot;:0,&quot;prg_name&quot;:&quot;&quot;,&quot;prg_prov&quot;:&quot;&quot;,&quot;prg_num&quot;:-1,&quot;chan&quot;:&quot;&quot;,&quot;chan_id&quot;:-1,&quot;id&quot;:&quot;zixi://bonded(bonded42)#10.7.0.66:2088@10.7.0.65,192.168.60.66:2088@192.168.50.65,192.168.5.166:2088@192.168.5.165&quot;,&quot;type&quot;:2,&quot;name&quot;:&quot;bond42&quot;,&quot;asi&quot;:0,&quot;rtmp&quot;:0,&quot;file&quot;:1,&quot;active&quot;:1,&quot;group&quot;:&quot;&quot;,&quot;bonded&quot;:[],&quot;error&quot;:&quot;Timeout&quot;,&quot;con_stat&quot;:&quot;Connecting&quot;,&quot;bitrate&quot;:0,&quot;dest&quot;:&quot;bonded/bonded42&quot;},{&quot;mip&quot;:&quot;4000.ts&quot;,&quot;port&quot;:0,&quot;ip&quot;:&quot;file&quot;,&quot;in_name&quot;:&quot;bond&quot;,&quot;in_active&quot;:1,&quot;in_active_sources&quot;:0,&quot;prg_name&quot;:&quot;&quot;,&quot;prg_prov&quot;:&quot;&quot;,&quot;prg_num&quot;:-1,&quot;chan&quot;:&quot;&quot;,&quot;chan_id&quot;:-1,&quot;id&quot;:&quot;zixi://bonded(bonded45)#10.7.0.66:2088@10.7.0.65,192.168.60.66:2088@192.168.50.65,192.168.5.166:2088@192.168.5.165&quot;,&quot;type&quot;:2,&quot;name&quot;:&quot;bond45&quot;,&quot;asi&quot;:0,&quot;rtmp&quot;:0,&quot;file&quot;:1,&quot;active&quot;:1,&quot;group&quot;:&quot;&quot;,&quot;bonded&quot;:[],&quot;error&quot;:&quot;Timeout&quot;,&quot;con_stat&quot;:&quot;Connecting&quot;,&quot;bitrate&quot;:0,&quot;dest&quot;:&quot;bonded/bonded45&quot;},{&quot;mip&quot;:&quot;4000.ts&quot;,&quot;port&quot;:0,&quot;ip&quot;:&quot;file&quot;,&quot;in_name&quot;:&quot;bond&quot;,&quot;in_active&quot;:1,&quot;in_active_sources&quot;:0,&quot;prg_name&quot;:&quot;&quot;,&quot;prg_prov&quot;:&quot;&quot;,&quot;prg_num&quot;:-1,&quot;chan&quot;:&quot;&quot;,&quot;chan_id&quot;:-1,&quot;id&quot;:&quot;zixi://bonded(bonded43)#10.7.0.66:2088@10.7.0.65,192.168.60.66:2088@192.168.50.65,192.168.5.166:2088@192.168.5.165&quot;,&quot;type&quot;:2,&quot;name&quot;:&quot;bond43&quot;,&quot;asi&quot;:0,&quot;rtmp&quot;:0,&quot;file&quot;:1,&quot;active&quot;:1,&quot;group&quot;:&quot;&quot;,&quot;bonded&quot;:[],&quot;error&quot;:&quot;Authentication&quot;,&quot;con_stat&quot;:&quot;Disconnected&quot;,&quot;bitrate&quot;:0,&quot;dest&quot;:&quot;bonded/bonded43&quot;},{&quot;mip&quot;:&quot;4000.ts&quot;,&quot;port&quot;:0,&quot;ip&quot;:&quot;file&quot;,&quot;in_name&quot;:&quot;bond&quot;,&quot;in_active&quot;:1,&quot;in_active_sources&quot;:0,&quot;prg_name&quot;:&quot;&quot;,&quot;prg_prov&quot;:&quot;&quot;,&quot;prg_num&quot;:-1,&quot;chan&quot;:&quot;&quot;,&quot;chan_id&quot;:-1,&quot;id&quot;:&quot;zixi://bonded(bonded38)#10.7.0.66:2088@10.7.0.65,192.168.60.66:2088@192.168.50.65,192.168.5.166:2088@192.168.5.165&quot;,&quot;type&quot;:2,&quot;name&quot;:&quot;bond38&quot;,&quot;asi&quot;:0,&quot;rtmp&quot;:0,&quot;file&quot;:1,&quot;active&quot;:1,&quot;group&quot;:&quot;&quot;,&quot;bonded&quot;:[],&quot;error&quot;:&quot;Timeout&quot;,&quot;con_stat&quot;:&quot;Disconnected&quot;,&quot;bitrate&quot;:0,&quot;dest&quot;:&quot;bonded/bonded38&quot;},{&quot;mip&quot;:&quot;4000.ts&quot;,&quot;port&quot;:0,&quot;ip&quot;:&quot;file&quot;,&quot;in_name&quot;:&quot;bond&quot;,&quot;in_active&quot;:1,&quot;in_active_sources&quot;:0,&quot;prg_name&quot;:&quot;&quot;,&quot;prg_prov&quot;:&quot;&quot;,&quot;prg_num&quot;:-1,&quot;chan&quot;:&quot;&quot;,&quot;chan_id&quot;:-1,&quot;id&quot;:&quot;zixi://bonded(bonded47)#10.7.0.66:2088@10.7.0.65,192.168.60.66:2088@192.168.50.65,192.168.5.166:2088@192.168.5.165&quot;,&quot;type&quot;:2,&quot;name&quot;:&quot;bond47&quot;,&quot;asi&quot;:0,&quot;rtmp&quot;:0,&quot;file&quot;:1,&quot;active&quot;:1,&quot;group&quot;:&quot;&quot;,&quot;bonded&quot;:[],&quot;error&quot;:&quot;Authentication&quot;,&quot;con_stat&quot;:&quot;Disconnected&quot;,&quot;bitrate&quot;:0,&quot;dest&quot;:&quot;bonded/bonded47&quot;},{&quot;mip&quot;:&quot;4000.ts&quot;,&quot;port&quot;:0,&quot;ip&quot;:&quot;file&quot;,&quot;in_name&quot;:&quot;bond&quot;,&quot;in_active&quot;:1,&quot;in_active_sources&quot;:0,&quot;prg_name&quot;:&quot;&quot;,&quot;prg_prov&quot;:&quot;&quot;,&quot;prg_num&quot;:-1,&quot;chan&quot;:&quot;&quot;,&quot;chan_id&quot;:-1,&quot;id&quot;:&quot;zixi://bonded(bonded48)#10.7.0.66:2088@10.7.0.65,192.168.60.66:2088@192.168.50.65,192.168.5.166:2088@192.168.5.165&quot;,&quot;type&quot;:2,&quot;name&quot;:&quot;bond48&quot;,&quot;asi&quot;:0,&quot;rtmp&quot;:0,&quot;file&quot;:1,&quot;active&quot;:1,&quot;group&quot;:&quot;&quot;,&quot;bonded&quot;:[],&quot;error&quot;:&quot;Timeout&quot;,&quot;con_stat&quot;:&quot;Connecting&quot;,&quot;bitrate&quot;:0,&quot;dest&quot;:&quot;bonded/bonded48&quot;},{&quot;mip&quot;:&quot;4000.ts&quot;,&quot;port&quot;:0,&quot;ip&quot;:&quot;file&quot;,&quot;in_name&quot;:&quot;bond&quot;,&quot;in_active&quot;:1,&quot;in_active_sources&quot;:0,&quot;prg_name&quot;:&quot;&quot;,&quot;prg_prov&quot;:&quot;&quot;,&quot;prg_num&quot;:-1,&quot;chan&quot;:&quot;&quot;,&quot;chan_id&quot;:-1,&quot;id&quot;:&quot;zixi://bonded(bonded14)#10.7.0.66:2088@10.7.0.65,192.168.60.66:2088@192.168.50.65,192.168.5.166:2088@192.168.5.165&quot;,&quot;type&quot;:2,&quot;name&quot;:&quot;bond14&quot;,&quot;asi&quot;:0,&quot;rtmp&quot;:0,&quot;file&quot;:1,&quot;active&quot;:1,&quot;group&quot;:&quot;&quot;,&quot;bonded&quot;:[],&quot;error&quot;:&quot;Timeout&quot;,&quot;con_stat&quot;:&quot;Connecting&quot;,&quot;bitrate&quot;:0,&quot;dest&quot;:&quot;bonded/bonded14&quot;},{&quot;mip&quot;:&quot;4000.ts&quot;,&quot;port&quot;:0,&quot;ip&quot;:&quot;file&quot;,&quot;in_name&quot;:&quot;bond&quot;,&quot;in_active&quot;:1,&quot;in_active_sources&quot;:0,&quot;prg_name&quot;:&quot;&quot;,&quot;prg_prov&quot;:&quot;&quot;,&quot;prg_num&quot;:-1,&quot;chan&quot;:&quot;&quot;,&quot;chan_id&quot;:-1,&quot;id&quot;:&quot;zixi://bonded(bonded6)#10.7.0.66:2088@10.7.0.65,192.168.60.66:2088@192.168.50.65,192.168.5.166:2088@192.168.5.165&quot;,&quot;type&quot;:2,&quot;name&quot;:&quot;bond6&quot;,&quot;asi&quot;:0,&quot;rtmp&quot;:0,&quot;file&quot;:1,&quot;active&quot;:1,&quot;group&quot;:&quot;&quot;,&quot;bonded&quot;:[{&quot;host&quot;:&quot;10.7.0.66&quot;,&quot;port&quot;:2088,&quot;nic&quot;:&quot;10.7.0.65&quot;,&quot;limit&quot;:0,&quot;is_backup&quot;:0,&quot;bitrate&quot;:1008937,&quot;up_time&quot;:72,&quot;error_code&quot;:0,&quot;status_code&quot;:3,&quot;error_str&quot;:&quot;None&quot;,&quot;status_str&quot;:&quot;Connected&quot;},{&quot;host&quot;:&quot;192.168.60.66&quot;,&quot;port&quot;:2088,&quot;nic&quot;:&quot;192.168.50.65&quot;,&quot;limit&quot;:0,&quot;is_backup&quot;:0,&quot;bitrate&quot;:0,&quot;up_time&quot;:0,&quot;error_code&quot;:3,&quot;status_code&quot;:1,&quot;error_str&quot;:&quot;Timeout&quot;,&quot;status_str&quot;:&quot;Connecting&quot;},{&quot;host&quot;:&quot;192.168.5.166&quot;,&quot;port&quot;:2088,&quot;nic&quot;:&quot;192.168.5.165&quot;,&quot;limit&quot;:0,&quot;is_backup&quot;:0,&quot;bitrate&quot;:3191671,&quot;up_time&quot;:313,&quot;error_code&quot;:0,&quot;status_code&quot;:3,&quot;error_str&quot;:&quot;None&quot;,&quot;status_str&quot;:&quot;Connected&quot;}],&quot;error&quot;:&quot;None&quot;,&quot;con_stat&quot;:&quot;Disconnected&quot;,&quot;bitrate&quot;:4141232,&quot;dest&quot;:&quot;bonded/bonded6&quot;},{&quot;mip&quot;:&quot;4000.ts&quot;,&quot;port&quot;:0,&quot;ip&quot;:&quot;file&quot;,&quot;in_name&quot;:&quot;bond&quot;,&quot;in_active&quot;:1,&quot;in_active_sources&quot;:0,&quot;prg_name&quot;:&quot;&quot;,&quot;prg_prov&quot;:&quot;&quot;,&quot;prg_num&quot;:-1,&quot;chan&quot;:&quot;&quot;,&quot;chan_id&quot;:-1,&quot;id&quot;:&quot;zixi://bonded(bonded2)#10.7.0.66:2088@10.7.0.65,192.168.60.66:2088@192.168.50.65,192.168.5.166:2088@192.168.5.165&quot;,&quot;type&quot;:2,&quot;name&quot;:&quot;bond2&quot;,&quot;asi&quot;:0,&quot;rtmp&quot;:0,&quot;file&quot;:1,&quot;active&quot;:1,&quot;group&quot;:&quot;&quot;,&quot;bonded&quot;:[{&quot;host&quot;:&quot;10.7.0.66&quot;,&quot;port&quot;:2088,&quot;nic&quot;:&quot;10.7.0.65&quot;,&quot;limit&quot;:0,&quot;is_backup&quot;:0,&quot;bitrate&quot;:1008649,&quot;up_time&quot;:211,&quot;error_code&quot;:0,&quot;status_code&quot;:3,&quot;error_str&quot;:&quot;None&quot;,&quot;status_str&quot;:&quot;Connected&quot;},{&quot;host&quot;:&quot;192.168.60.66&quot;,&quot;port&quot;:2088,&quot;nic&quot;:&quot;192.168.50.65&quot;,&quot;limit&quot;:0,&quot;is_backup&quot;:0,&quot;bitrate&quot;:0,&quot;up_time&quot;:0,&quot;error_code&quot;:3,&quot;status_code&quot;:1,&quot;error_str&quot;:&quot;Timeout&quot;,&quot;status_str&quot;:&quot;Connecting&quot;},{&quot;host&quot;:&quot;192.168.5.166&quot;,&quot;port&quot;:2088,&quot;nic&quot;:&quot;192.168.5.165&quot;,&quot;limit&quot;:0,&quot;is_backup&quot;:0,&quot;bitrate&quot;:3211923,&quot;up_time&quot;:258,&quot;error_code&quot;:0,&quot;status_code&quot;:3,&quot;error_str&quot;:&quot;None&quot;,&quot;status_str&quot;:&quot;Connected&quot;}],&quot;error&quot;:&quot;None&quot;,&quot;con_stat&quot;:&quot;Disconnected&quot;,&quot;bitrate&quot;:4147868,&quot;dest&quot;:&quot;bonded/bonded2&quot;},{&quot;mip&quot;:&quot;4000.ts&quot;,&quot;port&quot;:0,&quot;ip&quot;:&quot;file&quot;,&quot;in_name&quot;:&quot;bond&quot;,&quot;in_active&quot;:1,&quot;in_active_sources&quot;:0,&quot;prg_name&quot;:&quot;&quot;,&quot;prg_prov&quot;:&quot;&quot;,&quot;prg_num&quot;:-1,&quot;chan&quot;:&quot;&quot;,&quot;chan_id&quot;:-1,&quot;id&quot;:&quot;zixi://bonded(bonded1)#10.7.0.66:2088@10.7.0.65,192.168.60.66:2088@192.168.50.65,192.168.5.166:2088@192.168.5.165&quot;,&quot;type&quot;:2,&quot;name&quot;:&quot;bond1&quot;,&quot;asi&quot;:0,&quot;rtmp&quot;:0,&quot;file&quot;:1,&quot;active&quot;:1,&quot;group&quot;:&quot;&quot;,&quot;bonded&quot;:[{&quot;host&quot;:&quot;10.7.0.66&quot;,&quot;port&quot;:2088,&quot;nic&quot;:&quot;10.7.0.65&quot;,&quot;limit&quot;:0,&quot;is_backup&quot;:0,&quot;bitrate&quot;:1009531,&quot;up_time&quot;:300,&quot;error_code&quot;:0,&quot;status_code&quot;:3,&quot;error_str&quot;:&quot;None&quot;,&quot;status_str&quot;:&quot;Connected&quot;},{&quot;host&quot;:&quot;192.168.60.66&quot;,&quot;port&quot;:2088,&quot;nic&quot;:&quot;192.168.50.65&quot;,&quot;limit&quot;:0,&quot;is_backup&quot;:0,&quot;bitrate&quot;:0,&quot;up_time&quot;:0,&quot;error_code&quot;:3,&quot;status_code&quot;:1,&quot;error_str&quot;:&quot;Timeout&quot;,&quot;status_str&quot;:&quot;Connecting&quot;},{&quot;host&quot;:&quot;192.168.5.166&quot;,&quot;port&quot;:2088,&quot;nic&quot;:&quot;192.168.5.165&quot;,&quot;limit&quot;:0,&quot;is_backup&quot;:0,&quot;bitrate&quot;:4680955,&quot;up_time&quot;:268,&quot;error_code&quot;:0,&quot;status_code&quot;:3,&quot;error_str&quot;:&quot;None&quot;,&quot;status_str&quot;:&quot;Connected&quot;}],&quot;error&quot;:&quot;None&quot;,&quot;con_stat&quot;:&quot;Disconnected&quot;,&quot;bitrate&quot;:5623144,&quot;dest&quot;:&quot;bonded/bonded1&quot;},{&quot;mip&quot;:&quot;4000.ts&quot;,&quot;port&quot;:0,&quot;ip&quot;:&quot;file&quot;,&quot;in_name&quot;:&quot;bond&quot;,&quot;in_active&quot;:1,&quot;in_active_sources&quot;:0,&quot;prg_name&quot;:&quot;&quot;,&quot;prg_prov&quot;:&quot;&quot;,&quot;prg_num&quot;:-1,&quot;chan&quot;:&quot;&quot;,&quot;chan_id&quot;:-1,&quot;id&quot;:&quot;zixi://bonded(bonded4)#10.7.0.66:2088@10.7.0.65,192.168.60.66:2088@192.168.50.65,192.168.5.166:2088@192.168.5.165&quot;,&quot;type&quot;:2,&quot;name&quot;:&quot;bond4&quot;,&quot;asi&quot;:0,&quot;rtmp&quot;:0,&quot;file&quot;:1,&quot;active&quot;:1,&quot;group&quot;:&quot;&quot;,&quot;bonded&quot;:[],&quot;error&quot;:&quot;Timeout&quot;,&quot;con_stat&quot;:&quot;Connecting&quot;,&quot;bitrate&quot;:0,&quot;dest&quot;:&quot;bonded/bonded4&quot;},{&quot;mip&quot;:&quot;4000.ts&quot;,&quot;port&quot;:0,&quot;ip&quot;:&quot;file&quot;,&quot;in_name&quot;:&quot;bond&quot;,&quot;in_active&quot;:1,&quot;in_active_sources&quot;:0,&quot;prg_name&quot;:&quot;&quot;,&quot;prg_prov&quot;:&quot;&quot;,&quot;prg_num&quot;:-1,&quot;chan&quot;:&quot;&quot;,&quot;chan_id&quot;:-1,&quot;id&quot;:&quot;zixi://bonded(bonded5)#10.7.0.66:2088@10.7.0.65,192.168.60.66:2088@192.168.50.65,192.168.5.166:2088@192.168.5.165&quot;,&quot;type&quot;:2,&quot;name&quot;:&quot;bond5&quot;,&quot;asi&quot;:0,&quot;rtmp&quot;:0,&quot;file&quot;:1,&quot;active&quot;:1,&quot;group&quot;:&quot;&quot;,&quot;bonded&quot;:[{&quot;host&quot;:&quot;10.7.0.66&quot;,&quot;port&quot;:2088,&quot;nic&quot;:&quot;10.7.0.65&quot;,&quot;limit&quot;:0,&quot;is_backup&quot;:0,&quot;bitrate&quot;:1010819,&quot;up_time&quot;:305,&quot;error_code&quot;:0,&quot;status_code&quot;:3,&quot;error_str&quot;:&quot;None&quot;,&quot;status_str&quot;:&quot;Connected&quot;},{&quot;host&quot;:&quot;192.168.60.66&quot;,&quot;port&quot;:2088,&quot;nic&quot;:&quot;192.168.50.65&quot;,&quot;limit&quot;:0,&quot;is_backup&quot;:0,&quot;bitrate&quot;:0,&quot;up_time&quot;:0,&quot;error_code&quot;:3,&quot;status_code&quot;:1,&quot;error_str&quot;:&quot;Timeout&quot;,&quot;status_str&quot;:&quot;Connecting&quot;},{&quot;host&quot;:&quot;192.168.5.166&quot;,&quot;port&quot;:2088,&quot;nic&quot;:&quot;192.168.5.165&quot;,&quot;limit&quot;:0,&quot;is_backup&quot;:0,&quot;bitrate&quot;:3182468,&quot;up_time&quot;:273,&quot;error_code&quot;:0,&quot;status_code&quot;:3,&quot;error_str&quot;:&quot;None&quot;,&quot;status_str&quot;:&quot;Connected&quot;}],&quot;error&quot;:&quot;None&quot;,&quot;con_stat&quot;:&quot;Disconnected&quot;,&quot;bitrate&quot;:4128175,&quot;dest&quot;:&quot;bonded/bonded5&quot;},{&quot;mip&quot;:&quot;4000.ts&quot;,&quot;port&quot;:0,&quot;ip&quot;:&quot;file&quot;,&quot;in_name&quot;:&quot;bond&quot;,&quot;in_active&quot;:1,&quot;in_active_sources&quot;:0,&quot;prg_name&quot;:&quot;&quot;,&quot;prg_prov&quot;:&quot;&quot;,&quot;prg_num&quot;:-1,&quot;chan&quot;:&quot;&quot;,&quot;chan_id&quot;:-1,&quot;id&quot;:&quot;zixi://bonded(bonded9)#10.7.0.66:2088@10.7.0.65,192.168.60.66:2088@192.168.50.65,192.168.5.166:2088@192.168.5.165&quot;,&quot;type&quot;:2,&quot;name&quot;:&quot;bond9&quot;,&quot;asi&quot;:0,&quot;rtmp&quot;:0,&quot;file&quot;:1,&quot;active&quot;:1,&quot;group&quot;:&quot;&quot;,&quot;bonded&quot;:[{&quot;host&quot;:&quot;10.7.0.66&quot;,&quot;port&quot;:2088,&quot;nic&quot;:&quot;10.7.0.65&quot;,&quot;limit&quot;:0,&quot;is_backup&quot;:0,&quot;bitrate&quot;:999325,&quot;up_time&quot;:173,&quot;error_code&quot;:0,&quot;status_code&quot;:3,&quot;error_str&quot;:&quot;None&quot;,&quot;status_str&quot;:&quot;Connected&quot;},{&quot;host&quot;:&quot;192.168.60.66&quot;,&quot;port&quot;:2088,&quot;nic&quot;:&quot;192.168.50.65&quot;,&quot;limit&quot;:0,&quot;is_backup&quot;:0,&quot;bitrate&quot;:0,&quot;up_time&quot;:0,&quot;error_code&quot;:3,&quot;status_code&quot;:1,&quot;error_str&quot;:&quot;Timeout&quot;,&quot;status_str&quot;:&quot;Connecting&quot;},{&quot;host&quot;:&quot;192.168.5.166&quot;,&quot;port&quot;:2088,&quot;nic&quot;:&quot;192.168.5.165&quot;,&quot;limit&quot;:0,&quot;is_backup&quot;:0,&quot;bitrate&quot;:3238598,&quot;up_time&quot;:91,&quot;error_code&quot;:0,&quot;status_code&quot;:3,&quot;error_str&quot;:&quot;None&quot;,&quot;status_str&quot;:&quot;Connected&quot;}],&quot;error&quot;:&quot;None&quot;,&quot;con_stat&quot;:&quot;Disconnected&quot;,&quot;bitrate&quot;:4161776,&quot;dest&quot;:&quot;bonded/bonded9&quot;},{&quot;mip&quot;:&quot;4000.ts&quot;,&quot;port&quot;:0,&quot;ip&quot;:&quot;file&quot;,&quot;in_name&quot;:&quot;bond&quot;,&quot;in_active&quot;:1,&quot;in_active_sources&quot;:0,&quot;prg_name&quot;:&quot;&quot;,&quot;prg_prov&quot;:&quot;&quot;,&quot;prg_num&quot;:-1,&quot;chan&quot;:&quot;&quot;,&quot;chan_id&quot;:-1,&quot;id&quot;:&quot;zixi://bonded(bonded12)#10.7.0.66:2088@10.7.0.65,192.168.60.66:2088@192.168.50.65,192.168.5.166:2088@192.168.5.165&quot;,&quot;type&quot;:2,&quot;name&quot;:&quot;bond12&quot;,&quot;asi&quot;:0,&quot;rtmp&quot;:0,&quot;file&quot;:1,&quot;active&quot;:1,&quot;group&quot;:&quot;&quot;,&quot;bonded&quot;:[{&quot;host&quot;:&quot;10.7.0.66&quot;,&quot;port&quot;:2088,&quot;nic&quot;:&quot;10.7.0.65&quot;,&quot;limit&quot;:0,&quot;is_backup&quot;:0,&quot;bitrate&quot;:1007975,&quot;up_time&quot;:167,&quot;error_code&quot;:0,&quot;status_code&quot;:3,&quot;error_str&quot;:&quot;None&quot;,&quot;status_str&quot;:&quot;Connected&quot;},{&quot;host&quot;:&quot;192.168.60.66&quot;,&quot;port&quot;:2088,&quot;nic&quot;:&quot;192.168.50.65&quot;,&quot;limit&quot;:0,&quot;is_backup&quot;:0,&quot;bitrate&quot;:0,&quot;up_time&quot;:0,&quot;error_code&quot;:3,&quot;status_code&quot;:1,&quot;error_str&quot;:&quot;Timeout&quot;,&quot;status_str&quot;:&quot;Connecting&quot;},{&quot;host&quot;:&quot;192.168.5.166&quot;,&quot;port&quot;:2088,&quot;nic&quot;:&quot;192.168.5.165&quot;,&quot;limit&quot;:0,&quot;is_backup&quot;:0,&quot;bitrate&quot;:3217247,&quot;up_time&quot;:81,&quot;error_code&quot;:0,&quot;status_code&quot;:3,&quot;error_str&quot;:&quot;None&quot;,&quot;status_str&quot;:&quot;Connected&quot;}],&quot;error&quot;:&quot;None&quot;,&quot;con_stat&quot;:&quot;Disconnected&quot;,&quot;bitrate&quot;:4151504,&quot;dest&quot;:&quot;bonded/bonded12&quot;},{&quot;mip&quot;:&quot;4000.ts&quot;,&quot;port&quot;:0,&quot;ip&quot;:&quot;file&quot;,&quot;in_name&quot;:&quot;bond&quot;,&quot;in_active&quot;:1,&quot;in_active_sources&quot;:0,&quot;prg_name&quot;:&quot;&quot;,&quot;prg_prov&quot;:&quot;&quot;,&quot;prg_num&quot;:-1,&quot;chan&quot;:&quot;&quot;,&quot;chan_id&quot;:-1,&quot;id&quot;:&quot;zixi://bonded(bonded10)#10.7.0.66:2088@10.7.0.65,192.168.60.66:2088@192.168.50.65,192.168.5.166:2088@192.168.5.165&quot;,&quot;type&quot;:2,&quot;name&quot;:&quot;bond10&quot;,&quot;asi&quot;:0,&quot;rtmp&quot;:0,&quot;file&quot;:1,&quot;active&quot;:1,&quot;group&quot;:&quot;&quot;,&quot;bonded&quot;:[],&quot;error&quot;:&quot;Authentication&quot;,&quot;con_stat&quot;:&quot;Disconnected&quot;,&quot;bitrate&quot;:0,&quot;dest&quot;:&quot;bonded/bonded10&quot;},{&quot;mip&quot;:&quot;4000.ts&quot;,&quot;port&quot;:0,&quot;ip&quot;:&quot;file&quot;,&quot;in_name&quot;:&quot;bond&quot;,&quot;in_active&quot;:1,&quot;in_active_sources&quot;:0,&quot;prg_name&quot;:&quot;&quot;,&quot;prg_prov&quot;:&quot;&quot;,&quot;prg_num&quot;:-1,&quot;chan&quot;:&quot;&quot;,&quot;chan_id&quot;:-1,&quot;id&quot;:&quot;zixi://bonded(bonded13)#10.7.0.66:2088@10.7.0.65,192.168.60.66:2088@192.168.50.65,192.168.5.166:2088@192.168.5.165&quot;,&quot;type&quot;:2,&quot;name&quot;:&quot;bond13&quot;,&quot;asi&quot;:0,&quot;rtmp&quot;:0,&quot;file&quot;:1,&quot;active&quot;:1,&quot;group&quot;:&quot;&quot;,&quot;bonded&quot;:[{&quot;host&quot;:&quot;10.7.0.66&quot;,&quot;port&quot;:2088,&quot;nic&quot;:&quot;10.7.0.65&quot;,&quot;limit&quot;:0,&quot;is_backup&quot;:0,&quot;bitrate&quot;:1002730,&quot;up_time&quot;:169,&quot;error_code&quot;:0,&quot;status_code&quot;:3,&quot;error_str&quot;:&quot;None&quot;,&quot;status_str&quot;:&quot;Connected&quot;},{&quot;host&quot;:&quot;192.168.60.66&quot;,&quot;port&quot;:2088,&quot;nic&quot;:&quot;192.168.50.65&quot;,&quot;limit&quot;:0,&quot;is_backup&quot;:0,&quot;bitrate&quot;:0,&quot;up_time&quot;:0,&quot;error_code&quot;:3,&quot;status_code&quot;:1,&quot;error_str&quot;:&quot;Timeout&quot;,&quot;status_str&quot;:&quot;Connecting&quot;},{&quot;host&quot;:&quot;192.168.5.166&quot;,&quot;port&quot;:2088,&quot;nic&quot;:&quot;192.168.5.165&quot;,&quot;limit&quot;:0,&quot;is_backup&quot;:0,&quot;bitrate&quot;:3200561,&quot;up_time&quot;:312,&quot;error_code&quot;:0,&quot;status_code&quot;:3,&quot;error_str&quot;:&quot;None&quot;,&quot;status_str&quot;:&quot;Connected&quot;}],&quot;error&quot;:&quot;None&quot;,&quot;con_stat&quot;:&quot;Disconnected&quot;,&quot;bitrate&quot;:4141808,&quot;dest&quot;:&quot;bonded/bonded13&quot;},{&quot;mip&quot;:&quot;4000.ts&quot;,&quot;port&quot;:0,&quot;ip&quot;:&quot;file&quot;,&quot;in_name&quot;:&quot;bond&quot;,&quot;in_active&quot;:1,&quot;in_active_sources&quot;:0,&quot;prg_name&quot;:&quot;&quot;,&quot;prg_prov&quot;:&quot;&quot;,&quot;prg_num&quot;:-1,&quot;chan&quot;:&quot;&quot;,&quot;chan_id&quot;:-1,&quot;id&quot;:&quot;zixi://bonded(bonded11)#10.7.0.66:2088@10.7.0.65,192.168.60.66:2088@192.168.50.65,192.168.5.166:2088@192.168.5.165&quot;,&quot;type&quot;:2,&quot;name&quot;:&quot;bond11&quot;,&quot;asi&quot;:0,&quot;rtmp&quot;:0,&quot;file&quot;:1,&quot;active&quot;:1,&quot;group&quot;:&quot;&quot;,&quot;bonded&quot;:[{&quot;host&quot;:&quot;10.7.0.66&quot;,&quot;port&quot;:2088,&quot;nic&quot;:&quot;10.7.0.65&quot;,&quot;limit&quot;:0,&quot;is_backup&quot;:0,&quot;bitrate&quot;:993059,&quot;up_time&quot;:145,&quot;error_code&quot;:0,&quot;status_code&quot;:3,&quot;error_str&quot;:&quot;None&quot;,&quot;status_str&quot;:&quot;Connected&quot;},{&quot;host&quot;:&quot;192.168.60.66&quot;,&quot;port&quot;:2088,&quot;nic&quot;:&quot;192.168.50.65&quot;,&quot;limit&quot;:0,&quot;is_backup&quot;:0,&quot;bitrate&quot;:0,&quot;up_time&quot;:0,&quot;error_code&quot;:3,&quot;status_code&quot;:1,&quot;error_str&quot;:&quot;Timeout&quot;,&quot;status_str&quot;:&quot;Connecting&quot;},{&quot;host&quot;:&quot;192.168.5.166&quot;,&quot;port&quot;:2088,&quot;nic&quot;:&quot;192.168.5.165&quot;,&quot;limit&quot;:0,&quot;is_backup&quot;:0,&quot;bitrate&quot;:3170792,&quot;up_time&quot;:148,&quot;error_code&quot;:0,&quot;status_code&quot;:3,&quot;error_str&quot;:&quot;None&quot;,&quot;status_str&quot;:&quot;Connected&quot;}],&quot;error&quot;:&quot;None&quot;,&quot;con_stat&quot;:&quot;Disconnected&quot;,&quot;bitrate&quot;:4110920,&quot;dest&quot;:&quot;bonded/bonded11&quot;},{&quot;mip&quot;:&quot;4000.ts&quot;,&quot;port&quot;:0,&quot;ip&quot;:&quot;file&quot;,&quot;in_name&quot;:&quot;bond&quot;,&quot;in_active&quot;:1,&quot;in_active_sources&quot;:0,&quot;prg_name&quot;:&quot;&quot;,&quot;prg_prov&quot;:&quot;&quot;,&quot;prg_num&quot;:-1,&quot;chan&quot;:&quot;&quot;,&quot;chan_id&quot;:-1,&quot;id&quot;:&quot;zixi://bonded(bonded7)#10.7.0.66:2088@10.7.0.65,192.168.60.66:2088@192.168.50.65,192.168.5.166:2088@192.168.5.165&quot;,&quot;type&quot;:2,&quot;name&quot;:&quot;bond7&quot;,&quot;asi&quot;:0,&quot;rtmp&quot;:0,&quot;file&quot;:1,&quot;active&quot;:1,&quot;group&quot;:&quot;&quot;,&quot;bonded&quot;:[{&quot;host&quot;:&quot;10.7.0.66&quot;,&quot;port&quot;:2088,&quot;nic&quot;:&quot;10.7.0.65&quot;,&quot;limit&quot;:0,&quot;is_backup&quot;:0,&quot;bitrate&quot;:1008915,&quot;up_time&quot;:305,&quot;error_code&quot;:0,&quot;status_code&quot;:3,&quot;error_str&quot;:&quot;None&quot;,&quot;status_str&quot;:&quot;Connected&quot;},{&quot;host&quot;:&quot;192.168.60.66&quot;,&quot;port&quot;:2088,&quot;nic&quot;:&quot;192.168.50.65&quot;,&quot;limit&quot;:0,&quot;is_backup&quot;:0,&quot;bitrate&quot;:0,&quot;up_time&quot;:0,&quot;error_code&quot;:3,&quot;status_code&quot;:1,&quot;error_str&quot;:&quot;Timeout&quot;,&quot;status_str&quot;:&quot;Connecting&quot;},{&quot;host&quot;:&quot;192.168.5.166&quot;,&quot;port&quot;:2088,&quot;nic&quot;:&quot;192.168.5.165&quot;,&quot;limit&quot;:0,&quot;is_backup&quot;:0,&quot;bitrate&quot;:3182777,&quot;up_time&quot;:263,&quot;error_code&quot;:0,&quot;status_code&quot;:3,&quot;error_str&quot;:&quot;None&quot;,&quot;status_str&quot;:&quot;Connected&quot;}],&quot;error&quot;:&quot;None&quot;,&quot;con_stat&quot;:&quot;Disconnected&quot;,&quot;bitrate&quot;:4121424,&quot;dest&quot;:&quot;bonded/bonded7&quot;},{&quot;mip&quot;:&quot;4000.ts&quot;,&quot;port&quot;:0,&quot;ip&quot;:&quot;file&quot;,&quot;in_name&quot;:&quot;bond&quot;,&quot;in_active&quot;:1,&quot;in_active_sources&quot;:0,&quot;prg_name&quot;:&quot;&quot;,&quot;prg_prov&quot;:&quot;&quot;,&quot;prg_num&quot;:-1,&quot;chan&quot;:&quot;&quot;,&quot;chan_id&quot;:-1,&quot;id&quot;:&quot;zixi://bonded(bonded3)#10.7.0.66:2088@10.7.0.65,192.168.60.66:2088@192.168.50.65,192.168.5.166:2088@192.168.5.165&quot;,&quot;type&quot;:2,&quot;name&quot;:&quot;bond3&quot;,&quot;asi&quot;:0,&quot;rtmp&quot;:0,&quot;file&quot;:1,&quot;active&quot;:1,&quot;group&quot;:&quot;&quot;,&quot;bonded&quot;:[{&quot;host&quot;:&quot;10.7.0.66&quot;,&quot;port&quot;:2088,&quot;nic&quot;:&quot;10.7.0.65&quot;,&quot;limit&quot;:0,&quot;is_backup&quot;:0,&quot;bitrate&quot;:1003630,&quot;up_time&quot;:146,&quot;error_code&quot;:0,&quot;status_code&quot;:3,&quot;error_str&quot;:&quot;None&quot;,&quot;status_str&quot;:&quot;Connected&quot;},{&quot;host&quot;:&quot;192.168.60.66&quot;,&quot;port&quot;:2088,&quot;nic&quot;:&quot;192.168.50.65&quot;,&quot;limit&quot;:0,&quot;is_backup&quot;:0,&quot;bitrate&quot;:0,&quot;up_time&quot;:0,&quot;error_code&quot;:3,&quot;status_code&quot;:1,&quot;error_str&quot;:&quot;Timeout&quot;,&quot;status_str&quot;:&quot;Connecting&quot;},{&quot;host&quot;:&quot;192.168.5.166&quot;,&quot;port&quot;:2088,&quot;nic&quot;:&quot;192.168.5.165&quot;,&quot;limit&quot;:0,&quot;is_backup&quot;:0,&quot;bitrate&quot;:3198649,&quot;up_time&quot;:30,&quot;error_code&quot;:0,&quot;status_code&quot;:3,&quot;error_str&quot;:&quot;None&quot;,&quot;status_str&quot;:&quot;Connected&quot;}],&quot;error&quot;:&quot;None&quot;,&quot;con_stat&quot;:&quot;Disconnected&quot;,&quot;bitrate&quot;:4131856,&quot;dest&quot;:&quot;bonded/bonded3&quot;},{&quot;mip&quot;:&quot;4000.ts&quot;,&quot;port&quot;:0,&quot;ip&quot;:&quot;file&quot;,&quot;in_name&quot;:&quot;bond&quot;,&quot;in_active&quot;:1,&quot;in_active_sources&quot;:0,&quot;prg_name&quot;:&quot;&quot;,&quot;prg_prov&quot;:&quot;&quot;,&quot;prg_num&quot;:-1,&quot;chan&quot;:&quot;&quot;,&quot;chan_id&quot;:-1,&quot;id&quot;:&quot;zixi://bonded(bonded0)#10.7.0.66:2088@10.7.0.65,192.168.60.66:2088@192.168.50.65,192.168.5.166:2088@192.168.5.165&quot;,&quot;type&quot;:2,&quot;name&quot;:&quot;bond0&quot;,&quot;asi&quot;:0,&quot;rtmp&quot;:0,&quot;file&quot;:1,&quot;active&quot;:1,&quot;group&quot;:&quot;&quot;,&quot;bonded&quot;:[{&quot;host&quot;:&quot;10.7.0.66&quot;,&quot;port&quot;:2088,&quot;nic&quot;:&quot;10.7.0.65&quot;,&quot;limit&quot;:0,&quot;is_backup&quot;:0,&quot;bitrate&quot;:1009531,&quot;up_time&quot;:327,&quot;error_code&quot;:0,&quot;status_code&quot;:3,&quot;error_str&quot;:&quot;None&quot;,&quot;status_str&quot;:&quot;Connected&quot;},{&quot;host&quot;:&quot;192.168.60.66&quot;,&quot;port&quot;:2088,&quot;nic&quot;:&quot;192.168.50.65&quot;,&quot;limit&quot;:0,&quot;is_backup&quot;:0,&quot;bitrate&quot;:0,&quot;up_time&quot;:0,&quot;error_code&quot;:3,&quot;status_code&quot;:1,&quot;error_str&quot;:&quot;Timeout&quot;,&quot;status_str&quot;:&quot;Connecting&quot;},{&quot;host&quot;:&quot;192.168.5.166&quot;,&quot;port&quot;:2088,&quot;nic&quot;:&quot;192.168.5.165&quot;,&quot;limit&quot;:0,&quot;is_backup&quot;:0,&quot;bitrate&quot;:4686094,&quot;up_time&quot;:278,&quot;error_code&quot;:0,&quot;status_code&quot;:3,&quot;error_str&quot;:&quot;None&quot;,&quot;status_str&quot;:&quot;Connected&quot;}],&quot;error&quot;:&quot;None&quot;,&quot;con_stat&quot;:&quot;Disconnected&quot;,&quot;bitrate&quot;:5623576,&quot;dest&quot;:&quot;bonded/bonded0&quot;},{&quot;mip&quot;:&quot;4000.ts&quot;,&quot;port&quot;:0,&quot;ip&quot;:&quot;file&quot;,&quot;in_name&quot;:&quot;bond&quot;,&quot;in_active&quot;:1,&quot;in_active_sources&quot;:0,&quot;prg_name&quot;:&quot;&quot;,&quot;prg_prov&quot;:&quot;&quot;,&quot;prg_num&quot;:-1,&quot;chan&quot;:&quot;&quot;,&quot;chan_id&quot;:-1,&quot;id&quot;:&quot;zixi://bonded(bonded19)#10.7.0.66:2088@10.7.0.65,192.168.60.66:2088@192.168.50.65,192.168.5.166:2088@192.168.5.165&quot;,&quot;type&quot;:2,&quot;name&quot;:&quot;bond19&quot;,&quot;asi&quot;:0,&quot;rtmp&quot;:0,&quot;file&quot;:1,&quot;active&quot;:1,&quot;group&quot;:&quot;&quot;,&quot;bonded&quot;:[{&quot;host&quot;:&quot;10.7.0.66&quot;,&quot;port&quot;:2088,&quot;nic&quot;:&quot;10.7.0.65&quot;,&quot;limit&quot;:0,&quot;is_backup&quot;:0,&quot;bitrate&quot;:1008732,&quot;up_time&quot;:173,&quot;error_code&quot;:0,&quot;status_code&quot;:3,&quot;error_str&quot;:&quot;None&quot;,&quot;status_str&quot;:&quot;Connected&quot;},{&quot;host&quot;:&quot;192.168.60.66&quot;,&quot;port&quot;:2088,&quot;nic&quot;:&quot;192.168.50.65&quot;,&quot;limit&quot;:0,&quot;is_backup&quot;:0,&quot;bitrate&quot;:0,&quot;up_time&quot;:0,&quot;error_code&quot;:3,&quot;status_code&quot;:1,&quot;error_str&quot;:&quot;Timeout&quot;,&quot;status_str&quot;:&quot;Connecting&quot;},{&quot;host&quot;:&quot;192.168.5.166&quot;,&quot;port&quot;:2088,&quot;nic&quot;:&quot;192.168.5.165&quot;,&quot;limit&quot;:0,&quot;is_backup&quot;:0,&quot;bitrate&quot;:3205971,&quot;up_time&quot;:81,&quot;error_code&quot;:0,&quot;status_code&quot;:3,&quot;error_str&quot;:&quot;None&quot;,&quot;status_str&quot;:&quot;Connected&quot;}],&quot;error&quot;:&quot;None&quot;,&quot;con_stat&quot;:&quot;Disconnected&quot;,&quot;bitrate&quot;:4162464,&quot;dest&quot;:&quot;bonded/bonded19&quot;},{&quot;mip&quot;:&quot;4000.ts&quot;,&quot;port&quot;:0,&quot;ip&quot;:&quot;file&quot;,&quot;in_name&quot;:&quot;bond&quot;,&quot;in_active&quot;:1,&quot;in_active_sources&quot;:0,&quot;prg_name&quot;:&quot;&quot;,&quot;prg_prov&quot;:&quot;&quot;,&quot;prg_num&quot;:-1,&quot;chan&quot;:&quot;&quot;,&quot;chan_id&quot;:-1,&quot;id&quot;:&quot;zixi://bonded(bonded16)#10.7.0.66:2088@10.7.0.65,192.168.60.66:2088@192.168.50.65,192.168.5.166:2088@192.168.5.165&quot;,&quot;type&quot;:2,&quot;name&quot;:&quot;bond16&quot;,&quot;asi&quot;:0,&quot;rtmp&quot;:0,&quot;file&quot;:1,&quot;active&quot;:1,&quot;group&quot;:&quot;&quot;,&quot;bonded&quot;:[{&quot;host&quot;:&quot;10.7.0.66&quot;,&quot;port&quot;:2088,&quot;nic&quot;:&quot;10.7.0.65&quot;,&quot;limit&quot;:0,&quot;is_backup&quot;:0,&quot;bitrate&quot;:1002527,&quot;up_time&quot;:61,&quot;error_code&quot;:0,&quot;status_code&quot;:3,&quot;error_str&quot;:&quot;None&quot;,&quot;status_str&quot;:&quot;Connected&quot;},{&quot;host&quot;:&quot;192.168.60.66&quot;,&quot;port&quot;:2088,&quot;nic&quot;:&quot;192.168.50.65&quot;,&quot;limit&quot;:0,&quot;is_backup&quot;:0,&quot;bitrate&quot;:0,&quot;up_time&quot;:0,&quot;error_code&quot;:3,&quot;status_code&quot;:1,&quot;error_str&quot;:&quot;Timeout&quot;,&quot;status_str&quot;:&quot;Connecting&quot;},{&quot;host&quot;:&quot;192.168.5.166&quot;,&quot;port&quot;:2088,&quot;nic&quot;:&quot;192.168.5.165&quot;,&quot;limit&quot;:0,&quot;is_backup&quot;:0,&quot;bitrate&quot;:3218814,&quot;up_time&quot;:273,&quot;error_code&quot;:0,&quot;status_code&quot;:3,&quot;error_str&quot;:&quot;None&quot;,&quot;status_str&quot;:&quot;Connected&quot;}],&quot;error&quot;:&quot;None&quot;,&quot;con_stat&quot;:&quot;Disconnected&quot;,&quot;bitrate&quot;:4162464,&quot;dest&quot;:&quot;bonded/bonded16&quot;},{&quot;mip&quot;:&quot;4000.ts&quot;,&quot;port&quot;:0,&quot;ip&quot;:&quot;file&quot;,&quot;in_name&quot;:&quot;bond&quot;,&quot;in_active&quot;:1,&quot;in_active_sources&quot;:0,&quot;prg_name&quot;:&quot;&quot;,&quot;prg_prov&quot;:&quot;&quot;,&quot;prg_num&quot;:-1,&quot;chan&quot;:&quot;&quot;,&quot;chan_id&quot;:-1,&quot;id&quot;:&quot;zixi://bonded(bonded20)#10.7.0.66:2088@10.7.0.65,192.168.60.66:2088@192.168.50.65,192.168.5.166:2088@192.168.5.165&quot;,&quot;type&quot;:2,&quot;name&quot;:&quot;bond20&quot;,&quot;asi&quot;:0,&quot;rtmp&quot;:0,&quot;file&quot;:1,&quot;active&quot;:1,&quot;group&quot;:&quot;&quot;,&quot;bonded&quot;:[],&quot;error&quot;:&quot;Timeout&quot;,&quot;con_stat&quot;:&quot;Disconnected&quot;,&quot;bitrate&quot;:0,&quot;dest&quot;:&quot;bonded/bonded20&quot;},{&quot;mip&quot;:&quot;4000.ts&quot;,&quot;port&quot;:0,&quot;ip&quot;:&quot;file&quot;,&quot;in_name&quot;:&quot;bond&quot;,&quot;in_active&quot;:1,&quot;in_active_sources&quot;:0,&quot;prg_name&quot;:&quot;&quot;,&quot;prg_prov&quot;:&quot;&quot;,&quot;prg_num&quot;:-1,&quot;chan&quot;:&quot;&quot;,&quot;chan_id&quot;:-1,&quot;id&quot;:&quot;zixi://bonded(bonded8)#10.7.0.66:2088@10.7.0.65,192.168.60.66:2088@192.168.50.65,192.168.5.166:2088@192.168.5.165&quot;,&quot;type&quot;:2,&quot;name&quot;:&quot;bond8&quot;,&quot;asi&quot;:0,&quot;rtmp&quot;:0,&quot;file&quot;:1,&quot;active&quot;:1,&quot;group&quot;:&quot;&quot;,&quot;bonded&quot;:[{&quot;host&quot;:&quot;10.7.0.66&quot;,&quot;port&quot;:2088,&quot;nic&quot;:&quot;10.7.0.65&quot;,&quot;limit&quot;:0,&quot;is_backup&quot;:0,&quot;bitrate&quot;:1011328,&quot;up_time&quot;:90,&quot;error_code&quot;:0,&quot;status_code&quot;:3,&quot;error_str&quot;:&quot;None&quot;,&quot;status_str&quot;:&quot;Connected&quot;},{&quot;host&quot;:&quot;192.168.60.66&quot;,&quot;port&quot;:2088,&quot;nic&quot;:&quot;192.168.50.65&quot;,&quot;limit&quot;:0,&quot;is_backup&quot;:0,&quot;bitrate&quot;:0,&quot;up_time&quot;:0,&quot;error_code&quot;:3,&quot;status_code&quot;:1,&quot;error_str&quot;:&quot;Timeout&quot;,&quot;status_str&quot;:&quot;Connecting&quot;},{&quot;host&quot;:&quot;192.168.5.166&quot;,&quot;port&quot;:2088,&quot;nic&quot;:&quot;192.168.5.165&quot;,&quot;limit&quot;:0,&quot;is_backup&quot;:0,&quot;bitrate&quot;:3194816,&quot;up_time&quot;:86,&quot;error_code&quot;:0,&quot;status_code&quot;:3,&quot;error_str&quot;:&quot;None&quot;,&quot;status_str&quot;:&quot;Connected&quot;}],&quot;error&quot;:&quot;None&quot;,&quot;con_stat&quot;:&quot;Disconnected&quot;,&quot;bitrate&quot;:4140624,&quot;dest&quot;:&quot;bonded/bonded8&quot;},{&quot;mip&quot;:&quot;4000.ts&quot;,&quot;port&quot;:0,&quot;ip&quot;:&quot;file&quot;,&quot;in_name&quot;:&quot;bond&quot;,&quot;in_active&quot;:1,&quot;in_active_sources&quot;:0,&quot;prg_name&quot;:&quot;&quot;,&quot;prg_prov&quot;:&quot;&quot;,&quot;prg_num&quot;:-1,&quot;chan&quot;:&quot;&quot;,&quot;chan_id&quot;:-1,&quot;id&quot;:&quot;zixi://bonded(bonded23)#10.7.0.66:2088@10.7.0.65,192.168.60.66:2088@192.168.50.65,192.168.5.166:2088@192.168.5.165&quot;,&quot;type&quot;:2,&quot;name&quot;:&quot;bond23&quot;,&quot;asi&quot;:0,&quot;rtmp&quot;:0,&quot;file&quot;:1,&quot;active&quot;:1,&quot;group&quot;:&quot;&quot;,&quot;bonded&quot;:[{&quot;host&quot;:&quot;10.7.0.66&quot;,&quot;port&quot;:2088,&quot;nic&quot;:&quot;10.7.0.65&quot;,&quot;limit&quot;:0,&quot;is_backup&quot;:0,&quot;bitrate&quot;:997191,&quot;up_time&quot;:158,&quot;error_code&quot;:0,&quot;status_code&quot;:3,&quot;error_str&quot;:&quot;None&quot;,&quot;status_str&quot;:&quot;Connected&quot;},{&quot;host&quot;:&quot;192.168.60.66&quot;,&quot;port&quot;:2088,&quot;nic&quot;:&quot;192.168.50.65&quot;,&quot;limit&quot;:0,&quot;is_backup&quot;:0,&quot;bitrate&quot;:0,&quot;up_time&quot;:0,&quot;error_code&quot;:3,&quot;status_code&quot;:1,&quot;error_str&quot;:&quot;Timeout&quot;,&quot;status_str&quot;:&quot;Connecting&quot;},{&quot;host&quot;:&quot;192.168.5.166&quot;,&quot;port&quot;:2088,&quot;nic&quot;:&quot;192.168.5.165&quot;,&quot;limit&quot;:0,&quot;is_backup&quot;:0,&quot;bitrate&quot;:3178560,&quot;up_time&quot;:326,&quot;error_code&quot;:0,&quot;status_code&quot;:3,&quot;error_str&quot;:&quot;None&quot;,&quot;status_str&quot;:&quot;Connected&quot;}],&quot;error&quot;:&quot;None&quot;,&quot;con_stat&quot;:&quot;Disconnected&quot;,&quot;bitrate&quot;:4113461,&quot;dest&quot;:&quot;bonded/bonded23&quot;},{&quot;mip&quot;:&quot;4000.ts&quot;,&quot;port&quot;:0,&quot;ip&quot;:&quot;file&quot;,&quot;in_name&quot;:&quot;bond&quot;,&quot;in_active&quot;:1,&quot;in_active_sources&quot;:0,&quot;prg_name&quot;:&quot;&quot;,&quot;prg_prov&quot;:&quot;&quot;,&quot;prg_num&quot;:-1,&quot;chan&quot;:&quot;&quot;,&quot;chan_id&quot;:-1,&quot;id&quot;:&quot;zixi://bonded(bonded17)#10.7.0.66:2088@10.7.0.65,192.168.60.66:2088@192.168.50.65,192.168.5.166:2088@192.168.5.165&quot;,&quot;type&quot;:2,&quot;name&quot;:&quot;bond17&quot;,&quot;asi&quot;:0,&quot;rtmp&quot;:0,&quot;file&quot;:1,&quot;active&quot;:1,&quot;group&quot;:&quot;&quot;,&quot;bonded&quot;:[{&quot;host&quot;:&quot;10.7.0.66&quot;,&quot;port&quot;:2088,&quot;nic&quot;:&quot;10.7.0.65&quot;,&quot;limit&quot;:0,&quot;is_backup&quot;:0,&quot;bitrate&quot;:1005592,&quot;up_time&quot;:31,&quot;error_code&quot;:0,&quot;status_code&quot;:3,&quot;error_str&quot;:&quot;None&quot;,&quot;status_str&quot;:&quot;Connected&quot;},{&quot;host&quot;:&quot;192.168.60.66&quot;,&quot;port&quot;:2088,&quot;nic&quot;:&quot;192.168.50.65&quot;,&quot;limit&quot;:0,&quot;is_backup&quot;:0,&quot;bitrate&quot;:0,&quot;up_time&quot;:0,&quot;error_code&quot;:3,&quot;status_code&quot;:1,&quot;error_str&quot;:&quot;Timeout&quot;,&quot;status_str&quot;:&quot;Connecting&quot;},{&quot;host&quot;:&quot;192.168.5.166&quot;,&quot;port&quot;:2088,&quot;nic&quot;:&quot;192.168.5.165&quot;,&quot;limit&quot;:0,&quot;is_backup&quot;:0,&quot;bitrate&quot;:3218655,&quot;up_time&quot;:381,&quot;error_code&quot;:0,&quot;status_code&quot;:3,&quot;error_str&quot;:&quot;None&quot;,&quot;status_str&quot;:&quot;Connected&quot;}],&quot;error&quot;:&quot;None&quot;,&quot;con_stat&quot;:&quot;Disconnected&quot;,&quot;bitrate&quot;:4151536,&quot;dest&quot;:&quot;bonded/bonded17&quot;},{&quot;mip&quot;:&quot;4000.ts&quot;,&quot;port&quot;:0,&quot;ip&quot;:&quot;file&quot;,&quot;in_name&quot;:&quot;bond&quot;,&quot;in_active&quot;:1,&quot;in_active_sources&quot;:0,&quot;prg_name&quot;:&quot;&quot;,&quot;prg_prov&quot;:&quot;&quot;,&quot;prg_num&quot;:-1,&quot;chan&quot;:&quot;&quot;,&quot;chan_id&quot;:-1,&quot;id&quot;:&quot;zixi://bonded(bonded24)#10.7.0.66:2088@10.7.0.65,192.168.60.66:2088@192.168.50.65,192.168.5.166:2088@192.168.5.165&quot;,&quot;type&quot;:2,&quot;name&quot;:&quot;bond24&quot;,&quot;asi&quot;:0,&quot;rtmp&quot;:0,&quot;file&quot;:1,&quot;active&quot;:1,&quot;group&quot;:&quot;&quot;,&quot;bonded&quot;:[{&quot;host&quot;:&quot;10.7.0.66&quot;,&quot;port&quot;:2088,&quot;nic&quot;:&quot;10.7.0.65&quot;,&quot;limit&quot;:0,&quot;is_backup&quot;:0,&quot;bitrate&quot;:1006382,&quot;up_time&quot;:314,&quot;error_code&quot;:0,&quot;status_code&quot;:3,&quot;error_str&quot;:&quot;None&quot;,&quot;status_str&quot;:&quot;Connected&quot;},{&quot;host&quot;:&quot;192.168.60.66&quot;,&quot;port&quot;:2088,&quot;nic&quot;:&quot;192.168.50.65&quot;,&quot;limit&quot;:0,&quot;is_backup&quot;:0,&quot;bitrate&quot;:0,&quot;up_time&quot;:0,&quot;error_code&quot;:3,&quot;status_code&quot;:1,&quot;error_str&quot;:&quot;Timeout&quot;,&quot;status_str&quot;:&quot;Connecting&quot;},{&quot;host&quot;:&quot;192.168.5.166&quot;,&quot;port&quot;:2088,&quot;nic&quot;:&quot;192.168.5.165&quot;,&quot;limit&quot;:0,&quot;is_backup&quot;:0,&quot;bitrate&quot;:3191695,&quot;up_time&quot;:273,&quot;error_code&quot;:0,&quot;status_code&quot;:3,&quot;error_str&quot;:&quot;None&quot;,&quot;status_str&quot;:&quot;Connected&quot;}],&quot;error&quot;:&quot;None&quot;,&quot;con_stat&quot;:&quot;Disconnected&quot;,&quot;bitrate&quot;:4132048,&quot;dest&quot;:&quot;bonded/bonded24&quot;},{&quot;mip&quot;:&quot;4000.ts&quot;,&quot;port&quot;:0,&quot;ip&quot;:&quot;file&quot;,&quot;in_name&quot;:&quot;bond&quot;,&quot;in_active&quot;:1,&quot;in_active_sources&quot;:0,&quot;prg_name&quot;:&quot;&quot;,&quot;prg_prov&quot;:&quot;&quot;,&quot;prg_num&quot;:-1,&quot;chan&quot;:&quot;&quot;,&quot;chan_id&quot;:-1,&quot;id&quot;:&quot;zixi://bonded(bonded15)#10.7.0.66:2088@10.7.0.65,192.168.60.66:2088@192.168.50.65,192.168.5.166:2088@192.168.5.165&quot;,&quot;type&quot;:2,&quot;name&quot;:&quot;bond15&quot;,&quot;asi&quot;:0,&quot;rtmp&quot;:0,&quot;file&quot;:1,&quot;active&quot;:1,&quot;group&quot;:&quot;&quot;,&quot;bonded&quot;:[],&quot;error&quot;:&quot;Timeout&quot;,&quot;con_stat&quot;:&quot;Connecting&quot;,&quot;bitrate&quot;:0,&quot;dest&quot;:&quot;bonded/bonded15&quot;},{&quot;mip&quot;:&quot;4000.ts&quot;,&quot;port&quot;:0,&quot;ip&quot;:&quot;file&quot;,&quot;in_name&quot;:&quot;bond&quot;,&quot;in_active&quot;:1,&quot;in_active_sources&quot;:0,&quot;prg_name&quot;:&quot;&quot;,&quot;prg_prov&quot;:&quot;&quot;,&quot;prg_num&quot;:-1,&quot;chan&quot;:&quot;&quot;,&quot;chan_id&quot;:-1,&quot;id&quot;:&quot;zixi://bonded(bonded28)#10.7.0.66:2088@10.7.0.65,192.168.60.66:2088@192.168.50.65,192.168.5.166:2088@192.168.5.165&quot;,&quot;type&quot;:2,&quot;name&quot;:&quot;bond28&quot;,&quot;asi&quot;:0,&quot;rtmp&quot;:0,&quot;file&quot;:1,&quot;active&quot;:1,&quot;group&quot;:&quot;&quot;,&quot;bonded&quot;:[{&quot;host&quot;:&quot;10.7.0.66&quot;,&quot;port&quot;:2088,&quot;nic&quot;:&quot;10.7.0.65&quot;,&quot;limit&quot;:0,&quot;is_backup&quot;:0,&quot;bitrate&quot;:1002872,&quot;up_time&quot;:113,&quot;error_code&quot;:0,&quot;status_code&quot;:3,&quot;error_str&quot;:&quot;None&quot;,&quot;status_str&quot;:&quot;Connected&quot;},{&quot;host&quot;:&quot;192.168.60.66&quot;,&quot;port&quot;:2088,&quot;nic&quot;:&quot;192.168.50.65&quot;,&quot;limit&quot;:0,&quot;is_backup&quot;:0,&quot;bitrate&quot;:0,&quot;up_time&quot;:0,&quot;error_code&quot;:3,&quot;status_code&quot;:1,&quot;error_str&quot;:&quot;Timeout&quot;,&quot;status_str&quot;:&quot;Connecting&quot;},{&quot;host&quot;:&quot;192.168.5.166&quot;,&quot;port&quot;:2088,&quot;nic&quot;:&quot;192.168.5.165&quot;,&quot;limit&quot;:0,&quot;is_backup&quot;:0,&quot;bitrate&quot;:4913280,&quot;up_time&quot;:21,&quot;error_code&quot;:0,&quot;status_code&quot;:3,&quot;error_str&quot;:&quot;None&quot;,&quot;status_str&quot;:&quot;Connected&quot;}],&quot;error&quot;:&quot;None&quot;,&quot;con_stat&quot;:&quot;Disconnected&quot;,&quot;bitrate&quot;:5616896,&quot;dest&quot;:&quot;bonded/bonded28&quot;},{&quot;mip&quot;:&quot;4000.ts&quot;,&quot;port&quot;:0,&quot;ip&quot;:&quot;file&quot;,&quot;in_name&quot;:&quot;bond&quot;,&quot;in_active&quot;:1,&quot;in_active_sources&quot;:0,&quot;prg_name&quot;:&quot;&quot;,&quot;prg_prov&quot;:&quot;&quot;,&quot;prg_num&quot;:-1,&quot;chan&quot;:&quot;&quot;,&quot;chan_id&quot;:-1,&quot;id&quot;:&quot;zixi://bonded(bonded25)#10.7.0.66:2088@10.7.0.65,192.168.60.66:2088@192.168.50.65,192.168.5.166:2088@192.168.5.165&quot;,&quot;type&quot;:2,&quot;name&quot;:&quot;bond25&quot;,&quot;asi&quot;:0,&quot;rtmp&quot;:0,&quot;file&quot;:1,&quot;active&quot;:1,&quot;group&quot;:&quot;&quot;,&quot;bonded&quot;:[{&quot;host&quot;:&quot;10.7.0.66&quot;,&quot;port&quot;:2088,&quot;nic&quot;:&quot;10.7.0.65&quot;,&quot;limit&quot;:0,&quot;is_backup&quot;:0,&quot;bitrate&quot;:1002208,&quot;up_time&quot;:185,&quot;error_code&quot;:0,&quot;status_code&quot;:3,&quot;error_str&quot;:&quot;None&quot;,&quot;status_str&quot;:&quot;Connected&quot;},{&quot;host&quot;:&quot;192.168.60.66&quot;,&quot;port&quot;:2088,&quot;nic&quot;:&quot;192.168.50.65&quot;,&quot;limit&quot;:0,&quot;is_backup&quot;:0,&quot;bitrate&quot;:0,&quot;up_time&quot;:0,&quot;error_code&quot;:3,&quot;status_code&quot;:1,&quot;error_str&quot;:&quot;Timeout&quot;,&quot;status_str&quot;:&quot;Connecting&quot;},{&quot;host&quot;:&quot;192.168.5.166&quot;,&quot;port&quot;:2088,&quot;nic&quot;:&quot;192.168.5.165&quot;,&quot;limit&quot;:0,&quot;is_backup&quot;:0,&quot;bitrate&quot;:3727721,&quot;up_time&quot;:1,&quot;error_code&quot;:0,&quot;status_code&quot;:3,&quot;error_str&quot;:&quot;None&quot;,&quot;status_str&quot;:&quot;Connected&quot;}],&quot;error&quot;:&quot;None&quot;,&quot;con_stat&quot;:&quot;Disconnected&quot;,&quot;bitrate&quot;:3843088,&quot;dest&quot;:&quot;bonded/bonded25&quot;}]}
Debug printing ------&gt;&gt;&gt; {&quot;custom_data&quot;:&quot;&quot;,&quot;msg&quot;:&quot;Output deleted.&quot;,&quot;error&quot;:&quot;&quot;,&quot;outs&quot;:[{&quot;mip&quot;:&quot;live_recording.ts&quot;,&quot;port&quot;:0,&quot;ip&quot;:&quot;file&quot;,&quot;in_name&quot;:&quot;feederoutputname&quot;,&quot;in_active&quot;:1,&quot;in_active_sources&quot;:0,&quot;prg_name&quot;:&quot;&quot;,&quot;prg_prov&quot;:&quot;&quot;,&quot;prg_num&quot;:1,&quot;chan&quot;:&quot;&quot;,&quot;chan_id&quot;:-1,&quot;id&quot;:&quot;zixi://10.7.0.66:2088/feederout&quot;,&quot;type&quot;:2,&quot;name&quot;:&quot;feederoutputname&quot;,&quot;asi&quot;:0,&quot;rtmp&quot;:0,&quot;file&quot;:1,&quot;active&quot;:1,&quot;group&quot;:&quot;&quot;,&quot;error&quot;:&quot;None&quot;,&quot;con_stat&quot;:&quot;Disconnected&quot;,&quot;bitrate&quot;:0,&quot;dest&quot;:&quot;10.7.0.66:2088/feederout&quot;},{&quot;mip&quot;:&quot;4000.ts&quot;,&quot;port&quot;:0,&quot;ip&quot;:&quot;file&quot;,&quot;in_name&quot;:&quot;bond&quot;,&quot;in_active&quot;:1,&quot;in_active_sources&quot;:0,&quot;prg_name&quot;:&quot;&quot;,&quot;prg_prov&quot;:&quot;&quot;,&quot;prg_num&quot;:-1,&quot;chan&quot;:&quot;&quot;,&quot;chan_id&quot;:-1,&quot;id&quot;:&quot;zixi://bonded(bonded31)#10.7.0.66:2088@10.7.0.65,192.168.60.66:2088@192.168.50.65,192.168.5.166:2088@192.168.5.165&quot;,&quot;type&quot;:2,&quot;name&quot;:&quot;bond31&quot;,&quot;asi&quot;:0,&quot;rtmp&quot;:0,&quot;file&quot;:1,&quot;active&quot;:1,&quot;group&quot;:&quot;&quot;,&quot;bonded&quot;:[],&quot;error&quot;:&quot;Authentication&quot;,&quot;con_stat&quot;:&quot;Disconnected&quot;,&quot;bitrate&quot;:0,&quot;dest&quot;:&quot;bonded/bonded31&quot;},{&quot;mip&quot;:&quot;4000.ts&quot;,&quot;port&quot;:0,&quot;ip&quot;:&quot;file&quot;,&quot;in_name&quot;:&quot;bond&quot;,&quot;in_active&quot;:1,&quot;in_active_sources&quot;:0,&quot;prg_name&quot;:&quot;&quot;,&quot;prg_prov&quot;:&quot;&quot;,&quot;prg_num&quot;:-1,&quot;chan&quot;:&quot;&quot;,&quot;chan_id&quot;:-1,&quot;id&quot;:&quot;zixi://bonded(bonded29)#10.7.0.66:2088@10.7.0.65,192.168.60.66:2088@192.168.50.65,192.168.5.166:2088@192.168.5.165&quot;,&quot;type&quot;:2,&quot;name&quot;:&quot;bond29&quot;,&quot;asi&quot;:0,&quot;rtmp&quot;:0,&quot;file&quot;:1,&quot;active&quot;:1,&quot;group&quot;:&quot;&quot;,&quot;bonded&quot;:[{&quot;host&quot;:&quot;10.7.0.66&quot;,&quot;port&quot;:2088,&quot;nic&quot;:&quot;10.7.0.65&quot;,&quot;limit&quot;:0,&quot;is_backup&quot;:0,&quot;bitrate&quot;:996300,&quot;up_time&quot;:194,&quot;error_code&quot;:0,&quot;status_code&quot;:3,&quot;error_str&quot;:&quot;None&quot;,&quot;status_str&quot;:&quot;Connected&quot;},{&quot;host&quot;:&quot;192.168.60.66&quot;,&quot;port&quot;:2088,&quot;nic&quot;:&quot;192.168.50.65&quot;,&quot;limit&quot;:0,&quot;is_backup&quot;:0,&quot;bitrate&quot;:0,&quot;up_time&quot;:0,&quot;error_code&quot;:3,&quot;status_code&quot;:1,&quot;error_str&quot;:&quot;Timeout&quot;,&quot;status_str&quot;:&quot;Connecting&quot;},{&quot;host&quot;:&quot;192.168.5.166&quot;,&quot;port&quot;:2088,&quot;nic&quot;:&quot;192.168.5.165&quot;,&quot;limit&quot;:0,&quot;is_backup&quot;:0,&quot;bitrate&quot;:3179325,&quot;up_time&quot;:183,&quot;error_code&quot;:0,&quot;status_code&quot;:3,&quot;error_str&quot;:&quot;None&quot;,&quot;status_str&quot;:&quot;Connected&quot;}],&quot;error&quot;:&quot;None&quot;,&quot;con_stat&quot;:&quot;Disconnected&quot;,&quot;bitrate&quot;:4106829,&quot;dest&quot;:&quot;bonded/bonded29&quot;},{&quot;mip&quot;:&quot;4000.ts&quot;,&quot;port&quot;:0,&quot;ip&quot;:&quot;file&quot;,&quot;in_name&quot;:&quot;bond&quot;,&quot;in_active&quot;:1,&quot;in_active_sources&quot;:0,&quot;prg_name&quot;:&quot;&quot;,&quot;prg_prov&quot;:&quot;&quot;,&quot;prg_num&quot;:-1,&quot;chan&quot;:&quot;&quot;,&quot;chan_id&quot;:-1,&quot;id&quot;:&quot;zixi://bonded(bonded32)#10.7.0.66:2088@10.7.0.65,192.168.60.66:2088@192.168.50.65,192.168.5.166:2088@192.168.5.165&quot;,&quot;type&quot;:2,&quot;name&quot;:&quot;bond32&quot;,&quot;asi&quot;:0,&quot;rtmp&quot;:0,&quot;file&quot;:1,&quot;active&quot;:1,&quot;group&quot;:&quot;&quot;,&quot;bonded&quot;:[],&quot;error&quot;:&quot;Timeout&quot;,&quot;con_stat&quot;:&quot;Connecting&quot;,&quot;bitrate&quot;:0,&quot;dest&quot;:&quot;bonded/bonded32&quot;},{&quot;mip&quot;:&quot;4000.ts&quot;,&quot;port&quot;:0,&quot;ip&quot;:&quot;file&quot;,&quot;in_name&quot;:&quot;bond&quot;,&quot;in_active&quot;:1,&quot;in_active_sources&quot;:0,&quot;prg_name&quot;:&quot;&quot;,&quot;prg_prov&quot;:&quot;&quot;,&quot;prg_num&quot;:-1,&quot;chan&quot;:&quot;&quot;,&quot;chan_id&quot;:-1,&quot;id&quot;:&quot;zixi://bonded(bonded30)#10.7.0.66:2088@10.7.0.65,192.168.60.66:2088@192.168.50.65,192.168.5.166:2088@192.168.5.165&quot;,&quot;type&quot;:2,&quot;name&quot;:&quot;bond30&quot;,&quot;asi&quot;:0,&quot;rtmp&quot;:0,&quot;file&quot;:1,&quot;active&quot;:1,&quot;group&quot;:&quot;&quot;,&quot;bonded&quot;:[],&quot;error&quot;:&quot;Authentication&quot;,&quot;con_stat&quot;:&quot;Disconnected&quot;,&quot;bitrate&quot;:0,&quot;dest&quot;:&quot;bonded/bonded30&quot;},{&quot;mip&quot;:&quot;4000.ts&quot;,&quot;port&quot;:0,&quot;ip&quot;:&quot;file&quot;,&quot;in_name&quot;:&quot;bond&quot;,&quot;in_active&quot;:1,&quot;in_active_sources&quot;:0,&quot;prg_name&quot;:&quot;&quot;,&quot;prg_prov&quot;:&quot;&quot;,&quot;prg_num&quot;:-1,&quot;chan&quot;:&quot;&quot;,&quot;chan_id&quot;:-1,&quot;id&quot;:&quot;zixi://bonded(bonded26)#10.7.0.66:2088@10.7.0.65,192.168.60.66:2088@192.168.50.65,192.168.5.166:2088@192.168.5.165&quot;,&quot;type&quot;:2,&quot;name&quot;:&quot;bond26&quot;,&quot;asi&quot;:0,&quot;rtmp&quot;:0,&quot;file&quot;:1,&quot;active&quot;:1,&quot;group&quot;:&quot;&quot;,&quot;bonded&quot;:[],&quot;error&quot;:&quot;Timeout&quot;,&quot;con_stat&quot;:&quot;Connecting&quot;,&quot;bitrate&quot;:0,&quot;dest&quot;:&quot;bonded/bonded26&quot;},{&quot;mip&quot;:&quot;4000.ts&quot;,&quot;port&quot;:0,&quot;ip&quot;:&quot;file&quot;,&quot;in_name&quot;:&quot;bond&quot;,&quot;in_active&quot;:1,&quot;in_active_sources&quot;:0,&quot;prg_name&quot;:&quot;&quot;,&quot;prg_prov&quot;:&quot;&quot;,&quot;prg_num&quot;:-1,&quot;chan&quot;:&quot;&quot;,&quot;chan_id&quot;:-1,&quot;id&quot;:&quot;zixi://bonded(bonded22)#10.7.0.66:2088@10.7.0.65,192.168.60.66:2088@192.168.50.65,192.168.5.166:2088@192.168.5.165&quot;,&quot;type&quot;:2,&quot;name&quot;:&quot;bond22&quot;,&quot;asi&quot;:0,&quot;rtmp&quot;:0,&quot;file&quot;:1,&quot;active&quot;:1,&quot;group&quot;:&quot;&quot;,&quot;bonded&quot;:[],&quot;error&quot;:&quot;Timeout&quot;,&quot;con_stat&quot;:&quot;Connecting&quot;,&quot;bitrate&quot;:0,&quot;dest&quot;:&quot;bonded/bonded22&quot;},{&quot;mip&quot;:&quot;4000.ts&quot;,&quot;port&quot;:0,&quot;ip&quot;:&quot;file&quot;,&quot;in_name&quot;:&quot;bond&quot;,&quot;in_active&quot;:1,&quot;in_active_sources&quot;:0,&quot;prg_name&quot;:&quot;&quot;,&quot;prg_prov&quot;:&quot;&quot;,&quot;prg_num&quot;:-1,&quot;chan&quot;:&quot;&quot;,&quot;chan_id&quot;:-1,&quot;id&quot;:&quot;zixi://bonded(bonded35)#10.7.0.66:2088@10.7.0.65,192.168.60.66:2088@192.168.50.65,192.168.5.166:2088@192.168.5.165&quot;,&quot;type&quot;:2,&quot;name&quot;:&quot;bond35&quot;,&quot;asi&quot;:0,&quot;rtmp&quot;:0,&quot;file&quot;:1,&quot;active&quot;:1,&quot;group&quot;:&quot;&quot;,&quot;bonded&quot;:[{&quot;host&quot;:&quot;10.7.0.66&quot;,&quot;port&quot;:2088,&quot;nic&quot;:&quot;10.7.0.65&quot;,&quot;limit&quot;:0,&quot;is_backup&quot;:0,&quot;bitrate&quot;:1007775,&quot;up_time&quot;:170,&quot;error_code&quot;:0,&quot;status_code&quot;:3,&quot;error_str&quot;:&quot;None&quot;,&quot;status_str&quot;:&quot;Connected&quot;},{&quot;host&quot;:&quot;192.168.60.66&quot;,&quot;port&quot;:2088,&quot;nic&quot;:&quot;192.168.50.65&quot;,&quot;limit&quot;:0,&quot;is_backup&quot;:0,&quot;bitrate&quot;:0,&quot;up_time&quot;:0,&quot;error_code&quot;:3,&quot;status_code&quot;:1,&quot;error_str&quot;:&quot;Timeout&quot;,&quot;status_str&quot;:&quot;Connecting&quot;},{&quot;host&quot;:&quot;192.168.5.166&quot;,&quot;port&quot;:2088,&quot;nic&quot;:&quot;192.168.5.165&quot;,&quot;limit&quot;:0,&quot;is_backup&quot;:0,&quot;bitrate&quot;:3185835,&quot;up_time&quot;:241,&quot;error_code&quot;:0,&quot;status_code&quot;:3,&quot;error_str&quot;:&quot;None&quot;,&quot;status_str&quot;:&quot;Connected&quot;}],&quot;error&quot;:&quot;None&quot;,&quot;con_stat&quot;:&quot;Disconnected&quot;,&quot;bitrate&quot;:4121152,&quot;dest&quot;:&quot;bonded/bonded35&quot;},{&quot;mip&quot;:&quot;4000.ts&quot;,&quot;port&quot;:0,&quot;ip&quot;:&quot;file&quot;,&quot;in_name&quot;:&quot;bond&quot;,&quot;in_active&quot;:1,&quot;in_active_sources&quot;:0,&quot;prg_name&quot;:&quot;&quot;,&quot;prg_prov&quot;:&quot;&quot;,&quot;prg_num&quot;:-1,&quot;chan&quot;:&quot;&quot;,&quot;chan_id&quot;:-1,&quot;id&quot;:&quot;zixi://bonded(bonded33)#10.7.0.66:2088@10.7.0.65,192.168.60.66:2088@192.168.50.65,192.168.5.166:2088@192.168.5.165&quot;,&quot;type&quot;:2,&quot;name&quot;:&quot;bond33&quot;,&quot;asi&quot;:0,&quot;rtmp&quot;:0,&quot;file&quot;:1,&quot;active&quot;:1,&quot;group&quot;:&quot;&quot;,&quot;bonded&quot;:[],&quot;error&quot;:&quot;Authentication&quot;,&quot;con_stat&quot;:&quot;Disconnected&quot;,&quot;bitrate&quot;:0,&quot;dest&quot;:&quot;bonded/bonded33&quot;},{&quot;mip&quot;:&quot;4000.ts&quot;,&quot;port&quot;:0,&quot;ip&quot;:&quot;file&quot;,&quot;in_name&quot;:&quot;bond&quot;,&quot;in_active&quot;:1,&quot;in_active_sources&quot;:0,&quot;prg_name&quot;:&quot;&quot;,&quot;prg_prov&quot;:&quot;&quot;,&quot;prg_num&quot;:-1,&quot;chan&quot;:&quot;&quot;,&quot;chan_id&quot;:-1,&quot;id&quot;:&quot;zixi://bonded(bonded27)#10.7.0.66:2088@10.7.0.65,192.168.60.66:2088@192.168.50.65,192.168.5.166:2088@192.168.5.165&quot;,&quot;type&quot;:2,&quot;name&quot;:&quot;bond27&quot;,&quot;asi&quot;:0,&quot;rtmp&quot;:0,&quot;file&quot;:1,&quot;active&quot;:1,&quot;group&quot;:&quot;&quot;,&quot;bonded&quot;:[],&quot;error&quot;:&quot;Timeout&quot;,&quot;con_stat&quot;:&quot;Connecting&quot;,&quot;bitrate&quot;:0,&quot;dest&quot;:&quot;bonded/bonded27&quot;},{&quot;mip&quot;:&quot;4000.ts&quot;,&quot;port&quot;:0,&quot;ip&quot;:&quot;file&quot;,&quot;in_name&quot;:&quot;bond&quot;,&quot;in_active&quot;:1,&quot;in_active_sources&quot;:0,&quot;prg_name&quot;:&quot;&quot;,&quot;prg_prov&quot;:&quot;&quot;,&quot;prg_num&quot;:-1,&quot;chan&quot;:&quot;&quot;,&quot;chan_id&quot;:-1,&quot;id&quot;:&quot;zixi://bonded(bonded39)#10.7.0.66:2088@10.7.0.65,192.168.60.66:2088@192.168.50.65,192.168.5.166:2088@192.168.5.165&quot;,&quot;type&quot;:2,&quot;name&quot;:&quot;bond39&quot;,&quot;asi&quot;:0,&quot;rtmp&quot;:0,&quot;file&quot;:1,&quot;active&quot;:1,&quot;group&quot;:&quot;&quot;,&quot;bonded&quot;:[{&quot;host&quot;:&quot;10.7.0.66&quot;,&quot;port&quot;:2088,&quot;nic&quot;:&quot;10.7.0.65&quot;,&quot;limit&quot;:0,&quot;is_backup&quot;:0,&quot;bitrate&quot;:1002861,&quot;up_time&quot;:170,&quot;error_code&quot;:0,&quot;status_code&quot;:3,&quot;error_str&quot;:&quot;None&quot;,&quot;status_str&quot;:&quot;Connected&quot;},{&quot;host&quot;:&quot;192.168.60.66&quot;,&quot;port&quot;:2088,&quot;nic&quot;:&quot;192.168.50.65&quot;,&quot;limit&quot;:0,&quot;is_backup&quot;:0,&quot;bitrate&quot;:0,&quot;up_time&quot;:0,&quot;error_code&quot;:3,&quot;status_code&quot;:1,&quot;error_str&quot;:&quot;Timeout&quot;,&quot;status_str&quot;:&quot;Connecting&quot;},{&quot;host&quot;:&quot;192.168.5.166&quot;,&quot;port&quot;:2088,&quot;nic&quot;:&quot;192.168.5.165&quot;,&quot;limit&quot;:0,&quot;is_backup&quot;:0,&quot;bitrate&quot;:3072120,&quot;up_time&quot;:199,&quot;error_code&quot;:0,&quot;status_code&quot;:3,&quot;error_str&quot;:&quot;None&quot;,&quot;status_str&quot;:&quot;Connected&quot;}],&quot;error&quot;:&quot;None&quot;,&quot;con_stat&quot;:&quot;Disconnected&quot;,&quot;bitrate&quot;:4139124,&quot;dest&quot;:&quot;bonded/bonded39&quot;},{&quot;mip&quot;:&quot;4000.ts&quot;,&quot;port&quot;:0,&quot;ip&quot;:&quot;file&quot;,&quot;in_name&quot;:&quot;bond&quot;,&quot;in_active&quot;:1,&quot;in_active_sources&quot;:0,&quot;prg_name&quot;:&quot;&quot;,&quot;prg_prov&quot;:&quot;&quot;,&quot;prg_num&quot;:-1,&quot;chan&quot;:&quot;&quot;,&quot;chan_id&quot;:-1,&quot;id&quot;:&quot;zixi://bonded(bonded36)#10.7.0.66:2088@10.7.0.65,192.168.60.66:2088@192.168.50.65,192.168.5.166:2088@192.168.5.165&quot;,&quot;type&quot;:2,&quot;name&quot;:&quot;bond36&quot;,&quot;asi&quot;:0,&quot;rtmp&quot;:0,&quot;file&quot;:1,&quot;active&quot;:1,&quot;group&quot;:&quot;&quot;,&quot;bonded&quot;:[],&quot;error&quot;:&quot;Timeout&quot;,&quot;con_stat&quot;:&quot;Connecting&quot;,&quot;bitrate&quot;:0,&quot;dest&quot;:&quot;bonded/bonded36&quot;},{&quot;mip&quot;:&quot;4000.ts&quot;,&quot;port&quot;:0,&quot;ip&quot;:&quot;file&quot;,&quot;in_name&quot;:&quot;bond&quot;,&quot;in_active&quot;:1,&quot;in_active_sources&quot;:0,&quot;prg_name&quot;:&quot;&quot;,&quot;prg_prov&quot;:&quot;&quot;,&quot;prg_num&quot;:-1,&quot;chan&quot;:&quot;&quot;,&quot;chan_id&quot;:-1,&quot;id&quot;:&quot;zixi://bonded(bonded41)#10.7.0.66:2088@10.7.0.65,192.168.60.66:2088@192.168.50.65,192.168.5.166:2088@192.168.5.165&quot;,&quot;type&quot;:2,&quot;name&quot;:&quot;bond41&quot;,&quot;asi&quot;:0,&quot;rtmp&quot;:0,&quot;file&quot;:1,&quot;active&quot;:1,&quot;group&quot;:&quot;&quot;,&quot;bonded&quot;:[],&quot;error&quot;:&quot;Timeout&quot;,&quot;con_stat&quot;:&quot;Connecting&quot;,&quot;bitrate&quot;:0,&quot;dest&quot;:&quot;bonded/bonded41&quot;},{&quot;mip&quot;:&quot;4000.ts&quot;,&quot;port&quot;:0,&quot;ip&quot;:&quot;file&quot;,&quot;in_name&quot;:&quot;bond&quot;,&quot;in_active&quot;:1,&quot;in_active_sources&quot;:0,&quot;prg_name&quot;:&quot;&quot;,&quot;prg_prov&quot;:&quot;&quot;,&quot;prg_num&quot;:-1,&quot;chan&quot;:&quot;&quot;,&quot;chan_id&quot;:-1,&quot;id&quot;:&quot;zixi://bonded(bonded18)#10.7.0.66:2088@10.7.0.65,192.168.60.66:2088@192.168.50.65,192.168.5.166:2088@192.168.5.165&quot;,&quot;type&quot;:2,&quot;name&quot;:&quot;bond18&quot;,&quot;asi&quot;:0,&quot;rtmp&quot;:0,&quot;file&quot;:1,&quot;active&quot;:1,&quot;group&quot;:&quot;&quot;,&quot;bonded&quot;:[],&quot;error&quot;:&quot;Timeout&quot;,&quot;con_stat&quot;:&quot;Connecting&quot;,&quot;bitrate&quot;:0,&quot;dest&quot;:&quot;bonded/bonded18&quot;},{&quot;mip&quot;:&quot;4000.ts&quot;,&quot;port&quot;:0,&quot;ip&quot;:&quot;file&quot;,&quot;in_name&quot;:&quot;bond&quot;,&quot;in_active&quot;:1,&quot;in_active_sources&quot;:0,&quot;prg_name&quot;:&quot;&quot;,&quot;prg_prov&quot;:&quot;&quot;,&quot;prg_num&quot;:-1,&quot;chan&quot;:&quot;&quot;,&quot;chan_id&quot;:-1,&quot;id&quot;:&quot;zixi://bonded(bonded44)#10.7.0.66:2088@10.7.0.65,192.168.60.66:2088@192.168.50.65,192.168.5.166:2088@192.168.5.165&quot;,&quot;type&quot;:2,&quot;name&quot;:&quot;bond44&quot;,&quot;asi&quot;:0,&quot;rtmp&quot;:0,&quot;file&quot;:1,&quot;active&quot;:1,&quot;group&quot;:&quot;&quot;,&quot;bonded&quot;:[{&quot;host&quot;:&quot;10.7.0.66&quot;,&quot;port&quot;:2088,&quot;nic&quot;:&quot;10.7.0.65&quot;,&quot;limit&quot;:0,&quot;is_backup&quot;:0,&quot;bitrate&quot;:2848376,&quot;up_time&quot;:210,&quot;error_code&quot;:0,&quot;status_code&quot;:3,&quot;error_str&quot;:&quot;None&quot;,&quot;status_str&quot;:&quot;Connected&quot;},{&quot;host&quot;:&quot;192.168.60.66&quot;,&quot;port&quot;:2088,&quot;nic&quot;:&quot;192.168.50.65&quot;,&quot;limit&quot;:0,&quot;is_backup&quot;:0,&quot;bitrate&quot;:0,&quot;up_time&quot;:0,&quot;error_code&quot;:3,&quot;status_code&quot;:1,&quot;error_str&quot;:&quot;Timeout&quot;,&quot;status_str&quot;:&quot;Connecting&quot;},{&quot;host&quot;:&quot;192.168.5.166&quot;,&quot;port&quot;:2088,&quot;nic&quot;:&quot;192.168.5.165&quot;,&quot;limit&quot;:0,&quot;is_backup&quot;:0,&quot;bitrate&quot;:0,&quot;up_time&quot;:0,&quot;error_code&quot;:3,&quot;status_code&quot;:1,&quot;error_str&quot;:&quot;Timeout&quot;,&quot;status_str&quot;:&quot;Connecting&quot;}],&quot;error&quot;:&quot;None&quot;,&quot;con_stat&quot;:&quot;Disconnected&quot;,&quot;bitrate&quot;:2803460,&quot;dest&quot;:&quot;bonded/bonded44&quot;},{&quot;mip&quot;:&quot;4000.ts&quot;,&quot;port&quot;:0,&quot;ip&quot;:&quot;file&quot;,&quot;in_name&quot;:&quot;bond&quot;,&quot;in_active&quot;:1,&quot;in_active_sources&quot;:0,&quot;prg_name&quot;:&quot;&quot;,&quot;prg_prov&quot;:&quot;&quot;,&quot;prg_num&quot;:-1,&quot;chan&quot;:&quot;&quot;,&quot;chan_id&quot;:-1,&quot;id&quot;:&quot;zixi://bonded(bonded40)#10.7.0.66:2088@10.7.0.65,192.168.60.66:2088@192.168.50.65,192.168.5.166:2088@192.168.5.165&quot;,&quot;type&quot;:2,&quot;name&quot;:&quot;bond40&quot;,&quot;asi&quot;:0,&quot;rtmp&quot;:0,&quot;file&quot;:1,&quot;active&quot;:1,&quot;group&quot;:&quot;&quot;,&quot;bonded&quot;:[],&quot;error&quot;:&quot;Authentication&quot;,&quot;con_stat&quot;:&quot;Disconnected&quot;,&quot;bitrate&quot;:0,&quot;dest&quot;:&quot;bonded/bonded40&quot;},{&quot;mip&quot;:&quot;4000.ts&quot;,&quot;port&quot;:0,&quot;ip&quot;:&quot;file&quot;,&quot;in_name&quot;:&quot;bond&quot;,&quot;in_active&quot;:1,&quot;in_active_sources&quot;:0,&quot;prg_name&quot;:&quot;&quot;,&quot;prg_prov&quot;:&quot;&quot;,&quot;prg_num&quot;:-1,&quot;chan&quot;:&quot;&quot;,&quot;chan_id&quot;:-1,&quot;id&quot;:&quot;zixi://bonded(bonded46)#10.7.0.66:2088@10.7.0.65,192.168.60.66:2088@192.168.50.65,192.168.5.166:2088@192.168.5.165&quot;,&quot;type&quot;:2,&quot;name&quot;:&quot;bond46&quot;,&quot;asi&quot;:0,&quot;rtmp&quot;:0,&quot;file&quot;:1,&quot;active&quot;:1,&quot;group&quot;:&quot;&quot;,&quot;bonded&quot;:[],&quot;error&quot;:&quot;Authentication&quot;,&quot;con_stat&quot;:&quot;Disconnected&quot;,&quot;bitrate&quot;:0,&quot;dest&quot;:&quot;bonded/bonded46&quot;},{&quot;mip&quot;:&quot;4000.ts&quot;,&quot;port&quot;:0,&quot;ip&quot;:&quot;file&quot;,&quot;in_name&quot;:&quot;bond&quot;,&quot;in_active&quot;:1,&quot;in_active_sources&quot;:0,&quot;prg_name&quot;:&quot;&quot;,&quot;prg_prov&quot;:&quot;&quot;,&quot;prg_num&quot;:-1,&quot;chan&quot;:&quot;&quot;,&quot;chan_id&quot;:-1,&quot;id&quot;:&quot;zixi://bonded(bonded49)#10.7.0.66:2088@10.7.0.65,192.168.60.66:2088@192.168.50.65,192.168.5.166:2088@192.168.5.165&quot;,&quot;type&quot;:2,&quot;name&quot;:&quot;bond49&quot;,&quot;asi&quot;:0,&quot;rtmp&quot;:0,&quot;file&quot;:1,&quot;active&quot;:1,&quot;group&quot;:&quot;&quot;,&quot;bonded&quot;:[],&quot;error&quot;:&quot;Timeout&quot;,&quot;con_stat&quot;:&quot;Connecting&quot;,&quot;bitrate&quot;:0,&quot;dest&quot;:&quot;bonded/bonded49&quot;},{&quot;mip&quot;:&quot;4000.ts&quot;,&quot;port&quot;:0,&quot;ip&quot;:&quot;file&quot;,&quot;in_name&quot;:&quot;bond&quot;,&quot;in_active&quot;:1,&quot;in_active_sources&quot;:0,&quot;prg_name&quot;:&quot;&quot;,&quot;prg_prov&quot;:&quot;&quot;,&quot;prg_num&quot;:-1,&quot;chan&quot;:&quot;&quot;,&quot;chan_id&quot;:-1,&quot;id&quot;:&quot;zixi://bonded(bonded34)#10.7.0.66:2088@10.7.0.65,192.168.60.66:2088@192.168.50.65,192.168.5.166:2088@192.168.5.165&quot;,&quot;type&quot;:2,&quot;name&quot;:&quot;bond34&quot;,&quot;asi&quot;:0,&quot;rtmp&quot;:0,&quot;file&quot;:1,&quot;active&quot;:1,&quot;group&quot;:&quot;&quot;,&quot;bonded&quot;:[],&quot;error&quot;:&quot;Timeout&quot;,&quot;con_stat&quot;:&quot;Connecting&quot;,&quot;bitrate&quot;:0,&quot;dest&quot;:&quot;bonded/bonded34&quot;},{&quot;mip&quot;:&quot;4000.ts&quot;,&quot;port&quot;:0,&quot;ip&quot;:&quot;file&quot;,&quot;in_name&quot;:&quot;bond&quot;,&quot;in_active&quot;:1,&quot;in_active_sources&quot;:0,&quot;prg_name&quot;:&quot;&quot;,&quot;prg_prov&quot;:&quot;&quot;,&quot;prg_num&quot;:-1,&quot;chan&quot;:&quot;&quot;,&quot;chan_id&quot;:-1,&quot;id&quot;:&quot;zixi://bonded(bonded42)#10.7.0.66:2088@10.7.0.65,192.168.60.66:2088@192.168.50.65,192.168.5.166:2088@192.168.5.165&quot;,&quot;type&quot;:2,&quot;name&quot;:&quot;bond42&quot;,&quot;asi&quot;:0,&quot;rtmp&quot;:0,&quot;file&quot;:1,&quot;active&quot;:1,&quot;group&quot;:&quot;&quot;,&quot;bonded&quot;:[],&quot;error&quot;:&quot;Timeout&quot;,&quot;con_stat&quot;:&quot;Connecting&quot;,&quot;bitrate&quot;:0,&quot;dest&quot;:&quot;bonded/bonded42&quot;},{&quot;mip&quot;:&quot;4000.ts&quot;,&quot;port&quot;:0,&quot;ip&quot;:&quot;file&quot;,&quot;in_name&quot;:&quot;bond&quot;,&quot;in_active&quot;:1,&quot;in_active_sources&quot;:0,&quot;prg_name&quot;:&quot;&quot;,&quot;prg_prov&quot;:&quot;&quot;,&quot;prg_num&quot;:-1,&quot;chan&quot;:&quot;&quot;,&quot;chan_id&quot;:-1,&quot;id&quot;:&quot;zixi://bonded(bonded45)#10.7.0.66:2088@10.7.0.65,192.168.60.66:2088@192.168.50.65,192.168.5.166:2088@192.168.5.165&quot;,&quot;type&quot;:2,&quot;name&quot;:&quot;bond45&quot;,&quot;asi&quot;:0,&quot;rtmp&quot;:0,&quot;file&quot;:1,&quot;active&quot;:1,&quot;group&quot;:&quot;&quot;,&quot;bonded&quot;:[],&quot;error&quot;:&quot;Timeout&quot;,&quot;con_stat&quot;:&quot;Connecting&quot;,&quot;bitrate&quot;:0,&quot;dest&quot;:&quot;bonded/bonded45&quot;},{&quot;mip&quot;:&quot;4000.ts&quot;,&quot;port&quot;:0,&quot;ip&quot;:&quot;file&quot;,&quot;in_name&quot;:&quot;bond&quot;,&quot;in_active&quot;:1,&quot;in_active_sources&quot;:0,&quot;prg_name&quot;:&quot;&quot;,&quot;prg_prov&quot;:&quot;&quot;,&quot;prg_num&quot;:-1,&quot;chan&quot;:&quot;&quot;,&quot;chan_id&quot;:-1,&quot;id&quot;:&quot;zixi://bonded(bonded43)#10.7.0.66:2088@10.7.0.65,192.168.60.66:2088@192.168.50.65,192.168.5.166:2088@192.168.5.165&quot;,&quot;type&quot;:2,&quot;name&quot;:&quot;bond43&quot;,&quot;asi&quot;:0,&quot;rtmp&quot;:0,&quot;file&quot;:1,&quot;active&quot;:1,&quot;group&quot;:&quot;&quot;,&quot;bonded&quot;:[],&quot;error&quot;:&quot;Authentication&quot;,&quot;con_stat&quot;:&quot;Disconnected&quot;,&quot;bitrate&quot;:0,&quot;dest&quot;:&quot;bonded/bonded43&quot;},{&quot;mip&quot;:&quot;4000.ts&quot;,&quot;port&quot;:0,&quot;ip&quot;:&quot;file&quot;,&quot;in_name&quot;:&quot;bond&quot;,&quot;in_active&quot;:1,&quot;in_active_sources&quot;:0,&quot;prg_name&quot;:&quot;&quot;,&quot;prg_prov&quot;:&quot;&quot;,&quot;prg_num&quot;:-1,&quot;chan&quot;:&quot;&quot;,&quot;chan_id&quot;:-1,&quot;id&quot;:&quot;zixi://bonded(bonded38)#10.7.0.66:2088@10.7.0.65,192.168.60.66:2088@192.168.50.65,192.168.5.166:2088@192.168.5.165&quot;,&quot;type&quot;:2,&quot;name&quot;:&quot;bond38&quot;,&quot;asi&quot;:0,&quot;rtmp&quot;:0,&quot;file&quot;:1,&quot;active&quot;:1,&quot;group&quot;:&quot;&quot;,&quot;bonded&quot;:[],&quot;error&quot;:&quot;Timeout&quot;,&quot;con_stat&quot;:&quot;Disconnected&quot;,&quot;bitrate&quot;:0,&quot;dest&quot;:&quot;bonded/bonded38&quot;},{&quot;mip&quot;:&quot;4000.ts&quot;,&quot;port&quot;:0,&quot;ip&quot;:&quot;file&quot;,&quot;in_name&quot;:&quot;bond&quot;,&quot;in_active&quot;:1,&quot;in_active_sources&quot;:0,&quot;prg_name&quot;:&quot;&quot;,&quot;prg_prov&quot;:&quot;&quot;,&quot;prg_num&quot;:-1,&quot;chan&quot;:&quot;&quot;,&quot;chan_id&quot;:-1,&quot;id&quot;:&quot;zixi://bonded(bonded47)#10.7.0.66:2088@10.7.0.65,192.168.60.66:2088@192.168.50.65,192.168.5.166:2088@192.168.5.165&quot;,&quot;type&quot;:2,&quot;name&quot;:&quot;bond47&quot;,&quot;asi&quot;:0,&quot;rtmp&quot;:0,&quot;file&quot;:1,&quot;active&quot;:1,&quot;group&quot;:&quot;&quot;,&quot;bonded&quot;:[],&quot;error&quot;:&quot;Authentication&quot;,&quot;con_stat&quot;:&quot;Disconnected&quot;,&quot;bitrate&quot;:0,&quot;dest&quot;:&quot;bonded/bonded47&quot;},{&quot;mip&quot;:&quot;4000.ts&quot;,&quot;port&quot;:0,&quot;ip&quot;:&quot;file&quot;,&quot;in_name&quot;:&quot;bond&quot;,&quot;in_active&quot;:1,&quot;in_active_sources&quot;:0,&quot;prg_name&quot;:&quot;&quot;,&quot;prg_prov&quot;:&quot;&quot;,&quot;prg_num&quot;:-1,&quot;chan&quot;:&quot;&quot;,&quot;chan_id&quot;:-1,&quot;id&quot;:&quot;zixi://bonded(bonded48)#10.7.0.66:2088@10.7.0.65,192.168.60.66:2088@192.168.50.65,192.168.5.166:2088@192.168.5.165&quot;,&quot;type&quot;:2,&quot;name&quot;:&quot;bond48&quot;,&quot;asi&quot;:0,&quot;rtmp&quot;:0,&quot;file&quot;:1,&quot;active&quot;:1,&quot;group&quot;:&quot;&quot;,&quot;bonded&quot;:[],&quot;error&quot;:&quot;Timeout&quot;,&quot;con_stat&quot;:&quot;Connecting&quot;,&quot;bitrate&quot;:0,&quot;dest&quot;:&quot;bonded/bonded48&quot;},{&quot;mip&quot;:&quot;4000.ts&quot;,&quot;port&quot;:0,&quot;ip&quot;:&quot;file&quot;,&quot;in_name&quot;:&quot;bond&quot;,&quot;in_active&quot;:1,&quot;in_active_sources&quot;:0,&quot;prg_name&quot;:&quot;&quot;,&quot;prg_prov&quot;:&quot;&quot;,&quot;prg_num&quot;:-1,&quot;chan&quot;:&quot;&quot;,&quot;chan_id&quot;:-1,&quot;id&quot;:&quot;zixi://bonded(bonded14)#10.7.0.66:2088@10.7.0.65,192.168.60.66:2088@192.168.50.65,192.168.5.166:2088@192.168.5.165&quot;,&quot;type&quot;:2,&quot;name&quot;:&quot;bond14&quot;,&quot;asi&quot;:0,&quot;rtmp&quot;:0,&quot;file&quot;:1,&quot;active&quot;:1,&quot;group&quot;:&quot;&quot;,&quot;bonded&quot;:[],&quot;error&quot;:&quot;Timeout&quot;,&quot;con_stat&quot;:&quot;Connecting&quot;,&quot;bitrate&quot;:0,&quot;dest&quot;:&quot;bonded/bonded14&quot;},{&quot;mip&quot;:&quot;4000.ts&quot;,&quot;port&quot;:0,&quot;ip&quot;:&quot;file&quot;,&quot;in_name&quot;:&quot;bond&quot;,&quot;in_active&quot;:1,&quot;in_active_sources&quot;:0,&quot;prg_name&quot;:&quot;&quot;,&quot;prg_prov&quot;:&quot;&quot;,&quot;prg_num&quot;:-1,&quot;chan&quot;:&quot;&quot;,&quot;chan_id&quot;:-1,&quot;id&quot;:&quot;zixi://bonded(bonded6)#10.7.0.66:2088@10.7.0.65,192.168.60.66:2088@192.168.50.65,192.168.5.166:2088@192.168.5.165&quot;,&quot;type&quot;:2,&quot;name&quot;:&quot;bond6&quot;,&quot;asi&quot;:0,&quot;rtmp&quot;:0,&quot;file&quot;:1,&quot;active&quot;:1,&quot;group&quot;:&quot;&quot;,&quot;bonded&quot;:[{&quot;host&quot;:&quot;10.7.0.66&quot;,&quot;port&quot;:2088,&quot;nic&quot;:&quot;10.7.0.65&quot;,&quot;limit&quot;:0,&quot;is_backup&quot;:0,&quot;bitrate&quot;:1008937,&quot;up_time&quot;:72,&quot;error_code&quot;:0,&quot;status_code&quot;:3,&quot;error_str&quot;:&quot;None&quot;,&quot;status_str&quot;:&quot;Connected&quot;},{&quot;host&quot;:&quot;192.168.60.66&quot;,&quot;port&quot;:2088,&quot;nic&quot;:&quot;192.168.50.65&quot;,&quot;limit&quot;:0,&quot;is_backup&quot;:0,&quot;bitrate&quot;:0,&quot;up_time&quot;:0,&quot;error_code&quot;:3,&quot;status_code&quot;:1,&quot;error_str&quot;:&quot;Timeout&quot;,&quot;status_str&quot;:&quot;Connecting&quot;},{&quot;host&quot;:&quot;192.168.5.166&quot;,&quot;port&quot;:2088,&quot;nic&quot;:&quot;192.168.5.165&quot;,&quot;limit&quot;:0,&quot;is_backup&quot;:0,&quot;bitrate&quot;:3191671,&quot;up_time&quot;:313,&quot;error_code&quot;:0,&quot;status_code&quot;:3,&quot;error_str&quot;:&quot;None&quot;,&quot;status_str&quot;:&quot;Connected&quot;}],&quot;error&quot;:&quot;None&quot;,&quot;con_stat&quot;:&quot;Disconnected&quot;,&quot;bitrate&quot;:4141232,&quot;dest&quot;:&quot;bonded/bonded6&quot;},{&quot;mip&quot;:&quot;4000.ts&quot;,&quot;port&quot;:0,&quot;ip&quot;:&quot;file&quot;,&quot;in_name&quot;:&quot;bond&quot;,&quot;in_active&quot;:1,&quot;in_active_sources&quot;:0,&quot;prg_name&quot;:&quot;&quot;,&quot;prg_prov&quot;:&quot;&quot;,&quot;prg_num&quot;:-1,&quot;chan&quot;:&quot;&quot;,&quot;chan_id&quot;:-1,&quot;id&quot;:&quot;zixi://bonded(bonded2)#10.7.0.66:2088@10.7.0.65,192.168.60.66:2088@192.168.50.65,192.168.5.166:2088@192.168.5.165&quot;,&quot;type&quot;:2,&quot;name&quot;:&quot;bond2&quot;,&quot;asi&quot;:0,&quot;rtmp&quot;:0,&quot;file&quot;:1,&quot;active&quot;:1,&quot;group&quot;:&quot;&quot;,&quot;bonded&quot;:[{&quot;host&quot;:&quot;10.7.0.66&quot;,&quot;port&quot;:2088,&quot;nic&quot;:&quot;10.7.0.65&quot;,&quot;limit&quot;:0,&quot;is_backup&quot;:0,&quot;bitrate&quot;:1008649,&quot;up_time&quot;:211,&quot;error_code&quot;:0,&quot;status_code&quot;:3,&quot;error_str&quot;:&quot;None&quot;,&quot;status_str&quot;:&quot;Connected&quot;},{&quot;host&quot;:&quot;192.168.60.66&quot;,&quot;port&quot;:2088,&quot;nic&quot;:&quot;192.168.50.65&quot;,&quot;limit&quot;:0,&quot;is_backup&quot;:0,&quot;bitrate&quot;:0,&quot;up_time&quot;:0,&quot;error_code&quot;:3,&quot;status_code&quot;:1,&quot;error_str&quot;:&quot;Timeout&quot;,&quot;status_str&quot;:&quot;Connecting&quot;},{&quot;host&quot;:&quot;192.168.5.166&quot;,&quot;port&quot;:2088,&quot;nic&quot;:&quot;192.168.5.165&quot;,&quot;limit&quot;:0,&quot;is_backup&quot;:0,&quot;bitrate&quot;:3211923,&quot;up_time&quot;:258,&quot;error_code&quot;:0,&quot;status_code&quot;:3,&quot;error_str&quot;:&quot;None&quot;,&quot;status_str&quot;:&quot;Connected&quot;}],&quot;error&quot;:&quot;None&quot;,&quot;con_stat&quot;:&quot;Disconnected&quot;,&quot;bitrate&quot;:4147868,&quot;dest&quot;:&quot;bonded/bonded2&quot;},{&quot;mip&quot;:&quot;4000.ts&quot;,&quot;port&quot;:0,&quot;ip&quot;:&quot;file&quot;,&quot;in_name&quot;:&quot;bond&quot;,&quot;in_active&quot;:1,&quot;in_active_sources&quot;:0,&quot;prg_name&quot;:&quot;&quot;,&quot;prg_prov&quot;:&quot;&quot;,&quot;prg_num&quot;:-1,&quot;chan&quot;:&quot;&quot;,&quot;chan_id&quot;:-1,&quot;id&quot;:&quot;zixi://bonded(bonded1)#10.7.0.66:2088@10.7.0.65,192.168.60.66:2088@192.168.50.65,192.168.5.166:2088@192.168.5.165&quot;,&quot;type&quot;:2,&quot;name&quot;:&quot;bond1&quot;,&quot;asi&quot;:0,&quot;rtmp&quot;:0,&quot;file&quot;:1,&quot;active&quot;:1,&quot;group&quot;:&quot;&quot;,&quot;bonded&quot;:[{&quot;host&quot;:&quot;10.7.0.66&quot;,&quot;port&quot;:2088,&quot;nic&quot;:&quot;10.7.0.65&quot;,&quot;limit&quot;:0,&quot;is_backup&quot;:0,&quot;bitrate&quot;:1009531,&quot;up_time&quot;:300,&quot;error_code&quot;:0,&quot;status_code&quot;:3,&quot;error_str&quot;:&quot;None&quot;,&quot;status_str&quot;:&quot;Connected&quot;},{&quot;host&quot;:&quot;192.168.60.66&quot;,&quot;port&quot;:2088,&quot;nic&quot;:&quot;192.168.50.65&quot;,&quot;limit&quot;:0,&quot;is_backup&quot;:0,&quot;bitrate&quot;:0,&quot;up_time&quot;:0,&quot;error_code&quot;:3,&quot;status_code&quot;:1,&quot;error_str&quot;:&quot;Timeout&quot;,&quot;status_str&quot;:&quot;Connecting&quot;},{&quot;host&quot;:&quot;192.168.5.166&quot;,&quot;port&quot;:2088,&quot;nic&quot;:&quot;192.168.5.165&quot;,&quot;limit&quot;:0,&quot;is_backup&quot;:0,&quot;bitrate&quot;:4680955,&quot;up_time&quot;:268,&quot;error_code&quot;:0,&quot;status_code&quot;:3,&quot;error_str&quot;:&quot;None&quot;,&quot;status_str&quot;:&quot;Connected&quot;}],&quot;error&quot;:&quot;None&quot;,&quot;con_stat&quot;:&quot;Disconnected&quot;,&quot;bitrate&quot;:5623144,&quot;dest&quot;:&quot;bonded/bonded1&quot;},{&quot;mip&quot;:&quot;4000.ts&quot;,&quot;port&quot;:0,&quot;ip&quot;:&quot;file&quot;,&quot;in_name&quot;:&quot;bond&quot;,&quot;in_active&quot;:1,&quot;in_active_sources&quot;:0,&quot;prg_name&quot;:&quot;&quot;,&quot;prg_prov&quot;:&quot;&quot;,&quot;prg_num&quot;:-1,&quot;chan&quot;:&quot;&quot;,&quot;chan_id&quot;:-1,&quot;id&quot;:&quot;zixi://bonded(bonded4)#10.7.0.66:2088@10.7.0.65,192.168.60.66:2088@192.168.50.65,192.168.5.166:2088@192.168.5.165&quot;,&quot;type&quot;:2,&quot;name&quot;:&quot;bond4&quot;,&quot;asi&quot;:0,&quot;rtmp&quot;:0,&quot;file&quot;:1,&quot;active&quot;:1,&quot;group&quot;:&quot;&quot;,&quot;bonded&quot;:[],&quot;error&quot;:&quot;Timeout&quot;,&quot;con_stat&quot;:&quot;Connecting&quot;,&quot;bitrate&quot;:0,&quot;dest&quot;:&quot;bonded/bonded4&quot;},{&quot;mip&quot;:&quot;4000.ts&quot;,&quot;port&quot;:0,&quot;ip&quot;:&quot;file&quot;,&quot;in_name&quot;:&quot;bond&quot;,&quot;in_active&quot;:1,&quot;in_active_sources&quot;:0,&quot;prg_name&quot;:&quot;&quot;,&quot;prg_prov&quot;:&quot;&quot;,&quot;prg_num&quot;:-1,&quot;chan&quot;:&quot;&quot;,&quot;chan_id&quot;:-1,&quot;id&quot;:&quot;zixi://bonded(bonded5)#10.7.0.66:2088@10.7.0.65,192.168.60.66:2088@192.168.50.65,192.168.5.166:2088@192.168.5.165&quot;,&quot;type&quot;:2,&quot;name&quot;:&quot;bond5&quot;,&quot;asi&quot;:0,&quot;rtmp&quot;:0,&quot;file&quot;:1,&quot;active&quot;:1,&quot;group&quot;:&quot;&quot;,&quot;bonded&quot;:[{&quot;host&quot;:&quot;10.7.0.66&quot;,&quot;port&quot;:2088,&quot;nic&quot;:&quot;10.7.0.65&quot;,&quot;limit&quot;:0,&quot;is_backup&quot;:0,&quot;bitrate&quot;:1010819,&quot;up_time&quot;:305,&quot;error_code&quot;:0,&quot;status_code&quot;:3,&quot;error_str&quot;:&quot;None&quot;,&quot;status_str&quot;:&quot;Connected&quot;},{&quot;host&quot;:&quot;192.168.60.66&quot;,&quot;port&quot;:2088,&quot;nic&quot;:&quot;192.168.50.65&quot;,&quot;limit&quot;:0,&quot;is_backup&quot;:0,&quot;bitrate&quot;:0,&quot;up_time&quot;:0,&quot;error_code&quot;:3,&quot;status_code&quot;:1,&quot;error_str&quot;:&quot;Timeout&quot;,&quot;status_str&quot;:&quot;Connecting&quot;},{&quot;host&quot;:&quot;192.168.5.166&quot;,&quot;port&quot;:2088,&quot;nic&quot;:&quot;192.168.5.165&quot;,&quot;limit&quot;:0,&quot;is_backup&quot;:0,&quot;bitrate&quot;:3182468,&quot;up_time&quot;:273,&quot;error_code&quot;:0,&quot;status_code&quot;:3,&quot;error_str&quot;:&quot;None&quot;,&quot;status_str&quot;:&quot;Connected&quot;}],&quot;error&quot;:&quot;None&quot;,&quot;con_stat&quot;:&quot;Disconnected&quot;,&quot;bitrate&quot;:4128175,&quot;dest&quot;:&quot;bonded/bonded5&quot;},{&quot;mip&quot;:&quot;4000.ts&quot;,&quot;port&quot;:0,&quot;ip&quot;:&quot;file&quot;,&quot;in_name&quot;:&quot;bond&quot;,&quot;in_active&quot;:1,&quot;in_active_sources&quot;:0,&quot;prg_name&quot;:&quot;&quot;,&quot;prg_prov&quot;:&quot;&quot;,&quot;prg_num&quot;:-1,&quot;chan&quot;:&quot;&quot;,&quot;chan_id&quot;:-1,&quot;id&quot;:&quot;zixi://bonded(bonded9)#10.7.0.66:2088@10.7.0.65,192.168.60.66:2088@192.168.50.65,192.168.5.166:2088@192.168.5.165&quot;,&quot;type&quot;:2,&quot;name&quot;:&quot;bond9&quot;,&quot;asi&quot;:0,&quot;rtmp&quot;:0,&quot;file&quot;:1,&quot;active&quot;:1,&quot;group&quot;:&quot;&quot;,&quot;bonded&quot;:[{&quot;host&quot;:&quot;10.7.0.66&quot;,&quot;port&quot;:2088,&quot;nic&quot;:&quot;10.7.0.65&quot;,&quot;limit&quot;:0,&quot;is_backup&quot;:0,&quot;bitrate&quot;:999325,&quot;up_time&quot;:173,&quot;error_code&quot;:0,&quot;status_code&quot;:3,&quot;error_str&quot;:&quot;None&quot;,&quot;status_str&quot;:&quot;Connected&quot;},{&quot;host&quot;:&quot;192.168.60.66&quot;,&quot;port&quot;:2088,&quot;nic&quot;:&quot;192.168.50.65&quot;,&quot;limit&quot;:0,&quot;is_backup&quot;:0,&quot;bitrate&quot;:0,&quot;up_time&quot;:0,&quot;error_code&quot;:3,&quot;status_code&quot;:1,&quot;error_str&quot;:&quot;Timeout&quot;,&quot;status_str&quot;:&quot;Connecting&quot;},{&quot;host&quot;:&quot;192.168.5.166&quot;,&quot;port&quot;:2088,&quot;nic&quot;:&quot;192.168.5.165&quot;,&quot;limit&quot;:0,&quot;is_backup&quot;:0,&quot;bitrate&quot;:3238598,&quot;up_time&quot;:91,&quot;error_code&quot;:0,&quot;status_code&quot;:3,&quot;error_str&quot;:&quot;None&quot;,&quot;status_str&quot;:&quot;Connected&quot;}],&quot;error&quot;:&quot;None&quot;,&quot;con_stat&quot;:&quot;Disconnected&quot;,&quot;bitrate&quot;:4161776,&quot;dest&quot;:&quot;bonded/bonded9&quot;},{&quot;mip&quot;:&quot;4000.ts&quot;,&quot;port&quot;:0,&quot;ip&quot;:&quot;file&quot;,&quot;in_name&quot;:&quot;bond&quot;,&quot;in_active&quot;:1,&quot;in_active_sources&quot;:0,&quot;prg_name&quot;:&quot;&quot;,&quot;prg_prov&quot;:&quot;&quot;,&quot;prg_num&quot;:-1,&quot;chan&quot;:&quot;&quot;,&quot;chan_id&quot;:-1,&quot;id&quot;:&quot;zixi://bonded(bonded12)#10.7.0.66:2088@10.7.0.65,192.168.60.66:2088@192.168.50.65,192.168.5.166:2088@192.168.5.165&quot;,&quot;type&quot;:2,&quot;name&quot;:&quot;bond12&quot;,&quot;asi&quot;:0,&quot;rtmp&quot;:0,&quot;file&quot;:1,&quot;active&quot;:1,&quot;group&quot;:&quot;&quot;,&quot;bonded&quot;:[{&quot;host&quot;:&quot;10.7.0.66&quot;,&quot;port&quot;:2088,&quot;nic&quot;:&quot;10.7.0.65&quot;,&quot;limit&quot;:0,&quot;is_backup&quot;:0,&quot;bitrate&quot;:1007975,&quot;up_time&quot;:167,&quot;error_code&quot;:0,&quot;status_code&quot;:3,&quot;error_str&quot;:&quot;None&quot;,&quot;status_str&quot;:&quot;Connected&quot;},{&quot;host&quot;:&quot;192.168.60.66&quot;,&quot;port&quot;:2088,&quot;nic&quot;:&quot;192.168.50.65&quot;,&quot;limit&quot;:0,&quot;is_backup&quot;:0,&quot;bitrate&quot;:0,&quot;up_time&quot;:0,&quot;error_code&quot;:3,&quot;status_code&quot;:1,&quot;error_str&quot;:&quot;Timeout&quot;,&quot;status_str&quot;:&quot;Connecting&quot;},{&quot;host&quot;:&quot;192.168.5.166&quot;,&quot;port&quot;:2088,&quot;nic&quot;:&quot;192.168.5.165&quot;,&quot;limit&quot;:0,&quot;is_backup&quot;:0,&quot;bitrate&quot;:3217247,&quot;up_time&quot;:81,&quot;error_code&quot;:0,&quot;status_code&quot;:3,&quot;error_str&quot;:&quot;None&quot;,&quot;status_str&quot;:&quot;Connected&quot;}],&quot;error&quot;:&quot;None&quot;,&quot;con_stat&quot;:&quot;Disconnected&quot;,&quot;bitrate&quot;:4151504,&quot;dest&quot;:&quot;bonded/bonded12&quot;},{&quot;mip&quot;:&quot;4000.ts&quot;,&quot;port&quot;:0,&quot;ip&quot;:&quot;file&quot;,&quot;in_name&quot;:&quot;bond&quot;,&quot;in_active&quot;:1,&quot;in_active_sources&quot;:0,&quot;prg_name&quot;:&quot;&quot;,&quot;prg_prov&quot;:&quot;&quot;,&quot;prg_num&quot;:-1,&quot;chan&quot;:&quot;&quot;,&quot;chan_id&quot;:-1,&quot;id&quot;:&quot;zixi://bonded(bonded10)#10.7.0.66:2088@10.7.0.65,192.168.60.66:2088@192.168.50.65,192.168.5.166:2088@192.168.5.165&quot;,&quot;type&quot;:2,&quot;name&quot;:&quot;bond10&quot;,&quot;asi&quot;:0,&quot;rtmp&quot;:0,&quot;file&quot;:1,&quot;active&quot;:1,&quot;group&quot;:&quot;&quot;,&quot;bonded&quot;:[],&quot;error&quot;:&quot;Authentication&quot;,&quot;con_stat&quot;:&quot;Disconnected&quot;,&quot;bitrate&quot;:0,&quot;dest&quot;:&quot;bonded/bonded10&quot;},{&quot;mip&quot;:&quot;4000.ts&quot;,&quot;port&quot;:0,&quot;ip&quot;:&quot;file&quot;,&quot;in_name&quot;:&quot;bond&quot;,&quot;in_active&quot;:1,&quot;in_active_sources&quot;:0,&quot;prg_name&quot;:&quot;&quot;,&quot;prg_prov&quot;:&quot;&quot;,&quot;prg_num&quot;:-1,&quot;chan&quot;:&quot;&quot;,&quot;chan_id&quot;:-1,&quot;id&quot;:&quot;zixi://bonded(bonded13)#10.7.0.66:2088@10.7.0.65,192.168.60.66:2088@192.168.50.65,192.168.5.166:2088@192.168.5.165&quot;,&quot;type&quot;:2,&quot;name&quot;:&quot;bond13&quot;,&quot;asi&quot;:0,&quot;rtmp&quot;:0,&quot;file&quot;:1,&quot;active&quot;:1,&quot;group&quot;:&quot;&quot;,&quot;bonded&quot;:[{&quot;host&quot;:&quot;10.7.0.66&quot;,&quot;port&quot;:2088,&quot;nic&quot;:&quot;10.7.0.65&quot;,&quot;limit&quot;:0,&quot;is_backup&quot;:0,&quot;bitrate&quot;:1002730,&quot;up_time&quot;:169,&quot;error_code&quot;:0,&quot;status_code&quot;:3,&quot;error_str&quot;:&quot;None&quot;,&quot;status_str&quot;:&quot;Connected&quot;},{&quot;host&quot;:&quot;192.168.60.66&quot;,&quot;port&quot;:2088,&quot;nic&quot;:&quot;192.168.50.65&quot;,&quot;limit&quot;:0,&quot;is_backup&quot;:0,&quot;bitrate&quot;:0,&quot;up_time&quot;:0,&quot;error_code&quot;:3,&quot;status_code&quot;:1,&quot;error_str&quot;:&quot;Timeout&quot;,&quot;status_str&quot;:&quot;Connecting&quot;},{&quot;host&quot;:&quot;192.168.5.166&quot;,&quot;port&quot;:2088,&quot;nic&quot;:&quot;192.168.5.165&quot;,&quot;limit&quot;:0,&quot;is_backup&quot;:0,&quot;bitrate&quot;:3200561,&quot;up_time&quot;:312,&quot;error_code&quot;:0,&quot;status_code&quot;:3,&quot;error_str&quot;:&quot;None&quot;,&quot;status_str&quot;:&quot;Connected&quot;}],&quot;error&quot;:&quot;None&quot;,&quot;con_stat&quot;:&quot;Disconnected&quot;,&quot;bitrate&quot;:4141808,&quot;dest&quot;:&quot;bonded/bonded13&quot;},{&quot;mip&quot;:&quot;4000.ts&quot;,&quot;port&quot;:0,&quot;ip&quot;:&quot;file&quot;,&quot;in_name&quot;:&quot;bond&quot;,&quot;in_active&quot;:1,&quot;in_active_sources&quot;:0,&quot;prg_name&quot;:&quot;&quot;,&quot;prg_prov&quot;:&quot;&quot;,&quot;prg_num&quot;:-1,&quot;chan&quot;:&quot;&quot;,&quot;chan_id&quot;:-1,&quot;id&quot;:&quot;zixi://bonded(bonded11)#10.7.0.66:2088@10.7.0.65,192.168.60.66:2088@192.168.50.65,192.168.5.166:2088@192.168.5.165&quot;,&quot;type&quot;:2,&quot;name&quot;:&quot;bond11&quot;,&quot;asi&quot;:0,&quot;rtmp&quot;:0,&quot;file&quot;:1,&quot;active&quot;:1,&quot;group&quot;:&quot;&quot;,&quot;bonded&quot;:[{&quot;host&quot;:&quot;10.7.0.66&quot;,&quot;port&quot;:2088,&quot;nic&quot;:&quot;10.7.0.65&quot;,&quot;limit&quot;:0,&quot;is_backup&quot;:0,&quot;bitrate&quot;:993059,&quot;up_time&quot;:145,&quot;error_code&quot;:0,&quot;status_code&quot;:3,&quot;error_str&quot;:&quot;None&quot;,&quot;status_str&quot;:&quot;Connected&quot;},{&quot;host&quot;:&quot;192.168.60.66&quot;,&quot;port&quot;:2088,&quot;nic&quot;:&quot;192.168.50.65&quot;,&quot;limit&quot;:0,&quot;is_backup&quot;:0,&quot;bitrate&quot;:0,&quot;up_time&quot;:0,&quot;error_code&quot;:3,&quot;status_code&quot;:1,&quot;error_str&quot;:&quot;Timeout&quot;,&quot;status_str&quot;:&quot;Connecting&quot;},{&quot;host&quot;:&quot;192.168.5.166&quot;,&quot;port&quot;:2088,&quot;nic&quot;:&quot;192.168.5.165&quot;,&quot;limit&quot;:0,&quot;is_backup&quot;:0,&quot;bitrate&quot;:3170792,&quot;up_time&quot;:148,&quot;error_code&quot;:0,&quot;status_code&quot;:3,&quot;error_str&quot;:&quot;None&quot;,&quot;status_str&quot;:&quot;Connected&quot;}],&quot;error&quot;:&quot;None&quot;,&quot;con_stat&quot;:&quot;Disconnected&quot;,&quot;bitrate&quot;:4110920,&quot;dest&quot;:&quot;bonded/bonded11&quot;},{&quot;mip&quot;:&quot;4000.ts&quot;,&quot;port&quot;:0,&quot;ip&quot;:&quot;file&quot;,&quot;in_name&quot;:&quot;bond&quot;,&quot;in_active&quot;:1,&quot;in_active_sources&quot;:0,&quot;prg_name&quot;:&quot;&quot;,&quot;prg_prov&quot;:&quot;&quot;,&quot;prg_num&quot;:-1,&quot;chan&quot;:&quot;&quot;,&quot;chan_id&quot;:-1,&quot;id&quot;:&quot;zixi://bonded(bonded7)#10.7.0.66:2088@10.7.0.65,192.168.60.66:2088@192.168.50.65,192.168.5.166:2088@192.168.5.165&quot;,&quot;type&quot;:2,&quot;name&quot;:&quot;bond7&quot;,&quot;asi&quot;:0,&quot;rtmp&quot;:0,&quot;file&quot;:1,&quot;active&quot;:1,&quot;group&quot;:&quot;&quot;,&quot;bonded&quot;:[{&quot;host&quot;:&quot;10.7.0.66&quot;,&quot;port&quot;:2088,&quot;nic&quot;:&quot;10.7.0.65&quot;,&quot;limit&quot;:0,&quot;is_backup&quot;:0,&quot;bitrate&quot;:1008915,&quot;up_time&quot;:305,&quot;error_code&quot;:0,&quot;status_code&quot;:3,&quot;error_str&quot;:&quot;None&quot;,&quot;status_str&quot;:&quot;Connected&quot;},{&quot;host&quot;:&quot;192.168.60.66&quot;,&quot;port&quot;:2088,&quot;nic&quot;:&quot;192.168.50.65&quot;,&quot;limit&quot;:0,&quot;is_backup&quot;:0,&quot;bitrate&quot;:0,&quot;up_time&quot;:0,&quot;error_code&quot;:3,&quot;status_code&quot;:1,&quot;error_str&quot;:&quot;Timeout&quot;,&quot;status_str&quot;:&quot;Connecting&quot;},{&quot;host&quot;:&quot;192.168.5.166&quot;,&quot;port&quot;:2088,&quot;nic&quot;:&quot;192.168.5.165&quot;,&quot;limit&quot;:0,&quot;is_backup&quot;:0,&quot;bitrate&quot;:3182777,&quot;up_time&quot;:263,&quot;error_code&quot;:0,&quot;status_code&quot;:3,&quot;error_str&quot;:&quot;None&quot;,&quot;status_str&quot;:&quot;Connected&quot;}],&quot;error&quot;:&quot;None&quot;,&quot;con_stat&quot;:&quot;Disconnected&quot;,&quot;bitrate&quot;:4121424,&quot;dest&quot;:&quot;bonded/bonded7&quot;},{&quot;mip&quot;:&quot;4000.ts&quot;,&quot;port&quot;:0,&quot;ip&quot;:&quot;file&quot;,&quot;in_name&quot;:&quot;bond&quot;,&quot;in_active&quot;:1,&quot;in_active_sources&quot;:0,&quot;prg_name&quot;:&quot;&quot;,&quot;prg_prov&quot;:&quot;&quot;,&quot;prg_num&quot;:-1,&quot;chan&quot;:&quot;&quot;,&quot;chan_id&quot;:-1,&quot;id&quot;:&quot;zixi://bonded(bonded3)#10.7.0.66:2088@10.7.0.65,192.168.60.66:2088@192.168.50.65,192.168.5.166:2088@192.168.5.165&quot;,&quot;type&quot;:2,&quot;name&quot;:&quot;bond3&quot;,&quot;asi&quot;:0,&quot;rtmp&quot;:0,&quot;file&quot;:1,&quot;active&quot;:1,&quot;group&quot;:&quot;&quot;,&quot;bonded&quot;:[{&quot;host&quot;:&quot;10.7.0.66&quot;,&quot;port&quot;:2088,&quot;nic&quot;:&quot;10.7.0.65&quot;,&quot;limit&quot;:0,&quot;is_backup&quot;:0,&quot;bitrate&quot;:1003630,&quot;up_time&quot;:146,&quot;error_code&quot;:0,&quot;status_code&quot;:3,&quot;error_str&quot;:&quot;None&quot;,&quot;status_str&quot;:&quot;Connected&quot;},{&quot;host&quot;:&quot;192.168.60.66&quot;,&quot;port&quot;:2088,&quot;nic&quot;:&quot;192.168.50.65&quot;,&quot;limit&quot;:0,&quot;is_backup&quot;:0,&quot;bitrate&quot;:0,&quot;up_time&quot;:0,&quot;error_code&quot;:3,&quot;status_code&quot;:1,&quot;error_str&quot;:&quot;Timeout&quot;,&quot;status_str&quot;:&quot;Connecting&quot;},{&quot;host&quot;:&quot;192.168.5.166&quot;,&quot;port&quot;:2088,&quot;nic&quot;:&quot;192.168.5.165&quot;,&quot;limit&quot;:0,&quot;is_backup&quot;:0,&quot;bitrate&quot;:3198649,&quot;up_time&quot;:30,&quot;error_code&quot;:0,&quot;status_code&quot;:3,&quot;error_str&quot;:&quot;None&quot;,&quot;status_str&quot;:&quot;Connected&quot;}],&quot;error&quot;:&quot;None&quot;,&quot;con_stat&quot;:&quot;Disconnected&quot;,&quot;bitrate&quot;:4131856,&quot;dest&quot;:&quot;bonded/bonded3&quot;},{&quot;mip&quot;:&quot;4000.ts&quot;,&quot;port&quot;:0,&quot;ip&quot;:&quot;file&quot;,&quot;in_name&quot;:&quot;bond&quot;,&quot;in_active&quot;:1,&quot;in_active_sources&quot;:0,&quot;prg_name&quot;:&quot;&quot;,&quot;prg_prov&quot;:&quot;&quot;,&quot;prg_num&quot;:-1,&quot;chan&quot;:&quot;&quot;,&quot;chan_id&quot;:-1,&quot;id&quot;:&quot;zixi://bonded(bonded0)#10.7.0.66:2088@10.7.0.65,192.168.60.66:2088@192.168.50.65,192.168.5.166:2088@192.168.5.165&quot;,&quot;type&quot;:2,&quot;name&quot;:&quot;bond0&quot;,&quot;asi&quot;:0,&quot;rtmp&quot;:0,&quot;file&quot;:1,&quot;active&quot;:1,&quot;group&quot;:&quot;&quot;,&quot;bonded&quot;:[{&quot;host&quot;:&quot;10.7.0.66&quot;,&quot;port&quot;:2088,&quot;nic&quot;:&quot;10.7.0.65&quot;,&quot;limit&quot;:0,&quot;is_backup&quot;:0,&quot;bitrate&quot;:1009531,&quot;up_time&quot;:327,&quot;error_code&quot;:0,&quot;status_code&quot;:3,&quot;error_str&quot;:&quot;None&quot;,&quot;status_str&quot;:&quot;Connected&quot;},{&quot;host&quot;:&quot;192.168.60.66&quot;,&quot;port&quot;:2088,&quot;nic&quot;:&quot;192.168.50.65&quot;,&quot;limit&quot;:0,&quot;is_backup&quot;:0,&quot;bitrate&quot;:0,&quot;up_time&quot;:0,&quot;error_code&quot;:3,&quot;status_code&quot;:1,&quot;error_str&quot;:&quot;Timeout&quot;,&quot;status_str&quot;:&quot;Connecting&quot;},{&quot;host&quot;:&quot;192.168.5.166&quot;,&quot;port&quot;:2088,&quot;nic&quot;:&quot;192.168.5.165&quot;,&quot;limit&quot;:0,&quot;is_backup&quot;:0,&quot;bitrate&quot;:4686094,&quot;up_time&quot;:278,&quot;error_code&quot;:0,&quot;status_code&quot;:3,&quot;error_str&quot;:&quot;None&quot;,&quot;status_str&quot;:&quot;Connected&quot;}],&quot;error&quot;:&quot;None&quot;,&quot;con_stat&quot;:&quot;Disconnected&quot;,&quot;bitrate&quot;:5623576,&quot;dest&quot;:&quot;bonded/bonded0&quot;},{&quot;mip&quot;:&quot;4000.ts&quot;,&quot;port&quot;:0,&quot;ip&quot;:&quot;file&quot;,&quot;in_name&quot;:&quot;bond&quot;,&quot;in_active&quot;:1,&quot;in_active_sources&quot;:0,&quot;prg_name&quot;:&quot;&quot;,&quot;prg_prov&quot;:&quot;&quot;,&quot;prg_num&quot;:-1,&quot;chan&quot;:&quot;&quot;,&quot;chan_id&quot;:-1,&quot;id&quot;:&quot;zixi://bonded(bonded19)#10.7.0.66:2088@10.7.0.65,192.168.60.66:2088@192.168.50.65,192.168.5.166:2088@192.168.5.165&quot;,&quot;type&quot;:2,&quot;name&quot;:&quot;bond19&quot;,&quot;asi&quot;:0,&quot;rtmp&quot;:0,&quot;file&quot;:1,&quot;active&quot;:1,&quot;group&quot;:&quot;&quot;,&quot;bonded&quot;:[{&quot;host&quot;:&quot;10.7.0.66&quot;,&quot;port&quot;:2088,&quot;nic&quot;:&quot;10.7.0.65&quot;,&quot;limit&quot;:0,&quot;is_backup&quot;:0,&quot;bitrate&quot;:1008732,&quot;up_time&quot;:173,&quot;error_code&quot;:0,&quot;status_code&quot;:3,&quot;error_str&quot;:&quot;None&quot;,&quot;status_str&quot;:&quot;Connected&quot;},{&quot;host&quot;:&quot;192.168.60.66&quot;,&quot;port&quot;:2088,&quot;nic&quot;:&quot;192.168.50.65&quot;,&quot;limit&quot;:0,&quot;is_backup&quot;:0,&quot;bitrate&quot;:0,&quot;up_time&quot;:0,&quot;error_code&quot;:3,&quot;status_code&quot;:1,&quot;error_str&quot;:&quot;Timeout&quot;,&quot;status_str&quot;:&quot;Connecting&quot;},{&quot;host&quot;:&quot;192.168.5.166&quot;,&quot;port&quot;:2088,&quot;nic&quot;:&quot;192.168.5.165&quot;,&quot;limit&quot;:0,&quot;is_backup&quot;:0,&quot;bitrate&quot;:3205971,&quot;up_time&quot;:81,&quot;error_code&quot;:0,&quot;status_code&quot;:3,&quot;error_str&quot;:&quot;None&quot;,&quot;status_str&quot;:&quot;Connected&quot;}],&quot;error&quot;:&quot;None&quot;,&quot;con_stat&quot;:&quot;Disconnected&quot;,&quot;bitrate&quot;:4162464,&quot;dest&quot;:&quot;bonded/bonded19&quot;},{&quot;mip&quot;:&quot;4000.ts&quot;,&quot;port&quot;:0,&quot;ip&quot;:&quot;file&quot;,&quot;in_name&quot;:&quot;bond&quot;,&quot;in_active&quot;:1,&quot;in_active_sources&quot;:0,&quot;prg_name&quot;:&quot;&quot;,&quot;prg_prov&quot;:&quot;&quot;,&quot;prg_num&quot;:-1,&quot;chan&quot;:&quot;&quot;,&quot;chan_id&quot;:-1,&quot;id&quot;:&quot;zixi://bonded(bonded16)#10.7.0.66:2088@10.7.0.65,192.168.60.66:2088@192.168.50.65,192.168.5.166:2088@192.168.5.165&quot;,&quot;type&quot;:2,&quot;name&quot;:&quot;bond16&quot;,&quot;asi&quot;:0,&quot;rtmp&quot;:0,&quot;file&quot;:1,&quot;active&quot;:1,&quot;group&quot;:&quot;&quot;,&quot;bonded&quot;:[{&quot;host&quot;:&quot;10.7.0.66&quot;,&quot;port&quot;:2088,&quot;nic&quot;:&quot;10.7.0.65&quot;,&quot;limit&quot;:0,&quot;is_backup&quot;:0,&quot;bitrate&quot;:1002527,&quot;up_time&quot;:61,&quot;error_code&quot;:0,&quot;status_code&quot;:3,&quot;error_str&quot;:&quot;None&quot;,&quot;status_str&quot;:&quot;Connected&quot;},{&quot;host&quot;:&quot;192.168.60.66&quot;,&quot;port&quot;:2088,&quot;nic&quot;:&quot;192.168.50.65&quot;,&quot;limit&quot;:0,&quot;is_backup&quot;:0,&quot;bitrate&quot;:0,&quot;up_time&quot;:0,&quot;error_code&quot;:3,&quot;status_code&quot;:1,&quot;error_str&quot;:&quot;Timeout&quot;,&quot;status_str&quot;:&quot;Connecting&quot;},{&quot;host&quot;:&quot;192.168.5.166&quot;,&quot;port&quot;:2088,&quot;nic&quot;:&quot;192.168.5.165&quot;,&quot;limit&quot;:0,&quot;is_backup&quot;:0,&quot;bitrate&quot;:3218814,&quot;up_time&quot;:273,&quot;error_code&quot;:0,&quot;status_code&quot;:3,&quot;error_str&quot;:&quot;None&quot;,&quot;status_str&quot;:&quot;Connected&quot;}],&quot;error&quot;:&quot;None&quot;,&quot;con_stat&quot;:&quot;Disconnected&quot;,&quot;bitrate&quot;:4162464,&quot;dest&quot;:&quot;bonded/bonded16&quot;},{&quot;mip&quot;:&quot;4000.ts&quot;,&quot;port&quot;:0,&quot;ip&quot;:&quot;file&quot;,&quot;in_name&quot;:&quot;bond&quot;,&quot;in_active&quot;:1,&quot;in_active_sources&quot;:0,&quot;prg_name&quot;:&quot;&quot;,&quot;prg_prov&quot;:&quot;&quot;,&quot;prg_num&quot;:-1,&quot;chan&quot;:&quot;&quot;,&quot;chan_id&quot;:-1,&quot;id&quot;:&quot;zixi://bonded(bonded20)#10.7.0.66:2088@10.7.0.65,192.168.60.66:2088@192.168.50.65,192.168.5.166:2088@192.168.5.165&quot;,&quot;type&quot;:2,&quot;name&quot;:&quot;bond20&quot;,&quot;asi&quot;:0,&quot;rtmp&quot;:0,&quot;file&quot;:1,&quot;active&quot;:1,&quot;group&quot;:&quot;&quot;,&quot;bonded&quot;:[],&quot;error&quot;:&quot;Timeout&quot;,&quot;con_stat&quot;:&quot;Disconnected&quot;,&quot;bitrate&quot;:0,&quot;dest&quot;:&quot;bonded/bonded20&quot;},{&quot;mip&quot;:&quot;4000.ts&quot;,&quot;port&quot;:0,&quot;ip&quot;:&quot;file&quot;,&quot;in_name&quot;:&quot;bond&quot;,&quot;in_active&quot;:1,&quot;in_active_sources&quot;:0,&quot;prg_name&quot;:&quot;&quot;,&quot;prg_prov&quot;:&quot;&quot;,&quot;prg_num&quot;:-1,&quot;chan&quot;:&quot;&quot;,&quot;chan_id&quot;:-1,&quot;id&quot;:&quot;zixi://bonded(bonded8)#10.7.0.66:2088@10.7.0.65,192.168.60.66:2088@192.168.50.65,192.168.5.166:2088@192.168.5.165&quot;,&quot;type&quot;:2,&quot;name&quot;:&quot;bond8&quot;,&quot;asi&quot;:0,&quot;rtmp&quot;:0,&quot;file&quot;:1,&quot;active&quot;:1,&quot;group&quot;:&quot;&quot;,&quot;bonded&quot;:[{&quot;host&quot;:&quot;10.7.0.66&quot;,&quot;port&quot;:2088,&quot;nic&quot;:&quot;10.7.0.65&quot;,&quot;limit&quot;:0,&quot;is_backup&quot;:0,&quot;bitrate&quot;:1011328,&quot;up_time&quot;:90,&quot;error_code&quot;:0,&quot;status_code&quot;:3,&quot;error_str&quot;:&quot;None&quot;,&quot;status_str&quot;:&quot;Connected&quot;},{&quot;host&quot;:&quot;192.168.60.66&quot;,&quot;port&quot;:2088,&quot;nic&quot;:&quot;192.168.50.65&quot;,&quot;limit&quot;:0,&quot;is_backup&quot;:0,&quot;bitrate&quot;:0,&quot;up_time&quot;:0,&quot;error_code&quot;:3,&quot;status_code&quot;:1,&quot;error_str&quot;:&quot;Timeout&quot;,&quot;status_str&quot;:&quot;Connecting&quot;},{&quot;host&quot;:&quot;192.168.5.166&quot;,&quot;port&quot;:2088,&quot;nic&quot;:&quot;192.168.5.165&quot;,&quot;limit&quot;:0,&quot;is_backup&quot;:0,&quot;bitrate&quot;:3194816,&quot;up_time&quot;:86,&quot;error_code&quot;:0,&quot;status_code&quot;:3,&quot;error_str&quot;:&quot;None&quot;,&quot;status_str&quot;:&quot;Connected&quot;}],&quot;error&quot;:&quot;None&quot;,&quot;con_stat&quot;:&quot;Disconnected&quot;,&quot;bitrate&quot;:4140624,&quot;dest&quot;:&quot;bonded/bonded8&quot;},{&quot;mip&quot;:&quot;4000.ts&quot;,&quot;port&quot;:0,&quot;ip&quot;:&quot;file&quot;,&quot;in_name&quot;:&quot;bond&quot;,&quot;in_active&quot;:1,&quot;in_active_sources&quot;:0,&quot;prg_name&quot;:&quot;&quot;,&quot;prg_prov&quot;:&quot;&quot;,&quot;prg_num&quot;:-1,&quot;chan&quot;:&quot;&quot;,&quot;chan_id&quot;:-1,&quot;id&quot;:&quot;zixi://bonded(bonded23)#10.7.0.66:2088@10.7.0.65,192.168.60.66:2088@192.168.50.65,192.168.5.166:2088@192.168.5.165&quot;,&quot;type&quot;:2,&quot;name&quot;:&quot;bond23&quot;,&quot;asi&quot;:0,&quot;rtmp&quot;:0,&quot;file&quot;:1,&quot;active&quot;:1,&quot;group&quot;:&quot;&quot;,&quot;bonded&quot;:[{&quot;host&quot;:&quot;10.7.0.66&quot;,&quot;port&quot;:2088,&quot;nic&quot;:&quot;10.7.0.65&quot;,&quot;limit&quot;:0,&quot;is_backup&quot;:0,&quot;bitrate&quot;:997191,&quot;up_time&quot;:158,&quot;error_code&quot;:0,&quot;status_code&quot;:3,&quot;error_str&quot;:&quot;None&quot;,&quot;status_str&quot;:&quot;Connected&quot;},{&quot;host&quot;:&quot;192.168.60.66&quot;,&quot;port&quot;:2088,&quot;nic&quot;:&quot;192.168.50.65&quot;,&quot;limit&quot;:0,&quot;is_backup&quot;:0,&quot;bitrate&quot;:0,&quot;up_time&quot;:0,&quot;error_code&quot;:3,&quot;status_code&quot;:1,&quot;error_str&quot;:&quot;Timeout&quot;,&quot;status_str&quot;:&quot;Connecting&quot;},{&quot;host&quot;:&quot;192.168.5.166&quot;,&quot;port&quot;:2088,&quot;nic&quot;:&quot;192.168.5.165&quot;,&quot;limit&quot;:0,&quot;is_backup&quot;:0,&quot;bitrate&quot;:3178560,&quot;up_time&quot;:326,&quot;error_code&quot;:0,&quot;status_code&quot;:3,&quot;error_str&quot;:&quot;None&quot;,&quot;status_str&quot;:&quot;Connected&quot;}],&quot;error&quot;:&quot;None&quot;,&quot;con_stat&quot;:&quot;Disconnected&quot;,&quot;bitrate&quot;:4113461,&quot;dest&quot;:&quot;bonded/bonded23&quot;},{&quot;mip&quot;:&quot;4000.ts&quot;,&quot;port&quot;:0,&quot;ip&quot;:&quot;file&quot;,&quot;in_name&quot;:&quot;bond&quot;,&quot;in_active&quot;:1,&quot;in_active_sources&quot;:0,&quot;prg_name&quot;:&quot;&quot;,&quot;prg_prov&quot;:&quot;&quot;,&quot;prg_num&quot;:-1,&quot;chan&quot;:&quot;&quot;,&quot;chan_id&quot;:-1,&quot;id&quot;:&quot;zixi://bonded(bonded17)#10.7.0.66:2088@10.7.0.65,192.168.60.66:2088@192.168.50.65,192.168.5.166:2088@192.168.5.165&quot;,&quot;type&quot;:2,&quot;name&quot;:&quot;bond17&quot;,&quot;asi&quot;:0,&quot;rtmp&quot;:0,&quot;file&quot;:1,&quot;active&quot;:1,&quot;group&quot;:&quot;&quot;,&quot;bonded&quot;:[{&quot;host&quot;:&quot;10.7.0.66&quot;,&quot;port&quot;:2088,&quot;nic&quot;:&quot;10.7.0.65&quot;,&quot;limit&quot;:0,&quot;is_backup&quot;:0,&quot;bitrate&quot;:1005592,&quot;up_time&quot;:31,&quot;error_code&quot;:0,&quot;status_code&quot;:3,&quot;error_str&quot;:&quot;None&quot;,&quot;status_str&quot;:&quot;Connected&quot;},{&quot;host&quot;:&quot;192.168.60.66&quot;,&quot;port&quot;:2088,&quot;nic&quot;:&quot;192.168.50.65&quot;,&quot;limit&quot;:0,&quot;is_backup&quot;:0,&quot;bitrate&quot;:0,&quot;up_time&quot;:0,&quot;error_code&quot;:3,&quot;status_code&quot;:1,&quot;error_str&quot;:&quot;Timeout&quot;,&quot;status_str&quot;:&quot;Connecting&quot;},{&quot;host&quot;:&quot;192.168.5.166&quot;,&quot;port&quot;:2088,&quot;nic&quot;:&quot;192.168.5.165&quot;,&quot;limit&quot;:0,&quot;is_backup&quot;:0,&quot;bitrate&quot;:3218655,&quot;up_time&quot;:381,&quot;error_code&quot;:0,&quot;status_code&quot;:3,&quot;error_str&quot;:&quot;None&quot;,&quot;status_str&quot;:&quot;Connected&quot;}],&quot;error&quot;:&quot;None&quot;,&quot;con_stat&quot;:&quot;Disconnected&quot;,&quot;bitrate&quot;:4151536,&quot;dest&quot;:&quot;bonded/bonded17&quot;},{&quot;mip&quot;:&quot;4000.ts&quot;,&quot;port&quot;:0,&quot;ip&quot;:&quot;file&quot;,&quot;in_name&quot;:&quot;bond&quot;,&quot;in_active&quot;:1,&quot;in_active_sources&quot;:0,&quot;prg_name&quot;:&quot;&quot;,&quot;prg_prov&quot;:&quot;&quot;,&quot;prg_num&quot;:-1,&quot;chan&quot;:&quot;&quot;,&quot;chan_id&quot;:-1,&quot;id&quot;:&quot;zixi://bonded(bonded24)#10.7.0.66:2088@10.7.0.65,192.168.60.66:2088@192.168.50.65,192.168.5.166:2088@192.168.5.165&quot;,&quot;type&quot;:2,&quot;name&quot;:&quot;bond24&quot;,&quot;asi&quot;:0,&quot;rtmp&quot;:0,&quot;file&quot;:1,&quot;active&quot;:1,&quot;group&quot;:&quot;&quot;,&quot;bonded&quot;:[{&quot;host&quot;:&quot;10.7.0.66&quot;,&quot;port&quot;:2088,&quot;nic&quot;:&quot;10.7.0.65&quot;,&quot;limit&quot;:0,&quot;is_backup&quot;:0,&quot;bitrate&quot;:1006382,&quot;up_time&quot;:314,&quot;error_code&quot;:0,&quot;status_code&quot;:3,&quot;error_str&quot;:&quot;None&quot;,&quot;status_str&quot;:&quot;Connected&quot;},{&quot;host&quot;:&quot;192.168.60.66&quot;,&quot;port&quot;:2088,&quot;nic&quot;:&quot;192.168.50.65&quot;,&quot;limit&quot;:0,&quot;is_backup&quot;:0,&quot;bitrate&quot;:0,&quot;up_time&quot;:0,&quot;error_code&quot;:3,&quot;status_code&quot;:1,&quot;error_str&quot;:&quot;Timeout&quot;,&quot;status_str&quot;:&quot;Connecting&quot;},{&quot;host&quot;:&quot;192.168.5.166&quot;,&quot;port&quot;:2088,&quot;nic&quot;:&quot;192.168.5.165&quot;,&quot;limit&quot;:0,&quot;is_backup&quot;:0,&quot;bitrate&quot;:3191695,&quot;up_time&quot;:273,&quot;error_code&quot;:0,&quot;status_code&quot;:3,&quot;error_str&quot;:&quot;None&quot;,&quot;status_str&quot;:&quot;Connected&quot;}],&quot;error&quot;:&quot;None&quot;,&quot;con_stat&quot;:&quot;Disconnected&quot;,&quot;bitrate&quot;:4132048,&quot;dest&quot;:&quot;bonded/bonded24&quot;},{&quot;mip&quot;:&quot;4000.ts&quot;,&quot;port&quot;:0,&quot;ip&quot;:&quot;file&quot;,&quot;in_name&quot;:&quot;bond&quot;,&quot;in_active&quot;:1,&quot;in_active_sources&quot;:0,&quot;prg_name&quot;:&quot;&quot;,&quot;prg_prov&quot;:&quot;&quot;,&quot;prg_num&quot;:-1,&quot;chan&quot;:&quot;&quot;,&quot;chan_id&quot;:-1,&quot;id&quot;:&quot;zixi://bonded(bonded15)#10.7.0.66:2088@10.7.0.65,192.168.60.66:2088@192.168.50.65,192.168.5.166:2088@192.168.5.165&quot;,&quot;type&quot;:2,&quot;name&quot;:&quot;bond15&quot;,&quot;asi&quot;:0,&quot;rtmp&quot;:0,&quot;file&quot;:1,&quot;active&quot;:1,&quot;group&quot;:&quot;&quot;,&quot;bonded&quot;:[],&quot;error&quot;:&quot;Timeout&quot;,&quot;con_stat&quot;:&quot;Connecting&quot;,&quot;bitrate&quot;:0,&quot;dest&quot;:&quot;bonded/bonded15&quot;},{&quot;mip&quot;:&quot;4000.ts&quot;,&quot;port&quot;:0,&quot;ip&quot;:&quot;file&quot;,&quot;in_name&quot;:&quot;bond&quot;,&quot;in_active&quot;:1,&quot;in_active_sources&quot;:0,&quot;prg_name&quot;:&quot;&quot;,&quot;prg_prov&quot;:&quot;&quot;,&quot;prg_num&quot;:-1,&quot;chan&quot;:&quot;&quot;,&quot;chan_id&quot;:-1,&quot;id&quot;:&quot;zixi://bonded(bonded28)#10.7.0.66:2088@10.7.0.65,192.168.60.66:2088@192.168.50.65,192.168.5.166:2088@192.168.5.165&quot;,&quot;type&quot;:2,&quot;name&quot;:&quot;bond28&quot;,&quot;asi&quot;:0,&quot;rtmp&quot;:0,&quot;file&quot;:1,&quot;active&quot;:1,&quot;group&quot;:&quot;&quot;,&quot;bonded&quot;:[{&quot;host&quot;:&quot;10.7.0.66&quot;,&quot;port&quot;:2088,&quot;nic&quot;:&quot;10.7.0.65&quot;,&quot;limit&quot;:0,&quot;is_backup&quot;:0,&quot;bitrate&quot;:1002872,&quot;up_time&quot;:113,&quot;error_code&quot;:0,&quot;status_code&quot;:3,&quot;error_str&quot;:&quot;None&quot;,&quot;status_str&quot;:&quot;Connected&quot;},{&quot;host&quot;:&quot;192.168.60.66&quot;,&quot;port&quot;:2088,&quot;nic&quot;:&quot;192.168.50.65&quot;,&quot;limit&quot;:0,&quot;is_backup&quot;:0,&quot;bitrate&quot;:0,&quot;up_time&quot;:0,&quot;error_code&quot;:3,&quot;status_code&quot;:1,&quot;error_str&quot;:&quot;Timeout&quot;,&quot;status_str&quot;:&quot;Connecting&quot;},{&quot;host&quot;:&quot;192.168.5.166&quot;,&quot;port&quot;:2088,&quot;nic&quot;:&quot;192.168.5.165&quot;,&quot;limit&quot;:0,&quot;is_backup&quot;:0,&quot;bitrate&quot;:4913280,&quot;up_time&quot;:21,&quot;error_code&quot;:0,&quot;status_code&quot;:3,&quot;error_str&quot;:&quot;None&quot;,&quot;status_str&quot;:&quot;Connected&quot;}],&quot;error&quot;:&quot;None&quot;,&quot;con_stat&quot;:&quot;Disconnected&quot;,&quot;bitrate&quot;:5616896,&quot;dest&quot;:&quot;bonded/bonded28&quot;},{&quot;mip&quot;:&quot;4000.ts&quot;,&quot;port&quot;:0,&quot;ip&quot;:&quot;file&quot;,&quot;in_name&quot;:&quot;bond&quot;,&quot;in_active&quot;:1,&quot;in_active_sources&quot;:0,&quot;prg_name&quot;:&quot;&quot;,&quot;prg_prov&quot;:&quot;&quot;,&quot;prg_num&quot;:-1,&quot;chan&quot;:&quot;&quot;,&quot;chan_id&quot;:-1,&quot;id&quot;:&quot;zixi://bonded(bonded25)#10.7.0.66:2088@10.7.0.65,192.168.60.66:2088@192.168.50.65,192.168.5.166:2088@192.168.5.165&quot;,&quot;type&quot;:2,&quot;name&quot;:&quot;bond25&quot;,&quot;asi&quot;:0,&quot;rtmp&quot;:0,&quot;file&quot;:1,&quot;active&quot;:1,&quot;group&quot;:&quot;&quot;,&quot;bonded&quot;:[{&quot;host&quot;:&quot;10.7.0.66&quot;,&quot;port&quot;:2088,&quot;nic&quot;:&quot;10.7.0.65&quot;,&quot;limit&quot;:0,&quot;is_backup&quot;:0,&quot;bitrate&quot;:1002208,&quot;up_time&quot;:185,&quot;error_code&quot;:0,&quot;status_code&quot;:3,&quot;error_str&quot;:&quot;None&quot;,&quot;status_str&quot;:&quot;Connected&quot;},{&quot;host&quot;:&quot;192.168.60.66&quot;,&quot;port&quot;:2088,&quot;nic&quot;:&quot;192.168.50.65&quot;,&quot;limit&quot;:0,&quot;is_backup&quot;:0,&quot;bitrate&quot;:0,&quot;up_time&quot;:0,&quot;error_code&quot;:3,&quot;status_code&quot;:1,&quot;error_str&quot;:&quot;Timeout&quot;,&quot;status_str&quot;:&quot;Connecting&quot;},{&quot;host&quot;:&quot;192.168.5.166&quot;,&quot;port&quot;:2088,&quot;nic&quot;:&quot;192.168.5.165&quot;,&quot;limit&quot;:0,&quot;is_backup&quot;:0,&quot;bitrate&quot;:3727721,&quot;up_time&quot;:1,&quot;error_code&quot;:0,&quot;status_code&quot;:3,&quot;error_str&quot;:&quot;None&quot;,&quot;status_str&quot;:&quot;Connected&quot;}],&quot;error&quot;:&quot;None&quot;,&quot;con_stat&quot;:&quot;Disconnected&quot;,&quot;bitrate&quot;:3843088,&quot;dest&quot;:&quot;bonded/bonded25&quot;}]}
Debug printing ------&gt;&gt;&gt; {&quot;custom_data&quot;:&quot;&quot;,&quot;msg&quot;:&quot;Output deleted.&quot;,&quot;error&quot;:&quot;&quot;,&quot;outs&quot;:[{&quot;mip&quot;:&quot;live_recording.ts&quot;,&quot;port&quot;:0,&quot;ip&quot;:&quot;file&quot;,&quot;in_name&quot;:&quot;feederoutputname&quot;,&quot;in_active&quot;:1,&quot;in_active_sources&quot;:0,&quot;prg_name&quot;:&quot;&quot;,&quot;prg_prov&quot;:&quot;&quot;,&quot;prg_num&quot;:1,&quot;chan&quot;:&quot;&quot;,&quot;chan_id&quot;:-1,&quot;id&quot;:&quot;zixi://10.7.0.66:2088/feederout&quot;,&quot;type&quot;:2,&quot;name&quot;:&quot;feederoutputname&quot;,&quot;asi&quot;:0,&quot;rtmp&quot;:0,&quot;file&quot;:1,&quot;active&quot;:1,&quot;group&quot;:&quot;&quot;,&quot;error&quot;:&quot;None&quot;,&quot;con_stat&quot;:&quot;Disconnected&quot;,&quot;bitrate&quot;:0,&quot;dest&quot;:&quot;10.7.0.66:2088/feederout&quot;},{&quot;mip&quot;:&quot;4000.ts&quot;,&quot;port&quot;:0,&quot;ip&quot;:&quot;file&quot;,&quot;in_name&quot;:&quot;bond&quot;,&quot;in_active&quot;:1,&quot;in_active_sources&quot;:0,&quot;prg_name&quot;:&quot;&quot;,&quot;prg_prov&quot;:&quot;&quot;,&quot;prg_num&quot;:-1,&quot;chan&quot;:&quot;&quot;,&quot;chan_id&quot;:-1,&quot;id&quot;:&quot;zixi://bonded(bonded31)#10.7.0.66:2088@10.7.0.65,192.168.60.66:2088@192.168.50.65,192.168.5.166:2088@192.168.5.165&quot;,&quot;type&quot;:2,&quot;name&quot;:&quot;bond31&quot;,&quot;asi&quot;:0,&quot;rtmp&quot;:0,&quot;file&quot;:1,&quot;active&quot;:1,&quot;group&quot;:&quot;&quot;,&quot;bonded&quot;:[],&quot;error&quot;:&quot;Authentication&quot;,&quot;con_stat&quot;:&quot;Disconnected&quot;,&quot;bitrate&quot;:0,&quot;dest&quot;:&quot;bonded/bonded31&quot;},{&quot;mip&quot;:&quot;4000.ts&quot;,&quot;port&quot;:0,&quot;ip&quot;:&quot;file&quot;,&quot;in_name&quot;:&quot;bond&quot;,&quot;in_active&quot;:1,&quot;in_active_sources&quot;:0,&quot;prg_name&quot;:&quot;&quot;,&quot;prg_prov&quot;:&quot;&quot;,&quot;prg_num&quot;:-1,&quot;chan&quot;:&quot;&quot;,&quot;chan_id&quot;:-1,&quot;id&quot;:&quot;zixi://bonded(bonded18)#10.7.0.66:2088@10.7.0.65,192.168.60.66:2088@192.168.50.65,192.168.5.166:2088@192.168.5.165&quot;,&quot;type&quot;:2,&quot;name&quot;:&quot;bond18&quot;,&quot;asi&quot;:0,&quot;rtmp&quot;:0,&quot;file&quot;:1,&quot;active&quot;:1,&quot;group&quot;:&quot;&quot;,&quot;bonded&quot;:[],&quot;error&quot;:&quot;Timeout&quot;,&quot;con_stat&quot;:&quot;Connecting&quot;,&quot;bitrate&quot;:0,&quot;dest&quot;:&quot;bonded/bonded18&quot;},{&quot;mip&quot;:&quot;4000.ts&quot;,&quot;port&quot;:0,&quot;ip&quot;:&quot;file&quot;,&quot;in_name&quot;:&quot;bond&quot;,&quot;in_active&quot;:1,&quot;in_active_sources&quot;:0,&quot;prg_name&quot;:&quot;&quot;,&quot;prg_prov&quot;:&quot;&quot;,&quot;prg_num&quot;:-1,&quot;chan&quot;:&quot;&quot;,&quot;chan_id&quot;:-1,&quot;id&quot;:&quot;zixi://bonded(bonded29)#10.7.0.66:2088@10.7.0.65,192.168.60.66:2088@192.168.50.65,192.168.5.166:2088@192.168.5.165&quot;,&quot;type&quot;:2,&quot;name&quot;:&quot;bond29&quot;,&quot;asi&quot;:0,&quot;rtmp&quot;:0,&quot;file&quot;:1,&quot;active&quot;:1,&quot;group&quot;:&quot;&quot;,&quot;bonded&quot;:[{&quot;host&quot;:&quot;10.7.0.66&quot;,&quot;port&quot;:2088,&quot;nic&quot;:&quot;10.7.0.65&quot;,&quot;limit&quot;:0,&quot;is_backup&quot;:0,&quot;bitrate&quot;:996300,&quot;up_time&quot;:194,&quot;error_code&quot;:0,&quot;status_code&quot;:3,&quot;error_str&quot;:&quot;None&quot;,&quot;status_str&quot;:&quot;Connected&quot;},{&quot;host&quot;:&quot;192.168.60.66&quot;,&quot;port&quot;:2088,&quot;nic&quot;:&quot;192.168.50.65&quot;,&quot;limit&quot;:0,&quot;is_backup&quot;:0,&quot;bitrate&quot;:0,&quot;up_time&quot;:0,&quot;error_code&quot;:3,&quot;status_code&quot;:1,&quot;error_str&quot;:&quot;Timeout&quot;,&quot;status_str&quot;:&quot;Connecting&quot;},{&quot;host&quot;:&quot;192.168.5.166&quot;,&quot;port&quot;:2088,&quot;nic&quot;:&quot;192.168.5.165&quot;,&quot;limit&quot;:0,&quot;is_backup&quot;:0,&quot;bitrate&quot;:3179325,&quot;up_time&quot;:183,&quot;error_code&quot;:0,&quot;status_code&quot;:3,&quot;error_str&quot;:&quot;None&quot;,&quot;status_str&quot;:&quot;Connected&quot;}],&quot;error&quot;:&quot;None&quot;,&quot;con_stat&quot;:&quot;Disconnected&quot;,&quot;bitrate&quot;:4106829,&quot;dest&quot;:&quot;bonded/bonded29&quot;},{&quot;mip&quot;:&quot;4000.ts&quot;,&quot;port&quot;:0,&quot;ip&quot;:&quot;file&quot;,&quot;in_name&quot;:&quot;bond&quot;,&quot;in_active&quot;:1,&quot;in_active_sources&quot;:0,&quot;prg_name&quot;:&quot;&quot;,&quot;prg_prov&quot;:&quot;&quot;,&quot;prg_num&quot;:-1,&quot;chan&quot;:&quot;&quot;,&quot;chan_id&quot;:-1,&quot;id&quot;:&quot;zixi://bonded(bonded30)#10.7.0.66:2088@10.7.0.65,192.168.60.66:2088@192.168.50.65,192.168.5.166:2088@192.168.5.165&quot;,&quot;type&quot;:2,&quot;name&quot;:&quot;bond30&quot;,&quot;asi&quot;:0,&quot;rtmp&quot;:0,&quot;file&quot;:1,&quot;active&quot;:1,&quot;group&quot;:&quot;&quot;,&quot;bonded&quot;:[],&quot;error&quot;:&quot;Authentication&quot;,&quot;con_stat&quot;:&quot;Disconnected&quot;,&quot;bitrate&quot;:0,&quot;dest&quot;:&quot;bonded/bonded30&quot;},{&quot;mip&quot;:&quot;4000.ts&quot;,&quot;port&quot;:0,&quot;ip&quot;:&quot;file&quot;,&quot;in_name&quot;:&quot;bond&quot;,&quot;in_active&quot;:1,&quot;in_active_sources&quot;:0,&quot;prg_name&quot;:&quot;&quot;,&quot;prg_prov&quot;:&quot;&quot;,&quot;prg_num&quot;:-1,&quot;chan&quot;:&quot;&quot;,&quot;chan_id&quot;:-1,&quot;id&quot;:&quot;zixi://bonded(bonded26)#10.7.0.66:2088@10.7.0.65,192.168.60.66:2088@192.168.50.65,192.168.5.166:2088@192.168.5.165&quot;,&quot;type&quot;:2,&quot;name&quot;:&quot;bond26&quot;,&quot;asi&quot;:0,&quot;rtmp&quot;:0,&quot;file&quot;:1,&quot;active&quot;:1,&quot;group&quot;:&quot;&quot;,&quot;bonded&quot;:[],&quot;error&quot;:&quot;Timeout&quot;,&quot;con_stat&quot;:&quot;Connecting&quot;,&quot;bitrate&quot;:0,&quot;dest&quot;:&quot;bonded/bonded26&quot;},{&quot;mip&quot;:&quot;4000.ts&quot;,&quot;port&quot;:0,&quot;ip&quot;:&quot;file&quot;,&quot;in_name&quot;:&quot;bond&quot;,&quot;in_active&quot;:1,&quot;in_active_sources&quot;:0,&quot;prg_name&quot;:&quot;&quot;,&quot;prg_prov&quot;:&quot;&quot;,&quot;prg_num&quot;:-1,&quot;chan&quot;:&quot;&quot;,&quot;chan_id&quot;:-1,&quot;id&quot;:&quot;zixi://bonded(bonded22)#10.7.0.66:2088@10.7.0.65,192.168.60.66:2088@192.168.50.65,192.168.5.166:2088@192.168.5.165&quot;,&quot;type&quot;:2,&quot;name&quot;:&quot;bond22&quot;,&quot;asi&quot;:0,&quot;rtmp&quot;:0,&quot;file&quot;:1,&quot;active&quot;:1,&quot;group&quot;:&quot;&quot;,&quot;bonded&quot;:[],&quot;error&quot;:&quot;Timeout&quot;,&quot;con_stat&quot;:&quot;Connecting&quot;,&quot;bitrate&quot;:0,&quot;dest&quot;:&quot;bonded/bonded22&quot;},{&quot;mip&quot;:&quot;4000.ts&quot;,&quot;port&quot;:0,&quot;ip&quot;:&quot;file&quot;,&quot;in_name&quot;:&quot;bond&quot;,&quot;in_active&quot;:1,&quot;in_active_sources&quot;:0,&quot;prg_name&quot;:&quot;&quot;,&quot;prg_prov&quot;:&quot;&quot;,&quot;prg_num&quot;:-1,&quot;chan&quot;:&quot;&quot;,&quot;chan_id&quot;:-1,&quot;id&quot;:&quot;zixi://bonded(bonded35)#10.7.0.66:2088@10.7.0.65,192.168.60.66:2088@192.168.50.65,192.168.5.166:2088@192.168.5.165&quot;,&quot;type&quot;:2,&quot;name&quot;:&quot;bond35&quot;,&quot;asi&quot;:0,&quot;rtmp&quot;:0,&quot;file&quot;:1,&quot;active&quot;:1,&quot;group&quot;:&quot;&quot;,&quot;bonded&quot;:[{&quot;host&quot;:&quot;10.7.0.66&quot;,&quot;port&quot;:2088,&quot;nic&quot;:&quot;10.7.0.65&quot;,&quot;limit&quot;:0,&quot;is_backup&quot;:0,&quot;bitrate&quot;:1007775,&quot;up_time&quot;:170,&quot;error_code&quot;:0,&quot;status_code&quot;:3,&quot;error_str&quot;:&quot;None&quot;,&quot;status_str&quot;:&quot;Connected&quot;},{&quot;host&quot;:&quot;192.168.60.66&quot;,&quot;port&quot;:2088,&quot;nic&quot;:&quot;192.168.50.65&quot;,&quot;limit&quot;:0,&quot;is_backup&quot;:0,&quot;bitrate&quot;:0,&quot;up_time&quot;:0,&quot;error_code&quot;:3,&quot;status_code&quot;:1,&quot;error_str&quot;:&quot;Timeout&quot;,&quot;status_str&quot;:&quot;Connecting&quot;},{&quot;host&quot;:&quot;192.168.5.166&quot;,&quot;port&quot;:2088,&quot;nic&quot;:&quot;192.168.5.165&quot;,&quot;limit&quot;:0,&quot;is_backup&quot;:0,&quot;bitrate&quot;:3185835,&quot;up_time&quot;:241,&quot;error_code&quot;:0,&quot;status_code&quot;:3,&quot;error_str&quot;:&quot;None&quot;,&quot;status_str&quot;:&quot;Connected&quot;}],&quot;error&quot;:&quot;None&quot;,&quot;con_stat&quot;:&quot;Disconnected&quot;,&quot;bitrate&quot;:4121152,&quot;dest&quot;:&quot;bonded/bonded35&quot;},{&quot;mip&quot;:&quot;4000.ts&quot;,&quot;port&quot;:0,&quot;ip&quot;:&quot;file&quot;,&quot;in_name&quot;:&quot;bond&quot;,&quot;in_active&quot;:1,&quot;in_active_sources&quot;:0,&quot;prg_name&quot;:&quot;&quot;,&quot;prg_prov&quot;:&quot;&quot;,&quot;prg_num&quot;:-1,&quot;chan&quot;:&quot;&quot;,&quot;chan_id&quot;:-1,&quot;id&quot;:&quot;zixi://bonded(bonded33)#10.7.0.66:2088@10.7.0.65,192.168.60.66:2088@192.168.50.65,192.168.5.166:2088@192.168.5.165&quot;,&quot;type&quot;:2,&quot;name&quot;:&quot;bond33&quot;,&quot;asi&quot;:0,&quot;rtmp&quot;:0,&quot;file&quot;:1,&quot;active&quot;:1,&quot;group&quot;:&quot;&quot;,&quot;bonded&quot;:[],&quot;error&quot;:&quot;Authentication&quot;,&quot;con_stat&quot;:&quot;Disconnected&quot;,&quot;bitrate&quot;:0,&quot;dest&quot;:&quot;bonded/bonded33&quot;},{&quot;mip&quot;:&quot;4000.ts&quot;,&quot;port&quot;:0,&quot;ip&quot;:&quot;file&quot;,&quot;in_name&quot;:&quot;bond&quot;,&quot;in_active&quot;:1,&quot;in_active_sources&quot;:0,&quot;prg_name&quot;:&quot;&quot;,&quot;prg_prov&quot;:&quot;&quot;,&quot;prg_num&quot;:-1,&quot;chan&quot;:&quot;&quot;,&quot;chan_id&quot;:-1,&quot;id&quot;:&quot;zixi://bonded(bonded27)#10.7.0.66:2088@10.7.0.65,192.168.60.66:2088@192.168.50.65,192.168.5.166:2088@192.168.5.165&quot;,&quot;type&quot;:2,&quot;name&quot;:&quot;bond27&quot;,&quot;asi&quot;:0,&quot;rtmp&quot;:0,&quot;file&quot;:1,&quot;active&quot;:1,&quot;group&quot;:&quot;&quot;,&quot;bonded&quot;:[],&quot;error&quot;:&quot;Timeout&quot;,&quot;con_stat&quot;:&quot;Connecting&quot;,&quot;bitrate&quot;:0,&quot;dest&quot;:&quot;bonded/bonded27&quot;},{&quot;mip&quot;:&quot;4000.ts&quot;,&quot;port&quot;:0,&quot;ip&quot;:&quot;file&quot;,&quot;in_name&quot;:&quot;bond&quot;,&quot;in_active&quot;:1,&quot;in_active_sources&quot;:0,&quot;prg_name&quot;:&quot;&quot;,&quot;prg_prov&quot;:&quot;&quot;,&quot;prg_num&quot;:-1,&quot;chan&quot;:&quot;&quot;,&quot;chan_id&quot;:-1,&quot;id&quot;:&quot;zixi://bonded(bonded39)#10.7.0.66:2088@10.7.0.65,192.168.60.66:2088@192.168.50.65,192.168.5.166:2088@192.168.5.165&quot;,&quot;type&quot;:2,&quot;name&quot;:&quot;bond39&quot;,&quot;asi&quot;:0,&quot;rtmp&quot;:0,&quot;file&quot;:1,&quot;active&quot;:1,&quot;group&quot;:&quot;&quot;,&quot;bonded&quot;:[{&quot;host&quot;:&quot;10.7.0.66&quot;,&quot;port&quot;:2088,&quot;nic&quot;:&quot;10.7.0.65&quot;,&quot;limit&quot;:0,&quot;is_backup&quot;:0,&quot;bitrate&quot;:1002861,&quot;up_time&quot;:170,&quot;error_code&quot;:0,&quot;status_code&quot;:3,&quot;error_str&quot;:&quot;None&quot;,&quot;status_str&quot;:&quot;Connected&quot;},{&quot;host&quot;:&quot;192.168.60.66&quot;,&quot;port&quot;:2088,&quot;nic&quot;:&quot;192.168.50.65&quot;,&quot;limit&quot;:0,&quot;is_backup&quot;:0,&quot;bitrate&quot;:0,&quot;up_time&quot;:0,&quot;error_code&quot;:3,&quot;status_code&quot;:1,&quot;error_str&quot;:&quot;Timeout&quot;,&quot;status_str&quot;:&quot;Connecting&quot;},{&quot;host&quot;:&quot;192.168.5.166&quot;,&quot;port&quot;:2088,&quot;nic&quot;:&quot;192.168.5.165&quot;,&quot;limit&quot;:0,&quot;is_backup&quot;:0,&quot;bitrate&quot;:3072120,&quot;up_time&quot;:199,&quot;error_code&quot;:0,&quot;status_code&quot;:3,&quot;error_str&quot;:&quot;None&quot;,&quot;status_str&quot;:&quot;Connected&quot;}],&quot;error&quot;:&quot;None&quot;,&quot;con_stat&quot;:&quot;Disconnected&quot;,&quot;bitrate&quot;:4139124,&quot;dest&quot;:&quot;bonded/bonded39&quot;},{&quot;mip&quot;:&quot;4000.ts&quot;,&quot;port&quot;:0,&quot;ip&quot;:&quot;file&quot;,&quot;in_name&quot;:&quot;bond&quot;,&quot;in_active&quot;:1,&quot;in_active_sources&quot;:0,&quot;prg_name&quot;:&quot;&quot;,&quot;prg_prov&quot;:&quot;&quot;,&quot;prg_num&quot;:-1,&quot;chan&quot;:&quot;&quot;,&quot;chan_id&quot;:-1,&quot;id&quot;:&quot;zixi://bonded(bonded36)#10.7.0.66:2088@10.7.0.65,192.168.60.66:2088@192.168.50.65,192.168.5.166:2088@192.168.5.165&quot;,&quot;type&quot;:2,&quot;name&quot;:&quot;bond36&quot;,&quot;asi&quot;:0,&quot;rtmp&quot;:0,&quot;file&quot;:1,&quot;active&quot;:1,&quot;group&quot;:&quot;&quot;,&quot;bonded&quot;:[],&quot;error&quot;:&quot;Timeout&quot;,&quot;con_stat&quot;:&quot;Connecting&quot;,&quot;bitrate&quot;:0,&quot;dest&quot;:&quot;bonded/bonded36&quot;},{&quot;mip&quot;:&quot;4000.ts&quot;,&quot;port&quot;:0,&quot;ip&quot;:&quot;file&quot;,&quot;in_name&quot;:&quot;bond&quot;,&quot;in_active&quot;:1,&quot;in_active_sources&quot;:0,&quot;prg_name&quot;:&quot;&quot;,&quot;prg_prov&quot;:&quot;&quot;,&quot;prg_num&quot;:-1,&quot;chan&quot;:&quot;&quot;,&quot;chan_id&quot;:-1,&quot;id&quot;:&quot;zixi://bonded(bonded41)#10.7.0.66:2088@10.7.0.65,192.168.60.66:2088@192.168.50.65,192.168.5.166:2088@192.168.5.165&quot;,&quot;type&quot;:2,&quot;name&quot;:&quot;bond41&quot;,&quot;asi&quot;:0,&quot;rtmp&quot;:0,&quot;file&quot;:1,&quot;active&quot;:1,&quot;group&quot;:&quot;&quot;,&quot;bonded&quot;:[],&quot;error&quot;:&quot;Timeout&quot;,&quot;con_stat&quot;:&quot;Connecting&quot;,&quot;bitrate&quot;:0,&quot;dest&quot;:&quot;bonded/bonded41&quot;},{&quot;mip&quot;:&quot;4000.ts&quot;,&quot;port&quot;:0,&quot;ip&quot;:&quot;file&quot;,&quot;in_name&quot;:&quot;bond&quot;,&quot;in_active&quot;:1,&quot;in_active_sources&quot;:0,&quot;prg_name&quot;:&quot;&quot;,&quot;prg_prov&quot;:&quot;&quot;,&quot;prg_num&quot;:-1,&quot;chan&quot;:&quot;&quot;,&quot;chan_id&quot;:-1,&quot;id&quot;:&quot;zixi://bonded(bonded25)#10.7.0.66:2088@10.7.0.65,192.168.60.66:2088@192.168.50.65,192.168.5.166:2088@192.168.5.165&quot;,&quot;type&quot;:2,&quot;name&quot;:&quot;bond25&quot;,&quot;asi&quot;:0,&quot;rtmp&quot;:0,&quot;file&quot;:1,&quot;active&quot;:1,&quot;group&quot;:&quot;&quot;,&quot;bonded&quot;:[{&quot;host&quot;:&quot;10.7.0.66&quot;,&quot;port&quot;:2088,&quot;nic&quot;:&quot;10.7.0.65&quot;,&quot;limit&quot;:0,&quot;is_backup&quot;:0,&quot;bitrate&quot;:1002208,&quot;up_time&quot;:185,&quot;error_code&quot;:0,&quot;status_code&quot;:3,&quot;error_str&quot;:&quot;None&quot;,&quot;status_str&quot;:&quot;Connected&quot;},{&quot;host&quot;:&quot;192.168.60.66&quot;,&quot;port&quot;:2088,&quot;nic&quot;:&quot;192.168.50.65&quot;,&quot;limit&quot;:0,&quot;is_backup&quot;:0,&quot;bitrate&quot;:0,&quot;up_time&quot;:0,&quot;error_code&quot;:3,&quot;status_code&quot;:1,&quot;error_str&quot;:&quot;Timeout&quot;,&quot;status_str&quot;:&quot;Connecting&quot;},{&quot;host&quot;:&quot;192.168.5.166&quot;,&quot;port&quot;:2088,&quot;nic&quot;:&quot;192.168.5.165&quot;,&quot;limit&quot;:0,&quot;is_backup&quot;:0,&quot;bitrate&quot;:3727721,&quot;up_time&quot;:1,&quot;error_code&quot;:0,&quot;status_code&quot;:3,&quot;error_str&quot;:&quot;None&quot;,&quot;status_str&quot;:&quot;Connected&quot;}],&quot;error&quot;:&quot;None&quot;,&quot;con_stat&quot;:&quot;Disconnected&quot;,&quot;bitrate&quot;:3843088,&quot;dest&quot;:&quot;bonded/bonded25&quot;},{&quot;mip&quot;:&quot;4000.ts&quot;,&quot;port&quot;:0,&quot;ip&quot;:&quot;file&quot;,&quot;in_name&quot;:&quot;bond&quot;,&quot;in_active&quot;:1,&quot;in_active_sources&quot;:0,&quot;prg_name&quot;:&quot;&quot;,&quot;prg_prov&quot;:&quot;&quot;,&quot;prg_num&quot;:-1,&quot;chan&quot;:&quot;&quot;,&quot;chan_id&quot;:-1,&quot;id&quot;:&quot;zixi://bonded(bonded44)#10.7.0.66:2088@10.7.0.65,192.168.60.66:2088@192.168.50.65,192.168.5.166:2088@192.168.5.165&quot;,&quot;type&quot;:2,&quot;name&quot;:&quot;bond44&quot;,&quot;asi&quot;:0,&quot;rtmp&quot;:0,&quot;file&quot;:1,&quot;active&quot;:1,&quot;group&quot;:&quot;&quot;,&quot;bonded&quot;:[{&quot;host&quot;:&quot;10.7.0.66&quot;,&quot;port&quot;:2088,&quot;nic&quot;:&quot;10.7.0.65&quot;,&quot;limit&quot;:0,&quot;is_backup&quot;:0,&quot;bitrate&quot;:2848376,&quot;up_time&quot;:210,&quot;error_code&quot;:0,&quot;status_code&quot;:3,&quot;error_str&quot;:&quot;None&quot;,&quot;status_str&quot;:&quot;Connected&quot;},{&quot;host&quot;:&quot;192.168.60.66&quot;,&quot;port&quot;:2088,&quot;nic&quot;:&quot;192.168.50.65&quot;,&quot;limit&quot;:0,&quot;is_backup&quot;:0,&quot;bitrate&quot;:0,&quot;up_time&quot;:0,&quot;error_code&quot;:3,&quot;status_code&quot;:1,&quot;error_str&quot;:&quot;Timeout&quot;,&quot;status_str&quot;:&quot;Connecting&quot;},{&quot;host&quot;:&quot;192.168.5.166&quot;,&quot;port&quot;:2088,&quot;nic&quot;:&quot;192.168.5.165&quot;,&quot;limit&quot;:0,&quot;is_backup&quot;:0,&quot;bitrate&quot;:0,&quot;up_time&quot;:0,&quot;error_code&quot;:3,&quot;status_code&quot;:1,&quot;error_str&quot;:&quot;Timeout&quot;,&quot;status_str&quot;:&quot;Connecting&quot;}],&quot;error&quot;:&quot;None&quot;,&quot;con_stat&quot;:&quot;Disconnected&quot;,&quot;bitrate&quot;:2803460,&quot;dest&quot;:&quot;bonded/bonded44&quot;},{&quot;mip&quot;:&quot;4000.ts&quot;,&quot;port&quot;:0,&quot;ip&quot;:&quot;file&quot;,&quot;in_name&quot;:&quot;bond&quot;,&quot;in_active&quot;:1,&quot;in_active_sources&quot;:0,&quot;prg_name&quot;:&quot;&quot;,&quot;prg_prov&quot;:&quot;&quot;,&quot;prg_num&quot;:-1,&quot;chan&quot;:&quot;&quot;,&quot;chan_id&quot;:-1,&quot;id&quot;:&quot;zixi://bonded(bonded40)#10.7.0.66:2088@10.7.0.65,192.168.60.66:2088@192.168.50.65,192.168.5.166:2088@192.168.5.165&quot;,&quot;type&quot;:2,&quot;name&quot;:&quot;bond40&quot;,&quot;asi&quot;:0,&quot;rtmp&quot;:0,&quot;file&quot;:1,&quot;active&quot;:1,&quot;group&quot;:&quot;&quot;,&quot;bonded&quot;:[],&quot;error&quot;:&quot;Authentication&quot;,&quot;con_stat&quot;:&quot;Disconnected&quot;,&quot;bitrate&quot;:0,&quot;dest&quot;:&quot;bonded/bonded40&quot;},{&quot;mip&quot;:&quot;4000.ts&quot;,&quot;port&quot;:0,&quot;ip&quot;:&quot;file&quot;,&quot;in_name&quot;:&quot;bond&quot;,&quot;in_active&quot;:1,&quot;in_active_sources&quot;:0,&quot;prg_name&quot;:&quot;&quot;,&quot;prg_prov&quot;:&quot;&quot;,&quot;prg_num&quot;:-1,&quot;chan&quot;:&quot;&quot;,&quot;chan_id&quot;:-1,&quot;id&quot;:&quot;zixi://bonded(bonded46)#10.7.0.66:2088@10.7.0.65,192.168.60.66:2088@192.168.50.65,192.168.5.166:2088@192.168.5.165&quot;,&quot;type&quot;:2,&quot;name&quot;:&quot;bond46&quot;,&quot;asi&quot;:0,&quot;rtmp&quot;:0,&quot;file&quot;:1,&quot;active&quot;:1,&quot;group&quot;:&quot;&quot;,&quot;bonded&quot;:[],&quot;error&quot;:&quot;Authentication&quot;,&quot;con_stat&quot;:&quot;Disconnected&quot;,&quot;bitrate&quot;:0,&quot;dest&quot;:&quot;bonded/bonded46&quot;},{&quot;mip&quot;:&quot;4000.ts&quot;,&quot;port&quot;:0,&quot;ip&quot;:&quot;file&quot;,&quot;in_name&quot;:&quot;bond&quot;,&quot;in_active&quot;:1,&quot;in_active_sources&quot;:0,&quot;prg_name&quot;:&quot;&quot;,&quot;prg_prov&quot;:&quot;&quot;,&quot;prg_num&quot;:-1,&quot;chan&quot;:&quot;&quot;,&quot;chan_id&quot;:-1,&quot;id&quot;:&quot;zixi://bonded(bonded49)#10.7.0.66:2088@10.7.0.65,192.168.60.66:2088@192.168.50.65,192.168.5.166:2088@192.168.5.165&quot;,&quot;type&quot;:2,&quot;name&quot;:&quot;bond49&quot;,&quot;asi&quot;:0,&quot;rtmp&quot;:0,&quot;file&quot;:1,&quot;active&quot;:1,&quot;group&quot;:&quot;&quot;,&quot;bonded&quot;:[],&quot;error&quot;:&quot;Timeout&quot;,&quot;con_stat&quot;:&quot;Connecting&quot;,&quot;bitrate&quot;:0,&quot;dest&quot;:&quot;bonded/bonded49&quot;},{&quot;mip&quot;:&quot;4000.ts&quot;,&quot;port&quot;:0,&quot;ip&quot;:&quot;file&quot;,&quot;in_name&quot;:&quot;bond&quot;,&quot;in_active&quot;:1,&quot;in_active_sources&quot;:0,&quot;prg_name&quot;:&quot;&quot;,&quot;prg_prov&quot;:&quot;&quot;,&quot;prg_num&quot;:-1,&quot;chan&quot;:&quot;&quot;,&quot;chan_id&quot;:-1,&quot;id&quot;:&quot;zixi://bonded(bonded34)#10.7.0.66:2088@10.7.0.65,192.168.60.66:2088@192.168.50.65,192.168.5.166:2088@192.168.5.165&quot;,&quot;type&quot;:2,&quot;name&quot;:&quot;bond34&quot;,&quot;asi&quot;:0,&quot;rtmp&quot;:0,&quot;file&quot;:1,&quot;active&quot;:1,&quot;group&quot;:&quot;&quot;,&quot;bonded&quot;:[],&quot;error&quot;:&quot;Timeout&quot;,&quot;con_stat&quot;:&quot;Connecting&quot;,&quot;bitrate&quot;:0,&quot;dest&quot;:&quot;bonded/bonded34&quot;},{&quot;mip&quot;:&quot;4000.ts&quot;,&quot;port&quot;:0,&quot;ip&quot;:&quot;file&quot;,&quot;in_name&quot;:&quot;bond&quot;,&quot;in_active&quot;:1,&quot;in_active_sources&quot;:0,&quot;prg_name&quot;:&quot;&quot;,&quot;prg_prov&quot;:&quot;&quot;,&quot;prg_num&quot;:-1,&quot;chan&quot;:&quot;&quot;,&quot;chan_id&quot;:-1,&quot;id&quot;:&quot;zixi://bonded(bonded42)#10.7.0.66:2088@10.7.0.65,192.168.60.66:2088@192.168.50.65,192.168.5.166:2088@192.168.5.165&quot;,&quot;type&quot;:2,&quot;name&quot;:&quot;bond42&quot;,&quot;asi&quot;:0,&quot;rtmp&quot;:0,&quot;file&quot;:1,&quot;active&quot;:1,&quot;group&quot;:&quot;&quot;,&quot;bonded&quot;:[],&quot;error&quot;:&quot;Timeout&quot;,&quot;con_stat&quot;:&quot;Connecting&quot;,&quot;bitrate&quot;:0,&quot;dest&quot;:&quot;bonded/bonded42&quot;},{&quot;mip&quot;:&quot;4000.ts&quot;,&quot;port&quot;:0,&quot;ip&quot;:&quot;file&quot;,&quot;in_name&quot;:&quot;bond&quot;,&quot;in_active&quot;:1,&quot;in_active_sources&quot;:0,&quot;prg_name&quot;:&quot;&quot;,&quot;prg_prov&quot;:&quot;&quot;,&quot;prg_num&quot;:-1,&quot;chan&quot;:&quot;&quot;,&quot;chan_id&quot;:-1,&quot;id&quot;:&quot;zixi://bonded(bonded45)#10.7.0.66:2088@10.7.0.65,192.168.60.66:2088@192.168.50.65,192.168.5.166:2088@192.168.5.165&quot;,&quot;type&quot;:2,&quot;name&quot;:&quot;bond45&quot;,&quot;asi&quot;:0,&quot;rtmp&quot;:0,&quot;file&quot;:1,&quot;active&quot;:1,&quot;group&quot;:&quot;&quot;,&quot;bonded&quot;:[],&quot;error&quot;:&quot;Timeout&quot;,&quot;con_stat&quot;:&quot;Connecting&quot;,&quot;bitrate&quot;:0,&quot;dest&quot;:&quot;bonded/bonded45&quot;},{&quot;mip&quot;:&quot;4000.ts&quot;,&quot;port&quot;:0,&quot;ip&quot;:&quot;file&quot;,&quot;in_name&quot;:&quot;bond&quot;,&quot;in_active&quot;:1,&quot;in_active_sources&quot;:0,&quot;prg_name&quot;:&quot;&quot;,&quot;prg_prov&quot;:&quot;&quot;,&quot;prg_num&quot;:-1,&quot;chan&quot;:&quot;&quot;,&quot;chan_id&quot;:-1,&quot;id&quot;:&quot;zixi://bonded(bonded43)#10.7.0.66:2088@10.7.0.65,192.168.60.66:2088@192.168.50.65,192.168.5.166:2088@192.168.5.165&quot;,&quot;type&quot;:2,&quot;name&quot;:&quot;bond43&quot;,&quot;asi&quot;:0,&quot;rtmp&quot;:0,&quot;file&quot;:1,&quot;active&quot;:1,&quot;group&quot;:&quot;&quot;,&quot;bonded&quot;:[],&quot;error&quot;:&quot;Authentication&quot;,&quot;con_stat&quot;:&quot;Disconnected&quot;,&quot;bitrate&quot;:0,&quot;dest&quot;:&quot;bonded/bonded43&quot;},{&quot;mip&quot;:&quot;4000.ts&quot;,&quot;port&quot;:0,&quot;ip&quot;:&quot;file&quot;,&quot;in_name&quot;:&quot;bond&quot;,&quot;in_active&quot;:1,&quot;in_active_sources&quot;:0,&quot;prg_name&quot;:&quot;&quot;,&quot;prg_prov&quot;:&quot;&quot;,&quot;prg_num&quot;:-1,&quot;chan&quot;:&quot;&quot;,&quot;chan_id&quot;:-1,&quot;id&quot;:&quot;zixi://bonded(bonded38)#10.7.0.66:2088@10.7.0.65,192.168.60.66:2088@192.168.50.65,192.168.5.166:2088@192.168.5.165&quot;,&quot;type&quot;:2,&quot;name&quot;:&quot;bond38&quot;,&quot;asi&quot;:0,&quot;rtmp&quot;:0,&quot;file&quot;:1,&quot;active&quot;:1,&quot;group&quot;:&quot;&quot;,&quot;bonded&quot;:[],&quot;error&quot;:&quot;Timeout&quot;,&quot;con_stat&quot;:&quot;Disconnected&quot;,&quot;bitrate&quot;:0,&quot;dest&quot;:&quot;bonded/bonded38&quot;},{&quot;mip&quot;:&quot;4000.ts&quot;,&quot;port&quot;:0,&quot;ip&quot;:&quot;file&quot;,&quot;in_name&quot;:&quot;bond&quot;,&quot;in_active&quot;:1,&quot;in_active_sources&quot;:0,&quot;prg_name&quot;:&quot;&quot;,&quot;prg_prov&quot;:&quot;&quot;,&quot;prg_num&quot;:-1,&quot;chan&quot;:&quot;&quot;,&quot;chan_id&quot;:-1,&quot;id&quot;:&quot;zixi://bonded(bonded47)#10.7.0.66:2088@10.7.0.65,192.168.60.66:2088@192.168.50.65,192.168.5.166:2088@192.168.5.165&quot;,&quot;type&quot;:2,&quot;name&quot;:&quot;bond47&quot;,&quot;asi&quot;:0,&quot;rtmp&quot;:0,&quot;file&quot;:1,&quot;active&quot;:1,&quot;group&quot;:&quot;&quot;,&quot;bonded&quot;:[],&quot;error&quot;:&quot;Authentication&quot;,&quot;con_stat&quot;:&quot;Disconnected&quot;,&quot;bitrate&quot;:0,&quot;dest&quot;:&quot;bonded/bonded47&quot;},{&quot;mip&quot;:&quot;4000.ts&quot;,&quot;port&quot;:0,&quot;ip&quot;:&quot;file&quot;,&quot;in_name&quot;:&quot;bond&quot;,&quot;in_active&quot;:1,&quot;in_active_sources&quot;:0,&quot;prg_name&quot;:&quot;&quot;,&quot;prg_prov&quot;:&quot;&quot;,&quot;prg_num&quot;:-1,&quot;chan&quot;:&quot;&quot;,&quot;chan_id&quot;:-1,&quot;id&quot;:&quot;zixi://bonded(bonded48)#10.7.0.66:2088@10.7.0.65,192.168.60.66:2088@192.168.50.65,192.168.5.166:2088@192.168.5.165&quot;,&quot;type&quot;:2,&quot;name&quot;:&quot;bond48&quot;,&quot;asi&quot;:0,&quot;rtmp&quot;:0,&quot;file&quot;:1,&quot;active&quot;:1,&quot;group&quot;:&quot;&quot;,&quot;bonded&quot;:[],&quot;error&quot;:&quot;Timeout&quot;,&quot;con_stat&quot;:&quot;Connecting&quot;,&quot;bitrate&quot;:0,&quot;dest&quot;:&quot;bonded/bonded48&quot;},{&quot;mip&quot;:&quot;4000.ts&quot;,&quot;port&quot;:0,&quot;ip&quot;:&quot;file&quot;,&quot;in_name&quot;:&quot;bond&quot;,&quot;in_active&quot;:1,&quot;in_active_sources&quot;:0,&quot;prg_name&quot;:&quot;&quot;,&quot;prg_prov&quot;:&quot;&quot;,&quot;prg_num&quot;:-1,&quot;chan&quot;:&quot;&quot;,&quot;chan_id&quot;:-1,&quot;id&quot;:&quot;zixi://bonded(bonded14)#10.7.0.66:2088@10.7.0.65,192.168.60.66:2088@192.168.50.65,192.168.5.166:2088@192.168.5.165&quot;,&quot;type&quot;:2,&quot;name&quot;:&quot;bond14&quot;,&quot;asi&quot;:0,&quot;rtmp&quot;:0,&quot;file&quot;:1,&quot;active&quot;:1,&quot;group&quot;:&quot;&quot;,&quot;bonded&quot;:[],&quot;error&quot;:&quot;Timeout&quot;,&quot;con_stat&quot;:&quot;Connecting&quot;,&quot;bitrate&quot;:0,&quot;dest&quot;:&quot;bonded/bonded14&quot;},{&quot;mip&quot;:&quot;4000.ts&quot;,&quot;port&quot;:0,&quot;ip&quot;:&quot;file&quot;,&quot;in_name&quot;:&quot;bond&quot;,&quot;in_active&quot;:1,&quot;in_active_sources&quot;:0,&quot;prg_name&quot;:&quot;&quot;,&quot;prg_prov&quot;:&quot;&quot;,&quot;prg_num&quot;:-1,&quot;chan&quot;:&quot;&quot;,&quot;chan_id&quot;:-1,&quot;id&quot;:&quot;zixi://bonded(bonded6)#10.7.0.66:2088@10.7.0.65,192.168.60.66:2088@192.168.50.65,192.168.5.166:2088@192.168.5.165&quot;,&quot;type&quot;:2,&quot;name&quot;:&quot;bond6&quot;,&quot;asi&quot;:0,&quot;rtmp&quot;:0,&quot;file&quot;:1,&quot;active&quot;:1,&quot;group&quot;:&quot;&quot;,&quot;bonded&quot;:[{&quot;host&quot;:&quot;10.7.0.66&quot;,&quot;port&quot;:2088,&quot;nic&quot;:&quot;10.7.0.65&quot;,&quot;limit&quot;:0,&quot;is_backup&quot;:0,&quot;bitrate&quot;:1008937,&quot;up_time&quot;:72,&quot;error_code&quot;:0,&quot;status_code&quot;:3,&quot;error_str&quot;:&quot;None&quot;,&quot;status_str&quot;:&quot;Connected&quot;},{&quot;host&quot;:&quot;192.168.60.66&quot;,&quot;port&quot;:2088,&quot;nic&quot;:&quot;192.168.50.65&quot;,&quot;limit&quot;:0,&quot;is_backup&quot;:0,&quot;bitrate&quot;:0,&quot;up_time&quot;:0,&quot;error_code&quot;:3,&quot;status_code&quot;:1,&quot;error_str&quot;:&quot;Timeout&quot;,&quot;status_str&quot;:&quot;Connecting&quot;},{&quot;host&quot;:&quot;192.168.5.166&quot;,&quot;port&quot;:2088,&quot;nic&quot;:&quot;192.168.5.165&quot;,&quot;limit&quot;:0,&quot;is_backup&quot;:0,&quot;bitrate&quot;:3191671,&quot;up_time&quot;:313,&quot;error_code&quot;:0,&quot;status_code&quot;:3,&quot;error_str&quot;:&quot;None&quot;,&quot;status_str&quot;:&quot;Connected&quot;}],&quot;error&quot;:&quot;None&quot;,&quot;con_stat&quot;:&quot;Disconnected&quot;,&quot;bitrate&quot;:4141232,&quot;dest&quot;:&quot;bonded/bonded6&quot;},{&quot;mip&quot;:&quot;4000.ts&quot;,&quot;port&quot;:0,&quot;ip&quot;:&quot;file&quot;,&quot;in_name&quot;:&quot;bond&quot;,&quot;in_active&quot;:1,&quot;in_active_sources&quot;:0,&quot;prg_name&quot;:&quot;&quot;,&quot;prg_prov&quot;:&quot;&quot;,&quot;prg_num&quot;:-1,&quot;chan&quot;:&quot;&quot;,&quot;chan_id&quot;:-1,&quot;id&quot;:&quot;zixi://bonded(bonded2)#10.7.0.66:2088@10.7.0.65,192.168.60.66:2088@192.168.50.65,192.168.5.166:2088@192.168.5.165&quot;,&quot;type&quot;:2,&quot;name&quot;:&quot;bond2&quot;,&quot;asi&quot;:0,&quot;rtmp&quot;:0,&quot;file&quot;:1,&quot;active&quot;:1,&quot;group&quot;:&quot;&quot;,&quot;bonded&quot;:[{&quot;host&quot;:&quot;10.7.0.66&quot;,&quot;port&quot;:2088,&quot;nic&quot;:&quot;10.7.0.65&quot;,&quot;limit&quot;:0,&quot;is_backup&quot;:0,&quot;bitrate&quot;:1008649,&quot;up_time&quot;:211,&quot;error_code&quot;:0,&quot;status_code&quot;:3,&quot;error_str&quot;:&quot;None&quot;,&quot;status_str&quot;:&quot;Connected&quot;},{&quot;host&quot;:&quot;192.168.60.66&quot;,&quot;port&quot;:2088,&quot;nic&quot;:&quot;192.168.50.65&quot;,&quot;limit&quot;:0,&quot;is_backup&quot;:0,&quot;bitrate&quot;:0,&quot;up_time&quot;:0,&quot;error_code&quot;:3,&quot;status_code&quot;:1,&quot;error_str&quot;:&quot;Timeout&quot;,&quot;status_str&quot;:&quot;Connecting&quot;},{&quot;host&quot;:&quot;192.168.5.166&quot;,&quot;port&quot;:2088,&quot;nic&quot;:&quot;192.168.5.165&quot;,&quot;limit&quot;:0,&quot;is_backup&quot;:0,&quot;bitrate&quot;:3211923,&quot;up_time&quot;:258,&quot;error_code&quot;:0,&quot;status_code&quot;:3,&quot;error_str&quot;:&quot;None&quot;,&quot;status_str&quot;:&quot;Connected&quot;}],&quot;error&quot;:&quot;None&quot;,&quot;con_stat&quot;:&quot;Disconnected&quot;,&quot;bitrate&quot;:4147868,&quot;dest&quot;:&quot;bonded/bonded2&quot;},{&quot;mip&quot;:&quot;4000.ts&quot;,&quot;port&quot;:0,&quot;ip&quot;:&quot;file&quot;,&quot;in_name&quot;:&quot;bond&quot;,&quot;in_active&quot;:1,&quot;in_active_sources&quot;:0,&quot;prg_name&quot;:&quot;&quot;,&quot;prg_prov&quot;:&quot;&quot;,&quot;prg_num&quot;:-1,&quot;chan&quot;:&quot;&quot;,&quot;chan_id&quot;:-1,&quot;id&quot;:&quot;zixi://bonded(bonded1)#10.7.0.66:2088@10.7.0.65,192.168.60.66:2088@192.168.50.65,192.168.5.166:2088@192.168.5.165&quot;,&quot;type&quot;:2,&quot;name&quot;:&quot;bond1&quot;,&quot;asi&quot;:0,&quot;rtmp&quot;:0,&quot;file&quot;:1,&quot;active&quot;:1,&quot;group&quot;:&quot;&quot;,&quot;bonded&quot;:[{&quot;host&quot;:&quot;10.7.0.66&quot;,&quot;port&quot;:2088,&quot;nic&quot;:&quot;10.7.0.65&quot;,&quot;limit&quot;:0,&quot;is_backup&quot;:0,&quot;bitrate&quot;:1009531,&quot;up_time&quot;:300,&quot;error_code&quot;:0,&quot;status_code&quot;:3,&quot;error_str&quot;:&quot;None&quot;,&quot;status_str&quot;:&quot;Connected&quot;},{&quot;host&quot;:&quot;192.168.60.66&quot;,&quot;port&quot;:2088,&quot;nic&quot;:&quot;192.168.50.65&quot;,&quot;limit&quot;:0,&quot;is_backup&quot;:0,&quot;bitrate&quot;:0,&quot;up_time&quot;:0,&quot;error_code&quot;:3,&quot;status_code&quot;:1,&quot;error_str&quot;:&quot;Timeout&quot;,&quot;status_str&quot;:&quot;Connecting&quot;},{&quot;host&quot;:&quot;192.168.5.166&quot;,&quot;port&quot;:2088,&quot;nic&quot;:&quot;192.168.5.165&quot;,&quot;limit&quot;:0,&quot;is_backup&quot;:0,&quot;bitrate&quot;:4680955,&quot;up_time&quot;:268,&quot;error_code&quot;:0,&quot;status_code&quot;:3,&quot;error_str&quot;:&quot;None&quot;,&quot;status_str&quot;:&quot;Connected&quot;}],&quot;error&quot;:&quot;None&quot;,&quot;con_stat&quot;:&quot;Disconnected&quot;,&quot;bitrate&quot;:5623144,&quot;dest&quot;:&quot;bonded/bonded1&quot;},{&quot;mip&quot;:&quot;4000.ts&quot;,&quot;port&quot;:0,&quot;ip&quot;:&quot;file&quot;,&quot;in_name&quot;:&quot;bond&quot;,&quot;in_active&quot;:1,&quot;in_active_sources&quot;:0,&quot;prg_name&quot;:&quot;&quot;,&quot;prg_prov&quot;:&quot;&quot;,&quot;prg_num&quot;:-1,&quot;chan&quot;:&quot;&quot;,&quot;chan_id&quot;:-1,&quot;id&quot;:&quot;zixi://bonded(bonded4)#10.7.0.66:2088@10.7.0.65,192.168.60.66:2088@192.168.50.65,192.168.5.166:2088@192.168.5.165&quot;,&quot;type&quot;:2,&quot;name&quot;:&quot;bond4&quot;,&quot;asi&quot;:0,&quot;rtmp&quot;:0,&quot;file&quot;:1,&quot;active&quot;:1,&quot;group&quot;:&quot;&quot;,&quot;bonded&quot;:[],&quot;error&quot;:&quot;Timeout&quot;,&quot;con_stat&quot;:&quot;Connecting&quot;,&quot;bitrate&quot;:0,&quot;dest&quot;:&quot;bonded/bonded4&quot;},{&quot;mip&quot;:&quot;4000.ts&quot;,&quot;port&quot;:0,&quot;ip&quot;:&quot;file&quot;,&quot;in_name&quot;:&quot;bond&quot;,&quot;in_active&quot;:1,&quot;in_active_sources&quot;:0,&quot;prg_name&quot;:&quot;&quot;,&quot;prg_prov&quot;:&quot;&quot;,&quot;prg_num&quot;:-1,&quot;chan&quot;:&quot;&quot;,&quot;chan_id&quot;:-1,&quot;id&quot;:&quot;zixi://bonded(bonded5)#10.7.0.66:2088@10.7.0.65,192.168.60.66:2088@192.168.50.65,192.168.5.166:2088@192.168.5.165&quot;,&quot;type&quot;:2,&quot;name&quot;:&quot;bond5&quot;,&quot;asi&quot;:0,&quot;rtmp&quot;:0,&quot;file&quot;:1,&quot;active&quot;:1,&quot;group&quot;:&quot;&quot;,&quot;bonded&quot;:[{&quot;host&quot;:&quot;10.7.0.66&quot;,&quot;port&quot;:2088,&quot;nic&quot;:&quot;10.7.0.65&quot;,&quot;limit&quot;:0,&quot;is_backup&quot;:0,&quot;bitrate&quot;:1010819,&quot;up_time&quot;:305,&quot;error_code&quot;:0,&quot;status_code&quot;:3,&quot;error_str&quot;:&quot;None&quot;,&quot;status_str&quot;:&quot;Connected&quot;},{&quot;host&quot;:&quot;192.168.60.66&quot;,&quot;port&quot;:2088,&quot;nic&quot;:&quot;192.168.50.65&quot;,&quot;limit&quot;:0,&quot;is_backup&quot;:0,&quot;bitrate&quot;:0,&quot;up_time&quot;:0,&quot;error_code&quot;:3,&quot;status_code&quot;:1,&quot;error_str&quot;:&quot;Timeout&quot;,&quot;status_str&quot;:&quot;Connecting&quot;},{&quot;host&quot;:&quot;192.168.5.166&quot;,&quot;port&quot;:2088,&quot;nic&quot;:&quot;192.168.5.165&quot;,&quot;limit&quot;:0,&quot;is_backup&quot;:0,&quot;bitrate&quot;:3182468,&quot;up_time&quot;:273,&quot;error_code&quot;:0,&quot;status_code&quot;:3,&quot;error_str&quot;:&quot;None&quot;,&quot;status_str&quot;:&quot;Connected&quot;}],&quot;error&quot;:&quot;None&quot;,&quot;con_stat&quot;:&quot;Disconnected&quot;,&quot;bitrate&quot;:4128175,&quot;dest&quot;:&quot;bonded/bonded5&quot;},{&quot;mip&quot;:&quot;4000.ts&quot;,&quot;port&quot;:0,&quot;ip&quot;:&quot;file&quot;,&quot;in_name&quot;:&quot;bond&quot;,&quot;in_active&quot;:1,&quot;in_active_sources&quot;:0,&quot;prg_name&quot;:&quot;&quot;,&quot;prg_prov&quot;:&quot;&quot;,&quot;prg_num&quot;:-1,&quot;chan&quot;:&quot;&quot;,&quot;chan_id&quot;:-1,&quot;id&quot;:&quot;zixi://bonded(bonded9)#10.7.0.66:2088@10.7.0.65,192.168.60.66:2088@192.168.50.65,192.168.5.166:2088@192.168.5.165&quot;,&quot;type&quot;:2,&quot;name&quot;:&quot;bond9&quot;,&quot;asi&quot;:0,&quot;rtmp&quot;:0,&quot;file&quot;:1,&quot;active&quot;:1,&quot;group&quot;:&quot;&quot;,&quot;bonded&quot;:[{&quot;host&quot;:&quot;10.7.0.66&quot;,&quot;port&quot;:2088,&quot;nic&quot;:&quot;10.7.0.65&quot;,&quot;limit&quot;:0,&quot;is_backup&quot;:0,&quot;bitrate&quot;:999325,&quot;up_time&quot;:173,&quot;error_code&quot;:0,&quot;status_code&quot;:3,&quot;error_str&quot;:&quot;None&quot;,&quot;status_str&quot;:&quot;Connected&quot;},{&quot;host&quot;:&quot;192.168.60.66&quot;,&quot;port&quot;:2088,&quot;nic&quot;:&quot;192.168.50.65&quot;,&quot;limit&quot;:0,&quot;is_backup&quot;:0,&quot;bitrate&quot;:0,&quot;up_time&quot;:0,&quot;error_code&quot;:3,&quot;status_code&quot;:1,&quot;error_str&quot;:&quot;Timeout&quot;,&quot;status_str&quot;:&quot;Connecting&quot;},{&quot;host&quot;:&quot;192.168.5.166&quot;,&quot;port&quot;:2088,&quot;nic&quot;:&quot;192.168.5.165&quot;,&quot;limit&quot;:0,&quot;is_backup&quot;:0,&quot;bitrate&quot;:3238598,&quot;up_time&quot;:91,&quot;error_code&quot;:0,&quot;status_code&quot;:3,&quot;error_str&quot;:&quot;None&quot;,&quot;status_str&quot;:&quot;Connected&quot;}],&quot;error&quot;:&quot;None&quot;,&quot;con_stat&quot;:&quot;Disconnected&quot;,&quot;bitrate&quot;:4161776,&quot;dest&quot;:&quot;bonded/bonded9&quot;},{&quot;mip&quot;:&quot;4000.ts&quot;,&quot;port&quot;:0,&quot;ip&quot;:&quot;file&quot;,&quot;in_name&quot;:&quot;bond&quot;,&quot;in_active&quot;:1,&quot;in_active_sources&quot;:0,&quot;prg_name&quot;:&quot;&quot;,&quot;prg_prov&quot;:&quot;&quot;,&quot;prg_num&quot;:-1,&quot;chan&quot;:&quot;&quot;,&quot;chan_id&quot;:-1,&quot;id&quot;:&quot;zixi://bonded(bonded12)#10.7.0.66:2088@10.7.0.65,192.168.60.66:2088@192.168.50.65,192.168.5.166:2088@192.168.5.165&quot;,&quot;type&quot;:2,&quot;name&quot;:&quot;bond12&quot;,&quot;asi&quot;:0,&quot;rtmp&quot;:0,&quot;file&quot;:1,&quot;active&quot;:1,&quot;group&quot;:&quot;&quot;,&quot;bonded&quot;:[{&quot;host&quot;:&quot;10.7.0.66&quot;,&quot;port&quot;:2088,&quot;nic&quot;:&quot;10.7.0.65&quot;,&quot;limit&quot;:0,&quot;is_backup&quot;:0,&quot;bitrate&quot;:1007975,&quot;up_time&quot;:167,&quot;error_code&quot;:0,&quot;status_code&quot;:3,&quot;error_str&quot;:&quot;None&quot;,&quot;status_str&quot;:&quot;Connected&quot;},{&quot;host&quot;:&quot;192.168.60.66&quot;,&quot;port&quot;:2088,&quot;nic&quot;:&quot;192.168.50.65&quot;,&quot;limit&quot;:0,&quot;is_backup&quot;:0,&quot;bitrate&quot;:0,&quot;up_time&quot;:0,&quot;error_code&quot;:3,&quot;status_code&quot;:1,&quot;error_str&quot;:&quot;Timeout&quot;,&quot;status_str&quot;:&quot;Connecting&quot;},{&quot;host&quot;:&quot;192.168.5.166&quot;,&quot;port&quot;:2088,&quot;nic&quot;:&quot;192.168.5.165&quot;,&quot;limit&quot;:0,&quot;is_backup&quot;:0,&quot;bitrate&quot;:3217247,&quot;up_time&quot;:81,&quot;error_code&quot;:0,&quot;status_code&quot;:3,&quot;error_str&quot;:&quot;None&quot;,&quot;status_str&quot;:&quot;Connected&quot;}],&quot;error&quot;:&quot;None&quot;,&quot;con_stat&quot;:&quot;Disconnected&quot;,&quot;bitrate&quot;:4151504,&quot;dest&quot;:&quot;bonded/bonded12&quot;},{&quot;mip&quot;:&quot;4000.ts&quot;,&quot;port&quot;:0,&quot;ip&quot;:&quot;file&quot;,&quot;in_name&quot;:&quot;bond&quot;,&quot;in_active&quot;:1,&quot;in_active_sources&quot;:0,&quot;prg_name&quot;:&quot;&quot;,&quot;prg_prov&quot;:&quot;&quot;,&quot;prg_num&quot;:-1,&quot;chan&quot;:&quot;&quot;,&quot;chan_id&quot;:-1,&quot;id&quot;:&quot;zixi://bonded(bonded10)#10.7.0.66:2088@10.7.0.65,192.168.60.66:2088@192.168.50.65,192.168.5.166:2088@192.168.5.165&quot;,&quot;type&quot;:2,&quot;name&quot;:&quot;bond10&quot;,&quot;asi&quot;:0,&quot;rtmp&quot;:0,&quot;file&quot;:1,&quot;active&quot;:1,&quot;group&quot;:&quot;&quot;,&quot;bonded&quot;:[],&quot;error&quot;:&quot;Authentication&quot;,&quot;con_stat&quot;:&quot;Disconnected&quot;,&quot;bitrate&quot;:0,&quot;dest&quot;:&quot;bonded/bonded10&quot;},{&quot;mip&quot;:&quot;4000.ts&quot;,&quot;port&quot;:0,&quot;ip&quot;:&quot;file&quot;,&quot;in_name&quot;:&quot;bond&quot;,&quot;in_active&quot;:1,&quot;in_active_sources&quot;:0,&quot;prg_name&quot;:&quot;&quot;,&quot;prg_prov&quot;:&quot;&quot;,&quot;prg_num&quot;:-1,&quot;chan&quot;:&quot;&quot;,&quot;chan_id&quot;:-1,&quot;id&quot;:&quot;zixi://bonded(bonded13)#10.7.0.66:2088@10.7.0.65,192.168.60.66:2088@192.168.50.65,192.168.5.166:2088@192.168.5.165&quot;,&quot;type&quot;:2,&quot;name&quot;:&quot;bond13&quot;,&quot;asi&quot;:0,&quot;rtmp&quot;:0,&quot;file&quot;:1,&quot;active&quot;:1,&quot;group&quot;:&quot;&quot;,&quot;bonded&quot;:[{&quot;host&quot;:&quot;10.7.0.66&quot;,&quot;port&quot;:2088,&quot;nic&quot;:&quot;10.7.0.65&quot;,&quot;limit&quot;:0,&quot;is_backup&quot;:0,&quot;bitrate&quot;:1002730,&quot;up_time&quot;:169,&quot;error_code&quot;:0,&quot;status_code&quot;:3,&quot;error_str&quot;:&quot;None&quot;,&quot;status_str&quot;:&quot;Connected&quot;},{&quot;host&quot;:&quot;192.168.60.66&quot;,&quot;port&quot;:2088,&quot;nic&quot;:&quot;192.168.50.65&quot;,&quot;limit&quot;:0,&quot;is_backup&quot;:0,&quot;bitrate&quot;:0,&quot;up_time&quot;:0,&quot;error_code&quot;:3,&quot;status_code&quot;:1,&quot;error_str&quot;:&quot;Timeout&quot;,&quot;status_str&quot;:&quot;Connecting&quot;},{&quot;host&quot;:&quot;192.168.5.166&quot;,&quot;port&quot;:2088,&quot;nic&quot;:&quot;192.168.5.165&quot;,&quot;limit&quot;:0,&quot;is_backup&quot;:0,&quot;bitrate&quot;:3200561,&quot;up_time&quot;:312,&quot;error_code&quot;:0,&quot;status_code&quot;:3,&quot;error_str&quot;:&quot;None&quot;,&quot;status_str&quot;:&quot;Connected&quot;}],&quot;error&quot;:&quot;None&quot;,&quot;con_stat&quot;:&quot;Disconnected&quot;,&quot;bitrate&quot;:4141808,&quot;dest&quot;:&quot;bonded/bonded13&quot;},{&quot;mip&quot;:&quot;4000.ts&quot;,&quot;port&quot;:0,&quot;ip&quot;:&quot;file&quot;,&quot;in_name&quot;:&quot;bond&quot;,&quot;in_active&quot;:1,&quot;in_active_sources&quot;:0,&quot;prg_name&quot;:&quot;&quot;,&quot;prg_prov&quot;:&quot;&quot;,&quot;prg_num&quot;:-1,&quot;chan&quot;:&quot;&quot;,&quot;chan_id&quot;:-1,&quot;id&quot;:&quot;zixi://bonded(bonded11)#10.7.0.66:2088@10.7.0.65,192.168.60.66:2088@192.168.50.65,192.168.5.166:2088@192.168.5.165&quot;,&quot;type&quot;:2,&quot;name&quot;:&quot;bond11&quot;,&quot;asi&quot;:0,&quot;rtmp&quot;:0,&quot;file&quot;:1,&quot;active&quot;:1,&quot;group&quot;:&quot;&quot;,&quot;bonded&quot;:[{&quot;host&quot;:&quot;10.7.0.66&quot;,&quot;port&quot;:2088,&quot;nic&quot;:&quot;10.7.0.65&quot;,&quot;limit&quot;:0,&quot;is_backup&quot;:0,&quot;bitrate&quot;:993059,&quot;up_time&quot;:145,&quot;error_code&quot;:0,&quot;status_code&quot;:3,&quot;error_str&quot;:&quot;None&quot;,&quot;status_str&quot;:&quot;Connected&quot;},{&quot;host&quot;:&quot;192.168.60.66&quot;,&quot;port&quot;:2088,&quot;nic&quot;:&quot;192.168.50.65&quot;,&quot;limit&quot;:0,&quot;is_backup&quot;:0,&quot;bitrate&quot;:0,&quot;up_time&quot;:0,&quot;error_code&quot;:3,&quot;status_code&quot;:1,&quot;error_str&quot;:&quot;Timeout&quot;,&quot;status_str&quot;:&quot;Connecting&quot;},{&quot;host&quot;:&quot;192.168.5.166&quot;,&quot;port&quot;:2088,&quot;nic&quot;:&quot;192.168.5.165&quot;,&quot;limit&quot;:0,&quot;is_backup&quot;:0,&quot;bitrate&quot;:3170792,&quot;up_time&quot;:148,&quot;error_code&quot;:0,&quot;status_code&quot;:3,&quot;error_str&quot;:&quot;None&quot;,&quot;status_str&quot;:&quot;Connected&quot;}],&quot;error&quot;:&quot;None&quot;,&quot;con_stat&quot;:&quot;Disconnected&quot;,&quot;bitrate&quot;:4110920,&quot;dest&quot;:&quot;bonded/bonded11&quot;},{&quot;mip&quot;:&quot;4000.ts&quot;,&quot;port&quot;:0,&quot;ip&quot;:&quot;file&quot;,&quot;in_name&quot;:&quot;bond&quot;,&quot;in_active&quot;:1,&quot;in_active_sources&quot;:0,&quot;prg_name&quot;:&quot;&quot;,&quot;prg_prov&quot;:&quot;&quot;,&quot;prg_num&quot;:-1,&quot;chan&quot;:&quot;&quot;,&quot;chan_id&quot;:-1,&quot;id&quot;:&quot;zixi://bonded(bonded7)#10.7.0.66:2088@10.7.0.65,192.168.60.66:2088@192.168.50.65,192.168.5.166:2088@192.168.5.165&quot;,&quot;type&quot;:2,&quot;name&quot;:&quot;bond7&quot;,&quot;asi&quot;:0,&quot;rtmp&quot;:0,&quot;file&quot;:1,&quot;active&quot;:1,&quot;group&quot;:&quot;&quot;,&quot;bonded&quot;:[{&quot;host&quot;:&quot;10.7.0.66&quot;,&quot;port&quot;:2088,&quot;nic&quot;:&quot;10.7.0.65&quot;,&quot;limit&quot;:0,&quot;is_backup&quot;:0,&quot;bitrate&quot;:1008915,&quot;up_time&quot;:305,&quot;error_code&quot;:0,&quot;status_code&quot;:3,&quot;error_str&quot;:&quot;None&quot;,&quot;status_str&quot;:&quot;Connected&quot;},{&quot;host&quot;:&quot;192.168.60.66&quot;,&quot;port&quot;:2088,&quot;nic&quot;:&quot;192.168.50.65&quot;,&quot;limit&quot;:0,&quot;is_backup&quot;:0,&quot;bitrate&quot;:0,&quot;up_time&quot;:0,&quot;error_code&quot;:3,&quot;status_code&quot;:1,&quot;error_str&quot;:&quot;Timeout&quot;,&quot;status_str&quot;:&quot;Connecting&quot;},{&quot;host&quot;:&quot;192.168.5.166&quot;,&quot;port&quot;:2088,&quot;nic&quot;:&quot;192.168.5.165&quot;,&quot;limit&quot;:0,&quot;is_backup&quot;:0,&quot;bitrate&quot;:3182777,&quot;up_time&quot;:263,&quot;error_code&quot;:0,&quot;status_code&quot;:3,&quot;error_str&quot;:&quot;None&quot;,&quot;status_str&quot;:&quot;Connected&quot;}],&quot;error&quot;:&quot;None&quot;,&quot;con_stat&quot;:&quot;Disconnected&quot;,&quot;bitrate&quot;:4121424,&quot;dest&quot;:&quot;bonded/bonded7&quot;},{&quot;mip&quot;:&quot;4000.ts&quot;,&quot;port&quot;:0,&quot;ip&quot;:&quot;file&quot;,&quot;in_name&quot;:&quot;bond&quot;,&quot;in_active&quot;:1,&quot;in_active_sources&quot;:0,&quot;prg_name&quot;:&quot;&quot;,&quot;prg_prov&quot;:&quot;&quot;,&quot;prg_num&quot;:-1,&quot;chan&quot;:&quot;&quot;,&quot;chan_id&quot;:-1,&quot;id&quot;:&quot;zixi://bonded(bonded3)#10.7.0.66:2088@10.7.0.65,192.168.60.66:2088@192.168.50.65,192.168.5.166:2088@192.168.5.165&quot;,&quot;type&quot;:2,&quot;name&quot;:&quot;bond3&quot;,&quot;asi&quot;:0,&quot;rtmp&quot;:0,&quot;file&quot;:1,&quot;active&quot;:1,&quot;group&quot;:&quot;&quot;,&quot;bonded&quot;:[{&quot;host&quot;:&quot;10.7.0.66&quot;,&quot;port&quot;:2088,&quot;nic&quot;:&quot;10.7.0.65&quot;,&quot;limit&quot;:0,&quot;is_backup&quot;:0,&quot;bitrate&quot;:1003630,&quot;up_time&quot;:146,&quot;error_code&quot;:0,&quot;status_code&quot;:3,&quot;error_str&quot;:&quot;None&quot;,&quot;status_str&quot;:&quot;Connected&quot;},{&quot;host&quot;:&quot;192.168.60.66&quot;,&quot;port&quot;:2088,&quot;nic&quot;:&quot;192.168.50.65&quot;,&quot;limit&quot;:0,&quot;is_backup&quot;:0,&quot;bitrate&quot;:0,&quot;up_time&quot;:0,&quot;error_code&quot;:3,&quot;status_code&quot;:1,&quot;error_str&quot;:&quot;Timeout&quot;,&quot;status_str&quot;:&quot;Connecting&quot;},{&quot;host&quot;:&quot;192.168.5.166&quot;,&quot;port&quot;:2088,&quot;nic&quot;:&quot;192.168.5.165&quot;,&quot;limit&quot;:0,&quot;is_backup&quot;:0,&quot;bitrate&quot;:3198649,&quot;up_time&quot;:30,&quot;error_code&quot;:0,&quot;status_code&quot;:3,&quot;error_str&quot;:&quot;None&quot;,&quot;status_str&quot;:&quot;Connected&quot;}],&quot;error&quot;:&quot;None&quot;,&quot;con_stat&quot;:&quot;Disconnected&quot;,&quot;bitrate&quot;:4131856,&quot;dest&quot;:&quot;bonded/bonded3&quot;},{&quot;mip&quot;:&quot;4000.ts&quot;,&quot;port&quot;:0,&quot;ip&quot;:&quot;file&quot;,&quot;in_name&quot;:&quot;bond&quot;,&quot;in_active&quot;:1,&quot;in_active_sources&quot;:0,&quot;prg_name&quot;:&quot;&quot;,&quot;prg_prov&quot;:&quot;&quot;,&quot;prg_num&quot;:-1,&quot;chan&quot;:&quot;&quot;,&quot;chan_id&quot;:-1,&quot;id&quot;:&quot;zixi://bonded(bonded0)#10.7.0.66:2088@10.7.0.65,192.168.60.66:2088@192.168.50.65,192.168.5.166:2088@192.168.5.165&quot;,&quot;type&quot;:2,&quot;name&quot;:&quot;bond0&quot;,&quot;asi&quot;:0,&quot;rtmp&quot;:0,&quot;file&quot;:1,&quot;active&quot;:1,&quot;group&quot;:&quot;&quot;,&quot;bonded&quot;:[{&quot;host&quot;:&quot;10.7.0.66&quot;,&quot;port&quot;:2088,&quot;nic&quot;:&quot;10.7.0.65&quot;,&quot;limit&quot;:0,&quot;is_backup&quot;:0,&quot;bitrate&quot;:1009531,&quot;up_time&quot;:327,&quot;error_code&quot;:0,&quot;status_code&quot;:3,&quot;error_str&quot;:&quot;None&quot;,&quot;status_str&quot;:&quot;Connected&quot;},{&quot;host&quot;:&quot;192.168.60.66&quot;,&quot;port&quot;:2088,&quot;nic&quot;:&quot;192.168.50.65&quot;,&quot;limit&quot;:0,&quot;is_backup&quot;:0,&quot;bitrate&quot;:0,&quot;up_time&quot;:0,&quot;error_code&quot;:3,&quot;status_code&quot;:1,&quot;error_str&quot;:&quot;Timeout&quot;,&quot;status_str&quot;:&quot;Connecting&quot;},{&quot;host&quot;:&quot;192.168.5.166&quot;,&quot;port&quot;:2088,&quot;nic&quot;:&quot;192.168.5.165&quot;,&quot;limit&quot;:0,&quot;is_backup&quot;:0,&quot;bitrate&quot;:4686094,&quot;up_time&quot;:278,&quot;error_code&quot;:0,&quot;status_code&quot;:3,&quot;error_str&quot;:&quot;None&quot;,&quot;status_str&quot;:&quot;Connected&quot;}],&quot;error&quot;:&quot;None&quot;,&quot;con_stat&quot;:&quot;Disconnected&quot;,&quot;bitrate&quot;:5623576,&quot;dest&quot;:&quot;bonded/bonded0&quot;},{&quot;mip&quot;:&quot;4000.ts&quot;,&quot;port&quot;:0,&quot;ip&quot;:&quot;file&quot;,&quot;in_name&quot;:&quot;bond&quot;,&quot;in_active&quot;:1,&quot;in_active_sources&quot;:0,&quot;prg_name&quot;:&quot;&quot;,&quot;prg_prov&quot;:&quot;&quot;,&quot;prg_num&quot;:-1,&quot;chan&quot;:&quot;&quot;,&quot;chan_id&quot;:-1,&quot;id&quot;:&quot;zixi://bonded(bonded19)#10.7.0.66:2088@10.7.0.65,192.168.60.66:2088@192.168.50.65,192.168.5.166:2088@192.168.5.165&quot;,&quot;type&quot;:2,&quot;name&quot;:&quot;bond19&quot;,&quot;asi&quot;:0,&quot;rtmp&quot;:0,&quot;file&quot;:1,&quot;active&quot;:1,&quot;group&quot;:&quot;&quot;,&quot;bonded&quot;:[{&quot;host&quot;:&quot;10.7.0.66&quot;,&quot;port&quot;:2088,&quot;nic&quot;:&quot;10.7.0.65&quot;,&quot;limit&quot;:0,&quot;is_backup&quot;:0,&quot;bitrate&quot;:1008732,&quot;up_time&quot;:173,&quot;error_code&quot;:0,&quot;status_code&quot;:3,&quot;error_str&quot;:&quot;None&quot;,&quot;status_str&quot;:&quot;Connected&quot;},{&quot;host&quot;:&quot;192.168.60.66&quot;,&quot;port&quot;:2088,&quot;nic&quot;:&quot;192.168.50.65&quot;,&quot;limit&quot;:0,&quot;is_backup&quot;:0,&quot;bitrate&quot;:0,&quot;up_time&quot;:0,&quot;error_code&quot;:3,&quot;status_code&quot;:1,&quot;error_str&quot;:&quot;Timeout&quot;,&quot;status_str&quot;:&quot;Connecting&quot;},{&quot;host&quot;:&quot;192.168.5.166&quot;,&quot;port&quot;:2088,&quot;nic&quot;:&quot;192.168.5.165&quot;,&quot;limit&quot;:0,&quot;is_backup&quot;:0,&quot;bitrate&quot;:3205971,&quot;up_time&quot;:81,&quot;error_code&quot;:0,&quot;status_code&quot;:3,&quot;error_str&quot;:&quot;None&quot;,&quot;status_str&quot;:&quot;Connected&quot;}],&quot;error&quot;:&quot;None&quot;,&quot;con_stat&quot;:&quot;Disconnected&quot;,&quot;bitrate&quot;:4162464,&quot;dest&quot;:&quot;bonded/bonded19&quot;},{&quot;mip&quot;:&quot;4000.ts&quot;,&quot;port&quot;:0,&quot;ip&quot;:&quot;file&quot;,&quot;in_name&quot;:&quot;bond&quot;,&quot;in_active&quot;:1,&quot;in_active_sources&quot;:0,&quot;prg_name&quot;:&quot;&quot;,&quot;prg_prov&quot;:&quot;&quot;,&quot;prg_num&quot;:-1,&quot;chan&quot;:&quot;&quot;,&quot;chan_id&quot;:-1,&quot;id&quot;:&quot;zixi://bonded(bonded16)#10.7.0.66:2088@10.7.0.65,192.168.60.66:2088@192.168.50.65,192.168.5.166:2088@192.168.5.165&quot;,&quot;type&quot;:2,&quot;name&quot;:&quot;bond16&quot;,&quot;asi&quot;:0,&quot;rtmp&quot;:0,&quot;file&quot;:1,&quot;active&quot;:1,&quot;group&quot;:&quot;&quot;,&quot;bonded&quot;:[{&quot;host&quot;:&quot;10.7.0.66&quot;,&quot;port&quot;:2088,&quot;nic&quot;:&quot;10.7.0.65&quot;,&quot;limit&quot;:0,&quot;is_backup&quot;:0,&quot;bitrate&quot;:1002527,&quot;up_time&quot;:61,&quot;error_code&quot;:0,&quot;status_code&quot;:3,&quot;error_str&quot;:&quot;None&quot;,&quot;status_str&quot;:&quot;Connected&quot;},{&quot;host&quot;:&quot;192.168.60.66&quot;,&quot;port&quot;:2088,&quot;nic&quot;:&quot;192.168.50.65&quot;,&quot;limit&quot;:0,&quot;is_backup&quot;:0,&quot;bitrate&quot;:0,&quot;up_time&quot;:0,&quot;error_code&quot;:3,&quot;status_code&quot;:1,&quot;error_str&quot;:&quot;Timeout&quot;,&quot;status_str&quot;:&quot;Connecting&quot;},{&quot;host&quot;:&quot;192.168.5.166&quot;,&quot;port&quot;:2088,&quot;nic&quot;:&quot;192.168.5.165&quot;,&quot;limit&quot;:0,&quot;is_backup&quot;:0,&quot;bitrate&quot;:3218814,&quot;up_time&quot;:273,&quot;error_code&quot;:0,&quot;status_code&quot;:3,&quot;error_str&quot;:&quot;None&quot;,&quot;status_str&quot;:&quot;Connected&quot;}],&quot;error&quot;:&quot;None&quot;,&quot;con_stat&quot;:&quot;Disconnected&quot;,&quot;bitrate&quot;:4162464,&quot;dest&quot;:&quot;bonded/bonded16&quot;},{&quot;mip&quot;:&quot;4000.ts&quot;,&quot;port&quot;:0,&quot;ip&quot;:&quot;file&quot;,&quot;in_name&quot;:&quot;bond&quot;,&quot;in_active&quot;:1,&quot;in_active_sources&quot;:0,&quot;prg_name&quot;:&quot;&quot;,&quot;prg_prov&quot;:&quot;&quot;,&quot;prg_num&quot;:-1,&quot;chan&quot;:&quot;&quot;,&quot;chan_id&quot;:-1,&quot;id&quot;:&quot;zixi://bonded(bonded20)#10.7.0.66:2088@10.7.0.65,192.168.60.66:2088@192.168.50.65,192.168.5.166:2088@192.168.5.165&quot;,&quot;type&quot;:2,&quot;name&quot;:&quot;bond20&quot;,&quot;asi&quot;:0,&quot;rtmp&quot;:0,&quot;file&quot;:1,&quot;active&quot;:1,&quot;group&quot;:&quot;&quot;,&quot;bonded&quot;:[],&quot;error&quot;:&quot;Timeout&quot;,&quot;con_stat&quot;:&quot;Disconnected&quot;,&quot;bitrate&quot;:0,&quot;dest&quot;:&quot;bonded/bonded20&quot;},{&quot;mip&quot;:&quot;4000.ts&quot;,&quot;port&quot;:0,&quot;ip&quot;:&quot;file&quot;,&quot;in_name&quot;:&quot;bond&quot;,&quot;in_active&quot;:1,&quot;in_active_sources&quot;:0,&quot;prg_name&quot;:&quot;&quot;,&quot;prg_prov&quot;:&quot;&quot;,&quot;prg_num&quot;:-1,&quot;chan&quot;:&quot;&quot;,&quot;chan_id&quot;:-1,&quot;id&quot;:&quot;zixi://bonded(bonded8)#10.7.0.66:2088@10.7.0.65,192.168.60.66:2088@192.168.50.65,192.168.5.166:2088@192.168.5.165&quot;,&quot;type&quot;:2,&quot;name&quot;:&quot;bond8&quot;,&quot;asi&quot;:0,&quot;rtmp&quot;:0,&quot;file&quot;:1,&quot;active&quot;:1,&quot;group&quot;:&quot;&quot;,&quot;bonded&quot;:[{&quot;host&quot;:&quot;10.7.0.66&quot;,&quot;port&quot;:2088,&quot;nic&quot;:&quot;10.7.0.65&quot;,&quot;limit&quot;:0,&quot;is_backup&quot;:0,&quot;bitrate&quot;:1011328,&quot;up_time&quot;:90,&quot;error_code&quot;:0,&quot;status_code&quot;:3,&quot;error_str&quot;:&quot;None&quot;,&quot;status_str&quot;:&quot;Connected&quot;},{&quot;host&quot;:&quot;192.168.60.66&quot;,&quot;port&quot;:2088,&quot;nic&quot;:&quot;192.168.50.65&quot;,&quot;limit&quot;:0,&quot;is_backup&quot;:0,&quot;bitrate&quot;:0,&quot;up_time&quot;:0,&quot;error_code&quot;:3,&quot;status_code&quot;:1,&quot;error_str&quot;:&quot;Timeout&quot;,&quot;status_str&quot;:&quot;Connecting&quot;},{&quot;host&quot;:&quot;192.168.5.166&quot;,&quot;port&quot;:2088,&quot;nic&quot;:&quot;192.168.5.165&quot;,&quot;limit&quot;:0,&quot;is_backup&quot;:0,&quot;bitrate&quot;:3194816,&quot;up_time&quot;:86,&quot;error_code&quot;:0,&quot;status_code&quot;:3,&quot;error_str&quot;:&quot;None&quot;,&quot;status_str&quot;:&quot;Connected&quot;}],&quot;error&quot;:&quot;None&quot;,&quot;con_stat&quot;:&quot;Disconnected&quot;,&quot;bitrate&quot;:4140624,&quot;dest&quot;:&quot;bonded/bonded8&quot;},{&quot;mip&quot;:&quot;4000.ts&quot;,&quot;port&quot;:0,&quot;ip&quot;:&quot;file&quot;,&quot;in_name&quot;:&quot;bond&quot;,&quot;in_active&quot;:1,&quot;in_active_sources&quot;:0,&quot;prg_name&quot;:&quot;&quot;,&quot;prg_prov&quot;:&quot;&quot;,&quot;prg_num&quot;:-1,&quot;chan&quot;:&quot;&quot;,&quot;chan_id&quot;:-1,&quot;id&quot;:&quot;zixi://bonded(bonded23)#10.7.0.66:2088@10.7.0.65,192.168.60.66:2088@192.168.50.65,192.168.5.166:2088@192.168.5.165&quot;,&quot;type&quot;:2,&quot;name&quot;:&quot;bond23&quot;,&quot;asi&quot;:0,&quot;rtmp&quot;:0,&quot;file&quot;:1,&quot;active&quot;:1,&quot;group&quot;:&quot;&quot;,&quot;bonded&quot;:[{&quot;host&quot;:&quot;10.7.0.66&quot;,&quot;port&quot;:2088,&quot;nic&quot;:&quot;10.7.0.65&quot;,&quot;limit&quot;:0,&quot;is_backup&quot;:0,&quot;bitrate&quot;:997191,&quot;up_time&quot;:158,&quot;error_code&quot;:0,&quot;status_code&quot;:3,&quot;error_str&quot;:&quot;None&quot;,&quot;status_str&quot;:&quot;Connected&quot;},{&quot;host&quot;:&quot;192.168.60.66&quot;,&quot;port&quot;:2088,&quot;nic&quot;:&quot;192.168.50.65&quot;,&quot;limit&quot;:0,&quot;is_backup&quot;:0,&quot;bitrate&quot;:0,&quot;up_time&quot;:0,&quot;error_code&quot;:3,&quot;status_code&quot;:1,&quot;error_str&quot;:&quot;Timeout&quot;,&quot;status_str&quot;:&quot;Connecting&quot;},{&quot;host&quot;:&quot;192.168.5.166&quot;,&quot;port&quot;:2088,&quot;nic&quot;:&quot;192.168.5.165&quot;,&quot;limit&quot;:0,&quot;is_backup&quot;:0,&quot;bitrate&quot;:3178560,&quot;up_time&quot;:326,&quot;error_code&quot;:0,&quot;status_code&quot;:3,&quot;error_str&quot;:&quot;None&quot;,&quot;status_str&quot;:&quot;Connected&quot;}],&quot;error&quot;:&quot;None&quot;,&quot;con_stat&quot;:&quot;Disconnected&quot;,&quot;bitrate&quot;:4113461,&quot;dest&quot;:&quot;bonded/bonded23&quot;},{&quot;mip&quot;:&quot;4000.ts&quot;,&quot;port&quot;:0,&quot;ip&quot;:&quot;file&quot;,&quot;in_name&quot;:&quot;bond&quot;,&quot;in_active&quot;:1,&quot;in_active_sources&quot;:0,&quot;prg_name&quot;:&quot;&quot;,&quot;prg_prov&quot;:&quot;&quot;,&quot;prg_num&quot;:-1,&quot;chan&quot;:&quot;&quot;,&quot;chan_id&quot;:-1,&quot;id&quot;:&quot;zixi://bonded(bonded17)#10.7.0.66:2088@10.7.0.65,192.168.60.66:2088@192.168.50.65,192.168.5.166:2088@192.168.5.165&quot;,&quot;type&quot;:2,&quot;name&quot;:&quot;bond17&quot;,&quot;asi&quot;:0,&quot;rtmp&quot;:0,&quot;file&quot;:1,&quot;active&quot;:1,&quot;group&quot;:&quot;&quot;,&quot;bonded&quot;:[{&quot;host&quot;:&quot;10.7.0.66&quot;,&quot;port&quot;:2088,&quot;nic&quot;:&quot;10.7.0.65&quot;,&quot;limit&quot;:0,&quot;is_backup&quot;:0,&quot;bitrate&quot;:1005592,&quot;up_time&quot;:31,&quot;error_code&quot;:0,&quot;status_code&quot;:3,&quot;error_str&quot;:&quot;None&quot;,&quot;status_str&quot;:&quot;Connected&quot;},{&quot;host&quot;:&quot;192.168.60.66&quot;,&quot;port&quot;:2088,&quot;nic&quot;:&quot;192.168.50.65&quot;,&quot;limit&quot;:0,&quot;is_backup&quot;:0,&quot;bitrate&quot;:0,&quot;up_time&quot;:0,&quot;error_code&quot;:3,&quot;status_code&quot;:1,&quot;error_str&quot;:&quot;Timeout&quot;,&quot;status_str&quot;:&quot;Connecting&quot;},{&quot;host&quot;:&quot;192.168.5.166&quot;,&quot;port&quot;:2088,&quot;nic&quot;:&quot;192.168.5.165&quot;,&quot;limit&quot;:0,&quot;is_backup&quot;:0,&quot;bitrate&quot;:3218655,&quot;up_time&quot;:381,&quot;error_code&quot;:0,&quot;status_code&quot;:3,&quot;error_str&quot;:&quot;None&quot;,&quot;status_str&quot;:&quot;Connected&quot;}],&quot;error&quot;:&quot;None&quot;,&quot;con_stat&quot;:&quot;Disconnected&quot;,&quot;bitrate&quot;:4151536,&quot;dest&quot;:&quot;bonded/bonded17&quot;},{&quot;mip&quot;:&quot;4000.ts&quot;,&quot;port&quot;:0,&quot;ip&quot;:&quot;file&quot;,&quot;in_name&quot;:&quot;bond&quot;,&quot;in_active&quot;:1,&quot;in_active_sources&quot;:0,&quot;prg_name&quot;:&quot;&quot;,&quot;prg_prov&quot;:&quot;&quot;,&quot;prg_num&quot;:-1,&quot;chan&quot;:&quot;&quot;,&quot;chan_id&quot;:-1,&quot;id&quot;:&quot;zixi://bonded(bonded24)#10.7.0.66:2088@10.7.0.65,192.168.60.66:2088@192.168.50.65,192.168.5.166:2088@192.168.5.165&quot;,&quot;type&quot;:2,&quot;name&quot;:&quot;bond24&quot;,&quot;asi&quot;:0,&quot;rtmp&quot;:0,&quot;file&quot;:1,&quot;active&quot;:1,&quot;group&quot;:&quot;&quot;,&quot;bonded&quot;:[{&quot;host&quot;:&quot;10.7.0.66&quot;,&quot;port&quot;:2088,&quot;nic&quot;:&quot;10.7.0.65&quot;,&quot;limit&quot;:0,&quot;is_backup&quot;:0,&quot;bitrate&quot;:1006382,&quot;up_time&quot;:314,&quot;error_code&quot;:0,&quot;status_code&quot;:3,&quot;error_str&quot;:&quot;None&quot;,&quot;status_str&quot;:&quot;Connected&quot;},{&quot;host&quot;:&quot;192.168.60.66&quot;,&quot;port&quot;:2088,&quot;nic&quot;:&quot;192.168.50.65&quot;,&quot;limit&quot;:0,&quot;is_backup&quot;:0,&quot;bitrate&quot;:0,&quot;up_time&quot;:0,&quot;error_code&quot;:3,&quot;status_code&quot;:1,&quot;error_str&quot;:&quot;Timeout&quot;,&quot;status_str&quot;:&quot;Connecting&quot;},{&quot;host&quot;:&quot;192.168.5.166&quot;,&quot;port&quot;:2088,&quot;nic&quot;:&quot;192.168.5.165&quot;,&quot;limit&quot;:0,&quot;is_backup&quot;:0,&quot;bitrate&quot;:3191695,&quot;up_time&quot;:273,&quot;error_code&quot;:0,&quot;status_code&quot;:3,&quot;error_str&quot;:&quot;None&quot;,&quot;status_str&quot;:&quot;Connected&quot;}],&quot;error&quot;:&quot;None&quot;,&quot;con_stat&quot;:&quot;Disconnected&quot;,&quot;bitrate&quot;:4132048,&quot;dest&quot;:&quot;bonded/bonded24&quot;},{&quot;mip&quot;:&quot;4000.ts&quot;,&quot;port&quot;:0,&quot;ip&quot;:&quot;file&quot;,&quot;in_name&quot;:&quot;bond&quot;,&quot;in_active&quot;:1,&quot;in_active_sources&quot;:0,&quot;prg_name&quot;:&quot;&quot;,&quot;prg_prov&quot;:&quot;&quot;,&quot;prg_num&quot;:-1,&quot;chan&quot;:&quot;&quot;,&quot;chan_id&quot;:-1,&quot;id&quot;:&quot;zixi://bonded(bonded15)#10.7.0.66:2088@10.7.0.65,192.168.60.66:2088@192.168.50.65,192.168.5.166:2088@192.168.5.165&quot;,&quot;type&quot;:2,&quot;name&quot;:&quot;bond15&quot;,&quot;asi&quot;:0,&quot;rtmp&quot;:0,&quot;file&quot;:1,&quot;active&quot;:1,&quot;group&quot;:&quot;&quot;,&quot;bonded&quot;:[],&quot;error&quot;:&quot;Timeout&quot;,&quot;con_stat&quot;:&quot;Connecting&quot;,&quot;bitrate&quot;:0,&quot;dest&quot;:&quot;bonded/bonded15&quot;},{&quot;mip&quot;:&quot;4000.ts&quot;,&quot;port&quot;:0,&quot;ip&quot;:&quot;file&quot;,&quot;in_name&quot;:&quot;bond&quot;,&quot;in_active&quot;:1,&quot;in_active_sources&quot;:0,&quot;prg_name&quot;:&quot;&quot;,&quot;prg_prov&quot;:&quot;&quot;,&quot;prg_num&quot;:-1,&quot;chan&quot;:&quot;&quot;,&quot;chan_id&quot;:-1,&quot;id&quot;:&quot;zixi://bonded(bonded28)#10.7.0.66:2088@10.7.0.65,192.168.60.66:2088@192.168.50.65,192.168.5.166:2088@192.168.5.165&quot;,&quot;type&quot;:2,&quot;name&quot;:&quot;bond28&quot;,&quot;asi&quot;:0,&quot;rtmp&quot;:0,&quot;file&quot;:1,&quot;active&quot;:1,&quot;group&quot;:&quot;&quot;,&quot;bonded&quot;:[{&quot;host&quot;:&quot;10.7.0.66&quot;,&quot;port&quot;:2088,&quot;nic&quot;:&quot;10.7.0.65&quot;,&quot;limit&quot;:0,&quot;is_backup&quot;:0,&quot;bitrate&quot;:1002872,&quot;up_time&quot;:113,&quot;error_code&quot;:0,&quot;status_code&quot;:3,&quot;error_str&quot;:&quot;None&quot;,&quot;status_str&quot;:&quot;Connected&quot;},{&quot;host&quot;:&quot;192.168.60.66&quot;,&quot;port&quot;:2088,&quot;nic&quot;:&quot;192.168.50.65&quot;,&quot;limit&quot;:0,&quot;is_backup&quot;:0,&quot;bitrate&quot;:0,&quot;up_time&quot;:0,&quot;error_code&quot;:3,&quot;status_code&quot;:1,&quot;error_str&quot;:&quot;Timeout&quot;,&quot;status_str&quot;:&quot;Connecting&quot;},{&quot;host&quot;:&quot;192.168.5.166&quot;,&quot;port&quot;:2088,&quot;nic&quot;:&quot;192.168.5.165&quot;,&quot;limit&quot;:0,&quot;is_backup&quot;:0,&quot;bitrate&quot;:4913280,&quot;up_time&quot;:21,&quot;error_code&quot;:0,&quot;status_code&quot;:3,&quot;error_str&quot;:&quot;None&quot;,&quot;status_str&quot;:&quot;Connected&quot;}],&quot;error&quot;:&quot;None&quot;,&quot;con_stat&quot;:&quot;Disconnected&quot;,&quot;bitrate&quot;:5616896,&quot;dest&quot;:&quot;bonded/bonded28&quot;}]}
Debug printing ------&gt;&gt;&gt; {&quot;custom_data&quot;:&quot;&quot;,&quot;msg&quot;:&quot;Output deleted.&quot;,&quot;error&quot;:&quot;&quot;,&quot;outs&quot;:[{&quot;mip&quot;:&quot;live_recording.ts&quot;,&quot;port&quot;:0,&quot;ip&quot;:&quot;file&quot;,&quot;in_name&quot;:&quot;feederoutputname&quot;,&quot;in_active&quot;:1,&quot;in_active_sources&quot;:0,&quot;prg_name&quot;:&quot;&quot;,&quot;prg_prov&quot;:&quot;&quot;,&quot;prg_num&quot;:1,&quot;chan&quot;:&quot;&quot;,&quot;chan_id&quot;:-1,&quot;id&quot;:&quot;zixi://10.7.0.66:2088/feederout&quot;,&quot;type&quot;:2,&quot;name&quot;:&quot;feederoutputname&quot;,&quot;asi&quot;:0,&quot;rtmp&quot;:0,&quot;file&quot;:1,&quot;active&quot;:1,&quot;group&quot;:&quot;&quot;,&quot;error&quot;:&quot;None&quot;,&quot;con_stat&quot;:&quot;Disconnected&quot;,&quot;bitrate&quot;:0,&quot;dest&quot;:&quot;10.7.0.66:2088/feederout&quot;},{&quot;mip&quot;:&quot;4000.ts&quot;,&quot;port&quot;:0,&quot;ip&quot;:&quot;file&quot;,&quot;in_name&quot;:&quot;bond&quot;,&quot;in_active&quot;:1,&quot;in_active_sources&quot;:0,&quot;prg_name&quot;:&quot;&quot;,&quot;prg_prov&quot;:&quot;&quot;,&quot;prg_num&quot;:-1,&quot;chan&quot;:&quot;&quot;,&quot;chan_id&quot;:-1,&quot;id&quot;:&quot;zixi://bonded(bonded44)#10.7.0.66:2088@10.7.0.65,192.168.60.66:2088@192.168.50.65,192.168.5.166:2088@192.168.5.165&quot;,&quot;type&quot;:2,&quot;name&quot;:&quot;bond44&quot;,&quot;asi&quot;:0,&quot;rtmp&quot;:0,&quot;file&quot;:1,&quot;active&quot;:1,&quot;group&quot;:&quot;&quot;,&quot;bonded&quot;:[{&quot;host&quot;:&quot;10.7.0.66&quot;,&quot;port&quot;:2088,&quot;nic&quot;:&quot;10.7.0.65&quot;,&quot;limit&quot;:0,&quot;is_backup&quot;:0,&quot;bitrate&quot;:2848376,&quot;up_time&quot;:210,&quot;error_code&quot;:0,&quot;status_code&quot;:3,&quot;error_str&quot;:&quot;None&quot;,&quot;status_str&quot;:&quot;Connected&quot;},{&quot;host&quot;:&quot;192.168.60.66&quot;,&quot;port&quot;:2088,&quot;nic&quot;:&quot;192.168.50.65&quot;,&quot;limit&quot;:0,&quot;is_backup&quot;:0,&quot;bitrate&quot;:0,&quot;up_time&quot;:0,&quot;error_code&quot;:3,&quot;status_code&quot;:1,&quot;error_str&quot;:&quot;Timeout&quot;,&quot;status_str&quot;:&quot;Connecting&quot;},{&quot;host&quot;:&quot;192.168.5.166&quot;,&quot;port&quot;:2088,&quot;nic&quot;:&quot;192.168.5.165&quot;,&quot;limit&quot;:0,&quot;is_backup&quot;:0,&quot;bitrate&quot;:0,&quot;up_time&quot;:0,&quot;error_code&quot;:3,&quot;status_code&quot;:1,&quot;error_str&quot;:&quot;Timeout&quot;,&quot;status_str&quot;:&quot;Connecting&quot;}],&quot;error&quot;:&quot;None&quot;,&quot;con_stat&quot;:&quot;Disconnected&quot;,&quot;bitrate&quot;:2803460,&quot;dest&quot;:&quot;bonded/bonded44&quot;},{&quot;mip&quot;:&quot;4000.ts&quot;,&quot;port&quot;:0,&quot;ip&quot;:&quot;file&quot;,&quot;in_name&quot;:&quot;bond&quot;,&quot;in_active&quot;:1,&quot;in_active_sources&quot;:0,&quot;prg_name&quot;:&quot;&quot;,&quot;prg_prov&quot;:&quot;&quot;,&quot;prg_num&quot;:-1,&quot;chan&quot;:&quot;&quot;,&quot;chan_id&quot;:-1,&quot;id&quot;:&quot;zixi://bonded(bonded18)#10.7.0.66:2088@10.7.0.65,192.168.60.66:2088@192.168.50.65,192.168.5.166:2088@192.168.5.165&quot;,&quot;type&quot;:2,&quot;name&quot;:&quot;bond18&quot;,&quot;asi&quot;:0,&quot;rtmp&quot;:0,&quot;file&quot;:1,&quot;active&quot;:1,&quot;group&quot;:&quot;&quot;,&quot;bonded&quot;:[],&quot;error&quot;:&quot;Timeout&quot;,&quot;con_stat&quot;:&quot;Connecting&quot;,&quot;bitrate&quot;:0,&quot;dest&quot;:&quot;bonded/bonded18&quot;},{&quot;mip&quot;:&quot;4000.ts&quot;,&quot;port&quot;:0,&quot;ip&quot;:&quot;file&quot;,&quot;in_name&quot;:&quot;bond&quot;,&quot;in_active&quot;:1,&quot;in_active_sources&quot;:0,&quot;prg_name&quot;:&quot;&quot;,&quot;prg_prov&quot;:&quot;&quot;,&quot;prg_num&quot;:-1,&quot;chan&quot;:&quot;&quot;,&quot;chan_id&quot;:-1,&quot;id&quot;:&quot;zixi://bonded(bonded29)#10.7.0.66:2088@10.7.0.65,192.168.60.66:2088@192.168.50.65,192.168.5.166:2088@192.168.5.165&quot;,&quot;type&quot;:2,&quot;name&quot;:&quot;bond29&quot;,&quot;asi&quot;:0,&quot;rtmp&quot;:0,&quot;file&quot;:1,&quot;active&quot;:1,&quot;group&quot;:&quot;&quot;,&quot;bonded&quot;:[{&quot;host&quot;:&quot;10.7.0.66&quot;,&quot;port&quot;:2088,&quot;nic&quot;:&quot;10.7.0.65&quot;,&quot;limit&quot;:0,&quot;is_backup&quot;:0,&quot;bitrate&quot;:996300,&quot;up_time&quot;:194,&quot;error_code&quot;:0,&quot;status_code&quot;:3,&quot;error_str&quot;:&quot;None&quot;,&quot;status_str&quot;:&quot;Connected&quot;},{&quot;host&quot;:&quot;192.168.60.66&quot;,&quot;port&quot;:2088,&quot;nic&quot;:&quot;192.168.50.65&quot;,&quot;limit&quot;:0,&quot;is_backup&quot;:0,&quot;bitrate&quot;:0,&quot;up_time&quot;:0,&quot;error_code&quot;:3,&quot;status_code&quot;:1,&quot;error_str&quot;:&quot;Timeout&quot;,&quot;status_str&quot;:&quot;Connecting&quot;},{&quot;host&quot;:&quot;192.168.5.166&quot;,&quot;port&quot;:2088,&quot;nic&quot;:&quot;192.168.5.165&quot;,&quot;limit&quot;:0,&quot;is_backup&quot;:0,&quot;bitrate&quot;:3179325,&quot;up_time&quot;:183,&quot;error_code&quot;:0,&quot;status_code&quot;:3,&quot;error_str&quot;:&quot;None&quot;,&quot;status_str&quot;:&quot;Connected&quot;}],&quot;error&quot;:&quot;None&quot;,&quot;con_stat&quot;:&quot;Disconnected&quot;,&quot;bitrate&quot;:4106829,&quot;dest&quot;:&quot;bonded/bonded29&quot;},{&quot;mip&quot;:&quot;4000.ts&quot;,&quot;port&quot;:0,&quot;ip&quot;:&quot;file&quot;,&quot;in_name&quot;:&quot;bond&quot;,&quot;in_active&quot;:1,&quot;in_active_sources&quot;:0,&quot;prg_name&quot;:&quot;&quot;,&quot;prg_prov&quot;:&quot;&quot;,&quot;prg_num&quot;:-1,&quot;chan&quot;:&quot;&quot;,&quot;chan_id&quot;:-1,&quot;id&quot;:&quot;zixi://bonded(bonded26)#10.7.0.66:2088@10.7.0.65,192.168.60.66:2088@192.168.50.65,192.168.5.166:2088@192.168.5.165&quot;,&quot;type&quot;:2,&quot;name&quot;:&quot;bond26&quot;,&quot;asi&quot;:0,&quot;rtmp&quot;:0,&quot;file&quot;:1,&quot;active&quot;:1,&quot;group&quot;:&quot;&quot;,&quot;bonded&quot;:[],&quot;error&quot;:&quot;Timeout&quot;,&quot;con_stat&quot;:&quot;Connecting&quot;,&quot;bitrate&quot;:0,&quot;dest&quot;:&quot;bonded/bonded26&quot;},{&quot;mip&quot;:&quot;4000.ts&quot;,&quot;port&quot;:0,&quot;ip&quot;:&quot;file&quot;,&quot;in_name&quot;:&quot;bond&quot;,&quot;in_active&quot;:1,&quot;in_active_sources&quot;:0,&quot;prg_name&quot;:&quot;&quot;,&quot;prg_prov&quot;:&quot;&quot;,&quot;prg_num&quot;:-1,&quot;chan&quot;:&quot;&quot;,&quot;chan_id&quot;:-1,&quot;id&quot;:&quot;zixi://bonded(bonded22)#10.7.0.66:2088@10.7.0.65,192.168.60.66:2088@192.168.50.65,192.168.5.166:2088@192.168.5.165&quot;,&quot;type&quot;:2,&quot;name&quot;:&quot;bond22&quot;,&quot;asi&quot;:0,&quot;rtmp&quot;:0,&quot;file&quot;:1,&quot;active&quot;:1,&quot;group&quot;:&quot;&quot;,&quot;bonded&quot;:[],&quot;error&quot;:&quot;Timeout&quot;,&quot;con_stat&quot;:&quot;Connecting&quot;,&quot;bitrate&quot;:0,&quot;dest&quot;:&quot;bonded/bonded22&quot;},{&quot;mip&quot;:&quot;4000.ts&quot;,&quot;port&quot;:0,&quot;ip&quot;:&quot;file&quot;,&quot;in_name&quot;:&quot;bond&quot;,&quot;in_active&quot;:1,&quot;in_active_sources&quot;:0,&quot;prg_name&quot;:&quot;&quot;,&quot;prg_prov&quot;:&quot;&quot;,&quot;prg_num&quot;:-1,&quot;chan&quot;:&quot;&quot;,&quot;chan_id&quot;:-1,&quot;id&quot;:&quot;zixi://bonded(bonded35)#10.7.0.66:2088@10.7.0.65,192.168.60.66:2088@192.168.50.65,192.168.5.166:2088@192.168.5.165&quot;,&quot;type&quot;:2,&quot;name&quot;:&quot;bond35&quot;,&quot;asi&quot;:0,&quot;rtmp&quot;:0,&quot;file&quot;:1,&quot;active&quot;:1,&quot;group&quot;:&quot;&quot;,&quot;bonded&quot;:[{&quot;host&quot;:&quot;10.7.0.66&quot;,&quot;port&quot;:2088,&quot;nic&quot;:&quot;10.7.0.65&quot;,&quot;limit&quot;:0,&quot;is_backup&quot;:0,&quot;bitrate&quot;:1007775,&quot;up_time&quot;:170,&quot;error_code&quot;:0,&quot;status_code&quot;:3,&quot;error_str&quot;:&quot;None&quot;,&quot;status_str&quot;:&quot;Connected&quot;},{&quot;host&quot;:&quot;192.168.60.66&quot;,&quot;port&quot;:2088,&quot;nic&quot;:&quot;192.168.50.65&quot;,&quot;limit&quot;:0,&quot;is_backup&quot;:0,&quot;bitrate&quot;:0,&quot;up_time&quot;:0,&quot;error_code&quot;:3,&quot;status_code&quot;:1,&quot;error_str&quot;:&quot;Timeout&quot;,&quot;status_str&quot;:&quot;Connecting&quot;},{&quot;host&quot;:&quot;192.168.5.166&quot;,&quot;port&quot;:2088,&quot;nic&quot;:&quot;192.168.5.165&quot;,&quot;limit&quot;:0,&quot;is_backup&quot;:0,&quot;bitrate&quot;:3185835,&quot;up_time&quot;:241,&quot;error_code&quot;:0,&quot;status_code&quot;:3,&quot;error_str&quot;:&quot;None&quot;,&quot;status_str&quot;:&quot;Connected&quot;}],&quot;error&quot;:&quot;None&quot;,&quot;con_stat&quot;:&quot;Disconnected&quot;,&quot;bitrate&quot;:4121152,&quot;dest&quot;:&quot;bonded/bonded35&quot;},{&quot;mip&quot;:&quot;4000.ts&quot;,&quot;port&quot;:0,&quot;ip&quot;:&quot;file&quot;,&quot;in_name&quot;:&quot;bond&quot;,&quot;in_active&quot;:1,&quot;in_active_sources&quot;:0,&quot;prg_name&quot;:&quot;&quot;,&quot;prg_prov&quot;:&quot;&quot;,&quot;prg_num&quot;:-1,&quot;chan&quot;:&quot;&quot;,&quot;chan_id&quot;:-1,&quot;id&quot;:&quot;zixi://bonded(bonded33)#10.7.0.66:2088@10.7.0.65,192.168.60.66:2088@192.168.50.65,192.168.5.166:2088@192.168.5.165&quot;,&quot;type&quot;:2,&quot;name&quot;:&quot;bond33&quot;,&quot;asi&quot;:0,&quot;rtmp&quot;:0,&quot;file&quot;:1,&quot;active&quot;:1,&quot;group&quot;:&quot;&quot;,&quot;bonded&quot;:[],&quot;error&quot;:&quot;Authentication&quot;,&quot;con_stat&quot;:&quot;Disconnected&quot;,&quot;bitrate&quot;:0,&quot;dest&quot;:&quot;bonded/bonded33&quot;},{&quot;mip&quot;:&quot;4000.ts&quot;,&quot;port&quot;:0,&quot;ip&quot;:&quot;file&quot;,&quot;in_name&quot;:&quot;bond&quot;,&quot;in_active&quot;:1,&quot;in_active_sources&quot;:0,&quot;prg_name&quot;:&quot;&quot;,&quot;prg_prov&quot;:&quot;&quot;,&quot;prg_num&quot;:-1,&quot;chan&quot;:&quot;&quot;,&quot;chan_id&quot;:-1,&quot;id&quot;:&quot;zixi://bonded(bonded27)#10.7.0.66:2088@10.7.0.65,192.168.60.66:2088@192.168.50.65,192.168.5.166:2088@192.168.5.165&quot;,&quot;type&quot;:2,&quot;name&quot;:&quot;bond27&quot;,&quot;asi&quot;:0,&quot;rtmp&quot;:0,&quot;file&quot;:1,&quot;active&quot;:1,&quot;group&quot;:&quot;&quot;,&quot;bonded&quot;:[],&quot;error&quot;:&quot;Timeout&quot;,&quot;con_stat&quot;:&quot;Connecting&quot;,&quot;bitrate&quot;:0,&quot;dest&quot;:&quot;bonded/bonded27&quot;},{&quot;mip&quot;:&quot;4000.ts&quot;,&quot;port&quot;:0,&quot;ip&quot;:&quot;file&quot;,&quot;in_name&quot;:&quot;bond&quot;,&quot;in_active&quot;:1,&quot;in_active_sources&quot;:0,&quot;prg_name&quot;:&quot;&quot;,&quot;prg_prov&quot;:&quot;&quot;,&quot;prg_num&quot;:-1,&quot;chan&quot;:&quot;&quot;,&quot;chan_id&quot;:-1,&quot;id&quot;:&quot;zixi://bonded(bonded39)#10.7.0.66:2088@10.7.0.65,192.168.60.66:2088@192.168.50.65,192.168.5.166:2088@192.168.5.165&quot;,&quot;type&quot;:2,&quot;name&quot;:&quot;bond39&quot;,&quot;asi&quot;:0,&quot;rtmp&quot;:0,&quot;file&quot;:1,&quot;active&quot;:1,&quot;group&quot;:&quot;&quot;,&quot;bonded&quot;:[{&quot;host&quot;:&quot;10.7.0.66&quot;,&quot;port&quot;:2088,&quot;nic&quot;:&quot;10.7.0.65&quot;,&quot;limit&quot;:0,&quot;is_backup&quot;:0,&quot;bitrate&quot;:1002861,&quot;up_time&quot;:170,&quot;error_code&quot;:0,&quot;status_code&quot;:3,&quot;error_str&quot;:&quot;None&quot;,&quot;status_str&quot;:&quot;Connected&quot;},{&quot;host&quot;:&quot;192.168.60.66&quot;,&quot;port&quot;:2088,&quot;nic&quot;:&quot;192.168.50.65&quot;,&quot;limit&quot;:0,&quot;is_backup&quot;:0,&quot;bitrate&quot;:0,&quot;up_time&quot;:0,&quot;error_code&quot;:3,&quot;status_code&quot;:1,&quot;error_str&quot;:&quot;Timeout&quot;,&quot;status_str&quot;:&quot;Connecting&quot;},{&quot;host&quot;:&quot;192.168.5.166&quot;,&quot;port&quot;:2088,&quot;nic&quot;:&quot;192.168.5.165&quot;,&quot;limit&quot;:0,&quot;is_backup&quot;:0,&quot;bitrate&quot;:3072120,&quot;up_time&quot;:199,&quot;error_code&quot;:0,&quot;status_code&quot;:3,&quot;error_str&quot;:&quot;None&quot;,&quot;status_str&quot;:&quot;Connected&quot;}],&quot;error&quot;:&quot;None&quot;,&quot;con_stat&quot;:&quot;Disconnected&quot;,&quot;bitrate&quot;:4139124,&quot;dest&quot;:&quot;bonded/bonded39&quot;},{&quot;mip&quot;:&quot;4000.ts&quot;,&quot;port&quot;:0,&quot;ip&quot;:&quot;file&quot;,&quot;in_name&quot;:&quot;bond&quot;,&quot;in_active&quot;:1,&quot;in_active_sources&quot;:0,&quot;prg_name&quot;:&quot;&quot;,&quot;prg_prov&quot;:&quot;&quot;,&quot;prg_num&quot;:-1,&quot;chan&quot;:&quot;&quot;,&quot;chan_id&quot;:-1,&quot;id&quot;:&quot;zixi://bonded(bonded36)#10.7.0.66:2088@10.7.0.65,192.168.60.66:2088@192.168.50.65,192.168.5.166:2088@192.168.5.165&quot;,&quot;type&quot;:2,&quot;name&quot;:&quot;bond36&quot;,&quot;asi&quot;:0,&quot;rtmp&quot;:0,&quot;file&quot;:1,&quot;active&quot;:1,&quot;group&quot;:&quot;&quot;,&quot;bonded&quot;:[],&quot;error&quot;:&quot;Timeout&quot;,&quot;con_stat&quot;:&quot;Connecting&quot;,&quot;bitrate&quot;:0,&quot;dest&quot;:&quot;bonded/bonded36&quot;},{&quot;mip&quot;:&quot;4000.ts&quot;,&quot;port&quot;:0,&quot;ip&quot;:&quot;file&quot;,&quot;in_name&quot;:&quot;bond&quot;,&quot;in_active&quot;:1,&quot;in_active_sources&quot;:0,&quot;prg_name&quot;:&quot;&quot;,&quot;prg_prov&quot;:&quot;&quot;,&quot;prg_num&quot;:-1,&quot;chan&quot;:&quot;&quot;,&quot;chan_id&quot;:-1,&quot;id&quot;:&quot;zixi://bonded(bonded41)#10.7.0.66:2088@10.7.0.65,192.168.60.66:2088@192.168.50.65,192.168.5.166:2088@192.168.5.165&quot;,&quot;type&quot;:2,&quot;name&quot;:&quot;bond41&quot;,&quot;asi&quot;:0,&quot;rtmp&quot;:0,&quot;file&quot;:1,&quot;active&quot;:1,&quot;group&quot;:&quot;&quot;,&quot;bonded&quot;:[],&quot;error&quot;:&quot;Timeout&quot;,&quot;con_stat&quot;:&quot;Connecting&quot;,&quot;bitrate&quot;:0,&quot;dest&quot;:&quot;bonded/bonded41&quot;},{&quot;mip&quot;:&quot;4000.ts&quot;,&quot;port&quot;:0,&quot;ip&quot;:&quot;file&quot;,&quot;in_name&quot;:&quot;bond&quot;,&quot;in_active&quot;:1,&quot;in_active_sources&quot;:0,&quot;prg_name&quot;:&quot;&quot;,&quot;prg_prov&quot;:&quot;&quot;,&quot;prg_num&quot;:-1,&quot;chan&quot;:&quot;&quot;,&quot;chan_id&quot;:-1,&quot;id&quot;:&quot;zixi://bonded(bonded31)#10.7.0.66:2088@10.7.0.65,192.168.60.66:2088@192.168.50.65,192.168.5.166:2088@192.168.5.165&quot;,&quot;type&quot;:2,&quot;name&quot;:&quot;bond31&quot;,&quot;asi&quot;:0,&quot;rtmp&quot;:0,&quot;file&quot;:1,&quot;active&quot;:1,&quot;group&quot;:&quot;&quot;,&quot;bonded&quot;:[],&quot;error&quot;:&quot;Authentication&quot;,&quot;con_stat&quot;:&quot;Disconnected&quot;,&quot;bitrate&quot;:0,&quot;dest&quot;:&quot;bonded/bonded31&quot;},{&quot;mip&quot;:&quot;4000.ts&quot;,&quot;port&quot;:0,&quot;ip&quot;:&quot;file&quot;,&quot;in_name&quot;:&quot;bond&quot;,&quot;in_active&quot;:1,&quot;in_active_sources&quot;:0,&quot;prg_name&quot;:&quot;&quot;,&quot;prg_prov&quot;:&quot;&quot;,&quot;prg_num&quot;:-1,&quot;chan&quot;:&quot;&quot;,&quot;chan_id&quot;:-1,&quot;id&quot;:&quot;zixi://bonded(bonded25)#10.7.0.66:2088@10.7.0.65,192.168.60.66:2088@192.168.50.65,192.168.5.166:2088@192.168.5.165&quot;,&quot;type&quot;:2,&quot;name&quot;:&quot;bond25&quot;,&quot;asi&quot;:0,&quot;rtmp&quot;:0,&quot;file&quot;:1,&quot;active&quot;:1,&quot;group&quot;:&quot;&quot;,&quot;bonded&quot;:[{&quot;host&quot;:&quot;10.7.0.66&quot;,&quot;port&quot;:2088,&quot;nic&quot;:&quot;10.7.0.65&quot;,&quot;limit&quot;:0,&quot;is_backup&quot;:0,&quot;bitrate&quot;:1002208,&quot;up_time&quot;:185,&quot;error_code&quot;:0,&quot;status_code&quot;:3,&quot;error_str&quot;:&quot;None&quot;,&quot;status_str&quot;:&quot;Connected&quot;},{&quot;host&quot;:&quot;192.168.60.66&quot;,&quot;port&quot;:2088,&quot;nic&quot;:&quot;192.168.50.65&quot;,&quot;limit&quot;:0,&quot;is_backup&quot;:0,&quot;bitrate&quot;:0,&quot;up_time&quot;:0,&quot;error_code&quot;:3,&quot;status_code&quot;:1,&quot;error_str&quot;:&quot;Timeout&quot;,&quot;status_str&quot;:&quot;Connecting&quot;},{&quot;host&quot;:&quot;192.168.5.166&quot;,&quot;port&quot;:2088,&quot;nic&quot;:&quot;192.168.5.165&quot;,&quot;limit&quot;:0,&quot;is_backup&quot;:0,&quot;bitrate&quot;:3727721,&quot;up_time&quot;:1,&quot;error_code&quot;:0,&quot;status_code&quot;:3,&quot;error_str&quot;:&quot;None&quot;,&quot;status_str&quot;:&quot;Connected&quot;}],&quot;error&quot;:&quot;None&quot;,&quot;con_stat&quot;:&quot;Disconnected&quot;,&quot;bitrate&quot;:3843088,&quot;dest&quot;:&quot;bonded/bonded25&quot;},{&quot;mip&quot;:&quot;4000.ts&quot;,&quot;port&quot;:0,&quot;ip&quot;:&quot;file&quot;,&quot;in_name&quot;:&quot;bond&quot;,&quot;in_active&quot;:1,&quot;in_active_sources&quot;:0,&quot;prg_name&quot;:&quot;&quot;,&quot;prg_prov&quot;:&quot;&quot;,&quot;prg_num&quot;:-1,&quot;chan&quot;:&quot;&quot;,&quot;chan_id&quot;:-1,&quot;id&quot;:&quot;zixi://bonded(bonded40)#10.7.0.66:2088@10.7.0.65,192.168.60.66:2088@192.168.50.65,192.168.5.166:2088@192.168.5.165&quot;,&quot;type&quot;:2,&quot;name&quot;:&quot;bond40&quot;,&quot;asi&quot;:0,&quot;rtmp&quot;:0,&quot;file&quot;:1,&quot;active&quot;:1,&quot;group&quot;:&quot;&quot;,&quot;bonded&quot;:[],&quot;error&quot;:&quot;Authentication&quot;,&quot;con_stat&quot;:&quot;Disconnected&quot;,&quot;bitrate&quot;:0,&quot;dest&quot;:&quot;bonded/bonded40&quot;},{&quot;mip&quot;:&quot;4000.ts&quot;,&quot;port&quot;:0,&quot;ip&quot;:&quot;file&quot;,&quot;in_name&quot;:&quot;bond&quot;,&quot;in_active&quot;:1,&quot;in_active_sources&quot;:0,&quot;prg_name&quot;:&quot;&quot;,&quot;prg_prov&quot;:&quot;&quot;,&quot;prg_num&quot;:-1,&quot;chan&quot;:&quot;&quot;,&quot;chan_id&quot;:-1,&quot;id&quot;:&quot;zixi://bonded(bonded46)#10.7.0.66:2088@10.7.0.65,192.168.60.66:2088@192.168.50.65,192.168.5.166:2088@192.168.5.165&quot;,&quot;type&quot;:2,&quot;name&quot;:&quot;bond46&quot;,&quot;asi&quot;:0,&quot;rtmp&quot;:0,&quot;file&quot;:1,&quot;active&quot;:1,&quot;group&quot;:&quot;&quot;,&quot;bonded&quot;:[],&quot;error&quot;:&quot;Authentication&quot;,&quot;con_stat&quot;:&quot;Disconnected&quot;,&quot;bitrate&quot;:0,&quot;dest&quot;:&quot;bonded/bonded46&quot;},{&quot;mip&quot;:&quot;4000.ts&quot;,&quot;port&quot;:0,&quot;ip&quot;:&quot;file&quot;,&quot;in_name&quot;:&quot;bond&quot;,&quot;in_active&quot;:1,&quot;in_active_sources&quot;:0,&quot;prg_name&quot;:&quot;&quot;,&quot;prg_prov&quot;:&quot;&quot;,&quot;prg_num&quot;:-1,&quot;chan&quot;:&quot;&quot;,&quot;chan_id&quot;:-1,&quot;id&quot;:&quot;zixi://bonded(bonded49)#10.7.0.66:2088@10.7.0.65,192.168.60.66:2088@192.168.50.65,192.168.5.166:2088@192.168.5.165&quot;,&quot;type&quot;:2,&quot;name&quot;:&quot;bond49&quot;,&quot;asi&quot;:0,&quot;rtmp&quot;:0,&quot;file&quot;:1,&quot;active&quot;:1,&quot;group&quot;:&quot;&quot;,&quot;bonded&quot;:[],&quot;error&quot;:&quot;Timeout&quot;,&quot;con_stat&quot;:&quot;Connecting&quot;,&quot;bitrate&quot;:0,&quot;dest&quot;:&quot;bonded/bonded49&quot;},{&quot;mip&quot;:&quot;4000.ts&quot;,&quot;port&quot;:0,&quot;ip&quot;:&quot;file&quot;,&quot;in_name&quot;:&quot;bond&quot;,&quot;in_active&quot;:1,&quot;in_active_sources&quot;:0,&quot;prg_name&quot;:&quot;&quot;,&quot;prg_prov&quot;:&quot;&quot;,&quot;prg_num&quot;:-1,&quot;chan&quot;:&quot;&quot;,&quot;chan_id&quot;:-1,&quot;id&quot;:&quot;zixi://bonded(bonded34)#10.7.0.66:2088@10.7.0.65,192.168.60.66:2088@192.168.50.65,192.168.5.166:2088@192.168.5.165&quot;,&quot;type&quot;:2,&quot;name&quot;:&quot;bond34&quot;,&quot;asi&quot;:0,&quot;rtmp&quot;:0,&quot;file&quot;:1,&quot;active&quot;:1,&quot;group&quot;:&quot;&quot;,&quot;bonded&quot;:[],&quot;error&quot;:&quot;Timeout&quot;,&quot;con_stat&quot;:&quot;Connecting&quot;,&quot;bitrate&quot;:0,&quot;dest&quot;:&quot;bonded/bonded34&quot;},{&quot;mip&quot;:&quot;4000.ts&quot;,&quot;port&quot;:0,&quot;ip&quot;:&quot;file&quot;,&quot;in_name&quot;:&quot;bond&quot;,&quot;in_active&quot;:1,&quot;in_active_sources&quot;:0,&quot;prg_name&quot;:&quot;&quot;,&quot;prg_prov&quot;:&quot;&quot;,&quot;prg_num&quot;:-1,&quot;chan&quot;:&quot;&quot;,&quot;chan_id&quot;:-1,&quot;id&quot;:&quot;zixi://bonded(bonded42)#10.7.0.66:2088@10.7.0.65,192.168.60.66:2088@192.168.50.65,192.168.5.166:2088@192.168.5.165&quot;,&quot;type&quot;:2,&quot;name&quot;:&quot;bond42&quot;,&quot;asi&quot;:0,&quot;rtmp&quot;:0,&quot;file&quot;:1,&quot;active&quot;:1,&quot;group&quot;:&quot;&quot;,&quot;bonded&quot;:[],&quot;error&quot;:&quot;Timeout&quot;,&quot;con_stat&quot;:&quot;Connecting&quot;,&quot;bitrate&quot;:0,&quot;dest&quot;:&quot;bonded/bonded42&quot;},{&quot;mip&quot;:&quot;4000.ts&quot;,&quot;port&quot;:0,&quot;ip&quot;:&quot;file&quot;,&quot;in_name&quot;:&quot;bond&quot;,&quot;in_active&quot;:1,&quot;in_active_sources&quot;:0,&quot;prg_name&quot;:&quot;&quot;,&quot;prg_prov&quot;:&quot;&quot;,&quot;prg_num&quot;:-1,&quot;chan&quot;:&quot;&quot;,&quot;chan_id&quot;:-1,&quot;id&quot;:&quot;zixi://bonded(bonded45)#10.7.0.66:2088@10.7.0.65,192.168.60.66:2088@192.168.50.65,192.168.5.166:2088@192.168.5.165&quot;,&quot;type&quot;:2,&quot;name&quot;:&quot;bond45&quot;,&quot;asi&quot;:0,&quot;rtmp&quot;:0,&quot;file&quot;:1,&quot;active&quot;:1,&quot;group&quot;:&quot;&quot;,&quot;bonded&quot;:[],&quot;error&quot;:&quot;Timeout&quot;,&quot;con_stat&quot;:&quot;Connecting&quot;,&quot;bitrate&quot;:0,&quot;dest&quot;:&quot;bonded/bonded45&quot;},{&quot;mip&quot;:&quot;4000.ts&quot;,&quot;port&quot;:0,&quot;ip&quot;:&quot;file&quot;,&quot;in_name&quot;:&quot;bond&quot;,&quot;in_active&quot;:1,&quot;in_active_sources&quot;:0,&quot;prg_name&quot;:&quot;&quot;,&quot;prg_prov&quot;:&quot;&quot;,&quot;prg_num&quot;:-1,&quot;chan&quot;:&quot;&quot;,&quot;chan_id&quot;:-1,&quot;id&quot;:&quot;zixi://bonded(bonded43)#10.7.0.66:2088@10.7.0.65,192.168.60.66:2088@192.168.50.65,192.168.5.166:2088@192.168.5.165&quot;,&quot;type&quot;:2,&quot;name&quot;:&quot;bond43&quot;,&quot;asi&quot;:0,&quot;rtmp&quot;:0,&quot;file&quot;:1,&quot;active&quot;:1,&quot;group&quot;:&quot;&quot;,&quot;bonded&quot;:[],&quot;error&quot;:&quot;Authentication&quot;,&quot;con_stat&quot;:&quot;Disconnected&quot;,&quot;bitrate&quot;:0,&quot;dest&quot;:&quot;bonded/bonded43&quot;},{&quot;mip&quot;:&quot;4000.ts&quot;,&quot;port&quot;:0,&quot;ip&quot;:&quot;file&quot;,&quot;in_name&quot;:&quot;bond&quot;,&quot;in_active&quot;:1,&quot;in_active_sources&quot;:0,&quot;prg_name&quot;:&quot;&quot;,&quot;prg_prov&quot;:&quot;&quot;,&quot;prg_num&quot;:-1,&quot;chan&quot;:&quot;&quot;,&quot;chan_id&quot;:-1,&quot;id&quot;:&quot;zixi://bonded(bonded38)#10.7.0.66:2088@10.7.0.65,192.168.60.66:2088@192.168.50.65,192.168.5.166:2088@192.168.5.165&quot;,&quot;type&quot;:2,&quot;name&quot;:&quot;bond38&quot;,&quot;asi&quot;:0,&quot;rtmp&quot;:0,&quot;file&quot;:1,&quot;active&quot;:1,&quot;group&quot;:&quot;&quot;,&quot;bonded&quot;:[],&quot;error&quot;:&quot;Timeout&quot;,&quot;con_stat&quot;:&quot;Disconnected&quot;,&quot;bitrate&quot;:0,&quot;dest&quot;:&quot;bonded/bonded38&quot;},{&quot;mip&quot;:&quot;4000.ts&quot;,&quot;port&quot;:0,&quot;ip&quot;:&quot;file&quot;,&quot;in_name&quot;:&quot;bond&quot;,&quot;in_active&quot;:1,&quot;in_active_sources&quot;:0,&quot;prg_name&quot;:&quot;&quot;,&quot;prg_prov&quot;:&quot;&quot;,&quot;prg_num&quot;:-1,&quot;chan&quot;:&quot;&quot;,&quot;chan_id&quot;:-1,&quot;id&quot;:&quot;zixi://bonded(bonded47)#10.7.0.66:2088@10.7.0.65,192.168.60.66:2088@192.168.50.65,192.168.5.166:2088@192.168.5.165&quot;,&quot;type&quot;:2,&quot;name&quot;:&quot;bond47&quot;,&quot;asi&quot;:0,&quot;rtmp&quot;:0,&quot;file&quot;:1,&quot;active&quot;:1,&quot;group&quot;:&quot;&quot;,&quot;bonded&quot;:[],&quot;error&quot;:&quot;Authentication&quot;,&quot;con_stat&quot;:&quot;Disconnected&quot;,&quot;bitrate&quot;:0,&quot;dest&quot;:&quot;bonded/bonded47&quot;},{&quot;mip&quot;:&quot;4000.ts&quot;,&quot;port&quot;:0,&quot;ip&quot;:&quot;file&quot;,&quot;in_name&quot;:&quot;bond&quot;,&quot;in_active&quot;:1,&quot;in_active_sources&quot;:0,&quot;prg_name&quot;:&quot;&quot;,&quot;prg_prov&quot;:&quot;&quot;,&quot;prg_num&quot;:-1,&quot;chan&quot;:&quot;&quot;,&quot;chan_id&quot;:-1,&quot;id&quot;:&quot;zixi://bonded(bonded48)#10.7.0.66:2088@10.7.0.65,192.168.60.66:2088@192.168.50.65,192.168.5.166:2088@192.168.5.165&quot;,&quot;type&quot;:2,&quot;name&quot;:&quot;bond48&quot;,&quot;asi&quot;:0,&quot;rtmp&quot;:0,&quot;file&quot;:1,&quot;active&quot;:1,&quot;group&quot;:&quot;&quot;,&quot;bonded&quot;:[],&quot;error&quot;:&quot;Timeout&quot;,&quot;con_stat&quot;:&quot;Connecting&quot;,&quot;bitrate&quot;:0,&quot;dest&quot;:&quot;bonded/bonded48&quot;},{&quot;mip&quot;:&quot;4000.ts&quot;,&quot;port&quot;:0,&quot;ip&quot;:&quot;file&quot;,&quot;in_name&quot;:&quot;bond&quot;,&quot;in_active&quot;:1,&quot;in_active_sources&quot;:0,&quot;prg_name&quot;:&quot;&quot;,&quot;prg_prov&quot;:&quot;&quot;,&quot;prg_num&quot;:-1,&quot;chan&quot;:&quot;&quot;,&quot;chan_id&quot;:-1,&quot;id&quot;:&quot;zixi://bonded(bonded14)#10.7.0.66:2088@10.7.0.65,192.168.60.66:2088@192.168.50.65,192.168.5.166:2088@192.168.5.165&quot;,&quot;type&quot;:2,&quot;name&quot;:&quot;bond14&quot;,&quot;asi&quot;:0,&quot;rtmp&quot;:0,&quot;file&quot;:1,&quot;active&quot;:1,&quot;group&quot;:&quot;&quot;,&quot;bonded&quot;:[],&quot;error&quot;:&quot;Timeout&quot;,&quot;con_stat&quot;:&quot;Connecting&quot;,&quot;bitrate&quot;:0,&quot;dest&quot;:&quot;bonded/bonded14&quot;},{&quot;mip&quot;:&quot;4000.ts&quot;,&quot;port&quot;:0,&quot;ip&quot;:&quot;file&quot;,&quot;in_name&quot;:&quot;bond&quot;,&quot;in_active&quot;:1,&quot;in_active_sources&quot;:0,&quot;prg_name&quot;:&quot;&quot;,&quot;prg_prov&quot;:&quot;&quot;,&quot;prg_num&quot;:-1,&quot;chan&quot;:&quot;&quot;,&quot;chan_id&quot;:-1,&quot;id&quot;:&quot;zixi://bonded(bonded6)#10.7.0.66:2088@10.7.0.65,192.168.60.66:2088@192.168.50.65,192.168.5.166:2088@192.168.5.165&quot;,&quot;type&quot;:2,&quot;name&quot;:&quot;bond6&quot;,&quot;asi&quot;:0,&quot;rtmp&quot;:0,&quot;file&quot;:1,&quot;active&quot;:1,&quot;group&quot;:&quot;&quot;,&quot;bonded&quot;:[{&quot;host&quot;:&quot;10.7.0.66&quot;,&quot;port&quot;:2088,&quot;nic&quot;:&quot;10.7.0.65&quot;,&quot;limit&quot;:0,&quot;is_backup&quot;:0,&quot;bitrate&quot;:1008937,&quot;up_time&quot;:72,&quot;error_code&quot;:0,&quot;status_code&quot;:3,&quot;error_str&quot;:&quot;None&quot;,&quot;status_str&quot;:&quot;Connected&quot;},{&quot;host&quot;:&quot;192.168.60.66&quot;,&quot;port&quot;:2088,&quot;nic&quot;:&quot;192.168.50.65&quot;,&quot;limit&quot;:0,&quot;is_backup&quot;:0,&quot;bitrate&quot;:0,&quot;up_time&quot;:0,&quot;error_code&quot;:3,&quot;status_code&quot;:1,&quot;error_str&quot;:&quot;Timeout&quot;,&quot;status_str&quot;:&quot;Connecting&quot;},{&quot;host&quot;:&quot;192.168.5.166&quot;,&quot;port&quot;:2088,&quot;nic&quot;:&quot;192.168.5.165&quot;,&quot;limit&quot;:0,&quot;is_backup&quot;:0,&quot;bitrate&quot;:3191671,&quot;up_time&quot;:313,&quot;error_code&quot;:0,&quot;status_code&quot;:3,&quot;error_str&quot;:&quot;None&quot;,&quot;status_str&quot;:&quot;Connected&quot;}],&quot;error&quot;:&quot;None&quot;,&quot;con_stat&quot;:&quot;Disconnected&quot;,&quot;bitrate&quot;:4141232,&quot;dest&quot;:&quot;bonded/bonded6&quot;},{&quot;mip&quot;:&quot;4000.ts&quot;,&quot;port&quot;:0,&quot;ip&quot;:&quot;file&quot;,&quot;in_name&quot;:&quot;bond&quot;,&quot;in_active&quot;:1,&quot;in_active_sources&quot;:0,&quot;prg_name&quot;:&quot;&quot;,&quot;prg_prov&quot;:&quot;&quot;,&quot;prg_num&quot;:-1,&quot;chan&quot;:&quot;&quot;,&quot;chan_id&quot;:-1,&quot;id&quot;:&quot;zixi://bonded(bonded2)#10.7.0.66:2088@10.7.0.65,192.168.60.66:2088@192.168.50.65,192.168.5.166:2088@192.168.5.165&quot;,&quot;type&quot;:2,&quot;name&quot;:&quot;bond2&quot;,&quot;asi&quot;:0,&quot;rtmp&quot;:0,&quot;file&quot;:1,&quot;active&quot;:1,&quot;group&quot;:&quot;&quot;,&quot;bonded&quot;:[{&quot;host&quot;:&quot;10.7.0.66&quot;,&quot;port&quot;:2088,&quot;nic&quot;:&quot;10.7.0.65&quot;,&quot;limit&quot;:0,&quot;is_backup&quot;:0,&quot;bitrate&quot;:1008649,&quot;up_time&quot;:211,&quot;error_code&quot;:0,&quot;status_code&quot;:3,&quot;error_str&quot;:&quot;None&quot;,&quot;status_str&quot;:&quot;Connected&quot;},{&quot;host&quot;:&quot;192.168.60.66&quot;,&quot;port&quot;:2088,&quot;nic&quot;:&quot;192.168.50.65&quot;,&quot;limit&quot;:0,&quot;is_backup&quot;:0,&quot;bitrate&quot;:0,&quot;up_time&quot;:0,&quot;error_code&quot;:3,&quot;status_code&quot;:1,&quot;error_str&quot;:&quot;Timeout&quot;,&quot;status_str&quot;:&quot;Connecting&quot;},{&quot;host&quot;:&quot;192.168.5.166&quot;,&quot;port&quot;:2088,&quot;nic&quot;:&quot;192.168.5.165&quot;,&quot;limit&quot;:0,&quot;is_backup&quot;:0,&quot;bitrate&quot;:3211923,&quot;up_time&quot;:258,&quot;error_code&quot;:0,&quot;status_code&quot;:3,&quot;error_str&quot;:&quot;None&quot;,&quot;status_str&quot;:&quot;Connected&quot;}],&quot;error&quot;:&quot;None&quot;,&quot;con_stat&quot;:&quot;Disconnected&quot;,&quot;bitrate&quot;:4147868,&quot;dest&quot;:&quot;bonded/bonded2&quot;},{&quot;mip&quot;:&quot;4000.ts&quot;,&quot;port&quot;:0,&quot;ip&quot;:&quot;file&quot;,&quot;in_name&quot;:&quot;bond&quot;,&quot;in_active&quot;:1,&quot;in_active_sources&quot;:0,&quot;prg_name&quot;:&quot;&quot;,&quot;prg_prov&quot;:&quot;&quot;,&quot;prg_num&quot;:-1,&quot;chan&quot;:&quot;&quot;,&quot;chan_id&quot;:-1,&quot;id&quot;:&quot;zixi://bonded(bonded1)#10.7.0.66:2088@10.7.0.65,192.168.60.66:2088@192.168.50.65,192.168.5.166:2088@192.168.5.165&quot;,&quot;type&quot;:2,&quot;name&quot;:&quot;bond1&quot;,&quot;asi&quot;:0,&quot;rtmp&quot;:0,&quot;file&quot;:1,&quot;active&quot;:1,&quot;group&quot;:&quot;&quot;,&quot;bonded&quot;:[{&quot;host&quot;:&quot;10.7.0.66&quot;,&quot;port&quot;:2088,&quot;nic&quot;:&quot;10.7.0.65&quot;,&quot;limit&quot;:0,&quot;is_backup&quot;:0,&quot;bitrate&quot;:1009531,&quot;up_time&quot;:300,&quot;error_code&quot;:0,&quot;status_code&quot;:3,&quot;error_str&quot;:&quot;None&quot;,&quot;status_str&quot;:&quot;Connected&quot;},{&quot;host&quot;:&quot;192.168.60.66&quot;,&quot;port&quot;:2088,&quot;nic&quot;:&quot;192.168.50.65&quot;,&quot;limit&quot;:0,&quot;is_backup&quot;:0,&quot;bitrate&quot;:0,&quot;up_time&quot;:0,&quot;error_code&quot;:3,&quot;status_code&quot;:1,&quot;error_str&quot;:&quot;Timeout&quot;,&quot;status_str&quot;:&quot;Connecting&quot;},{&quot;host&quot;:&quot;192.168.5.166&quot;,&quot;port&quot;:2088,&quot;nic&quot;:&quot;192.168.5.165&quot;,&quot;limit&quot;:0,&quot;is_backup&quot;:0,&quot;bitrate&quot;:4680955,&quot;up_time&quot;:268,&quot;error_code&quot;:0,&quot;status_code&quot;:3,&quot;error_str&quot;:&quot;None&quot;,&quot;status_str&quot;:&quot;Connected&quot;}],&quot;error&quot;:&quot;None&quot;,&quot;con_stat&quot;:&quot;Disconnected&quot;,&quot;bitrate&quot;:5623144,&quot;dest&quot;:&quot;bonded/bonded1&quot;},{&quot;mip&quot;:&quot;4000.ts&quot;,&quot;port&quot;:0,&quot;ip&quot;:&quot;file&quot;,&quot;in_name&quot;:&quot;bond&quot;,&quot;in_active&quot;:1,&quot;in_active_sources&quot;:0,&quot;prg_name&quot;:&quot;&quot;,&quot;prg_prov&quot;:&quot;&quot;,&quot;prg_num&quot;:-1,&quot;chan&quot;:&quot;&quot;,&quot;chan_id&quot;:-1,&quot;id&quot;:&quot;zixi://bonded(bonded4)#10.7.0.66:2088@10.7.0.65,192.168.60.66:2088@192.168.50.65,192.168.5.166:2088@192.168.5.165&quot;,&quot;type&quot;:2,&quot;name&quot;:&quot;bond4&quot;,&quot;asi&quot;:0,&quot;rtmp&quot;:0,&quot;file&quot;:1,&quot;active&quot;:1,&quot;group&quot;:&quot;&quot;,&quot;bonded&quot;:[],&quot;error&quot;:&quot;Timeout&quot;,&quot;con_stat&quot;:&quot;Connecting&quot;,&quot;bitrate&quot;:0,&quot;dest&quot;:&quot;bonded/bonded4&quot;},{&quot;mip&quot;:&quot;4000.ts&quot;,&quot;port&quot;:0,&quot;ip&quot;:&quot;file&quot;,&quot;in_name&quot;:&quot;bond&quot;,&quot;in_active&quot;:1,&quot;in_active_sources&quot;:0,&quot;prg_name&quot;:&quot;&quot;,&quot;prg_prov&quot;:&quot;&quot;,&quot;prg_num&quot;:-1,&quot;chan&quot;:&quot;&quot;,&quot;chan_id&quot;:-1,&quot;id&quot;:&quot;zixi://bonded(bonded5)#10.7.0.66:2088@10.7.0.65,192.168.60.66:2088@192.168.50.65,192.168.5.166:2088@192.168.5.165&quot;,&quot;type&quot;:2,&quot;name&quot;:&quot;bond5&quot;,&quot;asi&quot;:0,&quot;rtmp&quot;:0,&quot;file&quot;:1,&quot;active&quot;:1,&quot;group&quot;:&quot;&quot;,&quot;bonded&quot;:[{&quot;host&quot;:&quot;10.7.0.66&quot;,&quot;port&quot;:2088,&quot;nic&quot;:&quot;10.7.0.65&quot;,&quot;limit&quot;:0,&quot;is_backup&quot;:0,&quot;bitrate&quot;:1010819,&quot;up_time&quot;:305,&quot;error_code&quot;:0,&quot;status_code&quot;:3,&quot;error_str&quot;:&quot;None&quot;,&quot;status_str&quot;:&quot;Connected&quot;},{&quot;host&quot;:&quot;192.168.60.66&quot;,&quot;port&quot;:2088,&quot;nic&quot;:&quot;192.168.50.65&quot;,&quot;limit&quot;:0,&quot;is_backup&quot;:0,&quot;bitrate&quot;:0,&quot;up_time&quot;:0,&quot;error_code&quot;:3,&quot;status_code&quot;:1,&quot;error_str&quot;:&quot;Timeout&quot;,&quot;status_str&quot;:&quot;Connecting&quot;},{&quot;host&quot;:&quot;192.168.5.166&quot;,&quot;port&quot;:2088,&quot;nic&quot;:&quot;192.168.5.165&quot;,&quot;limit&quot;:0,&quot;is_backup&quot;:0,&quot;bitrate&quot;:3182468,&quot;up_time&quot;:273,&quot;error_code&quot;:0,&quot;status_code&quot;:3,&quot;error_str&quot;:&quot;None&quot;,&quot;status_str&quot;:&quot;Connected&quot;}],&quot;error&quot;:&quot;None&quot;,&quot;con_stat&quot;:&quot;Disconnected&quot;,&quot;bitrate&quot;:4128175,&quot;dest&quot;:&quot;bonded/bonded5&quot;},{&quot;mip&quot;:&quot;4000.ts&quot;,&quot;port&quot;:0,&quot;ip&quot;:&quot;file&quot;,&quot;in_name&quot;:&quot;bond&quot;,&quot;in_active&quot;:1,&quot;in_active_sources&quot;:0,&quot;prg_name&quot;:&quot;&quot;,&quot;prg_prov&quot;:&quot;&quot;,&quot;prg_num&quot;:-1,&quot;chan&quot;:&quot;&quot;,&quot;chan_id&quot;:-1,&quot;id&quot;:&quot;zixi://bonded(bonded9)#10.7.0.66:2088@10.7.0.65,192.168.60.66:2088@192.168.50.65,192.168.5.166:2088@192.168.5.165&quot;,&quot;type&quot;:2,&quot;name&quot;:&quot;bond9&quot;,&quot;asi&quot;:0,&quot;rtmp&quot;:0,&quot;file&quot;:1,&quot;active&quot;:1,&quot;group&quot;:&quot;&quot;,&quot;bonded&quot;:[{&quot;host&quot;:&quot;10.7.0.66&quot;,&quot;port&quot;:2088,&quot;nic&quot;:&quot;10.7.0.65&quot;,&quot;limit&quot;:0,&quot;is_backup&quot;:0,&quot;bitrate&quot;:999325,&quot;up_time&quot;:173,&quot;error_code&quot;:0,&quot;status_code&quot;:3,&quot;error_str&quot;:&quot;None&quot;,&quot;status_str&quot;:&quot;Connected&quot;},{&quot;host&quot;:&quot;192.168.60.66&quot;,&quot;port&quot;:2088,&quot;nic&quot;:&quot;192.168.50.65&quot;,&quot;limit&quot;:0,&quot;is_backup&quot;:0,&quot;bitrate&quot;:0,&quot;up_time&quot;:0,&quot;error_code&quot;:3,&quot;status_code&quot;:1,&quot;error_str&quot;:&quot;Timeout&quot;,&quot;status_str&quot;:&quot;Connecting&quot;},{&quot;host&quot;:&quot;192.168.5.166&quot;,&quot;port&quot;:2088,&quot;nic&quot;:&quot;192.168.5.165&quot;,&quot;limit&quot;:0,&quot;is_backup&quot;:0,&quot;bitrate&quot;:3238598,&quot;up_time&quot;:91,&quot;error_code&quot;:0,&quot;status_code&quot;:3,&quot;error_str&quot;:&quot;None&quot;,&quot;status_str&quot;:&quot;Connected&quot;}],&quot;error&quot;:&quot;None&quot;,&quot;con_stat&quot;:&quot;Disconnected&quot;,&quot;bitrate&quot;:4161776,&quot;dest&quot;:&quot;bonded/bonded9&quot;},{&quot;mip&quot;:&quot;4000.ts&quot;,&quot;port&quot;:0,&quot;ip&quot;:&quot;file&quot;,&quot;in_name&quot;:&quot;bond&quot;,&quot;in_active&quot;:1,&quot;in_active_sources&quot;:0,&quot;prg_name&quot;:&quot;&quot;,&quot;prg_prov&quot;:&quot;&quot;,&quot;prg_num&quot;:-1,&quot;chan&quot;:&quot;&quot;,&quot;chan_id&quot;:-1,&quot;id&quot;:&quot;zixi://bonded(bonded12)#10.7.0.66:2088@10.7.0.65,192.168.60.66:2088@192.168.50.65,192.168.5.166:2088@192.168.5.165&quot;,&quot;type&quot;:2,&quot;name&quot;:&quot;bond12&quot;,&quot;asi&quot;:0,&quot;rtmp&quot;:0,&quot;file&quot;:1,&quot;active&quot;:1,&quot;group&quot;:&quot;&quot;,&quot;bonded&quot;:[{&quot;host&quot;:&quot;10.7.0.66&quot;,&quot;port&quot;:2088,&quot;nic&quot;:&quot;10.7.0.65&quot;,&quot;limit&quot;:0,&quot;is_backup&quot;:0,&quot;bitrate&quot;:1007975,&quot;up_time&quot;:167,&quot;error_code&quot;:0,&quot;status_code&quot;:3,&quot;error_str&quot;:&quot;None&quot;,&quot;status_str&quot;:&quot;Connected&quot;},{&quot;host&quot;:&quot;192.168.60.66&quot;,&quot;port&quot;:2088,&quot;nic&quot;:&quot;192.168.50.65&quot;,&quot;limit&quot;:0,&quot;is_backup&quot;:0,&quot;bitrate&quot;:0,&quot;up_time&quot;:0,&quot;error_code&quot;:3,&quot;status_code&quot;:1,&quot;error_str&quot;:&quot;Timeout&quot;,&quot;status_str&quot;:&quot;Connecting&quot;},{&quot;host&quot;:&quot;192.168.5.166&quot;,&quot;port&quot;:2088,&quot;nic&quot;:&quot;192.168.5.165&quot;,&quot;limit&quot;:0,&quot;is_backup&quot;:0,&quot;bitrate&quot;:3217247,&quot;up_time&quot;:81,&quot;error_code&quot;:0,&quot;status_code&quot;:3,&quot;error_str&quot;:&quot;None&quot;,&quot;status_str&quot;:&quot;Connected&quot;}],&quot;error&quot;:&quot;None&quot;,&quot;con_stat&quot;:&quot;Disconnected&quot;,&quot;bitrate&quot;:4151504,&quot;dest&quot;:&quot;bonded/bonded12&quot;},{&quot;mip&quot;:&quot;4000.ts&quot;,&quot;port&quot;:0,&quot;ip&quot;:&quot;file&quot;,&quot;in_name&quot;:&quot;bond&quot;,&quot;in_active&quot;:1,&quot;in_active_sources&quot;:0,&quot;prg_name&quot;:&quot;&quot;,&quot;prg_prov&quot;:&quot;&quot;,&quot;prg_num&quot;:-1,&quot;chan&quot;:&quot;&quot;,&quot;chan_id&quot;:-1,&quot;id&quot;:&quot;zixi://bonded(bonded10)#10.7.0.66:2088@10.7.0.65,192.168.60.66:2088@192.168.50.65,192.168.5.166:2088@192.168.5.165&quot;,&quot;type&quot;:2,&quot;name&quot;:&quot;bond10&quot;,&quot;asi&quot;:0,&quot;rtmp&quot;:0,&quot;file&quot;:1,&quot;active&quot;:1,&quot;group&quot;:&quot;&quot;,&quot;bonded&quot;:[],&quot;error&quot;:&quot;Authentication&quot;,&quot;con_stat&quot;:&quot;Disconnected&quot;,&quot;bitrate&quot;:0,&quot;dest&quot;:&quot;bonded/bonded10&quot;},{&quot;mip&quot;:&quot;4000.ts&quot;,&quot;port&quot;:0,&quot;ip&quot;:&quot;file&quot;,&quot;in_name&quot;:&quot;bond&quot;,&quot;in_active&quot;:1,&quot;in_active_sources&quot;:0,&quot;prg_name&quot;:&quot;&quot;,&quot;prg_prov&quot;:&quot;&quot;,&quot;prg_num&quot;:-1,&quot;chan&quot;:&quot;&quot;,&quot;chan_id&quot;:-1,&quot;id&quot;:&quot;zixi://bonded(bonded13)#10.7.0.66:2088@10.7.0.65,192.168.60.66:2088@192.168.50.65,192.168.5.166:2088@192.168.5.165&quot;,&quot;type&quot;:2,&quot;name&quot;:&quot;bond13&quot;,&quot;asi&quot;:0,&quot;rtmp&quot;:0,&quot;file&quot;:1,&quot;active&quot;:1,&quot;group&quot;:&quot;&quot;,&quot;bonded&quot;:[{&quot;host&quot;:&quot;10.7.0.66&quot;,&quot;port&quot;:2088,&quot;nic&quot;:&quot;10.7.0.65&quot;,&quot;limit&quot;:0,&quot;is_backup&quot;:0,&quot;bitrate&quot;:1002730,&quot;up_time&quot;:169,&quot;error_code&quot;:0,&quot;status_code&quot;:3,&quot;error_str&quot;:&quot;None&quot;,&quot;status_str&quot;:&quot;Connected&quot;},{&quot;host&quot;:&quot;192.168.60.66&quot;,&quot;port&quot;:2088,&quot;nic&quot;:&quot;192.168.50.65&quot;,&quot;limit&quot;:0,&quot;is_backup&quot;:0,&quot;bitrate&quot;:0,&quot;up_time&quot;:0,&quot;error_code&quot;:3,&quot;status_code&quot;:1,&quot;error_str&quot;:&quot;Timeout&quot;,&quot;status_str&quot;:&quot;Connecting&quot;},{&quot;host&quot;:&quot;192.168.5.166&quot;,&quot;port&quot;:2088,&quot;nic&quot;:&quot;192.168.5.165&quot;,&quot;limit&quot;:0,&quot;is_backup&quot;:0,&quot;bitrate&quot;:3200561,&quot;up_time&quot;:312,&quot;error_code&quot;:0,&quot;status_code&quot;:3,&quot;error_str&quot;:&quot;None&quot;,&quot;status_str&quot;:&quot;Connected&quot;}],&quot;error&quot;:&quot;None&quot;,&quot;con_stat&quot;:&quot;Disconnected&quot;,&quot;bitrate&quot;:4141808,&quot;dest&quot;:&quot;bonded/bonded13&quot;},{&quot;mip&quot;:&quot;4000.ts&quot;,&quot;port&quot;:0,&quot;ip&quot;:&quot;file&quot;,&quot;in_name&quot;:&quot;bond&quot;,&quot;in_active&quot;:1,&quot;in_active_sources&quot;:0,&quot;prg_name&quot;:&quot;&quot;,&quot;prg_prov&quot;:&quot;&quot;,&quot;prg_num&quot;:-1,&quot;chan&quot;:&quot;&quot;,&quot;chan_id&quot;:-1,&quot;id&quot;:&quot;zixi://bonded(bonded11)#10.7.0.66:2088@10.7.0.65,192.168.60.66:2088@192.168.50.65,192.168.5.166:2088@192.168.5.165&quot;,&quot;type&quot;:2,&quot;name&quot;:&quot;bond11&quot;,&quot;asi&quot;:0,&quot;rtmp&quot;:0,&quot;file&quot;:1,&quot;active&quot;:1,&quot;group&quot;:&quot;&quot;,&quot;bonded&quot;:[{&quot;host&quot;:&quot;10.7.0.66&quot;,&quot;port&quot;:2088,&quot;nic&quot;:&quot;10.7.0.65&quot;,&quot;limit&quot;:0,&quot;is_backup&quot;:0,&quot;bitrate&quot;:993059,&quot;up_time&quot;:145,&quot;error_code&quot;:0,&quot;status_code&quot;:3,&quot;error_str&quot;:&quot;None&quot;,&quot;status_str&quot;:&quot;Connected&quot;},{&quot;host&quot;:&quot;192.168.60.66&quot;,&quot;port&quot;:2088,&quot;nic&quot;:&quot;192.168.50.65&quot;,&quot;limit&quot;:0,&quot;is_backup&quot;:0,&quot;bitrate&quot;:0,&quot;up_time&quot;:0,&quot;error_code&quot;:3,&quot;status_code&quot;:1,&quot;error_str&quot;:&quot;Timeout&quot;,&quot;status_str&quot;:&quot;Connecting&quot;},{&quot;host&quot;:&quot;192.168.5.166&quot;,&quot;port&quot;:2088,&quot;nic&quot;:&quot;192.168.5.165&quot;,&quot;limit&quot;:0,&quot;is_backup&quot;:0,&quot;bitrate&quot;:3170792,&quot;up_time&quot;:148,&quot;error_code&quot;:0,&quot;status_code&quot;:3,&quot;error_str&quot;:&quot;None&quot;,&quot;status_str&quot;:&quot;Connected&quot;}],&quot;error&quot;:&quot;None&quot;,&quot;con_stat&quot;:&quot;Disconnected&quot;,&quot;bitrate&quot;:4110920,&quot;dest&quot;:&quot;bonded/bonded11&quot;},{&quot;mip&quot;:&quot;4000.ts&quot;,&quot;port&quot;:0,&quot;ip&quot;:&quot;file&quot;,&quot;in_name&quot;:&quot;bond&quot;,&quot;in_active&quot;:1,&quot;in_active_sources&quot;:0,&quot;prg_name&quot;:&quot;&quot;,&quot;prg_prov&quot;:&quot;&quot;,&quot;prg_num&quot;:-1,&quot;chan&quot;:&quot;&quot;,&quot;chan_id&quot;:-1,&quot;id&quot;:&quot;zixi://bonded(bonded7)#10.7.0.66:2088@10.7.0.65,192.168.60.66:2088@192.168.50.65,192.168.5.166:2088@192.168.5.165&quot;,&quot;type&quot;:2,&quot;name&quot;:&quot;bond7&quot;,&quot;asi&quot;:0,&quot;rtmp&quot;:0,&quot;file&quot;:1,&quot;active&quot;:1,&quot;group&quot;:&quot;&quot;,&quot;bonded&quot;:[{&quot;host&quot;:&quot;10.7.0.66&quot;,&quot;port&quot;:2088,&quot;nic&quot;:&quot;10.7.0.65&quot;,&quot;limit&quot;:0,&quot;is_backup&quot;:0,&quot;bitrate&quot;:1008915,&quot;up_time&quot;:305,&quot;error_code&quot;:0,&quot;status_code&quot;:3,&quot;error_str&quot;:&quot;None&quot;,&quot;status_str&quot;:&quot;Connected&quot;},{&quot;host&quot;:&quot;192.168.60.66&quot;,&quot;port&quot;:2088,&quot;nic&quot;:&quot;192.168.50.65&quot;,&quot;limit&quot;:0,&quot;is_backup&quot;:0,&quot;bitrate&quot;:0,&quot;up_time&quot;:0,&quot;error_code&quot;:3,&quot;status_code&quot;:1,&quot;error_str&quot;:&quot;Timeout&quot;,&quot;status_str&quot;:&quot;Connecting&quot;},{&quot;host&quot;:&quot;192.168.5.166&quot;,&quot;port&quot;:2088,&quot;nic&quot;:&quot;192.168.5.165&quot;,&quot;limit&quot;:0,&quot;is_backup&quot;:0,&quot;bitrate&quot;:3182777,&quot;up_time&quot;:263,&quot;error_code&quot;:0,&quot;status_code&quot;:3,&quot;error_str&quot;:&quot;None&quot;,&quot;status_str&quot;:&quot;Connected&quot;}],&quot;error&quot;:&quot;None&quot;,&quot;con_stat&quot;:&quot;Disconnected&quot;,&quot;bitrate&quot;:4121424,&quot;dest&quot;:&quot;bonded/bonded7&quot;},{&quot;mip&quot;:&quot;4000.ts&quot;,&quot;port&quot;:0,&quot;ip&quot;:&quot;file&quot;,&quot;in_name&quot;:&quot;bond&quot;,&quot;in_active&quot;:1,&quot;in_active_sources&quot;:0,&quot;prg_name&quot;:&quot;&quot;,&quot;prg_prov&quot;:&quot;&quot;,&quot;prg_num&quot;:-1,&quot;chan&quot;:&quot;&quot;,&quot;chan_id&quot;:-1,&quot;id&quot;:&quot;zixi://bonded(bonded3)#10.7.0.66:2088@10.7.0.65,192.168.60.66:2088@192.168.50.65,192.168.5.166:2088@192.168.5.165&quot;,&quot;type&quot;:2,&quot;name&quot;:&quot;bond3&quot;,&quot;asi&quot;:0,&quot;rtmp&quot;:0,&quot;file&quot;:1,&quot;active&quot;:1,&quot;group&quot;:&quot;&quot;,&quot;bonded&quot;:[{&quot;host&quot;:&quot;10.7.0.66&quot;,&quot;port&quot;:2088,&quot;nic&quot;:&quot;10.7.0.65&quot;,&quot;limit&quot;:0,&quot;is_backup&quot;:0,&quot;bitrate&quot;:1003630,&quot;up_time&quot;:146,&quot;error_code&quot;:0,&quot;status_code&quot;:3,&quot;error_str&quot;:&quot;None&quot;,&quot;status_str&quot;:&quot;Connected&quot;},{&quot;host&quot;:&quot;192.168.60.66&quot;,&quot;port&quot;:2088,&quot;nic&quot;:&quot;192.168.50.65&quot;,&quot;limit&quot;:0,&quot;is_backup&quot;:0,&quot;bitrate&quot;:0,&quot;up_time&quot;:0,&quot;error_code&quot;:3,&quot;status_code&quot;:1,&quot;error_str&quot;:&quot;Timeout&quot;,&quot;status_str&quot;:&quot;Connecting&quot;},{&quot;host&quot;:&quot;192.168.5.166&quot;,&quot;port&quot;:2088,&quot;nic&quot;:&quot;192.168.5.165&quot;,&quot;limit&quot;:0,&quot;is_backup&quot;:0,&quot;bitrate&quot;:3198649,&quot;up_time&quot;:30,&quot;error_code&quot;:0,&quot;status_code&quot;:3,&quot;error_str&quot;:&quot;None&quot;,&quot;status_str&quot;:&quot;Connected&quot;}],&quot;error&quot;:&quot;None&quot;,&quot;con_stat&quot;:&quot;Disconnected&quot;,&quot;bitrate&quot;:4131856,&quot;dest&quot;:&quot;bonded/bonded3&quot;},{&quot;mip&quot;:&quot;4000.ts&quot;,&quot;port&quot;:0,&quot;ip&quot;:&quot;file&quot;,&quot;in_name&quot;:&quot;bond&quot;,&quot;in_active&quot;:1,&quot;in_active_sources&quot;:0,&quot;prg_name&quot;:&quot;&quot;,&quot;prg_prov&quot;:&quot;&quot;,&quot;prg_num&quot;:-1,&quot;chan&quot;:&quot;&quot;,&quot;chan_id&quot;:-1,&quot;id&quot;:&quot;zixi://bonded(bonded0)#10.7.0.66:2088@10.7.0.65,192.168.60.66:2088@192.168.50.65,192.168.5.166:2088@192.168.5.165&quot;,&quot;type&quot;:2,&quot;name&quot;:&quot;bond0&quot;,&quot;asi&quot;:0,&quot;rtmp&quot;:0,&quot;file&quot;:1,&quot;active&quot;:1,&quot;group&quot;:&quot;&quot;,&quot;bonded&quot;:[{&quot;host&quot;:&quot;10.7.0.66&quot;,&quot;port&quot;:2088,&quot;nic&quot;:&quot;10.7.0.65&quot;,&quot;limit&quot;:0,&quot;is_backup&quot;:0,&quot;bitrate&quot;:1009531,&quot;up_time&quot;:327,&quot;error_code&quot;:0,&quot;status_code&quot;:3,&quot;error_str&quot;:&quot;None&quot;,&quot;status_str&quot;:&quot;Connected&quot;},{&quot;host&quot;:&quot;192.168.60.66&quot;,&quot;port&quot;:2088,&quot;nic&quot;:&quot;192.168.50.65&quot;,&quot;limit&quot;:0,&quot;is_backup&quot;:0,&quot;bitrate&quot;:0,&quot;up_time&quot;:0,&quot;error_code&quot;:3,&quot;status_code&quot;:1,&quot;error_str&quot;:&quot;Timeout&quot;,&quot;status_str&quot;:&quot;Connecting&quot;},{&quot;host&quot;:&quot;192.168.5.166&quot;,&quot;port&quot;:2088,&quot;nic&quot;:&quot;192.168.5.165&quot;,&quot;limit&quot;:0,&quot;is_backup&quot;:0,&quot;bitrate&quot;:4686094,&quot;up_time&quot;:278,&quot;error_code&quot;:0,&quot;status_code&quot;:3,&quot;error_str&quot;:&quot;None&quot;,&quot;status_str&quot;:&quot;Connected&quot;}],&quot;error&quot;:&quot;None&quot;,&quot;con_stat&quot;:&quot;Disconnected&quot;,&quot;bitrate&quot;:5623576,&quot;dest&quot;:&quot;bonded/bonded0&quot;},{&quot;mip&quot;:&quot;4000.ts&quot;,&quot;port&quot;:0,&quot;ip&quot;:&quot;file&quot;,&quot;in_name&quot;:&quot;bond&quot;,&quot;in_active&quot;:1,&quot;in_active_sources&quot;:0,&quot;prg_name&quot;:&quot;&quot;,&quot;prg_prov&quot;:&quot;&quot;,&quot;prg_num&quot;:-1,&quot;chan&quot;:&quot;&quot;,&quot;chan_id&quot;:-1,&quot;id&quot;:&quot;zixi://bonded(bonded19)#10.7.0.66:2088@10.7.0.65,192.168.60.66:2088@192.168.50.65,192.168.5.166:2088@192.168.5.165&quot;,&quot;type&quot;:2,&quot;name&quot;:&quot;bond19&quot;,&quot;asi&quot;:0,&quot;rtmp&quot;:0,&quot;file&quot;:1,&quot;active&quot;:1,&quot;group&quot;:&quot;&quot;,&quot;bonded&quot;:[{&quot;host&quot;:&quot;10.7.0.66&quot;,&quot;port&quot;:2088,&quot;nic&quot;:&quot;10.7.0.65&quot;,&quot;limit&quot;:0,&quot;is_backup&quot;:0,&quot;bitrate&quot;:1008732,&quot;up_time&quot;:173,&quot;error_code&quot;:0,&quot;status_code&quot;:3,&quot;error_str&quot;:&quot;None&quot;,&quot;status_str&quot;:&quot;Connected&quot;},{&quot;host&quot;:&quot;192.168.60.66&quot;,&quot;port&quot;:2088,&quot;nic&quot;:&quot;192.168.50.65&quot;,&quot;limit&quot;:0,&quot;is_backup&quot;:0,&quot;bitrate&quot;:0,&quot;up_time&quot;:0,&quot;error_code&quot;:3,&quot;status_code&quot;:1,&quot;error_str&quot;:&quot;Timeout&quot;,&quot;status_str&quot;:&quot;Connecting&quot;},{&quot;host&quot;:&quot;192.168.5.166&quot;,&quot;port&quot;:2088,&quot;nic&quot;:&quot;192.168.5.165&quot;,&quot;limit&quot;:0,&quot;is_backup&quot;:0,&quot;bitrate&quot;:3205971,&quot;up_time&quot;:81,&quot;error_code&quot;:0,&quot;status_code&quot;:3,&quot;error_str&quot;:&quot;None&quot;,&quot;status_str&quot;:&quot;Connected&quot;}],&quot;error&quot;:&quot;None&quot;,&quot;con_stat&quot;:&quot;Disconnected&quot;,&quot;bitrate&quot;:4162464,&quot;dest&quot;:&quot;bonded/bonded19&quot;},{&quot;mip&quot;:&quot;4000.ts&quot;,&quot;port&quot;:0,&quot;ip&quot;:&quot;file&quot;,&quot;in_name&quot;:&quot;bond&quot;,&quot;in_active&quot;:1,&quot;in_active_sources&quot;:0,&quot;prg_name&quot;:&quot;&quot;,&quot;prg_prov&quot;:&quot;&quot;,&quot;prg_num&quot;:-1,&quot;chan&quot;:&quot;&quot;,&quot;chan_id&quot;:-1,&quot;id&quot;:&quot;zixi://bonded(bonded16)#10.7.0.66:2088@10.7.0.65,192.168.60.66:2088@192.168.50.65,192.168.5.166:2088@192.168.5.165&quot;,&quot;type&quot;:2,&quot;name&quot;:&quot;bond16&quot;,&quot;asi&quot;:0,&quot;rtmp&quot;:0,&quot;file&quot;:1,&quot;active&quot;:1,&quot;group&quot;:&quot;&quot;,&quot;bonded&quot;:[{&quot;host&quot;:&quot;10.7.0.66&quot;,&quot;port&quot;:2088,&quot;nic&quot;:&quot;10.7.0.65&quot;,&quot;limit&quot;:0,&quot;is_backup&quot;:0,&quot;bitrate&quot;:1002527,&quot;up_time&quot;:61,&quot;error_code&quot;:0,&quot;status_code&quot;:3,&quot;error_str&quot;:&quot;None&quot;,&quot;status_str&quot;:&quot;Connected&quot;},{&quot;host&quot;:&quot;192.168.60.66&quot;,&quot;port&quot;:2088,&quot;nic&quot;:&quot;192.168.50.65&quot;,&quot;limit&quot;:0,&quot;is_backup&quot;:0,&quot;bitrate&quot;:0,&quot;up_time&quot;:0,&quot;error_code&quot;:3,&quot;status_code&quot;:1,&quot;error_str&quot;:&quot;Timeout&quot;,&quot;status_str&quot;:&quot;Connecting&quot;},{&quot;host&quot;:&quot;192.168.5.166&quot;,&quot;port&quot;:2088,&quot;nic&quot;:&quot;192.168.5.165&quot;,&quot;limit&quot;:0,&quot;is_backup&quot;:0,&quot;bitrate&quot;:3218814,&quot;up_time&quot;:273,&quot;error_code&quot;:0,&quot;status_code&quot;:3,&quot;error_str&quot;:&quot;None&quot;,&quot;status_str&quot;:&quot;Connected&quot;}],&quot;error&quot;:&quot;None&quot;,&quot;con_stat&quot;:&quot;Disconnected&quot;,&quot;bitrate&quot;:4162464,&quot;dest&quot;:&quot;bonded/bonded16&quot;},{&quot;mip&quot;:&quot;4000.ts&quot;,&quot;port&quot;:0,&quot;ip&quot;:&quot;file&quot;,&quot;in_name&quot;:&quot;bond&quot;,&quot;in_active&quot;:1,&quot;in_active_sources&quot;:0,&quot;prg_name&quot;:&quot;&quot;,&quot;prg_prov&quot;:&quot;&quot;,&quot;prg_num&quot;:-1,&quot;chan&quot;:&quot;&quot;,&quot;chan_id&quot;:-1,&quot;id&quot;:&quot;zixi://bonded(bonded20)#10.7.0.66:2088@10.7.0.65,192.168.60.66:2088@192.168.50.65,192.168.5.166:2088@192.168.5.165&quot;,&quot;type&quot;:2,&quot;name&quot;:&quot;bond20&quot;,&quot;asi&quot;:0,&quot;rtmp&quot;:0,&quot;file&quot;:1,&quot;active&quot;:1,&quot;group&quot;:&quot;&quot;,&quot;bonded&quot;:[],&quot;error&quot;:&quot;Timeout&quot;,&quot;con_stat&quot;:&quot;Disconnected&quot;,&quot;bitrate&quot;:0,&quot;dest&quot;:&quot;bonded/bonded20&quot;},{&quot;mip&quot;:&quot;4000.ts&quot;,&quot;port&quot;:0,&quot;ip&quot;:&quot;file&quot;,&quot;in_name&quot;:&quot;bond&quot;,&quot;in_active&quot;:1,&quot;in_active_sources&quot;:0,&quot;prg_name&quot;:&quot;&quot;,&quot;prg_prov&quot;:&quot;&quot;,&quot;prg_num&quot;:-1,&quot;chan&quot;:&quot;&quot;,&quot;chan_id&quot;:-1,&quot;id&quot;:&quot;zixi://bonded(bonded8)#10.7.0.66:2088@10.7.0.65,192.168.60.66:2088@192.168.50.65,192.168.5.166:2088@192.168.5.165&quot;,&quot;type&quot;:2,&quot;name&quot;:&quot;bond8&quot;,&quot;asi&quot;:0,&quot;rtmp&quot;:0,&quot;file&quot;:1,&quot;active&quot;:1,&quot;group&quot;:&quot;&quot;,&quot;bonded&quot;:[{&quot;host&quot;:&quot;10.7.0.66&quot;,&quot;port&quot;:2088,&quot;nic&quot;:&quot;10.7.0.65&quot;,&quot;limit&quot;:0,&quot;is_backup&quot;:0,&quot;bitrate&quot;:1011328,&quot;up_time&quot;:90,&quot;error_code&quot;:0,&quot;status_code&quot;:3,&quot;error_str&quot;:&quot;None&quot;,&quot;status_str&quot;:&quot;Connected&quot;},{&quot;host&quot;:&quot;192.168.60.66&quot;,&quot;port&quot;:2088,&quot;nic&quot;:&quot;192.168.50.65&quot;,&quot;limit&quot;:0,&quot;is_backup&quot;:0,&quot;bitrate&quot;:0,&quot;up_time&quot;:0,&quot;error_code&quot;:3,&quot;status_code&quot;:1,&quot;error_str&quot;:&quot;Timeout&quot;,&quot;status_str&quot;:&quot;Connecting&quot;},{&quot;host&quot;:&quot;192.168.5.166&quot;,&quot;port&quot;:2088,&quot;nic&quot;:&quot;192.168.5.165&quot;,&quot;limit&quot;:0,&quot;is_backup&quot;:0,&quot;bitrate&quot;:3194816,&quot;up_time&quot;:86,&quot;error_code&quot;:0,&quot;status_code&quot;:3,&quot;error_str&quot;:&quot;None&quot;,&quot;status_str&quot;:&quot;Connected&quot;}],&quot;error&quot;:&quot;None&quot;,&quot;con_stat&quot;:&quot;Disconnected&quot;,&quot;bitrate&quot;:4140624,&quot;dest&quot;:&quot;bonded/bonded8&quot;},{&quot;mip&quot;:&quot;4000.ts&quot;,&quot;port&quot;:0,&quot;ip&quot;:&quot;file&quot;,&quot;in_name&quot;:&quot;bond&quot;,&quot;in_active&quot;:1,&quot;in_active_sources&quot;:0,&quot;prg_name&quot;:&quot;&quot;,&quot;prg_prov&quot;:&quot;&quot;,&quot;prg_num&quot;:-1,&quot;chan&quot;:&quot;&quot;,&quot;chan_id&quot;:-1,&quot;id&quot;:&quot;zixi://bonded(bonded23)#10.7.0.66:2088@10.7.0.65,192.168.60.66:2088@192.168.50.65,192.168.5.166:2088@192.168.5.165&quot;,&quot;type&quot;:2,&quot;name&quot;:&quot;bond23&quot;,&quot;asi&quot;:0,&quot;rtmp&quot;:0,&quot;file&quot;:1,&quot;active&quot;:1,&quot;group&quot;:&quot;&quot;,&quot;bonded&quot;:[{&quot;host&quot;:&quot;10.7.0.66&quot;,&quot;port&quot;:2088,&quot;nic&quot;:&quot;10.7.0.65&quot;,&quot;limit&quot;:0,&quot;is_backup&quot;:0,&quot;bitrate&quot;:997191,&quot;up_time&quot;:158,&quot;error_code&quot;:0,&quot;status_code&quot;:3,&quot;error_str&quot;:&quot;None&quot;,&quot;status_str&quot;:&quot;Connected&quot;},{&quot;host&quot;:&quot;192.168.60.66&quot;,&quot;port&quot;:2088,&quot;nic&quot;:&quot;192.168.50.65&quot;,&quot;limit&quot;:0,&quot;is_backup&quot;:0,&quot;bitrate&quot;:0,&quot;up_time&quot;:0,&quot;error_code&quot;:3,&quot;status_code&quot;:1,&quot;error_str&quot;:&quot;Timeout&quot;,&quot;status_str&quot;:&quot;Connecting&quot;},{&quot;host&quot;:&quot;192.168.5.166&quot;,&quot;port&quot;:2088,&quot;nic&quot;:&quot;192.168.5.165&quot;,&quot;limit&quot;:0,&quot;is_backup&quot;:0,&quot;bitrate&quot;:3178560,&quot;up_time&quot;:326,&quot;error_code&quot;:0,&quot;status_code&quot;:3,&quot;error_str&quot;:&quot;None&quot;,&quot;status_str&quot;:&quot;Connected&quot;}],&quot;error&quot;:&quot;None&quot;,&quot;con_stat&quot;:&quot;Disconnected&quot;,&quot;bitrate&quot;:4113461,&quot;dest&quot;:&quot;bonded/bonded23&quot;},{&quot;mip&quot;:&quot;4000.ts&quot;,&quot;port&quot;:0,&quot;ip&quot;:&quot;file&quot;,&quot;in_name&quot;:&quot;bond&quot;,&quot;in_active&quot;:1,&quot;in_active_sources&quot;:0,&quot;prg_name&quot;:&quot;&quot;,&quot;prg_prov&quot;:&quot;&quot;,&quot;prg_num&quot;:-1,&quot;chan&quot;:&quot;&quot;,&quot;chan_id&quot;:-1,&quot;id&quot;:&quot;zixi://bonded(bonded17)#10.7.0.66:2088@10.7.0.65,192.168.60.66:2088@192.168.50.65,192.168.5.166:2088@192.168.5.165&quot;,&quot;type&quot;:2,&quot;name&quot;:&quot;bond17&quot;,&quot;asi&quot;:0,&quot;rtmp&quot;:0,&quot;file&quot;:1,&quot;active&quot;:1,&quot;group&quot;:&quot;&quot;,&quot;bonded&quot;:[{&quot;host&quot;:&quot;10.7.0.66&quot;,&quot;port&quot;:2088,&quot;nic&quot;:&quot;10.7.0.65&quot;,&quot;limit&quot;:0,&quot;is_backup&quot;:0,&quot;bitrate&quot;:1005592,&quot;up_time&quot;:31,&quot;error_code&quot;:0,&quot;status_code&quot;:3,&quot;error_str&quot;:&quot;None&quot;,&quot;status_str&quot;:&quot;Connected&quot;},{&quot;host&quot;:&quot;192.168.60.66&quot;,&quot;port&quot;:2088,&quot;nic&quot;:&quot;192.168.50.65&quot;,&quot;limit&quot;:0,&quot;is_backup&quot;:0,&quot;bitrate&quot;:0,&quot;up_time&quot;:0,&quot;error_code&quot;:3,&quot;status_code&quot;:1,&quot;error_str&quot;:&quot;Timeout&quot;,&quot;status_str&quot;:&quot;Connecting&quot;},{&quot;host&quot;:&quot;192.168.5.166&quot;,&quot;port&quot;:2088,&quot;nic&quot;:&quot;192.168.5.165&quot;,&quot;limit&quot;:0,&quot;is_backup&quot;:0,&quot;bitrate&quot;:3218655,&quot;up_time&quot;:381,&quot;error_code&quot;:0,&quot;status_code&quot;:3,&quot;error_str&quot;:&quot;None&quot;,&quot;status_str&quot;:&quot;Connected&quot;}],&quot;error&quot;:&quot;None&quot;,&quot;con_stat&quot;:&quot;Disconnected&quot;,&quot;bitrate&quot;:4151536,&quot;dest&quot;:&quot;bonded/bonded17&quot;},{&quot;mip&quot;:&quot;4000.ts&quot;,&quot;port&quot;:0,&quot;ip&quot;:&quot;file&quot;,&quot;in_name&quot;:&quot;bond&quot;,&quot;in_active&quot;:1,&quot;in_active_sources&quot;:0,&quot;prg_name&quot;:&quot;&quot;,&quot;prg_prov&quot;:&quot;&quot;,&quot;prg_num&quot;:-1,&quot;chan&quot;:&quot;&quot;,&quot;chan_id&quot;:-1,&quot;id&quot;:&quot;zixi://bonded(bonded24)#10.7.0.66:2088@10.7.0.65,192.168.60.66:2088@192.168.50.65,192.168.5.166:2088@192.168.5.165&quot;,&quot;type&quot;:2,&quot;name&quot;:&quot;bond24&quot;,&quot;asi&quot;:0,&quot;rtmp&quot;:0,&quot;file&quot;:1,&quot;active&quot;:1,&quot;group&quot;:&quot;&quot;,&quot;bonded&quot;:[{&quot;host&quot;:&quot;10.7.0.66&quot;,&quot;port&quot;:2088,&quot;nic&quot;:&quot;10.7.0.65&quot;,&quot;limit&quot;:0,&quot;is_backup&quot;:0,&quot;bitrate&quot;:1006382,&quot;up_time&quot;:314,&quot;error_code&quot;:0,&quot;status_code&quot;:3,&quot;error_str&quot;:&quot;None&quot;,&quot;status_str&quot;:&quot;Connected&quot;},{&quot;host&quot;:&quot;192.168.60.66&quot;,&quot;port&quot;:2088,&quot;nic&quot;:&quot;192.168.50.65&quot;,&quot;limit&quot;:0,&quot;is_backup&quot;:0,&quot;bitrate&quot;:0,&quot;up_time&quot;:0,&quot;error_code&quot;:3,&quot;status_code&quot;:1,&quot;error_str&quot;:&quot;Timeout&quot;,&quot;status_str&quot;:&quot;Connecting&quot;},{&quot;host&quot;:&quot;192.168.5.166&quot;,&quot;port&quot;:2088,&quot;nic&quot;:&quot;192.168.5.165&quot;,&quot;limit&quot;:0,&quot;is_backup&quot;:0,&quot;bitrate&quot;:3191695,&quot;up_time&quot;:273,&quot;error_code&quot;:0,&quot;status_code&quot;:3,&quot;error_str&quot;:&quot;None&quot;,&quot;status_str&quot;:&quot;Connected&quot;}],&quot;error&quot;:&quot;None&quot;,&quot;con_stat&quot;:&quot;Disconnected&quot;,&quot;bitrate&quot;:4132048,&quot;dest&quot;:&quot;bonded/bonded24&quot;},{&quot;mip&quot;:&quot;4000.ts&quot;,&quot;port&quot;:0,&quot;ip&quot;:&quot;file&quot;,&quot;in_name&quot;:&quot;bond&quot;,&quot;in_active&quot;:1,&quot;in_active_sources&quot;:0,&quot;prg_name&quot;:&quot;&quot;,&quot;prg_prov&quot;:&quot;&quot;,&quot;prg_num&quot;:-1,&quot;chan&quot;:&quot;&quot;,&quot;chan_id&quot;:-1,&quot;id&quot;:&quot;zixi://bonded(bonded15)#10.7.0.66:2088@10.7.0.65,192.168.60.66:2088@192.168.50.65,192.168.5.166:2088@192.168.5.165&quot;,&quot;type&quot;:2,&quot;name&quot;:&quot;bond15&quot;,&quot;asi&quot;:0,&quot;rtmp&quot;:0,&quot;file&quot;:1,&quot;active&quot;:1,&quot;group&quot;:&quot;&quot;,&quot;bonded&quot;:[],&quot;error&quot;:&quot;Timeout&quot;,&quot;con_stat&quot;:&quot;Connecting&quot;,&quot;bitrate&quot;:0,&quot;dest&quot;:&quot;bonded/bonded15&quot;},{&quot;mip&quot;:&quot;4000.ts&quot;,&quot;port&quot;:0,&quot;ip&quot;:&quot;file&quot;,&quot;in_name&quot;:&quot;bond&quot;,&quot;in_active&quot;:1,&quot;in_active_sources&quot;:0,&quot;prg_name&quot;:&quot;&quot;,&quot;prg_prov&quot;:&quot;&quot;,&quot;prg_num&quot;:-1,&quot;chan&quot;:&quot;&quot;,&quot;chan_id&quot;:-1,&quot;id&quot;:&quot;zixi://bonded(bonded28)#10.7.0.66:2088@10.7.0.65,192.168.60.66:2088@192.168.50.65,192.168.5.166:2088@192.168.5.165&quot;,&quot;type&quot;:2,&quot;name&quot;:&quot;bond28&quot;,&quot;asi&quot;:0,&quot;rtmp&quot;:0,&quot;file&quot;:1,&quot;active&quot;:1,&quot;group&quot;:&quot;&quot;,&quot;bonded&quot;:[{&quot;host&quot;:&quot;10.7.0.66&quot;,&quot;port&quot;:2088,&quot;nic&quot;:&quot;10.7.0.65&quot;,&quot;limit&quot;:0,&quot;is_backup&quot;:0,&quot;bitrate&quot;:1002872,&quot;up_time&quot;:113,&quot;error_code&quot;:0,&quot;status_code&quot;:3,&quot;error_str&quot;:&quot;None&quot;,&quot;status_str&quot;:&quot;Connected&quot;},{&quot;host&quot;:&quot;192.168.60.66&quot;,&quot;port&quot;:2088,&quot;nic&quot;:&quot;192.168.50.65&quot;,&quot;limit&quot;:0,&quot;is_backup&quot;:0,&quot;bitrate&quot;:0,&quot;up_time&quot;:0,&quot;error_code&quot;:3,&quot;status_code&quot;:1,&quot;error_str&quot;:&quot;Timeout&quot;,&quot;status_str&quot;:&quot;Connecting&quot;},{&quot;host&quot;:&quot;192.168.5.166&quot;,&quot;port&quot;:2088,&quot;nic&quot;:&quot;192.168.5.165&quot;,&quot;limit&quot;:0,&quot;is_backup&quot;:0,&quot;bitrate&quot;:4913280,&quot;up_time&quot;:21,&quot;error_code&quot;:0,&quot;status_code&quot;:3,&quot;error_str&quot;:&quot;None&quot;,&quot;status_str&quot;:&quot;Connected&quot;}],&quot;error&quot;:&quot;None&quot;,&quot;con_stat&quot;:&quot;Disconnected&quot;,&quot;bitrate&quot;:5616896,&quot;dest&quot;:&quot;bonded/bonded28&quot;}]}
Debug printing ------&gt;&gt;&gt; {&quot;custom_data&quot;:&quot;&quot;,&quot;msg&quot;:&quot;Output deleted.&quot;,&quot;error&quot;:&quot;&quot;,&quot;outs&quot;:[{&quot;mip&quot;:&quot;live_recording.ts&quot;,&quot;port&quot;:0,&quot;ip&quot;:&quot;file&quot;,&quot;in_name&quot;:&quot;feederoutputname&quot;,&quot;in_active&quot;:1,&quot;in_active_sources&quot;:0,&quot;prg_name&quot;:&quot;&quot;,&quot;prg_prov&quot;:&quot;&quot;,&quot;prg_num&quot;:1,&quot;chan&quot;:&quot;&quot;,&quot;chan_id&quot;:-1,&quot;id&quot;:&quot;zixi://10.7.0.66:2088/feederout&quot;,&quot;type&quot;:2,&quot;name&quot;:&quot;feederoutputname&quot;,&quot;asi&quot;:0,&quot;rtmp&quot;:0,&quot;file&quot;:1,&quot;active&quot;:1,&quot;group&quot;:&quot;&quot;,&quot;error&quot;:&quot;None&quot;,&quot;con_stat&quot;:&quot;Disconnected&quot;,&quot;bitrate&quot;:0,&quot;dest&quot;:&quot;10.7.0.66:2088/feederout&quot;},{&quot;mip&quot;:&quot;4000.ts&quot;,&quot;port&quot;:0,&quot;ip&quot;:&quot;file&quot;,&quot;in_name&quot;:&quot;bond&quot;,&quot;in_active&quot;:1,&quot;in_active_sources&quot;:0,&quot;prg_name&quot;:&quot;&quot;,&quot;prg_prov&quot;:&quot;&quot;,&quot;prg_num&quot;:-1,&quot;chan&quot;:&quot;&quot;,&quot;chan_id&quot;:-1,&quot;id&quot;:&quot;zixi://bonded(bonded44)#10.7.0.66:2088@10.7.0.65,192.168.60.66:2088@192.168.50.65,192.168.5.166:2088@192.168.5.165&quot;,&quot;type&quot;:2,&quot;name&quot;:&quot;bond44&quot;,&quot;asi&quot;:0,&quot;rtmp&quot;:0,&quot;file&quot;:1,&quot;active&quot;:1,&quot;group&quot;:&quot;&quot;,&quot;bonded&quot;:[{&quot;host&quot;:&quot;10.7.0.66&quot;,&quot;port&quot;:2088,&quot;nic&quot;:&quot;10.7.0.65&quot;,&quot;limit&quot;:0,&quot;is_backup&quot;:0,&quot;bitrate&quot;:2848376,&quot;up_time&quot;:210,&quot;error_code&quot;:0,&quot;status_code&quot;:3,&quot;error_str&quot;:&quot;None&quot;,&quot;status_str&quot;:&quot;Connected&quot;},{&quot;host&quot;:&quot;192.168.60.66&quot;,&quot;port&quot;:2088,&quot;nic&quot;:&quot;192.168.50.65&quot;,&quot;limit&quot;:0,&quot;is_backup&quot;:0,&quot;bitrate&quot;:0,&quot;up_time&quot;:0,&quot;error_code&quot;:3,&quot;status_code&quot;:1,&quot;error_str&quot;:&quot;Timeout&quot;,&quot;status_str&quot;:&quot;Connecting&quot;},{&quot;host&quot;:&quot;192.168.5.166&quot;,&quot;port&quot;:2088,&quot;nic&quot;:&quot;192.168.5.165&quot;,&quot;limit&quot;:0,&quot;is_backup&quot;:0,&quot;bitrate&quot;:0,&quot;up_time&quot;:0,&quot;error_code&quot;:3,&quot;status_code&quot;:1,&quot;error_str&quot;:&quot;Timeout&quot;,&quot;status_str&quot;:&quot;Connecting&quot;}],&quot;error&quot;:&quot;None&quot;,&quot;con_stat&quot;:&quot;Disconnected&quot;,&quot;bitrate&quot;:2803460,&quot;dest&quot;:&quot;bonded/bonded44&quot;},{&quot;mip&quot;:&quot;4000.ts&quot;,&quot;port&quot;:0,&quot;ip&quot;:&quot;file&quot;,&quot;in_name&quot;:&quot;bond&quot;,&quot;in_active&quot;:1,&quot;in_active_sources&quot;:0,&quot;prg_name&quot;:&quot;&quot;,&quot;prg_prov&quot;:&quot;&quot;,&quot;prg_num&quot;:-1,&quot;chan&quot;:&quot;&quot;,&quot;chan_id&quot;:-1,&quot;id&quot;:&quot;zixi://bonded(bonded25)#10.7.0.66:2088@10.7.0.65,192.168.60.66:2088@192.168.50.65,192.168.5.166:2088@192.168.5.165&quot;,&quot;type&quot;:2,&quot;name&quot;:&quot;bond25&quot;,&quot;asi&quot;:0,&quot;rtmp&quot;:0,&quot;file&quot;:1,&quot;active&quot;:1,&quot;group&quot;:&quot;&quot;,&quot;bonded&quot;:[{&quot;host&quot;:&quot;10.7.0.66&quot;,&quot;port&quot;:2088,&quot;nic&quot;:&quot;10.7.0.65&quot;,&quot;limit&quot;:0,&quot;is_backup&quot;:0,&quot;bitrate&quot;:1002208,&quot;up_time&quot;:185,&quot;error_code&quot;:0,&quot;status_code&quot;:3,&quot;error_str&quot;:&quot;None&quot;,&quot;status_str&quot;:&quot;Connected&quot;},{&quot;host&quot;:&quot;192.168.60.66&quot;,&quot;port&quot;:2088,&quot;nic&quot;:&quot;192.168.50.65&quot;,&quot;limit&quot;:0,&quot;is_backup&quot;:0,&quot;bitrate&quot;:0,&quot;up_time&quot;:0,&quot;error_code&quot;:3,&quot;status_code&quot;:1,&quot;error_str&quot;:&quot;Timeout&quot;,&quot;status_str&quot;:&quot;Connecting&quot;},{&quot;host&quot;:&quot;192.168.5.166&quot;,&quot;port&quot;:2088,&quot;nic&quot;:&quot;192.168.5.165&quot;,&quot;limit&quot;:0,&quot;is_backup&quot;:0,&quot;bitrate&quot;:3727721,&quot;up_time&quot;:1,&quot;error_code&quot;:0,&quot;status_code&quot;:3,&quot;error_str&quot;:&quot;None&quot;,&quot;status_str&quot;:&quot;Connected&quot;}],&quot;error&quot;:&quot;None&quot;,&quot;con_stat&quot;:&quot;Disconnected&quot;,&quot;bitrate&quot;:3843088,&quot;dest&quot;:&quot;bonded/bonded25&quot;},{&quot;mip&quot;:&quot;4000.ts&quot;,&quot;port&quot;:0,&quot;ip&quot;:&quot;file&quot;,&quot;in_name&quot;:&quot;bond&quot;,&quot;in_active&quot;:1,&quot;in_active_sources&quot;:0,&quot;prg_name&quot;:&quot;&quot;,&quot;prg_prov&quot;:&quot;&quot;,&quot;prg_num&quot;:-1,&quot;chan&quot;:&quot;&quot;,&quot;chan_id&quot;:-1,&quot;id&quot;:&quot;zixi://bonded(bonded18)#10.7.0.66:2088@10.7.0.65,192.168.60.66:2088@192.168.50.65,192.168.5.166:2088@192.168.5.165&quot;,&quot;type&quot;:2,&quot;name&quot;:&quot;bond18&quot;,&quot;asi&quot;:0,&quot;rtmp&quot;:0,&quot;file&quot;:1,&quot;active&quot;:1,&quot;group&quot;:&quot;&quot;,&quot;bonded&quot;:[],&quot;error&quot;:&quot;Timeout&quot;,&quot;con_stat&quot;:&quot;Connecting&quot;,&quot;bitrate&quot;:0,&quot;dest&quot;:&quot;bonded/bonded18&quot;},{&quot;mip&quot;:&quot;4000.ts&quot;,&quot;port&quot;:0,&quot;ip&quot;:&quot;file&quot;,&quot;in_name&quot;:&quot;bond&quot;,&quot;in_active&quot;:1,&quot;in_active_sources&quot;:0,&quot;prg_name&quot;:&quot;&quot;,&quot;prg_prov&quot;:&quot;&quot;,&quot;prg_num&quot;:-1,&quot;chan&quot;:&quot;&quot;,&quot;chan_id&quot;:-1,&quot;id&quot;:&quot;zixi://bonded(bonded29)#10.7.0.66:2088@10.7.0.65,192.168.60.66:2088@192.168.50.65,192.168.5.166:2088@192.168.5.165&quot;,&quot;type&quot;:2,&quot;name&quot;:&quot;bond29&quot;,&quot;asi&quot;:0,&quot;rtmp&quot;:0,&quot;file&quot;:1,&quot;active&quot;:1,&quot;group&quot;:&quot;&quot;,&quot;bonded&quot;:[{&quot;host&quot;:&quot;10.7.0.66&quot;,&quot;port&quot;:2088,&quot;nic&quot;:&quot;10.7.0.65&quot;,&quot;limit&quot;:0,&quot;is_backup&quot;:0,&quot;bitrate&quot;:996300,&quot;up_time&quot;:194,&quot;error_code&quot;:0,&quot;status_code&quot;:3,&quot;error_str&quot;:&quot;None&quot;,&quot;status_str&quot;:&quot;Connected&quot;},{&quot;host&quot;:&quot;192.168.60.66&quot;,&quot;port&quot;:2088,&quot;nic&quot;:&quot;192.168.50.65&quot;,&quot;limit&quot;:0,&quot;is_backup&quot;:0,&quot;bitrate&quot;:0,&quot;up_time&quot;:0,&quot;error_code&quot;:3,&quot;status_code&quot;:1,&quot;error_str&quot;:&quot;Timeout&quot;,&quot;status_str&quot;:&quot;Connecting&quot;},{&quot;host&quot;:&quot;192.168.5.166&quot;,&quot;port&quot;:2088,&quot;nic&quot;:&quot;192.168.5.165&quot;,&quot;limit&quot;:0,&quot;is_backup&quot;:0,&quot;bitrate&quot;:3179325,&quot;up_time&quot;:183,&quot;error_code&quot;:0,&quot;status_code&quot;:3,&quot;error_str&quot;:&quot;None&quot;,&quot;status_str&quot;:&quot;Connected&quot;}],&quot;error&quot;:&quot;None&quot;,&quot;con_stat&quot;:&quot;Disconnected&quot;,&quot;bitrate&quot;:4106829,&quot;dest&quot;:&quot;bonded/bonded29&quot;},{&quot;mip&quot;:&quot;4000.ts&quot;,&quot;port&quot;:0,&quot;ip&quot;:&quot;file&quot;,&quot;in_name&quot;:&quot;bond&quot;,&quot;in_active&quot;:1,&quot;in_active_sources&quot;:0,&quot;prg_name&quot;:&quot;&quot;,&quot;prg_prov&quot;:&quot;&quot;,&quot;prg_num&quot;:-1,&quot;chan&quot;:&quot;&quot;,&quot;chan_id&quot;:-1,&quot;id&quot;:&quot;zixi://bonded(bonded22)#10.7.0.66:2088@10.7.0.65,192.168.60.66:2088@192.168.50.65,192.168.5.166:2088@192.168.5.165&quot;,&quot;type&quot;:2,&quot;name&quot;:&quot;bond22&quot;,&quot;asi&quot;:0,&quot;rtmp&quot;:0,&quot;file&quot;:1,&quot;active&quot;:1,&quot;group&quot;:&quot;&quot;,&quot;bonded&quot;:[],&quot;error&quot;:&quot;Timeout&quot;,&quot;con_stat&quot;:&quot;Connecting&quot;,&quot;bitrate&quot;:0,&quot;dest&quot;:&quot;bonded/bonded22&quot;},{&quot;mip&quot;:&quot;4000.ts&quot;,&quot;port&quot;:0,&quot;ip&quot;:&quot;file&quot;,&quot;in_name&quot;:&quot;bond&quot;,&quot;in_active&quot;:1,&quot;in_active_sources&quot;:0,&quot;prg_name&quot;:&quot;&quot;,&quot;prg_prov&quot;:&quot;&quot;,&quot;prg_num&quot;:-1,&quot;chan&quot;:&quot;&quot;,&quot;chan_id&quot;:-1,&quot;id&quot;:&quot;zixi://bonded(bonded35)#10.7.0.66:2088@10.7.0.65,192.168.60.66:2088@192.168.50.65,192.168.5.166:2088@192.168.5.165&quot;,&quot;type&quot;:2,&quot;name&quot;:&quot;bond35&quot;,&quot;asi&quot;:0,&quot;rtmp&quot;:0,&quot;file&quot;:1,&quot;active&quot;:1,&quot;group&quot;:&quot;&quot;,&quot;bonded&quot;:[{&quot;host&quot;:&quot;10.7.0.66&quot;,&quot;port&quot;:2088,&quot;nic&quot;:&quot;10.7.0.65&quot;,&quot;limit&quot;:0,&quot;is_backup&quot;:0,&quot;bitrate&quot;:1007775,&quot;up_time&quot;:170,&quot;error_code&quot;:0,&quot;status_code&quot;:3,&quot;error_str&quot;:&quot;None&quot;,&quot;status_str&quot;:&quot;Connected&quot;},{&quot;host&quot;:&quot;192.168.60.66&quot;,&quot;port&quot;:2088,&quot;nic&quot;:&quot;192.168.50.65&quot;,&quot;limit&quot;:0,&quot;is_backup&quot;:0,&quot;bitrate&quot;:0,&quot;up_time&quot;:0,&quot;error_code&quot;:3,&quot;status_code&quot;:1,&quot;error_str&quot;:&quot;Timeout&quot;,&quot;status_str&quot;:&quot;Connecting&quot;},{&quot;host&quot;:&quot;192.168.5.166&quot;,&quot;port&quot;:2088,&quot;nic&quot;:&quot;192.168.5.165&quot;,&quot;limit&quot;:0,&quot;is_backup&quot;:0,&quot;bitrate&quot;:3185835,&quot;up_time&quot;:241,&quot;error_code&quot;:0,&quot;status_code&quot;:3,&quot;error_str&quot;:&quot;None&quot;,&quot;status_str&quot;:&quot;Connected&quot;}],&quot;error&quot;:&quot;None&quot;,&quot;con_stat&quot;:&quot;Disconnected&quot;,&quot;bitrate&quot;:4121152,&quot;dest&quot;:&quot;bonded/bonded35&quot;},{&quot;mip&quot;:&quot;4000.ts&quot;,&quot;port&quot;:0,&quot;ip&quot;:&quot;file&quot;,&quot;in_name&quot;:&quot;bond&quot;,&quot;in_active&quot;:1,&quot;in_active_sources&quot;:0,&quot;prg_name&quot;:&quot;&quot;,&quot;prg_prov&quot;:&quot;&quot;,&quot;prg_num&quot;:-1,&quot;chan&quot;:&quot;&quot;,&quot;chan_id&quot;:-1,&quot;id&quot;:&quot;zixi://bonded(bonded33)#10.7.0.66:2088@10.7.0.65,192.168.60.66:2088@192.168.50.65,192.168.5.166:2088@192.168.5.165&quot;,&quot;type&quot;:2,&quot;name&quot;:&quot;bond33&quot;,&quot;asi&quot;:0,&quot;rtmp&quot;:0,&quot;file&quot;:1,&quot;active&quot;:1,&quot;group&quot;:&quot;&quot;,&quot;bonded&quot;:[],&quot;error&quot;:&quot;Authentication&quot;,&quot;con_stat&quot;:&quot;Disconnected&quot;,&quot;bitrate&quot;:0,&quot;dest&quot;:&quot;bonded/bonded33&quot;},{&quot;mip&quot;:&quot;4000.ts&quot;,&quot;port&quot;:0,&quot;ip&quot;:&quot;file&quot;,&quot;in_name&quot;:&quot;bond&quot;,&quot;in_active&quot;:1,&quot;in_active_sources&quot;:0,&quot;prg_name&quot;:&quot;&quot;,&quot;prg_prov&quot;:&quot;&quot;,&quot;prg_num&quot;:-1,&quot;chan&quot;:&quot;&quot;,&quot;chan_id&quot;:-1,&quot;id&quot;:&quot;zixi://bonded(bonded27)#10.7.0.66:2088@10.7.0.65,192.168.60.66:2088@192.168.50.65,192.168.5.166:2088@192.168.5.165&quot;,&quot;type&quot;:2,&quot;name&quot;:&quot;bond27&quot;,&quot;asi&quot;:0,&quot;rtmp&quot;:0,&quot;file&quot;:1,&quot;active&quot;:1,&quot;group&quot;:&quot;&quot;,&quot;bonded&quot;:[],&quot;error&quot;:&quot;Timeout&quot;,&quot;con_stat&quot;:&quot;Connecting&quot;,&quot;bitrate&quot;:0,&quot;dest&quot;:&quot;bonded/bonded27&quot;},{&quot;mip&quot;:&quot;4000.ts&quot;,&quot;port&quot;:0,&quot;ip&quot;:&quot;file&quot;,&quot;in_name&quot;:&quot;bond&quot;,&quot;in_active&quot;:1,&quot;in_active_sources&quot;:0,&quot;prg_name&quot;:&quot;&quot;,&quot;prg_prov&quot;:&quot;&quot;,&quot;prg_num&quot;:-1,&quot;chan&quot;:&quot;&quot;,&quot;chan_id&quot;:-1,&quot;id&quot;:&quot;zixi://bonded(bonded39)#10.7.0.66:2088@10.7.0.65,192.168.60.66:2088@192.168.50.65,192.168.5.166:2088@192.168.5.165&quot;,&quot;type&quot;:2,&quot;name&quot;:&quot;bond39&quot;,&quot;asi&quot;:0,&quot;rtmp&quot;:0,&quot;file&quot;:1,&quot;active&quot;:1,&quot;group&quot;:&quot;&quot;,&quot;bonded&quot;:[],&quot;error&quot;:&quot;None&quot;,&quot;con_stat&quot;:&quot;Connecting&quot;,&quot;bitrate&quot;:0,&quot;dest&quot;:&quot;bonded/bonded39&quot;},{&quot;mip&quot;:&quot;4000.ts&quot;,&quot;port&quot;:0,&quot;ip&quot;:&quot;file&quot;,&quot;in_name&quot;:&quot;bond&quot;,&quot;in_active&quot;:1,&quot;in_active_sources&quot;:0,&quot;prg_name&quot;:&quot;&quot;,&quot;prg_prov&quot;:&quot;&quot;,&quot;prg_num&quot;:-1,&quot;chan&quot;:&quot;&quot;,&quot;chan_id&quot;:-1,&quot;id&quot;:&quot;zixi://bonded(bonded36)#10.7.0.66:2088@10.7.0.65,192.168.60.66:2088@192.168.50.65,192.168.5.166:2088@192.168.5.165&quot;,&quot;type&quot;:2,&quot;name&quot;:&quot;bond36&quot;,&quot;asi&quot;:0,&quot;rtmp&quot;:0,&quot;file&quot;:1,&quot;active&quot;:1,&quot;group&quot;:&quot;&quot;,&quot;bonded&quot;:[],&quot;error&quot;:&quot;Timeout&quot;,&quot;con_stat&quot;:&quot;Connecting&quot;,&quot;bitrate&quot;:0,&quot;dest&quot;:&quot;bonded/bonded36&quot;},{&quot;mip&quot;:&quot;4000.ts&quot;,&quot;port&quot;:0,&quot;ip&quot;:&quot;file&quot;,&quot;in_name&quot;:&quot;bond&quot;,&quot;in_active&quot;:1,&quot;in_active_sources&quot;:0,&quot;prg_name&quot;:&quot;&quot;,&quot;prg_prov&quot;:&quot;&quot;,&quot;prg_num&quot;:-1,&quot;chan&quot;:&quot;&quot;,&quot;chan_id&quot;:-1,&quot;id&quot;:&quot;zixi://bonded(bonded41)#10.7.0.66:2088@10.7.0.65,192.168.60.66:2088@192.168.50.65,192.168.5.166:2088@192.168.5.165&quot;,&quot;type&quot;:2,&quot;name&quot;:&quot;bond41&quot;,&quot;asi&quot;:0,&quot;rtmp&quot;:0,&quot;file&quot;:1,&quot;active&quot;:1,&quot;group&quot;:&quot;&quot;,&quot;bonded&quot;:[],&quot;error&quot;:&quot;Timeout&quot;,&quot;con_stat&quot;:&quot;Connecting&quot;,&quot;bitrate&quot;:0,&quot;dest&quot;:&quot;bonded/bonded41&quot;},{&quot;mip&quot;:&quot;4000.ts&quot;,&quot;port&quot;:0,&quot;ip&quot;:&quot;file&quot;,&quot;in_name&quot;:&quot;bond&quot;,&quot;in_active&quot;:1,&quot;in_active_sources&quot;:0,&quot;prg_name&quot;:&quot;&quot;,&quot;prg_prov&quot;:&quot;&quot;,&quot;prg_num&quot;:-1,&quot;chan&quot;:&quot;&quot;,&quot;chan_id&quot;:-1,&quot;id&quot;:&quot;zixi://bonded(bonded31)#10.7.0.66:2088@10.7.0.65,192.168.60.66:2088@192.168.50.65,192.168.5.166:2088@192.168.5.165&quot;,&quot;type&quot;:2,&quot;name&quot;:&quot;bond31&quot;,&quot;asi&quot;:0,&quot;rtmp&quot;:0,&quot;file&quot;:1,&quot;active&quot;:1,&quot;group&quot;:&quot;&quot;,&quot;bonded&quot;:[],&quot;error&quot;:&quot;Authentication&quot;,&quot;con_stat&quot;:&quot;Connecting&quot;,&quot;bitrate&quot;:0,&quot;dest&quot;:&quot;bonded/bonded31&quot;},{&quot;mip&quot;:&quot;4000.ts&quot;,&quot;port&quot;:0,&quot;ip&quot;:&quot;file&quot;,&quot;in_name&quot;:&quot;bond&quot;,&quot;in_active&quot;:1,&quot;in_active_sources&quot;:0,&quot;prg_name&quot;:&quot;&quot;,&quot;prg_prov&quot;:&quot;&quot;,&quot;prg_num&quot;:-1,&quot;chan&quot;:&quot;&quot;,&quot;chan_id&quot;:-1,&quot;id&quot;:&quot;zixi://bonded(bonded28)#10.7.0.66:2088@10.7.0.65,192.168.60.66:2088@192.168.50.65,192.168.5.166:2088@192.168.5.165&quot;,&quot;type&quot;:2,&quot;name&quot;:&quot;bond28&quot;,&quot;asi&quot;:0,&quot;rtmp&quot;:0,&quot;file&quot;:1,&quot;active&quot;:1,&quot;group&quot;:&quot;&quot;,&quot;bonded&quot;:[],&quot;error&quot;:&quot;None&quot;,&quot;con_stat&quot;:&quot;Connecting&quot;,&quot;bitrate&quot;:0,&quot;dest&quot;:&quot;bonded/bonded28&quot;},{&quot;mip&quot;:&quot;4000.ts&quot;,&quot;port&quot;:0,&quot;ip&quot;:&quot;file&quot;,&quot;in_name&quot;:&quot;bond&quot;,&quot;in_active&quot;:1,&quot;in_active_sources&quot;:0,&quot;prg_name&quot;:&quot;&quot;,&quot;prg_prov&quot;:&quot;&quot;,&quot;prg_num&quot;:-1,&quot;chan&quot;:&quot;&quot;,&quot;chan_id&quot;:-1,&quot;id&quot;:&quot;zixi://bonded(bonded40)#10.7.0.66:2088@10.7.0.65,192.168.60.66:2088@192.168.50.65,192.168.5.166:2088@192.168.5.165&quot;,&quot;type&quot;:2,&quot;name&quot;:&quot;bond40&quot;,&quot;asi&quot;:0,&quot;rtmp&quot;:0,&quot;file&quot;:1,&quot;active&quot;:1,&quot;group&quot;:&quot;&quot;,&quot;bonded&quot;:[],&quot;error&quot;:&quot;Authentication&quot;,&quot;con_stat&quot;:&quot;Connecting&quot;,&quot;bitrate&quot;:0,&quot;dest&quot;:&quot;bonded/bonded40&quot;},{&quot;mip&quot;:&quot;4000.ts&quot;,&quot;port&quot;:0,&quot;ip&quot;:&quot;file&quot;,&quot;in_name&quot;:&quot;bond&quot;,&quot;in_active&quot;:1,&quot;in_active_sources&quot;:0,&quot;prg_name&quot;:&quot;&quot;,&quot;prg_prov&quot;:&quot;&quot;,&quot;prg_num&quot;:-1,&quot;chan&quot;:&quot;&quot;,&quot;chan_id&quot;:-1,&quot;id&quot;:&quot;zixi://bonded(bonded46)#10.7.0.66:2088@10.7.0.65,192.168.60.66:2088@192.168.50.65,192.168.5.166:2088@192.168.5.165&quot;,&quot;type&quot;:2,&quot;name&quot;:&quot;bond46&quot;,&quot;asi&quot;:0,&quot;rtmp&quot;:0,&quot;file&quot;:1,&quot;active&quot;:1,&quot;group&quot;:&quot;&quot;,&quot;bonded&quot;:[],&quot;error&quot;:&quot;Authentication&quot;,&quot;con_stat&quot;:&quot;Connecting&quot;,&quot;bitrate&quot;:0,&quot;dest&quot;:&quot;bonded/bonded46&quot;},{&quot;mip&quot;:&quot;4000.ts&quot;,&quot;port&quot;:0,&quot;ip&quot;:&quot;file&quot;,&quot;in_name&quot;:&quot;bond&quot;,&quot;in_active&quot;:1,&quot;in_active_sources&quot;:0,&quot;prg_name&quot;:&quot;&quot;,&quot;prg_prov&quot;:&quot;&quot;,&quot;prg_num&quot;:-1,&quot;chan&quot;:&quot;&quot;,&quot;chan_id&quot;:-1,&quot;id&quot;:&quot;zixi://bonded(bonded49)#10.7.0.66:2088@10.7.0.65,192.168.60.66:2088@192.168.50.65,192.168.5.166:2088@192.168.5.165&quot;,&quot;type&quot;:2,&quot;name&quot;:&quot;bond49&quot;,&quot;asi&quot;:0,&quot;rtmp&quot;:0,&quot;file&quot;:1,&quot;active&quot;:1,&quot;group&quot;:&quot;&quot;,&quot;bonded&quot;:[],&quot;error&quot;:&quot;Timeout&quot;,&quot;con_stat&quot;:&quot;Connecting&quot;,&quot;bitrate&quot;:0,&quot;dest&quot;:&quot;bonded/bonded49&quot;},{&quot;mip&quot;:&quot;4000.ts&quot;,&quot;port&quot;:0,&quot;ip&quot;:&quot;file&quot;,&quot;in_name&quot;:&quot;bond&quot;,&quot;in_active&quot;:1,&quot;in_active_sources&quot;:0,&quot;prg_name&quot;:&quot;&quot;,&quot;prg_prov&quot;:&quot;&quot;,&quot;prg_num&quot;:-1,&quot;chan&quot;:&quot;&quot;,&quot;chan_id&quot;:-1,&quot;id&quot;:&quot;zixi://bonded(bonded34)#10.7.0.66:2088@10.7.0.65,192.168.60.66:2088@192.168.50.65,192.168.5.166:2088@192.168.5.165&quot;,&quot;type&quot;:2,&quot;name&quot;:&quot;bond34&quot;,&quot;asi&quot;:0,&quot;rtmp&quot;:0,&quot;file&quot;:1,&quot;active&quot;:1,&quot;group&quot;:&quot;&quot;,&quot;bonded&quot;:[],&quot;error&quot;:&quot;Timeout&quot;,&quot;con_stat&quot;:&quot;Connecting&quot;,&quot;bitrate&quot;:0,&quot;dest&quot;:&quot;bonded/bonded34&quot;},{&quot;mip&quot;:&quot;4000.ts&quot;,&quot;port&quot;:0,&quot;ip&quot;:&quot;file&quot;,&quot;in_name&quot;:&quot;bond&quot;,&quot;in_active&quot;:1,&quot;in_active_sources&quot;:0,&quot;prg_name&quot;:&quot;&quot;,&quot;prg_prov&quot;:&quot;&quot;,&quot;prg_num&quot;:-1,&quot;chan&quot;:&quot;&quot;,&quot;chan_id&quot;:-1,&quot;id&quot;:&quot;zixi://bonded(bonded42)#10.7.0.66:2088@10.7.0.65,192.168.60.66:2088@192.168.50.65,192.168.5.166:2088@192.168.5.165&quot;,&quot;type&quot;:2,&quot;name&quot;:&quot;bond42&quot;,&quot;asi&quot;:0,&quot;rtmp&quot;:0,&quot;file&quot;:1,&quot;active&quot;:1,&quot;group&quot;:&quot;&quot;,&quot;bonded&quot;:[],&quot;error&quot;:&quot;Timeout&quot;,&quot;con_stat&quot;:&quot;Connecting&quot;,&quot;bitrate&quot;:0,&quot;dest&quot;:&quot;bonded/bonded42&quot;},{&quot;mip&quot;:&quot;4000.ts&quot;,&quot;port&quot;:0,&quot;ip&quot;:&quot;file&quot;,&quot;in_name&quot;:&quot;bond&quot;,&quot;in_active&quot;:1,&quot;in_active_sources&quot;:0,&quot;prg_name&quot;:&quot;&quot;,&quot;prg_prov&quot;:&quot;&quot;,&quot;prg_num&quot;:-1,&quot;chan&quot;:&quot;&quot;,&quot;chan_id&quot;:-1,&quot;id&quot;:&quot;zixi://bonded(bonded45)#10.7.0.66:2088@10.7.0.65,192.168.60.66:2088@192.168.50.65,192.168.5.166:2088@192.168.5.165&quot;,&quot;type&quot;:2,&quot;name&quot;:&quot;bond45&quot;,&quot;asi&quot;:0,&quot;rtmp&quot;:0,&quot;file&quot;:1,&quot;active&quot;:1,&quot;group&quot;:&quot;&quot;,&quot;bonded&quot;:[],&quot;error&quot;:&quot;Timeout&quot;,&quot;con_stat&quot;:&quot;Connecting&quot;,&quot;bitrate&quot;:0,&quot;dest&quot;:&quot;bonded/bonded45&quot;},{&quot;mip&quot;:&quot;4000.ts&quot;,&quot;port&quot;:0,&quot;ip&quot;:&quot;file&quot;,&quot;in_name&quot;:&quot;bond&quot;,&quot;in_active&quot;:1,&quot;in_active_sources&quot;:0,&quot;prg_name&quot;:&quot;&quot;,&quot;prg_prov&quot;:&quot;&quot;,&quot;prg_num&quot;:-1,&quot;chan&quot;:&quot;&quot;,&quot;chan_id&quot;:-1,&quot;id&quot;:&quot;zixi://bonded(bonded43)#10.7.0.66:2088@10.7.0.65,192.168.60.66:2088@192.168.50.65,192.168.5.166:2088@192.168.5.165&quot;,&quot;type&quot;:2,&quot;name&quot;:&quot;bond43&quot;,&quot;asi&quot;:0,&quot;rtmp&quot;:0,&quot;file&quot;:1,&quot;active&quot;:1,&quot;group&quot;:&quot;&quot;,&quot;bonded&quot;:[],&quot;error&quot;:&quot;Authentication&quot;,&quot;con_stat&quot;:&quot;Connecting&quot;,&quot;bitrate&quot;:0,&quot;dest&quot;:&quot;bonded/bonded43&quot;},{&quot;mip&quot;:&quot;4000.ts&quot;,&quot;port&quot;:0,&quot;ip&quot;:&quot;file&quot;,&quot;in_name&quot;:&quot;bond&quot;,&quot;in_active&quot;:1,&quot;in_active_sources&quot;:0,&quot;prg_name&quot;:&quot;&quot;,&quot;prg_prov&quot;:&quot;&quot;,&quot;prg_num&quot;:-1,&quot;chan&quot;:&quot;&quot;,&quot;chan_id&quot;:-1,&quot;id&quot;:&quot;zixi://bonded(bonded38)#10.7.0.66:2088@10.7.0.65,192.168.60.66:2088@192.168.50.65,192.168.5.166:2088@192.168.5.165&quot;,&quot;type&quot;:2,&quot;name&quot;:&quot;bond38&quot;,&quot;asi&quot;:0,&quot;rtmp&quot;:0,&quot;file&quot;:1,&quot;active&quot;:1,&quot;group&quot;:&quot;&quot;,&quot;bonded&quot;:[],&quot;error&quot;:&quot;Timeout&quot;,&quot;con_stat&quot;:&quot;Connecting&quot;,&quot;bitrate&quot;:0,&quot;dest&quot;:&quot;bonded/bonded38&quot;},{&quot;mip&quot;:&quot;4000.ts&quot;,&quot;port&quot;:0,&quot;ip&quot;:&quot;file&quot;,&quot;in_name&quot;:&quot;bond&quot;,&quot;in_active&quot;:1,&quot;in_active_sources&quot;:0,&quot;prg_name&quot;:&quot;&quot;,&quot;prg_prov&quot;:&quot;&quot;,&quot;prg_num&quot;:-1,&quot;chan&quot;:&quot;&quot;,&quot;chan_id&quot;:-1,&quot;id&quot;:&quot;zixi://bonded(bonded47)#10.7.0.66:2088@10.7.0.65,192.168.60.66:2088@192.168.50.65,192.168.5.166:2088@192.168.5.165&quot;,&quot;type&quot;:2,&quot;name&quot;:&quot;bond47&quot;,&quot;asi&quot;:0,&quot;rtmp&quot;:0,&quot;file&quot;:1,&quot;active&quot;:1,&quot;group&quot;:&quot;&quot;,&quot;bonded&quot;:[],&quot;error&quot;:&quot;Authentication&quot;,&quot;con_stat&quot;:&quot;Connecting&quot;,&quot;bitrate&quot;:0,&quot;dest&quot;:&quot;bonded/bonded47&quot;},{&quot;mip&quot;:&quot;4000.ts&quot;,&quot;port&quot;:0,&quot;ip&quot;:&quot;file&quot;,&quot;in_name&quot;:&quot;bond&quot;,&quot;in_active&quot;:1,&quot;in_active_sources&quot;:0,&quot;prg_name&quot;:&quot;&quot;,&quot;prg_prov&quot;:&quot;&quot;,&quot;prg_num&quot;:-1,&quot;chan&quot;:&quot;&quot;,&quot;chan_id&quot;:-1,&quot;id&quot;:&quot;zixi://bonded(bonded48)#10.7.0.66:2088@10.7.0.65,192.168.60.66:2088@192.168.50.65,192.168.5.166:2088@192.168.5.165&quot;,&quot;type&quot;:2,&quot;name&quot;:&quot;bond48&quot;,&quot;asi&quot;:0,&quot;rtmp&quot;:0,&quot;file&quot;:1,&quot;active&quot;:1,&quot;group&quot;:&quot;&quot;,&quot;bonded&quot;:[],&quot;error&quot;:&quot;Timeout&quot;,&quot;con_stat&quot;:&quot;Connecting&quot;,&quot;bitrate&quot;:0,&quot;dest&quot;:&quot;bonded/bonded48&quot;},{&quot;mip&quot;:&quot;4000.ts&quot;,&quot;port&quot;:0,&quot;ip&quot;:&quot;file&quot;,&quot;in_name&quot;:&quot;bond&quot;,&quot;in_active&quot;:1,&quot;in_active_sources&quot;:0,&quot;prg_name&quot;:&quot;&quot;,&quot;prg_prov&quot;:&quot;&quot;,&quot;prg_num&quot;:-1,&quot;chan&quot;:&quot;&quot;,&quot;chan_id&quot;:-1,&quot;id&quot;:&quot;zixi://bonded(bonded7)#10.7.0.66:2088@10.7.0.65,192.168.60.66:2088@192.168.50.65,192.168.5.166:2088@192.168.5.165&quot;,&quot;type&quot;:2,&quot;name&quot;:&quot;bond7&quot;,&quot;asi&quot;:0,&quot;rtmp&quot;:0,&quot;file&quot;:1,&quot;active&quot;:1,&quot;group&quot;:&quot;&quot;,&quot;bonded&quot;:[],&quot;error&quot;:&quot;None&quot;,&quot;con_stat&quot;:&quot;Connecting&quot;,&quot;bitrate&quot;:0,&quot;dest&quot;:&quot;bonded/bonded7&quot;},{&quot;mip&quot;:&quot;4000.ts&quot;,&quot;port&quot;:0,&quot;ip&quot;:&quot;file&quot;,&quot;in_name&quot;:&quot;bond&quot;,&quot;in_active&quot;:1,&quot;in_active_sources&quot;:0,&quot;prg_name&quot;:&quot;&quot;,&quot;prg_prov&quot;:&quot;&quot;,&quot;prg_num&quot;:-1,&quot;chan&quot;:&quot;&quot;,&quot;chan_id&quot;:-1,&quot;id&quot;:&quot;zixi://bonded(bonded6)#10.7.0.66:2088@10.7.0.65,192.168.60.66:2088@192.168.50.65,192.168.5.166:2088@192.168.5.165&quot;,&quot;type&quot;:2,&quot;name&quot;:&quot;bond6&quot;,&quot;asi&quot;:0,&quot;rtmp&quot;:0,&quot;file&quot;:1,&quot;active&quot;:1,&quot;group&quot;:&quot;&quot;,&quot;bonded&quot;:[],&quot;error&quot;:&quot;None&quot;,&quot;con_stat&quot;:&quot;Connecting&quot;,&quot;bitrate&quot;:0,&quot;dest&quot;:&quot;bonded/bonded6&quot;},{&quot;mip&quot;:&quot;4000.ts&quot;,&quot;port&quot;:0,&quot;ip&quot;:&quot;file&quot;,&quot;in_name&quot;:&quot;bond&quot;,&quot;in_active&quot;:1,&quot;in_active_sources&quot;:0,&quot;prg_name&quot;:&quot;&quot;,&quot;prg_prov&quot;:&quot;&quot;,&quot;prg_num&quot;:-1,&quot;chan&quot;:&quot;&quot;,&quot;chan_id&quot;:-1,&quot;id&quot;:&quot;zixi://bonded(bonded2)#10.7.0.66:2088@10.7.0.65,192.168.60.66:2088@192.168.50.65,192.168.5.166:2088@192.168.5.165&quot;,&quot;type&quot;:2,&quot;name&quot;:&quot;bond2&quot;,&quot;asi&quot;:0,&quot;rtmp&quot;:0,&quot;file&quot;:1,&quot;active&quot;:1,&quot;group&quot;:&quot;&quot;,&quot;bonded&quot;:[],&quot;error&quot;:&quot;None&quot;,&quot;con_stat&quot;:&quot;Connecting&quot;,&quot;bitrate&quot;:0,&quot;dest&quot;:&quot;bonded/bonded2&quot;},{&quot;mip&quot;:&quot;4000.ts&quot;,&quot;port&quot;:0,&quot;ip&quot;:&quot;file&quot;,&quot;in_name&quot;:&quot;bond&quot;,&quot;in_active&quot;:1,&quot;in_active_sources&quot;:0,&quot;prg_name&quot;:&quot;&quot;,&quot;prg_prov&quot;:&quot;&quot;,&quot;prg_num&quot;:-1,&quot;chan&quot;:&quot;&quot;,&quot;chan_id&quot;:-1,&quot;id&quot;:&quot;zixi://bonded(bonded1)#10.7.0.66:2088@10.7.0.65,192.168.60.66:2088@192.168.50.65,192.168.5.166:2088@192.168.5.165&quot;,&quot;type&quot;:2,&quot;name&quot;:&quot;bond1&quot;,&quot;asi&quot;:0,&quot;rtmp&quot;:0,&quot;file&quot;:1,&quot;active&quot;:1,&quot;group&quot;:&quot;&quot;,&quot;bonded&quot;:[],&quot;error&quot;:&quot;None&quot;,&quot;con_stat&quot;:&quot;Connecting&quot;,&quot;bitrate&quot;:0,&quot;dest&quot;:&quot;bonded/bonded1&quot;},{&quot;mip&quot;:&quot;4000.ts&quot;,&quot;port&quot;:0,&quot;ip&quot;:&quot;file&quot;,&quot;in_name&quot;:&quot;bond&quot;,&quot;in_active&quot;:1,&quot;in_active_sources&quot;:0,&quot;prg_name&quot;:&quot;&quot;,&quot;prg_prov&quot;:&quot;&quot;,&quot;prg_num&quot;:-1,&quot;chan&quot;:&quot;&quot;,&quot;chan_id&quot;:-1,&quot;id&quot;:&quot;zixi://bonded(bonded4)#10.7.0.66:2088@10.7.0.65,192.168.60.66:2088@192.168.50.65,192.168.5.166:2088@192.168.5.165&quot;,&quot;type&quot;:2,&quot;name&quot;:&quot;bond4&quot;,&quot;asi&quot;:0,&quot;rtmp&quot;:0,&quot;file&quot;:1,&quot;active&quot;:1,&quot;group&quot;:&quot;&quot;,&quot;bonded&quot;:[],&quot;error&quot;:&quot;Timeout&quot;,&quot;con_stat&quot;:&quot;Connecting&quot;,&quot;bitrate&quot;:0,&quot;dest&quot;:&quot;bonded/bonded4&quot;},{&quot;mip&quot;:&quot;4000.ts&quot;,&quot;port&quot;:0,&quot;ip&quot;:&quot;file&quot;,&quot;in_name&quot;:&quot;bond&quot;,&quot;in_active&quot;:1,&quot;in_active_sources&quot;:0,&quot;prg_name&quot;:&quot;&quot;,&quot;prg_prov&quot;:&quot;&quot;,&quot;prg_num&quot;:-1,&quot;chan&quot;:&quot;&quot;,&quot;chan_id&quot;:-1,&quot;id&quot;:&quot;zixi://bonded(bonded5)#10.7.0.66:2088@10.7.0.65,192.168.60.66:2088@192.168.50.65,192.168.5.166:2088@192.168.5.165&quot;,&quot;type&quot;:2,&quot;name&quot;:&quot;bond5&quot;,&quot;asi&quot;:0,&quot;rtmp&quot;:0,&quot;file&quot;:1,&quot;active&quot;:1,&quot;group&quot;:&quot;&quot;,&quot;bonded&quot;:[],&quot;error&quot;:&quot;None&quot;,&quot;con_stat&quot;:&quot;Connecting&quot;,&quot;bitrate&quot;:0,&quot;dest&quot;:&quot;bonded/bonded5&quot;},{&quot;mip&quot;:&quot;4000.ts&quot;,&quot;port&quot;:0,&quot;ip&quot;:&quot;file&quot;,&quot;in_name&quot;:&quot;bond&quot;,&quot;in_active&quot;:1,&quot;in_active_sources&quot;:0,&quot;prg_name&quot;:&quot;&quot;,&quot;prg_prov&quot;:&quot;&quot;,&quot;prg_num&quot;:-1,&quot;chan&quot;:&quot;&quot;,&quot;chan_id&quot;:-1,&quot;id&quot;:&quot;zixi://bonded(bonded9)#10.7.0.66:2088@10.7.0.65,192.168.60.66:2088@192.168.50.65,192.168.5.166:2088@192.168.5.165&quot;,&quot;type&quot;:2,&quot;name&quot;:&quot;bond9&quot;,&quot;asi&quot;:0,&quot;rtmp&quot;:0,&quot;file&quot;:1,&quot;active&quot;:1,&quot;group&quot;:&quot;&quot;,&quot;bonded&quot;:[],&quot;error&quot;:&quot;None&quot;,&quot;con_stat&quot;:&quot;Connecting&quot;,&quot;bitrate&quot;:0,&quot;dest&quot;:&quot;bonded/bonded9&quot;},{&quot;mip&quot;:&quot;4000.ts&quot;,&quot;port&quot;:0,&quot;ip&quot;:&quot;file&quot;,&quot;in_name&quot;:&quot;bond&quot;,&quot;in_active&quot;:1,&quot;in_active_sources&quot;:0,&quot;prg_name&quot;:&quot;&quot;,&quot;prg_prov&quot;:&quot;&quot;,&quot;prg_num&quot;:-1,&quot;chan&quot;:&quot;&quot;,&quot;chan_id&quot;:-1,&quot;id&quot;:&quot;zixi://bonded(bonded12)#10.7.0.66:2088@10.7.0.65,192.168.60.66:2088@192.168.50.65,192.168.5.166:2088@192.168.5.165&quot;,&quot;type&quot;:2,&quot;name&quot;:&quot;bond12&quot;,&quot;asi&quot;:0,&quot;rtmp&quot;:0,&quot;file&quot;:1,&quot;active&quot;:1,&quot;group&quot;:&quot;&quot;,&quot;bonded&quot;:[],&quot;error&quot;:&quot;None&quot;,&quot;con_stat&quot;:&quot;Connecting&quot;,&quot;bitrate&quot;:0,&quot;dest&quot;:&quot;bonded/bonded12&quot;},{&quot;mip&quot;:&quot;4000.ts&quot;,&quot;port&quot;:0,&quot;ip&quot;:&quot;file&quot;,&quot;in_name&quot;:&quot;bond&quot;,&quot;in_active&quot;:1,&quot;in_active_sources&quot;:0,&quot;prg_name&quot;:&quot;&quot;,&quot;prg_prov&quot;:&quot;&quot;,&quot;prg_num&quot;:-1,&quot;chan&quot;:&quot;&quot;,&quot;chan_id&quot;:-1,&quot;id&quot;:&quot;zixi://bonded(bonded10)#10.7.0.66:2088@10.7.0.65,192.168.60.66:2088@192.168.50.65,192.168.5.166:2088@192.168.5.165&quot;,&quot;type&quot;:2,&quot;name&quot;:&quot;bond10&quot;,&quot;asi&quot;:0,&quot;rtmp&quot;:0,&quot;file&quot;:1,&quot;active&quot;:1,&quot;group&quot;:&quot;&quot;,&quot;bonded&quot;:[],&quot;error&quot;:&quot;Authentication&quot;,&quot;con_stat&quot;:&quot;Connecting&quot;,&quot;bitrate&quot;:0,&quot;dest&quot;:&quot;bonded/bonded10&quot;},{&quot;mip&quot;:&quot;4000.ts&quot;,&quot;port&quot;:0,&quot;ip&quot;:&quot;file&quot;,&quot;in_name&quot;:&quot;bond&quot;,&quot;in_active&quot;:1,&quot;in_active_sources&quot;:0,&quot;prg_name&quot;:&quot;&quot;,&quot;prg_prov&quot;:&quot;&quot;,&quot;prg_num&quot;:-1,&quot;chan&quot;:&quot;&quot;,&quot;chan_id&quot;:-1,&quot;id&quot;:&quot;zixi://bonded(bonded13)#10.7.0.66:2088@10.7.0.65,192.168.60.66:2088@192.168.50.65,192.168.5.166:2088@192.168.5.165&quot;,&quot;type&quot;:2,&quot;name&quot;:&quot;bond13&quot;,&quot;asi&quot;:0,&quot;rtmp&quot;:0,&quot;file&quot;:1,&quot;active&quot;:1,&quot;group&quot;:&quot;&quot;,&quot;bonded&quot;:[],&quot;error&quot;:&quot;None&quot;,&quot;con_stat&quot;:&quot;Connecting&quot;,&quot;bitrate&quot;:0,&quot;dest&quot;:&quot;bonded/bonded13&quot;},{&quot;mip&quot;:&quot;4000.ts&quot;,&quot;port&quot;:0,&quot;ip&quot;:&quot;file&quot;,&quot;in_name&quot;:&quot;bond&quot;,&quot;in_active&quot;:1,&quot;in_active_sources&quot;:0,&quot;prg_name&quot;:&quot;&quot;,&quot;prg_prov&quot;:&quot;&quot;,&quot;prg_num&quot;:-1,&quot;chan&quot;:&quot;&quot;,&quot;chan_id&quot;:-1,&quot;id&quot;:&quot;zixi://bonded(bonded11)#10.7.0.66:2088@10.7.0.65,192.168.60.66:2088@192.168.50.65,192.168.5.166:2088@192.168.5.165&quot;,&quot;type&quot;:2,&quot;name&quot;:&quot;bond11&quot;,&quot;asi&quot;:0,&quot;rtmp&quot;:0,&quot;file&quot;:1,&quot;active&quot;:1,&quot;group&quot;:&quot;&quot;,&quot;bonded&quot;:[],&quot;error&quot;:&quot;None&quot;,&quot;con_stat&quot;:&quot;Connecting&quot;,&quot;bitrate&quot;:0,&quot;dest&quot;:&quot;bonded/bonded11&quot;},{&quot;mip&quot;:&quot;4000.ts&quot;,&quot;port&quot;:0,&quot;ip&quot;:&quot;file&quot;,&quot;in_name&quot;:&quot;bond&quot;,&quot;in_active&quot;:1,&quot;in_active_sources&quot;:0,&quot;prg_name&quot;:&quot;&quot;,&quot;prg_prov&quot;:&quot;&quot;,&quot;prg_num&quot;:-1,&quot;chan&quot;:&quot;&quot;,&quot;chan_id&quot;:-1,&quot;id&quot;:&quot;zixi://bonded(bonded3)#10.7.0.66:2088@10.7.0.65,192.168.60.66:2088@192.168.50.65,192.168.5.166:2088@192.168.5.165&quot;,&quot;type&quot;:2,&quot;name&quot;:&quot;bond3&quot;,&quot;asi&quot;:0,&quot;rtmp&quot;:0,&quot;file&quot;:1,&quot;active&quot;:1,&quot;group&quot;:&quot;&quot;,&quot;bonded&quot;:[],&quot;error&quot;:&quot;None&quot;,&quot;con_stat&quot;:&quot;Connecting&quot;,&quot;bitrate&quot;:0,&quot;dest&quot;:&quot;bonded/bonded3&quot;},{&quot;mip&quot;:&quot;4000.ts&quot;,&quot;port&quot;:0,&quot;ip&quot;:&quot;file&quot;,&quot;in_name&quot;:&quot;bond&quot;,&quot;in_active&quot;:1,&quot;in_active_sources&quot;:0,&quot;prg_name&quot;:&quot;&quot;,&quot;prg_prov&quot;:&quot;&quot;,&quot;prg_num&quot;:-1,&quot;chan&quot;:&quot;&quot;,&quot;chan_id&quot;:-1,&quot;id&quot;:&quot;zixi://bonded(bonded14)#10.7.0.66:2088@10.7.0.65,192.168.60.66:2088@192.168.50.65,192.168.5.166:2088@192.168.5.165&quot;,&quot;type&quot;:2,&quot;name&quot;:&quot;bond14&quot;,&quot;asi&quot;:0,&quot;rtmp&quot;:0,&quot;file&quot;:1,&quot;active&quot;:1,&quot;group&quot;:&quot;&quot;,&quot;bonded&quot;:[],&quot;error&quot;:&quot;Timeout&quot;,&quot;con_stat&quot;:&quot;Connecting&quot;,&quot;bitrate&quot;:0,&quot;dest&quot;:&quot;bonded/bonded14&quot;},{&quot;mip&quot;:&quot;4000.ts&quot;,&quot;port&quot;:0,&quot;ip&quot;:&quot;file&quot;,&quot;in_name&quot;:&quot;bond&quot;,&quot;in_active&quot;:1,&quot;in_active_sources&quot;:0,&quot;prg_name&quot;:&quot;&quot;,&quot;prg_prov&quot;:&quot;&quot;,&quot;prg_num&quot;:-1,&quot;chan&quot;:&quot;&quot;,&quot;chan_id&quot;:-1,&quot;id&quot;:&quot;zixi://bonded(bonded0)#10.7.0.66:2088@10.7.0.65,192.168.60.66:2088@192.168.50.65,192.168.5.166:2088@192.168.5.165&quot;,&quot;type&quot;:2,&quot;name&quot;:&quot;bond0&quot;,&quot;asi&quot;:0,&quot;rtmp&quot;:0,&quot;file&quot;:1,&quot;active&quot;:1,&quot;group&quot;:&quot;&quot;,&quot;bonded&quot;:[],&quot;error&quot;:&quot;None&quot;,&quot;con_stat&quot;:&quot;Connecting&quot;,&quot;bitrate&quot;:0,&quot;dest&quot;:&quot;bonded/bonded0&quot;},{&quot;mip&quot;:&quot;4000.ts&quot;,&quot;port&quot;:0,&quot;ip&quot;:&quot;file&quot;,&quot;in_name&quot;:&quot;bond&quot;,&quot;in_active&quot;:1,&quot;in_active_sources&quot;:0,&quot;prg_name&quot;:&quot;&quot;,&quot;prg_prov&quot;:&quot;&quot;,&quot;prg_num&quot;:-1,&quot;chan&quot;:&quot;&quot;,&quot;chan_id&quot;:-1,&quot;id&quot;:&quot;zixi://bonded(bonded19)#10.7.0.66:2088@10.7.0.65,192.168.60.66:2088@192.168.50.65,192.168.5.166:2088@192.168.5.165&quot;,&quot;type&quot;:2,&quot;name&quot;:&quot;bond19&quot;,&quot;asi&quot;:0,&quot;rtmp&quot;:0,&quot;file&quot;:1,&quot;active&quot;:1,&quot;group&quot;:&quot;&quot;,&quot;bonded&quot;:[],&quot;error&quot;:&quot;None&quot;,&quot;con_stat&quot;:&quot;Connecting&quot;,&quot;bitrate&quot;:0,&quot;dest&quot;:&quot;bonded/bonded19&quot;},{&quot;mip&quot;:&quot;4000.ts&quot;,&quot;port&quot;:0,&quot;ip&quot;:&quot;file&quot;,&quot;in_name&quot;:&quot;bond&quot;,&quot;in_active&quot;:1,&quot;in_active_sources&quot;:0,&quot;prg_name&quot;:&quot;&quot;,&quot;prg_prov&quot;:&quot;&quot;,&quot;prg_num&quot;:-1,&quot;chan&quot;:&quot;&quot;,&quot;chan_id&quot;:-1,&quot;id&quot;:&quot;zixi://bonded(bonded16)#10.7.0.66:2088@10.7.0.65,192.168.60.66:2088@192.168.50.65,192.168.5.166:2088@192.168.5.165&quot;,&quot;type&quot;:2,&quot;name&quot;:&quot;bond16&quot;,&quot;asi&quot;:0,&quot;rtmp&quot;:0,&quot;file&quot;:1,&quot;active&quot;:1,&quot;group&quot;:&quot;&quot;,&quot;bonded&quot;:[],&quot;error&quot;:&quot;None&quot;,&quot;con_stat&quot;:&quot;Connecting&quot;,&quot;bitrate&quot;:0,&quot;dest&quot;:&quot;bonded/bonded16&quot;},{&quot;mip&quot;:&quot;4000.ts&quot;,&quot;port&quot;:0,&quot;ip&quot;:&quot;file&quot;,&quot;in_name&quot;:&quot;bond&quot;,&quot;in_active&quot;:1,&quot;in_active_sources&quot;:0,&quot;prg_name&quot;:&quot;&quot;,&quot;prg_prov&quot;:&quot;&quot;,&quot;prg_num&quot;:-1,&quot;chan&quot;:&quot;&quot;,&quot;chan_id&quot;:-1,&quot;id&quot;:&quot;zixi://bonded(bonded20)#10.7.0.66:2088@10.7.0.65,192.168.60.66:2088@192.168.50.65,192.168.5.166:2088@192.168.5.165&quot;,&quot;type&quot;:2,&quot;name&quot;:&quot;bond20&quot;,&quot;asi&quot;:0,&quot;rtmp&quot;:0,&quot;file&quot;:1,&quot;active&quot;:1,&quot;group&quot;:&quot;&quot;,&quot;bonded&quot;:[],&quot;error&quot;:&quot;Timeout&quot;,&quot;con_stat&quot;:&quot;Connecting&quot;,&quot;bitrate&quot;:0,&quot;dest&quot;:&quot;bonded/bonded20&quot;},{&quot;mip&quot;:&quot;4000.ts&quot;,&quot;port&quot;:0,&quot;ip&quot;:&quot;file&quot;,&quot;in_name&quot;:&quot;bond&quot;,&quot;in_active&quot;:1,&quot;in_active_sources&quot;:0,&quot;prg_name&quot;:&quot;&quot;,&quot;prg_prov&quot;:&quot;&quot;,&quot;prg_num&quot;:-1,&quot;chan&quot;:&quot;&quot;,&quot;chan_id&quot;:-1,&quot;id&quot;:&quot;zixi://bonded(bonded8)#10.7.0.66:2088@10.7.0.65,192.168.60.66:2088@192.168.50.65,192.168.5.166:2088@192.168.5.165&quot;,&quot;type&quot;:2,&quot;name&quot;:&quot;bond8&quot;,&quot;asi&quot;:0,&quot;rtmp&quot;:0,&quot;file&quot;:1,&quot;active&quot;:1,&quot;group&quot;:&quot;&quot;,&quot;bonded&quot;:[],&quot;error&quot;:&quot;None&quot;,&quot;con_stat&quot;:&quot;Connecting&quot;,&quot;bitrate&quot;:0,&quot;dest&quot;:&quot;bonded/bonded8&quot;},{&quot;mip&quot;:&quot;4000.ts&quot;,&quot;port&quot;:0,&quot;ip&quot;:&quot;file&quot;,&quot;in_name&quot;:&quot;bond&quot;,&quot;in_active&quot;:1,&quot;in_active_sources&quot;:0,&quot;prg_name&quot;:&quot;&quot;,&quot;prg_prov&quot;:&quot;&quot;,&quot;prg_num&quot;:-1,&quot;chan&quot;:&quot;&quot;,&quot;chan_id&quot;:-1,&quot;id&quot;:&quot;zixi://bonded(bonded23)#10.7.0.66:2088@10.7.0.65,192.168.60.66:2088@192.168.50.65,192.168.5.166:2088@192.168.5.165&quot;,&quot;type&quot;:2,&quot;name&quot;:&quot;bond23&quot;,&quot;asi&quot;:0,&quot;rtmp&quot;:0,&quot;file&quot;:1,&quot;active&quot;:1,&quot;group&quot;:&quot;&quot;,&quot;bonded&quot;:[],&quot;error&quot;:&quot;None&quot;,&quot;con_stat&quot;:&quot;Connecting&quot;,&quot;bitrate&quot;:0,&quot;dest&quot;:&quot;bonded/bonded23&quot;},{&quot;mip&quot;:&quot;4000.ts&quot;,&quot;port&quot;:0,&quot;ip&quot;:&quot;file&quot;,&quot;in_name&quot;:&quot;bond&quot;,&quot;in_active&quot;:1,&quot;in_active_sources&quot;:0,&quot;prg_name&quot;:&quot;&quot;,&quot;prg_prov&quot;:&quot;&quot;,&quot;prg_num&quot;:-1,&quot;chan&quot;:&quot;&quot;,&quot;chan_id&quot;:-1,&quot;id&quot;:&quot;zixi://bonded(bonded17)#10.7.0.66:2088@10.7.0.65,192.168.60.66:2088@192.168.50.65,192.168.5.166:2088@192.168.5.165&quot;,&quot;type&quot;:2,&quot;name&quot;:&quot;bond17&quot;,&quot;asi&quot;:0,&quot;rtmp&quot;:0,&quot;file&quot;:1,&quot;active&quot;:1,&quot;group&quot;:&quot;&quot;,&quot;bonded&quot;:[],&quot;error&quot;:&quot;None&quot;,&quot;con_stat&quot;:&quot;Connecting&quot;,&quot;bitrate&quot;:0,&quot;dest&quot;:&quot;bonded/bonded17&quot;},{&quot;mip&quot;:&quot;4000.ts&quot;,&quot;port&quot;:0,&quot;ip&quot;:&quot;file&quot;,&quot;in_name&quot;:&quot;bond&quot;,&quot;in_active&quot;:1,&quot;in_active_sources&quot;:0,&quot;prg_name&quot;:&quot;&quot;,&quot;prg_prov&quot;:&quot;&quot;,&quot;prg_num&quot;:-1,&quot;chan&quot;:&quot;&quot;,&quot;chan_id&quot;:-1,&quot;id&quot;:&quot;zixi://bonded(bonded24)#10.7.0.66:2088@10.7.0.65,192.168.60.66:2088@192.168.50.65,192.168.5.166:2088@192.168.5.165&quot;,&quot;type&quot;:2,&quot;name&quot;:&quot;bond24&quot;,&quot;asi&quot;:0,&quot;rtmp&quot;:0,&quot;file&quot;:1,&quot;active&quot;:1,&quot;group&quot;:&quot;&quot;,&quot;bonded&quot;:[],&quot;error&quot;:&quot;None&quot;,&quot;con_stat&quot;:&quot;Connecting&quot;,&quot;bitrate&quot;:0,&quot;dest&quot;:&quot;bonded/bonded24&quot;},{&quot;mip&quot;:&quot;4000.ts&quot;,&quot;port&quot;:0,&quot;ip&quot;:&quot;file&quot;,&quot;in_name&quot;:&quot;bond&quot;,&quot;in_active&quot;:1,&quot;in_active_sources&quot;:0,&quot;prg_name&quot;:&quot;&quot;,&quot;prg_prov&quot;:&quot;&quot;,&quot;prg_num&quot;:-1,&quot;chan&quot;:&quot;&quot;,&quot;chan_id&quot;:-1,&quot;id&quot;:&quot;zixi://bonded(bonded15)#10.7.0.66:2088@10.7.0.65,192.168.60.66:2088@192.168.50.65,192.168.5.166:2088@192.168.5.165&quot;,&quot;type&quot;:2,&quot;name&quot;:&quot;bond15&quot;,&quot;asi&quot;:0,&quot;rtmp&quot;:0,&quot;file&quot;:1,&quot;active&quot;:1,&quot;group&quot;:&quot;&quot;,&quot;bonded&quot;:[],&quot;error&quot;:&quot;Timeout&quot;,&quot;con_stat&quot;:&quot;Connecting&quot;,&quot;bitrate&quot;:0,&quot;dest&quot;:&quot;bonded/bonded15&quot;}]}
Debug printing ------&gt;&gt;&gt; {&quot;custom_data&quot;:&quot;&quot;,&quot;msg&quot;:&quot;Output deleted.&quot;,&quot;error&quot;:&quot;&quot;,&quot;outs&quot;:[{&quot;mip&quot;:&quot;live_recording.ts&quot;,&quot;port&quot;:0,&quot;ip&quot;:&quot;file&quot;,&quot;in_name&quot;:&quot;feederoutputname&quot;,&quot;in_active&quot;:1,&quot;in_active_sources&quot;:0,&quot;prg_name&quot;:&quot;&quot;,&quot;prg_prov&quot;:&quot;&quot;,&quot;prg_num&quot;:1,&quot;chan&quot;:&quot;&quot;,&quot;chan_id&quot;:-1,&quot;id&quot;:&quot;zixi://10.7.0.66:2088/feederout&quot;,&quot;type&quot;:2,&quot;name&quot;:&quot;feederoutputname&quot;,&quot;asi&quot;:0,&quot;rtmp&quot;:0,&quot;file&quot;:1,&quot;active&quot;:1,&quot;group&quot;:&quot;&quot;,&quot;error&quot;:&quot;Authentication&quot;,&quot;con_stat&quot;:&quot;Disconnected&quot;,&quot;bitrate&quot;:0,&quot;dest&quot;:&quot;10.7.0.66:2088/feederout&quot;},{&quot;mip&quot;:&quot;4000.ts&quot;,&quot;port&quot;:0,&quot;ip&quot;:&quot;file&quot;,&quot;in_name&quot;:&quot;bond&quot;,&quot;in_active&quot;:1,&quot;in_active_sources&quot;:0,&quot;prg_name&quot;:&quot;&quot;,&quot;prg_prov&quot;:&quot;&quot;,&quot;prg_num&quot;:-1,&quot;chan&quot;:&quot;&quot;,&quot;chan_id&quot;:-1,&quot;id&quot;:&quot;zixi://bonded(bonded44)#10.7.0.66:2088@10.7.0.65,192.168.60.66:2088@192.168.50.65,192.168.5.166:2088@192.168.5.165&quot;,&quot;type&quot;:2,&quot;name&quot;:&quot;bond44&quot;,&quot;asi&quot;:0,&quot;rtmp&quot;:0,&quot;file&quot;:1,&quot;active&quot;:1,&quot;group&quot;:&quot;&quot;,&quot;bonded&quot;:[],&quot;error&quot;:&quot;None&quot;,&quot;con_stat&quot;:&quot;Connecting&quot;,&quot;bitrate&quot;:0,&quot;dest&quot;:&quot;bonded/bonded44&quot;},{&quot;mip&quot;:&quot;4000.ts&quot;,&quot;port&quot;:0,&quot;ip&quot;:&quot;file&quot;,&quot;in_name&quot;:&quot;bond&quot;,&quot;in_active&quot;:1,&quot;in_active_sources&quot;:0,&quot;prg_name&quot;:&quot;&quot;,&quot;prg_prov&quot;:&quot;&quot;,&quot;prg_num&quot;:-1,&quot;chan&quot;:&quot;&quot;,&quot;chan_id&quot;:-1,&quot;id&quot;:&quot;zixi://bonded(bonded25)#10.7.0.66:2088@10.7.0.65,192.168.60.66:2088@192.168.50.65,192.168.5.166:2088@192.168.5.165&quot;,&quot;type&quot;:2,&quot;name&quot;:&quot;bond25&quot;,&quot;asi&quot;:0,&quot;rtmp&quot;:0,&quot;file&quot;:1,&quot;active&quot;:1,&quot;group&quot;:&quot;&quot;,&quot;bonded&quot;:[],&quot;error&quot;:&quot;None&quot;,&quot;con_stat&quot;:&quot;Connecting&quot;,&quot;bitrate&quot;:0,&quot;dest&quot;:&quot;bonded/bonded25&quot;},{&quot;mip&quot;:&quot;4000.ts&quot;,&quot;port&quot;:0,&quot;ip&quot;:&quot;file&quot;,&quot;in_name&quot;:&quot;bond&quot;,&quot;in_active&quot;:1,&quot;in_active_sources&quot;:0,&quot;prg_name&quot;:&quot;&quot;,&quot;prg_prov&quot;:&quot;&quot;,&quot;prg_num&quot;:-1,&quot;chan&quot;:&quot;&quot;,&quot;chan_id&quot;:-1,&quot;id&quot;:&quot;zixi://bonded(bonded18)#10.7.0.66:2088@10.7.0.65,192.168.60.66:2088@192.168.50.65,192.168.5.166:2088@192.168.5.165&quot;,&quot;type&quot;:2,&quot;name&quot;:&quot;bond18&quot;,&quot;asi&quot;:0,&quot;rtmp&quot;:0,&quot;file&quot;:1,&quot;active&quot;:1,&quot;group&quot;:&quot;&quot;,&quot;bonded&quot;:[],&quot;error&quot;:&quot;Timeout&quot;,&quot;con_stat&quot;:&quot;Connecting&quot;,&quot;bitrate&quot;:0,&quot;dest&quot;:&quot;bonded/bonded18&quot;},{&quot;mip&quot;:&quot;4000.ts&quot;,&quot;port&quot;:0,&quot;ip&quot;:&quot;file&quot;,&quot;in_name&quot;:&quot;bond&quot;,&quot;in_active&quot;:1,&quot;in_active_sources&quot;:0,&quot;prg_name&quot;:&quot;&quot;,&quot;prg_prov&quot;:&quot;&quot;,&quot;prg_num&quot;:-1,&quot;chan&quot;:&quot;&quot;,&quot;chan_id&quot;:-1,&quot;id&quot;:&quot;zixi://bonded(bonded29)#10.7.0.66:2088@10.7.0.65,192.168.60.66:2088@192.168.50.65,192.168.5.166:2088@192.168.5.165&quot;,&quot;type&quot;:2,&quot;name&quot;:&quot;bond29&quot;,&quot;asi&quot;:0,&quot;rtmp&quot;:0,&quot;file&quot;:1,&quot;active&quot;:1,&quot;group&quot;:&quot;&quot;,&quot;bonded&quot;:[],&quot;error&quot;:&quot;None&quot;,&quot;con_stat&quot;:&quot;Connecting&quot;,&quot;bitrate&quot;:0,&quot;dest&quot;:&quot;bonded/bonded29&quot;},{&quot;mip&quot;:&quot;4000.ts&quot;,&quot;port&quot;:0,&quot;ip&quot;:&quot;file&quot;,&quot;in_name&quot;:&quot;bond&quot;,&quot;in_active&quot;:1,&quot;in_active_sources&quot;:0,&quot;prg_name&quot;:&quot;&quot;,&quot;prg_prov&quot;:&quot;&quot;,&quot;prg_num&quot;:-1,&quot;chan&quot;:&quot;&quot;,&quot;chan_id&quot;:-1,&quot;id&quot;:&quot;zixi://bonded(bonded35)#10.7.0.66:2088@10.7.0.65,192.168.60.66:2088@192.168.50.65,192.168.5.166:2088@192.168.5.165&quot;,&quot;type&quot;:2,&quot;name&quot;:&quot;bond35&quot;,&quot;asi&quot;:0,&quot;rtmp&quot;:0,&quot;file&quot;:1,&quot;active&quot;:1,&quot;group&quot;:&quot;&quot;,&quot;bonded&quot;:[],&quot;error&quot;:&quot;None&quot;,&quot;con_stat&quot;:&quot;Connecting&quot;,&quot;bitrate&quot;:0,&quot;dest&quot;:&quot;bonded/bonded35&quot;},{&quot;mip&quot;:&quot;4000.ts&quot;,&quot;port&quot;:0,&quot;ip&quot;:&quot;file&quot;,&quot;in_name&quot;:&quot;bond&quot;,&quot;in_active&quot;:1,&quot;in_active_sources&quot;:0,&quot;prg_name&quot;:&quot;&quot;,&quot;prg_prov&quot;:&quot;&quot;,&quot;prg_num&quot;:-1,&quot;chan&quot;:&quot;&quot;,&quot;chan_id&quot;:-1,&quot;id&quot;:&quot;zixi://bonded(bonded33)#10.7.0.66:2088@10.7.0.65,192.168.60.66:2088@192.168.50.65,192.168.5.166:2088@192.168.5.165&quot;,&quot;type&quot;:2,&quot;name&quot;:&quot;bond33&quot;,&quot;asi&quot;:0,&quot;rtmp&quot;:0,&quot;file&quot;:1,&quot;active&quot;:1,&quot;group&quot;:&quot;&quot;,&quot;bonded&quot;:[],&quot;error&quot;:&quot;Authentication&quot;,&quot;con_stat&quot;:&quot;Connecting&quot;,&quot;bitrate&quot;:0,&quot;dest&quot;:&quot;bonded/bonded33&quot;},{&quot;mip&quot;:&quot;4000.ts&quot;,&quot;port&quot;:0,&quot;ip&quot;:&quot;file&quot;,&quot;in_name&quot;:&quot;bond&quot;,&quot;in_active&quot;:1,&quot;in_active_sources&quot;:0,&quot;prg_name&quot;:&quot;&quot;,&quot;prg_prov&quot;:&quot;&quot;,&quot;prg_num&quot;:-1,&quot;chan&quot;:&quot;&quot;,&quot;chan_id&quot;:-1,&quot;id&quot;:&quot;zixi://bonded(bonded27)#10.7.0.66:2088@10.7.0.65,192.168.60.66:2088@192.168.50.65,192.168.5.166:2088@192.168.5.165&quot;,&quot;type&quot;:2,&quot;name&quot;:&quot;bond27&quot;,&quot;asi&quot;:0,&quot;rtmp&quot;:0,&quot;file&quot;:1,&quot;active&quot;:1,&quot;group&quot;:&quot;&quot;,&quot;bonded&quot;:[],&quot;error&quot;:&quot;Timeout&quot;,&quot;con_stat&quot;:&quot;Connecting&quot;,&quot;bitrate&quot;:0,&quot;dest&quot;:&quot;bonded/bonded27&quot;},{&quot;mip&quot;:&quot;4000.ts&quot;,&quot;port&quot;:0,&quot;ip&quot;:&quot;file&quot;,&quot;in_name&quot;:&quot;bond&quot;,&quot;in_active&quot;:1,&quot;in_active_sources&quot;:0,&quot;prg_name&quot;:&quot;&quot;,&quot;prg_prov&quot;:&quot;&quot;,&quot;prg_num&quot;:-1,&quot;chan&quot;:&quot;&quot;,&quot;chan_id&quot;:-1,&quot;id&quot;:&quot;zixi://bonded(bonded39)#10.7.0.66:2088@10.7.0.65,192.168.60.66:2088@192.168.50.65,192.168.5.166:2088@192.168.5.165&quot;,&quot;type&quot;:2,&quot;name&quot;:&quot;bond39&quot;,&quot;asi&quot;:0,&quot;rtmp&quot;:0,&quot;file&quot;:1,&quot;active&quot;:1,&quot;group&quot;:&quot;&quot;,&quot;bonded&quot;:[],&quot;error&quot;:&quot;None&quot;,&quot;con_stat&quot;:&quot;Connecting&quot;,&quot;bitrate&quot;:0,&quot;dest&quot;:&quot;bonded/bonded39&quot;},{&quot;mip&quot;:&quot;4000.ts&quot;,&quot;port&quot;:0,&quot;ip&quot;:&quot;file&quot;,&quot;in_name&quot;:&quot;bond&quot;,&quot;in_active&quot;:1,&quot;in_active_sources&quot;:0,&quot;prg_name&quot;:&quot;&quot;,&quot;prg_prov&quot;:&quot;&quot;,&quot;prg_num&quot;:-1,&quot;chan&quot;:&quot;&quot;,&quot;chan_id&quot;:-1,&quot;id&quot;:&quot;zixi://bonded(bonded36)#10.7.0.66:2088@10.7.0.65,192.168.60.66:2088@192.168.50.65,192.168.5.166:2088@192.168.5.165&quot;,&quot;type&quot;:2,&quot;name&quot;:&quot;bond36&quot;,&quot;asi&quot;:0,&quot;rtmp&quot;:0,&quot;file&quot;:1,&quot;active&quot;:1,&quot;group&quot;:&quot;&quot;,&quot;bonded&quot;:[],&quot;error&quot;:&quot;Timeout&quot;,&quot;con_stat&quot;:&quot;Connecting&quot;,&quot;bitrate&quot;:0,&quot;dest&quot;:&quot;bonded/bonded36&quot;},{&quot;mip&quot;:&quot;4000.ts&quot;,&quot;port&quot;:0,&quot;ip&quot;:&quot;file&quot;,&quot;in_name&quot;:&quot;bond&quot;,&quot;in_active&quot;:1,&quot;in_active_sources&quot;:0,&quot;prg_name&quot;:&quot;&quot;,&quot;prg_prov&quot;:&quot;&quot;,&quot;prg_num&quot;:-1,&quot;chan&quot;:&quot;&quot;,&quot;chan_id&quot;:-1,&quot;id&quot;:&quot;zixi://bonded(bonded41)#10.7.0.66:2088@10.7.0.65,192.168.60.66:2088@192.168.50.65,192.168.5.166:2088@192.168.5.165&quot;,&quot;type&quot;:2,&quot;name&quot;:&quot;bond41&quot;,&quot;asi&quot;:0,&quot;rtmp&quot;:0,&quot;file&quot;:1,&quot;active&quot;:1,&quot;group&quot;:&quot;&quot;,&quot;bonded&quot;:[],&quot;error&quot;:&quot;Timeout&quot;,&quot;con_stat&quot;:&quot;Connecting&quot;,&quot;bitrate&quot;:0,&quot;dest&quot;:&quot;bonded/bonded41&quot;},{&quot;mip&quot;:&quot;4000.ts&quot;,&quot;port&quot;:0,&quot;ip&quot;:&quot;file&quot;,&quot;in_name&quot;:&quot;bond&quot;,&quot;in_active&quot;:1,&quot;in_active_sources&quot;:0,&quot;prg_name&quot;:&quot;&quot;,&quot;prg_prov&quot;:&quot;&quot;,&quot;prg_num&quot;:-1,&quot;chan&quot;:&quot;&quot;,&quot;chan_id&quot;:-1,&quot;id&quot;:&quot;zixi://bonded(bonded31)#10.7.0.66:2088@10.7.0.65,192.168.60.66:2088@192.168.50.65,192.168.5.166:2088@192.168.5.165&quot;,&quot;type&quot;:2,&quot;name&quot;:&quot;bond31&quot;,&quot;asi&quot;:0,&quot;rtmp&quot;:0,&quot;file&quot;:1,&quot;active&quot;:1,&quot;group&quot;:&quot;&quot;,&quot;bonded&quot;:[],&quot;error&quot;:&quot;Authentication&quot;,&quot;con_stat&quot;:&quot;Connecting&quot;,&quot;bitrate&quot;:0,&quot;dest&quot;:&quot;bonded/bonded31&quot;},{&quot;mip&quot;:&quot;4000.ts&quot;,&quot;port&quot;:0,&quot;ip&quot;:&quot;file&quot;,&quot;in_name&quot;:&quot;bond&quot;,&quot;in_active&quot;:1,&quot;in_active_sources&quot;:0,&quot;prg_name&quot;:&quot;&quot;,&quot;prg_prov&quot;:&quot;&quot;,&quot;prg_num&quot;:-1,&quot;chan&quot;:&quot;&quot;,&quot;chan_id&quot;:-1,&quot;id&quot;:&quot;zixi://bonded(bonded28)#10.7.0.66:2088@10.7.0.65,192.168.60.66:2088@192.168.50.65,192.168.5.166:2088@192.168.5.165&quot;,&quot;type&quot;:2,&quot;name&quot;:&quot;bond28&quot;,&quot;asi&quot;:0,&quot;rtmp&quot;:0,&quot;file&quot;:1,&quot;active&quot;:1,&quot;group&quot;:&quot;&quot;,&quot;bonded&quot;:[],&quot;error&quot;:&quot;None&quot;,&quot;con_stat&quot;:&quot;Connecting&quot;,&quot;bitrate&quot;:0,&quot;dest&quot;:&quot;bonded/bonded28&quot;},{&quot;mip&quot;:&quot;4000.ts&quot;,&quot;port&quot;:0,&quot;ip&quot;:&quot;file&quot;,&quot;in_name&quot;:&quot;bond&quot;,&quot;in_active&quot;:1,&quot;in_active_sources&quot;:0,&quot;prg_name&quot;:&quot;&quot;,&quot;prg_prov&quot;:&quot;&quot;,&quot;prg_num&quot;:-1,&quot;chan&quot;:&quot;&quot;,&quot;chan_id&quot;:-1,&quot;id&quot;:&quot;zixi://bonded(bonded40)#10.7.0.66:2088@10.7.0.65,192.168.60.66:2088@192.168.50.65,192.168.5.166:2088@192.168.5.165&quot;,&quot;type&quot;:2,&quot;name&quot;:&quot;bond40&quot;,&quot;asi&quot;:0,&quot;rtmp&quot;:0,&quot;file&quot;:1,&quot;active&quot;:1,&quot;group&quot;:&quot;&quot;,&quot;bonded&quot;:[],&quot;error&quot;:&quot;Authentication&quot;,&quot;con_stat&quot;:&quot;Connecting&quot;,&quot;bitrate&quot;:0,&quot;dest&quot;:&quot;bonded/bonded40&quot;},{&quot;mip&quot;:&quot;4000.ts&quot;,&quot;port&quot;:0,&quot;ip&quot;:&quot;file&quot;,&quot;in_name&quot;:&quot;bond&quot;,&quot;in_active&quot;:1,&quot;in_active_sources&quot;:0,&quot;prg_name&quot;:&quot;&quot;,&quot;prg_prov&quot;:&quot;&quot;,&quot;prg_num&quot;:-1,&quot;chan&quot;:&quot;&quot;,&quot;chan_id&quot;:-1,&quot;id&quot;:&quot;zixi://bonded(bonded46)#10.7.0.66:2088@10.7.0.65,192.168.60.66:2088@192.168.50.65,192.168.5.166:2088@192.168.5.165&quot;,&quot;type&quot;:2,&quot;name&quot;:&quot;bond46&quot;,&quot;asi&quot;:0,&quot;rtmp&quot;:0,&quot;file&quot;:1,&quot;active&quot;:1,&quot;group&quot;:&quot;&quot;,&quot;bonded&quot;:[],&quot;error&quot;:&quot;Authentication&quot;,&quot;con_stat&quot;:&quot;Connecting&quot;,&quot;bitrate&quot;:0,&quot;dest&quot;:&quot;bonded/bonded46&quot;},{&quot;mip&quot;:&quot;4000.ts&quot;,&quot;port&quot;:0,&quot;ip&quot;:&quot;file&quot;,&quot;in_name&quot;:&quot;bond&quot;,&quot;in_active&quot;:1,&quot;in_active_sources&quot;:0,&quot;prg_name&quot;:&quot;&quot;,&quot;prg_prov&quot;:&quot;&quot;,&quot;prg_num&quot;:-1,&quot;chan&quot;:&quot;&quot;,&quot;chan_id&quot;:-1,&quot;id&quot;:&quot;zixi://bonded(bonded49)#10.7.0.66:2088@10.7.0.65,192.168.60.66:2088@192.168.50.65,192.168.5.166:2088@192.168.5.165&quot;,&quot;type&quot;:2,&quot;name&quot;:&quot;bond49&quot;,&quot;asi&quot;:0,&quot;rtmp&quot;:0,&quot;file&quot;:1,&quot;active&quot;:1,&quot;group&quot;:&quot;&quot;,&quot;bonded&quot;:[],&quot;error&quot;:&quot;Timeout&quot;,&quot;con_stat&quot;:&quot;Connecting&quot;,&quot;bitrate&quot;:0,&quot;dest&quot;:&quot;bonded/bonded49&quot;},{&quot;mip&quot;:&quot;4000.ts&quot;,&quot;port&quot;:0,&quot;ip&quot;:&quot;file&quot;,&quot;in_name&quot;:&quot;bond&quot;,&quot;in_active&quot;:1,&quot;in_active_sources&quot;:0,&quot;prg_name&quot;:&quot;&quot;,&quot;prg_prov&quot;:&quot;&quot;,&quot;prg_num&quot;:-1,&quot;chan&quot;:&quot;&quot;,&quot;chan_id&quot;:-1,&quot;id&quot;:&quot;zixi://bonded(bonded34)#10.7.0.66:2088@10.7.0.65,192.168.60.66:2088@192.168.50.65,192.168.5.166:2088@192.168.5.165&quot;,&quot;type&quot;:2,&quot;name&quot;:&quot;bond34&quot;,&quot;asi&quot;:0,&quot;rtmp&quot;:0,&quot;file&quot;:1,&quot;active&quot;:1,&quot;group&quot;:&quot;&quot;,&quot;bonded&quot;:[],&quot;error&quot;:&quot;Timeout&quot;,&quot;con_stat&quot;:&quot;Connecting&quot;,&quot;bitrate&quot;:0,&quot;dest&quot;:&quot;bonded/bonded34&quot;},{&quot;mip&quot;:&quot;4000.ts&quot;,&quot;port&quot;:0,&quot;ip&quot;:&quot;file&quot;,&quot;in_name&quot;:&quot;bond&quot;,&quot;in_active&quot;:1,&quot;in_active_sources&quot;:0,&quot;prg_name&quot;:&quot;&quot;,&quot;prg_prov&quot;:&quot;&quot;,&quot;prg_num&quot;:-1,&quot;chan&quot;:&quot;&quot;,&quot;chan_id&quot;:-1,&quot;id&quot;:&quot;zixi://bonded(bonded42)#10.7.0.66:2088@10.7.0.65,192.168.60.66:2088@192.168.50.65,192.168.5.166:2088@192.168.5.165&quot;,&quot;type&quot;:2,&quot;name&quot;:&quot;bond42&quot;,&quot;asi&quot;:0,&quot;rtmp&quot;:0,&quot;file&quot;:1,&quot;active&quot;:1,&quot;group&quot;:&quot;&quot;,&quot;bonded&quot;:[],&quot;error&quot;:&quot;Timeout&quot;,&quot;con_stat&quot;:&quot;Connecting&quot;,&quot;bitrate&quot;:0,&quot;dest&quot;:&quot;bonded/bonded42&quot;},{&quot;mip&quot;:&quot;4000.ts&quot;,&quot;port&quot;:0,&quot;ip&quot;:&quot;file&quot;,&quot;in_name&quot;:&quot;bond&quot;,&quot;in_active&quot;:1,&quot;in_active_sources&quot;:0,&quot;prg_name&quot;:&quot;&quot;,&quot;prg_prov&quot;:&quot;&quot;,&quot;prg_num&quot;:-1,&quot;chan&quot;:&quot;&quot;,&quot;chan_id&quot;:-1,&quot;id&quot;:&quot;zixi://bonded(bonded45)#10.7.0.66:2088@10.7.0.65,192.168.60.66:2088@192.168.50.65,192.168.5.166:2088@192.168.5.165&quot;,&quot;type&quot;:2,&quot;name&quot;:&quot;bond45&quot;,&quot;asi&quot;:0,&quot;rtmp&quot;:0,&quot;file&quot;:1,&quot;active&quot;:1,&quot;group&quot;:&quot;&quot;,&quot;bonded&quot;:[],&quot;error&quot;:&quot;Timeout&quot;,&quot;con_stat&quot;:&quot;Connecting&quot;,&quot;bitrate&quot;:0,&quot;dest&quot;:&quot;bonded/bonded45&quot;},{&quot;mip&quot;:&quot;4000.ts&quot;,&quot;port&quot;:0,&quot;ip&quot;:&quot;file&quot;,&quot;in_name&quot;:&quot;bond&quot;,&quot;in_active&quot;:1,&quot;in_active_sources&quot;:0,&quot;prg_name&quot;:&quot;&quot;,&quot;prg_prov&quot;:&quot;&quot;,&quot;prg_num&quot;:-1,&quot;chan&quot;:&quot;&quot;,&quot;chan_id&quot;:-1,&quot;id&quot;:&quot;zixi://bonded(bonded43)#10.7.0.66:2088@10.7.0.65,192.168.60.66:2088@192.168.50.65,192.168.5.166:2088@192.168.5.165&quot;,&quot;type&quot;:2,&quot;name&quot;:&quot;bond43&quot;,&quot;asi&quot;:0,&quot;rtmp&quot;:0,&quot;file&quot;:1,&quot;active&quot;:1,&quot;group&quot;:&quot;&quot;,&quot;bonded&quot;:[],&quot;error&quot;:&quot;Authentication&quot;,&quot;con_stat&quot;:&quot;Connecting&quot;,&quot;bitrate&quot;:0,&quot;dest&quot;:&quot;bonded/bonded43&quot;},{&quot;mip&quot;:&quot;4000.ts&quot;,&quot;port&quot;:0,&quot;ip&quot;:&quot;file&quot;,&quot;in_name&quot;:&quot;bond&quot;,&quot;in_active&quot;:1,&quot;in_active_sources&quot;:0,&quot;prg_name&quot;:&quot;&quot;,&quot;prg_prov&quot;:&quot;&quot;,&quot;prg_num&quot;:-1,&quot;chan&quot;:&quot;&quot;,&quot;chan_id&quot;:-1,&quot;id&quot;:&quot;zixi://bonded(bonded38)#10.7.0.66:2088@10.7.0.65,192.168.60.66:2088@192.168.50.65,192.168.5.166:2088@192.168.5.165&quot;,&quot;type&quot;:2,&quot;name&quot;:&quot;bond38&quot;,&quot;asi&quot;:0,&quot;rtmp&quot;:0,&quot;file&quot;:1,&quot;active&quot;:1,&quot;group&quot;:&quot;&quot;,&quot;bonded&quot;:[],&quot;error&quot;:&quot;Timeout&quot;,&quot;con_stat&quot;:&quot;Connecting&quot;,&quot;bitrate&quot;:0,&quot;dest&quot;:&quot;bonded/bonded38&quot;},{&quot;mip&quot;:&quot;4000.ts&quot;,&quot;port&quot;:0,&quot;ip&quot;:&quot;file&quot;,&quot;in_name&quot;:&quot;bond&quot;,&quot;in_active&quot;:1,&quot;in_active_sources&quot;:0,&quot;prg_name&quot;:&quot;&quot;,&quot;prg_prov&quot;:&quot;&quot;,&quot;prg_num&quot;:-1,&quot;chan&quot;:&quot;&quot;,&quot;chan_id&quot;:-1,&quot;id&quot;:&quot;zixi://bonded(bonded47)#10.7.0.66:2088@10.7.0.65,192.168.60.66:2088@192.168.50.65,192.168.5.166:2088@192.168.5.165&quot;,&quot;type&quot;:2,&quot;name&quot;:&quot;bond47&quot;,&quot;asi&quot;:0,&quot;rtmp&quot;:0,&quot;file&quot;:1,&quot;active&quot;:1,&quot;group&quot;:&quot;&quot;,&quot;bonded&quot;:[],&quot;error&quot;:&quot;Authentication&quot;,&quot;con_stat&quot;:&quot;Connecting&quot;,&quot;bitrate&quot;:0,&quot;dest&quot;:&quot;bonded/bonded47&quot;},{&quot;mip&quot;:&quot;4000.ts&quot;,&quot;port&quot;:0,&quot;ip&quot;:&quot;file&quot;,&quot;in_name&quot;:&quot;bond&quot;,&quot;in_active&quot;:1,&quot;in_active_sources&quot;:0,&quot;prg_name&quot;:&quot;&quot;,&quot;prg_prov&quot;:&quot;&quot;,&quot;prg_num&quot;:-1,&quot;chan&quot;:&quot;&quot;,&quot;chan_id&quot;:-1,&quot;id&quot;:&quot;zixi://bonded(bonded48)#10.7.0.66:2088@10.7.0.65,192.168.60.66:2088@192.168.50.65,192.168.5.166:2088@192.168.5.165&quot;,&quot;type&quot;:2,&quot;name&quot;:&quot;bond48&quot;,&quot;asi&quot;:0,&quot;rtmp&quot;:0,&quot;file&quot;:1,&quot;active&quot;:1,&quot;group&quot;:&quot;&quot;,&quot;bonded&quot;:[],&quot;error&quot;:&quot;Timeout&quot;,&quot;con_stat&quot;:&quot;Connecting&quot;,&quot;bitrate&quot;:0,&quot;dest&quot;:&quot;bonded/bonded48&quot;},{&quot;mip&quot;:&quot;4000.ts&quot;,&quot;port&quot;:0,&quot;ip&quot;:&quot;file&quot;,&quot;in_name&quot;:&quot;bond&quot;,&quot;in_active&quot;:1,&quot;in_active_sources&quot;:0,&quot;prg_name&quot;:&quot;&quot;,&quot;prg_prov&quot;:&quot;&quot;,&quot;prg_num&quot;:-1,&quot;chan&quot;:&quot;&quot;,&quot;chan_id&quot;:-1,&quot;id&quot;:&quot;zixi://bonded(bonded7)#10.7.0.66:2088@10.7.0.65,192.168.60.66:2088@192.168.50.65,192.168.5.166:2088@192.168.5.165&quot;,&quot;type&quot;:2,&quot;name&quot;:&quot;bond7&quot;,&quot;asi&quot;:0,&quot;rtmp&quot;:0,&quot;file&quot;:1,&quot;active&quot;:1,&quot;group&quot;:&quot;&quot;,&quot;bonded&quot;:[],&quot;error&quot;:&quot;None&quot;,&quot;con_stat&quot;:&quot;Connecting&quot;,&quot;bitrate&quot;:0,&quot;dest&quot;:&quot;bonded/bonded7&quot;},{&quot;mip&quot;:&quot;4000.ts&quot;,&quot;port&quot;:0,&quot;ip&quot;:&quot;file&quot;,&quot;in_name&quot;:&quot;bond&quot;,&quot;in_active&quot;:1,&quot;in_active_sources&quot;:0,&quot;prg_name&quot;:&quot;&quot;,&quot;prg_prov&quot;:&quot;&quot;,&quot;prg_num&quot;:-1,&quot;chan&quot;:&quot;&quot;,&quot;chan_id&quot;:-1,&quot;id&quot;:&quot;zixi://bonded(bonded6)#10.7.0.66:2088@10.7.0.65,192.168.60.66:2088@192.168.50.65,192.168.5.166:2088@192.168.5.165&quot;,&quot;type&quot;:2,&quot;name&quot;:&quot;bond6&quot;,&quot;asi&quot;:0,&quot;rtmp&quot;:0,&quot;file&quot;:1,&quot;active&quot;:1,&quot;group&quot;:&quot;&quot;,&quot;bonded&quot;:[],&quot;error&quot;:&quot;None&quot;,&quot;con_stat&quot;:&quot;Connecting&quot;,&quot;bitrate&quot;:0,&quot;dest&quot;:&quot;bonded/bonded6&quot;},{&quot;mip&quot;:&quot;4000.ts&quot;,&quot;port&quot;:0,&quot;ip&quot;:&quot;file&quot;,&quot;in_name&quot;:&quot;bond&quot;,&quot;in_active&quot;:1,&quot;in_active_sources&quot;:0,&quot;prg_name&quot;:&quot;&quot;,&quot;prg_prov&quot;:&quot;&quot;,&quot;prg_num&quot;:-1,&quot;chan&quot;:&quot;&quot;,&quot;chan_id&quot;:-1,&quot;id&quot;:&quot;zixi://bonded(bonded2)#10.7.0.66:2088@10.7.0.65,192.168.60.66:2088@192.168.50.65,192.168.5.166:2088@192.168.5.165&quot;,&quot;type&quot;:2,&quot;name&quot;:&quot;bond2&quot;,&quot;asi&quot;:0,&quot;rtmp&quot;:0,&quot;file&quot;:1,&quot;active&quot;:1,&quot;group&quot;:&quot;&quot;,&quot;bonded&quot;:[],&quot;error&quot;:&quot;None&quot;,&quot;con_stat&quot;:&quot;Connecting&quot;,&quot;bitrate&quot;:0,&quot;dest&quot;:&quot;bonded/bonded2&quot;},{&quot;mip&quot;:&quot;4000.ts&quot;,&quot;port&quot;:0,&quot;ip&quot;:&quot;file&quot;,&quot;in_name&quot;:&quot;bond&quot;,&quot;in_active&quot;:1,&quot;in_active_sources&quot;:0,&quot;prg_name&quot;:&quot;&quot;,&quot;prg_prov&quot;:&quot;&quot;,&quot;prg_num&quot;:-1,&quot;chan&quot;:&quot;&quot;,&quot;chan_id&quot;:-1,&quot;id&quot;:&quot;zixi://bonded(bonded1)#10.7.0.66:2088@10.7.0.65,192.168.60.66:2088@192.168.50.65,192.168.5.166:2088@192.168.5.165&quot;,&quot;type&quot;:2,&quot;name&quot;:&quot;bond1&quot;,&quot;asi&quot;:0,&quot;rtmp&quot;:0,&quot;file&quot;:1,&quot;active&quot;:1,&quot;group&quot;:&quot;&quot;,&quot;bonded&quot;:[],&quot;error&quot;:&quot;None&quot;,&quot;con_stat&quot;:&quot;Connecting&quot;,&quot;bitrate&quot;:0,&quot;dest&quot;:&quot;bonded/bonded1&quot;},{&quot;mip&quot;:&quot;4000.ts&quot;,&quot;port&quot;:0,&quot;ip&quot;:&quot;file&quot;,&quot;in_name&quot;:&quot;bond&quot;,&quot;in_active&quot;:1,&quot;in_active_sources&quot;:0,&quot;prg_name&quot;:&quot;&quot;,&quot;prg_prov&quot;:&quot;&quot;,&quot;prg_num&quot;:-1,&quot;chan&quot;:&quot;&quot;,&quot;chan_id&quot;:-1,&quot;id&quot;:&quot;zixi://bonded(bonded4)#10.7.0.66:2088@10.7.0.65,192.168.60.66:2088@192.168.50.65,192.168.5.166:2088@192.168.5.165&quot;,&quot;type&quot;:2,&quot;name&quot;:&quot;bond4&quot;,&quot;asi&quot;:0,&quot;rtmp&quot;:0,&quot;file&quot;:1,&quot;active&quot;:1,&quot;group&quot;:&quot;&quot;,&quot;bonded&quot;:[],&quot;error&quot;:&quot;Timeout&quot;,&quot;con_stat&quot;:&quot;Connecting&quot;,&quot;bitrate&quot;:0,&quot;dest&quot;:&quot;bonded/bonded4&quot;},{&quot;mip&quot;:&quot;4000.ts&quot;,&quot;port&quot;:0,&quot;ip&quot;:&quot;file&quot;,&quot;in_name&quot;:&quot;bond&quot;,&quot;in_active&quot;:1,&quot;in_active_sources&quot;:0,&quot;prg_name&quot;:&quot;&quot;,&quot;prg_prov&quot;:&quot;&quot;,&quot;prg_num&quot;:-1,&quot;chan&quot;:&quot;&quot;,&quot;chan_id&quot;:-1,&quot;id&quot;:&quot;zixi://bonded(bonded5)#10.7.0.66:2088@10.7.0.65,192.168.60.66:2088@192.168.50.65,192.168.5.166:2088@192.168.5.165&quot;,&quot;type&quot;:2,&quot;name&quot;:&quot;bond5&quot;,&quot;asi&quot;:0,&quot;rtmp&quot;:0,&quot;file&quot;:1,&quot;active&quot;:1,&quot;group&quot;:&quot;&quot;,&quot;bonded&quot;:[],&quot;error&quot;:&quot;None&quot;,&quot;con_stat&quot;:&quot;Connecting&quot;,&quot;bitrate&quot;:0,&quot;dest&quot;:&quot;bonded/bonded5&quot;},{&quot;mip&quot;:&quot;4000.ts&quot;,&quot;port&quot;:0,&quot;ip&quot;:&quot;file&quot;,&quot;in_name&quot;:&quot;bond&quot;,&quot;in_active&quot;:1,&quot;in_active_sources&quot;:0,&quot;prg_name&quot;:&quot;&quot;,&quot;prg_prov&quot;:&quot;&quot;,&quot;prg_num&quot;:-1,&quot;chan&quot;:&quot;&quot;,&quot;chan_id&quot;:-1,&quot;id&quot;:&quot;zixi://bonded(bonded9)#10.7.0.66:2088@10.7.0.65,192.168.60.66:2088@192.168.50.65,192.168.5.166:2088@192.168.5.165&quot;,&quot;type&quot;:2,&quot;name&quot;:&quot;bond9&quot;,&quot;asi&quot;:0,&quot;rtmp&quot;:0,&quot;file&quot;:1,&quot;active&quot;:1,&quot;group&quot;:&quot;&quot;,&quot;bonded&quot;:[],&quot;error&quot;:&quot;None&quot;,&quot;con_stat&quot;:&quot;Connecting&quot;,&quot;bitrate&quot;:0,&quot;dest&quot;:&quot;bonded/bonded9&quot;},{&quot;mip&quot;:&quot;4000.ts&quot;,&quot;port&quot;:0,&quot;ip&quot;:&quot;file&quot;,&quot;in_name&quot;:&quot;bond&quot;,&quot;in_active&quot;:1,&quot;in_active_sources&quot;:0,&quot;prg_name&quot;:&quot;&quot;,&quot;prg_prov&quot;:&quot;&quot;,&quot;prg_num&quot;:-1,&quot;chan&quot;:&quot;&quot;,&quot;chan_id&quot;:-1,&quot;id&quot;:&quot;zixi://bonded(bonded12)#10.7.0.66:2088@10.7.0.65,192.168.60.66:2088@192.168.50.65,192.168.5.166:2088@192.168.5.165&quot;,&quot;type&quot;:2,&quot;name&quot;:&quot;bond12&quot;,&quot;asi&quot;:0,&quot;rtmp&quot;:0,&quot;file&quot;:1,&quot;active&quot;:1,&quot;group&quot;:&quot;&quot;,&quot;bonded&quot;:[],&quot;error&quot;:&quot;None&quot;,&quot;con_stat&quot;:&quot;Connecting&quot;,&quot;bitrate&quot;:0,&quot;dest&quot;:&quot;bonded/bonded12&quot;},{&quot;mip&quot;:&quot;4000.ts&quot;,&quot;port&quot;:0,&quot;ip&quot;:&quot;file&quot;,&quot;in_name&quot;:&quot;bond&quot;,&quot;in_active&quot;:1,&quot;in_active_sources&quot;:0,&quot;prg_name&quot;:&quot;&quot;,&quot;prg_prov&quot;:&quot;&quot;,&quot;prg_num&quot;:-1,&quot;chan&quot;:&quot;&quot;,&quot;chan_id&quot;:-1,&quot;id&quot;:&quot;zixi://bonded(bonded10)#10.7.0.66:2088@10.7.0.65,192.168.60.66:2088@192.168.50.65,192.168.5.166:2088@192.168.5.165&quot;,&quot;type&quot;:2,&quot;name&quot;:&quot;bond10&quot;,&quot;asi&quot;:0,&quot;rtmp&quot;:0,&quot;file&quot;:1,&quot;active&quot;:1,&quot;group&quot;:&quot;&quot;,&quot;bonded&quot;:[],&quot;error&quot;:&quot;Authentication&quot;,&quot;con_stat&quot;:&quot;Connecting&quot;,&quot;bitrate&quot;:0,&quot;dest&quot;:&quot;bonded/bonded10&quot;},{&quot;mip&quot;:&quot;4000.ts&quot;,&quot;port&quot;:0,&quot;ip&quot;:&quot;file&quot;,&quot;in_name&quot;:&quot;bond&quot;,&quot;in_active&quot;:1,&quot;in_active_sources&quot;:0,&quot;prg_name&quot;:&quot;&quot;,&quot;prg_prov&quot;:&quot;&quot;,&quot;prg_num&quot;:-1,&quot;chan&quot;:&quot;&quot;,&quot;chan_id&quot;:-1,&quot;id&quot;:&quot;zixi://bonded(bonded13)#10.7.0.66:2088@10.7.0.65,192.168.60.66:2088@192.168.50.65,192.168.5.166:2088@192.168.5.165&quot;,&quot;type&quot;:2,&quot;name&quot;:&quot;bond13&quot;,&quot;asi&quot;:0,&quot;rtmp&quot;:0,&quot;file&quot;:1,&quot;active&quot;:1,&quot;group&quot;:&quot;&quot;,&quot;bonded&quot;:[],&quot;error&quot;:&quot;None&quot;,&quot;con_stat&quot;:&quot;Connecting&quot;,&quot;bitrate&quot;:0,&quot;dest&quot;:&quot;bonded/bonded13&quot;},{&quot;mip&quot;:&quot;4000.ts&quot;,&quot;port&quot;:0,&quot;ip&quot;:&quot;file&quot;,&quot;in_name&quot;:&quot;bond&quot;,&quot;in_active&quot;:1,&quot;in_active_sources&quot;:0,&quot;prg_name&quot;:&quot;&quot;,&quot;prg_prov&quot;:&quot;&quot;,&quot;prg_num&quot;:-1,&quot;chan&quot;:&quot;&quot;,&quot;chan_id&quot;:-1,&quot;id&quot;:&quot;zixi://bonded(bonded11)#10.7.0.66:2088@10.7.0.65,192.168.60.66:2088@192.168.50.65,192.168.5.166:2088@192.168.5.165&quot;,&quot;type&quot;:2,&quot;name&quot;:&quot;bond11&quot;,&quot;asi&quot;:0,&quot;rtmp&quot;:0,&quot;file&quot;:1,&quot;active&quot;:1,&quot;group&quot;:&quot;&quot;,&quot;bonded&quot;:[],&quot;error&quot;:&quot;None&quot;,&quot;con_stat&quot;:&quot;Connecting&quot;,&quot;bitrate&quot;:0,&quot;dest&quot;:&quot;bonded/bonded11&quot;},{&quot;mip&quot;:&quot;4000.ts&quot;,&quot;port&quot;:0,&quot;ip&quot;:&quot;file&quot;,&quot;in_name&quot;:&quot;bond&quot;,&quot;in_active&quot;:1,&quot;in_active_sources&quot;:0,&quot;prg_name&quot;:&quot;&quot;,&quot;prg_prov&quot;:&quot;&quot;,&quot;prg_num&quot;:-1,&quot;chan&quot;:&quot;&quot;,&quot;chan_id&quot;:-1,&quot;id&quot;:&quot;zixi://bonded(bonded3)#10.7.0.66:2088@10.7.0.65,192.168.60.66:2088@192.168.50.65,192.168.5.166:2088@192.168.5.165&quot;,&quot;type&quot;:2,&quot;name&quot;:&quot;bond3&quot;,&quot;asi&quot;:0,&quot;rtmp&quot;:0,&quot;file&quot;:1,&quot;active&quot;:1,&quot;group&quot;:&quot;&quot;,&quot;bonded&quot;:[],&quot;error&quot;:&quot;None&quot;,&quot;con_stat&quot;:&quot;Connecting&quot;,&quot;bitrate&quot;:0,&quot;dest&quot;:&quot;bonded/bonded3&quot;},{&quot;mip&quot;:&quot;4000.ts&quot;,&quot;port&quot;:0,&quot;ip&quot;:&quot;file&quot;,&quot;in_name&quot;:&quot;bond&quot;,&quot;in_active&quot;:1,&quot;in_active_sources&quot;:0,&quot;prg_name&quot;:&quot;&quot;,&quot;prg_prov&quot;:&quot;&quot;,&quot;prg_num&quot;:-1,&quot;chan&quot;:&quot;&quot;,&quot;chan_id&quot;:-1,&quot;id&quot;:&quot;zixi://bonded(bonded14)#10.7.0.66:2088@10.7.0.65,192.168.60.66:2088@192.168.50.65,192.168.5.166:2088@192.168.5.165&quot;,&quot;type&quot;:2,&quot;name&quot;:&quot;bond14&quot;,&quot;asi&quot;:0,&quot;rtmp&quot;:0,&quot;file&quot;:1,&quot;active&quot;:1,&quot;group&quot;:&quot;&quot;,&quot;bonded&quot;:[],&quot;error&quot;:&quot;Timeout&quot;,&quot;con_stat&quot;:&quot;Connecting&quot;,&quot;bitrate&quot;:0,&quot;dest&quot;:&quot;bonded/bonded14&quot;},{&quot;mip&quot;:&quot;4000.ts&quot;,&quot;port&quot;:0,&quot;ip&quot;:&quot;file&quot;,&quot;in_name&quot;:&quot;bond&quot;,&quot;in_active&quot;:1,&quot;in_active_sources&quot;:0,&quot;prg_name&quot;:&quot;&quot;,&quot;prg_prov&quot;:&quot;&quot;,&quot;prg_num&quot;:-1,&quot;chan&quot;:&quot;&quot;,&quot;chan_id&quot;:-1,&quot;id&quot;:&quot;zixi://bonded(bonded0)#10.7.0.66:2088@10.7.0.65,192.168.60.66:2088@192.168.50.65,192.168.5.166:2088@192.168.5.165&quot;,&quot;type&quot;:2,&quot;name&quot;:&quot;bond0&quot;,&quot;asi&quot;:0,&quot;rtmp&quot;:0,&quot;file&quot;:1,&quot;active&quot;:1,&quot;group&quot;:&quot;&quot;,&quot;bonded&quot;:[],&quot;error&quot;:&quot;None&quot;,&quot;con_stat&quot;:&quot;Connecting&quot;,&quot;bitrate&quot;:0,&quot;dest&quot;:&quot;bonded/bonded0&quot;},{&quot;mip&quot;:&quot;4000.ts&quot;,&quot;port&quot;:0,&quot;ip&quot;:&quot;file&quot;,&quot;in_name&quot;:&quot;bond&quot;,&quot;in_active&quot;:1,&quot;in_active_sources&quot;:0,&quot;prg_name&quot;:&quot;&quot;,&quot;prg_prov&quot;:&quot;&quot;,&quot;prg_num&quot;:-1,&quot;chan&quot;:&quot;&quot;,&quot;chan_id&quot;:-1,&quot;id&quot;:&quot;zixi://bonded(bonded19)#10.7.0.66:2088@10.7.0.65,192.168.60.66:2088@192.168.50.65,192.168.5.166:2088@192.168.5.165&quot;,&quot;type&quot;:2,&quot;name&quot;:&quot;bond19&quot;,&quot;asi&quot;:0,&quot;rtmp&quot;:0,&quot;file&quot;:1,&quot;active&quot;:1,&quot;group&quot;:&quot;&quot;,&quot;bonded&quot;:[],&quot;error&quot;:&quot;None&quot;,&quot;con_stat&quot;:&quot;Connecting&quot;,&quot;bitrate&quot;:0,&quot;dest&quot;:&quot;bonded/bonded19&quot;},{&quot;mip&quot;:&quot;4000.ts&quot;,&quot;port&quot;:0,&quot;ip&quot;:&quot;file&quot;,&quot;in_name&quot;:&quot;bond&quot;,&quot;in_active&quot;:1,&quot;in_active_sources&quot;:0,&quot;prg_name&quot;:&quot;&quot;,&quot;prg_prov&quot;:&quot;&quot;,&quot;prg_num&quot;:-1,&quot;chan&quot;:&quot;&quot;,&quot;chan_id&quot;:-1,&quot;id&quot;:&quot;zixi://bonded(bonded16)#10.7.0.66:2088@10.7.0.65,192.168.60.66:2088@192.168.50.65,192.168.5.166:2088@192.168.5.165&quot;,&quot;type&quot;:2,&quot;name&quot;:&quot;bond16&quot;,&quot;asi&quot;:0,&quot;rtmp&quot;:0,&quot;file&quot;:1,&quot;active&quot;:1,&quot;group&quot;:&quot;&quot;,&quot;bonded&quot;:[],&quot;error&quot;:&quot;None&quot;,&quot;con_stat&quot;:&quot;Connecting&quot;,&quot;bitrate&quot;:0,&quot;dest&quot;:&quot;bonded/bonded16&quot;},{&quot;mip&quot;:&quot;4000.ts&quot;,&quot;port&quot;:0,&quot;ip&quot;:&quot;file&quot;,&quot;in_name&quot;:&quot;bond&quot;,&quot;in_active&quot;:1,&quot;in_active_sources&quot;:0,&quot;prg_name&quot;:&quot;&quot;,&quot;prg_prov&quot;:&quot;&quot;,&quot;prg_num&quot;:-1,&quot;chan&quot;:&quot;&quot;,&quot;chan_id&quot;:-1,&quot;id&quot;:&quot;zixi://bonded(bonded20)#10.7.0.66:2088@10.7.0.65,192.168.60.66:2088@192.168.50.65,192.168.5.166:2088@192.168.5.165&quot;,&quot;type&quot;:2,&quot;name&quot;:&quot;bond20&quot;,&quot;asi&quot;:0,&quot;rtmp&quot;:0,&quot;file&quot;:1,&quot;active&quot;:1,&quot;group&quot;:&quot;&quot;,&quot;bonded&quot;:[],&quot;error&quot;:&quot;Timeout&quot;,&quot;con_stat&quot;:&quot;Connecting&quot;,&quot;bitrate&quot;:0,&quot;dest&quot;:&quot;bonded/bonded20&quot;},{&quot;mip&quot;:&quot;4000.ts&quot;,&quot;port&quot;:0,&quot;ip&quot;:&quot;file&quot;,&quot;in_name&quot;:&quot;bond&quot;,&quot;in_active&quot;:1,&quot;in_active_sources&quot;:0,&quot;prg_name&quot;:&quot;&quot;,&quot;prg_prov&quot;:&quot;&quot;,&quot;prg_num&quot;:-1,&quot;chan&quot;:&quot;&quot;,&quot;chan_id&quot;:-1,&quot;id&quot;:&quot;zixi://bonded(bonded8)#10.7.0.66:2088@10.7.0.65,192.168.60.66:2088@192.168.50.65,192.168.5.166:2088@192.168.5.165&quot;,&quot;type&quot;:2,&quot;name&quot;:&quot;bond8&quot;,&quot;asi&quot;:0,&quot;rtmp&quot;:0,&quot;file&quot;:1,&quot;active&quot;:1,&quot;group&quot;:&quot;&quot;,&quot;bonded&quot;:[],&quot;error&quot;:&quot;None&quot;,&quot;con_stat&quot;:&quot;Connecting&quot;,&quot;bitrate&quot;:0,&quot;dest&quot;:&quot;bonded/bonded8&quot;},{&quot;mip&quot;:&quot;4000.ts&quot;,&quot;port&quot;:0,&quot;ip&quot;:&quot;file&quot;,&quot;in_name&quot;:&quot;bond&quot;,&quot;in_active&quot;:1,&quot;in_active_sources&quot;:0,&quot;prg_name&quot;:&quot;&quot;,&quot;prg_prov&quot;:&quot;&quot;,&quot;prg_num&quot;:-1,&quot;chan&quot;:&quot;&quot;,&quot;chan_id&quot;:-1,&quot;id&quot;:&quot;zixi://bonded(bonded23)#10.7.0.66:2088@10.7.0.65,192.168.60.66:2088@192.168.50.65,192.168.5.166:2088@192.168.5.165&quot;,&quot;type&quot;:2,&quot;name&quot;:&quot;bond23&quot;,&quot;asi&quot;:0,&quot;rtmp&quot;:0,&quot;file&quot;:1,&quot;active&quot;:1,&quot;group&quot;:&quot;&quot;,&quot;bonded&quot;:[],&quot;error&quot;:&quot;None&quot;,&quot;con_stat&quot;:&quot;Connecting&quot;,&quot;bitrate&quot;:0,&quot;dest&quot;:&quot;bonded/bonded23&quot;},{&quot;mip&quot;:&quot;4000.ts&quot;,&quot;port&quot;:0,&quot;ip&quot;:&quot;file&quot;,&quot;in_name&quot;:&quot;bond&quot;,&quot;in_active&quot;:1,&quot;in_active_sources&quot;:0,&quot;prg_name&quot;:&quot;&quot;,&quot;prg_prov&quot;:&quot;&quot;,&quot;prg_num&quot;:-1,&quot;chan&quot;:&quot;&quot;,&quot;chan_id&quot;:-1,&quot;id&quot;:&quot;zixi://bonded(bonded17)#10.7.0.66:2088@10.7.0.65,192.168.60.66:2088@192.168.50.65,192.168.5.166:2088@192.168.5.165&quot;,&quot;type&quot;:2,&quot;name&quot;:&quot;bond17&quot;,&quot;asi&quot;:0,&quot;rtmp&quot;:0,&quot;file&quot;:1,&quot;active&quot;:1,&quot;group&quot;:&quot;&quot;,&quot;bonded&quot;:[],&quot;error&quot;:&quot;None&quot;,&quot;con_stat&quot;:&quot;Connecting&quot;,&quot;bitrate&quot;:0,&quot;dest&quot;:&quot;bonded/bonded17&quot;},{&quot;mip&quot;:&quot;4000.ts&quot;,&quot;port&quot;:0,&quot;ip&quot;:&quot;file&quot;,&quot;in_name&quot;:&quot;bond&quot;,&quot;in_active&quot;:1,&quot;in_active_sources&quot;:0,&quot;prg_name&quot;:&quot;&quot;,&quot;prg_prov&quot;:&quot;&quot;,&quot;prg_num&quot;:-1,&quot;chan&quot;:&quot;&quot;,&quot;chan_id&quot;:-1,&quot;id&quot;:&quot;zixi://bonded(bonded24)#10.7.0.66:2088@10.7.0.65,192.168.60.66:2088@192.168.50.65,192.168.5.166:2088@192.168.5.165&quot;,&quot;type&quot;:2,&quot;name&quot;:&quot;bond24&quot;,&quot;asi&quot;:0,&quot;rtmp&quot;:0,&quot;file&quot;:1,&quot;active&quot;:1,&quot;group&quot;:&quot;&quot;,&quot;bonded&quot;:[],&quot;error&quot;:&quot;None&quot;,&quot;con_stat&quot;:&quot;Connecting&quot;,&quot;bitrate&quot;:0,&quot;dest&quot;:&quot;bonded/bonded24&quot;},{&quot;mip&quot;:&quot;4000.ts&quot;,&quot;port&quot;:0,&quot;ip&quot;:&quot;file&quot;,&quot;in_name&quot;:&quot;bond&quot;,&quot;in_active&quot;:1,&quot;in_active_sources&quot;:0,&quot;prg_name&quot;:&quot;&quot;,&quot;prg_prov&quot;:&quot;&quot;,&quot;prg_num&quot;:-1,&quot;chan&quot;:&quot;&quot;,&quot;chan_id&quot;:-1,&quot;id&quot;:&quot;zixi://bonded(bonded15)#10.7.0.66:2088@10.7.0.65,192.168.60.66:2088@192.168.50.65,192.168.5.166:2088@192.168.5.165&quot;,&quot;type&quot;:2,&quot;name&quot;:&quot;bond15&quot;,&quot;asi&quot;:0,&quot;rtmp&quot;:0,&quot;file&quot;:1,&quot;active&quot;:1,&quot;group&quot;:&quot;&quot;,&quot;bonded&quot;:[],&quot;error&quot;:&quot;Timeout&quot;,&quot;con_stat&quot;:&quot;Connecting&quot;,&quot;bitrate&quot;:0,&quot;dest&quot;:&quot;bonded/bonded15&quot;}]}
Debug printing ------&gt;&gt;&gt; {&quot;custom_data&quot;:&quot;&quot;,&quot;msg&quot;:&quot;Output deleted.&quot;,&quot;error&quot;:&quot;&quot;,&quot;outs&quot;:[{&quot;mip&quot;:&quot;live_recording.ts&quot;,&quot;port&quot;:0,&quot;ip&quot;:&quot;file&quot;,&quot;in_name&quot;:&quot;feederoutputname&quot;,&quot;in_active&quot;:1,&quot;in_active_sources&quot;:0,&quot;prg_name&quot;:&quot;&quot;,&quot;prg_prov&quot;:&quot;&quot;,&quot;prg_num&quot;:1,&quot;chan&quot;:&quot;&quot;,&quot;chan_id&quot;:-1,&quot;id&quot;:&quot;zixi://10.7.0.66:2088/feederout&quot;,&quot;type&quot;:2,&quot;name&quot;:&quot;feederoutputname&quot;,&quot;asi&quot;:0,&quot;rtmp&quot;:0,&quot;file&quot;:1,&quot;active&quot;:1,&quot;group&quot;:&quot;&quot;,&quot;error&quot;:&quot;Authentication&quot;,&quot;con_stat&quot;:&quot;Disconnected&quot;,&quot;bitrate&quot;:0,&quot;dest&quot;:&quot;10.7.0.66:2088/feederout&quot;},{&quot;mip&quot;:&quot;4000.ts&quot;,&quot;port&quot;:0,&quot;ip&quot;:&quot;file&quot;,&quot;in_name&quot;:&quot;bond&quot;,&quot;in_active&quot;:1,&quot;in_active_sources&quot;:0,&quot;prg_name&quot;:&quot;&quot;,&quot;prg_prov&quot;:&quot;&quot;,&quot;prg_num&quot;:-1,&quot;chan&quot;:&quot;&quot;,&quot;chan_id&quot;:-1,&quot;id&quot;:&quot;zixi://bonded(bonded44)#10.7.0.66:2088@10.7.0.65,192.168.60.66:2088@192.168.50.65,192.168.5.166:2088@192.168.5.165&quot;,&quot;type&quot;:2,&quot;name&quot;:&quot;bond44&quot;,&quot;asi&quot;:0,&quot;rtmp&quot;:0,&quot;file&quot;:1,&quot;active&quot;:1,&quot;group&quot;:&quot;&quot;,&quot;bonded&quot;:[],&quot;error&quot;:&quot;None&quot;,&quot;con_stat&quot;:&quot;Connecting&quot;,&quot;bitrate&quot;:0,&quot;dest&quot;:&quot;bonded/bonded44&quot;},{&quot;mip&quot;:&quot;4000.ts&quot;,&quot;port&quot;:0,&quot;ip&quot;:&quot;file&quot;,&quot;in_name&quot;:&quot;bond&quot;,&quot;in_active&quot;:1,&quot;in_active_sources&quot;:0,&quot;prg_name&quot;:&quot;&quot;,&quot;prg_prov&quot;:&quot;&quot;,&quot;prg_num&quot;:-1,&quot;chan&quot;:&quot;&quot;,&quot;chan_id&quot;:-1,&quot;id&quot;:&quot;zixi://bonded(bonded28)#10.7.0.66:2088@10.7.0.65,192.168.60.66:2088@192.168.50.65,192.168.5.166:2088@192.168.5.165&quot;,&quot;type&quot;:2,&quot;name&quot;:&quot;bond28&quot;,&quot;asi&quot;:0,&quot;rtmp&quot;:0,&quot;file&quot;:1,&quot;active&quot;:1,&quot;group&quot;:&quot;&quot;,&quot;bonded&quot;:[],&quot;error&quot;:&quot;None&quot;,&quot;con_stat&quot;:&quot;Connecting&quot;,&quot;bitrate&quot;:0,&quot;dest&quot;:&quot;bonded/bonded28&quot;},{&quot;mip&quot;:&quot;4000.ts&quot;,&quot;port&quot;:0,&quot;ip&quot;:&quot;file&quot;,&quot;in_name&quot;:&quot;bond&quot;,&quot;in_active&quot;:1,&quot;in_active_sources&quot;:0,&quot;prg_name&quot;:&quot;&quot;,&quot;prg_prov&quot;:&quot;&quot;,&quot;prg_num&quot;:-1,&quot;chan&quot;:&quot;&quot;,&quot;chan_id&quot;:-1,&quot;id&quot;:&quot;zixi://bonded(bonded25)#10.7.0.66:2088@10.7.0.65,192.168.60.66:2088@192.168.50.65,192.168.5.166:2088@192.168.5.165&quot;,&quot;type&quot;:2,&quot;name&quot;:&quot;bond25&quot;,&quot;asi&quot;:0,&quot;rtmp&quot;:0,&quot;file&quot;:1,&quot;active&quot;:1,&quot;group&quot;:&quot;&quot;,&quot;bonded&quot;:[],&quot;error&quot;:&quot;None&quot;,&quot;con_stat&quot;:&quot;Connecting&quot;,&quot;bitrate&quot;:0,&quot;dest&quot;:&quot;bonded/bonded25&quot;},{&quot;mip&quot;:&quot;4000.ts&quot;,&quot;port&quot;:0,&quot;ip&quot;:&quot;file&quot;,&quot;in_name&quot;:&quot;bond&quot;,&quot;in_active&quot;:1,&quot;in_active_sources&quot;:0,&quot;prg_name&quot;:&quot;&quot;,&quot;prg_prov&quot;:&quot;&quot;,&quot;prg_num&quot;:-1,&quot;chan&quot;:&quot;&quot;,&quot;chan_id&quot;:-1,&quot;id&quot;:&quot;zixi://bonded(bonded18)#10.7.0.66:2088@10.7.0.65,192.168.60.66:2088@192.168.50.65,192.168.5.166:2088@192.168.5.165&quot;,&quot;type&quot;:2,&quot;name&quot;:&quot;bond18&quot;,&quot;asi&quot;:0,&quot;rtmp&quot;:0,&quot;file&quot;:1,&quot;active&quot;:1,&quot;group&quot;:&quot;&quot;,&quot;bonded&quot;:[],&quot;error&quot;:&quot;Timeout&quot;,&quot;con_stat&quot;:&quot;Connecting&quot;,&quot;bitrate&quot;:0,&quot;dest&quot;:&quot;bonded/bonded18&quot;},{&quot;mip&quot;:&quot;4000.ts&quot;,&quot;port&quot;:0,&quot;ip&quot;:&quot;file&quot;,&quot;in_name&quot;:&quot;bond&quot;,&quot;in_active&quot;:1,&quot;in_active_sources&quot;:0,&quot;prg_name&quot;:&quot;&quot;,&quot;prg_prov&quot;:&quot;&quot;,&quot;prg_num&quot;:-1,&quot;chan&quot;:&quot;&quot;,&quot;chan_id&quot;:-1,&quot;id&quot;:&quot;zixi://bonded(bonded29)#10.7.0.66:2088@10.7.0.65,192.168.60.66:2088@192.168.50.65,192.168.5.166:2088@192.168.5.165&quot;,&quot;type&quot;:2,&quot;name&quot;:&quot;bond29&quot;,&quot;asi&quot;:0,&quot;rtmp&quot;:0,&quot;file&quot;:1,&quot;active&quot;:1,&quot;group&quot;:&quot;&quot;,&quot;bonded&quot;:[],&quot;error&quot;:&quot;None&quot;,&quot;con_stat&quot;:&quot;Connecting&quot;,&quot;bitrate&quot;:0,&quot;dest&quot;:&quot;bonded/bonded29&quot;},{&quot;mip&quot;:&quot;4000.ts&quot;,&quot;port&quot;:0,&quot;ip&quot;:&quot;file&quot;,&quot;in_name&quot;:&quot;bond&quot;,&quot;in_active&quot;:1,&quot;in_active_sources&quot;:0,&quot;prg_name&quot;:&quot;&quot;,&quot;prg_prov&quot;:&quot;&quot;,&quot;prg_num&quot;:-1,&quot;chan&quot;:&quot;&quot;,&quot;chan_id&quot;:-1,&quot;id&quot;:&quot;zixi://bonded(bonded33)#10.7.0.66:2088@10.7.0.65,192.168.60.66:2088@192.168.50.65,192.168.5.166:2088@192.168.5.165&quot;,&quot;type&quot;:2,&quot;name&quot;:&quot;bond33&quot;,&quot;asi&quot;:0,&quot;rtmp&quot;:0,&quot;file&quot;:1,&quot;active&quot;:1,&quot;group&quot;:&quot;&quot;,&quot;bonded&quot;:[],&quot;error&quot;:&quot;Authentication&quot;,&quot;con_stat&quot;:&quot;Connecting&quot;,&quot;bitrate&quot;:0,&quot;dest&quot;:&quot;bonded/bonded33&quot;},{&quot;mip&quot;:&quot;4000.ts&quot;,&quot;port&quot;:0,&quot;ip&quot;:&quot;file&quot;,&quot;in_name&quot;:&quot;bond&quot;,&quot;in_active&quot;:1,&quot;in_active_sources&quot;:0,&quot;prg_name&quot;:&quot;&quot;,&quot;prg_prov&quot;:&quot;&quot;,&quot;prg_num&quot;:-1,&quot;chan&quot;:&quot;&quot;,&quot;chan_id&quot;:-1,&quot;id&quot;:&quot;zixi://bonded(bonded27)#10.7.0.66:2088@10.7.0.65,192.168.60.66:2088@192.168.50.65,192.168.5.166:2088@192.168.5.165&quot;,&quot;type&quot;:2,&quot;name&quot;:&quot;bond27&quot;,&quot;asi&quot;:0,&quot;rtmp&quot;:0,&quot;file&quot;:1,&quot;active&quot;:1,&quot;group&quot;:&quot;&quot;,&quot;bonded&quot;:[],&quot;error&quot;:&quot;Timeout&quot;,&quot;con_stat&quot;:&quot;Connecting&quot;,&quot;bitrate&quot;:0,&quot;dest&quot;:&quot;bonded/bonded27&quot;},{&quot;mip&quot;:&quot;4000.ts&quot;,&quot;port&quot;:0,&quot;ip&quot;:&quot;file&quot;,&quot;in_name&quot;:&quot;bond&quot;,&quot;in_active&quot;:1,&quot;in_active_sources&quot;:0,&quot;prg_name&quot;:&quot;&quot;,&quot;prg_prov&quot;:&quot;&quot;,&quot;prg_num&quot;:-1,&quot;chan&quot;:&quot;&quot;,&quot;chan_id&quot;:-1,&quot;id&quot;:&quot;zixi://bonded(bonded39)#10.7.0.66:2088@10.7.0.65,192.168.60.66:2088@192.168.50.65,192.168.5.166:2088@192.168.5.165&quot;,&quot;type&quot;:2,&quot;name&quot;:&quot;bond39&quot;,&quot;asi&quot;:0,&quot;rtmp&quot;:0,&quot;file&quot;:1,&quot;active&quot;:1,&quot;group&quot;:&quot;&quot;,&quot;bonded&quot;:[],&quot;error&quot;:&quot;None&quot;,&quot;con_stat&quot;:&quot;Connecting&quot;,&quot;bitrate&quot;:0,&quot;dest&quot;:&quot;bonded/bonded39&quot;},{&quot;mip&quot;:&quot;4000.ts&quot;,&quot;port&quot;:0,&quot;ip&quot;:&quot;file&quot;,&quot;in_name&quot;:&quot;bond&quot;,&quot;in_active&quot;:1,&quot;in_active_sources&quot;:0,&quot;prg_name&quot;:&quot;&quot;,&quot;prg_prov&quot;:&quot;&quot;,&quot;prg_num&quot;:-1,&quot;chan&quot;:&quot;&quot;,&quot;chan_id&quot;:-1,&quot;id&quot;:&quot;zixi://bonded(bonded36)#10.7.0.66:2088@10.7.0.65,192.168.60.66:2088@192.168.50.65,192.168.5.166:2088@192.168.5.165&quot;,&quot;type&quot;:2,&quot;name&quot;:&quot;bond36&quot;,&quot;asi&quot;:0,&quot;rtmp&quot;:0,&quot;file&quot;:1,&quot;active&quot;:1,&quot;group&quot;:&quot;&quot;,&quot;bonded&quot;:[],&quot;error&quot;:&quot;Timeout&quot;,&quot;con_stat&quot;:&quot;Connecting&quot;,&quot;bitrate&quot;:0,&quot;dest&quot;:&quot;bonded/bonded36&quot;},{&quot;mip&quot;:&quot;4000.ts&quot;,&quot;port&quot;:0,&quot;ip&quot;:&quot;file&quot;,&quot;in_name&quot;:&quot;bond&quot;,&quot;in_active&quot;:1,&quot;in_active_sources&quot;:0,&quot;prg_name&quot;:&quot;&quot;,&quot;prg_prov&quot;:&quot;&quot;,&quot;prg_num&quot;:-1,&quot;chan&quot;:&quot;&quot;,&quot;chan_id&quot;:-1,&quot;id&quot;:&quot;zixi://bonded(bonded41)#10.7.0.66:2088@10.7.0.65,192.168.60.66:2088@192.168.50.65,192.168.5.166:2088@192.168.5.165&quot;,&quot;type&quot;:2,&quot;name&quot;:&quot;bond41&quot;,&quot;asi&quot;:0,&quot;rtmp&quot;:0,&quot;file&quot;:1,&quot;active&quot;:1,&quot;group&quot;:&quot;&quot;,&quot;bonded&quot;:[],&quot;error&quot;:&quot;Timeout&quot;,&quot;con_stat&quot;:&quot;Connecting&quot;,&quot;bitrate&quot;:0,&quot;dest&quot;:&quot;bonded/bonded41&quot;},{&quot;mip&quot;:&quot;4000.ts&quot;,&quot;port&quot;:0,&quot;ip&quot;:&quot;file&quot;,&quot;in_name&quot;:&quot;bond&quot;,&quot;in_active&quot;:1,&quot;in_active_sources&quot;:0,&quot;prg_name&quot;:&quot;&quot;,&quot;prg_prov&quot;:&quot;&quot;,&quot;prg_num&quot;:-1,&quot;chan&quot;:&quot;&quot;,&quot;chan_id&quot;:-1,&quot;id&quot;:&quot;zixi://bonded(bonded31)#10.7.0.66:2088@10.7.0.65,192.168.60.66:2088@192.168.50.65,192.168.5.166:2088@192.168.5.165&quot;,&quot;type&quot;:2,&quot;name&quot;:&quot;bond31&quot;,&quot;asi&quot;:0,&quot;rtmp&quot;:0,&quot;file&quot;:1,&quot;active&quot;:1,&quot;group&quot;:&quot;&quot;,&quot;bonded&quot;:[],&quot;error&quot;:&quot;Authentication&quot;,&quot;con_stat&quot;:&quot;Connecting&quot;,&quot;bitrate&quot;:0,&quot;dest&quot;:&quot;bonded/bonded31&quot;},{&quot;mip&quot;:&quot;4000.ts&quot;,&quot;port&quot;:0,&quot;ip&quot;:&quot;file&quot;,&quot;in_name&quot;:&quot;bond&quot;,&quot;in_active&quot;:1,&quot;in_active_sources&quot;:0,&quot;prg_name&quot;:&quot;&quot;,&quot;prg_prov&quot;:&quot;&quot;,&quot;prg_num&quot;:-1,&quot;chan&quot;:&quot;&quot;,&quot;chan_id&quot;:-1,&quot;id&quot;:&quot;zixi://bonded(bonded15)#10.7.0.66:2088@10.7.0.65,192.168.60.66:2088@192.168.50.65,192.168.5.166:2088@192.168.5.165&quot;,&quot;type&quot;:2,&quot;name&quot;:&quot;bond15&quot;,&quot;asi&quot;:0,&quot;rtmp&quot;:0,&quot;file&quot;:1,&quot;active&quot;:1,&quot;group&quot;:&quot;&quot;,&quot;bonded&quot;:[],&quot;error&quot;:&quot;Timeout&quot;,&quot;con_stat&quot;:&quot;Connecting&quot;,&quot;bitrate&quot;:0,&quot;dest&quot;:&quot;bonded/bonded15&quot;},{&quot;mip&quot;:&quot;4000.ts&quot;,&quot;port&quot;:0,&quot;ip&quot;:&quot;file&quot;,&quot;in_name&quot;:&quot;bond&quot;,&quot;in_active&quot;:1,&quot;in_active_sources&quot;:0,&quot;prg_name&quot;:&quot;&quot;,&quot;prg_prov&quot;:&quot;&quot;,&quot;prg_num&quot;:-1,&quot;chan&quot;:&quot;&quot;,&quot;chan_id&quot;:-1,&quot;id&quot;:&quot;zixi://bonded(bonded40)#10.7.0.66:2088@10.7.0.65,192.168.60.66:2088@192.168.50.65,192.168.5.166:2088@192.168.5.165&quot;,&quot;type&quot;:2,&quot;name&quot;:&quot;bond40&quot;,&quot;asi&quot;:0,&quot;rtmp&quot;:0,&quot;file&quot;:1,&quot;active&quot;:1,&quot;group&quot;:&quot;&quot;,&quot;bonded&quot;:[],&quot;error&quot;:&quot;Authentication&quot;,&quot;con_stat&quot;:&quot;Connecting&quot;,&quot;bitrate&quot;:0,&quot;dest&quot;:&quot;bonded/bonded40&quot;},{&quot;mip&quot;:&quot;4000.ts&quot;,&quot;port&quot;:0,&quot;ip&quot;:&quot;file&quot;,&quot;in_name&quot;:&quot;bond&quot;,&quot;in_active&quot;:1,&quot;in_active_sources&quot;:0,&quot;prg_name&quot;:&quot;&quot;,&quot;prg_prov&quot;:&quot;&quot;,&quot;prg_num&quot;:-1,&quot;chan&quot;:&quot;&quot;,&quot;chan_id&quot;:-1,&quot;id&quot;:&quot;zixi://bonded(bonded46)#10.7.0.66:2088@10.7.0.65,192.168.60.66:2088@192.168.50.65,192.168.5.166:2088@192.168.5.165&quot;,&quot;type&quot;:2,&quot;name&quot;:&quot;bond46&quot;,&quot;asi&quot;:0,&quot;rtmp&quot;:0,&quot;file&quot;:1,&quot;active&quot;:1,&quot;group&quot;:&quot;&quot;,&quot;bonded&quot;:[],&quot;error&quot;:&quot;Authentication&quot;,&quot;con_stat&quot;:&quot;Connecting&quot;,&quot;bitrate&quot;:0,&quot;dest&quot;:&quot;bonded/bonded46&quot;},{&quot;mip&quot;:&quot;4000.ts&quot;,&quot;port&quot;:0,&quot;ip&quot;:&quot;file&quot;,&quot;in_name&quot;:&quot;bond&quot;,&quot;in_active&quot;:1,&quot;in_active_sources&quot;:0,&quot;prg_name&quot;:&quot;&quot;,&quot;prg_prov&quot;:&quot;&quot;,&quot;prg_num&quot;:-1,&quot;chan&quot;:&quot;&quot;,&quot;chan_id&quot;:-1,&quot;id&quot;:&quot;zixi://bonded(bonded49)#10.7.0.66:2088@10.7.0.65,192.168.60.66:2088@192.168.50.65,192.168.5.166:2088@192.168.5.165&quot;,&quot;type&quot;:2,&quot;name&quot;:&quot;bond49&quot;,&quot;asi&quot;:0,&quot;rtmp&quot;:0,&quot;file&quot;:1,&quot;active&quot;:1,&quot;group&quot;:&quot;&quot;,&quot;bonded&quot;:[],&quot;error&quot;:&quot;Timeout&quot;,&quot;con_stat&quot;:&quot;Connecting&quot;,&quot;bitrate&quot;:0,&quot;dest&quot;:&quot;bonded/bonded49&quot;},{&quot;mip&quot;:&quot;4000.ts&quot;,&quot;port&quot;:0,&quot;ip&quot;:&quot;file&quot;,&quot;in_name&quot;:&quot;bond&quot;,&quot;in_active&quot;:1,&quot;in_active_sources&quot;:0,&quot;prg_name&quot;:&quot;&quot;,&quot;prg_prov&quot;:&quot;&quot;,&quot;prg_num&quot;:-1,&quot;chan&quot;:&quot;&quot;,&quot;chan_id&quot;:-1,&quot;id&quot;:&quot;zixi://bonded(bonded34)#10.7.0.66:2088@10.7.0.65,192.168.60.66:2088@192.168.50.65,192.168.5.166:2088@192.168.5.165&quot;,&quot;type&quot;:2,&quot;name&quot;:&quot;bond34&quot;,&quot;asi&quot;:0,&quot;rtmp&quot;:0,&quot;file&quot;:1,&quot;active&quot;:1,&quot;group&quot;:&quot;&quot;,&quot;bonded&quot;:[],&quot;error&quot;:&quot;Timeout&quot;,&quot;con_stat&quot;:&quot;Connecting&quot;,&quot;bitrate&quot;:0,&quot;dest&quot;:&quot;bonded/bonded34&quot;},{&quot;mip&quot;:&quot;4000.ts&quot;,&quot;port&quot;:0,&quot;ip&quot;:&quot;file&quot;,&quot;in_name&quot;:&quot;bond&quot;,&quot;in_active&quot;:1,&quot;in_active_sources&quot;:0,&quot;prg_name&quot;:&quot;&quot;,&quot;prg_prov&quot;:&quot;&quot;,&quot;prg_num&quot;:-1,&quot;chan&quot;:&quot;&quot;,&quot;chan_id&quot;:-1,&quot;id&quot;:&quot;zixi://bonded(bonded42)#10.7.0.66:2088@10.7.0.65,192.168.60.66:2088@192.168.50.65,192.168.5.166:2088@192.168.5.165&quot;,&quot;type&quot;:2,&quot;name&quot;:&quot;bond42&quot;,&quot;asi&quot;:0,&quot;rtmp&quot;:0,&quot;file&quot;:1,&quot;active&quot;:1,&quot;group&quot;:&quot;&quot;,&quot;bonded&quot;:[],&quot;error&quot;:&quot;Timeout&quot;,&quot;con_stat&quot;:&quot;Connecting&quot;,&quot;bitrate&quot;:0,&quot;dest&quot;:&quot;bonded/bonded42&quot;},{&quot;mip&quot;:&quot;4000.ts&quot;,&quot;port&quot;:0,&quot;ip&quot;:&quot;file&quot;,&quot;in_name&quot;:&quot;bond&quot;,&quot;in_active&quot;:1,&quot;in_active_sources&quot;:0,&quot;prg_name&quot;:&quot;&quot;,&quot;prg_prov&quot;:&quot;&quot;,&quot;prg_num&quot;:-1,&quot;chan&quot;:&quot;&quot;,&quot;chan_id&quot;:-1,&quot;id&quot;:&quot;zixi://bonded(bonded45)#10.7.0.66:2088@10.7.0.65,192.168.60.66:2088@192.168.50.65,192.168.5.166:2088@192.168.5.165&quot;,&quot;type&quot;:2,&quot;name&quot;:&quot;bond45&quot;,&quot;asi&quot;:0,&quot;rtmp&quot;:0,&quot;file&quot;:1,&quot;active&quot;:1,&quot;group&quot;:&quot;&quot;,&quot;bonded&quot;:[],&quot;error&quot;:&quot;Timeout&quot;,&quot;con_stat&quot;:&quot;Connecting&quot;,&quot;bitrate&quot;:0,&quot;dest&quot;:&quot;bonded/bonded45&quot;},{&quot;mip&quot;:&quot;4000.ts&quot;,&quot;port&quot;:0,&quot;ip&quot;:&quot;file&quot;,&quot;in_name&quot;:&quot;bond&quot;,&quot;in_active&quot;:1,&quot;in_active_sources&quot;:0,&quot;prg_name&quot;:&quot;&quot;,&quot;prg_prov&quot;:&quot;&quot;,&quot;prg_num&quot;:-1,&quot;chan&quot;:&quot;&quot;,&quot;chan_id&quot;:-1,&quot;id&quot;:&quot;zixi://bonded(bonded43)#10.7.0.66:2088@10.7.0.65,192.168.60.66:2088@192.168.50.65,192.168.5.166:2088@192.168.5.165&quot;,&quot;type&quot;:2,&quot;name&quot;:&quot;bond43&quot;,&quot;asi&quot;:0,&quot;rtmp&quot;:0,&quot;file&quot;:1,&quot;active&quot;:1,&quot;group&quot;:&quot;&quot;,&quot;bonded&quot;:[],&quot;error&quot;:&quot;Authentication&quot;,&quot;con_stat&quot;:&quot;Connecting&quot;,&quot;bitrate&quot;:0,&quot;dest&quot;:&quot;bonded/bonded43&quot;},{&quot;mip&quot;:&quot;4000.ts&quot;,&quot;port&quot;:0,&quot;ip&quot;:&quot;file&quot;,&quot;in_name&quot;:&quot;bond&quot;,&quot;in_active&quot;:1,&quot;in_active_sources&quot;:0,&quot;prg_name&quot;:&quot;&quot;,&quot;prg_prov&quot;:&quot;&quot;,&quot;prg_num&quot;:-1,&quot;chan&quot;:&quot;&quot;,&quot;chan_id&quot;:-1,&quot;id&quot;:&quot;zixi://bonded(bonded38)#10.7.0.66:2088@10.7.0.65,192.168.60.66:2088@192.168.50.65,192.168.5.166:2088@192.168.5.165&quot;,&quot;type&quot;:2,&quot;name&quot;:&quot;bond38&quot;,&quot;asi&quot;:0,&quot;rtmp&quot;:0,&quot;file&quot;:1,&quot;active&quot;:1,&quot;group&quot;:&quot;&quot;,&quot;bonded&quot;:[],&quot;error&quot;:&quot;Timeout&quot;,&quot;con_stat&quot;:&quot;Connecting&quot;,&quot;bitrate&quot;:0,&quot;dest&quot;:&quot;bonded/bonded38&quot;},{&quot;mip&quot;:&quot;4000.ts&quot;,&quot;port&quot;:0,&quot;ip&quot;:&quot;file&quot;,&quot;in_name&quot;:&quot;bond&quot;,&quot;in_active&quot;:1,&quot;in_active_sources&quot;:0,&quot;prg_name&quot;:&quot;&quot;,&quot;prg_prov&quot;:&quot;&quot;,&quot;prg_num&quot;:-1,&quot;chan&quot;:&quot;&quot;,&quot;chan_id&quot;:-1,&quot;id&quot;:&quot;zixi://bonded(bonded47)#10.7.0.66:2088@10.7.0.65,192.168.60.66:2088@192.168.50.65,192.168.5.166:2088@192.168.5.165&quot;,&quot;type&quot;:2,&quot;name&quot;:&quot;bond47&quot;,&quot;asi&quot;:0,&quot;rtmp&quot;:0,&quot;file&quot;:1,&quot;active&quot;:1,&quot;group&quot;:&quot;&quot;,&quot;bonded&quot;:[],&quot;error&quot;:&quot;Authentication&quot;,&quot;con_stat&quot;:&quot;Connecting&quot;,&quot;bitrate&quot;:0,&quot;dest&quot;:&quot;bonded/bonded47&quot;},{&quot;mip&quot;:&quot;4000.ts&quot;,&quot;port&quot;:0,&quot;ip&quot;:&quot;file&quot;,&quot;in_name&quot;:&quot;bond&quot;,&quot;in_active&quot;:1,&quot;in_active_sources&quot;:0,&quot;prg_name&quot;:&quot;&quot;,&quot;prg_prov&quot;:&quot;&quot;,&quot;prg_num&quot;:-1,&quot;chan&quot;:&quot;&quot;,&quot;chan_id&quot;:-1,&quot;id&quot;:&quot;zixi://bonded(bonded48)#10.7.0.66:2088@10.7.0.65,192.168.60.66:2088@192.168.50.65,192.168.5.166:2088@192.168.5.165&quot;,&quot;type&quot;:2,&quot;name&quot;:&quot;bond48&quot;,&quot;asi&quot;:0,&quot;rtmp&quot;:0,&quot;file&quot;:1,&quot;active&quot;:1,&quot;group&quot;:&quot;&quot;,&quot;bonded&quot;:[],&quot;error&quot;:&quot;Timeout&quot;,&quot;con_stat&quot;:&quot;Connecting&quot;,&quot;bitrate&quot;:0,&quot;dest&quot;:&quot;bonded/bonded48&quot;},{&quot;mip&quot;:&quot;4000.ts&quot;,&quot;port&quot;:0,&quot;ip&quot;:&quot;file&quot;,&quot;in_name&quot;:&quot;bond&quot;,&quot;in_active&quot;:1,&quot;in_active_sources&quot;:0,&quot;prg_name&quot;:&quot;&quot;,&quot;prg_prov&quot;:&quot;&quot;,&quot;prg_num&quot;:-1,&quot;chan&quot;:&quot;&quot;,&quot;chan_id&quot;:-1,&quot;id&quot;:&quot;zixi://bonded(bonded7)#10.7.0.66:2088@10.7.0.65,192.168.60.66:2088@192.168.50.65,192.168.5.166:2088@192.168.5.165&quot;,&quot;type&quot;:2,&quot;name&quot;:&quot;bond7&quot;,&quot;asi&quot;:0,&quot;rtmp&quot;:0,&quot;file&quot;:1,&quot;active&quot;:1,&quot;group&quot;:&quot;&quot;,&quot;bonded&quot;:[],&quot;error&quot;:&quot;None&quot;,&quot;con_stat&quot;:&quot;Connecting&quot;,&quot;bitrate&quot;:0,&quot;dest&quot;:&quot;bonded/bonded7&quot;},{&quot;mip&quot;:&quot;4000.ts&quot;,&quot;port&quot;:0,&quot;ip&quot;:&quot;file&quot;,&quot;in_name&quot;:&quot;bond&quot;,&quot;in_active&quot;:1,&quot;in_active_sources&quot;:0,&quot;prg_name&quot;:&quot;&quot;,&quot;prg_prov&quot;:&quot;&quot;,&quot;prg_num&quot;:-1,&quot;chan&quot;:&quot;&quot;,&quot;chan_id&quot;:-1,&quot;id&quot;:&quot;zixi://bonded(bonded6)#10.7.0.66:2088@10.7.0.65,192.168.60.66:2088@192.168.50.65,192.168.5.166:2088@192.168.5.165&quot;,&quot;type&quot;:2,&quot;name&quot;:&quot;bond6&quot;,&quot;asi&quot;:0,&quot;rtmp&quot;:0,&quot;file&quot;:1,&quot;active&quot;:1,&quot;group&quot;:&quot;&quot;,&quot;bonded&quot;:[],&quot;error&quot;:&quot;None&quot;,&quot;con_stat&quot;:&quot;Connecting&quot;,&quot;bitrate&quot;:0,&quot;dest&quot;:&quot;bonded/bonded6&quot;},{&quot;mip&quot;:&quot;4000.ts&quot;,&quot;port&quot;:0,&quot;ip&quot;:&quot;file&quot;,&quot;in_name&quot;:&quot;bond&quot;,&quot;in_active&quot;:1,&quot;in_active_sources&quot;:0,&quot;prg_name&quot;:&quot;&quot;,&quot;prg_prov&quot;:&quot;&quot;,&quot;prg_num&quot;:-1,&quot;chan&quot;:&quot;&quot;,&quot;chan_id&quot;:-1,&quot;id&quot;:&quot;zixi://bonded(bonded2)#10.7.0.66:2088@10.7.0.65,192.168.60.66:2088@192.168.50.65,192.168.5.166:2088@192.168.5.165&quot;,&quot;type&quot;:2,&quot;name&quot;:&quot;bond2&quot;,&quot;asi&quot;:0,&quot;rtmp&quot;:0,&quot;file&quot;:1,&quot;active&quot;:1,&quot;group&quot;:&quot;&quot;,&quot;bonded&quot;:[],&quot;error&quot;:&quot;None&quot;,&quot;con_stat&quot;:&quot;Connecting&quot;,&quot;bitrate&quot;:0,&quot;dest&quot;:&quot;bonded/bonded2&quot;},{&quot;mip&quot;:&quot;4000.ts&quot;,&quot;port&quot;:0,&quot;ip&quot;:&quot;file&quot;,&quot;in_name&quot;:&quot;bond&quot;,&quot;in_active&quot;:1,&quot;in_active_sources&quot;:0,&quot;prg_name&quot;:&quot;&quot;,&quot;prg_prov&quot;:&quot;&quot;,&quot;prg_num&quot;:-1,&quot;chan&quot;:&quot;&quot;,&quot;chan_id&quot;:-1,&quot;id&quot;:&quot;zixi://bonded(bonded1)#10.7.0.66:2088@10.7.0.65,192.168.60.66:2088@192.168.50.65,192.168.5.166:2088@192.168.5.165&quot;,&quot;type&quot;:2,&quot;name&quot;:&quot;bond1&quot;,&quot;asi&quot;:0,&quot;rtmp&quot;:0,&quot;file&quot;:1,&quot;active&quot;:1,&quot;group&quot;:&quot;&quot;,&quot;bonded&quot;:[],&quot;error&quot;:&quot;None&quot;,&quot;con_stat&quot;:&quot;Connecting&quot;,&quot;bitrate&quot;:0,&quot;dest&quot;:&quot;bonded/bonded1&quot;},{&quot;mip&quot;:&quot;4000.ts&quot;,&quot;port&quot;:0,&quot;ip&quot;:&quot;file&quot;,&quot;in_name&quot;:&quot;bond&quot;,&quot;in_active&quot;:1,&quot;in_active_sources&quot;:0,&quot;prg_name&quot;:&quot;&quot;,&quot;prg_prov&quot;:&quot;&quot;,&quot;prg_num&quot;:-1,&quot;chan&quot;:&quot;&quot;,&quot;chan_id&quot;:-1,&quot;id&quot;:&quot;zixi://bonded(bonded4)#10.7.0.66:2088@10.7.0.65,192.168.60.66:2088@192.168.50.65,192.168.5.166:2088@192.168.5.165&quot;,&quot;type&quot;:2,&quot;name&quot;:&quot;bond4&quot;,&quot;asi&quot;:0,&quot;rtmp&quot;:0,&quot;file&quot;:1,&quot;active&quot;:1,&quot;group&quot;:&quot;&quot;,&quot;bonded&quot;:[],&quot;error&quot;:&quot;Timeout&quot;,&quot;con_stat&quot;:&quot;Connecting&quot;,&quot;bitrate&quot;:0,&quot;dest&quot;:&quot;bonded/bonded4&quot;},{&quot;mip&quot;:&quot;4000.ts&quot;,&quot;port&quot;:0,&quot;ip&quot;:&quot;file&quot;,&quot;in_name&quot;:&quot;bond&quot;,&quot;in_active&quot;:1,&quot;in_active_sources&quot;:0,&quot;prg_name&quot;:&quot;&quot;,&quot;prg_prov&quot;:&quot;&quot;,&quot;prg_num&quot;:-1,&quot;chan&quot;:&quot;&quot;,&quot;chan_id&quot;:-1,&quot;id&quot;:&quot;zixi://bonded(bonded5)#10.7.0.66:2088@10.7.0.65,192.168.60.66:2088@192.168.50.65,192.168.5.166:2088@192.168.5.165&quot;,&quot;type&quot;:2,&quot;name&quot;:&quot;bond5&quot;,&quot;asi&quot;:0,&quot;rtmp&quot;:0,&quot;file&quot;:1,&quot;active&quot;:1,&quot;group&quot;:&quot;&quot;,&quot;bonded&quot;:[],&quot;error&quot;:&quot;None&quot;,&quot;con_stat&quot;:&quot;Connecting&quot;,&quot;bitrate&quot;:0,&quot;dest&quot;:&quot;bonded/bonded5&quot;},{&quot;mip&quot;:&quot;4000.ts&quot;,&quot;port&quot;:0,&quot;ip&quot;:&quot;file&quot;,&quot;in_name&quot;:&quot;bond&quot;,&quot;in_active&quot;:1,&quot;in_active_sources&quot;:0,&quot;prg_name&quot;:&quot;&quot;,&quot;prg_prov&quot;:&quot;&quot;,&quot;prg_num&quot;:-1,&quot;chan&quot;:&quot;&quot;,&quot;chan_id&quot;:-1,&quot;id&quot;:&quot;zixi://bonded(bonded9)#10.7.0.66:2088@10.7.0.65,192.168.60.66:2088@192.168.50.65,192.168.5.166:2088@192.168.5.165&quot;,&quot;type&quot;:2,&quot;name&quot;:&quot;bond9&quot;,&quot;asi&quot;:0,&quot;rtmp&quot;:0,&quot;file&quot;:1,&quot;active&quot;:1,&quot;group&quot;:&quot;&quot;,&quot;bonded&quot;:[],&quot;error&quot;:&quot;None&quot;,&quot;con_stat&quot;:&quot;Connecting&quot;,&quot;bitrate&quot;:0,&quot;dest&quot;:&quot;bonded/bonded9&quot;},{&quot;mip&quot;:&quot;4000.ts&quot;,&quot;port&quot;:0,&quot;ip&quot;:&quot;file&quot;,&quot;in_name&quot;:&quot;bond&quot;,&quot;in_active&quot;:1,&quot;in_active_sources&quot;:0,&quot;prg_name&quot;:&quot;&quot;,&quot;prg_prov&quot;:&quot;&quot;,&quot;prg_num&quot;:-1,&quot;chan&quot;:&quot;&quot;,&quot;chan_id&quot;:-1,&quot;id&quot;:&quot;zixi://bonded(bonded12)#10.7.0.66:2088@10.7.0.65,192.168.60.66:2088@192.168.50.65,192.168.5.166:2088@192.168.5.165&quot;,&quot;type&quot;:2,&quot;name&quot;:&quot;bond12&quot;,&quot;asi&quot;:0,&quot;rtmp&quot;:0,&quot;file&quot;:1,&quot;active&quot;:1,&quot;group&quot;:&quot;&quot;,&quot;bonded&quot;:[],&quot;error&quot;:&quot;None&quot;,&quot;con_stat&quot;:&quot;Connecting&quot;,&quot;bitrate&quot;:0,&quot;dest&quot;:&quot;bonded/bonded12&quot;},{&quot;mip&quot;:&quot;4000.ts&quot;,&quot;port&quot;:0,&quot;ip&quot;:&quot;file&quot;,&quot;in_name&quot;:&quot;bond&quot;,&quot;in_active&quot;:1,&quot;in_active_sources&quot;:0,&quot;prg_name&quot;:&quot;&quot;,&quot;prg_prov&quot;:&quot;&quot;,&quot;prg_num&quot;:-1,&quot;chan&quot;:&quot;&quot;,&quot;chan_id&quot;:-1,&quot;id&quot;:&quot;zixi://bonded(bonded10)#10.7.0.66:2088@10.7.0.65,192.168.60.66:2088@192.168.50.65,192.168.5.166:2088@192.168.5.165&quot;,&quot;type&quot;:2,&quot;name&quot;:&quot;bond10&quot;,&quot;asi&quot;:0,&quot;rtmp&quot;:0,&quot;file&quot;:1,&quot;active&quot;:1,&quot;group&quot;:&quot;&quot;,&quot;bonded&quot;:[],&quot;error&quot;:&quot;Authentication&quot;,&quot;con_stat&quot;:&quot;Connecting&quot;,&quot;bitrate&quot;:0,&quot;dest&quot;:&quot;bonded/bonded10&quot;},{&quot;mip&quot;:&quot;4000.ts&quot;,&quot;port&quot;:0,&quot;ip&quot;:&quot;file&quot;,&quot;in_name&quot;:&quot;bond&quot;,&quot;in_active&quot;:1,&quot;in_active_sources&quot;:0,&quot;prg_name&quot;:&quot;&quot;,&quot;prg_prov&quot;:&quot;&quot;,&quot;prg_num&quot;:-1,&quot;chan&quot;:&quot;&quot;,&quot;chan_id&quot;:-1,&quot;id&quot;:&quot;zixi://bonded(bonded13)#10.7.0.66:2088@10.7.0.65,192.168.60.66:2088@192.168.50.65,192.168.5.166:2088@192.168.5.165&quot;,&quot;type&quot;:2,&quot;name&quot;:&quot;bond13&quot;,&quot;asi&quot;:0,&quot;rtmp&quot;:0,&quot;file&quot;:1,&quot;active&quot;:1,&quot;group&quot;:&quot;&quot;,&quot;bonded&quot;:[],&quot;error&quot;:&quot;None&quot;,&quot;con_stat&quot;:&quot;Connecting&quot;,&quot;bitrate&quot;:0,&quot;dest&quot;:&quot;bonded/bonded13&quot;},{&quot;mip&quot;:&quot;4000.ts&quot;,&quot;port&quot;:0,&quot;ip&quot;:&quot;file&quot;,&quot;in_name&quot;:&quot;bond&quot;,&quot;in_active&quot;:1,&quot;in_active_sources&quot;:0,&quot;prg_name&quot;:&quot;&quot;,&quot;prg_prov&quot;:&quot;&quot;,&quot;prg_num&quot;:-1,&quot;chan&quot;:&quot;&quot;,&quot;chan_id&quot;:-1,&quot;id&quot;:&quot;zixi://bonded(bonded11)#10.7.0.66:2088@10.7.0.65,192.168.60.66:2088@192.168.50.65,192.168.5.166:2088@192.168.5.165&quot;,&quot;type&quot;:2,&quot;name&quot;:&quot;bond11&quot;,&quot;asi&quot;:0,&quot;rtmp&quot;:0,&quot;file&quot;:1,&quot;active&quot;:1,&quot;group&quot;:&quot;&quot;,&quot;bonded&quot;:[],&quot;error&quot;:&quot;None&quot;,&quot;con_stat&quot;:&quot;Connecting&quot;,&quot;bitrate&quot;:0,&quot;dest&quot;:&quot;bonded/bonded11&quot;},{&quot;mip&quot;:&quot;4000.ts&quot;,&quot;port&quot;:0,&quot;ip&quot;:&quot;file&quot;,&quot;in_name&quot;:&quot;bond&quot;,&quot;in_active&quot;:1,&quot;in_active_sources&quot;:0,&quot;prg_name&quot;:&quot;&quot;,&quot;prg_prov&quot;:&quot;&quot;,&quot;prg_num&quot;:-1,&quot;chan&quot;:&quot;&quot;,&quot;chan_id&quot;:-1,&quot;id&quot;:&quot;zixi://bonded(bonded3)#10.7.0.66:2088@10.7.0.65,192.168.60.66:2088@192.168.50.65,192.168.5.166:2088@192.168.5.165&quot;,&quot;type&quot;:2,&quot;name&quot;:&quot;bond3&quot;,&quot;asi&quot;:0,&quot;rtmp&quot;:0,&quot;file&quot;:1,&quot;active&quot;:1,&quot;group&quot;:&quot;&quot;,&quot;bonded&quot;:[],&quot;error&quot;:&quot;None&quot;,&quot;con_stat&quot;:&quot;Connecting&quot;,&quot;bitrate&quot;:0,&quot;dest&quot;:&quot;bonded/bonded3&quot;},{&quot;mip&quot;:&quot;4000.ts&quot;,&quot;port&quot;:0,&quot;ip&quot;:&quot;file&quot;,&quot;in_name&quot;:&quot;bond&quot;,&quot;in_active&quot;:1,&quot;in_active_sources&quot;:0,&quot;prg_name&quot;:&quot;&quot;,&quot;prg_prov&quot;:&quot;&quot;,&quot;prg_num&quot;:-1,&quot;chan&quot;:&quot;&quot;,&quot;chan_id&quot;:-1,&quot;id&quot;:&quot;zixi://bonded(bonded14)#10.7.0.66:2088@10.7.0.65,192.168.60.66:2088@192.168.50.65,192.168.5.166:2088@192.168.5.165&quot;,&quot;type&quot;:2,&quot;name&quot;:&quot;bond14&quot;,&quot;asi&quot;:0,&quot;rtmp&quot;:0,&quot;file&quot;:1,&quot;active&quot;:1,&quot;group&quot;:&quot;&quot;,&quot;bonded&quot;:[],&quot;error&quot;:&quot;Timeout&quot;,&quot;con_stat&quot;:&quot;Connecting&quot;,&quot;bitrate&quot;:0,&quot;dest&quot;:&quot;bonded/bonded14&quot;},{&quot;mip&quot;:&quot;4000.ts&quot;,&quot;port&quot;:0,&quot;ip&quot;:&quot;file&quot;,&quot;in_name&quot;:&quot;bond&quot;,&quot;in_active&quot;:1,&quot;in_active_sources&quot;:0,&quot;prg_name&quot;:&quot;&quot;,&quot;prg_prov&quot;:&quot;&quot;,&quot;prg_num&quot;:-1,&quot;chan&quot;:&quot;&quot;,&quot;chan_id&quot;:-1,&quot;id&quot;:&quot;zixi://bonded(bonded0)#10.7.0.66:2088@10.7.0.65,192.168.60.66:2088@192.168.50.65,192.168.5.166:2088@192.168.5.165&quot;,&quot;type&quot;:2,&quot;name&quot;:&quot;bond0&quot;,&quot;asi&quot;:0,&quot;rtmp&quot;:0,&quot;file&quot;:1,&quot;active&quot;:1,&quot;group&quot;:&quot;&quot;,&quot;bonded&quot;:[],&quot;error&quot;:&quot;None&quot;,&quot;con_stat&quot;:&quot;Connecting&quot;,&quot;bitrate&quot;:0,&quot;dest&quot;:&quot;bonded/bonded0&quot;},{&quot;mip&quot;:&quot;4000.ts&quot;,&quot;port&quot;:0,&quot;ip&quot;:&quot;file&quot;,&quot;in_name&quot;:&quot;bond&quot;,&quot;in_active&quot;:1,&quot;in_active_sources&quot;:0,&quot;prg_name&quot;:&quot;&quot;,&quot;prg_prov&quot;:&quot;&quot;,&quot;prg_num&quot;:-1,&quot;chan&quot;:&quot;&quot;,&quot;chan_id&quot;:-1,&quot;id&quot;:&quot;zixi://bonded(bonded19)#10.7.0.66:2088@10.7.0.65,192.168.60.66:2088@192.168.50.65,192.168.5.166:2088@192.168.5.165&quot;,&quot;type&quot;:2,&quot;name&quot;:&quot;bond19&quot;,&quot;asi&quot;:0,&quot;rtmp&quot;:0,&quot;file&quot;:1,&quot;active&quot;:1,&quot;group&quot;:&quot;&quot;,&quot;bonded&quot;:[],&quot;error&quot;:&quot;None&quot;,&quot;con_stat&quot;:&quot;Connecting&quot;,&quot;bitrate&quot;:0,&quot;dest&quot;:&quot;bonded/bonded19&quot;},{&quot;mip&quot;:&quot;4000.ts&quot;,&quot;port&quot;:0,&quot;ip&quot;:&quot;file&quot;,&quot;in_name&quot;:&quot;bond&quot;,&quot;in_active&quot;:1,&quot;in_active_sources&quot;:0,&quot;prg_name&quot;:&quot;&quot;,&quot;prg_prov&quot;:&quot;&quot;,&quot;prg_num&quot;:-1,&quot;chan&quot;:&quot;&quot;,&quot;chan_id&quot;:-1,&quot;id&quot;:&quot;zixi://bonded(bonded16)#10.7.0.66:2088@10.7.0.65,192.168.60.66:2088@192.168.50.65,192.168.5.166:2088@192.168.5.165&quot;,&quot;type&quot;:2,&quot;name&quot;:&quot;bond16&quot;,&quot;asi&quot;:0,&quot;rtmp&quot;:0,&quot;file&quot;:1,&quot;active&quot;:1,&quot;group&quot;:&quot;&quot;,&quot;bonded&quot;:[],&quot;error&quot;:&quot;None&quot;,&quot;con_stat&quot;:&quot;Connecting&quot;,&quot;bitrate&quot;:0,&quot;dest&quot;:&quot;bonded/bonded16&quot;},{&quot;mip&quot;:&quot;4000.ts&quot;,&quot;port&quot;:0,&quot;ip&quot;:&quot;file&quot;,&quot;in_name&quot;:&quot;bond&quot;,&quot;in_active&quot;:1,&quot;in_active_sources&quot;:0,&quot;prg_name&quot;:&quot;&quot;,&quot;prg_prov&quot;:&quot;&quot;,&quot;prg_num&quot;:-1,&quot;chan&quot;:&quot;&quot;,&quot;chan_id&quot;:-1,&quot;id&quot;:&quot;zixi://bonded(bonded20)#10.7.0.66:2088@10.7.0.65,192.168.60.66:2088@192.168.50.65,192.168.5.166:2088@192.168.5.165&quot;,&quot;type&quot;:2,&quot;name&quot;:&quot;bond20&quot;,&quot;asi&quot;:0,&quot;rtmp&quot;:0,&quot;file&quot;:1,&quot;active&quot;:1,&quot;group&quot;:&quot;&quot;,&quot;bonded&quot;:[],&quot;error&quot;:&quot;Timeout&quot;,&quot;con_stat&quot;:&quot;Connecting&quot;,&quot;bitrate&quot;:0,&quot;dest&quot;:&quot;bonded/bonded20&quot;},{&quot;mip&quot;:&quot;4000.ts&quot;,&quot;port&quot;:0,&quot;ip&quot;:&quot;file&quot;,&quot;in_name&quot;:&quot;bond&quot;,&quot;in_active&quot;:1,&quot;in_active_sources&quot;:0,&quot;prg_name&quot;:&quot;&quot;,&quot;prg_prov&quot;:&quot;&quot;,&quot;prg_num&quot;:-1,&quot;chan&quot;:&quot;&quot;,&quot;chan_id&quot;:-1,&quot;id&quot;:&quot;zixi://bonded(bonded8)#10.7.0.66:2088@10.7.0.65,192.168.60.66:2088@192.168.50.65,192.168.5.166:2088@192.168.5.165&quot;,&quot;type&quot;:2,&quot;name&quot;:&quot;bond8&quot;,&quot;asi&quot;:0,&quot;rtmp&quot;:0,&quot;file&quot;:1,&quot;active&quot;:1,&quot;group&quot;:&quot;&quot;,&quot;bonded&quot;:[],&quot;error&quot;:&quot;None&quot;,&quot;con_stat&quot;:&quot;Connecting&quot;,&quot;bitrate&quot;:0,&quot;dest&quot;:&quot;bonded/bonded8&quot;},{&quot;mip&quot;:&quot;4000.ts&quot;,&quot;port&quot;:0,&quot;ip&quot;:&quot;file&quot;,&quot;in_name&quot;:&quot;bond&quot;,&quot;in_active&quot;:1,&quot;in_active_sources&quot;:0,&quot;prg_name&quot;:&quot;&quot;,&quot;prg_prov&quot;:&quot;&quot;,&quot;prg_num&quot;:-1,&quot;chan&quot;:&quot;&quot;,&quot;chan_id&quot;:-1,&quot;id&quot;:&quot;zixi://bonded(bonded23)#10.7.0.66:2088@10.7.0.65,192.168.60.66:2088@192.168.50.65,192.168.5.166:2088@192.168.5.165&quot;,&quot;type&quot;:2,&quot;name&quot;:&quot;bond23&quot;,&quot;asi&quot;:0,&quot;rtmp&quot;:0,&quot;file&quot;:1,&quot;active&quot;:1,&quot;group&quot;:&quot;&quot;,&quot;bonded&quot;:[],&quot;error&quot;:&quot;None&quot;,&quot;con_stat&quot;:&quot;Connecting&quot;,&quot;bitrate&quot;:0,&quot;dest&quot;:&quot;bonded/bonded23&quot;},{&quot;mip&quot;:&quot;4000.ts&quot;,&quot;port&quot;:0,&quot;ip&quot;:&quot;file&quot;,&quot;in_name&quot;:&quot;bond&quot;,&quot;in_active&quot;:1,&quot;in_active_sources&quot;:0,&quot;prg_name&quot;:&quot;&quot;,&quot;prg_prov&quot;:&quot;&quot;,&quot;prg_num&quot;:-1,&quot;chan&quot;:&quot;&quot;,&quot;chan_id&quot;:-1,&quot;id&quot;:&quot;zixi://bonded(bonded17)#10.7.0.66:2088@10.7.0.65,192.168.60.66:2088@192.168.50.65,192.168.5.166:2088@192.168.5.165&quot;,&quot;type&quot;:2,&quot;name&quot;:&quot;bond17&quot;,&quot;asi&quot;:0,&quot;rtmp&quot;:0,&quot;file&quot;:1,&quot;active&quot;:1,&quot;group&quot;:&quot;&quot;,&quot;bonded&quot;:[],&quot;error&quot;:&quot;None&quot;,&quot;con_stat&quot;:&quot;Connecting&quot;,&quot;bitrate&quot;:0,&quot;dest&quot;:&quot;bonded/bonded17&quot;},{&quot;mip&quot;:&quot;4000.ts&quot;,&quot;port&quot;:0,&quot;ip&quot;:&quot;file&quot;,&quot;in_name&quot;:&quot;bond&quot;,&quot;in_active&quot;:1,&quot;in_active_sources&quot;:0,&quot;prg_name&quot;:&quot;&quot;,&quot;prg_prov&quot;:&quot;&quot;,&quot;prg_num&quot;:-1,&quot;chan&quot;:&quot;&quot;,&quot;chan_id&quot;:-1,&quot;id&quot;:&quot;zixi://bonded(bonded24)#10.7.0.66:2088@10.7.0.65,192.168.60.66:2088@192.168.50.65,192.168.5.166:2088@192.168.5.165&quot;,&quot;type&quot;:2,&quot;name&quot;:&quot;bond24&quot;,&quot;asi&quot;:0,&quot;rtmp&quot;:0,&quot;file&quot;:1,&quot;active&quot;:1,&quot;group&quot;:&quot;&quot;,&quot;bonded&quot;:[],&quot;error&quot;:&quot;None&quot;,&quot;con_stat&quot;:&quot;Connecting&quot;,&quot;bitrate&quot;:0,&quot;dest&quot;:&quot;bonded/bonded24&quot;}]}
Debug printing ------&gt;&gt;&gt; {&quot;custom_data&quot;:&quot;&quot;,&quot;msg&quot;:&quot;Output deleted.&quot;,&quot;error&quot;:&quot;&quot;,&quot;outs&quot;:[{&quot;mip&quot;:&quot;live_recording.ts&quot;,&quot;port&quot;:0,&quot;ip&quot;:&quot;file&quot;,&quot;in_name&quot;:&quot;feederoutputname&quot;,&quot;in_active&quot;:1,&quot;in_active_sources&quot;:0,&quot;prg_name&quot;:&quot;&quot;,&quot;prg_prov&quot;:&quot;&quot;,&quot;prg_num&quot;:1,&quot;chan&quot;:&quot;&quot;,&quot;chan_id&quot;:-1,&quot;id&quot;:&quot;zixi://10.7.0.66:2088/feederout&quot;,&quot;type&quot;:2,&quot;name&quot;:&quot;feederoutputname&quot;,&quot;asi&quot;:0,&quot;rtmp&quot;:0,&quot;file&quot;:1,&quot;active&quot;:1,&quot;group&quot;:&quot;&quot;,&quot;error&quot;:&quot;Authentication&quot;,&quot;con_stat&quot;:&quot;Disconnected&quot;,&quot;bitrate&quot;:0,&quot;dest&quot;:&quot;10.7.0.66:2088/feederout&quot;},{&quot;mip&quot;:&quot;4000.ts&quot;,&quot;port&quot;:0,&quot;ip&quot;:&quot;file&quot;,&quot;in_name&quot;:&quot;bond&quot;,&quot;in_active&quot;:1,&quot;in_active_sources&quot;:0,&quot;prg_name&quot;:&quot;&quot;,&quot;prg_prov&quot;:&quot;&quot;,&quot;prg_num&quot;:-1,&quot;chan&quot;:&quot;&quot;,&quot;chan_id&quot;:-1,&quot;id&quot;:&quot;zixi://bonded(bonded40)#10.7.0.66:2088@10.7.0.65,192.168.60.66:2088@192.168.50.65,192.168.5.166:2088@192.168.5.165&quot;,&quot;type&quot;:2,&quot;name&quot;:&quot;bond40&quot;,&quot;asi&quot;:0,&quot;rtmp&quot;:0,&quot;file&quot;:1,&quot;active&quot;:1,&quot;group&quot;:&quot;&quot;,&quot;bonded&quot;:[],&quot;error&quot;:&quot;Authentication&quot;,&quot;con_stat&quot;:&quot;Connecting&quot;,&quot;bitrate&quot;:0,&quot;dest&quot;:&quot;bonded/bonded40&quot;},{&quot;mip&quot;:&quot;4000.ts&quot;,&quot;port&quot;:0,&quot;ip&quot;:&quot;file&quot;,&quot;in_name&quot;:&quot;bond&quot;,&quot;in_active&quot;:1,&quot;in_active_sources&quot;:0,&quot;prg_name&quot;:&quot;&quot;,&quot;prg_prov&quot;:&quot;&quot;,&quot;prg_num&quot;:-1,&quot;chan&quot;:&quot;&quot;,&quot;chan_id&quot;:-1,&quot;id&quot;:&quot;zixi://bonded(bonded28)#10.7.0.66:2088@10.7.0.65,192.168.60.66:2088@192.168.50.65,192.168.5.166:2088@192.168.5.165&quot;,&quot;type&quot;:2,&quot;name&quot;:&quot;bond28&quot;,&quot;asi&quot;:0,&quot;rtmp&quot;:0,&quot;file&quot;:1,&quot;active&quot;:1,&quot;group&quot;:&quot;&quot;,&quot;bonded&quot;:[],&quot;error&quot;:&quot;None&quot;,&quot;con_stat&quot;:&quot;Connecting&quot;,&quot;bitrate&quot;:0,&quot;dest&quot;:&quot;bonded/bonded28&quot;},{&quot;mip&quot;:&quot;4000.ts&quot;,&quot;port&quot;:0,&quot;ip&quot;:&quot;file&quot;,&quot;in_name&quot;:&quot;bond&quot;,&quot;in_active&quot;:1,&quot;in_active_sources&quot;:0,&quot;prg_name&quot;:&quot;&quot;,&quot;prg_prov&quot;:&quot;&quot;,&quot;prg_num&quot;:-1,&quot;chan&quot;:&quot;&quot;,&quot;chan_id&quot;:-1,&quot;id&quot;:&quot;zixi://bonded(bonded25)#10.7.0.66:2088@10.7.0.65,192.168.60.66:2088@192.168.50.65,192.168.5.166:2088@192.168.5.165&quot;,&quot;type&quot;:2,&quot;name&quot;:&quot;bond25&quot;,&quot;asi&quot;:0,&quot;rtmp&quot;:0,&quot;file&quot;:1,&quot;active&quot;:1,&quot;group&quot;:&quot;&quot;,&quot;bonded&quot;:[],&quot;error&quot;:&quot;None&quot;,&quot;con_stat&quot;:&quot;Connecting&quot;,&quot;bitrate&quot;:0,&quot;dest&quot;:&quot;bonded/bonded25&quot;},{&quot;mip&quot;:&quot;4000.ts&quot;,&quot;port&quot;:0,&quot;ip&quot;:&quot;file&quot;,&quot;in_name&quot;:&quot;bond&quot;,&quot;in_active&quot;:1,&quot;in_active_sources&quot;:0,&quot;prg_name&quot;:&quot;&quot;,&quot;prg_prov&quot;:&quot;&quot;,&quot;prg_num&quot;:-1,&quot;chan&quot;:&quot;&quot;,&quot;chan_id&quot;:-1,&quot;id&quot;:&quot;zixi://bonded(bonded18)#10.7.0.66:2088@10.7.0.65,192.168.60.66:2088@192.168.50.65,192.168.5.166:2088@192.168.5.165&quot;,&quot;type&quot;:2,&quot;name&quot;:&quot;bond18&quot;,&quot;asi&quot;:0,&quot;rtmp&quot;:0,&quot;file&quot;:1,&quot;active&quot;:1,&quot;group&quot;:&quot;&quot;,&quot;bonded&quot;:[],&quot;error&quot;:&quot;Timeout&quot;,&quot;con_stat&quot;:&quot;Connecting&quot;,&quot;bitrate&quot;:0,&quot;dest&quot;:&quot;bonded/bonded18&quot;},{&quot;mip&quot;:&quot;4000.ts&quot;,&quot;port&quot;:0,&quot;ip&quot;:&quot;file&quot;,&quot;in_name&quot;:&quot;bond&quot;,&quot;in_active&quot;:1,&quot;in_active_sources&quot;:0,&quot;prg_name&quot;:&quot;&quot;,&quot;prg_prov&quot;:&quot;&quot;,&quot;prg_num&quot;:-1,&quot;chan&quot;:&quot;&quot;,&quot;chan_id&quot;:-1,&quot;id&quot;:&quot;zixi://bonded(bonded29)#10.7.0.66:2088@10.7.0.65,192.168.60.66:2088@192.168.50.65,192.168.5.166:2088@192.168.5.165&quot;,&quot;type&quot;:2,&quot;name&quot;:&quot;bond29&quot;,&quot;asi&quot;:0,&quot;rtmp&quot;:0,&quot;file&quot;:1,&quot;active&quot;:1,&quot;group&quot;:&quot;&quot;,&quot;bonded&quot;:[],&quot;error&quot;:&quot;None&quot;,&quot;con_stat&quot;:&quot;Connecting&quot;,&quot;bitrate&quot;:0,&quot;dest&quot;:&quot;bonded/bonded29&quot;},{&quot;mip&quot;:&quot;4000.ts&quot;,&quot;port&quot;:0,&quot;ip&quot;:&quot;file&quot;,&quot;in_name&quot;:&quot;bond&quot;,&quot;in_active&quot;:1,&quot;in_active_sources&quot;:0,&quot;prg_name&quot;:&quot;&quot;,&quot;prg_prov&quot;:&quot;&quot;,&quot;prg_num&quot;:-1,&quot;chan&quot;:&quot;&quot;,&quot;chan_id&quot;:-1,&quot;id&quot;:&quot;zixi://bonded(bonded27)#10.7.0.66:2088@10.7.0.65,192.168.60.66:2088@192.168.50.65,192.168.5.166:2088@192.168.5.165&quot;,&quot;type&quot;:2,&quot;name&quot;:&quot;bond27&quot;,&quot;asi&quot;:0,&quot;rtmp&quot;:0,&quot;file&quot;:1,&quot;active&quot;:1,&quot;group&quot;:&quot;&quot;,&quot;bonded&quot;:[],&quot;error&quot;:&quot;Timeout&quot;,&quot;con_stat&quot;:&quot;Connecting&quot;,&quot;bitrate&quot;:0,&quot;dest&quot;:&quot;bonded/bonded27&quot;},{&quot;mip&quot;:&quot;4000.ts&quot;,&quot;port&quot;:0,&quot;ip&quot;:&quot;file&quot;,&quot;in_name&quot;:&quot;bond&quot;,&quot;in_active&quot;:1,&quot;in_active_sources&quot;:0,&quot;prg_name&quot;:&quot;&quot;,&quot;prg_prov&quot;:&quot;&quot;,&quot;prg_num&quot;:-1,&quot;chan&quot;:&quot;&quot;,&quot;chan_id&quot;:-1,&quot;id&quot;:&quot;zixi://bonded(bonded39)#10.7.0.66:2088@10.7.0.65,192.168.60.66:2088@192.168.50.65,192.168.5.166:2088@192.168.5.165&quot;,&quot;type&quot;:2,&quot;name&quot;:&quot;bond39&quot;,&quot;asi&quot;:0,&quot;rtmp&quot;:0,&quot;file&quot;:1,&quot;active&quot;:1,&quot;group&quot;:&quot;&quot;,&quot;bonded&quot;:[],&quot;error&quot;:&quot;None&quot;,&quot;con_stat&quot;:&quot;Connecting&quot;,&quot;bitrate&quot;:0,&quot;dest&quot;:&quot;bonded/bonded39&quot;},{&quot;mip&quot;:&quot;4000.ts&quot;,&quot;port&quot;:0,&quot;ip&quot;:&quot;file&quot;,&quot;in_name&quot;:&quot;bond&quot;,&quot;in_active&quot;:1,&quot;in_active_sources&quot;:0,&quot;prg_name&quot;:&quot;&quot;,&quot;prg_prov&quot;:&quot;&quot;,&quot;prg_num&quot;:-1,&quot;chan&quot;:&quot;&quot;,&quot;chan_id&quot;:-1,&quot;id&quot;:&quot;zixi://bonded(bonded36)#10.7.0.66:2088@10.7.0.65,192.168.60.66:2088@192.168.50.65,192.168.5.166:2088@192.168.5.165&quot;,&quot;type&quot;:2,&quot;name&quot;:&quot;bond36&quot;,&quot;asi&quot;:0,&quot;rtmp&quot;:0,&quot;file&quot;:1,&quot;active&quot;:1,&quot;group&quot;:&quot;&quot;,&quot;bonded&quot;:[],&quot;error&quot;:&quot;Timeout&quot;,&quot;con_stat&quot;:&quot;Connecting&quot;,&quot;bitrate&quot;:0,&quot;dest&quot;:&quot;bonded/bonded36&quot;},{&quot;mip&quot;:&quot;4000.ts&quot;,&quot;port&quot;:0,&quot;ip&quot;:&quot;file&quot;,&quot;in_name&quot;:&quot;bond&quot;,&quot;in_active&quot;:1,&quot;in_active_sources&quot;:0,&quot;prg_name&quot;:&quot;&quot;,&quot;prg_prov&quot;:&quot;&quot;,&quot;prg_num&quot;:-1,&quot;chan&quot;:&quot;&quot;,&quot;chan_id&quot;:-1,&quot;id&quot;:&quot;zixi://bonded(bonded41)#10.7.0.66:2088@10.7.0.65,192.168.60.66:2088@192.168.50.65,192.168.5.166:2088@192.168.5.165&quot;,&quot;type&quot;:2,&quot;name&quot;:&quot;bond41&quot;,&quot;asi&quot;:0,&quot;rtmp&quot;:0,&quot;file&quot;:1,&quot;active&quot;:1,&quot;group&quot;:&quot;&quot;,&quot;bonded&quot;:[],&quot;error&quot;:&quot;Timeout&quot;,&quot;con_stat&quot;:&quot;Connecting&quot;,&quot;bitrate&quot;:0,&quot;dest&quot;:&quot;bonded/bonded41&quot;},{&quot;mip&quot;:&quot;4000.ts&quot;,&quot;port&quot;:0,&quot;ip&quot;:&quot;file&quot;,&quot;in_name&quot;:&quot;bond&quot;,&quot;in_active&quot;:1,&quot;in_active_sources&quot;:0,&quot;prg_name&quot;:&quot;&quot;,&quot;prg_prov&quot;:&quot;&quot;,&quot;prg_num&quot;:-1,&quot;chan&quot;:&quot;&quot;,&quot;chan_id&quot;:-1,&quot;id&quot;:&quot;zixi://bonded(bonded31)#10.7.0.66:2088@10.7.0.65,192.168.60.66:2088@192.168.50.65,192.168.5.166:2088@192.168.5.165&quot;,&quot;type&quot;:2,&quot;name&quot;:&quot;bond31&quot;,&quot;asi&quot;:0,&quot;rtmp&quot;:0,&quot;file&quot;:1,&quot;active&quot;:1,&quot;group&quot;:&quot;&quot;,&quot;bonded&quot;:[],&quot;error&quot;:&quot;Authentication&quot;,&quot;con_stat&quot;:&quot;Connecting&quot;,&quot;bitrate&quot;:0,&quot;dest&quot;:&quot;bonded/bonded31&quot;},{&quot;mip&quot;:&quot;4000.ts&quot;,&quot;port&quot;:0,&quot;ip&quot;:&quot;file&quot;,&quot;in_name&quot;:&quot;bond&quot;,&quot;in_active&quot;:1,&quot;in_active_sources&quot;:0,&quot;prg_name&quot;:&quot;&quot;,&quot;prg_prov&quot;:&quot;&quot;,&quot;prg_num&quot;:-1,&quot;chan&quot;:&quot;&quot;,&quot;chan_id&quot;:-1,&quot;id&quot;:&quot;zixi://bonded(bonded44)#10.7.0.66:2088@10.7.0.65,192.168.60.66:2088@192.168.50.65,192.168.5.166:2088@192.168.5.165&quot;,&quot;type&quot;:2,&quot;name&quot;:&quot;bond44&quot;,&quot;asi&quot;:0,&quot;rtmp&quot;:0,&quot;file&quot;:1,&quot;active&quot;:1,&quot;group&quot;:&quot;&quot;,&quot;bonded&quot;:[],&quot;error&quot;:&quot;None&quot;,&quot;con_stat&quot;:&quot;Connecting&quot;,&quot;bitrate&quot;:0,&quot;dest&quot;:&quot;bonded/bonded44&quot;},{&quot;mip&quot;:&quot;4000.ts&quot;,&quot;port&quot;:0,&quot;ip&quot;:&quot;file&quot;,&quot;in_name&quot;:&quot;bond&quot;,&quot;in_active&quot;:1,&quot;in_active_sources&quot;:0,&quot;prg_name&quot;:&quot;&quot;,&quot;prg_prov&quot;:&quot;&quot;,&quot;prg_num&quot;:-1,&quot;chan&quot;:&quot;&quot;,&quot;chan_id&quot;:-1,&quot;id&quot;:&quot;zixi://bonded(bonded15)#10.7.0.66:2088@10.7.0.65,192.168.60.66:2088@192.168.50.65,192.168.5.166:2088@192.168.5.165&quot;,&quot;type&quot;:2,&quot;name&quot;:&quot;bond15&quot;,&quot;asi&quot;:0,&quot;rtmp&quot;:0,&quot;file&quot;:1,&quot;active&quot;:1,&quot;group&quot;:&quot;&quot;,&quot;bonded&quot;:[],&quot;error&quot;:&quot;Timeout&quot;,&quot;con_stat&quot;:&quot;Connecting&quot;,&quot;bitrate&quot;:0,&quot;dest&quot;:&quot;bonded/bonded15&quot;},{&quot;mip&quot;:&quot;4000.ts&quot;,&quot;port&quot;:0,&quot;ip&quot;:&quot;file&quot;,&quot;in_name&quot;:&quot;bond&quot;,&quot;in_active&quot;:1,&quot;in_active_sources&quot;:0,&quot;prg_name&quot;:&quot;&quot;,&quot;prg_prov&quot;:&quot;&quot;,&quot;prg_num&quot;:-1,&quot;chan&quot;:&quot;&quot;,&quot;chan_id&quot;:-1,&quot;id&quot;:&quot;zixi://bonded(bonded46)#10.7.0.66:2088@10.7.0.65,192.168.60.66:2088@192.168.50.65,192.168.5.166:2088@192.168.5.165&quot;,&quot;type&quot;:2,&quot;name&quot;:&quot;bond46&quot;,&quot;asi&quot;:0,&quot;rtmp&quot;:0,&quot;file&quot;:1,&quot;active&quot;:1,&quot;group&quot;:&quot;&quot;,&quot;bonded&quot;:[],&quot;error&quot;:&quot;Authentication&quot;,&quot;con_stat&quot;:&quot;Connecting&quot;,&quot;bitrate&quot;:0,&quot;dest&quot;:&quot;bonded/bonded46&quot;},{&quot;mip&quot;:&quot;4000.ts&quot;,&quot;port&quot;:0,&quot;ip&quot;:&quot;file&quot;,&quot;in_name&quot;:&quot;bond&quot;,&quot;in_active&quot;:1,&quot;in_active_sources&quot;:0,&quot;prg_name&quot;:&quot;&quot;,&quot;prg_prov&quot;:&quot;&quot;,&quot;prg_num&quot;:-1,&quot;chan&quot;:&quot;&quot;,&quot;chan_id&quot;:-1,&quot;id&quot;:&quot;zixi://bonded(bonded49)#10.7.0.66:2088@10.7.0.65,192.168.60.66:2088@192.168.50.65,192.168.5.166:2088@192.168.5.165&quot;,&quot;type&quot;:2,&quot;name&quot;:&quot;bond49&quot;,&quot;asi&quot;:0,&quot;rtmp&quot;:0,&quot;file&quot;:1,&quot;active&quot;:1,&quot;group&quot;:&quot;&quot;,&quot;bonded&quot;:[],&quot;error&quot;:&quot;Timeout&quot;,&quot;con_stat&quot;:&quot;Connecting&quot;,&quot;bitrate&quot;:0,&quot;dest&quot;:&quot;bonded/bonded49&quot;},{&quot;mip&quot;:&quot;4000.ts&quot;,&quot;port&quot;:0,&quot;ip&quot;:&quot;file&quot;,&quot;in_name&quot;:&quot;bond&quot;,&quot;in_active&quot;:1,&quot;in_active_sources&quot;:0,&quot;prg_name&quot;:&quot;&quot;,&quot;prg_prov&quot;:&quot;&quot;,&quot;prg_num&quot;:-1,&quot;chan&quot;:&quot;&quot;,&quot;chan_id&quot;:-1,&quot;id&quot;:&quot;zixi://bonded(bonded34)#10.7.0.66:2088@10.7.0.65,192.168.60.66:2088@192.168.50.65,192.168.5.166:2088@192.168.5.165&quot;,&quot;type&quot;:2,&quot;name&quot;:&quot;bond34&quot;,&quot;asi&quot;:0,&quot;rtmp&quot;:0,&quot;file&quot;:1,&quot;active&quot;:1,&quot;group&quot;:&quot;&quot;,&quot;bonded&quot;:[],&quot;error&quot;:&quot;Timeout&quot;,&quot;con_stat&quot;:&quot;Connecting&quot;,&quot;bitrate&quot;:0,&quot;dest&quot;:&quot;bonded/bonded34&quot;},{&quot;mip&quot;:&quot;4000.ts&quot;,&quot;port&quot;:0,&quot;ip&quot;:&quot;file&quot;,&quot;in_name&quot;:&quot;bond&quot;,&quot;in_active&quot;:1,&quot;in_active_sources&quot;:0,&quot;prg_name&quot;:&quot;&quot;,&quot;prg_prov&quot;:&quot;&quot;,&quot;prg_num&quot;:-1,&quot;chan&quot;:&quot;&quot;,&quot;chan_id&quot;:-1,&quot;id&quot;:&quot;zixi://bonded(bonded42)#10.7.0.66:2088@10.7.0.65,192.168.60.66:2088@192.168.50.65,192.168.5.166:2088@192.168.5.165&quot;,&quot;type&quot;:2,&quot;name&quot;:&quot;bond42&quot;,&quot;asi&quot;:0,&quot;rtmp&quot;:0,&quot;file&quot;:1,&quot;active&quot;:1,&quot;group&quot;:&quot;&quot;,&quot;bonded&quot;:[],&quot;error&quot;:&quot;Timeout&quot;,&quot;con_stat&quot;:&quot;Connecting&quot;,&quot;bitrate&quot;:0,&quot;dest&quot;:&quot;bonded/bonded42&quot;},{&quot;mip&quot;:&quot;4000.ts&quot;,&quot;port&quot;:0,&quot;ip&quot;:&quot;file&quot;,&quot;in_name&quot;:&quot;bond&quot;,&quot;in_active&quot;:1,&quot;in_active_sources&quot;:0,&quot;prg_name&quot;:&quot;&quot;,&quot;prg_prov&quot;:&quot;&quot;,&quot;prg_num&quot;:-1,&quot;chan&quot;:&quot;&quot;,&quot;chan_id&quot;:-1,&quot;id&quot;:&quot;zixi://bonded(bonded45)#10.7.0.66:2088@10.7.0.65,192.168.60.66:2088@192.168.50.65,192.168.5.166:2088@192.168.5.165&quot;,&quot;type&quot;:2,&quot;name&quot;:&quot;bond45&quot;,&quot;asi&quot;:0,&quot;rtmp&quot;:0,&quot;file&quot;:1,&quot;active&quot;:1,&quot;group&quot;:&quot;&quot;,&quot;bonded&quot;:[],&quot;error&quot;:&quot;Timeout&quot;,&quot;con_stat&quot;:&quot;Connecting&quot;,&quot;bitrate&quot;:0,&quot;dest&quot;:&quot;bonded/bonded45&quot;},{&quot;mip&quot;:&quot;4000.ts&quot;,&quot;port&quot;:0,&quot;ip&quot;:&quot;file&quot;,&quot;in_name&quot;:&quot;bond&quot;,&quot;in_active&quot;:1,&quot;in_active_sources&quot;:0,&quot;prg_name&quot;:&quot;&quot;,&quot;prg_prov&quot;:&quot;&quot;,&quot;prg_num&quot;:-1,&quot;chan&quot;:&quot;&quot;,&quot;chan_id&quot;:-1,&quot;id&quot;:&quot;zixi://bonded(bonded43)#10.7.0.66:2088@10.7.0.65,192.168.60.66:2088@192.168.50.65,192.168.5.166:2088@192.168.5.165&quot;,&quot;type&quot;:2,&quot;name&quot;:&quot;bond43&quot;,&quot;asi&quot;:0,&quot;rtmp&quot;:0,&quot;file&quot;:1,&quot;active&quot;:1,&quot;group&quot;:&quot;&quot;,&quot;bonded&quot;:[],&quot;error&quot;:&quot;Authentication&quot;,&quot;con_stat&quot;:&quot;Connecting&quot;,&quot;bitrate&quot;:0,&quot;dest&quot;:&quot;bonded/bonded43&quot;},{&quot;mip&quot;:&quot;4000.ts&quot;,&quot;port&quot;:0,&quot;ip&quot;:&quot;file&quot;,&quot;in_name&quot;:&quot;bond&quot;,&quot;in_active&quot;:1,&quot;in_active_sources&quot;:0,&quot;prg_name&quot;:&quot;&quot;,&quot;prg_prov&quot;:&quot;&quot;,&quot;prg_num&quot;:-1,&quot;chan&quot;:&quot;&quot;,&quot;chan_id&quot;:-1,&quot;id&quot;:&quot;zixi://bonded(bonded38)#10.7.0.66:2088@10.7.0.65,192.168.60.66:2088@192.168.50.65,192.168.5.166:2088@192.168.5.165&quot;,&quot;type&quot;:2,&quot;name&quot;:&quot;bond38&quot;,&quot;asi&quot;:0,&quot;rtmp&quot;:0,&quot;file&quot;:1,&quot;active&quot;:1,&quot;group&quot;:&quot;&quot;,&quot;bonded&quot;:[],&quot;error&quot;:&quot;Timeout&quot;,&quot;con_stat&quot;:&quot;Connecting&quot;,&quot;bitrate&quot;:0,&quot;dest&quot;:&quot;bonded/bonded38&quot;},{&quot;mip&quot;:&quot;4000.ts&quot;,&quot;port&quot;:0,&quot;ip&quot;:&quot;file&quot;,&quot;in_name&quot;:&quot;bond&quot;,&quot;in_active&quot;:1,&quot;in_active_sources&quot;:0,&quot;prg_name&quot;:&quot;&quot;,&quot;prg_prov&quot;:&quot;&quot;,&quot;prg_num&quot;:-1,&quot;chan&quot;:&quot;&quot;,&quot;chan_id&quot;:-1,&quot;id&quot;:&quot;zixi://bonded(bonded47)#10.7.0.66:2088@10.7.0.65,192.168.60.66:2088@192.168.50.65,192.168.5.166:2088@192.168.5.165&quot;,&quot;type&quot;:2,&quot;name&quot;:&quot;bond47&quot;,&quot;asi&quot;:0,&quot;rtmp&quot;:0,&quot;file&quot;:1,&quot;active&quot;:1,&quot;group&quot;:&quot;&quot;,&quot;bonded&quot;:[],&quot;error&quot;:&quot;Authentication&quot;,&quot;con_stat&quot;:&quot;Connecting&quot;,&quot;bitrate&quot;:0,&quot;dest&quot;:&quot;bonded/bonded47&quot;},{&quot;mip&quot;:&quot;4000.ts&quot;,&quot;port&quot;:0,&quot;ip&quot;:&quot;file&quot;,&quot;in_name&quot;:&quot;bond&quot;,&quot;in_active&quot;:1,&quot;in_active_sources&quot;:0,&quot;prg_name&quot;:&quot;&quot;,&quot;prg_prov&quot;:&quot;&quot;,&quot;prg_num&quot;:-1,&quot;chan&quot;:&quot;&quot;,&quot;chan_id&quot;:-1,&quot;id&quot;:&quot;zixi://bonded(bonded48)#10.7.0.66:2088@10.7.0.65,192.168.60.66:2088@192.168.50.65,192.168.5.166:2088@192.168.5.165&quot;,&quot;type&quot;:2,&quot;name&quot;:&quot;bond48&quot;,&quot;asi&quot;:0,&quot;rtmp&quot;:0,&quot;file&quot;:1,&quot;active&quot;:1,&quot;group&quot;:&quot;&quot;,&quot;bonded&quot;:[],&quot;error&quot;:&quot;Timeout&quot;,&quot;con_stat&quot;:&quot;Connecting&quot;,&quot;bitrate&quot;:0,&quot;dest&quot;:&quot;bonded/bonded48&quot;},{&quot;mip&quot;:&quot;4000.ts&quot;,&quot;port&quot;:0,&quot;ip&quot;:&quot;file&quot;,&quot;in_name&quot;:&quot;bond&quot;,&quot;in_active&quot;:1,&quot;in_active_sources&quot;:0,&quot;prg_name&quot;:&quot;&quot;,&quot;prg_prov&quot;:&quot;&quot;,&quot;prg_num&quot;:-1,&quot;chan&quot;:&quot;&quot;,&quot;chan_id&quot;:-1,&quot;id&quot;:&quot;zixi://bonded(bonded7)#10.7.0.66:2088@10.7.0.65,192.168.60.66:2088@192.168.50.65,192.168.5.166:2088@192.168.5.165&quot;,&quot;type&quot;:2,&quot;name&quot;:&quot;bond7&quot;,&quot;asi&quot;:0,&quot;rtmp&quot;:0,&quot;file&quot;:1,&quot;active&quot;:1,&quot;group&quot;:&quot;&quot;,&quot;bonded&quot;:[],&quot;error&quot;:&quot;None&quot;,&quot;con_stat&quot;:&quot;Connecting&quot;,&quot;bitrate&quot;:0,&quot;dest&quot;:&quot;bonded/bonded7&quot;},{&quot;mip&quot;:&quot;4000.ts&quot;,&quot;port&quot;:0,&quot;ip&quot;:&quot;file&quot;,&quot;in_name&quot;:&quot;bond&quot;,&quot;in_active&quot;:1,&quot;in_active_sources&quot;:0,&quot;prg_name&quot;:&quot;&quot;,&quot;prg_prov&quot;:&quot;&quot;,&quot;prg_num&quot;:-1,&quot;chan&quot;:&quot;&quot;,&quot;chan_id&quot;:-1,&quot;id&quot;:&quot;zixi://bonded(bonded6)#10.7.0.66:2088@10.7.0.65,192.168.60.66:2088@192.168.50.65,192.168.5.166:2088@192.168.5.165&quot;,&quot;type&quot;:2,&quot;name&quot;:&quot;bond6&quot;,&quot;asi&quot;:0,&quot;rtmp&quot;:0,&quot;file&quot;:1,&quot;active&quot;:1,&quot;group&quot;:&quot;&quot;,&quot;bonded&quot;:[],&quot;error&quot;:&quot;None&quot;,&quot;con_stat&quot;:&quot;Connecting&quot;,&quot;bitrate&quot;:0,&quot;dest&quot;:&quot;bonded/bonded6&quot;},{&quot;mip&quot;:&quot;4000.ts&quot;,&quot;port&quot;:0,&quot;ip&quot;:&quot;file&quot;,&quot;in_name&quot;:&quot;bond&quot;,&quot;in_active&quot;:1,&quot;in_active_sources&quot;:0,&quot;prg_name&quot;:&quot;&quot;,&quot;prg_prov&quot;:&quot;&quot;,&quot;prg_num&quot;:-1,&quot;chan&quot;:&quot;&quot;,&quot;chan_id&quot;:-1,&quot;id&quot;:&quot;zixi://bonded(bonded2)#10.7.0.66:2088@10.7.0.65,192.168.60.66:2088@192.168.50.65,192.168.5.166:2088@192.168.5.165&quot;,&quot;type&quot;:2,&quot;name&quot;:&quot;bond2&quot;,&quot;asi&quot;:0,&quot;rtmp&quot;:0,&quot;file&quot;:1,&quot;active&quot;:1,&quot;group&quot;:&quot;&quot;,&quot;bonded&quot;:[],&quot;error&quot;:&quot;None&quot;,&quot;con_stat&quot;:&quot;Connecting&quot;,&quot;bitrate&quot;:0,&quot;dest&quot;:&quot;bonded/bonded2&quot;},{&quot;mip&quot;:&quot;4000.ts&quot;,&quot;port&quot;:0,&quot;ip&quot;:&quot;file&quot;,&quot;in_name&quot;:&quot;bond&quot;,&quot;in_active&quot;:1,&quot;in_active_sources&quot;:0,&quot;prg_name&quot;:&quot;&quot;,&quot;prg_prov&quot;:&quot;&quot;,&quot;prg_num&quot;:-1,&quot;chan&quot;:&quot;&quot;,&quot;chan_id&quot;:-1,&quot;id&quot;:&quot;zixi://bonded(bonded1)#10.7.0.66:2088@10.7.0.65,192.168.60.66:2088@192.168.50.65,192.168.5.166:2088@192.168.5.165&quot;,&quot;type&quot;:2,&quot;name&quot;:&quot;bond1&quot;,&quot;asi&quot;:0,&quot;rtmp&quot;:0,&quot;file&quot;:1,&quot;active&quot;:1,&quot;group&quot;:&quot;&quot;,&quot;bonded&quot;:[],&quot;error&quot;:&quot;None&quot;,&quot;con_stat&quot;:&quot;Connecting&quot;,&quot;bitrate&quot;:0,&quot;dest&quot;:&quot;bonded/bonded1&quot;},{&quot;mip&quot;:&quot;4000.ts&quot;,&quot;port&quot;:0,&quot;ip&quot;:&quot;file&quot;,&quot;in_name&quot;:&quot;bond&quot;,&quot;in_active&quot;:1,&quot;in_active_sources&quot;:0,&quot;prg_name&quot;:&quot;&quot;,&quot;prg_prov&quot;:&quot;&quot;,&quot;prg_num&quot;:-1,&quot;chan&quot;:&quot;&quot;,&quot;chan_id&quot;:-1,&quot;id&quot;:&quot;zixi://bonded(bonded4)#10.7.0.66:2088@10.7.0.65,192.168.60.66:2088@192.168.50.65,192.168.5.166:2088@192.168.5.165&quot;,&quot;type&quot;:2,&quot;name&quot;:&quot;bond4&quot;,&quot;asi&quot;:0,&quot;rtmp&quot;:0,&quot;file&quot;:1,&quot;active&quot;:1,&quot;group&quot;:&quot;&quot;,&quot;bonded&quot;:[],&quot;error&quot;:&quot;Timeout&quot;,&quot;con_stat&quot;:&quot;Connecting&quot;,&quot;bitrate&quot;:0,&quot;dest&quot;:&quot;bonded/bonded4&quot;},{&quot;mip&quot;:&quot;4000.ts&quot;,&quot;port&quot;:0,&quot;ip&quot;:&quot;file&quot;,&quot;in_name&quot;:&quot;bond&quot;,&quot;in_active&quot;:1,&quot;in_active_sources&quot;:0,&quot;prg_name&quot;:&quot;&quot;,&quot;prg_prov&quot;:&quot;&quot;,&quot;prg_num&quot;:-1,&quot;chan&quot;:&quot;&quot;,&quot;chan_id&quot;:-1,&quot;id&quot;:&quot;zixi://bonded(bonded5)#10.7.0.66:2088@10.7.0.65,192.168.60.66:2088@192.168.50.65,192.168.5.166:2088@192.168.5.165&quot;,&quot;type&quot;:2,&quot;name&quot;:&quot;bond5&quot;,&quot;asi&quot;:0,&quot;rtmp&quot;:0,&quot;file&quot;:1,&quot;active&quot;:1,&quot;group&quot;:&quot;&quot;,&quot;bonded&quot;:[],&quot;error&quot;:&quot;None&quot;,&quot;con_stat&quot;:&quot;Connecting&quot;,&quot;bitrate&quot;:0,&quot;dest&quot;:&quot;bonded/bonded5&quot;},{&quot;mip&quot;:&quot;4000.ts&quot;,&quot;port&quot;:0,&quot;ip&quot;:&quot;file&quot;,&quot;in_name&quot;:&quot;bond&quot;,&quot;in_active&quot;:1,&quot;in_active_sources&quot;:0,&quot;prg_name&quot;:&quot;&quot;,&quot;prg_prov&quot;:&quot;&quot;,&quot;prg_num&quot;:-1,&quot;chan&quot;:&quot;&quot;,&quot;chan_id&quot;:-1,&quot;id&quot;:&quot;zixi://bonded(bonded9)#10.7.0.66:2088@10.7.0.65,192.168.60.66:2088@192.168.50.65,192.168.5.166:2088@192.168.5.165&quot;,&quot;type&quot;:2,&quot;name&quot;:&quot;bond9&quot;,&quot;asi&quot;:0,&quot;rtmp&quot;:0,&quot;file&quot;:1,&quot;active&quot;:1,&quot;group&quot;:&quot;&quot;,&quot;bonded&quot;:[],&quot;error&quot;:&quot;None&quot;,&quot;con_stat&quot;:&quot;Connecting&quot;,&quot;bitrate&quot;:0,&quot;dest&quot;:&quot;bonded/bonded9&quot;},{&quot;mip&quot;:&quot;4000.ts&quot;,&quot;port&quot;:0,&quot;ip&quot;:&quot;file&quot;,&quot;in_name&quot;:&quot;bond&quot;,&quot;in_active&quot;:1,&quot;in_active_sources&quot;:0,&quot;prg_name&quot;:&quot;&quot;,&quot;prg_prov&quot;:&quot;&quot;,&quot;prg_num&quot;:-1,&quot;chan&quot;:&quot;&quot;,&quot;chan_id&quot;:-1,&quot;id&quot;:&quot;zixi://bonded(bonded12)#10.7.0.66:2088@10.7.0.65,192.168.60.66:2088@192.168.50.65,192.168.5.166:2088@192.168.5.165&quot;,&quot;type&quot;:2,&quot;name&quot;:&quot;bond12&quot;,&quot;asi&quot;:0,&quot;rtmp&quot;:0,&quot;file&quot;:1,&quot;active&quot;:1,&quot;group&quot;:&quot;&quot;,&quot;bonded&quot;:[],&quot;error&quot;:&quot;None&quot;,&quot;con_stat&quot;:&quot;Connecting&quot;,&quot;bitrate&quot;:0,&quot;dest&quot;:&quot;bonded/bonded12&quot;},{&quot;mip&quot;:&quot;4000.ts&quot;,&quot;port&quot;:0,&quot;ip&quot;:&quot;file&quot;,&quot;in_name&quot;:&quot;bond&quot;,&quot;in_active&quot;:1,&quot;in_active_sources&quot;:0,&quot;prg_name&quot;:&quot;&quot;,&quot;prg_prov&quot;:&quot;&quot;,&quot;prg_num&quot;:-1,&quot;chan&quot;:&quot;&quot;,&quot;chan_id&quot;:-1,&quot;id&quot;:&quot;zixi://bonded(bonded10)#10.7.0.66:2088@10.7.0.65,192.168.60.66:2088@192.168.50.65,192.168.5.166:2088@192.168.5.165&quot;,&quot;type&quot;:2,&quot;name&quot;:&quot;bond10&quot;,&quot;asi&quot;:0,&quot;rtmp&quot;:0,&quot;file&quot;:1,&quot;active&quot;:1,&quot;group&quot;:&quot;&quot;,&quot;bonded&quot;:[],&quot;error&quot;:&quot;Authentication&quot;,&quot;con_stat&quot;:&quot;Connecting&quot;,&quot;bitrate&quot;:0,&quot;dest&quot;:&quot;bonded/bonded10&quot;},{&quot;mip&quot;:&quot;4000.ts&quot;,&quot;port&quot;:0,&quot;ip&quot;:&quot;file&quot;,&quot;in_name&quot;:&quot;bond&quot;,&quot;in_active&quot;:1,&quot;in_active_sources&quot;:0,&quot;prg_name&quot;:&quot;&quot;,&quot;prg_prov&quot;:&quot;&quot;,&quot;prg_num&quot;:-1,&quot;chan&quot;:&quot;&quot;,&quot;chan_id&quot;:-1,&quot;id&quot;:&quot;zixi://bonded(bonded13)#10.7.0.66:2088@10.7.0.65,192.168.60.66:2088@192.168.50.65,192.168.5.166:2088@192.168.5.165&quot;,&quot;type&quot;:2,&quot;name&quot;:&quot;bond13&quot;,&quot;asi&quot;:0,&quot;rtmp&quot;:0,&quot;file&quot;:1,&quot;active&quot;:1,&quot;group&quot;:&quot;&quot;,&quot;bonded&quot;:[],&quot;error&quot;:&quot;None&quot;,&quot;con_stat&quot;:&quot;Connecting&quot;,&quot;bitrate&quot;:0,&quot;dest&quot;:&quot;bonded/bonded13&quot;},{&quot;mip&quot;:&quot;4000.ts&quot;,&quot;port&quot;:0,&quot;ip&quot;:&quot;file&quot;,&quot;in_name&quot;:&quot;bond&quot;,&quot;in_active&quot;:1,&quot;in_active_sources&quot;:0,&quot;prg_name&quot;:&quot;&quot;,&quot;prg_prov&quot;:&quot;&quot;,&quot;prg_num&quot;:-1,&quot;chan&quot;:&quot;&quot;,&quot;chan_id&quot;:-1,&quot;id&quot;:&quot;zixi://bonded(bonded11)#10.7.0.66:2088@10.7.0.65,192.168.60.66:2088@192.168.50.65,192.168.5.166:2088@192.168.5.165&quot;,&quot;type&quot;:2,&quot;name&quot;:&quot;bond11&quot;,&quot;asi&quot;:0,&quot;rtmp&quot;:0,&quot;file&quot;:1,&quot;active&quot;:1,&quot;group&quot;:&quot;&quot;,&quot;bonded&quot;:[],&quot;error&quot;:&quot;None&quot;,&quot;con_stat&quot;:&quot;Connecting&quot;,&quot;bitrate&quot;:0,&quot;dest&quot;:&quot;bonded/bonded11&quot;},{&quot;mip&quot;:&quot;4000.ts&quot;,&quot;port&quot;:0,&quot;ip&quot;:&quot;file&quot;,&quot;in_name&quot;:&quot;bond&quot;,&quot;in_active&quot;:1,&quot;in_active_sources&quot;:0,&quot;prg_name&quot;:&quot;&quot;,&quot;prg_prov&quot;:&quot;&quot;,&quot;prg_num&quot;:-1,&quot;chan&quot;:&quot;&quot;,&quot;chan_id&quot;:-1,&quot;id&quot;:&quot;zixi://bonded(bonded3)#10.7.0.66:2088@10.7.0.65,192.168.60.66:2088@192.168.50.65,192.168.5.166:2088@192.168.5.165&quot;,&quot;type&quot;:2,&quot;name&quot;:&quot;bond3&quot;,&quot;asi&quot;:0,&quot;rtmp&quot;:0,&quot;file&quot;:1,&quot;active&quot;:1,&quot;group&quot;:&quot;&quot;,&quot;bonded&quot;:[],&quot;error&quot;:&quot;None&quot;,&quot;con_stat&quot;:&quot;Connecting&quot;,&quot;bitrate&quot;:0,&quot;dest&quot;:&quot;bonded/bonded3&quot;},{&quot;mip&quot;:&quot;4000.ts&quot;,&quot;port&quot;:0,&quot;ip&quot;:&quot;file&quot;,&quot;in_name&quot;:&quot;bond&quot;,&quot;in_active&quot;:1,&quot;in_active_sources&quot;:0,&quot;prg_name&quot;:&quot;&quot;,&quot;prg_prov&quot;:&quot;&quot;,&quot;prg_num&quot;:-1,&quot;chan&quot;:&quot;&quot;,&quot;chan_id&quot;:-1,&quot;id&quot;:&quot;zixi://bonded(bonded14)#10.7.0.66:2088@10.7.0.65,192.168.60.66:2088@192.168.50.65,192.168.5.166:2088@192.168.5.165&quot;,&quot;type&quot;:2,&quot;name&quot;:&quot;bond14&quot;,&quot;asi&quot;:0,&quot;rtmp&quot;:0,&quot;file&quot;:1,&quot;active&quot;:1,&quot;group&quot;:&quot;&quot;,&quot;bonded&quot;:[],&quot;error&quot;:&quot;Timeout&quot;,&quot;con_stat&quot;:&quot;Connecting&quot;,&quot;bitrate&quot;:0,&quot;dest&quot;:&quot;bonded/bonded14&quot;},{&quot;mip&quot;:&quot;4000.ts&quot;,&quot;port&quot;:0,&quot;ip&quot;:&quot;file&quot;,&quot;in_name&quot;:&quot;bond&quot;,&quot;in_active&quot;:1,&quot;in_active_sources&quot;:0,&quot;prg_name&quot;:&quot;&quot;,&quot;prg_prov&quot;:&quot;&quot;,&quot;prg_num&quot;:-1,&quot;chan&quot;:&quot;&quot;,&quot;chan_id&quot;:-1,&quot;id&quot;:&quot;zixi://bonded(bonded0)#10.7.0.66:2088@10.7.0.65,192.168.60.66:2088@192.168.50.65,192.168.5.166:2088@192.168.5.165&quot;,&quot;type&quot;:2,&quot;name&quot;:&quot;bond0&quot;,&quot;asi&quot;:0,&quot;rtmp&quot;:0,&quot;file&quot;:1,&quot;active&quot;:1,&quot;group&quot;:&quot;&quot;,&quot;bonded&quot;:[],&quot;error&quot;:&quot;None&quot;,&quot;con_stat&quot;:&quot;Connecting&quot;,&quot;bitrate&quot;:0,&quot;dest&quot;:&quot;bonded/bonded0&quot;},{&quot;mip&quot;:&quot;4000.ts&quot;,&quot;port&quot;:0,&quot;ip&quot;:&quot;file&quot;,&quot;in_name&quot;:&quot;bond&quot;,&quot;in_active&quot;:1,&quot;in_active_sources&quot;:0,&quot;prg_name&quot;:&quot;&quot;,&quot;prg_prov&quot;:&quot;&quot;,&quot;prg_num&quot;:-1,&quot;chan&quot;:&quot;&quot;,&quot;chan_id&quot;:-1,&quot;id&quot;:&quot;zixi://bonded(bonded19)#10.7.0.66:2088@10.7.0.65,192.168.60.66:2088@192.168.50.65,192.168.5.166:2088@192.168.5.165&quot;,&quot;type&quot;:2,&quot;name&quot;:&quot;bond19&quot;,&quot;asi&quot;:0,&quot;rtmp&quot;:0,&quot;file&quot;:1,&quot;active&quot;:1,&quot;group&quot;:&quot;&quot;,&quot;bonded&quot;:[],&quot;error&quot;:&quot;None&quot;,&quot;con_stat&quot;:&quot;Connecting&quot;,&quot;bitrate&quot;:0,&quot;dest&quot;:&quot;bonded/bonded19&quot;},{&quot;mip&quot;:&quot;4000.ts&quot;,&quot;port&quot;:0,&quot;ip&quot;:&quot;file&quot;,&quot;in_name&quot;:&quot;bond&quot;,&quot;in_active&quot;:1,&quot;in_active_sources&quot;:0,&quot;prg_name&quot;:&quot;&quot;,&quot;prg_prov&quot;:&quot;&quot;,&quot;prg_num&quot;:-1,&quot;chan&quot;:&quot;&quot;,&quot;chan_id&quot;:-1,&quot;id&quot;:&quot;zixi://bonded(bonded16)#10.7.0.66:2088@10.7.0.65,192.168.60.66:2088@192.168.50.65,192.168.5.166:2088@192.168.5.165&quot;,&quot;type&quot;:2,&quot;name&quot;:&quot;bond16&quot;,&quot;asi&quot;:0,&quot;rtmp&quot;:0,&quot;file&quot;:1,&quot;active&quot;:1,&quot;group&quot;:&quot;&quot;,&quot;bonded&quot;:[],&quot;error&quot;:&quot;None&quot;,&quot;con_stat&quot;:&quot;Connecting&quot;,&quot;bitrate&quot;:0,&quot;dest&quot;:&quot;bonded/bonded16&quot;},{&quot;mip&quot;:&quot;4000.ts&quot;,&quot;port&quot;:0,&quot;ip&quot;:&quot;file&quot;,&quot;in_name&quot;:&quot;bond&quot;,&quot;in_active&quot;:1,&quot;in_active_sources&quot;:0,&quot;prg_name&quot;:&quot;&quot;,&quot;prg_prov&quot;:&quot;&quot;,&quot;prg_num&quot;:-1,&quot;chan&quot;:&quot;&quot;,&quot;chan_id&quot;:-1,&quot;id&quot;:&quot;zixi://bonded(bonded20)#10.7.0.66:2088@10.7.0.65,192.168.60.66:2088@192.168.50.65,192.168.5.166:2088@192.168.5.165&quot;,&quot;type&quot;:2,&quot;name&quot;:&quot;bond20&quot;,&quot;asi&quot;:0,&quot;rtmp&quot;:0,&quot;file&quot;:1,&quot;active&quot;:1,&quot;group&quot;:&quot;&quot;,&quot;bonded&quot;:[],&quot;error&quot;:&quot;Timeout&quot;,&quot;con_stat&quot;:&quot;Connecting&quot;,&quot;bitrate&quot;:0,&quot;dest&quot;:&quot;bonded/bonded20&quot;},{&quot;mip&quot;:&quot;4000.ts&quot;,&quot;port&quot;:0,&quot;ip&quot;:&quot;file&quot;,&quot;in_name&quot;:&quot;bond&quot;,&quot;in_active&quot;:1,&quot;in_active_sources&quot;:0,&quot;prg_name&quot;:&quot;&quot;,&quot;prg_prov&quot;:&quot;&quot;,&quot;prg_num&quot;:-1,&quot;chan&quot;:&quot;&quot;,&quot;chan_id&quot;:-1,&quot;id&quot;:&quot;zixi://bonded(bonded8)#10.7.0.66:2088@10.7.0.65,192.168.60.66:2088@192.168.50.65,192.168.5.166:2088@192.168.5.165&quot;,&quot;type&quot;:2,&quot;name&quot;:&quot;bond8&quot;,&quot;asi&quot;:0,&quot;rtmp&quot;:0,&quot;file&quot;:1,&quot;active&quot;:1,&quot;group&quot;:&quot;&quot;,&quot;bonded&quot;:[],&quot;error&quot;:&quot;None&quot;,&quot;con_stat&quot;:&quot;Connecting&quot;,&quot;bitrate&quot;:0,&quot;dest&quot;:&quot;bonded/bonded8&quot;},{&quot;mip&quot;:&quot;4000.ts&quot;,&quot;port&quot;:0,&quot;ip&quot;:&quot;file&quot;,&quot;in_name&quot;:&quot;bond&quot;,&quot;in_active&quot;:1,&quot;in_active_sources&quot;:0,&quot;prg_name&quot;:&quot;&quot;,&quot;prg_prov&quot;:&quot;&quot;,&quot;prg_num&quot;:-1,&quot;chan&quot;:&quot;&quot;,&quot;chan_id&quot;:-1,&quot;id&quot;:&quot;zixi://bonded(bonded23)#10.7.0.66:2088@10.7.0.65,192.168.60.66:2088@192.168.50.65,192.168.5.166:2088@192.168.5.165&quot;,&quot;type&quot;:2,&quot;name&quot;:&quot;bond23&quot;,&quot;asi&quot;:0,&quot;rtmp&quot;:0,&quot;file&quot;:1,&quot;active&quot;:1,&quot;group&quot;:&quot;&quot;,&quot;bonded&quot;:[],&quot;error&quot;:&quot;None&quot;,&quot;con_stat&quot;:&quot;Connecting&quot;,&quot;bitrate&quot;:0,&quot;dest&quot;:&quot;bonded/bonded23&quot;},{&quot;mip&quot;:&quot;4000.ts&quot;,&quot;port&quot;:0,&quot;ip&quot;:&quot;file&quot;,&quot;in_name&quot;:&quot;bond&quot;,&quot;in_active&quot;:1,&quot;in_active_sources&quot;:0,&quot;prg_name&quot;:&quot;&quot;,&quot;prg_prov&quot;:&quot;&quot;,&quot;prg_num&quot;:-1,&quot;chan&quot;:&quot;&quot;,&quot;chan_id&quot;:-1,&quot;id&quot;:&quot;zixi://bonded(bonded17)#10.7.0.66:2088@10.7.0.65,192.168.60.66:2088@192.168.50.65,192.168.5.166:2088@192.168.5.165&quot;,&quot;type&quot;:2,&quot;name&quot;:&quot;bond17&quot;,&quot;asi&quot;:0,&quot;rtmp&quot;:0,&quot;file&quot;:1,&quot;active&quot;:1,&quot;group&quot;:&quot;&quot;,&quot;bonded&quot;:[],&quot;error&quot;:&quot;None&quot;,&quot;con_stat&quot;:&quot;Connecting&quot;,&quot;bitrate&quot;:0,&quot;dest&quot;:&quot;bonded/bonded17&quot;},{&quot;mip&quot;:&quot;4000.ts&quot;,&quot;port&quot;:0,&quot;ip&quot;:&quot;file&quot;,&quot;in_name&quot;:&quot;bond&quot;,&quot;in_active&quot;:1,&quot;in_active_sources&quot;:0,&quot;prg_name&quot;:&quot;&quot;,&quot;prg_prov&quot;:&quot;&quot;,&quot;prg_num&quot;:-1,&quot;chan&quot;:&quot;&quot;,&quot;chan_id&quot;:-1,&quot;id&quot;:&quot;zixi://bonded(bonded24)#10.7.0.66:2088@10.7.0.65,192.168.60.66:2088@192.168.50.65,192.168.5.166:2088@192.168.5.165&quot;,&quot;type&quot;:2,&quot;name&quot;:&quot;bond24&quot;,&quot;asi&quot;:0,&quot;rtmp&quot;:0,&quot;file&quot;:1,&quot;active&quot;:1,&quot;group&quot;:&quot;&quot;,&quot;bonded&quot;:[],&quot;error&quot;:&quot;None&quot;,&quot;con_stat&quot;:&quot;Connecting&quot;,&quot;bitrate&quot;:0,&quot;dest&quot;:&quot;bonded/bonded24&quot;}]}
Debug printing ------&gt;&gt;&gt; {&quot;custom_data&quot;:&quot;&quot;,&quot;msg&quot;:&quot;Output deleted.&quot;,&quot;error&quot;:&quot;&quot;,&quot;outs&quot;:[{&quot;mip&quot;:&quot;live_recording.ts&quot;,&quot;port&quot;:0,&quot;ip&quot;:&quot;file&quot;,&quot;in_name&quot;:&quot;feederoutputname&quot;,&quot;in_active&quot;:1,&quot;in_active_sources&quot;:0,&quot;prg_name&quot;:&quot;&quot;,&quot;prg_prov&quot;:&quot;&quot;,&quot;prg_num&quot;:1,&quot;chan&quot;:&quot;&quot;,&quot;chan_id&quot;:-1,&quot;id&quot;:&quot;zixi://10.7.0.66:2088/feederout&quot;,&quot;type&quot;:2,&quot;name&quot;:&quot;feederoutputname&quot;,&quot;asi&quot;:0,&quot;rtmp&quot;:0,&quot;file&quot;:1,&quot;active&quot;:1,&quot;group&quot;:&quot;&quot;,&quot;error&quot;:&quot;Authentication&quot;,&quot;con_stat&quot;:&quot;Disconnected&quot;,&quot;bitrate&quot;:0,&quot;dest&quot;:&quot;10.7.0.66:2088/feederout&quot;},{&quot;mip&quot;:&quot;4000.ts&quot;,&quot;port&quot;:0,&quot;ip&quot;:&quot;file&quot;,&quot;in_name&quot;:&quot;bond&quot;,&quot;in_active&quot;:1,&quot;in_active_sources&quot;:0,&quot;prg_name&quot;:&quot;&quot;,&quot;prg_prov&quot;:&quot;&quot;,&quot;prg_num&quot;:-1,&quot;chan&quot;:&quot;&quot;,&quot;chan_id&quot;:-1,&quot;id&quot;:&quot;zixi://bonded(bonded40)#10.7.0.66:2088@10.7.0.65,192.168.60.66:2088@192.168.50.65,192.168.5.166:2088@192.168.5.165&quot;,&quot;type&quot;:2,&quot;name&quot;:&quot;bond40&quot;,&quot;asi&quot;:0,&quot;rtmp&quot;:0,&quot;file&quot;:1,&quot;active&quot;:1,&quot;group&quot;:&quot;&quot;,&quot;bonded&quot;:[],&quot;error&quot;:&quot;Authentication&quot;,&quot;con_stat&quot;:&quot;Connecting&quot;,&quot;bitrate&quot;:0,&quot;dest&quot;:&quot;bonded/bonded40&quot;},{&quot;mip&quot;:&quot;4000.ts&quot;,&quot;port&quot;:0,&quot;ip&quot;:&quot;file&quot;,&quot;in_name&quot;:&quot;bond&quot;,&quot;in_active&quot;:1,&quot;in_active_sources&quot;:0,&quot;prg_name&quot;:&quot;&quot;,&quot;prg_prov&quot;:&quot;&quot;,&quot;prg_num&quot;:-1,&quot;chan&quot;:&quot;&quot;,&quot;chan_id&quot;:-1,&quot;id&quot;:&quot;zixi://bonded(bonded15)#10.7.0.66:2088@10.7.0.65,192.168.60.66:2088@192.168.50.65,192.168.5.166:2088@192.168.5.165&quot;,&quot;type&quot;:2,&quot;name&quot;:&quot;bond15&quot;,&quot;asi&quot;:0,&quot;rtmp&quot;:0,&quot;file&quot;:1,&quot;active&quot;:1,&quot;group&quot;:&quot;&quot;,&quot;bonded&quot;:[],&quot;error&quot;:&quot;Timeout&quot;,&quot;con_stat&quot;:&quot;Connecting&quot;,&quot;bitrate&quot;:0,&quot;dest&quot;:&quot;bonded/bonded15&quot;},{&quot;mip&quot;:&quot;4000.ts&quot;,&quot;port&quot;:0,&quot;ip&quot;:&quot;file&quot;,&quot;in_name&quot;:&quot;bond&quot;,&quot;in_active&quot;:1,&quot;in_active_sources&quot;:0,&quot;prg_name&quot;:&quot;&quot;,&quot;prg_prov&quot;:&quot;&quot;,&quot;prg_num&quot;:-1,&quot;chan&quot;:&quot;&quot;,&quot;chan_id&quot;:-1,&quot;id&quot;:&quot;zixi://bonded(bonded28)#10.7.0.66:2088@10.7.0.65,192.168.60.66:2088@192.168.50.65,192.168.5.166:2088@192.168.5.165&quot;,&quot;type&quot;:2,&quot;name&quot;:&quot;bond28&quot;,&quot;asi&quot;:0,&quot;rtmp&quot;:0,&quot;file&quot;:1,&quot;active&quot;:1,&quot;group&quot;:&quot;&quot;,&quot;bonded&quot;:[],&quot;error&quot;:&quot;None&quot;,&quot;con_stat&quot;:&quot;Connecting&quot;,&quot;bitrate&quot;:0,&quot;dest&quot;:&quot;bonded/bonded28&quot;},{&quot;mip&quot;:&quot;4000.ts&quot;,&quot;port&quot;:0,&quot;ip&quot;:&quot;file&quot;,&quot;in_name&quot;:&quot;bond&quot;,&quot;in_active&quot;:1,&quot;in_active_sources&quot;:0,&quot;prg_name&quot;:&quot;&quot;,&quot;prg_prov&quot;:&quot;&quot;,&quot;prg_num&quot;:-1,&quot;chan&quot;:&quot;&quot;,&quot;chan_id&quot;:-1,&quot;id&quot;:&quot;zixi://bonded(bonded25)#10.7.0.66:2088@10.7.0.65,192.168.60.66:2088@192.168.50.65,192.168.5.166:2088@192.168.5.165&quot;,&quot;type&quot;:2,&quot;name&quot;:&quot;bond25&quot;,&quot;asi&quot;:0,&quot;rtmp&quot;:0,&quot;file&quot;:1,&quot;active&quot;:1,&quot;group&quot;:&quot;&quot;,&quot;bonded&quot;:[],&quot;error&quot;:&quot;None&quot;,&quot;con_stat&quot;:&quot;Connecting&quot;,&quot;bitrate&quot;:0,&quot;dest&quot;:&quot;bonded/bonded25&quot;},{&quot;mip&quot;:&quot;4000.ts&quot;,&quot;port&quot;:0,&quot;ip&quot;:&quot;file&quot;,&quot;in_name&quot;:&quot;bond&quot;,&quot;in_active&quot;:1,&quot;in_active_sources&quot;:0,&quot;prg_name&quot;:&quot;&quot;,&quot;prg_prov&quot;:&quot;&quot;,&quot;prg_num&quot;:-1,&quot;chan&quot;:&quot;&quot;,&quot;chan_id&quot;:-1,&quot;id&quot;:&quot;zixi://bonded(bonded18)#10.7.0.66:2088@10.7.0.65,192.168.60.66:2088@192.168.50.65,192.168.5.166:2088@192.168.5.165&quot;,&quot;type&quot;:2,&quot;name&quot;:&quot;bond18&quot;,&quot;asi&quot;:0,&quot;rtmp&quot;:0,&quot;file&quot;:1,&quot;active&quot;:1,&quot;group&quot;:&quot;&quot;,&quot;bonded&quot;:[],&quot;error&quot;:&quot;Timeout&quot;,&quot;con_stat&quot;:&quot;Connecting&quot;,&quot;bitrate&quot;:0,&quot;dest&quot;:&quot;bonded/bonded18&quot;},{&quot;mip&quot;:&quot;4000.ts&quot;,&quot;port&quot;:0,&quot;ip&quot;:&quot;file&quot;,&quot;in_name&quot;:&quot;bond&quot;,&quot;in_active&quot;:1,&quot;in_active_sources&quot;:0,&quot;prg_name&quot;:&quot;&quot;,&quot;prg_prov&quot;:&quot;&quot;,&quot;prg_num&quot;:-1,&quot;chan&quot;:&quot;&quot;,&quot;chan_id&quot;:-1,&quot;id&quot;:&quot;zixi://bonded(bonded29)#10.7.0.66:2088@10.7.0.65,192.168.60.66:2088@192.168.50.65,192.168.5.166:2088@192.168.5.165&quot;,&quot;type&quot;:2,&quot;name&quot;:&quot;bond29&quot;,&quot;asi&quot;:0,&quot;rtmp&quot;:0,&quot;file&quot;:1,&quot;active&quot;:1,&quot;group&quot;:&quot;&quot;,&quot;bonded&quot;:[],&quot;error&quot;:&quot;None&quot;,&quot;con_stat&quot;:&quot;Connecting&quot;,&quot;bitrate&quot;:0,&quot;dest&quot;:&quot;bonded/bonded29&quot;},{&quot;mip&quot;:&quot;4000.ts&quot;,&quot;port&quot;:0,&quot;ip&quot;:&quot;file&quot;,&quot;in_name&quot;:&quot;bond&quot;,&quot;in_active&quot;:1,&quot;in_active_sources&quot;:0,&quot;prg_name&quot;:&quot;&quot;,&quot;prg_prov&quot;:&quot;&quot;,&quot;prg_num&quot;:-1,&quot;chan&quot;:&quot;&quot;,&quot;chan_id&quot;:-1,&quot;id&quot;:&quot;zixi://bonded(bonded39)#10.7.0.66:2088@10.7.0.65,192.168.60.66:2088@192.168.50.65,192.168.5.166:2088@192.168.5.165&quot;,&quot;type&quot;:2,&quot;name&quot;:&quot;bond39&quot;,&quot;asi&quot;:0,&quot;rtmp&quot;:0,&quot;file&quot;:1,&quot;active&quot;:1,&quot;group&quot;:&quot;&quot;,&quot;bonded&quot;:[],&quot;error&quot;:&quot;None&quot;,&quot;con_stat&quot;:&quot;Connecting&quot;,&quot;bitrate&quot;:0,&quot;dest&quot;:&quot;bonded/bonded39&quot;},{&quot;mip&quot;:&quot;4000.ts&quot;,&quot;port&quot;:0,&quot;ip&quot;:&quot;file&quot;,&quot;in_name&quot;:&quot;bond&quot;,&quot;in_active&quot;:1,&quot;in_active_sources&quot;:0,&quot;prg_name&quot;:&quot;&quot;,&quot;prg_prov&quot;:&quot;&quot;,&quot;prg_num&quot;:-1,&quot;chan&quot;:&quot;&quot;,&quot;chan_id&quot;:-1,&quot;id&quot;:&quot;zixi://bonded(bonded36)#10.7.0.66:2088@10.7.0.65,192.168.60.66:2088@192.168.50.65,192.168.5.166:2088@192.168.5.165&quot;,&quot;type&quot;:2,&quot;name&quot;:&quot;bond36&quot;,&quot;asi&quot;:0,&quot;rtmp&quot;:0,&quot;file&quot;:1,&quot;active&quot;:1,&quot;group&quot;:&quot;&quot;,&quot;bonded&quot;:[],&quot;error&quot;:&quot;Timeout&quot;,&quot;con_stat&quot;:&quot;Connecting&quot;,&quot;bitrate&quot;:0,&quot;dest&quot;:&quot;bonded/bonded36&quot;},{&quot;mip&quot;:&quot;4000.ts&quot;,&quot;port&quot;:0,&quot;ip&quot;:&quot;file&quot;,&quot;in_name&quot;:&quot;bond&quot;,&quot;in_active&quot;:1,&quot;in_active_sources&quot;:0,&quot;prg_name&quot;:&quot;&quot;,&quot;prg_prov&quot;:&quot;&quot;,&quot;prg_num&quot;:-1,&quot;chan&quot;:&quot;&quot;,&quot;chan_id&quot;:-1,&quot;id&quot;:&quot;zixi://bonded(bonded41)#10.7.0.66:2088@10.7.0.65,192.168.60.66:2088@192.168.50.65,192.168.5.166:2088@192.168.5.165&quot;,&quot;type&quot;:2,&quot;name&quot;:&quot;bond41&quot;,&quot;asi&quot;:0,&quot;rtmp&quot;:0,&quot;file&quot;:1,&quot;active&quot;:1,&quot;group&quot;:&quot;&quot;,&quot;bonded&quot;:[],&quot;error&quot;:&quot;Timeout&quot;,&quot;con_stat&quot;:&quot;Connecting&quot;,&quot;bitrate&quot;:0,&quot;dest&quot;:&quot;bonded/bonded41&quot;},{&quot;mip&quot;:&quot;4000.ts&quot;,&quot;port&quot;:0,&quot;ip&quot;:&quot;file&quot;,&quot;in_name&quot;:&quot;bond&quot;,&quot;in_active&quot;:1,&quot;in_active_sources&quot;:0,&quot;prg_name&quot;:&quot;&quot;,&quot;prg_prov&quot;:&quot;&quot;,&quot;prg_num&quot;:-1,&quot;chan&quot;:&quot;&quot;,&quot;chan_id&quot;:-1,&quot;id&quot;:&quot;zixi://bonded(bonded31)#10.7.0.66:2088@10.7.0.65,192.168.60.66:2088@192.168.50.65,192.168.5.166:2088@192.168.5.165&quot;,&quot;type&quot;:2,&quot;name&quot;:&quot;bond31&quot;,&quot;asi&quot;:0,&quot;rtmp&quot;:0,&quot;file&quot;:1,&quot;active&quot;:1,&quot;group&quot;:&quot;&quot;,&quot;bonded&quot;:[],&quot;error&quot;:&quot;Authentication&quot;,&quot;con_stat&quot;:&quot;Connecting&quot;,&quot;bitrate&quot;:0,&quot;dest&quot;:&quot;bonded/bonded31&quot;},{&quot;mip&quot;:&quot;4000.ts&quot;,&quot;port&quot;:0,&quot;ip&quot;:&quot;file&quot;,&quot;in_name&quot;:&quot;bond&quot;,&quot;in_active&quot;:1,&quot;in_active_sources&quot;:0,&quot;prg_name&quot;:&quot;&quot;,&quot;prg_prov&quot;:&quot;&quot;,&quot;prg_num&quot;:-1,&quot;chan&quot;:&quot;&quot;,&quot;chan_id&quot;:-1,&quot;id&quot;:&quot;zixi://bonded(bonded44)#10.7.0.66:2088@10.7.0.65,192.168.60.66:2088@192.168.50.65,192.168.5.166:2088@192.168.5.165&quot;,&quot;type&quot;:2,&quot;name&quot;:&quot;bond44&quot;,&quot;asi&quot;:0,&quot;rtmp&quot;:0,&quot;file&quot;:1,&quot;active&quot;:1,&quot;group&quot;:&quot;&quot;,&quot;bonded&quot;:[],&quot;error&quot;:&quot;None&quot;,&quot;con_stat&quot;:&quot;Connecting&quot;,&quot;bitrate&quot;:0,&quot;dest&quot;:&quot;bonded/bonded44&quot;},{&quot;mip&quot;:&quot;4000.ts&quot;,&quot;port&quot;:0,&quot;ip&quot;:&quot;file&quot;,&quot;in_name&quot;:&quot;bond&quot;,&quot;in_active&quot;:1,&quot;in_active_sources&quot;:0,&quot;prg_name&quot;:&quot;&quot;,&quot;prg_prov&quot;:&quot;&quot;,&quot;prg_num&quot;:-1,&quot;chan&quot;:&quot;&quot;,&quot;chan_id&quot;:-1,&quot;id&quot;:&quot;zixi://bonded(bonded24)#10.7.0.66:2088@10.7.0.65,192.168.60.66:2088@192.168.50.65,192.168.5.166:2088@192.168.5.165&quot;,&quot;type&quot;:2,&quot;name&quot;:&quot;bond24&quot;,&quot;asi&quot;:0,&quot;rtmp&quot;:0,&quot;file&quot;:1,&quot;active&quot;:1,&quot;group&quot;:&quot;&quot;,&quot;bonded&quot;:[],&quot;error&quot;:&quot;None&quot;,&quot;con_stat&quot;:&quot;Connecting&quot;,&quot;bitrate&quot;:0,&quot;dest&quot;:&quot;bonded/bonded24&quot;},{&quot;mip&quot;:&quot;4000.ts&quot;,&quot;port&quot;:0,&quot;ip&quot;:&quot;file&quot;,&quot;in_name&quot;:&quot;bond&quot;,&quot;in_active&quot;:1,&quot;in_active_sources&quot;:0,&quot;prg_name&quot;:&quot;&quot;,&quot;prg_prov&quot;:&quot;&quot;,&quot;prg_num&quot;:-1,&quot;chan&quot;:&quot;&quot;,&quot;chan_id&quot;:-1,&quot;id&quot;:&quot;zixi://bonded(bonded46)#10.7.0.66:2088@10.7.0.65,192.168.60.66:2088@192.168.50.65,192.168.5.166:2088@192.168.5.165&quot;,&quot;type&quot;:2,&quot;name&quot;:&quot;bond46&quot;,&quot;asi&quot;:0,&quot;rtmp&quot;:0,&quot;file&quot;:1,&quot;active&quot;:1,&quot;group&quot;:&quot;&quot;,&quot;bonded&quot;:[],&quot;error&quot;:&quot;Authentication&quot;,&quot;con_stat&quot;:&quot;Connecting&quot;,&quot;bitrate&quot;:0,&quot;dest&quot;:&quot;bonded/bonded46&quot;},{&quot;mip&quot;:&quot;4000.ts&quot;,&quot;port&quot;:0,&quot;ip&quot;:&quot;file&quot;,&quot;in_name&quot;:&quot;bond&quot;,&quot;in_active&quot;:1,&quot;in_active_sources&quot;:0,&quot;prg_name&quot;:&quot;&quot;,&quot;prg_prov&quot;:&quot;&quot;,&quot;prg_num&quot;:-1,&quot;chan&quot;:&quot;&quot;,&quot;chan_id&quot;:-1,&quot;id&quot;:&quot;zixi://bonded(bonded49)#10.7.0.66:2088@10.7.0.65,192.168.60.66:2088@192.168.50.65,192.168.5.166:2088@192.168.5.165&quot;,&quot;type&quot;:2,&quot;name&quot;:&quot;bond49&quot;,&quot;asi&quot;:0,&quot;rtmp&quot;:0,&quot;file&quot;:1,&quot;active&quot;:1,&quot;group&quot;:&quot;&quot;,&quot;bonded&quot;:[],&quot;error&quot;:&quot;Timeout&quot;,&quot;con_stat&quot;:&quot;Connecting&quot;,&quot;bitrate&quot;:0,&quot;dest&quot;:&quot;bonded/bonded49&quot;},{&quot;mip&quot;:&quot;4000.ts&quot;,&quot;port&quot;:0,&quot;ip&quot;:&quot;file&quot;,&quot;in_name&quot;:&quot;bond&quot;,&quot;in_active&quot;:1,&quot;in_active_sources&quot;:0,&quot;prg_name&quot;:&quot;&quot;,&quot;prg_prov&quot;:&quot;&quot;,&quot;prg_num&quot;:-1,&quot;chan&quot;:&quot;&quot;,&quot;chan_id&quot;:-1,&quot;id&quot;:&quot;zixi://bonded(bonded34)#10.7.0.66:2088@10.7.0.65,192.168.60.66:2088@192.168.50.65,192.168.5.166:2088@192.168.5.165&quot;,&quot;type&quot;:2,&quot;name&quot;:&quot;bond34&quot;,&quot;asi&quot;:0,&quot;rtmp&quot;:0,&quot;file&quot;:1,&quot;active&quot;:1,&quot;group&quot;:&quot;&quot;,&quot;bonded&quot;:[],&quot;error&quot;:&quot;Timeout&quot;,&quot;con_stat&quot;:&quot;Connecting&quot;,&quot;bitrate&quot;:0,&quot;dest&quot;:&quot;bonded/bonded34&quot;},{&quot;mip&quot;:&quot;4000.ts&quot;,&quot;port&quot;:0,&quot;ip&quot;:&quot;file&quot;,&quot;in_name&quot;:&quot;bond&quot;,&quot;in_active&quot;:1,&quot;in_active_sources&quot;:0,&quot;prg_name&quot;:&quot;&quot;,&quot;prg_prov&quot;:&quot;&quot;,&quot;prg_num&quot;:-1,&quot;chan&quot;:&quot;&quot;,&quot;chan_id&quot;:-1,&quot;id&quot;:&quot;zixi://bonded(bonded42)#10.7.0.66:2088@10.7.0.65,192.168.60.66:2088@192.168.50.65,192.168.5.166:2088@192.168.5.165&quot;,&quot;type&quot;:2,&quot;name&quot;:&quot;bond42&quot;,&quot;asi&quot;:0,&quot;rtmp&quot;:0,&quot;file&quot;:1,&quot;active&quot;:1,&quot;group&quot;:&quot;&quot;,&quot;bonded&quot;:[],&quot;error&quot;:&quot;Timeout&quot;,&quot;con_stat&quot;:&quot;Connecting&quot;,&quot;bitrate&quot;:0,&quot;dest&quot;:&quot;bonded/bonded42&quot;},{&quot;mip&quot;:&quot;4000.ts&quot;,&quot;port&quot;:0,&quot;ip&quot;:&quot;file&quot;,&quot;in_name&quot;:&quot;bond&quot;,&quot;in_active&quot;:1,&quot;in_active_sources&quot;:0,&quot;prg_name&quot;:&quot;&quot;,&quot;prg_prov&quot;:&quot;&quot;,&quot;prg_num&quot;:-1,&quot;chan&quot;:&quot;&quot;,&quot;chan_id&quot;:-1,&quot;id&quot;:&quot;zixi://bonded(bonded45)#10.7.0.66:2088@10.7.0.65,192.168.60.66:2088@192.168.50.65,192.168.5.166:2088@192.168.5.165&quot;,&quot;type&quot;:2,&quot;name&quot;:&quot;bond45&quot;,&quot;asi&quot;:0,&quot;rtmp&quot;:0,&quot;file&quot;:1,&quot;active&quot;:1,&quot;group&quot;:&quot;&quot;,&quot;bonded&quot;:[],&quot;error&quot;:&quot;Timeout&quot;,&quot;con_stat&quot;:&quot;Connecting&quot;,&quot;bitrate&quot;:0,&quot;dest&quot;:&quot;bonded/bonded45&quot;},{&quot;mip&quot;:&quot;4000.ts&quot;,&quot;port&quot;:0,&quot;ip&quot;:&quot;file&quot;,&quot;in_name&quot;:&quot;bond&quot;,&quot;in_active&quot;:1,&quot;in_active_sources&quot;:0,&quot;prg_name&quot;:&quot;&quot;,&quot;prg_prov&quot;:&quot;&quot;,&quot;prg_num&quot;:-1,&quot;chan&quot;:&quot;&quot;,&quot;chan_id&quot;:-1,&quot;id&quot;:&quot;zixi://bonded(bonded43)#10.7.0.66:2088@10.7.0.65,192.168.60.66:2088@192.168.50.65,192.168.5.166:2088@192.168.5.165&quot;,&quot;type&quot;:2,&quot;name&quot;:&quot;bond43&quot;,&quot;asi&quot;:0,&quot;rtmp&quot;:0,&quot;file&quot;:1,&quot;active&quot;:1,&quot;group&quot;:&quot;&quot;,&quot;bonded&quot;:[],&quot;error&quot;:&quot;Authentication&quot;,&quot;con_stat&quot;:&quot;Connecting&quot;,&quot;bitrate&quot;:0,&quot;dest&quot;:&quot;bonded/bonded43&quot;},{&quot;mip&quot;:&quot;4000.ts&quot;,&quot;port&quot;:0,&quot;ip&quot;:&quot;file&quot;,&quot;in_name&quot;:&quot;bond&quot;,&quot;in_active&quot;:1,&quot;in_active_sources&quot;:0,&quot;prg_name&quot;:&quot;&quot;,&quot;prg_prov&quot;:&quot;&quot;,&quot;prg_num&quot;:-1,&quot;chan&quot;:&quot;&quot;,&quot;chan_id&quot;:-1,&quot;id&quot;:&quot;zixi://bonded(bonded38)#10.7.0.66:2088@10.7.0.65,192.168.60.66:2088@192.168.50.65,192.168.5.166:2088@192.168.5.165&quot;,&quot;type&quot;:2,&quot;name&quot;:&quot;bond38&quot;,&quot;asi&quot;:0,&quot;rtmp&quot;:0,&quot;file&quot;:1,&quot;active&quot;:1,&quot;group&quot;:&quot;&quot;,&quot;bonded&quot;:[],&quot;error&quot;:&quot;Timeout&quot;,&quot;con_stat&quot;:&quot;Connecting&quot;,&quot;bitrate&quot;:0,&quot;dest&quot;:&quot;bonded/bonded38&quot;},{&quot;mip&quot;:&quot;4000.ts&quot;,&quot;port&quot;:0,&quot;ip&quot;:&quot;file&quot;,&quot;in_name&quot;:&quot;bond&quot;,&quot;in_active&quot;:1,&quot;in_active_sources&quot;:0,&quot;prg_name&quot;:&quot;&quot;,&quot;prg_prov&quot;:&quot;&quot;,&quot;prg_num&quot;:-1,&quot;chan&quot;:&quot;&quot;,&quot;chan_id&quot;:-1,&quot;id&quot;:&quot;zixi://bonded(bonded47)#10.7.0.66:2088@10.7.0.65,192.168.60.66:2088@192.168.50.65,192.168.5.166:2088@192.168.5.165&quot;,&quot;type&quot;:2,&quot;name&quot;:&quot;bond47&quot;,&quot;asi&quot;:0,&quot;rtmp&quot;:0,&quot;file&quot;:1,&quot;active&quot;:1,&quot;group&quot;:&quot;&quot;,&quot;bonded&quot;:[],&quot;error&quot;:&quot;Authentication&quot;,&quot;con_stat&quot;:&quot;Connecting&quot;,&quot;bitrate&quot;:0,&quot;dest&quot;:&quot;bonded/bonded47&quot;},{&quot;mip&quot;:&quot;4000.ts&quot;,&quot;port&quot;:0,&quot;ip&quot;:&quot;file&quot;,&quot;in_name&quot;:&quot;bond&quot;,&quot;in_active&quot;:1,&quot;in_active_sources&quot;:0,&quot;prg_name&quot;:&quot;&quot;,&quot;prg_prov&quot;:&quot;&quot;,&quot;prg_num&quot;:-1,&quot;chan&quot;:&quot;&quot;,&quot;chan_id&quot;:-1,&quot;id&quot;:&quot;zixi://bonded(bonded48)#10.7.0.66:2088@10.7.0.65,192.168.60.66:2088@192.168.50.65,192.168.5.166:2088@192.168.5.165&quot;,&quot;type&quot;:2,&quot;name&quot;:&quot;bond48&quot;,&quot;asi&quot;:0,&quot;rtmp&quot;:0,&quot;file&quot;:1,&quot;active&quot;:1,&quot;group&quot;:&quot;&quot;,&quot;bonded&quot;:[],&quot;error&quot;:&quot;Timeout&quot;,&quot;con_stat&quot;:&quot;Connecting&quot;,&quot;bitrate&quot;:0,&quot;dest&quot;:&quot;bonded/bonded48&quot;},{&quot;mip&quot;:&quot;4000.ts&quot;,&quot;port&quot;:0,&quot;ip&quot;:&quot;file&quot;,&quot;in_name&quot;:&quot;bond&quot;,&quot;in_active&quot;:1,&quot;in_active_sources&quot;:0,&quot;prg_name&quot;:&quot;&quot;,&quot;prg_prov&quot;:&quot;&quot;,&quot;prg_num&quot;:-1,&quot;chan&quot;:&quot;&quot;,&quot;chan_id&quot;:-1,&quot;id&quot;:&quot;zixi://bonded(bonded11)#10.7.0.66:2088@10.7.0.65,192.168.60.66:2088@192.168.50.65,192.168.5.166:2088@192.168.5.165&quot;,&quot;type&quot;:2,&quot;name&quot;:&quot;bond11&quot;,&quot;asi&quot;:0,&quot;rtmp&quot;:0,&quot;file&quot;:1,&quot;active&quot;:1,&quot;group&quot;:&quot;&quot;,&quot;bonded&quot;:[],&quot;error&quot;:&quot;None&quot;,&quot;con_stat&quot;:&quot;Connecting&quot;,&quot;bitrate&quot;:0,&quot;dest&quot;:&quot;bonded/bonded11&quot;},{&quot;mip&quot;:&quot;4000.ts&quot;,&quot;port&quot;:0,&quot;ip&quot;:&quot;file&quot;,&quot;in_name&quot;:&quot;bond&quot;,&quot;in_active&quot;:1,&quot;in_active_sources&quot;:0,&quot;prg_name&quot;:&quot;&quot;,&quot;prg_prov&quot;:&quot;&quot;,&quot;prg_num&quot;:-1,&quot;chan&quot;:&quot;&quot;,&quot;chan_id&quot;:-1,&quot;id&quot;:&quot;zixi://bonded(bonded6)#10.7.0.66:2088@10.7.0.65,192.168.60.66:2088@192.168.50.65,192.168.5.166:2088@192.168.5.165&quot;,&quot;type&quot;:2,&quot;name&quot;:&quot;bond6&quot;,&quot;asi&quot;:0,&quot;rtmp&quot;:0,&quot;file&quot;:1,&quot;active&quot;:1,&quot;group&quot;:&quot;&quot;,&quot;bonded&quot;:[],&quot;error&quot;:&quot;None&quot;,&quot;con_stat&quot;:&quot;Connecting&quot;,&quot;bitrate&quot;:0,&quot;dest&quot;:&quot;bonded/bonded6&quot;},{&quot;mip&quot;:&quot;4000.ts&quot;,&quot;port&quot;:0,&quot;ip&quot;:&quot;file&quot;,&quot;in_name&quot;:&quot;bond&quot;,&quot;in_active&quot;:1,&quot;in_active_sources&quot;:0,&quot;prg_name&quot;:&quot;&quot;,&quot;prg_prov&quot;:&quot;&quot;,&quot;prg_num&quot;:-1,&quot;chan&quot;:&quot;&quot;,&quot;chan_id&quot;:-1,&quot;id&quot;:&quot;zixi://bonded(bonded2)#10.7.0.66:2088@10.7.0.65,192.168.60.66:2088@192.168.50.65,192.168.5.166:2088@192.168.5.165&quot;,&quot;type&quot;:2,&quot;name&quot;:&quot;bond2&quot;,&quot;asi&quot;:0,&quot;rtmp&quot;:0,&quot;file&quot;:1,&quot;active&quot;:1,&quot;group&quot;:&quot;&quot;,&quot;bonded&quot;:[],&quot;error&quot;:&quot;None&quot;,&quot;con_stat&quot;:&quot;Connecting&quot;,&quot;bitrate&quot;:0,&quot;dest&quot;:&quot;bonded/bonded2&quot;},{&quot;mip&quot;:&quot;4000.ts&quot;,&quot;port&quot;:0,&quot;ip&quot;:&quot;file&quot;,&quot;in_name&quot;:&quot;bond&quot;,&quot;in_active&quot;:1,&quot;in_active_sources&quot;:0,&quot;prg_name&quot;:&quot;&quot;,&quot;prg_prov&quot;:&quot;&quot;,&quot;prg_num&quot;:-1,&quot;chan&quot;:&quot;&quot;,&quot;chan_id&quot;:-1,&quot;id&quot;:&quot;zixi://bonded(bonded1)#10.7.0.66:2088@10.7.0.65,192.168.60.66:2088@192.168.50.65,192.168.5.166:2088@192.168.5.165&quot;,&quot;type&quot;:2,&quot;name&quot;:&quot;bond1&quot;,&quot;asi&quot;:0,&quot;rtmp&quot;:0,&quot;file&quot;:1,&quot;active&quot;:1,&quot;group&quot;:&quot;&quot;,&quot;bonded&quot;:[],&quot;error&quot;:&quot;None&quot;,&quot;con_stat&quot;:&quot;Connecting&quot;,&quot;bitrate&quot;:0,&quot;dest&quot;:&quot;bonded/bonded1&quot;},{&quot;mip&quot;:&quot;4000.ts&quot;,&quot;port&quot;:0,&quot;ip&quot;:&quot;file&quot;,&quot;in_name&quot;:&quot;bond&quot;,&quot;in_active&quot;:1,&quot;in_active_sources&quot;:0,&quot;prg_name&quot;:&quot;&quot;,&quot;prg_prov&quot;:&quot;&quot;,&quot;prg_num&quot;:-1,&quot;chan&quot;:&quot;&quot;,&quot;chan_id&quot;:-1,&quot;id&quot;:&quot;zixi://bonded(bonded4)#10.7.0.66:2088@10.7.0.65,192.168.60.66:2088@192.168.50.65,192.168.5.166:2088@192.168.5.165&quot;,&quot;type&quot;:2,&quot;name&quot;:&quot;bond4&quot;,&quot;asi&quot;:0,&quot;rtmp&quot;:0,&quot;file&quot;:1,&quot;active&quot;:1,&quot;group&quot;:&quot;&quot;,&quot;bonded&quot;:[],&quot;error&quot;:&quot;Timeout&quot;,&quot;con_stat&quot;:&quot;Connecting&quot;,&quot;bitrate&quot;:0,&quot;dest&quot;:&quot;bonded/bonded4&quot;},{&quot;mip&quot;:&quot;4000.ts&quot;,&quot;port&quot;:0,&quot;ip&quot;:&quot;file&quot;,&quot;in_name&quot;:&quot;bond&quot;,&quot;in_active&quot;:1,&quot;in_active_sources&quot;:0,&quot;prg_name&quot;:&quot;&quot;,&quot;prg_prov&quot;:&quot;&quot;,&quot;prg_num&quot;:-1,&quot;chan&quot;:&quot;&quot;,&quot;chan_id&quot;:-1,&quot;id&quot;:&quot;zixi://bonded(bonded5)#10.7.0.66:2088@10.7.0.65,192.168.60.66:2088@192.168.50.65,192.168.5.166:2088@192.168.5.165&quot;,&quot;type&quot;:2,&quot;name&quot;:&quot;bond5&quot;,&quot;asi&quot;:0,&quot;rtmp&quot;:0,&quot;file&quot;:1,&quot;active&quot;:1,&quot;group&quot;:&quot;&quot;,&quot;bonded&quot;:[],&quot;error&quot;:&quot;None&quot;,&quot;con_stat&quot;:&quot;Connecting&quot;,&quot;bitrate&quot;:0,&quot;dest&quot;:&quot;bonded/bonded5&quot;},{&quot;mip&quot;:&quot;4000.ts&quot;,&quot;port&quot;:0,&quot;ip&quot;:&quot;file&quot;,&quot;in_name&quot;:&quot;bond&quot;,&quot;in_active&quot;:1,&quot;in_active_sources&quot;:0,&quot;prg_name&quot;:&quot;&quot;,&quot;prg_prov&quot;:&quot;&quot;,&quot;prg_num&quot;:-1,&quot;chan&quot;:&quot;&quot;,&quot;chan_id&quot;:-1,&quot;id&quot;:&quot;zixi://bonded(bonded9)#10.7.0.66:2088@10.7.0.65,192.168.60.66:2088@192.168.50.65,192.168.5.166:2088@192.168.5.165&quot;,&quot;type&quot;:2,&quot;name&quot;:&quot;bond9&quot;,&quot;asi&quot;:0,&quot;rtmp&quot;:0,&quot;file&quot;:1,&quot;active&quot;:1,&quot;group&quot;:&quot;&quot;,&quot;bonded&quot;:[],&quot;error&quot;:&quot;None&quot;,&quot;con_stat&quot;:&quot;Connecting&quot;,&quot;bitrate&quot;:0,&quot;dest&quot;:&quot;bonded/bonded9&quot;},{&quot;mip&quot;:&quot;4000.ts&quot;,&quot;port&quot;:0,&quot;ip&quot;:&quot;file&quot;,&quot;in_name&quot;:&quot;bond&quot;,&quot;in_active&quot;:1,&quot;in_active_sources&quot;:0,&quot;prg_name&quot;:&quot;&quot;,&quot;prg_prov&quot;:&quot;&quot;,&quot;prg_num&quot;:-1,&quot;chan&quot;:&quot;&quot;,&quot;chan_id&quot;:-1,&quot;id&quot;:&quot;zixi://bonded(bonded12)#10.7.0.66:2088@10.7.0.65,192.168.60.66:2088@192.168.50.65,192.168.5.166:2088@192.168.5.165&quot;,&quot;type&quot;:2,&quot;name&quot;:&quot;bond12&quot;,&quot;asi&quot;:0,&quot;rtmp&quot;:0,&quot;file&quot;:1,&quot;active&quot;:1,&quot;group&quot;:&quot;&quot;,&quot;bonded&quot;:[],&quot;error&quot;:&quot;None&quot;,&quot;con_stat&quot;:&quot;Connecting&quot;,&quot;bitrate&quot;:0,&quot;dest&quot;:&quot;bonded/bonded12&quot;},{&quot;mip&quot;:&quot;4000.ts&quot;,&quot;port&quot;:0,&quot;ip&quot;:&quot;file&quot;,&quot;in_name&quot;:&quot;bond&quot;,&quot;in_active&quot;:1,&quot;in_active_sources&quot;:0,&quot;prg_name&quot;:&quot;&quot;,&quot;prg_prov&quot;:&quot;&quot;,&quot;prg_num&quot;:-1,&quot;chan&quot;:&quot;&quot;,&quot;chan_id&quot;:-1,&quot;id&quot;:&quot;zixi://bonded(bonded10)#10.7.0.66:2088@10.7.0.65,192.168.60.66:2088@192.168.50.65,192.168.5.166:2088@192.168.5.165&quot;,&quot;type&quot;:2,&quot;name&quot;:&quot;bond10&quot;,&quot;asi&quot;:0,&quot;rtmp&quot;:0,&quot;file&quot;:1,&quot;active&quot;:1,&quot;group&quot;:&quot;&quot;,&quot;bonded&quot;:[],&quot;error&quot;:&quot;Authentication&quot;,&quot;con_stat&quot;:&quot;Connecting&quot;,&quot;bitrate&quot;:0,&quot;dest&quot;:&quot;bonded/bonded10&quot;},{&quot;mip&quot;:&quot;4000.ts&quot;,&quot;port&quot;:0,&quot;ip&quot;:&quot;file&quot;,&quot;in_name&quot;:&quot;bond&quot;,&quot;in_active&quot;:1,&quot;in_active_sources&quot;:0,&quot;prg_name&quot;:&quot;&quot;,&quot;prg_prov&quot;:&quot;&quot;,&quot;prg_num&quot;:-1,&quot;chan&quot;:&quot;&quot;,&quot;chan_id&quot;:-1,&quot;id&quot;:&quot;zixi://bonded(bonded13)#10.7.0.66:2088@10.7.0.65,192.168.60.66:2088@192.168.50.65,192.168.5.166:2088@192.168.5.165&quot;,&quot;type&quot;:2,&quot;name&quot;:&quot;bond13&quot;,&quot;asi&quot;:0,&quot;rtmp&quot;:0,&quot;file&quot;:1,&quot;active&quot;:1,&quot;group&quot;:&quot;&quot;,&quot;bonded&quot;:[],&quot;error&quot;:&quot;None&quot;,&quot;con_stat&quot;:&quot;Connecting&quot;,&quot;bitrate&quot;:0,&quot;dest&quot;:&quot;bonded/bonded13&quot;},{&quot;mip&quot;:&quot;4000.ts&quot;,&quot;port&quot;:0,&quot;ip&quot;:&quot;file&quot;,&quot;in_name&quot;:&quot;bond&quot;,&quot;in_active&quot;:1,&quot;in_active_sources&quot;:0,&quot;prg_name&quot;:&quot;&quot;,&quot;prg_prov&quot;:&quot;&quot;,&quot;prg_num&quot;:-1,&quot;chan&quot;:&quot;&quot;,&quot;chan_id&quot;:-1,&quot;id&quot;:&quot;zixi://bonded(bonded3)#10.7.0.66:2088@10.7.0.65,192.168.60.66:2088@192.168.50.65,192.168.5.166:2088@192.168.5.165&quot;,&quot;type&quot;:2,&quot;name&quot;:&quot;bond3&quot;,&quot;asi&quot;:0,&quot;rtmp&quot;:0,&quot;file&quot;:1,&quot;active&quot;:1,&quot;group&quot;:&quot;&quot;,&quot;bonded&quot;:[],&quot;error&quot;:&quot;None&quot;,&quot;con_stat&quot;:&quot;Connecting&quot;,&quot;bitrate&quot;:0,&quot;dest&quot;:&quot;bonded/bonded3&quot;},{&quot;mip&quot;:&quot;4000.ts&quot;,&quot;port&quot;:0,&quot;ip&quot;:&quot;file&quot;,&quot;in_name&quot;:&quot;bond&quot;,&quot;in_active&quot;:1,&quot;in_active_sources&quot;:0,&quot;prg_name&quot;:&quot;&quot;,&quot;prg_prov&quot;:&quot;&quot;,&quot;prg_num&quot;:-1,&quot;chan&quot;:&quot;&quot;,&quot;chan_id&quot;:-1,&quot;id&quot;:&quot;zixi://bonded(bonded7)#10.7.0.66:2088@10.7.0.65,192.168.60.66:2088@192.168.50.65,192.168.5.166:2088@192.168.5.165&quot;,&quot;type&quot;:2,&quot;name&quot;:&quot;bond7&quot;,&quot;asi&quot;:0,&quot;rtmp&quot;:0,&quot;file&quot;:1,&quot;active&quot;:1,&quot;group&quot;:&quot;&quot;,&quot;bonded&quot;:[],&quot;error&quot;:&quot;None&quot;,&quot;con_stat&quot;:&quot;Connecting&quot;,&quot;bitrate&quot;:0,&quot;dest&quot;:&quot;bonded/bonded7&quot;},{&quot;mip&quot;:&quot;4000.ts&quot;,&quot;port&quot;:0,&quot;ip&quot;:&quot;file&quot;,&quot;in_name&quot;:&quot;bond&quot;,&quot;in_active&quot;:1,&quot;in_active_sources&quot;:0,&quot;prg_name&quot;:&quot;&quot;,&quot;prg_prov&quot;:&quot;&quot;,&quot;prg_num&quot;:-1,&quot;chan&quot;:&quot;&quot;,&quot;chan_id&quot;:-1,&quot;id&quot;:&quot;zixi://bonded(bonded14)#10.7.0.66:2088@10.7.0.65,192.168.60.66:2088@192.168.50.65,192.168.5.166:2088@192.168.5.165&quot;,&quot;type&quot;:2,&quot;name&quot;:&quot;bond14&quot;,&quot;asi&quot;:0,&quot;rtmp&quot;:0,&quot;file&quot;:1,&quot;active&quot;:1,&quot;group&quot;:&quot;&quot;,&quot;bonded&quot;:[],&quot;error&quot;:&quot;Timeout&quot;,&quot;con_stat&quot;:&quot;Connecting&quot;,&quot;bitrate&quot;:0,&quot;dest&quot;:&quot;bonded/bonded14&quot;},{&quot;mip&quot;:&quot;4000.ts&quot;,&quot;port&quot;:0,&quot;ip&quot;:&quot;file&quot;,&quot;in_name&quot;:&quot;bond&quot;,&quot;in_active&quot;:1,&quot;in_active_sources&quot;:0,&quot;prg_name&quot;:&quot;&quot;,&quot;prg_prov&quot;:&quot;&quot;,&quot;prg_num&quot;:-1,&quot;chan&quot;:&quot;&quot;,&quot;chan_id&quot;:-1,&quot;id&quot;:&quot;zixi://bonded(bonded0)#10.7.0.66:2088@10.7.0.65,192.168.60.66:2088@192.168.50.65,192.168.5.166:2088@192.168.5.165&quot;,&quot;type&quot;:2,&quot;name&quot;:&quot;bond0&quot;,&quot;asi&quot;:0,&quot;rtmp&quot;:0,&quot;file&quot;:1,&quot;active&quot;:1,&quot;group&quot;:&quot;&quot;,&quot;bonded&quot;:[],&quot;error&quot;:&quot;None&quot;,&quot;con_stat&quot;:&quot;Connecting&quot;,&quot;bitrate&quot;:0,&quot;dest&quot;:&quot;bonded/bonded0&quot;},{&quot;mip&quot;:&quot;4000.ts&quot;,&quot;port&quot;:0,&quot;ip&quot;:&quot;file&quot;,&quot;in_name&quot;:&quot;bond&quot;,&quot;in_active&quot;:1,&quot;in_active_sources&quot;:0,&quot;prg_name&quot;:&quot;&quot;,&quot;prg_prov&quot;:&quot;&quot;,&quot;prg_num&quot;:-1,&quot;chan&quot;:&quot;&quot;,&quot;chan_id&quot;:-1,&quot;id&quot;:&quot;zixi://bonded(bonded19)#10.7.0.66:2088@10.7.0.65,192.168.60.66:2088@192.168.50.65,192.168.5.166:2088@192.168.5.165&quot;,&quot;type&quot;:2,&quot;name&quot;:&quot;bond19&quot;,&quot;asi&quot;:0,&quot;rtmp&quot;:0,&quot;file&quot;:1,&quot;active&quot;:1,&quot;group&quot;:&quot;&quot;,&quot;bonded&quot;:[],&quot;error&quot;:&quot;None&quot;,&quot;con_stat&quot;:&quot;Connecting&quot;,&quot;bitrate&quot;:0,&quot;dest&quot;:&quot;bonded/bonded19&quot;},{&quot;mip&quot;:&quot;4000.ts&quot;,&quot;port&quot;:0,&quot;ip&quot;:&quot;file&quot;,&quot;in_name&quot;:&quot;bond&quot;,&quot;in_active&quot;:1,&quot;in_active_sources&quot;:0,&quot;prg_name&quot;:&quot;&quot;,&quot;prg_prov&quot;:&quot;&quot;,&quot;prg_num&quot;:-1,&quot;chan&quot;:&quot;&quot;,&quot;chan_id&quot;:-1,&quot;id&quot;:&quot;zixi://bonded(bonded16)#10.7.0.66:2088@10.7.0.65,192.168.60.66:2088@192.168.50.65,192.168.5.166:2088@192.168.5.165&quot;,&quot;type&quot;:2,&quot;name&quot;:&quot;bond16&quot;,&quot;asi&quot;:0,&quot;rtmp&quot;:0,&quot;file&quot;:1,&quot;active&quot;:1,&quot;group&quot;:&quot;&quot;,&quot;bonded&quot;:[],&quot;error&quot;:&quot;None&quot;,&quot;con_stat&quot;:&quot;Connecting&quot;,&quot;bitrate&quot;:0,&quot;dest&quot;:&quot;bonded/bonded16&quot;},{&quot;mip&quot;:&quot;4000.ts&quot;,&quot;port&quot;:0,&quot;ip&quot;:&quot;file&quot;,&quot;in_name&quot;:&quot;bond&quot;,&quot;in_active&quot;:1,&quot;in_active_sources&quot;:0,&quot;prg_name&quot;:&quot;&quot;,&quot;prg_prov&quot;:&quot;&quot;,&quot;prg_num&quot;:-1,&quot;chan&quot;:&quot;&quot;,&quot;chan_id&quot;:-1,&quot;id&quot;:&quot;zixi://bonded(bonded20)#10.7.0.66:2088@10.7.0.65,192.168.60.66:2088@192.168.50.65,192.168.5.166:2088@192.168.5.165&quot;,&quot;type&quot;:2,&quot;name&quot;:&quot;bond20&quot;,&quot;asi&quot;:0,&quot;rtmp&quot;:0,&quot;file&quot;:1,&quot;active&quot;:1,&quot;group&quot;:&quot;&quot;,&quot;bonded&quot;:[],&quot;error&quot;:&quot;Timeout&quot;,&quot;con_stat&quot;:&quot;Connecting&quot;,&quot;bitrate&quot;:0,&quot;dest&quot;:&quot;bonded/bonded20&quot;},{&quot;mip&quot;:&quot;4000.ts&quot;,&quot;port&quot;:0,&quot;ip&quot;:&quot;file&quot;,&quot;in_name&quot;:&quot;bond&quot;,&quot;in_active&quot;:1,&quot;in_active_sources&quot;:0,&quot;prg_name&quot;:&quot;&quot;,&quot;prg_prov&quot;:&quot;&quot;,&quot;prg_num&quot;:-1,&quot;chan&quot;:&quot;&quot;,&quot;chan_id&quot;:-1,&quot;id&quot;:&quot;zixi://bonded(bonded8)#10.7.0.66:2088@10.7.0.65,192.168.60.66:2088@192.168.50.65,192.168.5.166:2088@192.168.5.165&quot;,&quot;type&quot;:2,&quot;name&quot;:&quot;bond8&quot;,&quot;asi&quot;:0,&quot;rtmp&quot;:0,&quot;file&quot;:1,&quot;active&quot;:1,&quot;group&quot;:&quot;&quot;,&quot;bonded&quot;:[],&quot;error&quot;:&quot;None&quot;,&quot;con_stat&quot;:&quot;Connecting&quot;,&quot;bitrate&quot;:0,&quot;dest&quot;:&quot;bonded/bonded8&quot;},{&quot;mip&quot;:&quot;4000.ts&quot;,&quot;port&quot;:0,&quot;ip&quot;:&quot;file&quot;,&quot;in_name&quot;:&quot;bond&quot;,&quot;in_active&quot;:1,&quot;in_active_sources&quot;:0,&quot;prg_name&quot;:&quot;&quot;,&quot;prg_prov&quot;:&quot;&quot;,&quot;prg_num&quot;:-1,&quot;chan&quot;:&quot;&quot;,&quot;chan_id&quot;:-1,&quot;id&quot;:&quot;zixi://bonded(bonded23)#10.7.0.66:2088@10.7.0.65,192.168.60.66:2088@192.168.50.65,192.168.5.166:2088@192.168.5.165&quot;,&quot;type&quot;:2,&quot;name&quot;:&quot;bond23&quot;,&quot;asi&quot;:0,&quot;rtmp&quot;:0,&quot;file&quot;:1,&quot;active&quot;:1,&quot;group&quot;:&quot;&quot;,&quot;bonded&quot;:[],&quot;error&quot;:&quot;None&quot;,&quot;con_stat&quot;:&quot;Connecting&quot;,&quot;bitrate&quot;:0,&quot;dest&quot;:&quot;bonded/bonded23&quot;},{&quot;mip&quot;:&quot;4000.ts&quot;,&quot;port&quot;:0,&quot;ip&quot;:&quot;file&quot;,&quot;in_name&quot;:&quot;bond&quot;,&quot;in_active&quot;:1,&quot;in_active_sources&quot;:0,&quot;prg_name&quot;:&quot;&quot;,&quot;prg_prov&quot;:&quot;&quot;,&quot;prg_num&quot;:-1,&quot;chan&quot;:&quot;&quot;,&quot;chan_id&quot;:-1,&quot;id&quot;:&quot;zixi://bonded(bonded17)#10.7.0.66:2088@10.7.0.65,192.168.60.66:2088@192.168.50.65,192.168.5.166:2088@192.168.5.165&quot;,&quot;type&quot;:2,&quot;name&quot;:&quot;bond17&quot;,&quot;asi&quot;:0,&quot;rtmp&quot;:0,&quot;file&quot;:1,&quot;active&quot;:1,&quot;group&quot;:&quot;&quot;,&quot;bonded&quot;:[],&quot;error&quot;:&quot;None&quot;,&quot;con_stat&quot;:&quot;Connecting&quot;,&quot;bitrate&quot;:0,&quot;dest&quot;:&quot;bonded/bonded17&quot;}]}
Debug printing ------&gt;&gt;&gt; {&quot;custom_data&quot;:&quot;&quot;,&quot;msg&quot;:&quot;Output deleted.&quot;,&quot;error&quot;:&quot;&quot;,&quot;outs&quot;:[{&quot;mip&quot;:&quot;live_recording.ts&quot;,&quot;port&quot;:0,&quot;ip&quot;:&quot;file&quot;,&quot;in_name&quot;:&quot;feederoutputname&quot;,&quot;in_active&quot;:1,&quot;in_active_sources&quot;:0,&quot;prg_name&quot;:&quot;&quot;,&quot;prg_prov&quot;:&quot;&quot;,&quot;prg_num&quot;:1,&quot;chan&quot;:&quot;&quot;,&quot;chan_id&quot;:-1,&quot;id&quot;:&quot;zixi://10.7.0.66:2088/feederout&quot;,&quot;type&quot;:2,&quot;name&quot;:&quot;feederoutputname&quot;,&quot;asi&quot;:0,&quot;rtmp&quot;:0,&quot;file&quot;:1,&quot;active&quot;:1,&quot;group&quot;:&quot;&quot;,&quot;error&quot;:&quot;Authentication&quot;,&quot;con_stat&quot;:&quot;Disconnected&quot;,&quot;bitrate&quot;:0,&quot;dest&quot;:&quot;10.7.0.66:2088/feederout&quot;},{&quot;mip&quot;:&quot;4000.ts&quot;,&quot;port&quot;:0,&quot;ip&quot;:&quot;file&quot;,&quot;in_name&quot;:&quot;bond&quot;,&quot;in_active&quot;:1,&quot;in_active_sources&quot;:0,&quot;prg_name&quot;:&quot;&quot;,&quot;prg_prov&quot;:&quot;&quot;,&quot;prg_num&quot;:-1,&quot;chan&quot;:&quot;&quot;,&quot;chan_id&quot;:-1,&quot;id&quot;:&quot;zixi://bonded(bonded40)#10.7.0.66:2088@10.7.0.65,192.168.60.66:2088@192.168.50.65,192.168.5.166:2088@192.168.5.165&quot;,&quot;type&quot;:2,&quot;name&quot;:&quot;bond40&quot;,&quot;asi&quot;:0,&quot;rtmp&quot;:0,&quot;file&quot;:1,&quot;active&quot;:1,&quot;group&quot;:&quot;&quot;,&quot;bonded&quot;:[],&quot;error&quot;:&quot;Authentication&quot;,&quot;con_stat&quot;:&quot;Connecting&quot;,&quot;bitrate&quot;:0,&quot;dest&quot;:&quot;bonded/bonded40&quot;},{&quot;mip&quot;:&quot;4000.ts&quot;,&quot;port&quot;:0,&quot;ip&quot;:&quot;file&quot;,&quot;in_name&quot;:&quot;bond&quot;,&quot;in_active&quot;:1,&quot;in_active_sources&quot;:0,&quot;prg_name&quot;:&quot;&quot;,&quot;prg_prov&quot;:&quot;&quot;,&quot;prg_num&quot;:-1,&quot;chan&quot;:&quot;&quot;,&quot;chan_id&quot;:-1,&quot;id&quot;:&quot;zixi://bonded(bonded15)#10.7.0.66:2088@10.7.0.65,192.168.60.66:2088@192.168.50.65,192.168.5.166:2088@192.168.5.165&quot;,&quot;type&quot;:2,&quot;name&quot;:&quot;bond15&quot;,&quot;asi&quot;:0,&quot;rtmp&quot;:0,&quot;file&quot;:1,&quot;active&quot;:1,&quot;group&quot;:&quot;&quot;,&quot;bonded&quot;:[],&quot;error&quot;:&quot;Timeout&quot;,&quot;con_stat&quot;:&quot;Connecting&quot;,&quot;bitrate&quot;:0,&quot;dest&quot;:&quot;bonded/bonded15&quot;},{&quot;mip&quot;:&quot;4000.ts&quot;,&quot;port&quot;:0,&quot;ip&quot;:&quot;file&quot;,&quot;in_name&quot;:&quot;bond&quot;,&quot;in_active&quot;:1,&quot;in_active_sources&quot;:0,&quot;prg_name&quot;:&quot;&quot;,&quot;prg_prov&quot;:&quot;&quot;,&quot;prg_num&quot;:-1,&quot;chan&quot;:&quot;&quot;,&quot;chan_id&quot;:-1,&quot;id&quot;:&quot;zixi://bonded(bonded28)#10.7.0.66:2088@10.7.0.65,192.168.60.66:2088@192.168.50.65,192.168.5.166:2088@192.168.5.165&quot;,&quot;type&quot;:2,&quot;name&quot;:&quot;bond28&quot;,&quot;asi&quot;:0,&quot;rtmp&quot;:0,&quot;file&quot;:1,&quot;active&quot;:1,&quot;group&quot;:&quot;&quot;,&quot;bonded&quot;:[],&quot;error&quot;:&quot;None&quot;,&quot;con_stat&quot;:&quot;Connecting&quot;,&quot;bitrate&quot;:0,&quot;dest&quot;:&quot;bonded/bonded28&quot;},{&quot;mip&quot;:&quot;4000.ts&quot;,&quot;port&quot;:0,&quot;ip&quot;:&quot;file&quot;,&quot;in_name&quot;:&quot;bond&quot;,&quot;in_active&quot;:1,&quot;in_active_sources&quot;:0,&quot;prg_name&quot;:&quot;&quot;,&quot;prg_prov&quot;:&quot;&quot;,&quot;prg_num&quot;:-1,&quot;chan&quot;:&quot;&quot;,&quot;chan_id&quot;:-1,&quot;id&quot;:&quot;zixi://bonded(bonded25)#10.7.0.66:2088@10.7.0.65,192.168.60.66:2088@192.168.50.65,192.168.5.166:2088@192.168.5.165&quot;,&quot;type&quot;:2,&quot;name&quot;:&quot;bond25&quot;,&quot;asi&quot;:0,&quot;rtmp&quot;:0,&quot;file&quot;:1,&quot;active&quot;:1,&quot;group&quot;:&quot;&quot;,&quot;bonded&quot;:[],&quot;error&quot;:&quot;None&quot;,&quot;con_stat&quot;:&quot;Connecting&quot;,&quot;bitrate&quot;:0,&quot;dest&quot;:&quot;bonded/bonded25&quot;},{&quot;mip&quot;:&quot;4000.ts&quot;,&quot;port&quot;:0,&quot;ip&quot;:&quot;file&quot;,&quot;in_name&quot;:&quot;bond&quot;,&quot;in_active&quot;:1,&quot;in_active_sources&quot;:0,&quot;prg_name&quot;:&quot;&quot;,&quot;prg_prov&quot;:&quot;&quot;,&quot;prg_num&quot;:-1,&quot;chan&quot;:&quot;&quot;,&quot;chan_id&quot;:-1,&quot;id&quot;:&quot;zixi://bonded(bonded18)#10.7.0.66:2088@10.7.0.65,192.168.60.66:2088@192.168.50.65,192.168.5.166:2088@192.168.5.165&quot;,&quot;type&quot;:2,&quot;name&quot;:&quot;bond18&quot;,&quot;asi&quot;:0,&quot;rtmp&quot;:0,&quot;file&quot;:1,&quot;active&quot;:1,&quot;group&quot;:&quot;&quot;,&quot;bonded&quot;:[],&quot;error&quot;:&quot;Timeout&quot;,&quot;con_stat&quot;:&quot;Connecting&quot;,&quot;bitrate&quot;:0,&quot;dest&quot;:&quot;bonded/bonded18&quot;},{&quot;mip&quot;:&quot;4000.ts&quot;,&quot;port&quot;:0,&quot;ip&quot;:&quot;file&quot;,&quot;in_name&quot;:&quot;bond&quot;,&quot;in_active&quot;:1,&quot;in_active_sources&quot;:0,&quot;prg_name&quot;:&quot;&quot;,&quot;prg_prov&quot;:&quot;&quot;,&quot;prg_num&quot;:-1,&quot;chan&quot;:&quot;&quot;,&quot;chan_id&quot;:-1,&quot;id&quot;:&quot;zixi://bonded(bonded29)#10.7.0.66:2088@10.7.0.65,192.168.60.66:2088@192.168.50.65,192.168.5.166:2088@192.168.5.165&quot;,&quot;type&quot;:2,&quot;name&quot;:&quot;bond29&quot;,&quot;asi&quot;:0,&quot;rtmp&quot;:0,&quot;file&quot;:1,&quot;active&quot;:1,&quot;group&quot;:&quot;&quot;,&quot;bonded&quot;:[],&quot;error&quot;:&quot;None&quot;,&quot;con_stat&quot;:&quot;Connecting&quot;,&quot;bitrate&quot;:0,&quot;dest&quot;:&quot;bonded/bonded29&quot;},{&quot;mip&quot;:&quot;4000.ts&quot;,&quot;port&quot;:0,&quot;ip&quot;:&quot;file&quot;,&quot;in_name&quot;:&quot;bond&quot;,&quot;in_active&quot;:1,&quot;in_active_sources&quot;:0,&quot;prg_name&quot;:&quot;&quot;,&quot;prg_prov&quot;:&quot;&quot;,&quot;prg_num&quot;:-1,&quot;chan&quot;:&quot;&quot;,&quot;chan_id&quot;:-1,&quot;id&quot;:&quot;zixi://bonded(bonded36)#10.7.0.66:2088@10.7.0.65,192.168.60.66:2088@192.168.50.65,192.168.5.166:2088@192.168.5.165&quot;,&quot;type&quot;:2,&quot;name&quot;:&quot;bond36&quot;,&quot;asi&quot;:0,&quot;rtmp&quot;:0,&quot;file&quot;:1,&quot;active&quot;:1,&quot;group&quot;:&quot;&quot;,&quot;bonded&quot;:[],&quot;error&quot;:&quot;Timeout&quot;,&quot;con_stat&quot;:&quot;Connecting&quot;,&quot;bitrate&quot;:0,&quot;dest&quot;:&quot;bonded/bonded36&quot;},{&quot;mip&quot;:&quot;4000.ts&quot;,&quot;port&quot;:0,&quot;ip&quot;:&quot;file&quot;,&quot;in_name&quot;:&quot;bond&quot;,&quot;in_active&quot;:1,&quot;in_active_sources&quot;:0,&quot;prg_name&quot;:&quot;&quot;,&quot;prg_prov&quot;:&quot;&quot;,&quot;prg_num&quot;:-1,&quot;chan&quot;:&quot;&quot;,&quot;chan_id&quot;:-1,&quot;id&quot;:&quot;zixi://bonded(bonded41)#10.7.0.66:2088@10.7.0.65,192.168.60.66:2088@192.168.50.65,192.168.5.166:2088@192.168.5.165&quot;,&quot;type&quot;:2,&quot;name&quot;:&quot;bond41&quot;,&quot;asi&quot;:0,&quot;rtmp&quot;:0,&quot;file&quot;:1,&quot;active&quot;:1,&quot;group&quot;:&quot;&quot;,&quot;bonded&quot;:[],&quot;error&quot;:&quot;Timeout&quot;,&quot;con_stat&quot;:&quot;Connecting&quot;,&quot;bitrate&quot;:0,&quot;dest&quot;:&quot;bonded/bonded41&quot;},{&quot;mip&quot;:&quot;4000.ts&quot;,&quot;port&quot;:0,&quot;ip&quot;:&quot;file&quot;,&quot;in_name&quot;:&quot;bond&quot;,&quot;in_active&quot;:1,&quot;in_active_sources&quot;:0,&quot;prg_name&quot;:&quot;&quot;,&quot;prg_prov&quot;:&quot;&quot;,&quot;prg_num&quot;:-1,&quot;chan&quot;:&quot;&quot;,&quot;chan_id&quot;:-1,&quot;id&quot;:&quot;zixi://bonded(bonded31)#10.7.0.66:2088@10.7.0.65,192.168.60.66:2088@192.168.50.65,192.168.5.166:2088@192.168.5.165&quot;,&quot;type&quot;:2,&quot;name&quot;:&quot;bond31&quot;,&quot;asi&quot;:0,&quot;rtmp&quot;:0,&quot;file&quot;:1,&quot;active&quot;:1,&quot;group&quot;:&quot;&quot;,&quot;bonded&quot;:[],&quot;error&quot;:&quot;Authentication&quot;,&quot;con_stat&quot;:&quot;Connecting&quot;,&quot;bitrate&quot;:0,&quot;dest&quot;:&quot;bonded/bonded31&quot;},{&quot;mip&quot;:&quot;4000.ts&quot;,&quot;port&quot;:0,&quot;ip&quot;:&quot;file&quot;,&quot;in_name&quot;:&quot;bond&quot;,&quot;in_active&quot;:1,&quot;in_active_sources&quot;:0,&quot;prg_name&quot;:&quot;&quot;,&quot;prg_prov&quot;:&quot;&quot;,&quot;prg_num&quot;:-1,&quot;chan&quot;:&quot;&quot;,&quot;chan_id&quot;:-1,&quot;id&quot;:&quot;zixi://bonded(bonded44)#10.7.0.66:2088@10.7.0.65,192.168.60.66:2088@192.168.50.65,192.168.5.166:2088@192.168.5.165&quot;,&quot;type&quot;:2,&quot;name&quot;:&quot;bond44&quot;,&quot;asi&quot;:0,&quot;rtmp&quot;:0,&quot;file&quot;:1,&quot;active&quot;:1,&quot;group&quot;:&quot;&quot;,&quot;bonded&quot;:[],&quot;error&quot;:&quot;None&quot;,&quot;con_stat&quot;:&quot;Connecting&quot;,&quot;bitrate&quot;:0,&quot;dest&quot;:&quot;bonded/bonded44&quot;},{&quot;mip&quot;:&quot;4000.ts&quot;,&quot;port&quot;:0,&quot;ip&quot;:&quot;file&quot;,&quot;in_name&quot;:&quot;bond&quot;,&quot;in_active&quot;:1,&quot;in_active_sources&quot;:0,&quot;prg_name&quot;:&quot;&quot;,&quot;prg_prov&quot;:&quot;&quot;,&quot;prg_num&quot;:-1,&quot;chan&quot;:&quot;&quot;,&quot;chan_id&quot;:-1,&quot;id&quot;:&quot;zixi://bonded(bonded24)#10.7.0.66:2088@10.7.0.65,192.168.60.66:2088@192.168.50.65,192.168.5.166:2088@192.168.5.165&quot;,&quot;type&quot;:2,&quot;name&quot;:&quot;bond24&quot;,&quot;asi&quot;:0,&quot;rtmp&quot;:0,&quot;file&quot;:1,&quot;active&quot;:1,&quot;group&quot;:&quot;&quot;,&quot;bonded&quot;:[],&quot;error&quot;:&quot;None&quot;,&quot;con_stat&quot;:&quot;Connecting&quot;,&quot;bitrate&quot;:0,&quot;dest&quot;:&quot;bonded/bonded24&quot;},{&quot;mip&quot;:&quot;4000.ts&quot;,&quot;port&quot;:0,&quot;ip&quot;:&quot;file&quot;,&quot;in_name&quot;:&quot;bond&quot;,&quot;in_active&quot;:1,&quot;in_active_sources&quot;:0,&quot;prg_name&quot;:&quot;&quot;,&quot;prg_prov&quot;:&quot;&quot;,&quot;prg_num&quot;:-1,&quot;chan&quot;:&quot;&quot;,&quot;chan_id&quot;:-1,&quot;id&quot;:&quot;zixi://bonded(bonded46)#10.7.0.66:2088@10.7.0.65,192.168.60.66:2088@192.168.50.65,192.168.5.166:2088@192.168.5.165&quot;,&quot;type&quot;:2,&quot;name&quot;:&quot;bond46&quot;,&quot;asi&quot;:0,&quot;rtmp&quot;:0,&quot;file&quot;:1,&quot;active&quot;:1,&quot;group&quot;:&quot;&quot;,&quot;bonded&quot;:[],&quot;error&quot;:&quot;Authentication&quot;,&quot;con_stat&quot;:&quot;Connecting&quot;,&quot;bitrate&quot;:0,&quot;dest&quot;:&quot;bonded/bonded46&quot;},{&quot;mip&quot;:&quot;4000.ts&quot;,&quot;port&quot;:0,&quot;ip&quot;:&quot;file&quot;,&quot;in_name&quot;:&quot;bond&quot;,&quot;in_active&quot;:1,&quot;in_active_sources&quot;:0,&quot;prg_name&quot;:&quot;&quot;,&quot;prg_prov&quot;:&quot;&quot;,&quot;prg_num&quot;:-1,&quot;chan&quot;:&quot;&quot;,&quot;chan_id&quot;:-1,&quot;id&quot;:&quot;zixi://bonded(bonded49)#10.7.0.66:2088@10.7.0.65,192.168.60.66:2088@192.168.50.65,192.168.5.166:2088@192.168.5.165&quot;,&quot;type&quot;:2,&quot;name&quot;:&quot;bond49&quot;,&quot;asi&quot;:0,&quot;rtmp&quot;:0,&quot;file&quot;:1,&quot;active&quot;:1,&quot;group&quot;:&quot;&quot;,&quot;bonded&quot;:[],&quot;error&quot;:&quot;Timeout&quot;,&quot;con_stat&quot;:&quot;Connecting&quot;,&quot;bitrate&quot;:0,&quot;dest&quot;:&quot;bonded/bonded49&quot;},{&quot;mip&quot;:&quot;4000.ts&quot;,&quot;port&quot;:0,&quot;ip&quot;:&quot;file&quot;,&quot;in_name&quot;:&quot;bond&quot;,&quot;in_active&quot;:1,&quot;in_active_sources&quot;:0,&quot;prg_name&quot;:&quot;&quot;,&quot;prg_prov&quot;:&quot;&quot;,&quot;prg_num&quot;:-1,&quot;chan&quot;:&quot;&quot;,&quot;chan_id&quot;:-1,&quot;id&quot;:&quot;zixi://bonded(bonded34)#10.7.0.66:2088@10.7.0.65,192.168.60.66:2088@192.168.50.65,192.168.5.166:2088@192.168.5.165&quot;,&quot;type&quot;:2,&quot;name&quot;:&quot;bond34&quot;,&quot;asi&quot;:0,&quot;rtmp&quot;:0,&quot;file&quot;:1,&quot;active&quot;:1,&quot;group&quot;:&quot;&quot;,&quot;bonded&quot;:[],&quot;error&quot;:&quot;Timeout&quot;,&quot;con_stat&quot;:&quot;Connecting&quot;,&quot;bitrate&quot;:0,&quot;dest&quot;:&quot;bonded/bonded34&quot;},{&quot;mip&quot;:&quot;4000.ts&quot;,&quot;port&quot;:0,&quot;ip&quot;:&quot;file&quot;,&quot;in_name&quot;:&quot;bond&quot;,&quot;in_active&quot;:1,&quot;in_active_sources&quot;:0,&quot;prg_name&quot;:&quot;&quot;,&quot;prg_prov&quot;:&quot;&quot;,&quot;prg_num&quot;:-1,&quot;chan&quot;:&quot;&quot;,&quot;chan_id&quot;:-1,&quot;id&quot;:&quot;zixi://bonded(bonded42)#10.7.0.66:2088@10.7.0.65,192.168.60.66:2088@192.168.50.65,192.168.5.166:2088@192.168.5.165&quot;,&quot;type&quot;:2,&quot;name&quot;:&quot;bond42&quot;,&quot;asi&quot;:0,&quot;rtmp&quot;:0,&quot;file&quot;:1,&quot;active&quot;:1,&quot;group&quot;:&quot;&quot;,&quot;bonded&quot;:[],&quot;error&quot;:&quot;Timeout&quot;,&quot;con_stat&quot;:&quot;Connecting&quot;,&quot;bitrate&quot;:0,&quot;dest&quot;:&quot;bonded/bonded42&quot;},{&quot;mip&quot;:&quot;4000.ts&quot;,&quot;port&quot;:0,&quot;ip&quot;:&quot;file&quot;,&quot;in_name&quot;:&quot;bond&quot;,&quot;in_active&quot;:1,&quot;in_active_sources&quot;:0,&quot;prg_name&quot;:&quot;&quot;,&quot;prg_prov&quot;:&quot;&quot;,&quot;prg_num&quot;:-1,&quot;chan&quot;:&quot;&quot;,&quot;chan_id&quot;:-1,&quot;id&quot;:&quot;zixi://bonded(bonded45)#10.7.0.66:2088@10.7.0.65,192.168.60.66:2088@192.168.50.65,192.168.5.166:2088@192.168.5.165&quot;,&quot;type&quot;:2,&quot;name&quot;:&quot;bond45&quot;,&quot;asi&quot;:0,&quot;rtmp&quot;:0,&quot;file&quot;:1,&quot;active&quot;:1,&quot;group&quot;:&quot;&quot;,&quot;bonded&quot;:[],&quot;error&quot;:&quot;Timeout&quot;,&quot;con_stat&quot;:&quot;Connecting&quot;,&quot;bitrate&quot;:0,&quot;dest&quot;:&quot;bonded/bonded45&quot;},{&quot;mip&quot;:&quot;4000.ts&quot;,&quot;port&quot;:0,&quot;ip&quot;:&quot;file&quot;,&quot;in_name&quot;:&quot;bond&quot;,&quot;in_active&quot;:1,&quot;in_active_sources&quot;:0,&quot;prg_name&quot;:&quot;&quot;,&quot;prg_prov&quot;:&quot;&quot;,&quot;prg_num&quot;:-1,&quot;chan&quot;:&quot;&quot;,&quot;chan_id&quot;:-1,&quot;id&quot;:&quot;zixi://bonded(bonded43)#10.7.0.66:2088@10.7.0.65,192.168.60.66:2088@192.168.50.65,192.168.5.166:2088@192.168.5.165&quot;,&quot;type&quot;:2,&quot;name&quot;:&quot;bond43&quot;,&quot;asi&quot;:0,&quot;rtmp&quot;:0,&quot;file&quot;:1,&quot;active&quot;:1,&quot;group&quot;:&quot;&quot;,&quot;bonded&quot;:[],&quot;error&quot;:&quot;Authentication&quot;,&quot;con_stat&quot;:&quot;Connecting&quot;,&quot;bitrate&quot;:0,&quot;dest&quot;:&quot;bonded/bonded43&quot;},{&quot;mip&quot;:&quot;4000.ts&quot;,&quot;port&quot;:0,&quot;ip&quot;:&quot;file&quot;,&quot;in_name&quot;:&quot;bond&quot;,&quot;in_active&quot;:1,&quot;in_active_sources&quot;:0,&quot;prg_name&quot;:&quot;&quot;,&quot;prg_prov&quot;:&quot;&quot;,&quot;prg_num&quot;:-1,&quot;chan&quot;:&quot;&quot;,&quot;chan_id&quot;:-1,&quot;id&quot;:&quot;zixi://bonded(bonded38)#10.7.0.66:2088@10.7.0.65,192.168.60.66:2088@192.168.50.65,192.168.5.166:2088@192.168.5.165&quot;,&quot;type&quot;:2,&quot;name&quot;:&quot;bond38&quot;,&quot;asi&quot;:0,&quot;rtmp&quot;:0,&quot;file&quot;:1,&quot;active&quot;:1,&quot;group&quot;:&quot;&quot;,&quot;bonded&quot;:[],&quot;error&quot;:&quot;Timeout&quot;,&quot;con_stat&quot;:&quot;Connecting&quot;,&quot;bitrate&quot;:0,&quot;dest&quot;:&quot;bonded/bonded38&quot;},{&quot;mip&quot;:&quot;4000.ts&quot;,&quot;port&quot;:0,&quot;ip&quot;:&quot;file&quot;,&quot;in_name&quot;:&quot;bond&quot;,&quot;in_active&quot;:1,&quot;in_active_sources&quot;:0,&quot;prg_name&quot;:&quot;&quot;,&quot;prg_prov&quot;:&quot;&quot;,&quot;prg_num&quot;:-1,&quot;chan&quot;:&quot;&quot;,&quot;chan_id&quot;:-1,&quot;id&quot;:&quot;zixi://bonded(bonded47)#10.7.0.66:2088@10.7.0.65,192.168.60.66:2088@192.168.50.65,192.168.5.166:2088@192.168.5.165&quot;,&quot;type&quot;:2,&quot;name&quot;:&quot;bond47&quot;,&quot;asi&quot;:0,&quot;rtmp&quot;:0,&quot;file&quot;:1,&quot;active&quot;:1,&quot;group&quot;:&quot;&quot;,&quot;bonded&quot;:[],&quot;error&quot;:&quot;Authentication&quot;,&quot;con_stat&quot;:&quot;Connecting&quot;,&quot;bitrate&quot;:0,&quot;dest&quot;:&quot;bonded/bonded47&quot;},{&quot;mip&quot;:&quot;4000.ts&quot;,&quot;port&quot;:0,&quot;ip&quot;:&quot;file&quot;,&quot;in_name&quot;:&quot;bond&quot;,&quot;in_active&quot;:1,&quot;in_active_sources&quot;:0,&quot;prg_name&quot;:&quot;&quot;,&quot;prg_prov&quot;:&quot;&quot;,&quot;prg_num&quot;:-1,&quot;chan&quot;:&quot;&quot;,&quot;chan_id&quot;:-1,&quot;id&quot;:&quot;zixi://bonded(bonded48)#10.7.0.66:2088@10.7.0.65,192.168.60.66:2088@192.168.50.65,192.168.5.166:2088@192.168.5.165&quot;,&quot;type&quot;:2,&quot;name&quot;:&quot;bond48&quot;,&quot;asi&quot;:0,&quot;rtmp&quot;:0,&quot;file&quot;:1,&quot;active&quot;:1,&quot;group&quot;:&quot;&quot;,&quot;bonded&quot;:[],&quot;error&quot;:&quot;Timeout&quot;,&quot;con_stat&quot;:&quot;Connecting&quot;,&quot;bitrate&quot;:0,&quot;dest&quot;:&quot;bonded/bonded48&quot;},{&quot;mip&quot;:&quot;4000.ts&quot;,&quot;port&quot;:0,&quot;ip&quot;:&quot;file&quot;,&quot;in_name&quot;:&quot;bond&quot;,&quot;in_active&quot;:1,&quot;in_active_sources&quot;:0,&quot;prg_name&quot;:&quot;&quot;,&quot;prg_prov&quot;:&quot;&quot;,&quot;prg_num&quot;:-1,&quot;chan&quot;:&quot;&quot;,&quot;chan_id&quot;:-1,&quot;id&quot;:&quot;zixi://bonded(bonded11)#10.7.0.66:2088@10.7.0.65,192.168.60.66:2088@192.168.50.65,192.168.5.166:2088@192.168.5.165&quot;,&quot;type&quot;:2,&quot;name&quot;:&quot;bond11&quot;,&quot;asi&quot;:0,&quot;rtmp&quot;:0,&quot;file&quot;:1,&quot;active&quot;:1,&quot;group&quot;:&quot;&quot;,&quot;bonded&quot;:[],&quot;error&quot;:&quot;None&quot;,&quot;con_stat&quot;:&quot;Connecting&quot;,&quot;bitrate&quot;:0,&quot;dest&quot;:&quot;bonded/bonded11&quot;},{&quot;mip&quot;:&quot;4000.ts&quot;,&quot;port&quot;:0,&quot;ip&quot;:&quot;file&quot;,&quot;in_name&quot;:&quot;bond&quot;,&quot;in_active&quot;:1,&quot;in_active_sources&quot;:0,&quot;prg_name&quot;:&quot;&quot;,&quot;prg_prov&quot;:&quot;&quot;,&quot;prg_num&quot;:-1,&quot;chan&quot;:&quot;&quot;,&quot;chan_id&quot;:-1,&quot;id&quot;:&quot;zixi://bonded(bonded6)#10.7.0.66:2088@10.7.0.65,192.168.60.66:2088@192.168.50.65,192.168.5.166:2088@192.168.5.165&quot;,&quot;type&quot;:2,&quot;name&quot;:&quot;bond6&quot;,&quot;asi&quot;:0,&quot;rtmp&quot;:0,&quot;file&quot;:1,&quot;active&quot;:1,&quot;group&quot;:&quot;&quot;,&quot;bonded&quot;:[],&quot;error&quot;:&quot;None&quot;,&quot;con_stat&quot;:&quot;Connecting&quot;,&quot;bitrate&quot;:0,&quot;dest&quot;:&quot;bonded/bonded6&quot;},{&quot;mip&quot;:&quot;4000.ts&quot;,&quot;port&quot;:0,&quot;ip&quot;:&quot;file&quot;,&quot;in_name&quot;:&quot;bond&quot;,&quot;in_active&quot;:1,&quot;in_active_sources&quot;:0,&quot;prg_name&quot;:&quot;&quot;,&quot;prg_prov&quot;:&quot;&quot;,&quot;prg_num&quot;:-1,&quot;chan&quot;:&quot;&quot;,&quot;chan_id&quot;:-1,&quot;id&quot;:&quot;zixi://bonded(bonded2)#10.7.0.66:2088@10.7.0.65,192.168.60.66:2088@192.168.50.65,192.168.5.166:2088@192.168.5.165&quot;,&quot;type&quot;:2,&quot;name&quot;:&quot;bond2&quot;,&quot;asi&quot;:0,&quot;rtmp&quot;:0,&quot;file&quot;:1,&quot;active&quot;:1,&quot;group&quot;:&quot;&quot;,&quot;bonded&quot;:[],&quot;error&quot;:&quot;None&quot;,&quot;con_stat&quot;:&quot;Connecting&quot;,&quot;bitrate&quot;:0,&quot;dest&quot;:&quot;bonded/bonded2&quot;},{&quot;mip&quot;:&quot;4000.ts&quot;,&quot;port&quot;:0,&quot;ip&quot;:&quot;file&quot;,&quot;in_name&quot;:&quot;bond&quot;,&quot;in_active&quot;:1,&quot;in_active_sources&quot;:0,&quot;prg_name&quot;:&quot;&quot;,&quot;prg_prov&quot;:&quot;&quot;,&quot;prg_num&quot;:-1,&quot;chan&quot;:&quot;&quot;,&quot;chan_id&quot;:-1,&quot;id&quot;:&quot;zixi://bonded(bonded1)#10.7.0.66:2088@10.7.0.65,192.168.60.66:2088@192.168.50.65,192.168.5.166:2088@192.168.5.165&quot;,&quot;type&quot;:2,&quot;name&quot;:&quot;bond1&quot;,&quot;asi&quot;:0,&quot;rtmp&quot;:0,&quot;file&quot;:1,&quot;active&quot;:1,&quot;group&quot;:&quot;&quot;,&quot;bonded&quot;:[],&quot;error&quot;:&quot;None&quot;,&quot;con_stat&quot;:&quot;Connecting&quot;,&quot;bitrate&quot;:0,&quot;dest&quot;:&quot;bonded/bonded1&quot;},{&quot;mip&quot;:&quot;4000.ts&quot;,&quot;port&quot;:0,&quot;ip&quot;:&quot;file&quot;,&quot;in_name&quot;:&quot;bond&quot;,&quot;in_active&quot;:1,&quot;in_active_sources&quot;:0,&quot;prg_name&quot;:&quot;&quot;,&quot;prg_prov&quot;:&quot;&quot;,&quot;prg_num&quot;:-1,&quot;chan&quot;:&quot;&quot;,&quot;chan_id&quot;:-1,&quot;id&quot;:&quot;zixi://bonded(bonded4)#10.7.0.66:2088@10.7.0.65,192.168.60.66:2088@192.168.50.65,192.168.5.166:2088@192.168.5.165&quot;,&quot;type&quot;:2,&quot;name&quot;:&quot;bond4&quot;,&quot;asi&quot;:0,&quot;rtmp&quot;:0,&quot;file&quot;:1,&quot;active&quot;:1,&quot;group&quot;:&quot;&quot;,&quot;bonded&quot;:[],&quot;error&quot;:&quot;Timeout&quot;,&quot;con_stat&quot;:&quot;Connecting&quot;,&quot;bitrate&quot;:0,&quot;dest&quot;:&quot;bonded/bonded4&quot;},{&quot;mip&quot;:&quot;4000.ts&quot;,&quot;port&quot;:0,&quot;ip&quot;:&quot;file&quot;,&quot;in_name&quot;:&quot;bond&quot;,&quot;in_active&quot;:1,&quot;in_active_sources&quot;:0,&quot;prg_name&quot;:&quot;&quot;,&quot;prg_prov&quot;:&quot;&quot;,&quot;prg_num&quot;:-1,&quot;chan&quot;:&quot;&quot;,&quot;chan_id&quot;:-1,&quot;id&quot;:&quot;zixi://bonded(bonded5)#10.7.0.66:2088@10.7.0.65,192.168.60.66:2088@192.168.50.65,192.168.5.166:2088@192.168.5.165&quot;,&quot;type&quot;:2,&quot;name&quot;:&quot;bond5&quot;,&quot;asi&quot;:0,&quot;rtmp&quot;:0,&quot;file&quot;:1,&quot;active&quot;:1,&quot;group&quot;:&quot;&quot;,&quot;bonded&quot;:[],&quot;error&quot;:&quot;None&quot;,&quot;con_stat&quot;:&quot;Connecting&quot;,&quot;bitrate&quot;:0,&quot;dest&quot;:&quot;bonded/bonded5&quot;},{&quot;mip&quot;:&quot;4000.ts&quot;,&quot;port&quot;:0,&quot;ip&quot;:&quot;file&quot;,&quot;in_name&quot;:&quot;bond&quot;,&quot;in_active&quot;:1,&quot;in_active_sources&quot;:0,&quot;prg_name&quot;:&quot;&quot;,&quot;prg_prov&quot;:&quot;&quot;,&quot;prg_num&quot;:-1,&quot;chan&quot;:&quot;&quot;,&quot;chan_id&quot;:-1,&quot;id&quot;:&quot;zixi://bonded(bonded9)#10.7.0.66:2088@10.7.0.65,192.168.60.66:2088@192.168.50.65,192.168.5.166:2088@192.168.5.165&quot;,&quot;type&quot;:2,&quot;name&quot;:&quot;bond9&quot;,&quot;asi&quot;:0,&quot;rtmp&quot;:0,&quot;file&quot;:1,&quot;active&quot;:1,&quot;group&quot;:&quot;&quot;,&quot;bonded&quot;:[],&quot;error&quot;:&quot;None&quot;,&quot;con_stat&quot;:&quot;Connecting&quot;,&quot;bitrate&quot;:0,&quot;dest&quot;:&quot;bonded/bonded9&quot;},{&quot;mip&quot;:&quot;4000.ts&quot;,&quot;port&quot;:0,&quot;ip&quot;:&quot;file&quot;,&quot;in_name&quot;:&quot;bond&quot;,&quot;in_active&quot;:1,&quot;in_active_sources&quot;:0,&quot;prg_name&quot;:&quot;&quot;,&quot;prg_prov&quot;:&quot;&quot;,&quot;prg_num&quot;:-1,&quot;chan&quot;:&quot;&quot;,&quot;chan_id&quot;:-1,&quot;id&quot;:&quot;zixi://bonded(bonded12)#10.7.0.66:2088@10.7.0.65,192.168.60.66:2088@192.168.50.65,192.168.5.166:2088@192.168.5.165&quot;,&quot;type&quot;:2,&quot;name&quot;:&quot;bond12&quot;,&quot;asi&quot;:0,&quot;rtmp&quot;:0,&quot;file&quot;:1,&quot;active&quot;:1,&quot;group&quot;:&quot;&quot;,&quot;bonded&quot;:[],&quot;error&quot;:&quot;None&quot;,&quot;con_stat&quot;:&quot;Connecting&quot;,&quot;bitrate&quot;:0,&quot;dest&quot;:&quot;bonded/bonded12&quot;},{&quot;mip&quot;:&quot;4000.ts&quot;,&quot;port&quot;:0,&quot;ip&quot;:&quot;file&quot;,&quot;in_name&quot;:&quot;bond&quot;,&quot;in_active&quot;:1,&quot;in_active_sources&quot;:0,&quot;prg_name&quot;:&quot;&quot;,&quot;prg_prov&quot;:&quot;&quot;,&quot;prg_num&quot;:-1,&quot;chan&quot;:&quot;&quot;,&quot;chan_id&quot;:-1,&quot;id&quot;:&quot;zixi://bonded(bonded10)#10.7.0.66:2088@10.7.0.65,192.168.60.66:2088@192.168.50.65,192.168.5.166:2088@192.168.5.165&quot;,&quot;type&quot;:2,&quot;name&quot;:&quot;bond10&quot;,&quot;asi&quot;:0,&quot;rtmp&quot;:0,&quot;file&quot;:1,&quot;active&quot;:1,&quot;group&quot;:&quot;&quot;,&quot;bonded&quot;:[],&quot;error&quot;:&quot;Authentication&quot;,&quot;con_stat&quot;:&quot;Connecting&quot;,&quot;bitrate&quot;:0,&quot;dest&quot;:&quot;bonded/bonded10&quot;},{&quot;mip&quot;:&quot;4000.ts&quot;,&quot;port&quot;:0,&quot;ip&quot;:&quot;file&quot;,&quot;in_name&quot;:&quot;bond&quot;,&quot;in_active&quot;:1,&quot;in_active_sources&quot;:0,&quot;prg_name&quot;:&quot;&quot;,&quot;prg_prov&quot;:&quot;&quot;,&quot;prg_num&quot;:-1,&quot;chan&quot;:&quot;&quot;,&quot;chan_id&quot;:-1,&quot;id&quot;:&quot;zixi://bonded(bonded13)#10.7.0.66:2088@10.7.0.65,192.168.60.66:2088@192.168.50.65,192.168.5.166:2088@192.168.5.165&quot;,&quot;type&quot;:2,&quot;name&quot;:&quot;bond13&quot;,&quot;asi&quot;:0,&quot;rtmp&quot;:0,&quot;file&quot;:1,&quot;active&quot;:1,&quot;group&quot;:&quot;&quot;,&quot;bonded&quot;:[],&quot;error&quot;:&quot;None&quot;,&quot;con_stat&quot;:&quot;Connecting&quot;,&quot;bitrate&quot;:0,&quot;dest&quot;:&quot;bonded/bonded13&quot;},{&quot;mip&quot;:&quot;4000.ts&quot;,&quot;port&quot;:0,&quot;ip&quot;:&quot;file&quot;,&quot;in_name&quot;:&quot;bond&quot;,&quot;in_active&quot;:1,&quot;in_active_sources&quot;:0,&quot;prg_name&quot;:&quot;&quot;,&quot;prg_prov&quot;:&quot;&quot;,&quot;prg_num&quot;:-1,&quot;chan&quot;:&quot;&quot;,&quot;chan_id&quot;:-1,&quot;id&quot;:&quot;zixi://bonded(bonded3)#10.7.0.66:2088@10.7.0.65,192.168.60.66:2088@192.168.50.65,192.168.5.166:2088@192.168.5.165&quot;,&quot;type&quot;:2,&quot;name&quot;:&quot;bond3&quot;,&quot;asi&quot;:0,&quot;rtmp&quot;:0,&quot;file&quot;:1,&quot;active&quot;:1,&quot;group&quot;:&quot;&quot;,&quot;bonded&quot;:[],&quot;error&quot;:&quot;None&quot;,&quot;con_stat&quot;:&quot;Connecting&quot;,&quot;bitrate&quot;:0,&quot;dest&quot;:&quot;bonded/bonded3&quot;},{&quot;mip&quot;:&quot;4000.ts&quot;,&quot;port&quot;:0,&quot;ip&quot;:&quot;file&quot;,&quot;in_name&quot;:&quot;bond&quot;,&quot;in_active&quot;:1,&quot;in_active_sources&quot;:0,&quot;prg_name&quot;:&quot;&quot;,&quot;prg_prov&quot;:&quot;&quot;,&quot;prg_num&quot;:-1,&quot;chan&quot;:&quot;&quot;,&quot;chan_id&quot;:-1,&quot;id&quot;:&quot;zixi://bonded(bonded7)#10.7.0.66:2088@10.7.0.65,192.168.60.66:2088@192.168.50.65,192.168.5.166:2088@192.168.5.165&quot;,&quot;type&quot;:2,&quot;name&quot;:&quot;bond7&quot;,&quot;asi&quot;:0,&quot;rtmp&quot;:0,&quot;file&quot;:1,&quot;active&quot;:1,&quot;group&quot;:&quot;&quot;,&quot;bonded&quot;:[],&quot;error&quot;:&quot;None&quot;,&quot;con_stat&quot;:&quot;Connecting&quot;,&quot;bitrate&quot;:0,&quot;dest&quot;:&quot;bonded/bonded7&quot;},{&quot;mip&quot;:&quot;4000.ts&quot;,&quot;port&quot;:0,&quot;ip&quot;:&quot;file&quot;,&quot;in_name&quot;:&quot;bond&quot;,&quot;in_active&quot;:1,&quot;in_active_sources&quot;:0,&quot;prg_name&quot;:&quot;&quot;,&quot;prg_prov&quot;:&quot;&quot;,&quot;prg_num&quot;:-1,&quot;chan&quot;:&quot;&quot;,&quot;chan_id&quot;:-1,&quot;id&quot;:&quot;zixi://bonded(bonded14)#10.7.0.66:2088@10.7.0.65,192.168.60.66:2088@192.168.50.65,192.168.5.166:2088@192.168.5.165&quot;,&quot;type&quot;:2,&quot;name&quot;:&quot;bond14&quot;,&quot;asi&quot;:0,&quot;rtmp&quot;:0,&quot;file&quot;:1,&quot;active&quot;:1,&quot;group&quot;:&quot;&quot;,&quot;bonded&quot;:[],&quot;error&quot;:&quot;Timeout&quot;,&quot;con_stat&quot;:&quot;Connecting&quot;,&quot;bitrate&quot;:0,&quot;dest&quot;:&quot;bonded/bonded14&quot;},{&quot;mip&quot;:&quot;4000.ts&quot;,&quot;port&quot;:0,&quot;ip&quot;:&quot;file&quot;,&quot;in_name&quot;:&quot;bond&quot;,&quot;in_active&quot;:1,&quot;in_active_sources&quot;:0,&quot;prg_name&quot;:&quot;&quot;,&quot;prg_prov&quot;:&quot;&quot;,&quot;prg_num&quot;:-1,&quot;chan&quot;:&quot;&quot;,&quot;chan_id&quot;:-1,&quot;id&quot;:&quot;zixi://bonded(bonded0)#10.7.0.66:2088@10.7.0.65,192.168.60.66:2088@192.168.50.65,192.168.5.166:2088@192.168.5.165&quot;,&quot;type&quot;:2,&quot;name&quot;:&quot;bond0&quot;,&quot;asi&quot;:0,&quot;rtmp&quot;:0,&quot;file&quot;:1,&quot;active&quot;:1,&quot;group&quot;:&quot;&quot;,&quot;bonded&quot;:[],&quot;error&quot;:&quot;None&quot;,&quot;con_stat&quot;:&quot;Connecting&quot;,&quot;bitrate&quot;:0,&quot;dest&quot;:&quot;bonded/bonded0&quot;},{&quot;mip&quot;:&quot;4000.ts&quot;,&quot;port&quot;:0,&quot;ip&quot;:&quot;file&quot;,&quot;in_name&quot;:&quot;bond&quot;,&quot;in_active&quot;:1,&quot;in_active_sources&quot;:0,&quot;prg_name&quot;:&quot;&quot;,&quot;prg_prov&quot;:&quot;&quot;,&quot;prg_num&quot;:-1,&quot;chan&quot;:&quot;&quot;,&quot;chan_id&quot;:-1,&quot;id&quot;:&quot;zixi://bonded(bonded19)#10.7.0.66:2088@10.7.0.65,192.168.60.66:2088@192.168.50.65,192.168.5.166:2088@192.168.5.165&quot;,&quot;type&quot;:2,&quot;name&quot;:&quot;bond19&quot;,&quot;asi&quot;:0,&quot;rtmp&quot;:0,&quot;file&quot;:1,&quot;active&quot;:1,&quot;group&quot;:&quot;&quot;,&quot;bonded&quot;:[],&quot;error&quot;:&quot;None&quot;,&quot;con_stat&quot;:&quot;Connecting&quot;,&quot;bitrate&quot;:0,&quot;dest&quot;:&quot;bonded/bonded19&quot;},{&quot;mip&quot;:&quot;4000.ts&quot;,&quot;port&quot;:0,&quot;ip&quot;:&quot;file&quot;,&quot;in_name&quot;:&quot;bond&quot;,&quot;in_active&quot;:1,&quot;in_active_sources&quot;:0,&quot;prg_name&quot;:&quot;&quot;,&quot;prg_prov&quot;:&quot;&quot;,&quot;prg_num&quot;:-1,&quot;chan&quot;:&quot;&quot;,&quot;chan_id&quot;:-1,&quot;id&quot;:&quot;zixi://bonded(bonded16)#10.7.0.66:2088@10.7.0.65,192.168.60.66:2088@192.168.50.65,192.168.5.166:2088@192.168.5.165&quot;,&quot;type&quot;:2,&quot;name&quot;:&quot;bond16&quot;,&quot;asi&quot;:0,&quot;rtmp&quot;:0,&quot;file&quot;:1,&quot;active&quot;:1,&quot;group&quot;:&quot;&quot;,&quot;bonded&quot;:[],&quot;error&quot;:&quot;None&quot;,&quot;con_stat&quot;:&quot;Connecting&quot;,&quot;bitrate&quot;:0,&quot;dest&quot;:&quot;bonded/bonded16&quot;},{&quot;mip&quot;:&quot;4000.ts&quot;,&quot;port&quot;:0,&quot;ip&quot;:&quot;file&quot;,&quot;in_name&quot;:&quot;bond&quot;,&quot;in_active&quot;:1,&quot;in_active_sources&quot;:0,&quot;prg_name&quot;:&quot;&quot;,&quot;prg_prov&quot;:&quot;&quot;,&quot;prg_num&quot;:-1,&quot;chan&quot;:&quot;&quot;,&quot;chan_id&quot;:-1,&quot;id&quot;:&quot;zixi://bonded(bonded20)#10.7.0.66:2088@10.7.0.65,192.168.60.66:2088@192.168.50.65,192.168.5.166:2088@192.168.5.165&quot;,&quot;type&quot;:2,&quot;name&quot;:&quot;bond20&quot;,&quot;asi&quot;:0,&quot;rtmp&quot;:0,&quot;file&quot;:1,&quot;active&quot;:1,&quot;group&quot;:&quot;&quot;,&quot;bonded&quot;:[],&quot;error&quot;:&quot;Timeout&quot;,&quot;con_stat&quot;:&quot;Connecting&quot;,&quot;bitrate&quot;:0,&quot;dest&quot;:&quot;bonded/bonded20&quot;},{&quot;mip&quot;:&quot;4000.ts&quot;,&quot;port&quot;:0,&quot;ip&quot;:&quot;file&quot;,&quot;in_name&quot;:&quot;bond&quot;,&quot;in_active&quot;:1,&quot;in_active_sources&quot;:0,&quot;prg_name&quot;:&quot;&quot;,&quot;prg_prov&quot;:&quot;&quot;,&quot;prg_num&quot;:-1,&quot;chan&quot;:&quot;&quot;,&quot;chan_id&quot;:-1,&quot;id&quot;:&quot;zixi://bonded(bonded8)#10.7.0.66:2088@10.7.0.65,192.168.60.66:2088@192.168.50.65,192.168.5.166:2088@192.168.5.165&quot;,&quot;type&quot;:2,&quot;name&quot;:&quot;bond8&quot;,&quot;asi&quot;:0,&quot;rtmp&quot;:0,&quot;file&quot;:1,&quot;active&quot;:1,&quot;group&quot;:&quot;&quot;,&quot;bonded&quot;:[],&quot;error&quot;:&quot;None&quot;,&quot;con_stat&quot;:&quot;Connecting&quot;,&quot;bitrate&quot;:0,&quot;dest&quot;:&quot;bonded/bonded8&quot;},{&quot;mip&quot;:&quot;4000.ts&quot;,&quot;port&quot;:0,&quot;ip&quot;:&quot;file&quot;,&quot;in_name&quot;:&quot;bond&quot;,&quot;in_active&quot;:1,&quot;in_active_sources&quot;:0,&quot;prg_name&quot;:&quot;&quot;,&quot;prg_prov&quot;:&quot;&quot;,&quot;prg_num&quot;:-1,&quot;chan&quot;:&quot;&quot;,&quot;chan_id&quot;:-1,&quot;id&quot;:&quot;zixi://bonded(bonded23)#10.7.0.66:2088@10.7.0.65,192.168.60.66:2088@192.168.50.65,192.168.5.166:2088@192.168.5.165&quot;,&quot;type&quot;:2,&quot;name&quot;:&quot;bond23&quot;,&quot;asi&quot;:0,&quot;rtmp&quot;:0,&quot;file&quot;:1,&quot;active&quot;:1,&quot;group&quot;:&quot;&quot;,&quot;bonded&quot;:[],&quot;error&quot;:&quot;None&quot;,&quot;con_stat&quot;:&quot;Connecting&quot;,&quot;bitrate&quot;:0,&quot;dest&quot;:&quot;bonded/bonded23&quot;},{&quot;mip&quot;:&quot;4000.ts&quot;,&quot;port&quot;:0,&quot;ip&quot;:&quot;file&quot;,&quot;in_name&quot;:&quot;bond&quot;,&quot;in_active&quot;:1,&quot;in_active_sources&quot;:0,&quot;prg_name&quot;:&quot;&quot;,&quot;prg_prov&quot;:&quot;&quot;,&quot;prg_num&quot;:-1,&quot;chan&quot;:&quot;&quot;,&quot;chan_id&quot;:-1,&quot;id&quot;:&quot;zixi://bonded(bonded17)#10.7.0.66:2088@10.7.0.65,192.168.60.66:2088@192.168.50.65,192.168.5.166:2088@192.168.5.165&quot;,&quot;type&quot;:2,&quot;name&quot;:&quot;bond17&quot;,&quot;asi&quot;:0,&quot;rtmp&quot;:0,&quot;file&quot;:1,&quot;active&quot;:1,&quot;group&quot;:&quot;&quot;,&quot;bonded&quot;:[],&quot;error&quot;:&quot;None&quot;,&quot;con_stat&quot;:&quot;Connecting&quot;,&quot;bitrate&quot;:0,&quot;dest&quot;:&quot;bonded/bonded17&quot;}]}
Debug printing ------&gt;&gt;&gt; {&quot;custom_data&quot;:&quot;&quot;,&quot;msg&quot;:&quot;Output deleted.&quot;,&quot;error&quot;:&quot;&quot;,&quot;outs&quot;:[{&quot;mip&quot;:&quot;live_recording.ts&quot;,&quot;port&quot;:0,&quot;ip&quot;:&quot;file&quot;,&quot;in_name&quot;:&quot;feederoutputname&quot;,&quot;in_active&quot;:1,&quot;in_active_sources&quot;:0,&quot;prg_name&quot;:&quot;&quot;,&quot;prg_prov&quot;:&quot;&quot;,&quot;prg_num&quot;:1,&quot;chan&quot;:&quot;&quot;,&quot;chan_id&quot;:-1,&quot;id&quot;:&quot;zixi://10.7.0.66:2088/feederout&quot;,&quot;type&quot;:2,&quot;name&quot;:&quot;feederoutputname&quot;,&quot;asi&quot;:0,&quot;rtmp&quot;:0,&quot;file&quot;:1,&quot;active&quot;:1,&quot;group&quot;:&quot;&quot;,&quot;error&quot;:&quot;Authentication&quot;,&quot;con_stat&quot;:&quot;Disconnected&quot;,&quot;bitrate&quot;:0,&quot;dest&quot;:&quot;10.7.0.66:2088/feederout&quot;},{&quot;mip&quot;:&quot;4000.ts&quot;,&quot;port&quot;:0,&quot;ip&quot;:&quot;file&quot;,&quot;in_name&quot;:&quot;bond&quot;,&quot;in_active&quot;:1,&quot;in_active_sources&quot;:0,&quot;prg_name&quot;:&quot;&quot;,&quot;prg_prov&quot;:&quot;&quot;,&quot;prg_num&quot;:-1,&quot;chan&quot;:&quot;&quot;,&quot;chan_id&quot;:-1,&quot;id&quot;:&quot;zixi://bonded(bonded40)#10.7.0.66:2088@10.7.0.65,192.168.60.66:2088@192.168.50.65,192.168.5.166:2088@192.168.5.165&quot;,&quot;type&quot;:2,&quot;name&quot;:&quot;bond40&quot;,&quot;asi&quot;:0,&quot;rtmp&quot;:0,&quot;file&quot;:1,&quot;active&quot;:1,&quot;group&quot;:&quot;&quot;,&quot;bonded&quot;:[],&quot;error&quot;:&quot;Authentication&quot;,&quot;con_stat&quot;:&quot;Connecting&quot;,&quot;bitrate&quot;:0,&quot;dest&quot;:&quot;bonded/bonded40&quot;},{&quot;mip&quot;:&quot;4000.ts&quot;,&quot;port&quot;:0,&quot;ip&quot;:&quot;file&quot;,&quot;in_name&quot;:&quot;bond&quot;,&quot;in_active&quot;:1,&quot;in_active_sources&quot;:0,&quot;prg_name&quot;:&quot;&quot;,&quot;prg_prov&quot;:&quot;&quot;,&quot;prg_num&quot;:-1,&quot;chan&quot;:&quot;&quot;,&quot;chan_id&quot;:-1,&quot;id&quot;:&quot;zixi://bonded(bonded24)#10.7.0.66:2088@10.7.0.65,192.168.60.66:2088@192.168.50.65,192.168.5.166:2088@192.168.5.165&quot;,&quot;type&quot;:2,&quot;name&quot;:&quot;bond24&quot;,&quot;asi&quot;:0,&quot;rtmp&quot;:0,&quot;file&quot;:1,&quot;active&quot;:1,&quot;group&quot;:&quot;&quot;,&quot;bonded&quot;:[],&quot;error&quot;:&quot;None&quot;,&quot;con_stat&quot;:&quot;Connecting&quot;,&quot;bitrate&quot;:0,&quot;dest&quot;:&quot;bonded/bonded24&quot;},{&quot;mip&quot;:&quot;4000.ts&quot;,&quot;port&quot;:0,&quot;ip&quot;:&quot;file&quot;,&quot;in_name&quot;:&quot;bond&quot;,&quot;in_active&quot;:1,&quot;in_active_sources&quot;:0,&quot;prg_name&quot;:&quot;&quot;,&quot;prg_prov&quot;:&quot;&quot;,&quot;prg_num&quot;:-1,&quot;chan&quot;:&quot;&quot;,&quot;chan_id&quot;:-1,&quot;id&quot;:&quot;zixi://bonded(bonded15)#10.7.0.66:2088@10.7.0.65,192.168.60.66:2088@192.168.50.65,192.168.5.166:2088@192.168.5.165&quot;,&quot;type&quot;:2,&quot;name&quot;:&quot;bond15&quot;,&quot;asi&quot;:0,&quot;rtmp&quot;:0,&quot;file&quot;:1,&quot;active&quot;:1,&quot;group&quot;:&quot;&quot;,&quot;bonded&quot;:[],&quot;error&quot;:&quot;Timeout&quot;,&quot;con_stat&quot;:&quot;Connecting&quot;,&quot;bitrate&quot;:0,&quot;dest&quot;:&quot;bonded/bonded15&quot;},{&quot;mip&quot;:&quot;4000.ts&quot;,&quot;port&quot;:0,&quot;ip&quot;:&quot;file&quot;,&quot;in_name&quot;:&quot;bond&quot;,&quot;in_active&quot;:1,&quot;in_active_sources&quot;:0,&quot;prg_name&quot;:&quot;&quot;,&quot;prg_prov&quot;:&quot;&quot;,&quot;prg_num&quot;:-1,&quot;chan&quot;:&quot;&quot;,&quot;chan_id&quot;:-1,&quot;id&quot;:&quot;zixi://bonded(bonded28)#10.7.0.66:2088@10.7.0.65,192.168.60.66:2088@192.168.50.65,192.168.5.166:2088@192.168.5.165&quot;,&quot;type&quot;:2,&quot;name&quot;:&quot;bond28&quot;,&quot;asi&quot;:0,&quot;rtmp&quot;:0,&quot;file&quot;:1,&quot;active&quot;:1,&quot;group&quot;:&quot;&quot;,&quot;bonded&quot;:[],&quot;error&quot;:&quot;None&quot;,&quot;con_stat&quot;:&quot;Connecting&quot;,&quot;bitrate&quot;:0,&quot;dest&quot;:&quot;bonded/bonded28&quot;},{&quot;mip&quot;:&quot;4000.ts&quot;,&quot;port&quot;:0,&quot;ip&quot;:&quot;file&quot;,&quot;in_name&quot;:&quot;bond&quot;,&quot;in_active&quot;:1,&quot;in_active_sources&quot;:0,&quot;prg_name&quot;:&quot;&quot;,&quot;prg_prov&quot;:&quot;&quot;,&quot;prg_num&quot;:-1,&quot;chan&quot;:&quot;&quot;,&quot;chan_id&quot;:-1,&quot;id&quot;:&quot;zixi://bonded(bonded25)#10.7.0.66:2088@10.7.0.65,192.168.60.66:2088@192.168.50.65,192.168.5.166:2088@192.168.5.165&quot;,&quot;type&quot;:2,&quot;name&quot;:&quot;bond25&quot;,&quot;asi&quot;:0,&quot;rtmp&quot;:0,&quot;file&quot;:1,&quot;active&quot;:1,&quot;group&quot;:&quot;&quot;,&quot;bonded&quot;:[],&quot;error&quot;:&quot;None&quot;,&quot;con_stat&quot;:&quot;Connecting&quot;,&quot;bitrate&quot;:0,&quot;dest&quot;:&quot;bonded/bonded25&quot;},{&quot;mip&quot;:&quot;4000.ts&quot;,&quot;port&quot;:0,&quot;ip&quot;:&quot;file&quot;,&quot;in_name&quot;:&quot;bond&quot;,&quot;in_active&quot;:1,&quot;in_active_sources&quot;:0,&quot;prg_name&quot;:&quot;&quot;,&quot;prg_prov&quot;:&quot;&quot;,&quot;prg_num&quot;:-1,&quot;chan&quot;:&quot;&quot;,&quot;chan_id&quot;:-1,&quot;id&quot;:&quot;zixi://bonded(bonded18)#10.7.0.66:2088@10.7.0.65,192.168.60.66:2088@192.168.50.65,192.168.5.166:2088@192.168.5.165&quot;,&quot;type&quot;:2,&quot;name&quot;:&quot;bond18&quot;,&quot;asi&quot;:0,&quot;rtmp&quot;:0,&quot;file&quot;:1,&quot;active&quot;:1,&quot;group&quot;:&quot;&quot;,&quot;bonded&quot;:[],&quot;error&quot;:&quot;Timeout&quot;,&quot;con_stat&quot;:&quot;Connecting&quot;,&quot;bitrate&quot;:0,&quot;dest&quot;:&quot;bonded/bonded18&quot;},{&quot;mip&quot;:&quot;4000.ts&quot;,&quot;port&quot;:0,&quot;ip&quot;:&quot;file&quot;,&quot;in_name&quot;:&quot;bond&quot;,&quot;in_active&quot;:1,&quot;in_active_sources&quot;:0,&quot;prg_name&quot;:&quot;&quot;,&quot;prg_prov&quot;:&quot;&quot;,&quot;prg_num&quot;:-1,&quot;chan&quot;:&quot;&quot;,&quot;chan_id&quot;:-1,&quot;id&quot;:&quot;zixi://bonded(bonded29)#10.7.0.66:2088@10.7.0.65,192.168.60.66:2088@192.168.50.65,192.168.5.166:2088@192.168.5.165&quot;,&quot;type&quot;:2,&quot;name&quot;:&quot;bond29&quot;,&quot;asi&quot;:0,&quot;rtmp&quot;:0,&quot;file&quot;:1,&quot;active&quot;:1,&quot;group&quot;:&quot;&quot;,&quot;bonded&quot;:[],&quot;error&quot;:&quot;None&quot;,&quot;con_stat&quot;:&quot;Connecting&quot;,&quot;bitrate&quot;:0,&quot;dest&quot;:&quot;bonded/bonded29&quot;},{&quot;mip&quot;:&quot;4000.ts&quot;,&quot;port&quot;:0,&quot;ip&quot;:&quot;file&quot;,&quot;in_name&quot;:&quot;bond&quot;,&quot;in_active&quot;:1,&quot;in_active_sources&quot;:0,&quot;prg_name&quot;:&quot;&quot;,&quot;prg_prov&quot;:&quot;&quot;,&quot;prg_num&quot;:-1,&quot;chan&quot;:&quot;&quot;,&quot;chan_id&quot;:-1,&quot;id&quot;:&quot;zixi://bonded(bonded41)#10.7.0.66:2088@10.7.0.65,192.168.60.66:2088@192.168.50.65,192.168.5.166:2088@192.168.5.165&quot;,&quot;type&quot;:2,&quot;name&quot;:&quot;bond41&quot;,&quot;asi&quot;:0,&quot;rtmp&quot;:0,&quot;file&quot;:1,&quot;active&quot;:1,&quot;group&quot;:&quot;&quot;,&quot;bonded&quot;:[],&quot;error&quot;:&quot;Timeout&quot;,&quot;con_stat&quot;:&quot;Connecting&quot;,&quot;bitrate&quot;:0,&quot;dest&quot;:&quot;bonded/bonded41&quot;},{&quot;mip&quot;:&quot;4000.ts&quot;,&quot;port&quot;:0,&quot;ip&quot;:&quot;file&quot;,&quot;in_name&quot;:&quot;bond&quot;,&quot;in_active&quot;:1,&quot;in_active_sources&quot;:0,&quot;prg_name&quot;:&quot;&quot;,&quot;prg_prov&quot;:&quot;&quot;,&quot;prg_num&quot;:-1,&quot;chan&quot;:&quot;&quot;,&quot;chan_id&quot;:-1,&quot;id&quot;:&quot;zixi://bonded(bonded31)#10.7.0.66:2088@10.7.0.65,192.168.60.66:2088@192.168.50.65,192.168.5.166:2088@192.168.5.165&quot;,&quot;type&quot;:2,&quot;name&quot;:&quot;bond31&quot;,&quot;asi&quot;:0,&quot;rtmp&quot;:0,&quot;file&quot;:1,&quot;active&quot;:1,&quot;group&quot;:&quot;&quot;,&quot;bonded&quot;:[],&quot;error&quot;:&quot;Authentication&quot;,&quot;con_stat&quot;:&quot;Connecting&quot;,&quot;bitrate&quot;:0,&quot;dest&quot;:&quot;bonded/bonded31&quot;},{&quot;mip&quot;:&quot;4000.ts&quot;,&quot;port&quot;:0,&quot;ip&quot;:&quot;file&quot;,&quot;in_name&quot;:&quot;bond&quot;,&quot;in_active&quot;:1,&quot;in_active_sources&quot;:0,&quot;prg_name&quot;:&quot;&quot;,&quot;prg_prov&quot;:&quot;&quot;,&quot;prg_num&quot;:-1,&quot;chan&quot;:&quot;&quot;,&quot;chan_id&quot;:-1,&quot;id&quot;:&quot;zixi://bonded(bonded44)#10.7.0.66:2088@10.7.0.65,192.168.60.66:2088@192.168.50.65,192.168.5.166:2088@192.168.5.165&quot;,&quot;type&quot;:2,&quot;name&quot;:&quot;bond44&quot;,&quot;asi&quot;:0,&quot;rtmp&quot;:0,&quot;file&quot;:1,&quot;active&quot;:1,&quot;group&quot;:&quot;&quot;,&quot;bonded&quot;:[],&quot;error&quot;:&quot;None&quot;,&quot;con_stat&quot;:&quot;Connecting&quot;,&quot;bitrate&quot;:0,&quot;dest&quot;:&quot;bonded/bonded44&quot;},{&quot;mip&quot;:&quot;4000.ts&quot;,&quot;port&quot;:0,&quot;ip&quot;:&quot;file&quot;,&quot;in_name&quot;:&quot;bond&quot;,&quot;in_active&quot;:1,&quot;in_active_sources&quot;:0,&quot;prg_name&quot;:&quot;&quot;,&quot;prg_prov&quot;:&quot;&quot;,&quot;prg_num&quot;:-1,&quot;chan&quot;:&quot;&quot;,&quot;chan_id&quot;:-1,&quot;id&quot;:&quot;zixi://bonded(bonded17)#10.7.0.66:2088@10.7.0.65,192.168.60.66:2088@192.168.50.65,192.168.5.166:2088@192.168.5.165&quot;,&quot;type&quot;:2,&quot;name&quot;:&quot;bond17&quot;,&quot;asi&quot;:0,&quot;rtmp&quot;:0,&quot;file&quot;:1,&quot;active&quot;:1,&quot;group&quot;:&quot;&quot;,&quot;bonded&quot;:[],&quot;error&quot;:&quot;None&quot;,&quot;con_stat&quot;:&quot;Connecting&quot;,&quot;bitrate&quot;:0,&quot;dest&quot;:&quot;bonded/bonded17&quot;},{&quot;mip&quot;:&quot;4000.ts&quot;,&quot;port&quot;:0,&quot;ip&quot;:&quot;file&quot;,&quot;in_name&quot;:&quot;bond&quot;,&quot;in_active&quot;:1,&quot;in_active_sources&quot;:0,&quot;prg_name&quot;:&quot;&quot;,&quot;prg_prov&quot;:&quot;&quot;,&quot;prg_num&quot;:-1,&quot;chan&quot;:&quot;&quot;,&quot;chan_id&quot;:-1,&quot;id&quot;:&quot;zixi://bonded(bonded46)#10.7.0.66:2088@10.7.0.65,192.168.60.66:2088@192.168.50.65,192.168.5.166:2088@192.168.5.165&quot;,&quot;type&quot;:2,&quot;name&quot;:&quot;bond46&quot;,&quot;asi&quot;:0,&quot;rtmp&quot;:0,&quot;file&quot;:1,&quot;active&quot;:1,&quot;group&quot;:&quot;&quot;,&quot;bonded&quot;:[],&quot;error&quot;:&quot;Authentication&quot;,&quot;con_stat&quot;:&quot;Connecting&quot;,&quot;bitrate&quot;:0,&quot;dest&quot;:&quot;bonded/bonded46&quot;},{&quot;mip&quot;:&quot;4000.ts&quot;,&quot;port&quot;:0,&quot;ip&quot;:&quot;file&quot;,&quot;in_name&quot;:&quot;bond&quot;,&quot;in_active&quot;:1,&quot;in_active_sources&quot;:0,&quot;prg_name&quot;:&quot;&quot;,&quot;prg_prov&quot;:&quot;&quot;,&quot;prg_num&quot;:-1,&quot;chan&quot;:&quot;&quot;,&quot;chan_id&quot;:-1,&quot;id&quot;:&quot;zixi://bonded(bonded49)#10.7.0.66:2088@10.7.0.65,192.168.60.66:2088@192.168.50.65,192.168.5.166:2088@192.168.5.165&quot;,&quot;type&quot;:2,&quot;name&quot;:&quot;bond49&quot;,&quot;asi&quot;:0,&quot;rtmp&quot;:0,&quot;file&quot;:1,&quot;active&quot;:1,&quot;group&quot;:&quot;&quot;,&quot;bonded&quot;:[],&quot;error&quot;:&quot;Timeout&quot;,&quot;con_stat&quot;:&quot;Connecting&quot;,&quot;bitrate&quot;:0,&quot;dest&quot;:&quot;bonded/bonded49&quot;},{&quot;mip&quot;:&quot;4000.ts&quot;,&quot;port&quot;:0,&quot;ip&quot;:&quot;file&quot;,&quot;in_name&quot;:&quot;bond&quot;,&quot;in_active&quot;:1,&quot;in_active_sources&quot;:0,&quot;prg_name&quot;:&quot;&quot;,&quot;prg_prov&quot;:&quot;&quot;,&quot;prg_num&quot;:-1,&quot;chan&quot;:&quot;&quot;,&quot;chan_id&quot;:-1,&quot;id&quot;:&quot;zixi://bonded(bonded34)#10.7.0.66:2088@10.7.0.65,192.168.60.66:2088@192.168.50.65,192.168.5.166:2088@192.168.5.165&quot;,&quot;type&quot;:2,&quot;name&quot;:&quot;bond34&quot;,&quot;asi&quot;:0,&quot;rtmp&quot;:0,&quot;file&quot;:1,&quot;active&quot;:1,&quot;group&quot;:&quot;&quot;,&quot;bonded&quot;:[],&quot;error&quot;:&quot;Timeout&quot;,&quot;con_stat&quot;:&quot;Connecting&quot;,&quot;bitrate&quot;:0,&quot;dest&quot;:&quot;bonded/bonded34&quot;},{&quot;mip&quot;:&quot;4000.ts&quot;,&quot;port&quot;:0,&quot;ip&quot;:&quot;file&quot;,&quot;in_name&quot;:&quot;bond&quot;,&quot;in_active&quot;:1,&quot;in_active_sources&quot;:0,&quot;prg_name&quot;:&quot;&quot;,&quot;prg_prov&quot;:&quot;&quot;,&quot;prg_num&quot;:-1,&quot;chan&quot;:&quot;&quot;,&quot;chan_id&quot;:-1,&quot;id&quot;:&quot;zixi://bonded(bonded42)#10.7.0.66:2088@10.7.0.65,192.168.60.66:2088@192.168.50.65,192.168.5.166:2088@192.168.5.165&quot;,&quot;type&quot;:2,&quot;name&quot;:&quot;bond42&quot;,&quot;asi&quot;:0,&quot;rtmp&quot;:0,&quot;file&quot;:1,&quot;active&quot;:1,&quot;group&quot;:&quot;&quot;,&quot;bonded&quot;:[],&quot;error&quot;:&quot;Timeout&quot;,&quot;con_stat&quot;:&quot;Connecting&quot;,&quot;bitrate&quot;:0,&quot;dest&quot;:&quot;bonded/bonded42&quot;},{&quot;mip&quot;:&quot;4000.ts&quot;,&quot;port&quot;:0,&quot;ip&quot;:&quot;file&quot;,&quot;in_name&quot;:&quot;bond&quot;,&quot;in_active&quot;:1,&quot;in_active_sources&quot;:0,&quot;prg_name&quot;:&quot;&quot;,&quot;prg_prov&quot;:&quot;&quot;,&quot;prg_num&quot;:-1,&quot;chan&quot;:&quot;&quot;,&quot;chan_id&quot;:-1,&quot;id&quot;:&quot;zixi://bonded(bonded45)#10.7.0.66:2088@10.7.0.65,192.168.60.66:2088@192.168.50.65,192.168.5.166:2088@192.168.5.165&quot;,&quot;type&quot;:2,&quot;name&quot;:&quot;bond45&quot;,&quot;asi&quot;:0,&quot;rtmp&quot;:0,&quot;file&quot;:1,&quot;active&quot;:1,&quot;group&quot;:&quot;&quot;,&quot;bonded&quot;:[],&quot;error&quot;:&quot;Timeout&quot;,&quot;con_stat&quot;:&quot;Connecting&quot;,&quot;bitrate&quot;:0,&quot;dest&quot;:&quot;bonded/bonded45&quot;},{&quot;mip&quot;:&quot;4000.ts&quot;,&quot;port&quot;:0,&quot;ip&quot;:&quot;file&quot;,&quot;in_name&quot;:&quot;bond&quot;,&quot;in_active&quot;:1,&quot;in_active_sources&quot;:0,&quot;prg_name&quot;:&quot;&quot;,&quot;prg_prov&quot;:&quot;&quot;,&quot;prg_num&quot;:-1,&quot;chan&quot;:&quot;&quot;,&quot;chan_id&quot;:-1,&quot;id&quot;:&quot;zixi://bonded(bonded43)#10.7.0.66:2088@10.7.0.65,192.168.60.66:2088@192.168.50.65,192.168.5.166:2088@192.168.5.165&quot;,&quot;type&quot;:2,&quot;name&quot;:&quot;bond43&quot;,&quot;asi&quot;:0,&quot;rtmp&quot;:0,&quot;file&quot;:1,&quot;active&quot;:1,&quot;group&quot;:&quot;&quot;,&quot;bonded&quot;:[],&quot;error&quot;:&quot;Authentication&quot;,&quot;con_stat&quot;:&quot;Connecting&quot;,&quot;bitrate&quot;:0,&quot;dest&quot;:&quot;bonded/bonded43&quot;},{&quot;mip&quot;:&quot;4000.ts&quot;,&quot;port&quot;:0,&quot;ip&quot;:&quot;file&quot;,&quot;in_name&quot;:&quot;bond&quot;,&quot;in_active&quot;:1,&quot;in_active_sources&quot;:0,&quot;prg_name&quot;:&quot;&quot;,&quot;prg_prov&quot;:&quot;&quot;,&quot;prg_num&quot;:-1,&quot;chan&quot;:&quot;&quot;,&quot;chan_id&quot;:-1,&quot;id&quot;:&quot;zixi://bonded(bonded38)#10.7.0.66:2088@10.7.0.65,192.168.60.66:2088@192.168.50.65,192.168.5.166:2088@192.168.5.165&quot;,&quot;type&quot;:2,&quot;name&quot;:&quot;bond38&quot;,&quot;asi&quot;:0,&quot;rtmp&quot;:0,&quot;file&quot;:1,&quot;active&quot;:1,&quot;group&quot;:&quot;&quot;,&quot;bonded&quot;:[],&quot;error&quot;:&quot;Timeout&quot;,&quot;con_stat&quot;:&quot;Connecting&quot;,&quot;bitrate&quot;:0,&quot;dest&quot;:&quot;bonded/bonded38&quot;},{&quot;mip&quot;:&quot;4000.ts&quot;,&quot;port&quot;:0,&quot;ip&quot;:&quot;file&quot;,&quot;in_name&quot;:&quot;bond&quot;,&quot;in_active&quot;:1,&quot;in_active_sources&quot;:0,&quot;prg_name&quot;:&quot;&quot;,&quot;prg_prov&quot;:&quot;&quot;,&quot;prg_num&quot;:-1,&quot;chan&quot;:&quot;&quot;,&quot;chan_id&quot;:-1,&quot;id&quot;:&quot;zixi://bonded(bonded47)#10.7.0.66:2088@10.7.0.65,192.168.60.66:2088@192.168.50.65,192.168.5.166:2088@192.168.5.165&quot;,&quot;type&quot;:2,&quot;name&quot;:&quot;bond47&quot;,&quot;asi&quot;:0,&quot;rtmp&quot;:0,&quot;file&quot;:1,&quot;active&quot;:1,&quot;group&quot;:&quot;&quot;,&quot;bonded&quot;:[],&quot;error&quot;:&quot;Authentication&quot;,&quot;con_stat&quot;:&quot;Connecting&quot;,&quot;bitrate&quot;:0,&quot;dest&quot;:&quot;bonded/bonded47&quot;},{&quot;mip&quot;:&quot;4000.ts&quot;,&quot;port&quot;:0,&quot;ip&quot;:&quot;file&quot;,&quot;in_name&quot;:&quot;bond&quot;,&quot;in_active&quot;:1,&quot;in_active_sources&quot;:0,&quot;prg_name&quot;:&quot;&quot;,&quot;prg_prov&quot;:&quot;&quot;,&quot;prg_num&quot;:-1,&quot;chan&quot;:&quot;&quot;,&quot;chan_id&quot;:-1,&quot;id&quot;:&quot;zixi://bonded(bonded48)#10.7.0.66:2088@10.7.0.65,192.168.60.66:2088@192.168.50.65,192.168.5.166:2088@192.168.5.165&quot;,&quot;type&quot;:2,&quot;name&quot;:&quot;bond48&quot;,&quot;asi&quot;:0,&quot;rtmp&quot;:0,&quot;file&quot;:1,&quot;active&quot;:1,&quot;group&quot;:&quot;&quot;,&quot;bonded&quot;:[],&quot;error&quot;:&quot;Timeout&quot;,&quot;con_stat&quot;:&quot;Connecting&quot;,&quot;bitrate&quot;:0,&quot;dest&quot;:&quot;bonded/bonded48&quot;},{&quot;mip&quot;:&quot;4000.ts&quot;,&quot;port&quot;:0,&quot;ip&quot;:&quot;file&quot;,&quot;in_name&quot;:&quot;bond&quot;,&quot;in_active&quot;:1,&quot;in_active_sources&quot;:0,&quot;prg_name&quot;:&quot;&quot;,&quot;prg_prov&quot;:&quot;&quot;,&quot;prg_num&quot;:-1,&quot;chan&quot;:&quot;&quot;,&quot;chan_id&quot;:-1,&quot;id&quot;:&quot;zixi://bonded(bonded11)#10.7.0.66:2088@10.7.0.65,192.168.60.66:2088@192.168.50.65,192.168.5.166:2088@192.168.5.165&quot;,&quot;type&quot;:2,&quot;name&quot;:&quot;bond11&quot;,&quot;asi&quot;:0,&quot;rtmp&quot;:0,&quot;file&quot;:1,&quot;active&quot;:1,&quot;group&quot;:&quot;&quot;,&quot;bonded&quot;:[],&quot;error&quot;:&quot;None&quot;,&quot;con_stat&quot;:&quot;Connecting&quot;,&quot;bitrate&quot;:0,&quot;dest&quot;:&quot;bonded/bonded11&quot;},{&quot;mip&quot;:&quot;4000.ts&quot;,&quot;port&quot;:0,&quot;ip&quot;:&quot;file&quot;,&quot;in_name&quot;:&quot;bond&quot;,&quot;in_active&quot;:1,&quot;in_active_sources&quot;:0,&quot;prg_name&quot;:&quot;&quot;,&quot;prg_prov&quot;:&quot;&quot;,&quot;prg_num&quot;:-1,&quot;chan&quot;:&quot;&quot;,&quot;chan_id&quot;:-1,&quot;id&quot;:&quot;zixi://bonded(bonded6)#10.7.0.66:2088@10.7.0.65,192.168.60.66:2088@192.168.50.65,192.168.5.166:2088@192.168.5.165&quot;,&quot;type&quot;:2,&quot;name&quot;:&quot;bond6&quot;,&quot;asi&quot;:0,&quot;rtmp&quot;:0,&quot;file&quot;:1,&quot;active&quot;:1,&quot;group&quot;:&quot;&quot;,&quot;bonded&quot;:[],&quot;error&quot;:&quot;None&quot;,&quot;con_stat&quot;:&quot;Connecting&quot;,&quot;bitrate&quot;:0,&quot;dest&quot;:&quot;bonded/bonded6&quot;},{&quot;mip&quot;:&quot;4000.ts&quot;,&quot;port&quot;:0,&quot;ip&quot;:&quot;file&quot;,&quot;in_name&quot;:&quot;bond&quot;,&quot;in_active&quot;:1,&quot;in_active_sources&quot;:0,&quot;prg_name&quot;:&quot;&quot;,&quot;prg_prov&quot;:&quot;&quot;,&quot;prg_num&quot;:-1,&quot;chan&quot;:&quot;&quot;,&quot;chan_id&quot;:-1,&quot;id&quot;:&quot;zixi://bonded(bonded2)#10.7.0.66:2088@10.7.0.65,192.168.60.66:2088@192.168.50.65,192.168.5.166:2088@192.168.5.165&quot;,&quot;type&quot;:2,&quot;name&quot;:&quot;bond2&quot;,&quot;asi&quot;:0,&quot;rtmp&quot;:0,&quot;file&quot;:1,&quot;active&quot;:1,&quot;group&quot;:&quot;&quot;,&quot;bonded&quot;:[],&quot;error&quot;:&quot;None&quot;,&quot;con_stat&quot;:&quot;Connecting&quot;,&quot;bitrate&quot;:0,&quot;dest&quot;:&quot;bonded/bonded2&quot;},{&quot;mip&quot;:&quot;4000.ts&quot;,&quot;port&quot;:0,&quot;ip&quot;:&quot;file&quot;,&quot;in_name&quot;:&quot;bond&quot;,&quot;in_active&quot;:1,&quot;in_active_sources&quot;:0,&quot;prg_name&quot;:&quot;&quot;,&quot;prg_prov&quot;:&quot;&quot;,&quot;prg_num&quot;:-1,&quot;chan&quot;:&quot;&quot;,&quot;chan_id&quot;:-1,&quot;id&quot;:&quot;zixi://bonded(bonded1)#10.7.0.66:2088@10.7.0.65,192.168.60.66:2088@192.168.50.65,192.168.5.166:2088@192.168.5.165&quot;,&quot;type&quot;:2,&quot;name&quot;:&quot;bond1&quot;,&quot;asi&quot;:0,&quot;rtmp&quot;:0,&quot;file&quot;:1,&quot;active&quot;:1,&quot;group&quot;:&quot;&quot;,&quot;bonded&quot;:[],&quot;error&quot;:&quot;None&quot;,&quot;con_stat&quot;:&quot;Connecting&quot;,&quot;bitrate&quot;:0,&quot;dest&quot;:&quot;bonded/bonded1&quot;},{&quot;mip&quot;:&quot;4000.ts&quot;,&quot;port&quot;:0,&quot;ip&quot;:&quot;file&quot;,&quot;in_name&quot;:&quot;bond&quot;,&quot;in_active&quot;:1,&quot;in_active_sources&quot;:0,&quot;prg_name&quot;:&quot;&quot;,&quot;prg_prov&quot;:&quot;&quot;,&quot;prg_num&quot;:-1,&quot;chan&quot;:&quot;&quot;,&quot;chan_id&quot;:-1,&quot;id&quot;:&quot;zixi://bonded(bonded4)#10.7.0.66:2088@10.7.0.65,192.168.60.66:2088@192.168.50.65,192.168.5.166:2088@192.168.5.165&quot;,&quot;type&quot;:2,&quot;name&quot;:&quot;bond4&quot;,&quot;asi&quot;:0,&quot;rtmp&quot;:0,&quot;file&quot;:1,&quot;active&quot;:1,&quot;group&quot;:&quot;&quot;,&quot;bonded&quot;:[],&quot;error&quot;:&quot;Timeout&quot;,&quot;con_stat&quot;:&quot;Connecting&quot;,&quot;bitrate&quot;:0,&quot;dest&quot;:&quot;bonded/bonded4&quot;},{&quot;mip&quot;:&quot;4000.ts&quot;,&quot;port&quot;:0,&quot;ip&quot;:&quot;file&quot;,&quot;in_name&quot;:&quot;bond&quot;,&quot;in_active&quot;:1,&quot;in_active_sources&quot;:0,&quot;prg_name&quot;:&quot;&quot;,&quot;prg_prov&quot;:&quot;&quot;,&quot;prg_num&quot;:-1,&quot;chan&quot;:&quot;&quot;,&quot;chan_id&quot;:-1,&quot;id&quot;:&quot;zixi://bonded(bonded5)#10.7.0.66:2088@10.7.0.65,192.168.60.66:2088@192.168.50.65,192.168.5.166:2088@192.168.5.165&quot;,&quot;type&quot;:2,&quot;name&quot;:&quot;bond5&quot;,&quot;asi&quot;:0,&quot;rtmp&quot;:0,&quot;file&quot;:1,&quot;active&quot;:1,&quot;group&quot;:&quot;&quot;,&quot;bonded&quot;:[],&quot;error&quot;:&quot;None&quot;,&quot;con_stat&quot;:&quot;Connecting&quot;,&quot;bitrate&quot;:0,&quot;dest&quot;:&quot;bonded/bonded5&quot;},{&quot;mip&quot;:&quot;4000.ts&quot;,&quot;port&quot;:0,&quot;ip&quot;:&quot;file&quot;,&quot;in_name&quot;:&quot;bond&quot;,&quot;in_active&quot;:1,&quot;in_active_sources&quot;:0,&quot;prg_name&quot;:&quot;&quot;,&quot;prg_prov&quot;:&quot;&quot;,&quot;prg_num&quot;:-1,&quot;chan&quot;:&quot;&quot;,&quot;chan_id&quot;:-1,&quot;id&quot;:&quot;zixi://bonded(bonded9)#10.7.0.66:2088@10.7.0.65,192.168.60.66:2088@192.168.50.65,192.168.5.166:2088@192.168.5.165&quot;,&quot;type&quot;:2,&quot;name&quot;:&quot;bond9&quot;,&quot;asi&quot;:0,&quot;rtmp&quot;:0,&quot;file&quot;:1,&quot;active&quot;:1,&quot;group&quot;:&quot;&quot;,&quot;bonded&quot;:[],&quot;error&quot;:&quot;None&quot;,&quot;con_stat&quot;:&quot;Connecting&quot;,&quot;bitrate&quot;:0,&quot;dest&quot;:&quot;bonded/bonded9&quot;},{&quot;mip&quot;:&quot;4000.ts&quot;,&quot;port&quot;:0,&quot;ip&quot;:&quot;file&quot;,&quot;in_name&quot;:&quot;bond&quot;,&quot;in_active&quot;:1,&quot;in_active_sources&quot;:0,&quot;prg_name&quot;:&quot;&quot;,&quot;prg_prov&quot;:&quot;&quot;,&quot;prg_num&quot;:-1,&quot;chan&quot;:&quot;&quot;,&quot;chan_id&quot;:-1,&quot;id&quot;:&quot;zixi://bonded(bonded12)#10.7.0.66:2088@10.7.0.65,192.168.60.66:2088@192.168.50.65,192.168.5.166:2088@192.168.5.165&quot;,&quot;type&quot;:2,&quot;name&quot;:&quot;bond12&quot;,&quot;asi&quot;:0,&quot;rtmp&quot;:0,&quot;file&quot;:1,&quot;active&quot;:1,&quot;group&quot;:&quot;&quot;,&quot;bonded&quot;:[],&quot;error&quot;:&quot;None&quot;,&quot;con_stat&quot;:&quot;Connecting&quot;,&quot;bitrate&quot;:0,&quot;dest&quot;:&quot;bonded/bonded12&quot;},{&quot;mip&quot;:&quot;4000.ts&quot;,&quot;port&quot;:0,&quot;ip&quot;:&quot;file&quot;,&quot;in_name&quot;:&quot;bond&quot;,&quot;in_active&quot;:1,&quot;in_active_sources&quot;:0,&quot;prg_name&quot;:&quot;&quot;,&quot;prg_prov&quot;:&quot;&quot;,&quot;prg_num&quot;:-1,&quot;chan&quot;:&quot;&quot;,&quot;chan_id&quot;:-1,&quot;id&quot;:&quot;zixi://bonded(bonded10)#10.7.0.66:2088@10.7.0.65,192.168.60.66:2088@192.168.50.65,192.168.5.166:2088@192.168.5.165&quot;,&quot;type&quot;:2,&quot;name&quot;:&quot;bond10&quot;,&quot;asi&quot;:0,&quot;rtmp&quot;:0,&quot;file&quot;:1,&quot;active&quot;:1,&quot;group&quot;:&quot;&quot;,&quot;bonded&quot;:[],&quot;error&quot;:&quot;Authentication&quot;,&quot;con_stat&quot;:&quot;Connecting&quot;,&quot;bitrate&quot;:0,&quot;dest&quot;:&quot;bonded/bonded10&quot;},{&quot;mip&quot;:&quot;4000.ts&quot;,&quot;port&quot;:0,&quot;ip&quot;:&quot;file&quot;,&quot;in_name&quot;:&quot;bond&quot;,&quot;in_active&quot;:1,&quot;in_active_sources&quot;:0,&quot;prg_name&quot;:&quot;&quot;,&quot;prg_prov&quot;:&quot;&quot;,&quot;prg_num&quot;:-1,&quot;chan&quot;:&quot;&quot;,&quot;chan_id&quot;:-1,&quot;id&quot;:&quot;zixi://bonded(bonded13)#10.7.0.66:2088@10.7.0.65,192.168.60.66:2088@192.168.50.65,192.168.5.166:2088@192.168.5.165&quot;,&quot;type&quot;:2,&quot;name&quot;:&quot;bond13&quot;,&quot;asi&quot;:0,&quot;rtmp&quot;:0,&quot;file&quot;:1,&quot;active&quot;:1,&quot;group&quot;:&quot;&quot;,&quot;bonded&quot;:[],&quot;error&quot;:&quot;None&quot;,&quot;con_stat&quot;:&quot;Connecting&quot;,&quot;bitrate&quot;:0,&quot;dest&quot;:&quot;bonded/bonded13&quot;},{&quot;mip&quot;:&quot;4000.ts&quot;,&quot;port&quot;:0,&quot;ip&quot;:&quot;file&quot;,&quot;in_name&quot;:&quot;bond&quot;,&quot;in_active&quot;:1,&quot;in_active_sources&quot;:0,&quot;prg_name&quot;:&quot;&quot;,&quot;prg_prov&quot;:&quot;&quot;,&quot;prg_num&quot;:-1,&quot;chan&quot;:&quot;&quot;,&quot;chan_id&quot;:-1,&quot;id&quot;:&quot;zixi://bonded(bonded3)#10.7.0.66:2088@10.7.0.65,192.168.60.66:2088@192.168.50.65,192.168.5.166:2088@192.168.5.165&quot;,&quot;type&quot;:2,&quot;name&quot;:&quot;bond3&quot;,&quot;asi&quot;:0,&quot;rtmp&quot;:0,&quot;file&quot;:1,&quot;active&quot;:1,&quot;group&quot;:&quot;&quot;,&quot;bonded&quot;:[],&quot;error&quot;:&quot;None&quot;,&quot;con_stat&quot;:&quot;Connecting&quot;,&quot;bitrate&quot;:0,&quot;dest&quot;:&quot;bonded/bonded3&quot;},{&quot;mip&quot;:&quot;4000.ts&quot;,&quot;port&quot;:0,&quot;ip&quot;:&quot;file&quot;,&quot;in_name&quot;:&quot;bond&quot;,&quot;in_active&quot;:1,&quot;in_active_sources&quot;:0,&quot;prg_name&quot;:&quot;&quot;,&quot;prg_prov&quot;:&quot;&quot;,&quot;prg_num&quot;:-1,&quot;chan&quot;:&quot;&quot;,&quot;chan_id&quot;:-1,&quot;id&quot;:&quot;zixi://bonded(bonded7)#10.7.0.66:2088@10.7.0.65,192.168.60.66:2088@192.168.50.65,192.168.5.166:2088@192.168.5.165&quot;,&quot;type&quot;:2,&quot;name&quot;:&quot;bond7&quot;,&quot;asi&quot;:0,&quot;rtmp&quot;:0,&quot;file&quot;:1,&quot;active&quot;:1,&quot;group&quot;:&quot;&quot;,&quot;bonded&quot;:[],&quot;error&quot;:&quot;None&quot;,&quot;con_stat&quot;:&quot;Connecting&quot;,&quot;bitrate&quot;:0,&quot;dest&quot;:&quot;bonded/bonded7&quot;},{&quot;mip&quot;:&quot;4000.ts&quot;,&quot;port&quot;:0,&quot;ip&quot;:&quot;file&quot;,&quot;in_name&quot;:&quot;bond&quot;,&quot;in_active&quot;:1,&quot;in_active_sources&quot;:0,&quot;prg_name&quot;:&quot;&quot;,&quot;prg_prov&quot;:&quot;&quot;,&quot;prg_num&quot;:-1,&quot;chan&quot;:&quot;&quot;,&quot;chan_id&quot;:-1,&quot;id&quot;:&quot;zixi://bonded(bonded14)#10.7.0.66:2088@10.7.0.65,192.168.60.66:2088@192.168.50.65,192.168.5.166:2088@192.168.5.165&quot;,&quot;type&quot;:2,&quot;name&quot;:&quot;bond14&quot;,&quot;asi&quot;:0,&quot;rtmp&quot;:0,&quot;file&quot;:1,&quot;active&quot;:1,&quot;group&quot;:&quot;&quot;,&quot;bonded&quot;:[],&quot;error&quot;:&quot;Timeout&quot;,&quot;con_stat&quot;:&quot;Connecting&quot;,&quot;bitrate&quot;:0,&quot;dest&quot;:&quot;bonded/bonded14&quot;},{&quot;mip&quot;:&quot;4000.ts&quot;,&quot;port&quot;:0,&quot;ip&quot;:&quot;file&quot;,&quot;in_name&quot;:&quot;bond&quot;,&quot;in_active&quot;:1,&quot;in_active_sources&quot;:0,&quot;prg_name&quot;:&quot;&quot;,&quot;prg_prov&quot;:&quot;&quot;,&quot;prg_num&quot;:-1,&quot;chan&quot;:&quot;&quot;,&quot;chan_id&quot;:-1,&quot;id&quot;:&quot;zixi://bonded(bonded0)#10.7.0.66:2088@10.7.0.65,192.168.60.66:2088@192.168.50.65,192.168.5.166:2088@192.168.5.165&quot;,&quot;type&quot;:2,&quot;name&quot;:&quot;bond0&quot;,&quot;asi&quot;:0,&quot;rtmp&quot;:0,&quot;file&quot;:1,&quot;active&quot;:1,&quot;group&quot;:&quot;&quot;,&quot;bonded&quot;:[],&quot;error&quot;:&quot;None&quot;,&quot;con_stat&quot;:&quot;Connecting&quot;,&quot;bitrate&quot;:0,&quot;dest&quot;:&quot;bonded/bonded0&quot;},{&quot;mip&quot;:&quot;4000.ts&quot;,&quot;port&quot;:0,&quot;ip&quot;:&quot;file&quot;,&quot;in_name&quot;:&quot;bond&quot;,&quot;in_active&quot;:1,&quot;in_active_sources&quot;:0,&quot;prg_name&quot;:&quot;&quot;,&quot;prg_prov&quot;:&quot;&quot;,&quot;prg_num&quot;:-1,&quot;chan&quot;:&quot;&quot;,&quot;chan_id&quot;:-1,&quot;id&quot;:&quot;zixi://bonded(bonded19)#10.7.0.66:2088@10.7.0.65,192.168.60.66:2088@192.168.50.65,192.168.5.166:2088@192.168.5.165&quot;,&quot;type&quot;:2,&quot;name&quot;:&quot;bond19&quot;,&quot;asi&quot;:0,&quot;rtmp&quot;:0,&quot;file&quot;:1,&quot;active&quot;:1,&quot;group&quot;:&quot;&quot;,&quot;bonded&quot;:[],&quot;error&quot;:&quot;None&quot;,&quot;con_stat&quot;:&quot;Connecting&quot;,&quot;bitrate&quot;:0,&quot;dest&quot;:&quot;bonded/bonded19&quot;},{&quot;mip&quot;:&quot;4000.ts&quot;,&quot;port&quot;:0,&quot;ip&quot;:&quot;file&quot;,&quot;in_name&quot;:&quot;bond&quot;,&quot;in_active&quot;:1,&quot;in_active_sources&quot;:0,&quot;prg_name&quot;:&quot;&quot;,&quot;prg_prov&quot;:&quot;&quot;,&quot;prg_num&quot;:-1,&quot;chan&quot;:&quot;&quot;,&quot;chan_id&quot;:-1,&quot;id&quot;:&quot;zixi://bonded(bonded16)#10.7.0.66:2088@10.7.0.65,192.168.60.66:2088@192.168.50.65,192.168.5.166:2088@192.168.5.165&quot;,&quot;type&quot;:2,&quot;name&quot;:&quot;bond16&quot;,&quot;asi&quot;:0,&quot;rtmp&quot;:0,&quot;file&quot;:1,&quot;active&quot;:1,&quot;group&quot;:&quot;&quot;,&quot;bonded&quot;:[],&quot;error&quot;:&quot;None&quot;,&quot;con_stat&quot;:&quot;Connecting&quot;,&quot;bitrate&quot;:0,&quot;dest&quot;:&quot;bonded/bonded16&quot;},{&quot;mip&quot;:&quot;4000.ts&quot;,&quot;port&quot;:0,&quot;ip&quot;:&quot;file&quot;,&quot;in_name&quot;:&quot;bond&quot;,&quot;in_active&quot;:1,&quot;in_active_sources&quot;:0,&quot;prg_name&quot;:&quot;&quot;,&quot;prg_prov&quot;:&quot;&quot;,&quot;prg_num&quot;:-1,&quot;chan&quot;:&quot;&quot;,&quot;chan_id&quot;:-1,&quot;id&quot;:&quot;zixi://bonded(bonded20)#10.7.0.66:2088@10.7.0.65,192.168.60.66:2088@192.168.50.65,192.168.5.166:2088@192.168.5.165&quot;,&quot;type&quot;:2,&quot;name&quot;:&quot;bond20&quot;,&quot;asi&quot;:0,&quot;rtmp&quot;:0,&quot;file&quot;:1,&quot;active&quot;:1,&quot;group&quot;:&quot;&quot;,&quot;bonded&quot;:[],&quot;error&quot;:&quot;Timeout&quot;,&quot;con_stat&quot;:&quot;Connecting&quot;,&quot;bitrate&quot;:0,&quot;dest&quot;:&quot;bonded/bonded20&quot;},{&quot;mip&quot;:&quot;4000.ts&quot;,&quot;port&quot;:0,&quot;ip&quot;:&quot;file&quot;,&quot;in_name&quot;:&quot;bond&quot;,&quot;in_active&quot;:1,&quot;in_active_sources&quot;:0,&quot;prg_name&quot;:&quot;&quot;,&quot;prg_prov&quot;:&quot;&quot;,&quot;prg_num&quot;:-1,&quot;chan&quot;:&quot;&quot;,&quot;chan_id&quot;:-1,&quot;id&quot;:&quot;zixi://bonded(bonded8)#10.7.0.66:2088@10.7.0.65,192.168.60.66:2088@192.168.50.65,192.168.5.166:2088@192.168.5.165&quot;,&quot;type&quot;:2,&quot;name&quot;:&quot;bond8&quot;,&quot;asi&quot;:0,&quot;rtmp&quot;:0,&quot;file&quot;:1,&quot;active&quot;:1,&quot;group&quot;:&quot;&quot;,&quot;bonded&quot;:[],&quot;error&quot;:&quot;None&quot;,&quot;con_stat&quot;:&quot;Connecting&quot;,&quot;bitrate&quot;:0,&quot;dest&quot;:&quot;bonded/bonded8&quot;},{&quot;mip&quot;:&quot;4000.ts&quot;,&quot;port&quot;:0,&quot;ip&quot;:&quot;file&quot;,&quot;in_name&quot;:&quot;bond&quot;,&quot;in_active&quot;:1,&quot;in_active_sources&quot;:0,&quot;prg_name&quot;:&quot;&quot;,&quot;prg_prov&quot;:&quot;&quot;,&quot;prg_num&quot;:-1,&quot;chan&quot;:&quot;&quot;,&quot;chan_id&quot;:-1,&quot;id&quot;:&quot;zixi://bonded(bonded23)#10.7.0.66:2088@10.7.0.65,192.168.60.66:2088@192.168.50.65,192.168.5.166:2088@192.168.5.165&quot;,&quot;type&quot;:2,&quot;name&quot;:&quot;bond23&quot;,&quot;asi&quot;:0,&quot;rtmp&quot;:0,&quot;file&quot;:1,&quot;active&quot;:1,&quot;group&quot;:&quot;&quot;,&quot;bonded&quot;:[],&quot;error&quot;:&quot;None&quot;,&quot;con_stat&quot;:&quot;Connecting&quot;,&quot;bitrate&quot;:0,&quot;dest&quot;:&quot;bonded/bonded23&quot;}]}
Debug printing ------&gt;&gt;&gt; {&quot;custom_data&quot;:&quot;&quot;,&quot;msg&quot;:&quot;Output deleted.&quot;,&quot;error&quot;:&quot;&quot;,&quot;outs&quot;:[{&quot;mip&quot;:&quot;live_recording.ts&quot;,&quot;port&quot;:0,&quot;ip&quot;:&quot;file&quot;,&quot;in_name&quot;:&quot;feederoutputname&quot;,&quot;in_active&quot;:1,&quot;in_active_sources&quot;:0,&quot;prg_name&quot;:&quot;&quot;,&quot;prg_prov&quot;:&quot;&quot;,&quot;prg_num&quot;:1,&quot;chan&quot;:&quot;&quot;,&quot;chan_id&quot;:-1,&quot;id&quot;:&quot;zixi://10.7.0.66:2088/feederout&quot;,&quot;type&quot;:2,&quot;name&quot;:&quot;feederoutputname&quot;,&quot;asi&quot;:0,&quot;rtmp&quot;:0,&quot;file&quot;:1,&quot;active&quot;:1,&quot;group&quot;:&quot;&quot;,&quot;error&quot;:&quot;Authentication&quot;,&quot;con_stat&quot;:&quot;Disconnected&quot;,&quot;bitrate&quot;:0,&quot;dest&quot;:&quot;10.7.0.66:2088/feederout&quot;},{&quot;mip&quot;:&quot;4000.ts&quot;,&quot;port&quot;:0,&quot;ip&quot;:&quot;file&quot;,&quot;in_name&quot;:&quot;bond&quot;,&quot;in_active&quot;:1,&quot;in_active_sources&quot;:0,&quot;prg_name&quot;:&quot;&quot;,&quot;prg_prov&quot;:&quot;&quot;,&quot;prg_num&quot;:-1,&quot;chan&quot;:&quot;&quot;,&quot;chan_id&quot;:-1,&quot;id&quot;:&quot;zixi://bonded(bonded46)#10.7.0.66:2088@10.7.0.65,192.168.60.66:2088@192.168.50.65,192.168.5.166:2088@192.168.5.165&quot;,&quot;type&quot;:2,&quot;name&quot;:&quot;bond46&quot;,&quot;asi&quot;:0,&quot;rtmp&quot;:0,&quot;file&quot;:1,&quot;active&quot;:1,&quot;group&quot;:&quot;&quot;,&quot;bonded&quot;:[],&quot;error&quot;:&quot;Authentication&quot;,&quot;con_stat&quot;:&quot;Connecting&quot;,&quot;bitrate&quot;:0,&quot;dest&quot;:&quot;bonded/bonded46&quot;},{&quot;mip&quot;:&quot;4000.ts&quot;,&quot;port&quot;:0,&quot;ip&quot;:&quot;file&quot;,&quot;in_name&quot;:&quot;bond&quot;,&quot;in_active&quot;:1,&quot;in_active_sources&quot;:0,&quot;prg_name&quot;:&quot;&quot;,&quot;prg_prov&quot;:&quot;&quot;,&quot;prg_num&quot;:-1,&quot;chan&quot;:&quot;&quot;,&quot;chan_id&quot;:-1,&quot;id&quot;:&quot;zixi://bonded(bonded24)#10.7.0.66:2088@10.7.0.65,192.168.60.66:2088@192.168.50.65,192.168.5.166:2088@192.168.5.165&quot;,&quot;type&quot;:2,&quot;name&quot;:&quot;bond24&quot;,&quot;asi&quot;:0,&quot;rtmp&quot;:0,&quot;file&quot;:1,&quot;active&quot;:1,&quot;group&quot;:&quot;&quot;,&quot;bonded&quot;:[],&quot;error&quot;:&quot;None&quot;,&quot;con_stat&quot;:&quot;Connecting&quot;,&quot;bitrate&quot;:0,&quot;dest&quot;:&quot;bonded/bonded24&quot;},{&quot;mip&quot;:&quot;4000.ts&quot;,&quot;port&quot;:0,&quot;ip&quot;:&quot;file&quot;,&quot;in_name&quot;:&quot;bond&quot;,&quot;in_active&quot;:1,&quot;in_active_sources&quot;:0,&quot;prg_name&quot;:&quot;&quot;,&quot;prg_prov&quot;:&quot;&quot;,&quot;prg_num&quot;:-1,&quot;chan&quot;:&quot;&quot;,&quot;chan_id&quot;:-1,&quot;id&quot;:&quot;zixi://bonded(bonded15)#10.7.0.66:2088@10.7.0.65,192.168.60.66:2088@192.168.50.65,192.168.5.166:2088@192.168.5.165&quot;,&quot;type&quot;:2,&quot;name&quot;:&quot;bond15&quot;,&quot;asi&quot;:0,&quot;rtmp&quot;:0,&quot;file&quot;:1,&quot;active&quot;:1,&quot;group&quot;:&quot;&quot;,&quot;bonded&quot;:[],&quot;error&quot;:&quot;Timeout&quot;,&quot;con_stat&quot;:&quot;Connecting&quot;,&quot;bitrate&quot;:0,&quot;dest&quot;:&quot;bonded/bonded15&quot;},{&quot;mip&quot;:&quot;4000.ts&quot;,&quot;port&quot;:0,&quot;ip&quot;:&quot;file&quot;,&quot;in_name&quot;:&quot;bond&quot;,&quot;in_active&quot;:1,&quot;in_active_sources&quot;:0,&quot;prg_name&quot;:&quot;&quot;,&quot;prg_prov&quot;:&quot;&quot;,&quot;prg_num&quot;:-1,&quot;chan&quot;:&quot;&quot;,&quot;chan_id&quot;:-1,&quot;id&quot;:&quot;zixi://bonded(bonded28)#10.7.0.66:2088@10.7.0.65,192.168.60.66:2088@192.168.50.65,192.168.5.166:2088@192.168.5.165&quot;,&quot;type&quot;:2,&quot;name&quot;:&quot;bond28&quot;,&quot;asi&quot;:0,&quot;rtmp&quot;:0,&quot;file&quot;:1,&quot;active&quot;:1,&quot;group&quot;:&quot;&quot;,&quot;bonded&quot;:[],&quot;error&quot;:&quot;None&quot;,&quot;con_stat&quot;:&quot;Connecting&quot;,&quot;bitrate&quot;:0,&quot;dest&quot;:&quot;bonded/bonded28&quot;},{&quot;mip&quot;:&quot;4000.ts&quot;,&quot;port&quot;:0,&quot;ip&quot;:&quot;file&quot;,&quot;in_name&quot;:&quot;bond&quot;,&quot;in_active&quot;:1,&quot;in_active_sources&quot;:0,&quot;prg_name&quot;:&quot;&quot;,&quot;prg_prov&quot;:&quot;&quot;,&quot;prg_num&quot;:-1,&quot;chan&quot;:&quot;&quot;,&quot;chan_id&quot;:-1,&quot;id&quot;:&quot;zixi://bonded(bonded25)#10.7.0.66:2088@10.7.0.65,192.168.60.66:2088@192.168.50.65,192.168.5.166:2088@192.168.5.165&quot;,&quot;type&quot;:2,&quot;name&quot;:&quot;bond25&quot;,&quot;asi&quot;:0,&quot;rtmp&quot;:0,&quot;file&quot;:1,&quot;active&quot;:1,&quot;group&quot;:&quot;&quot;,&quot;bonded&quot;:[],&quot;error&quot;:&quot;None&quot;,&quot;con_stat&quot;:&quot;Connecting&quot;,&quot;bitrate&quot;:0,&quot;dest&quot;:&quot;bonded/bonded25&quot;},{&quot;mip&quot;:&quot;4000.ts&quot;,&quot;port&quot;:0,&quot;ip&quot;:&quot;file&quot;,&quot;in_name&quot;:&quot;bond&quot;,&quot;in_active&quot;:1,&quot;in_active_sources&quot;:0,&quot;prg_name&quot;:&quot;&quot;,&quot;prg_prov&quot;:&quot;&quot;,&quot;prg_num&quot;:-1,&quot;chan&quot;:&quot;&quot;,&quot;chan_id&quot;:-1,&quot;id&quot;:&quot;zixi://bonded(bonded18)#10.7.0.66:2088@10.7.0.65,192.168.60.66:2088@192.168.50.65,192.168.5.166:2088@192.168.5.165&quot;,&quot;type&quot;:2,&quot;name&quot;:&quot;bond18&quot;,&quot;asi&quot;:0,&quot;rtmp&quot;:0,&quot;file&quot;:1,&quot;active&quot;:1,&quot;group&quot;:&quot;&quot;,&quot;bonded&quot;:[],&quot;error&quot;:&quot;Timeout&quot;,&quot;con_stat&quot;:&quot;Connecting&quot;,&quot;bitrate&quot;:0,&quot;dest&quot;:&quot;bonded/bonded18&quot;},{&quot;mip&quot;:&quot;4000.ts&quot;,&quot;port&quot;:0,&quot;ip&quot;:&quot;file&quot;,&quot;in_name&quot;:&quot;bond&quot;,&quot;in_active&quot;:1,&quot;in_active_sources&quot;:0,&quot;prg_name&quot;:&quot;&quot;,&quot;prg_prov&quot;:&quot;&quot;,&quot;prg_num&quot;:-1,&quot;chan&quot;:&quot;&quot;,&quot;chan_id&quot;:-1,&quot;id&quot;:&quot;zixi://bonded(bonded29)#10.7.0.66:2088@10.7.0.65,192.168.60.66:2088@192.168.50.65,192.168.5.166:2088@192.168.5.165&quot;,&quot;type&quot;:2,&quot;name&quot;:&quot;bond29&quot;,&quot;asi&quot;:0,&quot;rtmp&quot;:0,&quot;file&quot;:1,&quot;active&quot;:1,&quot;group&quot;:&quot;&quot;,&quot;bonded&quot;:[],&quot;error&quot;:&quot;None&quot;,&quot;con_stat&quot;:&quot;Connecting&quot;,&quot;bitrate&quot;:0,&quot;dest&quot;:&quot;bonded/bonded29&quot;},{&quot;mip&quot;:&quot;4000.ts&quot;,&quot;port&quot;:0,&quot;ip&quot;:&quot;file&quot;,&quot;in_name&quot;:&quot;bond&quot;,&quot;in_active&quot;:1,&quot;in_active_sources&quot;:0,&quot;prg_name&quot;:&quot;&quot;,&quot;prg_prov&quot;:&quot;&quot;,&quot;prg_num&quot;:-1,&quot;chan&quot;:&quot;&quot;,&quot;chan_id&quot;:-1,&quot;id&quot;:&quot;zixi://bonded(bonded31)#10.7.0.66:2088@10.7.0.65,192.168.60.66:2088@192.168.50.65,192.168.5.166:2088@192.168.5.165&quot;,&quot;type&quot;:2,&quot;name&quot;:&quot;bond31&quot;,&quot;asi&quot;:0,&quot;rtmp&quot;:0,&quot;file&quot;:1,&quot;active&quot;:1,&quot;group&quot;:&quot;&quot;,&quot;bonded&quot;:[],&quot;error&quot;:&quot;Authentication&quot;,&quot;con_stat&quot;:&quot;Connecting&quot;,&quot;bitrate&quot;:0,&quot;dest&quot;:&quot;bonded/bonded31&quot;},{&quot;mip&quot;:&quot;4000.ts&quot;,&quot;port&quot;:0,&quot;ip&quot;:&quot;file&quot;,&quot;in_name&quot;:&quot;bond&quot;,&quot;in_active&quot;:1,&quot;in_active_sources&quot;:0,&quot;prg_name&quot;:&quot;&quot;,&quot;prg_prov&quot;:&quot;&quot;,&quot;prg_num&quot;:-1,&quot;chan&quot;:&quot;&quot;,&quot;chan_id&quot;:-1,&quot;id&quot;:&quot;zixi://bonded(bonded44)#10.7.0.66:2088@10.7.0.65,192.168.60.66:2088@192.168.50.65,192.168.5.166:2088@192.168.5.165&quot;,&quot;type&quot;:2,&quot;name&quot;:&quot;bond44&quot;,&quot;asi&quot;:0,&quot;rtmp&quot;:0,&quot;file&quot;:1,&quot;active&quot;:1,&quot;group&quot;:&quot;&quot;,&quot;bonded&quot;:[],&quot;error&quot;:&quot;None&quot;,&quot;con_stat&quot;:&quot;Connecting&quot;,&quot;bitrate&quot;:0,&quot;dest&quot;:&quot;bonded/bonded44&quot;},{&quot;mip&quot;:&quot;4000.ts&quot;,&quot;port&quot;:0,&quot;ip&quot;:&quot;file&quot;,&quot;in_name&quot;:&quot;bond&quot;,&quot;in_active&quot;:1,&quot;in_active_sources&quot;:0,&quot;prg_name&quot;:&quot;&quot;,&quot;prg_prov&quot;:&quot;&quot;,&quot;prg_num&quot;:-1,&quot;chan&quot;:&quot;&quot;,&quot;chan_id&quot;:-1,&quot;id&quot;:&quot;zixi://bonded(bonded40)#10.7.0.66:2088@10.7.0.65,192.168.60.66:2088@192.168.50.65,192.168.5.166:2088@192.168.5.165&quot;,&quot;type&quot;:2,&quot;name&quot;:&quot;bond40&quot;,&quot;asi&quot;:0,&quot;rtmp&quot;:0,&quot;file&quot;:1,&quot;active&quot;:1,&quot;group&quot;:&quot;&quot;,&quot;bonded&quot;:[],&quot;error&quot;:&quot;Authentication&quot;,&quot;con_stat&quot;:&quot;Connecting&quot;,&quot;bitrate&quot;:0,&quot;dest&quot;:&quot;bonded/bonded40&quot;},{&quot;mip&quot;:&quot;4000.ts&quot;,&quot;port&quot;:0,&quot;ip&quot;:&quot;file&quot;,&quot;in_name&quot;:&quot;bond&quot;,&quot;in_active&quot;:1,&quot;in_active_sources&quot;:0,&quot;prg_name&quot;:&quot;&quot;,&quot;prg_prov&quot;:&quot;&quot;,&quot;prg_num&quot;:-1,&quot;chan&quot;:&quot;&quot;,&quot;chan_id&quot;:-1,&quot;id&quot;:&quot;zixi://bonded(bonded17)#10.7.0.66:2088@10.7.0.65,192.168.60.66:2088@192.168.50.65,192.168.5.166:2088@192.168.5.165&quot;,&quot;type&quot;:2,&quot;name&quot;:&quot;bond17&quot;,&quot;asi&quot;:0,&quot;rtmp&quot;:0,&quot;file&quot;:1,&quot;active&quot;:1,&quot;group&quot;:&quot;&quot;,&quot;bonded&quot;:[],&quot;error&quot;:&quot;None&quot;,&quot;con_stat&quot;:&quot;Connecting&quot;,&quot;bitrate&quot;:0,&quot;dest&quot;:&quot;bonded/bonded17&quot;},{&quot;mip&quot;:&quot;4000.ts&quot;,&quot;port&quot;:0,&quot;ip&quot;:&quot;file&quot;,&quot;in_name&quot;:&quot;bond&quot;,&quot;in_active&quot;:1,&quot;in_active_sources&quot;:0,&quot;prg_name&quot;:&quot;&quot;,&quot;prg_prov&quot;:&quot;&quot;,&quot;prg_num&quot;:-1,&quot;chan&quot;:&quot;&quot;,&quot;chan_id&quot;:-1,&quot;id&quot;:&quot;zixi://bonded(bonded49)#10.7.0.66:2088@10.7.0.65,192.168.60.66:2088@192.168.50.65,192.168.5.166:2088@192.168.5.165&quot;,&quot;type&quot;:2,&quot;name&quot;:&quot;bond49&quot;,&quot;asi&quot;:0,&quot;rtmp&quot;:0,&quot;file&quot;:1,&quot;active&quot;:1,&quot;group&quot;:&quot;&quot;,&quot;bonded&quot;:[],&quot;error&quot;:&quot;Timeout&quot;,&quot;con_stat&quot;:&quot;Connecting&quot;,&quot;bitrate&quot;:0,&quot;dest&quot;:&quot;bonded/bonded49&quot;},{&quot;mip&quot;:&quot;4000.ts&quot;,&quot;port&quot;:0,&quot;ip&quot;:&quot;file&quot;,&quot;in_name&quot;:&quot;bond&quot;,&quot;in_active&quot;:1,&quot;in_active_sources&quot;:0,&quot;prg_name&quot;:&quot;&quot;,&quot;prg_prov&quot;:&quot;&quot;,&quot;prg_num&quot;:-1,&quot;chan&quot;:&quot;&quot;,&quot;chan_id&quot;:-1,&quot;id&quot;:&quot;zixi://bonded(bonded34)#10.7.0.66:2088@10.7.0.65,192.168.60.66:2088@192.168.50.65,192.168.5.166:2088@192.168.5.165&quot;,&quot;type&quot;:2,&quot;name&quot;:&quot;bond34&quot;,&quot;asi&quot;:0,&quot;rtmp&quot;:0,&quot;file&quot;:1,&quot;active&quot;:1,&quot;group&quot;:&quot;&quot;,&quot;bonded&quot;:[],&quot;error&quot;:&quot;Timeout&quot;,&quot;con_stat&quot;:&quot;Connecting&quot;,&quot;bitrate&quot;:0,&quot;dest&quot;:&quot;bonded/bonded34&quot;},{&quot;mip&quot;:&quot;4000.ts&quot;,&quot;port&quot;:0,&quot;ip&quot;:&quot;file&quot;,&quot;in_name&quot;:&quot;bond&quot;,&quot;in_active&quot;:1,&quot;in_active_sources&quot;:0,&quot;prg_name&quot;:&quot;&quot;,&quot;prg_prov&quot;:&quot;&quot;,&quot;prg_num&quot;:-1,&quot;chan&quot;:&quot;&quot;,&quot;chan_id&quot;:-1,&quot;id&quot;:&quot;zixi://bonded(bonded42)#10.7.0.66:2088@10.7.0.65,192.168.60.66:2088@192.168.50.65,192.168.5.166:2088@192.168.5.165&quot;,&quot;type&quot;:2,&quot;name&quot;:&quot;bond42&quot;,&quot;asi&quot;:0,&quot;rtmp&quot;:0,&quot;file&quot;:1,&quot;active&quot;:1,&quot;group&quot;:&quot;&quot;,&quot;bonded&quot;:[],&quot;error&quot;:&quot;Timeout&quot;,&quot;con_stat&quot;:&quot;Connecting&quot;,&quot;bitrate&quot;:0,&quot;dest&quot;:&quot;bonded/bonded42&quot;},{&quot;mip&quot;:&quot;4000.ts&quot;,&quot;port&quot;:0,&quot;ip&quot;:&quot;file&quot;,&quot;in_name&quot;:&quot;bond&quot;,&quot;in_active&quot;:1,&quot;in_active_sources&quot;:0,&quot;prg_name&quot;:&quot;&quot;,&quot;prg_prov&quot;:&quot;&quot;,&quot;prg_num&quot;:-1,&quot;chan&quot;:&quot;&quot;,&quot;chan_id&quot;:-1,&quot;id&quot;:&quot;zixi://bonded(bonded45)#10.7.0.66:2088@10.7.0.65,192.168.60.66:2088@192.168.50.65,192.168.5.166:2088@192.168.5.165&quot;,&quot;type&quot;:2,&quot;name&quot;:&quot;bond45&quot;,&quot;asi&quot;:0,&quot;rtmp&quot;:0,&quot;file&quot;:1,&quot;active&quot;:1,&quot;group&quot;:&quot;&quot;,&quot;bonded&quot;:[],&quot;error&quot;:&quot;Timeout&quot;,&quot;con_stat&quot;:&quot;Connecting&quot;,&quot;bitrate&quot;:0,&quot;dest&quot;:&quot;bonded/bonded45&quot;},{&quot;mip&quot;:&quot;4000.ts&quot;,&quot;port&quot;:0,&quot;ip&quot;:&quot;file&quot;,&quot;in_name&quot;:&quot;bond&quot;,&quot;in_active&quot;:1,&quot;in_active_sources&quot;:0,&quot;prg_name&quot;:&quot;&quot;,&quot;prg_prov&quot;:&quot;&quot;,&quot;prg_num&quot;:-1,&quot;chan&quot;:&quot;&quot;,&quot;chan_id&quot;:-1,&quot;id&quot;:&quot;zixi://bonded(bonded43)#10.7.0.66:2088@10.7.0.65,192.168.60.66:2088@192.168.50.65,192.168.5.166:2088@192.168.5.165&quot;,&quot;type&quot;:2,&quot;name&quot;:&quot;bond43&quot;,&quot;asi&quot;:0,&quot;rtmp&quot;:0,&quot;file&quot;:1,&quot;active&quot;:1,&quot;group&quot;:&quot;&quot;,&quot;bonded&quot;:[],&quot;error&quot;:&quot;Authentication&quot;,&quot;con_stat&quot;:&quot;Connecting&quot;,&quot;bitrate&quot;:0,&quot;dest&quot;:&quot;bonded/bonded43&quot;},{&quot;mip&quot;:&quot;4000.ts&quot;,&quot;port&quot;:0,&quot;ip&quot;:&quot;file&quot;,&quot;in_name&quot;:&quot;bond&quot;,&quot;in_active&quot;:1,&quot;in_active_sources&quot;:0,&quot;prg_name&quot;:&quot;&quot;,&quot;prg_prov&quot;:&quot;&quot;,&quot;prg_num&quot;:-1,&quot;chan&quot;:&quot;&quot;,&quot;chan_id&quot;:-1,&quot;id&quot;:&quot;zixi://bonded(bonded38)#10.7.0.66:2088@10.7.0.65,192.168.60.66:2088@192.168.50.65,192.168.5.166:2088@192.168.5.165&quot;,&quot;type&quot;:2,&quot;name&quot;:&quot;bond38&quot;,&quot;asi&quot;:0,&quot;rtmp&quot;:0,&quot;file&quot;:1,&quot;active&quot;:1,&quot;group&quot;:&quot;&quot;,&quot;bonded&quot;:[],&quot;error&quot;:&quot;Timeout&quot;,&quot;con_stat&quot;:&quot;Connecting&quot;,&quot;bitrate&quot;:0,&quot;dest&quot;:&quot;bonded/bonded38&quot;},{&quot;mip&quot;:&quot;4000.ts&quot;,&quot;port&quot;:0,&quot;ip&quot;:&quot;file&quot;,&quot;in_name&quot;:&quot;bond&quot;,&quot;in_active&quot;:1,&quot;in_active_sources&quot;:0,&quot;prg_name&quot;:&quot;&quot;,&quot;prg_prov&quot;:&quot;&quot;,&quot;prg_num&quot;:-1,&quot;chan&quot;:&quot;&quot;,&quot;chan_id&quot;:-1,&quot;id&quot;:&quot;zixi://bonded(bonded47)#10.7.0.66:2088@10.7.0.65,192.168.60.66:2088@192.168.50.65,192.168.5.166:2088@192.168.5.165&quot;,&quot;type&quot;:2,&quot;name&quot;:&quot;bond47&quot;,&quot;asi&quot;:0,&quot;rtmp&quot;:0,&quot;file&quot;:1,&quot;active&quot;:1,&quot;group&quot;:&quot;&quot;,&quot;bonded&quot;:[],&quot;error&quot;:&quot;Authentication&quot;,&quot;con_stat&quot;:&quot;Connecting&quot;,&quot;bitrate&quot;:0,&quot;dest&quot;:&quot;bonded/bonded47&quot;},{&quot;mip&quot;:&quot;4000.ts&quot;,&quot;port&quot;:0,&quot;ip&quot;:&quot;file&quot;,&quot;in_name&quot;:&quot;bond&quot;,&quot;in_active&quot;:1,&quot;in_active_sources&quot;:0,&quot;prg_name&quot;:&quot;&quot;,&quot;prg_prov&quot;:&quot;&quot;,&quot;prg_num&quot;:-1,&quot;chan&quot;:&quot;&quot;,&quot;chan_id&quot;:-1,&quot;id&quot;:&quot;zixi://bonded(bonded48)#10.7.0.66:2088@10.7.0.65,192.168.60.66:2088@192.168.50.65,192.168.5.166:2088@192.168.5.165&quot;,&quot;type&quot;:2,&quot;name&quot;:&quot;bond48&quot;,&quot;asi&quot;:0,&quot;rtmp&quot;:0,&quot;file&quot;:1,&quot;active&quot;:1,&quot;group&quot;:&quot;&quot;,&quot;bonded&quot;:[],&quot;error&quot;:&quot;Timeout&quot;,&quot;con_stat&quot;:&quot;Connecting&quot;,&quot;bitrate&quot;:0,&quot;dest&quot;:&quot;bonded/bonded48&quot;},{&quot;mip&quot;:&quot;4000.ts&quot;,&quot;port&quot;:0,&quot;ip&quot;:&quot;file&quot;,&quot;in_name&quot;:&quot;bond&quot;,&quot;in_active&quot;:1,&quot;in_active_sources&quot;:0,&quot;prg_name&quot;:&quot;&quot;,&quot;prg_prov&quot;:&quot;&quot;,&quot;prg_num&quot;:-1,&quot;chan&quot;:&quot;&quot;,&quot;chan_id&quot;:-1,&quot;id&quot;:&quot;zixi://bonded(bonded11)#10.7.0.66:2088@10.7.0.65,192.168.60.66:2088@192.168.50.65,192.168.5.166:2088@192.168.5.165&quot;,&quot;type&quot;:2,&quot;name&quot;:&quot;bond11&quot;,&quot;asi&quot;:0,&quot;rtmp&quot;:0,&quot;file&quot;:1,&quot;active&quot;:1,&quot;group&quot;:&quot;&quot;,&quot;bonded&quot;:[],&quot;error&quot;:&quot;None&quot;,&quot;con_stat&quot;:&quot;Connecting&quot;,&quot;bitrate&quot;:0,&quot;dest&quot;:&quot;bonded/bonded11&quot;},{&quot;mip&quot;:&quot;4000.ts&quot;,&quot;port&quot;:0,&quot;ip&quot;:&quot;file&quot;,&quot;in_name&quot;:&quot;bond&quot;,&quot;in_active&quot;:1,&quot;in_active_sources&quot;:0,&quot;prg_name&quot;:&quot;&quot;,&quot;prg_prov&quot;:&quot;&quot;,&quot;prg_num&quot;:-1,&quot;chan&quot;:&quot;&quot;,&quot;chan_id&quot;:-1,&quot;id&quot;:&quot;zixi://bonded(bonded6)#10.7.0.66:2088@10.7.0.65,192.168.60.66:2088@192.168.50.65,192.168.5.166:2088@192.168.5.165&quot;,&quot;type&quot;:2,&quot;name&quot;:&quot;bond6&quot;,&quot;asi&quot;:0,&quot;rtmp&quot;:0,&quot;file&quot;:1,&quot;active&quot;:1,&quot;group&quot;:&quot;&quot;,&quot;bonded&quot;:[],&quot;error&quot;:&quot;None&quot;,&quot;con_stat&quot;:&quot;Connecting&quot;,&quot;bitrate&quot;:0,&quot;dest&quot;:&quot;bonded/bonded6&quot;},{&quot;mip&quot;:&quot;4000.ts&quot;,&quot;port&quot;:0,&quot;ip&quot;:&quot;file&quot;,&quot;in_name&quot;:&quot;bond&quot;,&quot;in_active&quot;:1,&quot;in_active_sources&quot;:0,&quot;prg_name&quot;:&quot;&quot;,&quot;prg_prov&quot;:&quot;&quot;,&quot;prg_num&quot;:-1,&quot;chan&quot;:&quot;&quot;,&quot;chan_id&quot;:-1,&quot;id&quot;:&quot;zixi://bonded(bonded2)#10.7.0.66:2088@10.7.0.65,192.168.60.66:2088@192.168.50.65,192.168.5.166:2088@192.168.5.165&quot;,&quot;type&quot;:2,&quot;name&quot;:&quot;bond2&quot;,&quot;asi&quot;:0,&quot;rtmp&quot;:0,&quot;file&quot;:1,&quot;active&quot;:1,&quot;group&quot;:&quot;&quot;,&quot;bonded&quot;:[],&quot;error&quot;:&quot;None&quot;,&quot;con_stat&quot;:&quot;Connecting&quot;,&quot;bitrate&quot;:0,&quot;dest&quot;:&quot;bonded/bonded2&quot;},{&quot;mip&quot;:&quot;4000.ts&quot;,&quot;port&quot;:0,&quot;ip&quot;:&quot;file&quot;,&quot;in_name&quot;:&quot;bond&quot;,&quot;in_active&quot;:1,&quot;in_active_sources&quot;:0,&quot;prg_name&quot;:&quot;&quot;,&quot;prg_prov&quot;:&quot;&quot;,&quot;prg_num&quot;:-1,&quot;chan&quot;:&quot;&quot;,&quot;chan_id&quot;:-1,&quot;id&quot;:&quot;zixi://bonded(bonded1)#10.7.0.66:2088@10.7.0.65,192.168.60.66:2088@192.168.50.65,192.168.5.166:2088@192.168.5.165&quot;,&quot;type&quot;:2,&quot;name&quot;:&quot;bond1&quot;,&quot;asi&quot;:0,&quot;rtmp&quot;:0,&quot;file&quot;:1,&quot;active&quot;:1,&quot;group&quot;:&quot;&quot;,&quot;bonded&quot;:[],&quot;error&quot;:&quot;None&quot;,&quot;con_stat&quot;:&quot;Connecting&quot;,&quot;bitrate&quot;:0,&quot;dest&quot;:&quot;bonded/bonded1&quot;},{&quot;mip&quot;:&quot;4000.ts&quot;,&quot;port&quot;:0,&quot;ip&quot;:&quot;file&quot;,&quot;in_name&quot;:&quot;bond&quot;,&quot;in_active&quot;:1,&quot;in_active_sources&quot;:0,&quot;prg_name&quot;:&quot;&quot;,&quot;prg_prov&quot;:&quot;&quot;,&quot;prg_num&quot;:-1,&quot;chan&quot;:&quot;&quot;,&quot;chan_id&quot;:-1,&quot;id&quot;:&quot;zixi://bonded(bonded4)#10.7.0.66:2088@10.7.0.65,192.168.60.66:2088@192.168.50.65,192.168.5.166:2088@192.168.5.165&quot;,&quot;type&quot;:2,&quot;name&quot;:&quot;bond4&quot;,&quot;asi&quot;:0,&quot;rtmp&quot;:0,&quot;file&quot;:1,&quot;active&quot;:1,&quot;group&quot;:&quot;&quot;,&quot;bonded&quot;:[],&quot;error&quot;:&quot;Timeout&quot;,&quot;con_stat&quot;:&quot;Connecting&quot;,&quot;bitrate&quot;:0,&quot;dest&quot;:&quot;bonded/bonded4&quot;},{&quot;mip&quot;:&quot;4000.ts&quot;,&quot;port&quot;:0,&quot;ip&quot;:&quot;file&quot;,&quot;in_name&quot;:&quot;bond&quot;,&quot;in_active&quot;:1,&quot;in_active_sources&quot;:0,&quot;prg_name&quot;:&quot;&quot;,&quot;prg_prov&quot;:&quot;&quot;,&quot;prg_num&quot;:-1,&quot;chan&quot;:&quot;&quot;,&quot;chan_id&quot;:-1,&quot;id&quot;:&quot;zixi://bonded(bonded5)#10.7.0.66:2088@10.7.0.65,192.168.60.66:2088@192.168.50.65,192.168.5.166:2088@192.168.5.165&quot;,&quot;type&quot;:2,&quot;name&quot;:&quot;bond5&quot;,&quot;asi&quot;:0,&quot;rtmp&quot;:0,&quot;file&quot;:1,&quot;active&quot;:1,&quot;group&quot;:&quot;&quot;,&quot;bonded&quot;:[],&quot;error&quot;:&quot;None&quot;,&quot;con_stat&quot;:&quot;Connecting&quot;,&quot;bitrate&quot;:0,&quot;dest&quot;:&quot;bonded/bonded5&quot;},{&quot;mip&quot;:&quot;4000.ts&quot;,&quot;port&quot;:0,&quot;ip&quot;:&quot;file&quot;,&quot;in_name&quot;:&quot;bond&quot;,&quot;in_active&quot;:1,&quot;in_active_sources&quot;:0,&quot;prg_name&quot;:&quot;&quot;,&quot;prg_prov&quot;:&quot;&quot;,&quot;prg_num&quot;:-1,&quot;chan&quot;:&quot;&quot;,&quot;chan_id&quot;:-1,&quot;id&quot;:&quot;zixi://bonded(bonded9)#10.7.0.66:2088@10.7.0.65,192.168.60.66:2088@192.168.50.65,192.168.5.166:2088@192.168.5.165&quot;,&quot;type&quot;:2,&quot;name&quot;:&quot;bond9&quot;,&quot;asi&quot;:0,&quot;rtmp&quot;:0,&quot;file&quot;:1,&quot;active&quot;:1,&quot;group&quot;:&quot;&quot;,&quot;bonded&quot;:[],&quot;error&quot;:&quot;None&quot;,&quot;con_stat&quot;:&quot;Connecting&quot;,&quot;bitrate&quot;:0,&quot;dest&quot;:&quot;bonded/bonded9&quot;},{&quot;mip&quot;:&quot;4000.ts&quot;,&quot;port&quot;:0,&quot;ip&quot;:&quot;file&quot;,&quot;in_name&quot;:&quot;bond&quot;,&quot;in_active&quot;:1,&quot;in_active_sources&quot;:0,&quot;prg_name&quot;:&quot;&quot;,&quot;prg_prov&quot;:&quot;&quot;,&quot;prg_num&quot;:-1,&quot;chan&quot;:&quot;&quot;,&quot;chan_id&quot;:-1,&quot;id&quot;:&quot;zixi://bonded(bonded12)#10.7.0.66:2088@10.7.0.65,192.168.60.66:2088@192.168.50.65,192.168.5.166:2088@192.168.5.165&quot;,&quot;type&quot;:2,&quot;name&quot;:&quot;bond12&quot;,&quot;asi&quot;:0,&quot;rtmp&quot;:0,&quot;file&quot;:1,&quot;active&quot;:1,&quot;group&quot;:&quot;&quot;,&quot;bonded&quot;:[],&quot;error&quot;:&quot;None&quot;,&quot;con_stat&quot;:&quot;Connecting&quot;,&quot;bitrate&quot;:0,&quot;dest&quot;:&quot;bonded/bonded12&quot;},{&quot;mip&quot;:&quot;4000.ts&quot;,&quot;port&quot;:0,&quot;ip&quot;:&quot;file&quot;,&quot;in_name&quot;:&quot;bond&quot;,&quot;in_active&quot;:1,&quot;in_active_sources&quot;:0,&quot;prg_name&quot;:&quot;&quot;,&quot;prg_prov&quot;:&quot;&quot;,&quot;prg_num&quot;:-1,&quot;chan&quot;:&quot;&quot;,&quot;chan_id&quot;:-1,&quot;id&quot;:&quot;zixi://bonded(bonded10)#10.7.0.66:2088@10.7.0.65,192.168.60.66:2088@192.168.50.65,192.168.5.166:2088@192.168.5.165&quot;,&quot;type&quot;:2,&quot;name&quot;:&quot;bond10&quot;,&quot;asi&quot;:0,&quot;rtmp&quot;:0,&quot;file&quot;:1,&quot;active&quot;:1,&quot;group&quot;:&quot;&quot;,&quot;bonded&quot;:[],&quot;error&quot;:&quot;Authentication&quot;,&quot;con_stat&quot;:&quot;Connecting&quot;,&quot;bitrate&quot;:0,&quot;dest&quot;:&quot;bonded/bonded10&quot;},{&quot;mip&quot;:&quot;4000.ts&quot;,&quot;port&quot;:0,&quot;ip&quot;:&quot;file&quot;,&quot;in_name&quot;:&quot;bond&quot;,&quot;in_active&quot;:1,&quot;in_active_sources&quot;:0,&quot;prg_name&quot;:&quot;&quot;,&quot;prg_prov&quot;:&quot;&quot;,&quot;prg_num&quot;:-1,&quot;chan&quot;:&quot;&quot;,&quot;chan_id&quot;:-1,&quot;id&quot;:&quot;zixi://bonded(bonded13)#10.7.0.66:2088@10.7.0.65,192.168.60.66:2088@192.168.50.65,192.168.5.166:2088@192.168.5.165&quot;,&quot;type&quot;:2,&quot;name&quot;:&quot;bond13&quot;,&quot;asi&quot;:0,&quot;rtmp&quot;:0,&quot;file&quot;:1,&quot;active&quot;:1,&quot;group&quot;:&quot;&quot;,&quot;bonded&quot;:[],&quot;error&quot;:&quot;None&quot;,&quot;con_stat&quot;:&quot;Connecting&quot;,&quot;bitrate&quot;:0,&quot;dest&quot;:&quot;bonded/bonded13&quot;},{&quot;mip&quot;:&quot;4000.ts&quot;,&quot;port&quot;:0,&quot;ip&quot;:&quot;file&quot;,&quot;in_name&quot;:&quot;bond&quot;,&quot;in_active&quot;:1,&quot;in_active_sources&quot;:0,&quot;prg_name&quot;:&quot;&quot;,&quot;prg_prov&quot;:&quot;&quot;,&quot;prg_num&quot;:-1,&quot;chan&quot;:&quot;&quot;,&quot;chan_id&quot;:-1,&quot;id&quot;:&quot;zixi://bonded(bonded3)#10.7.0.66:2088@10.7.0.65,192.168.60.66:2088@192.168.50.65,192.168.5.166:2088@192.168.5.165&quot;,&quot;type&quot;:2,&quot;name&quot;:&quot;bond3&quot;,&quot;asi&quot;:0,&quot;rtmp&quot;:0,&quot;file&quot;:1,&quot;active&quot;:1,&quot;group&quot;:&quot;&quot;,&quot;bonded&quot;:[],&quot;error&quot;:&quot;None&quot;,&quot;con_stat&quot;:&quot;Connecting&quot;,&quot;bitrate&quot;:0,&quot;dest&quot;:&quot;bonded/bonded3&quot;},{&quot;mip&quot;:&quot;4000.ts&quot;,&quot;port&quot;:0,&quot;ip&quot;:&quot;file&quot;,&quot;in_name&quot;:&quot;bond&quot;,&quot;in_active&quot;:1,&quot;in_active_sources&quot;:0,&quot;prg_name&quot;:&quot;&quot;,&quot;prg_prov&quot;:&quot;&quot;,&quot;prg_num&quot;:-1,&quot;chan&quot;:&quot;&quot;,&quot;chan_id&quot;:-1,&quot;id&quot;:&quot;zixi://bonded(bonded7)#10.7.0.66:2088@10.7.0.65,192.168.60.66:2088@192.168.50.65,192.168.5.166:2088@192.168.5.165&quot;,&quot;type&quot;:2,&quot;name&quot;:&quot;bond7&quot;,&quot;asi&quot;:0,&quot;rtmp&quot;:0,&quot;file&quot;:1,&quot;active&quot;:1,&quot;group&quot;:&quot;&quot;,&quot;bonded&quot;:[],&quot;error&quot;:&quot;None&quot;,&quot;con_stat&quot;:&quot;Connecting&quot;,&quot;bitrate&quot;:0,&quot;dest&quot;:&quot;bonded/bonded7&quot;},{&quot;mip&quot;:&quot;4000.ts&quot;,&quot;port&quot;:0,&quot;ip&quot;:&quot;file&quot;,&quot;in_name&quot;:&quot;bond&quot;,&quot;in_active&quot;:1,&quot;in_active_sources&quot;:0,&quot;prg_name&quot;:&quot;&quot;,&quot;prg_prov&quot;:&quot;&quot;,&quot;prg_num&quot;:-1,&quot;chan&quot;:&quot;&quot;,&quot;chan_id&quot;:-1,&quot;id&quot;:&quot;zixi://bonded(bonded14)#10.7.0.66:2088@10.7.0.65,192.168.60.66:2088@192.168.50.65,192.168.5.166:2088@192.168.5.165&quot;,&quot;type&quot;:2,&quot;name&quot;:&quot;bond14&quot;,&quot;asi&quot;:0,&quot;rtmp&quot;:0,&quot;file&quot;:1,&quot;active&quot;:1,&quot;group&quot;:&quot;&quot;,&quot;bonded&quot;:[],&quot;error&quot;:&quot;Timeout&quot;,&quot;con_stat&quot;:&quot;Connecting&quot;,&quot;bitrate&quot;:0,&quot;dest&quot;:&quot;bonded/bonded14&quot;},{&quot;mip&quot;:&quot;4000.ts&quot;,&quot;port&quot;:0,&quot;ip&quot;:&quot;file&quot;,&quot;in_name&quot;:&quot;bond&quot;,&quot;in_active&quot;:1,&quot;in_active_sources&quot;:0,&quot;prg_name&quot;:&quot;&quot;,&quot;prg_prov&quot;:&quot;&quot;,&quot;prg_num&quot;:-1,&quot;chan&quot;:&quot;&quot;,&quot;chan_id&quot;:-1,&quot;id&quot;:&quot;zixi://bonded(bonded0)#10.7.0.66:2088@10.7.0.65,192.168.60.66:2088@192.168.50.65,192.168.5.166:2088@192.168.5.165&quot;,&quot;type&quot;:2,&quot;name&quot;:&quot;bond0&quot;,&quot;asi&quot;:0,&quot;rtmp&quot;:0,&quot;file&quot;:1,&quot;active&quot;:1,&quot;group&quot;:&quot;&quot;,&quot;bonded&quot;:[],&quot;error&quot;:&quot;None&quot;,&quot;con_stat&quot;:&quot;Connecting&quot;,&quot;bitrate&quot;:0,&quot;dest&quot;:&quot;bonded/bonded0&quot;},{&quot;mip&quot;:&quot;4000.ts&quot;,&quot;port&quot;:0,&quot;ip&quot;:&quot;file&quot;,&quot;in_name&quot;:&quot;bond&quot;,&quot;in_active&quot;:1,&quot;in_active_sources&quot;:0,&quot;prg_name&quot;:&quot;&quot;,&quot;prg_prov&quot;:&quot;&quot;,&quot;prg_num&quot;:-1,&quot;chan&quot;:&quot;&quot;,&quot;chan_id&quot;:-1,&quot;id&quot;:&quot;zixi://bonded(bonded19)#10.7.0.66:2088@10.7.0.65,192.168.60.66:2088@192.168.50.65,192.168.5.166:2088@192.168.5.165&quot;,&quot;type&quot;:2,&quot;name&quot;:&quot;bond19&quot;,&quot;asi&quot;:0,&quot;rtmp&quot;:0,&quot;file&quot;:1,&quot;active&quot;:1,&quot;group&quot;:&quot;&quot;,&quot;bonded&quot;:[],&quot;error&quot;:&quot;None&quot;,&quot;con_stat&quot;:&quot;Connecting&quot;,&quot;bitrate&quot;:0,&quot;dest&quot;:&quot;bonded/bonded19&quot;},{&quot;mip&quot;:&quot;4000.ts&quot;,&quot;port&quot;:0,&quot;ip&quot;:&quot;file&quot;,&quot;in_name&quot;:&quot;bond&quot;,&quot;in_active&quot;:1,&quot;in_active_sources&quot;:0,&quot;prg_name&quot;:&quot;&quot;,&quot;prg_prov&quot;:&quot;&quot;,&quot;prg_num&quot;:-1,&quot;chan&quot;:&quot;&quot;,&quot;chan_id&quot;:-1,&quot;id&quot;:&quot;zixi://bonded(bonded16)#10.7.0.66:2088@10.7.0.65,192.168.60.66:2088@192.168.50.65,192.168.5.166:2088@192.168.5.165&quot;,&quot;type&quot;:2,&quot;name&quot;:&quot;bond16&quot;,&quot;asi&quot;:0,&quot;rtmp&quot;:0,&quot;file&quot;:1,&quot;active&quot;:1,&quot;group&quot;:&quot;&quot;,&quot;bonded&quot;:[],&quot;error&quot;:&quot;None&quot;,&quot;con_stat&quot;:&quot;Connecting&quot;,&quot;bitrate&quot;:0,&quot;dest&quot;:&quot;bonded/bonded16&quot;},{&quot;mip&quot;:&quot;4000.ts&quot;,&quot;port&quot;:0,&quot;ip&quot;:&quot;file&quot;,&quot;in_name&quot;:&quot;bond&quot;,&quot;in_active&quot;:1,&quot;in_active_sources&quot;:0,&quot;prg_name&quot;:&quot;&quot;,&quot;prg_prov&quot;:&quot;&quot;,&quot;prg_num&quot;:-1,&quot;chan&quot;:&quot;&quot;,&quot;chan_id&quot;:-1,&quot;id&quot;:&quot;zixi://bonded(bonded20)#10.7.0.66:2088@10.7.0.65,192.168.60.66:2088@192.168.50.65,192.168.5.166:2088@192.168.5.165&quot;,&quot;type&quot;:2,&quot;name&quot;:&quot;bond20&quot;,&quot;asi&quot;:0,&quot;rtmp&quot;:0,&quot;file&quot;:1,&quot;active&quot;:1,&quot;group&quot;:&quot;&quot;,&quot;bonded&quot;:[],&quot;error&quot;:&quot;Timeout&quot;,&quot;con_stat&quot;:&quot;Connecting&quot;,&quot;bitrate&quot;:0,&quot;dest&quot;:&quot;bonded/bonded20&quot;},{&quot;mip&quot;:&quot;4000.ts&quot;,&quot;port&quot;:0,&quot;ip&quot;:&quot;file&quot;,&quot;in_name&quot;:&quot;bond&quot;,&quot;in_active&quot;:1,&quot;in_active_sources&quot;:0,&quot;prg_name&quot;:&quot;&quot;,&quot;prg_prov&quot;:&quot;&quot;,&quot;prg_num&quot;:-1,&quot;chan&quot;:&quot;&quot;,&quot;chan_id&quot;:-1,&quot;id&quot;:&quot;zixi://bonded(bonded8)#10.7.0.66:2088@10.7.0.65,192.168.60.66:2088@192.168.50.65,192.168.5.166:2088@192.168.5.165&quot;,&quot;type&quot;:2,&quot;name&quot;:&quot;bond8&quot;,&quot;asi&quot;:0,&quot;rtmp&quot;:0,&quot;file&quot;:1,&quot;active&quot;:1,&quot;group&quot;:&quot;&quot;,&quot;bonded&quot;:[],&quot;error&quot;:&quot;None&quot;,&quot;con_stat&quot;:&quot;Connecting&quot;,&quot;bitrate&quot;:0,&quot;dest&quot;:&quot;bonded/bonded8&quot;},{&quot;mip&quot;:&quot;4000.ts&quot;,&quot;port&quot;:0,&quot;ip&quot;:&quot;file&quot;,&quot;in_name&quot;:&quot;bond&quot;,&quot;in_active&quot;:1,&quot;in_active_sources&quot;:0,&quot;prg_name&quot;:&quot;&quot;,&quot;prg_prov&quot;:&quot;&quot;,&quot;prg_num&quot;:-1,&quot;chan&quot;:&quot;&quot;,&quot;chan_id&quot;:-1,&quot;id&quot;:&quot;zixi://bonded(bonded23)#10.7.0.66:2088@10.7.0.65,192.168.60.66:2088@192.168.50.65,192.168.5.166:2088@192.168.5.165&quot;,&quot;type&quot;:2,&quot;name&quot;:&quot;bond23&quot;,&quot;asi&quot;:0,&quot;rtmp&quot;:0,&quot;file&quot;:1,&quot;active&quot;:1,&quot;group&quot;:&quot;&quot;,&quot;bonded&quot;:[],&quot;error&quot;:&quot;None&quot;,&quot;con_stat&quot;:&quot;Connecting&quot;,&quot;bitrate&quot;:0,&quot;dest&quot;:&quot;bonded/bonded23&quot;}]}
Debug printing ------&gt;&gt;&gt; {&quot;custom_data&quot;:&quot;&quot;,&quot;msg&quot;:&quot;Output deleted.&quot;,&quot;error&quot;:&quot;&quot;,&quot;outs&quot;:[{&quot;mip&quot;:&quot;live_recording.ts&quot;,&quot;port&quot;:0,&quot;ip&quot;:&quot;file&quot;,&quot;in_name&quot;:&quot;feederoutputname&quot;,&quot;in_active&quot;:1,&quot;in_active_sources&quot;:0,&quot;prg_name&quot;:&quot;&quot;,&quot;prg_prov&quot;:&quot;&quot;,&quot;prg_num&quot;:1,&quot;chan&quot;:&quot;&quot;,&quot;chan_id&quot;:-1,&quot;id&quot;:&quot;zixi://10.7.0.66:2088/feederout&quot;,&quot;type&quot;:2,&quot;name&quot;:&quot;feederoutputname&quot;,&quot;asi&quot;:0,&quot;rtmp&quot;:0,&quot;file&quot;:1,&quot;active&quot;:1,&quot;group&quot;:&quot;&quot;,&quot;error&quot;:&quot;Authentication&quot;,&quot;con_stat&quot;:&quot;Disconnected&quot;,&quot;bitrate&quot;:0,&quot;dest&quot;:&quot;10.7.0.66:2088/feederout&quot;},{&quot;mip&quot;:&quot;4000.ts&quot;,&quot;port&quot;:0,&quot;ip&quot;:&quot;file&quot;,&quot;in_name&quot;:&quot;bond&quot;,&quot;in_active&quot;:1,&quot;in_active_sources&quot;:0,&quot;prg_name&quot;:&quot;&quot;,&quot;prg_prov&quot;:&quot;&quot;,&quot;prg_num&quot;:-1,&quot;chan&quot;:&quot;&quot;,&quot;chan_id&quot;:-1,&quot;id&quot;:&quot;zixi://bonded(bonded46)#10.7.0.66:2088@10.7.0.65,192.168.60.66:2088@192.168.50.65,192.168.5.166:2088@192.168.5.165&quot;,&quot;type&quot;:2,&quot;name&quot;:&quot;bond46&quot;,&quot;asi&quot;:0,&quot;rtmp&quot;:0,&quot;file&quot;:1,&quot;active&quot;:1,&quot;group&quot;:&quot;&quot;,&quot;bonded&quot;:[],&quot;error&quot;:&quot;Authentication&quot;,&quot;con_stat&quot;:&quot;Connecting&quot;,&quot;bitrate&quot;:0,&quot;dest&quot;:&quot;bonded/bonded46&quot;},{&quot;mip&quot;:&quot;4000.ts&quot;,&quot;port&quot;:0,&quot;ip&quot;:&quot;file&quot;,&quot;in_name&quot;:&quot;bond&quot;,&quot;in_active&quot;:1,&quot;in_active_sources&quot;:0,&quot;prg_name&quot;:&quot;&quot;,&quot;prg_prov&quot;:&quot;&quot;,&quot;prg_num&quot;:-1,&quot;chan&quot;:&quot;&quot;,&quot;chan_id&quot;:-1,&quot;id&quot;:&quot;zixi://bonded(bonded17)#10.7.0.66:2088@10.7.0.65,192.168.60.66:2088@192.168.50.65,192.168.5.166:2088@192.168.5.165&quot;,&quot;type&quot;:2,&quot;name&quot;:&quot;bond17&quot;,&quot;asi&quot;:0,&quot;rtmp&quot;:0,&quot;file&quot;:1,&quot;active&quot;:1,&quot;group&quot;:&quot;&quot;,&quot;bonded&quot;:[],&quot;error&quot;:&quot;None&quot;,&quot;con_stat&quot;:&quot;Connecting&quot;,&quot;bitrate&quot;:0,&quot;dest&quot;:&quot;bonded/bonded17&quot;},{&quot;mip&quot;:&quot;4000.ts&quot;,&quot;port&quot;:0,&quot;ip&quot;:&quot;file&quot;,&quot;in_name&quot;:&quot;bond&quot;,&quot;in_active&quot;:1,&quot;in_active_sources&quot;:0,&quot;prg_name&quot;:&quot;&quot;,&quot;prg_prov&quot;:&quot;&quot;,&quot;prg_num&quot;:-1,&quot;chan&quot;:&quot;&quot;,&quot;chan_id&quot;:-1,&quot;id&quot;:&quot;zixi://bonded(bonded24)#10.7.0.66:2088@10.7.0.65,192.168.60.66:2088@192.168.50.65,192.168.5.166:2088@192.168.5.165&quot;,&quot;type&quot;:2,&quot;name&quot;:&quot;bond24&quot;,&quot;asi&quot;:0,&quot;rtmp&quot;:0,&quot;file&quot;:1,&quot;active&quot;:1,&quot;group&quot;:&quot;&quot;,&quot;bonded&quot;:[],&quot;error&quot;:&quot;None&quot;,&quot;con_stat&quot;:&quot;Connecting&quot;,&quot;bitrate&quot;:0,&quot;dest&quot;:&quot;bonded/bonded24&quot;},{&quot;mip&quot;:&quot;4000.ts&quot;,&quot;port&quot;:0,&quot;ip&quot;:&quot;file&quot;,&quot;in_name&quot;:&quot;bond&quot;,&quot;in_active&quot;:1,&quot;in_active_sources&quot;:0,&quot;prg_name&quot;:&quot;&quot;,&quot;prg_prov&quot;:&quot;&quot;,&quot;prg_num&quot;:-1,&quot;chan&quot;:&quot;&quot;,&quot;chan_id&quot;:-1,&quot;id&quot;:&quot;zixi://bonded(bonded15)#10.7.0.66:2088@10.7.0.65,192.168.60.66:2088@192.168.50.65,192.168.5.166:2088@192.168.5.165&quot;,&quot;type&quot;:2,&quot;name&quot;:&quot;bond15&quot;,&quot;asi&quot;:0,&quot;rtmp&quot;:0,&quot;file&quot;:1,&quot;active&quot;:1,&quot;group&quot;:&quot;&quot;,&quot;bonded&quot;:[],&quot;error&quot;:&quot;Timeout&quot;,&quot;con_stat&quot;:&quot;Connecting&quot;,&quot;bitrate&quot;:0,&quot;dest&quot;:&quot;bonded/bonded15&quot;},{&quot;mip&quot;:&quot;4000.ts&quot;,&quot;port&quot;:0,&quot;ip&quot;:&quot;file&quot;,&quot;in_name&quot;:&quot;bond&quot;,&quot;in_active&quot;:1,&quot;in_active_sources&quot;:0,&quot;prg_name&quot;:&quot;&quot;,&quot;prg_prov&quot;:&quot;&quot;,&quot;prg_num&quot;:-1,&quot;chan&quot;:&quot;&quot;,&quot;chan_id&quot;:-1,&quot;id&quot;:&quot;zixi://bonded(bonded28)#10.7.0.66:2088@10.7.0.65,192.168.60.66:2088@192.168.50.65,192.168.5.166:2088@192.168.5.165&quot;,&quot;type&quot;:2,&quot;name&quot;:&quot;bond28&quot;,&quot;asi&quot;:0,&quot;rtmp&quot;:0,&quot;file&quot;:1,&quot;active&quot;:1,&quot;group&quot;:&quot;&quot;,&quot;bonded&quot;:[],&quot;error&quot;:&quot;None&quot;,&quot;con_stat&quot;:&quot;Connecting&quot;,&quot;bitrate&quot;:0,&quot;dest&quot;:&quot;bonded/bonded28&quot;},{&quot;mip&quot;:&quot;4000.ts&quot;,&quot;port&quot;:0,&quot;ip&quot;:&quot;file&quot;,&quot;in_name&quot;:&quot;bond&quot;,&quot;in_active&quot;:1,&quot;in_active_sources&quot;:0,&quot;prg_name&quot;:&quot;&quot;,&quot;prg_prov&quot;:&quot;&quot;,&quot;prg_num&quot;:-1,&quot;chan&quot;:&quot;&quot;,&quot;chan_id&quot;:-1,&quot;id&quot;:&quot;zixi://bonded(bonded25)#10.7.0.66:2088@10.7.0.65,192.168.60.66:2088@192.168.50.65,192.168.5.166:2088@192.168.5.165&quot;,&quot;type&quot;:2,&quot;name&quot;:&quot;bond25&quot;,&quot;asi&quot;:0,&quot;rtmp&quot;:0,&quot;file&quot;:1,&quot;active&quot;:1,&quot;group&quot;:&quot;&quot;,&quot;bonded&quot;:[],&quot;error&quot;:&quot;None&quot;,&quot;con_stat&quot;:&quot;Connecting&quot;,&quot;bitrate&quot;:0,&quot;dest&quot;:&quot;bonded/bonded25&quot;},{&quot;mip&quot;:&quot;4000.ts&quot;,&quot;port&quot;:0,&quot;ip&quot;:&quot;file&quot;,&quot;in_name&quot;:&quot;bond&quot;,&quot;in_active&quot;:1,&quot;in_active_sources&quot;:0,&quot;prg_name&quot;:&quot;&quot;,&quot;prg_prov&quot;:&quot;&quot;,&quot;prg_num&quot;:-1,&quot;chan&quot;:&quot;&quot;,&quot;chan_id&quot;:-1,&quot;id&quot;:&quot;zixi://bonded(bonded18)#10.7.0.66:2088@10.7.0.65,192.168.60.66:2088@192.168.50.65,192.168.5.166:2088@192.168.5.165&quot;,&quot;type&quot;:2,&quot;name&quot;:&quot;bond18&quot;,&quot;asi&quot;:0,&quot;rtmp&quot;:0,&quot;file&quot;:1,&quot;active&quot;:1,&quot;group&quot;:&quot;&quot;,&quot;bonded&quot;:[],&quot;error&quot;:&quot;Timeout&quot;,&quot;con_stat&quot;:&quot;Connecting&quot;,&quot;bitrate&quot;:0,&quot;dest&quot;:&quot;bonded/bonded18&quot;},{&quot;mip&quot;:&quot;4000.ts&quot;,&quot;port&quot;:0,&quot;ip&quot;:&quot;file&quot;,&quot;in_name&quot;:&quot;bond&quot;,&quot;in_active&quot;:1,&quot;in_active_sources&quot;:0,&quot;prg_name&quot;:&quot;&quot;,&quot;prg_prov&quot;:&quot;&quot;,&quot;prg_num&quot;:-1,&quot;chan&quot;:&quot;&quot;,&quot;chan_id&quot;:-1,&quot;id&quot;:&quot;zixi://bonded(bonded29)#10.7.0.66:2088@10.7.0.65,192.168.60.66:2088@192.168.50.65,192.168.5.166:2088@192.168.5.165&quot;,&quot;type&quot;:2,&quot;name&quot;:&quot;bond29&quot;,&quot;asi&quot;:0,&quot;rtmp&quot;:0,&quot;file&quot;:1,&quot;active&quot;:1,&quot;group&quot;:&quot;&quot;,&quot;bonded&quot;:[],&quot;error&quot;:&quot;None&quot;,&quot;con_stat&quot;:&quot;Connecting&quot;,&quot;bitrate&quot;:0,&quot;dest&quot;:&quot;bonded/bonded29&quot;},{&quot;mip&quot;:&quot;4000.ts&quot;,&quot;port&quot;:0,&quot;ip&quot;:&quot;file&quot;,&quot;in_name&quot;:&quot;bond&quot;,&quot;in_active&quot;:1,&quot;in_active_sources&quot;:0,&quot;prg_name&quot;:&quot;&quot;,&quot;prg_prov&quot;:&quot;&quot;,&quot;prg_num&quot;:-1,&quot;chan&quot;:&quot;&quot;,&quot;chan_id&quot;:-1,&quot;id&quot;:&quot;zixi://bonded(bonded44)#10.7.0.66:2088@10.7.0.65,192.168.60.66:2088@192.168.50.65,192.168.5.166:2088@192.168.5.165&quot;,&quot;type&quot;:2,&quot;name&quot;:&quot;bond44&quot;,&quot;asi&quot;:0,&quot;rtmp&quot;:0,&quot;file&quot;:1,&quot;active&quot;:1,&quot;group&quot;:&quot;&quot;,&quot;bonded&quot;:[],&quot;error&quot;:&quot;None&quot;,&quot;con_stat&quot;:&quot;Connecting&quot;,&quot;bitrate&quot;:0,&quot;dest&quot;:&quot;bonded/bonded44&quot;},{&quot;mip&quot;:&quot;4000.ts&quot;,&quot;port&quot;:0,&quot;ip&quot;:&quot;file&quot;,&quot;in_name&quot;:&quot;bond&quot;,&quot;in_active&quot;:1,&quot;in_active_sources&quot;:0,&quot;prg_name&quot;:&quot;&quot;,&quot;prg_prov&quot;:&quot;&quot;,&quot;prg_num&quot;:-1,&quot;chan&quot;:&quot;&quot;,&quot;chan_id&quot;:-1,&quot;id&quot;:&quot;zixi://bonded(bonded40)#10.7.0.66:2088@10.7.0.65,192.168.60.66:2088@192.168.50.65,192.168.5.166:2088@192.168.5.165&quot;,&quot;type&quot;:2,&quot;name&quot;:&quot;bond40&quot;,&quot;asi&quot;:0,&quot;rtmp&quot;:0,&quot;file&quot;:1,&quot;active&quot;:1,&quot;group&quot;:&quot;&quot;,&quot;bonded&quot;:[],&quot;error&quot;:&quot;Authentication&quot;,&quot;con_stat&quot;:&quot;Connecting&quot;,&quot;bitrate&quot;:0,&quot;dest&quot;:&quot;bonded/bonded40&quot;},{&quot;mip&quot;:&quot;4000.ts&quot;,&quot;port&quot;:0,&quot;ip&quot;:&quot;file&quot;,&quot;in_name&quot;:&quot;bond&quot;,&quot;in_active&quot;:1,&quot;in_active_sources&quot;:0,&quot;prg_name&quot;:&quot;&quot;,&quot;prg_prov&quot;:&quot;&quot;,&quot;prg_num&quot;:-1,&quot;chan&quot;:&quot;&quot;,&quot;chan_id&quot;:-1,&quot;id&quot;:&quot;zixi://bonded(bonded23)#10.7.0.66:2088@10.7.0.65,192.168.60.66:2088@192.168.50.65,192.168.5.166:2088@192.168.5.165&quot;,&quot;type&quot;:2,&quot;name&quot;:&quot;bond23&quot;,&quot;asi&quot;:0,&quot;rtmp&quot;:0,&quot;file&quot;:1,&quot;active&quot;:1,&quot;group&quot;:&quot;&quot;,&quot;bonded&quot;:[],&quot;error&quot;:&quot;None&quot;,&quot;con_stat&quot;:&quot;Connecting&quot;,&quot;bitrate&quot;:0,&quot;dest&quot;:&quot;bonded/bonded23&quot;},{&quot;mip&quot;:&quot;4000.ts&quot;,&quot;port&quot;:0,&quot;ip&quot;:&quot;file&quot;,&quot;in_name&quot;:&quot;bond&quot;,&quot;in_active&quot;:1,&quot;in_active_sources&quot;:0,&quot;prg_name&quot;:&quot;&quot;,&quot;prg_prov&quot;:&quot;&quot;,&quot;prg_num&quot;:-1,&quot;chan&quot;:&quot;&quot;,&quot;chan_id&quot;:-1,&quot;id&quot;:&quot;zixi://bonded(bonded49)#10.7.0.66:2088@10.7.0.65,192.168.60.66:2088@192.168.50.65,192.168.5.166:2088@192.168.5.165&quot;,&quot;type&quot;:2,&quot;name&quot;:&quot;bond49&quot;,&quot;asi&quot;:0,&quot;rtmp&quot;:0,&quot;file&quot;:1,&quot;active&quot;:1,&quot;group&quot;:&quot;&quot;,&quot;bonded&quot;:[],&quot;error&quot;:&quot;Timeout&quot;,&quot;con_stat&quot;:&quot;Connecting&quot;,&quot;bitrate&quot;:0,&quot;dest&quot;:&quot;bonded/bonded49&quot;},{&quot;mip&quot;:&quot;4000.ts&quot;,&quot;port&quot;:0,&quot;ip&quot;:&quot;file&quot;,&quot;in_name&quot;:&quot;bond&quot;,&quot;in_active&quot;:1,&quot;in_active_sources&quot;:0,&quot;prg_name&quot;:&quot;&quot;,&quot;prg_prov&quot;:&quot;&quot;,&quot;prg_num&quot;:-1,&quot;chan&quot;:&quot;&quot;,&quot;chan_id&quot;:-1,&quot;id&quot;:&quot;zixi://bonded(bonded34)#10.7.0.66:2088@10.7.0.65,192.168.60.66:2088@192.168.50.65,192.168.5.166:2088@192.168.5.165&quot;,&quot;type&quot;:2,&quot;name&quot;:&quot;bond34&quot;,&quot;asi&quot;:0,&quot;rtmp&quot;:0,&quot;file&quot;:1,&quot;active&quot;:1,&quot;group&quot;:&quot;&quot;,&quot;bonded&quot;:[],&quot;error&quot;:&quot;Timeout&quot;,&quot;con_stat&quot;:&quot;Connecting&quot;,&quot;bitrate&quot;:0,&quot;dest&quot;:&quot;bonded/bonded34&quot;},{&quot;mip&quot;:&quot;4000.ts&quot;,&quot;port&quot;:0,&quot;ip&quot;:&quot;file&quot;,&quot;in_name&quot;:&quot;bond&quot;,&quot;in_active&quot;:1,&quot;in_active_sources&quot;:0,&quot;prg_name&quot;:&quot;&quot;,&quot;prg_prov&quot;:&quot;&quot;,&quot;prg_num&quot;:-1,&quot;chan&quot;:&quot;&quot;,&quot;chan_id&quot;:-1,&quot;id&quot;:&quot;zixi://bonded(bonded42)#10.7.0.66:2088@10.7.0.65,192.168.60.66:2088@192.168.50.65,192.168.5.166:2088@192.168.5.165&quot;,&quot;type&quot;:2,&quot;name&quot;:&quot;bond42&quot;,&quot;asi&quot;:0,&quot;rtmp&quot;:0,&quot;file&quot;:1,&quot;active&quot;:1,&quot;group&quot;:&quot;&quot;,&quot;bonded&quot;:[],&quot;error&quot;:&quot;Timeout&quot;,&quot;con_stat&quot;:&quot;Connecting&quot;,&quot;bitrate&quot;:0,&quot;dest&quot;:&quot;bonded/bonded42&quot;},{&quot;mip&quot;:&quot;4000.ts&quot;,&quot;port&quot;:0,&quot;ip&quot;:&quot;file&quot;,&quot;in_name&quot;:&quot;bond&quot;,&quot;in_active&quot;:1,&quot;in_active_sources&quot;:0,&quot;prg_name&quot;:&quot;&quot;,&quot;prg_prov&quot;:&quot;&quot;,&quot;prg_num&quot;:-1,&quot;chan&quot;:&quot;&quot;,&quot;chan_id&quot;:-1,&quot;id&quot;:&quot;zixi://bonded(bonded45)#10.7.0.66:2088@10.7.0.65,192.168.60.66:2088@192.168.50.65,192.168.5.166:2088@192.168.5.165&quot;,&quot;type&quot;:2,&quot;name&quot;:&quot;bond45&quot;,&quot;asi&quot;:0,&quot;rtmp&quot;:0,&quot;file&quot;:1,&quot;active&quot;:1,&quot;group&quot;:&quot;&quot;,&quot;bonded&quot;:[],&quot;error&quot;:&quot;Timeout&quot;,&quot;con_stat&quot;:&quot;Connecting&quot;,&quot;bitrate&quot;:0,&quot;dest&quot;:&quot;bonded/bonded45&quot;},{&quot;mip&quot;:&quot;4000.ts&quot;,&quot;port&quot;:0,&quot;ip&quot;:&quot;file&quot;,&quot;in_name&quot;:&quot;bond&quot;,&quot;in_active&quot;:1,&quot;in_active_sources&quot;:0,&quot;prg_name&quot;:&quot;&quot;,&quot;prg_prov&quot;:&quot;&quot;,&quot;prg_num&quot;:-1,&quot;chan&quot;:&quot;&quot;,&quot;chan_id&quot;:-1,&quot;id&quot;:&quot;zixi://bonded(bonded43)#10.7.0.66:2088@10.7.0.65,192.168.60.66:2088@192.168.50.65,192.168.5.166:2088@192.168.5.165&quot;,&quot;type&quot;:2,&quot;name&quot;:&quot;bond43&quot;,&quot;asi&quot;:0,&quot;rtmp&quot;:0,&quot;file&quot;:1,&quot;active&quot;:1,&quot;group&quot;:&quot;&quot;,&quot;bonded&quot;:[],&quot;error&quot;:&quot;Authentication&quot;,&quot;con_stat&quot;:&quot;Connecting&quot;,&quot;bitrate&quot;:0,&quot;dest&quot;:&quot;bonded/bonded43&quot;},{&quot;mip&quot;:&quot;4000.ts&quot;,&quot;port&quot;:0,&quot;ip&quot;:&quot;file&quot;,&quot;in_name&quot;:&quot;bond&quot;,&quot;in_active&quot;:1,&quot;in_active_sources&quot;:0,&quot;prg_name&quot;:&quot;&quot;,&quot;prg_prov&quot;:&quot;&quot;,&quot;prg_num&quot;:-1,&quot;chan&quot;:&quot;&quot;,&quot;chan_id&quot;:-1,&quot;id&quot;:&quot;zixi://bonded(bonded38)#10.7.0.66:2088@10.7.0.65,192.168.60.66:2088@192.168.50.65,192.168.5.166:2088@192.168.5.165&quot;,&quot;type&quot;:2,&quot;name&quot;:&quot;bond38&quot;,&quot;asi&quot;:0,&quot;rtmp&quot;:0,&quot;file&quot;:1,&quot;active&quot;:1,&quot;group&quot;:&quot;&quot;,&quot;bonded&quot;:[],&quot;error&quot;:&quot;Timeout&quot;,&quot;con_stat&quot;:&quot;Connecting&quot;,&quot;bitrate&quot;:0,&quot;dest&quot;:&quot;bonded/bonded38&quot;},{&quot;mip&quot;:&quot;4000.ts&quot;,&quot;port&quot;:0,&quot;ip&quot;:&quot;file&quot;,&quot;in_name&quot;:&quot;bond&quot;,&quot;in_active&quot;:1,&quot;in_active_sources&quot;:0,&quot;prg_name&quot;:&quot;&quot;,&quot;prg_prov&quot;:&quot;&quot;,&quot;prg_num&quot;:-1,&quot;chan&quot;:&quot;&quot;,&quot;chan_id&quot;:-1,&quot;id&quot;:&quot;zixi://bonded(bonded47)#10.7.0.66:2088@10.7.0.65,192.168.60.66:2088@192.168.50.65,192.168.5.166:2088@192.168.5.165&quot;,&quot;type&quot;:2,&quot;name&quot;:&quot;bond47&quot;,&quot;asi&quot;:0,&quot;rtmp&quot;:0,&quot;file&quot;:1,&quot;active&quot;:1,&quot;group&quot;:&quot;&quot;,&quot;bonded&quot;:[],&quot;error&quot;:&quot;Authentication&quot;,&quot;con_stat&quot;:&quot;Connecting&quot;,&quot;bitrate&quot;:0,&quot;dest&quot;:&quot;bonded/bonded47&quot;},{&quot;mip&quot;:&quot;4000.ts&quot;,&quot;port&quot;:0,&quot;ip&quot;:&quot;file&quot;,&quot;in_name&quot;:&quot;bond&quot;,&quot;in_active&quot;:1,&quot;in_active_sources&quot;:0,&quot;prg_name&quot;:&quot;&quot;,&quot;prg_prov&quot;:&quot;&quot;,&quot;prg_num&quot;:-1,&quot;chan&quot;:&quot;&quot;,&quot;chan_id&quot;:-1,&quot;id&quot;:&quot;zixi://bonded(bonded48)#10.7.0.66:2088@10.7.0.65,192.168.60.66:2088@192.168.50.65,192.168.5.166:2088@192.168.5.165&quot;,&quot;type&quot;:2,&quot;name&quot;:&quot;bond48&quot;,&quot;asi&quot;:0,&quot;rtmp&quot;:0,&quot;file&quot;:1,&quot;active&quot;:1,&quot;group&quot;:&quot;&quot;,&quot;bonded&quot;:[],&quot;error&quot;:&quot;Timeout&quot;,&quot;con_stat&quot;:&quot;Connecting&quot;,&quot;bitrate&quot;:0,&quot;dest&quot;:&quot;bonded/bonded48&quot;},{&quot;mip&quot;:&quot;4000.ts&quot;,&quot;port&quot;:0,&quot;ip&quot;:&quot;file&quot;,&quot;in_name&quot;:&quot;bond&quot;,&quot;in_active&quot;:1,&quot;in_active_sources&quot;:0,&quot;prg_name&quot;:&quot;&quot;,&quot;prg_prov&quot;:&quot;&quot;,&quot;prg_num&quot;:-1,&quot;chan&quot;:&quot;&quot;,&quot;chan_id&quot;:-1,&quot;id&quot;:&quot;zixi://bonded(bonded13)#10.7.0.66:2088@10.7.0.65,192.168.60.66:2088@192.168.50.65,192.168.5.166:2088@192.168.5.165&quot;,&quot;type&quot;:2,&quot;name&quot;:&quot;bond13&quot;,&quot;asi&quot;:0,&quot;rtmp&quot;:0,&quot;file&quot;:1,&quot;active&quot;:1,&quot;group&quot;:&quot;&quot;,&quot;bonded&quot;:[],&quot;error&quot;:&quot;None&quot;,&quot;con_stat&quot;:&quot;Connecting&quot;,&quot;bitrate&quot;:0,&quot;dest&quot;:&quot;bonded/bonded13&quot;},{&quot;mip&quot;:&quot;4000.ts&quot;,&quot;port&quot;:0,&quot;ip&quot;:&quot;file&quot;,&quot;in_name&quot;:&quot;bond&quot;,&quot;in_active&quot;:1,&quot;in_active_sources&quot;:0,&quot;prg_name&quot;:&quot;&quot;,&quot;prg_prov&quot;:&quot;&quot;,&quot;prg_num&quot;:-1,&quot;chan&quot;:&quot;&quot;,&quot;chan_id&quot;:-1,&quot;id&quot;:&quot;zixi://bonded(bonded6)#10.7.0.66:2088@10.7.0.65,192.168.60.66:2088@192.168.50.65,192.168.5.166:2088@192.168.5.165&quot;,&quot;type&quot;:2,&quot;name&quot;:&quot;bond6&quot;,&quot;asi&quot;:0,&quot;rtmp&quot;:0,&quot;file&quot;:1,&quot;active&quot;:1,&quot;group&quot;:&quot;&quot;,&quot;bonded&quot;:[],&quot;error&quot;:&quot;None&quot;,&quot;con_stat&quot;:&quot;Connecting&quot;,&quot;bitrate&quot;:0,&quot;dest&quot;:&quot;bonded/bonded6&quot;},{&quot;mip&quot;:&quot;4000.ts&quot;,&quot;port&quot;:0,&quot;ip&quot;:&quot;file&quot;,&quot;in_name&quot;:&quot;bond&quot;,&quot;in_active&quot;:1,&quot;in_active_sources&quot;:0,&quot;prg_name&quot;:&quot;&quot;,&quot;prg_prov&quot;:&quot;&quot;,&quot;prg_num&quot;:-1,&quot;chan&quot;:&quot;&quot;,&quot;chan_id&quot;:-1,&quot;id&quot;:&quot;zixi://bonded(bonded2)#10.7.0.66:2088@10.7.0.65,192.168.60.66:2088@192.168.50.65,192.168.5.166:2088@192.168.5.165&quot;,&quot;type&quot;:2,&quot;name&quot;:&quot;bond2&quot;,&quot;asi&quot;:0,&quot;rtmp&quot;:0,&quot;file&quot;:1,&quot;active&quot;:1,&quot;group&quot;:&quot;&quot;,&quot;bonded&quot;:[],&quot;error&quot;:&quot;None&quot;,&quot;con_stat&quot;:&quot;Connecting&quot;,&quot;bitrate&quot;:0,&quot;dest&quot;:&quot;bonded/bonded2&quot;},{&quot;mip&quot;:&quot;4000.ts&quot;,&quot;port&quot;:0,&quot;ip&quot;:&quot;file&quot;,&quot;in_name&quot;:&quot;bond&quot;,&quot;in_active&quot;:1,&quot;in_active_sources&quot;:0,&quot;prg_name&quot;:&quot;&quot;,&quot;prg_prov&quot;:&quot;&quot;,&quot;prg_num&quot;:-1,&quot;chan&quot;:&quot;&quot;,&quot;chan_id&quot;:-1,&quot;id&quot;:&quot;zixi://bonded(bonded1)#10.7.0.66:2088@10.7.0.65,192.168.60.66:2088@192.168.50.65,192.168.5.166:2088@192.168.5.165&quot;,&quot;type&quot;:2,&quot;name&quot;:&quot;bond1&quot;,&quot;asi&quot;:0,&quot;rtmp&quot;:0,&quot;file&quot;:1,&quot;active&quot;:1,&quot;group&quot;:&quot;&quot;,&quot;bonded&quot;:[],&quot;error&quot;:&quot;None&quot;,&quot;con_stat&quot;:&quot;Connecting&quot;,&quot;bitrate&quot;:0,&quot;dest&quot;:&quot;bonded/bonded1&quot;},{&quot;mip&quot;:&quot;4000.ts&quot;,&quot;port&quot;:0,&quot;ip&quot;:&quot;file&quot;,&quot;in_name&quot;:&quot;bond&quot;,&quot;in_active&quot;:1,&quot;in_active_sources&quot;:0,&quot;prg_name&quot;:&quot;&quot;,&quot;prg_prov&quot;:&quot;&quot;,&quot;prg_num&quot;:-1,&quot;chan&quot;:&quot;&quot;,&quot;chan_id&quot;:-1,&quot;id&quot;:&quot;zixi://bonded(bonded4)#10.7.0.66:2088@10.7.0.65,192.168.60.66:2088@192.168.50.65,192.168.5.166:2088@192.168.5.165&quot;,&quot;type&quot;:2,&quot;name&quot;:&quot;bond4&quot;,&quot;asi&quot;:0,&quot;rtmp&quot;:0,&quot;file&quot;:1,&quot;active&quot;:1,&quot;group&quot;:&quot;&quot;,&quot;bonded&quot;:[],&quot;error&quot;:&quot;Timeout&quot;,&quot;con_stat&quot;:&quot;Connecting&quot;,&quot;bitrate&quot;:0,&quot;dest&quot;:&quot;bonded/bonded4&quot;},{&quot;mip&quot;:&quot;4000.ts&quot;,&quot;port&quot;:0,&quot;ip&quot;:&quot;file&quot;,&quot;in_name&quot;:&quot;bond&quot;,&quot;in_active&quot;:1,&quot;in_active_sources&quot;:0,&quot;prg_name&quot;:&quot;&quot;,&quot;prg_prov&quot;:&quot;&quot;,&quot;prg_num&quot;:-1,&quot;chan&quot;:&quot;&quot;,&quot;chan_id&quot;:-1,&quot;id&quot;:&quot;zixi://bonded(bonded5)#10.7.0.66:2088@10.7.0.65,192.168.60.66:2088@192.168.50.65,192.168.5.166:2088@192.168.5.165&quot;,&quot;type&quot;:2,&quot;name&quot;:&quot;bond5&quot;,&quot;asi&quot;:0,&quot;rtmp&quot;:0,&quot;file&quot;:1,&quot;active&quot;:1,&quot;group&quot;:&quot;&quot;,&quot;bonded&quot;:[],&quot;error&quot;:&quot;None&quot;,&quot;con_stat&quot;:&quot;Connecting&quot;,&quot;bitrate&quot;:0,&quot;dest&quot;:&quot;bonded/bonded5&quot;},{&quot;mip&quot;:&quot;4000.ts&quot;,&quot;port&quot;:0,&quot;ip&quot;:&quot;file&quot;,&quot;in_name&quot;:&quot;bond&quot;,&quot;in_active&quot;:1,&quot;in_active_sources&quot;:0,&quot;prg_name&quot;:&quot;&quot;,&quot;prg_prov&quot;:&quot;&quot;,&quot;prg_num&quot;:-1,&quot;chan&quot;:&quot;&quot;,&quot;chan_id&quot;:-1,&quot;id&quot;:&quot;zixi://bonded(bonded9)#10.7.0.66:2088@10.7.0.65,192.168.60.66:2088@192.168.50.65,192.168.5.166:2088@192.168.5.165&quot;,&quot;type&quot;:2,&quot;name&quot;:&quot;bond9&quot;,&quot;asi&quot;:0,&quot;rtmp&quot;:0,&quot;file&quot;:1,&quot;active&quot;:1,&quot;group&quot;:&quot;&quot;,&quot;bonded&quot;:[],&quot;error&quot;:&quot;None&quot;,&quot;con_stat&quot;:&quot;Connecting&quot;,&quot;bitrate&quot;:0,&quot;dest&quot;:&quot;bonded/bonded9&quot;},{&quot;mip&quot;:&quot;4000.ts&quot;,&quot;port&quot;:0,&quot;ip&quot;:&quot;file&quot;,&quot;in_name&quot;:&quot;bond&quot;,&quot;in_active&quot;:1,&quot;in_active_sources&quot;:0,&quot;prg_name&quot;:&quot;&quot;,&quot;prg_prov&quot;:&quot;&quot;,&quot;prg_num&quot;:-1,&quot;chan&quot;:&quot;&quot;,&quot;chan_id&quot;:-1,&quot;id&quot;:&quot;zixi://bonded(bonded12)#10.7.0.66:2088@10.7.0.65,192.168.60.66:2088@192.168.50.65,192.168.5.166:2088@192.168.5.165&quot;,&quot;type&quot;:2,&quot;name&quot;:&quot;bond12&quot;,&quot;asi&quot;:0,&quot;rtmp&quot;:0,&quot;file&quot;:1,&quot;active&quot;:1,&quot;group&quot;:&quot;&quot;,&quot;bonded&quot;:[],&quot;error&quot;:&quot;None&quot;,&quot;con_stat&quot;:&quot;Connecting&quot;,&quot;bitrate&quot;:0,&quot;dest&quot;:&quot;bonded/bonded12&quot;},{&quot;mip&quot;:&quot;4000.ts&quot;,&quot;port&quot;:0,&quot;ip&quot;:&quot;file&quot;,&quot;in_name&quot;:&quot;bond&quot;,&quot;in_active&quot;:1,&quot;in_active_sources&quot;:0,&quot;prg_name&quot;:&quot;&quot;,&quot;prg_prov&quot;:&quot;&quot;,&quot;prg_num&quot;:-1,&quot;chan&quot;:&quot;&quot;,&quot;chan_id&quot;:-1,&quot;id&quot;:&quot;zixi://bonded(bonded10)#10.7.0.66:2088@10.7.0.65,192.168.60.66:2088@192.168.50.65,192.168.5.166:2088@192.168.5.165&quot;,&quot;type&quot;:2,&quot;name&quot;:&quot;bond10&quot;,&quot;asi&quot;:0,&quot;rtmp&quot;:0,&quot;file&quot;:1,&quot;active&quot;:1,&quot;group&quot;:&quot;&quot;,&quot;bonded&quot;:[],&quot;error&quot;:&quot;Authentication&quot;,&quot;con_stat&quot;:&quot;Connecting&quot;,&quot;bitrate&quot;:0,&quot;dest&quot;:&quot;bonded/bonded10&quot;},{&quot;mip&quot;:&quot;4000.ts&quot;,&quot;port&quot;:0,&quot;ip&quot;:&quot;file&quot;,&quot;in_name&quot;:&quot;bond&quot;,&quot;in_active&quot;:1,&quot;in_active_sources&quot;:0,&quot;prg_name&quot;:&quot;&quot;,&quot;prg_prov&quot;:&quot;&quot;,&quot;prg_num&quot;:-1,&quot;chan&quot;:&quot;&quot;,&quot;chan_id&quot;:-1,&quot;id&quot;:&quot;zixi://bonded(bonded3)#10.7.0.66:2088@10.7.0.65,192.168.60.66:2088@192.168.50.65,192.168.5.166:2088@192.168.5.165&quot;,&quot;type&quot;:2,&quot;name&quot;:&quot;bond3&quot;,&quot;asi&quot;:0,&quot;rtmp&quot;:0,&quot;file&quot;:1,&quot;active&quot;:1,&quot;group&quot;:&quot;&quot;,&quot;bonded&quot;:[],&quot;error&quot;:&quot;None&quot;,&quot;con_stat&quot;:&quot;Connecting&quot;,&quot;bitrate&quot;:0,&quot;dest&quot;:&quot;bonded/bonded3&quot;},{&quot;mip&quot;:&quot;4000.ts&quot;,&quot;port&quot;:0,&quot;ip&quot;:&quot;file&quot;,&quot;in_name&quot;:&quot;bond&quot;,&quot;in_active&quot;:1,&quot;in_active_sources&quot;:0,&quot;prg_name&quot;:&quot;&quot;,&quot;prg_prov&quot;:&quot;&quot;,&quot;prg_num&quot;:-1,&quot;chan&quot;:&quot;&quot;,&quot;chan_id&quot;:-1,&quot;id&quot;:&quot;zixi://bonded(bonded11)#10.7.0.66:2088@10.7.0.65,192.168.60.66:2088@192.168.50.65,192.168.5.166:2088@192.168.5.165&quot;,&quot;type&quot;:2,&quot;name&quot;:&quot;bond11&quot;,&quot;asi&quot;:0,&quot;rtmp&quot;:0,&quot;file&quot;:1,&quot;active&quot;:1,&quot;group&quot;:&quot;&quot;,&quot;bonded&quot;:[],&quot;error&quot;:&quot;None&quot;,&quot;con_stat&quot;:&quot;Connecting&quot;,&quot;bitrate&quot;:0,&quot;dest&quot;:&quot;bonded/bonded11&quot;},{&quot;mip&quot;:&quot;4000.ts&quot;,&quot;port&quot;:0,&quot;ip&quot;:&quot;file&quot;,&quot;in_name&quot;:&quot;bond&quot;,&quot;in_active&quot;:1,&quot;in_active_sources&quot;:0,&quot;prg_name&quot;:&quot;&quot;,&quot;prg_prov&quot;:&quot;&quot;,&quot;prg_num&quot;:-1,&quot;chan&quot;:&quot;&quot;,&quot;chan_id&quot;:-1,&quot;id&quot;:&quot;zixi://bonded(bonded7)#10.7.0.66:2088@10.7.0.65,192.168.60.66:2088@192.168.50.65,192.168.5.166:2088@192.168.5.165&quot;,&quot;type&quot;:2,&quot;name&quot;:&quot;bond7&quot;,&quot;asi&quot;:0,&quot;rtmp&quot;:0,&quot;file&quot;:1,&quot;active&quot;:1,&quot;group&quot;:&quot;&quot;,&quot;bonded&quot;:[],&quot;error&quot;:&quot;None&quot;,&quot;con_stat&quot;:&quot;Connecting&quot;,&quot;bitrate&quot;:0,&quot;dest&quot;:&quot;bonded/bonded7&quot;},{&quot;mip&quot;:&quot;4000.ts&quot;,&quot;port&quot;:0,&quot;ip&quot;:&quot;file&quot;,&quot;in_name&quot;:&quot;bond&quot;,&quot;in_active&quot;:1,&quot;in_active_sources&quot;:0,&quot;prg_name&quot;:&quot;&quot;,&quot;prg_prov&quot;:&quot;&quot;,&quot;prg_num&quot;:-1,&quot;chan&quot;:&quot;&quot;,&quot;chan_id&quot;:-1,&quot;id&quot;:&quot;zixi://bonded(bonded14)#10.7.0.66:2088@10.7.0.65,192.168.60.66:2088@192.168.50.65,192.168.5.166:2088@192.168.5.165&quot;,&quot;type&quot;:2,&quot;name&quot;:&quot;bond14&quot;,&quot;asi&quot;:0,&quot;rtmp&quot;:0,&quot;file&quot;:1,&quot;active&quot;:1,&quot;group&quot;:&quot;&quot;,&quot;bonded&quot;:[],&quot;error&quot;:&quot;Timeout&quot;,&quot;con_stat&quot;:&quot;Connecting&quot;,&quot;bitrate&quot;:0,&quot;dest&quot;:&quot;bonded/bonded14&quot;},{&quot;mip&quot;:&quot;4000.ts&quot;,&quot;port&quot;:0,&quot;ip&quot;:&quot;file&quot;,&quot;in_name&quot;:&quot;bond&quot;,&quot;in_active&quot;:1,&quot;in_active_sources&quot;:0,&quot;prg_name&quot;:&quot;&quot;,&quot;prg_prov&quot;:&quot;&quot;,&quot;prg_num&quot;:-1,&quot;chan&quot;:&quot;&quot;,&quot;chan_id&quot;:-1,&quot;id&quot;:&quot;zixi://bonded(bonded0)#10.7.0.66:2088@10.7.0.65,192.168.60.66:2088@192.168.50.65,192.168.5.166:2088@192.168.5.165&quot;,&quot;type&quot;:2,&quot;name&quot;:&quot;bond0&quot;,&quot;asi&quot;:0,&quot;rtmp&quot;:0,&quot;file&quot;:1,&quot;active&quot;:1,&quot;group&quot;:&quot;&quot;,&quot;bonded&quot;:[],&quot;error&quot;:&quot;None&quot;,&quot;con_stat&quot;:&quot;Connecting&quot;,&quot;bitrate&quot;:0,&quot;dest&quot;:&quot;bonded/bonded0&quot;},{&quot;mip&quot;:&quot;4000.ts&quot;,&quot;port&quot;:0,&quot;ip&quot;:&quot;file&quot;,&quot;in_name&quot;:&quot;bond&quot;,&quot;in_active&quot;:1,&quot;in_active_sources&quot;:0,&quot;prg_name&quot;:&quot;&quot;,&quot;prg_prov&quot;:&quot;&quot;,&quot;prg_num&quot;:-1,&quot;chan&quot;:&quot;&quot;,&quot;chan_id&quot;:-1,&quot;id&quot;:&quot;zixi://bonded(bonded19)#10.7.0.66:2088@10.7.0.65,192.168.60.66:2088@192.168.50.65,192.168.5.166:2088@192.168.5.165&quot;,&quot;type&quot;:2,&quot;name&quot;:&quot;bond19&quot;,&quot;asi&quot;:0,&quot;rtmp&quot;:0,&quot;file&quot;:1,&quot;active&quot;:1,&quot;group&quot;:&quot;&quot;,&quot;bonded&quot;:[],&quot;error&quot;:&quot;None&quot;,&quot;con_stat&quot;:&quot;Connecting&quot;,&quot;bitrate&quot;:0,&quot;dest&quot;:&quot;bonded/bonded19&quot;},{&quot;mip&quot;:&quot;4000.ts&quot;,&quot;port&quot;:0,&quot;ip&quot;:&quot;file&quot;,&quot;in_name&quot;:&quot;bond&quot;,&quot;in_active&quot;:1,&quot;in_active_sources&quot;:0,&quot;prg_name&quot;:&quot;&quot;,&quot;prg_prov&quot;:&quot;&quot;,&quot;prg_num&quot;:-1,&quot;chan&quot;:&quot;&quot;,&quot;chan_id&quot;:-1,&quot;id&quot;:&quot;zixi://bonded(bonded16)#10.7.0.66:2088@10.7.0.65,192.168.60.66:2088@192.168.50.65,192.168.5.166:2088@192.168.5.165&quot;,&quot;type&quot;:2,&quot;name&quot;:&quot;bond16&quot;,&quot;asi&quot;:0,&quot;rtmp&quot;:0,&quot;file&quot;:1,&quot;active&quot;:1,&quot;group&quot;:&quot;&quot;,&quot;bonded&quot;:[],&quot;error&quot;:&quot;None&quot;,&quot;con_stat&quot;:&quot;Connecting&quot;,&quot;bitrate&quot;:0,&quot;dest&quot;:&quot;bonded/bonded16&quot;},{&quot;mip&quot;:&quot;4000.ts&quot;,&quot;port&quot;:0,&quot;ip&quot;:&quot;file&quot;,&quot;in_name&quot;:&quot;bond&quot;,&quot;in_active&quot;:1,&quot;in_active_sources&quot;:0,&quot;prg_name&quot;:&quot;&quot;,&quot;prg_prov&quot;:&quot;&quot;,&quot;prg_num&quot;:-1,&quot;chan&quot;:&quot;&quot;,&quot;chan_id&quot;:-1,&quot;id&quot;:&quot;zixi://bonded(bonded20)#10.7.0.66:2088@10.7.0.65,192.168.60.66:2088@192.168.50.65,192.168.5.166:2088@192.168.5.165&quot;,&quot;type&quot;:2,&quot;name&quot;:&quot;bond20&quot;,&quot;asi&quot;:0,&quot;rtmp&quot;:0,&quot;file&quot;:1,&quot;active&quot;:1,&quot;group&quot;:&quot;&quot;,&quot;bonded&quot;:[],&quot;error&quot;:&quot;Timeout&quot;,&quot;con_stat&quot;:&quot;Connecting&quot;,&quot;bitrate&quot;:0,&quot;dest&quot;:&quot;bonded/bonded20&quot;},{&quot;mip&quot;:&quot;4000.ts&quot;,&quot;port&quot;:0,&quot;ip&quot;:&quot;file&quot;,&quot;in_name&quot;:&quot;bond&quot;,&quot;in_active&quot;:1,&quot;in_active_sources&quot;:0,&quot;prg_name&quot;:&quot;&quot;,&quot;prg_prov&quot;:&quot;&quot;,&quot;prg_num&quot;:-1,&quot;chan&quot;:&quot;&quot;,&quot;chan_id&quot;:-1,&quot;id&quot;:&quot;zixi://bonded(bonded8)#10.7.0.66:2088@10.7.0.65,192.168.60.66:2088@192.168.50.65,192.168.5.166:2088@192.168.5.165&quot;,&quot;type&quot;:2,&quot;name&quot;:&quot;bond8&quot;,&quot;asi&quot;:0,&quot;rtmp&quot;:0,&quot;file&quot;:1,&quot;active&quot;:1,&quot;group&quot;:&quot;&quot;,&quot;bonded&quot;:[],&quot;error&quot;:&quot;None&quot;,&quot;con_stat&quot;:&quot;Connecting&quot;,&quot;bitrate&quot;:0,&quot;dest&quot;:&quot;bonded/bonded8&quot;}]}
Debug printing ------&gt;&gt;&gt; {&quot;custom_data&quot;:&quot;&quot;,&quot;msg&quot;:&quot;Output deleted.&quot;,&quot;error&quot;:&quot;&quot;,&quot;outs&quot;:[{&quot;mip&quot;:&quot;live_recording.ts&quot;,&quot;port&quot;:0,&quot;ip&quot;:&quot;file&quot;,&quot;in_name&quot;:&quot;feederoutputname&quot;,&quot;in_active&quot;:1,&quot;in_active_sources&quot;:0,&quot;prg_name&quot;:&quot;&quot;,&quot;prg_prov&quot;:&quot;&quot;,&quot;prg_num&quot;:1,&quot;chan&quot;:&quot;&quot;,&quot;chan_id&quot;:-1,&quot;id&quot;:&quot;zixi://10.7.0.66:2088/feederout&quot;,&quot;type&quot;:2,&quot;name&quot;:&quot;feederoutputname&quot;,&quot;asi&quot;:0,&quot;rtmp&quot;:0,&quot;file&quot;:1,&quot;active&quot;:1,&quot;group&quot;:&quot;&quot;,&quot;error&quot;:&quot;Authentication&quot;,&quot;con_stat&quot;:&quot;Disconnected&quot;,&quot;bitrate&quot;:0,&quot;dest&quot;:&quot;10.7.0.66:2088/feederout&quot;},{&quot;mip&quot;:&quot;4000.ts&quot;,&quot;port&quot;:0,&quot;ip&quot;:&quot;file&quot;,&quot;in_name&quot;:&quot;bond&quot;,&quot;in_active&quot;:1,&quot;in_active_sources&quot;:0,&quot;prg_name&quot;:&quot;&quot;,&quot;prg_prov&quot;:&quot;&quot;,&quot;prg_num&quot;:-1,&quot;chan&quot;:&quot;&quot;,&quot;chan_id&quot;:-1,&quot;id&quot;:&quot;zixi://bonded(bonded46)#10.7.0.66:2088@10.7.0.65,192.168.60.66:2088@192.168.50.65,192.168.5.166:2088@192.168.5.165&quot;,&quot;type&quot;:2,&quot;name&quot;:&quot;bond46&quot;,&quot;asi&quot;:0,&quot;rtmp&quot;:0,&quot;file&quot;:1,&quot;active&quot;:1,&quot;group&quot;:&quot;&quot;,&quot;bonded&quot;:[],&quot;error&quot;:&quot;Authentication&quot;,&quot;con_stat&quot;:&quot;Connecting&quot;,&quot;bitrate&quot;:0,&quot;dest&quot;:&quot;bonded/bonded46&quot;},{&quot;mip&quot;:&quot;4000.ts&quot;,&quot;port&quot;:0,&quot;ip&quot;:&quot;file&quot;,&quot;in_name&quot;:&quot;bond&quot;,&quot;in_active&quot;:1,&quot;in_active_sources&quot;:0,&quot;prg_name&quot;:&quot;&quot;,&quot;prg_prov&quot;:&quot;&quot;,&quot;prg_num&quot;:-1,&quot;chan&quot;:&quot;&quot;,&quot;chan_id&quot;:-1,&quot;id&quot;:&quot;zixi://bonded(bonded17)#10.7.0.66:2088@10.7.0.65,192.168.60.66:2088@192.168.50.65,192.168.5.166:2088@192.168.5.165&quot;,&quot;type&quot;:2,&quot;name&quot;:&quot;bond17&quot;,&quot;asi&quot;:0,&quot;rtmp&quot;:0,&quot;file&quot;:1,&quot;active&quot;:1,&quot;group&quot;:&quot;&quot;,&quot;bonded&quot;:[],&quot;error&quot;:&quot;None&quot;,&quot;con_stat&quot;:&quot;Connecting&quot;,&quot;bitrate&quot;:0,&quot;dest&quot;:&quot;bonded/bonded17&quot;},{&quot;mip&quot;:&quot;4000.ts&quot;,&quot;port&quot;:0,&quot;ip&quot;:&quot;file&quot;,&quot;in_name&quot;:&quot;bond&quot;,&quot;in_active&quot;:1,&quot;in_active_sources&quot;:0,&quot;prg_name&quot;:&quot;&quot;,&quot;prg_prov&quot;:&quot;&quot;,&quot;prg_num&quot;:-1,&quot;chan&quot;:&quot;&quot;,&quot;chan_id&quot;:-1,&quot;id&quot;:&quot;zixi://bonded(bonded24)#10.7.0.66:2088@10.7.0.65,192.168.60.66:2088@192.168.50.65,192.168.5.166:2088@192.168.5.165&quot;,&quot;type&quot;:2,&quot;name&quot;:&quot;bond24&quot;,&quot;asi&quot;:0,&quot;rtmp&quot;:0,&quot;file&quot;:1,&quot;active&quot;:1,&quot;group&quot;:&quot;&quot;,&quot;bonded&quot;:[],&quot;error&quot;:&quot;None&quot;,&quot;con_stat&quot;:&quot;Connecting&quot;,&quot;bitrate&quot;:0,&quot;dest&quot;:&quot;bonded/bonded24&quot;},{&quot;mip&quot;:&quot;4000.ts&quot;,&quot;port&quot;:0,&quot;ip&quot;:&quot;file&quot;,&quot;in_name&quot;:&quot;bond&quot;,&quot;in_active&quot;:1,&quot;in_active_sources&quot;:0,&quot;prg_name&quot;:&quot;&quot;,&quot;prg_prov&quot;:&quot;&quot;,&quot;prg_num&quot;:-1,&quot;chan&quot;:&quot;&quot;,&quot;chan_id&quot;:-1,&quot;id&quot;:&quot;zixi://bonded(bonded15)#10.7.0.66:2088@10.7.0.65,192.168.60.66:2088@192.168.50.65,192.168.5.166:2088@192.168.5.165&quot;,&quot;type&quot;:2,&quot;name&quot;:&quot;bond15&quot;,&quot;asi&quot;:0,&quot;rtmp&quot;:0,&quot;file&quot;:1,&quot;active&quot;:1,&quot;group&quot;:&quot;&quot;,&quot;bonded&quot;:[],&quot;error&quot;:&quot;Timeout&quot;,&quot;con_stat&quot;:&quot;Connecting&quot;,&quot;bitrate&quot;:0,&quot;dest&quot;:&quot;bonded/bonded15&quot;},{&quot;mip&quot;:&quot;4000.ts&quot;,&quot;port&quot;:0,&quot;ip&quot;:&quot;file&quot;,&quot;in_name&quot;:&quot;bond&quot;,&quot;in_active&quot;:1,&quot;in_active_sources&quot;:0,&quot;prg_name&quot;:&quot;&quot;,&quot;prg_prov&quot;:&quot;&quot;,&quot;prg_num&quot;:-1,&quot;chan&quot;:&quot;&quot;,&quot;chan_id&quot;:-1,&quot;id&quot;:&quot;zixi://bonded(bonded28)#10.7.0.66:2088@10.7.0.65,192.168.60.66:2088@192.168.50.65,192.168.5.166:2088@192.168.5.165&quot;,&quot;type&quot;:2,&quot;name&quot;:&quot;bond28&quot;,&quot;asi&quot;:0,&quot;rtmp&quot;:0,&quot;file&quot;:1,&quot;active&quot;:1,&quot;group&quot;:&quot;&quot;,&quot;bonded&quot;:[],&quot;error&quot;:&quot;None&quot;,&quot;con_stat&quot;:&quot;Connecting&quot;,&quot;bitrate&quot;:0,&quot;dest&quot;:&quot;bonded/bonded28&quot;},{&quot;mip&quot;:&quot;4000.ts&quot;,&quot;port&quot;:0,&quot;ip&quot;:&quot;file&quot;,&quot;in_name&quot;:&quot;bond&quot;,&quot;in_active&quot;:1,&quot;in_active_sources&quot;:0,&quot;prg_name&quot;:&quot;&quot;,&quot;prg_prov&quot;:&quot;&quot;,&quot;prg_num&quot;:-1,&quot;chan&quot;:&quot;&quot;,&quot;chan_id&quot;:-1,&quot;id&quot;:&quot;zixi://bonded(bonded25)#10.7.0.66:2088@10.7.0.65,192.168.60.66:2088@192.168.50.65,192.168.5.166:2088@192.168.5.165&quot;,&quot;type&quot;:2,&quot;name&quot;:&quot;bond25&quot;,&quot;asi&quot;:0,&quot;rtmp&quot;:0,&quot;file&quot;:1,&quot;active&quot;:1,&quot;group&quot;:&quot;&quot;,&quot;bonded&quot;:[],&quot;error&quot;:&quot;None&quot;,&quot;con_stat&quot;:&quot;Connecting&quot;,&quot;bitrate&quot;:0,&quot;dest&quot;:&quot;bonded/bonded25&quot;},{&quot;mip&quot;:&quot;4000.ts&quot;,&quot;port&quot;:0,&quot;ip&quot;:&quot;file&quot;,&quot;in_name&quot;:&quot;bond&quot;,&quot;in_active&quot;:1,&quot;in_active_sources&quot;:0,&quot;prg_name&quot;:&quot;&quot;,&quot;prg_prov&quot;:&quot;&quot;,&quot;prg_num&quot;:-1,&quot;chan&quot;:&quot;&quot;,&quot;chan_id&quot;:-1,&quot;id&quot;:&quot;zixi://bonded(bonded18)#10.7.0.66:2088@10.7.0.65,192.168.60.66:2088@192.168.50.65,192.168.5.166:2088@192.168.5.165&quot;,&quot;type&quot;:2,&quot;name&quot;:&quot;bond18&quot;,&quot;asi&quot;:0,&quot;rtmp&quot;:0,&quot;file&quot;:1,&quot;active&quot;:1,&quot;group&quot;:&quot;&quot;,&quot;bonded&quot;:[],&quot;error&quot;:&quot;Timeout&quot;,&quot;con_stat&quot;:&quot;Connecting&quot;,&quot;bitrate&quot;:0,&quot;dest&quot;:&quot;bonded/bonded18&quot;},{&quot;mip&quot;:&quot;4000.ts&quot;,&quot;port&quot;:0,&quot;ip&quot;:&quot;file&quot;,&quot;in_name&quot;:&quot;bond&quot;,&quot;in_active&quot;:1,&quot;in_active_sources&quot;:0,&quot;prg_name&quot;:&quot;&quot;,&quot;prg_prov&quot;:&quot;&quot;,&quot;prg_num&quot;:-1,&quot;chan&quot;:&quot;&quot;,&quot;chan_id&quot;:-1,&quot;id&quot;:&quot;zixi://bonded(bonded44)#10.7.0.66:2088@10.7.0.65,192.168.60.66:2088@192.168.50.65,192.168.5.166:2088@192.168.5.165&quot;,&quot;type&quot;:2,&quot;name&quot;:&quot;bond44&quot;,&quot;asi&quot;:0,&quot;rtmp&quot;:0,&quot;file&quot;:1,&quot;active&quot;:1,&quot;group&quot;:&quot;&quot;,&quot;bonded&quot;:[],&quot;error&quot;:&quot;None&quot;,&quot;con_stat&quot;:&quot;Connecting&quot;,&quot;bitrate&quot;:0,&quot;dest&quot;:&quot;bonded/bonded44&quot;},{&quot;mip&quot;:&quot;4000.ts&quot;,&quot;port&quot;:0,&quot;ip&quot;:&quot;file&quot;,&quot;in_name&quot;:&quot;bond&quot;,&quot;in_active&quot;:1,&quot;in_active_sources&quot;:0,&quot;prg_name&quot;:&quot;&quot;,&quot;prg_prov&quot;:&quot;&quot;,&quot;prg_num&quot;:-1,&quot;chan&quot;:&quot;&quot;,&quot;chan_id&quot;:-1,&quot;id&quot;:&quot;zixi://bonded(bonded40)#10.7.0.66:2088@10.7.0.65,192.168.60.66:2088@192.168.50.65,192.168.5.166:2088@192.168.5.165&quot;,&quot;type&quot;:2,&quot;name&quot;:&quot;bond40&quot;,&quot;asi&quot;:0,&quot;rtmp&quot;:0,&quot;file&quot;:1,&quot;active&quot;:1,&quot;group&quot;:&quot;&quot;,&quot;bonded&quot;:[],&quot;error&quot;:&quot;Authentication&quot;,&quot;con_stat&quot;:&quot;Connecting&quot;,&quot;bitrate&quot;:0,&quot;dest&quot;:&quot;bonded/bonded40&quot;},{&quot;mip&quot;:&quot;4000.ts&quot;,&quot;port&quot;:0,&quot;ip&quot;:&quot;file&quot;,&quot;in_name&quot;:&quot;bond&quot;,&quot;in_active&quot;:1,&quot;in_active_sources&quot;:0,&quot;prg_name&quot;:&quot;&quot;,&quot;prg_prov&quot;:&quot;&quot;,&quot;prg_num&quot;:-1,&quot;chan&quot;:&quot;&quot;,&quot;chan_id&quot;:-1,&quot;id&quot;:&quot;zixi://bonded(bonded23)#10.7.0.66:2088@10.7.0.65,192.168.60.66:2088@192.168.50.65,192.168.5.166:2088@192.168.5.165&quot;,&quot;type&quot;:2,&quot;name&quot;:&quot;bond23&quot;,&quot;asi&quot;:0,&quot;rtmp&quot;:0,&quot;file&quot;:1,&quot;active&quot;:1,&quot;group&quot;:&quot;&quot;,&quot;bonded&quot;:[],&quot;error&quot;:&quot;None&quot;,&quot;con_stat&quot;:&quot;Connecting&quot;,&quot;bitrate&quot;:0,&quot;dest&quot;:&quot;bonded/bonded23&quot;},{&quot;mip&quot;:&quot;4000.ts&quot;,&quot;port&quot;:0,&quot;ip&quot;:&quot;file&quot;,&quot;in_name&quot;:&quot;bond&quot;,&quot;in_active&quot;:1,&quot;in_active_sources&quot;:0,&quot;prg_name&quot;:&quot;&quot;,&quot;prg_prov&quot;:&quot;&quot;,&quot;prg_num&quot;:-1,&quot;chan&quot;:&quot;&quot;,&quot;chan_id&quot;:-1,&quot;id&quot;:&quot;zixi://bonded(bonded49)#10.7.0.66:2088@10.7.0.65,192.168.60.66:2088@192.168.50.65,192.168.5.166:2088@192.168.5.165&quot;,&quot;type&quot;:2,&quot;name&quot;:&quot;bond49&quot;,&quot;asi&quot;:0,&quot;rtmp&quot;:0,&quot;file&quot;:1,&quot;active&quot;:1,&quot;group&quot;:&quot;&quot;,&quot;bonded&quot;:[],&quot;error&quot;:&quot;Timeout&quot;,&quot;con_stat&quot;:&quot;Connecting&quot;,&quot;bitrate&quot;:0,&quot;dest&quot;:&quot;bonded/bonded49&quot;},{&quot;mip&quot;:&quot;4000.ts&quot;,&quot;port&quot;:0,&quot;ip&quot;:&quot;file&quot;,&quot;in_name&quot;:&quot;bond&quot;,&quot;in_active&quot;:1,&quot;in_active_sources&quot;:0,&quot;prg_name&quot;:&quot;&quot;,&quot;prg_prov&quot;:&quot;&quot;,&quot;prg_num&quot;:-1,&quot;chan&quot;:&quot;&quot;,&quot;chan_id&quot;:-1,&quot;id&quot;:&quot;zixi://bonded(bonded34)#10.7.0.66:2088@10.7.0.65,192.168.60.66:2088@192.168.50.65,192.168.5.166:2088@192.168.5.165&quot;,&quot;type&quot;:2,&quot;name&quot;:&quot;bond34&quot;,&quot;asi&quot;:0,&quot;rtmp&quot;:0,&quot;file&quot;:1,&quot;active&quot;:1,&quot;group&quot;:&quot;&quot;,&quot;bonded&quot;:[],&quot;error&quot;:&quot;Timeout&quot;,&quot;con_stat&quot;:&quot;Connecting&quot;,&quot;bitrate&quot;:0,&quot;dest&quot;:&quot;bonded/bonded34&quot;},{&quot;mip&quot;:&quot;4000.ts&quot;,&quot;port&quot;:0,&quot;ip&quot;:&quot;file&quot;,&quot;in_name&quot;:&quot;bond&quot;,&quot;in_active&quot;:1,&quot;in_active_sources&quot;:0,&quot;prg_name&quot;:&quot;&quot;,&quot;prg_prov&quot;:&quot;&quot;,&quot;prg_num&quot;:-1,&quot;chan&quot;:&quot;&quot;,&quot;chan_id&quot;:-1,&quot;id&quot;:&quot;zixi://bonded(bonded42)#10.7.0.66:2088@10.7.0.65,192.168.60.66:2088@192.168.50.65,192.168.5.166:2088@192.168.5.165&quot;,&quot;type&quot;:2,&quot;name&quot;:&quot;bond42&quot;,&quot;asi&quot;:0,&quot;rtmp&quot;:0,&quot;file&quot;:1,&quot;active&quot;:1,&quot;group&quot;:&quot;&quot;,&quot;bonded&quot;:[],&quot;error&quot;:&quot;Timeout&quot;,&quot;con_stat&quot;:&quot;Connecting&quot;,&quot;bitrate&quot;:0,&quot;dest&quot;:&quot;bonded/bonded42&quot;},{&quot;mip&quot;:&quot;4000.ts&quot;,&quot;port&quot;:0,&quot;ip&quot;:&quot;file&quot;,&quot;in_name&quot;:&quot;bond&quot;,&quot;in_active&quot;:1,&quot;in_active_sources&quot;:0,&quot;prg_name&quot;:&quot;&quot;,&quot;prg_prov&quot;:&quot;&quot;,&quot;prg_num&quot;:-1,&quot;chan&quot;:&quot;&quot;,&quot;chan_id&quot;:-1,&quot;id&quot;:&quot;zixi://bonded(bonded45)#10.7.0.66:2088@10.7.0.65,192.168.60.66:2088@192.168.50.65,192.168.5.166:2088@192.168.5.165&quot;,&quot;type&quot;:2,&quot;name&quot;:&quot;bond45&quot;,&quot;asi&quot;:0,&quot;rtmp&quot;:0,&quot;file&quot;:1,&quot;active&quot;:1,&quot;group&quot;:&quot;&quot;,&quot;bonded&quot;:[],&quot;error&quot;:&quot;Timeout&quot;,&quot;con_stat&quot;:&quot;Connecting&quot;,&quot;bitrate&quot;:0,&quot;dest&quot;:&quot;bonded/bonded45&quot;},{&quot;mip&quot;:&quot;4000.ts&quot;,&quot;port&quot;:0,&quot;ip&quot;:&quot;file&quot;,&quot;in_name&quot;:&quot;bond&quot;,&quot;in_active&quot;:1,&quot;in_active_sources&quot;:0,&quot;prg_name&quot;:&quot;&quot;,&quot;prg_prov&quot;:&quot;&quot;,&quot;prg_num&quot;:-1,&quot;chan&quot;:&quot;&quot;,&quot;chan_id&quot;:-1,&quot;id&quot;:&quot;zixi://bonded(bonded43)#10.7.0.66:2088@10.7.0.65,192.168.60.66:2088@192.168.50.65,192.168.5.166:2088@192.168.5.165&quot;,&quot;type&quot;:2,&quot;name&quot;:&quot;bond43&quot;,&quot;asi&quot;:0,&quot;rtmp&quot;:0,&quot;file&quot;:1,&quot;active&quot;:1,&quot;group&quot;:&quot;&quot;,&quot;bonded&quot;:[],&quot;error&quot;:&quot;Authentication&quot;,&quot;con_stat&quot;:&quot;Connecting&quot;,&quot;bitrate&quot;:0,&quot;dest&quot;:&quot;bonded/bonded43&quot;},{&quot;mip&quot;:&quot;4000.ts&quot;,&quot;port&quot;:0,&quot;ip&quot;:&quot;file&quot;,&quot;in_name&quot;:&quot;bond&quot;,&quot;in_active&quot;:1,&quot;in_active_sources&quot;:0,&quot;prg_name&quot;:&quot;&quot;,&quot;prg_prov&quot;:&quot;&quot;,&quot;prg_num&quot;:-1,&quot;chan&quot;:&quot;&quot;,&quot;chan_id&quot;:-1,&quot;id&quot;:&quot;zixi://bonded(bonded38)#10.7.0.66:2088@10.7.0.65,192.168.60.66:2088@192.168.50.65,192.168.5.166:2088@192.168.5.165&quot;,&quot;type&quot;:2,&quot;name&quot;:&quot;bond38&quot;,&quot;asi&quot;:0,&quot;rtmp&quot;:0,&quot;file&quot;:1,&quot;active&quot;:1,&quot;group&quot;:&quot;&quot;,&quot;bonded&quot;:[],&quot;error&quot;:&quot;Timeout&quot;,&quot;con_stat&quot;:&quot;Connecting&quot;,&quot;bitrate&quot;:0,&quot;dest&quot;:&quot;bonded/bonded38&quot;},{&quot;mip&quot;:&quot;4000.ts&quot;,&quot;port&quot;:0,&quot;ip&quot;:&quot;file&quot;,&quot;in_name&quot;:&quot;bond&quot;,&quot;in_active&quot;:1,&quot;in_active_sources&quot;:0,&quot;prg_name&quot;:&quot;&quot;,&quot;prg_prov&quot;:&quot;&quot;,&quot;prg_num&quot;:-1,&quot;chan&quot;:&quot;&quot;,&quot;chan_id&quot;:-1,&quot;id&quot;:&quot;zixi://bonded(bonded47)#10.7.0.66:2088@10.7.0.65,192.168.60.66:2088@192.168.50.65,192.168.5.166:2088@192.168.5.165&quot;,&quot;type&quot;:2,&quot;name&quot;:&quot;bond47&quot;,&quot;asi&quot;:0,&quot;rtmp&quot;:0,&quot;file&quot;:1,&quot;active&quot;:1,&quot;group&quot;:&quot;&quot;,&quot;bonded&quot;:[],&quot;error&quot;:&quot;Authentication&quot;,&quot;con_stat&quot;:&quot;Connecting&quot;,&quot;bitrate&quot;:0,&quot;dest&quot;:&quot;bonded/bonded47&quot;},{&quot;mip&quot;:&quot;4000.ts&quot;,&quot;port&quot;:0,&quot;ip&quot;:&quot;file&quot;,&quot;in_name&quot;:&quot;bond&quot;,&quot;in_active&quot;:1,&quot;in_active_sources&quot;:0,&quot;prg_name&quot;:&quot;&quot;,&quot;prg_prov&quot;:&quot;&quot;,&quot;prg_num&quot;:-1,&quot;chan&quot;:&quot;&quot;,&quot;chan_id&quot;:-1,&quot;id&quot;:&quot;zixi://bonded(bonded48)#10.7.0.66:2088@10.7.0.65,192.168.60.66:2088@192.168.50.65,192.168.5.166:2088@192.168.5.165&quot;,&quot;type&quot;:2,&quot;name&quot;:&quot;bond48&quot;,&quot;asi&quot;:0,&quot;rtmp&quot;:0,&quot;file&quot;:1,&quot;active&quot;:1,&quot;group&quot;:&quot;&quot;,&quot;bonded&quot;:[],&quot;error&quot;:&quot;Timeout&quot;,&quot;con_stat&quot;:&quot;Connecting&quot;,&quot;bitrate&quot;:0,&quot;dest&quot;:&quot;bonded/bonded48&quot;},{&quot;mip&quot;:&quot;4000.ts&quot;,&quot;port&quot;:0,&quot;ip&quot;:&quot;file&quot;,&quot;in_name&quot;:&quot;bond&quot;,&quot;in_active&quot;:1,&quot;in_active_sources&quot;:0,&quot;prg_name&quot;:&quot;&quot;,&quot;prg_prov&quot;:&quot;&quot;,&quot;prg_num&quot;:-1,&quot;chan&quot;:&quot;&quot;,&quot;chan_id&quot;:-1,&quot;id&quot;:&quot;zixi://bonded(bonded13)#10.7.0.66:2088@10.7.0.65,192.168.60.66:2088@192.168.50.65,192.168.5.166:2088@192.168.5.165&quot;,&quot;type&quot;:2,&quot;name&quot;:&quot;bond13&quot;,&quot;asi&quot;:0,&quot;rtmp&quot;:0,&quot;file&quot;:1,&quot;active&quot;:1,&quot;group&quot;:&quot;&quot;,&quot;bonded&quot;:[],&quot;error&quot;:&quot;None&quot;,&quot;con_stat&quot;:&quot;Connecting&quot;,&quot;bitrate&quot;:0,&quot;dest&quot;:&quot;bonded/bonded13&quot;},{&quot;mip&quot;:&quot;4000.ts&quot;,&quot;port&quot;:0,&quot;ip&quot;:&quot;file&quot;,&quot;in_name&quot;:&quot;bond&quot;,&quot;in_active&quot;:1,&quot;in_active_sources&quot;:0,&quot;prg_name&quot;:&quot;&quot;,&quot;prg_prov&quot;:&quot;&quot;,&quot;prg_num&quot;:-1,&quot;chan&quot;:&quot;&quot;,&quot;chan_id&quot;:-1,&quot;id&quot;:&quot;zixi://bonded(bonded6)#10.7.0.66:2088@10.7.0.65,192.168.60.66:2088@192.168.50.65,192.168.5.166:2088@192.168.5.165&quot;,&quot;type&quot;:2,&quot;name&quot;:&quot;bond6&quot;,&quot;asi&quot;:0,&quot;rtmp&quot;:0,&quot;file&quot;:1,&quot;active&quot;:1,&quot;group&quot;:&quot;&quot;,&quot;bonded&quot;:[],&quot;error&quot;:&quot;None&quot;,&quot;con_stat&quot;:&quot;Connecting&quot;,&quot;bitrate&quot;:0,&quot;dest&quot;:&quot;bonded/bonded6&quot;},{&quot;mip&quot;:&quot;4000.ts&quot;,&quot;port&quot;:0,&quot;ip&quot;:&quot;file&quot;,&quot;in_name&quot;:&quot;bond&quot;,&quot;in_active&quot;:1,&quot;in_active_sources&quot;:0,&quot;prg_name&quot;:&quot;&quot;,&quot;prg_prov&quot;:&quot;&quot;,&quot;prg_num&quot;:-1,&quot;chan&quot;:&quot;&quot;,&quot;chan_id&quot;:-1,&quot;id&quot;:&quot;zixi://bonded(bonded2)#10.7.0.66:2088@10.7.0.65,192.168.60.66:2088@192.168.50.65,192.168.5.166:2088@192.168.5.165&quot;,&quot;type&quot;:2,&quot;name&quot;:&quot;bond2&quot;,&quot;asi&quot;:0,&quot;rtmp&quot;:0,&quot;file&quot;:1,&quot;active&quot;:1,&quot;group&quot;:&quot;&quot;,&quot;bonded&quot;:[],&quot;error&quot;:&quot;None&quot;,&quot;con_stat&quot;:&quot;Connecting&quot;,&quot;bitrate&quot;:0,&quot;dest&quot;:&quot;bonded/bonded2&quot;},{&quot;mip&quot;:&quot;4000.ts&quot;,&quot;port&quot;:0,&quot;ip&quot;:&quot;file&quot;,&quot;in_name&quot;:&quot;bond&quot;,&quot;in_active&quot;:1,&quot;in_active_sources&quot;:0,&quot;prg_name&quot;:&quot;&quot;,&quot;prg_prov&quot;:&quot;&quot;,&quot;prg_num&quot;:-1,&quot;chan&quot;:&quot;&quot;,&quot;chan_id&quot;:-1,&quot;id&quot;:&quot;zixi://bonded(bonded1)#10.7.0.66:2088@10.7.0.65,192.168.60.66:2088@192.168.50.65,192.168.5.166:2088@192.168.5.165&quot;,&quot;type&quot;:2,&quot;name&quot;:&quot;bond1&quot;,&quot;asi&quot;:0,&quot;rtmp&quot;:0,&quot;file&quot;:1,&quot;active&quot;:1,&quot;group&quot;:&quot;&quot;,&quot;bonded&quot;:[],&quot;error&quot;:&quot;None&quot;,&quot;con_stat&quot;:&quot;Connecting&quot;,&quot;bitrate&quot;:0,&quot;dest&quot;:&quot;bonded/bonded1&quot;},{&quot;mip&quot;:&quot;4000.ts&quot;,&quot;port&quot;:0,&quot;ip&quot;:&quot;file&quot;,&quot;in_name&quot;:&quot;bond&quot;,&quot;in_active&quot;:1,&quot;in_active_sources&quot;:0,&quot;prg_name&quot;:&quot;&quot;,&quot;prg_prov&quot;:&quot;&quot;,&quot;prg_num&quot;:-1,&quot;chan&quot;:&quot;&quot;,&quot;chan_id&quot;:-1,&quot;id&quot;:&quot;zixi://bonded(bonded4)#10.7.0.66:2088@10.7.0.65,192.168.60.66:2088@192.168.50.65,192.168.5.166:2088@192.168.5.165&quot;,&quot;type&quot;:2,&quot;name&quot;:&quot;bond4&quot;,&quot;asi&quot;:0,&quot;rtmp&quot;:0,&quot;file&quot;:1,&quot;active&quot;:1,&quot;group&quot;:&quot;&quot;,&quot;bonded&quot;:[],&quot;error&quot;:&quot;Timeout&quot;,&quot;con_stat&quot;:&quot;Connecting&quot;,&quot;bitrate&quot;:0,&quot;dest&quot;:&quot;bonded/bonded4&quot;},{&quot;mip&quot;:&quot;4000.ts&quot;,&quot;port&quot;:0,&quot;ip&quot;:&quot;file&quot;,&quot;in_name&quot;:&quot;bond&quot;,&quot;in_active&quot;:1,&quot;in_active_sources&quot;:0,&quot;prg_name&quot;:&quot;&quot;,&quot;prg_prov&quot;:&quot;&quot;,&quot;prg_num&quot;:-1,&quot;chan&quot;:&quot;&quot;,&quot;chan_id&quot;:-1,&quot;id&quot;:&quot;zixi://bonded(bonded5)#10.7.0.66:2088@10.7.0.65,192.168.60.66:2088@192.168.50.65,192.168.5.166:2088@192.168.5.165&quot;,&quot;type&quot;:2,&quot;name&quot;:&quot;bond5&quot;,&quot;asi&quot;:0,&quot;rtmp&quot;:0,&quot;file&quot;:1,&quot;active&quot;:1,&quot;group&quot;:&quot;&quot;,&quot;bonded&quot;:[],&quot;error&quot;:&quot;None&quot;,&quot;con_stat&quot;:&quot;Connecting&quot;,&quot;bitrate&quot;:0,&quot;dest&quot;:&quot;bonded/bonded5&quot;},{&quot;mip&quot;:&quot;4000.ts&quot;,&quot;port&quot;:0,&quot;ip&quot;:&quot;file&quot;,&quot;in_name&quot;:&quot;bond&quot;,&quot;in_active&quot;:1,&quot;in_active_sources&quot;:0,&quot;prg_name&quot;:&quot;&quot;,&quot;prg_prov&quot;:&quot;&quot;,&quot;prg_num&quot;:-1,&quot;chan&quot;:&quot;&quot;,&quot;chan_id&quot;:-1,&quot;id&quot;:&quot;zixi://bonded(bonded9)#10.7.0.66:2088@10.7.0.65,192.168.60.66:2088@192.168.50.65,192.168.5.166:2088@192.168.5.165&quot;,&quot;type&quot;:2,&quot;name&quot;:&quot;bond9&quot;,&quot;asi&quot;:0,&quot;rtmp&quot;:0,&quot;file&quot;:1,&quot;active&quot;:1,&quot;group&quot;:&quot;&quot;,&quot;bonded&quot;:[],&quot;error&quot;:&quot;None&quot;,&quot;con_stat&quot;:&quot;Connecting&quot;,&quot;bitrate&quot;:0,&quot;dest&quot;:&quot;bonded/bonded9&quot;},{&quot;mip&quot;:&quot;4000.ts&quot;,&quot;port&quot;:0,&quot;ip&quot;:&quot;file&quot;,&quot;in_name&quot;:&quot;bond&quot;,&quot;in_active&quot;:1,&quot;in_active_sources&quot;:0,&quot;prg_name&quot;:&quot;&quot;,&quot;prg_prov&quot;:&quot;&quot;,&quot;prg_num&quot;:-1,&quot;chan&quot;:&quot;&quot;,&quot;chan_id&quot;:-1,&quot;id&quot;:&quot;zixi://bonded(bonded12)#10.7.0.66:2088@10.7.0.65,192.168.60.66:2088@192.168.50.65,192.168.5.166:2088@192.168.5.165&quot;,&quot;type&quot;:2,&quot;name&quot;:&quot;bond12&quot;,&quot;asi&quot;:0,&quot;rtmp&quot;:0,&quot;file&quot;:1,&quot;active&quot;:1,&quot;group&quot;:&quot;&quot;,&quot;bonded&quot;:[],&quot;error&quot;:&quot;None&quot;,&quot;con_stat&quot;:&quot;Connecting&quot;,&quot;bitrate&quot;:0,&quot;dest&quot;:&quot;bonded/bonded12&quot;},{&quot;mip&quot;:&quot;4000.ts&quot;,&quot;port&quot;:0,&quot;ip&quot;:&quot;file&quot;,&quot;in_name&quot;:&quot;bond&quot;,&quot;in_active&quot;:1,&quot;in_active_sources&quot;:0,&quot;prg_name&quot;:&quot;&quot;,&quot;prg_prov&quot;:&quot;&quot;,&quot;prg_num&quot;:-1,&quot;chan&quot;:&quot;&quot;,&quot;chan_id&quot;:-1,&quot;id&quot;:&quot;zixi://bonded(bonded10)#10.7.0.66:2088@10.7.0.65,192.168.60.66:2088@192.168.50.65,192.168.5.166:2088@192.168.5.165&quot;,&quot;type&quot;:2,&quot;name&quot;:&quot;bond10&quot;,&quot;asi&quot;:0,&quot;rtmp&quot;:0,&quot;file&quot;:1,&quot;active&quot;:1,&quot;group&quot;:&quot;&quot;,&quot;bonded&quot;:[],&quot;error&quot;:&quot;Authentication&quot;,&quot;con_stat&quot;:&quot;Connecting&quot;,&quot;bitrate&quot;:0,&quot;dest&quot;:&quot;bonded/bonded10&quot;},{&quot;mip&quot;:&quot;4000.ts&quot;,&quot;port&quot;:0,&quot;ip&quot;:&quot;file&quot;,&quot;in_name&quot;:&quot;bond&quot;,&quot;in_active&quot;:1,&quot;in_active_sources&quot;:0,&quot;prg_name&quot;:&quot;&quot;,&quot;prg_prov&quot;:&quot;&quot;,&quot;prg_num&quot;:-1,&quot;chan&quot;:&quot;&quot;,&quot;chan_id&quot;:-1,&quot;id&quot;:&quot;zixi://bonded(bonded3)#10.7.0.66:2088@10.7.0.65,192.168.60.66:2088@192.168.50.65,192.168.5.166:2088@192.168.5.165&quot;,&quot;type&quot;:2,&quot;name&quot;:&quot;bond3&quot;,&quot;asi&quot;:0,&quot;rtmp&quot;:0,&quot;file&quot;:1,&quot;active&quot;:1,&quot;group&quot;:&quot;&quot;,&quot;bonded&quot;:[],&quot;error&quot;:&quot;None&quot;,&quot;con_stat&quot;:&quot;Connecting&quot;,&quot;bitrate&quot;:0,&quot;dest&quot;:&quot;bonded/bonded3&quot;},{&quot;mip&quot;:&quot;4000.ts&quot;,&quot;port&quot;:0,&quot;ip&quot;:&quot;file&quot;,&quot;in_name&quot;:&quot;bond&quot;,&quot;in_active&quot;:1,&quot;in_active_sources&quot;:0,&quot;prg_name&quot;:&quot;&quot;,&quot;prg_prov&quot;:&quot;&quot;,&quot;prg_num&quot;:-1,&quot;chan&quot;:&quot;&quot;,&quot;chan_id&quot;:-1,&quot;id&quot;:&quot;zixi://bonded(bonded11)#10.7.0.66:2088@10.7.0.65,192.168.60.66:2088@192.168.50.65,192.168.5.166:2088@192.168.5.165&quot;,&quot;type&quot;:2,&quot;name&quot;:&quot;bond11&quot;,&quot;asi&quot;:0,&quot;rtmp&quot;:0,&quot;file&quot;:1,&quot;active&quot;:1,&quot;group&quot;:&quot;&quot;,&quot;bonded&quot;:[],&quot;error&quot;:&quot;None&quot;,&quot;con_stat&quot;:&quot;Connecting&quot;,&quot;bitrate&quot;:0,&quot;dest&quot;:&quot;bonded/bonded11&quot;},{&quot;mip&quot;:&quot;4000.ts&quot;,&quot;port&quot;:0,&quot;ip&quot;:&quot;file&quot;,&quot;in_name&quot;:&quot;bond&quot;,&quot;in_active&quot;:1,&quot;in_active_sources&quot;:0,&quot;prg_name&quot;:&quot;&quot;,&quot;prg_prov&quot;:&quot;&quot;,&quot;prg_num&quot;:-1,&quot;chan&quot;:&quot;&quot;,&quot;chan_id&quot;:-1,&quot;id&quot;:&quot;zixi://bonded(bonded7)#10.7.0.66:2088@10.7.0.65,192.168.60.66:2088@192.168.50.65,192.168.5.166:2088@192.168.5.165&quot;,&quot;type&quot;:2,&quot;name&quot;:&quot;bond7&quot;,&quot;asi&quot;:0,&quot;rtmp&quot;:0,&quot;file&quot;:1,&quot;active&quot;:1,&quot;group&quot;:&quot;&quot;,&quot;bonded&quot;:[],&quot;error&quot;:&quot;None&quot;,&quot;con_stat&quot;:&quot;Connecting&quot;,&quot;bitrate&quot;:0,&quot;dest&quot;:&quot;bonded/bonded7&quot;},{&quot;mip&quot;:&quot;4000.ts&quot;,&quot;port&quot;:0,&quot;ip&quot;:&quot;file&quot;,&quot;in_name&quot;:&quot;bond&quot;,&quot;in_active&quot;:1,&quot;in_active_sources&quot;:0,&quot;prg_name&quot;:&quot;&quot;,&quot;prg_prov&quot;:&quot;&quot;,&quot;prg_num&quot;:-1,&quot;chan&quot;:&quot;&quot;,&quot;chan_id&quot;:-1,&quot;id&quot;:&quot;zixi://bonded(bonded14)#10.7.0.66:2088@10.7.0.65,192.168.60.66:2088@192.168.50.65,192.168.5.166:2088@192.168.5.165&quot;,&quot;type&quot;:2,&quot;name&quot;:&quot;bond14&quot;,&quot;asi&quot;:0,&quot;rtmp&quot;:0,&quot;file&quot;:1,&quot;active&quot;:1,&quot;group&quot;:&quot;&quot;,&quot;bonded&quot;:[],&quot;error&quot;:&quot;Timeout&quot;,&quot;con_stat&quot;:&quot;Connecting&quot;,&quot;bitrate&quot;:0,&quot;dest&quot;:&quot;bonded/bonded14&quot;},{&quot;mip&quot;:&quot;4000.ts&quot;,&quot;port&quot;:0,&quot;ip&quot;:&quot;file&quot;,&quot;in_name&quot;:&quot;bond&quot;,&quot;in_active&quot;:1,&quot;in_active_sources&quot;:0,&quot;prg_name&quot;:&quot;&quot;,&quot;prg_prov&quot;:&quot;&quot;,&quot;prg_num&quot;:-1,&quot;chan&quot;:&quot;&quot;,&quot;chan_id&quot;:-1,&quot;id&quot;:&quot;zixi://bonded(bonded0)#10.7.0.66:2088@10.7.0.65,192.168.60.66:2088@192.168.50.65,192.168.5.166:2088@192.168.5.165&quot;,&quot;type&quot;:2,&quot;name&quot;:&quot;bond0&quot;,&quot;asi&quot;:0,&quot;rtmp&quot;:0,&quot;file&quot;:1,&quot;active&quot;:1,&quot;group&quot;:&quot;&quot;,&quot;bonded&quot;:[],&quot;error&quot;:&quot;None&quot;,&quot;con_stat&quot;:&quot;Connecting&quot;,&quot;bitrate&quot;:0,&quot;dest&quot;:&quot;bonded/bonded0&quot;},{&quot;mip&quot;:&quot;4000.ts&quot;,&quot;port&quot;:0,&quot;ip&quot;:&quot;file&quot;,&quot;in_name&quot;:&quot;bond&quot;,&quot;in_active&quot;:1,&quot;in_active_sources&quot;:0,&quot;prg_name&quot;:&quot;&quot;,&quot;prg_prov&quot;:&quot;&quot;,&quot;prg_num&quot;:-1,&quot;chan&quot;:&quot;&quot;,&quot;chan_id&quot;:-1,&quot;id&quot;:&quot;zixi://bonded(bonded19)#10.7.0.66:2088@10.7.0.65,192.168.60.66:2088@192.168.50.65,192.168.5.166:2088@192.168.5.165&quot;,&quot;type&quot;:2,&quot;name&quot;:&quot;bond19&quot;,&quot;asi&quot;:0,&quot;rtmp&quot;:0,&quot;file&quot;:1,&quot;active&quot;:1,&quot;group&quot;:&quot;&quot;,&quot;bonded&quot;:[],&quot;error&quot;:&quot;None&quot;,&quot;con_stat&quot;:&quot;Connecting&quot;,&quot;bitrate&quot;:0,&quot;dest&quot;:&quot;bonded/bonded19&quot;},{&quot;mip&quot;:&quot;4000.ts&quot;,&quot;port&quot;:0,&quot;ip&quot;:&quot;file&quot;,&quot;in_name&quot;:&quot;bond&quot;,&quot;in_active&quot;:1,&quot;in_active_sources&quot;:0,&quot;prg_name&quot;:&quot;&quot;,&quot;prg_prov&quot;:&quot;&quot;,&quot;prg_num&quot;:-1,&quot;chan&quot;:&quot;&quot;,&quot;chan_id&quot;:-1,&quot;id&quot;:&quot;zixi://bonded(bonded16)#10.7.0.66:2088@10.7.0.65,192.168.60.66:2088@192.168.50.65,192.168.5.166:2088@192.168.5.165&quot;,&quot;type&quot;:2,&quot;name&quot;:&quot;bond16&quot;,&quot;asi&quot;:0,&quot;rtmp&quot;:0,&quot;file&quot;:1,&quot;active&quot;:1,&quot;group&quot;:&quot;&quot;,&quot;bonded&quot;:[],&quot;error&quot;:&quot;None&quot;,&quot;con_stat&quot;:&quot;Connecting&quot;,&quot;bitrate&quot;:0,&quot;dest&quot;:&quot;bonded/bonded16&quot;},{&quot;mip&quot;:&quot;4000.ts&quot;,&quot;port&quot;:0,&quot;ip&quot;:&quot;file&quot;,&quot;in_name&quot;:&quot;bond&quot;,&quot;in_active&quot;:1,&quot;in_active_sources&quot;:0,&quot;prg_name&quot;:&quot;&quot;,&quot;prg_prov&quot;:&quot;&quot;,&quot;prg_num&quot;:-1,&quot;chan&quot;:&quot;&quot;,&quot;chan_id&quot;:-1,&quot;id&quot;:&quot;zixi://bonded(bonded20)#10.7.0.66:2088@10.7.0.65,192.168.60.66:2088@192.168.50.65,192.168.5.166:2088@192.168.5.165&quot;,&quot;type&quot;:2,&quot;name&quot;:&quot;bond20&quot;,&quot;asi&quot;:0,&quot;rtmp&quot;:0,&quot;file&quot;:1,&quot;active&quot;:1,&quot;group&quot;:&quot;&quot;,&quot;bonded&quot;:[],&quot;error&quot;:&quot;Timeout&quot;,&quot;con_stat&quot;:&quot;Connecting&quot;,&quot;bitrate&quot;:0,&quot;dest&quot;:&quot;bonded/bonded20&quot;},{&quot;mip&quot;:&quot;4000.ts&quot;,&quot;port&quot;:0,&quot;ip&quot;:&quot;file&quot;,&quot;in_name&quot;:&quot;bond&quot;,&quot;in_active&quot;:1,&quot;in_active_sources&quot;:0,&quot;prg_name&quot;:&quot;&quot;,&quot;prg_prov&quot;:&quot;&quot;,&quot;prg_num&quot;:-1,&quot;chan&quot;:&quot;&quot;,&quot;chan_id&quot;:-1,&quot;id&quot;:&quot;zixi://bonded(bonded8)#10.7.0.66:2088@10.7.0.65,192.168.60.66:2088@192.168.50.65,192.168.5.166:2088@192.168.5.165&quot;,&quot;type&quot;:2,&quot;name&quot;:&quot;bond8&quot;,&quot;asi&quot;:0,&quot;rtmp&quot;:0,&quot;file&quot;:1,&quot;active&quot;:1,&quot;group&quot;:&quot;&quot;,&quot;bonded&quot;:[],&quot;error&quot;:&quot;None&quot;,&quot;con_stat&quot;:&quot;Connecting&quot;,&quot;bitrate&quot;:0,&quot;dest&quot;:&quot;bonded/bonded8&quot;}]}
Debug printing ------&gt;&gt;&gt; {&quot;custom_data&quot;:&quot;&quot;,&quot;msg&quot;:&quot;Output deleted.&quot;,&quot;error&quot;:&quot;&quot;,&quot;outs&quot;:[{&quot;mip&quot;:&quot;live_recording.ts&quot;,&quot;port&quot;:0,&quot;ip&quot;:&quot;file&quot;,&quot;in_name&quot;:&quot;feederoutputname&quot;,&quot;in_active&quot;:1,&quot;in_active_sources&quot;:0,&quot;prg_name&quot;:&quot;&quot;,&quot;prg_prov&quot;:&quot;&quot;,&quot;prg_num&quot;:1,&quot;chan&quot;:&quot;&quot;,&quot;chan_id&quot;:-1,&quot;id&quot;:&quot;zixi://10.7.0.66:2088/feederout&quot;,&quot;type&quot;:2,&quot;name&quot;:&quot;feederoutputname&quot;,&quot;asi&quot;:0,&quot;rtmp&quot;:0,&quot;file&quot;:1,&quot;active&quot;:1,&quot;group&quot;:&quot;&quot;,&quot;error&quot;:&quot;Authentication&quot;,&quot;con_stat&quot;:&quot;Disconnected&quot;,&quot;bitrate&quot;:0,&quot;dest&quot;:&quot;10.7.0.66:2088/feederout&quot;},{&quot;mip&quot;:&quot;4000.ts&quot;,&quot;port&quot;:0,&quot;ip&quot;:&quot;file&quot;,&quot;in_name&quot;:&quot;bond&quot;,&quot;in_active&quot;:1,&quot;in_active_sources&quot;:0,&quot;prg_name&quot;:&quot;&quot;,&quot;prg_prov&quot;:&quot;&quot;,&quot;prg_num&quot;:-1,&quot;chan&quot;:&quot;&quot;,&quot;chan_id&quot;:-1,&quot;id&quot;:&quot;zixi://bonded(bonded46)#10.7.0.66:2088@10.7.0.65,192.168.60.66:2088@192.168.50.65,192.168.5.166:2088@192.168.5.165&quot;,&quot;type&quot;:2,&quot;name&quot;:&quot;bond46&quot;,&quot;asi&quot;:0,&quot;rtmp&quot;:0,&quot;file&quot;:1,&quot;active&quot;:1,&quot;group&quot;:&quot;&quot;,&quot;bonded&quot;:[],&quot;error&quot;:&quot;Authentication&quot;,&quot;con_stat&quot;:&quot;Connecting&quot;,&quot;bitrate&quot;:0,&quot;dest&quot;:&quot;bonded/bonded46&quot;},{&quot;mip&quot;:&quot;4000.ts&quot;,&quot;port&quot;:0,&quot;ip&quot;:&quot;file&quot;,&quot;in_name&quot;:&quot;bond&quot;,&quot;in_active&quot;:1,&quot;in_active_sources&quot;:0,&quot;prg_name&quot;:&quot;&quot;,&quot;prg_prov&quot;:&quot;&quot;,&quot;prg_num&quot;:-1,&quot;chan&quot;:&quot;&quot;,&quot;chan_id&quot;:-1,&quot;id&quot;:&quot;zixi://bonded(bonded23)#10.7.0.66:2088@10.7.0.65,192.168.60.66:2088@192.168.50.65,192.168.5.166:2088@192.168.5.165&quot;,&quot;type&quot;:2,&quot;name&quot;:&quot;bond23&quot;,&quot;asi&quot;:0,&quot;rtmp&quot;:0,&quot;file&quot;:1,&quot;active&quot;:1,&quot;group&quot;:&quot;&quot;,&quot;bonded&quot;:[],&quot;error&quot;:&quot;None&quot;,&quot;con_stat&quot;:&quot;Connecting&quot;,&quot;bitrate&quot;:0,&quot;dest&quot;:&quot;bonded/bonded23&quot;},{&quot;mip&quot;:&quot;4000.ts&quot;,&quot;port&quot;:0,&quot;ip&quot;:&quot;file&quot;,&quot;in_name&quot;:&quot;bond&quot;,&quot;in_active&quot;:1,&quot;in_active_sources&quot;:0,&quot;prg_name&quot;:&quot;&quot;,&quot;prg_prov&quot;:&quot;&quot;,&quot;prg_num&quot;:-1,&quot;chan&quot;:&quot;&quot;,&quot;chan_id&quot;:-1,&quot;id&quot;:&quot;zixi://bonded(bonded17)#10.7.0.66:2088@10.7.0.65,192.168.60.66:2088@192.168.50.65,192.168.5.166:2088@192.168.5.165&quot;,&quot;type&quot;:2,&quot;name&quot;:&quot;bond17&quot;,&quot;asi&quot;:0,&quot;rtmp&quot;:0,&quot;file&quot;:1,&quot;active&quot;:1,&quot;group&quot;:&quot;&quot;,&quot;bonded&quot;:[],&quot;error&quot;:&quot;None&quot;,&quot;con_stat&quot;:&quot;Connecting&quot;,&quot;bitrate&quot;:0,&quot;dest&quot;:&quot;bonded/bonded17&quot;},{&quot;mip&quot;:&quot;4000.ts&quot;,&quot;port&quot;:0,&quot;ip&quot;:&quot;file&quot;,&quot;in_name&quot;:&quot;bond&quot;,&quot;in_active&quot;:1,&quot;in_active_sources&quot;:0,&quot;prg_name&quot;:&quot;&quot;,&quot;prg_prov&quot;:&quot;&quot;,&quot;prg_num&quot;:-1,&quot;chan&quot;:&quot;&quot;,&quot;chan_id&quot;:-1,&quot;id&quot;:&quot;zixi://bonded(bonded24)#10.7.0.66:2088@10.7.0.65,192.168.60.66:2088@192.168.50.65,192.168.5.166:2088@192.168.5.165&quot;,&quot;type&quot;:2,&quot;name&quot;:&quot;bond24&quot;,&quot;asi&quot;:0,&quot;rtmp&quot;:0,&quot;file&quot;:1,&quot;active&quot;:1,&quot;group&quot;:&quot;&quot;,&quot;bonded&quot;:[],&quot;error&quot;:&quot;None&quot;,&quot;con_stat&quot;:&quot;Connecting&quot;,&quot;bitrate&quot;:0,&quot;dest&quot;:&quot;bonded/bonded24&quot;},{&quot;mip&quot;:&quot;4000.ts&quot;,&quot;port&quot;:0,&quot;ip&quot;:&quot;file&quot;,&quot;in_name&quot;:&quot;bond&quot;,&quot;in_active&quot;:1,&quot;in_active_sources&quot;:0,&quot;prg_name&quot;:&quot;&quot;,&quot;prg_prov&quot;:&quot;&quot;,&quot;prg_num&quot;:-1,&quot;chan&quot;:&quot;&quot;,&quot;chan_id&quot;:-1,&quot;id&quot;:&quot;zixi://bonded(bonded15)#10.7.0.66:2088@10.7.0.65,192.168.60.66:2088@192.168.50.65,192.168.5.166:2088@192.168.5.165&quot;,&quot;type&quot;:2,&quot;name&quot;:&quot;bond15&quot;,&quot;asi&quot;:0,&quot;rtmp&quot;:0,&quot;file&quot;:1,&quot;active&quot;:1,&quot;group&quot;:&quot;&quot;,&quot;bonded&quot;:[],&quot;error&quot;:&quot;Timeout&quot;,&quot;con_stat&quot;:&quot;Connecting&quot;,&quot;bitrate&quot;:0,&quot;dest&quot;:&quot;bonded/bonded15&quot;},{&quot;mip&quot;:&quot;4000.ts&quot;,&quot;port&quot;:0,&quot;ip&quot;:&quot;file&quot;,&quot;in_name&quot;:&quot;bond&quot;,&quot;in_active&quot;:1,&quot;in_active_sources&quot;:0,&quot;prg_name&quot;:&quot;&quot;,&quot;prg_prov&quot;:&quot;&quot;,&quot;prg_num&quot;:-1,&quot;chan&quot;:&quot;&quot;,&quot;chan_id&quot;:-1,&quot;id&quot;:&quot;zixi://bonded(bonded28)#10.7.0.66:2088@10.7.0.65,192.168.60.66:2088@192.168.50.65,192.168.5.166:2088@192.168.5.165&quot;,&quot;type&quot;:2,&quot;name&quot;:&quot;bond28&quot;,&quot;asi&quot;:0,&quot;rtmp&quot;:0,&quot;file&quot;:1,&quot;active&quot;:1,&quot;group&quot;:&quot;&quot;,&quot;bonded&quot;:[],&quot;error&quot;:&quot;None&quot;,&quot;con_stat&quot;:&quot;Connecting&quot;,&quot;bitrate&quot;:0,&quot;dest&quot;:&quot;bonded/bonded28&quot;},{&quot;mip&quot;:&quot;4000.ts&quot;,&quot;port&quot;:0,&quot;ip&quot;:&quot;file&quot;,&quot;in_name&quot;:&quot;bond&quot;,&quot;in_active&quot;:1,&quot;in_active_sources&quot;:0,&quot;prg_name&quot;:&quot;&quot;,&quot;prg_prov&quot;:&quot;&quot;,&quot;prg_num&quot;:-1,&quot;chan&quot;:&quot;&quot;,&quot;chan_id&quot;:-1,&quot;id&quot;:&quot;zixi://bonded(bonded25)#10.7.0.66:2088@10.7.0.65,192.168.60.66:2088@192.168.50.65,192.168.5.166:2088@192.168.5.165&quot;,&quot;type&quot;:2,&quot;name&quot;:&quot;bond25&quot;,&quot;asi&quot;:0,&quot;rtmp&quot;:0,&quot;file&quot;:1,&quot;active&quot;:1,&quot;group&quot;:&quot;&quot;,&quot;bonded&quot;:[],&quot;error&quot;:&quot;None&quot;,&quot;con_stat&quot;:&quot;Connecting&quot;,&quot;bitrate&quot;:0,&quot;dest&quot;:&quot;bonded/bonded25&quot;},{&quot;mip&quot;:&quot;4000.ts&quot;,&quot;port&quot;:0,&quot;ip&quot;:&quot;file&quot;,&quot;in_name&quot;:&quot;bond&quot;,&quot;in_active&quot;:1,&quot;in_active_sources&quot;:0,&quot;prg_name&quot;:&quot;&quot;,&quot;prg_prov&quot;:&quot;&quot;,&quot;prg_num&quot;:-1,&quot;chan&quot;:&quot;&quot;,&quot;chan_id&quot;:-1,&quot;id&quot;:&quot;zixi://bonded(bonded18)#10.7.0.66:2088@10.7.0.65,192.168.60.66:2088@192.168.50.65,192.168.5.166:2088@192.168.5.165&quot;,&quot;type&quot;:2,&quot;name&quot;:&quot;bond18&quot;,&quot;asi&quot;:0,&quot;rtmp&quot;:0,&quot;file&quot;:1,&quot;active&quot;:1,&quot;group&quot;:&quot;&quot;,&quot;bonded&quot;:[],&quot;error&quot;:&quot;Timeout&quot;,&quot;con_stat&quot;:&quot;Connecting&quot;,&quot;bitrate&quot;:0,&quot;dest&quot;:&quot;bonded/bonded18&quot;},{&quot;mip&quot;:&quot;4000.ts&quot;,&quot;port&quot;:0,&quot;ip&quot;:&quot;file&quot;,&quot;in_name&quot;:&quot;bond&quot;,&quot;in_active&quot;:1,&quot;in_active_sources&quot;:0,&quot;prg_name&quot;:&quot;&quot;,&quot;prg_prov&quot;:&quot;&quot;,&quot;prg_num&quot;:-1,&quot;chan&quot;:&quot;&quot;,&quot;chan_id&quot;:-1,&quot;id&quot;:&quot;zixi://bonded(bonded40)#10.7.0.66:2088@10.7.0.65,192.168.60.66:2088@192.168.50.65,192.168.5.166:2088@192.168.5.165&quot;,&quot;type&quot;:2,&quot;name&quot;:&quot;bond40&quot;,&quot;asi&quot;:0,&quot;rtmp&quot;:0,&quot;file&quot;:1,&quot;active&quot;:1,&quot;group&quot;:&quot;&quot;,&quot;bonded&quot;:[],&quot;error&quot;:&quot;Authentication&quot;,&quot;con_stat&quot;:&quot;Connecting&quot;,&quot;bitrate&quot;:0,&quot;dest&quot;:&quot;bonded/bonded40&quot;},{&quot;mip&quot;:&quot;4000.ts&quot;,&quot;port&quot;:0,&quot;ip&quot;:&quot;file&quot;,&quot;in_name&quot;:&quot;bond&quot;,&quot;in_active&quot;:1,&quot;in_active_sources&quot;:0,&quot;prg_name&quot;:&quot;&quot;,&quot;prg_prov&quot;:&quot;&quot;,&quot;prg_num&quot;:-1,&quot;chan&quot;:&quot;&quot;,&quot;chan_id&quot;:-1,&quot;id&quot;:&quot;zixi://bonded(bonded8)#10.7.0.66:2088@10.7.0.65,192.168.60.66:2088@192.168.50.65,192.168.5.166:2088@192.168.5.165&quot;,&quot;type&quot;:2,&quot;name&quot;:&quot;bond8&quot;,&quot;asi&quot;:0,&quot;rtmp&quot;:0,&quot;file&quot;:1,&quot;active&quot;:1,&quot;group&quot;:&quot;&quot;,&quot;bonded&quot;:[],&quot;error&quot;:&quot;None&quot;,&quot;con_stat&quot;:&quot;Connecting&quot;,&quot;bitrate&quot;:0,&quot;dest&quot;:&quot;bonded/bonded8&quot;},{&quot;mip&quot;:&quot;4000.ts&quot;,&quot;port&quot;:0,&quot;ip&quot;:&quot;file&quot;,&quot;in_name&quot;:&quot;bond&quot;,&quot;in_active&quot;:1,&quot;in_active_sources&quot;:0,&quot;prg_name&quot;:&quot;&quot;,&quot;prg_prov&quot;:&quot;&quot;,&quot;prg_num&quot;:-1,&quot;chan&quot;:&quot;&quot;,&quot;chan_id&quot;:-1,&quot;id&quot;:&quot;zixi://bonded(bonded49)#10.7.0.66:2088@10.7.0.65,192.168.60.66:2088@192.168.50.65,192.168.5.166:2088@192.168.5.165&quot;,&quot;type&quot;:2,&quot;name&quot;:&quot;bond49&quot;,&quot;asi&quot;:0,&quot;rtmp&quot;:0,&quot;file&quot;:1,&quot;active&quot;:1,&quot;group&quot;:&quot;&quot;,&quot;bonded&quot;:[],&quot;error&quot;:&quot;Timeout&quot;,&quot;con_stat&quot;:&quot;Connecting&quot;,&quot;bitrate&quot;:0,&quot;dest&quot;:&quot;bonded/bonded49&quot;},{&quot;mip&quot;:&quot;4000.ts&quot;,&quot;port&quot;:0,&quot;ip&quot;:&quot;file&quot;,&quot;in_name&quot;:&quot;bond&quot;,&quot;in_active&quot;:1,&quot;in_active_sources&quot;:0,&quot;prg_name&quot;:&quot;&quot;,&quot;prg_prov&quot;:&quot;&quot;,&quot;prg_num&quot;:-1,&quot;chan&quot;:&quot;&quot;,&quot;chan_id&quot;:-1,&quot;id&quot;:&quot;zixi://bonded(bonded34)#10.7.0.66:2088@10.7.0.65,192.168.60.66:2088@192.168.50.65,192.168.5.166:2088@192.168.5.165&quot;,&quot;type&quot;:2,&quot;name&quot;:&quot;bond34&quot;,&quot;asi&quot;:0,&quot;rtmp&quot;:0,&quot;file&quot;:1,&quot;active&quot;:1,&quot;group&quot;:&quot;&quot;,&quot;bonded&quot;:[],&quot;error&quot;:&quot;Timeout&quot;,&quot;con_stat&quot;:&quot;Connecting&quot;,&quot;bitrate&quot;:0,&quot;dest&quot;:&quot;bonded/bonded34&quot;},{&quot;mip&quot;:&quot;4000.ts&quot;,&quot;port&quot;:0,&quot;ip&quot;:&quot;file&quot;,&quot;in_name&quot;:&quot;bond&quot;,&quot;in_active&quot;:1,&quot;in_active_sources&quot;:0,&quot;prg_name&quot;:&quot;&quot;,&quot;prg_prov&quot;:&quot;&quot;,&quot;prg_num&quot;:-1,&quot;chan&quot;:&quot;&quot;,&quot;chan_id&quot;:-1,&quot;id&quot;:&quot;zixi://bonded(bonded42)#10.7.0.66:2088@10.7.0.65,192.168.60.66:2088@192.168.50.65,192.168.5.166:2088@192.168.5.165&quot;,&quot;type&quot;:2,&quot;name&quot;:&quot;bond42&quot;,&quot;asi&quot;:0,&quot;rtmp&quot;:0,&quot;file&quot;:1,&quot;active&quot;:1,&quot;group&quot;:&quot;&quot;,&quot;bonded&quot;:[],&quot;error&quot;:&quot;Timeout&quot;,&quot;con_stat&quot;:&quot;Connecting&quot;,&quot;bitrate&quot;:0,&quot;dest&quot;:&quot;bonded/bonded42&quot;},{&quot;mip&quot;:&quot;4000.ts&quot;,&quot;port&quot;:0,&quot;ip&quot;:&quot;file&quot;,&quot;in_name&quot;:&quot;bond&quot;,&quot;in_active&quot;:1,&quot;in_active_sources&quot;:0,&quot;prg_name&quot;:&quot;&quot;,&quot;prg_prov&quot;:&quot;&quot;,&quot;prg_num&quot;:-1,&quot;chan&quot;:&quot;&quot;,&quot;chan_id&quot;:-1,&quot;id&quot;:&quot;zixi://bonded(bonded45)#10.7.0.66:2088@10.7.0.65,192.168.60.66:2088@192.168.50.65,192.168.5.166:2088@192.168.5.165&quot;,&quot;type&quot;:2,&quot;name&quot;:&quot;bond45&quot;,&quot;asi&quot;:0,&quot;rtmp&quot;:0,&quot;file&quot;:1,&quot;active&quot;:1,&quot;group&quot;:&quot;&quot;,&quot;bonded&quot;:[],&quot;error&quot;:&quot;Timeout&quot;,&quot;con_stat&quot;:&quot;Connecting&quot;,&quot;bitrate&quot;:0,&quot;dest&quot;:&quot;bonded/bonded45&quot;},{&quot;mip&quot;:&quot;4000.ts&quot;,&quot;port&quot;:0,&quot;ip&quot;:&quot;file&quot;,&quot;in_name&quot;:&quot;bond&quot;,&quot;in_active&quot;:1,&quot;in_active_sources&quot;:0,&quot;prg_name&quot;:&quot;&quot;,&quot;prg_prov&quot;:&quot;&quot;,&quot;prg_num&quot;:-1,&quot;chan&quot;:&quot;&quot;,&quot;chan_id&quot;:-1,&quot;id&quot;:&quot;zixi://bonded(bonded43)#10.7.0.66:2088@10.7.0.65,192.168.60.66:2088@192.168.50.65,192.168.5.166:2088@192.168.5.165&quot;,&quot;type&quot;:2,&quot;name&quot;:&quot;bond43&quot;,&quot;asi&quot;:0,&quot;rtmp&quot;:0,&quot;file&quot;:1,&quot;active&quot;:1,&quot;group&quot;:&quot;&quot;,&quot;bonded&quot;:[],&quot;error&quot;:&quot;Authentication&quot;,&quot;con_stat&quot;:&quot;Connecting&quot;,&quot;bitrate&quot;:0,&quot;dest&quot;:&quot;bonded/bonded43&quot;},{&quot;mip&quot;:&quot;4000.ts&quot;,&quot;port&quot;:0,&quot;ip&quot;:&quot;file&quot;,&quot;in_name&quot;:&quot;bond&quot;,&quot;in_active&quot;:1,&quot;in_active_sources&quot;:0,&quot;prg_name&quot;:&quot;&quot;,&quot;prg_prov&quot;:&quot;&quot;,&quot;prg_num&quot;:-1,&quot;chan&quot;:&quot;&quot;,&quot;chan_id&quot;:-1,&quot;id&quot;:&quot;zixi://bonded(bonded38)#10.7.0.66:2088@10.7.0.65,192.168.60.66:2088@192.168.50.65,192.168.5.166:2088@192.168.5.165&quot;,&quot;type&quot;:2,&quot;name&quot;:&quot;bond38&quot;,&quot;asi&quot;:0,&quot;rtmp&quot;:0,&quot;file&quot;:1,&quot;active&quot;:1,&quot;group&quot;:&quot;&quot;,&quot;bonded&quot;:[],&quot;error&quot;:&quot;Timeout&quot;,&quot;con_stat&quot;:&quot;Connecting&quot;,&quot;bitrate&quot;:0,&quot;dest&quot;:&quot;bonded/bonded38&quot;},{&quot;mip&quot;:&quot;4000.ts&quot;,&quot;port&quot;:0,&quot;ip&quot;:&quot;file&quot;,&quot;in_name&quot;:&quot;bond&quot;,&quot;in_active&quot;:1,&quot;in_active_sources&quot;:0,&quot;prg_name&quot;:&quot;&quot;,&quot;prg_prov&quot;:&quot;&quot;,&quot;prg_num&quot;:-1,&quot;chan&quot;:&quot;&quot;,&quot;chan_id&quot;:-1,&quot;id&quot;:&quot;zixi://bonded(bonded47)#10.7.0.66:2088@10.7.0.65,192.168.60.66:2088@192.168.50.65,192.168.5.166:2088@192.168.5.165&quot;,&quot;type&quot;:2,&quot;name&quot;:&quot;bond47&quot;,&quot;asi&quot;:0,&quot;rtmp&quot;:0,&quot;file&quot;:1,&quot;active&quot;:1,&quot;group&quot;:&quot;&quot;,&quot;bonded&quot;:[],&quot;error&quot;:&quot;Authentication&quot;,&quot;con_stat&quot;:&quot;Connecting&quot;,&quot;bitrate&quot;:0,&quot;dest&quot;:&quot;bonded/bonded47&quot;},{&quot;mip&quot;:&quot;4000.ts&quot;,&quot;port&quot;:0,&quot;ip&quot;:&quot;file&quot;,&quot;in_name&quot;:&quot;bond&quot;,&quot;in_active&quot;:1,&quot;in_active_sources&quot;:0,&quot;prg_name&quot;:&quot;&quot;,&quot;prg_prov&quot;:&quot;&quot;,&quot;prg_num&quot;:-1,&quot;chan&quot;:&quot;&quot;,&quot;chan_id&quot;:-1,&quot;id&quot;:&quot;zixi://bonded(bonded48)#10.7.0.66:2088@10.7.0.65,192.168.60.66:2088@192.168.50.65,192.168.5.166:2088@192.168.5.165&quot;,&quot;type&quot;:2,&quot;name&quot;:&quot;bond48&quot;,&quot;asi&quot;:0,&quot;rtmp&quot;:0,&quot;file&quot;:1,&quot;active&quot;:1,&quot;group&quot;:&quot;&quot;,&quot;bonded&quot;:[],&quot;error&quot;:&quot;Timeout&quot;,&quot;con_stat&quot;:&quot;Connecting&quot;,&quot;bitrate&quot;:0,&quot;dest&quot;:&quot;bonded/bonded48&quot;},{&quot;mip&quot;:&quot;4000.ts&quot;,&quot;port&quot;:0,&quot;ip&quot;:&quot;file&quot;,&quot;in_name&quot;:&quot;bond&quot;,&quot;in_active&quot;:1,&quot;in_active_sources&quot;:0,&quot;prg_name&quot;:&quot;&quot;,&quot;prg_prov&quot;:&quot;&quot;,&quot;prg_num&quot;:-1,&quot;chan&quot;:&quot;&quot;,&quot;chan_id&quot;:-1,&quot;id&quot;:&quot;zixi://bonded(bonded13)#10.7.0.66:2088@10.7.0.65,192.168.60.66:2088@192.168.50.65,192.168.5.166:2088@192.168.5.165&quot;,&quot;type&quot;:2,&quot;name&quot;:&quot;bond13&quot;,&quot;asi&quot;:0,&quot;rtmp&quot;:0,&quot;file&quot;:1,&quot;active&quot;:1,&quot;group&quot;:&quot;&quot;,&quot;bonded&quot;:[],&quot;error&quot;:&quot;None&quot;,&quot;con_stat&quot;:&quot;Connecting&quot;,&quot;bitrate&quot;:0,&quot;dest&quot;:&quot;bonded/bonded13&quot;},{&quot;mip&quot;:&quot;4000.ts&quot;,&quot;port&quot;:0,&quot;ip&quot;:&quot;file&quot;,&quot;in_name&quot;:&quot;bond&quot;,&quot;in_active&quot;:1,&quot;in_active_sources&quot;:0,&quot;prg_name&quot;:&quot;&quot;,&quot;prg_prov&quot;:&quot;&quot;,&quot;prg_num&quot;:-1,&quot;chan&quot;:&quot;&quot;,&quot;chan_id&quot;:-1,&quot;id&quot;:&quot;zixi://bonded(bonded6)#10.7.0.66:2088@10.7.0.65,192.168.60.66:2088@192.168.50.65,192.168.5.166:2088@192.168.5.165&quot;,&quot;type&quot;:2,&quot;name&quot;:&quot;bond6&quot;,&quot;asi&quot;:0,&quot;rtmp&quot;:0,&quot;file&quot;:1,&quot;active&quot;:1,&quot;group&quot;:&quot;&quot;,&quot;bonded&quot;:[],&quot;error&quot;:&quot;None&quot;,&quot;con_stat&quot;:&quot;Connecting&quot;,&quot;bitrate&quot;:0,&quot;dest&quot;:&quot;bonded/bonded6&quot;},{&quot;mip&quot;:&quot;4000.ts&quot;,&quot;port&quot;:0,&quot;ip&quot;:&quot;file&quot;,&quot;in_name&quot;:&quot;bond&quot;,&quot;in_active&quot;:1,&quot;in_active_sources&quot;:0,&quot;prg_name&quot;:&quot;&quot;,&quot;prg_prov&quot;:&quot;&quot;,&quot;prg_num&quot;:-1,&quot;chan&quot;:&quot;&quot;,&quot;chan_id&quot;:-1,&quot;id&quot;:&quot;zixi://bonded(bonded2)#10.7.0.66:2088@10.7.0.65,192.168.60.66:2088@192.168.50.65,192.168.5.166:2088@192.168.5.165&quot;,&quot;type&quot;:2,&quot;name&quot;:&quot;bond2&quot;,&quot;asi&quot;:0,&quot;rtmp&quot;:0,&quot;file&quot;:1,&quot;active&quot;:1,&quot;group&quot;:&quot;&quot;,&quot;bonded&quot;:[],&quot;error&quot;:&quot;None&quot;,&quot;con_stat&quot;:&quot;Connecting&quot;,&quot;bitrate&quot;:0,&quot;dest&quot;:&quot;bonded/bonded2&quot;},{&quot;mip&quot;:&quot;4000.ts&quot;,&quot;port&quot;:0,&quot;ip&quot;:&quot;file&quot;,&quot;in_name&quot;:&quot;bond&quot;,&quot;in_active&quot;:1,&quot;in_active_sources&quot;:0,&quot;prg_name&quot;:&quot;&quot;,&quot;prg_prov&quot;:&quot;&quot;,&quot;prg_num&quot;:-1,&quot;chan&quot;:&quot;&quot;,&quot;chan_id&quot;:-1,&quot;id&quot;:&quot;zixi://bonded(bonded1)#10.7.0.66:2088@10.7.0.65,192.168.60.66:2088@192.168.50.65,192.168.5.166:2088@192.168.5.165&quot;,&quot;type&quot;:2,&quot;name&quot;:&quot;bond1&quot;,&quot;asi&quot;:0,&quot;rtmp&quot;:0,&quot;file&quot;:1,&quot;active&quot;:1,&quot;group&quot;:&quot;&quot;,&quot;bonded&quot;:[],&quot;error&quot;:&quot;None&quot;,&quot;con_stat&quot;:&quot;Connecting&quot;,&quot;bitrate&quot;:0,&quot;dest&quot;:&quot;bonded/bonded1&quot;},{&quot;mip&quot;:&quot;4000.ts&quot;,&quot;port&quot;:0,&quot;ip&quot;:&quot;file&quot;,&quot;in_name&quot;:&quot;bond&quot;,&quot;in_active&quot;:1,&quot;in_active_sources&quot;:0,&quot;prg_name&quot;:&quot;&quot;,&quot;prg_prov&quot;:&quot;&quot;,&quot;prg_num&quot;:-1,&quot;chan&quot;:&quot;&quot;,&quot;chan_id&quot;:-1,&quot;id&quot;:&quot;zixi://bonded(bonded4)#10.7.0.66:2088@10.7.0.65,192.168.60.66:2088@192.168.50.65,192.168.5.166:2088@192.168.5.165&quot;,&quot;type&quot;:2,&quot;name&quot;:&quot;bond4&quot;,&quot;asi&quot;:0,&quot;rtmp&quot;:0,&quot;file&quot;:1,&quot;active&quot;:1,&quot;group&quot;:&quot;&quot;,&quot;bonded&quot;:[],&quot;error&quot;:&quot;Timeout&quot;,&quot;con_stat&quot;:&quot;Connecting&quot;,&quot;bitrate&quot;:0,&quot;dest&quot;:&quot;bonded/bonded4&quot;},{&quot;mip&quot;:&quot;4000.ts&quot;,&quot;port&quot;:0,&quot;ip&quot;:&quot;file&quot;,&quot;in_name&quot;:&quot;bond&quot;,&quot;in_active&quot;:1,&quot;in_active_sources&quot;:0,&quot;prg_name&quot;:&quot;&quot;,&quot;prg_prov&quot;:&quot;&quot;,&quot;prg_num&quot;:-1,&quot;chan&quot;:&quot;&quot;,&quot;chan_id&quot;:-1,&quot;id&quot;:&quot;zixi://bonded(bonded5)#10.7.0.66:2088@10.7.0.65,192.168.60.66:2088@192.168.50.65,192.168.5.166:2088@192.168.5.165&quot;,&quot;type&quot;:2,&quot;name&quot;:&quot;bond5&quot;,&quot;asi&quot;:0,&quot;rtmp&quot;:0,&quot;file&quot;:1,&quot;active&quot;:1,&quot;group&quot;:&quot;&quot;,&quot;bonded&quot;:[],&quot;error&quot;:&quot;None&quot;,&quot;con_stat&quot;:&quot;Connecting&quot;,&quot;bitrate&quot;:0,&quot;dest&quot;:&quot;bonded/bonded5&quot;},{&quot;mip&quot;:&quot;4000.ts&quot;,&quot;port&quot;:0,&quot;ip&quot;:&quot;file&quot;,&quot;in_name&quot;:&quot;bond&quot;,&quot;in_active&quot;:1,&quot;in_active_sources&quot;:0,&quot;prg_name&quot;:&quot;&quot;,&quot;prg_prov&quot;:&quot;&quot;,&quot;prg_num&quot;:-1,&quot;chan&quot;:&quot;&quot;,&quot;chan_id&quot;:-1,&quot;id&quot;:&quot;zixi://bonded(bonded9)#10.7.0.66:2088@10.7.0.65,192.168.60.66:2088@192.168.50.65,192.168.5.166:2088@192.168.5.165&quot;,&quot;type&quot;:2,&quot;name&quot;:&quot;bond9&quot;,&quot;asi&quot;:0,&quot;rtmp&quot;:0,&quot;file&quot;:1,&quot;active&quot;:1,&quot;group&quot;:&quot;&quot;,&quot;bonded&quot;:[],&quot;error&quot;:&quot;None&quot;,&quot;con_stat&quot;:&quot;Connecting&quot;,&quot;bitrate&quot;:0,&quot;dest&quot;:&quot;bonded/bonded9&quot;},{&quot;mip&quot;:&quot;4000.ts&quot;,&quot;port&quot;:0,&quot;ip&quot;:&quot;file&quot;,&quot;in_name&quot;:&quot;bond&quot;,&quot;in_active&quot;:1,&quot;in_active_sources&quot;:0,&quot;prg_name&quot;:&quot;&quot;,&quot;prg_prov&quot;:&quot;&quot;,&quot;prg_num&quot;:-1,&quot;chan&quot;:&quot;&quot;,&quot;chan_id&quot;:-1,&quot;id&quot;:&quot;zixi://bonded(bonded12)#10.7.0.66:2088@10.7.0.65,192.168.60.66:2088@192.168.50.65,192.168.5.166:2088@192.168.5.165&quot;,&quot;type&quot;:2,&quot;name&quot;:&quot;bond12&quot;,&quot;asi&quot;:0,&quot;rtmp&quot;:0,&quot;file&quot;:1,&quot;active&quot;:1,&quot;group&quot;:&quot;&quot;,&quot;bonded&quot;:[],&quot;error&quot;:&quot;None&quot;,&quot;con_stat&quot;:&quot;Connecting&quot;,&quot;bitrate&quot;:0,&quot;dest&quot;:&quot;bonded/bonded12&quot;},{&quot;mip&quot;:&quot;4000.ts&quot;,&quot;port&quot;:0,&quot;ip&quot;:&quot;file&quot;,&quot;in_name&quot;:&quot;bond&quot;,&quot;in_active&quot;:1,&quot;in_active_sources&quot;:0,&quot;prg_name&quot;:&quot;&quot;,&quot;prg_prov&quot;:&quot;&quot;,&quot;prg_num&quot;:-1,&quot;chan&quot;:&quot;&quot;,&quot;chan_id&quot;:-1,&quot;id&quot;:&quot;zixi://bonded(bonded10)#10.7.0.66:2088@10.7.0.65,192.168.60.66:2088@192.168.50.65,192.168.5.166:2088@192.168.5.165&quot;,&quot;type&quot;:2,&quot;name&quot;:&quot;bond10&quot;,&quot;asi&quot;:0,&quot;rtmp&quot;:0,&quot;file&quot;:1,&quot;active&quot;:1,&quot;group&quot;:&quot;&quot;,&quot;bonded&quot;:[],&quot;error&quot;:&quot;Authentication&quot;,&quot;con_stat&quot;:&quot;Connecting&quot;,&quot;bitrate&quot;:0,&quot;dest&quot;:&quot;bonded/bonded10&quot;},{&quot;mip&quot;:&quot;4000.ts&quot;,&quot;port&quot;:0,&quot;ip&quot;:&quot;file&quot;,&quot;in_name&quot;:&quot;bond&quot;,&quot;in_active&quot;:1,&quot;in_active_sources&quot;:0,&quot;prg_name&quot;:&quot;&quot;,&quot;prg_prov&quot;:&quot;&quot;,&quot;prg_num&quot;:-1,&quot;chan&quot;:&quot;&quot;,&quot;chan_id&quot;:-1,&quot;id&quot;:&quot;zixi://bonded(bonded3)#10.7.0.66:2088@10.7.0.65,192.168.60.66:2088@192.168.50.65,192.168.5.166:2088@192.168.5.165&quot;,&quot;type&quot;:2,&quot;name&quot;:&quot;bond3&quot;,&quot;asi&quot;:0,&quot;rtmp&quot;:0,&quot;file&quot;:1,&quot;active&quot;:1,&quot;group&quot;:&quot;&quot;,&quot;bonded&quot;:[],&quot;error&quot;:&quot;None&quot;,&quot;con_stat&quot;:&quot;Connecting&quot;,&quot;bitrate&quot;:0,&quot;dest&quot;:&quot;bonded/bonded3&quot;},{&quot;mip&quot;:&quot;4000.ts&quot;,&quot;port&quot;:0,&quot;ip&quot;:&quot;file&quot;,&quot;in_name&quot;:&quot;bond&quot;,&quot;in_active&quot;:1,&quot;in_active_sources&quot;:0,&quot;prg_name&quot;:&quot;&quot;,&quot;prg_prov&quot;:&quot;&quot;,&quot;prg_num&quot;:-1,&quot;chan&quot;:&quot;&quot;,&quot;chan_id&quot;:-1,&quot;id&quot;:&quot;zixi://bonded(bonded11)#10.7.0.66:2088@10.7.0.65,192.168.60.66:2088@192.168.50.65,192.168.5.166:2088@192.168.5.165&quot;,&quot;type&quot;:2,&quot;name&quot;:&quot;bond11&quot;,&quot;asi&quot;:0,&quot;rtmp&quot;:0,&quot;file&quot;:1,&quot;active&quot;:1,&quot;group&quot;:&quot;&quot;,&quot;bonded&quot;:[],&quot;error&quot;:&quot;None&quot;,&quot;con_stat&quot;:&quot;Connecting&quot;,&quot;bitrate&quot;:0,&quot;dest&quot;:&quot;bonded/bonded11&quot;},{&quot;mip&quot;:&quot;4000.ts&quot;,&quot;port&quot;:0,&quot;ip&quot;:&quot;file&quot;,&quot;in_name&quot;:&quot;bond&quot;,&quot;in_active&quot;:1,&quot;in_active_sources&quot;:0,&quot;prg_name&quot;:&quot;&quot;,&quot;prg_prov&quot;:&quot;&quot;,&quot;prg_num&quot;:-1,&quot;chan&quot;:&quot;&quot;,&quot;chan_id&quot;:-1,&quot;id&quot;:&quot;zixi://bonded(bonded7)#10.7.0.66:2088@10.7.0.65,192.168.60.66:2088@192.168.50.65,192.168.5.166:2088@192.168.5.165&quot;,&quot;type&quot;:2,&quot;name&quot;:&quot;bond7&quot;,&quot;asi&quot;:0,&quot;rtmp&quot;:0,&quot;file&quot;:1,&quot;active&quot;:1,&quot;group&quot;:&quot;&quot;,&quot;bonded&quot;:[],&quot;error&quot;:&quot;None&quot;,&quot;con_stat&quot;:&quot;Connecting&quot;,&quot;bitrate&quot;:0,&quot;dest&quot;:&quot;bonded/bonded7&quot;},{&quot;mip&quot;:&quot;4000.ts&quot;,&quot;port&quot;:0,&quot;ip&quot;:&quot;file&quot;,&quot;in_name&quot;:&quot;bond&quot;,&quot;in_active&quot;:1,&quot;in_active_sources&quot;:0,&quot;prg_name&quot;:&quot;&quot;,&quot;prg_prov&quot;:&quot;&quot;,&quot;prg_num&quot;:-1,&quot;chan&quot;:&quot;&quot;,&quot;chan_id&quot;:-1,&quot;id&quot;:&quot;zixi://bonded(bonded14)#10.7.0.66:2088@10.7.0.65,192.168.60.66:2088@192.168.50.65,192.168.5.166:2088@192.168.5.165&quot;,&quot;type&quot;:2,&quot;name&quot;:&quot;bond14&quot;,&quot;asi&quot;:0,&quot;rtmp&quot;:0,&quot;file&quot;:1,&quot;active&quot;:1,&quot;group&quot;:&quot;&quot;,&quot;bonded&quot;:[],&quot;error&quot;:&quot;Timeout&quot;,&quot;con_stat&quot;:&quot;Connecting&quot;,&quot;bitrate&quot;:0,&quot;dest&quot;:&quot;bonded/bonded14&quot;},{&quot;mip&quot;:&quot;4000.ts&quot;,&quot;port&quot;:0,&quot;ip&quot;:&quot;file&quot;,&quot;in_name&quot;:&quot;bond&quot;,&quot;in_active&quot;:1,&quot;in_active_sources&quot;:0,&quot;prg_name&quot;:&quot;&quot;,&quot;prg_prov&quot;:&quot;&quot;,&quot;prg_num&quot;:-1,&quot;chan&quot;:&quot;&quot;,&quot;chan_id&quot;:-1,&quot;id&quot;:&quot;zixi://bonded(bonded0)#10.7.0.66:2088@10.7.0.65,192.168.60.66:2088@192.168.50.65,192.168.5.166:2088@192.168.5.165&quot;,&quot;type&quot;:2,&quot;name&quot;:&quot;bond0&quot;,&quot;asi&quot;:0,&quot;rtmp&quot;:0,&quot;file&quot;:1,&quot;active&quot;:1,&quot;group&quot;:&quot;&quot;,&quot;bonded&quot;:[],&quot;error&quot;:&quot;None&quot;,&quot;con_stat&quot;:&quot;Connecting&quot;,&quot;bitrate&quot;:0,&quot;dest&quot;:&quot;bonded/bonded0&quot;},{&quot;mip&quot;:&quot;4000.ts&quot;,&quot;port&quot;:0,&quot;ip&quot;:&quot;file&quot;,&quot;in_name&quot;:&quot;bond&quot;,&quot;in_active&quot;:1,&quot;in_active_sources&quot;:0,&quot;prg_name&quot;:&quot;&quot;,&quot;prg_prov&quot;:&quot;&quot;,&quot;prg_num&quot;:-1,&quot;chan&quot;:&quot;&quot;,&quot;chan_id&quot;:-1,&quot;id&quot;:&quot;zixi://bonded(bonded19)#10.7.0.66:2088@10.7.0.65,192.168.60.66:2088@192.168.50.65,192.168.5.166:2088@192.168.5.165&quot;,&quot;type&quot;:2,&quot;name&quot;:&quot;bond19&quot;,&quot;asi&quot;:0,&quot;rtmp&quot;:0,&quot;file&quot;:1,&quot;active&quot;:1,&quot;group&quot;:&quot;&quot;,&quot;bonded&quot;:[],&quot;error&quot;:&quot;None&quot;,&quot;con_stat&quot;:&quot;Connecting&quot;,&quot;bitrate&quot;:0,&quot;dest&quot;:&quot;bonded/bonded19&quot;},{&quot;mip&quot;:&quot;4000.ts&quot;,&quot;port&quot;:0,&quot;ip&quot;:&quot;file&quot;,&quot;in_name&quot;:&quot;bond&quot;,&quot;in_active&quot;:1,&quot;in_active_sources&quot;:0,&quot;prg_name&quot;:&quot;&quot;,&quot;prg_prov&quot;:&quot;&quot;,&quot;prg_num&quot;:-1,&quot;chan&quot;:&quot;&quot;,&quot;chan_id&quot;:-1,&quot;id&quot;:&quot;zixi://bonded(bonded16)#10.7.0.66:2088@10.7.0.65,192.168.60.66:2088@192.168.50.65,192.168.5.166:2088@192.168.5.165&quot;,&quot;type&quot;:2,&quot;name&quot;:&quot;bond16&quot;,&quot;asi&quot;:0,&quot;rtmp&quot;:0,&quot;file&quot;:1,&quot;active&quot;:1,&quot;group&quot;:&quot;&quot;,&quot;bonded&quot;:[],&quot;error&quot;:&quot;None&quot;,&quot;con_stat&quot;:&quot;Connecting&quot;,&quot;bitrate&quot;:0,&quot;dest&quot;:&quot;bonded/bonded16&quot;},{&quot;mip&quot;:&quot;4000.ts&quot;,&quot;port&quot;:0,&quot;ip&quot;:&quot;file&quot;,&quot;in_name&quot;:&quot;bond&quot;,&quot;in_active&quot;:1,&quot;in_active_sources&quot;:0,&quot;prg_name&quot;:&quot;&quot;,&quot;prg_prov&quot;:&quot;&quot;,&quot;prg_num&quot;:-1,&quot;chan&quot;:&quot;&quot;,&quot;chan_id&quot;:-1,&quot;id&quot;:&quot;zixi://bonded(bonded20)#10.7.0.66:2088@10.7.0.65,192.168.60.66:2088@192.168.50.65,192.168.5.166:2088@192.168.5.165&quot;,&quot;type&quot;:2,&quot;name&quot;:&quot;bond20&quot;,&quot;asi&quot;:0,&quot;rtmp&quot;:0,&quot;file&quot;:1,&quot;active&quot;:1,&quot;group&quot;:&quot;&quot;,&quot;bonded&quot;:[],&quot;error&quot;:&quot;Timeout&quot;,&quot;con_stat&quot;:&quot;Connecting&quot;,&quot;bitrate&quot;:0,&quot;dest&quot;:&quot;bonded/bonded20&quot;}]}
Debug printing ------&gt;&gt;&gt; {&quot;custom_data&quot;:&quot;&quot;,&quot;msg&quot;:&quot;Output deleted.&quot;,&quot;error&quot;:&quot;&quot;,&quot;outs&quot;:[{&quot;mip&quot;:&quot;live_recording.ts&quot;,&quot;port&quot;:0,&quot;ip&quot;:&quot;file&quot;,&quot;in_name&quot;:&quot;feederoutputname&quot;,&quot;in_active&quot;:1,&quot;in_active_sources&quot;:0,&quot;prg_name&quot;:&quot;&quot;,&quot;prg_prov&quot;:&quot;&quot;,&quot;prg_num&quot;:1,&quot;chan&quot;:&quot;&quot;,&quot;chan_id&quot;:-1,&quot;id&quot;:&quot;zixi://10.7.0.66:2088/feederout&quot;,&quot;type&quot;:2,&quot;name&quot;:&quot;feederoutputname&quot;,&quot;asi&quot;:0,&quot;rtmp&quot;:0,&quot;file&quot;:1,&quot;active&quot;:1,&quot;group&quot;:&quot;&quot;,&quot;error&quot;:&quot;Authentication&quot;,&quot;con_stat&quot;:&quot;Disconnected&quot;,&quot;bitrate&quot;:0,&quot;dest&quot;:&quot;10.7.0.66:2088/feederout&quot;},{&quot;mip&quot;:&quot;4000.ts&quot;,&quot;port&quot;:0,&quot;ip&quot;:&quot;file&quot;,&quot;in_name&quot;:&quot;bond&quot;,&quot;in_active&quot;:1,&quot;in_active_sources&quot;:0,&quot;prg_name&quot;:&quot;&quot;,&quot;prg_prov&quot;:&quot;&quot;,&quot;prg_num&quot;:-1,&quot;chan&quot;:&quot;&quot;,&quot;chan_id&quot;:-1,&quot;id&quot;:&quot;zixi://bonded(bonded49)#10.7.0.66:2088@10.7.0.65,192.168.60.66:2088@192.168.50.65,192.168.5.166:2088@192.168.5.165&quot;,&quot;type&quot;:2,&quot;name&quot;:&quot;bond49&quot;,&quot;asi&quot;:0,&quot;rtmp&quot;:0,&quot;file&quot;:1,&quot;active&quot;:1,&quot;group&quot;:&quot;&quot;,&quot;bonded&quot;:[],&quot;error&quot;:&quot;Timeout&quot;,&quot;con_stat&quot;:&quot;Connecting&quot;,&quot;bitrate&quot;:0,&quot;dest&quot;:&quot;bonded/bonded49&quot;},{&quot;mip&quot;:&quot;4000.ts&quot;,&quot;port&quot;:0,&quot;ip&quot;:&quot;file&quot;,&quot;in_name&quot;:&quot;bond&quot;,&quot;in_active&quot;:1,&quot;in_active_sources&quot;:0,&quot;prg_name&quot;:&quot;&quot;,&quot;prg_prov&quot;:&quot;&quot;,&quot;prg_num&quot;:-1,&quot;chan&quot;:&quot;&quot;,&quot;chan_id&quot;:-1,&quot;id&quot;:&quot;zixi://bonded(bonded23)#10.7.0.66:2088@10.7.0.65,192.168.60.66:2088@192.168.50.65,192.168.5.166:2088@192.168.5.165&quot;,&quot;type&quot;:2,&quot;name&quot;:&quot;bond23&quot;,&quot;asi&quot;:0,&quot;rtmp&quot;:0,&quot;file&quot;:1,&quot;active&quot;:1,&quot;group&quot;:&quot;&quot;,&quot;bonded&quot;:[],&quot;error&quot;:&quot;None&quot;,&quot;con_stat&quot;:&quot;Connecting&quot;,&quot;bitrate&quot;:0,&quot;dest&quot;:&quot;bonded/bonded23&quot;},{&quot;mip&quot;:&quot;4000.ts&quot;,&quot;port&quot;:0,&quot;ip&quot;:&quot;file&quot;,&quot;in_name&quot;:&quot;bond&quot;,&quot;in_active&quot;:1,&quot;in_active_sources&quot;:0,&quot;prg_name&quot;:&quot;&quot;,&quot;prg_prov&quot;:&quot;&quot;,&quot;prg_num&quot;:-1,&quot;chan&quot;:&quot;&quot;,&quot;chan_id&quot;:-1,&quot;id&quot;:&quot;zixi://bonded(bonded17)#10.7.0.66:2088@10.7.0.65,192.168.60.66:2088@192.168.50.65,192.168.5.166:2088@192.168.5.165&quot;,&quot;type&quot;:2,&quot;name&quot;:&quot;bond17&quot;,&quot;asi&quot;:0,&quot;rtmp&quot;:0,&quot;file&quot;:1,&quot;active&quot;:1,&quot;group&quot;:&quot;&quot;,&quot;bonded&quot;:[],&quot;error&quot;:&quot;None&quot;,&quot;con_stat&quot;:&quot;Connecting&quot;,&quot;bitrate&quot;:0,&quot;dest&quot;:&quot;bonded/bonded17&quot;},{&quot;mip&quot;:&quot;4000.ts&quot;,&quot;port&quot;:0,&quot;ip&quot;:&quot;file&quot;,&quot;in_name&quot;:&quot;bond&quot;,&quot;in_active&quot;:1,&quot;in_active_sources&quot;:0,&quot;prg_name&quot;:&quot;&quot;,&quot;prg_prov&quot;:&quot;&quot;,&quot;prg_num&quot;:-1,&quot;chan&quot;:&quot;&quot;,&quot;chan_id&quot;:-1,&quot;id&quot;:&quot;zixi://bonded(bonded24)#10.7.0.66:2088@10.7.0.65,192.168.60.66:2088@192.168.50.65,192.168.5.166:2088@192.168.5.165&quot;,&quot;type&quot;:2,&quot;name&quot;:&quot;bond24&quot;,&quot;asi&quot;:0,&quot;rtmp&quot;:0,&quot;file&quot;:1,&quot;active&quot;:1,&quot;group&quot;:&quot;&quot;,&quot;bonded&quot;:[],&quot;error&quot;:&quot;None&quot;,&quot;con_stat&quot;:&quot;Connecting&quot;,&quot;bitrate&quot;:0,&quot;dest&quot;:&quot;bonded/bonded24&quot;},{&quot;mip&quot;:&quot;4000.ts&quot;,&quot;port&quot;:0,&quot;ip&quot;:&quot;file&quot;,&quot;in_name&quot;:&quot;bond&quot;,&quot;in_active&quot;:1,&quot;in_active_sources&quot;:0,&quot;prg_name&quot;:&quot;&quot;,&quot;prg_prov&quot;:&quot;&quot;,&quot;prg_num&quot;:-1,&quot;chan&quot;:&quot;&quot;,&quot;chan_id&quot;:-1,&quot;id&quot;:&quot;zixi://bonded(bonded15)#10.7.0.66:2088@10.7.0.65,192.168.60.66:2088@192.168.50.65,192.168.5.166:2088@192.168.5.165&quot;,&quot;type&quot;:2,&quot;name&quot;:&quot;bond15&quot;,&quot;asi&quot;:0,&quot;rtmp&quot;:0,&quot;file&quot;:1,&quot;active&quot;:1,&quot;group&quot;:&quot;&quot;,&quot;bonded&quot;:[],&quot;error&quot;:&quot;Timeout&quot;,&quot;con_stat&quot;:&quot;Connecting&quot;,&quot;bitrate&quot;:0,&quot;dest&quot;:&quot;bonded/bonded15&quot;},{&quot;mip&quot;:&quot;4000.ts&quot;,&quot;port&quot;:0,&quot;ip&quot;:&quot;file&quot;,&quot;in_name&quot;:&quot;bond&quot;,&quot;in_active&quot;:1,&quot;in_active_sources&quot;:0,&quot;prg_name&quot;:&quot;&quot;,&quot;prg_prov&quot;:&quot;&quot;,&quot;prg_num&quot;:-1,&quot;chan&quot;:&quot;&quot;,&quot;chan_id&quot;:-1,&quot;id&quot;:&quot;zixi://bonded(bonded28)#10.7.0.66:2088@10.7.0.65,192.168.60.66:2088@192.168.50.65,192.168.5.166:2088@192.168.5.165&quot;,&quot;type&quot;:2,&quot;name&quot;:&quot;bond28&quot;,&quot;asi&quot;:0,&quot;rtmp&quot;:0,&quot;file&quot;:1,&quot;active&quot;:1,&quot;group&quot;:&quot;&quot;,&quot;bonded&quot;:[],&quot;error&quot;:&quot;None&quot;,&quot;con_stat&quot;:&quot;Connecting&quot;,&quot;bitrate&quot;:0,&quot;dest&quot;:&quot;bonded/bonded28&quot;},{&quot;mip&quot;:&quot;4000.ts&quot;,&quot;port&quot;:0,&quot;ip&quot;:&quot;file&quot;,&quot;in_name&quot;:&quot;bond&quot;,&quot;in_active&quot;:1,&quot;in_active_sources&quot;:0,&quot;prg_name&quot;:&quot;&quot;,&quot;prg_prov&quot;:&quot;&quot;,&quot;prg_num&quot;:-1,&quot;chan&quot;:&quot;&quot;,&quot;chan_id&quot;:-1,&quot;id&quot;:&quot;zixi://bonded(bonded25)#10.7.0.66:2088@10.7.0.65,192.168.60.66:2088@192.168.50.65,192.168.5.166:2088@192.168.5.165&quot;,&quot;type&quot;:2,&quot;name&quot;:&quot;bond25&quot;,&quot;asi&quot;:0,&quot;rtmp&quot;:0,&quot;file&quot;:1,&quot;active&quot;:1,&quot;group&quot;:&quot;&quot;,&quot;bonded&quot;:[],&quot;error&quot;:&quot;None&quot;,&quot;con_stat&quot;:&quot;Connecting&quot;,&quot;bitrate&quot;:0,&quot;dest&quot;:&quot;bonded/bonded25&quot;},{&quot;mip&quot;:&quot;4000.ts&quot;,&quot;port&quot;:0,&quot;ip&quot;:&quot;file&quot;,&quot;in_name&quot;:&quot;bond&quot;,&quot;in_active&quot;:1,&quot;in_active_sources&quot;:0,&quot;prg_name&quot;:&quot;&quot;,&quot;prg_prov&quot;:&quot;&quot;,&quot;prg_num&quot;:-1,&quot;chan&quot;:&quot;&quot;,&quot;chan_id&quot;:-1,&quot;id&quot;:&quot;zixi://bonded(bonded18)#10.7.0.66:2088@10.7.0.65,192.168.60.66:2088@192.168.50.65,192.168.5.166:2088@192.168.5.165&quot;,&quot;type&quot;:2,&quot;name&quot;:&quot;bond18&quot;,&quot;asi&quot;:0,&quot;rtmp&quot;:0,&quot;file&quot;:1,&quot;active&quot;:1,&quot;group&quot;:&quot;&quot;,&quot;bonded&quot;:[],&quot;error&quot;:&quot;Timeout&quot;,&quot;con_stat&quot;:&quot;Connecting&quot;,&quot;bitrate&quot;:0,&quot;dest&quot;:&quot;bonded/bonded18&quot;},{&quot;mip&quot;:&quot;4000.ts&quot;,&quot;port&quot;:0,&quot;ip&quot;:&quot;file&quot;,&quot;in_name&quot;:&quot;bond&quot;,&quot;in_active&quot;:1,&quot;in_active_sources&quot;:0,&quot;prg_name&quot;:&quot;&quot;,&quot;prg_prov&quot;:&quot;&quot;,&quot;prg_num&quot;:-1,&quot;chan&quot;:&quot;&quot;,&quot;chan_id&quot;:-1,&quot;id&quot;:&quot;zixi://bonded(bonded46)#10.7.0.66:2088@10.7.0.65,192.168.60.66:2088@192.168.50.65,192.168.5.166:2088@192.168.5.165&quot;,&quot;type&quot;:2,&quot;name&quot;:&quot;bond46&quot;,&quot;asi&quot;:0,&quot;rtmp&quot;:0,&quot;file&quot;:1,&quot;active&quot;:1,&quot;group&quot;:&quot;&quot;,&quot;bonded&quot;:[],&quot;error&quot;:&quot;Authentication&quot;,&quot;con_stat&quot;:&quot;Connecting&quot;,&quot;bitrate&quot;:0,&quot;dest&quot;:&quot;bonded/bonded46&quot;},{&quot;mip&quot;:&quot;4000.ts&quot;,&quot;port&quot;:0,&quot;ip&quot;:&quot;file&quot;,&quot;in_name&quot;:&quot;bond&quot;,&quot;in_active&quot;:1,&quot;in_active_sources&quot;:0,&quot;prg_name&quot;:&quot;&quot;,&quot;prg_prov&quot;:&quot;&quot;,&quot;prg_num&quot;:-1,&quot;chan&quot;:&quot;&quot;,&quot;chan_id&quot;:-1,&quot;id&quot;:&quot;zixi://bonded(bonded8)#10.7.0.66:2088@10.7.0.65,192.168.60.66:2088@192.168.50.65,192.168.5.166:2088@192.168.5.165&quot;,&quot;type&quot;:2,&quot;name&quot;:&quot;bond8&quot;,&quot;asi&quot;:0,&quot;rtmp&quot;:0,&quot;file&quot;:1,&quot;active&quot;:1,&quot;group&quot;:&quot;&quot;,&quot;bonded&quot;:[],&quot;error&quot;:&quot;None&quot;,&quot;con_stat&quot;:&quot;Connecting&quot;,&quot;bitrate&quot;:0,&quot;dest&quot;:&quot;bonded/bonded8&quot;},{&quot;mip&quot;:&quot;4000.ts&quot;,&quot;port&quot;:0,&quot;ip&quot;:&quot;file&quot;,&quot;in_name&quot;:&quot;bond&quot;,&quot;in_active&quot;:1,&quot;in_active_sources&quot;:0,&quot;prg_name&quot;:&quot;&quot;,&quot;prg_prov&quot;:&quot;&quot;,&quot;prg_num&quot;:-1,&quot;chan&quot;:&quot;&quot;,&quot;chan_id&quot;:-1,&quot;id&quot;:&quot;zixi://bonded(bonded34)#10.7.0.66:2088@10.7.0.65,192.168.60.66:2088@192.168.50.65,192.168.5.166:2088@192.168.5.165&quot;,&quot;type&quot;:2,&quot;name&quot;:&quot;bond34&quot;,&quot;asi&quot;:0,&quot;rtmp&quot;:0,&quot;file&quot;:1,&quot;active&quot;:1,&quot;group&quot;:&quot;&quot;,&quot;bonded&quot;:[],&quot;error&quot;:&quot;Timeout&quot;,&quot;con_stat&quot;:&quot;Connecting&quot;,&quot;bitrate&quot;:0,&quot;dest&quot;:&quot;bonded/bonded34&quot;},{&quot;mip&quot;:&quot;4000.ts&quot;,&quot;port&quot;:0,&quot;ip&quot;:&quot;file&quot;,&quot;in_name&quot;:&quot;bond&quot;,&quot;in_active&quot;:1,&quot;in_active_sources&quot;:0,&quot;prg_name&quot;:&quot;&quot;,&quot;prg_prov&quot;:&quot;&quot;,&quot;prg_num&quot;:-1,&quot;chan&quot;:&quot;&quot;,&quot;chan_id&quot;:-1,&quot;id&quot;:&quot;zixi://bonded(bonded42)#10.7.0.66:2088@10.7.0.65,192.168.60.66:2088@192.168.50.65,192.168.5.166:2088@192.168.5.165&quot;,&quot;type&quot;:2,&quot;name&quot;:&quot;bond42&quot;,&quot;asi&quot;:0,&quot;rtmp&quot;:0,&quot;file&quot;:1,&quot;active&quot;:1,&quot;group&quot;:&quot;&quot;,&quot;bonded&quot;:[],&quot;error&quot;:&quot;Timeout&quot;,&quot;con_stat&quot;:&quot;Connecting&quot;,&quot;bitrate&quot;:0,&quot;dest&quot;:&quot;bonded/bonded42&quot;},{&quot;mip&quot;:&quot;4000.ts&quot;,&quot;port&quot;:0,&quot;ip&quot;:&quot;file&quot;,&quot;in_name&quot;:&quot;bond&quot;,&quot;in_active&quot;:1,&quot;in_active_sources&quot;:0,&quot;prg_name&quot;:&quot;&quot;,&quot;prg_prov&quot;:&quot;&quot;,&quot;prg_num&quot;:-1,&quot;chan&quot;:&quot;&quot;,&quot;chan_id&quot;:-1,&quot;id&quot;:&quot;zixi://bonded(bonded45)#10.7.0.66:2088@10.7.0.65,192.168.60.66:2088@192.168.50.65,192.168.5.166:2088@192.168.5.165&quot;,&quot;type&quot;:2,&quot;name&quot;:&quot;bond45&quot;,&quot;asi&quot;:0,&quot;rtmp&quot;:0,&quot;file&quot;:1,&quot;active&quot;:1,&quot;group&quot;:&quot;&quot;,&quot;bonded&quot;:[],&quot;error&quot;:&quot;Timeout&quot;,&quot;con_stat&quot;:&quot;Connecting&quot;,&quot;bitrate&quot;:0,&quot;dest&quot;:&quot;bonded/bonded45&quot;},{&quot;mip&quot;:&quot;4000.ts&quot;,&quot;port&quot;:0,&quot;ip&quot;:&quot;file&quot;,&quot;in_name&quot;:&quot;bond&quot;,&quot;in_active&quot;:1,&quot;in_active_sources&quot;:0,&quot;prg_name&quot;:&quot;&quot;,&quot;prg_prov&quot;:&quot;&quot;,&quot;prg_num&quot;:-1,&quot;chan&quot;:&quot;&quot;,&quot;chan_id&quot;:-1,&quot;id&quot;:&quot;zixi://bonded(bonded43)#10.7.0.66:2088@10.7.0.65,192.168.60.66:2088@192.168.50.65,192.168.5.166:2088@192.168.5.165&quot;,&quot;type&quot;:2,&quot;name&quot;:&quot;bond43&quot;,&quot;asi&quot;:0,&quot;rtmp&quot;:0,&quot;file&quot;:1,&quot;active&quot;:1,&quot;group&quot;:&quot;&quot;,&quot;bonded&quot;:[],&quot;error&quot;:&quot;Authentication&quot;,&quot;con_stat&quot;:&quot;Connecting&quot;,&quot;bitrate&quot;:0,&quot;dest&quot;:&quot;bonded/bonded43&quot;},{&quot;mip&quot;:&quot;4000.ts&quot;,&quot;port&quot;:0,&quot;ip&quot;:&quot;file&quot;,&quot;in_name&quot;:&quot;bond&quot;,&quot;in_active&quot;:1,&quot;in_active_sources&quot;:0,&quot;prg_name&quot;:&quot;&quot;,&quot;prg_prov&quot;:&quot;&quot;,&quot;prg_num&quot;:-1,&quot;chan&quot;:&quot;&quot;,&quot;chan_id&quot;:-1,&quot;id&quot;:&quot;zixi://bonded(bonded38)#10.7.0.66:2088@10.7.0.65,192.168.60.66:2088@192.168.50.65,192.168.5.166:2088@192.168.5.165&quot;,&quot;type&quot;:2,&quot;name&quot;:&quot;bond38&quot;,&quot;asi&quot;:0,&quot;rtmp&quot;:0,&quot;file&quot;:1,&quot;active&quot;:1,&quot;group&quot;:&quot;&quot;,&quot;bonded&quot;:[],&quot;error&quot;:&quot;Timeout&quot;,&quot;con_stat&quot;:&quot;Connecting&quot;,&quot;bitrate&quot;:0,&quot;dest&quot;:&quot;bonded/bonded38&quot;},{&quot;mip&quot;:&quot;4000.ts&quot;,&quot;port&quot;:0,&quot;ip&quot;:&quot;file&quot;,&quot;in_name&quot;:&quot;bond&quot;,&quot;in_active&quot;:1,&quot;in_active_sources&quot;:0,&quot;prg_name&quot;:&quot;&quot;,&quot;prg_prov&quot;:&quot;&quot;,&quot;prg_num&quot;:-1,&quot;chan&quot;:&quot;&quot;,&quot;chan_id&quot;:-1,&quot;id&quot;:&quot;zixi://bonded(bonded47)#10.7.0.66:2088@10.7.0.65,192.168.60.66:2088@192.168.50.65,192.168.5.166:2088@192.168.5.165&quot;,&quot;type&quot;:2,&quot;name&quot;:&quot;bond47&quot;,&quot;asi&quot;:0,&quot;rtmp&quot;:0,&quot;file&quot;:1,&quot;active&quot;:1,&quot;group&quot;:&quot;&quot;,&quot;bonded&quot;:[],&quot;error&quot;:&quot;Authentication&quot;,&quot;con_stat&quot;:&quot;Connecting&quot;,&quot;bitrate&quot;:0,&quot;dest&quot;:&quot;bonded/bonded47&quot;},{&quot;mip&quot;:&quot;4000.ts&quot;,&quot;port&quot;:0,&quot;ip&quot;:&quot;file&quot;,&quot;in_name&quot;:&quot;bond&quot;,&quot;in_active&quot;:1,&quot;in_active_sources&quot;:0,&quot;prg_name&quot;:&quot;&quot;,&quot;prg_prov&quot;:&quot;&quot;,&quot;prg_num&quot;:-1,&quot;chan&quot;:&quot;&quot;,&quot;chan_id&quot;:-1,&quot;id&quot;:&quot;zixi://bonded(bonded48)#10.7.0.66:2088@10.7.0.65,192.168.60.66:2088@192.168.50.65,192.168.5.166:2088@192.168.5.165&quot;,&quot;type&quot;:2,&quot;name&quot;:&quot;bond48&quot;,&quot;asi&quot;:0,&quot;rtmp&quot;:0,&quot;file&quot;:1,&quot;active&quot;:1,&quot;group&quot;:&quot;&quot;,&quot;bonded&quot;:[],&quot;error&quot;:&quot;Timeout&quot;,&quot;con_stat&quot;:&quot;Connecting&quot;,&quot;bitrate&quot;:0,&quot;dest&quot;:&quot;bonded/bonded48&quot;},{&quot;mip&quot;:&quot;4000.ts&quot;,&quot;port&quot;:0,&quot;ip&quot;:&quot;file&quot;,&quot;in_name&quot;:&quot;bond&quot;,&quot;in_active&quot;:1,&quot;in_active_sources&quot;:0,&quot;prg_name&quot;:&quot;&quot;,&quot;prg_prov&quot;:&quot;&quot;,&quot;prg_num&quot;:-1,&quot;chan&quot;:&quot;&quot;,&quot;chan_id&quot;:-1,&quot;id&quot;:&quot;zixi://bonded(bonded13)#10.7.0.66:2088@10.7.0.65,192.168.60.66:2088@192.168.50.65,192.168.5.166:2088@192.168.5.165&quot;,&quot;type&quot;:2,&quot;name&quot;:&quot;bond13&quot;,&quot;asi&quot;:0,&quot;rtmp&quot;:0,&quot;file&quot;:1,&quot;active&quot;:1,&quot;group&quot;:&quot;&quot;,&quot;bonded&quot;:[],&quot;error&quot;:&quot;None&quot;,&quot;con_stat&quot;:&quot;Connecting&quot;,&quot;bitrate&quot;:0,&quot;dest&quot;:&quot;bonded/bonded13&quot;},{&quot;mip&quot;:&quot;4000.ts&quot;,&quot;port&quot;:0,&quot;ip&quot;:&quot;file&quot;,&quot;in_name&quot;:&quot;bond&quot;,&quot;in_active&quot;:1,&quot;in_active_sources&quot;:0,&quot;prg_name&quot;:&quot;&quot;,&quot;prg_prov&quot;:&quot;&quot;,&quot;prg_num&quot;:-1,&quot;chan&quot;:&quot;&quot;,&quot;chan_id&quot;:-1,&quot;id&quot;:&quot;zixi://bonded(bonded6)#10.7.0.66:2088@10.7.0.65,192.168.60.66:2088@192.168.50.65,192.168.5.166:2088@192.168.5.165&quot;,&quot;type&quot;:2,&quot;name&quot;:&quot;bond6&quot;,&quot;asi&quot;:0,&quot;rtmp&quot;:0,&quot;file&quot;:1,&quot;active&quot;:1,&quot;group&quot;:&quot;&quot;,&quot;bonded&quot;:[],&quot;error&quot;:&quot;None&quot;,&quot;con_stat&quot;:&quot;Connecting&quot;,&quot;bitrate&quot;:0,&quot;dest&quot;:&quot;bonded/bonded6&quot;},{&quot;mip&quot;:&quot;4000.ts&quot;,&quot;port&quot;:0,&quot;ip&quot;:&quot;file&quot;,&quot;in_name&quot;:&quot;bond&quot;,&quot;in_active&quot;:1,&quot;in_active_sources&quot;:0,&quot;prg_name&quot;:&quot;&quot;,&quot;prg_prov&quot;:&quot;&quot;,&quot;prg_num&quot;:-1,&quot;chan&quot;:&quot;&quot;,&quot;chan_id&quot;:-1,&quot;id&quot;:&quot;zixi://bonded(bonded2)#10.7.0.66:2088@10.7.0.65,192.168.60.66:2088@192.168.50.65,192.168.5.166:2088@192.168.5.165&quot;,&quot;type&quot;:2,&quot;name&quot;:&quot;bond2&quot;,&quot;asi&quot;:0,&quot;rtmp&quot;:0,&quot;file&quot;:1,&quot;active&quot;:1,&quot;group&quot;:&quot;&quot;,&quot;bonded&quot;:[],&quot;error&quot;:&quot;None&quot;,&quot;con_stat&quot;:&quot;Connecting&quot;,&quot;bitrate&quot;:0,&quot;dest&quot;:&quot;bonded/bonded2&quot;},{&quot;mip&quot;:&quot;4000.ts&quot;,&quot;port&quot;:0,&quot;ip&quot;:&quot;file&quot;,&quot;in_name&quot;:&quot;bond&quot;,&quot;in_active&quot;:1,&quot;in_active_sources&quot;:0,&quot;prg_name&quot;:&quot;&quot;,&quot;prg_prov&quot;:&quot;&quot;,&quot;prg_num&quot;:-1,&quot;chan&quot;:&quot;&quot;,&quot;chan_id&quot;:-1,&quot;id&quot;:&quot;zixi://bonded(bonded1)#10.7.0.66:2088@10.7.0.65,192.168.60.66:2088@192.168.50.65,192.168.5.166:2088@192.168.5.165&quot;,&quot;type&quot;:2,&quot;name&quot;:&quot;bond1&quot;,&quot;asi&quot;:0,&quot;rtmp&quot;:0,&quot;file&quot;:1,&quot;active&quot;:1,&quot;group&quot;:&quot;&quot;,&quot;bonded&quot;:[],&quot;error&quot;:&quot;None&quot;,&quot;con_stat&quot;:&quot;Connecting&quot;,&quot;bitrate&quot;:0,&quot;dest&quot;:&quot;bonded/bonded1&quot;},{&quot;mip&quot;:&quot;4000.ts&quot;,&quot;port&quot;:0,&quot;ip&quot;:&quot;file&quot;,&quot;in_name&quot;:&quot;bond&quot;,&quot;in_active&quot;:1,&quot;in_active_sources&quot;:0,&quot;prg_name&quot;:&quot;&quot;,&quot;prg_prov&quot;:&quot;&quot;,&quot;prg_num&quot;:-1,&quot;chan&quot;:&quot;&quot;,&quot;chan_id&quot;:-1,&quot;id&quot;:&quot;zixi://bonded(bonded4)#10.7.0.66:2088@10.7.0.65,192.168.60.66:2088@192.168.50.65,192.168.5.166:2088@192.168.5.165&quot;,&quot;type&quot;:2,&quot;name&quot;:&quot;bond4&quot;,&quot;asi&quot;:0,&quot;rtmp&quot;:0,&quot;file&quot;:1,&quot;active&quot;:1,&quot;group&quot;:&quot;&quot;,&quot;bonded&quot;:[],&quot;error&quot;:&quot;Timeout&quot;,&quot;con_stat&quot;:&quot;Connecting&quot;,&quot;bitrate&quot;:0,&quot;dest&quot;:&quot;bonded/bonded4&quot;},{&quot;mip&quot;:&quot;4000.ts&quot;,&quot;port&quot;:0,&quot;ip&quot;:&quot;file&quot;,&quot;in_name&quot;:&quot;bond&quot;,&quot;in_active&quot;:1,&quot;in_active_sources&quot;:0,&quot;prg_name&quot;:&quot;&quot;,&quot;prg_prov&quot;:&quot;&quot;,&quot;prg_num&quot;:-1,&quot;chan&quot;:&quot;&quot;,&quot;chan_id&quot;:-1,&quot;id&quot;:&quot;zixi://bonded(bonded5)#10.7.0.66:2088@10.7.0.65,192.168.60.66:2088@192.168.50.65,192.168.5.166:2088@192.168.5.165&quot;,&quot;type&quot;:2,&quot;name&quot;:&quot;bond5&quot;,&quot;asi&quot;:0,&quot;rtmp&quot;:0,&quot;file&quot;:1,&quot;active&quot;:1,&quot;group&quot;:&quot;&quot;,&quot;bonded&quot;:[],&quot;error&quot;:&quot;None&quot;,&quot;con_stat&quot;:&quot;Connecting&quot;,&quot;bitrate&quot;:0,&quot;dest&quot;:&quot;bonded/bonded5&quot;},{&quot;mip&quot;:&quot;4000.ts&quot;,&quot;port&quot;:0,&quot;ip&quot;:&quot;file&quot;,&quot;in_name&quot;:&quot;bond&quot;,&quot;in_active&quot;:1,&quot;in_active_sources&quot;:0,&quot;prg_name&quot;:&quot;&quot;,&quot;prg_prov&quot;:&quot;&quot;,&quot;prg_num&quot;:-1,&quot;chan&quot;:&quot;&quot;,&quot;chan_id&quot;:-1,&quot;id&quot;:&quot;zixi://bonded(bonded9)#10.7.0.66:2088@10.7.0.65,192.168.60.66:2088@192.168.50.65,192.168.5.166:2088@192.168.5.165&quot;,&quot;type&quot;:2,&quot;name&quot;:&quot;bond9&quot;,&quot;asi&quot;:0,&quot;rtmp&quot;:0,&quot;file&quot;:1,&quot;active&quot;:1,&quot;group&quot;:&quot;&quot;,&quot;bonded&quot;:[],&quot;error&quot;:&quot;None&quot;,&quot;con_stat&quot;:&quot;Connecting&quot;,&quot;bitrate&quot;:0,&quot;dest&quot;:&quot;bonded/bonded9&quot;},{&quot;mip&quot;:&quot;4000.ts&quot;,&quot;port&quot;:0,&quot;ip&quot;:&quot;file&quot;,&quot;in_name&quot;:&quot;bond&quot;,&quot;in_active&quot;:1,&quot;in_active_sources&quot;:0,&quot;prg_name&quot;:&quot;&quot;,&quot;prg_prov&quot;:&quot;&quot;,&quot;prg_num&quot;:-1,&quot;chan&quot;:&quot;&quot;,&quot;chan_id&quot;:-1,&quot;id&quot;:&quot;zixi://bonded(bonded12)#10.7.0.66:2088@10.7.0.65,192.168.60.66:2088@192.168.50.65,192.168.5.166:2088@192.168.5.165&quot;,&quot;type&quot;:2,&quot;name&quot;:&quot;bond12&quot;,&quot;asi&quot;:0,&quot;rtmp&quot;:0,&quot;file&quot;:1,&quot;active&quot;:1,&quot;group&quot;:&quot;&quot;,&quot;bonded&quot;:[],&quot;error&quot;:&quot;None&quot;,&quot;con_stat&quot;:&quot;Connecting&quot;,&quot;bitrate&quot;:0,&quot;dest&quot;:&quot;bonded/bonded12&quot;},{&quot;mip&quot;:&quot;4000.ts&quot;,&quot;port&quot;:0,&quot;ip&quot;:&quot;file&quot;,&quot;in_name&quot;:&quot;bond&quot;,&quot;in_active&quot;:1,&quot;in_active_sources&quot;:0,&quot;prg_name&quot;:&quot;&quot;,&quot;prg_prov&quot;:&quot;&quot;,&quot;prg_num&quot;:-1,&quot;chan&quot;:&quot;&quot;,&quot;chan_id&quot;:-1,&quot;id&quot;:&quot;zixi://bonded(bonded10)#10.7.0.66:2088@10.7.0.65,192.168.60.66:2088@192.168.50.65,192.168.5.166:2088@192.168.5.165&quot;,&quot;type&quot;:2,&quot;name&quot;:&quot;bond10&quot;,&quot;asi&quot;:0,&quot;rtmp&quot;:0,&quot;file&quot;:1,&quot;active&quot;:1,&quot;group&quot;:&quot;&quot;,&quot;bonded&quot;:[],&quot;error&quot;:&quot;Authentication&quot;,&quot;con_stat&quot;:&quot;Connecting&quot;,&quot;bitrate&quot;:0,&quot;dest&quot;:&quot;bonded/bonded10&quot;},{&quot;mip&quot;:&quot;4000.ts&quot;,&quot;port&quot;:0,&quot;ip&quot;:&quot;file&quot;,&quot;in_name&quot;:&quot;bond&quot;,&quot;in_active&quot;:1,&quot;in_active_sources&quot;:0,&quot;prg_name&quot;:&quot;&quot;,&quot;prg_prov&quot;:&quot;&quot;,&quot;prg_num&quot;:-1,&quot;chan&quot;:&quot;&quot;,&quot;chan_id&quot;:-1,&quot;id&quot;:&quot;zixi://bonded(bonded3)#10.7.0.66:2088@10.7.0.65,192.168.60.66:2088@192.168.50.65,192.168.5.166:2088@192.168.5.165&quot;,&quot;type&quot;:2,&quot;name&quot;:&quot;bond3&quot;,&quot;asi&quot;:0,&quot;rtmp&quot;:0,&quot;file&quot;:1,&quot;active&quot;:1,&quot;group&quot;:&quot;&quot;,&quot;bonded&quot;:[],&quot;error&quot;:&quot;None&quot;,&quot;con_stat&quot;:&quot;Connecting&quot;,&quot;bitrate&quot;:0,&quot;dest&quot;:&quot;bonded/bonded3&quot;},{&quot;mip&quot;:&quot;4000.ts&quot;,&quot;port&quot;:0,&quot;ip&quot;:&quot;file&quot;,&quot;in_name&quot;:&quot;bond&quot;,&quot;in_active&quot;:1,&quot;in_active_sources&quot;:0,&quot;prg_name&quot;:&quot;&quot;,&quot;prg_prov&quot;:&quot;&quot;,&quot;prg_num&quot;:-1,&quot;chan&quot;:&quot;&quot;,&quot;chan_id&quot;:-1,&quot;id&quot;:&quot;zixi://bonded(bonded11)#10.7.0.66:2088@10.7.0.65,192.168.60.66:2088@192.168.50.65,192.168.5.166:2088@192.168.5.165&quot;,&quot;type&quot;:2,&quot;name&quot;:&quot;bond11&quot;,&quot;asi&quot;:0,&quot;rtmp&quot;:0,&quot;file&quot;:1,&quot;active&quot;:1,&quot;group&quot;:&quot;&quot;,&quot;bonded&quot;:[],&quot;error&quot;:&quot;None&quot;,&quot;con_stat&quot;:&quot;Connecting&quot;,&quot;bitrate&quot;:0,&quot;dest&quot;:&quot;bonded/bonded11&quot;},{&quot;mip&quot;:&quot;4000.ts&quot;,&quot;port&quot;:0,&quot;ip&quot;:&quot;file&quot;,&quot;in_name&quot;:&quot;bond&quot;,&quot;in_active&quot;:1,&quot;in_active_sources&quot;:0,&quot;prg_name&quot;:&quot;&quot;,&quot;prg_prov&quot;:&quot;&quot;,&quot;prg_num&quot;:-1,&quot;chan&quot;:&quot;&quot;,&quot;chan_id&quot;:-1,&quot;id&quot;:&quot;zixi://bonded(bonded7)#10.7.0.66:2088@10.7.0.65,192.168.60.66:2088@192.168.50.65,192.168.5.166:2088@192.168.5.165&quot;,&quot;type&quot;:2,&quot;name&quot;:&quot;bond7&quot;,&quot;asi&quot;:0,&quot;rtmp&quot;:0,&quot;file&quot;:1,&quot;active&quot;:1,&quot;group&quot;:&quot;&quot;,&quot;bonded&quot;:[],&quot;error&quot;:&quot;None&quot;,&quot;con_stat&quot;:&quot;Connecting&quot;,&quot;bitrate&quot;:0,&quot;dest&quot;:&quot;bonded/bonded7&quot;},{&quot;mip&quot;:&quot;4000.ts&quot;,&quot;port&quot;:0,&quot;ip&quot;:&quot;file&quot;,&quot;in_name&quot;:&quot;bond&quot;,&quot;in_active&quot;:1,&quot;in_active_sources&quot;:0,&quot;prg_name&quot;:&quot;&quot;,&quot;prg_prov&quot;:&quot;&quot;,&quot;prg_num&quot;:-1,&quot;chan&quot;:&quot;&quot;,&quot;chan_id&quot;:-1,&quot;id&quot;:&quot;zixi://bonded(bonded14)#10.7.0.66:2088@10.7.0.65,192.168.60.66:2088@192.168.50.65,192.168.5.166:2088@192.168.5.165&quot;,&quot;type&quot;:2,&quot;name&quot;:&quot;bond14&quot;,&quot;asi&quot;:0,&quot;rtmp&quot;:0,&quot;file&quot;:1,&quot;active&quot;:1,&quot;group&quot;:&quot;&quot;,&quot;bonded&quot;:[],&quot;error&quot;:&quot;Timeout&quot;,&quot;con_stat&quot;:&quot;Connecting&quot;,&quot;bitrate&quot;:0,&quot;dest&quot;:&quot;bonded/bonded14&quot;},{&quot;mip&quot;:&quot;4000.ts&quot;,&quot;port&quot;:0,&quot;ip&quot;:&quot;file&quot;,&quot;in_name&quot;:&quot;bond&quot;,&quot;in_active&quot;:1,&quot;in_active_sources&quot;:0,&quot;prg_name&quot;:&quot;&quot;,&quot;prg_prov&quot;:&quot;&quot;,&quot;prg_num&quot;:-1,&quot;chan&quot;:&quot;&quot;,&quot;chan_id&quot;:-1,&quot;id&quot;:&quot;zixi://bonded(bonded0)#10.7.0.66:2088@10.7.0.65,192.168.60.66:2088@192.168.50.65,192.168.5.166:2088@192.168.5.165&quot;,&quot;type&quot;:2,&quot;name&quot;:&quot;bond0&quot;,&quot;asi&quot;:0,&quot;rtmp&quot;:0,&quot;file&quot;:1,&quot;active&quot;:1,&quot;group&quot;:&quot;&quot;,&quot;bonded&quot;:[],&quot;error&quot;:&quot;None&quot;,&quot;con_stat&quot;:&quot;Connecting&quot;,&quot;bitrate&quot;:0,&quot;dest&quot;:&quot;bonded/bonded0&quot;},{&quot;mip&quot;:&quot;4000.ts&quot;,&quot;port&quot;:0,&quot;ip&quot;:&quot;file&quot;,&quot;in_name&quot;:&quot;bond&quot;,&quot;in_active&quot;:1,&quot;in_active_sources&quot;:0,&quot;prg_name&quot;:&quot;&quot;,&quot;prg_prov&quot;:&quot;&quot;,&quot;prg_num&quot;:-1,&quot;chan&quot;:&quot;&quot;,&quot;chan_id&quot;:-1,&quot;id&quot;:&quot;zixi://bonded(bonded19)#10.7.0.66:2088@10.7.0.65,192.168.60.66:2088@192.168.50.65,192.168.5.166:2088@192.168.5.165&quot;,&quot;type&quot;:2,&quot;name&quot;:&quot;bond19&quot;,&quot;asi&quot;:0,&quot;rtmp&quot;:0,&quot;file&quot;:1,&quot;active&quot;:1,&quot;group&quot;:&quot;&quot;,&quot;bonded&quot;:[],&quot;error&quot;:&quot;None&quot;,&quot;con_stat&quot;:&quot;Connecting&quot;,&quot;bitrate&quot;:0,&quot;dest&quot;:&quot;bonded/bonded19&quot;},{&quot;mip&quot;:&quot;4000.ts&quot;,&quot;port&quot;:0,&quot;ip&quot;:&quot;file&quot;,&quot;in_name&quot;:&quot;bond&quot;,&quot;in_active&quot;:1,&quot;in_active_sources&quot;:0,&quot;prg_name&quot;:&quot;&quot;,&quot;prg_prov&quot;:&quot;&quot;,&quot;prg_num&quot;:-1,&quot;chan&quot;:&quot;&quot;,&quot;chan_id&quot;:-1,&quot;id&quot;:&quot;zixi://bonded(bonded16)#10.7.0.66:2088@10.7.0.65,192.168.60.66:2088@192.168.50.65,192.168.5.166:2088@192.168.5.165&quot;,&quot;type&quot;:2,&quot;name&quot;:&quot;bond16&quot;,&quot;asi&quot;:0,&quot;rtmp&quot;:0,&quot;file&quot;:1,&quot;active&quot;:1,&quot;group&quot;:&quot;&quot;,&quot;bonded&quot;:[],&quot;error&quot;:&quot;None&quot;,&quot;con_stat&quot;:&quot;Connecting&quot;,&quot;bitrate&quot;:0,&quot;dest&quot;:&quot;bonded/bonded16&quot;},{&quot;mip&quot;:&quot;4000.ts&quot;,&quot;port&quot;:0,&quot;ip&quot;:&quot;file&quot;,&quot;in_name&quot;:&quot;bond&quot;,&quot;in_active&quot;:1,&quot;in_active_sources&quot;:0,&quot;prg_name&quot;:&quot;&quot;,&quot;prg_prov&quot;:&quot;&quot;,&quot;prg_num&quot;:-1,&quot;chan&quot;:&quot;&quot;,&quot;chan_id&quot;:-1,&quot;id&quot;:&quot;zixi://bonded(bonded20)#10.7.0.66:2088@10.7.0.65,192.168.60.66:2088@192.168.50.65,192.168.5.166:2088@192.168.5.165&quot;,&quot;type&quot;:2,&quot;name&quot;:&quot;bond20&quot;,&quot;asi&quot;:0,&quot;rtmp&quot;:0,&quot;file&quot;:1,&quot;active&quot;:1,&quot;group&quot;:&quot;&quot;,&quot;bonded&quot;:[],&quot;error&quot;:&quot;Timeout&quot;,&quot;con_stat&quot;:&quot;Connecting&quot;,&quot;bitrate&quot;:0,&quot;dest&quot;:&quot;bonded/bonded20&quot;}]}
Debug printing ------&gt;&gt;&gt; {&quot;custom_data&quot;:&quot;&quot;,&quot;msg&quot;:&quot;Output deleted.&quot;,&quot;error&quot;:&quot;&quot;,&quot;outs&quot;:[{&quot;mip&quot;:&quot;live_recording.ts&quot;,&quot;port&quot;:0,&quot;ip&quot;:&quot;file&quot;,&quot;in_name&quot;:&quot;feederoutputname&quot;,&quot;in_active&quot;:1,&quot;in_active_sources&quot;:0,&quot;prg_name&quot;:&quot;&quot;,&quot;prg_prov&quot;:&quot;&quot;,&quot;prg_num&quot;:1,&quot;chan&quot;:&quot;&quot;,&quot;chan_id&quot;:-1,&quot;id&quot;:&quot;zixi://10.7.0.66:2088/feederout&quot;,&quot;type&quot;:2,&quot;name&quot;:&quot;feederoutputname&quot;,&quot;asi&quot;:0,&quot;rtmp&quot;:0,&quot;file&quot;:1,&quot;active&quot;:1,&quot;group&quot;:&quot;&quot;,&quot;error&quot;:&quot;Authentication&quot;,&quot;con_stat&quot;:&quot;Disconnected&quot;,&quot;bitrate&quot;:0,&quot;dest&quot;:&quot;10.7.0.66:2088/feederout&quot;},{&quot;mip&quot;:&quot;4000.ts&quot;,&quot;port&quot;:0,&quot;ip&quot;:&quot;file&quot;,&quot;in_name&quot;:&quot;bond&quot;,&quot;in_active&quot;:1,&quot;in_active_sources&quot;:0,&quot;prg_name&quot;:&quot;&quot;,&quot;prg_prov&quot;:&quot;&quot;,&quot;prg_num&quot;:-1,&quot;chan&quot;:&quot;&quot;,&quot;chan_id&quot;:-1,&quot;id&quot;:&quot;zixi://bonded(bonded49)#10.7.0.66:2088@10.7.0.65,192.168.60.66:2088@192.168.50.65,192.168.5.166:2088@192.168.5.165&quot;,&quot;type&quot;:2,&quot;name&quot;:&quot;bond49&quot;,&quot;asi&quot;:0,&quot;rtmp&quot;:0,&quot;file&quot;:1,&quot;active&quot;:1,&quot;group&quot;:&quot;&quot;,&quot;bonded&quot;:[],&quot;error&quot;:&quot;Timeout&quot;,&quot;con_stat&quot;:&quot;Connecting&quot;,&quot;bitrate&quot;:0,&quot;dest&quot;:&quot;bonded/bonded49&quot;},{&quot;mip&quot;:&quot;4000.ts&quot;,&quot;port&quot;:0,&quot;ip&quot;:&quot;file&quot;,&quot;in_name&quot;:&quot;bond&quot;,&quot;in_active&quot;:1,&quot;in_active_sources&quot;:0,&quot;prg_name&quot;:&quot;&quot;,&quot;prg_prov&quot;:&quot;&quot;,&quot;prg_num&quot;:-1,&quot;chan&quot;:&quot;&quot;,&quot;chan_id&quot;:-1,&quot;id&quot;:&quot;zixi://bonded(bonded8)#10.7.0.66:2088@10.7.0.65,192.168.60.66:2088@192.168.50.65,192.168.5.166:2088@192.168.5.165&quot;,&quot;type&quot;:2,&quot;name&quot;:&quot;bond8&quot;,&quot;asi&quot;:0,&quot;rtmp&quot;:0,&quot;file&quot;:1,&quot;active&quot;:1,&quot;group&quot;:&quot;&quot;,&quot;bonded&quot;:[],&quot;error&quot;:&quot;None&quot;,&quot;con_stat&quot;:&quot;Connecting&quot;,&quot;bitrate&quot;:0,&quot;dest&quot;:&quot;bonded/bonded8&quot;},{&quot;mip&quot;:&quot;4000.ts&quot;,&quot;port&quot;:0,&quot;ip&quot;:&quot;file&quot;,&quot;in_name&quot;:&quot;bond&quot;,&quot;in_active&quot;:1,&quot;in_active_sources&quot;:0,&quot;prg_name&quot;:&quot;&quot;,&quot;prg_prov&quot;:&quot;&quot;,&quot;prg_num&quot;:-1,&quot;chan&quot;:&quot;&quot;,&quot;chan_id&quot;:-1,&quot;id&quot;:&quot;zixi://bonded(bonded23)#10.7.0.66:2088@10.7.0.65,192.168.60.66:2088@192.168.50.65,192.168.5.166:2088@192.168.5.165&quot;,&quot;type&quot;:2,&quot;name&quot;:&quot;bond23&quot;,&quot;asi&quot;:0,&quot;rtmp&quot;:0,&quot;file&quot;:1,&quot;active&quot;:1,&quot;group&quot;:&quot;&quot;,&quot;bonded&quot;:[],&quot;error&quot;:&quot;None&quot;,&quot;con_stat&quot;:&quot;Connecting&quot;,&quot;bitrate&quot;:0,&quot;dest&quot;:&quot;bonded/bonded23&quot;},{&quot;mip&quot;:&quot;4000.ts&quot;,&quot;port&quot;:0,&quot;ip&quot;:&quot;file&quot;,&quot;in_name&quot;:&quot;bond&quot;,&quot;in_active&quot;:1,&quot;in_active_sources&quot;:0,&quot;prg_name&quot;:&quot;&quot;,&quot;prg_prov&quot;:&quot;&quot;,&quot;prg_num&quot;:-1,&quot;chan&quot;:&quot;&quot;,&quot;chan_id&quot;:-1,&quot;id&quot;:&quot;zixi://bonded(bonded17)#10.7.0.66:2088@10.7.0.65,192.168.60.66:2088@192.168.50.65,192.168.5.166:2088@192.168.5.165&quot;,&quot;type&quot;:2,&quot;name&quot;:&quot;bond17&quot;,&quot;asi&quot;:0,&quot;rtmp&quot;:0,&quot;file&quot;:1,&quot;active&quot;:1,&quot;group&quot;:&quot;&quot;,&quot;bonded&quot;:[],&quot;error&quot;:&quot;None&quot;,&quot;con_stat&quot;:&quot;Connecting&quot;,&quot;bitrate&quot;:0,&quot;dest&quot;:&quot;bonded/bonded17&quot;},{&quot;mip&quot;:&quot;4000.ts&quot;,&quot;port&quot;:0,&quot;ip&quot;:&quot;file&quot;,&quot;in_name&quot;:&quot;bond&quot;,&quot;in_active&quot;:1,&quot;in_active_sources&quot;:0,&quot;prg_name&quot;:&quot;&quot;,&quot;prg_prov&quot;:&quot;&quot;,&quot;prg_num&quot;:-1,&quot;chan&quot;:&quot;&quot;,&quot;chan_id&quot;:-1,&quot;id&quot;:&quot;zixi://bonded(bonded24)#10.7.0.66:2088@10.7.0.65,192.168.60.66:2088@192.168.50.65,192.168.5.166:2088@192.168.5.165&quot;,&quot;type&quot;:2,&quot;name&quot;:&quot;bond24&quot;,&quot;asi&quot;:0,&quot;rtmp&quot;:0,&quot;file&quot;:1,&quot;active&quot;:1,&quot;group&quot;:&quot;&quot;,&quot;bonded&quot;:[],&quot;error&quot;:&quot;None&quot;,&quot;con_stat&quot;:&quot;Connecting&quot;,&quot;bitrate&quot;:0,&quot;dest&quot;:&quot;bonded/bonded24&quot;},{&quot;mip&quot;:&quot;4000.ts&quot;,&quot;port&quot;:0,&quot;ip&quot;:&quot;file&quot;,&quot;in_name&quot;:&quot;bond&quot;,&quot;in_active&quot;:1,&quot;in_active_sources&quot;:0,&quot;prg_name&quot;:&quot;&quot;,&quot;prg_prov&quot;:&quot;&quot;,&quot;prg_num&quot;:-1,&quot;chan&quot;:&quot;&quot;,&quot;chan_id&quot;:-1,&quot;id&quot;:&quot;zixi://bonded(bonded15)#10.7.0.66:2088@10.7.0.65,192.168.60.66:2088@192.168.50.65,192.168.5.166:2088@192.168.5.165&quot;,&quot;type&quot;:2,&quot;name&quot;:&quot;bond15&quot;,&quot;asi&quot;:0,&quot;rtmp&quot;:0,&quot;file&quot;:1,&quot;active&quot;:1,&quot;group&quot;:&quot;&quot;,&quot;bonded&quot;:[],&quot;error&quot;:&quot;Timeout&quot;,&quot;con_stat&quot;:&quot;Connecting&quot;,&quot;bitrate&quot;:0,&quot;dest&quot;:&quot;bonded/bonded15&quot;},{&quot;mip&quot;:&quot;4000.ts&quot;,&quot;port&quot;:0,&quot;ip&quot;:&quot;file&quot;,&quot;in_name&quot;:&quot;bond&quot;,&quot;in_active&quot;:1,&quot;in_active_sources&quot;:0,&quot;prg_name&quot;:&quot;&quot;,&quot;prg_prov&quot;:&quot;&quot;,&quot;prg_num&quot;:-1,&quot;chan&quot;:&quot;&quot;,&quot;chan_id&quot;:-1,&quot;id&quot;:&quot;zixi://bonded(bonded28)#10.7.0.66:2088@10.7.0.65,192.168.60.66:2088@192.168.50.65,192.168.5.166:2088@192.168.5.165&quot;,&quot;type&quot;:2,&quot;name&quot;:&quot;bond28&quot;,&quot;asi&quot;:0,&quot;rtmp&quot;:0,&quot;file&quot;:1,&quot;active&quot;:1,&quot;group&quot;:&quot;&quot;,&quot;bonded&quot;:[],&quot;error&quot;:&quot;None&quot;,&quot;con_stat&quot;:&quot;Connecting&quot;,&quot;bitrate&quot;:0,&quot;dest&quot;:&quot;bonded/bonded28&quot;},{&quot;mip&quot;:&quot;4000.ts&quot;,&quot;port&quot;:0,&quot;ip&quot;:&quot;file&quot;,&quot;in_name&quot;:&quot;bond&quot;,&quot;in_active&quot;:1,&quot;in_active_sources&quot;:0,&quot;prg_name&quot;:&quot;&quot;,&quot;prg_prov&quot;:&quot;&quot;,&quot;prg_num&quot;:-1,&quot;chan&quot;:&quot;&quot;,&quot;chan_id&quot;:-1,&quot;id&quot;:&quot;zixi://bonded(bonded25)#10.7.0.66:2088@10.7.0.65,192.168.60.66:2088@192.168.50.65,192.168.5.166:2088@192.168.5.165&quot;,&quot;type&quot;:2,&quot;name&quot;:&quot;bond25&quot;,&quot;asi&quot;:0,&quot;rtmp&quot;:0,&quot;file&quot;:1,&quot;active&quot;:1,&quot;group&quot;:&quot;&quot;,&quot;bonded&quot;:[],&quot;error&quot;:&quot;None&quot;,&quot;con_stat&quot;:&quot;Connecting&quot;,&quot;bitrate&quot;:0,&quot;dest&quot;:&quot;bonded/bonded25&quot;},{&quot;mip&quot;:&quot;4000.ts&quot;,&quot;port&quot;:0,&quot;ip&quot;:&quot;file&quot;,&quot;in_name&quot;:&quot;bond&quot;,&quot;in_active&quot;:1,&quot;in_active_sources&quot;:0,&quot;prg_name&quot;:&quot;&quot;,&quot;prg_prov&quot;:&quot;&quot;,&quot;prg_num&quot;:-1,&quot;chan&quot;:&quot;&quot;,&quot;chan_id&quot;:-1,&quot;id&quot;:&quot;zixi://bonded(bonded18)#10.7.0.66:2088@10.7.0.65,192.168.60.66:2088@192.168.50.65,192.168.5.166:2088@192.168.5.165&quot;,&quot;type&quot;:2,&quot;name&quot;:&quot;bond18&quot;,&quot;asi&quot;:0,&quot;rtmp&quot;:0,&quot;file&quot;:1,&quot;active&quot;:1,&quot;group&quot;:&quot;&quot;,&quot;bonded&quot;:[],&quot;error&quot;:&quot;Timeout&quot;,&quot;con_stat&quot;:&quot;Connecting&quot;,&quot;bitrate&quot;:0,&quot;dest&quot;:&quot;bonded/bonded18&quot;},{&quot;mip&quot;:&quot;4000.ts&quot;,&quot;port&quot;:0,&quot;ip&quot;:&quot;file&quot;,&quot;in_name&quot;:&quot;bond&quot;,&quot;in_active&quot;:1,&quot;in_active_sources&quot;:0,&quot;prg_name&quot;:&quot;&quot;,&quot;prg_prov&quot;:&quot;&quot;,&quot;prg_num&quot;:-1,&quot;chan&quot;:&quot;&quot;,&quot;chan_id&quot;:-1,&quot;id&quot;:&quot;zixi://bonded(bonded20)#10.7.0.66:2088@10.7.0.65,192.168.60.66:2088@192.168.50.65,192.168.5.166:2088@192.168.5.165&quot;,&quot;type&quot;:2,&quot;name&quot;:&quot;bond20&quot;,&quot;asi&quot;:0,&quot;rtmp&quot;:0,&quot;file&quot;:1,&quot;active&quot;:1,&quot;group&quot;:&quot;&quot;,&quot;bonded&quot;:[],&quot;error&quot;:&quot;Timeout&quot;,&quot;con_stat&quot;:&quot;Connecting&quot;,&quot;bitrate&quot;:0,&quot;dest&quot;:&quot;bonded/bonded20&quot;},{&quot;mip&quot;:&quot;4000.ts&quot;,&quot;port&quot;:0,&quot;ip&quot;:&quot;file&quot;,&quot;in_name&quot;:&quot;bond&quot;,&quot;in_active&quot;:1,&quot;in_active_sources&quot;:0,&quot;prg_name&quot;:&quot;&quot;,&quot;prg_prov&quot;:&quot;&quot;,&quot;prg_num&quot;:-1,&quot;chan&quot;:&quot;&quot;,&quot;chan_id&quot;:-1,&quot;id&quot;:&quot;zixi://bonded(bonded34)#10.7.0.66:2088@10.7.0.65,192.168.60.66:2088@192.168.50.65,192.168.5.166:2088@192.168.5.165&quot;,&quot;type&quot;:2,&quot;name&quot;:&quot;bond34&quot;,&quot;asi&quot;:0,&quot;rtmp&quot;:0,&quot;file&quot;:1,&quot;active&quot;:1,&quot;group&quot;:&quot;&quot;,&quot;bonded&quot;:[],&quot;error&quot;:&quot;Timeout&quot;,&quot;con_stat&quot;:&quot;Connecting&quot;,&quot;bitrate&quot;:0,&quot;dest&quot;:&quot;bonded/bonded34&quot;},{&quot;mip&quot;:&quot;4000.ts&quot;,&quot;port&quot;:0,&quot;ip&quot;:&quot;file&quot;,&quot;in_name&quot;:&quot;bond&quot;,&quot;in_active&quot;:1,&quot;in_active_sources&quot;:0,&quot;prg_name&quot;:&quot;&quot;,&quot;prg_prov&quot;:&quot;&quot;,&quot;prg_num&quot;:-1,&quot;chan&quot;:&quot;&quot;,&quot;chan_id&quot;:-1,&quot;id&quot;:&quot;zixi://bonded(bonded42)#10.7.0.66:2088@10.7.0.65,192.168.60.66:2088@192.168.50.65,192.168.5.166:2088@192.168.5.165&quot;,&quot;type&quot;:2,&quot;name&quot;:&quot;bond42&quot;,&quot;asi&quot;:0,&quot;rtmp&quot;:0,&quot;file&quot;:1,&quot;active&quot;:1,&quot;group&quot;:&quot;&quot;,&quot;bonded&quot;:[],&quot;error&quot;:&quot;Timeout&quot;,&quot;con_stat&quot;:&quot;Connecting&quot;,&quot;bitrate&quot;:0,&quot;dest&quot;:&quot;bonded/bonded42&quot;},{&quot;mip&quot;:&quot;4000.ts&quot;,&quot;port&quot;:0,&quot;ip&quot;:&quot;file&quot;,&quot;in_name&quot;:&quot;bond&quot;,&quot;in_active&quot;:1,&quot;in_active_sources&quot;:0,&quot;prg_name&quot;:&quot;&quot;,&quot;prg_prov&quot;:&quot;&quot;,&quot;prg_num&quot;:-1,&quot;chan&quot;:&quot;&quot;,&quot;chan_id&quot;:-1,&quot;id&quot;:&quot;zixi://bonded(bonded45)#10.7.0.66:2088@10.7.0.65,192.168.60.66:2088@192.168.50.65,192.168.5.166:2088@192.168.5.165&quot;,&quot;type&quot;:2,&quot;name&quot;:&quot;bond45&quot;,&quot;asi&quot;:0,&quot;rtmp&quot;:0,&quot;file&quot;:1,&quot;active&quot;:1,&quot;group&quot;:&quot;&quot;,&quot;bonded&quot;:[],&quot;error&quot;:&quot;Timeout&quot;,&quot;con_stat&quot;:&quot;Connecting&quot;,&quot;bitrate&quot;:0,&quot;dest&quot;:&quot;bonded/bonded45&quot;},{&quot;mip&quot;:&quot;4000.ts&quot;,&quot;port&quot;:0,&quot;ip&quot;:&quot;file&quot;,&quot;in_name&quot;:&quot;bond&quot;,&quot;in_active&quot;:1,&quot;in_active_sources&quot;:0,&quot;prg_name&quot;:&quot;&quot;,&quot;prg_prov&quot;:&quot;&quot;,&quot;prg_num&quot;:-1,&quot;chan&quot;:&quot;&quot;,&quot;chan_id&quot;:-1,&quot;id&quot;:&quot;zixi://bonded(bonded43)#10.7.0.66:2088@10.7.0.65,192.168.60.66:2088@192.168.50.65,192.168.5.166:2088@192.168.5.165&quot;,&quot;type&quot;:2,&quot;name&quot;:&quot;bond43&quot;,&quot;asi&quot;:0,&quot;rtmp&quot;:0,&quot;file&quot;:1,&quot;active&quot;:1,&quot;group&quot;:&quot;&quot;,&quot;bonded&quot;:[],&quot;error&quot;:&quot;Authentication&quot;,&quot;con_stat&quot;:&quot;Connecting&quot;,&quot;bitrate&quot;:0,&quot;dest&quot;:&quot;bonded/bonded43&quot;},{&quot;mip&quot;:&quot;4000.ts&quot;,&quot;port&quot;:0,&quot;ip&quot;:&quot;file&quot;,&quot;in_name&quot;:&quot;bond&quot;,&quot;in_active&quot;:1,&quot;in_active_sources&quot;:0,&quot;prg_name&quot;:&quot;&quot;,&quot;prg_prov&quot;:&quot;&quot;,&quot;prg_num&quot;:-1,&quot;chan&quot;:&quot;&quot;,&quot;chan_id&quot;:-1,&quot;id&quot;:&quot;zixi://bonded(bonded38)#10.7.0.66:2088@10.7.0.65,192.168.60.66:2088@192.168.50.65,192.168.5.166:2088@192.168.5.165&quot;,&quot;type&quot;:2,&quot;name&quot;:&quot;bond38&quot;,&quot;asi&quot;:0,&quot;rtmp&quot;:0,&quot;file&quot;:1,&quot;active&quot;:1,&quot;group&quot;:&quot;&quot;,&quot;bonded&quot;:[],&quot;error&quot;:&quot;Timeout&quot;,&quot;con_stat&quot;:&quot;Connecting&quot;,&quot;bitrate&quot;:0,&quot;dest&quot;:&quot;bonded/bonded38&quot;},{&quot;mip&quot;:&quot;4000.ts&quot;,&quot;port&quot;:0,&quot;ip&quot;:&quot;file&quot;,&quot;in_name&quot;:&quot;bond&quot;,&quot;in_active&quot;:1,&quot;in_active_sources&quot;:0,&quot;prg_name&quot;:&quot;&quot;,&quot;prg_prov&quot;:&quot;&quot;,&quot;prg_num&quot;:-1,&quot;chan&quot;:&quot;&quot;,&quot;chan_id&quot;:-1,&quot;id&quot;:&quot;zixi://bonded(bonded47)#10.7.0.66:2088@10.7.0.65,192.168.60.66:2088@192.168.50.65,192.168.5.166:2088@192.168.5.165&quot;,&quot;type&quot;:2,&quot;name&quot;:&quot;bond47&quot;,&quot;asi&quot;:0,&quot;rtmp&quot;:0,&quot;file&quot;:1,&quot;active&quot;:1,&quot;group&quot;:&quot;&quot;,&quot;bonded&quot;:[],&quot;error&quot;:&quot;Authentication&quot;,&quot;con_stat&quot;:&quot;Connecting&quot;,&quot;bitrate&quot;:0,&quot;dest&quot;:&quot;bonded/bonded47&quot;},{&quot;mip&quot;:&quot;4000.ts&quot;,&quot;port&quot;:0,&quot;ip&quot;:&quot;file&quot;,&quot;in_name&quot;:&quot;bond&quot;,&quot;in_active&quot;:1,&quot;in_active_sources&quot;:0,&quot;prg_name&quot;:&quot;&quot;,&quot;prg_prov&quot;:&quot;&quot;,&quot;prg_num&quot;:-1,&quot;chan&quot;:&quot;&quot;,&quot;chan_id&quot;:-1,&quot;id&quot;:&quot;zixi://bonded(bonded48)#10.7.0.66:2088@10.7.0.65,192.168.60.66:2088@192.168.50.65,192.168.5.166:2088@192.168.5.165&quot;,&quot;type&quot;:2,&quot;name&quot;:&quot;bond48&quot;,&quot;asi&quot;:0,&quot;rtmp&quot;:0,&quot;file&quot;:1,&quot;active&quot;:1,&quot;group&quot;:&quot;&quot;,&quot;bonded&quot;:[],&quot;error&quot;:&quot;Timeout&quot;,&quot;con_stat&quot;:&quot;Connecting&quot;,&quot;bitrate&quot;:0,&quot;dest&quot;:&quot;bonded/bonded48&quot;},{&quot;mip&quot;:&quot;4000.ts&quot;,&quot;port&quot;:0,&quot;ip&quot;:&quot;file&quot;,&quot;in_name&quot;:&quot;bond&quot;,&quot;in_active&quot;:1,&quot;in_active_sources&quot;:0,&quot;prg_name&quot;:&quot;&quot;,&quot;prg_prov&quot;:&quot;&quot;,&quot;prg_num&quot;:-1,&quot;chan&quot;:&quot;&quot;,&quot;chan_id&quot;:-1,&quot;id&quot;:&quot;zixi://bonded(bonded3)#10.7.0.66:2088@10.7.0.65,192.168.60.66:2088@192.168.50.65,192.168.5.166:2088@192.168.5.165&quot;,&quot;type&quot;:2,&quot;name&quot;:&quot;bond3&quot;,&quot;asi&quot;:0,&quot;rtmp&quot;:0,&quot;file&quot;:1,&quot;active&quot;:1,&quot;group&quot;:&quot;&quot;,&quot;bonded&quot;:[],&quot;error&quot;:&quot;None&quot;,&quot;con_stat&quot;:&quot;Connecting&quot;,&quot;bitrate&quot;:0,&quot;dest&quot;:&quot;bonded/bonded3&quot;},{&quot;mip&quot;:&quot;4000.ts&quot;,&quot;port&quot;:0,&quot;ip&quot;:&quot;file&quot;,&quot;in_name&quot;:&quot;bond&quot;,&quot;in_active&quot;:1,&quot;in_active_sources&quot;:0,&quot;prg_name&quot;:&quot;&quot;,&quot;prg_prov&quot;:&quot;&quot;,&quot;prg_num&quot;:-1,&quot;chan&quot;:&quot;&quot;,&quot;chan_id&quot;:-1,&quot;id&quot;:&quot;zixi://bonded(bonded16)#10.7.0.66:2088@10.7.0.65,192.168.60.66:2088@192.168.50.65,192.168.5.166:2088@192.168.5.165&quot;,&quot;type&quot;:2,&quot;name&quot;:&quot;bond16&quot;,&quot;asi&quot;:0,&quot;rtmp&quot;:0,&quot;file&quot;:1,&quot;active&quot;:1,&quot;group&quot;:&quot;&quot;,&quot;bonded&quot;:[],&quot;error&quot;:&quot;None&quot;,&quot;con_stat&quot;:&quot;Connecting&quot;,&quot;bitrate&quot;:0,&quot;dest&quot;:&quot;bonded/bonded16&quot;},{&quot;mip&quot;:&quot;4000.ts&quot;,&quot;port&quot;:0,&quot;ip&quot;:&quot;file&quot;,&quot;in_name&quot;:&quot;bond&quot;,&quot;in_active&quot;:1,&quot;in_active_sources&quot;:0,&quot;prg_name&quot;:&quot;&quot;,&quot;prg_prov&quot;:&quot;&quot;,&quot;prg_num&quot;:-1,&quot;chan&quot;:&quot;&quot;,&quot;chan_id&quot;:-1,&quot;id&quot;:&quot;zixi://bonded(bonded19)#10.7.0.66:2088@10.7.0.65,192.168.60.66:2088@192.168.50.65,192.168.5.166:2088@192.168.5.165&quot;,&quot;type&quot;:2,&quot;name&quot;:&quot;bond19&quot;,&quot;asi&quot;:0,&quot;rtmp&quot;:0,&quot;file&quot;:1,&quot;active&quot;:1,&quot;group&quot;:&quot;&quot;,&quot;bonded&quot;:[],&quot;error&quot;:&quot;None&quot;,&quot;con_stat&quot;:&quot;Connecting&quot;,&quot;bitrate&quot;:0,&quot;dest&quot;:&quot;bonded/bonded19&quot;},{&quot;mip&quot;:&quot;4000.ts&quot;,&quot;port&quot;:0,&quot;ip&quot;:&quot;file&quot;,&quot;in_name&quot;:&quot;bond&quot;,&quot;in_active&quot;:1,&quot;in_active_sources&quot;:0,&quot;prg_name&quot;:&quot;&quot;,&quot;prg_prov&quot;:&quot;&quot;,&quot;prg_num&quot;:-1,&quot;chan&quot;:&quot;&quot;,&quot;chan_id&quot;:-1,&quot;id&quot;:&quot;zixi://bonded(bonded0)#10.7.0.66:2088@10.7.0.65,192.168.60.66:2088@192.168.50.65,192.168.5.166:2088@192.168.5.165&quot;,&quot;type&quot;:2,&quot;name&quot;:&quot;bond0&quot;,&quot;asi&quot;:0,&quot;rtmp&quot;:0,&quot;file&quot;:1,&quot;active&quot;:1,&quot;group&quot;:&quot;&quot;,&quot;bonded&quot;:[],&quot;error&quot;:&quot;None&quot;,&quot;con_stat&quot;:&quot;Connecting&quot;,&quot;bitrate&quot;:0,&quot;dest&quot;:&quot;bonded/bonded0&quot;},{&quot;mip&quot;:&quot;4000.ts&quot;,&quot;port&quot;:0,&quot;ip&quot;:&quot;file&quot;,&quot;in_name&quot;:&quot;bond&quot;,&quot;in_active&quot;:1,&quot;in_active_sources&quot;:0,&quot;prg_name&quot;:&quot;&quot;,&quot;prg_prov&quot;:&quot;&quot;,&quot;prg_num&quot;:-1,&quot;chan&quot;:&quot;&quot;,&quot;chan_id&quot;:-1,&quot;id&quot;:&quot;zixi://bonded(bonded14)#10.7.0.66:2088@10.7.0.65,192.168.60.66:2088@192.168.50.65,192.168.5.166:2088@192.168.5.165&quot;,&quot;type&quot;:2,&quot;name&quot;:&quot;bond14&quot;,&quot;asi&quot;:0,&quot;rtmp&quot;:0,&quot;file&quot;:1,&quot;active&quot;:1,&quot;group&quot;:&quot;&quot;,&quot;bonded&quot;:[],&quot;error&quot;:&quot;Timeout&quot;,&quot;con_stat&quot;:&quot;Connecting&quot;,&quot;bitrate&quot;:0,&quot;dest&quot;:&quot;bonded/bonded14&quot;},{&quot;mip&quot;:&quot;4000.ts&quot;,&quot;port&quot;:0,&quot;ip&quot;:&quot;file&quot;,&quot;in_name&quot;:&quot;bond&quot;,&quot;in_active&quot;:1,&quot;in_active_sources&quot;:0,&quot;prg_name&quot;:&quot;&quot;,&quot;prg_prov&quot;:&quot;&quot;,&quot;prg_num&quot;:-1,&quot;chan&quot;:&quot;&quot;,&quot;chan_id&quot;:-1,&quot;id&quot;:&quot;zixi://bonded(bonded7)#10.7.0.66:2088@10.7.0.65,192.168.60.66:2088@192.168.50.65,192.168.5.166:2088@192.168.5.165&quot;,&quot;type&quot;:2,&quot;name&quot;:&quot;bond7&quot;,&quot;asi&quot;:0,&quot;rtmp&quot;:0,&quot;file&quot;:1,&quot;active&quot;:1,&quot;group&quot;:&quot;&quot;,&quot;bonded&quot;:[],&quot;error&quot;:&quot;None&quot;,&quot;con_stat&quot;:&quot;Connecting&quot;,&quot;bitrate&quot;:0,&quot;dest&quot;:&quot;bonded/bonded7&quot;},{&quot;mip&quot;:&quot;4000.ts&quot;,&quot;port&quot;:0,&quot;ip&quot;:&quot;file&quot;,&quot;in_name&quot;:&quot;bond&quot;,&quot;in_active&quot;:1,&quot;in_active_sources&quot;:0,&quot;prg_name&quot;:&quot;&quot;,&quot;prg_prov&quot;:&quot;&quot;,&quot;prg_num&quot;:-1,&quot;chan&quot;:&quot;&quot;,&quot;chan_id&quot;:-1,&quot;id&quot;:&quot;zixi://bonded(bonded11)#10.7.0.66:2088@10.7.0.65,192.168.60.66:2088@192.168.50.65,192.168.5.166:2088@192.168.5.165&quot;,&quot;type&quot;:2,&quot;name&quot;:&quot;bond11&quot;,&quot;asi&quot;:0,&quot;rtmp&quot;:0,&quot;file&quot;:1,&quot;active&quot;:1,&quot;group&quot;:&quot;&quot;,&quot;bonded&quot;:[],&quot;error&quot;:&quot;None&quot;,&quot;con_stat&quot;:&quot;Connecting&quot;,&quot;bitrate&quot;:0,&quot;dest&quot;:&quot;bonded/bonded11&quot;},{&quot;mip&quot;:&quot;4000.ts&quot;,&quot;port&quot;:0,&quot;ip&quot;:&quot;file&quot;,&quot;in_name&quot;:&quot;bond&quot;,&quot;in_active&quot;:1,&quot;in_active_sources&quot;:0,&quot;prg_name&quot;:&quot;&quot;,&quot;prg_prov&quot;:&quot;&quot;,&quot;prg_num&quot;:-1,&quot;chan&quot;:&quot;&quot;,&quot;chan_id&quot;:-1,&quot;id&quot;:&quot;zixi://bonded(bonded13)#10.7.0.66:2088@10.7.0.65,192.168.60.66:2088@192.168.50.65,192.168.5.166:2088@192.168.5.165&quot;,&quot;type&quot;:2,&quot;name&quot;:&quot;bond13&quot;,&quot;asi&quot;:0,&quot;rtmp&quot;:0,&quot;file&quot;:1,&quot;active&quot;:1,&quot;group&quot;:&quot;&quot;,&quot;bonded&quot;:[],&quot;error&quot;:&quot;None&quot;,&quot;con_stat&quot;:&quot;Connecting&quot;,&quot;bitrate&quot;:0,&quot;dest&quot;:&quot;bonded/bonded13&quot;},{&quot;mip&quot;:&quot;4000.ts&quot;,&quot;port&quot;:0,&quot;ip&quot;:&quot;file&quot;,&quot;in_name&quot;:&quot;bond&quot;,&quot;in_active&quot;:1,&quot;in_active_sources&quot;:0,&quot;prg_name&quot;:&quot;&quot;,&quot;prg_prov&quot;:&quot;&quot;,&quot;prg_num&quot;:-1,&quot;chan&quot;:&quot;&quot;,&quot;chan_id&quot;:-1,&quot;id&quot;:&quot;zixi://bonded(bonded10)#10.7.0.66:2088@10.7.0.65,192.168.60.66:2088@192.168.50.65,192.168.5.166:2088@192.168.5.165&quot;,&quot;type&quot;:2,&quot;name&quot;:&quot;bond10&quot;,&quot;asi&quot;:0,&quot;rtmp&quot;:0,&quot;file&quot;:1,&quot;active&quot;:1,&quot;group&quot;:&quot;&quot;,&quot;bonded&quot;:[],&quot;error&quot;:&quot;Authentication&quot;,&quot;con_stat&quot;:&quot;Connecting&quot;,&quot;bitrate&quot;:0,&quot;dest&quot;:&quot;bonded/bonded10&quot;},{&quot;mip&quot;:&quot;4000.ts&quot;,&quot;port&quot;:0,&quot;ip&quot;:&quot;file&quot;,&quot;in_name&quot;:&quot;bond&quot;,&quot;in_active&quot;:1,&quot;in_active_sources&quot;:0,&quot;prg_name&quot;:&quot;&quot;,&quot;prg_prov&quot;:&quot;&quot;,&quot;prg_num&quot;:-1,&quot;chan&quot;:&quot;&quot;,&quot;chan_id&quot;:-1,&quot;id&quot;:&quot;zixi://bonded(bonded12)#10.7.0.66:2088@10.7.0.65,192.168.60.66:2088@192.168.50.65,192.168.5.166:2088@192.168.5.165&quot;,&quot;type&quot;:2,&quot;name&quot;:&quot;bond12&quot;,&quot;asi&quot;:0,&quot;rtmp&quot;:0,&quot;file&quot;:1,&quot;active&quot;:1,&quot;group&quot;:&quot;&quot;,&quot;bonded&quot;:[],&quot;error&quot;:&quot;None&quot;,&quot;con_stat&quot;:&quot;Connecting&quot;,&quot;bitrate&quot;:0,&quot;dest&quot;:&quot;bonded/bonded12&quot;},{&quot;mip&quot;:&quot;4000.ts&quot;,&quot;port&quot;:0,&quot;ip&quot;:&quot;file&quot;,&quot;in_name&quot;:&quot;bond&quot;,&quot;in_active&quot;:1,&quot;in_active_sources&quot;:0,&quot;prg_name&quot;:&quot;&quot;,&quot;prg_prov&quot;:&quot;&quot;,&quot;prg_num&quot;:-1,&quot;chan&quot;:&quot;&quot;,&quot;chan_id&quot;:-1,&quot;id&quot;:&quot;zixi://bonded(bonded9)#10.7.0.66:2088@10.7.0.65,192.168.60.66:2088@192.168.50.65,192.168.5.166:2088@192.168.5.165&quot;,&quot;type&quot;:2,&quot;name&quot;:&quot;bond9&quot;,&quot;asi&quot;:0,&quot;rtmp&quot;:0,&quot;file&quot;:1,&quot;active&quot;:1,&quot;group&quot;:&quot;&quot;,&quot;bonded&quot;:[],&quot;error&quot;:&quot;None&quot;,&quot;con_stat&quot;:&quot;Connecting&quot;,&quot;bitrate&quot;:0,&quot;dest&quot;:&quot;bonded/bonded9&quot;},{&quot;mip&quot;:&quot;4000.ts&quot;,&quot;port&quot;:0,&quot;ip&quot;:&quot;file&quot;,&quot;in_name&quot;:&quot;bond&quot;,&quot;in_active&quot;:1,&quot;in_active_sources&quot;:0,&quot;prg_name&quot;:&quot;&quot;,&quot;prg_prov&quot;:&quot;&quot;,&quot;prg_num&quot;:-1,&quot;chan&quot;:&quot;&quot;,&quot;chan_id&quot;:-1,&quot;id&quot;:&quot;zixi://bonded(bonded5)#10.7.0.66:2088@10.7.0.65,192.168.60.66:2088@192.168.50.65,192.168.5.166:2088@192.168.5.165&quot;,&quot;type&quot;:2,&quot;name&quot;:&quot;bond5&quot;,&quot;asi&quot;:0,&quot;rtmp&quot;:0,&quot;file&quot;:1,&quot;active&quot;:1,&quot;group&quot;:&quot;&quot;,&quot;bonded&quot;:[],&quot;error&quot;:&quot;None&quot;,&quot;con_stat&quot;:&quot;Connecting&quot;,&quot;bitrate&quot;:0,&quot;dest&quot;:&quot;bonded/bonded5&quot;},{&quot;mip&quot;:&quot;4000.ts&quot;,&quot;port&quot;:0,&quot;ip&quot;:&quot;file&quot;,&quot;in_name&quot;:&quot;bond&quot;,&quot;in_active&quot;:1,&quot;in_active_sources&quot;:0,&quot;prg_name&quot;:&quot;&quot;,&quot;prg_prov&quot;:&quot;&quot;,&quot;prg_num&quot;:-1,&quot;chan&quot;:&quot;&quot;,&quot;chan_id&quot;:-1,&quot;id&quot;:&quot;zixi://bonded(bonded4)#10.7.0.66:2088@10.7.0.65,192.168.60.66:2088@192.168.50.65,192.168.5.166:2088@192.168.5.165&quot;,&quot;type&quot;:2,&quot;name&quot;:&quot;bond4&quot;,&quot;asi&quot;:0,&quot;rtmp&quot;:0,&quot;file&quot;:1,&quot;active&quot;:1,&quot;group&quot;:&quot;&quot;,&quot;bonded&quot;:[],&quot;error&quot;:&quot;Timeout&quot;,&quot;con_stat&quot;:&quot;Connecting&quot;,&quot;bitrate&quot;:0,&quot;dest&quot;:&quot;bonded/bonded4&quot;},{&quot;mip&quot;:&quot;4000.ts&quot;,&quot;port&quot;:0,&quot;ip&quot;:&quot;file&quot;,&quot;in_name&quot;:&quot;bond&quot;,&quot;in_active&quot;:1,&quot;in_active_sources&quot;:0,&quot;prg_name&quot;:&quot;&quot;,&quot;prg_prov&quot;:&quot;&quot;,&quot;prg_num&quot;:-1,&quot;chan&quot;:&quot;&quot;,&quot;chan_id&quot;:-1,&quot;id&quot;:&quot;zixi://bonded(bonded1)#10.7.0.66:2088@10.7.0.65,192.168.60.66:2088@192.168.50.65,192.168.5.166:2088@192.168.5.165&quot;,&quot;type&quot;:2,&quot;name&quot;:&quot;bond1&quot;,&quot;asi&quot;:0,&quot;rtmp&quot;:0,&quot;file&quot;:1,&quot;active&quot;:1,&quot;group&quot;:&quot;&quot;,&quot;bonded&quot;:[],&quot;error&quot;:&quot;None&quot;,&quot;con_stat&quot;:&quot;Connecting&quot;,&quot;bitrate&quot;:0,&quot;dest&quot;:&quot;bonded/bonded1&quot;},{&quot;mip&quot;:&quot;4000.ts&quot;,&quot;port&quot;:0,&quot;ip&quot;:&quot;file&quot;,&quot;in_name&quot;:&quot;bond&quot;,&quot;in_active&quot;:1,&quot;in_active_sources&quot;:0,&quot;prg_name&quot;:&quot;&quot;,&quot;prg_prov&quot;:&quot;&quot;,&quot;prg_num&quot;:-1,&quot;chan&quot;:&quot;&quot;,&quot;chan_id&quot;:-1,&quot;id&quot;:&quot;zixi://bonded(bonded2)#10.7.0.66:2088@10.7.0.65,192.168.60.66:2088@192.168.50.65,192.168.5.166:2088@192.168.5.165&quot;,&quot;type&quot;:2,&quot;name&quot;:&quot;bond2&quot;,&quot;asi&quot;:0,&quot;rtmp&quot;:0,&quot;file&quot;:1,&quot;active&quot;:1,&quot;group&quot;:&quot;&quot;,&quot;bonded&quot;:[],&quot;error&quot;:&quot;None&quot;,&quot;con_stat&quot;:&quot;Connecting&quot;,&quot;bitrate&quot;:0,&quot;dest&quot;:&quot;bonded/bonded2&quot;},{&quot;mip&quot;:&quot;4000.ts&quot;,&quot;port&quot;:0,&quot;ip&quot;:&quot;file&quot;,&quot;in_name&quot;:&quot;bond&quot;,&quot;in_active&quot;:1,&quot;in_active_sources&quot;:0,&quot;prg_name&quot;:&quot;&quot;,&quot;prg_prov&quot;:&quot;&quot;,&quot;prg_num&quot;:-1,&quot;chan&quot;:&quot;&quot;,&quot;chan_id&quot;:-1,&quot;id&quot;:&quot;zixi://bonded(bonded6)#10.7.0.66:2088@10.7.0.65,192.168.60.66:2088@192.168.50.65,192.168.5.166:2088@192.168.5.165&quot;,&quot;type&quot;:2,&quot;name&quot;:&quot;bond6&quot;,&quot;asi&quot;:0,&quot;rtmp&quot;:0,&quot;file&quot;:1,&quot;active&quot;:1,&quot;group&quot;:&quot;&quot;,&quot;bonded&quot;:[],&quot;error&quot;:&quot;None&quot;,&quot;con_stat&quot;:&quot;Connecting&quot;,&quot;bitrate&quot;:0,&quot;dest&quot;:&quot;bonded/bonded6&quot;}]}
Debug printing ------&gt;&gt;&gt; {&quot;custom_data&quot;:&quot;&quot;,&quot;msg&quot;:&quot;Output deleted.&quot;,&quot;error&quot;:&quot;&quot;,&quot;outs&quot;:[{&quot;mip&quot;:&quot;live_recording.ts&quot;,&quot;port&quot;:0,&quot;ip&quot;:&quot;file&quot;,&quot;in_name&quot;:&quot;feederoutputname&quot;,&quot;in_active&quot;:1,&quot;in_active_sources&quot;:0,&quot;prg_name&quot;:&quot;&quot;,&quot;prg_prov&quot;:&quot;&quot;,&quot;prg_num&quot;:1,&quot;chan&quot;:&quot;&quot;,&quot;chan_id&quot;:-1,&quot;id&quot;:&quot;zixi://10.7.0.66:2088/feederout&quot;,&quot;type&quot;:2,&quot;name&quot;:&quot;feederoutputname&quot;,&quot;asi&quot;:0,&quot;rtmp&quot;:0,&quot;file&quot;:1,&quot;active&quot;:1,&quot;group&quot;:&quot;&quot;,&quot;error&quot;:&quot;Authentication&quot;,&quot;con_stat&quot;:&quot;Disconnected&quot;,&quot;bitrate&quot;:0,&quot;dest&quot;:&quot;10.7.0.66:2088/feederout&quot;},{&quot;mip&quot;:&quot;4000.ts&quot;,&quot;port&quot;:0,&quot;ip&quot;:&quot;file&quot;,&quot;in_name&quot;:&quot;bond&quot;,&quot;in_active&quot;:1,&quot;in_active_sources&quot;:0,&quot;prg_name&quot;:&quot;&quot;,&quot;prg_prov&quot;:&quot;&quot;,&quot;prg_num&quot;:-1,&quot;chan&quot;:&quot;&quot;,&quot;chan_id&quot;:-1,&quot;id&quot;:&quot;zixi://bonded(bonded20)#10.7.0.66:2088@10.7.0.65,192.168.60.66:2088@192.168.50.65,192.168.5.166:2088@192.168.5.165&quot;,&quot;type&quot;:2,&quot;name&quot;:&quot;bond20&quot;,&quot;asi&quot;:0,&quot;rtmp&quot;:0,&quot;file&quot;:1,&quot;active&quot;:1,&quot;group&quot;:&quot;&quot;,&quot;bonded&quot;:[],&quot;error&quot;:&quot;Timeout&quot;,&quot;con_stat&quot;:&quot;Connecting&quot;,&quot;bitrate&quot;:0,&quot;dest&quot;:&quot;bonded/bonded20&quot;},{&quot;mip&quot;:&quot;4000.ts&quot;,&quot;port&quot;:0,&quot;ip&quot;:&quot;file&quot;,&quot;in_name&quot;:&quot;bond&quot;,&quot;in_active&quot;:1,&quot;in_active_sources&quot;:0,&quot;prg_name&quot;:&quot;&quot;,&quot;prg_prov&quot;:&quot;&quot;,&quot;prg_num&quot;:-1,&quot;chan&quot;:&quot;&quot;,&quot;chan_id&quot;:-1,&quot;id&quot;:&quot;zixi://bonded(bonded48)#10.7.0.66:2088@10.7.0.65,192.168.60.66:2088@192.168.50.65,192.168.5.166:2088@192.168.5.165&quot;,&quot;type&quot;:2,&quot;name&quot;:&quot;bond48&quot;,&quot;asi&quot;:0,&quot;rtmp&quot;:0,&quot;file&quot;:1,&quot;active&quot;:1,&quot;group&quot;:&quot;&quot;,&quot;bonded&quot;:[],&quot;error&quot;:&quot;Timeout&quot;,&quot;con_stat&quot;:&quot;Connecting&quot;,&quot;bitrate&quot;:0,&quot;dest&quot;:&quot;bonded/bonded48&quot;},{&quot;mip&quot;:&quot;4000.ts&quot;,&quot;port&quot;:0,&quot;ip&quot;:&quot;file&quot;,&quot;in_name&quot;:&quot;bond&quot;,&quot;in_active&quot;:1,&quot;in_active_sources&quot;:0,&quot;prg_name&quot;:&quot;&quot;,&quot;prg_prov&quot;:&quot;&quot;,&quot;prg_num&quot;:-1,&quot;chan&quot;:&quot;&quot;,&quot;chan_id&quot;:-1,&quot;id&quot;:&quot;zixi://bonded(bonded47)#10.7.0.66:2088@10.7.0.65,192.168.60.66:2088@192.168.50.65,192.168.5.166:2088@192.168.5.165&quot;,&quot;type&quot;:2,&quot;name&quot;:&quot;bond47&quot;,&quot;asi&quot;:0,&quot;rtmp&quot;:0,&quot;file&quot;:1,&quot;active&quot;:1,&quot;group&quot;:&quot;&quot;,&quot;bonded&quot;:[],&quot;error&quot;:&quot;Authentication&quot;,&quot;con_stat&quot;:&quot;Connecting&quot;,&quot;bitrate&quot;:0,&quot;dest&quot;:&quot;bonded/bonded47&quot;},{&quot;mip&quot;:&quot;4000.ts&quot;,&quot;port&quot;:0,&quot;ip&quot;:&quot;file&quot;,&quot;in_name&quot;:&quot;bond&quot;,&quot;in_active&quot;:1,&quot;in_active_sources&quot;:0,&quot;prg_name&quot;:&quot;&quot;,&quot;prg_prov&quot;:&quot;&quot;,&quot;prg_num&quot;:-1,&quot;chan&quot;:&quot;&quot;,&quot;chan_id&quot;:-1,&quot;id&quot;:&quot;zixi://bonded(bonded38)#10.7.0.66:2088@10.7.0.65,192.168.60.66:2088@192.168.50.65,192.168.5.166:2088@192.168.5.165&quot;,&quot;type&quot;:2,&quot;name&quot;:&quot;bond38&quot;,&quot;asi&quot;:0,&quot;rtmp&quot;:0,&quot;file&quot;:1,&quot;active&quot;:1,&quot;group&quot;:&quot;&quot;,&quot;bonded&quot;:[],&quot;error&quot;:&quot;Timeout&quot;,&quot;con_stat&quot;:&quot;Connecting&quot;,&quot;bitrate&quot;:0,&quot;dest&quot;:&quot;bonded/bonded38&quot;},{&quot;mip&quot;:&quot;4000.ts&quot;,&quot;port&quot;:0,&quot;ip&quot;:&quot;file&quot;,&quot;in_name&quot;:&quot;bond&quot;,&quot;in_active&quot;:1,&quot;in_active_sources&quot;:0,&quot;prg_name&quot;:&quot;&quot;,&quot;prg_prov&quot;:&quot;&quot;,&quot;prg_num&quot;:-1,&quot;chan&quot;:&quot;&quot;,&quot;chan_id&quot;:-1,&quot;id&quot;:&quot;zixi://bonded(bonded43)#10.7.0.66:2088@10.7.0.65,192.168.60.66:2088@192.168.50.65,192.168.5.166:2088@192.168.5.165&quot;,&quot;type&quot;:2,&quot;name&quot;:&quot;bond43&quot;,&quot;asi&quot;:0,&quot;rtmp&quot;:0,&quot;file&quot;:1,&quot;active&quot;:1,&quot;group&quot;:&quot;&quot;,&quot;bonded&quot;:[],&quot;error&quot;:&quot;Authentication&quot;,&quot;con_stat&quot;:&quot;Connecting&quot;,&quot;bitrate&quot;:0,&quot;dest&quot;:&quot;bonded/bonded43&quot;},{&quot;mip&quot;:&quot;4000.ts&quot;,&quot;port&quot;:0,&quot;ip&quot;:&quot;file&quot;,&quot;in_name&quot;:&quot;bond&quot;,&quot;in_active&quot;:1,&quot;in_active_sources&quot;:0,&quot;prg_name&quot;:&quot;&quot;,&quot;prg_prov&quot;:&quot;&quot;,&quot;prg_num&quot;:-1,&quot;chan&quot;:&quot;&quot;,&quot;chan_id&quot;:-1,&quot;id&quot;:&quot;zixi://bonded(bonded45)#10.7.0.66:2088@10.7.0.65,192.168.60.66:2088@192.168.50.65,192.168.5.166:2088@192.168.5.165&quot;,&quot;type&quot;:2,&quot;name&quot;:&quot;bond45&quot;,&quot;asi&quot;:0,&quot;rtmp&quot;:0,&quot;file&quot;:1,&quot;active&quot;:1,&quot;group&quot;:&quot;&quot;,&quot;bonded&quot;:[],&quot;error&quot;:&quot;Timeout&quot;,&quot;con_stat&quot;:&quot;Connecting&quot;,&quot;bitrate&quot;:0,&quot;dest&quot;:&quot;bonded/bonded45&quot;},{&quot;mip&quot;:&quot;4000.ts&quot;,&quot;port&quot;:0,&quot;ip&quot;:&quot;file&quot;,&quot;in_name&quot;:&quot;bond&quot;,&quot;in_active&quot;:1,&quot;in_active_sources&quot;:0,&quot;prg_name&quot;:&quot;&quot;,&quot;prg_prov&quot;:&quot;&quot;,&quot;prg_num&quot;:-1,&quot;chan&quot;:&quot;&quot;,&quot;chan_id&quot;:-1,&quot;id&quot;:&quot;zixi://bonded(bonded42)#10.7.0.66:2088@10.7.0.65,192.168.60.66:2088@192.168.50.65,192.168.5.166:2088@192.168.5.165&quot;,&quot;type&quot;:2,&quot;name&quot;:&quot;bond42&quot;,&quot;asi&quot;:0,&quot;rtmp&quot;:0,&quot;file&quot;:1,&quot;active&quot;:1,&quot;group&quot;:&quot;&quot;,&quot;bonded&quot;:[],&quot;error&quot;:&quot;Timeout&quot;,&quot;con_stat&quot;:&quot;Connecting&quot;,&quot;bitrate&quot;:0,&quot;dest&quot;:&quot;bonded/bonded42&quot;},{&quot;mip&quot;:&quot;4000.ts&quot;,&quot;port&quot;:0,&quot;ip&quot;:&quot;file&quot;,&quot;in_name&quot;:&quot;bond&quot;,&quot;in_active&quot;:1,&quot;in_active_sources&quot;:0,&quot;prg_name&quot;:&quot;&quot;,&quot;prg_prov&quot;:&quot;&quot;,&quot;prg_num&quot;:-1,&quot;chan&quot;:&quot;&quot;,&quot;chan_id&quot;:-1,&quot;id&quot;:&quot;zixi://bonded(bonded34)#10.7.0.66:2088@10.7.0.65,192.168.60.66:2088@192.168.50.65,192.168.5.166:2088@192.168.5.165&quot;,&quot;type&quot;:2,&quot;name&quot;:&quot;bond34&quot;,&quot;asi&quot;:0,&quot;rtmp&quot;:0,&quot;file&quot;:1,&quot;active&quot;:1,&quot;group&quot;:&quot;&quot;,&quot;bonded&quot;:[],&quot;error&quot;:&quot;Timeout&quot;,&quot;con_stat&quot;:&quot;Connecting&quot;,&quot;bitrate&quot;:0,&quot;dest&quot;:&quot;bonded/bonded34&quot;},{&quot;mip&quot;:&quot;4000.ts&quot;,&quot;port&quot;:0,&quot;ip&quot;:&quot;file&quot;,&quot;in_name&quot;:&quot;bond&quot;,&quot;in_active&quot;:1,&quot;in_active_sources&quot;:0,&quot;prg_name&quot;:&quot;&quot;,&quot;prg_prov&quot;:&quot;&quot;,&quot;prg_num&quot;:-1,&quot;chan&quot;:&quot;&quot;,&quot;chan_id&quot;:-1,&quot;id&quot;:&quot;zixi://bonded(bonded18)#10.7.0.66:2088@10.7.0.65,192.168.60.66:2088@192.168.50.65,192.168.5.166:2088@192.168.5.165&quot;,&quot;type&quot;:2,&quot;name&quot;:&quot;bond18&quot;,&quot;asi&quot;:0,&quot;rtmp&quot;:0,&quot;file&quot;:1,&quot;active&quot;:1,&quot;group&quot;:&quot;&quot;,&quot;bonded&quot;:[],&quot;error&quot;:&quot;Timeout&quot;,&quot;con_stat&quot;:&quot;Connecting&quot;,&quot;bitrate&quot;:0,&quot;dest&quot;:&quot;bonded/bonded18&quot;},{&quot;mip&quot;:&quot;4000.ts&quot;,&quot;port&quot;:0,&quot;ip&quot;:&quot;file&quot;,&quot;in_name&quot;:&quot;bond&quot;,&quot;in_active&quot;:1,&quot;in_active_sources&quot;:0,&quot;prg_name&quot;:&quot;&quot;,&quot;prg_prov&quot;:&quot;&quot;,&quot;prg_num&quot;:-1,&quot;chan&quot;:&quot;&quot;,&quot;chan_id&quot;:-1,&quot;id&quot;:&quot;zixi://bonded(bonded25)#10.7.0.66:2088@10.7.0.65,192.168.60.66:2088@192.168.50.65,192.168.5.166:2088@192.168.5.165&quot;,&quot;type&quot;:2,&quot;name&quot;:&quot;bond25&quot;,&quot;asi&quot;:0,&quot;rtmp&quot;:0,&quot;file&quot;:1,&quot;active&quot;:1,&quot;group&quot;:&quot;&quot;,&quot;bonded&quot;:[],&quot;error&quot;:&quot;None&quot;,&quot;con_stat&quot;:&quot;Connecting&quot;,&quot;bitrate&quot;:0,&quot;dest&quot;:&quot;bonded/bonded25&quot;},{&quot;mip&quot;:&quot;4000.ts&quot;,&quot;port&quot;:0,&quot;ip&quot;:&quot;file&quot;,&quot;in_name&quot;:&quot;bond&quot;,&quot;in_active&quot;:1,&quot;in_active_sources&quot;:0,&quot;prg_name&quot;:&quot;&quot;,&quot;prg_prov&quot;:&quot;&quot;,&quot;prg_num&quot;:-1,&quot;chan&quot;:&quot;&quot;,&quot;chan_id&quot;:-1,&quot;id&quot;:&quot;zixi://bonded(bonded28)#10.7.0.66:2088@10.7.0.65,192.168.60.66:2088@192.168.50.65,192.168.5.166:2088@192.168.5.165&quot;,&quot;type&quot;:2,&quot;name&quot;:&quot;bond28&quot;,&quot;asi&quot;:0,&quot;rtmp&quot;:0,&quot;file&quot;:1,&quot;active&quot;:1,&quot;group&quot;:&quot;&quot;,&quot;bonded&quot;:[],&quot;error&quot;:&quot;None&quot;,&quot;con_stat&quot;:&quot;Connecting&quot;,&quot;bitrate&quot;:0,&quot;dest&quot;:&quot;bonded/bonded28&quot;},{&quot;mip&quot;:&quot;4000.ts&quot;,&quot;port&quot;:0,&quot;ip&quot;:&quot;file&quot;,&quot;in_name&quot;:&quot;bond&quot;,&quot;in_active&quot;:1,&quot;in_active_sources&quot;:0,&quot;prg_name&quot;:&quot;&quot;,&quot;prg_prov&quot;:&quot;&quot;,&quot;prg_num&quot;:-1,&quot;chan&quot;:&quot;&quot;,&quot;chan_id&quot;:-1,&quot;id&quot;:&quot;zixi://bonded(bonded15)#10.7.0.66:2088@10.7.0.65,192.168.60.66:2088@192.168.50.65,192.168.5.166:2088@192.168.5.165&quot;,&quot;type&quot;:2,&quot;name&quot;:&quot;bond15&quot;,&quot;asi&quot;:0,&quot;rtmp&quot;:0,&quot;file&quot;:1,&quot;active&quot;:1,&quot;group&quot;:&quot;&quot;,&quot;bonded&quot;:[],&quot;error&quot;:&quot;Timeout&quot;,&quot;con_stat&quot;:&quot;Connecting&quot;,&quot;bitrate&quot;:0,&quot;dest&quot;:&quot;bonded/bonded15&quot;},{&quot;mip&quot;:&quot;4000.ts&quot;,&quot;port&quot;:0,&quot;ip&quot;:&quot;file&quot;,&quot;in_name&quot;:&quot;bond&quot;,&quot;in_active&quot;:1,&quot;in_active_sources&quot;:0,&quot;prg_name&quot;:&quot;&quot;,&quot;prg_prov&quot;:&quot;&quot;,&quot;prg_num&quot;:-1,&quot;chan&quot;:&quot;&quot;,&quot;chan_id&quot;:-1,&quot;id&quot;:&quot;zixi://bonded(bonded24)#10.7.0.66:2088@10.7.0.65,192.168.60.66:2088@192.168.50.65,192.168.5.166:2088@192.168.5.165&quot;,&quot;type&quot;:2,&quot;name&quot;:&quot;bond24&quot;,&quot;asi&quot;:0,&quot;rtmp&quot;:0,&quot;file&quot;:1,&quot;active&quot;:1,&quot;group&quot;:&quot;&quot;,&quot;bonded&quot;:[],&quot;error&quot;:&quot;None&quot;,&quot;con_stat&quot;:&quot;Connecting&quot;,&quot;bitrate&quot;:0,&quot;dest&quot;:&quot;bonded/bonded24&quot;},{&quot;mip&quot;:&quot;4000.ts&quot;,&quot;port&quot;:0,&quot;ip&quot;:&quot;file&quot;,&quot;in_name&quot;:&quot;bond&quot;,&quot;in_active&quot;:1,&quot;in_active_sources&quot;:0,&quot;prg_name&quot;:&quot;&quot;,&quot;prg_prov&quot;:&quot;&quot;,&quot;prg_num&quot;:-1,&quot;chan&quot;:&quot;&quot;,&quot;chan_id&quot;:-1,&quot;id&quot;:&quot;zixi://bonded(bonded17)#10.7.0.66:2088@10.7.0.65,192.168.60.66:2088@192.168.50.65,192.168.5.166:2088@192.168.5.165&quot;,&quot;type&quot;:2,&quot;name&quot;:&quot;bond17&quot;,&quot;asi&quot;:0,&quot;rtmp&quot;:0,&quot;file&quot;:1,&quot;active&quot;:1,&quot;group&quot;:&quot;&quot;,&quot;bonded&quot;:[],&quot;error&quot;:&quot;None&quot;,&quot;con_stat&quot;:&quot;Connecting&quot;,&quot;bitrate&quot;:0,&quot;dest&quot;:&quot;bonded/bonded17&quot;},{&quot;mip&quot;:&quot;4000.ts&quot;,&quot;port&quot;:0,&quot;ip&quot;:&quot;file&quot;,&quot;in_name&quot;:&quot;bond&quot;,&quot;in_active&quot;:1,&quot;in_active_sources&quot;:0,&quot;prg_name&quot;:&quot;&quot;,&quot;prg_prov&quot;:&quot;&quot;,&quot;prg_num&quot;:-1,&quot;chan&quot;:&quot;&quot;,&quot;chan_id&quot;:-1,&quot;id&quot;:&quot;zixi://bonded(bonded23)#10.7.0.66:2088@10.7.0.65,192.168.60.66:2088@192.168.50.65,192.168.5.166:2088@192.168.5.165&quot;,&quot;type&quot;:2,&quot;name&quot;:&quot;bond23&quot;,&quot;asi&quot;:0,&quot;rtmp&quot;:0,&quot;file&quot;:1,&quot;active&quot;:1,&quot;group&quot;:&quot;&quot;,&quot;bonded&quot;:[],&quot;error&quot;:&quot;None&quot;,&quot;con_stat&quot;:&quot;Connecting&quot;,&quot;bitrate&quot;:0,&quot;dest&quot;:&quot;bonded/bonded23&quot;},{&quot;mip&quot;:&quot;4000.ts&quot;,&quot;port&quot;:0,&quot;ip&quot;:&quot;file&quot;,&quot;in_name&quot;:&quot;bond&quot;,&quot;in_active&quot;:1,&quot;in_active_sources&quot;:0,&quot;prg_name&quot;:&quot;&quot;,&quot;prg_prov&quot;:&quot;&quot;,&quot;prg_num&quot;:-1,&quot;chan&quot;:&quot;&quot;,&quot;chan_id&quot;:-1,&quot;id&quot;:&quot;zixi://bonded(bonded8)#10.7.0.66:2088@10.7.0.65,192.168.60.66:2088@192.168.50.65,192.168.5.166:2088@192.168.5.165&quot;,&quot;type&quot;:2,&quot;name&quot;:&quot;bond8&quot;,&quot;asi&quot;:0,&quot;rtmp&quot;:0,&quot;file&quot;:1,&quot;active&quot;:1,&quot;group&quot;:&quot;&quot;,&quot;bonded&quot;:[],&quot;error&quot;:&quot;None&quot;,&quot;con_stat&quot;:&quot;Connecting&quot;,&quot;bitrate&quot;:0,&quot;dest&quot;:&quot;bonded/bonded8&quot;},{&quot;mip&quot;:&quot;4000.ts&quot;,&quot;port&quot;:0,&quot;ip&quot;:&quot;file&quot;,&quot;in_name&quot;:&quot;bond&quot;,&quot;in_active&quot;:1,&quot;in_active_sources&quot;:0,&quot;prg_name&quot;:&quot;&quot;,&quot;prg_prov&quot;:&quot;&quot;,&quot;prg_num&quot;:-1,&quot;chan&quot;:&quot;&quot;,&quot;chan_id&quot;:-1,&quot;id&quot;:&quot;zixi://bonded(bonded3)#10.7.0.66:2088@10.7.0.65,192.168.60.66:2088@192.168.50.65,192.168.5.166:2088@192.168.5.165&quot;,&quot;type&quot;:2,&quot;name&quot;:&quot;bond3&quot;,&quot;asi&quot;:0,&quot;rtmp&quot;:0,&quot;file&quot;:1,&quot;active&quot;:1,&quot;group&quot;:&quot;&quot;,&quot;bonded&quot;:[],&quot;error&quot;:&quot;None&quot;,&quot;con_stat&quot;:&quot;Connecting&quot;,&quot;bitrate&quot;:0,&quot;dest&quot;:&quot;bonded/bonded3&quot;},{&quot;mip&quot;:&quot;4000.ts&quot;,&quot;port&quot;:0,&quot;ip&quot;:&quot;file&quot;,&quot;in_name&quot;:&quot;bond&quot;,&quot;in_active&quot;:1,&quot;in_active_sources&quot;:0,&quot;prg_name&quot;:&quot;&quot;,&quot;prg_prov&quot;:&quot;&quot;,&quot;prg_num&quot;:-1,&quot;chan&quot;:&quot;&quot;,&quot;chan_id&quot;:-1,&quot;id&quot;:&quot;zixi://bonded(bonded16)#10.7.0.66:2088@10.7.0.65,192.168.60.66:2088@192.168.50.65,192.168.5.166:2088@192.168.5.165&quot;,&quot;type&quot;:2,&quot;name&quot;:&quot;bond16&quot;,&quot;asi&quot;:0,&quot;rtmp&quot;:0,&quot;file&quot;:1,&quot;active&quot;:1,&quot;group&quot;:&quot;&quot;,&quot;bonded&quot;:[],&quot;error&quot;:&quot;None&quot;,&quot;con_stat&quot;:&quot;Connecting&quot;,&quot;bitrate&quot;:0,&quot;dest&quot;:&quot;bonded/bonded16&quot;},{&quot;mip&quot;:&quot;4000.ts&quot;,&quot;port&quot;:0,&quot;ip&quot;:&quot;file&quot;,&quot;in_name&quot;:&quot;bond&quot;,&quot;in_active&quot;:1,&quot;in_active_sources&quot;:0,&quot;prg_name&quot;:&quot;&quot;,&quot;prg_prov&quot;:&quot;&quot;,&quot;prg_num&quot;:-1,&quot;chan&quot;:&quot;&quot;,&quot;chan_id&quot;:-1,&quot;id&quot;:&quot;zixi://bonded(bonded19)#10.7.0.66:2088@10.7.0.65,192.168.60.66:2088@192.168.50.65,192.168.5.166:2088@192.168.5.165&quot;,&quot;type&quot;:2,&quot;name&quot;:&quot;bond19&quot;,&quot;asi&quot;:0,&quot;rtmp&quot;:0,&quot;file&quot;:1,&quot;active&quot;:1,&quot;group&quot;:&quot;&quot;,&quot;bonded&quot;:[],&quot;error&quot;:&quot;None&quot;,&quot;con_stat&quot;:&quot;Connecting&quot;,&quot;bitrate&quot;:0,&quot;dest&quot;:&quot;bonded/bonded19&quot;},{&quot;mip&quot;:&quot;4000.ts&quot;,&quot;port&quot;:0,&quot;ip&quot;:&quot;file&quot;,&quot;in_name&quot;:&quot;bond&quot;,&quot;in_active&quot;:1,&quot;in_active_sources&quot;:0,&quot;prg_name&quot;:&quot;&quot;,&quot;prg_prov&quot;:&quot;&quot;,&quot;prg_num&quot;:-1,&quot;chan&quot;:&quot;&quot;,&quot;chan_id&quot;:-1,&quot;id&quot;:&quot;zixi://bonded(bonded0)#10.7.0.66:2088@10.7.0.65,192.168.60.66:2088@192.168.50.65,192.168.5.166:2088@192.168.5.165&quot;,&quot;type&quot;:2,&quot;name&quot;:&quot;bond0&quot;,&quot;asi&quot;:0,&quot;rtmp&quot;:0,&quot;file&quot;:1,&quot;active&quot;:1,&quot;group&quot;:&quot;&quot;,&quot;bonded&quot;:[],&quot;error&quot;:&quot;None&quot;,&quot;con_stat&quot;:&quot;Connecting&quot;,&quot;bitrate&quot;:0,&quot;dest&quot;:&quot;bonded/bonded0&quot;},{&quot;mip&quot;:&quot;4000.ts&quot;,&quot;port&quot;:0,&quot;ip&quot;:&quot;file&quot;,&quot;in_name&quot;:&quot;bond&quot;,&quot;in_active&quot;:1,&quot;in_active_sources&quot;:0,&quot;prg_name&quot;:&quot;&quot;,&quot;prg_prov&quot;:&quot;&quot;,&quot;prg_num&quot;:-1,&quot;chan&quot;:&quot;&quot;,&quot;chan_id&quot;:-1,&quot;id&quot;:&quot;zixi://bonded(bonded14)#10.7.0.66:2088@10.7.0.65,192.168.60.66:2088@192.168.50.65,192.168.5.166:2088@192.168.5.165&quot;,&quot;type&quot;:2,&quot;name&quot;:&quot;bond14&quot;,&quot;asi&quot;:0,&quot;rtmp&quot;:0,&quot;file&quot;:1,&quot;active&quot;:1,&quot;group&quot;:&quot;&quot;,&quot;bonded&quot;:[],&quot;error&quot;:&quot;Timeout&quot;,&quot;con_stat&quot;:&quot;Connecting&quot;,&quot;bitrate&quot;:0,&quot;dest&quot;:&quot;bonded/bonded14&quot;},{&quot;mip&quot;:&quot;4000.ts&quot;,&quot;port&quot;:0,&quot;ip&quot;:&quot;file&quot;,&quot;in_name&quot;:&quot;bond&quot;,&quot;in_active&quot;:1,&quot;in_active_sources&quot;:0,&quot;prg_name&quot;:&quot;&quot;,&quot;prg_prov&quot;:&quot;&quot;,&quot;prg_num&quot;:-1,&quot;chan&quot;:&quot;&quot;,&quot;chan_id&quot;:-1,&quot;id&quot;:&quot;zixi://bonded(bonded7)#10.7.0.66:2088@10.7.0.65,192.168.60.66:2088@192.168.50.65,192.168.5.166:2088@192.168.5.165&quot;,&quot;type&quot;:2,&quot;name&quot;:&quot;bond7&quot;,&quot;asi&quot;:0,&quot;rtmp&quot;:0,&quot;file&quot;:1,&quot;active&quot;:1,&quot;group&quot;:&quot;&quot;,&quot;bonded&quot;:[],&quot;error&quot;:&quot;None&quot;,&quot;con_stat&quot;:&quot;Connecting&quot;,&quot;bitrate&quot;:0,&quot;dest&quot;:&quot;bonded/bonded7&quot;},{&quot;mip&quot;:&quot;4000.ts&quot;,&quot;port&quot;:0,&quot;ip&quot;:&quot;file&quot;,&quot;in_name&quot;:&quot;bond&quot;,&quot;in_active&quot;:1,&quot;in_active_sources&quot;:0,&quot;prg_name&quot;:&quot;&quot;,&quot;prg_prov&quot;:&quot;&quot;,&quot;prg_num&quot;:-1,&quot;chan&quot;:&quot;&quot;,&quot;chan_id&quot;:-1,&quot;id&quot;:&quot;zixi://bonded(bonded11)#10.7.0.66:2088@10.7.0.65,192.168.60.66:2088@192.168.50.65,192.168.5.166:2088@192.168.5.165&quot;,&quot;type&quot;:2,&quot;name&quot;:&quot;bond11&quot;,&quot;asi&quot;:0,&quot;rtmp&quot;:0,&quot;file&quot;:1,&quot;active&quot;:1,&quot;group&quot;:&quot;&quot;,&quot;bonded&quot;:[],&quot;error&quot;:&quot;None&quot;,&quot;con_stat&quot;:&quot;Connecting&quot;,&quot;bitrate&quot;:0,&quot;dest&quot;:&quot;bonded/bonded11&quot;},{&quot;mip&quot;:&quot;4000.ts&quot;,&quot;port&quot;:0,&quot;ip&quot;:&quot;file&quot;,&quot;in_name&quot;:&quot;bond&quot;,&quot;in_active&quot;:1,&quot;in_active_sources&quot;:0,&quot;prg_name&quot;:&quot;&quot;,&quot;prg_prov&quot;:&quot;&quot;,&quot;prg_num&quot;:-1,&quot;chan&quot;:&quot;&quot;,&quot;chan_id&quot;:-1,&quot;id&quot;:&quot;zixi://bonded(bonded13)#10.7.0.66:2088@10.7.0.65,192.168.60.66:2088@192.168.50.65,192.168.5.166:2088@192.168.5.165&quot;,&quot;type&quot;:2,&quot;name&quot;:&quot;bond13&quot;,&quot;asi&quot;:0,&quot;rtmp&quot;:0,&quot;file&quot;:1,&quot;active&quot;:1,&quot;group&quot;:&quot;&quot;,&quot;bonded&quot;:[],&quot;error&quot;:&quot;None&quot;,&quot;con_stat&quot;:&quot;Connecting&quot;,&quot;bitrate&quot;:0,&quot;dest&quot;:&quot;bonded/bonded13&quot;},{&quot;mip&quot;:&quot;4000.ts&quot;,&quot;port&quot;:0,&quot;ip&quot;:&quot;file&quot;,&quot;in_name&quot;:&quot;bond&quot;,&quot;in_active&quot;:1,&quot;in_active_sources&quot;:0,&quot;prg_name&quot;:&quot;&quot;,&quot;prg_prov&quot;:&quot;&quot;,&quot;prg_num&quot;:-1,&quot;chan&quot;:&quot;&quot;,&quot;chan_id&quot;:-1,&quot;id&quot;:&quot;zixi://bonded(bonded10)#10.7.0.66:2088@10.7.0.65,192.168.60.66:2088@192.168.50.65,192.168.5.166:2088@192.168.5.165&quot;,&quot;type&quot;:2,&quot;name&quot;:&quot;bond10&quot;,&quot;asi&quot;:0,&quot;rtmp&quot;:0,&quot;file&quot;:1,&quot;active&quot;:1,&quot;group&quot;:&quot;&quot;,&quot;bonded&quot;:[],&quot;error&quot;:&quot;Authentication&quot;,&quot;con_stat&quot;:&quot;Connecting&quot;,&quot;bitrate&quot;:0,&quot;dest&quot;:&quot;bonded/bonded10&quot;},{&quot;mip&quot;:&quot;4000.ts&quot;,&quot;port&quot;:0,&quot;ip&quot;:&quot;file&quot;,&quot;in_name&quot;:&quot;bond&quot;,&quot;in_active&quot;:1,&quot;in_active_sources&quot;:0,&quot;prg_name&quot;:&quot;&quot;,&quot;prg_prov&quot;:&quot;&quot;,&quot;prg_num&quot;:-1,&quot;chan&quot;:&quot;&quot;,&quot;chan_id&quot;:-1,&quot;id&quot;:&quot;zixi://bonded(bonded12)#10.7.0.66:2088@10.7.0.65,192.168.60.66:2088@192.168.50.65,192.168.5.166:2088@192.168.5.165&quot;,&quot;type&quot;:2,&quot;name&quot;:&quot;bond12&quot;,&quot;asi&quot;:0,&quot;rtmp&quot;:0,&quot;file&quot;:1,&quot;active&quot;:1,&quot;group&quot;:&quot;&quot;,&quot;bonded&quot;:[],&quot;error&quot;:&quot;None&quot;,&quot;con_stat&quot;:&quot;Connecting&quot;,&quot;bitrate&quot;:0,&quot;dest&quot;:&quot;bonded/bonded12&quot;},{&quot;mip&quot;:&quot;4000.ts&quot;,&quot;port&quot;:0,&quot;ip&quot;:&quot;file&quot;,&quot;in_name&quot;:&quot;bond&quot;,&quot;in_active&quot;:1,&quot;in_active_sources&quot;:0,&quot;prg_name&quot;:&quot;&quot;,&quot;prg_prov&quot;:&quot;&quot;,&quot;prg_num&quot;:-1,&quot;chan&quot;:&quot;&quot;,&quot;chan_id&quot;:-1,&quot;id&quot;:&quot;zixi://bonded(bonded9)#10.7.0.66:2088@10.7.0.65,192.168.60.66:2088@192.168.50.65,192.168.5.166:2088@192.168.5.165&quot;,&quot;type&quot;:2,&quot;name&quot;:&quot;bond9&quot;,&quot;asi&quot;:0,&quot;rtmp&quot;:0,&quot;file&quot;:1,&quot;active&quot;:1,&quot;group&quot;:&quot;&quot;,&quot;bonded&quot;:[],&quot;error&quot;:&quot;None&quot;,&quot;con_stat&quot;:&quot;Connecting&quot;,&quot;bitrate&quot;:0,&quot;dest&quot;:&quot;bonded/bonded9&quot;},{&quot;mip&quot;:&quot;4000.ts&quot;,&quot;port&quot;:0,&quot;ip&quot;:&quot;file&quot;,&quot;in_name&quot;:&quot;bond&quot;,&quot;in_active&quot;:1,&quot;in_active_sources&quot;:0,&quot;prg_name&quot;:&quot;&quot;,&quot;prg_prov&quot;:&quot;&quot;,&quot;prg_num&quot;:-1,&quot;chan&quot;:&quot;&quot;,&quot;chan_id&quot;:-1,&quot;id&quot;:&quot;zixi://bonded(bonded5)#10.7.0.66:2088@10.7.0.65,192.168.60.66:2088@192.168.50.65,192.168.5.166:2088@192.168.5.165&quot;,&quot;type&quot;:2,&quot;name&quot;:&quot;bond5&quot;,&quot;asi&quot;:0,&quot;rtmp&quot;:0,&quot;file&quot;:1,&quot;active&quot;:1,&quot;group&quot;:&quot;&quot;,&quot;bonded&quot;:[],&quot;error&quot;:&quot;None&quot;,&quot;con_stat&quot;:&quot;Connecting&quot;,&quot;bitrate&quot;:0,&quot;dest&quot;:&quot;bonded/bonded5&quot;},{&quot;mip&quot;:&quot;4000.ts&quot;,&quot;port&quot;:0,&quot;ip&quot;:&quot;file&quot;,&quot;in_name&quot;:&quot;bond&quot;,&quot;in_active&quot;:1,&quot;in_active_sources&quot;:0,&quot;prg_name&quot;:&quot;&quot;,&quot;prg_prov&quot;:&quot;&quot;,&quot;prg_num&quot;:-1,&quot;chan&quot;:&quot;&quot;,&quot;chan_id&quot;:-1,&quot;id&quot;:&quot;zixi://bonded(bonded4)#10.7.0.66:2088@10.7.0.65,192.168.60.66:2088@192.168.50.65,192.168.5.166:2088@192.168.5.165&quot;,&quot;type&quot;:2,&quot;name&quot;:&quot;bond4&quot;,&quot;asi&quot;:0,&quot;rtmp&quot;:0,&quot;file&quot;:1,&quot;active&quot;:1,&quot;group&quot;:&quot;&quot;,&quot;bonded&quot;:[],&quot;error&quot;:&quot;Timeout&quot;,&quot;con_stat&quot;:&quot;Connecting&quot;,&quot;bitrate&quot;:0,&quot;dest&quot;:&quot;bonded/bonded4&quot;},{&quot;mip&quot;:&quot;4000.ts&quot;,&quot;port&quot;:0,&quot;ip&quot;:&quot;file&quot;,&quot;in_name&quot;:&quot;bond&quot;,&quot;in_active&quot;:1,&quot;in_active_sources&quot;:0,&quot;prg_name&quot;:&quot;&quot;,&quot;prg_prov&quot;:&quot;&quot;,&quot;prg_num&quot;:-1,&quot;chan&quot;:&quot;&quot;,&quot;chan_id&quot;:-1,&quot;id&quot;:&quot;zixi://bonded(bonded1)#10.7.0.66:2088@10.7.0.65,192.168.60.66:2088@192.168.50.65,192.168.5.166:2088@192.168.5.165&quot;,&quot;type&quot;:2,&quot;name&quot;:&quot;bond1&quot;,&quot;asi&quot;:0,&quot;rtmp&quot;:0,&quot;file&quot;:1,&quot;active&quot;:1,&quot;group&quot;:&quot;&quot;,&quot;bonded&quot;:[],&quot;error&quot;:&quot;None&quot;,&quot;con_stat&quot;:&quot;Connecting&quot;,&quot;bitrate&quot;:0,&quot;dest&quot;:&quot;bonded/bonded1&quot;},{&quot;mip&quot;:&quot;4000.ts&quot;,&quot;port&quot;:0,&quot;ip&quot;:&quot;file&quot;,&quot;in_name&quot;:&quot;bond&quot;,&quot;in_active&quot;:1,&quot;in_active_sources&quot;:0,&quot;prg_name&quot;:&quot;&quot;,&quot;prg_prov&quot;:&quot;&quot;,&quot;prg_num&quot;:-1,&quot;chan&quot;:&quot;&quot;,&quot;chan_id&quot;:-1,&quot;id&quot;:&quot;zixi://bonded(bonded2)#10.7.0.66:2088@10.7.0.65,192.168.60.66:2088@192.168.50.65,192.168.5.166:2088@192.168.5.165&quot;,&quot;type&quot;:2,&quot;name&quot;:&quot;bond2&quot;,&quot;asi&quot;:0,&quot;rtmp&quot;:0,&quot;file&quot;:1,&quot;active&quot;:1,&quot;group&quot;:&quot;&quot;,&quot;bonded&quot;:[],&quot;error&quot;:&quot;None&quot;,&quot;con_stat&quot;:&quot;Connecting&quot;,&quot;bitrate&quot;:0,&quot;dest&quot;:&quot;bonded/bonded2&quot;},{&quot;mip&quot;:&quot;4000.ts&quot;,&quot;port&quot;:0,&quot;ip&quot;:&quot;file&quot;,&quot;in_name&quot;:&quot;bond&quot;,&quot;in_active&quot;:1,&quot;in_active_sources&quot;:0,&quot;prg_name&quot;:&quot;&quot;,&quot;prg_prov&quot;:&quot;&quot;,&quot;prg_num&quot;:-1,&quot;chan&quot;:&quot;&quot;,&quot;chan_id&quot;:-1,&quot;id&quot;:&quot;zixi://bonded(bonded6)#10.7.0.66:2088@10.7.0.65,192.168.60.66:2088@192.168.50.65,192.168.5.166:2088@192.168.5.165&quot;,&quot;type&quot;:2,&quot;name&quot;:&quot;bond6&quot;,&quot;asi&quot;:0,&quot;rtmp&quot;:0,&quot;file&quot;:1,&quot;active&quot;:1,&quot;group&quot;:&quot;&quot;,&quot;bonded&quot;:[],&quot;error&quot;:&quot;None&quot;,&quot;con_stat&quot;:&quot;Connecting&quot;,&quot;bitrate&quot;:0,&quot;dest&quot;:&quot;bonded/bonded6&quot;}]}
Debug printing ------&gt;&gt;&gt; {&quot;custom_data&quot;:&quot;&quot;,&quot;msg&quot;:&quot;Output deleted.&quot;,&quot;error&quot;:&quot;&quot;,&quot;outs&quot;:[{&quot;mip&quot;:&quot;live_recording.ts&quot;,&quot;port&quot;:0,&quot;ip&quot;:&quot;file&quot;,&quot;in_name&quot;:&quot;feederoutputname&quot;,&quot;in_active&quot;:1,&quot;in_active_sources&quot;:0,&quot;prg_name&quot;:&quot;&quot;,&quot;prg_prov&quot;:&quot;&quot;,&quot;prg_num&quot;:1,&quot;chan&quot;:&quot;&quot;,&quot;chan_id&quot;:-1,&quot;id&quot;:&quot;zixi://10.7.0.66:2088/feederout&quot;,&quot;type&quot;:2,&quot;name&quot;:&quot;feederoutputname&quot;,&quot;asi&quot;:0,&quot;rtmp&quot;:0,&quot;file&quot;:1,&quot;active&quot;:1,&quot;group&quot;:&quot;&quot;,&quot;error&quot;:&quot;Authentication&quot;,&quot;con_stat&quot;:&quot;Disconnected&quot;,&quot;bitrate&quot;:0,&quot;dest&quot;:&quot;10.7.0.66:2088/feederout&quot;},{&quot;mip&quot;:&quot;4000.ts&quot;,&quot;port&quot;:0,&quot;ip&quot;:&quot;file&quot;,&quot;in_name&quot;:&quot;bond&quot;,&quot;in_active&quot;:1,&quot;in_active_sources&quot;:0,&quot;prg_name&quot;:&quot;&quot;,&quot;prg_prov&quot;:&quot;&quot;,&quot;prg_num&quot;:-1,&quot;chan&quot;:&quot;&quot;,&quot;chan_id&quot;:-1,&quot;id&quot;:&quot;zixi://bonded(bonded16)#10.7.0.66:2088@10.7.0.65,192.168.60.66:2088@192.168.50.65,192.168.5.166:2088@192.168.5.165&quot;,&quot;type&quot;:2,&quot;name&quot;:&quot;bond16&quot;,&quot;asi&quot;:0,&quot;rtmp&quot;:0,&quot;file&quot;:1,&quot;active&quot;:1,&quot;group&quot;:&quot;&quot;,&quot;bonded&quot;:[],&quot;error&quot;:&quot;None&quot;,&quot;con_stat&quot;:&quot;Connecting&quot;,&quot;bitrate&quot;:0,&quot;dest&quot;:&quot;bonded/bonded16&quot;},{&quot;mip&quot;:&quot;4000.ts&quot;,&quot;port&quot;:0,&quot;ip&quot;:&quot;file&quot;,&quot;in_name&quot;:&quot;bond&quot;,&quot;in_active&quot;:1,&quot;in_active_sources&quot;:0,&quot;prg_name&quot;:&quot;&quot;,&quot;prg_prov&quot;:&quot;&quot;,&quot;prg_num&quot;:-1,&quot;chan&quot;:&quot;&quot;,&quot;chan_id&quot;:-1,&quot;id&quot;:&quot;zixi://bonded(bonded48)#10.7.0.66:2088@10.7.0.65,192.168.60.66:2088@192.168.50.65,192.168.5.166:2088@192.168.5.165&quot;,&quot;type&quot;:2,&quot;name&quot;:&quot;bond48&quot;,&quot;asi&quot;:0,&quot;rtmp&quot;:0,&quot;file&quot;:1,&quot;active&quot;:1,&quot;group&quot;:&quot;&quot;,&quot;bonded&quot;:[],&quot;error&quot;:&quot;Timeout&quot;,&quot;con_stat&quot;:&quot;Connecting&quot;,&quot;bitrate&quot;:0,&quot;dest&quot;:&quot;bonded/bonded48&quot;},{&quot;mip&quot;:&quot;4000.ts&quot;,&quot;port&quot;:0,&quot;ip&quot;:&quot;file&quot;,&quot;in_name&quot;:&quot;bond&quot;,&quot;in_active&quot;:1,&quot;in_active_sources&quot;:0,&quot;prg_name&quot;:&quot;&quot;,&quot;prg_prov&quot;:&quot;&quot;,&quot;prg_num&quot;:-1,&quot;chan&quot;:&quot;&quot;,&quot;chan_id&quot;:-1,&quot;id&quot;:&quot;zixi://bonded(bonded47)#10.7.0.66:2088@10.7.0.65,192.168.60.66:2088@192.168.50.65,192.168.5.166:2088@192.168.5.165&quot;,&quot;type&quot;:2,&quot;name&quot;:&quot;bond47&quot;,&quot;asi&quot;:0,&quot;rtmp&quot;:0,&quot;file&quot;:1,&quot;active&quot;:1,&quot;group&quot;:&quot;&quot;,&quot;bonded&quot;:[],&quot;error&quot;:&quot;Authentication&quot;,&quot;con_stat&quot;:&quot;Connecting&quot;,&quot;bitrate&quot;:0,&quot;dest&quot;:&quot;bonded/bonded47&quot;},{&quot;mip&quot;:&quot;4000.ts&quot;,&quot;port&quot;:0,&quot;ip&quot;:&quot;file&quot;,&quot;in_name&quot;:&quot;bond&quot;,&quot;in_active&quot;:1,&quot;in_active_sources&quot;:0,&quot;prg_name&quot;:&quot;&quot;,&quot;prg_prov&quot;:&quot;&quot;,&quot;prg_num&quot;:-1,&quot;chan&quot;:&quot;&quot;,&quot;chan_id&quot;:-1,&quot;id&quot;:&quot;zixi://bonded(bonded38)#10.7.0.66:2088@10.7.0.65,192.168.60.66:2088@192.168.50.65,192.168.5.166:2088@192.168.5.165&quot;,&quot;type&quot;:2,&quot;name&quot;:&quot;bond38&quot;,&quot;asi&quot;:0,&quot;rtmp&quot;:0,&quot;file&quot;:1,&quot;active&quot;:1,&quot;group&quot;:&quot;&quot;,&quot;bonded&quot;:[],&quot;error&quot;:&quot;Timeout&quot;,&quot;con_stat&quot;:&quot;Connecting&quot;,&quot;bitrate&quot;:0,&quot;dest&quot;:&quot;bonded/bonded38&quot;},{&quot;mip&quot;:&quot;4000.ts&quot;,&quot;port&quot;:0,&quot;ip&quot;:&quot;file&quot;,&quot;in_name&quot;:&quot;bond&quot;,&quot;in_active&quot;:1,&quot;in_active_sources&quot;:0,&quot;prg_name&quot;:&quot;&quot;,&quot;prg_prov&quot;:&quot;&quot;,&quot;prg_num&quot;:-1,&quot;chan&quot;:&quot;&quot;,&quot;chan_id&quot;:-1,&quot;id&quot;:&quot;zixi://bonded(bonded43)#10.7.0.66:2088@10.7.0.65,192.168.60.66:2088@192.168.50.65,192.168.5.166:2088@192.168.5.165&quot;,&quot;type&quot;:2,&quot;name&quot;:&quot;bond43&quot;,&quot;asi&quot;:0,&quot;rtmp&quot;:0,&quot;file&quot;:1,&quot;active&quot;:1,&quot;group&quot;:&quot;&quot;,&quot;bonded&quot;:[],&quot;error&quot;:&quot;Authentication&quot;,&quot;con_stat&quot;:&quot;Connecting&quot;,&quot;bitrate&quot;:0,&quot;dest&quot;:&quot;bonded/bonded43&quot;},{&quot;mip&quot;:&quot;4000.ts&quot;,&quot;port&quot;:0,&quot;ip&quot;:&quot;file&quot;,&quot;in_name&quot;:&quot;bond&quot;,&quot;in_active&quot;:1,&quot;in_active_sources&quot;:0,&quot;prg_name&quot;:&quot;&quot;,&quot;prg_prov&quot;:&quot;&quot;,&quot;prg_num&quot;:-1,&quot;chan&quot;:&quot;&quot;,&quot;chan_id&quot;:-1,&quot;id&quot;:&quot;zixi://bonded(bonded45)#10.7.0.66:2088@10.7.0.65,192.168.60.66:2088@192.168.50.65,192.168.5.166:2088@192.168.5.165&quot;,&quot;type&quot;:2,&quot;name&quot;:&quot;bond45&quot;,&quot;asi&quot;:0,&quot;rtmp&quot;:0,&quot;file&quot;:1,&quot;active&quot;:1,&quot;group&quot;:&quot;&quot;,&quot;bonded&quot;:[],&quot;error&quot;:&quot;Timeout&quot;,&quot;con_stat&quot;:&quot;Connecting&quot;,&quot;bitrate&quot;:0,&quot;dest&quot;:&quot;bonded/bonded45&quot;},{&quot;mip&quot;:&quot;4000.ts&quot;,&quot;port&quot;:0,&quot;ip&quot;:&quot;file&quot;,&quot;in_name&quot;:&quot;bond&quot;,&quot;in_active&quot;:1,&quot;in_active_sources&quot;:0,&quot;prg_name&quot;:&quot;&quot;,&quot;prg_prov&quot;:&quot;&quot;,&quot;prg_num&quot;:-1,&quot;chan&quot;:&quot;&quot;,&quot;chan_id&quot;:-1,&quot;id&quot;:&quot;zixi://bonded(bonded42)#10.7.0.66:2088@10.7.0.65,192.168.60.66:2088@192.168.50.65,192.168.5.166:2088@192.168.5.165&quot;,&quot;type&quot;:2,&quot;name&quot;:&quot;bond42&quot;,&quot;asi&quot;:0,&quot;rtmp&quot;:0,&quot;file&quot;:1,&quot;active&quot;:1,&quot;group&quot;:&quot;&quot;,&quot;bonded&quot;:[],&quot;error&quot;:&quot;Timeout&quot;,&quot;con_stat&quot;:&quot;Connecting&quot;,&quot;bitrate&quot;:0,&quot;dest&quot;:&quot;bonded/bonded42&quot;},{&quot;mip&quot;:&quot;4000.ts&quot;,&quot;port&quot;:0,&quot;ip&quot;:&quot;file&quot;,&quot;in_name&quot;:&quot;bond&quot;,&quot;in_active&quot;:1,&quot;in_active_sources&quot;:0,&quot;prg_name&quot;:&quot;&quot;,&quot;prg_prov&quot;:&quot;&quot;,&quot;prg_num&quot;:-1,&quot;chan&quot;:&quot;&quot;,&quot;chan_id&quot;:-1,&quot;id&quot;:&quot;zixi://bonded(bonded18)#10.7.0.66:2088@10.7.0.65,192.168.60.66:2088@192.168.50.65,192.168.5.166:2088@192.168.5.165&quot;,&quot;type&quot;:2,&quot;name&quot;:&quot;bond18&quot;,&quot;asi&quot;:0,&quot;rtmp&quot;:0,&quot;file&quot;:1,&quot;active&quot;:1,&quot;group&quot;:&quot;&quot;,&quot;bonded&quot;:[],&quot;error&quot;:&quot;Timeout&quot;,&quot;con_stat&quot;:&quot;Connecting&quot;,&quot;bitrate&quot;:0,&quot;dest&quot;:&quot;bonded/bonded18&quot;},{&quot;mip&quot;:&quot;4000.ts&quot;,&quot;port&quot;:0,&quot;ip&quot;:&quot;file&quot;,&quot;in_name&quot;:&quot;bond&quot;,&quot;in_active&quot;:1,&quot;in_active_sources&quot;:0,&quot;prg_name&quot;:&quot;&quot;,&quot;prg_prov&quot;:&quot;&quot;,&quot;prg_num&quot;:-1,&quot;chan&quot;:&quot;&quot;,&quot;chan_id&quot;:-1,&quot;id&quot;:&quot;zixi://bonded(bonded25)#10.7.0.66:2088@10.7.0.65,192.168.60.66:2088@192.168.50.65,192.168.5.166:2088@192.168.5.165&quot;,&quot;type&quot;:2,&quot;name&quot;:&quot;bond25&quot;,&quot;asi&quot;:0,&quot;rtmp&quot;:0,&quot;file&quot;:1,&quot;active&quot;:1,&quot;group&quot;:&quot;&quot;,&quot;bonded&quot;:[],&quot;error&quot;:&quot;None&quot;,&quot;con_stat&quot;:&quot;Connecting&quot;,&quot;bitrate&quot;:0,&quot;dest&quot;:&quot;bonded/bonded25&quot;},{&quot;mip&quot;:&quot;4000.ts&quot;,&quot;port&quot;:0,&quot;ip&quot;:&quot;file&quot;,&quot;in_name&quot;:&quot;bond&quot;,&quot;in_active&quot;:1,&quot;in_active_sources&quot;:0,&quot;prg_name&quot;:&quot;&quot;,&quot;prg_prov&quot;:&quot;&quot;,&quot;prg_num&quot;:-1,&quot;chan&quot;:&quot;&quot;,&quot;chan_id&quot;:-1,&quot;id&quot;:&quot;zixi://bonded(bonded28)#10.7.0.66:2088@10.7.0.65,192.168.60.66:2088@192.168.50.65,192.168.5.166:2088@192.168.5.165&quot;,&quot;type&quot;:2,&quot;name&quot;:&quot;bond28&quot;,&quot;asi&quot;:0,&quot;rtmp&quot;:0,&quot;file&quot;:1,&quot;active&quot;:1,&quot;group&quot;:&quot;&quot;,&quot;bonded&quot;:[],&quot;error&quot;:&quot;None&quot;,&quot;con_stat&quot;:&quot;Connecting&quot;,&quot;bitrate&quot;:0,&quot;dest&quot;:&quot;bonded/bonded28&quot;},{&quot;mip&quot;:&quot;4000.ts&quot;,&quot;port&quot;:0,&quot;ip&quot;:&quot;file&quot;,&quot;in_name&quot;:&quot;bond&quot;,&quot;in_active&quot;:1,&quot;in_active_sources&quot;:0,&quot;prg_name&quot;:&quot;&quot;,&quot;prg_prov&quot;:&quot;&quot;,&quot;prg_num&quot;:-1,&quot;chan&quot;:&quot;&quot;,&quot;chan_id&quot;:-1,&quot;id&quot;:&quot;zixi://bonded(bonded15)#10.7.0.66:2088@10.7.0.65,192.168.60.66:2088@192.168.50.65,192.168.5.166:2088@192.168.5.165&quot;,&quot;type&quot;:2,&quot;name&quot;:&quot;bond15&quot;,&quot;asi&quot;:0,&quot;rtmp&quot;:0,&quot;file&quot;:1,&quot;active&quot;:1,&quot;group&quot;:&quot;&quot;,&quot;bonded&quot;:[],&quot;error&quot;:&quot;Timeout&quot;,&quot;con_stat&quot;:&quot;Connecting&quot;,&quot;bitrate&quot;:0,&quot;dest&quot;:&quot;bonded/bonded15&quot;},{&quot;mip&quot;:&quot;4000.ts&quot;,&quot;port&quot;:0,&quot;ip&quot;:&quot;file&quot;,&quot;in_name&quot;:&quot;bond&quot;,&quot;in_active&quot;:1,&quot;in_active_sources&quot;:0,&quot;prg_name&quot;:&quot;&quot;,&quot;prg_prov&quot;:&quot;&quot;,&quot;prg_num&quot;:-1,&quot;chan&quot;:&quot;&quot;,&quot;chan_id&quot;:-1,&quot;id&quot;:&quot;zixi://bonded(bonded24)#10.7.0.66:2088@10.7.0.65,192.168.60.66:2088@192.168.50.65,192.168.5.166:2088@192.168.5.165&quot;,&quot;type&quot;:2,&quot;name&quot;:&quot;bond24&quot;,&quot;asi&quot;:0,&quot;rtmp&quot;:0,&quot;file&quot;:1,&quot;active&quot;:1,&quot;group&quot;:&quot;&quot;,&quot;bonded&quot;:[],&quot;error&quot;:&quot;None&quot;,&quot;con_stat&quot;:&quot;Connecting&quot;,&quot;bitrate&quot;:0,&quot;dest&quot;:&quot;bonded/bonded24&quot;},{&quot;mip&quot;:&quot;4000.ts&quot;,&quot;port&quot;:0,&quot;ip&quot;:&quot;file&quot;,&quot;in_name&quot;:&quot;bond&quot;,&quot;in_active&quot;:1,&quot;in_active_sources&quot;:0,&quot;prg_name&quot;:&quot;&quot;,&quot;prg_prov&quot;:&quot;&quot;,&quot;prg_num&quot;:-1,&quot;chan&quot;:&quot;&quot;,&quot;chan_id&quot;:-1,&quot;id&quot;:&quot;zixi://bonded(bonded17)#10.7.0.66:2088@10.7.0.65,192.168.60.66:2088@192.168.50.65,192.168.5.166:2088@192.168.5.165&quot;,&quot;type&quot;:2,&quot;name&quot;:&quot;bond17&quot;,&quot;asi&quot;:0,&quot;rtmp&quot;:0,&quot;file&quot;:1,&quot;active&quot;:1,&quot;group&quot;:&quot;&quot;,&quot;bonded&quot;:[],&quot;error&quot;:&quot;None&quot;,&quot;con_stat&quot;:&quot;Connecting&quot;,&quot;bitrate&quot;:0,&quot;dest&quot;:&quot;bonded/bonded17&quot;},{&quot;mip&quot;:&quot;4000.ts&quot;,&quot;port&quot;:0,&quot;ip&quot;:&quot;file&quot;,&quot;in_name&quot;:&quot;bond&quot;,&quot;in_active&quot;:1,&quot;in_active_sources&quot;:0,&quot;prg_name&quot;:&quot;&quot;,&quot;prg_prov&quot;:&quot;&quot;,&quot;prg_num&quot;:-1,&quot;chan&quot;:&quot;&quot;,&quot;chan_id&quot;:-1,&quot;id&quot;:&quot;zixi://bonded(bonded23)#10.7.0.66:2088@10.7.0.65,192.168.60.66:2088@192.168.50.65,192.168.5.166:2088@192.168.5.165&quot;,&quot;type&quot;:2,&quot;name&quot;:&quot;bond23&quot;,&quot;asi&quot;:0,&quot;rtmp&quot;:0,&quot;file&quot;:1,&quot;active&quot;:1,&quot;group&quot;:&quot;&quot;,&quot;bonded&quot;:[],&quot;error&quot;:&quot;None&quot;,&quot;con_stat&quot;:&quot;Connecting&quot;,&quot;bitrate&quot;:0,&quot;dest&quot;:&quot;bonded/bonded23&quot;},{&quot;mip&quot;:&quot;4000.ts&quot;,&quot;port&quot;:0,&quot;ip&quot;:&quot;file&quot;,&quot;in_name&quot;:&quot;bond&quot;,&quot;in_active&quot;:1,&quot;in_active_sources&quot;:0,&quot;prg_name&quot;:&quot;&quot;,&quot;prg_prov&quot;:&quot;&quot;,&quot;prg_num&quot;:-1,&quot;chan&quot;:&quot;&quot;,&quot;chan_id&quot;:-1,&quot;id&quot;:&quot;zixi://bonded(bonded8)#10.7.0.66:2088@10.7.0.65,192.168.60.66:2088@192.168.50.65,192.168.5.166:2088@192.168.5.165&quot;,&quot;type&quot;:2,&quot;name&quot;:&quot;bond8&quot;,&quot;asi&quot;:0,&quot;rtmp&quot;:0,&quot;file&quot;:1,&quot;active&quot;:1,&quot;group&quot;:&quot;&quot;,&quot;bonded&quot;:[],&quot;error&quot;:&quot;None&quot;,&quot;con_stat&quot;:&quot;Connecting&quot;,&quot;bitrate&quot;:0,&quot;dest&quot;:&quot;bonded/bonded8&quot;},{&quot;mip&quot;:&quot;4000.ts&quot;,&quot;port&quot;:0,&quot;ip&quot;:&quot;file&quot;,&quot;in_name&quot;:&quot;bond&quot;,&quot;in_active&quot;:1,&quot;in_active_sources&quot;:0,&quot;prg_name&quot;:&quot;&quot;,&quot;prg_prov&quot;:&quot;&quot;,&quot;prg_num&quot;:-1,&quot;chan&quot;:&quot;&quot;,&quot;chan_id&quot;:-1,&quot;id&quot;:&quot;zixi://bonded(bonded20)#10.7.0.66:2088@10.7.0.65,192.168.60.66:2088@192.168.50.65,192.168.5.166:2088@192.168.5.165&quot;,&quot;type&quot;:2,&quot;name&quot;:&quot;bond20&quot;,&quot;asi&quot;:0,&quot;rtmp&quot;:0,&quot;file&quot;:1,&quot;active&quot;:1,&quot;group&quot;:&quot;&quot;,&quot;bonded&quot;:[],&quot;error&quot;:&quot;Timeout&quot;,&quot;con_stat&quot;:&quot;Connecting&quot;,&quot;bitrate&quot;:0,&quot;dest&quot;:&quot;bonded/bonded20&quot;},{&quot;mip&quot;:&quot;4000.ts&quot;,&quot;port&quot;:0,&quot;ip&quot;:&quot;file&quot;,&quot;in_name&quot;:&quot;bond&quot;,&quot;in_active&quot;:1,&quot;in_active_sources&quot;:0,&quot;prg_name&quot;:&quot;&quot;,&quot;prg_prov&quot;:&quot;&quot;,&quot;prg_num&quot;:-1,&quot;chan&quot;:&quot;&quot;,&quot;chan_id&quot;:-1,&quot;id&quot;:&quot;zixi://bonded(bonded3)#10.7.0.66:2088@10.7.0.65,192.168.60.66:2088@192.168.50.65,192.168.5.166:2088@192.168.5.165&quot;,&quot;type&quot;:2,&quot;name&quot;:&quot;bond3&quot;,&quot;asi&quot;:0,&quot;rtmp&quot;:0,&quot;file&quot;:1,&quot;active&quot;:1,&quot;group&quot;:&quot;&quot;,&quot;bonded&quot;:[],&quot;error&quot;:&quot;None&quot;,&quot;con_stat&quot;:&quot;Connecting&quot;,&quot;bitrate&quot;:0,&quot;dest&quot;:&quot;bonded/bonded3&quot;},{&quot;mip&quot;:&quot;4000.ts&quot;,&quot;port&quot;:0,&quot;ip&quot;:&quot;file&quot;,&quot;in_name&quot;:&quot;bond&quot;,&quot;in_active&quot;:1,&quot;in_active_sources&quot;:0,&quot;prg_name&quot;:&quot;&quot;,&quot;prg_prov&quot;:&quot;&quot;,&quot;prg_num&quot;:-1,&quot;chan&quot;:&quot;&quot;,&quot;chan_id&quot;:-1,&quot;id&quot;:&quot;zixi://bonded(bonded19)#10.7.0.66:2088@10.7.0.65,192.168.60.66:2088@192.168.50.65,192.168.5.166:2088@192.168.5.165&quot;,&quot;type&quot;:2,&quot;name&quot;:&quot;bond19&quot;,&quot;asi&quot;:0,&quot;rtmp&quot;:0,&quot;file&quot;:1,&quot;active&quot;:1,&quot;group&quot;:&quot;&quot;,&quot;bonded&quot;:[],&quot;error&quot;:&quot;None&quot;,&quot;con_stat&quot;:&quot;Connecting&quot;,&quot;bitrate&quot;:0,&quot;dest&quot;:&quot;bonded/bonded19&quot;},{&quot;mip&quot;:&quot;4000.ts&quot;,&quot;port&quot;:0,&quot;ip&quot;:&quot;file&quot;,&quot;in_name&quot;:&quot;bond&quot;,&quot;in_active&quot;:1,&quot;in_active_sources&quot;:0,&quot;prg_name&quot;:&quot;&quot;,&quot;prg_prov&quot;:&quot;&quot;,&quot;prg_num&quot;:-1,&quot;chan&quot;:&quot;&quot;,&quot;chan_id&quot;:-1,&quot;id&quot;:&quot;zixi://bonded(bonded0)#10.7.0.66:2088@10.7.0.65,192.168.60.66:2088@192.168.50.65,192.168.5.166:2088@192.168.5.165&quot;,&quot;type&quot;:2,&quot;name&quot;:&quot;bond0&quot;,&quot;asi&quot;:0,&quot;rtmp&quot;:0,&quot;file&quot;:1,&quot;active&quot;:1,&quot;group&quot;:&quot;&quot;,&quot;bonded&quot;:[],&quot;error&quot;:&quot;None&quot;,&quot;con_stat&quot;:&quot;Connecting&quot;,&quot;bitrate&quot;:0,&quot;dest&quot;:&quot;bonded/bonded0&quot;},{&quot;mip&quot;:&quot;4000.ts&quot;,&quot;port&quot;:0,&quot;ip&quot;:&quot;file&quot;,&quot;in_name&quot;:&quot;bond&quot;,&quot;in_active&quot;:1,&quot;in_active_sources&quot;:0,&quot;prg_name&quot;:&quot;&quot;,&quot;prg_prov&quot;:&quot;&quot;,&quot;prg_num&quot;:-1,&quot;chan&quot;:&quot;&quot;,&quot;chan_id&quot;:-1,&quot;id&quot;:&quot;zixi://bonded(bonded14)#10.7.0.66:2088@10.7.0.65,192.168.60.66:2088@192.168.50.65,192.168.5.166:2088@192.168.5.165&quot;,&quot;type&quot;:2,&quot;name&quot;:&quot;bond14&quot;,&quot;asi&quot;:0,&quot;rtmp&quot;:0,&quot;file&quot;:1,&quot;active&quot;:1,&quot;group&quot;:&quot;&quot;,&quot;bonded&quot;:[],&quot;error&quot;:&quot;Timeout&quot;,&quot;con_stat&quot;:&quot;Connecting&quot;,&quot;bitrate&quot;:0,&quot;dest&quot;:&quot;bonded/bonded14&quot;},{&quot;mip&quot;:&quot;4000.ts&quot;,&quot;port&quot;:0,&quot;ip&quot;:&quot;file&quot;,&quot;in_name&quot;:&quot;bond&quot;,&quot;in_active&quot;:1,&quot;in_active_sources&quot;:0,&quot;prg_name&quot;:&quot;&quot;,&quot;prg_prov&quot;:&quot;&quot;,&quot;prg_num&quot;:-1,&quot;chan&quot;:&quot;&quot;,&quot;chan_id&quot;:-1,&quot;id&quot;:&quot;zixi://bonded(bonded7)#10.7.0.66:2088@10.7.0.65,192.168.60.66:2088@192.168.50.65,192.168.5.166:2088@192.168.5.165&quot;,&quot;type&quot;:2,&quot;name&quot;:&quot;bond7&quot;,&quot;asi&quot;:0,&quot;rtmp&quot;:0,&quot;file&quot;:1,&quot;active&quot;:1,&quot;group&quot;:&quot;&quot;,&quot;bonded&quot;:[],&quot;error&quot;:&quot;None&quot;,&quot;con_stat&quot;:&quot;Connecting&quot;,&quot;bitrate&quot;:0,&quot;dest&quot;:&quot;bonded/bonded7&quot;},{&quot;mip&quot;:&quot;4000.ts&quot;,&quot;port&quot;:0,&quot;ip&quot;:&quot;file&quot;,&quot;in_name&quot;:&quot;bond&quot;,&quot;in_active&quot;:1,&quot;in_active_sources&quot;:0,&quot;prg_name&quot;:&quot;&quot;,&quot;prg_prov&quot;:&quot;&quot;,&quot;prg_num&quot;:-1,&quot;chan&quot;:&quot;&quot;,&quot;chan_id&quot;:-1,&quot;id&quot;:&quot;zixi://bonded(bonded11)#10.7.0.66:2088@10.7.0.65,192.168.60.66:2088@192.168.50.65,192.168.5.166:2088@192.168.5.165&quot;,&quot;type&quot;:2,&quot;name&quot;:&quot;bond11&quot;,&quot;asi&quot;:0,&quot;rtmp&quot;:0,&quot;file&quot;:1,&quot;active&quot;:1,&quot;group&quot;:&quot;&quot;,&quot;bonded&quot;:[],&quot;error&quot;:&quot;None&quot;,&quot;con_stat&quot;:&quot;Connecting&quot;,&quot;bitrate&quot;:0,&quot;dest&quot;:&quot;bonded/bonded11&quot;},{&quot;mip&quot;:&quot;4000.ts&quot;,&quot;port&quot;:0,&quot;ip&quot;:&quot;file&quot;,&quot;in_name&quot;:&quot;bond&quot;,&quot;in_active&quot;:1,&quot;in_active_sources&quot;:0,&quot;prg_name&quot;:&quot;&quot;,&quot;prg_prov&quot;:&quot;&quot;,&quot;prg_num&quot;:-1,&quot;chan&quot;:&quot;&quot;,&quot;chan_id&quot;:-1,&quot;id&quot;:&quot;zixi://bonded(bonded13)#10.7.0.66:2088@10.7.0.65,192.168.60.66:2088@192.168.50.65,192.168.5.166:2088@192.168.5.165&quot;,&quot;type&quot;:2,&quot;name&quot;:&quot;bond13&quot;,&quot;asi&quot;:0,&quot;rtmp&quot;:0,&quot;file&quot;:1,&quot;active&quot;:1,&quot;group&quot;:&quot;&quot;,&quot;bonded&quot;:[],&quot;error&quot;:&quot;None&quot;,&quot;con_stat&quot;:&quot;Connecting&quot;,&quot;bitrate&quot;:0,&quot;dest&quot;:&quot;bonded/bonded13&quot;},{&quot;mip&quot;:&quot;4000.ts&quot;,&quot;port&quot;:0,&quot;ip&quot;:&quot;file&quot;,&quot;in_name&quot;:&quot;bond&quot;,&quot;in_active&quot;:1,&quot;in_active_sources&quot;:0,&quot;prg_name&quot;:&quot;&quot;,&quot;prg_prov&quot;:&quot;&quot;,&quot;prg_num&quot;:-1,&quot;chan&quot;:&quot;&quot;,&quot;chan_id&quot;:-1,&quot;id&quot;:&quot;zixi://bonded(bonded10)#10.7.0.66:2088@10.7.0.65,192.168.60.66:2088@192.168.50.65,192.168.5.166:2088@192.168.5.165&quot;,&quot;type&quot;:2,&quot;name&quot;:&quot;bond10&quot;,&quot;asi&quot;:0,&quot;rtmp&quot;:0,&quot;file&quot;:1,&quot;active&quot;:1,&quot;group&quot;:&quot;&quot;,&quot;bonded&quot;:[],&quot;error&quot;:&quot;Authentication&quot;,&quot;con_stat&quot;:&quot;Connecting&quot;,&quot;bitrate&quot;:0,&quot;dest&quot;:&quot;bonded/bonded10&quot;},{&quot;mip&quot;:&quot;4000.ts&quot;,&quot;port&quot;:0,&quot;ip&quot;:&quot;file&quot;,&quot;in_name&quot;:&quot;bond&quot;,&quot;in_active&quot;:1,&quot;in_active_sources&quot;:0,&quot;prg_name&quot;:&quot;&quot;,&quot;prg_prov&quot;:&quot;&quot;,&quot;prg_num&quot;:-1,&quot;chan&quot;:&quot;&quot;,&quot;chan_id&quot;:-1,&quot;id&quot;:&quot;zixi://bonded(bonded12)#10.7.0.66:2088@10.7.0.65,192.168.60.66:2088@192.168.50.65,192.168.5.166:2088@192.168.5.165&quot;,&quot;type&quot;:2,&quot;name&quot;:&quot;bond12&quot;,&quot;asi&quot;:0,&quot;rtmp&quot;:0,&quot;file&quot;:1,&quot;active&quot;:1,&quot;group&quot;:&quot;&quot;,&quot;bonded&quot;:[],&quot;error&quot;:&quot;None&quot;,&quot;con_stat&quot;:&quot;Connecting&quot;,&quot;bitrate&quot;:0,&quot;dest&quot;:&quot;bonded/bonded12&quot;},{&quot;mip&quot;:&quot;4000.ts&quot;,&quot;port&quot;:0,&quot;ip&quot;:&quot;file&quot;,&quot;in_name&quot;:&quot;bond&quot;,&quot;in_active&quot;:1,&quot;in_active_sources&quot;:0,&quot;prg_name&quot;:&quot;&quot;,&quot;prg_prov&quot;:&quot;&quot;,&quot;prg_num&quot;:-1,&quot;chan&quot;:&quot;&quot;,&quot;chan_id&quot;:-1,&quot;id&quot;:&quot;zixi://bonded(bonded9)#10.7.0.66:2088@10.7.0.65,192.168.60.66:2088@192.168.50.65,192.168.5.166:2088@192.168.5.165&quot;,&quot;type&quot;:2,&quot;name&quot;:&quot;bond9&quot;,&quot;asi&quot;:0,&quot;rtmp&quot;:0,&quot;file&quot;:1,&quot;active&quot;:1,&quot;group&quot;:&quot;&quot;,&quot;bonded&quot;:[],&quot;error&quot;:&quot;None&quot;,&quot;con_stat&quot;:&quot;Connecting&quot;,&quot;bitrate&quot;:0,&quot;dest&quot;:&quot;bonded/bonded9&quot;},{&quot;mip&quot;:&quot;4000.ts&quot;,&quot;port&quot;:0,&quot;ip&quot;:&quot;file&quot;,&quot;in_name&quot;:&quot;bond&quot;,&quot;in_active&quot;:1,&quot;in_active_sources&quot;:0,&quot;prg_name&quot;:&quot;&quot;,&quot;prg_prov&quot;:&quot;&quot;,&quot;prg_num&quot;:-1,&quot;chan&quot;:&quot;&quot;,&quot;chan_id&quot;:-1,&quot;id&quot;:&quot;zixi://bonded(bonded5)#10.7.0.66:2088@10.7.0.65,192.168.60.66:2088@192.168.50.65,192.168.5.166:2088@192.168.5.165&quot;,&quot;type&quot;:2,&quot;name&quot;:&quot;bond5&quot;,&quot;asi&quot;:0,&quot;rtmp&quot;:0,&quot;file&quot;:1,&quot;active&quot;:1,&quot;group&quot;:&quot;&quot;,&quot;bonded&quot;:[],&quot;error&quot;:&quot;None&quot;,&quot;con_stat&quot;:&quot;Connecting&quot;,&quot;bitrate&quot;:0,&quot;dest&quot;:&quot;bonded/bonded5&quot;},{&quot;mip&quot;:&quot;4000.ts&quot;,&quot;port&quot;:0,&quot;ip&quot;:&quot;file&quot;,&quot;in_name&quot;:&quot;bond&quot;,&quot;in_active&quot;:1,&quot;in_active_sources&quot;:0,&quot;prg_name&quot;:&quot;&quot;,&quot;prg_prov&quot;:&quot;&quot;,&quot;prg_num&quot;:-1,&quot;chan&quot;:&quot;&quot;,&quot;chan_id&quot;:-1,&quot;id&quot;:&quot;zixi://bonded(bonded4)#10.7.0.66:2088@10.7.0.65,192.168.60.66:2088@192.168.50.65,192.168.5.166:2088@192.168.5.165&quot;,&quot;type&quot;:2,&quot;name&quot;:&quot;bond4&quot;,&quot;asi&quot;:0,&quot;rtmp&quot;:0,&quot;file&quot;:1,&quot;active&quot;:1,&quot;group&quot;:&quot;&quot;,&quot;bonded&quot;:[],&quot;error&quot;:&quot;Timeout&quot;,&quot;con_stat&quot;:&quot;Connecting&quot;,&quot;bitrate&quot;:0,&quot;dest&quot;:&quot;bonded/bonded4&quot;},{&quot;mip&quot;:&quot;4000.ts&quot;,&quot;port&quot;:0,&quot;ip&quot;:&quot;file&quot;,&quot;in_name&quot;:&quot;bond&quot;,&quot;in_active&quot;:1,&quot;in_active_sources&quot;:0,&quot;prg_name&quot;:&quot;&quot;,&quot;prg_prov&quot;:&quot;&quot;,&quot;prg_num&quot;:-1,&quot;chan&quot;:&quot;&quot;,&quot;chan_id&quot;:-1,&quot;id&quot;:&quot;zixi://bonded(bonded1)#10.7.0.66:2088@10.7.0.65,192.168.60.66:2088@192.168.50.65,192.168.5.166:2088@192.168.5.165&quot;,&quot;type&quot;:2,&quot;name&quot;:&quot;bond1&quot;,&quot;asi&quot;:0,&quot;rtmp&quot;:0,&quot;file&quot;:1,&quot;active&quot;:1,&quot;group&quot;:&quot;&quot;,&quot;bonded&quot;:[],&quot;error&quot;:&quot;None&quot;,&quot;con_stat&quot;:&quot;Connecting&quot;,&quot;bitrate&quot;:0,&quot;dest&quot;:&quot;bonded/bonded1&quot;},{&quot;mip&quot;:&quot;4000.ts&quot;,&quot;port&quot;:0,&quot;ip&quot;:&quot;file&quot;,&quot;in_name&quot;:&quot;bond&quot;,&quot;in_active&quot;:1,&quot;in_active_sources&quot;:0,&quot;prg_name&quot;:&quot;&quot;,&quot;prg_prov&quot;:&quot;&quot;,&quot;prg_num&quot;:-1,&quot;chan&quot;:&quot;&quot;,&quot;chan_id&quot;:-1,&quot;id&quot;:&quot;zixi://bonded(bonded2)#10.7.0.66:2088@10.7.0.65,192.168.60.66:2088@192.168.50.65,192.168.5.166:2088@192.168.5.165&quot;,&quot;type&quot;:2,&quot;name&quot;:&quot;bond2&quot;,&quot;asi&quot;:0,&quot;rtmp&quot;:0,&quot;file&quot;:1,&quot;active&quot;:1,&quot;group&quot;:&quot;&quot;,&quot;bonded&quot;:[],&quot;error&quot;:&quot;None&quot;,&quot;con_stat&quot;:&quot;Connecting&quot;,&quot;bitrate&quot;:0,&quot;dest&quot;:&quot;bonded/bonded2&quot;},{&quot;mip&quot;:&quot;4000.ts&quot;,&quot;port&quot;:0,&quot;ip&quot;:&quot;file&quot;,&quot;in_name&quot;:&quot;bond&quot;,&quot;in_active&quot;:1,&quot;in_active_sources&quot;:0,&quot;prg_name&quot;:&quot;&quot;,&quot;prg_prov&quot;:&quot;&quot;,&quot;prg_num&quot;:-1,&quot;chan&quot;:&quot;&quot;,&quot;chan_id&quot;:-1,&quot;id&quot;:&quot;zixi://bonded(bonded6)#10.7.0.66:2088@10.7.0.65,192.168.60.66:2088@192.168.50.65,192.168.5.166:2088@192.168.5.165&quot;,&quot;type&quot;:2,&quot;name&quot;:&quot;bond6&quot;,&quot;asi&quot;:0,&quot;rtmp&quot;:0,&quot;file&quot;:1,&quot;active&quot;:1,&quot;group&quot;:&quot;&quot;,&quot;bonded&quot;:[],&quot;error&quot;:&quot;None&quot;,&quot;con_stat&quot;:&quot;Connecting&quot;,&quot;bitrate&quot;:0,&quot;dest&quot;:&quot;bonded/bonded6&quot;}]}
Debug printing ------&gt;&gt;&gt; {&quot;custom_data&quot;:&quot;&quot;,&quot;msg&quot;:&quot;Output deleted.&quot;,&quot;error&quot;:&quot;&quot;,&quot;outs&quot;:[{&quot;mip&quot;:&quot;live_recording.ts&quot;,&quot;port&quot;:0,&quot;ip&quot;:&quot;file&quot;,&quot;in_name&quot;:&quot;feederoutputname&quot;,&quot;in_active&quot;:1,&quot;in_active_sources&quot;:0,&quot;prg_name&quot;:&quot;&quot;,&quot;prg_prov&quot;:&quot;&quot;,&quot;prg_num&quot;:1,&quot;chan&quot;:&quot;&quot;,&quot;chan_id&quot;:-1,&quot;id&quot;:&quot;zixi://10.7.0.66:2088/feederout&quot;,&quot;type&quot;:2,&quot;name&quot;:&quot;feederoutputname&quot;,&quot;asi&quot;:0,&quot;rtmp&quot;:0,&quot;file&quot;:1,&quot;active&quot;:1,&quot;group&quot;:&quot;&quot;,&quot;error&quot;:&quot;Authentication&quot;,&quot;con_stat&quot;:&quot;Disconnected&quot;,&quot;bitrate&quot;:0,&quot;dest&quot;:&quot;10.7.0.66:2088/feederout&quot;},{&quot;mip&quot;:&quot;4000.ts&quot;,&quot;port&quot;:0,&quot;ip&quot;:&quot;file&quot;,&quot;in_name&quot;:&quot;bond&quot;,&quot;in_active&quot;:1,&quot;in_active_sources&quot;:0,&quot;prg_name&quot;:&quot;&quot;,&quot;prg_prov&quot;:&quot;&quot;,&quot;prg_num&quot;:-1,&quot;chan&quot;:&quot;&quot;,&quot;chan_id&quot;:-1,&quot;id&quot;:&quot;zixi://bonded(bonded16)#10.7.0.66:2088@10.7.0.65,192.168.60.66:2088@192.168.50.65,192.168.5.166:2088@192.168.5.165&quot;,&quot;type&quot;:2,&quot;name&quot;:&quot;bond16&quot;,&quot;asi&quot;:0,&quot;rtmp&quot;:0,&quot;file&quot;:1,&quot;active&quot;:1,&quot;group&quot;:&quot;&quot;,&quot;bonded&quot;:[],&quot;error&quot;:&quot;None&quot;,&quot;con_stat&quot;:&quot;Connecting&quot;,&quot;bitrate&quot;:0,&quot;dest&quot;:&quot;bonded/bonded16&quot;},{&quot;mip&quot;:&quot;4000.ts&quot;,&quot;port&quot;:0,&quot;ip&quot;:&quot;file&quot;,&quot;in_name&quot;:&quot;bond&quot;,&quot;in_active&quot;:1,&quot;in_active_sources&quot;:0,&quot;prg_name&quot;:&quot;&quot;,&quot;prg_prov&quot;:&quot;&quot;,&quot;prg_num&quot;:-1,&quot;chan&quot;:&quot;&quot;,&quot;chan_id&quot;:-1,&quot;id&quot;:&quot;zixi://bonded(bonded48)#10.7.0.66:2088@10.7.0.65,192.168.60.66:2088@192.168.50.65,192.168.5.166:2088@192.168.5.165&quot;,&quot;type&quot;:2,&quot;name&quot;:&quot;bond48&quot;,&quot;asi&quot;:0,&quot;rtmp&quot;:0,&quot;file&quot;:1,&quot;active&quot;:1,&quot;group&quot;:&quot;&quot;,&quot;bonded&quot;:[],&quot;error&quot;:&quot;Timeout&quot;,&quot;con_stat&quot;:&quot;Connecting&quot;,&quot;bitrate&quot;:0,&quot;dest&quot;:&quot;bonded/bonded48&quot;},{&quot;mip&quot;:&quot;4000.ts&quot;,&quot;port&quot;:0,&quot;ip&quot;:&quot;file&quot;,&quot;in_name&quot;:&quot;bond&quot;,&quot;in_active&quot;:1,&quot;in_active_sources&quot;:0,&quot;prg_name&quot;:&quot;&quot;,&quot;prg_prov&quot;:&quot;&quot;,&quot;prg_num&quot;:-1,&quot;chan&quot;:&quot;&quot;,&quot;chan_id&quot;:-1,&quot;id&quot;:&quot;zixi://bonded(bonded47)#10.7.0.66:2088@10.7.0.65,192.168.60.66:2088@192.168.50.65,192.168.5.166:2088@192.168.5.165&quot;,&quot;type&quot;:2,&quot;name&quot;:&quot;bond47&quot;,&quot;asi&quot;:0,&quot;rtmp&quot;:0,&quot;file&quot;:1,&quot;active&quot;:1,&quot;group&quot;:&quot;&quot;,&quot;bonded&quot;:[],&quot;error&quot;:&quot;Authentication&quot;,&quot;con_stat&quot;:&quot;Connecting&quot;,&quot;bitrate&quot;:0,&quot;dest&quot;:&quot;bonded/bonded47&quot;},{&quot;mip&quot;:&quot;4000.ts&quot;,&quot;port&quot;:0,&quot;ip&quot;:&quot;file&quot;,&quot;in_name&quot;:&quot;bond&quot;,&quot;in_active&quot;:1,&quot;in_active_sources&quot;:0,&quot;prg_name&quot;:&quot;&quot;,&quot;prg_prov&quot;:&quot;&quot;,&quot;prg_num&quot;:-1,&quot;chan&quot;:&quot;&quot;,&quot;chan_id&quot;:-1,&quot;id&quot;:&quot;zixi://bonded(bonded38)#10.7.0.66:2088@10.7.0.65,192.168.60.66:2088@192.168.50.65,192.168.5.166:2088@192.168.5.165&quot;,&quot;type&quot;:2,&quot;name&quot;:&quot;bond38&quot;,&quot;asi&quot;:0,&quot;rtmp&quot;:0,&quot;file&quot;:1,&quot;active&quot;:1,&quot;group&quot;:&quot;&quot;,&quot;bonded&quot;:[],&quot;error&quot;:&quot;Timeout&quot;,&quot;con_stat&quot;:&quot;Connecting&quot;,&quot;bitrate&quot;:0,&quot;dest&quot;:&quot;bonded/bonded38&quot;},{&quot;mip&quot;:&quot;4000.ts&quot;,&quot;port&quot;:0,&quot;ip&quot;:&quot;file&quot;,&quot;in_name&quot;:&quot;bond&quot;,&quot;in_active&quot;:1,&quot;in_active_sources&quot;:0,&quot;prg_name&quot;:&quot;&quot;,&quot;prg_prov&quot;:&quot;&quot;,&quot;prg_num&quot;:-1,&quot;chan&quot;:&quot;&quot;,&quot;chan_id&quot;:-1,&quot;id&quot;:&quot;zixi://bonded(bonded43)#10.7.0.66:2088@10.7.0.65,192.168.60.66:2088@192.168.50.65,192.168.5.166:2088@192.168.5.165&quot;,&quot;type&quot;:2,&quot;name&quot;:&quot;bond43&quot;,&quot;asi&quot;:0,&quot;rtmp&quot;:0,&quot;file&quot;:1,&quot;active&quot;:1,&quot;group&quot;:&quot;&quot;,&quot;bonded&quot;:[],&quot;error&quot;:&quot;Authentication&quot;,&quot;con_stat&quot;:&quot;Connecting&quot;,&quot;bitrate&quot;:0,&quot;dest&quot;:&quot;bonded/bonded43&quot;},{&quot;mip&quot;:&quot;4000.ts&quot;,&quot;port&quot;:0,&quot;ip&quot;:&quot;file&quot;,&quot;in_name&quot;:&quot;bond&quot;,&quot;in_active&quot;:1,&quot;in_active_sources&quot;:0,&quot;prg_name&quot;:&quot;&quot;,&quot;prg_prov&quot;:&quot;&quot;,&quot;prg_num&quot;:-1,&quot;chan&quot;:&quot;&quot;,&quot;chan_id&quot;:-1,&quot;id&quot;:&quot;zixi://bonded(bonded45)#10.7.0.66:2088@10.7.0.65,192.168.60.66:2088@192.168.50.65,192.168.5.166:2088@192.168.5.165&quot;,&quot;type&quot;:2,&quot;name&quot;:&quot;bond45&quot;,&quot;asi&quot;:0,&quot;rtmp&quot;:0,&quot;file&quot;:1,&quot;active&quot;:1,&quot;group&quot;:&quot;&quot;,&quot;bonded&quot;:[],&quot;error&quot;:&quot;Timeout&quot;,&quot;con_stat&quot;:&quot;Connecting&quot;,&quot;bitrate&quot;:0,&quot;dest&quot;:&quot;bonded/bonded45&quot;},{&quot;mip&quot;:&quot;4000.ts&quot;,&quot;port&quot;:0,&quot;ip&quot;:&quot;file&quot;,&quot;in_name&quot;:&quot;bond&quot;,&quot;in_active&quot;:1,&quot;in_active_sources&quot;:0,&quot;prg_name&quot;:&quot;&quot;,&quot;prg_prov&quot;:&quot;&quot;,&quot;prg_num&quot;:-1,&quot;chan&quot;:&quot;&quot;,&quot;chan_id&quot;:-1,&quot;id&quot;:&quot;zixi://bonded(bonded18)#10.7.0.66:2088@10.7.0.65,192.168.60.66:2088@192.168.50.65,192.168.5.166:2088@192.168.5.165&quot;,&quot;type&quot;:2,&quot;name&quot;:&quot;bond18&quot;,&quot;asi&quot;:0,&quot;rtmp&quot;:0,&quot;file&quot;:1,&quot;active&quot;:1,&quot;group&quot;:&quot;&quot;,&quot;bonded&quot;:[],&quot;error&quot;:&quot;Timeout&quot;,&quot;con_stat&quot;:&quot;Connecting&quot;,&quot;bitrate&quot;:0,&quot;dest&quot;:&quot;bonded/bonded18&quot;},{&quot;mip&quot;:&quot;4000.ts&quot;,&quot;port&quot;:0,&quot;ip&quot;:&quot;file&quot;,&quot;in_name&quot;:&quot;bond&quot;,&quot;in_active&quot;:1,&quot;in_active_sources&quot;:0,&quot;prg_name&quot;:&quot;&quot;,&quot;prg_prov&quot;:&quot;&quot;,&quot;prg_num&quot;:-1,&quot;chan&quot;:&quot;&quot;,&quot;chan_id&quot;:-1,&quot;id&quot;:&quot;zixi://bonded(bonded25)#10.7.0.66:2088@10.7.0.65,192.168.60.66:2088@192.168.50.65,192.168.5.166:2088@192.168.5.165&quot;,&quot;type&quot;:2,&quot;name&quot;:&quot;bond25&quot;,&quot;asi&quot;:0,&quot;rtmp&quot;:0,&quot;file&quot;:1,&quot;active&quot;:1,&quot;group&quot;:&quot;&quot;,&quot;bonded&quot;:[],&quot;error&quot;:&quot;None&quot;,&quot;con_stat&quot;:&quot;Connecting&quot;,&quot;bitrate&quot;:0,&quot;dest&quot;:&quot;bonded/bonded25&quot;},{&quot;mip&quot;:&quot;4000.ts&quot;,&quot;port&quot;:0,&quot;ip&quot;:&quot;file&quot;,&quot;in_name&quot;:&quot;bond&quot;,&quot;in_active&quot;:1,&quot;in_active_sources&quot;:0,&quot;prg_name&quot;:&quot;&quot;,&quot;prg_prov&quot;:&quot;&quot;,&quot;prg_num&quot;:-1,&quot;chan&quot;:&quot;&quot;,&quot;chan_id&quot;:-1,&quot;id&quot;:&quot;zixi://bonded(bonded28)#10.7.0.66:2088@10.7.0.65,192.168.60.66:2088@192.168.50.65,192.168.5.166:2088@192.168.5.165&quot;,&quot;type&quot;:2,&quot;name&quot;:&quot;bond28&quot;,&quot;asi&quot;:0,&quot;rtmp&quot;:0,&quot;file&quot;:1,&quot;active&quot;:1,&quot;group&quot;:&quot;&quot;,&quot;bonded&quot;:[],&quot;error&quot;:&quot;None&quot;,&quot;con_stat&quot;:&quot;Connecting&quot;,&quot;bitrate&quot;:0,&quot;dest&quot;:&quot;bonded/bonded28&quot;},{&quot;mip&quot;:&quot;4000.ts&quot;,&quot;port&quot;:0,&quot;ip&quot;:&quot;file&quot;,&quot;in_name&quot;:&quot;bond&quot;,&quot;in_active&quot;:1,&quot;in_active_sources&quot;:0,&quot;prg_name&quot;:&quot;&quot;,&quot;prg_prov&quot;:&quot;&quot;,&quot;prg_num&quot;:-1,&quot;chan&quot;:&quot;&quot;,&quot;chan_id&quot;:-1,&quot;id&quot;:&quot;zixi://bonded(bonded15)#10.7.0.66:2088@10.7.0.65,192.168.60.66:2088@192.168.50.65,192.168.5.166:2088@192.168.5.165&quot;,&quot;type&quot;:2,&quot;name&quot;:&quot;bond15&quot;,&quot;asi&quot;:0,&quot;rtmp&quot;:0,&quot;file&quot;:1,&quot;active&quot;:1,&quot;group&quot;:&quot;&quot;,&quot;bonded&quot;:[],&quot;error&quot;:&quot;Timeout&quot;,&quot;con_stat&quot;:&quot;Connecting&quot;,&quot;bitrate&quot;:0,&quot;dest&quot;:&quot;bonded/bonded15&quot;},{&quot;mip&quot;:&quot;4000.ts&quot;,&quot;port&quot;:0,&quot;ip&quot;:&quot;file&quot;,&quot;in_name&quot;:&quot;bond&quot;,&quot;in_active&quot;:1,&quot;in_active_sources&quot;:0,&quot;prg_name&quot;:&quot;&quot;,&quot;prg_prov&quot;:&quot;&quot;,&quot;prg_num&quot;:-1,&quot;chan&quot;:&quot;&quot;,&quot;chan_id&quot;:-1,&quot;id&quot;:&quot;zixi://bonded(bonded24)#10.7.0.66:2088@10.7.0.65,192.168.60.66:2088@192.168.50.65,192.168.5.166:2088@192.168.5.165&quot;,&quot;type&quot;:2,&quot;name&quot;:&quot;bond24&quot;,&quot;asi&quot;:0,&quot;rtmp&quot;:0,&quot;file&quot;:1,&quot;active&quot;:1,&quot;group&quot;:&quot;&quot;,&quot;bonded&quot;:[],&quot;error&quot;:&quot;None&quot;,&quot;con_stat&quot;:&quot;Connecting&quot;,&quot;bitrate&quot;:0,&quot;dest&quot;:&quot;bonded/bonded24&quot;},{&quot;mip&quot;:&quot;4000.ts&quot;,&quot;port&quot;:0,&quot;ip&quot;:&quot;file&quot;,&quot;in_name&quot;:&quot;bond&quot;,&quot;in_active&quot;:1,&quot;in_active_sources&quot;:0,&quot;prg_name&quot;:&quot;&quot;,&quot;prg_prov&quot;:&quot;&quot;,&quot;prg_num&quot;:-1,&quot;chan&quot;:&quot;&quot;,&quot;chan_id&quot;:-1,&quot;id&quot;:&quot;zixi://bonded(bonded17)#10.7.0.66:2088@10.7.0.65,192.168.60.66:2088@192.168.50.65,192.168.5.166:2088@192.168.5.165&quot;,&quot;type&quot;:2,&quot;name&quot;:&quot;bond17&quot;,&quot;asi&quot;:0,&quot;rtmp&quot;:0,&quot;file&quot;:1,&quot;active&quot;:1,&quot;group&quot;:&quot;&quot;,&quot;bonded&quot;:[],&quot;error&quot;:&quot;None&quot;,&quot;con_stat&quot;:&quot;Connecting&quot;,&quot;bitrate&quot;:0,&quot;dest&quot;:&quot;bonded/bonded17&quot;},{&quot;mip&quot;:&quot;4000.ts&quot;,&quot;port&quot;:0,&quot;ip&quot;:&quot;file&quot;,&quot;in_name&quot;:&quot;bond&quot;,&quot;in_active&quot;:1,&quot;in_active_sources&quot;:0,&quot;prg_name&quot;:&quot;&quot;,&quot;prg_prov&quot;:&quot;&quot;,&quot;prg_num&quot;:-1,&quot;chan&quot;:&quot;&quot;,&quot;chan_id&quot;:-1,&quot;id&quot;:&quot;zixi://bonded(bonded23)#10.7.0.66:2088@10.7.0.65,192.168.60.66:2088@192.168.50.65,192.168.5.166:2088@192.168.5.165&quot;,&quot;type&quot;:2,&quot;name&quot;:&quot;bond23&quot;,&quot;asi&quot;:0,&quot;rtmp&quot;:0,&quot;file&quot;:1,&quot;active&quot;:1,&quot;group&quot;:&quot;&quot;,&quot;bonded&quot;:[],&quot;error&quot;:&quot;None&quot;,&quot;con_stat&quot;:&quot;Connecting&quot;,&quot;bitrate&quot;:0,&quot;dest&quot;:&quot;bonded/bonded23&quot;},{&quot;mip&quot;:&quot;4000.ts&quot;,&quot;port&quot;:0,&quot;ip&quot;:&quot;file&quot;,&quot;in_name&quot;:&quot;bond&quot;,&quot;in_active&quot;:1,&quot;in_active_sources&quot;:0,&quot;prg_name&quot;:&quot;&quot;,&quot;prg_prov&quot;:&quot;&quot;,&quot;prg_num&quot;:-1,&quot;chan&quot;:&quot;&quot;,&quot;chan_id&quot;:-1,&quot;id&quot;:&quot;zixi://bonded(bonded8)#10.7.0.66:2088@10.7.0.65,192.168.60.66:2088@192.168.50.65,192.168.5.166:2088@192.168.5.165&quot;,&quot;type&quot;:2,&quot;name&quot;:&quot;bond8&quot;,&quot;asi&quot;:0,&quot;rtmp&quot;:0,&quot;file&quot;:1,&quot;active&quot;:1,&quot;group&quot;:&quot;&quot;,&quot;bonded&quot;:[],&quot;error&quot;:&quot;None&quot;,&quot;con_stat&quot;:&quot;Connecting&quot;,&quot;bitrate&quot;:0,&quot;dest&quot;:&quot;bonded/bonded8&quot;},{&quot;mip&quot;:&quot;4000.ts&quot;,&quot;port&quot;:0,&quot;ip&quot;:&quot;file&quot;,&quot;in_name&quot;:&quot;bond&quot;,&quot;in_active&quot;:1,&quot;in_active_sources&quot;:0,&quot;prg_name&quot;:&quot;&quot;,&quot;prg_prov&quot;:&quot;&quot;,&quot;prg_num&quot;:-1,&quot;chan&quot;:&quot;&quot;,&quot;chan_id&quot;:-1,&quot;id&quot;:&quot;zixi://bonded(bonded20)#10.7.0.66:2088@10.7.0.65,192.168.60.66:2088@192.168.50.65,192.168.5.166:2088@192.168.5.165&quot;,&quot;type&quot;:2,&quot;name&quot;:&quot;bond20&quot;,&quot;asi&quot;:0,&quot;rtmp&quot;:0,&quot;file&quot;:1,&quot;active&quot;:1,&quot;group&quot;:&quot;&quot;,&quot;bonded&quot;:[],&quot;error&quot;:&quot;Timeout&quot;,&quot;con_stat&quot;:&quot;Connecting&quot;,&quot;bitrate&quot;:0,&quot;dest&quot;:&quot;bonded/bonded20&quot;},{&quot;mip&quot;:&quot;4000.ts&quot;,&quot;port&quot;:0,&quot;ip&quot;:&quot;file&quot;,&quot;in_name&quot;:&quot;bond&quot;,&quot;in_active&quot;:1,&quot;in_active_sources&quot;:0,&quot;prg_name&quot;:&quot;&quot;,&quot;prg_prov&quot;:&quot;&quot;,&quot;prg_num&quot;:-1,&quot;chan&quot;:&quot;&quot;,&quot;chan_id&quot;:-1,&quot;id&quot;:&quot;zixi://bonded(bonded3)#10.7.0.66:2088@10.7.0.65,192.168.60.66:2088@192.168.50.65,192.168.5.166:2088@192.168.5.165&quot;,&quot;type&quot;:2,&quot;name&quot;:&quot;bond3&quot;,&quot;asi&quot;:0,&quot;rtmp&quot;:0,&quot;file&quot;:1,&quot;active&quot;:1,&quot;group&quot;:&quot;&quot;,&quot;bonded&quot;:[],&quot;error&quot;:&quot;None&quot;,&quot;con_stat&quot;:&quot;Connecting&quot;,&quot;bitrate&quot;:0,&quot;dest&quot;:&quot;bonded/bonded3&quot;},{&quot;mip&quot;:&quot;4000.ts&quot;,&quot;port&quot;:0,&quot;ip&quot;:&quot;file&quot;,&quot;in_name&quot;:&quot;bond&quot;,&quot;in_active&quot;:1,&quot;in_active_sources&quot;:0,&quot;prg_name&quot;:&quot;&quot;,&quot;prg_prov&quot;:&quot;&quot;,&quot;prg_num&quot;:-1,&quot;chan&quot;:&quot;&quot;,&quot;chan_id&quot;:-1,&quot;id&quot;:&quot;zixi://bonded(bonded19)#10.7.0.66:2088@10.7.0.65,192.168.60.66:2088@192.168.50.65,192.168.5.166:2088@192.168.5.165&quot;,&quot;type&quot;:2,&quot;name&quot;:&quot;bond19&quot;,&quot;asi&quot;:0,&quot;rtmp&quot;:0,&quot;file&quot;:1,&quot;active&quot;:1,&quot;group&quot;:&quot;&quot;,&quot;bonded&quot;:[],&quot;error&quot;:&quot;None&quot;,&quot;con_stat&quot;:&quot;Connecting&quot;,&quot;bitrate&quot;:0,&quot;dest&quot;:&quot;bonded/bonded19&quot;},{&quot;mip&quot;:&quot;4000.ts&quot;,&quot;port&quot;:0,&quot;ip&quot;:&quot;file&quot;,&quot;in_name&quot;:&quot;bond&quot;,&quot;in_active&quot;:1,&quot;in_active_sources&quot;:0,&quot;prg_name&quot;:&quot;&quot;,&quot;prg_prov&quot;:&quot;&quot;,&quot;prg_num&quot;:-1,&quot;chan&quot;:&quot;&quot;,&quot;chan_id&quot;:-1,&quot;id&quot;:&quot;zixi://bonded(bonded0)#10.7.0.66:2088@10.7.0.65,192.168.60.66:2088@192.168.50.65,192.168.5.166:2088@192.168.5.165&quot;,&quot;type&quot;:2,&quot;name&quot;:&quot;bond0&quot;,&quot;asi&quot;:0,&quot;rtmp&quot;:0,&quot;file&quot;:1,&quot;active&quot;:1,&quot;group&quot;:&quot;&quot;,&quot;bonded&quot;:[],&quot;error&quot;:&quot;None&quot;,&quot;con_stat&quot;:&quot;Connecting&quot;,&quot;bitrate&quot;:0,&quot;dest&quot;:&quot;bonded/bonded0&quot;},{&quot;mip&quot;:&quot;4000.ts&quot;,&quot;port&quot;:0,&quot;ip&quot;:&quot;file&quot;,&quot;in_name&quot;:&quot;bond&quot;,&quot;in_active&quot;:1,&quot;in_active_sources&quot;:0,&quot;prg_name&quot;:&quot;&quot;,&quot;prg_prov&quot;:&quot;&quot;,&quot;prg_num&quot;:-1,&quot;chan&quot;:&quot;&quot;,&quot;chan_id&quot;:-1,&quot;id&quot;:&quot;zixi://bonded(bonded14)#10.7.0.66:2088@10.7.0.65,192.168.60.66:2088@192.168.50.65,192.168.5.166:2088@192.168.5.165&quot;,&quot;type&quot;:2,&quot;name&quot;:&quot;bond14&quot;,&quot;asi&quot;:0,&quot;rtmp&quot;:0,&quot;file&quot;:1,&quot;active&quot;:1,&quot;group&quot;:&quot;&quot;,&quot;bonded&quot;:[],&quot;error&quot;:&quot;Timeout&quot;,&quot;con_stat&quot;:&quot;Connecting&quot;,&quot;bitrate&quot;:0,&quot;dest&quot;:&quot;bonded/bonded14&quot;},{&quot;mip&quot;:&quot;4000.ts&quot;,&quot;port&quot;:0,&quot;ip&quot;:&quot;file&quot;,&quot;in_name&quot;:&quot;bond&quot;,&quot;in_active&quot;:1,&quot;in_active_sources&quot;:0,&quot;prg_name&quot;:&quot;&quot;,&quot;prg_prov&quot;:&quot;&quot;,&quot;prg_num&quot;:-1,&quot;chan&quot;:&quot;&quot;,&quot;chan_id&quot;:-1,&quot;id&quot;:&quot;zixi://bonded(bonded7)#10.7.0.66:2088@10.7.0.65,192.168.60.66:2088@192.168.50.65,192.168.5.166:2088@192.168.5.165&quot;,&quot;type&quot;:2,&quot;name&quot;:&quot;bond7&quot;,&quot;asi&quot;:0,&quot;rtmp&quot;:0,&quot;file&quot;:1,&quot;active&quot;:1,&quot;group&quot;:&quot;&quot;,&quot;bonded&quot;:[],&quot;error&quot;:&quot;None&quot;,&quot;con_stat&quot;:&quot;Connecting&quot;,&quot;bitrate&quot;:0,&quot;dest&quot;:&quot;bonded/bonded7&quot;},{&quot;mip&quot;:&quot;4000.ts&quot;,&quot;port&quot;:0,&quot;ip&quot;:&quot;file&quot;,&quot;in_name&quot;:&quot;bond&quot;,&quot;in_active&quot;:1,&quot;in_active_sources&quot;:0,&quot;prg_name&quot;:&quot;&quot;,&quot;prg_prov&quot;:&quot;&quot;,&quot;prg_num&quot;:-1,&quot;chan&quot;:&quot;&quot;,&quot;chan_id&quot;:-1,&quot;id&quot;:&quot;zixi://bonded(bonded11)#10.7.0.66:2088@10.7.0.65,192.168.60.66:2088@192.168.50.65,192.168.5.166:2088@192.168.5.165&quot;,&quot;type&quot;:2,&quot;name&quot;:&quot;bond11&quot;,&quot;asi&quot;:0,&quot;rtmp&quot;:0,&quot;file&quot;:1,&quot;active&quot;:1,&quot;group&quot;:&quot;&quot;,&quot;bonded&quot;:[],&quot;error&quot;:&quot;None&quot;,&quot;con_stat&quot;:&quot;Connecting&quot;,&quot;bitrate&quot;:0,&quot;dest&quot;:&quot;bonded/bonded11&quot;},{&quot;mip&quot;:&quot;4000.ts&quot;,&quot;port&quot;:0,&quot;ip&quot;:&quot;file&quot;,&quot;in_name&quot;:&quot;bond&quot;,&quot;in_active&quot;:1,&quot;in_active_sources&quot;:0,&quot;prg_name&quot;:&quot;&quot;,&quot;prg_prov&quot;:&quot;&quot;,&quot;prg_num&quot;:-1,&quot;chan&quot;:&quot;&quot;,&quot;chan_id&quot;:-1,&quot;id&quot;:&quot;zixi://bonded(bonded13)#10.7.0.66:2088@10.7.0.65,192.168.60.66:2088@192.168.50.65,192.168.5.166:2088@192.168.5.165&quot;,&quot;type&quot;:2,&quot;name&quot;:&quot;bond13&quot;,&quot;asi&quot;:0,&quot;rtmp&quot;:0,&quot;file&quot;:1,&quot;active&quot;:1,&quot;group&quot;:&quot;&quot;,&quot;bonded&quot;:[],&quot;error&quot;:&quot;None&quot;,&quot;con_stat&quot;:&quot;Connecting&quot;,&quot;bitrate&quot;:0,&quot;dest&quot;:&quot;bonded/bonded13&quot;},{&quot;mip&quot;:&quot;4000.ts&quot;,&quot;port&quot;:0,&quot;ip&quot;:&quot;file&quot;,&quot;in_name&quot;:&quot;bond&quot;,&quot;in_active&quot;:1,&quot;in_active_sources&quot;:0,&quot;prg_name&quot;:&quot;&quot;,&quot;prg_prov&quot;:&quot;&quot;,&quot;prg_num&quot;:-1,&quot;chan&quot;:&quot;&quot;,&quot;chan_id&quot;:-1,&quot;id&quot;:&quot;zixi://bonded(bonded10)#10.7.0.66:2088@10.7.0.65,192.168.60.66:2088@192.168.50.65,192.168.5.166:2088@192.168.5.165&quot;,&quot;type&quot;:2,&quot;name&quot;:&quot;bond10&quot;,&quot;asi&quot;:0,&quot;rtmp&quot;:0,&quot;file&quot;:1,&quot;active&quot;:1,&quot;group&quot;:&quot;&quot;,&quot;bonded&quot;:[],&quot;error&quot;:&quot;Authentication&quot;,&quot;con_stat&quot;:&quot;Connecting&quot;,&quot;bitrate&quot;:0,&quot;dest&quot;:&quot;bonded/bonded10&quot;},{&quot;mip&quot;:&quot;4000.ts&quot;,&quot;port&quot;:0,&quot;ip&quot;:&quot;file&quot;,&quot;in_name&quot;:&quot;bond&quot;,&quot;in_active&quot;:1,&quot;in_active_sources&quot;:0,&quot;prg_name&quot;:&quot;&quot;,&quot;prg_prov&quot;:&quot;&quot;,&quot;prg_num&quot;:-1,&quot;chan&quot;:&quot;&quot;,&quot;chan_id&quot;:-1,&quot;id&quot;:&quot;zixi://bonded(bonded12)#10.7.0.66:2088@10.7.0.65,192.168.60.66:2088@192.168.50.65,192.168.5.166:2088@192.168.5.165&quot;,&quot;type&quot;:2,&quot;name&quot;:&quot;bond12&quot;,&quot;asi&quot;:0,&quot;rtmp&quot;:0,&quot;file&quot;:1,&quot;active&quot;:1,&quot;group&quot;:&quot;&quot;,&quot;bonded&quot;:[],&quot;error&quot;:&quot;None&quot;,&quot;con_stat&quot;:&quot;Connecting&quot;,&quot;bitrate&quot;:0,&quot;dest&quot;:&quot;bonded/bonded12&quot;},{&quot;mip&quot;:&quot;4000.ts&quot;,&quot;port&quot;:0,&quot;ip&quot;:&quot;file&quot;,&quot;in_name&quot;:&quot;bond&quot;,&quot;in_active&quot;:1,&quot;in_active_sources&quot;:0,&quot;prg_name&quot;:&quot;&quot;,&quot;prg_prov&quot;:&quot;&quot;,&quot;prg_num&quot;:-1,&quot;chan&quot;:&quot;&quot;,&quot;chan_id&quot;:-1,&quot;id&quot;:&quot;zixi://bonded(bonded9)#10.7.0.66:2088@10.7.0.65,192.168.60.66:2088@192.168.50.65,192.168.5.166:2088@192.168.5.165&quot;,&quot;type&quot;:2,&quot;name&quot;:&quot;bond9&quot;,&quot;asi&quot;:0,&quot;rtmp&quot;:0,&quot;file&quot;:1,&quot;active&quot;:1,&quot;group&quot;:&quot;&quot;,&quot;bonded&quot;:[],&quot;error&quot;:&quot;None&quot;,&quot;con_stat&quot;:&quot;Connecting&quot;,&quot;bitrate&quot;:0,&quot;dest&quot;:&quot;bonded/bonded9&quot;},{&quot;mip&quot;:&quot;4000.ts&quot;,&quot;port&quot;:0,&quot;ip&quot;:&quot;file&quot;,&quot;in_name&quot;:&quot;bond&quot;,&quot;in_active&quot;:1,&quot;in_active_sources&quot;:0,&quot;prg_name&quot;:&quot;&quot;,&quot;prg_prov&quot;:&quot;&quot;,&quot;prg_num&quot;:-1,&quot;chan&quot;:&quot;&quot;,&quot;chan_id&quot;:-1,&quot;id&quot;:&quot;zixi://bonded(bonded5)#10.7.0.66:2088@10.7.0.65,192.168.60.66:2088@192.168.50.65,192.168.5.166:2088@192.168.5.165&quot;,&quot;type&quot;:2,&quot;name&quot;:&quot;bond5&quot;,&quot;asi&quot;:0,&quot;rtmp&quot;:0,&quot;file&quot;:1,&quot;active&quot;:1,&quot;group&quot;:&quot;&quot;,&quot;bonded&quot;:[],&quot;error&quot;:&quot;None&quot;,&quot;con_stat&quot;:&quot;Connecting&quot;,&quot;bitrate&quot;:0,&quot;dest&quot;:&quot;bonded/bonded5&quot;},{&quot;mip&quot;:&quot;4000.ts&quot;,&quot;port&quot;:0,&quot;ip&quot;:&quot;file&quot;,&quot;in_name&quot;:&quot;bond&quot;,&quot;in_active&quot;:1,&quot;in_active_sources&quot;:0,&quot;prg_name&quot;:&quot;&quot;,&quot;prg_prov&quot;:&quot;&quot;,&quot;prg_num&quot;:-1,&quot;chan&quot;:&quot;&quot;,&quot;chan_id&quot;:-1,&quot;id&quot;:&quot;zixi://bonded(bonded4)#10.7.0.66:2088@10.7.0.65,192.168.60.66:2088@192.168.50.65,192.168.5.166:2088@192.168.5.165&quot;,&quot;type&quot;:2,&quot;name&quot;:&quot;bond4&quot;,&quot;asi&quot;:0,&quot;rtmp&quot;:0,&quot;file&quot;:1,&quot;active&quot;:1,&quot;group&quot;:&quot;&quot;,&quot;bonded&quot;:[],&quot;error&quot;:&quot;Timeout&quot;,&quot;con_stat&quot;:&quot;Connecting&quot;,&quot;bitrate&quot;:0,&quot;dest&quot;:&quot;bonded/bonded4&quot;},{&quot;mip&quot;:&quot;4000.ts&quot;,&quot;port&quot;:0,&quot;ip&quot;:&quot;file&quot;,&quot;in_name&quot;:&quot;bond&quot;,&quot;in_active&quot;:1,&quot;in_active_sources&quot;:0,&quot;prg_name&quot;:&quot;&quot;,&quot;prg_prov&quot;:&quot;&quot;,&quot;prg_num&quot;:-1,&quot;chan&quot;:&quot;&quot;,&quot;chan_id&quot;:-1,&quot;id&quot;:&quot;zixi://bonded(bonded1)#10.7.0.66:2088@10.7.0.65,192.168.60.66:2088@192.168.50.65,192.168.5.166:2088@192.168.5.165&quot;,&quot;type&quot;:2,&quot;name&quot;:&quot;bond1&quot;,&quot;asi&quot;:0,&quot;rtmp&quot;:0,&quot;file&quot;:1,&quot;active&quot;:1,&quot;group&quot;:&quot;&quot;,&quot;bonded&quot;:[],&quot;error&quot;:&quot;None&quot;,&quot;con_stat&quot;:&quot;Connecting&quot;,&quot;bitrate&quot;:0,&quot;dest&quot;:&quot;bonded/bonded1&quot;},{&quot;mip&quot;:&quot;4000.ts&quot;,&quot;port&quot;:0,&quot;ip&quot;:&quot;file&quot;,&quot;in_name&quot;:&quot;bond&quot;,&quot;in_active&quot;:1,&quot;in_active_sources&quot;:0,&quot;prg_name&quot;:&quot;&quot;,&quot;prg_prov&quot;:&quot;&quot;,&quot;prg_num&quot;:-1,&quot;chan&quot;:&quot;&quot;,&quot;chan_id&quot;:-1,&quot;id&quot;:&quot;zixi://bonded(bonded2)#10.7.0.66:2088@10.7.0.65,192.168.60.66:2088@192.168.50.65,192.168.5.166:2088@192.168.5.165&quot;,&quot;type&quot;:2,&quot;name&quot;:&quot;bond2&quot;,&quot;asi&quot;:0,&quot;rtmp&quot;:0,&quot;file&quot;:1,&quot;active&quot;:1,&quot;group&quot;:&quot;&quot;,&quot;bonded&quot;:[],&quot;error&quot;:&quot;None&quot;,&quot;con_stat&quot;:&quot;Connecting&quot;,&quot;bitrate&quot;:0,&quot;dest&quot;:&quot;bonded/bonded2&quot;},{&quot;mip&quot;:&quot;4000.ts&quot;,&quot;port&quot;:0,&quot;ip&quot;:&quot;file&quot;,&quot;in_name&quot;:&quot;bond&quot;,&quot;in_active&quot;:1,&quot;in_active_sources&quot;:0,&quot;prg_name&quot;:&quot;&quot;,&quot;prg_prov&quot;:&quot;&quot;,&quot;prg_num&quot;:-1,&quot;chan&quot;:&quot;&quot;,&quot;chan_id&quot;:-1,&quot;id&quot;:&quot;zixi://bonded(bonded6)#10.7.0.66:2088@10.7.0.65,192.168.60.66:2088@192.168.50.65,192.168.5.166:2088@192.168.5.165&quot;,&quot;type&quot;:2,&quot;name&quot;:&quot;bond6&quot;,&quot;asi&quot;:0,&quot;rtmp&quot;:0,&quot;file&quot;:1,&quot;active&quot;:1,&quot;group&quot;:&quot;&quot;,&quot;bonded&quot;:[],&quot;error&quot;:&quot;None&quot;,&quot;con_stat&quot;:&quot;Connecting&quot;,&quot;bitrate&quot;:0,&quot;dest&quot;:&quot;bonded/bonded6&quot;}]}
Debug printing ------&gt;&gt;&gt; {&quot;custom_data&quot;:&quot;&quot;,&quot;msg&quot;:&quot;Output deleted.&quot;,&quot;error&quot;:&quot;&quot;,&quot;outs&quot;:[{&quot;mip&quot;:&quot;live_recording.ts&quot;,&quot;port&quot;:0,&quot;ip&quot;:&quot;file&quot;,&quot;in_name&quot;:&quot;feederoutputname&quot;,&quot;in_active&quot;:1,&quot;in_active_sources&quot;:0,&quot;prg_name&quot;:&quot;&quot;,&quot;prg_prov&quot;:&quot;&quot;,&quot;prg_num&quot;:1,&quot;chan&quot;:&quot;&quot;,&quot;chan_id&quot;:-1,&quot;id&quot;:&quot;zixi://10.7.0.66:2088/feederout&quot;,&quot;type&quot;:2,&quot;name&quot;:&quot;feederoutputname&quot;,&quot;asi&quot;:0,&quot;rtmp&quot;:0,&quot;file&quot;:1,&quot;active&quot;:1,&quot;group&quot;:&quot;&quot;,&quot;error&quot;:&quot;Authentication&quot;,&quot;con_stat&quot;:&quot;Disconnected&quot;,&quot;bitrate&quot;:0,&quot;dest&quot;:&quot;10.7.0.66:2088/feederout&quot;},{&quot;mip&quot;:&quot;4000.ts&quot;,&quot;port&quot;:0,&quot;ip&quot;:&quot;file&quot;,&quot;in_name&quot;:&quot;bond&quot;,&quot;in_active&quot;:1,&quot;in_active_sources&quot;:0,&quot;prg_name&quot;:&quot;&quot;,&quot;prg_prov&quot;:&quot;&quot;,&quot;prg_num&quot;:-1,&quot;chan&quot;:&quot;&quot;,&quot;chan_id&quot;:-1,&quot;id&quot;:&quot;zixi://bonded(bonded19)#10.7.0.66:2088@10.7.0.65,192.168.60.66:2088@192.168.50.65,192.168.5.166:2088@192.168.5.165&quot;,&quot;type&quot;:2,&quot;name&quot;:&quot;bond19&quot;,&quot;asi&quot;:0,&quot;rtmp&quot;:0,&quot;file&quot;:1,&quot;active&quot;:1,&quot;group&quot;:&quot;&quot;,&quot;bonded&quot;:[],&quot;error&quot;:&quot;None&quot;,&quot;con_stat&quot;:&quot;Connecting&quot;,&quot;bitrate&quot;:0,&quot;dest&quot;:&quot;bonded/bonded19&quot;},{&quot;mip&quot;:&quot;4000.ts&quot;,&quot;port&quot;:0,&quot;ip&quot;:&quot;file&quot;,&quot;in_name&quot;:&quot;bond&quot;,&quot;in_active&quot;:1,&quot;in_active_sources&quot;:0,&quot;prg_name&quot;:&quot;&quot;,&quot;prg_prov&quot;:&quot;&quot;,&quot;prg_num&quot;:-1,&quot;chan&quot;:&quot;&quot;,&quot;chan_id&quot;:-1,&quot;id&quot;:&quot;zixi://bonded(bonded48)#10.7.0.66:2088@10.7.0.65,192.168.60.66:2088@192.168.50.65,192.168.5.166:2088@192.168.5.165&quot;,&quot;type&quot;:2,&quot;name&quot;:&quot;bond48&quot;,&quot;asi&quot;:0,&quot;rtmp&quot;:0,&quot;file&quot;:1,&quot;active&quot;:1,&quot;group&quot;:&quot;&quot;,&quot;bonded&quot;:[],&quot;error&quot;:&quot;Timeout&quot;,&quot;con_stat&quot;:&quot;Connecting&quot;,&quot;bitrate&quot;:0,&quot;dest&quot;:&quot;bonded/bonded48&quot;},{&quot;mip&quot;:&quot;4000.ts&quot;,&quot;port&quot;:0,&quot;ip&quot;:&quot;file&quot;,&quot;in_name&quot;:&quot;bond&quot;,&quot;in_active&quot;:1,&quot;in_active_sources&quot;:0,&quot;prg_name&quot;:&quot;&quot;,&quot;prg_prov&quot;:&quot;&quot;,&quot;prg_num&quot;:-1,&quot;chan&quot;:&quot;&quot;,&quot;chan_id&quot;:-1,&quot;id&quot;:&quot;zixi://bonded(bonded47)#10.7.0.66:2088@10.7.0.65,192.168.60.66:2088@192.168.50.65,192.168.5.166:2088@192.168.5.165&quot;,&quot;type&quot;:2,&quot;name&quot;:&quot;bond47&quot;,&quot;asi&quot;:0,&quot;rtmp&quot;:0,&quot;file&quot;:1,&quot;active&quot;:1,&quot;group&quot;:&quot;&quot;,&quot;bonded&quot;:[],&quot;error&quot;:&quot;Authentication&quot;,&quot;con_stat&quot;:&quot;Connecting&quot;,&quot;bitrate&quot;:0,&quot;dest&quot;:&quot;bonded/bonded47&quot;},{&quot;mip&quot;:&quot;4000.ts&quot;,&quot;port&quot;:0,&quot;ip&quot;:&quot;file&quot;,&quot;in_name&quot;:&quot;bond&quot;,&quot;in_active&quot;:1,&quot;in_active_sources&quot;:0,&quot;prg_name&quot;:&quot;&quot;,&quot;prg_prov&quot;:&quot;&quot;,&quot;prg_num&quot;:-1,&quot;chan&quot;:&quot;&quot;,&quot;chan_id&quot;:-1,&quot;id&quot;:&quot;zixi://bonded(bonded38)#10.7.0.66:2088@10.7.0.65,192.168.60.66:2088@192.168.50.65,192.168.5.166:2088@192.168.5.165&quot;,&quot;type&quot;:2,&quot;name&quot;:&quot;bond38&quot;,&quot;asi&quot;:0,&quot;rtmp&quot;:0,&quot;file&quot;:1,&quot;active&quot;:1,&quot;group&quot;:&quot;&quot;,&quot;bonded&quot;:[],&quot;error&quot;:&quot;Timeout&quot;,&quot;con_stat&quot;:&quot;Connecting&quot;,&quot;bitrate&quot;:0,&quot;dest&quot;:&quot;bonded/bonded38&quot;},{&quot;mip&quot;:&quot;4000.ts&quot;,&quot;port&quot;:0,&quot;ip&quot;:&quot;file&quot;,&quot;in_name&quot;:&quot;bond&quot;,&quot;in_active&quot;:1,&quot;in_active_sources&quot;:0,&quot;prg_name&quot;:&quot;&quot;,&quot;prg_prov&quot;:&quot;&quot;,&quot;prg_num&quot;:-1,&quot;chan&quot;:&quot;&quot;,&quot;chan_id&quot;:-1,&quot;id&quot;:&quot;zixi://bonded(bonded43)#10.7.0.66:2088@10.7.0.65,192.168.60.66:2088@192.168.50.65,192.168.5.166:2088@192.168.5.165&quot;,&quot;type&quot;:2,&quot;name&quot;:&quot;bond43&quot;,&quot;asi&quot;:0,&quot;rtmp&quot;:0,&quot;file&quot;:1,&quot;active&quot;:1,&quot;group&quot;:&quot;&quot;,&quot;bonded&quot;:[],&quot;error&quot;:&quot;Authentication&quot;,&quot;con_stat&quot;:&quot;Connecting&quot;,&quot;bitrate&quot;:0,&quot;dest&quot;:&quot;bonded/bonded43&quot;},{&quot;mip&quot;:&quot;4000.ts&quot;,&quot;port&quot;:0,&quot;ip&quot;:&quot;file&quot;,&quot;in_name&quot;:&quot;bond&quot;,&quot;in_active&quot;:1,&quot;in_active_sources&quot;:0,&quot;prg_name&quot;:&quot;&quot;,&quot;prg_prov&quot;:&quot;&quot;,&quot;prg_num&quot;:-1,&quot;chan&quot;:&quot;&quot;,&quot;chan_id&quot;:-1,&quot;id&quot;:&quot;zixi://bonded(bonded18)#10.7.0.66:2088@10.7.0.65,192.168.60.66:2088@192.168.50.65,192.168.5.166:2088@192.168.5.165&quot;,&quot;type&quot;:2,&quot;name&quot;:&quot;bond18&quot;,&quot;asi&quot;:0,&quot;rtmp&quot;:0,&quot;file&quot;:1,&quot;active&quot;:1,&quot;group&quot;:&quot;&quot;,&quot;bonded&quot;:[],&quot;error&quot;:&quot;Timeout&quot;,&quot;con_stat&quot;:&quot;Connecting&quot;,&quot;bitrate&quot;:0,&quot;dest&quot;:&quot;bonded/bonded18&quot;},{&quot;mip&quot;:&quot;4000.ts&quot;,&quot;port&quot;:0,&quot;ip&quot;:&quot;file&quot;,&quot;in_name&quot;:&quot;bond&quot;,&quot;in_active&quot;:1,&quot;in_active_sources&quot;:0,&quot;prg_name&quot;:&quot;&quot;,&quot;prg_prov&quot;:&quot;&quot;,&quot;prg_num&quot;:-1,&quot;chan&quot;:&quot;&quot;,&quot;chan_id&quot;:-1,&quot;id&quot;:&quot;zixi://bonded(bonded25)#10.7.0.66:2088@10.7.0.65,192.168.60.66:2088@192.168.50.65,192.168.5.166:2088@192.168.5.165&quot;,&quot;type&quot;:2,&quot;name&quot;:&quot;bond25&quot;,&quot;asi&quot;:0,&quot;rtmp&quot;:0,&quot;file&quot;:1,&quot;active&quot;:1,&quot;group&quot;:&quot;&quot;,&quot;bonded&quot;:[],&quot;error&quot;:&quot;None&quot;,&quot;con_stat&quot;:&quot;Connecting&quot;,&quot;bitrate&quot;:0,&quot;dest&quot;:&quot;bonded/bonded25&quot;},{&quot;mip&quot;:&quot;4000.ts&quot;,&quot;port&quot;:0,&quot;ip&quot;:&quot;file&quot;,&quot;in_name&quot;:&quot;bond&quot;,&quot;in_active&quot;:1,&quot;in_active_sources&quot;:0,&quot;prg_name&quot;:&quot;&quot;,&quot;prg_prov&quot;:&quot;&quot;,&quot;prg_num&quot;:-1,&quot;chan&quot;:&quot;&quot;,&quot;chan_id&quot;:-1,&quot;id&quot;:&quot;zixi://bonded(bonded28)#10.7.0.66:2088@10.7.0.65,192.168.60.66:2088@192.168.50.65,192.168.5.166:2088@192.168.5.165&quot;,&quot;type&quot;:2,&quot;name&quot;:&quot;bond28&quot;,&quot;asi&quot;:0,&quot;rtmp&quot;:0,&quot;file&quot;:1,&quot;active&quot;:1,&quot;group&quot;:&quot;&quot;,&quot;bonded&quot;:[],&quot;error&quot;:&quot;None&quot;,&quot;con_stat&quot;:&quot;Connecting&quot;,&quot;bitrate&quot;:0,&quot;dest&quot;:&quot;bonded/bonded28&quot;},{&quot;mip&quot;:&quot;4000.ts&quot;,&quot;port&quot;:0,&quot;ip&quot;:&quot;file&quot;,&quot;in_name&quot;:&quot;bond&quot;,&quot;in_active&quot;:1,&quot;in_active_sources&quot;:0,&quot;prg_name&quot;:&quot;&quot;,&quot;prg_prov&quot;:&quot;&quot;,&quot;prg_num&quot;:-1,&quot;chan&quot;:&quot;&quot;,&quot;chan_id&quot;:-1,&quot;id&quot;:&quot;zixi://bonded(bonded15)#10.7.0.66:2088@10.7.0.65,192.168.60.66:2088@192.168.50.65,192.168.5.166:2088@192.168.5.165&quot;,&quot;type&quot;:2,&quot;name&quot;:&quot;bond15&quot;,&quot;asi&quot;:0,&quot;rtmp&quot;:0,&quot;file&quot;:1,&quot;active&quot;:1,&quot;group&quot;:&quot;&quot;,&quot;bonded&quot;:[],&quot;error&quot;:&quot;Timeout&quot;,&quot;con_stat&quot;:&quot;Connecting&quot;,&quot;bitrate&quot;:0,&quot;dest&quot;:&quot;bonded/bonded15&quot;},{&quot;mip&quot;:&quot;4000.ts&quot;,&quot;port&quot;:0,&quot;ip&quot;:&quot;file&quot;,&quot;in_name&quot;:&quot;bond&quot;,&quot;in_active&quot;:1,&quot;in_active_sources&quot;:0,&quot;prg_name&quot;:&quot;&quot;,&quot;prg_prov&quot;:&quot;&quot;,&quot;prg_num&quot;:-1,&quot;chan&quot;:&quot;&quot;,&quot;chan_id&quot;:-1,&quot;id&quot;:&quot;zixi://bonded(bonded24)#10.7.0.66:2088@10.7.0.65,192.168.60.66:2088@192.168.50.65,192.168.5.166:2088@192.168.5.165&quot;,&quot;type&quot;:2,&quot;name&quot;:&quot;bond24&quot;,&quot;asi&quot;:0,&quot;rtmp&quot;:0,&quot;file&quot;:1,&quot;active&quot;:1,&quot;group&quot;:&quot;&quot;,&quot;bonded&quot;:[],&quot;error&quot;:&quot;None&quot;,&quot;con_stat&quot;:&quot;Connecting&quot;,&quot;bitrate&quot;:0,&quot;dest&quot;:&quot;bonded/bonded24&quot;},{&quot;mip&quot;:&quot;4000.ts&quot;,&quot;port&quot;:0,&quot;ip&quot;:&quot;file&quot;,&quot;in_name&quot;:&quot;bond&quot;,&quot;in_active&quot;:1,&quot;in_active_sources&quot;:0,&quot;prg_name&quot;:&quot;&quot;,&quot;prg_prov&quot;:&quot;&quot;,&quot;prg_num&quot;:-1,&quot;chan&quot;:&quot;&quot;,&quot;chan_id&quot;:-1,&quot;id&quot;:&quot;zixi://bonded(bonded17)#10.7.0.66:2088@10.7.0.65,192.168.60.66:2088@192.168.50.65,192.168.5.166:2088@192.168.5.165&quot;,&quot;type&quot;:2,&quot;name&quot;:&quot;bond17&quot;,&quot;asi&quot;:0,&quot;rtmp&quot;:0,&quot;file&quot;:1,&quot;active&quot;:1,&quot;group&quot;:&quot;&quot;,&quot;bonded&quot;:[],&quot;error&quot;:&quot;None&quot;,&quot;con_stat&quot;:&quot;Connecting&quot;,&quot;bitrate&quot;:0,&quot;dest&quot;:&quot;bonded/bonded17&quot;},{&quot;mip&quot;:&quot;4000.ts&quot;,&quot;port&quot;:0,&quot;ip&quot;:&quot;file&quot;,&quot;in_name&quot;:&quot;bond&quot;,&quot;in_active&quot;:1,&quot;in_active_sources&quot;:0,&quot;prg_name&quot;:&quot;&quot;,&quot;prg_prov&quot;:&quot;&quot;,&quot;prg_num&quot;:-1,&quot;chan&quot;:&quot;&quot;,&quot;chan_id&quot;:-1,&quot;id&quot;:&quot;zixi://bonded(bonded23)#10.7.0.66:2088@10.7.0.65,192.168.60.66:2088@192.168.50.65,192.168.5.166:2088@192.168.5.165&quot;,&quot;type&quot;:2,&quot;name&quot;:&quot;bond23&quot;,&quot;asi&quot;:0,&quot;rtmp&quot;:0,&quot;file&quot;:1,&quot;active&quot;:1,&quot;group&quot;:&quot;&quot;,&quot;bonded&quot;:[],&quot;error&quot;:&quot;None&quot;,&quot;con_stat&quot;:&quot;Connecting&quot;,&quot;bitrate&quot;:0,&quot;dest&quot;:&quot;bonded/bonded23&quot;},{&quot;mip&quot;:&quot;4000.ts&quot;,&quot;port&quot;:0,&quot;ip&quot;:&quot;file&quot;,&quot;in_name&quot;:&quot;bond&quot;,&quot;in_active&quot;:1,&quot;in_active_sources&quot;:0,&quot;prg_name&quot;:&quot;&quot;,&quot;prg_prov&quot;:&quot;&quot;,&quot;prg_num&quot;:-1,&quot;chan&quot;:&quot;&quot;,&quot;chan_id&quot;:-1,&quot;id&quot;:&quot;zixi://bonded(bonded8)#10.7.0.66:2088@10.7.0.65,192.168.60.66:2088@192.168.50.65,192.168.5.166:2088@192.168.5.165&quot;,&quot;type&quot;:2,&quot;name&quot;:&quot;bond8&quot;,&quot;asi&quot;:0,&quot;rtmp&quot;:0,&quot;file&quot;:1,&quot;active&quot;:1,&quot;group&quot;:&quot;&quot;,&quot;bonded&quot;:[],&quot;error&quot;:&quot;None&quot;,&quot;con_stat&quot;:&quot;Connecting&quot;,&quot;bitrate&quot;:0,&quot;dest&quot;:&quot;bonded/bonded8&quot;},{&quot;mip&quot;:&quot;4000.ts&quot;,&quot;port&quot;:0,&quot;ip&quot;:&quot;file&quot;,&quot;in_name&quot;:&quot;bond&quot;,&quot;in_active&quot;:1,&quot;in_active_sources&quot;:0,&quot;prg_name&quot;:&quot;&quot;,&quot;prg_prov&quot;:&quot;&quot;,&quot;prg_num&quot;:-1,&quot;chan&quot;:&quot;&quot;,&quot;chan_id&quot;:-1,&quot;id&quot;:&quot;zixi://bonded(bonded20)#10.7.0.66:2088@10.7.0.65,192.168.60.66:2088@192.168.50.65,192.168.5.166:2088@192.168.5.165&quot;,&quot;type&quot;:2,&quot;name&quot;:&quot;bond20&quot;,&quot;asi&quot;:0,&quot;rtmp&quot;:0,&quot;file&quot;:1,&quot;active&quot;:1,&quot;group&quot;:&quot;&quot;,&quot;bonded&quot;:[],&quot;error&quot;:&quot;Timeout&quot;,&quot;con_stat&quot;:&quot;Connecting&quot;,&quot;bitrate&quot;:0,&quot;dest&quot;:&quot;bonded/bonded20&quot;},{&quot;mip&quot;:&quot;4000.ts&quot;,&quot;port&quot;:0,&quot;ip&quot;:&quot;file&quot;,&quot;in_name&quot;:&quot;bond&quot;,&quot;in_active&quot;:1,&quot;in_active_sources&quot;:0,&quot;prg_name&quot;:&quot;&quot;,&quot;prg_prov&quot;:&quot;&quot;,&quot;prg_num&quot;:-1,&quot;chan&quot;:&quot;&quot;,&quot;chan_id&quot;:-1,&quot;id&quot;:&quot;zixi://bonded(bonded16)#10.7.0.66:2088@10.7.0.65,192.168.60.66:2088@192.168.50.65,192.168.5.166:2088@192.168.5.165&quot;,&quot;type&quot;:2,&quot;name&quot;:&quot;bond16&quot;,&quot;asi&quot;:0,&quot;rtmp&quot;:0,&quot;file&quot;:1,&quot;active&quot;:1,&quot;group&quot;:&quot;&quot;,&quot;bonded&quot;:[],&quot;error&quot;:&quot;None&quot;,&quot;con_stat&quot;:&quot;Connecting&quot;,&quot;bitrate&quot;:0,&quot;dest&quot;:&quot;bonded/bonded16&quot;},{&quot;mip&quot;:&quot;4000.ts&quot;,&quot;port&quot;:0,&quot;ip&quot;:&quot;file&quot;,&quot;in_name&quot;:&quot;bond&quot;,&quot;in_active&quot;:1,&quot;in_active_sources&quot;:0,&quot;prg_name&quot;:&quot;&quot;,&quot;prg_prov&quot;:&quot;&quot;,&quot;prg_num&quot;:-1,&quot;chan&quot;:&quot;&quot;,&quot;chan_id&quot;:-1,&quot;id&quot;:&quot;zixi://bonded(bonded3)#10.7.0.66:2088@10.7.0.65,192.168.60.66:2088@192.168.50.65,192.168.5.166:2088@192.168.5.165&quot;,&quot;type&quot;:2,&quot;name&quot;:&quot;bond3&quot;,&quot;asi&quot;:0,&quot;rtmp&quot;:0,&quot;file&quot;:1,&quot;active&quot;:1,&quot;group&quot;:&quot;&quot;,&quot;bonded&quot;:[],&quot;error&quot;:&quot;None&quot;,&quot;con_stat&quot;:&quot;Connecting&quot;,&quot;bitrate&quot;:0,&quot;dest&quot;:&quot;bonded/bonded3&quot;},{&quot;mip&quot;:&quot;4000.ts&quot;,&quot;port&quot;:0,&quot;ip&quot;:&quot;file&quot;,&quot;in_name&quot;:&quot;bond&quot;,&quot;in_active&quot;:1,&quot;in_active_sources&quot;:0,&quot;prg_name&quot;:&quot;&quot;,&quot;prg_prov&quot;:&quot;&quot;,&quot;prg_num&quot;:-1,&quot;chan&quot;:&quot;&quot;,&quot;chan_id&quot;:-1,&quot;id&quot;:&quot;zixi://bonded(bonded0)#10.7.0.66:2088@10.7.0.65,192.168.60.66:2088@192.168.50.65,192.168.5.166:2088@192.168.5.165&quot;,&quot;type&quot;:2,&quot;name&quot;:&quot;bond0&quot;,&quot;asi&quot;:0,&quot;rtmp&quot;:0,&quot;file&quot;:1,&quot;active&quot;:1,&quot;group&quot;:&quot;&quot;,&quot;bonded&quot;:[],&quot;error&quot;:&quot;None&quot;,&quot;con_stat&quot;:&quot;Connecting&quot;,&quot;bitrate&quot;:0,&quot;dest&quot;:&quot;bonded/bonded0&quot;},{&quot;mip&quot;:&quot;4000.ts&quot;,&quot;port&quot;:0,&quot;ip&quot;:&quot;file&quot;,&quot;in_name&quot;:&quot;bond&quot;,&quot;in_active&quot;:1,&quot;in_active_sources&quot;:0,&quot;prg_name&quot;:&quot;&quot;,&quot;prg_prov&quot;:&quot;&quot;,&quot;prg_num&quot;:-1,&quot;chan&quot;:&quot;&quot;,&quot;chan_id&quot;:-1,&quot;id&quot;:&quot;zixi://bonded(bonded14)#10.7.0.66:2088@10.7.0.65,192.168.60.66:2088@192.168.50.65,192.168.5.166:2088@192.168.5.165&quot;,&quot;type&quot;:2,&quot;name&quot;:&quot;bond14&quot;,&quot;asi&quot;:0,&quot;rtmp&quot;:0,&quot;file&quot;:1,&quot;active&quot;:1,&quot;group&quot;:&quot;&quot;,&quot;bonded&quot;:[],&quot;error&quot;:&quot;Timeout&quot;,&quot;con_stat&quot;:&quot;Connecting&quot;,&quot;bitrate&quot;:0,&quot;dest&quot;:&quot;bonded/bonded14&quot;},{&quot;mip&quot;:&quot;4000.ts&quot;,&quot;port&quot;:0,&quot;ip&quot;:&quot;file&quot;,&quot;in_name&quot;:&quot;bond&quot;,&quot;in_active&quot;:1,&quot;in_active_sources&quot;:0,&quot;prg_name&quot;:&quot;&quot;,&quot;prg_prov&quot;:&quot;&quot;,&quot;prg_num&quot;:-1,&quot;chan&quot;:&quot;&quot;,&quot;chan_id&quot;:-1,&quot;id&quot;:&quot;zixi://bonded(bonded7)#10.7.0.66:2088@10.7.0.65,192.168.60.66:2088@192.168.50.65,192.168.5.166:2088@192.168.5.165&quot;,&quot;type&quot;:2,&quot;name&quot;:&quot;bond7&quot;,&quot;asi&quot;:0,&quot;rtmp&quot;:0,&quot;file&quot;:1,&quot;active&quot;:1,&quot;group&quot;:&quot;&quot;,&quot;bonded&quot;:[],&quot;error&quot;:&quot;None&quot;,&quot;con_stat&quot;:&quot;Connecting&quot;,&quot;bitrate&quot;:0,&quot;dest&quot;:&quot;bonded/bonded7&quot;},{&quot;mip&quot;:&quot;4000.ts&quot;,&quot;port&quot;:0,&quot;ip&quot;:&quot;file&quot;,&quot;in_name&quot;:&quot;bond&quot;,&quot;in_active&quot;:1,&quot;in_active_sources&quot;:0,&quot;prg_name&quot;:&quot;&quot;,&quot;prg_prov&quot;:&quot;&quot;,&quot;prg_num&quot;:-1,&quot;chan&quot;:&quot;&quot;,&quot;chan_id&quot;:-1,&quot;id&quot;:&quot;zixi://bonded(bonded11)#10.7.0.66:2088@10.7.0.65,192.168.60.66:2088@192.168.50.65,192.168.5.166:2088@192.168.5.165&quot;,&quot;type&quot;:2,&quot;name&quot;:&quot;bond11&quot;,&quot;asi&quot;:0,&quot;rtmp&quot;:0,&quot;file&quot;:1,&quot;active&quot;:1,&quot;group&quot;:&quot;&quot;,&quot;bonded&quot;:[],&quot;error&quot;:&quot;None&quot;,&quot;con_stat&quot;:&quot;Connecting&quot;,&quot;bitrate&quot;:0,&quot;dest&quot;:&quot;bonded/bonded11&quot;},{&quot;mip&quot;:&quot;4000.ts&quot;,&quot;port&quot;:0,&quot;ip&quot;:&quot;file&quot;,&quot;in_name&quot;:&quot;bond&quot;,&quot;in_active&quot;:1,&quot;in_active_sources&quot;:0,&quot;prg_name&quot;:&quot;&quot;,&quot;prg_prov&quot;:&quot;&quot;,&quot;prg_num&quot;:-1,&quot;chan&quot;:&quot;&quot;,&quot;chan_id&quot;:-1,&quot;id&quot;:&quot;zixi://bonded(bonded13)#10.7.0.66:2088@10.7.0.65,192.168.60.66:2088@192.168.50.65,192.168.5.166:2088@192.168.5.165&quot;,&quot;type&quot;:2,&quot;name&quot;:&quot;bond13&quot;,&quot;asi&quot;:0,&quot;rtmp&quot;:0,&quot;file&quot;:1,&quot;active&quot;:1,&quot;group&quot;:&quot;&quot;,&quot;bonded&quot;:[],&quot;error&quot;:&quot;None&quot;,&quot;con_stat&quot;:&quot;Connecting&quot;,&quot;bitrate&quot;:0,&quot;dest&quot;:&quot;bonded/bonded13&quot;},{&quot;mip&quot;:&quot;4000.ts&quot;,&quot;port&quot;:0,&quot;ip&quot;:&quot;file&quot;,&quot;in_name&quot;:&quot;bond&quot;,&quot;in_active&quot;:1,&quot;in_active_sources&quot;:0,&quot;prg_name&quot;:&quot;&quot;,&quot;prg_prov&quot;:&quot;&quot;,&quot;prg_num&quot;:-1,&quot;chan&quot;:&quot;&quot;,&quot;chan_id&quot;:-1,&quot;id&quot;:&quot;zixi://bonded(bonded10)#10.7.0.66:2088@10.7.0.65,192.168.60.66:2088@192.168.50.65,192.168.5.166:2088@192.168.5.165&quot;,&quot;type&quot;:2,&quot;name&quot;:&quot;bond10&quot;,&quot;asi&quot;:0,&quot;rtmp&quot;:0,&quot;file&quot;:1,&quot;active&quot;:1,&quot;group&quot;:&quot;&quot;,&quot;bonded&quot;:[],&quot;error&quot;:&quot;Authentication&quot;,&quot;con_stat&quot;:&quot;Connecting&quot;,&quot;bitrate&quot;:0,&quot;dest&quot;:&quot;bonded/bonded10&quot;},{&quot;mip&quot;:&quot;4000.ts&quot;,&quot;port&quot;:0,&quot;ip&quot;:&quot;file&quot;,&quot;in_name&quot;:&quot;bond&quot;,&quot;in_active&quot;:1,&quot;in_active_sources&quot;:0,&quot;prg_name&quot;:&quot;&quot;,&quot;prg_prov&quot;:&quot;&quot;,&quot;prg_num&quot;:-1,&quot;chan&quot;:&quot;&quot;,&quot;chan_id&quot;:-1,&quot;id&quot;:&quot;zixi://bonded(bonded12)#10.7.0.66:2088@10.7.0.65,192.168.60.66:2088@192.168.50.65,192.168.5.166:2088@192.168.5.165&quot;,&quot;type&quot;:2,&quot;name&quot;:&quot;bond12&quot;,&quot;asi&quot;:0,&quot;rtmp&quot;:0,&quot;file&quot;:1,&quot;active&quot;:1,&quot;group&quot;:&quot;&quot;,&quot;bonded&quot;:[],&quot;error&quot;:&quot;None&quot;,&quot;con_stat&quot;:&quot;Connecting&quot;,&quot;bitrate&quot;:0,&quot;dest&quot;:&quot;bonded/bonded12&quot;},{&quot;mip&quot;:&quot;4000.ts&quot;,&quot;port&quot;:0,&quot;ip&quot;:&quot;file&quot;,&quot;in_name&quot;:&quot;bond&quot;,&quot;in_active&quot;:1,&quot;in_active_sources&quot;:0,&quot;prg_name&quot;:&quot;&quot;,&quot;prg_prov&quot;:&quot;&quot;,&quot;prg_num&quot;:-1,&quot;chan&quot;:&quot;&quot;,&quot;chan_id&quot;:-1,&quot;id&quot;:&quot;zixi://bonded(bonded9)#10.7.0.66:2088@10.7.0.65,192.168.60.66:2088@192.168.50.65,192.168.5.166:2088@192.168.5.165&quot;,&quot;type&quot;:2,&quot;name&quot;:&quot;bond9&quot;,&quot;asi&quot;:0,&quot;rtmp&quot;:0,&quot;file&quot;:1,&quot;active&quot;:1,&quot;group&quot;:&quot;&quot;,&quot;bonded&quot;:[],&quot;error&quot;:&quot;None&quot;,&quot;con_stat&quot;:&quot;Connecting&quot;,&quot;bitrate&quot;:0,&quot;dest&quot;:&quot;bonded/bonded9&quot;},{&quot;mip&quot;:&quot;4000.ts&quot;,&quot;port&quot;:0,&quot;ip&quot;:&quot;file&quot;,&quot;in_name&quot;:&quot;bond&quot;,&quot;in_active&quot;:1,&quot;in_active_sources&quot;:0,&quot;prg_name&quot;:&quot;&quot;,&quot;prg_prov&quot;:&quot;&quot;,&quot;prg_num&quot;:-1,&quot;chan&quot;:&quot;&quot;,&quot;chan_id&quot;:-1,&quot;id&quot;:&quot;zixi://bonded(bonded5)#10.7.0.66:2088@10.7.0.65,192.168.60.66:2088@192.168.50.65,192.168.5.166:2088@192.168.5.165&quot;,&quot;type&quot;:2,&quot;name&quot;:&quot;bond5&quot;,&quot;asi&quot;:0,&quot;rtmp&quot;:0,&quot;file&quot;:1,&quot;active&quot;:1,&quot;group&quot;:&quot;&quot;,&quot;bonded&quot;:[],&quot;error&quot;:&quot;None&quot;,&quot;con_stat&quot;:&quot;Connecting&quot;,&quot;bitrate&quot;:0,&quot;dest&quot;:&quot;bonded/bonded5&quot;},{&quot;mip&quot;:&quot;4000.ts&quot;,&quot;port&quot;:0,&quot;ip&quot;:&quot;file&quot;,&quot;in_name&quot;:&quot;bond&quot;,&quot;in_active&quot;:1,&quot;in_active_sources&quot;:0,&quot;prg_name&quot;:&quot;&quot;,&quot;prg_prov&quot;:&quot;&quot;,&quot;prg_num&quot;:-1,&quot;chan&quot;:&quot;&quot;,&quot;chan_id&quot;:-1,&quot;id&quot;:&quot;zixi://bonded(bonded4)#10.7.0.66:2088@10.7.0.65,192.168.60.66:2088@192.168.50.65,192.168.5.166:2088@192.168.5.165&quot;,&quot;type&quot;:2,&quot;name&quot;:&quot;bond4&quot;,&quot;asi&quot;:0,&quot;rtmp&quot;:0,&quot;file&quot;:1,&quot;active&quot;:1,&quot;group&quot;:&quot;&quot;,&quot;bonded&quot;:[],&quot;error&quot;:&quot;Timeout&quot;,&quot;con_stat&quot;:&quot;Connecting&quot;,&quot;bitrate&quot;:0,&quot;dest&quot;:&quot;bonded/bonded4&quot;},{&quot;mip&quot;:&quot;4000.ts&quot;,&quot;port&quot;:0,&quot;ip&quot;:&quot;file&quot;,&quot;in_name&quot;:&quot;bond&quot;,&quot;in_active&quot;:1,&quot;in_active_sources&quot;:0,&quot;prg_name&quot;:&quot;&quot;,&quot;prg_prov&quot;:&quot;&quot;,&quot;prg_num&quot;:-1,&quot;chan&quot;:&quot;&quot;,&quot;chan_id&quot;:-1,&quot;id&quot;:&quot;zixi://bonded(bonded1)#10.7.0.66:2088@10.7.0.65,192.168.60.66:2088@192.168.50.65,192.168.5.166:2088@192.168.5.165&quot;,&quot;type&quot;:2,&quot;name&quot;:&quot;bond1&quot;,&quot;asi&quot;:0,&quot;rtmp&quot;:0,&quot;file&quot;:1,&quot;active&quot;:1,&quot;group&quot;:&quot;&quot;,&quot;bonded&quot;:[],&quot;error&quot;:&quot;None&quot;,&quot;con_stat&quot;:&quot;Connecting&quot;,&quot;bitrate&quot;:0,&quot;dest&quot;:&quot;bonded/bonded1&quot;},{&quot;mip&quot;:&quot;4000.ts&quot;,&quot;port&quot;:0,&quot;ip&quot;:&quot;file&quot;,&quot;in_name&quot;:&quot;bond&quot;,&quot;in_active&quot;:1,&quot;in_active_sources&quot;:0,&quot;prg_name&quot;:&quot;&quot;,&quot;prg_prov&quot;:&quot;&quot;,&quot;prg_num&quot;:-1,&quot;chan&quot;:&quot;&quot;,&quot;chan_id&quot;:-1,&quot;id&quot;:&quot;zixi://bonded(bonded2)#10.7.0.66:2088@10.7.0.65,192.168.60.66:2088@192.168.50.65,192.168.5.166:2088@192.168.5.165&quot;,&quot;type&quot;:2,&quot;name&quot;:&quot;bond2&quot;,&quot;asi&quot;:0,&quot;rtmp&quot;:0,&quot;file&quot;:1,&quot;active&quot;:1,&quot;group&quot;:&quot;&quot;,&quot;bonded&quot;:[],&quot;error&quot;:&quot;None&quot;,&quot;con_stat&quot;:&quot;Connecting&quot;,&quot;bitrate&quot;:0,&quot;dest&quot;:&quot;bonded/bonded2&quot;},{&quot;mip&quot;:&quot;4000.ts&quot;,&quot;port&quot;:0,&quot;ip&quot;:&quot;file&quot;,&quot;in_name&quot;:&quot;bond&quot;,&quot;in_active&quot;:1,&quot;in_active_sources&quot;:0,&quot;prg_name&quot;:&quot;&quot;,&quot;prg_prov&quot;:&quot;&quot;,&quot;prg_num&quot;:-1,&quot;chan&quot;:&quot;&quot;,&quot;chan_id&quot;:-1,&quot;id&quot;:&quot;zixi://bonded(bonded6)#10.7.0.66:2088@10.7.0.65,192.168.60.66:2088@192.168.50.65,192.168.5.166:2088@192.168.5.165&quot;,&quot;type&quot;:2,&quot;name&quot;:&quot;bond6&quot;,&quot;asi&quot;:0,&quot;rtmp&quot;:0,&quot;file&quot;:1,&quot;active&quot;:1,&quot;group&quot;:&quot;&quot;,&quot;bonded&quot;:[],&quot;error&quot;:&quot;None&quot;,&quot;con_stat&quot;:&quot;Connecting&quot;,&quot;bitrate&quot;:0,&quot;dest&quot;:&quot;bonded/bonded6&quot;}]}
Debug printing ------&gt;&gt;&gt; {&quot;custom_data&quot;:&quot;&quot;,&quot;msg&quot;:&quot;Output deleted.&quot;,&quot;error&quot;:&quot;&quot;,&quot;outs&quot;:[{&quot;mip&quot;:&quot;live_recording.ts&quot;,&quot;port&quot;:0,&quot;ip&quot;:&quot;file&quot;,&quot;in_name&quot;:&quot;feederoutputname&quot;,&quot;in_active&quot;:1,&quot;in_active_sources&quot;:0,&quot;prg_name&quot;:&quot;&quot;,&quot;prg_prov&quot;:&quot;&quot;,&quot;prg_num&quot;:1,&quot;chan&quot;:&quot;&quot;,&quot;chan_id&quot;:-1,&quot;id&quot;:&quot;zixi://10.7.0.66:2088/feederout&quot;,&quot;type&quot;:2,&quot;name&quot;:&quot;feederoutputname&quot;,&quot;asi&quot;:0,&quot;rtmp&quot;:0,&quot;file&quot;:1,&quot;active&quot;:1,&quot;group&quot;:&quot;&quot;,&quot;error&quot;:&quot;Authentication&quot;,&quot;con_stat&quot;:&quot;Disconnected&quot;,&quot;bitrate&quot;:0,&quot;dest&quot;:&quot;10.7.0.66:2088/feederout&quot;},{&quot;mip&quot;:&quot;4000.ts&quot;,&quot;port&quot;:0,&quot;ip&quot;:&quot;file&quot;,&quot;in_name&quot;:&quot;bond&quot;,&quot;in_active&quot;:1,&quot;in_active_sources&quot;:0,&quot;prg_name&quot;:&quot;&quot;,&quot;prg_prov&quot;:&quot;&quot;,&quot;prg_num&quot;:-1,&quot;chan&quot;:&quot;&quot;,&quot;chan_id&quot;:-1,&quot;id&quot;:&quot;zixi://bonded(bonded19)#10.7.0.66:2088@10.7.0.65,192.168.60.66:2088@192.168.50.65,192.168.5.166:2088@192.168.5.165&quot;,&quot;type&quot;:2,&quot;name&quot;:&quot;bond19&quot;,&quot;asi&quot;:0,&quot;rtmp&quot;:0,&quot;file&quot;:1,&quot;active&quot;:1,&quot;group&quot;:&quot;&quot;,&quot;bonded&quot;:[],&quot;error&quot;:&quot;None&quot;,&quot;con_stat&quot;:&quot;Connecting&quot;,&quot;bitrate&quot;:0,&quot;dest&quot;:&quot;bonded/bonded19&quot;},{&quot;mip&quot;:&quot;4000.ts&quot;,&quot;port&quot;:0,&quot;ip&quot;:&quot;file&quot;,&quot;in_name&quot;:&quot;bond&quot;,&quot;in_active&quot;:1,&quot;in_active_sources&quot;:0,&quot;prg_name&quot;:&quot;&quot;,&quot;prg_prov&quot;:&quot;&quot;,&quot;prg_num&quot;:-1,&quot;chan&quot;:&quot;&quot;,&quot;chan_id&quot;:-1,&quot;id&quot;:&quot;zixi://bonded(bonded48)#10.7.0.66:2088@10.7.0.65,192.168.60.66:2088@192.168.50.65,192.168.5.166:2088@192.168.5.165&quot;,&quot;type&quot;:2,&quot;name&quot;:&quot;bond48&quot;,&quot;asi&quot;:0,&quot;rtmp&quot;:0,&quot;file&quot;:1,&quot;active&quot;:1,&quot;group&quot;:&quot;&quot;,&quot;bonded&quot;:[],&quot;error&quot;:&quot;Timeout&quot;,&quot;con_stat&quot;:&quot;Connecting&quot;,&quot;bitrate&quot;:0,&quot;dest&quot;:&quot;bonded/bonded48&quot;},{&quot;mip&quot;:&quot;4000.ts&quot;,&quot;port&quot;:0,&quot;ip&quot;:&quot;file&quot;,&quot;in_name&quot;:&quot;bond&quot;,&quot;in_active&quot;:1,&quot;in_active_sources&quot;:0,&quot;prg_name&quot;:&quot;&quot;,&quot;prg_prov&quot;:&quot;&quot;,&quot;prg_num&quot;:-1,&quot;chan&quot;:&quot;&quot;,&quot;chan_id&quot;:-1,&quot;id&quot;:&quot;zixi://bonded(bonded47)#10.7.0.66:2088@10.7.0.65,192.168.60.66:2088@192.168.50.65,192.168.5.166:2088@192.168.5.165&quot;,&quot;type&quot;:2,&quot;name&quot;:&quot;bond47&quot;,&quot;asi&quot;:0,&quot;rtmp&quot;:0,&quot;file&quot;:1,&quot;active&quot;:1,&quot;group&quot;:&quot;&quot;,&quot;bonded&quot;:[],&quot;error&quot;:&quot;Authentication&quot;,&quot;con_stat&quot;:&quot;Connecting&quot;,&quot;bitrate&quot;:0,&quot;dest&quot;:&quot;bonded/bonded47&quot;},{&quot;mip&quot;:&quot;4000.ts&quot;,&quot;port&quot;:0,&quot;ip&quot;:&quot;file&quot;,&quot;in_name&quot;:&quot;bond&quot;,&quot;in_active&quot;:1,&quot;in_active_sources&quot;:0,&quot;prg_name&quot;:&quot;&quot;,&quot;prg_prov&quot;:&quot;&quot;,&quot;prg_num&quot;:-1,&quot;chan&quot;:&quot;&quot;,&quot;chan_id&quot;:-1,&quot;id&quot;:&quot;zixi://bonded(bonded38)#10.7.0.66:2088@10.7.0.65,192.168.60.66:2088@192.168.50.65,192.168.5.166:2088@192.168.5.165&quot;,&quot;type&quot;:2,&quot;name&quot;:&quot;bond38&quot;,&quot;asi&quot;:0,&quot;rtmp&quot;:0,&quot;file&quot;:1,&quot;active&quot;:1,&quot;group&quot;:&quot;&quot;,&quot;bonded&quot;:[],&quot;error&quot;:&quot;Timeout&quot;,&quot;con_stat&quot;:&quot;Connecting&quot;,&quot;bitrate&quot;:0,&quot;dest&quot;:&quot;bonded/bonded38&quot;},{&quot;mip&quot;:&quot;4000.ts&quot;,&quot;port&quot;:0,&quot;ip&quot;:&quot;file&quot;,&quot;in_name&quot;:&quot;bond&quot;,&quot;in_active&quot;:1,&quot;in_active_sources&quot;:0,&quot;prg_name&quot;:&quot;&quot;,&quot;prg_prov&quot;:&quot;&quot;,&quot;prg_num&quot;:-1,&quot;chan&quot;:&quot;&quot;,&quot;chan_id&quot;:-1,&quot;id&quot;:&quot;zixi://bonded(bonded18)#10.7.0.66:2088@10.7.0.65,192.168.60.66:2088@192.168.50.65,192.168.5.166:2088@192.168.5.165&quot;,&quot;type&quot;:2,&quot;name&quot;:&quot;bond18&quot;,&quot;asi&quot;:0,&quot;rtmp&quot;:0,&quot;file&quot;:1,&quot;active&quot;:1,&quot;group&quot;:&quot;&quot;,&quot;bonded&quot;:[],&quot;error&quot;:&quot;Timeout&quot;,&quot;con_stat&quot;:&quot;Connecting&quot;,&quot;bitrate&quot;:0,&quot;dest&quot;:&quot;bonded/bonded18&quot;},{&quot;mip&quot;:&quot;4000.ts&quot;,&quot;port&quot;:0,&quot;ip&quot;:&quot;file&quot;,&quot;in_name&quot;:&quot;bond&quot;,&quot;in_active&quot;:1,&quot;in_active_sources&quot;:0,&quot;prg_name&quot;:&quot;&quot;,&quot;prg_prov&quot;:&quot;&quot;,&quot;prg_num&quot;:-1,&quot;chan&quot;:&quot;&quot;,&quot;chan_id&quot;:-1,&quot;id&quot;:&quot;zixi://bonded(bonded25)#10.7.0.66:2088@10.7.0.65,192.168.60.66:2088@192.168.50.65,192.168.5.166:2088@192.168.5.165&quot;,&quot;type&quot;:2,&quot;name&quot;:&quot;bond25&quot;,&quot;asi&quot;:0,&quot;rtmp&quot;:0,&quot;file&quot;:1,&quot;active&quot;:1,&quot;group&quot;:&quot;&quot;,&quot;bonded&quot;:[],&quot;error&quot;:&quot;None&quot;,&quot;con_stat&quot;:&quot;Connecting&quot;,&quot;bitrate&quot;:0,&quot;dest&quot;:&quot;bonded/bonded25&quot;},{&quot;mip&quot;:&quot;4000.ts&quot;,&quot;port&quot;:0,&quot;ip&quot;:&quot;file&quot;,&quot;in_name&quot;:&quot;bond&quot;,&quot;in_active&quot;:1,&quot;in_active_sources&quot;:0,&quot;prg_name&quot;:&quot;&quot;,&quot;prg_prov&quot;:&quot;&quot;,&quot;prg_num&quot;:-1,&quot;chan&quot;:&quot;&quot;,&quot;chan_id&quot;:-1,&quot;id&quot;:&quot;zixi://bonded(bonded28)#10.7.0.66:2088@10.7.0.65,192.168.60.66:2088@192.168.50.65,192.168.5.166:2088@192.168.5.165&quot;,&quot;type&quot;:2,&quot;name&quot;:&quot;bond28&quot;,&quot;asi&quot;:0,&quot;rtmp&quot;:0,&quot;file&quot;:1,&quot;active&quot;:1,&quot;group&quot;:&quot;&quot;,&quot;bonded&quot;:[],&quot;error&quot;:&quot;None&quot;,&quot;con_stat&quot;:&quot;Connecting&quot;,&quot;bitrate&quot;:0,&quot;dest&quot;:&quot;bonded/bonded28&quot;},{&quot;mip&quot;:&quot;4000.ts&quot;,&quot;port&quot;:0,&quot;ip&quot;:&quot;file&quot;,&quot;in_name&quot;:&quot;bond&quot;,&quot;in_active&quot;:1,&quot;in_active_sources&quot;:0,&quot;prg_name&quot;:&quot;&quot;,&quot;prg_prov&quot;:&quot;&quot;,&quot;prg_num&quot;:-1,&quot;chan&quot;:&quot;&quot;,&quot;chan_id&quot;:-1,&quot;id&quot;:&quot;zixi://bonded(bonded15)#10.7.0.66:2088@10.7.0.65,192.168.60.66:2088@192.168.50.65,192.168.5.166:2088@192.168.5.165&quot;,&quot;type&quot;:2,&quot;name&quot;:&quot;bond15&quot;,&quot;asi&quot;:0,&quot;rtmp&quot;:0,&quot;file&quot;:1,&quot;active&quot;:1,&quot;group&quot;:&quot;&quot;,&quot;bonded&quot;:[],&quot;error&quot;:&quot;Timeout&quot;,&quot;con_stat&quot;:&quot;Connecting&quot;,&quot;bitrate&quot;:0,&quot;dest&quot;:&quot;bonded/bonded15&quot;},{&quot;mip&quot;:&quot;4000.ts&quot;,&quot;port&quot;:0,&quot;ip&quot;:&quot;file&quot;,&quot;in_name&quot;:&quot;bond&quot;,&quot;in_active&quot;:1,&quot;in_active_sources&quot;:0,&quot;prg_name&quot;:&quot;&quot;,&quot;prg_prov&quot;:&quot;&quot;,&quot;prg_num&quot;:-1,&quot;chan&quot;:&quot;&quot;,&quot;chan_id&quot;:-1,&quot;id&quot;:&quot;zixi://bonded(bonded24)#10.7.0.66:2088@10.7.0.65,192.168.60.66:2088@192.168.50.65,192.168.5.166:2088@192.168.5.165&quot;,&quot;type&quot;:2,&quot;name&quot;:&quot;bond24&quot;,&quot;asi&quot;:0,&quot;rtmp&quot;:0,&quot;file&quot;:1,&quot;active&quot;:1,&quot;group&quot;:&quot;&quot;,&quot;bonded&quot;:[],&quot;error&quot;:&quot;None&quot;,&quot;con_stat&quot;:&quot;Connecting&quot;,&quot;bitrate&quot;:0,&quot;dest&quot;:&quot;bonded/bonded24&quot;},{&quot;mip&quot;:&quot;4000.ts&quot;,&quot;port&quot;:0,&quot;ip&quot;:&quot;file&quot;,&quot;in_name&quot;:&quot;bond&quot;,&quot;in_active&quot;:1,&quot;in_active_sources&quot;:0,&quot;prg_name&quot;:&quot;&quot;,&quot;prg_prov&quot;:&quot;&quot;,&quot;prg_num&quot;:-1,&quot;chan&quot;:&quot;&quot;,&quot;chan_id&quot;:-1,&quot;id&quot;:&quot;zixi://bonded(bonded17)#10.7.0.66:2088@10.7.0.65,192.168.60.66:2088@192.168.50.65,192.168.5.166:2088@192.168.5.165&quot;,&quot;type&quot;:2,&quot;name&quot;:&quot;bond17&quot;,&quot;asi&quot;:0,&quot;rtmp&quot;:0,&quot;file&quot;:1,&quot;active&quot;:1,&quot;group&quot;:&quot;&quot;,&quot;bonded&quot;:[],&quot;error&quot;:&quot;None&quot;,&quot;con_stat&quot;:&quot;Connecting&quot;,&quot;bitrate&quot;:0,&quot;dest&quot;:&quot;bonded/bonded17&quot;},{&quot;mip&quot;:&quot;4000.ts&quot;,&quot;port&quot;:0,&quot;ip&quot;:&quot;file&quot;,&quot;in_name&quot;:&quot;bond&quot;,&quot;in_active&quot;:1,&quot;in_active_sources&quot;:0,&quot;prg_name&quot;:&quot;&quot;,&quot;prg_prov&quot;:&quot;&quot;,&quot;prg_num&quot;:-1,&quot;chan&quot;:&quot;&quot;,&quot;chan_id&quot;:-1,&quot;id&quot;:&quot;zixi://bonded(bonded23)#10.7.0.66:2088@10.7.0.65,192.168.60.66:2088@192.168.50.65,192.168.5.166:2088@192.168.5.165&quot;,&quot;type&quot;:2,&quot;name&quot;:&quot;bond23&quot;,&quot;asi&quot;:0,&quot;rtmp&quot;:0,&quot;file&quot;:1,&quot;active&quot;:1,&quot;group&quot;:&quot;&quot;,&quot;bonded&quot;:[],&quot;error&quot;:&quot;None&quot;,&quot;con_stat&quot;:&quot;Connecting&quot;,&quot;bitrate&quot;:0,&quot;dest&quot;:&quot;bonded/bonded23&quot;},{&quot;mip&quot;:&quot;4000.ts&quot;,&quot;port&quot;:0,&quot;ip&quot;:&quot;file&quot;,&quot;in_name&quot;:&quot;bond&quot;,&quot;in_active&quot;:1,&quot;in_active_sources&quot;:0,&quot;prg_name&quot;:&quot;&quot;,&quot;prg_prov&quot;:&quot;&quot;,&quot;prg_num&quot;:-1,&quot;chan&quot;:&quot;&quot;,&quot;chan_id&quot;:-1,&quot;id&quot;:&quot;zixi://bonded(bonded8)#10.7.0.66:2088@10.7.0.65,192.168.60.66:2088@192.168.50.65,192.168.5.166:2088@192.168.5.165&quot;,&quot;type&quot;:2,&quot;name&quot;:&quot;bond8&quot;,&quot;asi&quot;:0,&quot;rtmp&quot;:0,&quot;file&quot;:1,&quot;active&quot;:1,&quot;group&quot;:&quot;&quot;,&quot;bonded&quot;:[],&quot;error&quot;:&quot;None&quot;,&quot;con_stat&quot;:&quot;Connecting&quot;,&quot;bitrate&quot;:0,&quot;dest&quot;:&quot;bonded/bonded8&quot;},{&quot;mip&quot;:&quot;4000.ts&quot;,&quot;port&quot;:0,&quot;ip&quot;:&quot;file&quot;,&quot;in_name&quot;:&quot;bond&quot;,&quot;in_active&quot;:1,&quot;in_active_sources&quot;:0,&quot;prg_name&quot;:&quot;&quot;,&quot;prg_prov&quot;:&quot;&quot;,&quot;prg_num&quot;:-1,&quot;chan&quot;:&quot;&quot;,&quot;chan_id&quot;:-1,&quot;id&quot;:&quot;zixi://bonded(bonded20)#10.7.0.66:2088@10.7.0.65,192.168.60.66:2088@192.168.50.65,192.168.5.166:2088@192.168.5.165&quot;,&quot;type&quot;:2,&quot;name&quot;:&quot;bond20&quot;,&quot;asi&quot;:0,&quot;rtmp&quot;:0,&quot;file&quot;:1,&quot;active&quot;:1,&quot;group&quot;:&quot;&quot;,&quot;bonded&quot;:[],&quot;error&quot;:&quot;Timeout&quot;,&quot;con_stat&quot;:&quot;Connecting&quot;,&quot;bitrate&quot;:0,&quot;dest&quot;:&quot;bonded/bonded20&quot;},{&quot;mip&quot;:&quot;4000.ts&quot;,&quot;port&quot;:0,&quot;ip&quot;:&quot;file&quot;,&quot;in_name&quot;:&quot;bond&quot;,&quot;in_active&quot;:1,&quot;in_active_sources&quot;:0,&quot;prg_name&quot;:&quot;&quot;,&quot;prg_prov&quot;:&quot;&quot;,&quot;prg_num&quot;:-1,&quot;chan&quot;:&quot;&quot;,&quot;chan_id&quot;:-1,&quot;id&quot;:&quot;zixi://bonded(bonded16)#10.7.0.66:2088@10.7.0.65,192.168.60.66:2088@192.168.50.65,192.168.5.166:2088@192.168.5.165&quot;,&quot;type&quot;:2,&quot;name&quot;:&quot;bond16&quot;,&quot;asi&quot;:0,&quot;rtmp&quot;:0,&quot;file&quot;:1,&quot;active&quot;:1,&quot;group&quot;:&quot;&quot;,&quot;bonded&quot;:[],&quot;error&quot;:&quot;None&quot;,&quot;con_stat&quot;:&quot;Connecting&quot;,&quot;bitrate&quot;:0,&quot;dest&quot;:&quot;bonded/bonded16&quot;},{&quot;mip&quot;:&quot;4000.ts&quot;,&quot;port&quot;:0,&quot;ip&quot;:&quot;file&quot;,&quot;in_name&quot;:&quot;bond&quot;,&quot;in_active&quot;:1,&quot;in_active_sources&quot;:0,&quot;prg_name&quot;:&quot;&quot;,&quot;prg_prov&quot;:&quot;&quot;,&quot;prg_num&quot;:-1,&quot;chan&quot;:&quot;&quot;,&quot;chan_id&quot;:-1,&quot;id&quot;:&quot;zixi://bonded(bonded3)#10.7.0.66:2088@10.7.0.65,192.168.60.66:2088@192.168.50.65,192.168.5.166:2088@192.168.5.165&quot;,&quot;type&quot;:2,&quot;name&quot;:&quot;bond3&quot;,&quot;asi&quot;:0,&quot;rtmp&quot;:0,&quot;file&quot;:1,&quot;active&quot;:1,&quot;group&quot;:&quot;&quot;,&quot;bonded&quot;:[],&quot;error&quot;:&quot;None&quot;,&quot;con_stat&quot;:&quot;Connecting&quot;,&quot;bitrate&quot;:0,&quot;dest&quot;:&quot;bonded/bonded3&quot;},{&quot;mip&quot;:&quot;4000.ts&quot;,&quot;port&quot;:0,&quot;ip&quot;:&quot;file&quot;,&quot;in_name&quot;:&quot;bond&quot;,&quot;in_active&quot;:1,&quot;in_active_sources&quot;:0,&quot;prg_name&quot;:&quot;&quot;,&quot;prg_prov&quot;:&quot;&quot;,&quot;prg_num&quot;:-1,&quot;chan&quot;:&quot;&quot;,&quot;chan_id&quot;:-1,&quot;id&quot;:&quot;zixi://bonded(bonded0)#10.7.0.66:2088@10.7.0.65,192.168.60.66:2088@192.168.50.65,192.168.5.166:2088@192.168.5.165&quot;,&quot;type&quot;:2,&quot;name&quot;:&quot;bond0&quot;,&quot;asi&quot;:0,&quot;rtmp&quot;:0,&quot;file&quot;:1,&quot;active&quot;:1,&quot;group&quot;:&quot;&quot;,&quot;bonded&quot;:[],&quot;error&quot;:&quot;None&quot;,&quot;con_stat&quot;:&quot;Connecting&quot;,&quot;bitrate&quot;:0,&quot;dest&quot;:&quot;bonded/bonded0&quot;},{&quot;mip&quot;:&quot;4000.ts&quot;,&quot;port&quot;:0,&quot;ip&quot;:&quot;file&quot;,&quot;in_name&quot;:&quot;bond&quot;,&quot;in_active&quot;:1,&quot;in_active_sources&quot;:0,&quot;prg_name&quot;:&quot;&quot;,&quot;prg_prov&quot;:&quot;&quot;,&quot;prg_num&quot;:-1,&quot;chan&quot;:&quot;&quot;,&quot;chan_id&quot;:-1,&quot;id&quot;:&quot;zixi://bonded(bonded14)#10.7.0.66:2088@10.7.0.65,192.168.60.66:2088@192.168.50.65,192.168.5.166:2088@192.168.5.165&quot;,&quot;type&quot;:2,&quot;name&quot;:&quot;bond14&quot;,&quot;asi&quot;:0,&quot;rtmp&quot;:0,&quot;file&quot;:1,&quot;active&quot;:1,&quot;group&quot;:&quot;&quot;,&quot;bonded&quot;:[],&quot;error&quot;:&quot;Timeout&quot;,&quot;con_stat&quot;:&quot;Connecting&quot;,&quot;bitrate&quot;:0,&quot;dest&quot;:&quot;bonded/bonded14&quot;},{&quot;mip&quot;:&quot;4000.ts&quot;,&quot;port&quot;:0,&quot;ip&quot;:&quot;file&quot;,&quot;in_name&quot;:&quot;bond&quot;,&quot;in_active&quot;:1,&quot;in_active_sources&quot;:0,&quot;prg_name&quot;:&quot;&quot;,&quot;prg_prov&quot;:&quot;&quot;,&quot;prg_num&quot;:-1,&quot;chan&quot;:&quot;&quot;,&quot;chan_id&quot;:-1,&quot;id&quot;:&quot;zixi://bonded(bonded7)#10.7.0.66:2088@10.7.0.65,192.168.60.66:2088@192.168.50.65,192.168.5.166:2088@192.168.5.165&quot;,&quot;type&quot;:2,&quot;name&quot;:&quot;bond7&quot;,&quot;asi&quot;:0,&quot;rtmp&quot;:0,&quot;file&quot;:1,&quot;active&quot;:1,&quot;group&quot;:&quot;&quot;,&quot;bonded&quot;:[],&quot;error&quot;:&quot;None&quot;,&quot;con_stat&quot;:&quot;Connecting&quot;,&quot;bitrate&quot;:0,&quot;dest&quot;:&quot;bonded/bonded7&quot;},{&quot;mip&quot;:&quot;4000.ts&quot;,&quot;port&quot;:0,&quot;ip&quot;:&quot;file&quot;,&quot;in_name&quot;:&quot;bond&quot;,&quot;in_active&quot;:1,&quot;in_active_sources&quot;:0,&quot;prg_name&quot;:&quot;&quot;,&quot;prg_prov&quot;:&quot;&quot;,&quot;prg_num&quot;:-1,&quot;chan&quot;:&quot;&quot;,&quot;chan_id&quot;:-1,&quot;id&quot;:&quot;zixi://bonded(bonded11)#10.7.0.66:2088@10.7.0.65,192.168.60.66:2088@192.168.50.65,192.168.5.166:2088@192.168.5.165&quot;,&quot;type&quot;:2,&quot;name&quot;:&quot;bond11&quot;,&quot;asi&quot;:0,&quot;rtmp&quot;:0,&quot;file&quot;:1,&quot;active&quot;:1,&quot;group&quot;:&quot;&quot;,&quot;bonded&quot;:[],&quot;error&quot;:&quot;None&quot;,&quot;con_stat&quot;:&quot;Connecting&quot;,&quot;bitrate&quot;:0,&quot;dest&quot;:&quot;bonded/bonded11&quot;},{&quot;mip&quot;:&quot;4000.ts&quot;,&quot;port&quot;:0,&quot;ip&quot;:&quot;file&quot;,&quot;in_name&quot;:&quot;bond&quot;,&quot;in_active&quot;:1,&quot;in_active_sources&quot;:0,&quot;prg_name&quot;:&quot;&quot;,&quot;prg_prov&quot;:&quot;&quot;,&quot;prg_num&quot;:-1,&quot;chan&quot;:&quot;&quot;,&quot;chan_id&quot;:-1,&quot;id&quot;:&quot;zixi://bonded(bonded13)#10.7.0.66:2088@10.7.0.65,192.168.60.66:2088@192.168.50.65,192.168.5.166:2088@192.168.5.165&quot;,&quot;type&quot;:2,&quot;name&quot;:&quot;bond13&quot;,&quot;asi&quot;:0,&quot;rtmp&quot;:0,&quot;file&quot;:1,&quot;active&quot;:1,&quot;group&quot;:&quot;&quot;,&quot;bonded&quot;:[],&quot;error&quot;:&quot;None&quot;,&quot;con_stat&quot;:&quot;Connecting&quot;,&quot;bitrate&quot;:0,&quot;dest&quot;:&quot;bonded/bonded13&quot;},{&quot;mip&quot;:&quot;4000.ts&quot;,&quot;port&quot;:0,&quot;ip&quot;:&quot;file&quot;,&quot;in_name&quot;:&quot;bond&quot;,&quot;in_active&quot;:1,&quot;in_active_sources&quot;:0,&quot;prg_name&quot;:&quot;&quot;,&quot;prg_prov&quot;:&quot;&quot;,&quot;prg_num&quot;:-1,&quot;chan&quot;:&quot;&quot;,&quot;chan_id&quot;:-1,&quot;id&quot;:&quot;zixi://bonded(bonded10)#10.7.0.66:2088@10.7.0.65,192.168.60.66:2088@192.168.50.65,192.168.5.166:2088@192.168.5.165&quot;,&quot;type&quot;:2,&quot;name&quot;:&quot;bond10&quot;,&quot;asi&quot;:0,&quot;rtmp&quot;:0,&quot;file&quot;:1,&quot;active&quot;:1,&quot;group&quot;:&quot;&quot;,&quot;bonded&quot;:[],&quot;error&quot;:&quot;Authentication&quot;,&quot;con_stat&quot;:&quot;Connecting&quot;,&quot;bitrate&quot;:0,&quot;dest&quot;:&quot;bonded/bonded10&quot;},{&quot;mip&quot;:&quot;4000.ts&quot;,&quot;port&quot;:0,&quot;ip&quot;:&quot;file&quot;,&quot;in_name&quot;:&quot;bond&quot;,&quot;in_active&quot;:1,&quot;in_active_sources&quot;:0,&quot;prg_name&quot;:&quot;&quot;,&quot;prg_prov&quot;:&quot;&quot;,&quot;prg_num&quot;:-1,&quot;chan&quot;:&quot;&quot;,&quot;chan_id&quot;:-1,&quot;id&quot;:&quot;zixi://bonded(bonded12)#10.7.0.66:2088@10.7.0.65,192.168.60.66:2088@192.168.50.65,192.168.5.166:2088@192.168.5.165&quot;,&quot;type&quot;:2,&quot;name&quot;:&quot;bond12&quot;,&quot;asi&quot;:0,&quot;rtmp&quot;:0,&quot;file&quot;:1,&quot;active&quot;:1,&quot;group&quot;:&quot;&quot;,&quot;bonded&quot;:[],&quot;error&quot;:&quot;None&quot;,&quot;con_stat&quot;:&quot;Connecting&quot;,&quot;bitrate&quot;:0,&quot;dest&quot;:&quot;bonded/bonded12&quot;},{&quot;mip&quot;:&quot;4000.ts&quot;,&quot;port&quot;:0,&quot;ip&quot;:&quot;file&quot;,&quot;in_name&quot;:&quot;bond&quot;,&quot;in_active&quot;:1,&quot;in_active_sources&quot;:0,&quot;prg_name&quot;:&quot;&quot;,&quot;prg_prov&quot;:&quot;&quot;,&quot;prg_num&quot;:-1,&quot;chan&quot;:&quot;&quot;,&quot;chan_id&quot;:-1,&quot;id&quot;:&quot;zixi://bonded(bonded9)#10.7.0.66:2088@10.7.0.65,192.168.60.66:2088@192.168.50.65,192.168.5.166:2088@192.168.5.165&quot;,&quot;type&quot;:2,&quot;name&quot;:&quot;bond9&quot;,&quot;asi&quot;:0,&quot;rtmp&quot;:0,&quot;file&quot;:1,&quot;active&quot;:1,&quot;group&quot;:&quot;&quot;,&quot;bonded&quot;:[],&quot;error&quot;:&quot;None&quot;,&quot;con_stat&quot;:&quot;Connecting&quot;,&quot;bitrate&quot;:0,&quot;dest&quot;:&quot;bonded/bonded9&quot;},{&quot;mip&quot;:&quot;4000.ts&quot;,&quot;port&quot;:0,&quot;ip&quot;:&quot;file&quot;,&quot;in_name&quot;:&quot;bond&quot;,&quot;in_active&quot;:1,&quot;in_active_sources&quot;:0,&quot;prg_name&quot;:&quot;&quot;,&quot;prg_prov&quot;:&quot;&quot;,&quot;prg_num&quot;:-1,&quot;chan&quot;:&quot;&quot;,&quot;chan_id&quot;:-1,&quot;id&quot;:&quot;zixi://bonded(bonded5)#10.7.0.66:2088@10.7.0.65,192.168.60.66:2088@192.168.50.65,192.168.5.166:2088@192.168.5.165&quot;,&quot;type&quot;:2,&quot;name&quot;:&quot;bond5&quot;,&quot;asi&quot;:0,&quot;rtmp&quot;:0,&quot;file&quot;:1,&quot;active&quot;:1,&quot;group&quot;:&quot;&quot;,&quot;bonded&quot;:[],&quot;error&quot;:&quot;None&quot;,&quot;con_stat&quot;:&quot;Connecting&quot;,&quot;bitrate&quot;:0,&quot;dest&quot;:&quot;bonded/bonded5&quot;},{&quot;mip&quot;:&quot;4000.ts&quot;,&quot;port&quot;:0,&quot;ip&quot;:&quot;file&quot;,&quot;in_name&quot;:&quot;bond&quot;,&quot;in_active&quot;:1,&quot;in_active_sources&quot;:0,&quot;prg_name&quot;:&quot;&quot;,&quot;prg_prov&quot;:&quot;&quot;,&quot;prg_num&quot;:-1,&quot;chan&quot;:&quot;&quot;,&quot;chan_id&quot;:-1,&quot;id&quot;:&quot;zixi://bonded(bonded4)#10.7.0.66:2088@10.7.0.65,192.168.60.66:2088@192.168.50.65,192.168.5.166:2088@192.168.5.165&quot;,&quot;type&quot;:2,&quot;name&quot;:&quot;bond4&quot;,&quot;asi&quot;:0,&quot;rtmp&quot;:0,&quot;file&quot;:1,&quot;active&quot;:1,&quot;group&quot;:&quot;&quot;,&quot;bonded&quot;:[],&quot;error&quot;:&quot;Timeout&quot;,&quot;con_stat&quot;:&quot;Connecting&quot;,&quot;bitrate&quot;:0,&quot;dest&quot;:&quot;bonded/bonded4&quot;},{&quot;mip&quot;:&quot;4000.ts&quot;,&quot;port&quot;:0,&quot;ip&quot;:&quot;file&quot;,&quot;in_name&quot;:&quot;bond&quot;,&quot;in_active&quot;:1,&quot;in_active_sources&quot;:0,&quot;prg_name&quot;:&quot;&quot;,&quot;prg_prov&quot;:&quot;&quot;,&quot;prg_num&quot;:-1,&quot;chan&quot;:&quot;&quot;,&quot;chan_id&quot;:-1,&quot;id&quot;:&quot;zixi://bonded(bonded1)#10.7.0.66:2088@10.7.0.65,192.168.60.66:2088@192.168.50.65,192.168.5.166:2088@192.168.5.165&quot;,&quot;type&quot;:2,&quot;name&quot;:&quot;bond1&quot;,&quot;asi&quot;:0,&quot;rtmp&quot;:0,&quot;file&quot;:1,&quot;active&quot;:1,&quot;group&quot;:&quot;&quot;,&quot;bonded&quot;:[],&quot;error&quot;:&quot;None&quot;,&quot;con_stat&quot;:&quot;Connecting&quot;,&quot;bitrate&quot;:0,&quot;dest&quot;:&quot;bonded/bonded1&quot;},{&quot;mip&quot;:&quot;4000.ts&quot;,&quot;port&quot;:0,&quot;ip&quot;:&quot;file&quot;,&quot;in_name&quot;:&quot;bond&quot;,&quot;in_active&quot;:1,&quot;in_active_sources&quot;:0,&quot;prg_name&quot;:&quot;&quot;,&quot;prg_prov&quot;:&quot;&quot;,&quot;prg_num&quot;:-1,&quot;chan&quot;:&quot;&quot;,&quot;chan_id&quot;:-1,&quot;id&quot;:&quot;zixi://bonded(bonded2)#10.7.0.66:2088@10.7.0.65,192.168.60.66:2088@192.168.50.65,192.168.5.166:2088@192.168.5.165&quot;,&quot;type&quot;:2,&quot;name&quot;:&quot;bond2&quot;,&quot;asi&quot;:0,&quot;rtmp&quot;:0,&quot;file&quot;:1,&quot;active&quot;:1,&quot;group&quot;:&quot;&quot;,&quot;bonded&quot;:[],&quot;error&quot;:&quot;None&quot;,&quot;con_stat&quot;:&quot;Connecting&quot;,&quot;bitrate&quot;:0,&quot;dest&quot;:&quot;bonded/bonded2&quot;},{&quot;mip&quot;:&quot;4000.ts&quot;,&quot;port&quot;:0,&quot;ip&quot;:&quot;file&quot;,&quot;in_name&quot;:&quot;bond&quot;,&quot;in_active&quot;:1,&quot;in_active_sources&quot;:0,&quot;prg_name&quot;:&quot;&quot;,&quot;prg_prov&quot;:&quot;&quot;,&quot;prg_num&quot;:-1,&quot;chan&quot;:&quot;&quot;,&quot;chan_id&quot;:-1,&quot;id&quot;:&quot;zixi://bonded(bonded6)#10.7.0.66:2088@10.7.0.65,192.168.60.66:2088@192.168.50.65,192.168.5.166:2088@192.168.5.165&quot;,&quot;type&quot;:2,&quot;name&quot;:&quot;bond6&quot;,&quot;asi&quot;:0,&quot;rtmp&quot;:0,&quot;file&quot;:1,&quot;active&quot;:1,&quot;group&quot;:&quot;&quot;,&quot;bonded&quot;:[],&quot;error&quot;:&quot;None&quot;,&quot;con_stat&quot;:&quot;Connecting&quot;,&quot;bitrate&quot;:0,&quot;dest&quot;:&quot;bonded/bonded6&quot;}]}
Debug printing ------&gt;&gt;&gt; {&quot;custom_data&quot;:&quot;&quot;,&quot;msg&quot;:&quot;Output deleted.&quot;,&quot;error&quot;:&quot;&quot;,&quot;outs&quot;:[{&quot;mip&quot;:&quot;live_recording.ts&quot;,&quot;port&quot;:0,&quot;ip&quot;:&quot;file&quot;,&quot;in_name&quot;:&quot;feederoutputname&quot;,&quot;in_active&quot;:1,&quot;in_active_sources&quot;:0,&quot;prg_name&quot;:&quot;&quot;,&quot;prg_prov&quot;:&quot;&quot;,&quot;prg_num&quot;:1,&quot;chan&quot;:&quot;&quot;,&quot;chan_id&quot;:-1,&quot;id&quot;:&quot;zixi://10.7.0.66:2088/feederout&quot;,&quot;type&quot;:2,&quot;name&quot;:&quot;feederoutputname&quot;,&quot;asi&quot;:0,&quot;rtmp&quot;:0,&quot;file&quot;:1,&quot;active&quot;:1,&quot;group&quot;:&quot;&quot;,&quot;error&quot;:&quot;Authentication&quot;,&quot;con_stat&quot;:&quot;Disconnected&quot;,&quot;bitrate&quot;:0,&quot;dest&quot;:&quot;10.7.0.66:2088/feederout&quot;},{&quot;mip&quot;:&quot;4000.ts&quot;,&quot;port&quot;:0,&quot;ip&quot;:&quot;file&quot;,&quot;in_name&quot;:&quot;bond&quot;,&quot;in_active&quot;:1,&quot;in_active_sources&quot;:0,&quot;prg_name&quot;:&quot;&quot;,&quot;prg_prov&quot;:&quot;&quot;,&quot;prg_num&quot;:-1,&quot;chan&quot;:&quot;&quot;,&quot;chan_id&quot;:-1,&quot;id&quot;:&quot;zixi://bonded(bonded0)#10.7.0.66:2088@10.7.0.65,192.168.60.66:2088@192.168.50.65,192.168.5.166:2088@192.168.5.165&quot;,&quot;type&quot;:2,&quot;name&quot;:&quot;bond0&quot;,&quot;asi&quot;:0,&quot;rtmp&quot;:0,&quot;file&quot;:1,&quot;active&quot;:1,&quot;group&quot;:&quot;&quot;,&quot;bonded&quot;:[],&quot;error&quot;:&quot;None&quot;,&quot;con_stat&quot;:&quot;Connecting&quot;,&quot;bitrate&quot;:0,&quot;dest&quot;:&quot;bonded/bonded0&quot;},{&quot;mip&quot;:&quot;4000.ts&quot;,&quot;port&quot;:0,&quot;ip&quot;:&quot;file&quot;,&quot;in_name&quot;:&quot;bond&quot;,&quot;in_active&quot;:1,&quot;in_active_sources&quot;:0,&quot;prg_name&quot;:&quot;&quot;,&quot;prg_prov&quot;:&quot;&quot;,&quot;prg_num&quot;:-1,&quot;chan&quot;:&quot;&quot;,&quot;chan_id&quot;:-1,&quot;id&quot;:&quot;zixi://bonded(bonded48)#10.7.0.66:2088@10.7.0.65,192.168.60.66:2088@192.168.50.65,192.168.5.166:2088@192.168.5.165&quot;,&quot;type&quot;:2,&quot;name&quot;:&quot;bond48&quot;,&quot;asi&quot;:0,&quot;rtmp&quot;:0,&quot;file&quot;:1,&quot;active&quot;:1,&quot;group&quot;:&quot;&quot;,&quot;bonded&quot;:[],&quot;error&quot;:&quot;Timeout&quot;,&quot;con_stat&quot;:&quot;Connecting&quot;,&quot;bitrate&quot;:0,&quot;dest&quot;:&quot;bonded/bonded48&quot;},{&quot;mip&quot;:&quot;4000.ts&quot;,&quot;port&quot;:0,&quot;ip&quot;:&quot;file&quot;,&quot;in_name&quot;:&quot;bond&quot;,&quot;in_active&quot;:1,&quot;in_active_sources&quot;:0,&quot;prg_name&quot;:&quot;&quot;,&quot;prg_prov&quot;:&quot;&quot;,&quot;prg_num&quot;:-1,&quot;chan&quot;:&quot;&quot;,&quot;chan_id&quot;:-1,&quot;id&quot;:&quot;zixi://bonded(bonded47)#10.7.0.66:2088@10.7.0.65,192.168.60.66:2088@192.168.50.65,192.168.5.166:2088@192.168.5.165&quot;,&quot;type&quot;:2,&quot;name&quot;:&quot;bond47&quot;,&quot;asi&quot;:0,&quot;rtmp&quot;:0,&quot;file&quot;:1,&quot;active&quot;:1,&quot;group&quot;:&quot;&quot;,&quot;bonded&quot;:[],&quot;error&quot;:&quot;Authentication&quot;,&quot;con_stat&quot;:&quot;Connecting&quot;,&quot;bitrate&quot;:0,&quot;dest&quot;:&quot;bonded/bonded47&quot;},{&quot;mip&quot;:&quot;4000.ts&quot;,&quot;port&quot;:0,&quot;ip&quot;:&quot;file&quot;,&quot;in_name&quot;:&quot;bond&quot;,&quot;in_active&quot;:1,&quot;in_active_sources&quot;:0,&quot;prg_name&quot;:&quot;&quot;,&quot;prg_prov&quot;:&quot;&quot;,&quot;prg_num&quot;:-1,&quot;chan&quot;:&quot;&quot;,&quot;chan_id&quot;:-1,&quot;id&quot;:&quot;zixi://bonded(bonded18)#10.7.0.66:2088@10.7.0.65,192.168.60.66:2088@192.168.50.65,192.168.5.166:2088@192.168.5.165&quot;,&quot;type&quot;:2,&quot;name&quot;:&quot;bond18&quot;,&quot;asi&quot;:0,&quot;rtmp&quot;:0,&quot;file&quot;:1,&quot;active&quot;:1,&quot;group&quot;:&quot;&quot;,&quot;bonded&quot;:[],&quot;error&quot;:&quot;Timeout&quot;,&quot;con_stat&quot;:&quot;Connecting&quot;,&quot;bitrate&quot;:0,&quot;dest&quot;:&quot;bonded/bonded18&quot;},{&quot;mip&quot;:&quot;4000.ts&quot;,&quot;port&quot;:0,&quot;ip&quot;:&quot;file&quot;,&quot;in_name&quot;:&quot;bond&quot;,&quot;in_active&quot;:1,&quot;in_active_sources&quot;:0,&quot;prg_name&quot;:&quot;&quot;,&quot;prg_prov&quot;:&quot;&quot;,&quot;prg_num&quot;:-1,&quot;chan&quot;:&quot;&quot;,&quot;chan_id&quot;:-1,&quot;id&quot;:&quot;zixi://bonded(bonded25)#10.7.0.66:2088@10.7.0.65,192.168.60.66:2088@192.168.50.65,192.168.5.166:2088@192.168.5.165&quot;,&quot;type&quot;:2,&quot;name&quot;:&quot;bond25&quot;,&quot;asi&quot;:0,&quot;rtmp&quot;:0,&quot;file&quot;:1,&quot;active&quot;:1,&quot;group&quot;:&quot;&quot;,&quot;bonded&quot;:[],&quot;error&quot;:&quot;None&quot;,&quot;con_stat&quot;:&quot;Connecting&quot;,&quot;bitrate&quot;:0,&quot;dest&quot;:&quot;bonded/bonded25&quot;},{&quot;mip&quot;:&quot;4000.ts&quot;,&quot;port&quot;:0,&quot;ip&quot;:&quot;file&quot;,&quot;in_name&quot;:&quot;bond&quot;,&quot;in_active&quot;:1,&quot;in_active_sources&quot;:0,&quot;prg_name&quot;:&quot;&quot;,&quot;prg_prov&quot;:&quot;&quot;,&quot;prg_num&quot;:-1,&quot;chan&quot;:&quot;&quot;,&quot;chan_id&quot;:-1,&quot;id&quot;:&quot;zixi://bonded(bonded28)#10.7.0.66:2088@10.7.0.65,192.168.60.66:2088@192.168.50.65,192.168.5.166:2088@192.168.5.165&quot;,&quot;type&quot;:2,&quot;name&quot;:&quot;bond28&quot;,&quot;asi&quot;:0,&quot;rtmp&quot;:0,&quot;file&quot;:1,&quot;active&quot;:1,&quot;group&quot;:&quot;&quot;,&quot;bonded&quot;:[],&quot;error&quot;:&quot;None&quot;,&quot;con_stat&quot;:&quot;Connecting&quot;,&quot;bitrate&quot;:0,&quot;dest&quot;:&quot;bonded/bonded28&quot;},{&quot;mip&quot;:&quot;4000.ts&quot;,&quot;port&quot;:0,&quot;ip&quot;:&quot;file&quot;,&quot;in_name&quot;:&quot;bond&quot;,&quot;in_active&quot;:1,&quot;in_active_sources&quot;:0,&quot;prg_name&quot;:&quot;&quot;,&quot;prg_prov&quot;:&quot;&quot;,&quot;prg_num&quot;:-1,&quot;chan&quot;:&quot;&quot;,&quot;chan_id&quot;:-1,&quot;id&quot;:&quot;zixi://bonded(bonded15)#10.7.0.66:2088@10.7.0.65,192.168.60.66:2088@192.168.50.65,192.168.5.166:2088@192.168.5.165&quot;,&quot;type&quot;:2,&quot;name&quot;:&quot;bond15&quot;,&quot;asi&quot;:0,&quot;rtmp&quot;:0,&quot;file&quot;:1,&quot;active&quot;:1,&quot;group&quot;:&quot;&quot;,&quot;bonded&quot;:[],&quot;error&quot;:&quot;Timeout&quot;,&quot;con_stat&quot;:&quot;Connecting&quot;,&quot;bitrate&quot;:0,&quot;dest&quot;:&quot;bonded/bonded15&quot;},{&quot;mip&quot;:&quot;4000.ts&quot;,&quot;port&quot;:0,&quot;ip&quot;:&quot;file&quot;,&quot;in_name&quot;:&quot;bond&quot;,&quot;in_active&quot;:1,&quot;in_active_sources&quot;:0,&quot;prg_name&quot;:&quot;&quot;,&quot;prg_prov&quot;:&quot;&quot;,&quot;prg_num&quot;:-1,&quot;chan&quot;:&quot;&quot;,&quot;chan_id&quot;:-1,&quot;id&quot;:&quot;zixi://bonded(bonded24)#10.7.0.66:2088@10.7.0.65,192.168.60.66:2088@192.168.50.65,192.168.5.166:2088@192.168.5.165&quot;,&quot;type&quot;:2,&quot;name&quot;:&quot;bond24&quot;,&quot;asi&quot;:0,&quot;rtmp&quot;:0,&quot;file&quot;:1,&quot;active&quot;:1,&quot;group&quot;:&quot;&quot;,&quot;bonded&quot;:[],&quot;error&quot;:&quot;None&quot;,&quot;con_stat&quot;:&quot;Connecting&quot;,&quot;bitrate&quot;:0,&quot;dest&quot;:&quot;bonded/bonded24&quot;},{&quot;mip&quot;:&quot;4000.ts&quot;,&quot;port&quot;:0,&quot;ip&quot;:&quot;file&quot;,&quot;in_name&quot;:&quot;bond&quot;,&quot;in_active&quot;:1,&quot;in_active_sources&quot;:0,&quot;prg_name&quot;:&quot;&quot;,&quot;prg_prov&quot;:&quot;&quot;,&quot;prg_num&quot;:-1,&quot;chan&quot;:&quot;&quot;,&quot;chan_id&quot;:-1,&quot;id&quot;:&quot;zixi://bonded(bonded17)#10.7.0.66:2088@10.7.0.65,192.168.60.66:2088@192.168.50.65,192.168.5.166:2088@192.168.5.165&quot;,&quot;type&quot;:2,&quot;name&quot;:&quot;bond17&quot;,&quot;asi&quot;:0,&quot;rtmp&quot;:0,&quot;file&quot;:1,&quot;active&quot;:1,&quot;group&quot;:&quot;&quot;,&quot;bonded&quot;:[],&quot;error&quot;:&quot;None&quot;,&quot;con_stat&quot;:&quot;Connecting&quot;,&quot;bitrate&quot;:0,&quot;dest&quot;:&quot;bonded/bonded17&quot;},{&quot;mip&quot;:&quot;4000.ts&quot;,&quot;port&quot;:0,&quot;ip&quot;:&quot;file&quot;,&quot;in_name&quot;:&quot;bond&quot;,&quot;in_active&quot;:1,&quot;in_active_sources&quot;:0,&quot;prg_name&quot;:&quot;&quot;,&quot;prg_prov&quot;:&quot;&quot;,&quot;prg_num&quot;:-1,&quot;chan&quot;:&quot;&quot;,&quot;chan_id&quot;:-1,&quot;id&quot;:&quot;zixi://bonded(bonded23)#10.7.0.66:2088@10.7.0.65,192.168.60.66:2088@192.168.50.65,192.168.5.166:2088@192.168.5.165&quot;,&quot;type&quot;:2,&quot;name&quot;:&quot;bond23&quot;,&quot;asi&quot;:0,&quot;rtmp&quot;:0,&quot;file&quot;:1,&quot;active&quot;:1,&quot;group&quot;:&quot;&quot;,&quot;bonded&quot;:[],&quot;error&quot;:&quot;None&quot;,&quot;con_stat&quot;:&quot;Connecting&quot;,&quot;bitrate&quot;:0,&quot;dest&quot;:&quot;bonded/bonded23&quot;},{&quot;mip&quot;:&quot;4000.ts&quot;,&quot;port&quot;:0,&quot;ip&quot;:&quot;file&quot;,&quot;in_name&quot;:&quot;bond&quot;,&quot;in_active&quot;:1,&quot;in_active_sources&quot;:0,&quot;prg_name&quot;:&quot;&quot;,&quot;prg_prov&quot;:&quot;&quot;,&quot;prg_num&quot;:-1,&quot;chan&quot;:&quot;&quot;,&quot;chan_id&quot;:-1,&quot;id&quot;:&quot;zixi://bonded(bonded8)#10.7.0.66:2088@10.7.0.65,192.168.60.66:2088@192.168.50.65,192.168.5.166:2088@192.168.5.165&quot;,&quot;type&quot;:2,&quot;name&quot;:&quot;bond8&quot;,&quot;asi&quot;:0,&quot;rtmp&quot;:0,&quot;file&quot;:1,&quot;active&quot;:1,&quot;group&quot;:&quot;&quot;,&quot;bonded&quot;:[],&quot;error&quot;:&quot;None&quot;,&quot;con_stat&quot;:&quot;Connecting&quot;,&quot;bitrate&quot;:0,&quot;dest&quot;:&quot;bonded/bonded8&quot;},{&quot;mip&quot;:&quot;4000.ts&quot;,&quot;port&quot;:0,&quot;ip&quot;:&quot;file&quot;,&quot;in_name&quot;:&quot;bond&quot;,&quot;in_active&quot;:1,&quot;in_active_sources&quot;:0,&quot;prg_name&quot;:&quot;&quot;,&quot;prg_prov&quot;:&quot;&quot;,&quot;prg_num&quot;:-1,&quot;chan&quot;:&quot;&quot;,&quot;chan_id&quot;:-1,&quot;id&quot;:&quot;zixi://bonded(bonded20)#10.7.0.66:2088@10.7.0.65,192.168.60.66:2088@192.168.50.65,192.168.5.166:2088@192.168.5.165&quot;,&quot;type&quot;:2,&quot;name&quot;:&quot;bond20&quot;,&quot;asi&quot;:0,&quot;rtmp&quot;:0,&quot;file&quot;:1,&quot;active&quot;:1,&quot;group&quot;:&quot;&quot;,&quot;bonded&quot;:[],&quot;error&quot;:&quot;Timeout&quot;,&quot;con_stat&quot;:&quot;Connecting&quot;,&quot;bitrate&quot;:0,&quot;dest&quot;:&quot;bonded/bonded20&quot;},{&quot;mip&quot;:&quot;4000.ts&quot;,&quot;port&quot;:0,&quot;ip&quot;:&quot;file&quot;,&quot;in_name&quot;:&quot;bond&quot;,&quot;in_active&quot;:1,&quot;in_active_sources&quot;:0,&quot;prg_name&quot;:&quot;&quot;,&quot;prg_prov&quot;:&quot;&quot;,&quot;prg_num&quot;:-1,&quot;chan&quot;:&quot;&quot;,&quot;chan_id&quot;:-1,&quot;id&quot;:&quot;zixi://bonded(bonded16)#10.7.0.66:2088@10.7.0.65,192.168.60.66:2088@192.168.50.65,192.168.5.166:2088@192.168.5.165&quot;,&quot;type&quot;:2,&quot;name&quot;:&quot;bond16&quot;,&quot;asi&quot;:0,&quot;rtmp&quot;:0,&quot;file&quot;:1,&quot;active&quot;:1,&quot;group&quot;:&quot;&quot;,&quot;bonded&quot;:[],&quot;error&quot;:&quot;None&quot;,&quot;con_stat&quot;:&quot;Connecting&quot;,&quot;bitrate&quot;:0,&quot;dest&quot;:&quot;bonded/bonded16&quot;},{&quot;mip&quot;:&quot;4000.ts&quot;,&quot;port&quot;:0,&quot;ip&quot;:&quot;file&quot;,&quot;in_name&quot;:&quot;bond&quot;,&quot;in_active&quot;:1,&quot;in_active_sources&quot;:0,&quot;prg_name&quot;:&quot;&quot;,&quot;prg_prov&quot;:&quot;&quot;,&quot;prg_num&quot;:-1,&quot;chan&quot;:&quot;&quot;,&quot;chan_id&quot;:-1,&quot;id&quot;:&quot;zixi://bonded(bonded19)#10.7.0.66:2088@10.7.0.65,192.168.60.66:2088@192.168.50.65,192.168.5.166:2088@192.168.5.165&quot;,&quot;type&quot;:2,&quot;name&quot;:&quot;bond19&quot;,&quot;asi&quot;:0,&quot;rtmp&quot;:0,&quot;file&quot;:1,&quot;active&quot;:1,&quot;group&quot;:&quot;&quot;,&quot;bonded&quot;:[],&quot;error&quot;:&quot;None&quot;,&quot;con_stat&quot;:&quot;Connecting&quot;,&quot;bitrate&quot;:0,&quot;dest&quot;:&quot;bonded/bonded19&quot;},{&quot;mip&quot;:&quot;4000.ts&quot;,&quot;port&quot;:0,&quot;ip&quot;:&quot;file&quot;,&quot;in_name&quot;:&quot;bond&quot;,&quot;in_active&quot;:1,&quot;in_active_sources&quot;:0,&quot;prg_name&quot;:&quot;&quot;,&quot;prg_prov&quot;:&quot;&quot;,&quot;prg_num&quot;:-1,&quot;chan&quot;:&quot;&quot;,&quot;chan_id&quot;:-1,&quot;id&quot;:&quot;zixi://bonded(bonded3)#10.7.0.66:2088@10.7.0.65,192.168.60.66:2088@192.168.50.65,192.168.5.166:2088@192.168.5.165&quot;,&quot;type&quot;:2,&quot;name&quot;:&quot;bond3&quot;,&quot;asi&quot;:0,&quot;rtmp&quot;:0,&quot;file&quot;:1,&quot;active&quot;:1,&quot;group&quot;:&quot;&quot;,&quot;bonded&quot;:[],&quot;error&quot;:&quot;None&quot;,&quot;con_stat&quot;:&quot;Connecting&quot;,&quot;bitrate&quot;:0,&quot;dest&quot;:&quot;bonded/bonded3&quot;},{&quot;mip&quot;:&quot;4000.ts&quot;,&quot;port&quot;:0,&quot;ip&quot;:&quot;file&quot;,&quot;in_name&quot;:&quot;bond&quot;,&quot;in_active&quot;:1,&quot;in_active_sources&quot;:0,&quot;prg_name&quot;:&quot;&quot;,&quot;prg_prov&quot;:&quot;&quot;,&quot;prg_num&quot;:-1,&quot;chan&quot;:&quot;&quot;,&quot;chan_id&quot;:-1,&quot;id&quot;:&quot;zixi://bonded(bonded14)#10.7.0.66:2088@10.7.0.65,192.168.60.66:2088@192.168.50.65,192.168.5.166:2088@192.168.5.165&quot;,&quot;type&quot;:2,&quot;name&quot;:&quot;bond14&quot;,&quot;asi&quot;:0,&quot;rtmp&quot;:0,&quot;file&quot;:1,&quot;active&quot;:1,&quot;group&quot;:&quot;&quot;,&quot;bonded&quot;:[],&quot;error&quot;:&quot;Timeout&quot;,&quot;con_stat&quot;:&quot;Connecting&quot;,&quot;bitrate&quot;:0,&quot;dest&quot;:&quot;bonded/bonded14&quot;},{&quot;mip&quot;:&quot;4000.ts&quot;,&quot;port&quot;:0,&quot;ip&quot;:&quot;file&quot;,&quot;in_name&quot;:&quot;bond&quot;,&quot;in_active&quot;:1,&quot;in_active_sources&quot;:0,&quot;prg_name&quot;:&quot;&quot;,&quot;prg_prov&quot;:&quot;&quot;,&quot;prg_num&quot;:-1,&quot;chan&quot;:&quot;&quot;,&quot;chan_id&quot;:-1,&quot;id&quot;:&quot;zixi://bonded(bonded7)#10.7.0.66:2088@10.7.0.65,192.168.60.66:2088@192.168.50.65,192.168.5.166:2088@192.168.5.165&quot;,&quot;type&quot;:2,&quot;name&quot;:&quot;bond7&quot;,&quot;asi&quot;:0,&quot;rtmp&quot;:0,&quot;file&quot;:1,&quot;active&quot;:1,&quot;group&quot;:&quot;&quot;,&quot;bonded&quot;:[],&quot;error&quot;:&quot;None&quot;,&quot;con_stat&quot;:&quot;Connecting&quot;,&quot;bitrate&quot;:0,&quot;dest&quot;:&quot;bonded/bonded7&quot;},{&quot;mip&quot;:&quot;4000.ts&quot;,&quot;port&quot;:0,&quot;ip&quot;:&quot;file&quot;,&quot;in_name&quot;:&quot;bond&quot;,&quot;in_active&quot;:1,&quot;in_active_sources&quot;:0,&quot;prg_name&quot;:&quot;&quot;,&quot;prg_prov&quot;:&quot;&quot;,&quot;prg_num&quot;:-1,&quot;chan&quot;:&quot;&quot;,&quot;chan_id&quot;:-1,&quot;id&quot;:&quot;zixi://bonded(bonded11)#10.7.0.66:2088@10.7.0.65,192.168.60.66:2088@192.168.50.65,192.168.5.166:2088@192.168.5.165&quot;,&quot;type&quot;:2,&quot;name&quot;:&quot;bond11&quot;,&quot;asi&quot;:0,&quot;rtmp&quot;:0,&quot;file&quot;:1,&quot;active&quot;:1,&quot;group&quot;:&quot;&quot;,&quot;bonded&quot;:[],&quot;error&quot;:&quot;None&quot;,&quot;con_stat&quot;:&quot;Connecting&quot;,&quot;bitrate&quot;:0,&quot;dest&quot;:&quot;bonded/bonded11&quot;},{&quot;mip&quot;:&quot;4000.ts&quot;,&quot;port&quot;:0,&quot;ip&quot;:&quot;file&quot;,&quot;in_name&quot;:&quot;bond&quot;,&quot;in_active&quot;:1,&quot;in_active_sources&quot;:0,&quot;prg_name&quot;:&quot;&quot;,&quot;prg_prov&quot;:&quot;&quot;,&quot;prg_num&quot;:-1,&quot;chan&quot;:&quot;&quot;,&quot;chan_id&quot;:-1,&quot;id&quot;:&quot;zixi://bonded(bonded13)#10.7.0.66:2088@10.7.0.65,192.168.60.66:2088@192.168.50.65,192.168.5.166:2088@192.168.5.165&quot;,&quot;type&quot;:2,&quot;name&quot;:&quot;bond13&quot;,&quot;asi&quot;:0,&quot;rtmp&quot;:0,&quot;file&quot;:1,&quot;active&quot;:1,&quot;group&quot;:&quot;&quot;,&quot;bonded&quot;:[],&quot;error&quot;:&quot;None&quot;,&quot;con_stat&quot;:&quot;Connecting&quot;,&quot;bitrate&quot;:0,&quot;dest&quot;:&quot;bonded/bonded13&quot;},{&quot;mip&quot;:&quot;4000.ts&quot;,&quot;port&quot;:0,&quot;ip&quot;:&quot;file&quot;,&quot;in_name&quot;:&quot;bond&quot;,&quot;in_active&quot;:1,&quot;in_active_sources&quot;:0,&quot;prg_name&quot;:&quot;&quot;,&quot;prg_prov&quot;:&quot;&quot;,&quot;prg_num&quot;:-1,&quot;chan&quot;:&quot;&quot;,&quot;chan_id&quot;:-1,&quot;id&quot;:&quot;zixi://bonded(bonded10)#10.7.0.66:2088@10.7.0.65,192.168.60.66:2088@192.168.50.65,192.168.5.166:2088@192.168.5.165&quot;,&quot;type&quot;:2,&quot;name&quot;:&quot;bond10&quot;,&quot;asi&quot;:0,&quot;rtmp&quot;:0,&quot;file&quot;:1,&quot;active&quot;:1,&quot;group&quot;:&quot;&quot;,&quot;bonded&quot;:[],&quot;error&quot;:&quot;Authentication&quot;,&quot;con_stat&quot;:&quot;Connecting&quot;,&quot;bitrate&quot;:0,&quot;dest&quot;:&quot;bonded/bonded10&quot;},{&quot;mip&quot;:&quot;4000.ts&quot;,&quot;port&quot;:0,&quot;ip&quot;:&quot;file&quot;,&quot;in_name&quot;:&quot;bond&quot;,&quot;in_active&quot;:1,&quot;in_active_sources&quot;:0,&quot;prg_name&quot;:&quot;&quot;,&quot;prg_prov&quot;:&quot;&quot;,&quot;prg_num&quot;:-1,&quot;chan&quot;:&quot;&quot;,&quot;chan_id&quot;:-1,&quot;id&quot;:&quot;zixi://bonded(bonded12)#10.7.0.66:2088@10.7.0.65,192.168.60.66:2088@192.168.50.65,192.168.5.166:2088@192.168.5.165&quot;,&quot;type&quot;:2,&quot;name&quot;:&quot;bond12&quot;,&quot;asi&quot;:0,&quot;rtmp&quot;:0,&quot;file&quot;:1,&quot;active&quot;:1,&quot;group&quot;:&quot;&quot;,&quot;bonded&quot;:[],&quot;error&quot;:&quot;None&quot;,&quot;con_stat&quot;:&quot;Connecting&quot;,&quot;bitrate&quot;:0,&quot;dest&quot;:&quot;bonded/bonded12&quot;},{&quot;mip&quot;:&quot;4000.ts&quot;,&quot;port&quot;:0,&quot;ip&quot;:&quot;file&quot;,&quot;in_name&quot;:&quot;bond&quot;,&quot;in_active&quot;:1,&quot;in_active_sources&quot;:0,&quot;prg_name&quot;:&quot;&quot;,&quot;prg_prov&quot;:&quot;&quot;,&quot;prg_num&quot;:-1,&quot;chan&quot;:&quot;&quot;,&quot;chan_id&quot;:-1,&quot;id&quot;:&quot;zixi://bonded(bonded9)#10.7.0.66:2088@10.7.0.65,192.168.60.66:2088@192.168.50.65,192.168.5.166:2088@192.168.5.165&quot;,&quot;type&quot;:2,&quot;name&quot;:&quot;bond9&quot;,&quot;asi&quot;:0,&quot;rtmp&quot;:0,&quot;file&quot;:1,&quot;active&quot;:1,&quot;group&quot;:&quot;&quot;,&quot;bonded&quot;:[],&quot;error&quot;:&quot;None&quot;,&quot;con_stat&quot;:&quot;Connecting&quot;,&quot;bitrate&quot;:0,&quot;dest&quot;:&quot;bonded/bonded9&quot;},{&quot;mip&quot;:&quot;4000.ts&quot;,&quot;port&quot;:0,&quot;ip&quot;:&quot;file&quot;,&quot;in_name&quot;:&quot;bond&quot;,&quot;in_active&quot;:1,&quot;in_active_sources&quot;:0,&quot;prg_name&quot;:&quot;&quot;,&quot;prg_prov&quot;:&quot;&quot;,&quot;prg_num&quot;:-1,&quot;chan&quot;:&quot;&quot;,&quot;chan_id&quot;:-1,&quot;id&quot;:&quot;zixi://bonded(bonded5)#10.7.0.66:2088@10.7.0.65,192.168.60.66:2088@192.168.50.65,192.168.5.166:2088@192.168.5.165&quot;,&quot;type&quot;:2,&quot;name&quot;:&quot;bond5&quot;,&quot;asi&quot;:0,&quot;rtmp&quot;:0,&quot;file&quot;:1,&quot;active&quot;:1,&quot;group&quot;:&quot;&quot;,&quot;bonded&quot;:[],&quot;error&quot;:&quot;None&quot;,&quot;con_stat&quot;:&quot;Connecting&quot;,&quot;bitrate&quot;:0,&quot;dest&quot;:&quot;bonded/bonded5&quot;},{&quot;mip&quot;:&quot;4000.ts&quot;,&quot;port&quot;:0,&quot;ip&quot;:&quot;file&quot;,&quot;in_name&quot;:&quot;bond&quot;,&quot;in_active&quot;:1,&quot;in_active_sources&quot;:0,&quot;prg_name&quot;:&quot;&quot;,&quot;prg_prov&quot;:&quot;&quot;,&quot;prg_num&quot;:-1,&quot;chan&quot;:&quot;&quot;,&quot;chan_id&quot;:-1,&quot;id&quot;:&quot;zixi://bonded(bonded4)#10.7.0.66:2088@10.7.0.65,192.168.60.66:2088@192.168.50.65,192.168.5.166:2088@192.168.5.165&quot;,&quot;type&quot;:2,&quot;name&quot;:&quot;bond4&quot;,&quot;asi&quot;:0,&quot;rtmp&quot;:0,&quot;file&quot;:1,&quot;active&quot;:1,&quot;group&quot;:&quot;&quot;,&quot;bonded&quot;:[],&quot;error&quot;:&quot;Timeout&quot;,&quot;con_stat&quot;:&quot;Connecting&quot;,&quot;bitrate&quot;:0,&quot;dest&quot;:&quot;bonded/bonded4&quot;},{&quot;mip&quot;:&quot;4000.ts&quot;,&quot;port&quot;:0,&quot;ip&quot;:&quot;file&quot;,&quot;in_name&quot;:&quot;bond&quot;,&quot;in_active&quot;:1,&quot;in_active_sources&quot;:0,&quot;prg_name&quot;:&quot;&quot;,&quot;prg_prov&quot;:&quot;&quot;,&quot;prg_num&quot;:-1,&quot;chan&quot;:&quot;&quot;,&quot;chan_id&quot;:-1,&quot;id&quot;:&quot;zixi://bonded(bonded1)#10.7.0.66:2088@10.7.0.65,192.168.60.66:2088@192.168.50.65,192.168.5.166:2088@192.168.5.165&quot;,&quot;type&quot;:2,&quot;name&quot;:&quot;bond1&quot;,&quot;asi&quot;:0,&quot;rtmp&quot;:0,&quot;file&quot;:1,&quot;active&quot;:1,&quot;group&quot;:&quot;&quot;,&quot;bonded&quot;:[],&quot;error&quot;:&quot;None&quot;,&quot;con_stat&quot;:&quot;Connecting&quot;,&quot;bitrate&quot;:0,&quot;dest&quot;:&quot;bonded/bonded1&quot;},{&quot;mip&quot;:&quot;4000.ts&quot;,&quot;port&quot;:0,&quot;ip&quot;:&quot;file&quot;,&quot;in_name&quot;:&quot;bond&quot;,&quot;in_active&quot;:1,&quot;in_active_sources&quot;:0,&quot;prg_name&quot;:&quot;&quot;,&quot;prg_prov&quot;:&quot;&quot;,&quot;prg_num&quot;:-1,&quot;chan&quot;:&quot;&quot;,&quot;chan_id&quot;:-1,&quot;id&quot;:&quot;zixi://bonded(bonded2)#10.7.0.66:2088@10.7.0.65,192.168.60.66:2088@192.168.50.65,192.168.5.166:2088@192.168.5.165&quot;,&quot;type&quot;:2,&quot;name&quot;:&quot;bond2&quot;,&quot;asi&quot;:0,&quot;rtmp&quot;:0,&quot;file&quot;:1,&quot;active&quot;:1,&quot;group&quot;:&quot;&quot;,&quot;bonded&quot;:[],&quot;error&quot;:&quot;None&quot;,&quot;con_stat&quot;:&quot;Connecting&quot;,&quot;bitrate&quot;:0,&quot;dest&quot;:&quot;bonded/bonded2&quot;},{&quot;mip&quot;:&quot;4000.ts&quot;,&quot;port&quot;:0,&quot;ip&quot;:&quot;file&quot;,&quot;in_name&quot;:&quot;bond&quot;,&quot;in_active&quot;:1,&quot;in_active_sources&quot;:0,&quot;prg_name&quot;:&quot;&quot;,&quot;prg_prov&quot;:&quot;&quot;,&quot;prg_num&quot;:-1,&quot;chan&quot;:&quot;&quot;,&quot;chan_id&quot;:-1,&quot;id&quot;:&quot;zixi://bonded(bonded6)#10.7.0.66:2088@10.7.0.65,192.168.60.66:2088@192.168.50.65,192.168.5.166:2088@192.168.5.165&quot;,&quot;type&quot;:2,&quot;name&quot;:&quot;bond6&quot;,&quot;asi&quot;:0,&quot;rtmp&quot;:0,&quot;file&quot;:1,&quot;active&quot;:1,&quot;group&quot;:&quot;&quot;,&quot;bonded&quot;:[],&quot;error&quot;:&quot;None&quot;,&quot;con_stat&quot;:&quot;Connecting&quot;,&quot;bitrate&quot;:0,&quot;dest&quot;:&quot;bonded/bonded6&quot;}]}
Debug printing ------&gt;&gt;&gt; {&quot;custom_data&quot;:&quot;&quot;,&quot;msg&quot;:&quot;Output deleted.&quot;,&quot;error&quot;:&quot;&quot;,&quot;outs&quot;:[{&quot;mip&quot;:&quot;live_recording.ts&quot;,&quot;port&quot;:0,&quot;ip&quot;:&quot;file&quot;,&quot;in_name&quot;:&quot;feederoutputname&quot;,&quot;in_active&quot;:1,&quot;in_active_sources&quot;:0,&quot;prg_name&quot;:&quot;&quot;,&quot;prg_prov&quot;:&quot;&quot;,&quot;prg_num&quot;:1,&quot;chan&quot;:&quot;&quot;,&quot;chan_id&quot;:-1,&quot;id&quot;:&quot;zixi://10.7.0.66:2088/feederout&quot;,&quot;type&quot;:2,&quot;name&quot;:&quot;feederoutputname&quot;,&quot;asi&quot;:0,&quot;rtmp&quot;:0,&quot;file&quot;:1,&quot;active&quot;:1,&quot;group&quot;:&quot;&quot;,&quot;error&quot;:&quot;Authentication&quot;,&quot;con_stat&quot;:&quot;Disconnected&quot;,&quot;bitrate&quot;:0,&quot;dest&quot;:&quot;10.7.0.66:2088/feederout&quot;},{&quot;mip&quot;:&quot;4000.ts&quot;,&quot;port&quot;:0,&quot;ip&quot;:&quot;file&quot;,&quot;in_name&quot;:&quot;bond&quot;,&quot;in_active&quot;:1,&quot;in_active_sources&quot;:0,&quot;prg_name&quot;:&quot;&quot;,&quot;prg_prov&quot;:&quot;&quot;,&quot;prg_num&quot;:-1,&quot;chan&quot;:&quot;&quot;,&quot;chan_id&quot;:-1,&quot;id&quot;:&quot;zixi://bonded(bonded0)#10.7.0.66:2088@10.7.0.65,192.168.60.66:2088@192.168.50.65,192.168.5.166:2088@192.168.5.165&quot;,&quot;type&quot;:2,&quot;name&quot;:&quot;bond0&quot;,&quot;asi&quot;:0,&quot;rtmp&quot;:0,&quot;file&quot;:1,&quot;active&quot;:1,&quot;group&quot;:&quot;&quot;,&quot;bonded&quot;:[],&quot;error&quot;:&quot;None&quot;,&quot;con_stat&quot;:&quot;Connecting&quot;,&quot;bitrate&quot;:0,&quot;dest&quot;:&quot;bonded/bonded0&quot;},{&quot;mip&quot;:&quot;4000.ts&quot;,&quot;port&quot;:0,&quot;ip&quot;:&quot;file&quot;,&quot;in_name&quot;:&quot;bond&quot;,&quot;in_active&quot;:1,&quot;in_active_sources&quot;:0,&quot;prg_name&quot;:&quot;&quot;,&quot;prg_prov&quot;:&quot;&quot;,&quot;prg_num&quot;:-1,&quot;chan&quot;:&quot;&quot;,&quot;chan_id&quot;:-1,&quot;id&quot;:&quot;zixi://bonded(bonded48)#10.7.0.66:2088@10.7.0.65,192.168.60.66:2088@192.168.50.65,192.168.5.166:2088@192.168.5.165&quot;,&quot;type&quot;:2,&quot;name&quot;:&quot;bond48&quot;,&quot;asi&quot;:0,&quot;rtmp&quot;:0,&quot;file&quot;:1,&quot;active&quot;:1,&quot;group&quot;:&quot;&quot;,&quot;bonded&quot;:[],&quot;error&quot;:&quot;Timeout&quot;,&quot;con_stat&quot;:&quot;Connecting&quot;,&quot;bitrate&quot;:0,&quot;dest&quot;:&quot;bonded/bonded48&quot;},{&quot;mip&quot;:&quot;4000.ts&quot;,&quot;port&quot;:0,&quot;ip&quot;:&quot;file&quot;,&quot;in_name&quot;:&quot;bond&quot;,&quot;in_active&quot;:1,&quot;in_active_sources&quot;:0,&quot;prg_name&quot;:&quot;&quot;,&quot;prg_prov&quot;:&quot;&quot;,&quot;prg_num&quot;:-1,&quot;chan&quot;:&quot;&quot;,&quot;chan_id&quot;:-1,&quot;id&quot;:&quot;zixi://bonded(bonded18)#10.7.0.66:2088@10.7.0.65,192.168.60.66:2088@192.168.50.65,192.168.5.166:2088@192.168.5.165&quot;,&quot;type&quot;:2,&quot;name&quot;:&quot;bond18&quot;,&quot;asi&quot;:0,&quot;rtmp&quot;:0,&quot;file&quot;:1,&quot;active&quot;:1,&quot;group&quot;:&quot;&quot;,&quot;bonded&quot;:[],&quot;error&quot;:&quot;Timeout&quot;,&quot;con_stat&quot;:&quot;Connecting&quot;,&quot;bitrate&quot;:0,&quot;dest&quot;:&quot;bonded/bonded18&quot;},{&quot;mip&quot;:&quot;4000.ts&quot;,&quot;port&quot;:0,&quot;ip&quot;:&quot;file&quot;,&quot;in_name&quot;:&quot;bond&quot;,&quot;in_active&quot;:1,&quot;in_active_sources&quot;:0,&quot;prg_name&quot;:&quot;&quot;,&quot;prg_prov&quot;:&quot;&quot;,&quot;prg_num&quot;:-1,&quot;chan&quot;:&quot;&quot;,&quot;chan_id&quot;:-1,&quot;id&quot;:&quot;zixi://bonded(bonded25)#10.7.0.66:2088@10.7.0.65,192.168.60.66:2088@192.168.50.65,192.168.5.166:2088@192.168.5.165&quot;,&quot;type&quot;:2,&quot;name&quot;:&quot;bond25&quot;,&quot;asi&quot;:0,&quot;rtmp&quot;:0,&quot;file&quot;:1,&quot;active&quot;:1,&quot;group&quot;:&quot;&quot;,&quot;bonded&quot;:[],&quot;error&quot;:&quot;None&quot;,&quot;con_stat&quot;:&quot;Connecting&quot;,&quot;bitrate&quot;:0,&quot;dest&quot;:&quot;bonded/bonded25&quot;},{&quot;mip&quot;:&quot;4000.ts&quot;,&quot;port&quot;:0,&quot;ip&quot;:&quot;file&quot;,&quot;in_name&quot;:&quot;bond&quot;,&quot;in_active&quot;:1,&quot;in_active_sources&quot;:0,&quot;prg_name&quot;:&quot;&quot;,&quot;prg_prov&quot;:&quot;&quot;,&quot;prg_num&quot;:-1,&quot;chan&quot;:&quot;&quot;,&quot;chan_id&quot;:-1,&quot;id&quot;:&quot;zixi://bonded(bonded28)#10.7.0.66:2088@10.7.0.65,192.168.60.66:2088@192.168.50.65,192.168.5.166:2088@192.168.5.165&quot;,&quot;type&quot;:2,&quot;name&quot;:&quot;bond28&quot;,&quot;asi&quot;:0,&quot;rtmp&quot;:0,&quot;file&quot;:1,&quot;active&quot;:1,&quot;group&quot;:&quot;&quot;,&quot;bonded&quot;:[],&quot;error&quot;:&quot;None&quot;,&quot;con_stat&quot;:&quot;Connecting&quot;,&quot;bitrate&quot;:0,&quot;dest&quot;:&quot;bonded/bonded28&quot;},{&quot;mip&quot;:&quot;4000.ts&quot;,&quot;port&quot;:0,&quot;ip&quot;:&quot;file&quot;,&quot;in_name&quot;:&quot;bond&quot;,&quot;in_active&quot;:1,&quot;in_active_sources&quot;:0,&quot;prg_name&quot;:&quot;&quot;,&quot;prg_prov&quot;:&quot;&quot;,&quot;prg_num&quot;:-1,&quot;chan&quot;:&quot;&quot;,&quot;chan_id&quot;:-1,&quot;id&quot;:&quot;zixi://bonded(bonded15)#10.7.0.66:2088@10.7.0.65,192.168.60.66:2088@192.168.50.65,192.168.5.166:2088@192.168.5.165&quot;,&quot;type&quot;:2,&quot;name&quot;:&quot;bond15&quot;,&quot;asi&quot;:0,&quot;rtmp&quot;:0,&quot;file&quot;:1,&quot;active&quot;:1,&quot;group&quot;:&quot;&quot;,&quot;bonded&quot;:[],&quot;error&quot;:&quot;Timeout&quot;,&quot;con_stat&quot;:&quot;Connecting&quot;,&quot;bitrate&quot;:0,&quot;dest&quot;:&quot;bonded/bonded15&quot;},{&quot;mip&quot;:&quot;4000.ts&quot;,&quot;port&quot;:0,&quot;ip&quot;:&quot;file&quot;,&quot;in_name&quot;:&quot;bond&quot;,&quot;in_active&quot;:1,&quot;in_active_sources&quot;:0,&quot;prg_name&quot;:&quot;&quot;,&quot;prg_prov&quot;:&quot;&quot;,&quot;prg_num&quot;:-1,&quot;chan&quot;:&quot;&quot;,&quot;chan_id&quot;:-1,&quot;id&quot;:&quot;zixi://bonded(bonded24)#10.7.0.66:2088@10.7.0.65,192.168.60.66:2088@192.168.50.65,192.168.5.166:2088@192.168.5.165&quot;,&quot;type&quot;:2,&quot;name&quot;:&quot;bond24&quot;,&quot;asi&quot;:0,&quot;rtmp&quot;:0,&quot;file&quot;:1,&quot;active&quot;:1,&quot;group&quot;:&quot;&quot;,&quot;bonded&quot;:[],&quot;error&quot;:&quot;None&quot;,&quot;con_stat&quot;:&quot;Connecting&quot;,&quot;bitrate&quot;:0,&quot;dest&quot;:&quot;bonded/bonded24&quot;},{&quot;mip&quot;:&quot;4000.ts&quot;,&quot;port&quot;:0,&quot;ip&quot;:&quot;file&quot;,&quot;in_name&quot;:&quot;bond&quot;,&quot;in_active&quot;:1,&quot;in_active_sources&quot;:0,&quot;prg_name&quot;:&quot;&quot;,&quot;prg_prov&quot;:&quot;&quot;,&quot;prg_num&quot;:-1,&quot;chan&quot;:&quot;&quot;,&quot;chan_id&quot;:-1,&quot;id&quot;:&quot;zixi://bonded(bonded17)#10.7.0.66:2088@10.7.0.65,192.168.60.66:2088@192.168.50.65,192.168.5.166:2088@192.168.5.165&quot;,&quot;type&quot;:2,&quot;name&quot;:&quot;bond17&quot;,&quot;asi&quot;:0,&quot;rtmp&quot;:0,&quot;file&quot;:1,&quot;active&quot;:1,&quot;group&quot;:&quot;&quot;,&quot;bonded&quot;:[],&quot;error&quot;:&quot;None&quot;,&quot;con_stat&quot;:&quot;Connecting&quot;,&quot;bitrate&quot;:0,&quot;dest&quot;:&quot;bonded/bonded17&quot;},{&quot;mip&quot;:&quot;4000.ts&quot;,&quot;port&quot;:0,&quot;ip&quot;:&quot;file&quot;,&quot;in_name&quot;:&quot;bond&quot;,&quot;in_active&quot;:1,&quot;in_active_sources&quot;:0,&quot;prg_name&quot;:&quot;&quot;,&quot;prg_prov&quot;:&quot;&quot;,&quot;prg_num&quot;:-1,&quot;chan&quot;:&quot;&quot;,&quot;chan_id&quot;:-1,&quot;id&quot;:&quot;zixi://bonded(bonded23)#10.7.0.66:2088@10.7.0.65,192.168.60.66:2088@192.168.50.65,192.168.5.166:2088@192.168.5.165&quot;,&quot;type&quot;:2,&quot;name&quot;:&quot;bond23&quot;,&quot;asi&quot;:0,&quot;rtmp&quot;:0,&quot;file&quot;:1,&quot;active&quot;:1,&quot;group&quot;:&quot;&quot;,&quot;bonded&quot;:[],&quot;error&quot;:&quot;None&quot;,&quot;con_stat&quot;:&quot;Connecting&quot;,&quot;bitrate&quot;:0,&quot;dest&quot;:&quot;bonded/bonded23&quot;},{&quot;mip&quot;:&quot;4000.ts&quot;,&quot;port&quot;:0,&quot;ip&quot;:&quot;file&quot;,&quot;in_name&quot;:&quot;bond&quot;,&quot;in_active&quot;:1,&quot;in_active_sources&quot;:0,&quot;prg_name&quot;:&quot;&quot;,&quot;prg_prov&quot;:&quot;&quot;,&quot;prg_num&quot;:-1,&quot;chan&quot;:&quot;&quot;,&quot;chan_id&quot;:-1,&quot;id&quot;:&quot;zixi://bonded(bonded8)#10.7.0.66:2088@10.7.0.65,192.168.60.66:2088@192.168.50.65,192.168.5.166:2088@192.168.5.165&quot;,&quot;type&quot;:2,&quot;name&quot;:&quot;bond8&quot;,&quot;asi&quot;:0,&quot;rtmp&quot;:0,&quot;file&quot;:1,&quot;active&quot;:1,&quot;group&quot;:&quot;&quot;,&quot;bonded&quot;:[],&quot;error&quot;:&quot;None&quot;,&quot;con_stat&quot;:&quot;Connecting&quot;,&quot;bitrate&quot;:0,&quot;dest&quot;:&quot;bonded/bonded8&quot;},{&quot;mip&quot;:&quot;4000.ts&quot;,&quot;port&quot;:0,&quot;ip&quot;:&quot;file&quot;,&quot;in_name&quot;:&quot;bond&quot;,&quot;in_active&quot;:1,&quot;in_active_sources&quot;:0,&quot;prg_name&quot;:&quot;&quot;,&quot;prg_prov&quot;:&quot;&quot;,&quot;prg_num&quot;:-1,&quot;chan&quot;:&quot;&quot;,&quot;chan_id&quot;:-1,&quot;id&quot;:&quot;zixi://bonded(bonded20)#10.7.0.66:2088@10.7.0.65,192.168.60.66:2088@192.168.50.65,192.168.5.166:2088@192.168.5.165&quot;,&quot;type&quot;:2,&quot;name&quot;:&quot;bond20&quot;,&quot;asi&quot;:0,&quot;rtmp&quot;:0,&quot;file&quot;:1,&quot;active&quot;:1,&quot;group&quot;:&quot;&quot;,&quot;bonded&quot;:[],&quot;error&quot;:&quot;Timeout&quot;,&quot;con_stat&quot;:&quot;Connecting&quot;,&quot;bitrate&quot;:0,&quot;dest&quot;:&quot;bonded/bonded20&quot;},{&quot;mip&quot;:&quot;4000.ts&quot;,&quot;port&quot;:0,&quot;ip&quot;:&quot;file&quot;,&quot;in_name&quot;:&quot;bond&quot;,&quot;in_active&quot;:1,&quot;in_active_sources&quot;:0,&quot;prg_name&quot;:&quot;&quot;,&quot;prg_prov&quot;:&quot;&quot;,&quot;prg_num&quot;:-1,&quot;chan&quot;:&quot;&quot;,&quot;chan_id&quot;:-1,&quot;id&quot;:&quot;zixi://bonded(bonded16)#10.7.0.66:2088@10.7.0.65,192.168.60.66:2088@192.168.50.65,192.168.5.166:2088@192.168.5.165&quot;,&quot;type&quot;:2,&quot;name&quot;:&quot;bond16&quot;,&quot;asi&quot;:0,&quot;rtmp&quot;:0,&quot;file&quot;:1,&quot;active&quot;:1,&quot;group&quot;:&quot;&quot;,&quot;bonded&quot;:[],&quot;error&quot;:&quot;None&quot;,&quot;con_stat&quot;:&quot;Connecting&quot;,&quot;bitrate&quot;:0,&quot;dest&quot;:&quot;bonded/bonded16&quot;},{&quot;mip&quot;:&quot;4000.ts&quot;,&quot;port&quot;:0,&quot;ip&quot;:&quot;file&quot;,&quot;in_name&quot;:&quot;bond&quot;,&quot;in_active&quot;:1,&quot;in_active_sources&quot;:0,&quot;prg_name&quot;:&quot;&quot;,&quot;prg_prov&quot;:&quot;&quot;,&quot;prg_num&quot;:-1,&quot;chan&quot;:&quot;&quot;,&quot;chan_id&quot;:-1,&quot;id&quot;:&quot;zixi://bonded(bonded19)#10.7.0.66:2088@10.7.0.65,192.168.60.66:2088@192.168.50.65,192.168.5.166:2088@192.168.5.165&quot;,&quot;type&quot;:2,&quot;name&quot;:&quot;bond19&quot;,&quot;asi&quot;:0,&quot;rtmp&quot;:0,&quot;file&quot;:1,&quot;active&quot;:1,&quot;group&quot;:&quot;&quot;,&quot;bonded&quot;:[],&quot;error&quot;:&quot;None&quot;,&quot;con_stat&quot;:&quot;Connecting&quot;,&quot;bitrate&quot;:0,&quot;dest&quot;:&quot;bonded/bonded19&quot;},{&quot;mip&quot;:&quot;4000.ts&quot;,&quot;port&quot;:0,&quot;ip&quot;:&quot;file&quot;,&quot;in_name&quot;:&quot;bond&quot;,&quot;in_active&quot;:1,&quot;in_active_sources&quot;:0,&quot;prg_name&quot;:&quot;&quot;,&quot;prg_prov&quot;:&quot;&quot;,&quot;prg_num&quot;:-1,&quot;chan&quot;:&quot;&quot;,&quot;chan_id&quot;:-1,&quot;id&quot;:&quot;zixi://bonded(bonded3)#10.7.0.66:2088@10.7.0.65,192.168.60.66:2088@192.168.50.65,192.168.5.166:2088@192.168.5.165&quot;,&quot;type&quot;:2,&quot;name&quot;:&quot;bond3&quot;,&quot;asi&quot;:0,&quot;rtmp&quot;:0,&quot;file&quot;:1,&quot;active&quot;:1,&quot;group&quot;:&quot;&quot;,&quot;bonded&quot;:[],&quot;error&quot;:&quot;None&quot;,&quot;con_stat&quot;:&quot;Connecting&quot;,&quot;bitrate&quot;:0,&quot;dest&quot;:&quot;bonded/bonded3&quot;},{&quot;mip&quot;:&quot;4000.ts&quot;,&quot;port&quot;:0,&quot;ip&quot;:&quot;file&quot;,&quot;in_name&quot;:&quot;bond&quot;,&quot;in_active&quot;:1,&quot;in_active_sources&quot;:0,&quot;prg_name&quot;:&quot;&quot;,&quot;prg_prov&quot;:&quot;&quot;,&quot;prg_num&quot;:-1,&quot;chan&quot;:&quot;&quot;,&quot;chan_id&quot;:-1,&quot;id&quot;:&quot;zixi://bonded(bonded14)#10.7.0.66:2088@10.7.0.65,192.168.60.66:2088@192.168.50.65,192.168.5.166:2088@192.168.5.165&quot;,&quot;type&quot;:2,&quot;name&quot;:&quot;bond14&quot;,&quot;asi&quot;:0,&quot;rtmp&quot;:0,&quot;file&quot;:1,&quot;active&quot;:1,&quot;group&quot;:&quot;&quot;,&quot;bonded&quot;:[],&quot;error&quot;:&quot;Timeout&quot;,&quot;con_stat&quot;:&quot;Connecting&quot;,&quot;bitrate&quot;:0,&quot;dest&quot;:&quot;bonded/bonded14&quot;},{&quot;mip&quot;:&quot;4000.ts&quot;,&quot;port&quot;:0,&quot;ip&quot;:&quot;file&quot;,&quot;in_name&quot;:&quot;bond&quot;,&quot;in_active&quot;:1,&quot;in_active_sources&quot;:0,&quot;prg_name&quot;:&quot;&quot;,&quot;prg_prov&quot;:&quot;&quot;,&quot;prg_num&quot;:-1,&quot;chan&quot;:&quot;&quot;,&quot;chan_id&quot;:-1,&quot;id&quot;:&quot;zixi://bonded(bonded7)#10.7.0.66:2088@10.7.0.65,192.168.60.66:2088@192.168.50.65,192.168.5.166:2088@192.168.5.165&quot;,&quot;type&quot;:2,&quot;name&quot;:&quot;bond7&quot;,&quot;asi&quot;:0,&quot;rtmp&quot;:0,&quot;file&quot;:1,&quot;active&quot;:1,&quot;group&quot;:&quot;&quot;,&quot;bonded&quot;:[],&quot;error&quot;:&quot;None&quot;,&quot;con_stat&quot;:&quot;Connecting&quot;,&quot;bitrate&quot;:0,&quot;dest&quot;:&quot;bonded/bonded7&quot;},{&quot;mip&quot;:&quot;4000.ts&quot;,&quot;port&quot;:0,&quot;ip&quot;:&quot;file&quot;,&quot;in_name&quot;:&quot;bond&quot;,&quot;in_active&quot;:1,&quot;in_active_sources&quot;:0,&quot;prg_name&quot;:&quot;&quot;,&quot;prg_prov&quot;:&quot;&quot;,&quot;prg_num&quot;:-1,&quot;chan&quot;:&quot;&quot;,&quot;chan_id&quot;:-1,&quot;id&quot;:&quot;zixi://bonded(bonded11)#10.7.0.66:2088@10.7.0.65,192.168.60.66:2088@192.168.50.65,192.168.5.166:2088@192.168.5.165&quot;,&quot;type&quot;:2,&quot;name&quot;:&quot;bond11&quot;,&quot;asi&quot;:0,&quot;rtmp&quot;:0,&quot;file&quot;:1,&quot;active&quot;:1,&quot;group&quot;:&quot;&quot;,&quot;bonded&quot;:[],&quot;error&quot;:&quot;None&quot;,&quot;con_stat&quot;:&quot;Connecting&quot;,&quot;bitrate&quot;:0,&quot;dest&quot;:&quot;bonded/bonded11&quot;},{&quot;mip&quot;:&quot;4000.ts&quot;,&quot;port&quot;:0,&quot;ip&quot;:&quot;file&quot;,&quot;in_name&quot;:&quot;bond&quot;,&quot;in_active&quot;:1,&quot;in_active_sources&quot;:0,&quot;prg_name&quot;:&quot;&quot;,&quot;prg_prov&quot;:&quot;&quot;,&quot;prg_num&quot;:-1,&quot;chan&quot;:&quot;&quot;,&quot;chan_id&quot;:-1,&quot;id&quot;:&quot;zixi://bonded(bonded13)#10.7.0.66:2088@10.7.0.65,192.168.60.66:2088@192.168.50.65,192.168.5.166:2088@192.168.5.165&quot;,&quot;type&quot;:2,&quot;name&quot;:&quot;bond13&quot;,&quot;asi&quot;:0,&quot;rtmp&quot;:0,&quot;file&quot;:1,&quot;active&quot;:1,&quot;group&quot;:&quot;&quot;,&quot;bonded&quot;:[],&quot;error&quot;:&quot;None&quot;,&quot;con_stat&quot;:&quot;Connecting&quot;,&quot;bitrate&quot;:0,&quot;dest&quot;:&quot;bonded/bonded13&quot;},{&quot;mip&quot;:&quot;4000.ts&quot;,&quot;port&quot;:0,&quot;ip&quot;:&quot;file&quot;,&quot;in_name&quot;:&quot;bond&quot;,&quot;in_active&quot;:1,&quot;in_active_sources&quot;:0,&quot;prg_name&quot;:&quot;&quot;,&quot;prg_prov&quot;:&quot;&quot;,&quot;prg_num&quot;:-1,&quot;chan&quot;:&quot;&quot;,&quot;chan_id&quot;:-1,&quot;id&quot;:&quot;zixi://bonded(bonded10)#10.7.0.66:2088@10.7.0.65,192.168.60.66:2088@192.168.50.65,192.168.5.166:2088@192.168.5.165&quot;,&quot;type&quot;:2,&quot;name&quot;:&quot;bond10&quot;,&quot;asi&quot;:0,&quot;rtmp&quot;:0,&quot;file&quot;:1,&quot;active&quot;:1,&quot;group&quot;:&quot;&quot;,&quot;bonded&quot;:[],&quot;error&quot;:&quot;Authentication&quot;,&quot;con_stat&quot;:&quot;Connecting&quot;,&quot;bitrate&quot;:0,&quot;dest&quot;:&quot;bonded/bonded10&quot;},{&quot;mip&quot;:&quot;4000.ts&quot;,&quot;port&quot;:0,&quot;ip&quot;:&quot;file&quot;,&quot;in_name&quot;:&quot;bond&quot;,&quot;in_active&quot;:1,&quot;in_active_sources&quot;:0,&quot;prg_name&quot;:&quot;&quot;,&quot;prg_prov&quot;:&quot;&quot;,&quot;prg_num&quot;:-1,&quot;chan&quot;:&quot;&quot;,&quot;chan_id&quot;:-1,&quot;id&quot;:&quot;zixi://bonded(bonded12)#10.7.0.66:2088@10.7.0.65,192.168.60.66:2088@192.168.50.65,192.168.5.166:2088@192.168.5.165&quot;,&quot;type&quot;:2,&quot;name&quot;:&quot;bond12&quot;,&quot;asi&quot;:0,&quot;rtmp&quot;:0,&quot;file&quot;:1,&quot;active&quot;:1,&quot;group&quot;:&quot;&quot;,&quot;bonded&quot;:[],&quot;error&quot;:&quot;None&quot;,&quot;con_stat&quot;:&quot;Connecting&quot;,&quot;bitrate&quot;:0,&quot;dest&quot;:&quot;bonded/bonded12&quot;},{&quot;mip&quot;:&quot;4000.ts&quot;,&quot;port&quot;:0,&quot;ip&quot;:&quot;file&quot;,&quot;in_name&quot;:&quot;bond&quot;,&quot;in_active&quot;:1,&quot;in_active_sources&quot;:0,&quot;prg_name&quot;:&quot;&quot;,&quot;prg_prov&quot;:&quot;&quot;,&quot;prg_num&quot;:-1,&quot;chan&quot;:&quot;&quot;,&quot;chan_id&quot;:-1,&quot;id&quot;:&quot;zixi://bonded(bonded9)#10.7.0.66:2088@10.7.0.65,192.168.60.66:2088@192.168.50.65,192.168.5.166:2088@192.168.5.165&quot;,&quot;type&quot;:2,&quot;name&quot;:&quot;bond9&quot;,&quot;asi&quot;:0,&quot;rtmp&quot;:0,&quot;file&quot;:1,&quot;active&quot;:1,&quot;group&quot;:&quot;&quot;,&quot;bonded&quot;:[],&quot;error&quot;:&quot;None&quot;,&quot;con_stat&quot;:&quot;Connecting&quot;,&quot;bitrate&quot;:0,&quot;dest&quot;:&quot;bonded/bonded9&quot;},{&quot;mip&quot;:&quot;4000.ts&quot;,&quot;port&quot;:0,&quot;ip&quot;:&quot;file&quot;,&quot;in_name&quot;:&quot;bond&quot;,&quot;in_active&quot;:1,&quot;in_active_sources&quot;:0,&quot;prg_name&quot;:&quot;&quot;,&quot;prg_prov&quot;:&quot;&quot;,&quot;prg_num&quot;:-1,&quot;chan&quot;:&quot;&quot;,&quot;chan_id&quot;:-1,&quot;id&quot;:&quot;zixi://bonded(bonded5)#10.7.0.66:2088@10.7.0.65,192.168.60.66:2088@192.168.50.65,192.168.5.166:2088@192.168.5.165&quot;,&quot;type&quot;:2,&quot;name&quot;:&quot;bond5&quot;,&quot;asi&quot;:0,&quot;rtmp&quot;:0,&quot;file&quot;:1,&quot;active&quot;:1,&quot;group&quot;:&quot;&quot;,&quot;bonded&quot;:[],&quot;error&quot;:&quot;None&quot;,&quot;con_stat&quot;:&quot;Connecting&quot;,&quot;bitrate&quot;:0,&quot;dest&quot;:&quot;bonded/bonded5&quot;},{&quot;mip&quot;:&quot;4000.ts&quot;,&quot;port&quot;:0,&quot;ip&quot;:&quot;file&quot;,&quot;in_name&quot;:&quot;bond&quot;,&quot;in_active&quot;:1,&quot;in_active_sources&quot;:0,&quot;prg_name&quot;:&quot;&quot;,&quot;prg_prov&quot;:&quot;&quot;,&quot;prg_num&quot;:-1,&quot;chan&quot;:&quot;&quot;,&quot;chan_id&quot;:-1,&quot;id&quot;:&quot;zixi://bonded(bonded4)#10.7.0.66:2088@10.7.0.65,192.168.60.66:2088@192.168.50.65,192.168.5.166:2088@192.168.5.165&quot;,&quot;type&quot;:2,&quot;name&quot;:&quot;bond4&quot;,&quot;asi&quot;:0,&quot;rtmp&quot;:0,&quot;file&quot;:1,&quot;active&quot;:1,&quot;group&quot;:&quot;&quot;,&quot;bonded&quot;:[],&quot;error&quot;:&quot;Timeout&quot;,&quot;con_stat&quot;:&quot;Connecting&quot;,&quot;bitrate&quot;:0,&quot;dest&quot;:&quot;bonded/bonded4&quot;},{&quot;mip&quot;:&quot;4000.ts&quot;,&quot;port&quot;:0,&quot;ip&quot;:&quot;file&quot;,&quot;in_name&quot;:&quot;bond&quot;,&quot;in_active&quot;:1,&quot;in_active_sources&quot;:0,&quot;prg_name&quot;:&quot;&quot;,&quot;prg_prov&quot;:&quot;&quot;,&quot;prg_num&quot;:-1,&quot;chan&quot;:&quot;&quot;,&quot;chan_id&quot;:-1,&quot;id&quot;:&quot;zixi://bonded(bonded1)#10.7.0.66:2088@10.7.0.65,192.168.60.66:2088@192.168.50.65,192.168.5.166:2088@192.168.5.165&quot;,&quot;type&quot;:2,&quot;name&quot;:&quot;bond1&quot;,&quot;asi&quot;:0,&quot;rtmp&quot;:0,&quot;file&quot;:1,&quot;active&quot;:1,&quot;group&quot;:&quot;&quot;,&quot;bonded&quot;:[],&quot;error&quot;:&quot;None&quot;,&quot;con_stat&quot;:&quot;Connecting&quot;,&quot;bitrate&quot;:0,&quot;dest&quot;:&quot;bonded/bonded1&quot;},{&quot;mip&quot;:&quot;4000.ts&quot;,&quot;port&quot;:0,&quot;ip&quot;:&quot;file&quot;,&quot;in_name&quot;:&quot;bond&quot;,&quot;in_active&quot;:1,&quot;in_active_sources&quot;:0,&quot;prg_name&quot;:&quot;&quot;,&quot;prg_prov&quot;:&quot;&quot;,&quot;prg_num&quot;:-1,&quot;chan&quot;:&quot;&quot;,&quot;chan_id&quot;:-1,&quot;id&quot;:&quot;zixi://bonded(bonded2)#10.7.0.66:2088@10.7.0.65,192.168.60.66:2088@192.168.50.65,192.168.5.166:2088@192.168.5.165&quot;,&quot;type&quot;:2,&quot;name&quot;:&quot;bond2&quot;,&quot;asi&quot;:0,&quot;rtmp&quot;:0,&quot;file&quot;:1,&quot;active&quot;:1,&quot;group&quot;:&quot;&quot;,&quot;bonded&quot;:[],&quot;error&quot;:&quot;None&quot;,&quot;con_stat&quot;:&quot;Connecting&quot;,&quot;bitrate&quot;:0,&quot;dest&quot;:&quot;bonded/bonded2&quot;},{&quot;mip&quot;:&quot;4000.ts&quot;,&quot;port&quot;:0,&quot;ip&quot;:&quot;file&quot;,&quot;in_name&quot;:&quot;bond&quot;,&quot;in_active&quot;:1,&quot;in_active_sources&quot;:0,&quot;prg_name&quot;:&quot;&quot;,&quot;prg_prov&quot;:&quot;&quot;,&quot;prg_num&quot;:-1,&quot;chan&quot;:&quot;&quot;,&quot;chan_id&quot;:-1,&quot;id&quot;:&quot;zixi://bonded(bonded6)#10.7.0.66:2088@10.7.0.65,192.168.60.66:2088@192.168.50.65,192.168.5.166:2088@192.168.5.165&quot;,&quot;type&quot;:2,&quot;name&quot;:&quot;bond6&quot;,&quot;asi&quot;:0,&quot;rtmp&quot;:0,&quot;file&quot;:1,&quot;active&quot;:1,&quot;group&quot;:&quot;&quot;,&quot;bonded&quot;:[],&quot;error&quot;:&quot;None&quot;,&quot;con_stat&quot;:&quot;Connecting&quot;,&quot;bitrate&quot;:0,&quot;dest&quot;:&quot;bonded/bonded6&quot;}]}
Debug printing ------&gt;&gt;&gt; {&quot;custom_data&quot;:&quot;&quot;,&quot;msg&quot;:&quot;Output deleted.&quot;,&quot;error&quot;:&quot;&quot;,&quot;outs&quot;:[{&quot;mip&quot;:&quot;live_recording.ts&quot;,&quot;port&quot;:0,&quot;ip&quot;:&quot;file&quot;,&quot;in_name&quot;:&quot;feederoutputname&quot;,&quot;in_active&quot;:1,&quot;in_active_sources&quot;:0,&quot;prg_name&quot;:&quot;&quot;,&quot;prg_prov&quot;:&quot;&quot;,&quot;prg_num&quot;:1,&quot;chan&quot;:&quot;&quot;,&quot;chan_id&quot;:-1,&quot;id&quot;:&quot;zixi://10.7.0.66:2088/feederout&quot;,&quot;type&quot;:2,&quot;name&quot;:&quot;feederoutputname&quot;,&quot;asi&quot;:0,&quot;rtmp&quot;:0,&quot;file&quot;:1,&quot;active&quot;:1,&quot;group&quot;:&quot;&quot;,&quot;error&quot;:&quot;Authentication&quot;,&quot;con_stat&quot;:&quot;Disconnected&quot;,&quot;bitrate&quot;:0,&quot;dest&quot;:&quot;10.7.0.66:2088/feederout&quot;},{&quot;mip&quot;:&quot;4000.ts&quot;,&quot;port&quot;:0,&quot;ip&quot;:&quot;file&quot;,&quot;in_name&quot;:&quot;bond&quot;,&quot;in_active&quot;:1,&quot;in_active_sources&quot;:0,&quot;prg_name&quot;:&quot;&quot;,&quot;prg_prov&quot;:&quot;&quot;,&quot;prg_num&quot;:-1,&quot;chan&quot;:&quot;&quot;,&quot;chan_id&quot;:-1,&quot;id&quot;:&quot;zixi://bonded(bonded14)#10.7.0.66:2088@10.7.0.65,192.168.60.66:2088@192.168.50.65,192.168.5.166:2088@192.168.5.165&quot;,&quot;type&quot;:2,&quot;name&quot;:&quot;bond14&quot;,&quot;asi&quot;:0,&quot;rtmp&quot;:0,&quot;file&quot;:1,&quot;active&quot;:1,&quot;group&quot;:&quot;&quot;,&quot;bonded&quot;:[],&quot;error&quot;:&quot;Timeout&quot;,&quot;con_stat&quot;:&quot;Connecting&quot;,&quot;bitrate&quot;:0,&quot;dest&quot;:&quot;bonded/bonded14&quot;},{&quot;mip&quot;:&quot;4000.ts&quot;,&quot;port&quot;:0,&quot;ip&quot;:&quot;file&quot;,&quot;in_name&quot;:&quot;bond&quot;,&quot;in_active&quot;:1,&quot;in_active_sources&quot;:0,&quot;prg_name&quot;:&quot;&quot;,&quot;prg_prov&quot;:&quot;&quot;,&quot;prg_num&quot;:-1,&quot;chan&quot;:&quot;&quot;,&quot;chan_id&quot;:-1,&quot;id&quot;:&quot;zixi://bonded(bonded18)#10.7.0.66:2088@10.7.0.65,192.168.60.66:2088@192.168.50.65,192.168.5.166:2088@192.168.5.165&quot;,&quot;type&quot;:2,&quot;name&quot;:&quot;bond18&quot;,&quot;asi&quot;:0,&quot;rtmp&quot;:0,&quot;file&quot;:1,&quot;active&quot;:1,&quot;group&quot;:&quot;&quot;,&quot;bonded&quot;:[],&quot;error&quot;:&quot;Timeout&quot;,&quot;con_stat&quot;:&quot;Connecting&quot;,&quot;bitrate&quot;:0,&quot;dest&quot;:&quot;bonded/bonded18&quot;},{&quot;mip&quot;:&quot;4000.ts&quot;,&quot;port&quot;:0,&quot;ip&quot;:&quot;file&quot;,&quot;in_name&quot;:&quot;bond&quot;,&quot;in_active&quot;:1,&quot;in_active_sources&quot;:0,&quot;prg_name&quot;:&quot;&quot;,&quot;prg_prov&quot;:&quot;&quot;,&quot;prg_num&quot;:-1,&quot;chan&quot;:&quot;&quot;,&quot;chan_id&quot;:-1,&quot;id&quot;:&quot;zixi://bonded(bonded25)#10.7.0.66:2088@10.7.0.65,192.168.60.66:2088@192.168.50.65,192.168.5.166:2088@192.168.5.165&quot;,&quot;type&quot;:2,&quot;name&quot;:&quot;bond25&quot;,&quot;asi&quot;:0,&quot;rtmp&quot;:0,&quot;file&quot;:1,&quot;active&quot;:1,&quot;group&quot;:&quot;&quot;,&quot;bonded&quot;:[],&quot;error&quot;:&quot;None&quot;,&quot;con_stat&quot;:&quot;Connecting&quot;,&quot;bitrate&quot;:0,&quot;dest&quot;:&quot;bonded/bonded25&quot;},{&quot;mip&quot;:&quot;4000.ts&quot;,&quot;port&quot;:0,&quot;ip&quot;:&quot;file&quot;,&quot;in_name&quot;:&quot;bond&quot;,&quot;in_active&quot;:1,&quot;in_active_sources&quot;:0,&quot;prg_name&quot;:&quot;&quot;,&quot;prg_prov&quot;:&quot;&quot;,&quot;prg_num&quot;:-1,&quot;chan&quot;:&quot;&quot;,&quot;chan_id&quot;:-1,&quot;id&quot;:&quot;zixi://bonded(bonded28)#10.7.0.66:2088@10.7.0.65,192.168.60.66:2088@192.168.50.65,192.168.5.166:2088@192.168.5.165&quot;,&quot;type&quot;:2,&quot;name&quot;:&quot;bond28&quot;,&quot;asi&quot;:0,&quot;rtmp&quot;:0,&quot;file&quot;:1,&quot;active&quot;:1,&quot;group&quot;:&quot;&quot;,&quot;bonded&quot;:[],&quot;error&quot;:&quot;None&quot;,&quot;con_stat&quot;:&quot;Connecting&quot;,&quot;bitrate&quot;:0,&quot;dest&quot;:&quot;bonded/bonded28&quot;},{&quot;mip&quot;:&quot;4000.ts&quot;,&quot;port&quot;:0,&quot;ip&quot;:&quot;file&quot;,&quot;in_name&quot;:&quot;bond&quot;,&quot;in_active&quot;:1,&quot;in_active_sources&quot;:0,&quot;prg_name&quot;:&quot;&quot;,&quot;prg_prov&quot;:&quot;&quot;,&quot;prg_num&quot;:-1,&quot;chan&quot;:&quot;&quot;,&quot;chan_id&quot;:-1,&quot;id&quot;:&quot;zixi://bonded(bonded15)#10.7.0.66:2088@10.7.0.65,192.168.60.66:2088@192.168.50.65,192.168.5.166:2088@192.168.5.165&quot;,&quot;type&quot;:2,&quot;name&quot;:&quot;bond15&quot;,&quot;asi&quot;:0,&quot;rtmp&quot;:0,&quot;file&quot;:1,&quot;active&quot;:1,&quot;group&quot;:&quot;&quot;,&quot;bonded&quot;:[],&quot;error&quot;:&quot;Timeout&quot;,&quot;con_stat&quot;:&quot;Connecting&quot;,&quot;bitrate&quot;:0,&quot;dest&quot;:&quot;bonded/bonded15&quot;},{&quot;mip&quot;:&quot;4000.ts&quot;,&quot;port&quot;:0,&quot;ip&quot;:&quot;file&quot;,&quot;in_name&quot;:&quot;bond&quot;,&quot;in_active&quot;:1,&quot;in_active_sources&quot;:0,&quot;prg_name&quot;:&quot;&quot;,&quot;prg_prov&quot;:&quot;&quot;,&quot;prg_num&quot;:-1,&quot;chan&quot;:&quot;&quot;,&quot;chan_id&quot;:-1,&quot;id&quot;:&quot;zixi://bonded(bonded24)#10.7.0.66:2088@10.7.0.65,192.168.60.66:2088@192.168.50.65,192.168.5.166:2088@192.168.5.165&quot;,&quot;type&quot;:2,&quot;name&quot;:&quot;bond24&quot;,&quot;asi&quot;:0,&quot;rtmp&quot;:0,&quot;file&quot;:1,&quot;active&quot;:1,&quot;group&quot;:&quot;&quot;,&quot;bonded&quot;:[],&quot;error&quot;:&quot;None&quot;,&quot;con_stat&quot;:&quot;Connecting&quot;,&quot;bitrate&quot;:0,&quot;dest&quot;:&quot;bonded/bonded24&quot;},{&quot;mip&quot;:&quot;4000.ts&quot;,&quot;port&quot;:0,&quot;ip&quot;:&quot;file&quot;,&quot;in_name&quot;:&quot;bond&quot;,&quot;in_active&quot;:1,&quot;in_active_sources&quot;:0,&quot;prg_name&quot;:&quot;&quot;,&quot;prg_prov&quot;:&quot;&quot;,&quot;prg_num&quot;:-1,&quot;chan&quot;:&quot;&quot;,&quot;chan_id&quot;:-1,&quot;id&quot;:&quot;zixi://bonded(bonded17)#10.7.0.66:2088@10.7.0.65,192.168.60.66:2088@192.168.50.65,192.168.5.166:2088@192.168.5.165&quot;,&quot;type&quot;:2,&quot;name&quot;:&quot;bond17&quot;,&quot;asi&quot;:0,&quot;rtmp&quot;:0,&quot;file&quot;:1,&quot;active&quot;:1,&quot;group&quot;:&quot;&quot;,&quot;bonded&quot;:[],&quot;error&quot;:&quot;None&quot;,&quot;con_stat&quot;:&quot;Connecting&quot;,&quot;bitrate&quot;:0,&quot;dest&quot;:&quot;bonded/bonded17&quot;},{&quot;mip&quot;:&quot;4000.ts&quot;,&quot;port&quot;:0,&quot;ip&quot;:&quot;file&quot;,&quot;in_name&quot;:&quot;bond&quot;,&quot;in_active&quot;:1,&quot;in_active_sources&quot;:0,&quot;prg_name&quot;:&quot;&quot;,&quot;prg_prov&quot;:&quot;&quot;,&quot;prg_num&quot;:-1,&quot;chan&quot;:&quot;&quot;,&quot;chan_id&quot;:-1,&quot;id&quot;:&quot;zixi://bonded(bonded23)#10.7.0.66:2088@10.7.0.65,192.168.60.66:2088@192.168.50.65,192.168.5.166:2088@192.168.5.165&quot;,&quot;type&quot;:2,&quot;name&quot;:&quot;bond23&quot;,&quot;asi&quot;:0,&quot;rtmp&quot;:0,&quot;file&quot;:1,&quot;active&quot;:1,&quot;group&quot;:&quot;&quot;,&quot;bonded&quot;:[],&quot;error&quot;:&quot;None&quot;,&quot;con_stat&quot;:&quot;Connecting&quot;,&quot;bitrate&quot;:0,&quot;dest&quot;:&quot;bonded/bonded23&quot;},{&quot;mip&quot;:&quot;4000.ts&quot;,&quot;port&quot;:0,&quot;ip&quot;:&quot;file&quot;,&quot;in_name&quot;:&quot;bond&quot;,&quot;in_active&quot;:1,&quot;in_active_sources&quot;:0,&quot;prg_name&quot;:&quot;&quot;,&quot;prg_prov&quot;:&quot;&quot;,&quot;prg_num&quot;:-1,&quot;chan&quot;:&quot;&quot;,&quot;chan_id&quot;:-1,&quot;id&quot;:&quot;zixi://bonded(bonded8)#10.7.0.66:2088@10.7.0.65,192.168.60.66:2088@192.168.50.65,192.168.5.166:2088@192.168.5.165&quot;,&quot;type&quot;:2,&quot;name&quot;:&quot;bond8&quot;,&quot;asi&quot;:0,&quot;rtmp&quot;:0,&quot;file&quot;:1,&quot;active&quot;:1,&quot;group&quot;:&quot;&quot;,&quot;bonded&quot;:[],&quot;error&quot;:&quot;None&quot;,&quot;con_stat&quot;:&quot;Connecting&quot;,&quot;bitrate&quot;:0,&quot;dest&quot;:&quot;bonded/bonded8&quot;},{&quot;mip&quot;:&quot;4000.ts&quot;,&quot;port&quot;:0,&quot;ip&quot;:&quot;file&quot;,&quot;in_name&quot;:&quot;bond&quot;,&quot;in_active&quot;:1,&quot;in_active_sources&quot;:0,&quot;prg_name&quot;:&quot;&quot;,&quot;prg_prov&quot;:&quot;&quot;,&quot;prg_num&quot;:-1,&quot;chan&quot;:&quot;&quot;,&quot;chan_id&quot;:-1,&quot;id&quot;:&quot;zixi://bonded(bonded20)#10.7.0.66:2088@10.7.0.65,192.168.60.66:2088@192.168.50.65,192.168.5.166:2088@192.168.5.165&quot;,&quot;type&quot;:2,&quot;name&quot;:&quot;bond20&quot;,&quot;asi&quot;:0,&quot;rtmp&quot;:0,&quot;file&quot;:1,&quot;active&quot;:1,&quot;group&quot;:&quot;&quot;,&quot;bonded&quot;:[],&quot;error&quot;:&quot;Timeout&quot;,&quot;con_stat&quot;:&quot;Connecting&quot;,&quot;bitrate&quot;:0,&quot;dest&quot;:&quot;bonded/bonded20&quot;},{&quot;mip&quot;:&quot;4000.ts&quot;,&quot;port&quot;:0,&quot;ip&quot;:&quot;file&quot;,&quot;in_name&quot;:&quot;bond&quot;,&quot;in_active&quot;:1,&quot;in_active_sources&quot;:0,&quot;prg_name&quot;:&quot;&quot;,&quot;prg_prov&quot;:&quot;&quot;,&quot;prg_num&quot;:-1,&quot;chan&quot;:&quot;&quot;,&quot;chan_id&quot;:-1,&quot;id&quot;:&quot;zixi://bonded(bonded16)#10.7.0.66:2088@10.7.0.65,192.168.60.66:2088@192.168.50.65,192.168.5.166:2088@192.168.5.165&quot;,&quot;type&quot;:2,&quot;name&quot;:&quot;bond16&quot;,&quot;asi&quot;:0,&quot;rtmp&quot;:0,&quot;file&quot;:1,&quot;active&quot;:1,&quot;group&quot;:&quot;&quot;,&quot;bonded&quot;:[],&quot;error&quot;:&quot;None&quot;,&quot;con_stat&quot;:&quot;Connecting&quot;,&quot;bitrate&quot;:0,&quot;dest&quot;:&quot;bonded/bonded16&quot;},{&quot;mip&quot;:&quot;4000.ts&quot;,&quot;port&quot;:0,&quot;ip&quot;:&quot;file&quot;,&quot;in_name&quot;:&quot;bond&quot;,&quot;in_active&quot;:1,&quot;in_active_sources&quot;:0,&quot;prg_name&quot;:&quot;&quot;,&quot;prg_prov&quot;:&quot;&quot;,&quot;prg_num&quot;:-1,&quot;chan&quot;:&quot;&quot;,&quot;chan_id&quot;:-1,&quot;id&quot;:&quot;zixi://bonded(bonded19)#10.7.0.66:2088@10.7.0.65,192.168.60.66:2088@192.168.50.65,192.168.5.166:2088@192.168.5.165&quot;,&quot;type&quot;:2,&quot;name&quot;:&quot;bond19&quot;,&quot;asi&quot;:0,&quot;rtmp&quot;:0,&quot;file&quot;:1,&quot;active&quot;:1,&quot;group&quot;:&quot;&quot;,&quot;bonded&quot;:[],&quot;error&quot;:&quot;None&quot;,&quot;con_stat&quot;:&quot;Connecting&quot;,&quot;bitrate&quot;:0,&quot;dest&quot;:&quot;bonded/bonded19&quot;},{&quot;mip&quot;:&quot;4000.ts&quot;,&quot;port&quot;:0,&quot;ip&quot;:&quot;file&quot;,&quot;in_name&quot;:&quot;bond&quot;,&quot;in_active&quot;:1,&quot;in_active_sources&quot;:0,&quot;prg_name&quot;:&quot;&quot;,&quot;prg_prov&quot;:&quot;&quot;,&quot;prg_num&quot;:-1,&quot;chan&quot;:&quot;&quot;,&quot;chan_id&quot;:-1,&quot;id&quot;:&quot;zixi://bonded(bonded0)#10.7.0.66:2088@10.7.0.65,192.168.60.66:2088@192.168.50.65,192.168.5.166:2088@192.168.5.165&quot;,&quot;type&quot;:2,&quot;name&quot;:&quot;bond0&quot;,&quot;asi&quot;:0,&quot;rtmp&quot;:0,&quot;file&quot;:1,&quot;active&quot;:1,&quot;group&quot;:&quot;&quot;,&quot;bonded&quot;:[],&quot;error&quot;:&quot;None&quot;,&quot;con_stat&quot;:&quot;Connecting&quot;,&quot;bitrate&quot;:0,&quot;dest&quot;:&quot;bonded/bonded0&quot;},{&quot;mip&quot;:&quot;4000.ts&quot;,&quot;port&quot;:0,&quot;ip&quot;:&quot;file&quot;,&quot;in_name&quot;:&quot;bond&quot;,&quot;in_active&quot;:1,&quot;in_active_sources&quot;:0,&quot;prg_name&quot;:&quot;&quot;,&quot;prg_prov&quot;:&quot;&quot;,&quot;prg_num&quot;:-1,&quot;chan&quot;:&quot;&quot;,&quot;chan_id&quot;:-1,&quot;id&quot;:&quot;zixi://bonded(bonded3)#10.7.0.66:2088@10.7.0.65,192.168.60.66:2088@192.168.50.65,192.168.5.166:2088@192.168.5.165&quot;,&quot;type&quot;:2,&quot;name&quot;:&quot;bond3&quot;,&quot;asi&quot;:0,&quot;rtmp&quot;:0,&quot;file&quot;:1,&quot;active&quot;:1,&quot;group&quot;:&quot;&quot;,&quot;bonded&quot;:[],&quot;error&quot;:&quot;None&quot;,&quot;con_stat&quot;:&quot;Connecting&quot;,&quot;bitrate&quot;:0,&quot;dest&quot;:&quot;bonded/bonded3&quot;},{&quot;mip&quot;:&quot;4000.ts&quot;,&quot;port&quot;:0,&quot;ip&quot;:&quot;file&quot;,&quot;in_name&quot;:&quot;bond&quot;,&quot;in_active&quot;:1,&quot;in_active_sources&quot;:0,&quot;prg_name&quot;:&quot;&quot;,&quot;prg_prov&quot;:&quot;&quot;,&quot;prg_num&quot;:-1,&quot;chan&quot;:&quot;&quot;,&quot;chan_id&quot;:-1,&quot;id&quot;:&quot;zixi://bonded(bonded7)#10.7.0.66:2088@10.7.0.65,192.168.60.66:2088@192.168.50.65,192.168.5.166:2088@192.168.5.165&quot;,&quot;type&quot;:2,&quot;name&quot;:&quot;bond7&quot;,&quot;asi&quot;:0,&quot;rtmp&quot;:0,&quot;file&quot;:1,&quot;active&quot;:1,&quot;group&quot;:&quot;&quot;,&quot;bonded&quot;:[],&quot;error&quot;:&quot;None&quot;,&quot;con_stat&quot;:&quot;Connecting&quot;,&quot;bitrate&quot;:0,&quot;dest&quot;:&quot;bonded/bonded7&quot;},{&quot;mip&quot;:&quot;4000.ts&quot;,&quot;port&quot;:0,&quot;ip&quot;:&quot;file&quot;,&quot;in_name&quot;:&quot;bond&quot;,&quot;in_active&quot;:1,&quot;in_active_sources&quot;:0,&quot;prg_name&quot;:&quot;&quot;,&quot;prg_prov&quot;:&quot;&quot;,&quot;prg_num&quot;:-1,&quot;chan&quot;:&quot;&quot;,&quot;chan_id&quot;:-1,&quot;id&quot;:&quot;zixi://bonded(bonded11)#10.7.0.66:2088@10.7.0.65,192.168.60.66:2088@192.168.50.65,192.168.5.166:2088@192.168.5.165&quot;,&quot;type&quot;:2,&quot;name&quot;:&quot;bond11&quot;,&quot;asi&quot;:0,&quot;rtmp&quot;:0,&quot;file&quot;:1,&quot;active&quot;:1,&quot;group&quot;:&quot;&quot;,&quot;bonded&quot;:[],&quot;error&quot;:&quot;None&quot;,&quot;con_stat&quot;:&quot;Connecting&quot;,&quot;bitrate&quot;:0,&quot;dest&quot;:&quot;bonded/bonded11&quot;},{&quot;mip&quot;:&quot;4000.ts&quot;,&quot;port&quot;:0,&quot;ip&quot;:&quot;file&quot;,&quot;in_name&quot;:&quot;bond&quot;,&quot;in_active&quot;:1,&quot;in_active_sources&quot;:0,&quot;prg_name&quot;:&quot;&quot;,&quot;prg_prov&quot;:&quot;&quot;,&quot;prg_num&quot;:-1,&quot;chan&quot;:&quot;&quot;,&quot;chan_id&quot;:-1,&quot;id&quot;:&quot;zixi://bonded(bonded13)#10.7.0.66:2088@10.7.0.65,192.168.60.66:2088@192.168.50.65,192.168.5.166:2088@192.168.5.165&quot;,&quot;type&quot;:2,&quot;name&quot;:&quot;bond13&quot;,&quot;asi&quot;:0,&quot;rtmp&quot;:0,&quot;file&quot;:1,&quot;active&quot;:1,&quot;group&quot;:&quot;&quot;,&quot;bonded&quot;:[],&quot;error&quot;:&quot;None&quot;,&quot;con_stat&quot;:&quot;Connecting&quot;,&quot;bitrate&quot;:0,&quot;dest&quot;:&quot;bonded/bonded13&quot;},{&quot;mip&quot;:&quot;4000.ts&quot;,&quot;port&quot;:0,&quot;ip&quot;:&quot;file&quot;,&quot;in_name&quot;:&quot;bond&quot;,&quot;in_active&quot;:1,&quot;in_active_sources&quot;:0,&quot;prg_name&quot;:&quot;&quot;,&quot;prg_prov&quot;:&quot;&quot;,&quot;prg_num&quot;:-1,&quot;chan&quot;:&quot;&quot;,&quot;chan_id&quot;:-1,&quot;id&quot;:&quot;zixi://bonded(bonded10)#10.7.0.66:2088@10.7.0.65,192.168.60.66:2088@192.168.50.65,192.168.5.166:2088@192.168.5.165&quot;,&quot;type&quot;:2,&quot;name&quot;:&quot;bond10&quot;,&quot;asi&quot;:0,&quot;rtmp&quot;:0,&quot;file&quot;:1,&quot;active&quot;:1,&quot;group&quot;:&quot;&quot;,&quot;bonded&quot;:[],&quot;error&quot;:&quot;Authentication&quot;,&quot;con_stat&quot;:&quot;Connecting&quot;,&quot;bitrate&quot;:0,&quot;dest&quot;:&quot;bonded/bonded10&quot;},{&quot;mip&quot;:&quot;4000.ts&quot;,&quot;port&quot;:0,&quot;ip&quot;:&quot;file&quot;,&quot;in_name&quot;:&quot;bond&quot;,&quot;in_active&quot;:1,&quot;in_active_sources&quot;:0,&quot;prg_name&quot;:&quot;&quot;,&quot;prg_prov&quot;:&quot;&quot;,&quot;prg_num&quot;:-1,&quot;chan&quot;:&quot;&quot;,&quot;chan_id&quot;:-1,&quot;id&quot;:&quot;zixi://bonded(bonded12)#10.7.0.66:2088@10.7.0.65,192.168.60.66:2088@192.168.50.65,192.168.5.166:2088@192.168.5.165&quot;,&quot;type&quot;:2,&quot;name&quot;:&quot;bond12&quot;,&quot;asi&quot;:0,&quot;rtmp&quot;:0,&quot;file&quot;:1,&quot;active&quot;:1,&quot;group&quot;:&quot;&quot;,&quot;bonded&quot;:[],&quot;error&quot;:&quot;None&quot;,&quot;con_stat&quot;:&quot;Connecting&quot;,&quot;bitrate&quot;:0,&quot;dest&quot;:&quot;bonded/bonded12&quot;},{&quot;mip&quot;:&quot;4000.ts&quot;,&quot;port&quot;:0,&quot;ip&quot;:&quot;file&quot;,&quot;in_name&quot;:&quot;bond&quot;,&quot;in_active&quot;:1,&quot;in_active_sources&quot;:0,&quot;prg_name&quot;:&quot;&quot;,&quot;prg_prov&quot;:&quot;&quot;,&quot;prg_num&quot;:-1,&quot;chan&quot;:&quot;&quot;,&quot;chan_id&quot;:-1,&quot;id&quot;:&quot;zixi://bonded(bonded9)#10.7.0.66:2088@10.7.0.65,192.168.60.66:2088@192.168.50.65,192.168.5.166:2088@192.168.5.165&quot;,&quot;type&quot;:2,&quot;name&quot;:&quot;bond9&quot;,&quot;asi&quot;:0,&quot;rtmp&quot;:0,&quot;file&quot;:1,&quot;active&quot;:1,&quot;group&quot;:&quot;&quot;,&quot;bonded&quot;:[],&quot;error&quot;:&quot;None&quot;,&quot;con_stat&quot;:&quot;Connecting&quot;,&quot;bitrate&quot;:0,&quot;dest&quot;:&quot;bonded/bonded9&quot;},{&quot;mip&quot;:&quot;4000.ts&quot;,&quot;port&quot;:0,&quot;ip&quot;:&quot;file&quot;,&quot;in_name&quot;:&quot;bond&quot;,&quot;in_active&quot;:1,&quot;in_active_sources&quot;:0,&quot;prg_name&quot;:&quot;&quot;,&quot;prg_prov&quot;:&quot;&quot;,&quot;prg_num&quot;:-1,&quot;chan&quot;:&quot;&quot;,&quot;chan_id&quot;:-1,&quot;id&quot;:&quot;zixi://bonded(bonded5)#10.7.0.66:2088@10.7.0.65,192.168.60.66:2088@192.168.50.65,192.168.5.166:2088@192.168.5.165&quot;,&quot;type&quot;:2,&quot;name&quot;:&quot;bond5&quot;,&quot;asi&quot;:0,&quot;rtmp&quot;:0,&quot;file&quot;:1,&quot;active&quot;:1,&quot;group&quot;:&quot;&quot;,&quot;bonded&quot;:[],&quot;error&quot;:&quot;None&quot;,&quot;con_stat&quot;:&quot;Connecting&quot;,&quot;bitrate&quot;:0,&quot;dest&quot;:&quot;bonded/bonded5&quot;},{&quot;mip&quot;:&quot;4000.ts&quot;,&quot;port&quot;:0,&quot;ip&quot;:&quot;file&quot;,&quot;in_name&quot;:&quot;bond&quot;,&quot;in_active&quot;:1,&quot;in_active_sources&quot;:0,&quot;prg_name&quot;:&quot;&quot;,&quot;prg_prov&quot;:&quot;&quot;,&quot;prg_num&quot;:-1,&quot;chan&quot;:&quot;&quot;,&quot;chan_id&quot;:-1,&quot;id&quot;:&quot;zixi://bonded(bonded4)#10.7.0.66:2088@10.7.0.65,192.168.60.66:2088@192.168.50.65,192.168.5.166:2088@192.168.5.165&quot;,&quot;type&quot;:2,&quot;name&quot;:&quot;bond4&quot;,&quot;asi&quot;:0,&quot;rtmp&quot;:0,&quot;file&quot;:1,&quot;active&quot;:1,&quot;group&quot;:&quot;&quot;,&quot;bonded&quot;:[],&quot;error&quot;:&quot;Timeout&quot;,&quot;con_stat&quot;:&quot;Connecting&quot;,&quot;bitrate&quot;:0,&quot;dest&quot;:&quot;bonded/bonded4&quot;},{&quot;mip&quot;:&quot;4000.ts&quot;,&quot;port&quot;:0,&quot;ip&quot;:&quot;file&quot;,&quot;in_name&quot;:&quot;bond&quot;,&quot;in_active&quot;:1,&quot;in_active_sources&quot;:0,&quot;prg_name&quot;:&quot;&quot;,&quot;prg_prov&quot;:&quot;&quot;,&quot;prg_num&quot;:-1,&quot;chan&quot;:&quot;&quot;,&quot;chan_id&quot;:-1,&quot;id&quot;:&quot;zixi://bonded(bonded1)#10.7.0.66:2088@10.7.0.65,192.168.60.66:2088@192.168.50.65,192.168.5.166:2088@192.168.5.165&quot;,&quot;type&quot;:2,&quot;name&quot;:&quot;bond1&quot;,&quot;asi&quot;:0,&quot;rtmp&quot;:0,&quot;file&quot;:1,&quot;active&quot;:1,&quot;group&quot;:&quot;&quot;,&quot;bonded&quot;:[],&quot;error&quot;:&quot;None&quot;,&quot;con_stat&quot;:&quot;Connecting&quot;,&quot;bitrate&quot;:0,&quot;dest&quot;:&quot;bonded/bonded1&quot;},{&quot;mip&quot;:&quot;4000.ts&quot;,&quot;port&quot;:0,&quot;ip&quot;:&quot;file&quot;,&quot;in_name&quot;:&quot;bond&quot;,&quot;in_active&quot;:1,&quot;in_active_sources&quot;:0,&quot;prg_name&quot;:&quot;&quot;,&quot;prg_prov&quot;:&quot;&quot;,&quot;prg_num&quot;:-1,&quot;chan&quot;:&quot;&quot;,&quot;chan_id&quot;:-1,&quot;id&quot;:&quot;zixi://bonded(bonded2)#10.7.0.66:2088@10.7.0.65,192.168.60.66:2088@192.168.50.65,192.168.5.166:2088@192.168.5.165&quot;,&quot;type&quot;:2,&quot;name&quot;:&quot;bond2&quot;,&quot;asi&quot;:0,&quot;rtmp&quot;:0,&quot;file&quot;:1,&quot;active&quot;:1,&quot;group&quot;:&quot;&quot;,&quot;bonded&quot;:[],&quot;error&quot;:&quot;None&quot;,&quot;con_stat&quot;:&quot;Connecting&quot;,&quot;bitrate&quot;:0,&quot;dest&quot;:&quot;bonded/bonded2&quot;},{&quot;mip&quot;:&quot;4000.ts&quot;,&quot;port&quot;:0,&quot;ip&quot;:&quot;file&quot;,&quot;in_name&quot;:&quot;bond&quot;,&quot;in_active&quot;:1,&quot;in_active_sources&quot;:0,&quot;prg_name&quot;:&quot;&quot;,&quot;prg_prov&quot;:&quot;&quot;,&quot;prg_num&quot;:-1,&quot;chan&quot;:&quot;&quot;,&quot;chan_id&quot;:-1,&quot;id&quot;:&quot;zixi://bonded(bonded6)#10.7.0.66:2088@10.7.0.65,192.168.60.66:2088@192.168.50.65,192.168.5.166:2088@192.168.5.165&quot;,&quot;type&quot;:2,&quot;name&quot;:&quot;bond6&quot;,&quot;asi&quot;:0,&quot;rtmp&quot;:0,&quot;file&quot;:1,&quot;active&quot;:1,&quot;group&quot;:&quot;&quot;,&quot;bonded&quot;:[],&quot;error&quot;:&quot;None&quot;,&quot;con_stat&quot;:&quot;Connecting&quot;,&quot;bitrate&quot;:0,&quot;dest&quot;:&quot;bonded/bonded6&quot;}]}
Debug printing ------&gt;&gt;&gt; {&quot;custom_data&quot;:&quot;&quot;,&quot;msg&quot;:&quot;Output deleted.&quot;,&quot;error&quot;:&quot;&quot;,&quot;outs&quot;:[{&quot;mip&quot;:&quot;live_recording.ts&quot;,&quot;port&quot;:0,&quot;ip&quot;:&quot;file&quot;,&quot;in_name&quot;:&quot;feederoutputname&quot;,&quot;in_active&quot;:1,&quot;in_active_sources&quot;:0,&quot;prg_name&quot;:&quot;&quot;,&quot;prg_prov&quot;:&quot;&quot;,&quot;prg_num&quot;:1,&quot;chan&quot;:&quot;&quot;,&quot;chan_id&quot;:-1,&quot;id&quot;:&quot;zixi://10.7.0.66:2088/feederout&quot;,&quot;type&quot;:2,&quot;name&quot;:&quot;feederoutputname&quot;,&quot;asi&quot;:0,&quot;rtmp&quot;:0,&quot;file&quot;:1,&quot;active&quot;:1,&quot;group&quot;:&quot;&quot;,&quot;error&quot;:&quot;Authentication&quot;,&quot;con_stat&quot;:&quot;Disconnected&quot;,&quot;bitrate&quot;:0,&quot;dest&quot;:&quot;10.7.0.66:2088/feederout&quot;},{&quot;mip&quot;:&quot;4000.ts&quot;,&quot;port&quot;:0,&quot;ip&quot;:&quot;file&quot;,&quot;in_name&quot;:&quot;bond&quot;,&quot;in_active&quot;:1,&quot;in_active_sources&quot;:0,&quot;prg_name&quot;:&quot;&quot;,&quot;prg_prov&quot;:&quot;&quot;,&quot;prg_num&quot;:-1,&quot;chan&quot;:&quot;&quot;,&quot;chan_id&quot;:-1,&quot;id&quot;:&quot;zixi://bonded(bonded14)#10.7.0.66:2088@10.7.0.65,192.168.60.66:2088@192.168.50.65,192.168.5.166:2088@192.168.5.165&quot;,&quot;type&quot;:2,&quot;name&quot;:&quot;bond14&quot;,&quot;asi&quot;:0,&quot;rtmp&quot;:0,&quot;file&quot;:1,&quot;active&quot;:1,&quot;group&quot;:&quot;&quot;,&quot;bonded&quot;:[],&quot;error&quot;:&quot;Timeout&quot;,&quot;con_stat&quot;:&quot;Connecting&quot;,&quot;bitrate&quot;:0,&quot;dest&quot;:&quot;bonded/bonded14&quot;},{&quot;mip&quot;:&quot;4000.ts&quot;,&quot;port&quot;:0,&quot;ip&quot;:&quot;file&quot;,&quot;in_name&quot;:&quot;bond&quot;,&quot;in_active&quot;:1,&quot;in_active_sources&quot;:0,&quot;prg_name&quot;:&quot;&quot;,&quot;prg_prov&quot;:&quot;&quot;,&quot;prg_num&quot;:-1,&quot;chan&quot;:&quot;&quot;,&quot;chan_id&quot;:-1,&quot;id&quot;:&quot;zixi://bonded(bonded18)#10.7.0.66:2088@10.7.0.65,192.168.60.66:2088@192.168.50.65,192.168.5.166:2088@192.168.5.165&quot;,&quot;type&quot;:2,&quot;name&quot;:&quot;bond18&quot;,&quot;asi&quot;:0,&quot;rtmp&quot;:0,&quot;file&quot;:1,&quot;active&quot;:1,&quot;group&quot;:&quot;&quot;,&quot;bonded&quot;:[],&quot;error&quot;:&quot;Timeout&quot;,&quot;con_stat&quot;:&quot;Connecting&quot;,&quot;bitrate&quot;:0,&quot;dest&quot;:&quot;bonded/bonded18&quot;},{&quot;mip&quot;:&quot;4000.ts&quot;,&quot;port&quot;:0,&quot;ip&quot;:&quot;file&quot;,&quot;in_name&quot;:&quot;bond&quot;,&quot;in_active&quot;:1,&quot;in_active_sources&quot;:0,&quot;prg_name&quot;:&quot;&quot;,&quot;prg_prov&quot;:&quot;&quot;,&quot;prg_num&quot;:-1,&quot;chan&quot;:&quot;&quot;,&quot;chan_id&quot;:-1,&quot;id&quot;:&quot;zixi://bonded(bonded25)#10.7.0.66:2088@10.7.0.65,192.168.60.66:2088@192.168.50.65,192.168.5.166:2088@192.168.5.165&quot;,&quot;type&quot;:2,&quot;name&quot;:&quot;bond25&quot;,&quot;asi&quot;:0,&quot;rtmp&quot;:0,&quot;file&quot;:1,&quot;active&quot;:1,&quot;group&quot;:&quot;&quot;,&quot;bonded&quot;:[],&quot;error&quot;:&quot;None&quot;,&quot;con_stat&quot;:&quot;Connecting&quot;,&quot;bitrate&quot;:0,&quot;dest&quot;:&quot;bonded/bonded25&quot;},{&quot;mip&quot;:&quot;4000.ts&quot;,&quot;port&quot;:0,&quot;ip&quot;:&quot;file&quot;,&quot;in_name&quot;:&quot;bond&quot;,&quot;in_active&quot;:1,&quot;in_active_sources&quot;:0,&quot;prg_name&quot;:&quot;&quot;,&quot;prg_prov&quot;:&quot;&quot;,&quot;prg_num&quot;:-1,&quot;chan&quot;:&quot;&quot;,&quot;chan_id&quot;:-1,&quot;id&quot;:&quot;zixi://bonded(bonded28)#10.7.0.66:2088@10.7.0.65,192.168.60.66:2088@192.168.50.65,192.168.5.166:2088@192.168.5.165&quot;,&quot;type&quot;:2,&quot;name&quot;:&quot;bond28&quot;,&quot;asi&quot;:0,&quot;rtmp&quot;:0,&quot;file&quot;:1,&quot;active&quot;:1,&quot;group&quot;:&quot;&quot;,&quot;bonded&quot;:[],&quot;error&quot;:&quot;None&quot;,&quot;con_stat&quot;:&quot;Connecting&quot;,&quot;bitrate&quot;:0,&quot;dest&quot;:&quot;bonded/bonded28&quot;},{&quot;mip&quot;:&quot;4000.ts&quot;,&quot;port&quot;:0,&quot;ip&quot;:&quot;file&quot;,&quot;in_name&quot;:&quot;bond&quot;,&quot;in_active&quot;:1,&quot;in_active_sources&quot;:0,&quot;prg_name&quot;:&quot;&quot;,&quot;prg_prov&quot;:&quot;&quot;,&quot;prg_num&quot;:-1,&quot;chan&quot;:&quot;&quot;,&quot;chan_id&quot;:-1,&quot;id&quot;:&quot;zixi://bonded(bonded15)#10.7.0.66:2088@10.7.0.65,192.168.60.66:2088@192.168.50.65,192.168.5.166:2088@192.168.5.165&quot;,&quot;type&quot;:2,&quot;name&quot;:&quot;bond15&quot;,&quot;asi&quot;:0,&quot;rtmp&quot;:0,&quot;file&quot;:1,&quot;active&quot;:1,&quot;group&quot;:&quot;&quot;,&quot;bonded&quot;:[],&quot;error&quot;:&quot;Timeout&quot;,&quot;con_stat&quot;:&quot;Connecting&quot;,&quot;bitrate&quot;:0,&quot;dest&quot;:&quot;bonded/bonded15&quot;},{&quot;mip&quot;:&quot;4000.ts&quot;,&quot;port&quot;:0,&quot;ip&quot;:&quot;file&quot;,&quot;in_name&quot;:&quot;bond&quot;,&quot;in_active&quot;:1,&quot;in_active_sources&quot;:0,&quot;prg_name&quot;:&quot;&quot;,&quot;prg_prov&quot;:&quot;&quot;,&quot;prg_num&quot;:-1,&quot;chan&quot;:&quot;&quot;,&quot;chan_id&quot;:-1,&quot;id&quot;:&quot;zixi://bonded(bonded24)#10.7.0.66:2088@10.7.0.65,192.168.60.66:2088@192.168.50.65,192.168.5.166:2088@192.168.5.165&quot;,&quot;type&quot;:2,&quot;name&quot;:&quot;bond24&quot;,&quot;asi&quot;:0,&quot;rtmp&quot;:0,&quot;file&quot;:1,&quot;active&quot;:1,&quot;group&quot;:&quot;&quot;,&quot;bonded&quot;:[],&quot;error&quot;:&quot;None&quot;,&quot;con_stat&quot;:&quot;Connecting&quot;,&quot;bitrate&quot;:0,&quot;dest&quot;:&quot;bonded/bonded24&quot;},{&quot;mip&quot;:&quot;4000.ts&quot;,&quot;port&quot;:0,&quot;ip&quot;:&quot;file&quot;,&quot;in_name&quot;:&quot;bond&quot;,&quot;in_active&quot;:1,&quot;in_active_sources&quot;:0,&quot;prg_name&quot;:&quot;&quot;,&quot;prg_prov&quot;:&quot;&quot;,&quot;prg_num&quot;:-1,&quot;chan&quot;:&quot;&quot;,&quot;chan_id&quot;:-1,&quot;id&quot;:&quot;zixi://bonded(bonded17)#10.7.0.66:2088@10.7.0.65,192.168.60.66:2088@192.168.50.65,192.168.5.166:2088@192.168.5.165&quot;,&quot;type&quot;:2,&quot;name&quot;:&quot;bond17&quot;,&quot;asi&quot;:0,&quot;rtmp&quot;:0,&quot;file&quot;:1,&quot;active&quot;:1,&quot;group&quot;:&quot;&quot;,&quot;bonded&quot;:[],&quot;error&quot;:&quot;None&quot;,&quot;con_stat&quot;:&quot;Connecting&quot;,&quot;bitrate&quot;:0,&quot;dest&quot;:&quot;bonded/bonded17&quot;},{&quot;mip&quot;:&quot;4000.ts&quot;,&quot;port&quot;:0,&quot;ip&quot;:&quot;file&quot;,&quot;in_name&quot;:&quot;bond&quot;,&quot;in_active&quot;:1,&quot;in_active_sources&quot;:0,&quot;prg_name&quot;:&quot;&quot;,&quot;prg_prov&quot;:&quot;&quot;,&quot;prg_num&quot;:-1,&quot;chan&quot;:&quot;&quot;,&quot;chan_id&quot;:-1,&quot;id&quot;:&quot;zixi://bonded(bonded23)#10.7.0.66:2088@10.7.0.65,192.168.60.66:2088@192.168.50.65,192.168.5.166:2088@192.168.5.165&quot;,&quot;type&quot;:2,&quot;name&quot;:&quot;bond23&quot;,&quot;asi&quot;:0,&quot;rtmp&quot;:0,&quot;file&quot;:1,&quot;active&quot;:1,&quot;group&quot;:&quot;&quot;,&quot;bonded&quot;:[],&quot;error&quot;:&quot;None&quot;,&quot;con_stat&quot;:&quot;Connecting&quot;,&quot;bitrate&quot;:0,&quot;dest&quot;:&quot;bonded/bonded23&quot;},{&quot;mip&quot;:&quot;4000.ts&quot;,&quot;port&quot;:0,&quot;ip&quot;:&quot;file&quot;,&quot;in_name&quot;:&quot;bond&quot;,&quot;in_active&quot;:1,&quot;in_active_sources&quot;:0,&quot;prg_name&quot;:&quot;&quot;,&quot;prg_prov&quot;:&quot;&quot;,&quot;prg_num&quot;:-1,&quot;chan&quot;:&quot;&quot;,&quot;chan_id&quot;:-1,&quot;id&quot;:&quot;zixi://bonded(bonded8)#10.7.0.66:2088@10.7.0.65,192.168.60.66:2088@192.168.50.65,192.168.5.166:2088@192.168.5.165&quot;,&quot;type&quot;:2,&quot;name&quot;:&quot;bond8&quot;,&quot;asi&quot;:0,&quot;rtmp&quot;:0,&quot;file&quot;:1,&quot;active&quot;:1,&quot;group&quot;:&quot;&quot;,&quot;bonded&quot;:[],&quot;error&quot;:&quot;None&quot;,&quot;con_stat&quot;:&quot;Connecting&quot;,&quot;bitrate&quot;:0,&quot;dest&quot;:&quot;bonded/bonded8&quot;},{&quot;mip&quot;:&quot;4000.ts&quot;,&quot;port&quot;:0,&quot;ip&quot;:&quot;file&quot;,&quot;in_name&quot;:&quot;bond&quot;,&quot;in_active&quot;:1,&quot;in_active_sources&quot;:0,&quot;prg_name&quot;:&quot;&quot;,&quot;prg_prov&quot;:&quot;&quot;,&quot;prg_num&quot;:-1,&quot;chan&quot;:&quot;&quot;,&quot;chan_id&quot;:-1,&quot;id&quot;:&quot;zixi://bonded(bonded20)#10.7.0.66:2088@10.7.0.65,192.168.60.66:2088@192.168.50.65,192.168.5.166:2088@192.168.5.165&quot;,&quot;type&quot;:2,&quot;name&quot;:&quot;bond20&quot;,&quot;asi&quot;:0,&quot;rtmp&quot;:0,&quot;file&quot;:1,&quot;active&quot;:1,&quot;group&quot;:&quot;&quot;,&quot;bonded&quot;:[],&quot;error&quot;:&quot;Timeout&quot;,&quot;con_stat&quot;:&quot;Connecting&quot;,&quot;bitrate&quot;:0,&quot;dest&quot;:&quot;bonded/bonded20&quot;},{&quot;mip&quot;:&quot;4000.ts&quot;,&quot;port&quot;:0,&quot;ip&quot;:&quot;file&quot;,&quot;in_name&quot;:&quot;bond&quot;,&quot;in_active&quot;:1,&quot;in_active_sources&quot;:0,&quot;prg_name&quot;:&quot;&quot;,&quot;prg_prov&quot;:&quot;&quot;,&quot;prg_num&quot;:-1,&quot;chan&quot;:&quot;&quot;,&quot;chan_id&quot;:-1,&quot;id&quot;:&quot;zixi://bonded(bonded16)#10.7.0.66:2088@10.7.0.65,192.168.60.66:2088@192.168.50.65,192.168.5.166:2088@192.168.5.165&quot;,&quot;type&quot;:2,&quot;name&quot;:&quot;bond16&quot;,&quot;asi&quot;:0,&quot;rtmp&quot;:0,&quot;file&quot;:1,&quot;active&quot;:1,&quot;group&quot;:&quot;&quot;,&quot;bonded&quot;:[],&quot;error&quot;:&quot;None&quot;,&quot;con_stat&quot;:&quot;Connecting&quot;,&quot;bitrate&quot;:0,&quot;dest&quot;:&quot;bonded/bonded16&quot;},{&quot;mip&quot;:&quot;4000.ts&quot;,&quot;port&quot;:0,&quot;ip&quot;:&quot;file&quot;,&quot;in_name&quot;:&quot;bond&quot;,&quot;in_active&quot;:1,&quot;in_active_sources&quot;:0,&quot;prg_name&quot;:&quot;&quot;,&quot;prg_prov&quot;:&quot;&quot;,&quot;prg_num&quot;:-1,&quot;chan&quot;:&quot;&quot;,&quot;chan_id&quot;:-1,&quot;id&quot;:&quot;zixi://bonded(bonded19)#10.7.0.66:2088@10.7.0.65,192.168.60.66:2088@192.168.50.65,192.168.5.166:2088@192.168.5.165&quot;,&quot;type&quot;:2,&quot;name&quot;:&quot;bond19&quot;,&quot;asi&quot;:0,&quot;rtmp&quot;:0,&quot;file&quot;:1,&quot;active&quot;:1,&quot;group&quot;:&quot;&quot;,&quot;bonded&quot;:[],&quot;error&quot;:&quot;None&quot;,&quot;con_stat&quot;:&quot;Connecting&quot;,&quot;bitrate&quot;:0,&quot;dest&quot;:&quot;bonded/bonded19&quot;},{&quot;mip&quot;:&quot;4000.ts&quot;,&quot;port&quot;:0,&quot;ip&quot;:&quot;file&quot;,&quot;in_name&quot;:&quot;bond&quot;,&quot;in_active&quot;:1,&quot;in_active_sources&quot;:0,&quot;prg_name&quot;:&quot;&quot;,&quot;prg_prov&quot;:&quot;&quot;,&quot;prg_num&quot;:-1,&quot;chan&quot;:&quot;&quot;,&quot;chan_id&quot;:-1,&quot;id&quot;:&quot;zixi://bonded(bonded3)#10.7.0.66:2088@10.7.0.65,192.168.60.66:2088@192.168.50.65,192.168.5.166:2088@192.168.5.165&quot;,&quot;type&quot;:2,&quot;name&quot;:&quot;bond3&quot;,&quot;asi&quot;:0,&quot;rtmp&quot;:0,&quot;file&quot;:1,&quot;active&quot;:1,&quot;group&quot;:&quot;&quot;,&quot;bonded&quot;:[],&quot;error&quot;:&quot;None&quot;,&quot;con_stat&quot;:&quot;Connecting&quot;,&quot;bitrate&quot;:0,&quot;dest&quot;:&quot;bonded/bonded3&quot;},{&quot;mip&quot;:&quot;4000.ts&quot;,&quot;port&quot;:0,&quot;ip&quot;:&quot;file&quot;,&quot;in_name&quot;:&quot;bond&quot;,&quot;in_active&quot;:1,&quot;in_active_sources&quot;:0,&quot;prg_name&quot;:&quot;&quot;,&quot;prg_prov&quot;:&quot;&quot;,&quot;prg_num&quot;:-1,&quot;chan&quot;:&quot;&quot;,&quot;chan_id&quot;:-1,&quot;id&quot;:&quot;zixi://bonded(bonded7)#10.7.0.66:2088@10.7.0.65,192.168.60.66:2088@192.168.50.65,192.168.5.166:2088@192.168.5.165&quot;,&quot;type&quot;:2,&quot;name&quot;:&quot;bond7&quot;,&quot;asi&quot;:0,&quot;rtmp&quot;:0,&quot;file&quot;:1,&quot;active&quot;:1,&quot;group&quot;:&quot;&quot;,&quot;bonded&quot;:[],&quot;error&quot;:&quot;None&quot;,&quot;con_stat&quot;:&quot;Connecting&quot;,&quot;bitrate&quot;:0,&quot;dest&quot;:&quot;bonded/bonded7&quot;},{&quot;mip&quot;:&quot;4000.ts&quot;,&quot;port&quot;:0,&quot;ip&quot;:&quot;file&quot;,&quot;in_name&quot;:&quot;bond&quot;,&quot;in_active&quot;:1,&quot;in_active_sources&quot;:0,&quot;prg_name&quot;:&quot;&quot;,&quot;prg_prov&quot;:&quot;&quot;,&quot;prg_num&quot;:-1,&quot;chan&quot;:&quot;&quot;,&quot;chan_id&quot;:-1,&quot;id&quot;:&quot;zixi://bonded(bonded11)#10.7.0.66:2088@10.7.0.65,192.168.60.66:2088@192.168.50.65,192.168.5.166:2088@192.168.5.165&quot;,&quot;type&quot;:2,&quot;name&quot;:&quot;bond11&quot;,&quot;asi&quot;:0,&quot;rtmp&quot;:0,&quot;file&quot;:1,&quot;active&quot;:1,&quot;group&quot;:&quot;&quot;,&quot;bonded&quot;:[],&quot;error&quot;:&quot;None&quot;,&quot;con_stat&quot;:&quot;Connecting&quot;,&quot;bitrate&quot;:0,&quot;dest&quot;:&quot;bonded/bonded11&quot;},{&quot;mip&quot;:&quot;4000.ts&quot;,&quot;port&quot;:0,&quot;ip&quot;:&quot;file&quot;,&quot;in_name&quot;:&quot;bond&quot;,&quot;in_active&quot;:1,&quot;in_active_sources&quot;:0,&quot;prg_name&quot;:&quot;&quot;,&quot;prg_prov&quot;:&quot;&quot;,&quot;prg_num&quot;:-1,&quot;chan&quot;:&quot;&quot;,&quot;chan_id&quot;:-1,&quot;id&quot;:&quot;zixi://bonded(bonded13)#10.7.0.66:2088@10.7.0.65,192.168.60.66:2088@192.168.50.65,192.168.5.166:2088@192.168.5.165&quot;,&quot;type&quot;:2,&quot;name&quot;:&quot;bond13&quot;,&quot;asi&quot;:0,&quot;rtmp&quot;:0,&quot;file&quot;:1,&quot;active&quot;:1,&quot;group&quot;:&quot;&quot;,&quot;bonded&quot;:[],&quot;error&quot;:&quot;None&quot;,&quot;con_stat&quot;:&quot;Connecting&quot;,&quot;bitrate&quot;:0,&quot;dest&quot;:&quot;bonded/bonded13&quot;},{&quot;mip&quot;:&quot;4000.ts&quot;,&quot;port&quot;:0,&quot;ip&quot;:&quot;file&quot;,&quot;in_name&quot;:&quot;bond&quot;,&quot;in_active&quot;:1,&quot;in_active_sources&quot;:0,&quot;prg_name&quot;:&quot;&quot;,&quot;prg_prov&quot;:&quot;&quot;,&quot;prg_num&quot;:-1,&quot;chan&quot;:&quot;&quot;,&quot;chan_id&quot;:-1,&quot;id&quot;:&quot;zixi://bonded(bonded10)#10.7.0.66:2088@10.7.0.65,192.168.60.66:2088@192.168.50.65,192.168.5.166:2088@192.168.5.165&quot;,&quot;type&quot;:2,&quot;name&quot;:&quot;bond10&quot;,&quot;asi&quot;:0,&quot;rtmp&quot;:0,&quot;file&quot;:1,&quot;active&quot;:1,&quot;group&quot;:&quot;&quot;,&quot;bonded&quot;:[],&quot;error&quot;:&quot;Authentication&quot;,&quot;con_stat&quot;:&quot;Connecting&quot;,&quot;bitrate&quot;:0,&quot;dest&quot;:&quot;bonded/bonded10&quot;},{&quot;mip&quot;:&quot;4000.ts&quot;,&quot;port&quot;:0,&quot;ip&quot;:&quot;file&quot;,&quot;in_name&quot;:&quot;bond&quot;,&quot;in_active&quot;:1,&quot;in_active_sources&quot;:0,&quot;prg_name&quot;:&quot;&quot;,&quot;prg_prov&quot;:&quot;&quot;,&quot;prg_num&quot;:-1,&quot;chan&quot;:&quot;&quot;,&quot;chan_id&quot;:-1,&quot;id&quot;:&quot;zixi://bonded(bonded12)#10.7.0.66:2088@10.7.0.65,192.168.60.66:2088@192.168.50.65,192.168.5.166:2088@192.168.5.165&quot;,&quot;type&quot;:2,&quot;name&quot;:&quot;bond12&quot;,&quot;asi&quot;:0,&quot;rtmp&quot;:0,&quot;file&quot;:1,&quot;active&quot;:1,&quot;group&quot;:&quot;&quot;,&quot;bonded&quot;:[],&quot;error&quot;:&quot;None&quot;,&quot;con_stat&quot;:&quot;Connecting&quot;,&quot;bitrate&quot;:0,&quot;dest&quot;:&quot;bonded/bonded12&quot;},{&quot;mip&quot;:&quot;4000.ts&quot;,&quot;port&quot;:0,&quot;ip&quot;:&quot;file&quot;,&quot;in_name&quot;:&quot;bond&quot;,&quot;in_active&quot;:1,&quot;in_active_sources&quot;:0,&quot;prg_name&quot;:&quot;&quot;,&quot;prg_prov&quot;:&quot;&quot;,&quot;prg_num&quot;:-1,&quot;chan&quot;:&quot;&quot;,&quot;chan_id&quot;:-1,&quot;id&quot;:&quot;zixi://bonded(bonded9)#10.7.0.66:2088@10.7.0.65,192.168.60.66:2088@192.168.50.65,192.168.5.166:2088@192.168.5.165&quot;,&quot;type&quot;:2,&quot;name&quot;:&quot;bond9&quot;,&quot;asi&quot;:0,&quot;rtmp&quot;:0,&quot;file&quot;:1,&quot;active&quot;:1,&quot;group&quot;:&quot;&quot;,&quot;bonded&quot;:[],&quot;error&quot;:&quot;None&quot;,&quot;con_stat&quot;:&quot;Connecting&quot;,&quot;bitrate&quot;:0,&quot;dest&quot;:&quot;bonded/bonded9&quot;},{&quot;mip&quot;:&quot;4000.ts&quot;,&quot;port&quot;:0,&quot;ip&quot;:&quot;file&quot;,&quot;in_name&quot;:&quot;bond&quot;,&quot;in_active&quot;:1,&quot;in_active_sources&quot;:0,&quot;prg_name&quot;:&quot;&quot;,&quot;prg_prov&quot;:&quot;&quot;,&quot;prg_num&quot;:-1,&quot;chan&quot;:&quot;&quot;,&quot;chan_id&quot;:-1,&quot;id&quot;:&quot;zixi://bonded(bonded5)#10.7.0.66:2088@10.7.0.65,192.168.60.66:2088@192.168.50.65,192.168.5.166:2088@192.168.5.165&quot;,&quot;type&quot;:2,&quot;name&quot;:&quot;bond5&quot;,&quot;asi&quot;:0,&quot;rtmp&quot;:0,&quot;file&quot;:1,&quot;active&quot;:1,&quot;group&quot;:&quot;&quot;,&quot;bonded&quot;:[],&quot;error&quot;:&quot;None&quot;,&quot;con_stat&quot;:&quot;Connecting&quot;,&quot;bitrate&quot;:0,&quot;dest&quot;:&quot;bonded/bonded5&quot;},{&quot;mip&quot;:&quot;4000.ts&quot;,&quot;port&quot;:0,&quot;ip&quot;:&quot;file&quot;,&quot;in_name&quot;:&quot;bond&quot;,&quot;in_active&quot;:1,&quot;in_active_sources&quot;:0,&quot;prg_name&quot;:&quot;&quot;,&quot;prg_prov&quot;:&quot;&quot;,&quot;prg_num&quot;:-1,&quot;chan&quot;:&quot;&quot;,&quot;chan_id&quot;:-1,&quot;id&quot;:&quot;zixi://bonded(bonded4)#10.7.0.66:2088@10.7.0.65,192.168.60.66:2088@192.168.50.65,192.168.5.166:2088@192.168.5.165&quot;,&quot;type&quot;:2,&quot;name&quot;:&quot;bond4&quot;,&quot;asi&quot;:0,&quot;rtmp&quot;:0,&quot;file&quot;:1,&quot;active&quot;:1,&quot;group&quot;:&quot;&quot;,&quot;bonded&quot;:[],&quot;error&quot;:&quot;Timeout&quot;,&quot;con_stat&quot;:&quot;Connecting&quot;,&quot;bitrate&quot;:0,&quot;dest&quot;:&quot;bonded/bonded4&quot;},{&quot;mip&quot;:&quot;4000.ts&quot;,&quot;port&quot;:0,&quot;ip&quot;:&quot;file&quot;,&quot;in_name&quot;:&quot;bond&quot;,&quot;in_active&quot;:1,&quot;in_active_sources&quot;:0,&quot;prg_name&quot;:&quot;&quot;,&quot;prg_prov&quot;:&quot;&quot;,&quot;prg_num&quot;:-1,&quot;chan&quot;:&quot;&quot;,&quot;chan_id&quot;:-1,&quot;id&quot;:&quot;zixi://bonded(bonded1)#10.7.0.66:2088@10.7.0.65,192.168.60.66:2088@192.168.50.65,192.168.5.166:2088@192.168.5.165&quot;,&quot;type&quot;:2,&quot;name&quot;:&quot;bond1&quot;,&quot;asi&quot;:0,&quot;rtmp&quot;:0,&quot;file&quot;:1,&quot;active&quot;:1,&quot;group&quot;:&quot;&quot;,&quot;bonded&quot;:[],&quot;error&quot;:&quot;None&quot;,&quot;con_stat&quot;:&quot;Connecting&quot;,&quot;bitrate&quot;:0,&quot;dest&quot;:&quot;bonded/bonded1&quot;},{&quot;mip&quot;:&quot;4000.ts&quot;,&quot;port&quot;:0,&quot;ip&quot;:&quot;file&quot;,&quot;in_name&quot;:&quot;bond&quot;,&quot;in_active&quot;:1,&quot;in_active_sources&quot;:0,&quot;prg_name&quot;:&quot;&quot;,&quot;prg_prov&quot;:&quot;&quot;,&quot;prg_num&quot;:-1,&quot;chan&quot;:&quot;&quot;,&quot;chan_id&quot;:-1,&quot;id&quot;:&quot;zixi://bonded(bonded2)#10.7.0.66:2088@10.7.0.65,192.168.60.66:2088@192.168.50.65,192.168.5.166:2088@192.168.5.165&quot;,&quot;type&quot;:2,&quot;name&quot;:&quot;bond2&quot;,&quot;asi&quot;:0,&quot;rtmp&quot;:0,&quot;file&quot;:1,&quot;active&quot;:1,&quot;group&quot;:&quot;&quot;,&quot;bonded&quot;:[],&quot;error&quot;:&quot;None&quot;,&quot;con_stat&quot;:&quot;Connecting&quot;,&quot;bitrate&quot;:0,&quot;dest&quot;:&quot;bonded/bonded2&quot;},{&quot;mip&quot;:&quot;4000.ts&quot;,&quot;port&quot;:0,&quot;ip&quot;:&quot;file&quot;,&quot;in_name&quot;:&quot;bond&quot;,&quot;in_active&quot;:1,&quot;in_active_sources&quot;:0,&quot;prg_name&quot;:&quot;&quot;,&quot;prg_prov&quot;:&quot;&quot;,&quot;prg_num&quot;:-1,&quot;chan&quot;:&quot;&quot;,&quot;chan_id&quot;:-1,&quot;id&quot;:&quot;zixi://bonded(bonded6)#10.7.0.66:2088@10.7.0.65,192.168.60.66:2088@192.168.50.65,192.168.5.166:2088@192.168.5.165&quot;,&quot;type&quot;:2,&quot;name&quot;:&quot;bond6&quot;,&quot;asi&quot;:0,&quot;rtmp&quot;:0,&quot;file&quot;:1,&quot;active&quot;:1,&quot;group&quot;:&quot;&quot;,&quot;bonded&quot;:[],&quot;error&quot;:&quot;None&quot;,&quot;con_stat&quot;:&quot;Connecting&quot;,&quot;bitrate&quot;:0,&quot;dest&quot;:&quot;bonded/bonded6&quot;}]}
Debug printing ------&gt;&gt;&gt; {&quot;custom_data&quot;:&quot;&quot;,&quot;msg&quot;:&quot;Output deleted.&quot;,&quot;error&quot;:&quot;&quot;,&quot;outs&quot;:[{&quot;mip&quot;:&quot;live_recording.ts&quot;,&quot;port&quot;:0,&quot;ip&quot;:&quot;file&quot;,&quot;in_name&quot;:&quot;feederoutputname&quot;,&quot;in_active&quot;:1,&quot;in_active_sources&quot;:0,&quot;prg_name&quot;:&quot;&quot;,&quot;prg_prov&quot;:&quot;&quot;,&quot;prg_num&quot;:1,&quot;chan&quot;:&quot;&quot;,&quot;chan_id&quot;:-1,&quot;id&quot;:&quot;zixi://10.7.0.66:2088/feederout&quot;,&quot;type&quot;:2,&quot;name&quot;:&quot;feederoutputname&quot;,&quot;asi&quot;:0,&quot;rtmp&quot;:0,&quot;file&quot;:1,&quot;active&quot;:1,&quot;group&quot;:&quot;&quot;,&quot;error&quot;:&quot;Authentication&quot;,&quot;con_stat&quot;:&quot;Disconnected&quot;,&quot;bitrate&quot;:0,&quot;dest&quot;:&quot;10.7.0.66:2088/feederout&quot;},{&quot;mip&quot;:&quot;4000.ts&quot;,&quot;port&quot;:0,&quot;ip&quot;:&quot;file&quot;,&quot;in_name&quot;:&quot;bond&quot;,&quot;in_active&quot;:1,&quot;in_active_sources&quot;:0,&quot;prg_name&quot;:&quot;&quot;,&quot;prg_prov&quot;:&quot;&quot;,&quot;prg_num&quot;:-1,&quot;chan&quot;:&quot;&quot;,&quot;chan_id&quot;:-1,&quot;id&quot;:&quot;zixi://bonded(bonded14)#10.7.0.66:2088@10.7.0.65,192.168.60.66:2088@192.168.50.65,192.168.5.166:2088@192.168.5.165&quot;,&quot;type&quot;:2,&quot;name&quot;:&quot;bond14&quot;,&quot;asi&quot;:0,&quot;rtmp&quot;:0,&quot;file&quot;:1,&quot;active&quot;:1,&quot;group&quot;:&quot;&quot;,&quot;bonded&quot;:[],&quot;error&quot;:&quot;Timeout&quot;,&quot;con_stat&quot;:&quot;Connecting&quot;,&quot;bitrate&quot;:0,&quot;dest&quot;:&quot;bonded/bonded14&quot;},{&quot;mip&quot;:&quot;4000.ts&quot;,&quot;port&quot;:0,&quot;ip&quot;:&quot;file&quot;,&quot;in_name&quot;:&quot;bond&quot;,&quot;in_active&quot;:1,&quot;in_active_sources&quot;:0,&quot;prg_name&quot;:&quot;&quot;,&quot;prg_prov&quot;:&quot;&quot;,&quot;prg_num&quot;:-1,&quot;chan&quot;:&quot;&quot;,&quot;chan_id&quot;:-1,&quot;id&quot;:&quot;zixi://bonded(bonded18)#10.7.0.66:2088@10.7.0.65,192.168.60.66:2088@192.168.50.65,192.168.5.166:2088@192.168.5.165&quot;,&quot;type&quot;:2,&quot;name&quot;:&quot;bond18&quot;,&quot;asi&quot;:0,&quot;rtmp&quot;:0,&quot;file&quot;:1,&quot;active&quot;:1,&quot;group&quot;:&quot;&quot;,&quot;bonded&quot;:[],&quot;error&quot;:&quot;Timeout&quot;,&quot;con_stat&quot;:&quot;Connecting&quot;,&quot;bitrate&quot;:0,&quot;dest&quot;:&quot;bonded/bonded18&quot;},{&quot;mip&quot;:&quot;4000.ts&quot;,&quot;port&quot;:0,&quot;ip&quot;:&quot;file&quot;,&quot;in_name&quot;:&quot;bond&quot;,&quot;in_active&quot;:1,&quot;in_active_sources&quot;:0,&quot;prg_name&quot;:&quot;&quot;,&quot;prg_prov&quot;:&quot;&quot;,&quot;prg_num&quot;:-1,&quot;chan&quot;:&quot;&quot;,&quot;chan_id&quot;:-1,&quot;id&quot;:&quot;zixi://bonded(bonded25)#10.7.0.66:2088@10.7.0.65,192.168.60.66:2088@192.168.50.65,192.168.5.166:2088@192.168.5.165&quot;,&quot;type&quot;:2,&quot;name&quot;:&quot;bond25&quot;,&quot;asi&quot;:0,&quot;rtmp&quot;:0,&quot;file&quot;:1,&quot;active&quot;:1,&quot;group&quot;:&quot;&quot;,&quot;bonded&quot;:[],&quot;error&quot;:&quot;None&quot;,&quot;con_stat&quot;:&quot;Connecting&quot;,&quot;bitrate&quot;:0,&quot;dest&quot;:&quot;bonded/bonded25&quot;},{&quot;mip&quot;:&quot;4000.ts&quot;,&quot;port&quot;:0,&quot;ip&quot;:&quot;file&quot;,&quot;in_name&quot;:&quot;bond&quot;,&quot;in_active&quot;:1,&quot;in_active_sources&quot;:0,&quot;prg_name&quot;:&quot;&quot;,&quot;prg_prov&quot;:&quot;&quot;,&quot;prg_num&quot;:-1,&quot;chan&quot;:&quot;&quot;,&quot;chan_id&quot;:-1,&quot;id&quot;:&quot;zixi://bonded(bonded28)#10.7.0.66:2088@10.7.0.65,192.168.60.66:2088@192.168.50.65,192.168.5.166:2088@192.168.5.165&quot;,&quot;type&quot;:2,&quot;name&quot;:&quot;bond28&quot;,&quot;asi&quot;:0,&quot;rtmp&quot;:0,&quot;file&quot;:1,&quot;active&quot;:1,&quot;group&quot;:&quot;&quot;,&quot;bonded&quot;:[],&quot;error&quot;:&quot;None&quot;,&quot;con_stat&quot;:&quot;Connecting&quot;,&quot;bitrate&quot;:0,&quot;dest&quot;:&quot;bonded/bonded28&quot;},{&quot;mip&quot;:&quot;4000.ts&quot;,&quot;port&quot;:0,&quot;ip&quot;:&quot;file&quot;,&quot;in_name&quot;:&quot;bond&quot;,&quot;in_active&quot;:1,&quot;in_active_sources&quot;:0,&quot;prg_name&quot;:&quot;&quot;,&quot;prg_prov&quot;:&quot;&quot;,&quot;prg_num&quot;:-1,&quot;chan&quot;:&quot;&quot;,&quot;chan_id&quot;:-1,&quot;id&quot;:&quot;zixi://bonded(bonded15)#10.7.0.66:2088@10.7.0.65,192.168.60.66:2088@192.168.50.65,192.168.5.166:2088@192.168.5.165&quot;,&quot;type&quot;:2,&quot;name&quot;:&quot;bond15&quot;,&quot;asi&quot;:0,&quot;rtmp&quot;:0,&quot;file&quot;:1,&quot;active&quot;:1,&quot;group&quot;:&quot;&quot;,&quot;bonded&quot;:[],&quot;error&quot;:&quot;Timeout&quot;,&quot;con_stat&quot;:&quot;Connecting&quot;,&quot;bitrate&quot;:0,&quot;dest&quot;:&quot;bonded/bonded15&quot;},{&quot;mip&quot;:&quot;4000.ts&quot;,&quot;port&quot;:0,&quot;ip&quot;:&quot;file&quot;,&quot;in_name&quot;:&quot;bond&quot;,&quot;in_active&quot;:1,&quot;in_active_sources&quot;:0,&quot;prg_name&quot;:&quot;&quot;,&quot;prg_prov&quot;:&quot;&quot;,&quot;prg_num&quot;:-1,&quot;chan&quot;:&quot;&quot;,&quot;chan_id&quot;:-1,&quot;id&quot;:&quot;zixi://bonded(bonded24)#10.7.0.66:2088@10.7.0.65,192.168.60.66:2088@192.168.50.65,192.168.5.166:2088@192.168.5.165&quot;,&quot;type&quot;:2,&quot;name&quot;:&quot;bond24&quot;,&quot;asi&quot;:0,&quot;rtmp&quot;:0,&quot;file&quot;:1,&quot;active&quot;:1,&quot;group&quot;:&quot;&quot;,&quot;bonded&quot;:[],&quot;error&quot;:&quot;None&quot;,&quot;con_stat&quot;:&quot;Connecting&quot;,&quot;bitrate&quot;:0,&quot;dest&quot;:&quot;bonded/bonded24&quot;},{&quot;mip&quot;:&quot;4000.ts&quot;,&quot;port&quot;:0,&quot;ip&quot;:&quot;file&quot;,&quot;in_name&quot;:&quot;bond&quot;,&quot;in_active&quot;:1,&quot;in_active_sources&quot;:0,&quot;prg_name&quot;:&quot;&quot;,&quot;prg_prov&quot;:&quot;&quot;,&quot;prg_num&quot;:-1,&quot;chan&quot;:&quot;&quot;,&quot;chan_id&quot;:-1,&quot;id&quot;:&quot;zixi://bonded(bonded17)#10.7.0.66:2088@10.7.0.65,192.168.60.66:2088@192.168.50.65,192.168.5.166:2088@192.168.5.165&quot;,&quot;type&quot;:2,&quot;name&quot;:&quot;bond17&quot;,&quot;asi&quot;:0,&quot;rtmp&quot;:0,&quot;file&quot;:1,&quot;active&quot;:1,&quot;group&quot;:&quot;&quot;,&quot;bonded&quot;:[],&quot;error&quot;:&quot;None&quot;,&quot;con_stat&quot;:&quot;Connecting&quot;,&quot;bitrate&quot;:0,&quot;dest&quot;:&quot;bonded/bonded17&quot;},{&quot;mip&quot;:&quot;4000.ts&quot;,&quot;port&quot;:0,&quot;ip&quot;:&quot;file&quot;,&quot;in_name&quot;:&quot;bond&quot;,&quot;in_active&quot;:1,&quot;in_active_sources&quot;:0,&quot;prg_name&quot;:&quot;&quot;,&quot;prg_prov&quot;:&quot;&quot;,&quot;prg_num&quot;:-1,&quot;chan&quot;:&quot;&quot;,&quot;chan_id&quot;:-1,&quot;id&quot;:&quot;zixi://bonded(bonded23)#10.7.0.66:2088@10.7.0.65,192.168.60.66:2088@192.168.50.65,192.168.5.166:2088@192.168.5.165&quot;,&quot;type&quot;:2,&quot;name&quot;:&quot;bond23&quot;,&quot;asi&quot;:0,&quot;rtmp&quot;:0,&quot;file&quot;:1,&quot;active&quot;:1,&quot;group&quot;:&quot;&quot;,&quot;bonded&quot;:[],&quot;error&quot;:&quot;None&quot;,&quot;con_stat&quot;:&quot;Connecting&quot;,&quot;bitrate&quot;:0,&quot;dest&quot;:&quot;bonded/bonded23&quot;},{&quot;mip&quot;:&quot;4000.ts&quot;,&quot;port&quot;:0,&quot;ip&quot;:&quot;file&quot;,&quot;in_name&quot;:&quot;bond&quot;,&quot;in_active&quot;:1,&quot;in_active_sources&quot;:0,&quot;prg_name&quot;:&quot;&quot;,&quot;prg_prov&quot;:&quot;&quot;,&quot;prg_num&quot;:-1,&quot;chan&quot;:&quot;&quot;,&quot;chan_id&quot;:-1,&quot;id&quot;:&quot;zixi://bonded(bonded8)#10.7.0.66:2088@10.7.0.65,192.168.60.66:2088@192.168.50.65,192.168.5.166:2088@192.168.5.165&quot;,&quot;type&quot;:2,&quot;name&quot;:&quot;bond8&quot;,&quot;asi&quot;:0,&quot;rtmp&quot;:0,&quot;file&quot;:1,&quot;active&quot;:1,&quot;group&quot;:&quot;&quot;,&quot;bonded&quot;:[],&quot;error&quot;:&quot;None&quot;,&quot;con_stat&quot;:&quot;Connecting&quot;,&quot;bitrate&quot;:0,&quot;dest&quot;:&quot;bonded/bonded8&quot;},{&quot;mip&quot;:&quot;4000.ts&quot;,&quot;port&quot;:0,&quot;ip&quot;:&quot;file&quot;,&quot;in_name&quot;:&quot;bond&quot;,&quot;in_active&quot;:1,&quot;in_active_sources&quot;:0,&quot;prg_name&quot;:&quot;&quot;,&quot;prg_prov&quot;:&quot;&quot;,&quot;prg_num&quot;:-1,&quot;chan&quot;:&quot;&quot;,&quot;chan_id&quot;:-1,&quot;id&quot;:&quot;zixi://bonded(bonded20)#10.7.0.66:2088@10.7.0.65,192.168.60.66:2088@192.168.50.65,192.168.5.166:2088@192.168.5.165&quot;,&quot;type&quot;:2,&quot;name&quot;:&quot;bond20&quot;,&quot;asi&quot;:0,&quot;rtmp&quot;:0,&quot;file&quot;:1,&quot;active&quot;:1,&quot;group&quot;:&quot;&quot;,&quot;bonded&quot;:[],&quot;error&quot;:&quot;Timeout&quot;,&quot;con_stat&quot;:&quot;Connecting&quot;,&quot;bitrate&quot;:0,&quot;dest&quot;:&quot;bonded/bonded20&quot;},{&quot;mip&quot;:&quot;4000.ts&quot;,&quot;port&quot;:0,&quot;ip&quot;:&quot;file&quot;,&quot;in_name&quot;:&quot;bond&quot;,&quot;in_active&quot;:1,&quot;in_active_sources&quot;:0,&quot;prg_name&quot;:&quot;&quot;,&quot;prg_prov&quot;:&quot;&quot;,&quot;prg_num&quot;:-1,&quot;chan&quot;:&quot;&quot;,&quot;chan_id&quot;:-1,&quot;id&quot;:&quot;zixi://bonded(bonded16)#10.7.0.66:2088@10.7.0.65,192.168.60.66:2088@192.168.50.65,192.168.5.166:2088@192.168.5.165&quot;,&quot;type&quot;:2,&quot;name&quot;:&quot;bond16&quot;,&quot;asi&quot;:0,&quot;rtmp&quot;:0,&quot;file&quot;:1,&quot;active&quot;:1,&quot;group&quot;:&quot;&quot;,&quot;bonded&quot;:[],&quot;error&quot;:&quot;None&quot;,&quot;con_stat&quot;:&quot;Connecting&quot;,&quot;bitrate&quot;:0,&quot;dest&quot;:&quot;bonded/bonded16&quot;},{&quot;mip&quot;:&quot;4000.ts&quot;,&quot;port&quot;:0,&quot;ip&quot;:&quot;file&quot;,&quot;in_name&quot;:&quot;bond&quot;,&quot;in_active&quot;:1,&quot;in_active_sources&quot;:0,&quot;prg_name&quot;:&quot;&quot;,&quot;prg_prov&quot;:&quot;&quot;,&quot;prg_num&quot;:-1,&quot;chan&quot;:&quot;&quot;,&quot;chan_id&quot;:-1,&quot;id&quot;:&quot;zixi://bonded(bonded19)#10.7.0.66:2088@10.7.0.65,192.168.60.66:2088@192.168.50.65,192.168.5.166:2088@192.168.5.165&quot;,&quot;type&quot;:2,&quot;name&quot;:&quot;bond19&quot;,&quot;asi&quot;:0,&quot;rtmp&quot;:0,&quot;file&quot;:1,&quot;active&quot;:1,&quot;group&quot;:&quot;&quot;,&quot;bonded&quot;:[],&quot;error&quot;:&quot;None&quot;,&quot;con_stat&quot;:&quot;Connecting&quot;,&quot;bitrate&quot;:0,&quot;dest&quot;:&quot;bonded/bonded19&quot;},{&quot;mip&quot;:&quot;4000.ts&quot;,&quot;port&quot;:0,&quot;ip&quot;:&quot;file&quot;,&quot;in_name&quot;:&quot;bond&quot;,&quot;in_active&quot;:1,&quot;in_active_sources&quot;:0,&quot;prg_name&quot;:&quot;&quot;,&quot;prg_prov&quot;:&quot;&quot;,&quot;prg_num&quot;:-1,&quot;chan&quot;:&quot;&quot;,&quot;chan_id&quot;:-1,&quot;id&quot;:&quot;zixi://bonded(bonded3)#10.7.0.66:2088@10.7.0.65,192.168.60.66:2088@192.168.50.65,192.168.5.166:2088@192.168.5.165&quot;,&quot;type&quot;:2,&quot;name&quot;:&quot;bond3&quot;,&quot;asi&quot;:0,&quot;rtmp&quot;:0,&quot;file&quot;:1,&quot;active&quot;:1,&quot;group&quot;:&quot;&quot;,&quot;bonded&quot;:[],&quot;error&quot;:&quot;None&quot;,&quot;con_stat&quot;:&quot;Connecting&quot;,&quot;bitrate&quot;:0,&quot;dest&quot;:&quot;bonded/bonded3&quot;},{&quot;mip&quot;:&quot;4000.ts&quot;,&quot;port&quot;:0,&quot;ip&quot;:&quot;file&quot;,&quot;in_name&quot;:&quot;bond&quot;,&quot;in_active&quot;:1,&quot;in_active_sources&quot;:0,&quot;prg_name&quot;:&quot;&quot;,&quot;prg_prov&quot;:&quot;&quot;,&quot;prg_num&quot;:-1,&quot;chan&quot;:&quot;&quot;,&quot;chan_id&quot;:-1,&quot;id&quot;:&quot;zixi://bonded(bonded7)#10.7.0.66:2088@10.7.0.65,192.168.60.66:2088@192.168.50.65,192.168.5.166:2088@192.168.5.165&quot;,&quot;type&quot;:2,&quot;name&quot;:&quot;bond7&quot;,&quot;asi&quot;:0,&quot;rtmp&quot;:0,&quot;file&quot;:1,&quot;active&quot;:1,&quot;group&quot;:&quot;&quot;,&quot;bonded&quot;:[],&quot;error&quot;:&quot;None&quot;,&quot;con_stat&quot;:&quot;Connecting&quot;,&quot;bitrate&quot;:0,&quot;dest&quot;:&quot;bonded/bonded7&quot;},{&quot;mip&quot;:&quot;4000.ts&quot;,&quot;port&quot;:0,&quot;ip&quot;:&quot;file&quot;,&quot;in_name&quot;:&quot;bond&quot;,&quot;in_active&quot;:1,&quot;in_active_sources&quot;:0,&quot;prg_name&quot;:&quot;&quot;,&quot;prg_prov&quot;:&quot;&quot;,&quot;prg_num&quot;:-1,&quot;chan&quot;:&quot;&quot;,&quot;chan_id&quot;:-1,&quot;id&quot;:&quot;zixi://bonded(bonded11)#10.7.0.66:2088@10.7.0.65,192.168.60.66:2088@192.168.50.65,192.168.5.166:2088@192.168.5.165&quot;,&quot;type&quot;:2,&quot;name&quot;:&quot;bond11&quot;,&quot;asi&quot;:0,&quot;rtmp&quot;:0,&quot;file&quot;:1,&quot;active&quot;:1,&quot;group&quot;:&quot;&quot;,&quot;bonded&quot;:[],&quot;error&quot;:&quot;None&quot;,&quot;con_stat&quot;:&quot;Connecting&quot;,&quot;bitrate&quot;:0,&quot;dest&quot;:&quot;bonded/bonded11&quot;},{&quot;mip&quot;:&quot;4000.ts&quot;,&quot;port&quot;:0,&quot;ip&quot;:&quot;file&quot;,&quot;in_name&quot;:&quot;bond&quot;,&quot;in_active&quot;:1,&quot;in_active_sources&quot;:0,&quot;prg_name&quot;:&quot;&quot;,&quot;prg_prov&quot;:&quot;&quot;,&quot;prg_num&quot;:-1,&quot;chan&quot;:&quot;&quot;,&quot;chan_id&quot;:-1,&quot;id&quot;:&quot;zixi://bonded(bonded13)#10.7.0.66:2088@10.7.0.65,192.168.60.66:2088@192.168.50.65,192.168.5.166:2088@192.168.5.165&quot;,&quot;type&quot;:2,&quot;name&quot;:&quot;bond13&quot;,&quot;asi&quot;:0,&quot;rtmp&quot;:0,&quot;file&quot;:1,&quot;active&quot;:1,&quot;group&quot;:&quot;&quot;,&quot;bonded&quot;:[],&quot;error&quot;:&quot;None&quot;,&quot;con_stat&quot;:&quot;Connecting&quot;,&quot;bitrate&quot;:0,&quot;dest&quot;:&quot;bonded/bonded13&quot;},{&quot;mip&quot;:&quot;4000.ts&quot;,&quot;port&quot;:0,&quot;ip&quot;:&quot;file&quot;,&quot;in_name&quot;:&quot;bond&quot;,&quot;in_active&quot;:1,&quot;in_active_sources&quot;:0,&quot;prg_name&quot;:&quot;&quot;,&quot;prg_prov&quot;:&quot;&quot;,&quot;prg_num&quot;:-1,&quot;chan&quot;:&quot;&quot;,&quot;chan_id&quot;:-1,&quot;id&quot;:&quot;zixi://bonded(bonded10)#10.7.0.66:2088@10.7.0.65,192.168.60.66:2088@192.168.50.65,192.168.5.166:2088@192.168.5.165&quot;,&quot;type&quot;:2,&quot;name&quot;:&quot;bond10&quot;,&quot;asi&quot;:0,&quot;rtmp&quot;:0,&quot;file&quot;:1,&quot;active&quot;:1,&quot;group&quot;:&quot;&quot;,&quot;bonded&quot;:[],&quot;error&quot;:&quot;Authentication&quot;,&quot;con_stat&quot;:&quot;Connecting&quot;,&quot;bitrate&quot;:0,&quot;dest&quot;:&quot;bonded/bonded10&quot;},{&quot;mip&quot;:&quot;4000.ts&quot;,&quot;port&quot;:0,&quot;ip&quot;:&quot;file&quot;,&quot;in_name&quot;:&quot;bond&quot;,&quot;in_active&quot;:1,&quot;in_active_sources&quot;:0,&quot;prg_name&quot;:&quot;&quot;,&quot;prg_prov&quot;:&quot;&quot;,&quot;prg_num&quot;:-1,&quot;chan&quot;:&quot;&quot;,&quot;chan_id&quot;:-1,&quot;id&quot;:&quot;zixi://bonded(bonded12)#10.7.0.66:2088@10.7.0.65,192.168.60.66:2088@192.168.50.65,192.168.5.166:2088@192.168.5.165&quot;,&quot;type&quot;:2,&quot;name&quot;:&quot;bond12&quot;,&quot;asi&quot;:0,&quot;rtmp&quot;:0,&quot;file&quot;:1,&quot;active&quot;:1,&quot;group&quot;:&quot;&quot;,&quot;bonded&quot;:[],&quot;error&quot;:&quot;None&quot;,&quot;con_stat&quot;:&quot;Connecting&quot;,&quot;bitrate&quot;:0,&quot;dest&quot;:&quot;bonded/bonded12&quot;},{&quot;mip&quot;:&quot;4000.ts&quot;,&quot;port&quot;:0,&quot;ip&quot;:&quot;file&quot;,&quot;in_name&quot;:&quot;bond&quot;,&quot;in_active&quot;:1,&quot;in_active_sources&quot;:0,&quot;prg_name&quot;:&quot;&quot;,&quot;prg_prov&quot;:&quot;&quot;,&quot;prg_num&quot;:-1,&quot;chan&quot;:&quot;&quot;,&quot;chan_id&quot;:-1,&quot;id&quot;:&quot;zixi://bonded(bonded9)#10.7.0.66:2088@10.7.0.65,192.168.60.66:2088@192.168.50.65,192.168.5.166:2088@192.168.5.165&quot;,&quot;type&quot;:2,&quot;name&quot;:&quot;bond9&quot;,&quot;asi&quot;:0,&quot;rtmp&quot;:0,&quot;file&quot;:1,&quot;active&quot;:1,&quot;group&quot;:&quot;&quot;,&quot;bonded&quot;:[],&quot;error&quot;:&quot;None&quot;,&quot;con_stat&quot;:&quot;Connecting&quot;,&quot;bitrate&quot;:0,&quot;dest&quot;:&quot;bonded/bonded9&quot;},{&quot;mip&quot;:&quot;4000.ts&quot;,&quot;port&quot;:0,&quot;ip&quot;:&quot;file&quot;,&quot;in_name&quot;:&quot;bond&quot;,&quot;in_active&quot;:1,&quot;in_active_sources&quot;:0,&quot;prg_name&quot;:&quot;&quot;,&quot;prg_prov&quot;:&quot;&quot;,&quot;prg_num&quot;:-1,&quot;chan&quot;:&quot;&quot;,&quot;chan_id&quot;:-1,&quot;id&quot;:&quot;zixi://bonded(bonded5)#10.7.0.66:2088@10.7.0.65,192.168.60.66:2088@192.168.50.65,192.168.5.166:2088@192.168.5.165&quot;,&quot;type&quot;:2,&quot;name&quot;:&quot;bond5&quot;,&quot;asi&quot;:0,&quot;rtmp&quot;:0,&quot;file&quot;:1,&quot;active&quot;:1,&quot;group&quot;:&quot;&quot;,&quot;bonded&quot;:[],&quot;error&quot;:&quot;None&quot;,&quot;con_stat&quot;:&quot;Connecting&quot;,&quot;bitrate&quot;:0,&quot;dest&quot;:&quot;bonded/bonded5&quot;},{&quot;mip&quot;:&quot;4000.ts&quot;,&quot;port&quot;:0,&quot;ip&quot;:&quot;file&quot;,&quot;in_name&quot;:&quot;bond&quot;,&quot;in_active&quot;:1,&quot;in_active_sources&quot;:0,&quot;prg_name&quot;:&quot;&quot;,&quot;prg_prov&quot;:&quot;&quot;,&quot;prg_num&quot;:-1,&quot;chan&quot;:&quot;&quot;,&quot;chan_id&quot;:-1,&quot;id&quot;:&quot;zixi://bonded(bonded4)#10.7.0.66:2088@10.7.0.65,192.168.60.66:2088@192.168.50.65,192.168.5.166:2088@192.168.5.165&quot;,&quot;type&quot;:2,&quot;name&quot;:&quot;bond4&quot;,&quot;asi&quot;:0,&quot;rtmp&quot;:0,&quot;file&quot;:1,&quot;active&quot;:1,&quot;group&quot;:&quot;&quot;,&quot;bonded&quot;:[],&quot;error&quot;:&quot;Timeout&quot;,&quot;con_stat&quot;:&quot;Connecting&quot;,&quot;bitrate&quot;:0,&quot;dest&quot;:&quot;bonded/bonded4&quot;},{&quot;mip&quot;:&quot;4000.ts&quot;,&quot;port&quot;:0,&quot;ip&quot;:&quot;file&quot;,&quot;in_name&quot;:&quot;bond&quot;,&quot;in_active&quot;:1,&quot;in_active_sources&quot;:0,&quot;prg_name&quot;:&quot;&quot;,&quot;prg_prov&quot;:&quot;&quot;,&quot;prg_num&quot;:-1,&quot;chan&quot;:&quot;&quot;,&quot;chan_id&quot;:-1,&quot;id&quot;:&quot;zixi://bonded(bonded1)#10.7.0.66:2088@10.7.0.65,192.168.60.66:2088@192.168.50.65,192.168.5.166:2088@192.168.5.165&quot;,&quot;type&quot;:2,&quot;name&quot;:&quot;bond1&quot;,&quot;asi&quot;:0,&quot;rtmp&quot;:0,&quot;file&quot;:1,&quot;active&quot;:1,&quot;group&quot;:&quot;&quot;,&quot;bonded&quot;:[],&quot;error&quot;:&quot;None&quot;,&quot;con_stat&quot;:&quot;Connecting&quot;,&quot;bitrate&quot;:0,&quot;dest&quot;:&quot;bonded/bonded1&quot;},{&quot;mip&quot;:&quot;4000.ts&quot;,&quot;port&quot;:0,&quot;ip&quot;:&quot;file&quot;,&quot;in_name&quot;:&quot;bond&quot;,&quot;in_active&quot;:1,&quot;in_active_sources&quot;:0,&quot;prg_name&quot;:&quot;&quot;,&quot;prg_prov&quot;:&quot;&quot;,&quot;prg_num&quot;:-1,&quot;chan&quot;:&quot;&quot;,&quot;chan_id&quot;:-1,&quot;id&quot;:&quot;zixi://bonded(bonded2)#10.7.0.66:2088@10.7.0.65,192.168.60.66:2088@192.168.50.65,192.168.5.166:2088@192.168.5.165&quot;,&quot;type&quot;:2,&quot;name&quot;:&quot;bond2&quot;,&quot;asi&quot;:0,&quot;rtmp&quot;:0,&quot;file&quot;:1,&quot;active&quot;:1,&quot;group&quot;:&quot;&quot;,&quot;bonded&quot;:[],&quot;error&quot;:&quot;None&quot;,&quot;con_stat&quot;:&quot;Connecting&quot;,&quot;bitrate&quot;:0,&quot;dest&quot;:&quot;bonded/bonded2&quot;}]}
Debug printing ------&gt;&gt;&gt; {&quot;custom_data&quot;:&quot;&quot;,&quot;msg&quot;:&quot;Output deleted.&quot;,&quot;error&quot;:&quot;&quot;,&quot;outs&quot;:[{&quot;mip&quot;:&quot;live_recording.ts&quot;,&quot;port&quot;:0,&quot;ip&quot;:&quot;file&quot;,&quot;in_name&quot;:&quot;feederoutputname&quot;,&quot;in_active&quot;:1,&quot;in_active_sources&quot;:0,&quot;prg_name&quot;:&quot;&quot;,&quot;prg_prov&quot;:&quot;&quot;,&quot;prg_num&quot;:1,&quot;chan&quot;:&quot;&quot;,&quot;chan_id&quot;:-1,&quot;id&quot;:&quot;zixi://10.7.0.66:2088/feederout&quot;,&quot;type&quot;:2,&quot;name&quot;:&quot;feederoutputname&quot;,&quot;asi&quot;:0,&quot;rtmp&quot;:0,&quot;file&quot;:1,&quot;active&quot;:1,&quot;group&quot;:&quot;&quot;,&quot;error&quot;:&quot;Authentication&quot;,&quot;con_stat&quot;:&quot;Disconnected&quot;,&quot;bitrate&quot;:0,&quot;dest&quot;:&quot;10.7.0.66:2088/feederout&quot;},{&quot;mip&quot;:&quot;4000.ts&quot;,&quot;port&quot;:0,&quot;ip&quot;:&quot;file&quot;,&quot;in_name&quot;:&quot;bond&quot;,&quot;in_active&quot;:1,&quot;in_active_sources&quot;:0,&quot;prg_name&quot;:&quot;&quot;,&quot;prg_prov&quot;:&quot;&quot;,&quot;prg_num&quot;:-1,&quot;chan&quot;:&quot;&quot;,&quot;chan_id&quot;:-1,&quot;id&quot;:&quot;zixi://bonded(bonded19)#10.7.0.66:2088@10.7.0.65,192.168.60.66:2088@192.168.50.65,192.168.5.166:2088@192.168.5.165&quot;,&quot;type&quot;:2,&quot;name&quot;:&quot;bond19&quot;,&quot;asi&quot;:0,&quot;rtmp&quot;:0,&quot;file&quot;:1,&quot;active&quot;:1,&quot;group&quot;:&quot;&quot;,&quot;bonded&quot;:[],&quot;error&quot;:&quot;None&quot;,&quot;con_stat&quot;:&quot;Connecting&quot;,&quot;bitrate&quot;:0,&quot;dest&quot;:&quot;bonded/bonded19&quot;},{&quot;mip&quot;:&quot;4000.ts&quot;,&quot;port&quot;:0,&quot;ip&quot;:&quot;file&quot;,&quot;in_name&quot;:&quot;bond&quot;,&quot;in_active&quot;:1,&quot;in_active_sources&quot;:0,&quot;prg_name&quot;:&quot;&quot;,&quot;prg_prov&quot;:&quot;&quot;,&quot;prg_num&quot;:-1,&quot;chan&quot;:&quot;&quot;,&quot;chan_id&quot;:-1,&quot;id&quot;:&quot;zixi://bonded(bonded18)#10.7.0.66:2088@10.7.0.65,192.168.60.66:2088@192.168.50.65,192.168.5.166:2088@192.168.5.165&quot;,&quot;type&quot;:2,&quot;name&quot;:&quot;bond18&quot;,&quot;asi&quot;:0,&quot;rtmp&quot;:0,&quot;file&quot;:1,&quot;active&quot;:1,&quot;group&quot;:&quot;&quot;,&quot;bonded&quot;:[],&quot;error&quot;:&quot;Timeout&quot;,&quot;con_stat&quot;:&quot;Connecting&quot;,&quot;bitrate&quot;:0,&quot;dest&quot;:&quot;bonded/bonded18&quot;},{&quot;mip&quot;:&quot;4000.ts&quot;,&quot;port&quot;:0,&quot;ip&quot;:&quot;file&quot;,&quot;in_name&quot;:&quot;bond&quot;,&quot;in_active&quot;:1,&quot;in_active_sources&quot;:0,&quot;prg_name&quot;:&quot;&quot;,&quot;prg_prov&quot;:&quot;&quot;,&quot;prg_num&quot;:-1,&quot;chan&quot;:&quot;&quot;,&quot;chan_id&quot;:-1,&quot;id&quot;:&quot;zixi://bonded(bonded25)#10.7.0.66:2088@10.7.0.65,192.168.60.66:2088@192.168.50.65,192.168.5.166:2088@192.168.5.165&quot;,&quot;type&quot;:2,&quot;name&quot;:&quot;bond25&quot;,&quot;asi&quot;:0,&quot;rtmp&quot;:0,&quot;file&quot;:1,&quot;active&quot;:1,&quot;group&quot;:&quot;&quot;,&quot;bonded&quot;:[],&quot;error&quot;:&quot;None&quot;,&quot;con_stat&quot;:&quot;Connecting&quot;,&quot;bitrate&quot;:0,&quot;dest&quot;:&quot;bonded/bonded25&quot;},{&quot;mip&quot;:&quot;4000.ts&quot;,&quot;port&quot;:0,&quot;ip&quot;:&quot;file&quot;,&quot;in_name&quot;:&quot;bond&quot;,&quot;in_active&quot;:1,&quot;in_active_sources&quot;:0,&quot;prg_name&quot;:&quot;&quot;,&quot;prg_prov&quot;:&quot;&quot;,&quot;prg_num&quot;:-1,&quot;chan&quot;:&quot;&quot;,&quot;chan_id&quot;:-1,&quot;id&quot;:&quot;zixi://bonded(bonded28)#10.7.0.66:2088@10.7.0.65,192.168.60.66:2088@192.168.50.65,192.168.5.166:2088@192.168.5.165&quot;,&quot;type&quot;:2,&quot;name&quot;:&quot;bond28&quot;,&quot;asi&quot;:0,&quot;rtmp&quot;:0,&quot;file&quot;:1,&quot;active&quot;:1,&quot;group&quot;:&quot;&quot;,&quot;bonded&quot;:[],&quot;error&quot;:&quot;None&quot;,&quot;con_stat&quot;:&quot;Connecting&quot;,&quot;bitrate&quot;:0,&quot;dest&quot;:&quot;bonded/bonded28&quot;},{&quot;mip&quot;:&quot;4000.ts&quot;,&quot;port&quot;:0,&quot;ip&quot;:&quot;file&quot;,&quot;in_name&quot;:&quot;bond&quot;,&quot;in_active&quot;:1,&quot;in_active_sources&quot;:0,&quot;prg_name&quot;:&quot;&quot;,&quot;prg_prov&quot;:&quot;&quot;,&quot;prg_num&quot;:-1,&quot;chan&quot;:&quot;&quot;,&quot;chan_id&quot;:-1,&quot;id&quot;:&quot;zixi://bonded(bonded15)#10.7.0.66:2088@10.7.0.65,192.168.60.66:2088@192.168.50.65,192.168.5.166:2088@192.168.5.165&quot;,&quot;type&quot;:2,&quot;name&quot;:&quot;bond15&quot;,&quot;asi&quot;:0,&quot;rtmp&quot;:0,&quot;file&quot;:1,&quot;active&quot;:1,&quot;group&quot;:&quot;&quot;,&quot;bonded&quot;:[],&quot;error&quot;:&quot;Timeout&quot;,&quot;con_stat&quot;:&quot;Connecting&quot;,&quot;bitrate&quot;:0,&quot;dest&quot;:&quot;bonded/bonded15&quot;},{&quot;mip&quot;:&quot;4000.ts&quot;,&quot;port&quot;:0,&quot;ip&quot;:&quot;file&quot;,&quot;in_name&quot;:&quot;bond&quot;,&quot;in_active&quot;:1,&quot;in_active_sources&quot;:0,&quot;prg_name&quot;:&quot;&quot;,&quot;prg_prov&quot;:&quot;&quot;,&quot;prg_num&quot;:-1,&quot;chan&quot;:&quot;&quot;,&quot;chan_id&quot;:-1,&quot;id&quot;:&quot;zixi://bonded(bonded24)#10.7.0.66:2088@10.7.0.65,192.168.60.66:2088@192.168.50.65,192.168.5.166:2088@192.168.5.165&quot;,&quot;type&quot;:2,&quot;name&quot;:&quot;bond24&quot;,&quot;asi&quot;:0,&quot;rtmp&quot;:0,&quot;file&quot;:1,&quot;active&quot;:1,&quot;group&quot;:&quot;&quot;,&quot;bonded&quot;:[],&quot;error&quot;:&quot;None&quot;,&quot;con_stat&quot;:&quot;Connecting&quot;,&quot;bitrate&quot;:0,&quot;dest&quot;:&quot;bonded/bonded24&quot;},{&quot;mip&quot;:&quot;4000.ts&quot;,&quot;port&quot;:0,&quot;ip&quot;:&quot;file&quot;,&quot;in_name&quot;:&quot;bond&quot;,&quot;in_active&quot;:1,&quot;in_active_sources&quot;:0,&quot;prg_name&quot;:&quot;&quot;,&quot;prg_prov&quot;:&quot;&quot;,&quot;prg_num&quot;:-1,&quot;chan&quot;:&quot;&quot;,&quot;chan_id&quot;:-1,&quot;id&quot;:&quot;zixi://bonded(bonded17)#10.7.0.66:2088@10.7.0.65,192.168.60.66:2088@192.168.50.65,192.168.5.166:2088@192.168.5.165&quot;,&quot;type&quot;:2,&quot;name&quot;:&quot;bond17&quot;,&quot;asi&quot;:0,&quot;rtmp&quot;:0,&quot;file&quot;:1,&quot;active&quot;:1,&quot;group&quot;:&quot;&quot;,&quot;bonded&quot;:[],&quot;error&quot;:&quot;None&quot;,&quot;con_stat&quot;:&quot;Connecting&quot;,&quot;bitrate&quot;:0,&quot;dest&quot;:&quot;bonded/bonded17&quot;},{&quot;mip&quot;:&quot;4000.ts&quot;,&quot;port&quot;:0,&quot;ip&quot;:&quot;file&quot;,&quot;in_name&quot;:&quot;bond&quot;,&quot;in_active&quot;:1,&quot;in_active_sources&quot;:0,&quot;prg_name&quot;:&quot;&quot;,&quot;prg_prov&quot;:&quot;&quot;,&quot;prg_num&quot;:-1,&quot;chan&quot;:&quot;&quot;,&quot;chan_id&quot;:-1,&quot;id&quot;:&quot;zixi://bonded(bonded23)#10.7.0.66:2088@10.7.0.65,192.168.60.66:2088@192.168.50.65,192.168.5.166:2088@192.168.5.165&quot;,&quot;type&quot;:2,&quot;name&quot;:&quot;bond23&quot;,&quot;asi&quot;:0,&quot;rtmp&quot;:0,&quot;file&quot;:1,&quot;active&quot;:1,&quot;group&quot;:&quot;&quot;,&quot;bonded&quot;:[],&quot;error&quot;:&quot;None&quot;,&quot;con_stat&quot;:&quot;Connecting&quot;,&quot;bitrate&quot;:0,&quot;dest&quot;:&quot;bonded/bonded23&quot;},{&quot;mip&quot;:&quot;4000.ts&quot;,&quot;port&quot;:0,&quot;ip&quot;:&quot;file&quot;,&quot;in_name&quot;:&quot;bond&quot;,&quot;in_active&quot;:1,&quot;in_active_sources&quot;:0,&quot;prg_name&quot;:&quot;&quot;,&quot;prg_prov&quot;:&quot;&quot;,&quot;prg_num&quot;:-1,&quot;chan&quot;:&quot;&quot;,&quot;chan_id&quot;:-1,&quot;id&quot;:&quot;zixi://bonded(bonded8)#10.7.0.66:2088@10.7.0.65,192.168.60.66:2088@192.168.50.65,192.168.5.166:2088@192.168.5.165&quot;,&quot;type&quot;:2,&quot;name&quot;:&quot;bond8&quot;,&quot;asi&quot;:0,&quot;rtmp&quot;:0,&quot;file&quot;:1,&quot;active&quot;:1,&quot;group&quot;:&quot;&quot;,&quot;bonded&quot;:[],&quot;error&quot;:&quot;None&quot;,&quot;con_stat&quot;:&quot;Connecting&quot;,&quot;bitrate&quot;:0,&quot;dest&quot;:&quot;bonded/bonded8&quot;},{&quot;mip&quot;:&quot;4000.ts&quot;,&quot;port&quot;:0,&quot;ip&quot;:&quot;file&quot;,&quot;in_name&quot;:&quot;bond&quot;,&quot;in_active&quot;:1,&quot;in_active_sources&quot;:0,&quot;prg_name&quot;:&quot;&quot;,&quot;prg_prov&quot;:&quot;&quot;,&quot;prg_num&quot;:-1,&quot;chan&quot;:&quot;&quot;,&quot;chan_id&quot;:-1,&quot;id&quot;:&quot;zixi://bonded(bonded20)#10.7.0.66:2088@10.7.0.65,192.168.60.66:2088@192.168.50.65,192.168.5.166:2088@192.168.5.165&quot;,&quot;type&quot;:2,&quot;name&quot;:&quot;bond20&quot;,&quot;asi&quot;:0,&quot;rtmp&quot;:0,&quot;file&quot;:1,&quot;active&quot;:1,&quot;group&quot;:&quot;&quot;,&quot;bonded&quot;:[],&quot;error&quot;:&quot;Timeout&quot;,&quot;con_stat&quot;:&quot;Connecting&quot;,&quot;bitrate&quot;:0,&quot;dest&quot;:&quot;bonded/bonded20&quot;},{&quot;mip&quot;:&quot;4000.ts&quot;,&quot;port&quot;:0,&quot;ip&quot;:&quot;file&quot;,&quot;in_name&quot;:&quot;bond&quot;,&quot;in_active&quot;:1,&quot;in_active_sources&quot;:0,&quot;prg_name&quot;:&quot;&quot;,&quot;prg_prov&quot;:&quot;&quot;,&quot;prg_num&quot;:-1,&quot;chan&quot;:&quot;&quot;,&quot;chan_id&quot;:-1,&quot;id&quot;:&quot;zixi://bonded(bonded16)#10.7.0.66:2088@10.7.0.65,192.168.60.66:2088@192.168.50.65,192.168.5.166:2088@192.168.5.165&quot;,&quot;type&quot;:2,&quot;name&quot;:&quot;bond16&quot;,&quot;asi&quot;:0,&quot;rtmp&quot;:0,&quot;file&quot;:1,&quot;active&quot;:1,&quot;group&quot;:&quot;&quot;,&quot;bonded&quot;:[],&quot;error&quot;:&quot;None&quot;,&quot;con_stat&quot;:&quot;Connecting&quot;,&quot;bitrate&quot;:0,&quot;dest&quot;:&quot;bonded/bonded16&quot;},{&quot;mip&quot;:&quot;4000.ts&quot;,&quot;port&quot;:0,&quot;ip&quot;:&quot;file&quot;,&quot;in_name&quot;:&quot;bond&quot;,&quot;in_active&quot;:1,&quot;in_active_sources&quot;:0,&quot;prg_name&quot;:&quot;&quot;,&quot;prg_prov&quot;:&quot;&quot;,&quot;prg_num&quot;:-1,&quot;chan&quot;:&quot;&quot;,&quot;chan_id&quot;:-1,&quot;id&quot;:&quot;zixi://bonded(bonded3)#10.7.0.66:2088@10.7.0.65,192.168.60.66:2088@192.168.50.65,192.168.5.166:2088@192.168.5.165&quot;,&quot;type&quot;:2,&quot;name&quot;:&quot;bond3&quot;,&quot;asi&quot;:0,&quot;rtmp&quot;:0,&quot;file&quot;:1,&quot;active&quot;:1,&quot;group&quot;:&quot;&quot;,&quot;bonded&quot;:[],&quot;error&quot;:&quot;None&quot;,&quot;con_stat&quot;:&quot;Connecting&quot;,&quot;bitrate&quot;:0,&quot;dest&quot;:&quot;bonded/bonded3&quot;},{&quot;mip&quot;:&quot;4000.ts&quot;,&quot;port&quot;:0,&quot;ip&quot;:&quot;file&quot;,&quot;in_name&quot;:&quot;bond&quot;,&quot;in_active&quot;:1,&quot;in_active_sources&quot;:0,&quot;prg_name&quot;:&quot;&quot;,&quot;prg_prov&quot;:&quot;&quot;,&quot;prg_num&quot;:-1,&quot;chan&quot;:&quot;&quot;,&quot;chan_id&quot;:-1,&quot;id&quot;:&quot;zixi://bonded(bonded14)#10.7.0.66:2088@10.7.0.65,192.168.60.66:2088@192.168.50.65,192.168.5.166:2088@192.168.5.165&quot;,&quot;type&quot;:2,&quot;name&quot;:&quot;bond14&quot;,&quot;asi&quot;:0,&quot;rtmp&quot;:0,&quot;file&quot;:1,&quot;active&quot;:1,&quot;group&quot;:&quot;&quot;,&quot;bonded&quot;:[],&quot;error&quot;:&quot;Timeout&quot;,&quot;con_stat&quot;:&quot;Connecting&quot;,&quot;bitrate&quot;:0,&quot;dest&quot;:&quot;bonded/bonded14&quot;},{&quot;mip&quot;:&quot;4000.ts&quot;,&quot;port&quot;:0,&quot;ip&quot;:&quot;file&quot;,&quot;in_name&quot;:&quot;bond&quot;,&quot;in_active&quot;:1,&quot;in_active_sources&quot;:0,&quot;prg_name&quot;:&quot;&quot;,&quot;prg_prov&quot;:&quot;&quot;,&quot;prg_num&quot;:-1,&quot;chan&quot;:&quot;&quot;,&quot;chan_id&quot;:-1,&quot;id&quot;:&quot;zixi://bonded(bonded7)#10.7.0.66:2088@10.7.0.65,192.168.60.66:2088@192.168.50.65,192.168.5.166:2088@192.168.5.165&quot;,&quot;type&quot;:2,&quot;name&quot;:&quot;bond7&quot;,&quot;asi&quot;:0,&quot;rtmp&quot;:0,&quot;file&quot;:1,&quot;active&quot;:1,&quot;group&quot;:&quot;&quot;,&quot;bonded&quot;:[],&quot;error&quot;:&quot;None&quot;,&quot;con_stat&quot;:&quot;Connecting&quot;,&quot;bitrate&quot;:0,&quot;dest&quot;:&quot;bonded/bonded7&quot;},{&quot;mip&quot;:&quot;4000.ts&quot;,&quot;port&quot;:0,&quot;ip&quot;:&quot;file&quot;,&quot;in_name&quot;:&quot;bond&quot;,&quot;in_active&quot;:1,&quot;in_active_sources&quot;:0,&quot;prg_name&quot;:&quot;&quot;,&quot;prg_prov&quot;:&quot;&quot;,&quot;prg_num&quot;:-1,&quot;chan&quot;:&quot;&quot;,&quot;chan_id&quot;:-1,&quot;id&quot;:&quot;zixi://bonded(bonded11)#10.7.0.66:2088@10.7.0.65,192.168.60.66:2088@192.168.50.65,192.168.5.166:2088@192.168.5.165&quot;,&quot;type&quot;:2,&quot;name&quot;:&quot;bond11&quot;,&quot;asi&quot;:0,&quot;rtmp&quot;:0,&quot;file&quot;:1,&quot;active&quot;:1,&quot;group&quot;:&quot;&quot;,&quot;bonded&quot;:[],&quot;error&quot;:&quot;None&quot;,&quot;con_stat&quot;:&quot;Connecting&quot;,&quot;bitrate&quot;:0,&quot;dest&quot;:&quot;bonded/bonded11&quot;},{&quot;mip&quot;:&quot;4000.ts&quot;,&quot;port&quot;:0,&quot;ip&quot;:&quot;file&quot;,&quot;in_name&quot;:&quot;bond&quot;,&quot;in_active&quot;:1,&quot;in_active_sources&quot;:0,&quot;prg_name&quot;:&quot;&quot;,&quot;prg_prov&quot;:&quot;&quot;,&quot;prg_num&quot;:-1,&quot;chan&quot;:&quot;&quot;,&quot;chan_id&quot;:-1,&quot;id&quot;:&quot;zixi://bonded(bonded13)#10.7.0.66:2088@10.7.0.65,192.168.60.66:2088@192.168.50.65,192.168.5.166:2088@192.168.5.165&quot;,&quot;type&quot;:2,&quot;name&quot;:&quot;bond13&quot;,&quot;asi&quot;:0,&quot;rtmp&quot;:0,&quot;file&quot;:1,&quot;active&quot;:1,&quot;group&quot;:&quot;&quot;,&quot;bonded&quot;:[],&quot;error&quot;:&quot;None&quot;,&quot;con_stat&quot;:&quot;Connecting&quot;,&quot;bitrate&quot;:0,&quot;dest&quot;:&quot;bonded/bonded13&quot;},{&quot;mip&quot;:&quot;4000.ts&quot;,&quot;port&quot;:0,&quot;ip&quot;:&quot;file&quot;,&quot;in_name&quot;:&quot;bond&quot;,&quot;in_active&quot;:1,&quot;in_active_sources&quot;:0,&quot;prg_name&quot;:&quot;&quot;,&quot;prg_prov&quot;:&quot;&quot;,&quot;prg_num&quot;:-1,&quot;chan&quot;:&quot;&quot;,&quot;chan_id&quot;:-1,&quot;id&quot;:&quot;zixi://bonded(bonded10)#10.7.0.66:2088@10.7.0.65,192.168.60.66:2088@192.168.50.65,192.168.5.166:2088@192.168.5.165&quot;,&quot;type&quot;:2,&quot;name&quot;:&quot;bond10&quot;,&quot;asi&quot;:0,&quot;rtmp&quot;:0,&quot;file&quot;:1,&quot;active&quot;:1,&quot;group&quot;:&quot;&quot;,&quot;bonded&quot;:[],&quot;error&quot;:&quot;Authentication&quot;,&quot;con_stat&quot;:&quot;Connecting&quot;,&quot;bitrate&quot;:0,&quot;dest&quot;:&quot;bonded/bonded10&quot;},{&quot;mip&quot;:&quot;4000.ts&quot;,&quot;port&quot;:0,&quot;ip&quot;:&quot;file&quot;,&quot;in_name&quot;:&quot;bond&quot;,&quot;in_active&quot;:1,&quot;in_active_sources&quot;:0,&quot;prg_name&quot;:&quot;&quot;,&quot;prg_prov&quot;:&quot;&quot;,&quot;prg_num&quot;:-1,&quot;chan&quot;:&quot;&quot;,&quot;chan_id&quot;:-1,&quot;id&quot;:&quot;zixi://bonded(bonded12)#10.7.0.66:2088@10.7.0.65,192.168.60.66:2088@192.168.50.65,192.168.5.166:2088@192.168.5.165&quot;,&quot;type&quot;:2,&quot;name&quot;:&quot;bond12&quot;,&quot;asi&quot;:0,&quot;rtmp&quot;:0,&quot;file&quot;:1,&quot;active&quot;:1,&quot;group&quot;:&quot;&quot;,&quot;bonded&quot;:[],&quot;error&quot;:&quot;None&quot;,&quot;con_stat&quot;:&quot;Connecting&quot;,&quot;bitrate&quot;:0,&quot;dest&quot;:&quot;bonded/bonded12&quot;},{&quot;mip&quot;:&quot;4000.ts&quot;,&quot;port&quot;:0,&quot;ip&quot;:&quot;file&quot;,&quot;in_name&quot;:&quot;bond&quot;,&quot;in_active&quot;:1,&quot;in_active_sources&quot;:0,&quot;prg_name&quot;:&quot;&quot;,&quot;prg_prov&quot;:&quot;&quot;,&quot;prg_num&quot;:-1,&quot;chan&quot;:&quot;&quot;,&quot;chan_id&quot;:-1,&quot;id&quot;:&quot;zixi://bonded(bonded9)#10.7.0.66:2088@10.7.0.65,192.168.60.66:2088@192.168.50.65,192.168.5.166:2088@192.168.5.165&quot;,&quot;type&quot;:2,&quot;name&quot;:&quot;bond9&quot;,&quot;asi&quot;:0,&quot;rtmp&quot;:0,&quot;file&quot;:1,&quot;active&quot;:1,&quot;group&quot;:&quot;&quot;,&quot;bonded&quot;:[],&quot;error&quot;:&quot;None&quot;,&quot;con_stat&quot;:&quot;Connecting&quot;,&quot;bitrate&quot;:0,&quot;dest&quot;:&quot;bonded/bonded9&quot;},{&quot;mip&quot;:&quot;4000.ts&quot;,&quot;port&quot;:0,&quot;ip&quot;:&quot;file&quot;,&quot;in_name&quot;:&quot;bond&quot;,&quot;in_active&quot;:1,&quot;in_active_sources&quot;:0,&quot;prg_name&quot;:&quot;&quot;,&quot;prg_prov&quot;:&quot;&quot;,&quot;prg_num&quot;:-1,&quot;chan&quot;:&quot;&quot;,&quot;chan_id&quot;:-1,&quot;id&quot;:&quot;zixi://bonded(bonded5)#10.7.0.66:2088@10.7.0.65,192.168.60.66:2088@192.168.50.65,192.168.5.166:2088@192.168.5.165&quot;,&quot;type&quot;:2,&quot;name&quot;:&quot;bond5&quot;,&quot;asi&quot;:0,&quot;rtmp&quot;:0,&quot;file&quot;:1,&quot;active&quot;:1,&quot;group&quot;:&quot;&quot;,&quot;bonded&quot;:[],&quot;error&quot;:&quot;None&quot;,&quot;con_stat&quot;:&quot;Connecting&quot;,&quot;bitrate&quot;:0,&quot;dest&quot;:&quot;bonded/bonded5&quot;},{&quot;mip&quot;:&quot;4000.ts&quot;,&quot;port&quot;:0,&quot;ip&quot;:&quot;file&quot;,&quot;in_name&quot;:&quot;bond&quot;,&quot;in_active&quot;:1,&quot;in_active_sources&quot;:0,&quot;prg_name&quot;:&quot;&quot;,&quot;prg_prov&quot;:&quot;&quot;,&quot;prg_num&quot;:-1,&quot;chan&quot;:&quot;&quot;,&quot;chan_id&quot;:-1,&quot;id&quot;:&quot;zixi://bonded(bonded4)#10.7.0.66:2088@10.7.0.65,192.168.60.66:2088@192.168.50.65,192.168.5.166:2088@192.168.5.165&quot;,&quot;type&quot;:2,&quot;name&quot;:&quot;bond4&quot;,&quot;asi&quot;:0,&quot;rtmp&quot;:0,&quot;file&quot;:1,&quot;active&quot;:1,&quot;group&quot;:&quot;&quot;,&quot;bonded&quot;:[],&quot;error&quot;:&quot;Timeout&quot;,&quot;con_stat&quot;:&quot;Connecting&quot;,&quot;bitrate&quot;:0,&quot;dest&quot;:&quot;bonded/bonded4&quot;},{&quot;mip&quot;:&quot;4000.ts&quot;,&quot;port&quot;:0,&quot;ip&quot;:&quot;file&quot;,&quot;in_name&quot;:&quot;bond&quot;,&quot;in_active&quot;:1,&quot;in_active_sources&quot;:0,&quot;prg_name&quot;:&quot;&quot;,&quot;prg_prov&quot;:&quot;&quot;,&quot;prg_num&quot;:-1,&quot;chan&quot;:&quot;&quot;,&quot;chan_id&quot;:-1,&quot;id&quot;:&quot;zixi://bonded(bonded1)#10.7.0.66:2088@10.7.0.65,192.168.60.66:2088@192.168.50.65,192.168.5.166:2088@192.168.5.165&quot;,&quot;type&quot;:2,&quot;name&quot;:&quot;bond1&quot;,&quot;asi&quot;:0,&quot;rtmp&quot;:0,&quot;file&quot;:1,&quot;active&quot;:1,&quot;group&quot;:&quot;&quot;,&quot;bonded&quot;:[],&quot;error&quot;:&quot;None&quot;,&quot;con_stat&quot;:&quot;Connecting&quot;,&quot;bitrate&quot;:0,&quot;dest&quot;:&quot;bonded/bonded1&quot;}]}
Debug printing ------&gt;&gt;&gt; {&quot;custom_data&quot;:&quot;&quot;,&quot;msg&quot;:&quot;Output deleted.&quot;,&quot;error&quot;:&quot;&quot;,&quot;outs&quot;:[{&quot;mip&quot;:&quot;live_recording.ts&quot;,&quot;port&quot;:0,&quot;ip&quot;:&quot;file&quot;,&quot;in_name&quot;:&quot;feederoutputname&quot;,&quot;in_active&quot;:1,&quot;in_active_sources&quot;:0,&quot;prg_name&quot;:&quot;&quot;,&quot;prg_prov&quot;:&quot;&quot;,&quot;prg_num&quot;:1,&quot;chan&quot;:&quot;&quot;,&quot;chan_id&quot;:-1,&quot;id&quot;:&quot;zixi://10.7.0.66:2088/feederout&quot;,&quot;type&quot;:2,&quot;name&quot;:&quot;feederoutputname&quot;,&quot;asi&quot;:0,&quot;rtmp&quot;:0,&quot;file&quot;:1,&quot;active&quot;:1,&quot;group&quot;:&quot;&quot;,&quot;error&quot;:&quot;Authentication&quot;,&quot;con_stat&quot;:&quot;Disconnected&quot;,&quot;bitrate&quot;:0,&quot;dest&quot;:&quot;10.7.0.66:2088/feederout&quot;},{&quot;mip&quot;:&quot;4000.ts&quot;,&quot;port&quot;:0,&quot;ip&quot;:&quot;file&quot;,&quot;in_name&quot;:&quot;bond&quot;,&quot;in_active&quot;:1,&quot;in_active_sources&quot;:0,&quot;prg_name&quot;:&quot;&quot;,&quot;prg_prov&quot;:&quot;&quot;,&quot;prg_num&quot;:-1,&quot;chan&quot;:&quot;&quot;,&quot;chan_id&quot;:-1,&quot;id&quot;:&quot;zixi://bonded(bonded19)#10.7.0.66:2088@10.7.0.65,192.168.60.66:2088@192.168.50.65,192.168.5.166:2088@192.168.5.165&quot;,&quot;type&quot;:2,&quot;name&quot;:&quot;bond19&quot;,&quot;asi&quot;:0,&quot;rtmp&quot;:0,&quot;file&quot;:1,&quot;active&quot;:1,&quot;group&quot;:&quot;&quot;,&quot;bonded&quot;:[],&quot;error&quot;:&quot;None&quot;,&quot;con_stat&quot;:&quot;Connecting&quot;,&quot;bitrate&quot;:0,&quot;dest&quot;:&quot;bonded/bonded19&quot;},{&quot;mip&quot;:&quot;4000.ts&quot;,&quot;port&quot;:0,&quot;ip&quot;:&quot;file&quot;,&quot;in_name&quot;:&quot;bond&quot;,&quot;in_active&quot;:1,&quot;in_active_sources&quot;:0,&quot;prg_name&quot;:&quot;&quot;,&quot;prg_prov&quot;:&quot;&quot;,&quot;prg_num&quot;:-1,&quot;chan&quot;:&quot;&quot;,&quot;chan_id&quot;:-1,&quot;id&quot;:&quot;zixi://bonded(bonded18)#10.7.0.66:2088@10.7.0.65,192.168.60.66:2088@192.168.50.65,192.168.5.166:2088@192.168.5.165&quot;,&quot;type&quot;:2,&quot;name&quot;:&quot;bond18&quot;,&quot;asi&quot;:0,&quot;rtmp&quot;:0,&quot;file&quot;:1,&quot;active&quot;:1,&quot;group&quot;:&quot;&quot;,&quot;bonded&quot;:[],&quot;error&quot;:&quot;Timeout&quot;,&quot;con_stat&quot;:&quot;Connecting&quot;,&quot;bitrate&quot;:0,&quot;dest&quot;:&quot;bonded/bonded18&quot;},{&quot;mip&quot;:&quot;4000.ts&quot;,&quot;port&quot;:0,&quot;ip&quot;:&quot;file&quot;,&quot;in_name&quot;:&quot;bond&quot;,&quot;in_active&quot;:1,&quot;in_active_sources&quot;:0,&quot;prg_name&quot;:&quot;&quot;,&quot;prg_prov&quot;:&quot;&quot;,&quot;prg_num&quot;:-1,&quot;chan&quot;:&quot;&quot;,&quot;chan_id&quot;:-1,&quot;id&quot;:&quot;zixi://bonded(bonded25)#10.7.0.66:2088@10.7.0.65,192.168.60.66:2088@192.168.50.65,192.168.5.166:2088@192.168.5.165&quot;,&quot;type&quot;:2,&quot;name&quot;:&quot;bond25&quot;,&quot;asi&quot;:0,&quot;rtmp&quot;:0,&quot;file&quot;:1,&quot;active&quot;:1,&quot;group&quot;:&quot;&quot;,&quot;bonded&quot;:[],&quot;error&quot;:&quot;None&quot;,&quot;con_stat&quot;:&quot;Connecting&quot;,&quot;bitrate&quot;:0,&quot;dest&quot;:&quot;bonded/bonded25&quot;},{&quot;mip&quot;:&quot;4000.ts&quot;,&quot;port&quot;:0,&quot;ip&quot;:&quot;file&quot;,&quot;in_name&quot;:&quot;bond&quot;,&quot;in_active&quot;:1,&quot;in_active_sources&quot;:0,&quot;prg_name&quot;:&quot;&quot;,&quot;prg_prov&quot;:&quot;&quot;,&quot;prg_num&quot;:-1,&quot;chan&quot;:&quot;&quot;,&quot;chan_id&quot;:-1,&quot;id&quot;:&quot;zixi://bonded(bonded28)#10.7.0.66:2088@10.7.0.65,192.168.60.66:2088@192.168.50.65,192.168.5.166:2088@192.168.5.165&quot;,&quot;type&quot;:2,&quot;name&quot;:&quot;bond28&quot;,&quot;asi&quot;:0,&quot;rtmp&quot;:0,&quot;file&quot;:1,&quot;active&quot;:1,&quot;group&quot;:&quot;&quot;,&quot;bonded&quot;:[],&quot;error&quot;:&quot;None&quot;,&quot;con_stat&quot;:&quot;Connecting&quot;,&quot;bitrate&quot;:0,&quot;dest&quot;:&quot;bonded/bonded28&quot;},{&quot;mip&quot;:&quot;4000.ts&quot;,&quot;port&quot;:0,&quot;ip&quot;:&quot;file&quot;,&quot;in_name&quot;:&quot;bond&quot;,&quot;in_active&quot;:1,&quot;in_active_sources&quot;:0,&quot;prg_name&quot;:&quot;&quot;,&quot;prg_prov&quot;:&quot;&quot;,&quot;prg_num&quot;:-1,&quot;chan&quot;:&quot;&quot;,&quot;chan_id&quot;:-1,&quot;id&quot;:&quot;zixi://bonded(bonded15)#10.7.0.66:2088@10.7.0.65,192.168.60.66:2088@192.168.50.65,192.168.5.166:2088@192.168.5.165&quot;,&quot;type&quot;:2,&quot;name&quot;:&quot;bond15&quot;,&quot;asi&quot;:0,&quot;rtmp&quot;:0,&quot;file&quot;:1,&quot;active&quot;:1,&quot;group&quot;:&quot;&quot;,&quot;bonded&quot;:[],&quot;error&quot;:&quot;Timeout&quot;,&quot;con_stat&quot;:&quot;Connecting&quot;,&quot;bitrate&quot;:0,&quot;dest&quot;:&quot;bonded/bonded15&quot;},{&quot;mip&quot;:&quot;4000.ts&quot;,&quot;port&quot;:0,&quot;ip&quot;:&quot;file&quot;,&quot;in_name&quot;:&quot;bond&quot;,&quot;in_active&quot;:1,&quot;in_active_sources&quot;:0,&quot;prg_name&quot;:&quot;&quot;,&quot;prg_prov&quot;:&quot;&quot;,&quot;prg_num&quot;:-1,&quot;chan&quot;:&quot;&quot;,&quot;chan_id&quot;:-1,&quot;id&quot;:&quot;zixi://bonded(bonded24)#10.7.0.66:2088@10.7.0.65,192.168.60.66:2088@192.168.50.65,192.168.5.166:2088@192.168.5.165&quot;,&quot;type&quot;:2,&quot;name&quot;:&quot;bond24&quot;,&quot;asi&quot;:0,&quot;rtmp&quot;:0,&quot;file&quot;:1,&quot;active&quot;:1,&quot;group&quot;:&quot;&quot;,&quot;bonded&quot;:[],&quot;error&quot;:&quot;None&quot;,&quot;con_stat&quot;:&quot;Connecting&quot;,&quot;bitrate&quot;:0,&quot;dest&quot;:&quot;bonded/bonded24&quot;},{&quot;mip&quot;:&quot;4000.ts&quot;,&quot;port&quot;:0,&quot;ip&quot;:&quot;file&quot;,&quot;in_name&quot;:&quot;bond&quot;,&quot;in_active&quot;:1,&quot;in_active_sources&quot;:0,&quot;prg_name&quot;:&quot;&quot;,&quot;prg_prov&quot;:&quot;&quot;,&quot;prg_num&quot;:-1,&quot;chan&quot;:&quot;&quot;,&quot;chan_id&quot;:-1,&quot;id&quot;:&quot;zixi://bonded(bonded17)#10.7.0.66:2088@10.7.0.65,192.168.60.66:2088@192.168.50.65,192.168.5.166:2088@192.168.5.165&quot;,&quot;type&quot;:2,&quot;name&quot;:&quot;bond17&quot;,&quot;asi&quot;:0,&quot;rtmp&quot;:0,&quot;file&quot;:1,&quot;active&quot;:1,&quot;group&quot;:&quot;&quot;,&quot;bonded&quot;:[],&quot;error&quot;:&quot;None&quot;,&quot;con_stat&quot;:&quot;Connecting&quot;,&quot;bitrate&quot;:0,&quot;dest&quot;:&quot;bonded/bonded17&quot;},{&quot;mip&quot;:&quot;4000.ts&quot;,&quot;port&quot;:0,&quot;ip&quot;:&quot;file&quot;,&quot;in_name&quot;:&quot;bond&quot;,&quot;in_active&quot;:1,&quot;in_active_sources&quot;:0,&quot;prg_name&quot;:&quot;&quot;,&quot;prg_prov&quot;:&quot;&quot;,&quot;prg_num&quot;:-1,&quot;chan&quot;:&quot;&quot;,&quot;chan_id&quot;:-1,&quot;id&quot;:&quot;zixi://bonded(bonded23)#10.7.0.66:2088@10.7.0.65,192.168.60.66:2088@192.168.50.65,192.168.5.166:2088@192.168.5.165&quot;,&quot;type&quot;:2,&quot;name&quot;:&quot;bond23&quot;,&quot;asi&quot;:0,&quot;rtmp&quot;:0,&quot;file&quot;:1,&quot;active&quot;:1,&quot;group&quot;:&quot;&quot;,&quot;bonded&quot;:[],&quot;error&quot;:&quot;None&quot;,&quot;con_stat&quot;:&quot;Connecting&quot;,&quot;bitrate&quot;:0,&quot;dest&quot;:&quot;bonded/bonded23&quot;},{&quot;mip&quot;:&quot;4000.ts&quot;,&quot;port&quot;:0,&quot;ip&quot;:&quot;file&quot;,&quot;in_name&quot;:&quot;bond&quot;,&quot;in_active&quot;:1,&quot;in_active_sources&quot;:0,&quot;prg_name&quot;:&quot;&quot;,&quot;prg_prov&quot;:&quot;&quot;,&quot;prg_num&quot;:-1,&quot;chan&quot;:&quot;&quot;,&quot;chan_id&quot;:-1,&quot;id&quot;:&quot;zixi://bonded(bonded8)#10.7.0.66:2088@10.7.0.65,192.168.60.66:2088@192.168.50.65,192.168.5.166:2088@192.168.5.165&quot;,&quot;type&quot;:2,&quot;name&quot;:&quot;bond8&quot;,&quot;asi&quot;:0,&quot;rtmp&quot;:0,&quot;file&quot;:1,&quot;active&quot;:1,&quot;group&quot;:&quot;&quot;,&quot;bonded&quot;:[],&quot;error&quot;:&quot;None&quot;,&quot;con_stat&quot;:&quot;Connecting&quot;,&quot;bitrate&quot;:0,&quot;dest&quot;:&quot;bonded/bonded8&quot;},{&quot;mip&quot;:&quot;4000.ts&quot;,&quot;port&quot;:0,&quot;ip&quot;:&quot;file&quot;,&quot;in_name&quot;:&quot;bond&quot;,&quot;in_active&quot;:1,&quot;in_active_sources&quot;:0,&quot;prg_name&quot;:&quot;&quot;,&quot;prg_prov&quot;:&quot;&quot;,&quot;prg_num&quot;:-1,&quot;chan&quot;:&quot;&quot;,&quot;chan_id&quot;:-1,&quot;id&quot;:&quot;zixi://bonded(bonded20)#10.7.0.66:2088@10.7.0.65,192.168.60.66:2088@192.168.50.65,192.168.5.166:2088@192.168.5.165&quot;,&quot;type&quot;:2,&quot;name&quot;:&quot;bond20&quot;,&quot;asi&quot;:0,&quot;rtmp&quot;:0,&quot;file&quot;:1,&quot;active&quot;:1,&quot;group&quot;:&quot;&quot;,&quot;bonded&quot;:[],&quot;error&quot;:&quot;Timeout&quot;,&quot;con_stat&quot;:&quot;Connecting&quot;,&quot;bitrate&quot;:0,&quot;dest&quot;:&quot;bonded/bonded20&quot;},{&quot;mip&quot;:&quot;4000.ts&quot;,&quot;port&quot;:0,&quot;ip&quot;:&quot;file&quot;,&quot;in_name&quot;:&quot;bond&quot;,&quot;in_active&quot;:1,&quot;in_active_sources&quot;:0,&quot;prg_name&quot;:&quot;&quot;,&quot;prg_prov&quot;:&quot;&quot;,&quot;prg_num&quot;:-1,&quot;chan&quot;:&quot;&quot;,&quot;chan_id&quot;:-1,&quot;id&quot;:&quot;zixi://bonded(bonded16)#10.7.0.66:2088@10.7.0.65,192.168.60.66:2088@192.168.50.65,192.168.5.166:2088@192.168.5.165&quot;,&quot;type&quot;:2,&quot;name&quot;:&quot;bond16&quot;,&quot;asi&quot;:0,&quot;rtmp&quot;:0,&quot;file&quot;:1,&quot;active&quot;:1,&quot;group&quot;:&quot;&quot;,&quot;bonded&quot;:[],&quot;error&quot;:&quot;None&quot;,&quot;con_stat&quot;:&quot;Connecting&quot;,&quot;bitrate&quot;:0,&quot;dest&quot;:&quot;bonded/bonded16&quot;},{&quot;mip&quot;:&quot;4000.ts&quot;,&quot;port&quot;:0,&quot;ip&quot;:&quot;file&quot;,&quot;in_name&quot;:&quot;bond&quot;,&quot;in_active&quot;:1,&quot;in_active_sources&quot;:0,&quot;prg_name&quot;:&quot;&quot;,&quot;prg_prov&quot;:&quot;&quot;,&quot;prg_num&quot;:-1,&quot;chan&quot;:&quot;&quot;,&quot;chan_id&quot;:-1,&quot;id&quot;:&quot;zixi://bonded(bonded3)#10.7.0.66:2088@10.7.0.65,192.168.60.66:2088@192.168.50.65,192.168.5.166:2088@192.168.5.165&quot;,&quot;type&quot;:2,&quot;name&quot;:&quot;bond3&quot;,&quot;asi&quot;:0,&quot;rtmp&quot;:0,&quot;file&quot;:1,&quot;active&quot;:1,&quot;group&quot;:&quot;&quot;,&quot;bonded&quot;:[],&quot;error&quot;:&quot;None&quot;,&quot;con_stat&quot;:&quot;Connecting&quot;,&quot;bitrate&quot;:0,&quot;dest&quot;:&quot;bonded/bonded3&quot;},{&quot;mip&quot;:&quot;4000.ts&quot;,&quot;port&quot;:0,&quot;ip&quot;:&quot;file&quot;,&quot;in_name&quot;:&quot;bond&quot;,&quot;in_active&quot;:1,&quot;in_active_sources&quot;:0,&quot;prg_name&quot;:&quot;&quot;,&quot;prg_prov&quot;:&quot;&quot;,&quot;prg_num&quot;:-1,&quot;chan&quot;:&quot;&quot;,&quot;chan_id&quot;:-1,&quot;id&quot;:&quot;zixi://bonded(bonded14)#10.7.0.66:2088@10.7.0.65,192.168.60.66:2088@192.168.50.65,192.168.5.166:2088@192.168.5.165&quot;,&quot;type&quot;:2,&quot;name&quot;:&quot;bond14&quot;,&quot;asi&quot;:0,&quot;rtmp&quot;:0,&quot;file&quot;:1,&quot;active&quot;:1,&quot;group&quot;:&quot;&quot;,&quot;bonded&quot;:[],&quot;error&quot;:&quot;Timeout&quot;,&quot;con_stat&quot;:&quot;Connecting&quot;,&quot;bitrate&quot;:0,&quot;dest&quot;:&quot;bonded/bonded14&quot;},{&quot;mip&quot;:&quot;4000.ts&quot;,&quot;port&quot;:0,&quot;ip&quot;:&quot;file&quot;,&quot;in_name&quot;:&quot;bond&quot;,&quot;in_active&quot;:1,&quot;in_active_sources&quot;:0,&quot;prg_name&quot;:&quot;&quot;,&quot;prg_prov&quot;:&quot;&quot;,&quot;prg_num&quot;:-1,&quot;chan&quot;:&quot;&quot;,&quot;chan_id&quot;:-1,&quot;id&quot;:&quot;zixi://bonded(bonded7)#10.7.0.66:2088@10.7.0.65,192.168.60.66:2088@192.168.50.65,192.168.5.166:2088@192.168.5.165&quot;,&quot;type&quot;:2,&quot;name&quot;:&quot;bond7&quot;,&quot;asi&quot;:0,&quot;rtmp&quot;:0,&quot;file&quot;:1,&quot;active&quot;:1,&quot;group&quot;:&quot;&quot;,&quot;bonded&quot;:[],&quot;error&quot;:&quot;None&quot;,&quot;con_stat&quot;:&quot;Connecting&quot;,&quot;bitrate&quot;:0,&quot;dest&quot;:&quot;bonded/bonded7&quot;},{&quot;mip&quot;:&quot;4000.ts&quot;,&quot;port&quot;:0,&quot;ip&quot;:&quot;file&quot;,&quot;in_name&quot;:&quot;bond&quot;,&quot;in_active&quot;:1,&quot;in_active_sources&quot;:0,&quot;prg_name&quot;:&quot;&quot;,&quot;prg_prov&quot;:&quot;&quot;,&quot;prg_num&quot;:-1,&quot;chan&quot;:&quot;&quot;,&quot;chan_id&quot;:-1,&quot;id&quot;:&quot;zixi://bonded(bonded11)#10.7.0.66:2088@10.7.0.65,192.168.60.66:2088@192.168.50.65,192.168.5.166:2088@192.168.5.165&quot;,&quot;type&quot;:2,&quot;name&quot;:&quot;bond11&quot;,&quot;asi&quot;:0,&quot;rtmp&quot;:0,&quot;file&quot;:1,&quot;active&quot;:1,&quot;group&quot;:&quot;&quot;,&quot;bonded&quot;:[],&quot;error&quot;:&quot;None&quot;,&quot;con_stat&quot;:&quot;Connecting&quot;,&quot;bitrate&quot;:0,&quot;dest&quot;:&quot;bonded/bonded11&quot;},{&quot;mip&quot;:&quot;4000.ts&quot;,&quot;port&quot;:0,&quot;ip&quot;:&quot;file&quot;,&quot;in_name&quot;:&quot;bond&quot;,&quot;in_active&quot;:1,&quot;in_active_sources&quot;:0,&quot;prg_name&quot;:&quot;&quot;,&quot;prg_prov&quot;:&quot;&quot;,&quot;prg_num&quot;:-1,&quot;chan&quot;:&quot;&quot;,&quot;chan_id&quot;:-1,&quot;id&quot;:&quot;zixi://bonded(bonded13)#10.7.0.66:2088@10.7.0.65,192.168.60.66:2088@192.168.50.65,192.168.5.166:2088@192.168.5.165&quot;,&quot;type&quot;:2,&quot;name&quot;:&quot;bond13&quot;,&quot;asi&quot;:0,&quot;rtmp&quot;:0,&quot;file&quot;:1,&quot;active&quot;:1,&quot;group&quot;:&quot;&quot;,&quot;bonded&quot;:[],&quot;error&quot;:&quot;None&quot;,&quot;con_stat&quot;:&quot;Connecting&quot;,&quot;bitrate&quot;:0,&quot;dest&quot;:&quot;bonded/bonded13&quot;},{&quot;mip&quot;:&quot;4000.ts&quot;,&quot;port&quot;:0,&quot;ip&quot;:&quot;file&quot;,&quot;in_name&quot;:&quot;bond&quot;,&quot;in_active&quot;:1,&quot;in_active_sources&quot;:0,&quot;prg_name&quot;:&quot;&quot;,&quot;prg_prov&quot;:&quot;&quot;,&quot;prg_num&quot;:-1,&quot;chan&quot;:&quot;&quot;,&quot;chan_id&quot;:-1,&quot;id&quot;:&quot;zixi://bonded(bonded10)#10.7.0.66:2088@10.7.0.65,192.168.60.66:2088@192.168.50.65,192.168.5.166:2088@192.168.5.165&quot;,&quot;type&quot;:2,&quot;name&quot;:&quot;bond10&quot;,&quot;asi&quot;:0,&quot;rtmp&quot;:0,&quot;file&quot;:1,&quot;active&quot;:1,&quot;group&quot;:&quot;&quot;,&quot;bonded&quot;:[],&quot;error&quot;:&quot;Authentication&quot;,&quot;con_stat&quot;:&quot;Connecting&quot;,&quot;bitrate&quot;:0,&quot;dest&quot;:&quot;bonded/bonded10&quot;},{&quot;mip&quot;:&quot;4000.ts&quot;,&quot;port&quot;:0,&quot;ip&quot;:&quot;file&quot;,&quot;in_name&quot;:&quot;bond&quot;,&quot;in_active&quot;:1,&quot;in_active_sources&quot;:0,&quot;prg_name&quot;:&quot;&quot;,&quot;prg_prov&quot;:&quot;&quot;,&quot;prg_num&quot;:-1,&quot;chan&quot;:&quot;&quot;,&quot;chan_id&quot;:-1,&quot;id&quot;:&quot;zixi://bonded(bonded12)#10.7.0.66:2088@10.7.0.65,192.168.60.66:2088@192.168.50.65,192.168.5.166:2088@192.168.5.165&quot;,&quot;type&quot;:2,&quot;name&quot;:&quot;bond12&quot;,&quot;asi&quot;:0,&quot;rtmp&quot;:0,&quot;file&quot;:1,&quot;active&quot;:1,&quot;group&quot;:&quot;&quot;,&quot;bonded&quot;:[],&quot;error&quot;:&quot;None&quot;,&quot;con_stat&quot;:&quot;Connecting&quot;,&quot;bitrate&quot;:0,&quot;dest&quot;:&quot;bonded/bonded12&quot;},{&quot;mip&quot;:&quot;4000.ts&quot;,&quot;port&quot;:0,&quot;ip&quot;:&quot;file&quot;,&quot;in_name&quot;:&quot;bond&quot;,&quot;in_active&quot;:1,&quot;in_active_sources&quot;:0,&quot;prg_name&quot;:&quot;&quot;,&quot;prg_prov&quot;:&quot;&quot;,&quot;prg_num&quot;:-1,&quot;chan&quot;:&quot;&quot;,&quot;chan_id&quot;:-1,&quot;id&quot;:&quot;zixi://bonded(bonded9)#10.7.0.66:2088@10.7.0.65,192.168.60.66:2088@192.168.50.65,192.168.5.166:2088@192.168.5.165&quot;,&quot;type&quot;:2,&quot;name&quot;:&quot;bond9&quot;,&quot;asi&quot;:0,&quot;rtmp&quot;:0,&quot;file&quot;:1,&quot;active&quot;:1,&quot;group&quot;:&quot;&quot;,&quot;bonded&quot;:[],&quot;error&quot;:&quot;None&quot;,&quot;con_stat&quot;:&quot;Connecting&quot;,&quot;bitrate&quot;:0,&quot;dest&quot;:&quot;bonded/bonded9&quot;},{&quot;mip&quot;:&quot;4000.ts&quot;,&quot;port&quot;:0,&quot;ip&quot;:&quot;file&quot;,&quot;in_name&quot;:&quot;bond&quot;,&quot;in_active&quot;:1,&quot;in_active_sources&quot;:0,&quot;prg_name&quot;:&quot;&quot;,&quot;prg_prov&quot;:&quot;&quot;,&quot;prg_num&quot;:-1,&quot;chan&quot;:&quot;&quot;,&quot;chan_id&quot;:-1,&quot;id&quot;:&quot;zixi://bonded(bonded5)#10.7.0.66:2088@10.7.0.65,192.168.60.66:2088@192.168.50.65,192.168.5.166:2088@192.168.5.165&quot;,&quot;type&quot;:2,&quot;name&quot;:&quot;bond5&quot;,&quot;asi&quot;:0,&quot;rtmp&quot;:0,&quot;file&quot;:1,&quot;active&quot;:1,&quot;group&quot;:&quot;&quot;,&quot;bonded&quot;:[],&quot;error&quot;:&quot;None&quot;,&quot;con_stat&quot;:&quot;Connecting&quot;,&quot;bitrate&quot;:0,&quot;dest&quot;:&quot;bonded/bonded5&quot;},{&quot;mip&quot;:&quot;4000.ts&quot;,&quot;port&quot;:0,&quot;ip&quot;:&quot;file&quot;,&quot;in_name&quot;:&quot;bond&quot;,&quot;in_active&quot;:1,&quot;in_active_sources&quot;:0,&quot;prg_name&quot;:&quot;&quot;,&quot;prg_prov&quot;:&quot;&quot;,&quot;prg_num&quot;:-1,&quot;chan&quot;:&quot;&quot;,&quot;chan_id&quot;:-1,&quot;id&quot;:&quot;zixi://bonded(bonded4)#10.7.0.66:2088@10.7.0.65,192.168.60.66:2088@192.168.50.65,192.168.5.166:2088@192.168.5.165&quot;,&quot;type&quot;:2,&quot;name&quot;:&quot;bond4&quot;,&quot;asi&quot;:0,&quot;rtmp&quot;:0,&quot;file&quot;:1,&quot;active&quot;:1,&quot;group&quot;:&quot;&quot;,&quot;bonded&quot;:[],&quot;error&quot;:&quot;Timeout&quot;,&quot;con_stat&quot;:&quot;Connecting&quot;,&quot;bitrate&quot;:0,&quot;dest&quot;:&quot;bonded/bonded4&quot;}]}
Debug printing ------&gt;&gt;&gt; {&quot;custom_data&quot;:&quot;&quot;,&quot;msg&quot;:&quot;Output deleted.&quot;,&quot;error&quot;:&quot;&quot;,&quot;outs&quot;:[{&quot;mip&quot;:&quot;live_recording.ts&quot;,&quot;port&quot;:0,&quot;ip&quot;:&quot;file&quot;,&quot;in_name&quot;:&quot;feederoutputname&quot;,&quot;in_active&quot;:1,&quot;in_active_sources&quot;:0,&quot;prg_name&quot;:&quot;&quot;,&quot;prg_prov&quot;:&quot;&quot;,&quot;prg_num&quot;:1,&quot;chan&quot;:&quot;&quot;,&quot;chan_id&quot;:-1,&quot;id&quot;:&quot;zixi://10.7.0.66:2088/feederout&quot;,&quot;type&quot;:2,&quot;name&quot;:&quot;feederoutputname&quot;,&quot;asi&quot;:0,&quot;rtmp&quot;:0,&quot;file&quot;:1,&quot;active&quot;:1,&quot;group&quot;:&quot;&quot;,&quot;error&quot;:&quot;Authentication&quot;,&quot;con_stat&quot;:&quot;Disconnected&quot;,&quot;bitrate&quot;:0,&quot;dest&quot;:&quot;10.7.0.66:2088/feederout&quot;},{&quot;mip&quot;:&quot;4000.ts&quot;,&quot;port&quot;:0,&quot;ip&quot;:&quot;file&quot;,&quot;in_name&quot;:&quot;bond&quot;,&quot;in_active&quot;:1,&quot;in_active_sources&quot;:0,&quot;prg_name&quot;:&quot;&quot;,&quot;prg_prov&quot;:&quot;&quot;,&quot;prg_num&quot;:-1,&quot;chan&quot;:&quot;&quot;,&quot;chan_id&quot;:-1,&quot;id&quot;:&quot;zixi://bonded(bonded16)#10.7.0.66:2088@10.7.0.65,192.168.60.66:2088@192.168.50.65,192.168.5.166:2088@192.168.5.165&quot;,&quot;type&quot;:2,&quot;name&quot;:&quot;bond16&quot;,&quot;asi&quot;:0,&quot;rtmp&quot;:0,&quot;file&quot;:1,&quot;active&quot;:1,&quot;group&quot;:&quot;&quot;,&quot;bonded&quot;:[],&quot;error&quot;:&quot;None&quot;,&quot;con_stat&quot;:&quot;Connecting&quot;,&quot;bitrate&quot;:0,&quot;dest&quot;:&quot;bonded/bonded16&quot;},{&quot;mip&quot;:&quot;4000.ts&quot;,&quot;port&quot;:0,&quot;ip&quot;:&quot;file&quot;,&quot;in_name&quot;:&quot;bond&quot;,&quot;in_active&quot;:1,&quot;in_active_sources&quot;:0,&quot;prg_name&quot;:&quot;&quot;,&quot;prg_prov&quot;:&quot;&quot;,&quot;prg_num&quot;:-1,&quot;chan&quot;:&quot;&quot;,&quot;chan_id&quot;:-1,&quot;id&quot;:&quot;zixi://bonded(bonded18)#10.7.0.66:2088@10.7.0.65,192.168.60.66:2088@192.168.50.65,192.168.5.166:2088@192.168.5.165&quot;,&quot;type&quot;:2,&quot;name&quot;:&quot;bond18&quot;,&quot;asi&quot;:0,&quot;rtmp&quot;:0,&quot;file&quot;:1,&quot;active&quot;:1,&quot;group&quot;:&quot;&quot;,&quot;bonded&quot;:[],&quot;error&quot;:&quot;Timeout&quot;,&quot;con_stat&quot;:&quot;Connecting&quot;,&quot;bitrate&quot;:0,&quot;dest&quot;:&quot;bonded/bonded18&quot;},{&quot;mip&quot;:&quot;4000.ts&quot;,&quot;port&quot;:0,&quot;ip&quot;:&quot;file&quot;,&quot;in_name&quot;:&quot;bond&quot;,&quot;in_active&quot;:1,&quot;in_active_sources&quot;:0,&quot;prg_name&quot;:&quot;&quot;,&quot;prg_prov&quot;:&quot;&quot;,&quot;prg_num&quot;:-1,&quot;chan&quot;:&quot;&quot;,&quot;chan_id&quot;:-1,&quot;id&quot;:&quot;zixi://bonded(bonded25)#10.7.0.66:2088@10.7.0.65,192.168.60.66:2088@192.168.50.65,192.168.5.166:2088@192.168.5.165&quot;,&quot;type&quot;:2,&quot;name&quot;:&quot;bond25&quot;,&quot;asi&quot;:0,&quot;rtmp&quot;:0,&quot;file&quot;:1,&quot;active&quot;:1,&quot;group&quot;:&quot;&quot;,&quot;bonded&quot;:[],&quot;error&quot;:&quot;None&quot;,&quot;con_stat&quot;:&quot;Connecting&quot;,&quot;bitrate&quot;:0,&quot;dest&quot;:&quot;bonded/bonded25&quot;},{&quot;mip&quot;:&quot;4000.ts&quot;,&quot;port&quot;:0,&quot;ip&quot;:&quot;file&quot;,&quot;in_name&quot;:&quot;bond&quot;,&quot;in_active&quot;:1,&quot;in_active_sources&quot;:0,&quot;prg_name&quot;:&quot;&quot;,&quot;prg_prov&quot;:&quot;&quot;,&quot;prg_num&quot;:-1,&quot;chan&quot;:&quot;&quot;,&quot;chan_id&quot;:-1,&quot;id&quot;:&quot;zixi://bonded(bonded28)#10.7.0.66:2088@10.7.0.65,192.168.60.66:2088@192.168.50.65,192.168.5.166:2088@192.168.5.165&quot;,&quot;type&quot;:2,&quot;name&quot;:&quot;bond28&quot;,&quot;asi&quot;:0,&quot;rtmp&quot;:0,&quot;file&quot;:1,&quot;active&quot;:1,&quot;group&quot;:&quot;&quot;,&quot;bonded&quot;:[],&quot;error&quot;:&quot;None&quot;,&quot;con_stat&quot;:&quot;Connecting&quot;,&quot;bitrate&quot;:0,&quot;dest&quot;:&quot;bonded/bonded28&quot;},{&quot;mip&quot;:&quot;4000.ts&quot;,&quot;port&quot;:0,&quot;ip&quot;:&quot;file&quot;,&quot;in_name&quot;:&quot;bond&quot;,&quot;in_active&quot;:1,&quot;in_active_sources&quot;:0,&quot;prg_name&quot;:&quot;&quot;,&quot;prg_prov&quot;:&quot;&quot;,&quot;prg_num&quot;:-1,&quot;chan&quot;:&quot;&quot;,&quot;chan_id&quot;:-1,&quot;id&quot;:&quot;zixi://bonded(bonded15)#10.7.0.66:2088@10.7.0.65,192.168.60.66:2088@192.168.50.65,192.168.5.166:2088@192.168.5.165&quot;,&quot;type&quot;:2,&quot;name&quot;:&quot;bond15&quot;,&quot;asi&quot;:0,&quot;rtmp&quot;:0,&quot;file&quot;:1,&quot;active&quot;:1,&quot;group&quot;:&quot;&quot;,&quot;bonded&quot;:[],&quot;error&quot;:&quot;Timeout&quot;,&quot;con_stat&quot;:&quot;Connecting&quot;,&quot;bitrate&quot;:0,&quot;dest&quot;:&quot;bonded/bonded15&quot;},{&quot;mip&quot;:&quot;4000.ts&quot;,&quot;port&quot;:0,&quot;ip&quot;:&quot;file&quot;,&quot;in_name&quot;:&quot;bond&quot;,&quot;in_active&quot;:1,&quot;in_active_sources&quot;:0,&quot;prg_name&quot;:&quot;&quot;,&quot;prg_prov&quot;:&quot;&quot;,&quot;prg_num&quot;:-1,&quot;chan&quot;:&quot;&quot;,&quot;chan_id&quot;:-1,&quot;id&quot;:&quot;zixi://bonded(bonded24)#10.7.0.66:2088@10.7.0.65,192.168.60.66:2088@192.168.50.65,192.168.5.166:2088@192.168.5.165&quot;,&quot;type&quot;:2,&quot;name&quot;:&quot;bond24&quot;,&quot;asi&quot;:0,&quot;rtmp&quot;:0,&quot;file&quot;:1,&quot;active&quot;:1,&quot;group&quot;:&quot;&quot;,&quot;bonded&quot;:[],&quot;error&quot;:&quot;None&quot;,&quot;con_stat&quot;:&quot;Connecting&quot;,&quot;bitrate&quot;:0,&quot;dest&quot;:&quot;bonded/bonded24&quot;},{&quot;mip&quot;:&quot;4000.ts&quot;,&quot;port&quot;:0,&quot;ip&quot;:&quot;file&quot;,&quot;in_name&quot;:&quot;bond&quot;,&quot;in_active&quot;:1,&quot;in_active_sources&quot;:0,&quot;prg_name&quot;:&quot;&quot;,&quot;prg_prov&quot;:&quot;&quot;,&quot;prg_num&quot;:-1,&quot;chan&quot;:&quot;&quot;,&quot;chan_id&quot;:-1,&quot;id&quot;:&quot;zixi://bonded(bonded17)#10.7.0.66:2088@10.7.0.65,192.168.60.66:2088@192.168.50.65,192.168.5.166:2088@192.168.5.165&quot;,&quot;type&quot;:2,&quot;name&quot;:&quot;bond17&quot;,&quot;asi&quot;:0,&quot;rtmp&quot;:0,&quot;file&quot;:1,&quot;active&quot;:1,&quot;group&quot;:&quot;&quot;,&quot;bonded&quot;:[],&quot;error&quot;:&quot;None&quot;,&quot;con_stat&quot;:&quot;Connecting&quot;,&quot;bitrate&quot;:0,&quot;dest&quot;:&quot;bonded/bonded17&quot;},{&quot;mip&quot;:&quot;4000.ts&quot;,&quot;port&quot;:0,&quot;ip&quot;:&quot;file&quot;,&quot;in_name&quot;:&quot;bond&quot;,&quot;in_active&quot;:1,&quot;in_active_sources&quot;:0,&quot;prg_name&quot;:&quot;&quot;,&quot;prg_prov&quot;:&quot;&quot;,&quot;prg_num&quot;:-1,&quot;chan&quot;:&quot;&quot;,&quot;chan_id&quot;:-1,&quot;id&quot;:&quot;zixi://bonded(bonded23)#10.7.0.66:2088@10.7.0.65,192.168.60.66:2088@192.168.50.65,192.168.5.166:2088@192.168.5.165&quot;,&quot;type&quot;:2,&quot;name&quot;:&quot;bond23&quot;,&quot;asi&quot;:0,&quot;rtmp&quot;:0,&quot;file&quot;:1,&quot;active&quot;:1,&quot;group&quot;:&quot;&quot;,&quot;bonded&quot;:[],&quot;error&quot;:&quot;None&quot;,&quot;con_stat&quot;:&quot;Connecting&quot;,&quot;bitrate&quot;:0,&quot;dest&quot;:&quot;bonded/bonded23&quot;},{&quot;mip&quot;:&quot;4000.ts&quot;,&quot;port&quot;:0,&quot;ip&quot;:&quot;file&quot;,&quot;in_name&quot;:&quot;bond&quot;,&quot;in_active&quot;:1,&quot;in_active_sources&quot;:0,&quot;prg_name&quot;:&quot;&quot;,&quot;prg_prov&quot;:&quot;&quot;,&quot;prg_num&quot;:-1,&quot;chan&quot;:&quot;&quot;,&quot;chan_id&quot;:-1,&quot;id&quot;:&quot;zixi://bonded(bonded8)#10.7.0.66:2088@10.7.0.65,192.168.60.66:2088@192.168.50.65,192.168.5.166:2088@192.168.5.165&quot;,&quot;type&quot;:2,&quot;name&quot;:&quot;bond8&quot;,&quot;asi&quot;:0,&quot;rtmp&quot;:0,&quot;file&quot;:1,&quot;active&quot;:1,&quot;group&quot;:&quot;&quot;,&quot;bonded&quot;:[],&quot;error&quot;:&quot;None&quot;,&quot;con_stat&quot;:&quot;Connecting&quot;,&quot;bitrate&quot;:0,&quot;dest&quot;:&quot;bonded/bonded8&quot;},{&quot;mip&quot;:&quot;4000.ts&quot;,&quot;port&quot;:0,&quot;ip&quot;:&quot;file&quot;,&quot;in_name&quot;:&quot;bond&quot;,&quot;in_active&quot;:1,&quot;in_active_sources&quot;:0,&quot;prg_name&quot;:&quot;&quot;,&quot;prg_prov&quot;:&quot;&quot;,&quot;prg_num&quot;:-1,&quot;chan&quot;:&quot;&quot;,&quot;chan_id&quot;:-1,&quot;id&quot;:&quot;zixi://bonded(bonded20)#10.7.0.66:2088@10.7.0.65,192.168.60.66:2088@192.168.50.65,192.168.5.166:2088@192.168.5.165&quot;,&quot;type&quot;:2,&quot;name&quot;:&quot;bond20&quot;,&quot;asi&quot;:0,&quot;rtmp&quot;:0,&quot;file&quot;:1,&quot;active&quot;:1,&quot;group&quot;:&quot;&quot;,&quot;bonded&quot;:[],&quot;error&quot;:&quot;Timeout&quot;,&quot;con_stat&quot;:&quot;Connecting&quot;,&quot;bitrate&quot;:0,&quot;dest&quot;:&quot;bonded/bonded20&quot;},{&quot;mip&quot;:&quot;4000.ts&quot;,&quot;port&quot;:0,&quot;ip&quot;:&quot;file&quot;,&quot;in_name&quot;:&quot;bond&quot;,&quot;in_active&quot;:1,&quot;in_active_sources&quot;:0,&quot;prg_name&quot;:&quot;&quot;,&quot;prg_prov&quot;:&quot;&quot;,&quot;prg_num&quot;:-1,&quot;chan&quot;:&quot;&quot;,&quot;chan_id&quot;:-1,&quot;id&quot;:&quot;zixi://bonded(bonded3)#10.7.0.66:2088@10.7.0.65,192.168.60.66:2088@192.168.50.65,192.168.5.166:2088@192.168.5.165&quot;,&quot;type&quot;:2,&quot;name&quot;:&quot;bond3&quot;,&quot;asi&quot;:0,&quot;rtmp&quot;:0,&quot;file&quot;:1,&quot;active&quot;:1,&quot;group&quot;:&quot;&quot;,&quot;bonded&quot;:[],&quot;error&quot;:&quot;None&quot;,&quot;con_stat&quot;:&quot;Connecting&quot;,&quot;bitrate&quot;:0,&quot;dest&quot;:&quot;bonded/bonded3&quot;},{&quot;mip&quot;:&quot;4000.ts&quot;,&quot;port&quot;:0,&quot;ip&quot;:&quot;file&quot;,&quot;in_name&quot;:&quot;bond&quot;,&quot;in_active&quot;:1,&quot;in_active_sources&quot;:0,&quot;prg_name&quot;:&quot;&quot;,&quot;prg_prov&quot;:&quot;&quot;,&quot;prg_num&quot;:-1,&quot;chan&quot;:&quot;&quot;,&quot;chan_id&quot;:-1,&quot;id&quot;:&quot;zixi://bonded(bonded19)#10.7.0.66:2088@10.7.0.65,192.168.60.66:2088@192.168.50.65,192.168.5.166:2088@192.168.5.165&quot;,&quot;type&quot;:2,&quot;name&quot;:&quot;bond19&quot;,&quot;asi&quot;:0,&quot;rtmp&quot;:0,&quot;file&quot;:1,&quot;active&quot;:1,&quot;group&quot;:&quot;&quot;,&quot;bonded&quot;:[],&quot;error&quot;:&quot;None&quot;,&quot;con_stat&quot;:&quot;Connecting&quot;,&quot;bitrate&quot;:0,&quot;dest&quot;:&quot;bonded/bonded19&quot;},{&quot;mip&quot;:&quot;4000.ts&quot;,&quot;port&quot;:0,&quot;ip&quot;:&quot;file&quot;,&quot;in_name&quot;:&quot;bond&quot;,&quot;in_active&quot;:1,&quot;in_active_sources&quot;:0,&quot;prg_name&quot;:&quot;&quot;,&quot;prg_prov&quot;:&quot;&quot;,&quot;prg_num&quot;:-1,&quot;chan&quot;:&quot;&quot;,&quot;chan_id&quot;:-1,&quot;id&quot;:&quot;zixi://bonded(bonded14)#10.7.0.66:2088@10.7.0.65,192.168.60.66:2088@192.168.50.65,192.168.5.166:2088@192.168.5.165&quot;,&quot;type&quot;:2,&quot;name&quot;:&quot;bond14&quot;,&quot;asi&quot;:0,&quot;rtmp&quot;:0,&quot;file&quot;:1,&quot;active&quot;:1,&quot;group&quot;:&quot;&quot;,&quot;bonded&quot;:[],&quot;error&quot;:&quot;Timeout&quot;,&quot;con_stat&quot;:&quot;Connecting&quot;,&quot;bitrate&quot;:0,&quot;dest&quot;:&quot;bonded/bonded14&quot;},{&quot;mip&quot;:&quot;4000.ts&quot;,&quot;port&quot;:0,&quot;ip&quot;:&quot;file&quot;,&quot;in_name&quot;:&quot;bond&quot;,&quot;in_active&quot;:1,&quot;in_active_sources&quot;:0,&quot;prg_name&quot;:&quot;&quot;,&quot;prg_prov&quot;:&quot;&quot;,&quot;prg_num&quot;:-1,&quot;chan&quot;:&quot;&quot;,&quot;chan_id&quot;:-1,&quot;id&quot;:&quot;zixi://bonded(bonded7)#10.7.0.66:2088@10.7.0.65,192.168.60.66:2088@192.168.50.65,192.168.5.166:2088@192.168.5.165&quot;,&quot;type&quot;:2,&quot;name&quot;:&quot;bond7&quot;,&quot;asi&quot;:0,&quot;rtmp&quot;:0,&quot;file&quot;:1,&quot;active&quot;:1,&quot;group&quot;:&quot;&quot;,&quot;bonded&quot;:[],&quot;error&quot;:&quot;None&quot;,&quot;con_stat&quot;:&quot;Connecting&quot;,&quot;bitrate&quot;:0,&quot;dest&quot;:&quot;bonded/bonded7&quot;},{&quot;mip&quot;:&quot;4000.ts&quot;,&quot;port&quot;:0,&quot;ip&quot;:&quot;file&quot;,&quot;in_name&quot;:&quot;bond&quot;,&quot;in_active&quot;:1,&quot;in_active_sources&quot;:0,&quot;prg_name&quot;:&quot;&quot;,&quot;prg_prov&quot;:&quot;&quot;,&quot;prg_num&quot;:-1,&quot;chan&quot;:&quot;&quot;,&quot;chan_id&quot;:-1,&quot;id&quot;:&quot;zixi://bonded(bonded11)#10.7.0.66:2088@10.7.0.65,192.168.60.66:2088@192.168.50.65,192.168.5.166:2088@192.168.5.165&quot;,&quot;type&quot;:2,&quot;name&quot;:&quot;bond11&quot;,&quot;asi&quot;:0,&quot;rtmp&quot;:0,&quot;file&quot;:1,&quot;active&quot;:1,&quot;group&quot;:&quot;&quot;,&quot;bonded&quot;:[],&quot;error&quot;:&quot;None&quot;,&quot;con_stat&quot;:&quot;Connecting&quot;,&quot;bitrate&quot;:0,&quot;dest&quot;:&quot;bonded/bonded11&quot;},{&quot;mip&quot;:&quot;4000.ts&quot;,&quot;port&quot;:0,&quot;ip&quot;:&quot;file&quot;,&quot;in_name&quot;:&quot;bond&quot;,&quot;in_active&quot;:1,&quot;in_active_sources&quot;:0,&quot;prg_name&quot;:&quot;&quot;,&quot;prg_prov&quot;:&quot;&quot;,&quot;prg_num&quot;:-1,&quot;chan&quot;:&quot;&quot;,&quot;chan_id&quot;:-1,&quot;id&quot;:&quot;zixi://bonded(bonded13)#10.7.0.66:2088@10.7.0.65,192.168.60.66:2088@192.168.50.65,192.168.5.166:2088@192.168.5.165&quot;,&quot;type&quot;:2,&quot;name&quot;:&quot;bond13&quot;,&quot;asi&quot;:0,&quot;rtmp&quot;:0,&quot;file&quot;:1,&quot;active&quot;:1,&quot;group&quot;:&quot;&quot;,&quot;bonded&quot;:[],&quot;error&quot;:&quot;None&quot;,&quot;con_stat&quot;:&quot;Connecting&quot;,&quot;bitrate&quot;:0,&quot;dest&quot;:&quot;bonded/bonded13&quot;},{&quot;mip&quot;:&quot;4000.ts&quot;,&quot;port&quot;:0,&quot;ip&quot;:&quot;file&quot;,&quot;in_name&quot;:&quot;bond&quot;,&quot;in_active&quot;:1,&quot;in_active_sources&quot;:0,&quot;prg_name&quot;:&quot;&quot;,&quot;prg_prov&quot;:&quot;&quot;,&quot;prg_num&quot;:-1,&quot;chan&quot;:&quot;&quot;,&quot;chan_id&quot;:-1,&quot;id&quot;:&quot;zixi://bonded(bonded10)#10.7.0.66:2088@10.7.0.65,192.168.60.66:2088@192.168.50.65,192.168.5.166:2088@192.168.5.165&quot;,&quot;type&quot;:2,&quot;name&quot;:&quot;bond10&quot;,&quot;asi&quot;:0,&quot;rtmp&quot;:0,&quot;file&quot;:1,&quot;active&quot;:1,&quot;group&quot;:&quot;&quot;,&quot;bonded&quot;:[],&quot;error&quot;:&quot;Authentication&quot;,&quot;con_stat&quot;:&quot;Connecting&quot;,&quot;bitrate&quot;:0,&quot;dest&quot;:&quot;bonded/bonded10&quot;},{&quot;mip&quot;:&quot;4000.ts&quot;,&quot;port&quot;:0,&quot;ip&quot;:&quot;file&quot;,&quot;in_name&quot;:&quot;bond&quot;,&quot;in_active&quot;:1,&quot;in_active_sources&quot;:0,&quot;prg_name&quot;:&quot;&quot;,&quot;prg_prov&quot;:&quot;&quot;,&quot;prg_num&quot;:-1,&quot;chan&quot;:&quot;&quot;,&quot;chan_id&quot;:-1,&quot;id&quot;:&quot;zixi://bonded(bonded12)#10.7.0.66:2088@10.7.0.65,192.168.60.66:2088@192.168.50.65,192.168.5.166:2088@192.168.5.165&quot;,&quot;type&quot;:2,&quot;name&quot;:&quot;bond12&quot;,&quot;asi&quot;:0,&quot;rtmp&quot;:0,&quot;file&quot;:1,&quot;active&quot;:1,&quot;group&quot;:&quot;&quot;,&quot;bonded&quot;:[],&quot;error&quot;:&quot;None&quot;,&quot;con_stat&quot;:&quot;Connecting&quot;,&quot;bitrate&quot;:0,&quot;dest&quot;:&quot;bonded/bonded12&quot;},{&quot;mip&quot;:&quot;4000.ts&quot;,&quot;port&quot;:0,&quot;ip&quot;:&quot;file&quot;,&quot;in_name&quot;:&quot;bond&quot;,&quot;in_active&quot;:1,&quot;in_active_sources&quot;:0,&quot;prg_name&quot;:&quot;&quot;,&quot;prg_prov&quot;:&quot;&quot;,&quot;prg_num&quot;:-1,&quot;chan&quot;:&quot;&quot;,&quot;chan_id&quot;:-1,&quot;id&quot;:&quot;zixi://bonded(bonded9)#10.7.0.66:2088@10.7.0.65,192.168.60.66:2088@192.168.50.65,192.168.5.166:2088@192.168.5.165&quot;,&quot;type&quot;:2,&quot;name&quot;:&quot;bond9&quot;,&quot;asi&quot;:0,&quot;rtmp&quot;:0,&quot;file&quot;:1,&quot;active&quot;:1,&quot;group&quot;:&quot;&quot;,&quot;bonded&quot;:[],&quot;error&quot;:&quot;None&quot;,&quot;con_stat&quot;:&quot;Connecting&quot;,&quot;bitrate&quot;:0,&quot;dest&quot;:&quot;bonded/bonded9&quot;},{&quot;mip&quot;:&quot;4000.ts&quot;,&quot;port&quot;:0,&quot;ip&quot;:&quot;file&quot;,&quot;in_name&quot;:&quot;bond&quot;,&quot;in_active&quot;:1,&quot;in_active_sources&quot;:0,&quot;prg_name&quot;:&quot;&quot;,&quot;prg_prov&quot;:&quot;&quot;,&quot;prg_num&quot;:-1,&quot;chan&quot;:&quot;&quot;,&quot;chan_id&quot;:-1,&quot;id&quot;:&quot;zixi://bonded(bonded5)#10.7.0.66:2088@10.7.0.65,192.168.60.66:2088@192.168.50.65,192.168.5.166:2088@192.168.5.165&quot;,&quot;type&quot;:2,&quot;name&quot;:&quot;bond5&quot;,&quot;asi&quot;:0,&quot;rtmp&quot;:0,&quot;file&quot;:1,&quot;active&quot;:1,&quot;group&quot;:&quot;&quot;,&quot;bonded&quot;:[],&quot;error&quot;:&quot;None&quot;,&quot;con_stat&quot;:&quot;Connecting&quot;,&quot;bitrate&quot;:0,&quot;dest&quot;:&quot;bonded/bonded5&quot;}]}
Debug printing ------&gt;&gt;&gt; {&quot;custom_data&quot;:&quot;&quot;,&quot;msg&quot;:&quot;Output deleted.&quot;,&quot;error&quot;:&quot;&quot;,&quot;outs&quot;:[{&quot;mip&quot;:&quot;live_recording.ts&quot;,&quot;port&quot;:0,&quot;ip&quot;:&quot;file&quot;,&quot;in_name&quot;:&quot;feederoutputname&quot;,&quot;in_active&quot;:1,&quot;in_active_sources&quot;:0,&quot;prg_name&quot;:&quot;&quot;,&quot;prg_prov&quot;:&quot;&quot;,&quot;prg_num&quot;:1,&quot;chan&quot;:&quot;&quot;,&quot;chan_id&quot;:-1,&quot;id&quot;:&quot;zixi://10.7.0.66:2088/feederout&quot;,&quot;type&quot;:2,&quot;name&quot;:&quot;feederoutputname&quot;,&quot;asi&quot;:0,&quot;rtmp&quot;:0,&quot;file&quot;:1,&quot;active&quot;:1,&quot;group&quot;:&quot;&quot;,&quot;error&quot;:&quot;Authentication&quot;,&quot;con_stat&quot;:&quot;Disconnected&quot;,&quot;bitrate&quot;:0,&quot;dest&quot;:&quot;10.7.0.66:2088/feederout&quot;},{&quot;mip&quot;:&quot;4000.ts&quot;,&quot;port&quot;:0,&quot;ip&quot;:&quot;file&quot;,&quot;in_name&quot;:&quot;bond&quot;,&quot;in_active&quot;:1,&quot;in_active_sources&quot;:0,&quot;prg_name&quot;:&quot;&quot;,&quot;prg_prov&quot;:&quot;&quot;,&quot;prg_num&quot;:-1,&quot;chan&quot;:&quot;&quot;,&quot;chan_id&quot;:-1,&quot;id&quot;:&quot;zixi://bonded(bonded16)#10.7.0.66:2088@10.7.0.65,192.168.60.66:2088@192.168.50.65,192.168.5.166:2088@192.168.5.165&quot;,&quot;type&quot;:2,&quot;name&quot;:&quot;bond16&quot;,&quot;asi&quot;:0,&quot;rtmp&quot;:0,&quot;file&quot;:1,&quot;active&quot;:1,&quot;group&quot;:&quot;&quot;,&quot;bonded&quot;:[],&quot;error&quot;:&quot;None&quot;,&quot;con_stat&quot;:&quot;Connecting&quot;,&quot;bitrate&quot;:0,&quot;dest&quot;:&quot;bonded/bonded16&quot;},{&quot;mip&quot;:&quot;4000.ts&quot;,&quot;port&quot;:0,&quot;ip&quot;:&quot;file&quot;,&quot;in_name&quot;:&quot;bond&quot;,&quot;in_active&quot;:1,&quot;in_active_sources&quot;:0,&quot;prg_name&quot;:&quot;&quot;,&quot;prg_prov&quot;:&quot;&quot;,&quot;prg_num&quot;:-1,&quot;chan&quot;:&quot;&quot;,&quot;chan_id&quot;:-1,&quot;id&quot;:&quot;zixi://bonded(bonded18)#10.7.0.66:2088@10.7.0.65,192.168.60.66:2088@192.168.50.65,192.168.5.166:2088@192.168.5.165&quot;,&quot;type&quot;:2,&quot;name&quot;:&quot;bond18&quot;,&quot;asi&quot;:0,&quot;rtmp&quot;:0,&quot;file&quot;:1,&quot;active&quot;:1,&quot;group&quot;:&quot;&quot;,&quot;bonded&quot;:[],&quot;error&quot;:&quot;Timeout&quot;,&quot;con_stat&quot;:&quot;Connecting&quot;,&quot;bitrate&quot;:0,&quot;dest&quot;:&quot;bonded/bonded18&quot;},{&quot;mip&quot;:&quot;4000.ts&quot;,&quot;port&quot;:0,&quot;ip&quot;:&quot;file&quot;,&quot;in_name&quot;:&quot;bond&quot;,&quot;in_active&quot;:1,&quot;in_active_sources&quot;:0,&quot;prg_name&quot;:&quot;&quot;,&quot;prg_prov&quot;:&quot;&quot;,&quot;prg_num&quot;:-1,&quot;chan&quot;:&quot;&quot;,&quot;chan_id&quot;:-1,&quot;id&quot;:&quot;zixi://bonded(bonded25)#10.7.0.66:2088@10.7.0.65,192.168.60.66:2088@192.168.50.65,192.168.5.166:2088@192.168.5.165&quot;,&quot;type&quot;:2,&quot;name&quot;:&quot;bond25&quot;,&quot;asi&quot;:0,&quot;rtmp&quot;:0,&quot;file&quot;:1,&quot;active&quot;:1,&quot;group&quot;:&quot;&quot;,&quot;bonded&quot;:[],&quot;error&quot;:&quot;None&quot;,&quot;con_stat&quot;:&quot;Connecting&quot;,&quot;bitrate&quot;:0,&quot;dest&quot;:&quot;bonded/bonded25&quot;},{&quot;mip&quot;:&quot;4000.ts&quot;,&quot;port&quot;:0,&quot;ip&quot;:&quot;file&quot;,&quot;in_name&quot;:&quot;bond&quot;,&quot;in_active&quot;:1,&quot;in_active_sources&quot;:0,&quot;prg_name&quot;:&quot;&quot;,&quot;prg_prov&quot;:&quot;&quot;,&quot;prg_num&quot;:-1,&quot;chan&quot;:&quot;&quot;,&quot;chan_id&quot;:-1,&quot;id&quot;:&quot;zixi://bonded(bonded28)#10.7.0.66:2088@10.7.0.65,192.168.60.66:2088@192.168.50.65,192.168.5.166:2088@192.168.5.165&quot;,&quot;type&quot;:2,&quot;name&quot;:&quot;bond28&quot;,&quot;asi&quot;:0,&quot;rtmp&quot;:0,&quot;file&quot;:1,&quot;active&quot;:1,&quot;group&quot;:&quot;&quot;,&quot;bonded&quot;:[],&quot;error&quot;:&quot;None&quot;,&quot;con_stat&quot;:&quot;Connecting&quot;,&quot;bitrate&quot;:0,&quot;dest&quot;:&quot;bonded/bonded28&quot;},{&quot;mip&quot;:&quot;4000.ts&quot;,&quot;port&quot;:0,&quot;ip&quot;:&quot;file&quot;,&quot;in_name&quot;:&quot;bond&quot;,&quot;in_active&quot;:1,&quot;in_active_sources&quot;:0,&quot;prg_name&quot;:&quot;&quot;,&quot;prg_prov&quot;:&quot;&quot;,&quot;prg_num&quot;:-1,&quot;chan&quot;:&quot;&quot;,&quot;chan_id&quot;:-1,&quot;id&quot;:&quot;zixi://bonded(bonded15)#10.7.0.66:2088@10.7.0.65,192.168.60.66:2088@192.168.50.65,192.168.5.166:2088@192.168.5.165&quot;,&quot;type&quot;:2,&quot;name&quot;:&quot;bond15&quot;,&quot;asi&quot;:0,&quot;rtmp&quot;:0,&quot;file&quot;:1,&quot;active&quot;:1,&quot;group&quot;:&quot;&quot;,&quot;bonded&quot;:[],&quot;error&quot;:&quot;Timeout&quot;,&quot;con_stat&quot;:&quot;Connecting&quot;,&quot;bitrate&quot;:0,&quot;dest&quot;:&quot;bonded/bonded15&quot;},{&quot;mip&quot;:&quot;4000.ts&quot;,&quot;port&quot;:0,&quot;ip&quot;:&quot;file&quot;,&quot;in_name&quot;:&quot;bond&quot;,&quot;in_active&quot;:1,&quot;in_active_sources&quot;:0,&quot;prg_name&quot;:&quot;&quot;,&quot;prg_prov&quot;:&quot;&quot;,&quot;prg_num&quot;:-1,&quot;chan&quot;:&quot;&quot;,&quot;chan_id&quot;:-1,&quot;id&quot;:&quot;zixi://bonded(bonded24)#10.7.0.66:2088@10.7.0.65,192.168.60.66:2088@192.168.50.65,192.168.5.166:2088@192.168.5.165&quot;,&quot;type&quot;:2,&quot;name&quot;:&quot;bond24&quot;,&quot;asi&quot;:0,&quot;rtmp&quot;:0,&quot;file&quot;:1,&quot;active&quot;:1,&quot;group&quot;:&quot;&quot;,&quot;bonded&quot;:[],&quot;error&quot;:&quot;None&quot;,&quot;con_stat&quot;:&quot;Connecting&quot;,&quot;bitrate&quot;:0,&quot;dest&quot;:&quot;bonded/bonded24&quot;},{&quot;mip&quot;:&quot;4000.ts&quot;,&quot;port&quot;:0,&quot;ip&quot;:&quot;file&quot;,&quot;in_name&quot;:&quot;bond&quot;,&quot;in_active&quot;:1,&quot;in_active_sources&quot;:0,&quot;prg_name&quot;:&quot;&quot;,&quot;prg_prov&quot;:&quot;&quot;,&quot;prg_num&quot;:-1,&quot;chan&quot;:&quot;&quot;,&quot;chan_id&quot;:-1,&quot;id&quot;:&quot;zixi://bonded(bonded17)#10.7.0.66:2088@10.7.0.65,192.168.60.66:2088@192.168.50.65,192.168.5.166:2088@192.168.5.165&quot;,&quot;type&quot;:2,&quot;name&quot;:&quot;bond17&quot;,&quot;asi&quot;:0,&quot;rtmp&quot;:0,&quot;file&quot;:1,&quot;active&quot;:1,&quot;group&quot;:&quot;&quot;,&quot;bonded&quot;:[],&quot;error&quot;:&quot;None&quot;,&quot;con_stat&quot;:&quot;Connecting&quot;,&quot;bitrate&quot;:0,&quot;dest&quot;:&quot;bonded/bonded17&quot;},{&quot;mip&quot;:&quot;4000.ts&quot;,&quot;port&quot;:0,&quot;ip&quot;:&quot;file&quot;,&quot;in_name&quot;:&quot;bond&quot;,&quot;in_active&quot;:1,&quot;in_active_sources&quot;:0,&quot;prg_name&quot;:&quot;&quot;,&quot;prg_prov&quot;:&quot;&quot;,&quot;prg_num&quot;:-1,&quot;chan&quot;:&quot;&quot;,&quot;chan_id&quot;:-1,&quot;id&quot;:&quot;zixi://bonded(bonded23)#10.7.0.66:2088@10.7.0.65,192.168.60.66:2088@192.168.50.65,192.168.5.166:2088@192.168.5.165&quot;,&quot;type&quot;:2,&quot;name&quot;:&quot;bond23&quot;,&quot;asi&quot;:0,&quot;rtmp&quot;:0,&quot;file&quot;:1,&quot;active&quot;:1,&quot;group&quot;:&quot;&quot;,&quot;bonded&quot;:[],&quot;error&quot;:&quot;None&quot;,&quot;con_stat&quot;:&quot;Connecting&quot;,&quot;bitrate&quot;:0,&quot;dest&quot;:&quot;bonded/bonded23&quot;},{&quot;mip&quot;:&quot;4000.ts&quot;,&quot;port&quot;:0,&quot;ip&quot;:&quot;file&quot;,&quot;in_name&quot;:&quot;bond&quot;,&quot;in_active&quot;:1,&quot;in_active_sources&quot;:0,&quot;prg_name&quot;:&quot;&quot;,&quot;prg_prov&quot;:&quot;&quot;,&quot;prg_num&quot;:-1,&quot;chan&quot;:&quot;&quot;,&quot;chan_id&quot;:-1,&quot;id&quot;:&quot;zixi://bonded(bonded8)#10.7.0.66:2088@10.7.0.65,192.168.60.66:2088@192.168.50.65,192.168.5.166:2088@192.168.5.165&quot;,&quot;type&quot;:2,&quot;name&quot;:&quot;bond8&quot;,&quot;asi&quot;:0,&quot;rtmp&quot;:0,&quot;file&quot;:1,&quot;active&quot;:1,&quot;group&quot;:&quot;&quot;,&quot;bonded&quot;:[],&quot;error&quot;:&quot;None&quot;,&quot;con_stat&quot;:&quot;Connecting&quot;,&quot;bitrate&quot;:0,&quot;dest&quot;:&quot;bonded/bonded8&quot;},{&quot;mip&quot;:&quot;4000.ts&quot;,&quot;port&quot;:0,&quot;ip&quot;:&quot;file&quot;,&quot;in_name&quot;:&quot;bond&quot;,&quot;in_active&quot;:1,&quot;in_active_sources&quot;:0,&quot;prg_name&quot;:&quot;&quot;,&quot;prg_prov&quot;:&quot;&quot;,&quot;prg_num&quot;:-1,&quot;chan&quot;:&quot;&quot;,&quot;chan_id&quot;:-1,&quot;id&quot;:&quot;zixi://bonded(bonded20)#10.7.0.66:2088@10.7.0.65,192.168.60.66:2088@192.168.50.65,192.168.5.166:2088@192.168.5.165&quot;,&quot;type&quot;:2,&quot;name&quot;:&quot;bond20&quot;,&quot;asi&quot;:0,&quot;rtmp&quot;:0,&quot;file&quot;:1,&quot;active&quot;:1,&quot;group&quot;:&quot;&quot;,&quot;bonded&quot;:[],&quot;error&quot;:&quot;Timeout&quot;,&quot;con_stat&quot;:&quot;Connecting&quot;,&quot;bitrate&quot;:0,&quot;dest&quot;:&quot;bonded/bonded20&quot;},{&quot;mip&quot;:&quot;4000.ts&quot;,&quot;port&quot;:0,&quot;ip&quot;:&quot;file&quot;,&quot;in_name&quot;:&quot;bond&quot;,&quot;in_active&quot;:1,&quot;in_active_sources&quot;:0,&quot;prg_name&quot;:&quot;&quot;,&quot;prg_prov&quot;:&quot;&quot;,&quot;prg_num&quot;:-1,&quot;chan&quot;:&quot;&quot;,&quot;chan_id&quot;:-1,&quot;id&quot;:&quot;zixi://bonded(bonded3)#10.7.0.66:2088@10.7.0.65,192.168.60.66:2088@192.168.50.65,192.168.5.166:2088@192.168.5.165&quot;,&quot;type&quot;:2,&quot;name&quot;:&quot;bond3&quot;,&quot;asi&quot;:0,&quot;rtmp&quot;:0,&quot;file&quot;:1,&quot;active&quot;:1,&quot;group&quot;:&quot;&quot;,&quot;bonded&quot;:[],&quot;error&quot;:&quot;None&quot;,&quot;con_stat&quot;:&quot;Connecting&quot;,&quot;bitrate&quot;:0,&quot;dest&quot;:&quot;bonded/bonded3&quot;},{&quot;mip&quot;:&quot;4000.ts&quot;,&quot;port&quot;:0,&quot;ip&quot;:&quot;file&quot;,&quot;in_name&quot;:&quot;bond&quot;,&quot;in_active&quot;:1,&quot;in_active_sources&quot;:0,&quot;prg_name&quot;:&quot;&quot;,&quot;prg_prov&quot;:&quot;&quot;,&quot;prg_num&quot;:-1,&quot;chan&quot;:&quot;&quot;,&quot;chan_id&quot;:-1,&quot;id&quot;:&quot;zixi://bonded(bonded19)#10.7.0.66:2088@10.7.0.65,192.168.60.66:2088@192.168.50.65,192.168.5.166:2088@192.168.5.165&quot;,&quot;type&quot;:2,&quot;name&quot;:&quot;bond19&quot;,&quot;asi&quot;:0,&quot;rtmp&quot;:0,&quot;file&quot;:1,&quot;active&quot;:1,&quot;group&quot;:&quot;&quot;,&quot;bonded&quot;:[],&quot;error&quot;:&quot;None&quot;,&quot;con_stat&quot;:&quot;Connecting&quot;,&quot;bitrate&quot;:0,&quot;dest&quot;:&quot;bonded/bonded19&quot;},{&quot;mip&quot;:&quot;4000.ts&quot;,&quot;port&quot;:0,&quot;ip&quot;:&quot;file&quot;,&quot;in_name&quot;:&quot;bond&quot;,&quot;in_active&quot;:1,&quot;in_active_sources&quot;:0,&quot;prg_name&quot;:&quot;&quot;,&quot;prg_prov&quot;:&quot;&quot;,&quot;prg_num&quot;:-1,&quot;chan&quot;:&quot;&quot;,&quot;chan_id&quot;:-1,&quot;id&quot;:&quot;zixi://bonded(bonded14)#10.7.0.66:2088@10.7.0.65,192.168.60.66:2088@192.168.50.65,192.168.5.166:2088@192.168.5.165&quot;,&quot;type&quot;:2,&quot;name&quot;:&quot;bond14&quot;,&quot;asi&quot;:0,&quot;rtmp&quot;:0,&quot;file&quot;:1,&quot;active&quot;:1,&quot;group&quot;:&quot;&quot;,&quot;bonded&quot;:[],&quot;error&quot;:&quot;Timeout&quot;,&quot;con_stat&quot;:&quot;Connecting&quot;,&quot;bitrate&quot;:0,&quot;dest&quot;:&quot;bonded/bonded14&quot;},{&quot;mip&quot;:&quot;4000.ts&quot;,&quot;port&quot;:0,&quot;ip&quot;:&quot;file&quot;,&quot;in_name&quot;:&quot;bond&quot;,&quot;in_active&quot;:1,&quot;in_active_sources&quot;:0,&quot;prg_name&quot;:&quot;&quot;,&quot;prg_prov&quot;:&quot;&quot;,&quot;prg_num&quot;:-1,&quot;chan&quot;:&quot;&quot;,&quot;chan_id&quot;:-1,&quot;id&quot;:&quot;zixi://bonded(bonded7)#10.7.0.66:2088@10.7.0.65,192.168.60.66:2088@192.168.50.65,192.168.5.166:2088@192.168.5.165&quot;,&quot;type&quot;:2,&quot;name&quot;:&quot;bond7&quot;,&quot;asi&quot;:0,&quot;rtmp&quot;:0,&quot;file&quot;:1,&quot;active&quot;:1,&quot;group&quot;:&quot;&quot;,&quot;bonded&quot;:[],&quot;error&quot;:&quot;None&quot;,&quot;con_stat&quot;:&quot;Connecting&quot;,&quot;bitrate&quot;:0,&quot;dest&quot;:&quot;bonded/bonded7&quot;},{&quot;mip&quot;:&quot;4000.ts&quot;,&quot;port&quot;:0,&quot;ip&quot;:&quot;file&quot;,&quot;in_name&quot;:&quot;bond&quot;,&quot;in_active&quot;:1,&quot;in_active_sources&quot;:0,&quot;prg_name&quot;:&quot;&quot;,&quot;prg_prov&quot;:&quot;&quot;,&quot;prg_num&quot;:-1,&quot;chan&quot;:&quot;&quot;,&quot;chan_id&quot;:-1,&quot;id&quot;:&quot;zixi://bonded(bonded11)#10.7.0.66:2088@10.7.0.65,192.168.60.66:2088@192.168.50.65,192.168.5.166:2088@192.168.5.165&quot;,&quot;type&quot;:2,&quot;name&quot;:&quot;bond11&quot;,&quot;asi&quot;:0,&quot;rtmp&quot;:0,&quot;file&quot;:1,&quot;active&quot;:1,&quot;group&quot;:&quot;&quot;,&quot;bonded&quot;:[],&quot;error&quot;:&quot;None&quot;,&quot;con_stat&quot;:&quot;Connecting&quot;,&quot;bitrate&quot;:0,&quot;dest&quot;:&quot;bonded/bonded11&quot;},{&quot;mip&quot;:&quot;4000.ts&quot;,&quot;port&quot;:0,&quot;ip&quot;:&quot;file&quot;,&quot;in_name&quot;:&quot;bond&quot;,&quot;in_active&quot;:1,&quot;in_active_sources&quot;:0,&quot;prg_name&quot;:&quot;&quot;,&quot;prg_prov&quot;:&quot;&quot;,&quot;prg_num&quot;:-1,&quot;chan&quot;:&quot;&quot;,&quot;chan_id&quot;:-1,&quot;id&quot;:&quot;zixi://bonded(bonded13)#10.7.0.66:2088@10.7.0.65,192.168.60.66:2088@192.168.50.65,192.168.5.166:2088@192.168.5.165&quot;,&quot;type&quot;:2,&quot;name&quot;:&quot;bond13&quot;,&quot;asi&quot;:0,&quot;rtmp&quot;:0,&quot;file&quot;:1,&quot;active&quot;:1,&quot;group&quot;:&quot;&quot;,&quot;bonded&quot;:[],&quot;error&quot;:&quot;None&quot;,&quot;con_stat&quot;:&quot;Connecting&quot;,&quot;bitrate&quot;:0,&quot;dest&quot;:&quot;bonded/bonded13&quot;},{&quot;mip&quot;:&quot;4000.ts&quot;,&quot;port&quot;:0,&quot;ip&quot;:&quot;file&quot;,&quot;in_name&quot;:&quot;bond&quot;,&quot;in_active&quot;:1,&quot;in_active_sources&quot;:0,&quot;prg_name&quot;:&quot;&quot;,&quot;prg_prov&quot;:&quot;&quot;,&quot;prg_num&quot;:-1,&quot;chan&quot;:&quot;&quot;,&quot;chan_id&quot;:-1,&quot;id&quot;:&quot;zixi://bonded(bonded10)#10.7.0.66:2088@10.7.0.65,192.168.60.66:2088@192.168.50.65,192.168.5.166:2088@192.168.5.165&quot;,&quot;type&quot;:2,&quot;name&quot;:&quot;bond10&quot;,&quot;asi&quot;:0,&quot;rtmp&quot;:0,&quot;file&quot;:1,&quot;active&quot;:1,&quot;group&quot;:&quot;&quot;,&quot;bonded&quot;:[],&quot;error&quot;:&quot;Authentication&quot;,&quot;con_stat&quot;:&quot;Connecting&quot;,&quot;bitrate&quot;:0,&quot;dest&quot;:&quot;bonded/bonded10&quot;},{&quot;mip&quot;:&quot;4000.ts&quot;,&quot;port&quot;:0,&quot;ip&quot;:&quot;file&quot;,&quot;in_name&quot;:&quot;bond&quot;,&quot;in_active&quot;:1,&quot;in_active_sources&quot;:0,&quot;prg_name&quot;:&quot;&quot;,&quot;prg_prov&quot;:&quot;&quot;,&quot;prg_num&quot;:-1,&quot;chan&quot;:&quot;&quot;,&quot;chan_id&quot;:-1,&quot;id&quot;:&quot;zixi://bonded(bonded12)#10.7.0.66:2088@10.7.0.65,192.168.60.66:2088@192.168.50.65,192.168.5.166:2088@192.168.5.165&quot;,&quot;type&quot;:2,&quot;name&quot;:&quot;bond12&quot;,&quot;asi&quot;:0,&quot;rtmp&quot;:0,&quot;file&quot;:1,&quot;active&quot;:1,&quot;group&quot;:&quot;&quot;,&quot;bonded&quot;:[],&quot;error&quot;:&quot;None&quot;,&quot;con_stat&quot;:&quot;Connecting&quot;,&quot;bitrate&quot;:0,&quot;dest&quot;:&quot;bonded/bonded12&quot;},{&quot;mip&quot;:&quot;4000.ts&quot;,&quot;port&quot;:0,&quot;ip&quot;:&quot;file&quot;,&quot;in_name&quot;:&quot;bond&quot;,&quot;in_active&quot;:1,&quot;in_active_sources&quot;:0,&quot;prg_name&quot;:&quot;&quot;,&quot;prg_prov&quot;:&quot;&quot;,&quot;prg_num&quot;:-1,&quot;chan&quot;:&quot;&quot;,&quot;chan_id&quot;:-1,&quot;id&quot;:&quot;zixi://bonded(bonded9)#10.7.0.66:2088@10.7.0.65,192.168.60.66:2088@192.168.50.65,192.168.5.166:2088@192.168.5.165&quot;,&quot;type&quot;:2,&quot;name&quot;:&quot;bond9&quot;,&quot;asi&quot;:0,&quot;rtmp&quot;:0,&quot;file&quot;:1,&quot;active&quot;:1,&quot;group&quot;:&quot;&quot;,&quot;bonded&quot;:[],&quot;error&quot;:&quot;None&quot;,&quot;con_stat&quot;:&quot;Connecting&quot;,&quot;bitrate&quot;:0,&quot;dest&quot;:&quot;bonded/bonded9&quot;}]}
Debug printing ------&gt;&gt;&gt; {&quot;custom_data&quot;:&quot;&quot;,&quot;msg&quot;:&quot;Output deleted.&quot;,&quot;error&quot;:&quot;&quot;,&quot;outs&quot;:[{&quot;mip&quot;:&quot;live_recording.ts&quot;,&quot;port&quot;:0,&quot;ip&quot;:&quot;file&quot;,&quot;in_name&quot;:&quot;feederoutputname&quot;,&quot;in_active&quot;:1,&quot;in_active_sources&quot;:0,&quot;prg_name&quot;:&quot;&quot;,&quot;prg_prov&quot;:&quot;&quot;,&quot;prg_num&quot;:1,&quot;chan&quot;:&quot;&quot;,&quot;chan_id&quot;:-1,&quot;id&quot;:&quot;zixi://10.7.0.66:2088/feederout&quot;,&quot;type&quot;:2,&quot;name&quot;:&quot;feederoutputname&quot;,&quot;asi&quot;:0,&quot;rtmp&quot;:0,&quot;file&quot;:1,&quot;active&quot;:1,&quot;group&quot;:&quot;&quot;,&quot;error&quot;:&quot;Authentication&quot;,&quot;con_stat&quot;:&quot;Disconnected&quot;,&quot;bitrate&quot;:0,&quot;dest&quot;:&quot;10.7.0.66:2088/feederout&quot;},{&quot;mip&quot;:&quot;4000.ts&quot;,&quot;port&quot;:0,&quot;ip&quot;:&quot;file&quot;,&quot;in_name&quot;:&quot;bond&quot;,&quot;in_active&quot;:1,&quot;in_active_sources&quot;:0,&quot;prg_name&quot;:&quot;&quot;,&quot;prg_prov&quot;:&quot;&quot;,&quot;prg_num&quot;:-1,&quot;chan&quot;:&quot;&quot;,&quot;chan_id&quot;:-1,&quot;id&quot;:&quot;zixi://bonded(bonded20)#10.7.0.66:2088@10.7.0.65,192.168.60.66:2088@192.168.50.65,192.168.5.166:2088@192.168.5.165&quot;,&quot;type&quot;:2,&quot;name&quot;:&quot;bond20&quot;,&quot;asi&quot;:0,&quot;rtmp&quot;:0,&quot;file&quot;:1,&quot;active&quot;:1,&quot;group&quot;:&quot;&quot;,&quot;bonded&quot;:[],&quot;error&quot;:&quot;Timeout&quot;,&quot;con_stat&quot;:&quot;Connecting&quot;,&quot;bitrate&quot;:0,&quot;dest&quot;:&quot;bonded/bonded20&quot;},{&quot;mip&quot;:&quot;4000.ts&quot;,&quot;port&quot;:0,&quot;ip&quot;:&quot;file&quot;,&quot;in_name&quot;:&quot;bond&quot;,&quot;in_active&quot;:1,&quot;in_active_sources&quot;:0,&quot;prg_name&quot;:&quot;&quot;,&quot;prg_prov&quot;:&quot;&quot;,&quot;prg_num&quot;:-1,&quot;chan&quot;:&quot;&quot;,&quot;chan_id&quot;:-1,&quot;id&quot;:&quot;zixi://bonded(bonded18)#10.7.0.66:2088@10.7.0.65,192.168.60.66:2088@192.168.50.65,192.168.5.166:2088@192.168.5.165&quot;,&quot;type&quot;:2,&quot;name&quot;:&quot;bond18&quot;,&quot;asi&quot;:0,&quot;rtmp&quot;:0,&quot;file&quot;:1,&quot;active&quot;:1,&quot;group&quot;:&quot;&quot;,&quot;bonded&quot;:[],&quot;error&quot;:&quot;Timeout&quot;,&quot;con_stat&quot;:&quot;Connecting&quot;,&quot;bitrate&quot;:0,&quot;dest&quot;:&quot;bonded/bonded18&quot;},{&quot;mip&quot;:&quot;4000.ts&quot;,&quot;port&quot;:0,&quot;ip&quot;:&quot;file&quot;,&quot;in_name&quot;:&quot;bond&quot;,&quot;in_active&quot;:1,&quot;in_active_sources&quot;:0,&quot;prg_name&quot;:&quot;&quot;,&quot;prg_prov&quot;:&quot;&quot;,&quot;prg_num&quot;:-1,&quot;chan&quot;:&quot;&quot;,&quot;chan_id&quot;:-1,&quot;id&quot;:&quot;zixi://bonded(bonded25)#10.7.0.66:2088@10.7.0.65,192.168.60.66:2088@192.168.50.65,192.168.5.166:2088@192.168.5.165&quot;,&quot;type&quot;:2,&quot;name&quot;:&quot;bond25&quot;,&quot;asi&quot;:0,&quot;rtmp&quot;:0,&quot;file&quot;:1,&quot;active&quot;:1,&quot;group&quot;:&quot;&quot;,&quot;bonded&quot;:[],&quot;error&quot;:&quot;None&quot;,&quot;con_stat&quot;:&quot;Connecting&quot;,&quot;bitrate&quot;:0,&quot;dest&quot;:&quot;bonded/bonded25&quot;},{&quot;mip&quot;:&quot;4000.ts&quot;,&quot;port&quot;:0,&quot;ip&quot;:&quot;file&quot;,&quot;in_name&quot;:&quot;bond&quot;,&quot;in_active&quot;:1,&quot;in_active_sources&quot;:0,&quot;prg_name&quot;:&quot;&quot;,&quot;prg_prov&quot;:&quot;&quot;,&quot;prg_num&quot;:-1,&quot;chan&quot;:&quot;&quot;,&quot;chan_id&quot;:-1,&quot;id&quot;:&quot;zixi://bonded(bonded28)#10.7.0.66:2088@10.7.0.65,192.168.60.66:2088@192.168.50.65,192.168.5.166:2088@192.168.5.165&quot;,&quot;type&quot;:2,&quot;name&quot;:&quot;bond28&quot;,&quot;asi&quot;:0,&quot;rtmp&quot;:0,&quot;file&quot;:1,&quot;active&quot;:1,&quot;group&quot;:&quot;&quot;,&quot;bonded&quot;:[],&quot;error&quot;:&quot;None&quot;,&quot;con_stat&quot;:&quot;Connecting&quot;,&quot;bitrate&quot;:0,&quot;dest&quot;:&quot;bonded/bonded28&quot;},{&quot;mip&quot;:&quot;4000.ts&quot;,&quot;port&quot;:0,&quot;ip&quot;:&quot;file&quot;,&quot;in_name&quot;:&quot;bond&quot;,&quot;in_active&quot;:1,&quot;in_active_sources&quot;:0,&quot;prg_name&quot;:&quot;&quot;,&quot;prg_prov&quot;:&quot;&quot;,&quot;prg_num&quot;:-1,&quot;chan&quot;:&quot;&quot;,&quot;chan_id&quot;:-1,&quot;id&quot;:&quot;zixi://bonded(bonded15)#10.7.0.66:2088@10.7.0.65,192.168.60.66:2088@192.168.50.65,192.168.5.166:2088@192.168.5.165&quot;,&quot;type&quot;:2,&quot;name&quot;:&quot;bond15&quot;,&quot;asi&quot;:0,&quot;rtmp&quot;:0,&quot;file&quot;:1,&quot;active&quot;:1,&quot;group&quot;:&quot;&quot;,&quot;bonded&quot;:[],&quot;error&quot;:&quot;Timeout&quot;,&quot;con_stat&quot;:&quot;Connecting&quot;,&quot;bitrate&quot;:0,&quot;dest&quot;:&quot;bonded/bonded15&quot;},{&quot;mip&quot;:&quot;4000.ts&quot;,&quot;port&quot;:0,&quot;ip&quot;:&quot;file&quot;,&quot;in_name&quot;:&quot;bond&quot;,&quot;in_active&quot;:1,&quot;in_active_sources&quot;:0,&quot;prg_name&quot;:&quot;&quot;,&quot;prg_prov&quot;:&quot;&quot;,&quot;prg_num&quot;:-1,&quot;chan&quot;:&quot;&quot;,&quot;chan_id&quot;:-1,&quot;id&quot;:&quot;zixi://bonded(bonded24)#10.7.0.66:2088@10.7.0.65,192.168.60.66:2088@192.168.50.65,192.168.5.166:2088@192.168.5.165&quot;,&quot;type&quot;:2,&quot;name&quot;:&quot;bond24&quot;,&quot;asi&quot;:0,&quot;rtmp&quot;:0,&quot;file&quot;:1,&quot;active&quot;:1,&quot;group&quot;:&quot;&quot;,&quot;bonded&quot;:[],&quot;error&quot;:&quot;None&quot;,&quot;con_stat&quot;:&quot;Connecting&quot;,&quot;bitrate&quot;:0,&quot;dest&quot;:&quot;bonded/bonded24&quot;},{&quot;mip&quot;:&quot;4000.ts&quot;,&quot;port&quot;:0,&quot;ip&quot;:&quot;file&quot;,&quot;in_name&quot;:&quot;bond&quot;,&quot;in_active&quot;:1,&quot;in_active_sources&quot;:0,&quot;prg_name&quot;:&quot;&quot;,&quot;prg_prov&quot;:&quot;&quot;,&quot;prg_num&quot;:-1,&quot;chan&quot;:&quot;&quot;,&quot;chan_id&quot;:-1,&quot;id&quot;:&quot;zixi://bonded(bonded17)#10.7.0.66:2088@10.7.0.65,192.168.60.66:2088@192.168.50.65,192.168.5.166:2088@192.168.5.165&quot;,&quot;type&quot;:2,&quot;name&quot;:&quot;bond17&quot;,&quot;asi&quot;:0,&quot;rtmp&quot;:0,&quot;file&quot;:1,&quot;active&quot;:1,&quot;group&quot;:&quot;&quot;,&quot;bonded&quot;:[],&quot;error&quot;:&quot;None&quot;,&quot;con_stat&quot;:&quot;Connecting&quot;,&quot;bitrate&quot;:0,&quot;dest&quot;:&quot;bonded/bonded17&quot;},{&quot;mip&quot;:&quot;4000.ts&quot;,&quot;port&quot;:0,&quot;ip&quot;:&quot;file&quot;,&quot;in_name&quot;:&quot;bond&quot;,&quot;in_active&quot;:1,&quot;in_active_sources&quot;:0,&quot;prg_name&quot;:&quot;&quot;,&quot;prg_prov&quot;:&quot;&quot;,&quot;prg_num&quot;:-1,&quot;chan&quot;:&quot;&quot;,&quot;chan_id&quot;:-1,&quot;id&quot;:&quot;zixi://bonded(bonded23)#10.7.0.66:2088@10.7.0.65,192.168.60.66:2088@192.168.50.65,192.168.5.166:2088@192.168.5.165&quot;,&quot;type&quot;:2,&quot;name&quot;:&quot;bond23&quot;,&quot;asi&quot;:0,&quot;rtmp&quot;:0,&quot;file&quot;:1,&quot;active&quot;:1,&quot;group&quot;:&quot;&quot;,&quot;bonded&quot;:[],&quot;error&quot;:&quot;None&quot;,&quot;con_stat&quot;:&quot;Connecting&quot;,&quot;bitrate&quot;:0,&quot;dest&quot;:&quot;bonded/bonded23&quot;},{&quot;mip&quot;:&quot;4000.ts&quot;,&quot;port&quot;:0,&quot;ip&quot;:&quot;file&quot;,&quot;in_name&quot;:&quot;bond&quot;,&quot;in_active&quot;:1,&quot;in_active_sources&quot;:0,&quot;prg_name&quot;:&quot;&quot;,&quot;prg_prov&quot;:&quot;&quot;,&quot;prg_num&quot;:-1,&quot;chan&quot;:&quot;&quot;,&quot;chan_id&quot;:-1,&quot;id&quot;:&quot;zixi://bonded(bonded8)#10.7.0.66:2088@10.7.0.65,192.168.60.66:2088@192.168.50.65,192.168.5.166:2088@192.168.5.165&quot;,&quot;type&quot;:2,&quot;name&quot;:&quot;bond8&quot;,&quot;asi&quot;:0,&quot;rtmp&quot;:0,&quot;file&quot;:1,&quot;active&quot;:1,&quot;group&quot;:&quot;&quot;,&quot;bonded&quot;:[],&quot;error&quot;:&quot;None&quot;,&quot;con_stat&quot;:&quot;Connecting&quot;,&quot;bitrate&quot;:0,&quot;dest&quot;:&quot;bonded/bonded8&quot;},{&quot;mip&quot;:&quot;4000.ts&quot;,&quot;port&quot;:0,&quot;ip&quot;:&quot;file&quot;,&quot;in_name&quot;:&quot;bond&quot;,&quot;in_active&quot;:1,&quot;in_active_sources&quot;:0,&quot;prg_name&quot;:&quot;&quot;,&quot;prg_prov&quot;:&quot;&quot;,&quot;prg_num&quot;:-1,&quot;chan&quot;:&quot;&quot;,&quot;chan_id&quot;:-1,&quot;id&quot;:&quot;zixi://bonded(bonded3)#10.7.0.66:2088@10.7.0.65,192.168.60.66:2088@192.168.50.65,192.168.5.166:2088@192.168.5.165&quot;,&quot;type&quot;:2,&quot;name&quot;:&quot;bond3&quot;,&quot;asi&quot;:0,&quot;rtmp&quot;:0,&quot;file&quot;:1,&quot;active&quot;:1,&quot;group&quot;:&quot;&quot;,&quot;bonded&quot;:[],&quot;error&quot;:&quot;None&quot;,&quot;con_stat&quot;:&quot;Connecting&quot;,&quot;bitrate&quot;:0,&quot;dest&quot;:&quot;bonded/bonded3&quot;},{&quot;mip&quot;:&quot;4000.ts&quot;,&quot;port&quot;:0,&quot;ip&quot;:&quot;file&quot;,&quot;in_name&quot;:&quot;bond&quot;,&quot;in_active&quot;:1,&quot;in_active_sources&quot;:0,&quot;prg_name&quot;:&quot;&quot;,&quot;prg_prov&quot;:&quot;&quot;,&quot;prg_num&quot;:-1,&quot;chan&quot;:&quot;&quot;,&quot;chan_id&quot;:-1,&quot;id&quot;:&quot;zixi://bonded(bonded16)#10.7.0.66:2088@10.7.0.65,192.168.60.66:2088@192.168.50.65,192.168.5.166:2088@192.168.5.165&quot;,&quot;type&quot;:2,&quot;name&quot;:&quot;bond16&quot;,&quot;asi&quot;:0,&quot;rtmp&quot;:0,&quot;file&quot;:1,&quot;active&quot;:1,&quot;group&quot;:&quot;&quot;,&quot;bonded&quot;:[],&quot;error&quot;:&quot;None&quot;,&quot;con_stat&quot;:&quot;Connecting&quot;,&quot;bitrate&quot;:0,&quot;dest&quot;:&quot;bonded/bonded16&quot;},{&quot;mip&quot;:&quot;4000.ts&quot;,&quot;port&quot;:0,&quot;ip&quot;:&quot;file&quot;,&quot;in_name&quot;:&quot;bond&quot;,&quot;in_active&quot;:1,&quot;in_active_sources&quot;:0,&quot;prg_name&quot;:&quot;&quot;,&quot;prg_prov&quot;:&quot;&quot;,&quot;prg_num&quot;:-1,&quot;chan&quot;:&quot;&quot;,&quot;chan_id&quot;:-1,&quot;id&quot;:&quot;zixi://bonded(bonded19)#10.7.0.66:2088@10.7.0.65,192.168.60.66:2088@192.168.50.65,192.168.5.166:2088@192.168.5.165&quot;,&quot;type&quot;:2,&quot;name&quot;:&quot;bond19&quot;,&quot;asi&quot;:0,&quot;rtmp&quot;:0,&quot;file&quot;:1,&quot;active&quot;:1,&quot;group&quot;:&quot;&quot;,&quot;bonded&quot;:[],&quot;error&quot;:&quot;None&quot;,&quot;con_stat&quot;:&quot;Connecting&quot;,&quot;bitrate&quot;:0,&quot;dest&quot;:&quot;bonded/bonded19&quot;},{&quot;mip&quot;:&quot;4000.ts&quot;,&quot;port&quot;:0,&quot;ip&quot;:&quot;file&quot;,&quot;in_name&quot;:&quot;bond&quot;,&quot;in_active&quot;:1,&quot;in_active_sources&quot;:0,&quot;prg_name&quot;:&quot;&quot;,&quot;prg_prov&quot;:&quot;&quot;,&quot;prg_num&quot;:-1,&quot;chan&quot;:&quot;&quot;,&quot;chan_id&quot;:-1,&quot;id&quot;:&quot;zixi://bonded(bonded14)#10.7.0.66:2088@10.7.0.65,192.168.60.66:2088@192.168.50.65,192.168.5.166:2088@192.168.5.165&quot;,&quot;type&quot;:2,&quot;name&quot;:&quot;bond14&quot;,&quot;asi&quot;:0,&quot;rtmp&quot;:0,&quot;file&quot;:1,&quot;active&quot;:1,&quot;group&quot;:&quot;&quot;,&quot;bonded&quot;:[],&quot;error&quot;:&quot;Timeout&quot;,&quot;con_stat&quot;:&quot;Connecting&quot;,&quot;bitrate&quot;:0,&quot;dest&quot;:&quot;bonded/bonded14&quot;},{&quot;mip&quot;:&quot;4000.ts&quot;,&quot;port&quot;:0,&quot;ip&quot;:&quot;file&quot;,&quot;in_name&quot;:&quot;bond&quot;,&quot;in_active&quot;:1,&quot;in_active_sources&quot;:0,&quot;prg_name&quot;:&quot;&quot;,&quot;prg_prov&quot;:&quot;&quot;,&quot;prg_num&quot;:-1,&quot;chan&quot;:&quot;&quot;,&quot;chan_id&quot;:-1,&quot;id&quot;:&quot;zixi://bonded(bonded7)#10.7.0.66:2088@10.7.0.65,192.168.60.66:2088@192.168.50.65,192.168.5.166:2088@192.168.5.165&quot;,&quot;type&quot;:2,&quot;name&quot;:&quot;bond7&quot;,&quot;asi&quot;:0,&quot;rtmp&quot;:0,&quot;file&quot;:1,&quot;active&quot;:1,&quot;group&quot;:&quot;&quot;,&quot;bonded&quot;:[],&quot;error&quot;:&quot;None&quot;,&quot;con_stat&quot;:&quot;Connecting&quot;,&quot;bitrate&quot;:0,&quot;dest&quot;:&quot;bonded/bonded7&quot;},{&quot;mip&quot;:&quot;4000.ts&quot;,&quot;port&quot;:0,&quot;ip&quot;:&quot;file&quot;,&quot;in_name&quot;:&quot;bond&quot;,&quot;in_active&quot;:1,&quot;in_active_sources&quot;:0,&quot;prg_name&quot;:&quot;&quot;,&quot;prg_prov&quot;:&quot;&quot;,&quot;prg_num&quot;:-1,&quot;chan&quot;:&quot;&quot;,&quot;chan_id&quot;:-1,&quot;id&quot;:&quot;zixi://bonded(bonded11)#10.7.0.66:2088@10.7.0.65,192.168.60.66:2088@192.168.50.65,192.168.5.166:2088@192.168.5.165&quot;,&quot;type&quot;:2,&quot;name&quot;:&quot;bond11&quot;,&quot;asi&quot;:0,&quot;rtmp&quot;:0,&quot;file&quot;:1,&quot;active&quot;:1,&quot;group&quot;:&quot;&quot;,&quot;bonded&quot;:[],&quot;error&quot;:&quot;None&quot;,&quot;con_stat&quot;:&quot;Connecting&quot;,&quot;bitrate&quot;:0,&quot;dest&quot;:&quot;bonded/bonded11&quot;},{&quot;mip&quot;:&quot;4000.ts&quot;,&quot;port&quot;:0,&quot;ip&quot;:&quot;file&quot;,&quot;in_name&quot;:&quot;bond&quot;,&quot;in_active&quot;:1,&quot;in_active_sources&quot;:0,&quot;prg_name&quot;:&quot;&quot;,&quot;prg_prov&quot;:&quot;&quot;,&quot;prg_num&quot;:-1,&quot;chan&quot;:&quot;&quot;,&quot;chan_id&quot;:-1,&quot;id&quot;:&quot;zixi://bonded(bonded13)#10.7.0.66:2088@10.7.0.65,192.168.60.66:2088@192.168.50.65,192.168.5.166:2088@192.168.5.165&quot;,&quot;type&quot;:2,&quot;name&quot;:&quot;bond13&quot;,&quot;asi&quot;:0,&quot;rtmp&quot;:0,&quot;file&quot;:1,&quot;active&quot;:1,&quot;group&quot;:&quot;&quot;,&quot;bonded&quot;:[],&quot;error&quot;:&quot;None&quot;,&quot;con_stat&quot;:&quot;Connecting&quot;,&quot;bitrate&quot;:0,&quot;dest&quot;:&quot;bonded/bonded13&quot;},{&quot;mip&quot;:&quot;4000.ts&quot;,&quot;port&quot;:0,&quot;ip&quot;:&quot;file&quot;,&quot;in_name&quot;:&quot;bond&quot;,&quot;in_active&quot;:1,&quot;in_active_sources&quot;:0,&quot;prg_name&quot;:&quot;&quot;,&quot;prg_prov&quot;:&quot;&quot;,&quot;prg_num&quot;:-1,&quot;chan&quot;:&quot;&quot;,&quot;chan_id&quot;:-1,&quot;id&quot;:&quot;zixi://bonded(bonded10)#10.7.0.66:2088@10.7.0.65,192.168.60.66:2088@192.168.50.65,192.168.5.166:2088@192.168.5.165&quot;,&quot;type&quot;:2,&quot;name&quot;:&quot;bond10&quot;,&quot;asi&quot;:0,&quot;rtmp&quot;:0,&quot;file&quot;:1,&quot;active&quot;:1,&quot;group&quot;:&quot;&quot;,&quot;bonded&quot;:[],&quot;error&quot;:&quot;Authentication&quot;,&quot;con_stat&quot;:&quot;Connecting&quot;,&quot;bitrate&quot;:0,&quot;dest&quot;:&quot;bonded/bonded10&quot;},{&quot;mip&quot;:&quot;4000.ts&quot;,&quot;port&quot;:0,&quot;ip&quot;:&quot;file&quot;,&quot;in_name&quot;:&quot;bond&quot;,&quot;in_active&quot;:1,&quot;in_active_sources&quot;:0,&quot;prg_name&quot;:&quot;&quot;,&quot;prg_prov&quot;:&quot;&quot;,&quot;prg_num&quot;:-1,&quot;chan&quot;:&quot;&quot;,&quot;chan_id&quot;:-1,&quot;id&quot;:&quot;zixi://bonded(bonded12)#10.7.0.66:2088@10.7.0.65,192.168.60.66:2088@192.168.50.65,192.168.5.166:2088@192.168.5.165&quot;,&quot;type&quot;:2,&quot;name&quot;:&quot;bond12&quot;,&quot;asi&quot;:0,&quot;rtmp&quot;:0,&quot;file&quot;:1,&quot;active&quot;:1,&quot;group&quot;:&quot;&quot;,&quot;bonded&quot;:[],&quot;error&quot;:&quot;None&quot;,&quot;con_stat&quot;:&quot;Connecting&quot;,&quot;bitrate&quot;:0,&quot;dest&quot;:&quot;bonded/bonded12&quot;}]}
Debug printing ------&gt;&gt;&gt; {&quot;custom_data&quot;:&quot;&quot;,&quot;msg&quot;:&quot;Output deleted.&quot;,&quot;error&quot;:&quot;&quot;,&quot;outs&quot;:[{&quot;mip&quot;:&quot;live_recording.ts&quot;,&quot;port&quot;:0,&quot;ip&quot;:&quot;file&quot;,&quot;in_name&quot;:&quot;feederoutputname&quot;,&quot;in_active&quot;:1,&quot;in_active_sources&quot;:0,&quot;prg_name&quot;:&quot;&quot;,&quot;prg_prov&quot;:&quot;&quot;,&quot;prg_num&quot;:1,&quot;chan&quot;:&quot;&quot;,&quot;chan_id&quot;:-1,&quot;id&quot;:&quot;zixi://10.7.0.66:2088/feederout&quot;,&quot;type&quot;:2,&quot;name&quot;:&quot;feederoutputname&quot;,&quot;asi&quot;:0,&quot;rtmp&quot;:0,&quot;file&quot;:1,&quot;active&quot;:1,&quot;group&quot;:&quot;&quot;,&quot;error&quot;:&quot;Authentication&quot;,&quot;con_stat&quot;:&quot;Disconnected&quot;,&quot;bitrate&quot;:0,&quot;dest&quot;:&quot;10.7.0.66:2088/feederout&quot;},{&quot;mip&quot;:&quot;4000.ts&quot;,&quot;port&quot;:0,&quot;ip&quot;:&quot;file&quot;,&quot;in_name&quot;:&quot;bond&quot;,&quot;in_active&quot;:1,&quot;in_active_sources&quot;:0,&quot;prg_name&quot;:&quot;&quot;,&quot;prg_prov&quot;:&quot;&quot;,&quot;prg_num&quot;:-1,&quot;chan&quot;:&quot;&quot;,&quot;chan_id&quot;:-1,&quot;id&quot;:&quot;zixi://bonded(bonded20)#10.7.0.66:2088@10.7.0.65,192.168.60.66:2088@192.168.50.65,192.168.5.166:2088@192.168.5.165&quot;,&quot;type&quot;:2,&quot;name&quot;:&quot;bond20&quot;,&quot;asi&quot;:0,&quot;rtmp&quot;:0,&quot;file&quot;:1,&quot;active&quot;:1,&quot;group&quot;:&quot;&quot;,&quot;bonded&quot;:[],&quot;error&quot;:&quot;Timeout&quot;,&quot;con_stat&quot;:&quot;Connecting&quot;,&quot;bitrate&quot;:0,&quot;dest&quot;:&quot;bonded/bonded20&quot;},{&quot;mip&quot;:&quot;4000.ts&quot;,&quot;port&quot;:0,&quot;ip&quot;:&quot;file&quot;,&quot;in_name&quot;:&quot;bond&quot;,&quot;in_active&quot;:1,&quot;in_active_sources&quot;:0,&quot;prg_name&quot;:&quot;&quot;,&quot;prg_prov&quot;:&quot;&quot;,&quot;prg_num&quot;:-1,&quot;chan&quot;:&quot;&quot;,&quot;chan_id&quot;:-1,&quot;id&quot;:&quot;zixi://bonded(bonded18)#10.7.0.66:2088@10.7.0.65,192.168.60.66:2088@192.168.50.65,192.168.5.166:2088@192.168.5.165&quot;,&quot;type&quot;:2,&quot;name&quot;:&quot;bond18&quot;,&quot;asi&quot;:0,&quot;rtmp&quot;:0,&quot;file&quot;:1,&quot;active&quot;:1,&quot;group&quot;:&quot;&quot;,&quot;bonded&quot;:[],&quot;error&quot;:&quot;Timeout&quot;,&quot;con_stat&quot;:&quot;Connecting&quot;,&quot;bitrate&quot;:0,&quot;dest&quot;:&quot;bonded/bonded18&quot;},{&quot;mip&quot;:&quot;4000.ts&quot;,&quot;port&quot;:0,&quot;ip&quot;:&quot;file&quot;,&quot;in_name&quot;:&quot;bond&quot;,&quot;in_active&quot;:1,&quot;in_active_sources&quot;:0,&quot;prg_name&quot;:&quot;&quot;,&quot;prg_prov&quot;:&quot;&quot;,&quot;prg_num&quot;:-1,&quot;chan&quot;:&quot;&quot;,&quot;chan_id&quot;:-1,&quot;id&quot;:&quot;zixi://bonded(bonded25)#10.7.0.66:2088@10.7.0.65,192.168.60.66:2088@192.168.50.65,192.168.5.166:2088@192.168.5.165&quot;,&quot;type&quot;:2,&quot;name&quot;:&quot;bond25&quot;,&quot;asi&quot;:0,&quot;rtmp&quot;:0,&quot;file&quot;:1,&quot;active&quot;:1,&quot;group&quot;:&quot;&quot;,&quot;bonded&quot;:[],&quot;error&quot;:&quot;None&quot;,&quot;con_stat&quot;:&quot;Connecting&quot;,&quot;bitrate&quot;:0,&quot;dest&quot;:&quot;bonded/bonded25&quot;},{&quot;mip&quot;:&quot;4000.ts&quot;,&quot;port&quot;:0,&quot;ip&quot;:&quot;file&quot;,&quot;in_name&quot;:&quot;bond&quot;,&quot;in_active&quot;:1,&quot;in_active_sources&quot;:0,&quot;prg_name&quot;:&quot;&quot;,&quot;prg_prov&quot;:&quot;&quot;,&quot;prg_num&quot;:-1,&quot;chan&quot;:&quot;&quot;,&quot;chan_id&quot;:-1,&quot;id&quot;:&quot;zixi://bonded(bonded28)#10.7.0.66:2088@10.7.0.65,192.168.60.66:2088@192.168.50.65,192.168.5.166:2088@192.168.5.165&quot;,&quot;type&quot;:2,&quot;name&quot;:&quot;bond28&quot;,&quot;asi&quot;:0,&quot;rtmp&quot;:0,&quot;file&quot;:1,&quot;active&quot;:1,&quot;group&quot;:&quot;&quot;,&quot;bonded&quot;:[],&quot;error&quot;:&quot;None&quot;,&quot;con_stat&quot;:&quot;Connecting&quot;,&quot;bitrate&quot;:0,&quot;dest&quot;:&quot;bonded/bonded28&quot;},{&quot;mip&quot;:&quot;4000.ts&quot;,&quot;port&quot;:0,&quot;ip&quot;:&quot;file&quot;,&quot;in_name&quot;:&quot;bond&quot;,&quot;in_active&quot;:1,&quot;in_active_sources&quot;:0,&quot;prg_name&quot;:&quot;&quot;,&quot;prg_prov&quot;:&quot;&quot;,&quot;prg_num&quot;:-1,&quot;chan&quot;:&quot;&quot;,&quot;chan_id&quot;:-1,&quot;id&quot;:&quot;zixi://bonded(bonded15)#10.7.0.66:2088@10.7.0.65,192.168.60.66:2088@192.168.50.65,192.168.5.166:2088@192.168.5.165&quot;,&quot;type&quot;:2,&quot;name&quot;:&quot;bond15&quot;,&quot;asi&quot;:0,&quot;rtmp&quot;:0,&quot;file&quot;:1,&quot;active&quot;:1,&quot;group&quot;:&quot;&quot;,&quot;bonded&quot;:[],&quot;error&quot;:&quot;Timeout&quot;,&quot;con_stat&quot;:&quot;Connecting&quot;,&quot;bitrate&quot;:0,&quot;dest&quot;:&quot;bonded/bonded15&quot;},{&quot;mip&quot;:&quot;4000.ts&quot;,&quot;port&quot;:0,&quot;ip&quot;:&quot;file&quot;,&quot;in_name&quot;:&quot;bond&quot;,&quot;in_active&quot;:1,&quot;in_active_sources&quot;:0,&quot;prg_name&quot;:&quot;&quot;,&quot;prg_prov&quot;:&quot;&quot;,&quot;prg_num&quot;:-1,&quot;chan&quot;:&quot;&quot;,&quot;chan_id&quot;:-1,&quot;id&quot;:&quot;zixi://bonded(bonded24)#10.7.0.66:2088@10.7.0.65,192.168.60.66:2088@192.168.50.65,192.168.5.166:2088@192.168.5.165&quot;,&quot;type&quot;:2,&quot;name&quot;:&quot;bond24&quot;,&quot;asi&quot;:0,&quot;rtmp&quot;:0,&quot;file&quot;:1,&quot;active&quot;:1,&quot;group&quot;:&quot;&quot;,&quot;bonded&quot;:[],&quot;error&quot;:&quot;None&quot;,&quot;con_stat&quot;:&quot;Connecting&quot;,&quot;bitrate&quot;:0,&quot;dest&quot;:&quot;bonded/bonded24&quot;},{&quot;mip&quot;:&quot;4000.ts&quot;,&quot;port&quot;:0,&quot;ip&quot;:&quot;file&quot;,&quot;in_name&quot;:&quot;bond&quot;,&quot;in_active&quot;:1,&quot;in_active_sources&quot;:0,&quot;prg_name&quot;:&quot;&quot;,&quot;prg_prov&quot;:&quot;&quot;,&quot;prg_num&quot;:-1,&quot;chan&quot;:&quot;&quot;,&quot;chan_id&quot;:-1,&quot;id&quot;:&quot;zixi://bonded(bonded17)#10.7.0.66:2088@10.7.0.65,192.168.60.66:2088@192.168.50.65,192.168.5.166:2088@192.168.5.165&quot;,&quot;type&quot;:2,&quot;name&quot;:&quot;bond17&quot;,&quot;asi&quot;:0,&quot;rtmp&quot;:0,&quot;file&quot;:1,&quot;active&quot;:1,&quot;group&quot;:&quot;&quot;,&quot;bonded&quot;:[],&quot;error&quot;:&quot;None&quot;,&quot;con_stat&quot;:&quot;Connecting&quot;,&quot;bitrate&quot;:0,&quot;dest&quot;:&quot;bonded/bonded17&quot;},{&quot;mip&quot;:&quot;4000.ts&quot;,&quot;port&quot;:0,&quot;ip&quot;:&quot;file&quot;,&quot;in_name&quot;:&quot;bond&quot;,&quot;in_active&quot;:1,&quot;in_active_sources&quot;:0,&quot;prg_name&quot;:&quot;&quot;,&quot;prg_prov&quot;:&quot;&quot;,&quot;prg_num&quot;:-1,&quot;chan&quot;:&quot;&quot;,&quot;chan_id&quot;:-1,&quot;id&quot;:&quot;zixi://bonded(bonded23)#10.7.0.66:2088@10.7.0.65,192.168.60.66:2088@192.168.50.65,192.168.5.166:2088@192.168.5.165&quot;,&quot;type&quot;:2,&quot;name&quot;:&quot;bond23&quot;,&quot;asi&quot;:0,&quot;rtmp&quot;:0,&quot;file&quot;:1,&quot;active&quot;:1,&quot;group&quot;:&quot;&quot;,&quot;bonded&quot;:[],&quot;error&quot;:&quot;None&quot;,&quot;con_stat&quot;:&quot;Connecting&quot;,&quot;bitrate&quot;:0,&quot;dest&quot;:&quot;bonded/bonded23&quot;},{&quot;mip&quot;:&quot;4000.ts&quot;,&quot;port&quot;:0,&quot;ip&quot;:&quot;file&quot;,&quot;in_name&quot;:&quot;bond&quot;,&quot;in_active&quot;:1,&quot;in_active_sources&quot;:0,&quot;prg_name&quot;:&quot;&quot;,&quot;prg_prov&quot;:&quot;&quot;,&quot;prg_num&quot;:-1,&quot;chan&quot;:&quot;&quot;,&quot;chan_id&quot;:-1,&quot;id&quot;:&quot;zixi://bonded(bonded8)#10.7.0.66:2088@10.7.0.65,192.168.60.66:2088@192.168.50.65,192.168.5.166:2088@192.168.5.165&quot;,&quot;type&quot;:2,&quot;name&quot;:&quot;bond8&quot;,&quot;asi&quot;:0,&quot;rtmp&quot;:0,&quot;file&quot;:1,&quot;active&quot;:1,&quot;group&quot;:&quot;&quot;,&quot;bonded&quot;:[],&quot;error&quot;:&quot;None&quot;,&quot;con_stat&quot;:&quot;Connecting&quot;,&quot;bitrate&quot;:0,&quot;dest&quot;:&quot;bonded/bonded8&quot;},{&quot;mip&quot;:&quot;4000.ts&quot;,&quot;port&quot;:0,&quot;ip&quot;:&quot;file&quot;,&quot;in_name&quot;:&quot;bond&quot;,&quot;in_active&quot;:1,&quot;in_active_sources&quot;:0,&quot;prg_name&quot;:&quot;&quot;,&quot;prg_prov&quot;:&quot;&quot;,&quot;prg_num&quot;:-1,&quot;chan&quot;:&quot;&quot;,&quot;chan_id&quot;:-1,&quot;id&quot;:&quot;zixi://bonded(bonded3)#10.7.0.66:2088@10.7.0.65,192.168.60.66:2088@192.168.50.65,192.168.5.166:2088@192.168.5.165&quot;,&quot;type&quot;:2,&quot;name&quot;:&quot;bond3&quot;,&quot;asi&quot;:0,&quot;rtmp&quot;:0,&quot;file&quot;:1,&quot;active&quot;:1,&quot;group&quot;:&quot;&quot;,&quot;bonded&quot;:[],&quot;error&quot;:&quot;None&quot;,&quot;con_stat&quot;:&quot;Connecting&quot;,&quot;bitrate&quot;:0,&quot;dest&quot;:&quot;bonded/bonded3&quot;},{&quot;mip&quot;:&quot;4000.ts&quot;,&quot;port&quot;:0,&quot;ip&quot;:&quot;file&quot;,&quot;in_name&quot;:&quot;bond&quot;,&quot;in_active&quot;:1,&quot;in_active_sources&quot;:0,&quot;prg_name&quot;:&quot;&quot;,&quot;prg_prov&quot;:&quot;&quot;,&quot;prg_num&quot;:-1,&quot;chan&quot;:&quot;&quot;,&quot;chan_id&quot;:-1,&quot;id&quot;:&quot;zixi://bonded(bonded16)#10.7.0.66:2088@10.7.0.65,192.168.60.66:2088@192.168.50.65,192.168.5.166:2088@192.168.5.165&quot;,&quot;type&quot;:2,&quot;name&quot;:&quot;bond16&quot;,&quot;asi&quot;:0,&quot;rtmp&quot;:0,&quot;file&quot;:1,&quot;active&quot;:1,&quot;group&quot;:&quot;&quot;,&quot;bonded&quot;:[],&quot;error&quot;:&quot;None&quot;,&quot;con_stat&quot;:&quot;Connecting&quot;,&quot;bitrate&quot;:0,&quot;dest&quot;:&quot;bonded/bonded16&quot;},{&quot;mip&quot;:&quot;4000.ts&quot;,&quot;port&quot;:0,&quot;ip&quot;:&quot;file&quot;,&quot;in_name&quot;:&quot;bond&quot;,&quot;in_active&quot;:1,&quot;in_active_sources&quot;:0,&quot;prg_name&quot;:&quot;&quot;,&quot;prg_prov&quot;:&quot;&quot;,&quot;prg_num&quot;:-1,&quot;chan&quot;:&quot;&quot;,&quot;chan_id&quot;:-1,&quot;id&quot;:&quot;zixi://bonded(bonded19)#10.7.0.66:2088@10.7.0.65,192.168.60.66:2088@192.168.50.65,192.168.5.166:2088@192.168.5.165&quot;,&quot;type&quot;:2,&quot;name&quot;:&quot;bond19&quot;,&quot;asi&quot;:0,&quot;rtmp&quot;:0,&quot;file&quot;:1,&quot;active&quot;:1,&quot;group&quot;:&quot;&quot;,&quot;bonded&quot;:[],&quot;error&quot;:&quot;None&quot;,&quot;con_stat&quot;:&quot;Connecting&quot;,&quot;bitrate&quot;:0,&quot;dest&quot;:&quot;bonded/bonded19&quot;},{&quot;mip&quot;:&quot;4000.ts&quot;,&quot;port&quot;:0,&quot;ip&quot;:&quot;file&quot;,&quot;in_name&quot;:&quot;bond&quot;,&quot;in_active&quot;:1,&quot;in_active_sources&quot;:0,&quot;prg_name&quot;:&quot;&quot;,&quot;prg_prov&quot;:&quot;&quot;,&quot;prg_num&quot;:-1,&quot;chan&quot;:&quot;&quot;,&quot;chan_id&quot;:-1,&quot;id&quot;:&quot;zixi://bonded(bonded14)#10.7.0.66:2088@10.7.0.65,192.168.60.66:2088@192.168.50.65,192.168.5.166:2088@192.168.5.165&quot;,&quot;type&quot;:2,&quot;name&quot;:&quot;bond14&quot;,&quot;asi&quot;:0,&quot;rtmp&quot;:0,&quot;file&quot;:1,&quot;active&quot;:1,&quot;group&quot;:&quot;&quot;,&quot;bonded&quot;:[],&quot;error&quot;:&quot;Timeout&quot;,&quot;con_stat&quot;:&quot;Connecting&quot;,&quot;bitrate&quot;:0,&quot;dest&quot;:&quot;bonded/bonded14&quot;},{&quot;mip&quot;:&quot;4000.ts&quot;,&quot;port&quot;:0,&quot;ip&quot;:&quot;file&quot;,&quot;in_name&quot;:&quot;bond&quot;,&quot;in_active&quot;:1,&quot;in_active_sources&quot;:0,&quot;prg_name&quot;:&quot;&quot;,&quot;prg_prov&quot;:&quot;&quot;,&quot;prg_num&quot;:-1,&quot;chan&quot;:&quot;&quot;,&quot;chan_id&quot;:-1,&quot;id&quot;:&quot;zixi://bonded(bonded7)#10.7.0.66:2088@10.7.0.65,192.168.60.66:2088@192.168.50.65,192.168.5.166:2088@192.168.5.165&quot;,&quot;type&quot;:2,&quot;name&quot;:&quot;bond7&quot;,&quot;asi&quot;:0,&quot;rtmp&quot;:0,&quot;file&quot;:1,&quot;active&quot;:1,&quot;group&quot;:&quot;&quot;,&quot;bonded&quot;:[],&quot;error&quot;:&quot;None&quot;,&quot;con_stat&quot;:&quot;Connecting&quot;,&quot;bitrate&quot;:0,&quot;dest&quot;:&quot;bonded/bonded7&quot;},{&quot;mip&quot;:&quot;4000.ts&quot;,&quot;port&quot;:0,&quot;ip&quot;:&quot;file&quot;,&quot;in_name&quot;:&quot;bond&quot;,&quot;in_active&quot;:1,&quot;in_active_sources&quot;:0,&quot;prg_name&quot;:&quot;&quot;,&quot;prg_prov&quot;:&quot;&quot;,&quot;prg_num&quot;:-1,&quot;chan&quot;:&quot;&quot;,&quot;chan_id&quot;:-1,&quot;id&quot;:&quot;zixi://bonded(bonded11)#10.7.0.66:2088@10.7.0.65,192.168.60.66:2088@192.168.50.65,192.168.5.166:2088@192.168.5.165&quot;,&quot;type&quot;:2,&quot;name&quot;:&quot;bond11&quot;,&quot;asi&quot;:0,&quot;rtmp&quot;:0,&quot;file&quot;:1,&quot;active&quot;:1,&quot;group&quot;:&quot;&quot;,&quot;bonded&quot;:[],&quot;error&quot;:&quot;None&quot;,&quot;con_stat&quot;:&quot;Connecting&quot;,&quot;bitrate&quot;:0,&quot;dest&quot;:&quot;bonded/bonded11&quot;},{&quot;mip&quot;:&quot;4000.ts&quot;,&quot;port&quot;:0,&quot;ip&quot;:&quot;file&quot;,&quot;in_name&quot;:&quot;bond&quot;,&quot;in_active&quot;:1,&quot;in_active_sources&quot;:0,&quot;prg_name&quot;:&quot;&quot;,&quot;prg_prov&quot;:&quot;&quot;,&quot;prg_num&quot;:-1,&quot;chan&quot;:&quot;&quot;,&quot;chan_id&quot;:-1,&quot;id&quot;:&quot;zixi://bonded(bonded13)#10.7.0.66:2088@10.7.0.65,192.168.60.66:2088@192.168.50.65,192.168.5.166:2088@192.168.5.165&quot;,&quot;type&quot;:2,&quot;name&quot;:&quot;bond13&quot;,&quot;asi&quot;:0,&quot;rtmp&quot;:0,&quot;file&quot;:1,&quot;active&quot;:1,&quot;group&quot;:&quot;&quot;,&quot;bonded&quot;:[],&quot;error&quot;:&quot;None&quot;,&quot;con_stat&quot;:&quot;Connecting&quot;,&quot;bitrate&quot;:0,&quot;dest&quot;:&quot;bonded/bonded13&quot;},{&quot;mip&quot;:&quot;4000.ts&quot;,&quot;port&quot;:0,&quot;ip&quot;:&quot;file&quot;,&quot;in_name&quot;:&quot;bond&quot;,&quot;in_active&quot;:1,&quot;in_active_sources&quot;:0,&quot;prg_name&quot;:&quot;&quot;,&quot;prg_prov&quot;:&quot;&quot;,&quot;prg_num&quot;:-1,&quot;chan&quot;:&quot;&quot;,&quot;chan_id&quot;:-1,&quot;id&quot;:&quot;zixi://bonded(bonded10)#10.7.0.66:2088@10.7.0.65,192.168.60.66:2088@192.168.50.65,192.168.5.166:2088@192.168.5.165&quot;,&quot;type&quot;:2,&quot;name&quot;:&quot;bond10&quot;,&quot;asi&quot;:0,&quot;rtmp&quot;:0,&quot;file&quot;:1,&quot;active&quot;:1,&quot;group&quot;:&quot;&quot;,&quot;bonded&quot;:[],&quot;error&quot;:&quot;Authentication&quot;,&quot;con_stat&quot;:&quot;Connecting&quot;,&quot;bitrate&quot;:0,&quot;dest&quot;:&quot;bonded/bonded10&quot;}]}
Debug printing ------&gt;&gt;&gt; {&quot;custom_data&quot;:&quot;&quot;,&quot;msg&quot;:&quot;Output deleted.&quot;,&quot;error&quot;:&quot;&quot;,&quot;outs&quot;:[{&quot;mip&quot;:&quot;live_recording.ts&quot;,&quot;port&quot;:0,&quot;ip&quot;:&quot;file&quot;,&quot;in_name&quot;:&quot;feederoutputname&quot;,&quot;in_active&quot;:1,&quot;in_active_sources&quot;:0,&quot;prg_name&quot;:&quot;&quot;,&quot;prg_prov&quot;:&quot;&quot;,&quot;prg_num&quot;:1,&quot;chan&quot;:&quot;&quot;,&quot;chan_id&quot;:-1,&quot;id&quot;:&quot;zixi://10.7.0.66:2088/feederout&quot;,&quot;type&quot;:2,&quot;name&quot;:&quot;feederoutputname&quot;,&quot;asi&quot;:0,&quot;rtmp&quot;:0,&quot;file&quot;:1,&quot;active&quot;:1,&quot;group&quot;:&quot;&quot;,&quot;error&quot;:&quot;Authentication&quot;,&quot;con_stat&quot;:&quot;Disconnected&quot;,&quot;bitrate&quot;:0,&quot;dest&quot;:&quot;10.7.0.66:2088/feederout&quot;},{&quot;mip&quot;:&quot;4000.ts&quot;,&quot;port&quot;:0,&quot;ip&quot;:&quot;file&quot;,&quot;in_name&quot;:&quot;bond&quot;,&quot;in_active&quot;:1,&quot;in_active_sources&quot;:0,&quot;prg_name&quot;:&quot;&quot;,&quot;prg_prov&quot;:&quot;&quot;,&quot;prg_num&quot;:-1,&quot;chan&quot;:&quot;&quot;,&quot;chan_id&quot;:-1,&quot;id&quot;:&quot;zixi://bonded(bonded3)#10.7.0.66:2088@10.7.0.65,192.168.60.66:2088@192.168.50.65,192.168.5.166:2088@192.168.5.165&quot;,&quot;type&quot;:2,&quot;name&quot;:&quot;bond3&quot;,&quot;asi&quot;:0,&quot;rtmp&quot;:0,&quot;file&quot;:1,&quot;active&quot;:1,&quot;group&quot;:&quot;&quot;,&quot;bonded&quot;:[],&quot;error&quot;:&quot;None&quot;,&quot;con_stat&quot;:&quot;Connecting&quot;,&quot;bitrate&quot;:0,&quot;dest&quot;:&quot;bonded/bonded3&quot;},{&quot;mip&quot;:&quot;4000.ts&quot;,&quot;port&quot;:0,&quot;ip&quot;:&quot;file&quot;,&quot;in_name&quot;:&quot;bond&quot;,&quot;in_active&quot;:1,&quot;in_active_sources&quot;:0,&quot;prg_name&quot;:&quot;&quot;,&quot;prg_prov&quot;:&quot;&quot;,&quot;prg_num&quot;:-1,&quot;chan&quot;:&quot;&quot;,&quot;chan_id&quot;:-1,&quot;id&quot;:&quot;zixi://bonded(bonded13)#10.7.0.66:2088@10.7.0.65,192.168.60.66:2088@192.168.50.65,192.168.5.166:2088@192.168.5.165&quot;,&quot;type&quot;:2,&quot;name&quot;:&quot;bond13&quot;,&quot;asi&quot;:0,&quot;rtmp&quot;:0,&quot;file&quot;:1,&quot;active&quot;:1,&quot;group&quot;:&quot;&quot;,&quot;bonded&quot;:[],&quot;error&quot;:&quot;None&quot;,&quot;con_stat&quot;:&quot;Connecting&quot;,&quot;bitrate&quot;:0,&quot;dest&quot;:&quot;bonded/bonded13&quot;},{&quot;mip&quot;:&quot;4000.ts&quot;,&quot;port&quot;:0,&quot;ip&quot;:&quot;file&quot;,&quot;in_name&quot;:&quot;bond&quot;,&quot;in_active&quot;:1,&quot;in_active_sources&quot;:0,&quot;prg_name&quot;:&quot;&quot;,&quot;prg_prov&quot;:&quot;&quot;,&quot;prg_num&quot;:-1,&quot;chan&quot;:&quot;&quot;,&quot;chan_id&quot;:-1,&quot;id&quot;:&quot;zixi://bonded(bonded11)#10.7.0.66:2088@10.7.0.65,192.168.60.66:2088@192.168.50.65,192.168.5.166:2088@192.168.5.165&quot;,&quot;type&quot;:2,&quot;name&quot;:&quot;bond11&quot;,&quot;asi&quot;:0,&quot;rtmp&quot;:0,&quot;file&quot;:1,&quot;active&quot;:1,&quot;group&quot;:&quot;&quot;,&quot;bonded&quot;:[],&quot;error&quot;:&quot;None&quot;,&quot;con_stat&quot;:&quot;Connecting&quot;,&quot;bitrate&quot;:0,&quot;dest&quot;:&quot;bonded/bonded11&quot;},{&quot;mip&quot;:&quot;4000.ts&quot;,&quot;port&quot;:0,&quot;ip&quot;:&quot;file&quot;,&quot;in_name&quot;:&quot;bond&quot;,&quot;in_active&quot;:1,&quot;in_active_sources&quot;:0,&quot;prg_name&quot;:&quot;&quot;,&quot;prg_prov&quot;:&quot;&quot;,&quot;prg_num&quot;:-1,&quot;chan&quot;:&quot;&quot;,&quot;chan_id&quot;:-1,&quot;id&quot;:&quot;zixi://bonded(bonded7)#10.7.0.66:2088@10.7.0.65,192.168.60.66:2088@192.168.50.65,192.168.5.166:2088@192.168.5.165&quot;,&quot;type&quot;:2,&quot;name&quot;:&quot;bond7&quot;,&quot;asi&quot;:0,&quot;rtmp&quot;:0,&quot;file&quot;:1,&quot;active&quot;:1,&quot;group&quot;:&quot;&quot;,&quot;bonded&quot;:[],&quot;error&quot;:&quot;None&quot;,&quot;con_stat&quot;:&quot;Connecting&quot;,&quot;bitrate&quot;:0,&quot;dest&quot;:&quot;bonded/bonded7&quot;},{&quot;mip&quot;:&quot;4000.ts&quot;,&quot;port&quot;:0,&quot;ip&quot;:&quot;file&quot;,&quot;in_name&quot;:&quot;bond&quot;,&quot;in_active&quot;:1,&quot;in_active_sources&quot;:0,&quot;prg_name&quot;:&quot;&quot;,&quot;prg_prov&quot;:&quot;&quot;,&quot;prg_num&quot;:-1,&quot;chan&quot;:&quot;&quot;,&quot;chan_id&quot;:-1,&quot;id&quot;:&quot;zixi://bonded(bonded14)#10.7.0.66:2088@10.7.0.65,192.168.60.66:2088@192.168.50.65,192.168.5.166:2088@192.168.5.165&quot;,&quot;type&quot;:2,&quot;name&quot;:&quot;bond14&quot;,&quot;asi&quot;:0,&quot;rtmp&quot;:0,&quot;file&quot;:1,&quot;active&quot;:1,&quot;group&quot;:&quot;&quot;,&quot;bonded&quot;:[],&quot;error&quot;:&quot;Timeout&quot;,&quot;con_stat&quot;:&quot;Connecting&quot;,&quot;bitrate&quot;:0,&quot;dest&quot;:&quot;bonded/bonded14&quot;},{&quot;mip&quot;:&quot;4000.ts&quot;,&quot;port&quot;:0,&quot;ip&quot;:&quot;file&quot;,&quot;in_name&quot;:&quot;bond&quot;,&quot;in_active&quot;:1,&quot;in_active_sources&quot;:0,&quot;prg_name&quot;:&quot;&quot;,&quot;prg_prov&quot;:&quot;&quot;,&quot;prg_num&quot;:-1,&quot;chan&quot;:&quot;&quot;,&quot;chan_id&quot;:-1,&quot;id&quot;:&quot;zixi://bonded(bonded19)#10.7.0.66:2088@10.7.0.65,192.168.60.66:2088@192.168.50.65,192.168.5.166:2088@192.168.5.165&quot;,&quot;type&quot;:2,&quot;name&quot;:&quot;bond19&quot;,&quot;asi&quot;:0,&quot;rtmp&quot;:0,&quot;file&quot;:1,&quot;active&quot;:1,&quot;group&quot;:&quot;&quot;,&quot;bonded&quot;:[],&quot;error&quot;:&quot;None&quot;,&quot;con_stat&quot;:&quot;Connecting&quot;,&quot;bitrate&quot;:0,&quot;dest&quot;:&quot;bonded/bonded19&quot;},{&quot;mip&quot;:&quot;4000.ts&quot;,&quot;port&quot;:0,&quot;ip&quot;:&quot;file&quot;,&quot;in_name&quot;:&quot;bond&quot;,&quot;in_active&quot;:1,&quot;in_active_sources&quot;:0,&quot;prg_name&quot;:&quot;&quot;,&quot;prg_prov&quot;:&quot;&quot;,&quot;prg_num&quot;:-1,&quot;chan&quot;:&quot;&quot;,&quot;chan_id&quot;:-1,&quot;id&quot;:&quot;zixi://bonded(bonded16)#10.7.0.66:2088@10.7.0.65,192.168.60.66:2088@192.168.50.65,192.168.5.166:2088@192.168.5.165&quot;,&quot;type&quot;:2,&quot;name&quot;:&quot;bond16&quot;,&quot;asi&quot;:0,&quot;rtmp&quot;:0,&quot;file&quot;:1,&quot;active&quot;:1,&quot;group&quot;:&quot;&quot;,&quot;bonded&quot;:[],&quot;error&quot;:&quot;None&quot;,&quot;con_stat&quot;:&quot;Connecting&quot;,&quot;bitrate&quot;:0,&quot;dest&quot;:&quot;bonded/bonded16&quot;},{&quot;mip&quot;:&quot;4000.ts&quot;,&quot;port&quot;:0,&quot;ip&quot;:&quot;file&quot;,&quot;in_name&quot;:&quot;bond&quot;,&quot;in_active&quot;:1,&quot;in_active_sources&quot;:0,&quot;prg_name&quot;:&quot;&quot;,&quot;prg_prov&quot;:&quot;&quot;,&quot;prg_num&quot;:-1,&quot;chan&quot;:&quot;&quot;,&quot;chan_id&quot;:-1,&quot;id&quot;:&quot;zixi://bonded(bonded20)#10.7.0.66:2088@10.7.0.65,192.168.60.66:2088@192.168.50.65,192.168.5.166:2088@192.168.5.165&quot;,&quot;type&quot;:2,&quot;name&quot;:&quot;bond20&quot;,&quot;asi&quot;:0,&quot;rtmp&quot;:0,&quot;file&quot;:1,&quot;active&quot;:1,&quot;group&quot;:&quot;&quot;,&quot;bonded&quot;:[],&quot;error&quot;:&quot;Timeout&quot;,&quot;con_stat&quot;:&quot;Connecting&quot;,&quot;bitrate&quot;:0,&quot;dest&quot;:&quot;bonded/bonded20&quot;},{&quot;mip&quot;:&quot;4000.ts&quot;,&quot;port&quot;:0,&quot;ip&quot;:&quot;file&quot;,&quot;in_name&quot;:&quot;bond&quot;,&quot;in_active&quot;:1,&quot;in_active_sources&quot;:0,&quot;prg_name&quot;:&quot;&quot;,&quot;prg_prov&quot;:&quot;&quot;,&quot;prg_num&quot;:-1,&quot;chan&quot;:&quot;&quot;,&quot;chan_id&quot;:-1,&quot;id&quot;:&quot;zixi://bonded(bonded8)#10.7.0.66:2088@10.7.0.65,192.168.60.66:2088@192.168.50.65,192.168.5.166:2088@192.168.5.165&quot;,&quot;type&quot;:2,&quot;name&quot;:&quot;bond8&quot;,&quot;asi&quot;:0,&quot;rtmp&quot;:0,&quot;file&quot;:1,&quot;active&quot;:1,&quot;group&quot;:&quot;&quot;,&quot;bonded&quot;:[],&quot;error&quot;:&quot;None&quot;,&quot;con_stat&quot;:&quot;Connecting&quot;,&quot;bitrate&quot;:0,&quot;dest&quot;:&quot;bonded/bonded8&quot;},{&quot;mip&quot;:&quot;4000.ts&quot;,&quot;port&quot;:0,&quot;ip&quot;:&quot;file&quot;,&quot;in_name&quot;:&quot;bond&quot;,&quot;in_active&quot;:1,&quot;in_active_sources&quot;:0,&quot;prg_name&quot;:&quot;&quot;,&quot;prg_prov&quot;:&quot;&quot;,&quot;prg_num&quot;:-1,&quot;chan&quot;:&quot;&quot;,&quot;chan_id&quot;:-1,&quot;id&quot;:&quot;zixi://bonded(bonded23)#10.7.0.66:2088@10.7.0.65,192.168.60.66:2088@192.168.50.65,192.168.5.166:2088@192.168.5.165&quot;,&quot;type&quot;:2,&quot;name&quot;:&quot;bond23&quot;,&quot;asi&quot;:0,&quot;rtmp&quot;:0,&quot;file&quot;:1,&quot;active&quot;:1,&quot;group&quot;:&quot;&quot;,&quot;bonded&quot;:[],&quot;error&quot;:&quot;None&quot;,&quot;con_stat&quot;:&quot;Connecting&quot;,&quot;bitrate&quot;:0,&quot;dest&quot;:&quot;bonded/bonded23&quot;},{&quot;mip&quot;:&quot;4000.ts&quot;,&quot;port&quot;:0,&quot;ip&quot;:&quot;file&quot;,&quot;in_name&quot;:&quot;bond&quot;,&quot;in_active&quot;:1,&quot;in_active_sources&quot;:0,&quot;prg_name&quot;:&quot;&quot;,&quot;prg_prov&quot;:&quot;&quot;,&quot;prg_num&quot;:-1,&quot;chan&quot;:&quot;&quot;,&quot;chan_id&quot;:-1,&quot;id&quot;:&quot;zixi://bonded(bonded17)#10.7.0.66:2088@10.7.0.65,192.168.60.66:2088@192.168.50.65,192.168.5.166:2088@192.168.5.165&quot;,&quot;type&quot;:2,&quot;name&quot;:&quot;bond17&quot;,&quot;asi&quot;:0,&quot;rtmp&quot;:0,&quot;file&quot;:1,&quot;active&quot;:1,&quot;group&quot;:&quot;&quot;,&quot;bonded&quot;:[],&quot;error&quot;:&quot;None&quot;,&quot;con_stat&quot;:&quot;Connecting&quot;,&quot;bitrate&quot;:0,&quot;dest&quot;:&quot;bonded/bonded17&quot;},{&quot;mip&quot;:&quot;4000.ts&quot;,&quot;port&quot;:0,&quot;ip&quot;:&quot;file&quot;,&quot;in_name&quot;:&quot;bond&quot;,&quot;in_active&quot;:1,&quot;in_active_sources&quot;:0,&quot;prg_name&quot;:&quot;&quot;,&quot;prg_prov&quot;:&quot;&quot;,&quot;prg_num&quot;:-1,&quot;chan&quot;:&quot;&quot;,&quot;chan_id&quot;:-1,&quot;id&quot;:&quot;zixi://bonded(bonded24)#10.7.0.66:2088@10.7.0.65,192.168.60.66:2088@192.168.50.65,192.168.5.166:2088@192.168.5.165&quot;,&quot;type&quot;:2,&quot;name&quot;:&quot;bond24&quot;,&quot;asi&quot;:0,&quot;rtmp&quot;:0,&quot;file&quot;:1,&quot;active&quot;:1,&quot;group&quot;:&quot;&quot;,&quot;bonded&quot;:[],&quot;error&quot;:&quot;None&quot;,&quot;con_stat&quot;:&quot;Connecting&quot;,&quot;bitrate&quot;:0,&quot;dest&quot;:&quot;bonded/bonded24&quot;},{&quot;mip&quot;:&quot;4000.ts&quot;,&quot;port&quot;:0,&quot;ip&quot;:&quot;file&quot;,&quot;in_name&quot;:&quot;bond&quot;,&quot;in_active&quot;:1,&quot;in_active_sources&quot;:0,&quot;prg_name&quot;:&quot;&quot;,&quot;prg_prov&quot;:&quot;&quot;,&quot;prg_num&quot;:-1,&quot;chan&quot;:&quot;&quot;,&quot;chan_id&quot;:-1,&quot;id&quot;:&quot;zixi://bonded(bonded15)#10.7.0.66:2088@10.7.0.65,192.168.60.66:2088@192.168.50.65,192.168.5.166:2088@192.168.5.165&quot;,&quot;type&quot;:2,&quot;name&quot;:&quot;bond15&quot;,&quot;asi&quot;:0,&quot;rtmp&quot;:0,&quot;file&quot;:1,&quot;active&quot;:1,&quot;group&quot;:&quot;&quot;,&quot;bonded&quot;:[],&quot;error&quot;:&quot;Timeout&quot;,&quot;con_stat&quot;:&quot;Connecting&quot;,&quot;bitrate&quot;:0,&quot;dest&quot;:&quot;bonded/bonded15&quot;},{&quot;mip&quot;:&quot;4000.ts&quot;,&quot;port&quot;:0,&quot;ip&quot;:&quot;file&quot;,&quot;in_name&quot;:&quot;bond&quot;,&quot;in_active&quot;:1,&quot;in_active_sources&quot;:0,&quot;prg_name&quot;:&quot;&quot;,&quot;prg_prov&quot;:&quot;&quot;,&quot;prg_num&quot;:-1,&quot;chan&quot;:&quot;&quot;,&quot;chan_id&quot;:-1,&quot;id&quot;:&quot;zixi://bonded(bonded28)#10.7.0.66:2088@10.7.0.65,192.168.60.66:2088@192.168.50.65,192.168.5.166:2088@192.168.5.165&quot;,&quot;type&quot;:2,&quot;name&quot;:&quot;bond28&quot;,&quot;asi&quot;:0,&quot;rtmp&quot;:0,&quot;file&quot;:1,&quot;active&quot;:1,&quot;group&quot;:&quot;&quot;,&quot;bonded&quot;:[],&quot;error&quot;:&quot;None&quot;,&quot;con_stat&quot;:&quot;Connecting&quot;,&quot;bitrate&quot;:0,&quot;dest&quot;:&quot;bonded/bonded28&quot;},{&quot;mip&quot;:&quot;4000.ts&quot;,&quot;port&quot;:0,&quot;ip&quot;:&quot;file&quot;,&quot;in_name&quot;:&quot;bond&quot;,&quot;in_active&quot;:1,&quot;in_active_sources&quot;:0,&quot;prg_name&quot;:&quot;&quot;,&quot;prg_prov&quot;:&quot;&quot;,&quot;prg_num&quot;:-1,&quot;chan&quot;:&quot;&quot;,&quot;chan_id&quot;:-1,&quot;id&quot;:&quot;zixi://bonded(bonded25)#10.7.0.66:2088@10.7.0.65,192.168.60.66:2088@192.168.50.65,192.168.5.166:2088@192.168.5.165&quot;,&quot;type&quot;:2,&quot;name&quot;:&quot;bond25&quot;,&quot;asi&quot;:0,&quot;rtmp&quot;:0,&quot;file&quot;:1,&quot;active&quot;:1,&quot;group&quot;:&quot;&quot;,&quot;bonded&quot;:[],&quot;error&quot;:&quot;None&quot;,&quot;con_stat&quot;:&quot;Connecting&quot;,&quot;bitrate&quot;:0,&quot;dest&quot;:&quot;bonded/bonded25&quot;},{&quot;mip&quot;:&quot;4000.ts&quot;,&quot;port&quot;:0,&quot;ip&quot;:&quot;file&quot;,&quot;in_name&quot;:&quot;bond&quot;,&quot;in_active&quot;:1,&quot;in_active_sources&quot;:0,&quot;prg_name&quot;:&quot;&quot;,&quot;prg_prov&quot;:&quot;&quot;,&quot;prg_num&quot;:-1,&quot;chan&quot;:&quot;&quot;,&quot;chan_id&quot;:-1,&quot;id&quot;:&quot;zixi://bonded(bonded18)#10.7.0.66:2088@10.7.0.65,192.168.60.66:2088@192.168.50.65,192.168.5.166:2088@192.168.5.165&quot;,&quot;type&quot;:2,&quot;name&quot;:&quot;bond18&quot;,&quot;asi&quot;:0,&quot;rtmp&quot;:0,&quot;file&quot;:1,&quot;active&quot;:1,&quot;group&quot;:&quot;&quot;,&quot;bonded&quot;:[],&quot;error&quot;:&quot;Timeout&quot;,&quot;con_stat&quot;:&quot;Connecting&quot;,&quot;bitrate&quot;:0,&quot;dest&quot;:&quot;bonded/bonded18&quot;}]}
Debug printing ------&gt;&gt;&gt; {&quot;custom_data&quot;:&quot;&quot;,&quot;msg&quot;:&quot;Output deleted.&quot;,&quot;error&quot;:&quot;&quot;,&quot;outs&quot;:[{&quot;mip&quot;:&quot;live_recording.ts&quot;,&quot;port&quot;:0,&quot;ip&quot;:&quot;file&quot;,&quot;in_name&quot;:&quot;feederoutputname&quot;,&quot;in_active&quot;:1,&quot;in_active_sources&quot;:0,&quot;prg_name&quot;:&quot;&quot;,&quot;prg_prov&quot;:&quot;&quot;,&quot;prg_num&quot;:1,&quot;chan&quot;:&quot;&quot;,&quot;chan_id&quot;:-1,&quot;id&quot;:&quot;zixi://10.7.0.66:2088/feederout&quot;,&quot;type&quot;:2,&quot;name&quot;:&quot;feederoutputname&quot;,&quot;asi&quot;:0,&quot;rtmp&quot;:0,&quot;file&quot;:1,&quot;active&quot;:1,&quot;group&quot;:&quot;&quot;,&quot;error&quot;:&quot;Authentication&quot;,&quot;con_stat&quot;:&quot;Disconnected&quot;,&quot;bitrate&quot;:0,&quot;dest&quot;:&quot;10.7.0.66:2088/feederout&quot;},{&quot;mip&quot;:&quot;4000.ts&quot;,&quot;port&quot;:0,&quot;ip&quot;:&quot;file&quot;,&quot;in_name&quot;:&quot;bond&quot;,&quot;in_active&quot;:1,&quot;in_active_sources&quot;:0,&quot;prg_name&quot;:&quot;&quot;,&quot;prg_prov&quot;:&quot;&quot;,&quot;prg_num&quot;:-1,&quot;chan&quot;:&quot;&quot;,&quot;chan_id&quot;:-1,&quot;id&quot;:&quot;zixi://bonded(bonded3)#10.7.0.66:2088@10.7.0.65,192.168.60.66:2088@192.168.50.65,192.168.5.166:2088@192.168.5.165&quot;,&quot;type&quot;:2,&quot;name&quot;:&quot;bond3&quot;,&quot;asi&quot;:0,&quot;rtmp&quot;:0,&quot;file&quot;:1,&quot;active&quot;:1,&quot;group&quot;:&quot;&quot;,&quot;bonded&quot;:[],&quot;error&quot;:&quot;None&quot;,&quot;con_stat&quot;:&quot;Connecting&quot;,&quot;bitrate&quot;:0,&quot;dest&quot;:&quot;bonded/bonded3&quot;},{&quot;mip&quot;:&quot;4000.ts&quot;,&quot;port&quot;:0,&quot;ip&quot;:&quot;file&quot;,&quot;in_name&quot;:&quot;bond&quot;,&quot;in_active&quot;:1,&quot;in_active_sources&quot;:0,&quot;prg_name&quot;:&quot;&quot;,&quot;prg_prov&quot;:&quot;&quot;,&quot;prg_num&quot;:-1,&quot;chan&quot;:&quot;&quot;,&quot;chan_id&quot;:-1,&quot;id&quot;:&quot;zixi://bonded(bonded11)#10.7.0.66:2088@10.7.0.65,192.168.60.66:2088@192.168.50.65,192.168.5.166:2088@192.168.5.165&quot;,&quot;type&quot;:2,&quot;name&quot;:&quot;bond11&quot;,&quot;asi&quot;:0,&quot;rtmp&quot;:0,&quot;file&quot;:1,&quot;active&quot;:1,&quot;group&quot;:&quot;&quot;,&quot;bonded&quot;:[],&quot;error&quot;:&quot;None&quot;,&quot;con_stat&quot;:&quot;Connecting&quot;,&quot;bitrate&quot;:0,&quot;dest&quot;:&quot;bonded/bonded11&quot;},{&quot;mip&quot;:&quot;4000.ts&quot;,&quot;port&quot;:0,&quot;ip&quot;:&quot;file&quot;,&quot;in_name&quot;:&quot;bond&quot;,&quot;in_active&quot;:1,&quot;in_active_sources&quot;:0,&quot;prg_name&quot;:&quot;&quot;,&quot;prg_prov&quot;:&quot;&quot;,&quot;prg_num&quot;:-1,&quot;chan&quot;:&quot;&quot;,&quot;chan_id&quot;:-1,&quot;id&quot;:&quot;zixi://bonded(bonded7)#10.7.0.66:2088@10.7.0.65,192.168.60.66:2088@192.168.50.65,192.168.5.166:2088@192.168.5.165&quot;,&quot;type&quot;:2,&quot;name&quot;:&quot;bond7&quot;,&quot;asi&quot;:0,&quot;rtmp&quot;:0,&quot;file&quot;:1,&quot;active&quot;:1,&quot;group&quot;:&quot;&quot;,&quot;bonded&quot;:[],&quot;error&quot;:&quot;None&quot;,&quot;con_stat&quot;:&quot;Connecting&quot;,&quot;bitrate&quot;:0,&quot;dest&quot;:&quot;bonded/bonded7&quot;},{&quot;mip&quot;:&quot;4000.ts&quot;,&quot;port&quot;:0,&quot;ip&quot;:&quot;file&quot;,&quot;in_name&quot;:&quot;bond&quot;,&quot;in_active&quot;:1,&quot;in_active_sources&quot;:0,&quot;prg_name&quot;:&quot;&quot;,&quot;prg_prov&quot;:&quot;&quot;,&quot;prg_num&quot;:-1,&quot;chan&quot;:&quot;&quot;,&quot;chan_id&quot;:-1,&quot;id&quot;:&quot;zixi://bonded(bonded14)#10.7.0.66:2088@10.7.0.65,192.168.60.66:2088@192.168.50.65,192.168.5.166:2088@192.168.5.165&quot;,&quot;type&quot;:2,&quot;name&quot;:&quot;bond14&quot;,&quot;asi&quot;:0,&quot;rtmp&quot;:0,&quot;file&quot;:1,&quot;active&quot;:1,&quot;group&quot;:&quot;&quot;,&quot;bonded&quot;:[],&quot;error&quot;:&quot;Timeout&quot;,&quot;con_stat&quot;:&quot;Connecting&quot;,&quot;bitrate&quot;:0,&quot;dest&quot;:&quot;bonded/bonded14&quot;},{&quot;mip&quot;:&quot;4000.ts&quot;,&quot;port&quot;:0,&quot;ip&quot;:&quot;file&quot;,&quot;in_name&quot;:&quot;bond&quot;,&quot;in_active&quot;:1,&quot;in_active_sources&quot;:0,&quot;prg_name&quot;:&quot;&quot;,&quot;prg_prov&quot;:&quot;&quot;,&quot;prg_num&quot;:-1,&quot;chan&quot;:&quot;&quot;,&quot;chan_id&quot;:-1,&quot;id&quot;:&quot;zixi://bonded(bonded19)#10.7.0.66:2088@10.7.0.65,192.168.60.66:2088@192.168.50.65,192.168.5.166:2088@192.168.5.165&quot;,&quot;type&quot;:2,&quot;name&quot;:&quot;bond19&quot;,&quot;asi&quot;:0,&quot;rtmp&quot;:0,&quot;file&quot;:1,&quot;active&quot;:1,&quot;group&quot;:&quot;&quot;,&quot;bonded&quot;:[],&quot;error&quot;:&quot;None&quot;,&quot;con_stat&quot;:&quot;Connecting&quot;,&quot;bitrate&quot;:0,&quot;dest&quot;:&quot;bonded/bonded19&quot;},{&quot;mip&quot;:&quot;4000.ts&quot;,&quot;port&quot;:0,&quot;ip&quot;:&quot;file&quot;,&quot;in_name&quot;:&quot;bond&quot;,&quot;in_active&quot;:1,&quot;in_active_sources&quot;:0,&quot;prg_name&quot;:&quot;&quot;,&quot;prg_prov&quot;:&quot;&quot;,&quot;prg_num&quot;:-1,&quot;chan&quot;:&quot;&quot;,&quot;chan_id&quot;:-1,&quot;id&quot;:&quot;zixi://bonded(bonded16)#10.7.0.66:2088@10.7.0.65,192.168.60.66:2088@192.168.50.65,192.168.5.166:2088@192.168.5.165&quot;,&quot;type&quot;:2,&quot;name&quot;:&quot;bond16&quot;,&quot;asi&quot;:0,&quot;rtmp&quot;:0,&quot;file&quot;:1,&quot;active&quot;:1,&quot;group&quot;:&quot;&quot;,&quot;bonded&quot;:[],&quot;error&quot;:&quot;None&quot;,&quot;con_stat&quot;:&quot;Connecting&quot;,&quot;bitrate&quot;:0,&quot;dest&quot;:&quot;bonded/bonded16&quot;},{&quot;mip&quot;:&quot;4000.ts&quot;,&quot;port&quot;:0,&quot;ip&quot;:&quot;file&quot;,&quot;in_name&quot;:&quot;bond&quot;,&quot;in_active&quot;:1,&quot;in_active_sources&quot;:0,&quot;prg_name&quot;:&quot;&quot;,&quot;prg_prov&quot;:&quot;&quot;,&quot;prg_num&quot;:-1,&quot;chan&quot;:&quot;&quot;,&quot;chan_id&quot;:-1,&quot;id&quot;:&quot;zixi://bonded(bonded20)#10.7.0.66:2088@10.7.0.65,192.168.60.66:2088@192.168.50.65,192.168.5.166:2088@192.168.5.165&quot;,&quot;type&quot;:2,&quot;name&quot;:&quot;bond20&quot;,&quot;asi&quot;:0,&quot;rtmp&quot;:0,&quot;file&quot;:1,&quot;active&quot;:1,&quot;group&quot;:&quot;&quot;,&quot;bonded&quot;:[],&quot;error&quot;:&quot;Timeout&quot;,&quot;con_stat&quot;:&quot;Connecting&quot;,&quot;bitrate&quot;:0,&quot;dest&quot;:&quot;bonded/bonded20&quot;},{&quot;mip&quot;:&quot;4000.ts&quot;,&quot;port&quot;:0,&quot;ip&quot;:&quot;file&quot;,&quot;in_name&quot;:&quot;bond&quot;,&quot;in_active&quot;:1,&quot;in_active_sources&quot;:0,&quot;prg_name&quot;:&quot;&quot;,&quot;prg_prov&quot;:&quot;&quot;,&quot;prg_num&quot;:-1,&quot;chan&quot;:&quot;&quot;,&quot;chan_id&quot;:-1,&quot;id&quot;:&quot;zixi://bonded(bonded8)#10.7.0.66:2088@10.7.0.65,192.168.60.66:2088@192.168.50.65,192.168.5.166:2088@192.168.5.165&quot;,&quot;type&quot;:2,&quot;name&quot;:&quot;bond8&quot;,&quot;asi&quot;:0,&quot;rtmp&quot;:0,&quot;file&quot;:1,&quot;active&quot;:1,&quot;group&quot;:&quot;&quot;,&quot;bonded&quot;:[],&quot;error&quot;:&quot;None&quot;,&quot;con_stat&quot;:&quot;Connecting&quot;,&quot;bitrate&quot;:0,&quot;dest&quot;:&quot;bonded/bonded8&quot;},{&quot;mip&quot;:&quot;4000.ts&quot;,&quot;port&quot;:0,&quot;ip&quot;:&quot;file&quot;,&quot;in_name&quot;:&quot;bond&quot;,&quot;in_active&quot;:1,&quot;in_active_sources&quot;:0,&quot;prg_name&quot;:&quot;&quot;,&quot;prg_prov&quot;:&quot;&quot;,&quot;prg_num&quot;:-1,&quot;chan&quot;:&quot;&quot;,&quot;chan_id&quot;:-1,&quot;id&quot;:&quot;zixi://bonded(bonded23)#10.7.0.66:2088@10.7.0.65,192.168.60.66:2088@192.168.50.65,192.168.5.166:2088@192.168.5.165&quot;,&quot;type&quot;:2,&quot;name&quot;:&quot;bond23&quot;,&quot;asi&quot;:0,&quot;rtmp&quot;:0,&quot;file&quot;:1,&quot;active&quot;:1,&quot;group&quot;:&quot;&quot;,&quot;bonded&quot;:[],&quot;error&quot;:&quot;None&quot;,&quot;con_stat&quot;:&quot;Connecting&quot;,&quot;bitrate&quot;:0,&quot;dest&quot;:&quot;bonded/bonded23&quot;},{&quot;mip&quot;:&quot;4000.ts&quot;,&quot;port&quot;:0,&quot;ip&quot;:&quot;file&quot;,&quot;in_name&quot;:&quot;bond&quot;,&quot;in_active&quot;:1,&quot;in_active_sources&quot;:0,&quot;prg_name&quot;:&quot;&quot;,&quot;prg_prov&quot;:&quot;&quot;,&quot;prg_num&quot;:-1,&quot;chan&quot;:&quot;&quot;,&quot;chan_id&quot;:-1,&quot;id&quot;:&quot;zixi://bonded(bonded17)#10.7.0.66:2088@10.7.0.65,192.168.60.66:2088@192.168.50.65,192.168.5.166:2088@192.168.5.165&quot;,&quot;type&quot;:2,&quot;name&quot;:&quot;bond17&quot;,&quot;asi&quot;:0,&quot;rtmp&quot;:0,&quot;file&quot;:1,&quot;active&quot;:1,&quot;group&quot;:&quot;&quot;,&quot;bonded&quot;:[],&quot;error&quot;:&quot;None&quot;,&quot;con_stat&quot;:&quot;Connecting&quot;,&quot;bitrate&quot;:0,&quot;dest&quot;:&quot;bonded/bonded17&quot;},{&quot;mip&quot;:&quot;4000.ts&quot;,&quot;port&quot;:0,&quot;ip&quot;:&quot;file&quot;,&quot;in_name&quot;:&quot;bond&quot;,&quot;in_active&quot;:1,&quot;in_active_sources&quot;:0,&quot;prg_name&quot;:&quot;&quot;,&quot;prg_prov&quot;:&quot;&quot;,&quot;prg_num&quot;:-1,&quot;chan&quot;:&quot;&quot;,&quot;chan_id&quot;:-1,&quot;id&quot;:&quot;zixi://bonded(bonded24)#10.7.0.66:2088@10.7.0.65,192.168.60.66:2088@192.168.50.65,192.168.5.166:2088@192.168.5.165&quot;,&quot;type&quot;:2,&quot;name&quot;:&quot;bond24&quot;,&quot;asi&quot;:0,&quot;rtmp&quot;:0,&quot;file&quot;:1,&quot;active&quot;:1,&quot;group&quot;:&quot;&quot;,&quot;bonded&quot;:[],&quot;error&quot;:&quot;None&quot;,&quot;con_stat&quot;:&quot;Connecting&quot;,&quot;bitrate&quot;:0,&quot;dest&quot;:&quot;bonded/bonded24&quot;},{&quot;mip&quot;:&quot;4000.ts&quot;,&quot;port&quot;:0,&quot;ip&quot;:&quot;file&quot;,&quot;in_name&quot;:&quot;bond&quot;,&quot;in_active&quot;:1,&quot;in_active_sources&quot;:0,&quot;prg_name&quot;:&quot;&quot;,&quot;prg_prov&quot;:&quot;&quot;,&quot;prg_num&quot;:-1,&quot;chan&quot;:&quot;&quot;,&quot;chan_id&quot;:-1,&quot;id&quot;:&quot;zixi://bonded(bonded15)#10.7.0.66:2088@10.7.0.65,192.168.60.66:2088@192.168.50.65,192.168.5.166:2088@192.168.5.165&quot;,&quot;type&quot;:2,&quot;name&quot;:&quot;bond15&quot;,&quot;asi&quot;:0,&quot;rtmp&quot;:0,&quot;file&quot;:1,&quot;active&quot;:1,&quot;group&quot;:&quot;&quot;,&quot;bonded&quot;:[],&quot;error&quot;:&quot;Timeout&quot;,&quot;con_stat&quot;:&quot;Connecting&quot;,&quot;bitrate&quot;:0,&quot;dest&quot;:&quot;bonded/bonded15&quot;},{&quot;mip&quot;:&quot;4000.ts&quot;,&quot;port&quot;:0,&quot;ip&quot;:&quot;file&quot;,&quot;in_name&quot;:&quot;bond&quot;,&quot;in_active&quot;:1,&quot;in_active_sources&quot;:0,&quot;prg_name&quot;:&quot;&quot;,&quot;prg_prov&quot;:&quot;&quot;,&quot;prg_num&quot;:-1,&quot;chan&quot;:&quot;&quot;,&quot;chan_id&quot;:-1,&quot;id&quot;:&quot;zixi://bonded(bonded28)#10.7.0.66:2088@10.7.0.65,192.168.60.66:2088@192.168.50.65,192.168.5.166:2088@192.168.5.165&quot;,&quot;type&quot;:2,&quot;name&quot;:&quot;bond28&quot;,&quot;asi&quot;:0,&quot;rtmp&quot;:0,&quot;file&quot;:1,&quot;active&quot;:1,&quot;group&quot;:&quot;&quot;,&quot;bonded&quot;:[],&quot;error&quot;:&quot;None&quot;,&quot;con_stat&quot;:&quot;Connecting&quot;,&quot;bitrate&quot;:0,&quot;dest&quot;:&quot;bonded/bonded28&quot;},{&quot;mip&quot;:&quot;4000.ts&quot;,&quot;port&quot;:0,&quot;ip&quot;:&quot;file&quot;,&quot;in_name&quot;:&quot;bond&quot;,&quot;in_active&quot;:1,&quot;in_active_sources&quot;:0,&quot;prg_name&quot;:&quot;&quot;,&quot;prg_prov&quot;:&quot;&quot;,&quot;prg_num&quot;:-1,&quot;chan&quot;:&quot;&quot;,&quot;chan_id&quot;:-1,&quot;id&quot;:&quot;zixi://bonded(bonded25)#10.7.0.66:2088@10.7.0.65,192.168.60.66:2088@192.168.50.65,192.168.5.166:2088@192.168.5.165&quot;,&quot;type&quot;:2,&quot;name&quot;:&quot;bond25&quot;,&quot;asi&quot;:0,&quot;rtmp&quot;:0,&quot;file&quot;:1,&quot;active&quot;:1,&quot;group&quot;:&quot;&quot;,&quot;bonded&quot;:[],&quot;error&quot;:&quot;None&quot;,&quot;con_stat&quot;:&quot;Connecting&quot;,&quot;bitrate&quot;:0,&quot;dest&quot;:&quot;bonded/bonded25&quot;},{&quot;mip&quot;:&quot;4000.ts&quot;,&quot;port&quot;:0,&quot;ip&quot;:&quot;file&quot;,&quot;in_name&quot;:&quot;bond&quot;,&quot;in_active&quot;:1,&quot;in_active_sources&quot;:0,&quot;prg_name&quot;:&quot;&quot;,&quot;prg_prov&quot;:&quot;&quot;,&quot;prg_num&quot;:-1,&quot;chan&quot;:&quot;&quot;,&quot;chan_id&quot;:-1,&quot;id&quot;:&quot;zixi://bonded(bonded18)#10.7.0.66:2088@10.7.0.65,192.168.60.66:2088@192.168.50.65,192.168.5.166:2088@192.168.5.165&quot;,&quot;type&quot;:2,&quot;name&quot;:&quot;bond18&quot;,&quot;asi&quot;:0,&quot;rtmp&quot;:0,&quot;file&quot;:1,&quot;active&quot;:1,&quot;group&quot;:&quot;&quot;,&quot;bonded&quot;:[],&quot;error&quot;:&quot;Timeout&quot;,&quot;con_stat&quot;:&quot;Connecting&quot;,&quot;bitrate&quot;:0,&quot;dest&quot;:&quot;bonded/bonded18&quot;}]}
Debug printing ------&gt;&gt;&gt; {&quot;custom_data&quot;:&quot;&quot;,&quot;msg&quot;:&quot;Output deleted.&quot;,&quot;error&quot;:&quot;&quot;,&quot;outs&quot;:[{&quot;mip&quot;:&quot;live_recording.ts&quot;,&quot;port&quot;:0,&quot;ip&quot;:&quot;file&quot;,&quot;in_name&quot;:&quot;feederoutputname&quot;,&quot;in_active&quot;:1,&quot;in_active_sources&quot;:0,&quot;prg_name&quot;:&quot;&quot;,&quot;prg_prov&quot;:&quot;&quot;,&quot;prg_num&quot;:1,&quot;chan&quot;:&quot;&quot;,&quot;chan_id&quot;:-1,&quot;id&quot;:&quot;zixi://10.7.0.66:2088/feederout&quot;,&quot;type&quot;:2,&quot;name&quot;:&quot;feederoutputname&quot;,&quot;asi&quot;:0,&quot;rtmp&quot;:0,&quot;file&quot;:1,&quot;active&quot;:1,&quot;group&quot;:&quot;&quot;,&quot;error&quot;:&quot;Authentication&quot;,&quot;con_stat&quot;:&quot;Disconnected&quot;,&quot;bitrate&quot;:0,&quot;dest&quot;:&quot;10.7.0.66:2088/feederout&quot;},{&quot;mip&quot;:&quot;4000.ts&quot;,&quot;port&quot;:0,&quot;ip&quot;:&quot;file&quot;,&quot;in_name&quot;:&quot;bond&quot;,&quot;in_active&quot;:1,&quot;in_active_sources&quot;:0,&quot;prg_name&quot;:&quot;&quot;,&quot;prg_prov&quot;:&quot;&quot;,&quot;prg_num&quot;:-1,&quot;chan&quot;:&quot;&quot;,&quot;chan_id&quot;:-1,&quot;id&quot;:&quot;zixi://bonded(bonded3)#10.7.0.66:2088@10.7.0.65,192.168.60.66:2088@192.168.50.65,192.168.5.166:2088@192.168.5.165&quot;,&quot;type&quot;:2,&quot;name&quot;:&quot;bond3&quot;,&quot;asi&quot;:0,&quot;rtmp&quot;:0,&quot;file&quot;:1,&quot;active&quot;:1,&quot;group&quot;:&quot;&quot;,&quot;bonded&quot;:[],&quot;error&quot;:&quot;None&quot;,&quot;con_stat&quot;:&quot;Connecting&quot;,&quot;bitrate&quot;:0,&quot;dest&quot;:&quot;bonded/bonded3&quot;},{&quot;mip&quot;:&quot;4000.ts&quot;,&quot;port&quot;:0,&quot;ip&quot;:&quot;file&quot;,&quot;in_name&quot;:&quot;bond&quot;,&quot;in_active&quot;:1,&quot;in_active_sources&quot;:0,&quot;prg_name&quot;:&quot;&quot;,&quot;prg_prov&quot;:&quot;&quot;,&quot;prg_num&quot;:-1,&quot;chan&quot;:&quot;&quot;,&quot;chan_id&quot;:-1,&quot;id&quot;:&quot;zixi://bonded(bonded7)#10.7.0.66:2088@10.7.0.65,192.168.60.66:2088@192.168.50.65,192.168.5.166:2088@192.168.5.165&quot;,&quot;type&quot;:2,&quot;name&quot;:&quot;bond7&quot;,&quot;asi&quot;:0,&quot;rtmp&quot;:0,&quot;file&quot;:1,&quot;active&quot;:1,&quot;group&quot;:&quot;&quot;,&quot;bonded&quot;:[],&quot;error&quot;:&quot;None&quot;,&quot;con_stat&quot;:&quot;Connecting&quot;,&quot;bitrate&quot;:0,&quot;dest&quot;:&quot;bonded/bonded7&quot;},{&quot;mip&quot;:&quot;4000.ts&quot;,&quot;port&quot;:0,&quot;ip&quot;:&quot;file&quot;,&quot;in_name&quot;:&quot;bond&quot;,&quot;in_active&quot;:1,&quot;in_active_sources&quot;:0,&quot;prg_name&quot;:&quot;&quot;,&quot;prg_prov&quot;:&quot;&quot;,&quot;prg_num&quot;:-1,&quot;chan&quot;:&quot;&quot;,&quot;chan_id&quot;:-1,&quot;id&quot;:&quot;zixi://bonded(bonded14)#10.7.0.66:2088@10.7.0.65,192.168.60.66:2088@192.168.50.65,192.168.5.166:2088@192.168.5.165&quot;,&quot;type&quot;:2,&quot;name&quot;:&quot;bond14&quot;,&quot;asi&quot;:0,&quot;rtmp&quot;:0,&quot;file&quot;:1,&quot;active&quot;:1,&quot;group&quot;:&quot;&quot;,&quot;bonded&quot;:[],&quot;error&quot;:&quot;Timeout&quot;,&quot;con_stat&quot;:&quot;Connecting&quot;,&quot;bitrate&quot;:0,&quot;dest&quot;:&quot;bonded/bonded14&quot;},{&quot;mip&quot;:&quot;4000.ts&quot;,&quot;port&quot;:0,&quot;ip&quot;:&quot;file&quot;,&quot;in_name&quot;:&quot;bond&quot;,&quot;in_active&quot;:1,&quot;in_active_sources&quot;:0,&quot;prg_name&quot;:&quot;&quot;,&quot;prg_prov&quot;:&quot;&quot;,&quot;prg_num&quot;:-1,&quot;chan&quot;:&quot;&quot;,&quot;chan_id&quot;:-1,&quot;id&quot;:&quot;zixi://bonded(bonded19)#10.7.0.66:2088@10.7.0.65,192.168.60.66:2088@192.168.50.65,192.168.5.166:2088@192.168.5.165&quot;,&quot;type&quot;:2,&quot;name&quot;:&quot;bond19&quot;,&quot;asi&quot;:0,&quot;rtmp&quot;:0,&quot;file&quot;:1,&quot;active&quot;:1,&quot;group&quot;:&quot;&quot;,&quot;bonded&quot;:[],&quot;error&quot;:&quot;None&quot;,&quot;con_stat&quot;:&quot;Connecting&quot;,&quot;bitrate&quot;:0,&quot;dest&quot;:&quot;bonded/bonded19&quot;},{&quot;mip&quot;:&quot;4000.ts&quot;,&quot;port&quot;:0,&quot;ip&quot;:&quot;file&quot;,&quot;in_name&quot;:&quot;bond&quot;,&quot;in_active&quot;:1,&quot;in_active_sources&quot;:0,&quot;prg_name&quot;:&quot;&quot;,&quot;prg_prov&quot;:&quot;&quot;,&quot;prg_num&quot;:-1,&quot;chan&quot;:&quot;&quot;,&quot;chan_id&quot;:-1,&quot;id&quot;:&quot;zixi://bonded(bonded16)#10.7.0.66:2088@10.7.0.65,192.168.60.66:2088@192.168.50.65,192.168.5.166:2088@192.168.5.165&quot;,&quot;type&quot;:2,&quot;name&quot;:&quot;bond16&quot;,&quot;asi&quot;:0,&quot;rtmp&quot;:0,&quot;file&quot;:1,&quot;active&quot;:1,&quot;group&quot;:&quot;&quot;,&quot;bonded&quot;:[],&quot;error&quot;:&quot;None&quot;,&quot;con_stat&quot;:&quot;Connecting&quot;,&quot;bitrate&quot;:0,&quot;dest&quot;:&quot;bonded/bonded16&quot;},{&quot;mip&quot;:&quot;4000.ts&quot;,&quot;port&quot;:0,&quot;ip&quot;:&quot;file&quot;,&quot;in_name&quot;:&quot;bond&quot;,&quot;in_active&quot;:1,&quot;in_active_sources&quot;:0,&quot;prg_name&quot;:&quot;&quot;,&quot;prg_prov&quot;:&quot;&quot;,&quot;prg_num&quot;:-1,&quot;chan&quot;:&quot;&quot;,&quot;chan_id&quot;:-1,&quot;id&quot;:&quot;zixi://bonded(bonded20)#10.7.0.66:2088@10.7.0.65,192.168.60.66:2088@192.168.50.65,192.168.5.166:2088@192.168.5.165&quot;,&quot;type&quot;:2,&quot;name&quot;:&quot;bond20&quot;,&quot;asi&quot;:0,&quot;rtmp&quot;:0,&quot;file&quot;:1,&quot;active&quot;:1,&quot;group&quot;:&quot;&quot;,&quot;bonded&quot;:[],&quot;error&quot;:&quot;Timeout&quot;,&quot;con_stat&quot;:&quot;Connecting&quot;,&quot;bitrate&quot;:0,&quot;dest&quot;:&quot;bonded/bonded20&quot;},{&quot;mip&quot;:&quot;4000.ts&quot;,&quot;port&quot;:0,&quot;ip&quot;:&quot;file&quot;,&quot;in_name&quot;:&quot;bond&quot;,&quot;in_active&quot;:1,&quot;in_active_sources&quot;:0,&quot;prg_name&quot;:&quot;&quot;,&quot;prg_prov&quot;:&quot;&quot;,&quot;prg_num&quot;:-1,&quot;chan&quot;:&quot;&quot;,&quot;chan_id&quot;:-1,&quot;id&quot;:&quot;zixi://bonded(bonded8)#10.7.0.66:2088@10.7.0.65,192.168.60.66:2088@192.168.50.65,192.168.5.166:2088@192.168.5.165&quot;,&quot;type&quot;:2,&quot;name&quot;:&quot;bond8&quot;,&quot;asi&quot;:0,&quot;rtmp&quot;:0,&quot;file&quot;:1,&quot;active&quot;:1,&quot;group&quot;:&quot;&quot;,&quot;bonded&quot;:[],&quot;error&quot;:&quot;None&quot;,&quot;con_stat&quot;:&quot;Connecting&quot;,&quot;bitrate&quot;:0,&quot;dest&quot;:&quot;bonded/bonded8&quot;},{&quot;mip&quot;:&quot;4000.ts&quot;,&quot;port&quot;:0,&quot;ip&quot;:&quot;file&quot;,&quot;in_name&quot;:&quot;bond&quot;,&quot;in_active&quot;:1,&quot;in_active_sources&quot;:0,&quot;prg_name&quot;:&quot;&quot;,&quot;prg_prov&quot;:&quot;&quot;,&quot;prg_num&quot;:-1,&quot;chan&quot;:&quot;&quot;,&quot;chan_id&quot;:-1,&quot;id&quot;:&quot;zixi://bonded(bonded23)#10.7.0.66:2088@10.7.0.65,192.168.60.66:2088@192.168.50.65,192.168.5.166:2088@192.168.5.165&quot;,&quot;type&quot;:2,&quot;name&quot;:&quot;bond23&quot;,&quot;asi&quot;:0,&quot;rtmp&quot;:0,&quot;file&quot;:1,&quot;active&quot;:1,&quot;group&quot;:&quot;&quot;,&quot;bonded&quot;:[],&quot;error&quot;:&quot;None&quot;,&quot;con_stat&quot;:&quot;Connecting&quot;,&quot;bitrate&quot;:0,&quot;dest&quot;:&quot;bonded/bonded23&quot;},{&quot;mip&quot;:&quot;4000.ts&quot;,&quot;port&quot;:0,&quot;ip&quot;:&quot;file&quot;,&quot;in_name&quot;:&quot;bond&quot;,&quot;in_active&quot;:1,&quot;in_active_sources&quot;:0,&quot;prg_name&quot;:&quot;&quot;,&quot;prg_prov&quot;:&quot;&quot;,&quot;prg_num&quot;:-1,&quot;chan&quot;:&quot;&quot;,&quot;chan_id&quot;:-1,&quot;id&quot;:&quot;zixi://bonded(bonded17)#10.7.0.66:2088@10.7.0.65,192.168.60.66:2088@192.168.50.65,192.168.5.166:2088@192.168.5.165&quot;,&quot;type&quot;:2,&quot;name&quot;:&quot;bond17&quot;,&quot;asi&quot;:0,&quot;rtmp&quot;:0,&quot;file&quot;:1,&quot;active&quot;:1,&quot;group&quot;:&quot;&quot;,&quot;bonded&quot;:[],&quot;error&quot;:&quot;None&quot;,&quot;con_stat&quot;:&quot;Connecting&quot;,&quot;bitrate&quot;:0,&quot;dest&quot;:&quot;bonded/bonded17&quot;},{&quot;mip&quot;:&quot;4000.ts&quot;,&quot;port&quot;:0,&quot;ip&quot;:&quot;file&quot;,&quot;in_name&quot;:&quot;bond&quot;,&quot;in_active&quot;:1,&quot;in_active_sources&quot;:0,&quot;prg_name&quot;:&quot;&quot;,&quot;prg_prov&quot;:&quot;&quot;,&quot;prg_num&quot;:-1,&quot;chan&quot;:&quot;&quot;,&quot;chan_id&quot;:-1,&quot;id&quot;:&quot;zixi://bonded(bonded24)#10.7.0.66:2088@10.7.0.65,192.168.60.66:2088@192.168.50.65,192.168.5.166:2088@192.168.5.165&quot;,&quot;type&quot;:2,&quot;name&quot;:&quot;bond24&quot;,&quot;asi&quot;:0,&quot;rtmp&quot;:0,&quot;file&quot;:1,&quot;active&quot;:1,&quot;group&quot;:&quot;&quot;,&quot;bonded&quot;:[],&quot;error&quot;:&quot;None&quot;,&quot;con_stat&quot;:&quot;Connecting&quot;,&quot;bitrate&quot;:0,&quot;dest&quot;:&quot;bonded/bonded24&quot;},{&quot;mip&quot;:&quot;4000.ts&quot;,&quot;port&quot;:0,&quot;ip&quot;:&quot;file&quot;,&quot;in_name&quot;:&quot;bond&quot;,&quot;in_active&quot;:1,&quot;in_active_sources&quot;:0,&quot;prg_name&quot;:&quot;&quot;,&quot;prg_prov&quot;:&quot;&quot;,&quot;prg_num&quot;:-1,&quot;chan&quot;:&quot;&quot;,&quot;chan_id&quot;:-1,&quot;id&quot;:&quot;zixi://bonded(bonded15)#10.7.0.66:2088@10.7.0.65,192.168.60.66:2088@192.168.50.65,192.168.5.166:2088@192.168.5.165&quot;,&quot;type&quot;:2,&quot;name&quot;:&quot;bond15&quot;,&quot;asi&quot;:0,&quot;rtmp&quot;:0,&quot;file&quot;:1,&quot;active&quot;:1,&quot;group&quot;:&quot;&quot;,&quot;bonded&quot;:[],&quot;error&quot;:&quot;Timeout&quot;,&quot;con_stat&quot;:&quot;Connecting&quot;,&quot;bitrate&quot;:0,&quot;dest&quot;:&quot;bonded/bonded15&quot;},{&quot;mip&quot;:&quot;4000.ts&quot;,&quot;port&quot;:0,&quot;ip&quot;:&quot;file&quot;,&quot;in_name&quot;:&quot;bond&quot;,&quot;in_active&quot;:1,&quot;in_active_sources&quot;:0,&quot;prg_name&quot;:&quot;&quot;,&quot;prg_prov&quot;:&quot;&quot;,&quot;prg_num&quot;:-1,&quot;chan&quot;:&quot;&quot;,&quot;chan_id&quot;:-1,&quot;id&quot;:&quot;zixi://bonded(bonded28)#10.7.0.66:2088@10.7.0.65,192.168.60.66:2088@192.168.50.65,192.168.5.166:2088@192.168.5.165&quot;,&quot;type&quot;:2,&quot;name&quot;:&quot;bond28&quot;,&quot;asi&quot;:0,&quot;rtmp&quot;:0,&quot;file&quot;:1,&quot;active&quot;:1,&quot;group&quot;:&quot;&quot;,&quot;bonded&quot;:[],&quot;error&quot;:&quot;None&quot;,&quot;con_stat&quot;:&quot;Connecting&quot;,&quot;bitrate&quot;:0,&quot;dest&quot;:&quot;bonded/bonded28&quot;},{&quot;mip&quot;:&quot;4000.ts&quot;,&quot;port&quot;:0,&quot;ip&quot;:&quot;file&quot;,&quot;in_name&quot;:&quot;bond&quot;,&quot;in_active&quot;:1,&quot;in_active_sources&quot;:0,&quot;prg_name&quot;:&quot;&quot;,&quot;prg_prov&quot;:&quot;&quot;,&quot;prg_num&quot;:-1,&quot;chan&quot;:&quot;&quot;,&quot;chan_id&quot;:-1,&quot;id&quot;:&quot;zixi://bonded(bonded25)#10.7.0.66:2088@10.7.0.65,192.168.60.66:2088@192.168.50.65,192.168.5.166:2088@192.168.5.165&quot;,&quot;type&quot;:2,&quot;name&quot;:&quot;bond25&quot;,&quot;asi&quot;:0,&quot;rtmp&quot;:0,&quot;file&quot;:1,&quot;active&quot;:1,&quot;group&quot;:&quot;&quot;,&quot;bonded&quot;:[],&quot;error&quot;:&quot;None&quot;,&quot;con_stat&quot;:&quot;Connecting&quot;,&quot;bitrate&quot;:0,&quot;dest&quot;:&quot;bonded/bonded25&quot;},{&quot;mip&quot;:&quot;4000.ts&quot;,&quot;port&quot;:0,&quot;ip&quot;:&quot;file&quot;,&quot;in_name&quot;:&quot;bond&quot;,&quot;in_active&quot;:1,&quot;in_active_sources&quot;:0,&quot;prg_name&quot;:&quot;&quot;,&quot;prg_prov&quot;:&quot;&quot;,&quot;prg_num&quot;:-1,&quot;chan&quot;:&quot;&quot;,&quot;chan_id&quot;:-1,&quot;id&quot;:&quot;zixi://bonded(bonded18)#10.7.0.66:2088@10.7.0.65,192.168.60.66:2088@192.168.50.65,192.168.5.166:2088@192.168.5.165&quot;,&quot;type&quot;:2,&quot;name&quot;:&quot;bond18&quot;,&quot;asi&quot;:0,&quot;rtmp&quot;:0,&quot;file&quot;:1,&quot;active&quot;:1,&quot;group&quot;:&quot;&quot;,&quot;bonded&quot;:[],&quot;error&quot;:&quot;Timeout&quot;,&quot;con_stat&quot;:&quot;Connecting&quot;,&quot;bitrate&quot;:0,&quot;dest&quot;:&quot;bonded/bonded18&quot;}]}
Debug printing ------&gt;&gt;&gt; {&quot;custom_data&quot;:&quot;&quot;,&quot;msg&quot;:&quot;Output deleted.&quot;,&quot;error&quot;:&quot;&quot;,&quot;outs&quot;:[{&quot;mip&quot;:&quot;live_recording.ts&quot;,&quot;port&quot;:0,&quot;ip&quot;:&quot;file&quot;,&quot;in_name&quot;:&quot;feederoutputname&quot;,&quot;in_active&quot;:1,&quot;in_active_sources&quot;:0,&quot;prg_name&quot;:&quot;&quot;,&quot;prg_prov&quot;:&quot;&quot;,&quot;prg_num&quot;:1,&quot;chan&quot;:&quot;&quot;,&quot;chan_id&quot;:-1,&quot;id&quot;:&quot;zixi://10.7.0.66:2088/feederout&quot;,&quot;type&quot;:2,&quot;name&quot;:&quot;feederoutputname&quot;,&quot;asi&quot;:0,&quot;rtmp&quot;:0,&quot;file&quot;:1,&quot;active&quot;:1,&quot;group&quot;:&quot;&quot;,&quot;error&quot;:&quot;Authentication&quot;,&quot;con_stat&quot;:&quot;Disconnected&quot;,&quot;bitrate&quot;:0,&quot;dest&quot;:&quot;10.7.0.66:2088/feederout&quot;},{&quot;mip&quot;:&quot;4000.ts&quot;,&quot;port&quot;:0,&quot;ip&quot;:&quot;file&quot;,&quot;in_name&quot;:&quot;bond&quot;,&quot;in_active&quot;:1,&quot;in_active_sources&quot;:0,&quot;prg_name&quot;:&quot;&quot;,&quot;prg_prov&quot;:&quot;&quot;,&quot;prg_num&quot;:-1,&quot;chan&quot;:&quot;&quot;,&quot;chan_id&quot;:-1,&quot;id&quot;:&quot;zixi://bonded(bonded3)#10.7.0.66:2088@10.7.0.65,192.168.60.66:2088@192.168.50.65,192.168.5.166:2088@192.168.5.165&quot;,&quot;type&quot;:2,&quot;name&quot;:&quot;bond3&quot;,&quot;asi&quot;:0,&quot;rtmp&quot;:0,&quot;file&quot;:1,&quot;active&quot;:1,&quot;group&quot;:&quot;&quot;,&quot;bonded&quot;:[],&quot;error&quot;:&quot;None&quot;,&quot;con_stat&quot;:&quot;Connecting&quot;,&quot;bitrate&quot;:0,&quot;dest&quot;:&quot;bonded/bonded3&quot;},{&quot;mip&quot;:&quot;4000.ts&quot;,&quot;port&quot;:0,&quot;ip&quot;:&quot;file&quot;,&quot;in_name&quot;:&quot;bond&quot;,&quot;in_active&quot;:1,&quot;in_active_sources&quot;:0,&quot;prg_name&quot;:&quot;&quot;,&quot;prg_prov&quot;:&quot;&quot;,&quot;prg_num&quot;:-1,&quot;chan&quot;:&quot;&quot;,&quot;chan_id&quot;:-1,&quot;id&quot;:&quot;zixi://bonded(bonded14)#10.7.0.66:2088@10.7.0.65,192.168.60.66:2088@192.168.50.65,192.168.5.166:2088@192.168.5.165&quot;,&quot;type&quot;:2,&quot;name&quot;:&quot;bond14&quot;,&quot;asi&quot;:0,&quot;rtmp&quot;:0,&quot;file&quot;:1,&quot;active&quot;:1,&quot;group&quot;:&quot;&quot;,&quot;bonded&quot;:[],&quot;error&quot;:&quot;Timeout&quot;,&quot;con_stat&quot;:&quot;Connecting&quot;,&quot;bitrate&quot;:0,&quot;dest&quot;:&quot;bonded/bonded14&quot;},{&quot;mip&quot;:&quot;4000.ts&quot;,&quot;port&quot;:0,&quot;ip&quot;:&quot;file&quot;,&quot;in_name&quot;:&quot;bond&quot;,&quot;in_active&quot;:1,&quot;in_active_sources&quot;:0,&quot;prg_name&quot;:&quot;&quot;,&quot;prg_prov&quot;:&quot;&quot;,&quot;prg_num&quot;:-1,&quot;chan&quot;:&quot;&quot;,&quot;chan_id&quot;:-1,&quot;id&quot;:&quot;zixi://bonded(bonded19)#10.7.0.66:2088@10.7.0.65,192.168.60.66:2088@192.168.50.65,192.168.5.166:2088@192.168.5.165&quot;,&quot;type&quot;:2,&quot;name&quot;:&quot;bond19&quot;,&quot;asi&quot;:0,&quot;rtmp&quot;:0,&quot;file&quot;:1,&quot;active&quot;:1,&quot;group&quot;:&quot;&quot;,&quot;bonded&quot;:[],&quot;error&quot;:&quot;None&quot;,&quot;con_stat&quot;:&quot;Connecting&quot;,&quot;bitrate&quot;:0,&quot;dest&quot;:&quot;bonded/bonded19&quot;},{&quot;mip&quot;:&quot;4000.ts&quot;,&quot;port&quot;:0,&quot;ip&quot;:&quot;file&quot;,&quot;in_name&quot;:&quot;bond&quot;,&quot;in_active&quot;:1,&quot;in_active_sources&quot;:0,&quot;prg_name&quot;:&quot;&quot;,&quot;prg_prov&quot;:&quot;&quot;,&quot;prg_num&quot;:-1,&quot;chan&quot;:&quot;&quot;,&quot;chan_id&quot;:-1,&quot;id&quot;:&quot;zixi://bonded(bonded16)#10.7.0.66:2088@10.7.0.65,192.168.60.66:2088@192.168.50.65,192.168.5.166:2088@192.168.5.165&quot;,&quot;type&quot;:2,&quot;name&quot;:&quot;bond16&quot;,&quot;asi&quot;:0,&quot;rtmp&quot;:0,&quot;file&quot;:1,&quot;active&quot;:1,&quot;group&quot;:&quot;&quot;,&quot;bonded&quot;:[],&quot;error&quot;:&quot;None&quot;,&quot;con_stat&quot;:&quot;Connecting&quot;,&quot;bitrate&quot;:0,&quot;dest&quot;:&quot;bonded/bonded16&quot;},{&quot;mip&quot;:&quot;4000.ts&quot;,&quot;port&quot;:0,&quot;ip&quot;:&quot;file&quot;,&quot;in_name&quot;:&quot;bond&quot;,&quot;in_active&quot;:1,&quot;in_active_sources&quot;:0,&quot;prg_name&quot;:&quot;&quot;,&quot;prg_prov&quot;:&quot;&quot;,&quot;prg_num&quot;:-1,&quot;chan&quot;:&quot;&quot;,&quot;chan_id&quot;:-1,&quot;id&quot;:&quot;zixi://bonded(bonded20)#10.7.0.66:2088@10.7.0.65,192.168.60.66:2088@192.168.50.65,192.168.5.166:2088@192.168.5.165&quot;,&quot;type&quot;:2,&quot;name&quot;:&quot;bond20&quot;,&quot;asi&quot;:0,&quot;rtmp&quot;:0,&quot;file&quot;:1,&quot;active&quot;:1,&quot;group&quot;:&quot;&quot;,&quot;bonded&quot;:[],&quot;error&quot;:&quot;Timeout&quot;,&quot;con_stat&quot;:&quot;Connecting&quot;,&quot;bitrate&quot;:0,&quot;dest&quot;:&quot;bonded/bonded20&quot;},{&quot;mip&quot;:&quot;4000.ts&quot;,&quot;port&quot;:0,&quot;ip&quot;:&quot;file&quot;,&quot;in_name&quot;:&quot;bond&quot;,&quot;in_active&quot;:1,&quot;in_active_sources&quot;:0,&quot;prg_name&quot;:&quot;&quot;,&quot;prg_prov&quot;:&quot;&quot;,&quot;prg_num&quot;:-1,&quot;chan&quot;:&quot;&quot;,&quot;chan_id&quot;:-1,&quot;id&quot;:&quot;zixi://bonded(bonded8)#10.7.0.66:2088@10.7.0.65,192.168.60.66:2088@192.168.50.65,192.168.5.166:2088@192.168.5.165&quot;,&quot;type&quot;:2,&quot;name&quot;:&quot;bond8&quot;,&quot;asi&quot;:0,&quot;rtmp&quot;:0,&quot;file&quot;:1,&quot;active&quot;:1,&quot;group&quot;:&quot;&quot;,&quot;bonded&quot;:[],&quot;error&quot;:&quot;None&quot;,&quot;con_stat&quot;:&quot;Connecting&quot;,&quot;bitrate&quot;:0,&quot;dest&quot;:&quot;bonded/bonded8&quot;},{&quot;mip&quot;:&quot;4000.ts&quot;,&quot;port&quot;:0,&quot;ip&quot;:&quot;file&quot;,&quot;in_name&quot;:&quot;bond&quot;,&quot;in_active&quot;:1,&quot;in_active_sources&quot;:0,&quot;prg_name&quot;:&quot;&quot;,&quot;prg_prov&quot;:&quot;&quot;,&quot;prg_num&quot;:-1,&quot;chan&quot;:&quot;&quot;,&quot;chan_id&quot;:-1,&quot;id&quot;:&quot;zixi://bonded(bonded23)#10.7.0.66:2088@10.7.0.65,192.168.60.66:2088@192.168.50.65,192.168.5.166:2088@192.168.5.165&quot;,&quot;type&quot;:2,&quot;name&quot;:&quot;bond23&quot;,&quot;asi&quot;:0,&quot;rtmp&quot;:0,&quot;file&quot;:1,&quot;active&quot;:1,&quot;group&quot;:&quot;&quot;,&quot;bonded&quot;:[],&quot;error&quot;:&quot;None&quot;,&quot;con_stat&quot;:&quot;Connecting&quot;,&quot;bitrate&quot;:0,&quot;dest&quot;:&quot;bonded/bonded23&quot;},{&quot;mip&quot;:&quot;4000.ts&quot;,&quot;port&quot;:0,&quot;ip&quot;:&quot;file&quot;,&quot;in_name&quot;:&quot;bond&quot;,&quot;in_active&quot;:1,&quot;in_active_sources&quot;:0,&quot;prg_name&quot;:&quot;&quot;,&quot;prg_prov&quot;:&quot;&quot;,&quot;prg_num&quot;:-1,&quot;chan&quot;:&quot;&quot;,&quot;chan_id&quot;:-1,&quot;id&quot;:&quot;zixi://bonded(bonded17)#10.7.0.66:2088@10.7.0.65,192.168.60.66:2088@192.168.50.65,192.168.5.166:2088@192.168.5.165&quot;,&quot;type&quot;:2,&quot;name&quot;:&quot;bond17&quot;,&quot;asi&quot;:0,&quot;rtmp&quot;:0,&quot;file&quot;:1,&quot;active&quot;:1,&quot;group&quot;:&quot;&quot;,&quot;bonded&quot;:[],&quot;error&quot;:&quot;None&quot;,&quot;con_stat&quot;:&quot;Connecting&quot;,&quot;bitrate&quot;:0,&quot;dest&quot;:&quot;bonded/bonded17&quot;},{&quot;mip&quot;:&quot;4000.ts&quot;,&quot;port&quot;:0,&quot;ip&quot;:&quot;file&quot;,&quot;in_name&quot;:&quot;bond&quot;,&quot;in_active&quot;:1,&quot;in_active_sources&quot;:0,&quot;prg_name&quot;:&quot;&quot;,&quot;prg_prov&quot;:&quot;&quot;,&quot;prg_num&quot;:-1,&quot;chan&quot;:&quot;&quot;,&quot;chan_id&quot;:-1,&quot;id&quot;:&quot;zixi://bonded(bonded24)#10.7.0.66:2088@10.7.0.65,192.168.60.66:2088@192.168.50.65,192.168.5.166:2088@192.168.5.165&quot;,&quot;type&quot;:2,&quot;name&quot;:&quot;bond24&quot;,&quot;asi&quot;:0,&quot;rtmp&quot;:0,&quot;file&quot;:1,&quot;active&quot;:1,&quot;group&quot;:&quot;&quot;,&quot;bonded&quot;:[],&quot;error&quot;:&quot;None&quot;,&quot;con_stat&quot;:&quot;Connecting&quot;,&quot;bitrate&quot;:0,&quot;dest&quot;:&quot;bonded/bonded24&quot;},{&quot;mip&quot;:&quot;4000.ts&quot;,&quot;port&quot;:0,&quot;ip&quot;:&quot;file&quot;,&quot;in_name&quot;:&quot;bond&quot;,&quot;in_active&quot;:1,&quot;in_active_sources&quot;:0,&quot;prg_name&quot;:&quot;&quot;,&quot;prg_prov&quot;:&quot;&quot;,&quot;prg_num&quot;:-1,&quot;chan&quot;:&quot;&quot;,&quot;chan_id&quot;:-1,&quot;id&quot;:&quot;zixi://bonded(bonded15)#10.7.0.66:2088@10.7.0.65,192.168.60.66:2088@192.168.50.65,192.168.5.166:2088@192.168.5.165&quot;,&quot;type&quot;:2,&quot;name&quot;:&quot;bond15&quot;,&quot;asi&quot;:0,&quot;rtmp&quot;:0,&quot;file&quot;:1,&quot;active&quot;:1,&quot;group&quot;:&quot;&quot;,&quot;bonded&quot;:[],&quot;error&quot;:&quot;Timeout&quot;,&quot;con_stat&quot;:&quot;Connecting&quot;,&quot;bitrate&quot;:0,&quot;dest&quot;:&quot;bonded/bonded15&quot;},{&quot;mip&quot;:&quot;4000.ts&quot;,&quot;port&quot;:0,&quot;ip&quot;:&quot;file&quot;,&quot;in_name&quot;:&quot;bond&quot;,&quot;in_active&quot;:1,&quot;in_active_sources&quot;:0,&quot;prg_name&quot;:&quot;&quot;,&quot;prg_prov&quot;:&quot;&quot;,&quot;prg_num&quot;:-1,&quot;chan&quot;:&quot;&quot;,&quot;chan_id&quot;:-1,&quot;id&quot;:&quot;zixi://bonded(bonded28)#10.7.0.66:2088@10.7.0.65,192.168.60.66:2088@192.168.50.65,192.168.5.166:2088@192.168.5.165&quot;,&quot;type&quot;:2,&quot;name&quot;:&quot;bond28&quot;,&quot;asi&quot;:0,&quot;rtmp&quot;:0,&quot;file&quot;:1,&quot;active&quot;:1,&quot;group&quot;:&quot;&quot;,&quot;bonded&quot;:[],&quot;error&quot;:&quot;None&quot;,&quot;con_stat&quot;:&quot;Connecting&quot;,&quot;bitrate&quot;:0,&quot;dest&quot;:&quot;bonded/bonded28&quot;},{&quot;mip&quot;:&quot;4000.ts&quot;,&quot;port&quot;:0,&quot;ip&quot;:&quot;file&quot;,&quot;in_name&quot;:&quot;bond&quot;,&quot;in_active&quot;:1,&quot;in_active_sources&quot;:0,&quot;prg_name&quot;:&quot;&quot;,&quot;prg_prov&quot;:&quot;&quot;,&quot;prg_num&quot;:-1,&quot;chan&quot;:&quot;&quot;,&quot;chan_id&quot;:-1,&quot;id&quot;:&quot;zixi://bonded(bonded25)#10.7.0.66:2088@10.7.0.65,192.168.60.66:2088@192.168.50.65,192.168.5.166:2088@192.168.5.165&quot;,&quot;type&quot;:2,&quot;name&quot;:&quot;bond25&quot;,&quot;asi&quot;:0,&quot;rtmp&quot;:0,&quot;file&quot;:1,&quot;active&quot;:1,&quot;group&quot;:&quot;&quot;,&quot;bonded&quot;:[],&quot;error&quot;:&quot;None&quot;,&quot;con_stat&quot;:&quot;Connecting&quot;,&quot;bitrate&quot;:0,&quot;dest&quot;:&quot;bonded/bonded25&quot;},{&quot;mip&quot;:&quot;4000.ts&quot;,&quot;port&quot;:0,&quot;ip&quot;:&quot;file&quot;,&quot;in_name&quot;:&quot;bond&quot;,&quot;in_active&quot;:1,&quot;in_active_sources&quot;:0,&quot;prg_name&quot;:&quot;&quot;,&quot;prg_prov&quot;:&quot;&quot;,&quot;prg_num&quot;:-1,&quot;chan&quot;:&quot;&quot;,&quot;chan_id&quot;:-1,&quot;id&quot;:&quot;zixi://bonded(bonded18)#10.7.0.66:2088@10.7.0.65,192.168.60.66:2088@192.168.50.65,192.168.5.166:2088@192.168.5.165&quot;,&quot;type&quot;:2,&quot;name&quot;:&quot;bond18&quot;,&quot;asi&quot;:0,&quot;rtmp&quot;:0,&quot;file&quot;:1,&quot;active&quot;:1,&quot;group&quot;:&quot;&quot;,&quot;bonded&quot;:[],&quot;error&quot;:&quot;Timeout&quot;,&quot;con_stat&quot;:&quot;Connecting&quot;,&quot;bitrate&quot;:0,&quot;dest&quot;:&quot;bonded/bonded18&quot;}]}
Debug printing ------&gt;&gt;&gt; {&quot;custom_data&quot;:&quot;&quot;,&quot;msg&quot;:&quot;Output deleted.&quot;,&quot;error&quot;:&quot;&quot;,&quot;outs&quot;:[{&quot;mip&quot;:&quot;live_recording.ts&quot;,&quot;port&quot;:0,&quot;ip&quot;:&quot;file&quot;,&quot;in_name&quot;:&quot;feederoutputname&quot;,&quot;in_active&quot;:1,&quot;in_active_sources&quot;:0,&quot;prg_name&quot;:&quot;&quot;,&quot;prg_prov&quot;:&quot;&quot;,&quot;prg_num&quot;:1,&quot;chan&quot;:&quot;&quot;,&quot;chan_id&quot;:-1,&quot;id&quot;:&quot;zixi://10.7.0.66:2088/feederout&quot;,&quot;type&quot;:2,&quot;name&quot;:&quot;feederoutputname&quot;,&quot;asi&quot;:0,&quot;rtmp&quot;:0,&quot;file&quot;:1,&quot;active&quot;:1,&quot;group&quot;:&quot;&quot;,&quot;error&quot;:&quot;Authentication&quot;,&quot;con_stat&quot;:&quot;Disconnected&quot;,&quot;bitrate&quot;:0,&quot;dest&quot;:&quot;10.7.0.66:2088/feederout&quot;},{&quot;mip&quot;:&quot;4000.ts&quot;,&quot;port&quot;:0,&quot;ip&quot;:&quot;file&quot;,&quot;in_name&quot;:&quot;bond&quot;,&quot;in_active&quot;:1,&quot;in_active_sources&quot;:0,&quot;prg_name&quot;:&quot;&quot;,&quot;prg_prov&quot;:&quot;&quot;,&quot;prg_num&quot;:-1,&quot;chan&quot;:&quot;&quot;,&quot;chan_id&quot;:-1,&quot;id&quot;:&quot;zixi://bonded(bonded3)#10.7.0.66:2088@10.7.0.65,192.168.60.66:2088@192.168.50.65,192.168.5.166:2088@192.168.5.165&quot;,&quot;type&quot;:2,&quot;name&quot;:&quot;bond3&quot;,&quot;asi&quot;:0,&quot;rtmp&quot;:0,&quot;file&quot;:1,&quot;active&quot;:1,&quot;group&quot;:&quot;&quot;,&quot;bonded&quot;:[],&quot;error&quot;:&quot;None&quot;,&quot;con_stat&quot;:&quot;Connecting&quot;,&quot;bitrate&quot;:0,&quot;dest&quot;:&quot;bonded/bonded3&quot;},{&quot;mip&quot;:&quot;4000.ts&quot;,&quot;port&quot;:0,&quot;ip&quot;:&quot;file&quot;,&quot;in_name&quot;:&quot;bond&quot;,&quot;in_active&quot;:1,&quot;in_active_sources&quot;:0,&quot;prg_name&quot;:&quot;&quot;,&quot;prg_prov&quot;:&quot;&quot;,&quot;prg_num&quot;:-1,&quot;chan&quot;:&quot;&quot;,&quot;chan_id&quot;:-1,&quot;id&quot;:&quot;zixi://bonded(bonded19)#10.7.0.66:2088@10.7.0.65,192.168.60.66:2088@192.168.50.65,192.168.5.166:2088@192.168.5.165&quot;,&quot;type&quot;:2,&quot;name&quot;:&quot;bond19&quot;,&quot;asi&quot;:0,&quot;rtmp&quot;:0,&quot;file&quot;:1,&quot;active&quot;:1,&quot;group&quot;:&quot;&quot;,&quot;bonded&quot;:[],&quot;error&quot;:&quot;None&quot;,&quot;con_stat&quot;:&quot;Connecting&quot;,&quot;bitrate&quot;:0,&quot;dest&quot;:&quot;bonded/bonded19&quot;},{&quot;mip&quot;:&quot;4000.ts&quot;,&quot;port&quot;:0,&quot;ip&quot;:&quot;file&quot;,&quot;in_name&quot;:&quot;bond&quot;,&quot;in_active&quot;:1,&quot;in_active_sources&quot;:0,&quot;prg_name&quot;:&quot;&quot;,&quot;prg_prov&quot;:&quot;&quot;,&quot;prg_num&quot;:-1,&quot;chan&quot;:&quot;&quot;,&quot;chan_id&quot;:-1,&quot;id&quot;:&quot;zixi://bonded(bonded16)#10.7.0.66:2088@10.7.0.65,192.168.60.66:2088@192.168.50.65,192.168.5.166:2088@192.168.5.165&quot;,&quot;type&quot;:2,&quot;name&quot;:&quot;bond16&quot;,&quot;asi&quot;:0,&quot;rtmp&quot;:0,&quot;file&quot;:1,&quot;active&quot;:1,&quot;group&quot;:&quot;&quot;,&quot;bonded&quot;:[],&quot;error&quot;:&quot;None&quot;,&quot;con_stat&quot;:&quot;Connecting&quot;,&quot;bitrate&quot;:0,&quot;dest&quot;:&quot;bonded/bonded16&quot;},{&quot;mip&quot;:&quot;4000.ts&quot;,&quot;port&quot;:0,&quot;ip&quot;:&quot;file&quot;,&quot;in_name&quot;:&quot;bond&quot;,&quot;in_active&quot;:1,&quot;in_active_sources&quot;:0,&quot;prg_name&quot;:&quot;&quot;,&quot;prg_prov&quot;:&quot;&quot;,&quot;prg_num&quot;:-1,&quot;chan&quot;:&quot;&quot;,&quot;chan_id&quot;:-1,&quot;id&quot;:&quot;zixi://bonded(bonded20)#10.7.0.66:2088@10.7.0.65,192.168.60.66:2088@192.168.50.65,192.168.5.166:2088@192.168.5.165&quot;,&quot;type&quot;:2,&quot;name&quot;:&quot;bond20&quot;,&quot;asi&quot;:0,&quot;rtmp&quot;:0,&quot;file&quot;:1,&quot;active&quot;:1,&quot;group&quot;:&quot;&quot;,&quot;bonded&quot;:[],&quot;error&quot;:&quot;Timeout&quot;,&quot;con_stat&quot;:&quot;Connecting&quot;,&quot;bitrate&quot;:0,&quot;dest&quot;:&quot;bonded/bonded20&quot;},{&quot;mip&quot;:&quot;4000.ts&quot;,&quot;port&quot;:0,&quot;ip&quot;:&quot;file&quot;,&quot;in_name&quot;:&quot;bond&quot;,&quot;in_active&quot;:1,&quot;in_active_sources&quot;:0,&quot;prg_name&quot;:&quot;&quot;,&quot;prg_prov&quot;:&quot;&quot;,&quot;prg_num&quot;:-1,&quot;chan&quot;:&quot;&quot;,&quot;chan_id&quot;:-1,&quot;id&quot;:&quot;zixi://bonded(bonded8)#10.7.0.66:2088@10.7.0.65,192.168.60.66:2088@192.168.50.65,192.168.5.166:2088@192.168.5.165&quot;,&quot;type&quot;:2,&quot;name&quot;:&quot;bond8&quot;,&quot;asi&quot;:0,&quot;rtmp&quot;:0,&quot;file&quot;:1,&quot;active&quot;:1,&quot;group&quot;:&quot;&quot;,&quot;bonded&quot;:[],&quot;error&quot;:&quot;None&quot;,&quot;con_stat&quot;:&quot;Connecting&quot;,&quot;bitrate&quot;:0,&quot;dest&quot;:&quot;bonded/bonded8&quot;},{&quot;mip&quot;:&quot;4000.ts&quot;,&quot;port&quot;:0,&quot;ip&quot;:&quot;file&quot;,&quot;in_name&quot;:&quot;bond&quot;,&quot;in_active&quot;:1,&quot;in_active_sources&quot;:0,&quot;prg_name&quot;:&quot;&quot;,&quot;prg_prov&quot;:&quot;&quot;,&quot;prg_num&quot;:-1,&quot;chan&quot;:&quot;&quot;,&quot;chan_id&quot;:-1,&quot;id&quot;:&quot;zixi://bonded(bonded23)#10.7.0.66:2088@10.7.0.65,192.168.60.66:2088@192.168.50.65,192.168.5.166:2088@192.168.5.165&quot;,&quot;type&quot;:2,&quot;name&quot;:&quot;bond23&quot;,&quot;asi&quot;:0,&quot;rtmp&quot;:0,&quot;file&quot;:1,&quot;active&quot;:1,&quot;group&quot;:&quot;&quot;,&quot;bonded&quot;:[],&quot;error&quot;:&quot;None&quot;,&quot;con_stat&quot;:&quot;Connecting&quot;,&quot;bitrate&quot;:0,&quot;dest&quot;:&quot;bonded/bonded23&quot;},{&quot;mip&quot;:&quot;4000.ts&quot;,&quot;port&quot;:0,&quot;ip&quot;:&quot;file&quot;,&quot;in_name&quot;:&quot;bond&quot;,&quot;in_active&quot;:1,&quot;in_active_sources&quot;:0,&quot;prg_name&quot;:&quot;&quot;,&quot;prg_prov&quot;:&quot;&quot;,&quot;prg_num&quot;:-1,&quot;chan&quot;:&quot;&quot;,&quot;chan_id&quot;:-1,&quot;id&quot;:&quot;zixi://bonded(bonded17)#10.7.0.66:2088@10.7.0.65,192.168.60.66:2088@192.168.50.65,192.168.5.166:2088@192.168.5.165&quot;,&quot;type&quot;:2,&quot;name&quot;:&quot;bond17&quot;,&quot;asi&quot;:0,&quot;rtmp&quot;:0,&quot;file&quot;:1,&quot;active&quot;:1,&quot;group&quot;:&quot;&quot;,&quot;bonded&quot;:[],&quot;error&quot;:&quot;None&quot;,&quot;con_stat&quot;:&quot;Connecting&quot;,&quot;bitrate&quot;:0,&quot;dest&quot;:&quot;bonded/bonded17&quot;},{&quot;mip&quot;:&quot;4000.ts&quot;,&quot;port&quot;:0,&quot;ip&quot;:&quot;file&quot;,&quot;in_name&quot;:&quot;bond&quot;,&quot;in_active&quot;:1,&quot;in_active_sources&quot;:0,&quot;prg_name&quot;:&quot;&quot;,&quot;prg_prov&quot;:&quot;&quot;,&quot;prg_num&quot;:-1,&quot;chan&quot;:&quot;&quot;,&quot;chan_id&quot;:-1,&quot;id&quot;:&quot;zixi://bonded(bonded24)#10.7.0.66:2088@10.7.0.65,192.168.60.66:2088@192.168.50.65,192.168.5.166:2088@192.168.5.165&quot;,&quot;type&quot;:2,&quot;name&quot;:&quot;bond24&quot;,&quot;asi&quot;:0,&quot;rtmp&quot;:0,&quot;file&quot;:1,&quot;active&quot;:1,&quot;group&quot;:&quot;&quot;,&quot;bonded&quot;:[],&quot;error&quot;:&quot;None&quot;,&quot;con_stat&quot;:&quot;Connecting&quot;,&quot;bitrate&quot;:0,&quot;dest&quot;:&quot;bonded/bonded24&quot;},{&quot;mip&quot;:&quot;4000.ts&quot;,&quot;port&quot;:0,&quot;ip&quot;:&quot;file&quot;,&quot;in_name&quot;:&quot;bond&quot;,&quot;in_active&quot;:1,&quot;in_active_sources&quot;:0,&quot;prg_name&quot;:&quot;&quot;,&quot;prg_prov&quot;:&quot;&quot;,&quot;prg_num&quot;:-1,&quot;chan&quot;:&quot;&quot;,&quot;chan_id&quot;:-1,&quot;id&quot;:&quot;zixi://bonded(bonded15)#10.7.0.66:2088@10.7.0.65,192.168.60.66:2088@192.168.50.65,192.168.5.166:2088@192.168.5.165&quot;,&quot;type&quot;:2,&quot;name&quot;:&quot;bond15&quot;,&quot;asi&quot;:0,&quot;rtmp&quot;:0,&quot;file&quot;:1,&quot;active&quot;:1,&quot;group&quot;:&quot;&quot;,&quot;bonded&quot;:[],&quot;error&quot;:&quot;Timeout&quot;,&quot;con_stat&quot;:&quot;Connecting&quot;,&quot;bitrate&quot;:0,&quot;dest&quot;:&quot;bonded/bonded15&quot;},{&quot;mip&quot;:&quot;4000.ts&quot;,&quot;port&quot;:0,&quot;ip&quot;:&quot;file&quot;,&quot;in_name&quot;:&quot;bond&quot;,&quot;in_active&quot;:1,&quot;in_active_sources&quot;:0,&quot;prg_name&quot;:&quot;&quot;,&quot;prg_prov&quot;:&quot;&quot;,&quot;prg_num&quot;:-1,&quot;chan&quot;:&quot;&quot;,&quot;chan_id&quot;:-1,&quot;id&quot;:&quot;zixi://bonded(bonded28)#10.7.0.66:2088@10.7.0.65,192.168.60.66:2088@192.168.50.65,192.168.5.166:2088@192.168.5.165&quot;,&quot;type&quot;:2,&quot;name&quot;:&quot;bond28&quot;,&quot;asi&quot;:0,&quot;rtmp&quot;:0,&quot;file&quot;:1,&quot;active&quot;:1,&quot;group&quot;:&quot;&quot;,&quot;bonded&quot;:[],&quot;error&quot;:&quot;None&quot;,&quot;con_stat&quot;:&quot;Connecting&quot;,&quot;bitrate&quot;:0,&quot;dest&quot;:&quot;bonded/bonded28&quot;},{&quot;mip&quot;:&quot;4000.ts&quot;,&quot;port&quot;:0,&quot;ip&quot;:&quot;file&quot;,&quot;in_name&quot;:&quot;bond&quot;,&quot;in_active&quot;:1,&quot;in_active_sources&quot;:0,&quot;prg_name&quot;:&quot;&quot;,&quot;prg_prov&quot;:&quot;&quot;,&quot;prg_num&quot;:-1,&quot;chan&quot;:&quot;&quot;,&quot;chan_id&quot;:-1,&quot;id&quot;:&quot;zixi://bonded(bonded25)#10.7.0.66:2088@10.7.0.65,192.168.60.66:2088@192.168.50.65,192.168.5.166:2088@192.168.5.165&quot;,&quot;type&quot;:2,&quot;name&quot;:&quot;bond25&quot;,&quot;asi&quot;:0,&quot;rtmp&quot;:0,&quot;file&quot;:1,&quot;active&quot;:1,&quot;group&quot;:&quot;&quot;,&quot;bonded&quot;:[],&quot;error&quot;:&quot;None&quot;,&quot;con_stat&quot;:&quot;Connecting&quot;,&quot;bitrate&quot;:0,&quot;dest&quot;:&quot;bonded/bonded25&quot;},{&quot;mip&quot;:&quot;4000.ts&quot;,&quot;port&quot;:0,&quot;ip&quot;:&quot;file&quot;,&quot;in_name&quot;:&quot;bond&quot;,&quot;in_active&quot;:1,&quot;in_active_sources&quot;:0,&quot;prg_name&quot;:&quot;&quot;,&quot;prg_prov&quot;:&quot;&quot;,&quot;prg_num&quot;:-1,&quot;chan&quot;:&quot;&quot;,&quot;chan_id&quot;:-1,&quot;id&quot;:&quot;zixi://bonded(bonded18)#10.7.0.66:2088@10.7.0.65,192.168.60.66:2088@192.168.50.65,192.168.5.166:2088@192.168.5.165&quot;,&quot;type&quot;:2,&quot;name&quot;:&quot;bond18&quot;,&quot;asi&quot;:0,&quot;rtmp&quot;:0,&quot;file&quot;:1,&quot;active&quot;:1,&quot;group&quot;:&quot;&quot;,&quot;bonded&quot;:[],&quot;error&quot;:&quot;Timeout&quot;,&quot;con_stat&quot;:&quot;Connecting&quot;,&quot;bitrate&quot;:0,&quot;dest&quot;:&quot;bonded/bonded18&quot;}]}
Debug printing ------&gt;&gt;&gt; {&quot;custom_data&quot;:&quot;&quot;,&quot;msg&quot;:&quot;Output deleted.&quot;,&quot;error&quot;:&quot;&quot;,&quot;outs&quot;:[{&quot;mip&quot;:&quot;live_recording.ts&quot;,&quot;port&quot;:0,&quot;ip&quot;:&quot;file&quot;,&quot;in_name&quot;:&quot;feederoutputname&quot;,&quot;in_active&quot;:1,&quot;in_active_sources&quot;:0,&quot;prg_name&quot;:&quot;&quot;,&quot;prg_prov&quot;:&quot;&quot;,&quot;prg_num&quot;:1,&quot;chan&quot;:&quot;&quot;,&quot;chan_id&quot;:-1,&quot;id&quot;:&quot;zixi://10.7.0.66:2088/feederout&quot;,&quot;type&quot;:2,&quot;name&quot;:&quot;feederoutputname&quot;,&quot;asi&quot;:0,&quot;rtmp&quot;:0,&quot;file&quot;:1,&quot;active&quot;:1,&quot;group&quot;:&quot;&quot;,&quot;error&quot;:&quot;Authentication&quot;,&quot;con_stat&quot;:&quot;Disconnected&quot;,&quot;bitrate&quot;:0,&quot;dest&quot;:&quot;10.7.0.66:2088/feederout&quot;},{&quot;mip&quot;:&quot;4000.ts&quot;,&quot;port&quot;:0,&quot;ip&quot;:&quot;file&quot;,&quot;in_name&quot;:&quot;bond&quot;,&quot;in_active&quot;:1,&quot;in_active_sources&quot;:0,&quot;prg_name&quot;:&quot;&quot;,&quot;prg_prov&quot;:&quot;&quot;,&quot;prg_num&quot;:-1,&quot;chan&quot;:&quot;&quot;,&quot;chan_id&quot;:-1,&quot;id&quot;:&quot;zixi://bonded(bonded19)#10.7.0.66:2088@10.7.0.65,192.168.60.66:2088@192.168.50.65,192.168.5.166:2088@192.168.5.165&quot;,&quot;type&quot;:2,&quot;name&quot;:&quot;bond19&quot;,&quot;asi&quot;:0,&quot;rtmp&quot;:0,&quot;file&quot;:1,&quot;active&quot;:1,&quot;group&quot;:&quot;&quot;,&quot;bonded&quot;:[],&quot;error&quot;:&quot;None&quot;,&quot;con_stat&quot;:&quot;Connecting&quot;,&quot;bitrate&quot;:0,&quot;dest&quot;:&quot;bonded/bonded19&quot;},{&quot;mip&quot;:&quot;4000.ts&quot;,&quot;port&quot;:0,&quot;ip&quot;:&quot;file&quot;,&quot;in_name&quot;:&quot;bond&quot;,&quot;in_active&quot;:1,&quot;in_active_sources&quot;:0,&quot;prg_name&quot;:&quot;&quot;,&quot;prg_prov&quot;:&quot;&quot;,&quot;prg_num&quot;:-1,&quot;chan&quot;:&quot;&quot;,&quot;chan_id&quot;:-1,&quot;id&quot;:&quot;zixi://bonded(bonded16)#10.7.0.66:2088@10.7.0.65,192.168.60.66:2088@192.168.50.65,192.168.5.166:2088@192.168.5.165&quot;,&quot;type&quot;:2,&quot;name&quot;:&quot;bond16&quot;,&quot;asi&quot;:0,&quot;rtmp&quot;:0,&quot;file&quot;:1,&quot;active&quot;:1,&quot;group&quot;:&quot;&quot;,&quot;bonded&quot;:[],&quot;error&quot;:&quot;None&quot;,&quot;con_stat&quot;:&quot;Connecting&quot;,&quot;bitrate&quot;:0,&quot;dest&quot;:&quot;bonded/bonded16&quot;},{&quot;mip&quot;:&quot;4000.ts&quot;,&quot;port&quot;:0,&quot;ip&quot;:&quot;file&quot;,&quot;in_name&quot;:&quot;bond&quot;,&quot;in_active&quot;:1,&quot;in_active_sources&quot;:0,&quot;prg_name&quot;:&quot;&quot;,&quot;prg_prov&quot;:&quot;&quot;,&quot;prg_num&quot;:-1,&quot;chan&quot;:&quot;&quot;,&quot;chan_id&quot;:-1,&quot;id&quot;:&quot;zixi://bonded(bonded20)#10.7.0.66:2088@10.7.0.65,192.168.60.66:2088@192.168.50.65,192.168.5.166:2088@192.168.5.165&quot;,&quot;type&quot;:2,&quot;name&quot;:&quot;bond20&quot;,&quot;asi&quot;:0,&quot;rtmp&quot;:0,&quot;file&quot;:1,&quot;active&quot;:1,&quot;group&quot;:&quot;&quot;,&quot;bonded&quot;:[],&quot;error&quot;:&quot;Timeout&quot;,&quot;con_stat&quot;:&quot;Connecting&quot;,&quot;bitrate&quot;:0,&quot;dest&quot;:&quot;bonded/bonded20&quot;},{&quot;mip&quot;:&quot;4000.ts&quot;,&quot;port&quot;:0,&quot;ip&quot;:&quot;file&quot;,&quot;in_name&quot;:&quot;bond&quot;,&quot;in_active&quot;:1,&quot;in_active_sources&quot;:0,&quot;prg_name&quot;:&quot;&quot;,&quot;prg_prov&quot;:&quot;&quot;,&quot;prg_num&quot;:-1,&quot;chan&quot;:&quot;&quot;,&quot;chan_id&quot;:-1,&quot;id&quot;:&quot;zixi://bonded(bonded8)#10.7.0.66:2088@10.7.0.65,192.168.60.66:2088@192.168.50.65,192.168.5.166:2088@192.168.5.165&quot;,&quot;type&quot;:2,&quot;name&quot;:&quot;bond8&quot;,&quot;asi&quot;:0,&quot;rtmp&quot;:0,&quot;file&quot;:1,&quot;active&quot;:1,&quot;group&quot;:&quot;&quot;,&quot;bonded&quot;:[],&quot;error&quot;:&quot;None&quot;,&quot;con_stat&quot;:&quot;Connecting&quot;,&quot;bitrate&quot;:0,&quot;dest&quot;:&quot;bonded/bonded8&quot;},{&quot;mip&quot;:&quot;4000.ts&quot;,&quot;port&quot;:0,&quot;ip&quot;:&quot;file&quot;,&quot;in_name&quot;:&quot;bond&quot;,&quot;in_active&quot;:1,&quot;in_active_sources&quot;:0,&quot;prg_name&quot;:&quot;&quot;,&quot;prg_prov&quot;:&quot;&quot;,&quot;prg_num&quot;:-1,&quot;chan&quot;:&quot;&quot;,&quot;chan_id&quot;:-1,&quot;id&quot;:&quot;zixi://bonded(bonded23)#10.7.0.66:2088@10.7.0.65,192.168.60.66:2088@192.168.50.65,192.168.5.166:2088@192.168.5.165&quot;,&quot;type&quot;:2,&quot;name&quot;:&quot;bond23&quot;,&quot;asi&quot;:0,&quot;rtmp&quot;:0,&quot;file&quot;:1,&quot;active&quot;:1,&quot;group&quot;:&quot;&quot;,&quot;bonded&quot;:[],&quot;error&quot;:&quot;None&quot;,&quot;con_stat&quot;:&quot;Connecting&quot;,&quot;bitrate&quot;:0,&quot;dest&quot;:&quot;bonded/bonded23&quot;},{&quot;mip&quot;:&quot;4000.ts&quot;,&quot;port&quot;:0,&quot;ip&quot;:&quot;file&quot;,&quot;in_name&quot;:&quot;bond&quot;,&quot;in_active&quot;:1,&quot;in_active_sources&quot;:0,&quot;prg_name&quot;:&quot;&quot;,&quot;prg_prov&quot;:&quot;&quot;,&quot;prg_num&quot;:-1,&quot;chan&quot;:&quot;&quot;,&quot;chan_id&quot;:-1,&quot;id&quot;:&quot;zixi://bonded(bonded17)#10.7.0.66:2088@10.7.0.65,192.168.60.66:2088@192.168.50.65,192.168.5.166:2088@192.168.5.165&quot;,&quot;type&quot;:2,&quot;name&quot;:&quot;bond17&quot;,&quot;asi&quot;:0,&quot;rtmp&quot;:0,&quot;file&quot;:1,&quot;active&quot;:1,&quot;group&quot;:&quot;&quot;,&quot;bonded&quot;:[],&quot;error&quot;:&quot;None&quot;,&quot;con_stat&quot;:&quot;Connecting&quot;,&quot;bitrate&quot;:0,&quot;dest&quot;:&quot;bonded/bonded17&quot;},{&quot;mip&quot;:&quot;4000.ts&quot;,&quot;port&quot;:0,&quot;ip&quot;:&quot;file&quot;,&quot;in_name&quot;:&quot;bond&quot;,&quot;in_active&quot;:1,&quot;in_active_sources&quot;:0,&quot;prg_name&quot;:&quot;&quot;,&quot;prg_prov&quot;:&quot;&quot;,&quot;prg_num&quot;:-1,&quot;chan&quot;:&quot;&quot;,&quot;chan_id&quot;:-1,&quot;id&quot;:&quot;zixi://bonded(bonded24)#10.7.0.66:2088@10.7.0.65,192.168.60.66:2088@192.168.50.65,192.168.5.166:2088@192.168.5.165&quot;,&quot;type&quot;:2,&quot;name&quot;:&quot;bond24&quot;,&quot;asi&quot;:0,&quot;rtmp&quot;:0,&quot;file&quot;:1,&quot;active&quot;:1,&quot;group&quot;:&quot;&quot;,&quot;bonded&quot;:[],&quot;error&quot;:&quot;None&quot;,&quot;con_stat&quot;:&quot;Connecting&quot;,&quot;bitrate&quot;:0,&quot;dest&quot;:&quot;bonded/bonded24&quot;},{&quot;mip&quot;:&quot;4000.ts&quot;,&quot;port&quot;:0,&quot;ip&quot;:&quot;file&quot;,&quot;in_name&quot;:&quot;bond&quot;,&quot;in_active&quot;:1,&quot;in_active_sources&quot;:0,&quot;prg_name&quot;:&quot;&quot;,&quot;prg_prov&quot;:&quot;&quot;,&quot;prg_num&quot;:-1,&quot;chan&quot;:&quot;&quot;,&quot;chan_id&quot;:-1,&quot;id&quot;:&quot;zixi://bonded(bonded15)#10.7.0.66:2088@10.7.0.65,192.168.60.66:2088@192.168.50.65,192.168.5.166:2088@192.168.5.165&quot;,&quot;type&quot;:2,&quot;name&quot;:&quot;bond15&quot;,&quot;asi&quot;:0,&quot;rtmp&quot;:0,&quot;file&quot;:1,&quot;active&quot;:1,&quot;group&quot;:&quot;&quot;,&quot;bonded&quot;:[],&quot;error&quot;:&quot;Timeout&quot;,&quot;con_stat&quot;:&quot;Connecting&quot;,&quot;bitrate&quot;:0,&quot;dest&quot;:&quot;bonded/bonded15&quot;},{&quot;mip&quot;:&quot;4000.ts&quot;,&quot;port&quot;:0,&quot;ip&quot;:&quot;file&quot;,&quot;in_name&quot;:&quot;bond&quot;,&quot;in_active&quot;:1,&quot;in_active_sources&quot;:0,&quot;prg_name&quot;:&quot;&quot;,&quot;prg_prov&quot;:&quot;&quot;,&quot;prg_num&quot;:-1,&quot;chan&quot;:&quot;&quot;,&quot;chan_id&quot;:-1,&quot;id&quot;:&quot;zixi://bonded(bonded28)#10.7.0.66:2088@10.7.0.65,192.168.60.66:2088@192.168.50.65,192.168.5.166:2088@192.168.5.165&quot;,&quot;type&quot;:2,&quot;name&quot;:&quot;bond28&quot;,&quot;asi&quot;:0,&quot;rtmp&quot;:0,&quot;file&quot;:1,&quot;active&quot;:1,&quot;group&quot;:&quot;&quot;,&quot;bonded&quot;:[],&quot;error&quot;:&quot;None&quot;,&quot;con_stat&quot;:&quot;Connecting&quot;,&quot;bitrate&quot;:0,&quot;dest&quot;:&quot;bonded/bonded28&quot;},{&quot;mip&quot;:&quot;4000.ts&quot;,&quot;port&quot;:0,&quot;ip&quot;:&quot;file&quot;,&quot;in_name&quot;:&quot;bond&quot;,&quot;in_active&quot;:1,&quot;in_active_sources&quot;:0,&quot;prg_name&quot;:&quot;&quot;,&quot;prg_prov&quot;:&quot;&quot;,&quot;prg_num&quot;:-1,&quot;chan&quot;:&quot;&quot;,&quot;chan_id&quot;:-1,&quot;id&quot;:&quot;zixi://bonded(bonded25)#10.7.0.66:2088@10.7.0.65,192.168.60.66:2088@192.168.50.65,192.168.5.166:2088@192.168.5.165&quot;,&quot;type&quot;:2,&quot;name&quot;:&quot;bond25&quot;,&quot;asi&quot;:0,&quot;rtmp&quot;:0,&quot;file&quot;:1,&quot;active&quot;:1,&quot;group&quot;:&quot;&quot;,&quot;bonded&quot;:[],&quot;error&quot;:&quot;None&quot;,&quot;con_stat&quot;:&quot;Connecting&quot;,&quot;bitrate&quot;:0,&quot;dest&quot;:&quot;bonded/bonded25&quot;},{&quot;mip&quot;:&quot;4000.ts&quot;,&quot;port&quot;:0,&quot;ip&quot;:&quot;file&quot;,&quot;in_name&quot;:&quot;bond&quot;,&quot;in_active&quot;:1,&quot;in_active_sources&quot;:0,&quot;prg_name&quot;:&quot;&quot;,&quot;prg_prov&quot;:&quot;&quot;,&quot;prg_num&quot;:-1,&quot;chan&quot;:&quot;&quot;,&quot;chan_id&quot;:-1,&quot;id&quot;:&quot;zixi://bonded(bonded18)#10.7.0.66:2088@10.7.0.65,192.168.60.66:2088@192.168.50.65,192.168.5.166:2088@192.168.5.165&quot;,&quot;type&quot;:2,&quot;name&quot;:&quot;bond18&quot;,&quot;asi&quot;:0,&quot;rtmp&quot;:0,&quot;file&quot;:1,&quot;active&quot;:1,&quot;group&quot;:&quot;&quot;,&quot;bonded&quot;:[],&quot;error&quot;:&quot;Timeout&quot;,&quot;con_stat&quot;:&quot;Connecting&quot;,&quot;bitrate&quot;:0,&quot;dest&quot;:&quot;bonded/bonded18&quot;}]}
Debug printing ------&gt;&gt;&gt; {&quot;custom_data&quot;:&quot;&quot;,&quot;msg&quot;:&quot;Output deleted.&quot;,&quot;error&quot;:&quot;&quot;,&quot;outs&quot;:[{&quot;mip&quot;:&quot;live_recording.ts&quot;,&quot;port&quot;:0,&quot;ip&quot;:&quot;file&quot;,&quot;in_name&quot;:&quot;feederoutputname&quot;,&quot;in_active&quot;:1,&quot;in_active_sources&quot;:0,&quot;prg_name&quot;:&quot;&quot;,&quot;prg_prov&quot;:&quot;&quot;,&quot;prg_num&quot;:1,&quot;chan&quot;:&quot;&quot;,&quot;chan_id&quot;:-1,&quot;id&quot;:&quot;zixi://10.7.0.66:2088/feederout&quot;,&quot;type&quot;:2,&quot;name&quot;:&quot;feederoutputname&quot;,&quot;asi&quot;:0,&quot;rtmp&quot;:0,&quot;file&quot;:1,&quot;active&quot;:1,&quot;group&quot;:&quot;&quot;,&quot;error&quot;:&quot;Authentication&quot;,&quot;con_stat&quot;:&quot;Disconnected&quot;,&quot;bitrate&quot;:0,&quot;dest&quot;:&quot;10.7.0.66:2088/feederout&quot;},{&quot;mip&quot;:&quot;4000.ts&quot;,&quot;port&quot;:0,&quot;ip&quot;:&quot;file&quot;,&quot;in_name&quot;:&quot;bond&quot;,&quot;in_active&quot;:1,&quot;in_active_sources&quot;:0,&quot;prg_name&quot;:&quot;&quot;,&quot;prg_prov&quot;:&quot;&quot;,&quot;prg_num&quot;:-1,&quot;chan&quot;:&quot;&quot;,&quot;chan_id&quot;:-1,&quot;id&quot;:&quot;zixi://bonded(bonded16)#10.7.0.66:2088@10.7.0.65,192.168.60.66:2088@192.168.50.65,192.168.5.166:2088@192.168.5.165&quot;,&quot;type&quot;:2,&quot;name&quot;:&quot;bond16&quot;,&quot;asi&quot;:0,&quot;rtmp&quot;:0,&quot;file&quot;:1,&quot;active&quot;:1,&quot;group&quot;:&quot;&quot;,&quot;bonded&quot;:[],&quot;error&quot;:&quot;None&quot;,&quot;con_stat&quot;:&quot;Connecting&quot;,&quot;bitrate&quot;:0,&quot;dest&quot;:&quot;bonded/bonded16&quot;},{&quot;mip&quot;:&quot;4000.ts&quot;,&quot;port&quot;:0,&quot;ip&quot;:&quot;file&quot;,&quot;in_name&quot;:&quot;bond&quot;,&quot;in_active&quot;:1,&quot;in_active_sources&quot;:0,&quot;prg_name&quot;:&quot;&quot;,&quot;prg_prov&quot;:&quot;&quot;,&quot;prg_num&quot;:-1,&quot;chan&quot;:&quot;&quot;,&quot;chan_id&quot;:-1,&quot;id&quot;:&quot;zixi://bonded(bonded20)#10.7.0.66:2088@10.7.0.65,192.168.60.66:2088@192.168.50.65,192.168.5.166:2088@192.168.5.165&quot;,&quot;type&quot;:2,&quot;name&quot;:&quot;bond20&quot;,&quot;asi&quot;:0,&quot;rtmp&quot;:0,&quot;file&quot;:1,&quot;active&quot;:1,&quot;group&quot;:&quot;&quot;,&quot;bonded&quot;:[],&quot;error&quot;:&quot;Timeout&quot;,&quot;con_stat&quot;:&quot;Connecting&quot;,&quot;bitrate&quot;:0,&quot;dest&quot;:&quot;bonded/bonded20&quot;},{&quot;mip&quot;:&quot;4000.ts&quot;,&quot;port&quot;:0,&quot;ip&quot;:&quot;file&quot;,&quot;in_name&quot;:&quot;bond&quot;,&quot;in_active&quot;:1,&quot;in_active_sources&quot;:0,&quot;prg_name&quot;:&quot;&quot;,&quot;prg_prov&quot;:&quot;&quot;,&quot;prg_num&quot;:-1,&quot;chan&quot;:&quot;&quot;,&quot;chan_id&quot;:-1,&quot;id&quot;:&quot;zixi://bonded(bonded8)#10.7.0.66:2088@10.7.0.65,192.168.60.66:2088@192.168.50.65,192.168.5.166:2088@192.168.5.165&quot;,&quot;type&quot;:2,&quot;name&quot;:&quot;bond8&quot;,&quot;asi&quot;:0,&quot;rtmp&quot;:0,&quot;file&quot;:1,&quot;active&quot;:1,&quot;group&quot;:&quot;&quot;,&quot;bonded&quot;:[],&quot;error&quot;:&quot;None&quot;,&quot;con_stat&quot;:&quot;Connecting&quot;,&quot;bitrate&quot;:0,&quot;dest&quot;:&quot;bonded/bonded8&quot;},{&quot;mip&quot;:&quot;4000.ts&quot;,&quot;port&quot;:0,&quot;ip&quot;:&quot;file&quot;,&quot;in_name&quot;:&quot;bond&quot;,&quot;in_active&quot;:1,&quot;in_active_sources&quot;:0,&quot;prg_name&quot;:&quot;&quot;,&quot;prg_prov&quot;:&quot;&quot;,&quot;prg_num&quot;:-1,&quot;chan&quot;:&quot;&quot;,&quot;chan_id&quot;:-1,&quot;id&quot;:&quot;zixi://bonded(bonded23)#10.7.0.66:2088@10.7.0.65,192.168.60.66:2088@192.168.50.65,192.168.5.166:2088@192.168.5.165&quot;,&quot;type&quot;:2,&quot;name&quot;:&quot;bond23&quot;,&quot;asi&quot;:0,&quot;rtmp&quot;:0,&quot;file&quot;:1,&quot;active&quot;:1,&quot;group&quot;:&quot;&quot;,&quot;bonded&quot;:[],&quot;error&quot;:&quot;None&quot;,&quot;con_stat&quot;:&quot;Connecting&quot;,&quot;bitrate&quot;:0,&quot;dest&quot;:&quot;bonded/bonded23&quot;},{&quot;mip&quot;:&quot;4000.ts&quot;,&quot;port&quot;:0,&quot;ip&quot;:&quot;file&quot;,&quot;in_name&quot;:&quot;bond&quot;,&quot;in_active&quot;:1,&quot;in_active_sources&quot;:0,&quot;prg_name&quot;:&quot;&quot;,&quot;prg_prov&quot;:&quot;&quot;,&quot;prg_num&quot;:-1,&quot;chan&quot;:&quot;&quot;,&quot;chan_id&quot;:-1,&quot;id&quot;:&quot;zixi://bonded(bonded17)#10.7.0.66:2088@10.7.0.65,192.168.60.66:2088@192.168.50.65,192.168.5.166:2088@192.168.5.165&quot;,&quot;type&quot;:2,&quot;name&quot;:&quot;bond17&quot;,&quot;asi&quot;:0,&quot;rtmp&quot;:0,&quot;file&quot;:1,&quot;active&quot;:1,&quot;group&quot;:&quot;&quot;,&quot;bonded&quot;:[],&quot;error&quot;:&quot;None&quot;,&quot;con_stat&quot;:&quot;Connecting&quot;,&quot;bitrate&quot;:0,&quot;dest&quot;:&quot;bonded/bonded17&quot;},{&quot;mip&quot;:&quot;4000.ts&quot;,&quot;port&quot;:0,&quot;ip&quot;:&quot;file&quot;,&quot;in_name&quot;:&quot;bond&quot;,&quot;in_active&quot;:1,&quot;in_active_sources&quot;:0,&quot;prg_name&quot;:&quot;&quot;,&quot;prg_prov&quot;:&quot;&quot;,&quot;prg_num&quot;:-1,&quot;chan&quot;:&quot;&quot;,&quot;chan_id&quot;:-1,&quot;id&quot;:&quot;zixi://bonded(bonded24)#10.7.0.66:2088@10.7.0.65,192.168.60.66:2088@192.168.50.65,192.168.5.166:2088@192.168.5.165&quot;,&quot;type&quot;:2,&quot;name&quot;:&quot;bond24&quot;,&quot;asi&quot;:0,&quot;rtmp&quot;:0,&quot;file&quot;:1,&quot;active&quot;:1,&quot;group&quot;:&quot;&quot;,&quot;bonded&quot;:[],&quot;error&quot;:&quot;None&quot;,&quot;con_stat&quot;:&quot;Connecting&quot;,&quot;bitrate&quot;:0,&quot;dest&quot;:&quot;bonded/bonded24&quot;},{&quot;mip&quot;:&quot;4000.ts&quot;,&quot;port&quot;:0,&quot;ip&quot;:&quot;file&quot;,&quot;in_name&quot;:&quot;bond&quot;,&quot;in_active&quot;:1,&quot;in_active_sources&quot;:0,&quot;prg_name&quot;:&quot;&quot;,&quot;prg_prov&quot;:&quot;&quot;,&quot;prg_num&quot;:-1,&quot;chan&quot;:&quot;&quot;,&quot;chan_id&quot;:-1,&quot;id&quot;:&quot;zixi://bonded(bonded15)#10.7.0.66:2088@10.7.0.65,192.168.60.66:2088@192.168.50.65,192.168.5.166:2088@192.168.5.165&quot;,&quot;type&quot;:2,&quot;name&quot;:&quot;bond15&quot;,&quot;asi&quot;:0,&quot;rtmp&quot;:0,&quot;file&quot;:1,&quot;active&quot;:1,&quot;group&quot;:&quot;&quot;,&quot;bonded&quot;:[],&quot;error&quot;:&quot;Timeout&quot;,&quot;con_stat&quot;:&quot;Connecting&quot;,&quot;bitrate&quot;:0,&quot;dest&quot;:&quot;bonded/bonded15&quot;},{&quot;mip&quot;:&quot;4000.ts&quot;,&quot;port&quot;:0,&quot;ip&quot;:&quot;file&quot;,&quot;in_name&quot;:&quot;bond&quot;,&quot;in_active&quot;:1,&quot;in_active_sources&quot;:0,&quot;prg_name&quot;:&quot;&quot;,&quot;prg_prov&quot;:&quot;&quot;,&quot;prg_num&quot;:-1,&quot;chan&quot;:&quot;&quot;,&quot;chan_id&quot;:-1,&quot;id&quot;:&quot;zixi://bonded(bonded28)#10.7.0.66:2088@10.7.0.65,192.168.60.66:2088@192.168.50.65,192.168.5.166:2088@192.168.5.165&quot;,&quot;type&quot;:2,&quot;name&quot;:&quot;bond28&quot;,&quot;asi&quot;:0,&quot;rtmp&quot;:0,&quot;file&quot;:1,&quot;active&quot;:1,&quot;group&quot;:&quot;&quot;,&quot;bonded&quot;:[],&quot;error&quot;:&quot;None&quot;,&quot;con_stat&quot;:&quot;Connecting&quot;,&quot;bitrate&quot;:0,&quot;dest&quot;:&quot;bonded/bonded28&quot;},{&quot;mip&quot;:&quot;4000.ts&quot;,&quot;port&quot;:0,&quot;ip&quot;:&quot;file&quot;,&quot;in_name&quot;:&quot;bond&quot;,&quot;in_active&quot;:1,&quot;in_active_sources&quot;:0,&quot;prg_name&quot;:&quot;&quot;,&quot;prg_prov&quot;:&quot;&quot;,&quot;prg_num&quot;:-1,&quot;chan&quot;:&quot;&quot;,&quot;chan_id&quot;:-1,&quot;id&quot;:&quot;zixi://bonded(bonded25)#10.7.0.66:2088@10.7.0.65,192.168.60.66:2088@192.168.50.65,192.168.5.166:2088@192.168.5.165&quot;,&quot;type&quot;:2,&quot;name&quot;:&quot;bond25&quot;,&quot;asi&quot;:0,&quot;rtmp&quot;:0,&quot;file&quot;:1,&quot;active&quot;:1,&quot;group&quot;:&quot;&quot;,&quot;bonded&quot;:[],&quot;error&quot;:&quot;None&quot;,&quot;con_stat&quot;:&quot;Connecting&quot;,&quot;bitrate&quot;:0,&quot;dest&quot;:&quot;bonded/bonded25&quot;},{&quot;mip&quot;:&quot;4000.ts&quot;,&quot;port&quot;:0,&quot;ip&quot;:&quot;file&quot;,&quot;in_name&quot;:&quot;bond&quot;,&quot;in_active&quot;:1,&quot;in_active_sources&quot;:0,&quot;prg_name&quot;:&quot;&quot;,&quot;prg_prov&quot;:&quot;&quot;,&quot;prg_num&quot;:-1,&quot;chan&quot;:&quot;&quot;,&quot;chan_id&quot;:-1,&quot;id&quot;:&quot;zixi://bonded(bonded18)#10.7.0.66:2088@10.7.0.65,192.168.60.66:2088@192.168.50.65,192.168.5.166:2088@192.168.5.165&quot;,&quot;type&quot;:2,&quot;name&quot;:&quot;bond18&quot;,&quot;asi&quot;:0,&quot;rtmp&quot;:0,&quot;file&quot;:1,&quot;active&quot;:1,&quot;group&quot;:&quot;&quot;,&quot;bonded&quot;:[],&quot;error&quot;:&quot;Timeout&quot;,&quot;con_stat&quot;:&quot;Connecting&quot;,&quot;bitrate&quot;:0,&quot;dest&quot;:&quot;bonded/bonded18&quot;}]}
Debug printing ------&gt;&gt;&gt; {&quot;custom_data&quot;:&quot;&quot;,&quot;msg&quot;:&quot;Output deleted.&quot;,&quot;error&quot;:&quot;&quot;,&quot;outs&quot;:[{&quot;mip&quot;:&quot;live_recording.ts&quot;,&quot;port&quot;:0,&quot;ip&quot;:&quot;file&quot;,&quot;in_name&quot;:&quot;feederoutputname&quot;,&quot;in_active&quot;:1,&quot;in_active_sources&quot;:0,&quot;prg_name&quot;:&quot;&quot;,&quot;prg_prov&quot;:&quot;&quot;,&quot;prg_num&quot;:1,&quot;chan&quot;:&quot;&quot;,&quot;chan_id&quot;:-1,&quot;id&quot;:&quot;zixi://10.7.0.66:2088/feederout&quot;,&quot;type&quot;:2,&quot;name&quot;:&quot;feederoutputname&quot;,&quot;asi&quot;:0,&quot;rtmp&quot;:0,&quot;file&quot;:1,&quot;active&quot;:1,&quot;group&quot;:&quot;&quot;,&quot;error&quot;:&quot;Authentication&quot;,&quot;con_stat&quot;:&quot;Disconnected&quot;,&quot;bitrate&quot;:0,&quot;dest&quot;:&quot;10.7.0.66:2088/feederout&quot;},{&quot;mip&quot;:&quot;4000.ts&quot;,&quot;port&quot;:0,&quot;ip&quot;:&quot;file&quot;,&quot;in_name&quot;:&quot;bond&quot;,&quot;in_active&quot;:1,&quot;in_active_sources&quot;:0,&quot;prg_name&quot;:&quot;&quot;,&quot;prg_prov&quot;:&quot;&quot;,&quot;prg_num&quot;:-1,&quot;chan&quot;:&quot;&quot;,&quot;chan_id&quot;:-1,&quot;id&quot;:&quot;zixi://bonded(bonded20)#10.7.0.66:2088@10.7.0.65,192.168.60.66:2088@192.168.50.65,192.168.5.166:2088@192.168.5.165&quot;,&quot;type&quot;:2,&quot;name&quot;:&quot;bond20&quot;,&quot;asi&quot;:0,&quot;rtmp&quot;:0,&quot;file&quot;:1,&quot;active&quot;:1,&quot;group&quot;:&quot;&quot;,&quot;bonded&quot;:[],&quot;error&quot;:&quot;Timeout&quot;,&quot;con_stat&quot;:&quot;Connecting&quot;,&quot;bitrate&quot;:0,&quot;dest&quot;:&quot;bonded/bonded20&quot;},{&quot;mip&quot;:&quot;4000.ts&quot;,&quot;port&quot;:0,&quot;ip&quot;:&quot;file&quot;,&quot;in_name&quot;:&quot;bond&quot;,&quot;in_active&quot;:1,&quot;in_active_sources&quot;:0,&quot;prg_name&quot;:&quot;&quot;,&quot;prg_prov&quot;:&quot;&quot;,&quot;prg_num&quot;:-1,&quot;chan&quot;:&quot;&quot;,&quot;chan_id&quot;:-1,&quot;id&quot;:&quot;zixi://bonded(bonded8)#10.7.0.66:2088@10.7.0.65,192.168.60.66:2088@192.168.50.65,192.168.5.166:2088@192.168.5.165&quot;,&quot;type&quot;:2,&quot;name&quot;:&quot;bond8&quot;,&quot;asi&quot;:0,&quot;rtmp&quot;:0,&quot;file&quot;:1,&quot;active&quot;:1,&quot;group&quot;:&quot;&quot;,&quot;bonded&quot;:[],&quot;error&quot;:&quot;None&quot;,&quot;con_stat&quot;:&quot;Connecting&quot;,&quot;bitrate&quot;:0,&quot;dest&quot;:&quot;bonded/bonded8&quot;},{&quot;mip&quot;:&quot;4000.ts&quot;,&quot;port&quot;:0,&quot;ip&quot;:&quot;file&quot;,&quot;in_name&quot;:&quot;bond&quot;,&quot;in_active&quot;:1,&quot;in_active_sources&quot;:0,&quot;prg_name&quot;:&quot;&quot;,&quot;prg_prov&quot;:&quot;&quot;,&quot;prg_num&quot;:-1,&quot;chan&quot;:&quot;&quot;,&quot;chan_id&quot;:-1,&quot;id&quot;:&quot;zixi://bonded(bonded23)#10.7.0.66:2088@10.7.0.65,192.168.60.66:2088@192.168.50.65,192.168.5.166:2088@192.168.5.165&quot;,&quot;type&quot;:2,&quot;name&quot;:&quot;bond23&quot;,&quot;asi&quot;:0,&quot;rtmp&quot;:0,&quot;file&quot;:1,&quot;active&quot;:1,&quot;group&quot;:&quot;&quot;,&quot;bonded&quot;:[],&quot;error&quot;:&quot;None&quot;,&quot;con_stat&quot;:&quot;Connecting&quot;,&quot;bitrate&quot;:0,&quot;dest&quot;:&quot;bonded/bonded23&quot;},{&quot;mip&quot;:&quot;4000.ts&quot;,&quot;port&quot;:0,&quot;ip&quot;:&quot;file&quot;,&quot;in_name&quot;:&quot;bond&quot;,&quot;in_active&quot;:1,&quot;in_active_sources&quot;:0,&quot;prg_name&quot;:&quot;&quot;,&quot;prg_prov&quot;:&quot;&quot;,&quot;prg_num&quot;:-1,&quot;chan&quot;:&quot;&quot;,&quot;chan_id&quot;:-1,&quot;id&quot;:&quot;zixi://bonded(bonded17)#10.7.0.66:2088@10.7.0.65,192.168.60.66:2088@192.168.50.65,192.168.5.166:2088@192.168.5.165&quot;,&quot;type&quot;:2,&quot;name&quot;:&quot;bond17&quot;,&quot;asi&quot;:0,&quot;rtmp&quot;:0,&quot;file&quot;:1,&quot;active&quot;:1,&quot;group&quot;:&quot;&quot;,&quot;bonded&quot;:[],&quot;error&quot;:&quot;None&quot;,&quot;con_stat&quot;:&quot;Connecting&quot;,&quot;bitrate&quot;:0,&quot;dest&quot;:&quot;bonded/bonded17&quot;},{&quot;mip&quot;:&quot;4000.ts&quot;,&quot;port&quot;:0,&quot;ip&quot;:&quot;file&quot;,&quot;in_name&quot;:&quot;bond&quot;,&quot;in_active&quot;:1,&quot;in_active_sources&quot;:0,&quot;prg_name&quot;:&quot;&quot;,&quot;prg_prov&quot;:&quot;&quot;,&quot;prg_num&quot;:-1,&quot;chan&quot;:&quot;&quot;,&quot;chan_id&quot;:-1,&quot;id&quot;:&quot;zixi://bonded(bonded24)#10.7.0.66:2088@10.7.0.65,192.168.60.66:2088@192.168.50.65,192.168.5.166:2088@192.168.5.165&quot;,&quot;type&quot;:2,&quot;name&quot;:&quot;bond24&quot;,&quot;asi&quot;:0,&quot;rtmp&quot;:0,&quot;file&quot;:1,&quot;active&quot;:1,&quot;group&quot;:&quot;&quot;,&quot;bonded&quot;:[],&quot;error&quot;:&quot;None&quot;,&quot;con_stat&quot;:&quot;Connecting&quot;,&quot;bitrate&quot;:0,&quot;dest&quot;:&quot;bonded/bonded24&quot;},{&quot;mip&quot;:&quot;4000.ts&quot;,&quot;port&quot;:0,&quot;ip&quot;:&quot;file&quot;,&quot;in_name&quot;:&quot;bond&quot;,&quot;in_active&quot;:1,&quot;in_active_sources&quot;:0,&quot;prg_name&quot;:&quot;&quot;,&quot;prg_prov&quot;:&quot;&quot;,&quot;prg_num&quot;:-1,&quot;chan&quot;:&quot;&quot;,&quot;chan_id&quot;:-1,&quot;id&quot;:&quot;zixi://bonded(bonded15)#10.7.0.66:2088@10.7.0.65,192.168.60.66:2088@192.168.50.65,192.168.5.166:2088@192.168.5.165&quot;,&quot;type&quot;:2,&quot;name&quot;:&quot;bond15&quot;,&quot;asi&quot;:0,&quot;rtmp&quot;:0,&quot;file&quot;:1,&quot;active&quot;:1,&quot;group&quot;:&quot;&quot;,&quot;bonded&quot;:[],&quot;error&quot;:&quot;Timeout&quot;,&quot;con_stat&quot;:&quot;Connecting&quot;,&quot;bitrate&quot;:0,&quot;dest&quot;:&quot;bonded/bonded15&quot;},{&quot;mip&quot;:&quot;4000.ts&quot;,&quot;port&quot;:0,&quot;ip&quot;:&quot;file&quot;,&quot;in_name&quot;:&quot;bond&quot;,&quot;in_active&quot;:1,&quot;in_active_sources&quot;:0,&quot;prg_name&quot;:&quot;&quot;,&quot;prg_prov&quot;:&quot;&quot;,&quot;prg_num&quot;:-1,&quot;chan&quot;:&quot;&quot;,&quot;chan_id&quot;:-1,&quot;id&quot;:&quot;zixi://bonded(bonded28)#10.7.0.66:2088@10.7.0.65,192.168.60.66:2088@192.168.50.65,192.168.5.166:2088@192.168.5.165&quot;,&quot;type&quot;:2,&quot;name&quot;:&quot;bond28&quot;,&quot;asi&quot;:0,&quot;rtmp&quot;:0,&quot;file&quot;:1,&quot;active&quot;:1,&quot;group&quot;:&quot;&quot;,&quot;bonded&quot;:[],&quot;error&quot;:&quot;None&quot;,&quot;con_stat&quot;:&quot;Connecting&quot;,&quot;bitrate&quot;:0,&quot;dest&quot;:&quot;bonded/bonded28&quot;},{&quot;mip&quot;:&quot;4000.ts&quot;,&quot;port&quot;:0,&quot;ip&quot;:&quot;file&quot;,&quot;in_name&quot;:&quot;bond&quot;,&quot;in_active&quot;:1,&quot;in_active_sources&quot;:0,&quot;prg_name&quot;:&quot;&quot;,&quot;prg_prov&quot;:&quot;&quot;,&quot;prg_num&quot;:-1,&quot;chan&quot;:&quot;&quot;,&quot;chan_id&quot;:-1,&quot;id&quot;:&quot;zixi://bonded(bonded25)#10.7.0.66:2088@10.7.0.65,192.168.60.66:2088@192.168.50.65,192.168.5.166:2088@192.168.5.165&quot;,&quot;type&quot;:2,&quot;name&quot;:&quot;bond25&quot;,&quot;asi&quot;:0,&quot;rtmp&quot;:0,&quot;file&quot;:1,&quot;active&quot;:1,&quot;group&quot;:&quot;&quot;,&quot;bonded&quot;:[],&quot;error&quot;:&quot;None&quot;,&quot;con_stat&quot;:&quot;Connecting&quot;,&quot;bitrate&quot;:0,&quot;dest&quot;:&quot;bonded/bonded25&quot;},{&quot;mip&quot;:&quot;4000.ts&quot;,&quot;port&quot;:0,&quot;ip&quot;:&quot;file&quot;,&quot;in_name&quot;:&quot;bond&quot;,&quot;in_active&quot;:1,&quot;in_active_sources&quot;:0,&quot;prg_name&quot;:&quot;&quot;,&quot;prg_prov&quot;:&quot;&quot;,&quot;prg_num&quot;:-1,&quot;chan&quot;:&quot;&quot;,&quot;chan_id&quot;:-1,&quot;id&quot;:&quot;zixi://bonded(bonded18)#10.7.0.66:2088@10.7.0.65,192.168.60.66:2088@192.168.50.65,192.168.5.166:2088@192.168.5.165&quot;,&quot;type&quot;:2,&quot;name&quot;:&quot;bond18&quot;,&quot;asi&quot;:0,&quot;rtmp&quot;:0,&quot;file&quot;:1,&quot;active&quot;:1,&quot;group&quot;:&quot;&quot;,&quot;bonded&quot;:[],&quot;error&quot;:&quot;Timeout&quot;,&quot;con_stat&quot;:&quot;Connecting&quot;,&quot;bitrate&quot;:0,&quot;dest&quot;:&quot;bonded/bonded18&quot;}]}
Debug printing ------&gt;&gt;&gt; {&quot;custom_data&quot;:&quot;&quot;,&quot;msg&quot;:&quot;Output deleted.&quot;,&quot;error&quot;:&quot;&quot;,&quot;outs&quot;:[{&quot;mip&quot;:&quot;live_recording.ts&quot;,&quot;port&quot;:0,&quot;ip&quot;:&quot;file&quot;,&quot;in_name&quot;:&quot;feederoutputname&quot;,&quot;in_active&quot;:1,&quot;in_active_sources&quot;:0,&quot;prg_name&quot;:&quot;&quot;,&quot;prg_prov&quot;:&quot;&quot;,&quot;prg_num&quot;:1,&quot;chan&quot;:&quot;&quot;,&quot;chan_id&quot;:-1,&quot;id&quot;:&quot;zixi://10.7.0.66:2088/feederout&quot;,&quot;type&quot;:2,&quot;name&quot;:&quot;feederoutputname&quot;,&quot;asi&quot;:0,&quot;rtmp&quot;:0,&quot;file&quot;:1,&quot;active&quot;:1,&quot;group&quot;:&quot;&quot;,&quot;error&quot;:&quot;Authentication&quot;,&quot;con_stat&quot;:&quot;Disconnected&quot;,&quot;bitrate&quot;:0,&quot;dest&quot;:&quot;10.7.0.66:2088/feederout&quot;},{&quot;mip&quot;:&quot;4000.ts&quot;,&quot;port&quot;:0,&quot;ip&quot;:&quot;file&quot;,&quot;in_name&quot;:&quot;bond&quot;,&quot;in_active&quot;:1,&quot;in_active_sources&quot;:0,&quot;prg_name&quot;:&quot;&quot;,&quot;prg_prov&quot;:&quot;&quot;,&quot;prg_num&quot;:-1,&quot;chan&quot;:&quot;&quot;,&quot;chan_id&quot;:-1,&quot;id&quot;:&quot;zixi://bonded(bonded8)#10.7.0.66:2088@10.7.0.65,192.168.60.66:2088@192.168.50.65,192.168.5.166:2088@192.168.5.165&quot;,&quot;type&quot;:2,&quot;name&quot;:&quot;bond8&quot;,&quot;asi&quot;:0,&quot;rtmp&quot;:0,&quot;file&quot;:1,&quot;active&quot;:1,&quot;group&quot;:&quot;&quot;,&quot;bonded&quot;:[],&quot;error&quot;:&quot;None&quot;,&quot;con_stat&quot;:&quot;Connecting&quot;,&quot;bitrate&quot;:0,&quot;dest&quot;:&quot;bonded/bonded8&quot;},{&quot;mip&quot;:&quot;4000.ts&quot;,&quot;port&quot;:0,&quot;ip&quot;:&quot;file&quot;,&quot;in_name&quot;:&quot;bond&quot;,&quot;in_active&quot;:1,&quot;in_active_sources&quot;:0,&quot;prg_name&quot;:&quot;&quot;,&quot;prg_prov&quot;:&quot;&quot;,&quot;prg_num&quot;:-1,&quot;chan&quot;:&quot;&quot;,&quot;chan_id&quot;:-1,&quot;id&quot;:&quot;zixi://bonded(bonded23)#10.7.0.66:2088@10.7.0.65,192.168.60.66:2088@192.168.50.65,192.168.5.166:2088@192.168.5.165&quot;,&quot;type&quot;:2,&quot;name&quot;:&quot;bond23&quot;,&quot;asi&quot;:0,&quot;rtmp&quot;:0,&quot;file&quot;:1,&quot;active&quot;:1,&quot;group&quot;:&quot;&quot;,&quot;bonded&quot;:[],&quot;error&quot;:&quot;None&quot;,&quot;con_stat&quot;:&quot;Connecting&quot;,&quot;bitrate&quot;:0,&quot;dest&quot;:&quot;bonded/bonded23&quot;},{&quot;mip&quot;:&quot;4000.ts&quot;,&quot;port&quot;:0,&quot;ip&quot;:&quot;file&quot;,&quot;in_name&quot;:&quot;bond&quot;,&quot;in_active&quot;:1,&quot;in_active_sources&quot;:0,&quot;prg_name&quot;:&quot;&quot;,&quot;prg_prov&quot;:&quot;&quot;,&quot;prg_num&quot;:-1,&quot;chan&quot;:&quot;&quot;,&quot;chan_id&quot;:-1,&quot;id&quot;:&quot;zixi://bonded(bonded17)#10.7.0.66:2088@10.7.0.65,192.168.60.66:2088@192.168.50.65,192.168.5.166:2088@192.168.5.165&quot;,&quot;type&quot;:2,&quot;name&quot;:&quot;bond17&quot;,&quot;asi&quot;:0,&quot;rtmp&quot;:0,&quot;file&quot;:1,&quot;active&quot;:1,&quot;group&quot;:&quot;&quot;,&quot;bonded&quot;:[],&quot;error&quot;:&quot;None&quot;,&quot;con_stat&quot;:&quot;Connecting&quot;,&quot;bitrate&quot;:0,&quot;dest&quot;:&quot;bonded/bonded17&quot;},{&quot;mip&quot;:&quot;4000.ts&quot;,&quot;port&quot;:0,&quot;ip&quot;:&quot;file&quot;,&quot;in_name&quot;:&quot;bond&quot;,&quot;in_active&quot;:1,&quot;in_active_sources&quot;:0,&quot;prg_name&quot;:&quot;&quot;,&quot;prg_prov&quot;:&quot;&quot;,&quot;prg_num&quot;:-1,&quot;chan&quot;:&quot;&quot;,&quot;chan_id&quot;:-1,&quot;id&quot;:&quot;zixi://bonded(bonded24)#10.7.0.66:2088@10.7.0.65,192.168.60.66:2088@192.168.50.65,192.168.5.166:2088@192.168.5.165&quot;,&quot;type&quot;:2,&quot;name&quot;:&quot;bond24&quot;,&quot;asi&quot;:0,&quot;rtmp&quot;:0,&quot;file&quot;:1,&quot;active&quot;:1,&quot;group&quot;:&quot;&quot;,&quot;bonded&quot;:[],&quot;error&quot;:&quot;None&quot;,&quot;con_stat&quot;:&quot;Connecting&quot;,&quot;bitrate&quot;:0,&quot;dest&quot;:&quot;bonded/bonded24&quot;},{&quot;mip&quot;:&quot;4000.ts&quot;,&quot;port&quot;:0,&quot;ip&quot;:&quot;file&quot;,&quot;in_name&quot;:&quot;bond&quot;,&quot;in_active&quot;:1,&quot;in_active_sources&quot;:0,&quot;prg_name&quot;:&quot;&quot;,&quot;prg_prov&quot;:&quot;&quot;,&quot;prg_num&quot;:-1,&quot;chan&quot;:&quot;&quot;,&quot;chan_id&quot;:-1,&quot;id&quot;:&quot;zixi://bonded(bonded15)#10.7.0.66:2088@10.7.0.65,192.168.60.66:2088@192.168.50.65,192.168.5.166:2088@192.168.5.165&quot;,&quot;type&quot;:2,&quot;name&quot;:&quot;bond15&quot;,&quot;asi&quot;:0,&quot;rtmp&quot;:0,&quot;file&quot;:1,&quot;active&quot;:1,&quot;group&quot;:&quot;&quot;,&quot;bonded&quot;:[],&quot;error&quot;:&quot;Timeout&quot;,&quot;con_stat&quot;:&quot;Connecting&quot;,&quot;bitrate&quot;:0,&quot;dest&quot;:&quot;bonded/bonded15&quot;},{&quot;mip&quot;:&quot;4000.ts&quot;,&quot;port&quot;:0,&quot;ip&quot;:&quot;file&quot;,&quot;in_name&quot;:&quot;bond&quot;,&quot;in_active&quot;:1,&quot;in_active_sources&quot;:0,&quot;prg_name&quot;:&quot;&quot;,&quot;prg_prov&quot;:&quot;&quot;,&quot;prg_num&quot;:-1,&quot;chan&quot;:&quot;&quot;,&quot;chan_id&quot;:-1,&quot;id&quot;:&quot;zixi://bonded(bonded28)#10.7.0.66:2088@10.7.0.65,192.168.60.66:2088@192.168.50.65,192.168.5.166:2088@192.168.5.165&quot;,&quot;type&quot;:2,&quot;name&quot;:&quot;bond28&quot;,&quot;asi&quot;:0,&quot;rtmp&quot;:0,&quot;file&quot;:1,&quot;active&quot;:1,&quot;group&quot;:&quot;&quot;,&quot;bonded&quot;:[],&quot;error&quot;:&quot;None&quot;,&quot;con_stat&quot;:&quot;Connecting&quot;,&quot;bitrate&quot;:0,&quot;dest&quot;:&quot;bonded/bonded28&quot;},{&quot;mip&quot;:&quot;4000.ts&quot;,&quot;port&quot;:0,&quot;ip&quot;:&quot;file&quot;,&quot;in_name&quot;:&quot;bond&quot;,&quot;in_active&quot;:1,&quot;in_active_sources&quot;:0,&quot;prg_name&quot;:&quot;&quot;,&quot;prg_prov&quot;:&quot;&quot;,&quot;prg_num&quot;:-1,&quot;chan&quot;:&quot;&quot;,&quot;chan_id&quot;:-1,&quot;id&quot;:&quot;zixi://bonded(bonded25)#10.7.0.66:2088@10.7.0.65,192.168.60.66:2088@192.168.50.65,192.168.5.166:2088@192.168.5.165&quot;,&quot;type&quot;:2,&quot;name&quot;:&quot;bond25&quot;,&quot;asi&quot;:0,&quot;rtmp&quot;:0,&quot;file&quot;:1,&quot;active&quot;:1,&quot;group&quot;:&quot;&quot;,&quot;bonded&quot;:[],&quot;error&quot;:&quot;None&quot;,&quot;con_stat&quot;:&quot;Connecting&quot;,&quot;bitrate&quot;:0,&quot;dest&quot;:&quot;bonded/bonded25&quot;},{&quot;mip&quot;:&quot;4000.ts&quot;,&quot;port&quot;:0,&quot;ip&quot;:&quot;file&quot;,&quot;in_name&quot;:&quot;bond&quot;,&quot;in_active&quot;:1,&quot;in_active_sources&quot;:0,&quot;prg_name&quot;:&quot;&quot;,&quot;prg_prov&quot;:&quot;&quot;,&quot;prg_num&quot;:-1,&quot;chan&quot;:&quot;&quot;,&quot;chan_id&quot;:-1,&quot;id&quot;:&quot;zixi://bonded(bonded18)#10.7.0.66:2088@10.7.0.65,192.168.60.66:2088@192.168.50.65,192.168.5.166:2088@192.168.5.165&quot;,&quot;type&quot;:2,&quot;name&quot;:&quot;bond18&quot;,&quot;asi&quot;:0,&quot;rtmp&quot;:0,&quot;file&quot;:1,&quot;active&quot;:1,&quot;group&quot;:&quot;&quot;,&quot;bonded&quot;:[],&quot;error&quot;:&quot;Timeout&quot;,&quot;con_stat&quot;:&quot;Connecting&quot;,&quot;bitrate&quot;:0,&quot;dest&quot;:&quot;bonded/bonded18&quot;}]}
Debug printing ------&gt;&gt;&gt; {&quot;custom_data&quot;:&quot;&quot;,&quot;msg&quot;:&quot;Output deleted.&quot;,&quot;error&quot;:&quot;&quot;,&quot;outs&quot;:[{&quot;mip&quot;:&quot;live_recording.ts&quot;,&quot;port&quot;:0,&quot;ip&quot;:&quot;file&quot;,&quot;in_name&quot;:&quot;feederoutputname&quot;,&quot;in_active&quot;:1,&quot;in_active_sources&quot;:0,&quot;prg_name&quot;:&quot;&quot;,&quot;prg_prov&quot;:&quot;&quot;,&quot;prg_num&quot;:1,&quot;chan&quot;:&quot;&quot;,&quot;chan_id&quot;:-1,&quot;id&quot;:&quot;zixi://10.7.0.66:2088/feederout&quot;,&quot;type&quot;:2,&quot;name&quot;:&quot;feederoutputname&quot;,&quot;asi&quot;:0,&quot;rtmp&quot;:0,&quot;file&quot;:1,&quot;active&quot;:1,&quot;group&quot;:&quot;&quot;,&quot;error&quot;:&quot;Authentication&quot;,&quot;con_stat&quot;:&quot;Disconnected&quot;,&quot;bitrate&quot;:0,&quot;dest&quot;:&quot;10.7.0.66:2088/feederout&quot;},{&quot;mip&quot;:&quot;4000.ts&quot;,&quot;port&quot;:0,&quot;ip&quot;:&quot;file&quot;,&quot;in_name&quot;:&quot;bond&quot;,&quot;in_active&quot;:1,&quot;in_active_sources&quot;:0,&quot;prg_name&quot;:&quot;&quot;,&quot;prg_prov&quot;:&quot;&quot;,&quot;prg_num&quot;:-1,&quot;chan&quot;:&quot;&quot;,&quot;chan_id&quot;:-1,&quot;id&quot;:&quot;zixi://bonded(bonded23)#10.7.0.66:2088@10.7.0.65,192.168.60.66:2088@192.168.50.65,192.168.5.166:2088@192.168.5.165&quot;,&quot;type&quot;:2,&quot;name&quot;:&quot;bond23&quot;,&quot;asi&quot;:0,&quot;rtmp&quot;:0,&quot;file&quot;:1,&quot;active&quot;:1,&quot;group&quot;:&quot;&quot;,&quot;bonded&quot;:[],&quot;error&quot;:&quot;None&quot;,&quot;con_stat&quot;:&quot;Connecting&quot;,&quot;bitrate&quot;:0,&quot;dest&quot;:&quot;bonded/bonded23&quot;},{&quot;mip&quot;:&quot;4000.ts&quot;,&quot;port&quot;:0,&quot;ip&quot;:&quot;file&quot;,&quot;in_name&quot;:&quot;bond&quot;,&quot;in_active&quot;:1,&quot;in_active_sources&quot;:0,&quot;prg_name&quot;:&quot;&quot;,&quot;prg_prov&quot;:&quot;&quot;,&quot;prg_num&quot;:-1,&quot;chan&quot;:&quot;&quot;,&quot;chan_id&quot;:-1,&quot;id&quot;:&quot;zixi://bonded(bonded17)#10.7.0.66:2088@10.7.0.65,192.168.60.66:2088@192.168.50.65,192.168.5.166:2088@192.168.5.165&quot;,&quot;type&quot;:2,&quot;name&quot;:&quot;bond17&quot;,&quot;asi&quot;:0,&quot;rtmp&quot;:0,&quot;file&quot;:1,&quot;active&quot;:1,&quot;group&quot;:&quot;&quot;,&quot;bonded&quot;:[],&quot;error&quot;:&quot;None&quot;,&quot;con_stat&quot;:&quot;Connecting&quot;,&quot;bitrate&quot;:0,&quot;dest&quot;:&quot;bonded/bonded17&quot;},{&quot;mip&quot;:&quot;4000.ts&quot;,&quot;port&quot;:0,&quot;ip&quot;:&quot;file&quot;,&quot;in_name&quot;:&quot;bond&quot;,&quot;in_active&quot;:1,&quot;in_active_sources&quot;:0,&quot;prg_name&quot;:&quot;&quot;,&quot;prg_prov&quot;:&quot;&quot;,&quot;prg_num&quot;:-1,&quot;chan&quot;:&quot;&quot;,&quot;chan_id&quot;:-1,&quot;id&quot;:&quot;zixi://bonded(bonded24)#10.7.0.66:2088@10.7.0.65,192.168.60.66:2088@192.168.50.65,192.168.5.166:2088@192.168.5.165&quot;,&quot;type&quot;:2,&quot;name&quot;:&quot;bond24&quot;,&quot;asi&quot;:0,&quot;rtmp&quot;:0,&quot;file&quot;:1,&quot;active&quot;:1,&quot;group&quot;:&quot;&quot;,&quot;bonded&quot;:[],&quot;error&quot;:&quot;None&quot;,&quot;con_stat&quot;:&quot;Connecting&quot;,&quot;bitrate&quot;:0,&quot;dest&quot;:&quot;bonded/bonded24&quot;},{&quot;mip&quot;:&quot;4000.ts&quot;,&quot;port&quot;:0,&quot;ip&quot;:&quot;file&quot;,&quot;in_name&quot;:&quot;bond&quot;,&quot;in_active&quot;:1,&quot;in_active_sources&quot;:0,&quot;prg_name&quot;:&quot;&quot;,&quot;prg_prov&quot;:&quot;&quot;,&quot;prg_num&quot;:-1,&quot;chan&quot;:&quot;&quot;,&quot;chan_id&quot;:-1,&quot;id&quot;:&quot;zixi://bonded(bonded15)#10.7.0.66:2088@10.7.0.65,192.168.60.66:2088@192.168.50.65,192.168.5.166:2088@192.168.5.165&quot;,&quot;type&quot;:2,&quot;name&quot;:&quot;bond15&quot;,&quot;asi&quot;:0,&quot;rtmp&quot;:0,&quot;file&quot;:1,&quot;active&quot;:1,&quot;group&quot;:&quot;&quot;,&quot;bonded&quot;:[],&quot;error&quot;:&quot;Timeout&quot;,&quot;con_stat&quot;:&quot;Connecting&quot;,&quot;bitrate&quot;:0,&quot;dest&quot;:&quot;bonded/bonded15&quot;},{&quot;mip&quot;:&quot;4000.ts&quot;,&quot;port&quot;:0,&quot;ip&quot;:&quot;file&quot;,&quot;in_name&quot;:&quot;bond&quot;,&quot;in_active&quot;:1,&quot;in_active_sources&quot;:0,&quot;prg_name&quot;:&quot;&quot;,&quot;prg_prov&quot;:&quot;&quot;,&quot;prg_num&quot;:-1,&quot;chan&quot;:&quot;&quot;,&quot;chan_id&quot;:-1,&quot;id&quot;:&quot;zixi://bonded(bonded28)#10.7.0.66:2088@10.7.0.65,192.168.60.66:2088@192.168.50.65,192.168.5.166:2088@192.168.5.165&quot;,&quot;type&quot;:2,&quot;name&quot;:&quot;bond28&quot;,&quot;asi&quot;:0,&quot;rtmp&quot;:0,&quot;file&quot;:1,&quot;active&quot;:1,&quot;group&quot;:&quot;&quot;,&quot;bonded&quot;:[],&quot;error&quot;:&quot;None&quot;,&quot;con_stat&quot;:&quot;Connecting&quot;,&quot;bitrate&quot;:0,&quot;dest&quot;:&quot;bonded/bonded28&quot;},{&quot;mip&quot;:&quot;4000.ts&quot;,&quot;port&quot;:0,&quot;ip&quot;:&quot;file&quot;,&quot;in_name&quot;:&quot;bond&quot;,&quot;in_active&quot;:1,&quot;in_active_sources&quot;:0,&quot;prg_name&quot;:&quot;&quot;,&quot;prg_prov&quot;:&quot;&quot;,&quot;prg_num&quot;:-1,&quot;chan&quot;:&quot;&quot;,&quot;chan_id&quot;:-1,&quot;id&quot;:&quot;zixi://bonded(bonded25)#10.7.0.66:2088@10.7.0.65,192.168.60.66:2088@192.168.50.65,192.168.5.166:2088@192.168.5.165&quot;,&quot;type&quot;:2,&quot;name&quot;:&quot;bond25&quot;,&quot;asi&quot;:0,&quot;rtmp&quot;:0,&quot;file&quot;:1,&quot;active&quot;:1,&quot;group&quot;:&quot;&quot;,&quot;bonded&quot;:[],&quot;error&quot;:&quot;None&quot;,&quot;con_stat&quot;:&quot;Connecting&quot;,&quot;bitrate&quot;:0,&quot;dest&quot;:&quot;bonded/bonded25&quot;},{&quot;mip&quot;:&quot;4000.ts&quot;,&quot;port&quot;:0,&quot;ip&quot;:&quot;file&quot;,&quot;in_name&quot;:&quot;bond&quot;,&quot;in_active&quot;:1,&quot;in_active_sources&quot;:0,&quot;prg_name&quot;:&quot;&quot;,&quot;prg_prov&quot;:&quot;&quot;,&quot;prg_num&quot;:-1,&quot;chan&quot;:&quot;&quot;,&quot;chan_id&quot;:-1,&quot;id&quot;:&quot;zixi://bonded(bonded18)#10.7.0.66:2088@10.7.0.65,192.168.60.66:2088@192.168.50.65,192.168.5.166:2088@192.168.5.165&quot;,&quot;type&quot;:2,&quot;name&quot;:&quot;bond18&quot;,&quot;asi&quot;:0,&quot;rtmp&quot;:0,&quot;file&quot;:1,&quot;active&quot;:1,&quot;group&quot;:&quot;&quot;,&quot;bonded&quot;:[],&quot;error&quot;:&quot;Timeout&quot;,&quot;con_stat&quot;:&quot;Connecting&quot;,&quot;bitrate&quot;:0,&quot;dest&quot;:&quot;bonded/bonded18&quot;}]}
Debug printing ------&gt;&gt;&gt; {&quot;custom_data&quot;:&quot;&quot;,&quot;msg&quot;:&quot;Output deleted.&quot;,&quot;error&quot;:&quot;&quot;,&quot;outs&quot;:[{&quot;mip&quot;:&quot;live_recording.ts&quot;,&quot;port&quot;:0,&quot;ip&quot;:&quot;file&quot;,&quot;in_name&quot;:&quot;feederoutputname&quot;,&quot;in_active&quot;:1,&quot;in_active_sources&quot;:0,&quot;prg_name&quot;:&quot;&quot;,&quot;prg_prov&quot;:&quot;&quot;,&quot;prg_num&quot;:1,&quot;chan&quot;:&quot;&quot;,&quot;chan_id&quot;:-1,&quot;id&quot;:&quot;zixi://10.7.0.66:2088/feederout&quot;,&quot;type&quot;:2,&quot;name&quot;:&quot;feederoutputname&quot;,&quot;asi&quot;:0,&quot;rtmp&quot;:0,&quot;file&quot;:1,&quot;active&quot;:1,&quot;group&quot;:&quot;&quot;,&quot;error&quot;:&quot;Authentication&quot;,&quot;con_stat&quot;:&quot;Disconnected&quot;,&quot;bitrate&quot;:0,&quot;dest&quot;:&quot;10.7.0.66:2088/feederout&quot;},{&quot;mip&quot;:&quot;4000.ts&quot;,&quot;port&quot;:0,&quot;ip&quot;:&quot;file&quot;,&quot;in_name&quot;:&quot;bond&quot;,&quot;in_active&quot;:1,&quot;in_active_sources&quot;:0,&quot;prg_name&quot;:&quot;&quot;,&quot;prg_prov&quot;:&quot;&quot;,&quot;prg_num&quot;:-1,&quot;chan&quot;:&quot;&quot;,&quot;chan_id&quot;:-1,&quot;id&quot;:&quot;zixi://bonded(bonded17)#10.7.0.66:2088@10.7.0.65,192.168.60.66:2088@192.168.50.65,192.168.5.166:2088@192.168.5.165&quot;,&quot;type&quot;:2,&quot;name&quot;:&quot;bond17&quot;,&quot;asi&quot;:0,&quot;rtmp&quot;:0,&quot;file&quot;:1,&quot;active&quot;:1,&quot;group&quot;:&quot;&quot;,&quot;bonded&quot;:[],&quot;error&quot;:&quot;None&quot;,&quot;con_stat&quot;:&quot;Connecting&quot;,&quot;bitrate&quot;:0,&quot;dest&quot;:&quot;bonded/bonded17&quot;},{&quot;mip&quot;:&quot;4000.ts&quot;,&quot;port&quot;:0,&quot;ip&quot;:&quot;file&quot;,&quot;in_name&quot;:&quot;bond&quot;,&quot;in_active&quot;:1,&quot;in_active_sources&quot;:0,&quot;prg_name&quot;:&quot;&quot;,&quot;prg_prov&quot;:&quot;&quot;,&quot;prg_num&quot;:-1,&quot;chan&quot;:&quot;&quot;,&quot;chan_id&quot;:-1,&quot;id&quot;:&quot;zixi://bonded(bonded24)#10.7.0.66:2088@10.7.0.65,192.168.60.66:2088@192.168.50.65,192.168.5.166:2088@192.168.5.165&quot;,&quot;type&quot;:2,&quot;name&quot;:&quot;bond24&quot;,&quot;asi&quot;:0,&quot;rtmp&quot;:0,&quot;file&quot;:1,&quot;active&quot;:1,&quot;group&quot;:&quot;&quot;,&quot;bonded&quot;:[],&quot;error&quot;:&quot;None&quot;,&quot;con_stat&quot;:&quot;Connecting&quot;,&quot;bitrate&quot;:0,&quot;dest&quot;:&quot;bonded/bonded24&quot;},{&quot;mip&quot;:&quot;4000.ts&quot;,&quot;port&quot;:0,&quot;ip&quot;:&quot;file&quot;,&quot;in_name&quot;:&quot;bond&quot;,&quot;in_active&quot;:1,&quot;in_active_sources&quot;:0,&quot;prg_name&quot;:&quot;&quot;,&quot;prg_prov&quot;:&quot;&quot;,&quot;prg_num&quot;:-1,&quot;chan&quot;:&quot;&quot;,&quot;chan_id&quot;:-1,&quot;id&quot;:&quot;zixi://bonded(bonded15)#10.7.0.66:2088@10.7.0.65,192.168.60.66:2088@192.168.50.65,192.168.5.166:2088@192.168.5.165&quot;,&quot;type&quot;:2,&quot;name&quot;:&quot;bond15&quot;,&quot;asi&quot;:0,&quot;rtmp&quot;:0,&quot;file&quot;:1,&quot;active&quot;:1,&quot;group&quot;:&quot;&quot;,&quot;bonded&quot;:[],&quot;error&quot;:&quot;Timeout&quot;,&quot;con_stat&quot;:&quot;Connecting&quot;,&quot;bitrate&quot;:0,&quot;dest&quot;:&quot;bonded/bonded15&quot;},{&quot;mip&quot;:&quot;4000.ts&quot;,&quot;port&quot;:0,&quot;ip&quot;:&quot;file&quot;,&quot;in_name&quot;:&quot;bond&quot;,&quot;in_active&quot;:1,&quot;in_active_sources&quot;:0,&quot;prg_name&quot;:&quot;&quot;,&quot;prg_prov&quot;:&quot;&quot;,&quot;prg_num&quot;:-1,&quot;chan&quot;:&quot;&quot;,&quot;chan_id&quot;:-1,&quot;id&quot;:&quot;zixi://bonded(bonded28)#10.7.0.66:2088@10.7.0.65,192.168.60.66:2088@192.168.50.65,192.168.5.166:2088@192.168.5.165&quot;,&quot;type&quot;:2,&quot;name&quot;:&quot;bond28&quot;,&quot;asi&quot;:0,&quot;rtmp&quot;:0,&quot;file&quot;:1,&quot;active&quot;:1,&quot;group&quot;:&quot;&quot;,&quot;bonded&quot;:[],&quot;error&quot;:&quot;None&quot;,&quot;con_stat&quot;:&quot;Connecting&quot;,&quot;bitrate&quot;:0,&quot;dest&quot;:&quot;bonded/bonded28&quot;},{&quot;mip&quot;:&quot;4000.ts&quot;,&quot;port&quot;:0,&quot;ip&quot;:&quot;file&quot;,&quot;in_name&quot;:&quot;bond&quot;,&quot;in_active&quot;:1,&quot;in_active_sources&quot;:0,&quot;prg_name&quot;:&quot;&quot;,&quot;prg_prov&quot;:&quot;&quot;,&quot;prg_num&quot;:-1,&quot;chan&quot;:&quot;&quot;,&quot;chan_id&quot;:-1,&quot;id&quot;:&quot;zixi://bonded(bonded25)#10.7.0.66:2088@10.7.0.65,192.168.60.66:2088@192.168.50.65,192.168.5.166:2088@192.168.5.165&quot;,&quot;type&quot;:2,&quot;name&quot;:&quot;bond25&quot;,&quot;asi&quot;:0,&quot;rtmp&quot;:0,&quot;file&quot;:1,&quot;active&quot;:1,&quot;group&quot;:&quot;&quot;,&quot;bonded&quot;:[],&quot;error&quot;:&quot;None&quot;,&quot;con_stat&quot;:&quot;Connecting&quot;,&quot;bitrate&quot;:0,&quot;dest&quot;:&quot;bonded/bonded25&quot;},{&quot;mip&quot;:&quot;4000.ts&quot;,&quot;port&quot;:0,&quot;ip&quot;:&quot;file&quot;,&quot;in_name&quot;:&quot;bond&quot;,&quot;in_active&quot;:1,&quot;in_active_sources&quot;:0,&quot;prg_name&quot;:&quot;&quot;,&quot;prg_prov&quot;:&quot;&quot;,&quot;prg_num&quot;:-1,&quot;chan&quot;:&quot;&quot;,&quot;chan_id&quot;:-1,&quot;id&quot;:&quot;zixi://bonded(bonded18)#10.7.0.66:2088@10.7.0.65,192.168.60.66:2088@192.168.50.65,192.168.5.166:2088@192.168.5.165&quot;,&quot;type&quot;:2,&quot;name&quot;:&quot;bond18&quot;,&quot;asi&quot;:0,&quot;rtmp&quot;:0,&quot;file&quot;:1,&quot;active&quot;:1,&quot;group&quot;:&quot;&quot;,&quot;bonded&quot;:[],&quot;error&quot;:&quot;Timeout&quot;,&quot;con_stat&quot;:&quot;Connecting&quot;,&quot;bitrate&quot;:0,&quot;dest&quot;:&quot;bonded/bonded18&quot;}]}
Debug printing ------&gt;&gt;&gt; {&quot;custom_data&quot;:&quot;&quot;,&quot;msg&quot;:&quot;Output deleted.&quot;,&quot;error&quot;:&quot;&quot;,&quot;outs&quot;:[{&quot;mip&quot;:&quot;live_recording.ts&quot;,&quot;port&quot;:0,&quot;ip&quot;:&quot;file&quot;,&quot;in_name&quot;:&quot;feederoutputname&quot;,&quot;in_active&quot;:1,&quot;in_active_sources&quot;:0,&quot;prg_name&quot;:&quot;&quot;,&quot;prg_prov&quot;:&quot;&quot;,&quot;prg_num&quot;:1,&quot;chan&quot;:&quot;&quot;,&quot;chan_id&quot;:-1,&quot;id&quot;:&quot;zixi://10.7.0.66:2088/feederout&quot;,&quot;type&quot;:2,&quot;name&quot;:&quot;feederoutputname&quot;,&quot;asi&quot;:0,&quot;rtmp&quot;:0,&quot;file&quot;:1,&quot;active&quot;:1,&quot;group&quot;:&quot;&quot;,&quot;error&quot;:&quot;Authentication&quot;,&quot;con_stat&quot;:&quot;Disconnected&quot;,&quot;bitrate&quot;:0,&quot;dest&quot;:&quot;10.7.0.66:2088/feederout&quot;},{&quot;mip&quot;:&quot;4000.ts&quot;,&quot;port&quot;:0,&quot;ip&quot;:&quot;file&quot;,&quot;in_name&quot;:&quot;bond&quot;,&quot;in_active&quot;:1,&quot;in_active_sources&quot;:0,&quot;prg_name&quot;:&quot;&quot;,&quot;prg_prov&quot;:&quot;&quot;,&quot;prg_num&quot;:-1,&quot;chan&quot;:&quot;&quot;,&quot;chan_id&quot;:-1,&quot;id&quot;:&quot;zixi://bonded(bonded24)#10.7.0.66:2088@10.7.0.65,192.168.60.66:2088@192.168.50.65,192.168.5.166:2088@192.168.5.165&quot;,&quot;type&quot;:2,&quot;name&quot;:&quot;bond24&quot;,&quot;asi&quot;:0,&quot;rtmp&quot;:0,&quot;file&quot;:1,&quot;active&quot;:1,&quot;group&quot;:&quot;&quot;,&quot;bonded&quot;:[],&quot;error&quot;:&quot;None&quot;,&quot;con_stat&quot;:&quot;Connecting&quot;,&quot;bitrate&quot;:0,&quot;dest&quot;:&quot;bonded/bonded24&quot;},{&quot;mip&quot;:&quot;4000.ts&quot;,&quot;port&quot;:0,&quot;ip&quot;:&quot;file&quot;,&quot;in_name&quot;:&quot;bond&quot;,&quot;in_active&quot;:1,&quot;in_active_sources&quot;:0,&quot;prg_name&quot;:&quot;&quot;,&quot;prg_prov&quot;:&quot;&quot;,&quot;prg_num&quot;:-1,&quot;chan&quot;:&quot;&quot;,&quot;chan_id&quot;:-1,&quot;id&quot;:&quot;zixi://bonded(bonded15)#10.7.0.66:2088@10.7.0.65,192.168.60.66:2088@192.168.50.65,192.168.5.166:2088@192.168.5.165&quot;,&quot;type&quot;:2,&quot;name&quot;:&quot;bond15&quot;,&quot;asi&quot;:0,&quot;rtmp&quot;:0,&quot;file&quot;:1,&quot;active&quot;:1,&quot;group&quot;:&quot;&quot;,&quot;bonded&quot;:[],&quot;error&quot;:&quot;Timeout&quot;,&quot;con_stat&quot;:&quot;Connecting&quot;,&quot;bitrate&quot;:0,&quot;dest&quot;:&quot;bonded/bonded15&quot;},{&quot;mip&quot;:&quot;4000.ts&quot;,&quot;port&quot;:0,&quot;ip&quot;:&quot;file&quot;,&quot;in_name&quot;:&quot;bond&quot;,&quot;in_active&quot;:1,&quot;in_active_sources&quot;:0,&quot;prg_name&quot;:&quot;&quot;,&quot;prg_prov&quot;:&quot;&quot;,&quot;prg_num&quot;:-1,&quot;chan&quot;:&quot;&quot;,&quot;chan_id&quot;:-1,&quot;id&quot;:&quot;zixi://bonded(bonded28)#10.7.0.66:2088@10.7.0.65,192.168.60.66:2088@192.168.50.65,192.168.5.166:2088@192.168.5.165&quot;,&quot;type&quot;:2,&quot;name&quot;:&quot;bond28&quot;,&quot;asi&quot;:0,&quot;rtmp&quot;:0,&quot;file&quot;:1,&quot;active&quot;:1,&quot;group&quot;:&quot;&quot;,&quot;bonded&quot;:[],&quot;error&quot;:&quot;None&quot;,&quot;con_stat&quot;:&quot;Connecting&quot;,&quot;bitrate&quot;:0,&quot;dest&quot;:&quot;bonded/bonded28&quot;},{&quot;mip&quot;:&quot;4000.ts&quot;,&quot;port&quot;:0,&quot;ip&quot;:&quot;file&quot;,&quot;in_name&quot;:&quot;bond&quot;,&quot;in_active&quot;:1,&quot;in_active_sources&quot;:0,&quot;prg_name&quot;:&quot;&quot;,&quot;prg_prov&quot;:&quot;&quot;,&quot;prg_num&quot;:-1,&quot;chan&quot;:&quot;&quot;,&quot;chan_id&quot;:-1,&quot;id&quot;:&quot;zixi://bonded(bonded25)#10.7.0.66:2088@10.7.0.65,192.168.60.66:2088@192.168.50.65,192.168.5.166:2088@192.168.5.165&quot;,&quot;type&quot;:2,&quot;name&quot;:&quot;bond25&quot;,&quot;asi&quot;:0,&quot;rtmp&quot;:0,&quot;file&quot;:1,&quot;active&quot;:1,&quot;group&quot;:&quot;&quot;,&quot;bonded&quot;:[],&quot;error&quot;:&quot;None&quot;,&quot;con_stat&quot;:&quot;Connecting&quot;,&quot;bitrate&quot;:0,&quot;dest&quot;:&quot;bonded/bonded25&quot;},{&quot;mip&quot;:&quot;4000.ts&quot;,&quot;port&quot;:0,&quot;ip&quot;:&quot;file&quot;,&quot;in_name&quot;:&quot;bond&quot;,&quot;in_active&quot;:1,&quot;in_active_sources&quot;:0,&quot;prg_name&quot;:&quot;&quot;,&quot;prg_prov&quot;:&quot;&quot;,&quot;prg_num&quot;:-1,&quot;chan&quot;:&quot;&quot;,&quot;chan_id&quot;:-1,&quot;id&quot;:&quot;zixi://bonded(bonded18)#10.7.0.66:2088@10.7.0.65,192.168.60.66:2088@192.168.50.65,192.168.5.166:2088@192.168.5.165&quot;,&quot;type&quot;:2,&quot;name&quot;:&quot;bond18&quot;,&quot;asi&quot;:0,&quot;rtmp&quot;:0,&quot;file&quot;:1,&quot;active&quot;:1,&quot;group&quot;:&quot;&quot;,&quot;bonded&quot;:[],&quot;error&quot;:&quot;Timeout&quot;,&quot;con_stat&quot;:&quot;Connecting&quot;,&quot;bitrate&quot;:0,&quot;dest&quot;:&quot;bonded/bonded18&quot;}]}
Debug printing ------&gt;&gt;&gt; {&quot;custom_data&quot;:&quot;&quot;,&quot;msg&quot;:&quot;Output deleted.&quot;,&quot;error&quot;:&quot;&quot;,&quot;outs&quot;:[{&quot;mip&quot;:&quot;live_recording.ts&quot;,&quot;port&quot;:0,&quot;ip&quot;:&quot;file&quot;,&quot;in_name&quot;:&quot;feederoutputname&quot;,&quot;in_active&quot;:1,&quot;in_active_sources&quot;:0,&quot;prg_name&quot;:&quot;&quot;,&quot;prg_prov&quot;:&quot;&quot;,&quot;prg_num&quot;:1,&quot;chan&quot;:&quot;&quot;,&quot;chan_id&quot;:-1,&quot;id&quot;:&quot;zixi://10.7.0.66:2088/feederout&quot;,&quot;type&quot;:2,&quot;name&quot;:&quot;feederoutputname&quot;,&quot;asi&quot;:0,&quot;rtmp&quot;:0,&quot;file&quot;:1,&quot;active&quot;:1,&quot;group&quot;:&quot;&quot;,&quot;error&quot;:&quot;Authentication&quot;,&quot;con_stat&quot;:&quot;Disconnected&quot;,&quot;bitrate&quot;:0,&quot;dest&quot;:&quot;10.7.0.66:2088/feederout&quot;},{&quot;mip&quot;:&quot;4000.ts&quot;,&quot;port&quot;:0,&quot;ip&quot;:&quot;file&quot;,&quot;in_name&quot;:&quot;bond&quot;,&quot;in_active&quot;:1,&quot;in_active_sources&quot;:0,&quot;prg_name&quot;:&quot;&quot;,&quot;prg_prov&quot;:&quot;&quot;,&quot;prg_num&quot;:-1,&quot;chan&quot;:&quot;&quot;,&quot;chan_id&quot;:-1,&quot;id&quot;:&quot;zixi://bonded(bonded15)#10.7.0.66:2088@10.7.0.65,192.168.60.66:2088@192.168.50.65,192.168.5.166:2088@192.168.5.165&quot;,&quot;type&quot;:2,&quot;name&quot;:&quot;bond15&quot;,&quot;asi&quot;:0,&quot;rtmp&quot;:0,&quot;file&quot;:1,&quot;active&quot;:1,&quot;group&quot;:&quot;&quot;,&quot;bonded&quot;:[],&quot;error&quot;:&quot;Timeout&quot;,&quot;con_stat&quot;:&quot;Connecting&quot;,&quot;bitrate&quot;:0,&quot;dest&quot;:&quot;bonded/bonded15&quot;},{&quot;mip&quot;:&quot;4000.ts&quot;,&quot;port&quot;:0,&quot;ip&quot;:&quot;file&quot;,&quot;in_name&quot;:&quot;bond&quot;,&quot;in_active&quot;:1,&quot;in_active_sources&quot;:0,&quot;prg_name&quot;:&quot;&quot;,&quot;prg_prov&quot;:&quot;&quot;,&quot;prg_num&quot;:-1,&quot;chan&quot;:&quot;&quot;,&quot;chan_id&quot;:-1,&quot;id&quot;:&quot;zixi://bonded(bonded28)#10.7.0.66:2088@10.7.0.65,192.168.60.66:2088@192.168.50.65,192.168.5.166:2088@192.168.5.165&quot;,&quot;type&quot;:2,&quot;name&quot;:&quot;bond28&quot;,&quot;asi&quot;:0,&quot;rtmp&quot;:0,&quot;file&quot;:1,&quot;active&quot;:1,&quot;group&quot;:&quot;&quot;,&quot;bonded&quot;:[],&quot;error&quot;:&quot;None&quot;,&quot;con_stat&quot;:&quot;Connecting&quot;,&quot;bitrate&quot;:0,&quot;dest&quot;:&quot;bonded/bonded28&quot;},{&quot;mip&quot;:&quot;4000.ts&quot;,&quot;port&quot;:0,&quot;ip&quot;:&quot;file&quot;,&quot;in_name&quot;:&quot;bond&quot;,&quot;in_active&quot;:1,&quot;in_active_sources&quot;:0,&quot;prg_name&quot;:&quot;&quot;,&quot;prg_prov&quot;:&quot;&quot;,&quot;prg_num&quot;:-1,&quot;chan&quot;:&quot;&quot;,&quot;chan_id&quot;:-1,&quot;id&quot;:&quot;zixi://bonded(bonded25)#10.7.0.66:2088@10.7.0.65,192.168.60.66:2088@192.168.50.65,192.168.5.166:2088@192.168.5.165&quot;,&quot;type&quot;:2,&quot;name&quot;:&quot;bond25&quot;,&quot;asi&quot;:0,&quot;rtmp&quot;:0,&quot;file&quot;:1,&quot;active&quot;:1,&quot;group&quot;:&quot;&quot;,&quot;bonded&quot;:[],&quot;error&quot;:&quot;None&quot;,&quot;con_stat&quot;:&quot;Connecting&quot;,&quot;bitrate&quot;:0,&quot;dest&quot;:&quot;bonded/bonded25&quot;},{&quot;mip&quot;:&quot;4000.ts&quot;,&quot;port&quot;:0,&quot;ip&quot;:&quot;file&quot;,&quot;in_name&quot;:&quot;bond&quot;,&quot;in_active&quot;:1,&quot;in_active_sources&quot;:0,&quot;prg_name&quot;:&quot;&quot;,&quot;prg_prov&quot;:&quot;&quot;,&quot;prg_num&quot;:-1,&quot;chan&quot;:&quot;&quot;,&quot;chan_id&quot;:-1,&quot;id&quot;:&quot;zixi://bonded(bonded18)#10.7.0.66:2088@10.7.0.65,192.168.60.66:2088@192.168.50.65,192.168.5.166:2088@192.168.5.165&quot;,&quot;type&quot;:2,&quot;name&quot;:&quot;bond18&quot;,&quot;asi&quot;:0,&quot;rtmp&quot;:0,&quot;file&quot;:1,&quot;active&quot;:1,&quot;group&quot;:&quot;&quot;,&quot;bonded&quot;:[],&quot;error&quot;:&quot;Timeout&quot;,&quot;con_stat&quot;:&quot;Connecting&quot;,&quot;bitrate&quot;:0,&quot;dest&quot;:&quot;bonded/bonded18&quot;}]}
Debug printing ------&gt;&gt;&gt; {&quot;custom_data&quot;:&quot;&quot;,&quot;msg&quot;:&quot;Output deleted.&quot;,&quot;error&quot;:&quot;&quot;,&quot;outs&quot;:[{&quot;mip&quot;:&quot;live_recording.ts&quot;,&quot;port&quot;:0,&quot;ip&quot;:&quot;file&quot;,&quot;in_name&quot;:&quot;feederoutputname&quot;,&quot;in_active&quot;:1,&quot;in_active_sources&quot;:0,&quot;prg_name&quot;:&quot;&quot;,&quot;prg_prov&quot;:&quot;&quot;,&quot;prg_num&quot;:1,&quot;chan&quot;:&quot;&quot;,&quot;chan_id&quot;:-1,&quot;id&quot;:&quot;zixi://10.7.0.66:2088/feederout&quot;,&quot;type&quot;:2,&quot;name&quot;:&quot;feederoutputname&quot;,&quot;asi&quot;:0,&quot;rtmp&quot;:0,&quot;file&quot;:1,&quot;active&quot;:1,&quot;group&quot;:&quot;&quot;,&quot;error&quot;:&quot;Authentication&quot;,&quot;con_stat&quot;:&quot;Disconnected&quot;,&quot;bitrate&quot;:0,&quot;dest&quot;:&quot;10.7.0.66:2088/feederout&quot;},{&quot;mip&quot;:&quot;4000.ts&quot;,&quot;port&quot;:0,&quot;ip&quot;:&quot;file&quot;,&quot;in_name&quot;:&quot;bond&quot;,&quot;in_active&quot;:1,&quot;in_active_sources&quot;:0,&quot;prg_name&quot;:&quot;&quot;,&quot;prg_prov&quot;:&quot;&quot;,&quot;prg_num&quot;:-1,&quot;chan&quot;:&quot;&quot;,&quot;chan_id&quot;:-1,&quot;id&quot;:&quot;zixi://bonded(bonded28)#10.7.0.66:2088@10.7.0.65,192.168.60.66:2088@192.168.50.65,192.168.5.166:2088@192.168.5.165&quot;,&quot;type&quot;:2,&quot;name&quot;:&quot;bond28&quot;,&quot;asi&quot;:0,&quot;rtmp&quot;:0,&quot;file&quot;:1,&quot;active&quot;:1,&quot;group&quot;:&quot;&quot;,&quot;bonded&quot;:[],&quot;error&quot;:&quot;None&quot;,&quot;con_stat&quot;:&quot;Connecting&quot;,&quot;bitrate&quot;:0,&quot;dest&quot;:&quot;bonded/bonded28&quot;},{&quot;mip&quot;:&quot;4000.ts&quot;,&quot;port&quot;:0,&quot;ip&quot;:&quot;file&quot;,&quot;in_name&quot;:&quot;bond&quot;,&quot;in_active&quot;:1,&quot;in_active_sources&quot;:0,&quot;prg_name&quot;:&quot;&quot;,&quot;prg_prov&quot;:&quot;&quot;,&quot;prg_num&quot;:-1,&quot;chan&quot;:&quot;&quot;,&quot;chan_id&quot;:-1,&quot;id&quot;:&quot;zixi://bonded(bonded25)#10.7.0.66:2088@10.7.0.65,192.168.60.66:2088@192.168.50.65,192.168.5.166:2088@192.168.5.165&quot;,&quot;type&quot;:2,&quot;name&quot;:&quot;bond25&quot;,&quot;asi&quot;:0,&quot;rtmp&quot;:0,&quot;file&quot;:1,&quot;active&quot;:1,&quot;group&quot;:&quot;&quot;,&quot;bonded&quot;:[],&quot;error&quot;:&quot;None&quot;,&quot;con_stat&quot;:&quot;Connecting&quot;,&quot;bitrate&quot;:0,&quot;dest&quot;:&quot;bonded/bonded25&quot;},{&quot;mip&quot;:&quot;4000.ts&quot;,&quot;port&quot;:0,&quot;ip&quot;:&quot;file&quot;,&quot;in_name&quot;:&quot;bond&quot;,&quot;in_active&quot;:1,&quot;in_active_sources&quot;:0,&quot;prg_name&quot;:&quot;&quot;,&quot;prg_prov&quot;:&quot;&quot;,&quot;prg_num&quot;:-1,&quot;chan&quot;:&quot;&quot;,&quot;chan_id&quot;:-1,&quot;id&quot;:&quot;zixi://bonded(bonded18)#10.7.0.66:2088@10.7.0.65,192.168.60.66:2088@192.168.50.65,192.168.5.166:2088@192.168.5.165&quot;,&quot;type&quot;:2,&quot;name&quot;:&quot;bond18&quot;,&quot;asi&quot;:0,&quot;rtmp&quot;:0,&quot;file&quot;:1,&quot;active&quot;:1,&quot;group&quot;:&quot;&quot;,&quot;bonded&quot;:[],&quot;error&quot;:&quot;Timeout&quot;,&quot;con_stat&quot;:&quot;Connecting&quot;,&quot;bitrate&quot;:0,&quot;dest&quot;:&quot;bonded/bonded18&quot;}]}
Debug printing ------&gt;&gt;&gt; {&quot;custom_data&quot;:&quot;&quot;,&quot;msg&quot;:&quot;Output deleted.&quot;,&quot;error&quot;:&quot;&quot;,&quot;outs&quot;:[{&quot;mip&quot;:&quot;live_recording.ts&quot;,&quot;port&quot;:0,&quot;ip&quot;:&quot;file&quot;,&quot;in_name&quot;:&quot;feederoutputname&quot;,&quot;in_active&quot;:1,&quot;in_active_sources&quot;:0,&quot;prg_name&quot;:&quot;&quot;,&quot;prg_prov&quot;:&quot;&quot;,&quot;prg_num&quot;:1,&quot;chan&quot;:&quot;&quot;,&quot;chan_id&quot;:-1,&quot;id&quot;:&quot;zixi://10.7.0.66:2088/feederout&quot;,&quot;type&quot;:2,&quot;name&quot;:&quot;feederoutputname&quot;,&quot;asi&quot;:0,&quot;rtmp&quot;:0,&quot;file&quot;:1,&quot;active&quot;:1,&quot;group&quot;:&quot;&quot;,&quot;error&quot;:&quot;Authentication&quot;,&quot;con_stat&quot;:&quot;Disconnected&quot;,&quot;bitrate&quot;:0,&quot;dest&quot;:&quot;10.7.0.66:2088/feederout&quot;},{&quot;mip&quot;:&quot;4000.ts&quot;,&quot;port&quot;:0,&quot;ip&quot;:&quot;file&quot;,&quot;in_name&quot;:&quot;bond&quot;,&quot;in_active&quot;:1,&quot;in_active_sources&quot;:0,&quot;prg_name&quot;:&quot;&quot;,&quot;prg_prov&quot;:&quot;&quot;,&quot;prg_num&quot;:-1,&quot;chan&quot;:&quot;&quot;,&quot;chan_id&quot;:-1,&quot;id&quot;:&quot;zixi://bonded(bonded25)#10.7.0.66:2088@10.7.0.65,192.168.60.66:2088@192.168.50.65,192.168.5.166:2088@192.168.5.165&quot;,&quot;type&quot;:2,&quot;name&quot;:&quot;bond25&quot;,&quot;asi&quot;:0,&quot;rtmp&quot;:0,&quot;file&quot;:1,&quot;active&quot;:1,&quot;group&quot;:&quot;&quot;,&quot;bonded&quot;:[],&quot;error&quot;:&quot;None&quot;,&quot;con_stat&quot;:&quot;Connecting&quot;,&quot;bitrate&quot;:0,&quot;dest&quot;:&quot;bonded/bonded25&quot;},{&quot;mip&quot;:&quot;4000.ts&quot;,&quot;port&quot;:0,&quot;ip&quot;:&quot;file&quot;,&quot;in_name&quot;:&quot;bond&quot;,&quot;in_active&quot;:1,&quot;in_active_sources&quot;:0,&quot;prg_name&quot;:&quot;&quot;,&quot;prg_prov&quot;:&quot;&quot;,&quot;prg_num&quot;:-1,&quot;chan&quot;:&quot;&quot;,&quot;chan_id&quot;:-1,&quot;id&quot;:&quot;zixi://bonded(bonded18)#10.7.0.66:2088@10.7.0.65,192.168.60.66:2088@192.168.50.65,192.168.5.166:2088@192.168.5.165&quot;,&quot;type&quot;:2,&quot;name&quot;:&quot;bond18&quot;,&quot;asi&quot;:0,&quot;rtmp&quot;:0,&quot;file&quot;:1,&quot;active&quot;:1,&quot;group&quot;:&quot;&quot;,&quot;bonded&quot;:[],&quot;error&quot;:&quot;Timeout&quot;,&quot;con_stat&quot;:&quot;Connecting&quot;,&quot;bitrate&quot;:0,&quot;dest&quot;:&quot;bonded/bonded18&quot;}]}
Debug printing ------&gt;&gt;&gt; {&quot;custom_data&quot;:&quot;&quot;,&quot;msg&quot;:&quot;Output deleted.&quot;,&quot;error&quot;:&quot;&quot;,&quot;outs&quot;:[{&quot;mip&quot;:&quot;live_recording.ts&quot;,&quot;port&quot;:0,&quot;ip&quot;:&quot;file&quot;,&quot;in_name&quot;:&quot;feederoutputname&quot;,&quot;in_active&quot;:1,&quot;in_active_sources&quot;:0,&quot;prg_name&quot;:&quot;&quot;,&quot;prg_prov&quot;:&quot;&quot;,&quot;prg_num&quot;:1,&quot;chan&quot;:&quot;&quot;,&quot;chan_id&quot;:-1,&quot;id&quot;:&quot;zixi://10.7.0.66:2088/feederout&quot;,&quot;type&quot;:2,&quot;name&quot;:&quot;feederoutputname&quot;,&quot;asi&quot;:0,&quot;rtmp&quot;:0,&quot;file&quot;:1,&quot;active&quot;:1,&quot;group&quot;:&quot;&quot;,&quot;error&quot;:&quot;Authentication&quot;,&quot;con_stat&quot;:&quot;Disconnected&quot;,&quot;bitrate&quot;:0,&quot;dest&quot;:&quot;10.7.0.66:2088/feederout&quot;},{&quot;mip&quot;:&quot;4000.ts&quot;,&quot;port&quot;:0,&quot;ip&quot;:&quot;file&quot;,&quot;in_name&quot;:&quot;bond&quot;,&quot;in_active&quot;:1,&quot;in_active_sources&quot;:0,&quot;prg_name&quot;:&quot;&quot;,&quot;prg_prov&quot;:&quot;&quot;,&quot;prg_num&quot;:-1,&quot;chan&quot;:&quot;&quot;,&quot;chan_id&quot;:-1,&quot;id&quot;:&quot;zixi://bonded(bonded18)#10.7.0.66:2088@10.7.0.65,192.168.60.66:2088@192.168.50.65,192.168.5.166:2088@192.168.5.165&quot;,&quot;type&quot;:2,&quot;name&quot;:&quot;bond18&quot;,&quot;asi&quot;:0,&quot;rtmp&quot;:0,&quot;file&quot;:1,&quot;active&quot;:1,&quot;group&quot;:&quot;&quot;,&quot;bonded&quot;:[],&quot;error&quot;:&quot;Timeout&quot;,&quot;con_stat&quot;:&quot;Connecting&quot;,&quot;bitrate&quot;:0,&quot;dest&quot;:&quot;bonded/bonded18&quot;}]}
Debug printing ------&gt;&gt;&gt; {&quot;custom_data&quot;:&quot;&quot;,&quot;msg&quot;:&quot;Output deleted.&quot;,&quot;error&quot;:&quot;&quot;,&quot;outs&quot;:[{&quot;mip&quot;:&quot;live_recording.ts&quot;,&quot;port&quot;:0,&quot;ip&quot;:&quot;file&quot;,&quot;in_name&quot;:&quot;feederoutputname&quot;,&quot;in_active&quot;:1,&quot;in_active_sources&quot;:0,&quot;prg_name&quot;:&quot;&quot;,&quot;prg_prov&quot;:&quot;&quot;,&quot;prg_num&quot;:1,&quot;chan&quot;:&quot;&quot;,&quot;chan_id&quot;:-1,&quot;id&quot;:&quot;zixi://10.7.0.66:2088/feederout&quot;,&quot;type&quot;:2,&quot;name&quot;:&quot;feederoutputname&quot;,&quot;asi&quot;:0,&quot;rtmp&quot;:0,&quot;file&quot;:1,&quot;active&quot;:1,&quot;group&quot;:&quot;&quot;,&quot;error&quot;:&quot;Authentication&quot;,&quot;con_stat&quot;:&quot;Disconnected&quot;,&quot;bitrate&quot;:0,&quot;dest&quot;:&quot;10.7.0.66:2088/feederout&quot;}]}
Result is 
Result is Output deleted.
Result is Output deleted.
Result is Output deleted.
Result is Output deleted.
Result is Output deleted.
Result is Output deleted.
Result is Output deleted.
Result is Output deleted.
Result is Output deleted.
Result is Output deleted.
Result is Output deleted.
Result is Output deleted.
Result is Output deleted.
Result is Output deleted.
Result is Output deleted.
Result is Output deleted.
Result is Output deleted.
Result is Output deleted.
Result is Output deleted.
Result is Output deleted.
Result is Output deleted.
Result is Output deleted.
Result is Output deleted.
Result is Output deleted.
Result is Output deleted.
Result is Output deleted.
Result is Output deleted.
Result is Output deleted.
Result is Output deleted.
Result is Output deleted.
Result is Output deleted.
Result is Output deleted.
Result is Output deleted.
Result is Output deleted.
Result is Output deleted.
Result is Output deleted.
Result is Output deleted.
Result is Output deleted.
Result is Output deleted.
Result is Output deleted.
Result is Output deleted.
Result is Output deleted.
Result is Output deleted.
Result is Output deleted.
Result is Output deleted.
Result is Output deleted.
Result is Output deleted.
Result is Output deleted.
Result is Output deleted.
Result is Output deleted.
</system-out>
  </testcase>
  <testcase classname="com.zixi.load.testing.FeederBroadcasterBondingMultipleThreeLinkTest" name="broadcasterMultiplePullInCreation" time="1.872"/>
  <testcase classname="com.zixi.testing.BroadcasterUDPOutputStreamCreationTest" name="broadcasterPullInCreation" time="0.65"/>
  <testcase classname="com.zixi.load.testing.BroadcasterRundomInputStreamTest" name="broadcasterSwitchUdpOut" time="558.143"/>
  <testcase classname="com.zixi.testing.BroadcaserSingleOutputStreamDeletionTest" name="broadcasterSingleStreamRemoving" time="0.9"/>
  <testcase classname="com.zixi.load.testing.BroadcaserAllInputStreamDeletorTest" name="broadcasterDeleteAllInputs" time="1.166"/>
  <testcase classname="com.zixi.load.testing.FeederMultipleDeletionTest" name="broadcasterMultiplePullInCreation" time="0.746">
    <failure message="expected [pass] but found [failed]" type="java.lang.AssertionError">java.lang.AssertionError: expected [pass] but found [failed]
	at org.testng.Assert.fail(Assert.java:94)
	at org.testng.Assert.failNotEquals(Assert.java:496)
	at org.testng.Assert.assertEquals(Assert.java:125)
	at org.testng.Assert.assertEquals(Assert.java:178)
	at org.testng.Assert.assertEquals(Assert.java:188)
	at com.zixi.load.testing.FeederMultipleDeletionTest.broadcasterMultiplePullInCreation(FeederMultipleDeletionTest.java:41)
</failure>
    <system-out>Debug printing ------&gt;&gt;&gt; {&quot;custom_data&quot;:&quot;&quot;,&quot;msg&quot;:&quot;&quot;,&quot;error&quot;:&quot;Output not found.&quot;,&quot;outs&quot;:[{&quot;mip&quot;:&quot;live_recording.ts&quot;,&quot;port&quot;:0,&quot;ip&quot;:&quot;file&quot;,&quot;in_name&quot;:&quot;feederoutputname&quot;,&quot;in_active&quot;:1,&quot;in_active_sources&quot;:0,&quot;prg_name&quot;:&quot;&quot;,&quot;prg_prov&quot;:&quot;&quot;,&quot;prg_num&quot;:1,&quot;chan&quot;:&quot;&quot;,&quot;chan_id&quot;:-1,&quot;id&quot;:&quot;zixi://10.7.0.66:2088/feederout&quot;,&quot;type&quot;:2,&quot;name&quot;:&quot;feederoutputname&quot;,&quot;asi&quot;:0,&quot;rtmp&quot;:0,&quot;file&quot;:1,&quot;active&quot;:1,&quot;group&quot;:&quot;&quot;,&quot;error&quot;:&quot;Authentication&quot;,&quot;con_stat&quot;:&quot;Disconnected&quot;,&quot;bitrate&quot;:0,&quot;dest&quot;:&quot;10.7.0.66:2088/feederout&quot;},{&quot;mip&quot;:&quot;4000.ts&quot;,&quot;port&quot;:0,&quot;ip&quot;:&quot;file&quot;,&quot;in_name&quot;:&quot;bond&quot;,&quot;in_active&quot;:1,&quot;in_active_sources&quot;:0,&quot;prg_name&quot;:&quot;&quot;,&quot;prg_prov&quot;:&quot;&quot;,&quot;prg_num&quot;:-1,&quot;chan&quot;:&quot;&quot;,&quot;chan_id&quot;:-1,&quot;id&quot;:&quot;zixi://bonded(bonded8)#10.7.0.66:2088@10.7.0.65,192.168.60.66:2088@192.168.50.65,192.168.5.166:2088@192.168.5.165&quot;,&quot;type&quot;:2,&quot;name&quot;:&quot;bond8&quot;,&quot;asi&quot;:0,&quot;rtmp&quot;:0,&quot;file&quot;:1,&quot;active&quot;:1,&quot;group&quot;:&quot;&quot;,&quot;bonded&quot;:[],&quot;error&quot;:&quot;Timeout&quot;,&quot;con_stat&quot;:&quot;Disconnected&quot;,&quot;bitrate&quot;:0,&quot;dest&quot;:&quot;bonded/bonded8&quot;},{&quot;mip&quot;:&quot;4000.ts&quot;,&quot;port&quot;:0,&quot;ip&quot;:&quot;file&quot;,&quot;in_name&quot;:&quot;bond&quot;,&quot;in_active&quot;:1,&quot;in_active_sources&quot;:0,&quot;prg_name&quot;:&quot;&quot;,&quot;prg_prov&quot;:&quot;&quot;,&quot;prg_num&quot;:-1,&quot;chan&quot;:&quot;&quot;,&quot;chan_id&quot;:-1,&quot;id&quot;:&quot;zixi://bonded(bonded17)#10.7.0.66:2088@10.7.0.65,192.168.60.66:2088@192.168.50.65,192.168.5.166:2088@192.168.5.165&quot;,&quot;type&quot;:2,&quot;name&quot;:&quot;bond17&quot;,&quot;asi&quot;:0,&quot;rtmp&quot;:0,&quot;file&quot;:1,&quot;active&quot;:1,&quot;group&quot;:&quot;&quot;,&quot;bonded&quot;:[],&quot;error&quot;:&quot;None&quot;,&quot;con_stat&quot;:&quot;Connecting&quot;,&quot;bitrate&quot;:0,&quot;dest&quot;:&quot;bonded/bonded17&quot;},{&quot;mip&quot;:&quot;4000.ts&quot;,&quot;port&quot;:0,&quot;ip&quot;:&quot;file&quot;,&quot;in_name&quot;:&quot;bond&quot;,&quot;in_active&quot;:1,&quot;in_active_sources&quot;:0,&quot;prg_name&quot;:&quot;&quot;,&quot;prg_prov&quot;:&quot;&quot;,&quot;prg_num&quot;:-1,&quot;chan&quot;:&quot;&quot;,&quot;chan_id&quot;:-1,&quot;id&quot;:&quot;zixi://bonded(bonded16)#10.7.0.66:2088@10.7.0.65,192.168.60.66:2088@192.168.50.65,192.168.5.166:2088@192.168.5.165&quot;,&quot;type&quot;:2,&quot;name&quot;:&quot;bond16&quot;,&quot;asi&quot;:0,&quot;rtmp&quot;:0,&quot;file&quot;:1,&quot;active&quot;:1,&quot;group&quot;:&quot;&quot;,&quot;bonded&quot;:[{&quot;host&quot;:&quot;10.7.0.66&quot;,&quot;port&quot;:2088,&quot;nic&quot;:&quot;10.7.0.65&quot;,&quot;limit&quot;:0,&quot;is_backup&quot;:0,&quot;bitrate&quot;:2216136,&quot;up_time&quot;:86,&quot;error_code&quot;:0,&quot;status_code&quot;:3,&quot;error_str&quot;:&quot;None&quot;,&quot;status_str&quot;:&quot;Connected&quot;},{&quot;host&quot;:&quot;192.168.60.66&quot;,&quot;port&quot;:2088,&quot;nic&quot;:&quot;192.168.50.65&quot;,&quot;limit&quot;:0,&quot;is_backup&quot;:0,&quot;bitrate&quot;:0,&quot;up_time&quot;:0,&quot;error_code&quot;:3,&quot;status_code&quot;:1,&quot;error_str&quot;:&quot;Timeout&quot;,&quot;status_str&quot;:&quot;Connecting&quot;},{&quot;host&quot;:&quot;192.168.5.166&quot;,&quot;port&quot;:2088,&quot;nic&quot;:&quot;192.168.5.165&quot;,&quot;limit&quot;:0,&quot;is_backup&quot;:0,&quot;bitrate&quot;:2364056,&quot;up_time&quot;:6,&quot;error_code&quot;:0,&quot;status_code&quot;:3,&quot;error_str&quot;:&quot;None&quot;,&quot;status_str&quot;:&quot;Connected&quot;}],&quot;error&quot;:&quot;None&quot;,&quot;con_stat&quot;:&quot;Disconnected&quot;,&quot;bitrate&quot;:4525808,&quot;dest&quot;:&quot;bonded/bonded16&quot;},{&quot;mip&quot;:&quot;4000.ts&quot;,&quot;port&quot;:0,&quot;ip&quot;:&quot;file&quot;,&quot;in_name&quot;:&quot;bond&quot;,&quot;in_active&quot;:1,&quot;in_active_sources&quot;:0,&quot;prg_name&quot;:&quot;&quot;,&quot;prg_prov&quot;:&quot;&quot;,&quot;prg_num&quot;:-1,&quot;chan&quot;:&quot;&quot;,&quot;chan_id&quot;:-1,&quot;id&quot;:&quot;zixi://bonded(bonded14)#10.7.0.66:2088@10.7.0.65,192.168.60.66:2088@192.168.50.65,192.168.5.166:2088@192.168.5.165&quot;,&quot;type&quot;:2,&quot;name&quot;:&quot;bond14&quot;,&quot;asi&quot;:0,&quot;rtmp&quot;:0,&quot;file&quot;:1,&quot;active&quot;:1,&quot;group&quot;:&quot;&quot;,&quot;bonded&quot;:[],&quot;error&quot;:&quot;None&quot;,&quot;con_stat&quot;:&quot;Connecting&quot;,&quot;bitrate&quot;:0,&quot;dest&quot;:&quot;bonded/bonded14&quot;},{&quot;mip&quot;:&quot;4000.ts&quot;,&quot;port&quot;:0,&quot;ip&quot;:&quot;file&quot;,&quot;in_name&quot;:&quot;bond&quot;,&quot;in_active&quot;:1,&quot;in_active_sources&quot;:0,&quot;prg_name&quot;:&quot;&quot;,&quot;prg_prov&quot;:&quot;&quot;,&quot;prg_num&quot;:-1,&quot;chan&quot;:&quot;&quot;,&quot;chan_id&quot;:-1,&quot;id&quot;:&quot;zixi://bonded(bonded12)#10.7.0.66:2088@10.7.0.65,192.168.60.66:2088@192.168.50.65,192.168.5.166:2088@192.168.5.165&quot;,&quot;type&quot;:2,&quot;name&quot;:&quot;bond12&quot;,&quot;asi&quot;:0,&quot;rtmp&quot;:0,&quot;file&quot;:1,&quot;active&quot;:1,&quot;group&quot;:&quot;&quot;,&quot;bonded&quot;:[],&quot;error&quot;:&quot;None&quot;,&quot;con_stat&quot;:&quot;Connecting&quot;,&quot;bitrate&quot;:0,&quot;dest&quot;:&quot;bonded/bonded12&quot;},{&quot;mip&quot;:&quot;4000.ts&quot;,&quot;port&quot;:0,&quot;ip&quot;:&quot;file&quot;,&quot;in_name&quot;:&quot;bond&quot;,&quot;in_active&quot;:1,&quot;in_active_sources&quot;:0,&quot;prg_name&quot;:&quot;&quot;,&quot;prg_prov&quot;:&quot;&quot;,&quot;prg_num&quot;:-1,&quot;chan&quot;:&quot;&quot;,&quot;chan_id&quot;:-1,&quot;id&quot;:&quot;zixi://bonded(bonded19)#10.7.0.66:2088@10.7.0.65,192.168.60.66:2088@192.168.50.65,192.168.5.166:2088@192.168.5.165&quot;,&quot;type&quot;:2,&quot;name&quot;:&quot;bond19&quot;,&quot;asi&quot;:0,&quot;rtmp&quot;:0,&quot;file&quot;:1,&quot;active&quot;:1,&quot;group&quot;:&quot;&quot;,&quot;bonded&quot;:[],&quot;error&quot;:&quot;None&quot;,&quot;con_stat&quot;:&quot;Connecting&quot;,&quot;bitrate&quot;:0,&quot;dest&quot;:&quot;bonded/bonded19&quot;},{&quot;mip&quot;:&quot;4000.ts&quot;,&quot;port&quot;:0,&quot;ip&quot;:&quot;file&quot;,&quot;in_name&quot;:&quot;bond&quot;,&quot;in_active&quot;:1,&quot;in_active_sources&quot;:0,&quot;prg_name&quot;:&quot;&quot;,&quot;prg_prov&quot;:&quot;&quot;,&quot;prg_num&quot;:-1,&quot;chan&quot;:&quot;&quot;,&quot;chan_id&quot;:-1,&quot;id&quot;:&quot;zixi://bonded(bonded11)#10.7.0.66:2088@10.7.0.65,192.168.60.66:2088@192.168.50.65,192.168.5.166:2088@192.168.5.165&quot;,&quot;type&quot;:2,&quot;name&quot;:&quot;bond11&quot;,&quot;asi&quot;:0,&quot;rtmp&quot;:0,&quot;file&quot;:1,&quot;active&quot;:1,&quot;group&quot;:&quot;&quot;,&quot;bonded&quot;:[],&quot;error&quot;:&quot;None&quot;,&quot;con_stat&quot;:&quot;Connecting&quot;,&quot;bitrate&quot;:0,&quot;dest&quot;:&quot;bonded/bonded11&quot;},{&quot;mip&quot;:&quot;4000.ts&quot;,&quot;port&quot;:0,&quot;ip&quot;:&quot;file&quot;,&quot;in_name&quot;:&quot;bond&quot;,&quot;in_active&quot;:1,&quot;in_active_sources&quot;:0,&quot;prg_name&quot;:&quot;&quot;,&quot;prg_prov&quot;:&quot;&quot;,&quot;prg_num&quot;:-1,&quot;chan&quot;:&quot;&quot;,&quot;chan_id&quot;:-1,&quot;id&quot;:&quot;zixi://bonded(bonded18)#10.7.0.66:2088@10.7.0.65,192.168.60.66:2088@192.168.50.65,192.168.5.166:2088@192.168.5.165&quot;,&quot;type&quot;:2,&quot;name&quot;:&quot;bond18&quot;,&quot;asi&quot;:0,&quot;rtmp&quot;:0,&quot;file&quot;:1,&quot;active&quot;:1,&quot;group&quot;:&quot;&quot;,&quot;bonded&quot;:[{&quot;host&quot;:&quot;10.7.0.66&quot;,&quot;port&quot;:2088,&quot;nic&quot;:&quot;10.7.0.65&quot;,&quot;limit&quot;:0,&quot;is_backup&quot;:0,&quot;bitrate&quot;:2862048,&quot;up_time&quot;:159,&quot;error_code&quot;:0,&quot;status_code&quot;:3,&quot;error_str&quot;:&quot;None&quot;,&quot;status_str&quot;:&quot;Connected&quot;},{&quot;host&quot;:&quot;192.168.60.66&quot;,&quot;port&quot;:2088,&quot;nic&quot;:&quot;192.168.50.65&quot;,&quot;limit&quot;:0,&quot;is_backup&quot;:0,&quot;bitrate&quot;:0,&quot;up_time&quot;:0,&quot;error_code&quot;:3,&quot;status_code&quot;:1,&quot;error_str&quot;:&quot;Timeout&quot;,&quot;status_str&quot;:&quot;Connecting&quot;},{&quot;host&quot;:&quot;192.168.5.166&quot;,&quot;port&quot;:2088,&quot;nic&quot;:&quot;192.168.5.165&quot;,&quot;limit&quot;:0,&quot;is_backup&quot;:0,&quot;bitrate&quot;:2920032,&quot;up_time&quot;:545,&quot;error_code&quot;:0,&quot;status_code&quot;:3,&quot;error_str&quot;:&quot;None&quot;,&quot;status_str&quot;:&quot;Connected&quot;}],&quot;error&quot;:&quot;None&quot;,&quot;con_stat&quot;:&quot;Disconnected&quot;,&quot;bitrate&quot;:5602013,&quot;dest&quot;:&quot;bonded/bonded18&quot;},{&quot;mip&quot;:&quot;4000.ts&quot;,&quot;port&quot;:0,&quot;ip&quot;:&quot;file&quot;,&quot;in_name&quot;:&quot;bond&quot;,&quot;in_active&quot;:1,&quot;in_active_sources&quot;:0,&quot;prg_name&quot;:&quot;&quot;,&quot;prg_prov&quot;:&quot;&quot;,&quot;prg_num&quot;:-1,&quot;chan&quot;:&quot;&quot;,&quot;chan_id&quot;:-1,&quot;id&quot;:&quot;zixi://bonded(bonded9)#10.7.0.66:2088@10.7.0.65,192.168.60.66:2088@192.168.50.65,192.168.5.166:2088@192.168.5.165&quot;,&quot;type&quot;:2,&quot;name&quot;:&quot;bond9&quot;,&quot;asi&quot;:0,&quot;rtmp&quot;:0,&quot;file&quot;:1,&quot;active&quot;:1,&quot;group&quot;:&quot;&quot;,&quot;bonded&quot;:[],&quot;error&quot;:&quot;None&quot;,&quot;con_stat&quot;:&quot;Connecting&quot;,&quot;bitrate&quot;:0,&quot;dest&quot;:&quot;bonded/bonded9&quot;},{&quot;mip&quot;:&quot;4000.ts&quot;,&quot;port&quot;:0,&quot;ip&quot;:&quot;file&quot;,&quot;in_name&quot;:&quot;bond&quot;,&quot;in_active&quot;:1,&quot;in_active_sources&quot;:0,&quot;prg_name&quot;:&quot;&quot;,&quot;prg_prov&quot;:&quot;&quot;,&quot;prg_num&quot;:-1,&quot;chan&quot;:&quot;&quot;,&quot;chan_id&quot;:-1,&quot;id&quot;:&quot;zixi://bonded(bonded15)#10.7.0.66:2088@10.7.0.65,192.168.60.66:2088@192.168.50.65,192.168.5.166:2088@192.168.5.165&quot;,&quot;type&quot;:2,&quot;name&quot;:&quot;bond15&quot;,&quot;asi&quot;:0,&quot;rtmp&quot;:0,&quot;file&quot;:1,&quot;active&quot;:1,&quot;group&quot;:&quot;&quot;,&quot;bonded&quot;:[],&quot;error&quot;:&quot;None&quot;,&quot;con_stat&quot;:&quot;Connecting&quot;,&quot;bitrate&quot;:0,&quot;dest&quot;:&quot;bonded/bonded15&quot;},{&quot;mip&quot;:&quot;4000.ts&quot;,&quot;port&quot;:0,&quot;ip&quot;:&quot;file&quot;,&quot;in_name&quot;:&quot;bond&quot;,&quot;in_active&quot;:1,&quot;in_active_sources&quot;:0,&quot;prg_name&quot;:&quot;&quot;,&quot;prg_prov&quot;:&quot;&quot;,&quot;prg_num&quot;:-1,&quot;chan&quot;:&quot;&quot;,&quot;chan_id&quot;:-1,&quot;id&quot;:&quot;zixi://bonded(bonded0)#10.7.0.66:2088@10.7.0.65,192.168.60.66:2088@192.168.50.65,192.168.5.166:2088@192.168.5.165&quot;,&quot;type&quot;:2,&quot;name&quot;:&quot;bond0&quot;,&quot;asi&quot;:0,&quot;rtmp&quot;:0,&quot;file&quot;:1,&quot;active&quot;:1,&quot;group&quot;:&quot;&quot;,&quot;bonded&quot;:[],&quot;error&quot;:&quot;None&quot;,&quot;con_stat&quot;:&quot;Connecting&quot;,&quot;bitrate&quot;:0,&quot;dest&quot;:&quot;bonded/bonded0&quot;},{&quot;mip&quot;:&quot;4000.ts&quot;,&quot;port&quot;:0,&quot;ip&quot;:&quot;file&quot;,&quot;in_name&quot;:&quot;bond&quot;,&quot;in_active&quot;:1,&quot;in_active_sources&quot;:0,&quot;prg_name&quot;:&quot;&quot;,&quot;prg_prov&quot;:&quot;&quot;,&quot;prg_num&quot;:-1,&quot;chan&quot;:&quot;&quot;,&quot;chan_id&quot;:-1,&quot;id&quot;:&quot;zixi://bonded(bonded13)#10.7.0.66:2088@10.7.0.65,192.168.60.66:2088@192.168.50.65,192.168.5.166:2088@192.168.5.165&quot;,&quot;type&quot;:2,&quot;name&quot;:&quot;bond13&quot;,&quot;asi&quot;:0,&quot;rtmp&quot;:0,&quot;file&quot;:1,&quot;active&quot;:1,&quot;group&quot;:&quot;&quot;,&quot;bonded&quot;:[],&quot;error&quot;:&quot;None&quot;,&quot;con_stat&quot;:&quot;Connecting&quot;,&quot;bitrate&quot;:0,&quot;dest&quot;:&quot;bonded/bonded13&quot;},{&quot;mip&quot;:&quot;4000.ts&quot;,&quot;port&quot;:0,&quot;ip&quot;:&quot;file&quot;,&quot;in_name&quot;:&quot;bond&quot;,&quot;in_active&quot;:1,&quot;in_active_sources&quot;:0,&quot;prg_name&quot;:&quot;&quot;,&quot;prg_prov&quot;:&quot;&quot;,&quot;prg_num&quot;:-1,&quot;chan&quot;:&quot;&quot;,&quot;chan_id&quot;:-1,&quot;id&quot;:&quot;zixi://bonded(bonded7)#10.7.0.66:2088@10.7.0.65,192.168.60.66:2088@192.168.50.65,192.168.5.166:2088@192.168.5.165&quot;,&quot;type&quot;:2,&quot;name&quot;:&quot;bond7&quot;,&quot;asi&quot;:0,&quot;rtmp&quot;:0,&quot;file&quot;:1,&quot;active&quot;:1,&quot;group&quot;:&quot;&quot;,&quot;bonded&quot;:[],&quot;error&quot;:&quot;None&quot;,&quot;con_stat&quot;:&quot;Connecting&quot;,&quot;bitrate&quot;:0,&quot;dest&quot;:&quot;bonded/bonded7&quot;},{&quot;mip&quot;:&quot;4000.ts&quot;,&quot;port&quot;:0,&quot;ip&quot;:&quot;file&quot;,&quot;in_name&quot;:&quot;bond&quot;,&quot;in_active&quot;:1,&quot;in_active_sources&quot;:0,&quot;prg_name&quot;:&quot;&quot;,&quot;prg_prov&quot;:&quot;&quot;,&quot;prg_num&quot;:-1,&quot;chan&quot;:&quot;&quot;,&quot;chan_id&quot;:-1,&quot;id&quot;:&quot;zixi://bonded(bonded6)#10.7.0.66:2088@10.7.0.65,192.168.60.66:2088@192.168.50.65,192.168.5.166:2088@192.168.5.165&quot;,&quot;type&quot;:2,&quot;name&quot;:&quot;bond6&quot;,&quot;asi&quot;:0,&quot;rtmp&quot;:0,&quot;file&quot;:1,&quot;active&quot;:1,&quot;group&quot;:&quot;&quot;,&quot;bonded&quot;:[],&quot;error&quot;:&quot;None&quot;,&quot;con_stat&quot;:&quot;Connecting&quot;,&quot;bitrate&quot;:0,&quot;dest&quot;:&quot;bonded/bonded6&quot;},{&quot;mip&quot;:&quot;4000.ts&quot;,&quot;port&quot;:0,&quot;ip&quot;:&quot;file&quot;,&quot;in_name&quot;:&quot;bond&quot;,&quot;in_active&quot;:1,&quot;in_active_sources&quot;:0,&quot;prg_name&quot;:&quot;&quot;,&quot;prg_prov&quot;:&quot;&quot;,&quot;prg_num&quot;:-1,&quot;chan&quot;:&quot;&quot;,&quot;chan_id&quot;:-1,&quot;id&quot;:&quot;zixi://bonded(bonded5)#10.7.0.66:2088@10.7.0.65,192.168.60.66:2088@192.168.50.65,192.168.5.166:2088@192.168.5.165&quot;,&quot;type&quot;:2,&quot;name&quot;:&quot;bond5&quot;,&quot;asi&quot;:0,&quot;rtmp&quot;:0,&quot;file&quot;:1,&quot;active&quot;:1,&quot;group&quot;:&quot;&quot;,&quot;bonded&quot;:[{&quot;host&quot;:&quot;10.7.0.66&quot;,&quot;port&quot;:2088,&quot;nic&quot;:&quot;10.7.0.65&quot;,&quot;limit&quot;:0,&quot;is_backup&quot;:0,&quot;bitrate&quot;:0,&quot;up_time&quot;:0,&quot;error_code&quot;:0,&quot;status_code&quot;:3,&quot;error_str&quot;:&quot;None&quot;,&quot;status_str&quot;:&quot;Connected&quot;},{&quot;host&quot;:&quot;192.168.60.66&quot;,&quot;port&quot;:2088,&quot;nic&quot;:&quot;192.168.50.65&quot;,&quot;limit&quot;:0,&quot;is_backup&quot;:0,&quot;bitrate&quot;:0,&quot;up_time&quot;:0,&quot;error_code&quot;:0,&quot;status_code&quot;:1,&quot;error_str&quot;:&quot;None&quot;,&quot;status_str&quot;:&quot;Connecting&quot;},{&quot;host&quot;:&quot;192.168.5.166&quot;,&quot;port&quot;:2088,&quot;nic&quot;:&quot;192.168.5.165&quot;,&quot;limit&quot;:0,&quot;is_backup&quot;:0,&quot;bitrate&quot;:0,&quot;up_time&quot;:0,&quot;error_code&quot;:0,&quot;status_code&quot;:1,&quot;error_str&quot;:&quot;None&quot;,&quot;status_str&quot;:&quot;Connecting&quot;}],&quot;error&quot;:&quot;None&quot;,&quot;con_stat&quot;:&quot;Disconnected&quot;,&quot;bitrate&quot;:0,&quot;dest&quot;:&quot;bonded/bonded5&quot;},{&quot;mip&quot;:&quot;4000.ts&quot;,&quot;port&quot;:0,&quot;ip&quot;:&quot;file&quot;,&quot;in_name&quot;:&quot;bond&quot;,&quot;in_active&quot;:1,&quot;in_active_sources&quot;:0,&quot;prg_name&quot;:&quot;&quot;,&quot;prg_prov&quot;:&quot;&quot;,&quot;prg_num&quot;:-1,&quot;chan&quot;:&quot;&quot;,&quot;chan_id&quot;:-1,&quot;id&quot;:&quot;zixi://bonded(bonded10)#10.7.0.66:2088@10.7.0.65,192.168.60.66:2088@192.168.50.65,192.168.5.166:2088@192.168.5.165&quot;,&quot;type&quot;:2,&quot;name&quot;:&quot;bond10&quot;,&quot;asi&quot;:0,&quot;rtmp&quot;:0,&quot;file&quot;:1,&quot;active&quot;:1,&quot;group&quot;:&quot;&quot;,&quot;bonded&quot;:[],&quot;error&quot;:&quot;None&quot;,&quot;con_stat&quot;:&quot;Connecting&quot;,&quot;bitrate&quot;:0,&quot;dest&quot;:&quot;bonded/bonded10&quot;},{&quot;mip&quot;:&quot;4000.ts&quot;,&quot;port&quot;:0,&quot;ip&quot;:&quot;file&quot;,&quot;in_name&quot;:&quot;bond&quot;,&quot;in_active&quot;:1,&quot;in_active_sources&quot;:0,&quot;prg_name&quot;:&quot;&quot;,&quot;prg_prov&quot;:&quot;&quot;,&quot;prg_num&quot;:-1,&quot;chan&quot;:&quot;&quot;,&quot;chan_id&quot;:-1,&quot;id&quot;:&quot;zixi://bonded(bonded4)#10.7.0.66:2088@10.7.0.65,192.168.60.66:2088@192.168.50.65,192.168.5.166:2088@192.168.5.165&quot;,&quot;type&quot;:2,&quot;name&quot;:&quot;bond4&quot;,&quot;asi&quot;:0,&quot;rtmp&quot;:0,&quot;file&quot;:1,&quot;active&quot;:1,&quot;group&quot;:&quot;&quot;,&quot;bonded&quot;:[],&quot;error&quot;:&quot;None&quot;,&quot;con_stat&quot;:&quot;Connecting&quot;,&quot;bitrate&quot;:0,&quot;dest&quot;:&quot;bonded/bonded4&quot;},{&quot;mip&quot;:&quot;4000.ts&quot;,&quot;port&quot;:0,&quot;ip&quot;:&quot;file&quot;,&quot;in_name&quot;:&quot;bond&quot;,&quot;in_active&quot;:1,&quot;in_active_sources&quot;:0,&quot;prg_name&quot;:&quot;&quot;,&quot;prg_prov&quot;:&quot;&quot;,&quot;prg_num&quot;:-1,&quot;chan&quot;:&quot;&quot;,&quot;chan_id&quot;:-1,&quot;id&quot;:&quot;zixi://bonded(bonded3)#10.7.0.66:2088@10.7.0.65,192.168.60.66:2088@192.168.50.65,192.168.5.166:2088@192.168.5.165&quot;,&quot;type&quot;:2,&quot;name&quot;:&quot;bond3&quot;,&quot;asi&quot;:0,&quot;rtmp&quot;:0,&quot;file&quot;:1,&quot;active&quot;:1,&quot;group&quot;:&quot;&quot;,&quot;bonded&quot;:[],&quot;error&quot;:&quot;Timeout&quot;,&quot;con_stat&quot;:&quot;Connecting&quot;,&quot;bitrate&quot;:0,&quot;dest&quot;:&quot;bonded/bonded3&quot;},{&quot;mip&quot;:&quot;4000.ts&quot;,&quot;port&quot;:0,&quot;ip&quot;:&quot;file&quot;,&quot;in_name&quot;:&quot;bond&quot;,&quot;in_active&quot;:1,&quot;in_active_sources&quot;:0,&quot;prg_name&quot;:&quot;&quot;,&quot;prg_prov&quot;:&quot;&quot;,&quot;prg_num&quot;:-1,&quot;chan&quot;:&quot;&quot;,&quot;chan_id&quot;:-1,&quot;id&quot;:&quot;zixi://bonded(bonded2)#10.7.0.66:2088@10.7.0.65,192.168.60.66:2088@192.168.50.65,192.168.5.166:2088@192.168.5.165&quot;,&quot;type&quot;:2,&quot;name&quot;:&quot;bond2&quot;,&quot;asi&quot;:0,&quot;rtmp&quot;:0,&quot;file&quot;:1,&quot;active&quot;:1,&quot;group&quot;:&quot;&quot;,&quot;bonded&quot;:[],&quot;error&quot;:&quot;None&quot;,&quot;con_stat&quot;:&quot;Connecting&quot;,&quot;bitrate&quot;:0,&quot;dest&quot;:&quot;bonded/bonded2&quot;},{&quot;mip&quot;:&quot;4000.ts&quot;,&quot;port&quot;:0,&quot;ip&quot;:&quot;file&quot;,&quot;in_name&quot;:&quot;bond&quot;,&quot;in_active&quot;:1,&quot;in_active_sources&quot;:0,&quot;prg_name&quot;:&quot;&quot;,&quot;prg_prov&quot;:&quot;&quot;,&quot;prg_num&quot;:-1,&quot;chan&quot;:&quot;&quot;,&quot;chan_id&quot;:-1,&quot;id&quot;:&quot;zixi://bonded(bonded1)#10.7.0.66:2088@10.7.0.65,192.168.60.66:2088@192.168.50.65,192.168.5.166:2088@192.168.5.165&quot;,&quot;type&quot;:2,&quot;name&quot;:&quot;bond1&quot;,&quot;asi&quot;:0,&quot;rtmp&quot;:0,&quot;file&quot;:1,&quot;active&quot;:1,&quot;group&quot;:&quot;&quot;,&quot;bonded&quot;:[],&quot;error&quot;:&quot;None&quot;,&quot;con_stat&quot;:&quot;Connecting&quot;,&quot;bitrate&quot;:0,&quot;dest&quot;:&quot;bonded/bonded1&quot;}]}
Debug printing ------&gt;&gt;&gt; {&quot;custom_data&quot;:&quot;&quot;,&quot;msg&quot;:&quot;Output deleted.&quot;,&quot;error&quot;:&quot;&quot;,&quot;outs&quot;:[{&quot;mip&quot;:&quot;live_recording.ts&quot;,&quot;port&quot;:0,&quot;ip&quot;:&quot;file&quot;,&quot;in_name&quot;:&quot;feederoutputname&quot;,&quot;in_active&quot;:1,&quot;in_active_sources&quot;:0,&quot;prg_name&quot;:&quot;&quot;,&quot;prg_prov&quot;:&quot;&quot;,&quot;prg_num&quot;:1,&quot;chan&quot;:&quot;&quot;,&quot;chan_id&quot;:-1,&quot;id&quot;:&quot;zixi://10.7.0.66:2088/feederout&quot;,&quot;type&quot;:2,&quot;name&quot;:&quot;feederoutputname&quot;,&quot;asi&quot;:0,&quot;rtmp&quot;:0,&quot;file&quot;:1,&quot;active&quot;:1,&quot;group&quot;:&quot;&quot;,&quot;error&quot;:&quot;Authentication&quot;,&quot;con_stat&quot;:&quot;Disconnected&quot;,&quot;bitrate&quot;:0,&quot;dest&quot;:&quot;10.7.0.66:2088/feederout&quot;},{&quot;mip&quot;:&quot;4000.ts&quot;,&quot;port&quot;:0,&quot;ip&quot;:&quot;file&quot;,&quot;in_name&quot;:&quot;bond&quot;,&quot;in_active&quot;:1,&quot;in_active_sources&quot;:0,&quot;prg_name&quot;:&quot;&quot;,&quot;prg_prov&quot;:&quot;&quot;,&quot;prg_num&quot;:-1,&quot;chan&quot;:&quot;&quot;,&quot;chan_id&quot;:-1,&quot;id&quot;:&quot;zixi://bonded(bonded13)#10.7.0.66:2088@10.7.0.65,192.168.60.66:2088@192.168.50.65,192.168.5.166:2088@192.168.5.165&quot;,&quot;type&quot;:2,&quot;name&quot;:&quot;bond13&quot;,&quot;asi&quot;:0,&quot;rtmp&quot;:0,&quot;file&quot;:1,&quot;active&quot;:1,&quot;group&quot;:&quot;&quot;,&quot;bonded&quot;:[],&quot;error&quot;:&quot;None&quot;,&quot;con_stat&quot;:&quot;Connecting&quot;,&quot;bitrate&quot;:0,&quot;dest&quot;:&quot;bonded/bonded13&quot;},{&quot;mip&quot;:&quot;4000.ts&quot;,&quot;port&quot;:0,&quot;ip&quot;:&quot;file&quot;,&quot;in_name&quot;:&quot;bond&quot;,&quot;in_active&quot;:1,&quot;in_active_sources&quot;:0,&quot;prg_name&quot;:&quot;&quot;,&quot;prg_prov&quot;:&quot;&quot;,&quot;prg_num&quot;:-1,&quot;chan&quot;:&quot;&quot;,&quot;chan_id&quot;:-1,&quot;id&quot;:&quot;zixi://bonded(bonded17)#10.7.0.66:2088@10.7.0.65,192.168.60.66:2088@192.168.50.65,192.168.5.166:2088@192.168.5.165&quot;,&quot;type&quot;:2,&quot;name&quot;:&quot;bond17&quot;,&quot;asi&quot;:0,&quot;rtmp&quot;:0,&quot;file&quot;:1,&quot;active&quot;:1,&quot;group&quot;:&quot;&quot;,&quot;bonded&quot;:[],&quot;error&quot;:&quot;None&quot;,&quot;con_stat&quot;:&quot;Connecting&quot;,&quot;bitrate&quot;:0,&quot;dest&quot;:&quot;bonded/bonded17&quot;},{&quot;mip&quot;:&quot;4000.ts&quot;,&quot;port&quot;:0,&quot;ip&quot;:&quot;file&quot;,&quot;in_name&quot;:&quot;bond&quot;,&quot;in_active&quot;:1,&quot;in_active_sources&quot;:0,&quot;prg_name&quot;:&quot;&quot;,&quot;prg_prov&quot;:&quot;&quot;,&quot;prg_num&quot;:-1,&quot;chan&quot;:&quot;&quot;,&quot;chan_id&quot;:-1,&quot;id&quot;:&quot;zixi://bonded(bonded16)#10.7.0.66:2088@10.7.0.65,192.168.60.66:2088@192.168.50.65,192.168.5.166:2088@192.168.5.165&quot;,&quot;type&quot;:2,&quot;name&quot;:&quot;bond16&quot;,&quot;asi&quot;:0,&quot;rtmp&quot;:0,&quot;file&quot;:1,&quot;active&quot;:1,&quot;group&quot;:&quot;&quot;,&quot;bonded&quot;:[{&quot;host&quot;:&quot;10.7.0.66&quot;,&quot;port&quot;:2088,&quot;nic&quot;:&quot;10.7.0.65&quot;,&quot;limit&quot;:0,&quot;is_backup&quot;:0,&quot;bitrate&quot;:2216136,&quot;up_time&quot;:86,&quot;error_code&quot;:0,&quot;status_code&quot;:3,&quot;error_str&quot;:&quot;None&quot;,&quot;status_str&quot;:&quot;Connected&quot;},{&quot;host&quot;:&quot;192.168.60.66&quot;,&quot;port&quot;:2088,&quot;nic&quot;:&quot;192.168.50.65&quot;,&quot;limit&quot;:0,&quot;is_backup&quot;:0,&quot;bitrate&quot;:0,&quot;up_time&quot;:0,&quot;error_code&quot;:3,&quot;status_code&quot;:1,&quot;error_str&quot;:&quot;Timeout&quot;,&quot;status_str&quot;:&quot;Connecting&quot;},{&quot;host&quot;:&quot;192.168.5.166&quot;,&quot;port&quot;:2088,&quot;nic&quot;:&quot;192.168.5.165&quot;,&quot;limit&quot;:0,&quot;is_backup&quot;:0,&quot;bitrate&quot;:2364056,&quot;up_time&quot;:6,&quot;error_code&quot;:0,&quot;status_code&quot;:3,&quot;error_str&quot;:&quot;None&quot;,&quot;status_str&quot;:&quot;Connected&quot;}],&quot;error&quot;:&quot;None&quot;,&quot;con_stat&quot;:&quot;Disconnected&quot;,&quot;bitrate&quot;:4525808,&quot;dest&quot;:&quot;bonded/bonded16&quot;},{&quot;mip&quot;:&quot;4000.ts&quot;,&quot;port&quot;:0,&quot;ip&quot;:&quot;file&quot;,&quot;in_name&quot;:&quot;bond&quot;,&quot;in_active&quot;:1,&quot;in_active_sources&quot;:0,&quot;prg_name&quot;:&quot;&quot;,&quot;prg_prov&quot;:&quot;&quot;,&quot;prg_num&quot;:-1,&quot;chan&quot;:&quot;&quot;,&quot;chan_id&quot;:-1,&quot;id&quot;:&quot;zixi://bonded(bonded14)#10.7.0.66:2088@10.7.0.65,192.168.60.66:2088@192.168.50.65,192.168.5.166:2088@192.168.5.165&quot;,&quot;type&quot;:2,&quot;name&quot;:&quot;bond14&quot;,&quot;asi&quot;:0,&quot;rtmp&quot;:0,&quot;file&quot;:1,&quot;active&quot;:1,&quot;group&quot;:&quot;&quot;,&quot;bonded&quot;:[],&quot;error&quot;:&quot;None&quot;,&quot;con_stat&quot;:&quot;Connecting&quot;,&quot;bitrate&quot;:0,&quot;dest&quot;:&quot;bonded/bonded14&quot;},{&quot;mip&quot;:&quot;4000.ts&quot;,&quot;port&quot;:0,&quot;ip&quot;:&quot;file&quot;,&quot;in_name&quot;:&quot;bond&quot;,&quot;in_active&quot;:1,&quot;in_active_sources&quot;:0,&quot;prg_name&quot;:&quot;&quot;,&quot;prg_prov&quot;:&quot;&quot;,&quot;prg_num&quot;:-1,&quot;chan&quot;:&quot;&quot;,&quot;chan_id&quot;:-1,&quot;id&quot;:&quot;zixi://bonded(bonded12)#10.7.0.66:2088@10.7.0.65,192.168.60.66:2088@192.168.50.65,192.168.5.166:2088@192.168.5.165&quot;,&quot;type&quot;:2,&quot;name&quot;:&quot;bond12&quot;,&quot;asi&quot;:0,&quot;rtmp&quot;:0,&quot;file&quot;:1,&quot;active&quot;:1,&quot;group&quot;:&quot;&quot;,&quot;bonded&quot;:[],&quot;error&quot;:&quot;None&quot;,&quot;con_stat&quot;:&quot;Connecting&quot;,&quot;bitrate&quot;:0,&quot;dest&quot;:&quot;bonded/bonded12&quot;},{&quot;mip&quot;:&quot;4000.ts&quot;,&quot;port&quot;:0,&quot;ip&quot;:&quot;file&quot;,&quot;in_name&quot;:&quot;bond&quot;,&quot;in_active&quot;:1,&quot;in_active_sources&quot;:0,&quot;prg_name&quot;:&quot;&quot;,&quot;prg_prov&quot;:&quot;&quot;,&quot;prg_num&quot;:-1,&quot;chan&quot;:&quot;&quot;,&quot;chan_id&quot;:-1,&quot;id&quot;:&quot;zixi://bonded(bonded19)#10.7.0.66:2088@10.7.0.65,192.168.60.66:2088@192.168.50.65,192.168.5.166:2088@192.168.5.165&quot;,&quot;type&quot;:2,&quot;name&quot;:&quot;bond19&quot;,&quot;asi&quot;:0,&quot;rtmp&quot;:0,&quot;file&quot;:1,&quot;active&quot;:1,&quot;group&quot;:&quot;&quot;,&quot;bonded&quot;:[],&quot;error&quot;:&quot;None&quot;,&quot;con_stat&quot;:&quot;Connecting&quot;,&quot;bitrate&quot;:0,&quot;dest&quot;:&quot;bonded/bonded19&quot;},{&quot;mip&quot;:&quot;4000.ts&quot;,&quot;port&quot;:0,&quot;ip&quot;:&quot;file&quot;,&quot;in_name&quot;:&quot;bond&quot;,&quot;in_active&quot;:1,&quot;in_active_sources&quot;:0,&quot;prg_name&quot;:&quot;&quot;,&quot;prg_prov&quot;:&quot;&quot;,&quot;prg_num&quot;:-1,&quot;chan&quot;:&quot;&quot;,&quot;chan_id&quot;:-1,&quot;id&quot;:&quot;zixi://bonded(bonded11)#10.7.0.66:2088@10.7.0.65,192.168.60.66:2088@192.168.50.65,192.168.5.166:2088@192.168.5.165&quot;,&quot;type&quot;:2,&quot;name&quot;:&quot;bond11&quot;,&quot;asi&quot;:0,&quot;rtmp&quot;:0,&quot;file&quot;:1,&quot;active&quot;:1,&quot;group&quot;:&quot;&quot;,&quot;bonded&quot;:[],&quot;error&quot;:&quot;None&quot;,&quot;con_stat&quot;:&quot;Connecting&quot;,&quot;bitrate&quot;:0,&quot;dest&quot;:&quot;bonded/bonded11&quot;},{&quot;mip&quot;:&quot;4000.ts&quot;,&quot;port&quot;:0,&quot;ip&quot;:&quot;file&quot;,&quot;in_name&quot;:&quot;bond&quot;,&quot;in_active&quot;:1,&quot;in_active_sources&quot;:0,&quot;prg_name&quot;:&quot;&quot;,&quot;prg_prov&quot;:&quot;&quot;,&quot;prg_num&quot;:-1,&quot;chan&quot;:&quot;&quot;,&quot;chan_id&quot;:-1,&quot;id&quot;:&quot;zixi://bonded(bonded18)#10.7.0.66:2088@10.7.0.65,192.168.60.66:2088@192.168.50.65,192.168.5.166:2088@192.168.5.165&quot;,&quot;type&quot;:2,&quot;name&quot;:&quot;bond18&quot;,&quot;asi&quot;:0,&quot;rtmp&quot;:0,&quot;file&quot;:1,&quot;active&quot;:1,&quot;group&quot;:&quot;&quot;,&quot;bonded&quot;:[{&quot;host&quot;:&quot;10.7.0.66&quot;,&quot;port&quot;:2088,&quot;nic&quot;:&quot;10.7.0.65&quot;,&quot;limit&quot;:0,&quot;is_backup&quot;:0,&quot;bitrate&quot;:2862048,&quot;up_time&quot;:159,&quot;error_code&quot;:0,&quot;status_code&quot;:3,&quot;error_str&quot;:&quot;None&quot;,&quot;status_str&quot;:&quot;Connected&quot;},{&quot;host&quot;:&quot;192.168.60.66&quot;,&quot;port&quot;:2088,&quot;nic&quot;:&quot;192.168.50.65&quot;,&quot;limit&quot;:0,&quot;is_backup&quot;:0,&quot;bitrate&quot;:0,&quot;up_time&quot;:0,&quot;error_code&quot;:3,&quot;status_code&quot;:1,&quot;error_str&quot;:&quot;Timeout&quot;,&quot;status_str&quot;:&quot;Connecting&quot;},{&quot;host&quot;:&quot;192.168.5.166&quot;,&quot;port&quot;:2088,&quot;nic&quot;:&quot;192.168.5.165&quot;,&quot;limit&quot;:0,&quot;is_backup&quot;:0,&quot;bitrate&quot;:2920032,&quot;up_time&quot;:545,&quot;error_code&quot;:0,&quot;status_code&quot;:3,&quot;error_str&quot;:&quot;None&quot;,&quot;status_str&quot;:&quot;Connected&quot;}],&quot;error&quot;:&quot;None&quot;,&quot;con_stat&quot;:&quot;Disconnected&quot;,&quot;bitrate&quot;:5602013,&quot;dest&quot;:&quot;bonded/bonded18&quot;},{&quot;mip&quot;:&quot;4000.ts&quot;,&quot;port&quot;:0,&quot;ip&quot;:&quot;file&quot;,&quot;in_name&quot;:&quot;bond&quot;,&quot;in_active&quot;:1,&quot;in_active_sources&quot;:0,&quot;prg_name&quot;:&quot;&quot;,&quot;prg_prov&quot;:&quot;&quot;,&quot;prg_num&quot;:-1,&quot;chan&quot;:&quot;&quot;,&quot;chan_id&quot;:-1,&quot;id&quot;:&quot;zixi://bonded(bonded9)#10.7.0.66:2088@10.7.0.65,192.168.60.66:2088@192.168.50.65,192.168.5.166:2088@192.168.5.165&quot;,&quot;type&quot;:2,&quot;name&quot;:&quot;bond9&quot;,&quot;asi&quot;:0,&quot;rtmp&quot;:0,&quot;file&quot;:1,&quot;active&quot;:1,&quot;group&quot;:&quot;&quot;,&quot;bonded&quot;:[],&quot;error&quot;:&quot;None&quot;,&quot;con_stat&quot;:&quot;Connecting&quot;,&quot;bitrate&quot;:0,&quot;dest&quot;:&quot;bonded/bonded9&quot;},{&quot;mip&quot;:&quot;4000.ts&quot;,&quot;port&quot;:0,&quot;ip&quot;:&quot;file&quot;,&quot;in_name&quot;:&quot;bond&quot;,&quot;in_active&quot;:1,&quot;in_active_sources&quot;:0,&quot;prg_name&quot;:&quot;&quot;,&quot;prg_prov&quot;:&quot;&quot;,&quot;prg_num&quot;:-1,&quot;chan&quot;:&quot;&quot;,&quot;chan_id&quot;:-1,&quot;id&quot;:&quot;zixi://bonded(bonded15)#10.7.0.66:2088@10.7.0.65,192.168.60.66:2088@192.168.50.65,192.168.5.166:2088@192.168.5.165&quot;,&quot;type&quot;:2,&quot;name&quot;:&quot;bond15&quot;,&quot;asi&quot;:0,&quot;rtmp&quot;:0,&quot;file&quot;:1,&quot;active&quot;:1,&quot;group&quot;:&quot;&quot;,&quot;bonded&quot;:[],&quot;error&quot;:&quot;None&quot;,&quot;con_stat&quot;:&quot;Connecting&quot;,&quot;bitrate&quot;:0,&quot;dest&quot;:&quot;bonded/bonded15&quot;},{&quot;mip&quot;:&quot;4000.ts&quot;,&quot;port&quot;:0,&quot;ip&quot;:&quot;file&quot;,&quot;in_name&quot;:&quot;bond&quot;,&quot;in_active&quot;:1,&quot;in_active_sources&quot;:0,&quot;prg_name&quot;:&quot;&quot;,&quot;prg_prov&quot;:&quot;&quot;,&quot;prg_num&quot;:-1,&quot;chan&quot;:&quot;&quot;,&quot;chan_id&quot;:-1,&quot;id&quot;:&quot;zixi://bonded(bonded0)#10.7.0.66:2088@10.7.0.65,192.168.60.66:2088@192.168.50.65,192.168.5.166:2088@192.168.5.165&quot;,&quot;type&quot;:2,&quot;name&quot;:&quot;bond0&quot;,&quot;asi&quot;:0,&quot;rtmp&quot;:0,&quot;file&quot;:1,&quot;active&quot;:1,&quot;group&quot;:&quot;&quot;,&quot;bonded&quot;:[],&quot;error&quot;:&quot;None&quot;,&quot;con_stat&quot;:&quot;Connecting&quot;,&quot;bitrate&quot;:0,&quot;dest&quot;:&quot;bonded/bonded0&quot;},{&quot;mip&quot;:&quot;4000.ts&quot;,&quot;port&quot;:0,&quot;ip&quot;:&quot;file&quot;,&quot;in_name&quot;:&quot;bond&quot;,&quot;in_active&quot;:1,&quot;in_active_sources&quot;:0,&quot;prg_name&quot;:&quot;&quot;,&quot;prg_prov&quot;:&quot;&quot;,&quot;prg_num&quot;:-1,&quot;chan&quot;:&quot;&quot;,&quot;chan_id&quot;:-1,&quot;id&quot;:&quot;zixi://bonded(bonded7)#10.7.0.66:2088@10.7.0.65,192.168.60.66:2088@192.168.50.65,192.168.5.166:2088@192.168.5.165&quot;,&quot;type&quot;:2,&quot;name&quot;:&quot;bond7&quot;,&quot;asi&quot;:0,&quot;rtmp&quot;:0,&quot;file&quot;:1,&quot;active&quot;:1,&quot;group&quot;:&quot;&quot;,&quot;bonded&quot;:[],&quot;error&quot;:&quot;None&quot;,&quot;con_stat&quot;:&quot;Connecting&quot;,&quot;bitrate&quot;:0,&quot;dest&quot;:&quot;bonded/bonded7&quot;},{&quot;mip&quot;:&quot;4000.ts&quot;,&quot;port&quot;:0,&quot;ip&quot;:&quot;file&quot;,&quot;in_name&quot;:&quot;bond&quot;,&quot;in_active&quot;:1,&quot;in_active_sources&quot;:0,&quot;prg_name&quot;:&quot;&quot;,&quot;prg_prov&quot;:&quot;&quot;,&quot;prg_num&quot;:-1,&quot;chan&quot;:&quot;&quot;,&quot;chan_id&quot;:-1,&quot;id&quot;:&quot;zixi://bonded(bonded6)#10.7.0.66:2088@10.7.0.65,192.168.60.66:2088@192.168.50.65,192.168.5.166:2088@192.168.5.165&quot;,&quot;type&quot;:2,&quot;name&quot;:&quot;bond6&quot;,&quot;asi&quot;:0,&quot;rtmp&quot;:0,&quot;file&quot;:1,&quot;active&quot;:1,&quot;group&quot;:&quot;&quot;,&quot;bonded&quot;:[],&quot;error&quot;:&quot;None&quot;,&quot;con_stat&quot;:&quot;Connecting&quot;,&quot;bitrate&quot;:0,&quot;dest&quot;:&quot;bonded/bonded6&quot;},{&quot;mip&quot;:&quot;4000.ts&quot;,&quot;port&quot;:0,&quot;ip&quot;:&quot;file&quot;,&quot;in_name&quot;:&quot;bond&quot;,&quot;in_active&quot;:1,&quot;in_active_sources&quot;:0,&quot;prg_name&quot;:&quot;&quot;,&quot;prg_prov&quot;:&quot;&quot;,&quot;prg_num&quot;:-1,&quot;chan&quot;:&quot;&quot;,&quot;chan_id&quot;:-1,&quot;id&quot;:&quot;zixi://bonded(bonded5)#10.7.0.66:2088@10.7.0.65,192.168.60.66:2088@192.168.50.65,192.168.5.166:2088@192.168.5.165&quot;,&quot;type&quot;:2,&quot;name&quot;:&quot;bond5&quot;,&quot;asi&quot;:0,&quot;rtmp&quot;:0,&quot;file&quot;:1,&quot;active&quot;:1,&quot;group&quot;:&quot;&quot;,&quot;bonded&quot;:[{&quot;host&quot;:&quot;10.7.0.66&quot;,&quot;port&quot;:2088,&quot;nic&quot;:&quot;10.7.0.65&quot;,&quot;limit&quot;:0,&quot;is_backup&quot;:0,&quot;bitrate&quot;:0,&quot;up_time&quot;:0,&quot;error_code&quot;:0,&quot;status_code&quot;:3,&quot;error_str&quot;:&quot;None&quot;,&quot;status_str&quot;:&quot;Connected&quot;},{&quot;host&quot;:&quot;192.168.60.66&quot;,&quot;port&quot;:2088,&quot;nic&quot;:&quot;192.168.50.65&quot;,&quot;limit&quot;:0,&quot;is_backup&quot;:0,&quot;bitrate&quot;:0,&quot;up_time&quot;:0,&quot;error_code&quot;:0,&quot;status_code&quot;:1,&quot;error_str&quot;:&quot;None&quot;,&quot;status_str&quot;:&quot;Connecting&quot;},{&quot;host&quot;:&quot;192.168.5.166&quot;,&quot;port&quot;:2088,&quot;nic&quot;:&quot;192.168.5.165&quot;,&quot;limit&quot;:0,&quot;is_backup&quot;:0,&quot;bitrate&quot;:0,&quot;up_time&quot;:0,&quot;error_code&quot;:0,&quot;status_code&quot;:1,&quot;error_str&quot;:&quot;None&quot;,&quot;status_str&quot;:&quot;Connecting&quot;}],&quot;error&quot;:&quot;None&quot;,&quot;con_stat&quot;:&quot;Disconnected&quot;,&quot;bitrate&quot;:0,&quot;dest&quot;:&quot;bonded/bonded5&quot;},{&quot;mip&quot;:&quot;4000.ts&quot;,&quot;port&quot;:0,&quot;ip&quot;:&quot;file&quot;,&quot;in_name&quot;:&quot;bond&quot;,&quot;in_active&quot;:1,&quot;in_active_sources&quot;:0,&quot;prg_name&quot;:&quot;&quot;,&quot;prg_prov&quot;:&quot;&quot;,&quot;prg_num&quot;:-1,&quot;chan&quot;:&quot;&quot;,&quot;chan_id&quot;:-1,&quot;id&quot;:&quot;zixi://bonded(bonded10)#10.7.0.66:2088@10.7.0.65,192.168.60.66:2088@192.168.50.65,192.168.5.166:2088@192.168.5.165&quot;,&quot;type&quot;:2,&quot;name&quot;:&quot;bond10&quot;,&quot;asi&quot;:0,&quot;rtmp&quot;:0,&quot;file&quot;:1,&quot;active&quot;:1,&quot;group&quot;:&quot;&quot;,&quot;bonded&quot;:[],&quot;error&quot;:&quot;None&quot;,&quot;con_stat&quot;:&quot;Connecting&quot;,&quot;bitrate&quot;:0,&quot;dest&quot;:&quot;bonded/bonded10&quot;},{&quot;mip&quot;:&quot;4000.ts&quot;,&quot;port&quot;:0,&quot;ip&quot;:&quot;file&quot;,&quot;in_name&quot;:&quot;bond&quot;,&quot;in_active&quot;:1,&quot;in_active_sources&quot;:0,&quot;prg_name&quot;:&quot;&quot;,&quot;prg_prov&quot;:&quot;&quot;,&quot;prg_num&quot;:-1,&quot;chan&quot;:&quot;&quot;,&quot;chan_id&quot;:-1,&quot;id&quot;:&quot;zixi://bonded(bonded4)#10.7.0.66:2088@10.7.0.65,192.168.60.66:2088@192.168.50.65,192.168.5.166:2088@192.168.5.165&quot;,&quot;type&quot;:2,&quot;name&quot;:&quot;bond4&quot;,&quot;asi&quot;:0,&quot;rtmp&quot;:0,&quot;file&quot;:1,&quot;active&quot;:1,&quot;group&quot;:&quot;&quot;,&quot;bonded&quot;:[],&quot;error&quot;:&quot;None&quot;,&quot;con_stat&quot;:&quot;Connecting&quot;,&quot;bitrate&quot;:0,&quot;dest&quot;:&quot;bonded/bonded4&quot;},{&quot;mip&quot;:&quot;4000.ts&quot;,&quot;port&quot;:0,&quot;ip&quot;:&quot;file&quot;,&quot;in_name&quot;:&quot;bond&quot;,&quot;in_active&quot;:1,&quot;in_active_sources&quot;:0,&quot;prg_name&quot;:&quot;&quot;,&quot;prg_prov&quot;:&quot;&quot;,&quot;prg_num&quot;:-1,&quot;chan&quot;:&quot;&quot;,&quot;chan_id&quot;:-1,&quot;id&quot;:&quot;zixi://bonded(bonded3)#10.7.0.66:2088@10.7.0.65,192.168.60.66:2088@192.168.50.65,192.168.5.166:2088@192.168.5.165&quot;,&quot;type&quot;:2,&quot;name&quot;:&quot;bond3&quot;,&quot;asi&quot;:0,&quot;rtmp&quot;:0,&quot;file&quot;:1,&quot;active&quot;:1,&quot;group&quot;:&quot;&quot;,&quot;bonded&quot;:[],&quot;error&quot;:&quot;Timeout&quot;,&quot;con_stat&quot;:&quot;Connecting&quot;,&quot;bitrate&quot;:0,&quot;dest&quot;:&quot;bonded/bonded3&quot;},{&quot;mip&quot;:&quot;4000.ts&quot;,&quot;port&quot;:0,&quot;ip&quot;:&quot;file&quot;,&quot;in_name&quot;:&quot;bond&quot;,&quot;in_active&quot;:1,&quot;in_active_sources&quot;:0,&quot;prg_name&quot;:&quot;&quot;,&quot;prg_prov&quot;:&quot;&quot;,&quot;prg_num&quot;:-1,&quot;chan&quot;:&quot;&quot;,&quot;chan_id&quot;:-1,&quot;id&quot;:&quot;zixi://bonded(bonded2)#10.7.0.66:2088@10.7.0.65,192.168.60.66:2088@192.168.50.65,192.168.5.166:2088@192.168.5.165&quot;,&quot;type&quot;:2,&quot;name&quot;:&quot;bond2&quot;,&quot;asi&quot;:0,&quot;rtmp&quot;:0,&quot;file&quot;:1,&quot;active&quot;:1,&quot;group&quot;:&quot;&quot;,&quot;bonded&quot;:[],&quot;error&quot;:&quot;None&quot;,&quot;con_stat&quot;:&quot;Connecting&quot;,&quot;bitrate&quot;:0,&quot;dest&quot;:&quot;bonded/bonded2&quot;},{&quot;mip&quot;:&quot;4000.ts&quot;,&quot;port&quot;:0,&quot;ip&quot;:&quot;file&quot;,&quot;in_name&quot;:&quot;bond&quot;,&quot;in_active&quot;:1,&quot;in_active_sources&quot;:0,&quot;prg_name&quot;:&quot;&quot;,&quot;prg_prov&quot;:&quot;&quot;,&quot;prg_num&quot;:-1,&quot;chan&quot;:&quot;&quot;,&quot;chan_id&quot;:-1,&quot;id&quot;:&quot;zixi://bonded(bonded1)#10.7.0.66:2088@10.7.0.65,192.168.60.66:2088@192.168.50.65,192.168.5.166:2088@192.168.5.165&quot;,&quot;type&quot;:2,&quot;name&quot;:&quot;bond1&quot;,&quot;asi&quot;:0,&quot;rtmp&quot;:0,&quot;file&quot;:1,&quot;active&quot;:1,&quot;group&quot;:&quot;&quot;,&quot;bonded&quot;:[],&quot;error&quot;:&quot;None&quot;,&quot;con_stat&quot;:&quot;Connecting&quot;,&quot;bitrate&quot;:0,&quot;dest&quot;:&quot;bonded/bonded1&quot;}]}
Debug printing ------&gt;&gt;&gt; {&quot;custom_data&quot;:&quot;&quot;,&quot;msg&quot;:&quot;Output deleted.&quot;,&quot;error&quot;:&quot;&quot;,&quot;outs&quot;:[{&quot;mip&quot;:&quot;live_recording.ts&quot;,&quot;port&quot;:0,&quot;ip&quot;:&quot;file&quot;,&quot;in_name&quot;:&quot;feederoutputname&quot;,&quot;in_active&quot;:1,&quot;in_active_sources&quot;:0,&quot;prg_name&quot;:&quot;&quot;,&quot;prg_prov&quot;:&quot;&quot;,&quot;prg_num&quot;:1,&quot;chan&quot;:&quot;&quot;,&quot;chan_id&quot;:-1,&quot;id&quot;:&quot;zixi://10.7.0.66:2088/feederout&quot;,&quot;type&quot;:2,&quot;name&quot;:&quot;feederoutputname&quot;,&quot;asi&quot;:0,&quot;rtmp&quot;:0,&quot;file&quot;:1,&quot;active&quot;:1,&quot;group&quot;:&quot;&quot;,&quot;error&quot;:&quot;Authentication&quot;,&quot;con_stat&quot;:&quot;Disconnected&quot;,&quot;bitrate&quot;:0,&quot;dest&quot;:&quot;10.7.0.66:2088/feederout&quot;},{&quot;mip&quot;:&quot;4000.ts&quot;,&quot;port&quot;:0,&quot;ip&quot;:&quot;file&quot;,&quot;in_name&quot;:&quot;bond&quot;,&quot;in_active&quot;:1,&quot;in_active_sources&quot;:0,&quot;prg_name&quot;:&quot;&quot;,&quot;prg_prov&quot;:&quot;&quot;,&quot;prg_num&quot;:-1,&quot;chan&quot;:&quot;&quot;,&quot;chan_id&quot;:-1,&quot;id&quot;:&quot;zixi://bonded(bonded13)#10.7.0.66:2088@10.7.0.65,192.168.60.66:2088@192.168.50.65,192.168.5.166:2088@192.168.5.165&quot;,&quot;type&quot;:2,&quot;name&quot;:&quot;bond13&quot;,&quot;asi&quot;:0,&quot;rtmp&quot;:0,&quot;file&quot;:1,&quot;active&quot;:1,&quot;group&quot;:&quot;&quot;,&quot;bonded&quot;:[],&quot;error&quot;:&quot;None&quot;,&quot;con_stat&quot;:&quot;Connecting&quot;,&quot;bitrate&quot;:0,&quot;dest&quot;:&quot;bonded/bonded13&quot;},{&quot;mip&quot;:&quot;4000.ts&quot;,&quot;port&quot;:0,&quot;ip&quot;:&quot;file&quot;,&quot;in_name&quot;:&quot;bond&quot;,&quot;in_active&quot;:1,&quot;in_active_sources&quot;:0,&quot;prg_name&quot;:&quot;&quot;,&quot;prg_prov&quot;:&quot;&quot;,&quot;prg_num&quot;:-1,&quot;chan&quot;:&quot;&quot;,&quot;chan_id&quot;:-1,&quot;id&quot;:&quot;zixi://bonded(bonded16)#10.7.0.66:2088@10.7.0.65,192.168.60.66:2088@192.168.50.65,192.168.5.166:2088@192.168.5.165&quot;,&quot;type&quot;:2,&quot;name&quot;:&quot;bond16&quot;,&quot;asi&quot;:0,&quot;rtmp&quot;:0,&quot;file&quot;:1,&quot;active&quot;:1,&quot;group&quot;:&quot;&quot;,&quot;bonded&quot;:[{&quot;host&quot;:&quot;10.7.0.66&quot;,&quot;port&quot;:2088,&quot;nic&quot;:&quot;10.7.0.65&quot;,&quot;limit&quot;:0,&quot;is_backup&quot;:0,&quot;bitrate&quot;:2216136,&quot;up_time&quot;:86,&quot;error_code&quot;:0,&quot;status_code&quot;:3,&quot;error_str&quot;:&quot;None&quot;,&quot;status_str&quot;:&quot;Connected&quot;},{&quot;host&quot;:&quot;192.168.60.66&quot;,&quot;port&quot;:2088,&quot;nic&quot;:&quot;192.168.50.65&quot;,&quot;limit&quot;:0,&quot;is_backup&quot;:0,&quot;bitrate&quot;:0,&quot;up_time&quot;:0,&quot;error_code&quot;:3,&quot;status_code&quot;:1,&quot;error_str&quot;:&quot;Timeout&quot;,&quot;status_str&quot;:&quot;Connecting&quot;},{&quot;host&quot;:&quot;192.168.5.166&quot;,&quot;port&quot;:2088,&quot;nic&quot;:&quot;192.168.5.165&quot;,&quot;limit&quot;:0,&quot;is_backup&quot;:0,&quot;bitrate&quot;:2364056,&quot;up_time&quot;:6,&quot;error_code&quot;:0,&quot;status_code&quot;:3,&quot;error_str&quot;:&quot;None&quot;,&quot;status_str&quot;:&quot;Connected&quot;}],&quot;error&quot;:&quot;None&quot;,&quot;con_stat&quot;:&quot;Disconnected&quot;,&quot;bitrate&quot;:4525808,&quot;dest&quot;:&quot;bonded/bonded16&quot;},{&quot;mip&quot;:&quot;4000.ts&quot;,&quot;port&quot;:0,&quot;ip&quot;:&quot;file&quot;,&quot;in_name&quot;:&quot;bond&quot;,&quot;in_active&quot;:1,&quot;in_active_sources&quot;:0,&quot;prg_name&quot;:&quot;&quot;,&quot;prg_prov&quot;:&quot;&quot;,&quot;prg_num&quot;:-1,&quot;chan&quot;:&quot;&quot;,&quot;chan_id&quot;:-1,&quot;id&quot;:&quot;zixi://bonded(bonded14)#10.7.0.66:2088@10.7.0.65,192.168.60.66:2088@192.168.50.65,192.168.5.166:2088@192.168.5.165&quot;,&quot;type&quot;:2,&quot;name&quot;:&quot;bond14&quot;,&quot;asi&quot;:0,&quot;rtmp&quot;:0,&quot;file&quot;:1,&quot;active&quot;:1,&quot;group&quot;:&quot;&quot;,&quot;bonded&quot;:[],&quot;error&quot;:&quot;None&quot;,&quot;con_stat&quot;:&quot;Connecting&quot;,&quot;bitrate&quot;:0,&quot;dest&quot;:&quot;bonded/bonded14&quot;},{&quot;mip&quot;:&quot;4000.ts&quot;,&quot;port&quot;:0,&quot;ip&quot;:&quot;file&quot;,&quot;in_name&quot;:&quot;bond&quot;,&quot;in_active&quot;:1,&quot;in_active_sources&quot;:0,&quot;prg_name&quot;:&quot;&quot;,&quot;prg_prov&quot;:&quot;&quot;,&quot;prg_num&quot;:-1,&quot;chan&quot;:&quot;&quot;,&quot;chan_id&quot;:-1,&quot;id&quot;:&quot;zixi://bonded(bonded12)#10.7.0.66:2088@10.7.0.65,192.168.60.66:2088@192.168.50.65,192.168.5.166:2088@192.168.5.165&quot;,&quot;type&quot;:2,&quot;name&quot;:&quot;bond12&quot;,&quot;asi&quot;:0,&quot;rtmp&quot;:0,&quot;file&quot;:1,&quot;active&quot;:1,&quot;group&quot;:&quot;&quot;,&quot;bonded&quot;:[],&quot;error&quot;:&quot;None&quot;,&quot;con_stat&quot;:&quot;Connecting&quot;,&quot;bitrate&quot;:0,&quot;dest&quot;:&quot;bonded/bonded12&quot;},{&quot;mip&quot;:&quot;4000.ts&quot;,&quot;port&quot;:0,&quot;ip&quot;:&quot;file&quot;,&quot;in_name&quot;:&quot;bond&quot;,&quot;in_active&quot;:1,&quot;in_active_sources&quot;:0,&quot;prg_name&quot;:&quot;&quot;,&quot;prg_prov&quot;:&quot;&quot;,&quot;prg_num&quot;:-1,&quot;chan&quot;:&quot;&quot;,&quot;chan_id&quot;:-1,&quot;id&quot;:&quot;zixi://bonded(bonded19)#10.7.0.66:2088@10.7.0.65,192.168.60.66:2088@192.168.50.65,192.168.5.166:2088@192.168.5.165&quot;,&quot;type&quot;:2,&quot;name&quot;:&quot;bond19&quot;,&quot;asi&quot;:0,&quot;rtmp&quot;:0,&quot;file&quot;:1,&quot;active&quot;:1,&quot;group&quot;:&quot;&quot;,&quot;bonded&quot;:[],&quot;error&quot;:&quot;None&quot;,&quot;con_stat&quot;:&quot;Connecting&quot;,&quot;bitrate&quot;:0,&quot;dest&quot;:&quot;bonded/bonded19&quot;},{&quot;mip&quot;:&quot;4000.ts&quot;,&quot;port&quot;:0,&quot;ip&quot;:&quot;file&quot;,&quot;in_name&quot;:&quot;bond&quot;,&quot;in_active&quot;:1,&quot;in_active_sources&quot;:0,&quot;prg_name&quot;:&quot;&quot;,&quot;prg_prov&quot;:&quot;&quot;,&quot;prg_num&quot;:-1,&quot;chan&quot;:&quot;&quot;,&quot;chan_id&quot;:-1,&quot;id&quot;:&quot;zixi://bonded(bonded11)#10.7.0.66:2088@10.7.0.65,192.168.60.66:2088@192.168.50.65,192.168.5.166:2088@192.168.5.165&quot;,&quot;type&quot;:2,&quot;name&quot;:&quot;bond11&quot;,&quot;asi&quot;:0,&quot;rtmp&quot;:0,&quot;file&quot;:1,&quot;active&quot;:1,&quot;group&quot;:&quot;&quot;,&quot;bonded&quot;:[],&quot;error&quot;:&quot;None&quot;,&quot;con_stat&quot;:&quot;Connecting&quot;,&quot;bitrate&quot;:0,&quot;dest&quot;:&quot;bonded/bonded11&quot;},{&quot;mip&quot;:&quot;4000.ts&quot;,&quot;port&quot;:0,&quot;ip&quot;:&quot;file&quot;,&quot;in_name&quot;:&quot;bond&quot;,&quot;in_active&quot;:1,&quot;in_active_sources&quot;:0,&quot;prg_name&quot;:&quot;&quot;,&quot;prg_prov&quot;:&quot;&quot;,&quot;prg_num&quot;:-1,&quot;chan&quot;:&quot;&quot;,&quot;chan_id&quot;:-1,&quot;id&quot;:&quot;zixi://bonded(bonded18)#10.7.0.66:2088@10.7.0.65,192.168.60.66:2088@192.168.50.65,192.168.5.166:2088@192.168.5.165&quot;,&quot;type&quot;:2,&quot;name&quot;:&quot;bond18&quot;,&quot;asi&quot;:0,&quot;rtmp&quot;:0,&quot;file&quot;:1,&quot;active&quot;:1,&quot;group&quot;:&quot;&quot;,&quot;bonded&quot;:[{&quot;host&quot;:&quot;10.7.0.66&quot;,&quot;port&quot;:2088,&quot;nic&quot;:&quot;10.7.0.65&quot;,&quot;limit&quot;:0,&quot;is_backup&quot;:0,&quot;bitrate&quot;:2862048,&quot;up_time&quot;:159,&quot;error_code&quot;:0,&quot;status_code&quot;:3,&quot;error_str&quot;:&quot;None&quot;,&quot;status_str&quot;:&quot;Connected&quot;},{&quot;host&quot;:&quot;192.168.60.66&quot;,&quot;port&quot;:2088,&quot;nic&quot;:&quot;192.168.50.65&quot;,&quot;limit&quot;:0,&quot;is_backup&quot;:0,&quot;bitrate&quot;:0,&quot;up_time&quot;:0,&quot;error_code&quot;:3,&quot;status_code&quot;:1,&quot;error_str&quot;:&quot;Timeout&quot;,&quot;status_str&quot;:&quot;Connecting&quot;},{&quot;host&quot;:&quot;192.168.5.166&quot;,&quot;port&quot;:2088,&quot;nic&quot;:&quot;192.168.5.165&quot;,&quot;limit&quot;:0,&quot;is_backup&quot;:0,&quot;bitrate&quot;:2920032,&quot;up_time&quot;:545,&quot;error_code&quot;:0,&quot;status_code&quot;:3,&quot;error_str&quot;:&quot;None&quot;,&quot;status_str&quot;:&quot;Connected&quot;}],&quot;error&quot;:&quot;None&quot;,&quot;con_stat&quot;:&quot;Disconnected&quot;,&quot;bitrate&quot;:5602013,&quot;dest&quot;:&quot;bonded/bonded18&quot;},{&quot;mip&quot;:&quot;4000.ts&quot;,&quot;port&quot;:0,&quot;ip&quot;:&quot;file&quot;,&quot;in_name&quot;:&quot;bond&quot;,&quot;in_active&quot;:1,&quot;in_active_sources&quot;:0,&quot;prg_name&quot;:&quot;&quot;,&quot;prg_prov&quot;:&quot;&quot;,&quot;prg_num&quot;:-1,&quot;chan&quot;:&quot;&quot;,&quot;chan_id&quot;:-1,&quot;id&quot;:&quot;zixi://bonded(bonded9)#10.7.0.66:2088@10.7.0.65,192.168.60.66:2088@192.168.50.65,192.168.5.166:2088@192.168.5.165&quot;,&quot;type&quot;:2,&quot;name&quot;:&quot;bond9&quot;,&quot;asi&quot;:0,&quot;rtmp&quot;:0,&quot;file&quot;:1,&quot;active&quot;:1,&quot;group&quot;:&quot;&quot;,&quot;bonded&quot;:[],&quot;error&quot;:&quot;None&quot;,&quot;con_stat&quot;:&quot;Connecting&quot;,&quot;bitrate&quot;:0,&quot;dest&quot;:&quot;bonded/bonded9&quot;},{&quot;mip&quot;:&quot;4000.ts&quot;,&quot;port&quot;:0,&quot;ip&quot;:&quot;file&quot;,&quot;in_name&quot;:&quot;bond&quot;,&quot;in_active&quot;:1,&quot;in_active_sources&quot;:0,&quot;prg_name&quot;:&quot;&quot;,&quot;prg_prov&quot;:&quot;&quot;,&quot;prg_num&quot;:-1,&quot;chan&quot;:&quot;&quot;,&quot;chan_id&quot;:-1,&quot;id&quot;:&quot;zixi://bonded(bonded15)#10.7.0.66:2088@10.7.0.65,192.168.60.66:2088@192.168.50.65,192.168.5.166:2088@192.168.5.165&quot;,&quot;type&quot;:2,&quot;name&quot;:&quot;bond15&quot;,&quot;asi&quot;:0,&quot;rtmp&quot;:0,&quot;file&quot;:1,&quot;active&quot;:1,&quot;group&quot;:&quot;&quot;,&quot;bonded&quot;:[],&quot;error&quot;:&quot;None&quot;,&quot;con_stat&quot;:&quot;Connecting&quot;,&quot;bitrate&quot;:0,&quot;dest&quot;:&quot;bonded/bonded15&quot;},{&quot;mip&quot;:&quot;4000.ts&quot;,&quot;port&quot;:0,&quot;ip&quot;:&quot;file&quot;,&quot;in_name&quot;:&quot;bond&quot;,&quot;in_active&quot;:1,&quot;in_active_sources&quot;:0,&quot;prg_name&quot;:&quot;&quot;,&quot;prg_prov&quot;:&quot;&quot;,&quot;prg_num&quot;:-1,&quot;chan&quot;:&quot;&quot;,&quot;chan_id&quot;:-1,&quot;id&quot;:&quot;zixi://bonded(bonded0)#10.7.0.66:2088@10.7.0.65,192.168.60.66:2088@192.168.50.65,192.168.5.166:2088@192.168.5.165&quot;,&quot;type&quot;:2,&quot;name&quot;:&quot;bond0&quot;,&quot;asi&quot;:0,&quot;rtmp&quot;:0,&quot;file&quot;:1,&quot;active&quot;:1,&quot;group&quot;:&quot;&quot;,&quot;bonded&quot;:[],&quot;error&quot;:&quot;None&quot;,&quot;con_stat&quot;:&quot;Connecting&quot;,&quot;bitrate&quot;:0,&quot;dest&quot;:&quot;bonded/bonded0&quot;},{&quot;mip&quot;:&quot;4000.ts&quot;,&quot;port&quot;:0,&quot;ip&quot;:&quot;file&quot;,&quot;in_name&quot;:&quot;bond&quot;,&quot;in_active&quot;:1,&quot;in_active_sources&quot;:0,&quot;prg_name&quot;:&quot;&quot;,&quot;prg_prov&quot;:&quot;&quot;,&quot;prg_num&quot;:-1,&quot;chan&quot;:&quot;&quot;,&quot;chan_id&quot;:-1,&quot;id&quot;:&quot;zixi://bonded(bonded7)#10.7.0.66:2088@10.7.0.65,192.168.60.66:2088@192.168.50.65,192.168.5.166:2088@192.168.5.165&quot;,&quot;type&quot;:2,&quot;name&quot;:&quot;bond7&quot;,&quot;asi&quot;:0,&quot;rtmp&quot;:0,&quot;file&quot;:1,&quot;active&quot;:1,&quot;group&quot;:&quot;&quot;,&quot;bonded&quot;:[],&quot;error&quot;:&quot;None&quot;,&quot;con_stat&quot;:&quot;Connecting&quot;,&quot;bitrate&quot;:0,&quot;dest&quot;:&quot;bonded/bonded7&quot;},{&quot;mip&quot;:&quot;4000.ts&quot;,&quot;port&quot;:0,&quot;ip&quot;:&quot;file&quot;,&quot;in_name&quot;:&quot;bond&quot;,&quot;in_active&quot;:1,&quot;in_active_sources&quot;:0,&quot;prg_name&quot;:&quot;&quot;,&quot;prg_prov&quot;:&quot;&quot;,&quot;prg_num&quot;:-1,&quot;chan&quot;:&quot;&quot;,&quot;chan_id&quot;:-1,&quot;id&quot;:&quot;zixi://bonded(bonded6)#10.7.0.66:2088@10.7.0.65,192.168.60.66:2088@192.168.50.65,192.168.5.166:2088@192.168.5.165&quot;,&quot;type&quot;:2,&quot;name&quot;:&quot;bond6&quot;,&quot;asi&quot;:0,&quot;rtmp&quot;:0,&quot;file&quot;:1,&quot;active&quot;:1,&quot;group&quot;:&quot;&quot;,&quot;bonded&quot;:[],&quot;error&quot;:&quot;None&quot;,&quot;con_stat&quot;:&quot;Connecting&quot;,&quot;bitrate&quot;:0,&quot;dest&quot;:&quot;bonded/bonded6&quot;},{&quot;mip&quot;:&quot;4000.ts&quot;,&quot;port&quot;:0,&quot;ip&quot;:&quot;file&quot;,&quot;in_name&quot;:&quot;bond&quot;,&quot;in_active&quot;:1,&quot;in_active_sources&quot;:0,&quot;prg_name&quot;:&quot;&quot;,&quot;prg_prov&quot;:&quot;&quot;,&quot;prg_num&quot;:-1,&quot;chan&quot;:&quot;&quot;,&quot;chan_id&quot;:-1,&quot;id&quot;:&quot;zixi://bonded(bonded5)#10.7.0.66:2088@10.7.0.65,192.168.60.66:2088@192.168.50.65,192.168.5.166:2088@192.168.5.165&quot;,&quot;type&quot;:2,&quot;name&quot;:&quot;bond5&quot;,&quot;asi&quot;:0,&quot;rtmp&quot;:0,&quot;file&quot;:1,&quot;active&quot;:1,&quot;group&quot;:&quot;&quot;,&quot;bonded&quot;:[{&quot;host&quot;:&quot;10.7.0.66&quot;,&quot;port&quot;:2088,&quot;nic&quot;:&quot;10.7.0.65&quot;,&quot;limit&quot;:0,&quot;is_backup&quot;:0,&quot;bitrate&quot;:0,&quot;up_time&quot;:0,&quot;error_code&quot;:0,&quot;status_code&quot;:3,&quot;error_str&quot;:&quot;None&quot;,&quot;status_str&quot;:&quot;Connected&quot;},{&quot;host&quot;:&quot;192.168.60.66&quot;,&quot;port&quot;:2088,&quot;nic&quot;:&quot;192.168.50.65&quot;,&quot;limit&quot;:0,&quot;is_backup&quot;:0,&quot;bitrate&quot;:0,&quot;up_time&quot;:0,&quot;error_code&quot;:0,&quot;status_code&quot;:1,&quot;error_str&quot;:&quot;None&quot;,&quot;status_str&quot;:&quot;Connecting&quot;},{&quot;host&quot;:&quot;192.168.5.166&quot;,&quot;port&quot;:2088,&quot;nic&quot;:&quot;192.168.5.165&quot;,&quot;limit&quot;:0,&quot;is_backup&quot;:0,&quot;bitrate&quot;:0,&quot;up_time&quot;:0,&quot;error_code&quot;:0,&quot;status_code&quot;:1,&quot;error_str&quot;:&quot;None&quot;,&quot;status_str&quot;:&quot;Connecting&quot;}],&quot;error&quot;:&quot;None&quot;,&quot;con_stat&quot;:&quot;Disconnected&quot;,&quot;bitrate&quot;:0,&quot;dest&quot;:&quot;bonded/bonded5&quot;},{&quot;mip&quot;:&quot;4000.ts&quot;,&quot;port&quot;:0,&quot;ip&quot;:&quot;file&quot;,&quot;in_name&quot;:&quot;bond&quot;,&quot;in_active&quot;:1,&quot;in_active_sources&quot;:0,&quot;prg_name&quot;:&quot;&quot;,&quot;prg_prov&quot;:&quot;&quot;,&quot;prg_num&quot;:-1,&quot;chan&quot;:&quot;&quot;,&quot;chan_id&quot;:-1,&quot;id&quot;:&quot;zixi://bonded(bonded10)#10.7.0.66:2088@10.7.0.65,192.168.60.66:2088@192.168.50.65,192.168.5.166:2088@192.168.5.165&quot;,&quot;type&quot;:2,&quot;name&quot;:&quot;bond10&quot;,&quot;asi&quot;:0,&quot;rtmp&quot;:0,&quot;file&quot;:1,&quot;active&quot;:1,&quot;group&quot;:&quot;&quot;,&quot;bonded&quot;:[],&quot;error&quot;:&quot;None&quot;,&quot;con_stat&quot;:&quot;Connecting&quot;,&quot;bitrate&quot;:0,&quot;dest&quot;:&quot;bonded/bonded10&quot;},{&quot;mip&quot;:&quot;4000.ts&quot;,&quot;port&quot;:0,&quot;ip&quot;:&quot;file&quot;,&quot;in_name&quot;:&quot;bond&quot;,&quot;in_active&quot;:1,&quot;in_active_sources&quot;:0,&quot;prg_name&quot;:&quot;&quot;,&quot;prg_prov&quot;:&quot;&quot;,&quot;prg_num&quot;:-1,&quot;chan&quot;:&quot;&quot;,&quot;chan_id&quot;:-1,&quot;id&quot;:&quot;zixi://bonded(bonded4)#10.7.0.66:2088@10.7.0.65,192.168.60.66:2088@192.168.50.65,192.168.5.166:2088@192.168.5.165&quot;,&quot;type&quot;:2,&quot;name&quot;:&quot;bond4&quot;,&quot;asi&quot;:0,&quot;rtmp&quot;:0,&quot;file&quot;:1,&quot;active&quot;:1,&quot;group&quot;:&quot;&quot;,&quot;bonded&quot;:[],&quot;error&quot;:&quot;None&quot;,&quot;con_stat&quot;:&quot;Connecting&quot;,&quot;bitrate&quot;:0,&quot;dest&quot;:&quot;bonded/bonded4&quot;},{&quot;mip&quot;:&quot;4000.ts&quot;,&quot;port&quot;:0,&quot;ip&quot;:&quot;file&quot;,&quot;in_name&quot;:&quot;bond&quot;,&quot;in_active&quot;:1,&quot;in_active_sources&quot;:0,&quot;prg_name&quot;:&quot;&quot;,&quot;prg_prov&quot;:&quot;&quot;,&quot;prg_num&quot;:-1,&quot;chan&quot;:&quot;&quot;,&quot;chan_id&quot;:-1,&quot;id&quot;:&quot;zixi://bonded(bonded3)#10.7.0.66:2088@10.7.0.65,192.168.60.66:2088@192.168.50.65,192.168.5.166:2088@192.168.5.165&quot;,&quot;type&quot;:2,&quot;name&quot;:&quot;bond3&quot;,&quot;asi&quot;:0,&quot;rtmp&quot;:0,&quot;file&quot;:1,&quot;active&quot;:1,&quot;group&quot;:&quot;&quot;,&quot;bonded&quot;:[],&quot;error&quot;:&quot;Timeout&quot;,&quot;con_stat&quot;:&quot;Connecting&quot;,&quot;bitrate&quot;:0,&quot;dest&quot;:&quot;bonded/bonded3&quot;},{&quot;mip&quot;:&quot;4000.ts&quot;,&quot;port&quot;:0,&quot;ip&quot;:&quot;file&quot;,&quot;in_name&quot;:&quot;bond&quot;,&quot;in_active&quot;:1,&quot;in_active_sources&quot;:0,&quot;prg_name&quot;:&quot;&quot;,&quot;prg_prov&quot;:&quot;&quot;,&quot;prg_num&quot;:-1,&quot;chan&quot;:&quot;&quot;,&quot;chan_id&quot;:-1,&quot;id&quot;:&quot;zixi://bonded(bonded2)#10.7.0.66:2088@10.7.0.65,192.168.60.66:2088@192.168.50.65,192.168.5.166:2088@192.168.5.165&quot;,&quot;type&quot;:2,&quot;name&quot;:&quot;bond2&quot;,&quot;asi&quot;:0,&quot;rtmp&quot;:0,&quot;file&quot;:1,&quot;active&quot;:1,&quot;group&quot;:&quot;&quot;,&quot;bonded&quot;:[],&quot;error&quot;:&quot;None&quot;,&quot;con_stat&quot;:&quot;Connecting&quot;,&quot;bitrate&quot;:0,&quot;dest&quot;:&quot;bonded/bonded2&quot;},{&quot;mip&quot;:&quot;4000.ts&quot;,&quot;port&quot;:0,&quot;ip&quot;:&quot;file&quot;,&quot;in_name&quot;:&quot;bond&quot;,&quot;in_active&quot;:1,&quot;in_active_sources&quot;:0,&quot;prg_name&quot;:&quot;&quot;,&quot;prg_prov&quot;:&quot;&quot;,&quot;prg_num&quot;:-1,&quot;chan&quot;:&quot;&quot;,&quot;chan_id&quot;:-1,&quot;id&quot;:&quot;zixi://bonded(bonded1)#10.7.0.66:2088@10.7.0.65,192.168.60.66:2088@192.168.50.65,192.168.5.166:2088@192.168.5.165&quot;,&quot;type&quot;:2,&quot;name&quot;:&quot;bond1&quot;,&quot;asi&quot;:0,&quot;rtmp&quot;:0,&quot;file&quot;:1,&quot;active&quot;:1,&quot;group&quot;:&quot;&quot;,&quot;bonded&quot;:[],&quot;error&quot;:&quot;None&quot;,&quot;con_stat&quot;:&quot;Connecting&quot;,&quot;bitrate&quot;:0,&quot;dest&quot;:&quot;bonded/bonded1&quot;}]}
Debug printing ------&gt;&gt;&gt; {&quot;custom_data&quot;:&quot;&quot;,&quot;msg&quot;:&quot;Output deleted.&quot;,&quot;error&quot;:&quot;&quot;,&quot;outs&quot;:[{&quot;mip&quot;:&quot;live_recording.ts&quot;,&quot;port&quot;:0,&quot;ip&quot;:&quot;file&quot;,&quot;in_name&quot;:&quot;feederoutputname&quot;,&quot;in_active&quot;:1,&quot;in_active_sources&quot;:0,&quot;prg_name&quot;:&quot;&quot;,&quot;prg_prov&quot;:&quot;&quot;,&quot;prg_num&quot;:1,&quot;chan&quot;:&quot;&quot;,&quot;chan_id&quot;:-1,&quot;id&quot;:&quot;zixi://10.7.0.66:2088/feederout&quot;,&quot;type&quot;:2,&quot;name&quot;:&quot;feederoutputname&quot;,&quot;asi&quot;:0,&quot;rtmp&quot;:0,&quot;file&quot;:1,&quot;active&quot;:1,&quot;group&quot;:&quot;&quot;,&quot;error&quot;:&quot;Authentication&quot;,&quot;con_stat&quot;:&quot;Disconnected&quot;,&quot;bitrate&quot;:0,&quot;dest&quot;:&quot;10.7.0.66:2088/feederout&quot;},{&quot;mip&quot;:&quot;4000.ts&quot;,&quot;port&quot;:0,&quot;ip&quot;:&quot;file&quot;,&quot;in_name&quot;:&quot;bond&quot;,&quot;in_active&quot;:1,&quot;in_active_sources&quot;:0,&quot;prg_name&quot;:&quot;&quot;,&quot;prg_prov&quot;:&quot;&quot;,&quot;prg_num&quot;:-1,&quot;chan&quot;:&quot;&quot;,&quot;chan_id&quot;:-1,&quot;id&quot;:&quot;zixi://bonded(bonded7)#10.7.0.66:2088@10.7.0.65,192.168.60.66:2088@192.168.50.65,192.168.5.166:2088@192.168.5.165&quot;,&quot;type&quot;:2,&quot;name&quot;:&quot;bond7&quot;,&quot;asi&quot;:0,&quot;rtmp&quot;:0,&quot;file&quot;:1,&quot;active&quot;:1,&quot;group&quot;:&quot;&quot;,&quot;bonded&quot;:[],&quot;error&quot;:&quot;None&quot;,&quot;con_stat&quot;:&quot;Connecting&quot;,&quot;bitrate&quot;:0,&quot;dest&quot;:&quot;bonded/bonded7&quot;},{&quot;mip&quot;:&quot;4000.ts&quot;,&quot;port&quot;:0,&quot;ip&quot;:&quot;file&quot;,&quot;in_name&quot;:&quot;bond&quot;,&quot;in_active&quot;:1,&quot;in_active_sources&quot;:0,&quot;prg_name&quot;:&quot;&quot;,&quot;prg_prov&quot;:&quot;&quot;,&quot;prg_num&quot;:-1,&quot;chan&quot;:&quot;&quot;,&quot;chan_id&quot;:-1,&quot;id&quot;:&quot;zixi://bonded(bonded14)#10.7.0.66:2088@10.7.0.65,192.168.60.66:2088@192.168.50.65,192.168.5.166:2088@192.168.5.165&quot;,&quot;type&quot;:2,&quot;name&quot;:&quot;bond14&quot;,&quot;asi&quot;:0,&quot;rtmp&quot;:0,&quot;file&quot;:1,&quot;active&quot;:1,&quot;group&quot;:&quot;&quot;,&quot;bonded&quot;:[],&quot;error&quot;:&quot;None&quot;,&quot;con_stat&quot;:&quot;Connecting&quot;,&quot;bitrate&quot;:0,&quot;dest&quot;:&quot;bonded/bonded14&quot;},{&quot;mip&quot;:&quot;4000.ts&quot;,&quot;port&quot;:0,&quot;ip&quot;:&quot;file&quot;,&quot;in_name&quot;:&quot;bond&quot;,&quot;in_active&quot;:1,&quot;in_active_sources&quot;:0,&quot;prg_name&quot;:&quot;&quot;,&quot;prg_prov&quot;:&quot;&quot;,&quot;prg_num&quot;:-1,&quot;chan&quot;:&quot;&quot;,&quot;chan_id&quot;:-1,&quot;id&quot;:&quot;zixi://bonded(bonded12)#10.7.0.66:2088@10.7.0.65,192.168.60.66:2088@192.168.50.65,192.168.5.166:2088@192.168.5.165&quot;,&quot;type&quot;:2,&quot;name&quot;:&quot;bond12&quot;,&quot;asi&quot;:0,&quot;rtmp&quot;:0,&quot;file&quot;:1,&quot;active&quot;:1,&quot;group&quot;:&quot;&quot;,&quot;bonded&quot;:[],&quot;error&quot;:&quot;None&quot;,&quot;con_stat&quot;:&quot;Connecting&quot;,&quot;bitrate&quot;:0,&quot;dest&quot;:&quot;bonded/bonded12&quot;},{&quot;mip&quot;:&quot;4000.ts&quot;,&quot;port&quot;:0,&quot;ip&quot;:&quot;file&quot;,&quot;in_name&quot;:&quot;bond&quot;,&quot;in_active&quot;:1,&quot;in_active_sources&quot;:0,&quot;prg_name&quot;:&quot;&quot;,&quot;prg_prov&quot;:&quot;&quot;,&quot;prg_num&quot;:-1,&quot;chan&quot;:&quot;&quot;,&quot;chan_id&quot;:-1,&quot;id&quot;:&quot;zixi://bonded(bonded19)#10.7.0.66:2088@10.7.0.65,192.168.60.66:2088@192.168.50.65,192.168.5.166:2088@192.168.5.165&quot;,&quot;type&quot;:2,&quot;name&quot;:&quot;bond19&quot;,&quot;asi&quot;:0,&quot;rtmp&quot;:0,&quot;file&quot;:1,&quot;active&quot;:1,&quot;group&quot;:&quot;&quot;,&quot;bonded&quot;:[],&quot;error&quot;:&quot;None&quot;,&quot;con_stat&quot;:&quot;Connecting&quot;,&quot;bitrate&quot;:0,&quot;dest&quot;:&quot;bonded/bonded19&quot;},{&quot;mip&quot;:&quot;4000.ts&quot;,&quot;port&quot;:0,&quot;ip&quot;:&quot;file&quot;,&quot;in_name&quot;:&quot;bond&quot;,&quot;in_active&quot;:1,&quot;in_active_sources&quot;:0,&quot;prg_name&quot;:&quot;&quot;,&quot;prg_prov&quot;:&quot;&quot;,&quot;prg_num&quot;:-1,&quot;chan&quot;:&quot;&quot;,&quot;chan_id&quot;:-1,&quot;id&quot;:&quot;zixi://bonded(bonded11)#10.7.0.66:2088@10.7.0.65,192.168.60.66:2088@192.168.50.65,192.168.5.166:2088@192.168.5.165&quot;,&quot;type&quot;:2,&quot;name&quot;:&quot;bond11&quot;,&quot;asi&quot;:0,&quot;rtmp&quot;:0,&quot;file&quot;:1,&quot;active&quot;:1,&quot;group&quot;:&quot;&quot;,&quot;bonded&quot;:[],&quot;error&quot;:&quot;None&quot;,&quot;con_stat&quot;:&quot;Connecting&quot;,&quot;bitrate&quot;:0,&quot;dest&quot;:&quot;bonded/bonded11&quot;},{&quot;mip&quot;:&quot;4000.ts&quot;,&quot;port&quot;:0,&quot;ip&quot;:&quot;file&quot;,&quot;in_name&quot;:&quot;bond&quot;,&quot;in_active&quot;:1,&quot;in_active_sources&quot;:0,&quot;prg_name&quot;:&quot;&quot;,&quot;prg_prov&quot;:&quot;&quot;,&quot;prg_num&quot;:-1,&quot;chan&quot;:&quot;&quot;,&quot;chan_id&quot;:-1,&quot;id&quot;:&quot;zixi://bonded(bonded18)#10.7.0.66:2088@10.7.0.65,192.168.60.66:2088@192.168.50.65,192.168.5.166:2088@192.168.5.165&quot;,&quot;type&quot;:2,&quot;name&quot;:&quot;bond18&quot;,&quot;asi&quot;:0,&quot;rtmp&quot;:0,&quot;file&quot;:1,&quot;active&quot;:1,&quot;group&quot;:&quot;&quot;,&quot;bonded&quot;:[{&quot;host&quot;:&quot;10.7.0.66&quot;,&quot;port&quot;:2088,&quot;nic&quot;:&quot;10.7.0.65&quot;,&quot;limit&quot;:0,&quot;is_backup&quot;:0,&quot;bitrate&quot;:2862048,&quot;up_time&quot;:159,&quot;error_code&quot;:0,&quot;status_code&quot;:3,&quot;error_str&quot;:&quot;None&quot;,&quot;status_str&quot;:&quot;Connected&quot;},{&quot;host&quot;:&quot;192.168.60.66&quot;,&quot;port&quot;:2088,&quot;nic&quot;:&quot;192.168.50.65&quot;,&quot;limit&quot;:0,&quot;is_backup&quot;:0,&quot;bitrate&quot;:0,&quot;up_time&quot;:0,&quot;error_code&quot;:3,&quot;status_code&quot;:1,&quot;error_str&quot;:&quot;Timeout&quot;,&quot;status_str&quot;:&quot;Connecting&quot;},{&quot;host&quot;:&quot;192.168.5.166&quot;,&quot;port&quot;:2088,&quot;nic&quot;:&quot;192.168.5.165&quot;,&quot;limit&quot;:0,&quot;is_backup&quot;:0,&quot;bitrate&quot;:2920032,&quot;up_time&quot;:545,&quot;error_code&quot;:0,&quot;status_code&quot;:3,&quot;error_str&quot;:&quot;None&quot;,&quot;status_str&quot;:&quot;Connected&quot;}],&quot;error&quot;:&quot;None&quot;,&quot;con_stat&quot;:&quot;Disconnected&quot;,&quot;bitrate&quot;:5602013,&quot;dest&quot;:&quot;bonded/bonded18&quot;},{&quot;mip&quot;:&quot;4000.ts&quot;,&quot;port&quot;:0,&quot;ip&quot;:&quot;file&quot;,&quot;in_name&quot;:&quot;bond&quot;,&quot;in_active&quot;:1,&quot;in_active_sources&quot;:0,&quot;prg_name&quot;:&quot;&quot;,&quot;prg_prov&quot;:&quot;&quot;,&quot;prg_num&quot;:-1,&quot;chan&quot;:&quot;&quot;,&quot;chan_id&quot;:-1,&quot;id&quot;:&quot;zixi://bonded(bonded9)#10.7.0.66:2088@10.7.0.65,192.168.60.66:2088@192.168.50.65,192.168.5.166:2088@192.168.5.165&quot;,&quot;type&quot;:2,&quot;name&quot;:&quot;bond9&quot;,&quot;asi&quot;:0,&quot;rtmp&quot;:0,&quot;file&quot;:1,&quot;active&quot;:1,&quot;group&quot;:&quot;&quot;,&quot;bonded&quot;:[],&quot;error&quot;:&quot;None&quot;,&quot;con_stat&quot;:&quot;Connecting&quot;,&quot;bitrate&quot;:0,&quot;dest&quot;:&quot;bonded/bonded9&quot;},{&quot;mip&quot;:&quot;4000.ts&quot;,&quot;port&quot;:0,&quot;ip&quot;:&quot;file&quot;,&quot;in_name&quot;:&quot;bond&quot;,&quot;in_active&quot;:1,&quot;in_active_sources&quot;:0,&quot;prg_name&quot;:&quot;&quot;,&quot;prg_prov&quot;:&quot;&quot;,&quot;prg_num&quot;:-1,&quot;chan&quot;:&quot;&quot;,&quot;chan_id&quot;:-1,&quot;id&quot;:&quot;zixi://bonded(bonded15)#10.7.0.66:2088@10.7.0.65,192.168.60.66:2088@192.168.50.65,192.168.5.166:2088@192.168.5.165&quot;,&quot;type&quot;:2,&quot;name&quot;:&quot;bond15&quot;,&quot;asi&quot;:0,&quot;rtmp&quot;:0,&quot;file&quot;:1,&quot;active&quot;:1,&quot;group&quot;:&quot;&quot;,&quot;bonded&quot;:[],&quot;error&quot;:&quot;None&quot;,&quot;con_stat&quot;:&quot;Connecting&quot;,&quot;bitrate&quot;:0,&quot;dest&quot;:&quot;bonded/bonded15&quot;},{&quot;mip&quot;:&quot;4000.ts&quot;,&quot;port&quot;:0,&quot;ip&quot;:&quot;file&quot;,&quot;in_name&quot;:&quot;bond&quot;,&quot;in_active&quot;:1,&quot;in_active_sources&quot;:0,&quot;prg_name&quot;:&quot;&quot;,&quot;prg_prov&quot;:&quot;&quot;,&quot;prg_num&quot;:-1,&quot;chan&quot;:&quot;&quot;,&quot;chan_id&quot;:-1,&quot;id&quot;:&quot;zixi://bonded(bonded13)#10.7.0.66:2088@10.7.0.65,192.168.60.66:2088@192.168.50.65,192.168.5.166:2088@192.168.5.165&quot;,&quot;type&quot;:2,&quot;name&quot;:&quot;bond13&quot;,&quot;asi&quot;:0,&quot;rtmp&quot;:0,&quot;file&quot;:1,&quot;active&quot;:1,&quot;group&quot;:&quot;&quot;,&quot;bonded&quot;:[],&quot;error&quot;:&quot;None&quot;,&quot;con_stat&quot;:&quot;Connecting&quot;,&quot;bitrate&quot;:0,&quot;dest&quot;:&quot;bonded/bonded13&quot;},{&quot;mip&quot;:&quot;4000.ts&quot;,&quot;port&quot;:0,&quot;ip&quot;:&quot;file&quot;,&quot;in_name&quot;:&quot;bond&quot;,&quot;in_active&quot;:1,&quot;in_active_sources&quot;:0,&quot;prg_name&quot;:&quot;&quot;,&quot;prg_prov&quot;:&quot;&quot;,&quot;prg_num&quot;:-1,&quot;chan&quot;:&quot;&quot;,&quot;chan_id&quot;:-1,&quot;id&quot;:&quot;zixi://bonded(bonded0)#10.7.0.66:2088@10.7.0.65,192.168.60.66:2088@192.168.50.65,192.168.5.166:2088@192.168.5.165&quot;,&quot;type&quot;:2,&quot;name&quot;:&quot;bond0&quot;,&quot;asi&quot;:0,&quot;rtmp&quot;:0,&quot;file&quot;:1,&quot;active&quot;:1,&quot;group&quot;:&quot;&quot;,&quot;bonded&quot;:[],&quot;error&quot;:&quot;None&quot;,&quot;con_stat&quot;:&quot;Connecting&quot;,&quot;bitrate&quot;:0,&quot;dest&quot;:&quot;bonded/bonded0&quot;},{&quot;mip&quot;:&quot;4000.ts&quot;,&quot;port&quot;:0,&quot;ip&quot;:&quot;file&quot;,&quot;in_name&quot;:&quot;bond&quot;,&quot;in_active&quot;:1,&quot;in_active_sources&quot;:0,&quot;prg_name&quot;:&quot;&quot;,&quot;prg_prov&quot;:&quot;&quot;,&quot;prg_num&quot;:-1,&quot;chan&quot;:&quot;&quot;,&quot;chan_id&quot;:-1,&quot;id&quot;:&quot;zixi://bonded(bonded6)#10.7.0.66:2088@10.7.0.65,192.168.60.66:2088@192.168.50.65,192.168.5.166:2088@192.168.5.165&quot;,&quot;type&quot;:2,&quot;name&quot;:&quot;bond6&quot;,&quot;asi&quot;:0,&quot;rtmp&quot;:0,&quot;file&quot;:1,&quot;active&quot;:1,&quot;group&quot;:&quot;&quot;,&quot;bonded&quot;:[],&quot;error&quot;:&quot;None&quot;,&quot;con_stat&quot;:&quot;Connecting&quot;,&quot;bitrate&quot;:0,&quot;dest&quot;:&quot;bonded/bonded6&quot;},{&quot;mip&quot;:&quot;4000.ts&quot;,&quot;port&quot;:0,&quot;ip&quot;:&quot;file&quot;,&quot;in_name&quot;:&quot;bond&quot;,&quot;in_active&quot;:1,&quot;in_active_sources&quot;:0,&quot;prg_name&quot;:&quot;&quot;,&quot;prg_prov&quot;:&quot;&quot;,&quot;prg_num&quot;:-1,&quot;chan&quot;:&quot;&quot;,&quot;chan_id&quot;:-1,&quot;id&quot;:&quot;zixi://bonded(bonded5)#10.7.0.66:2088@10.7.0.65,192.168.60.66:2088@192.168.50.65,192.168.5.166:2088@192.168.5.165&quot;,&quot;type&quot;:2,&quot;name&quot;:&quot;bond5&quot;,&quot;asi&quot;:0,&quot;rtmp&quot;:0,&quot;file&quot;:1,&quot;active&quot;:1,&quot;group&quot;:&quot;&quot;,&quot;bonded&quot;:[{&quot;host&quot;:&quot;10.7.0.66&quot;,&quot;port&quot;:2088,&quot;nic&quot;:&quot;10.7.0.65&quot;,&quot;limit&quot;:0,&quot;is_backup&quot;:0,&quot;bitrate&quot;:0,&quot;up_time&quot;:0,&quot;error_code&quot;:0,&quot;status_code&quot;:3,&quot;error_str&quot;:&quot;None&quot;,&quot;status_str&quot;:&quot;Connected&quot;},{&quot;host&quot;:&quot;192.168.60.66&quot;,&quot;port&quot;:2088,&quot;nic&quot;:&quot;192.168.50.65&quot;,&quot;limit&quot;:0,&quot;is_backup&quot;:0,&quot;bitrate&quot;:0,&quot;up_time&quot;:0,&quot;error_code&quot;:0,&quot;status_code&quot;:1,&quot;error_str&quot;:&quot;None&quot;,&quot;status_str&quot;:&quot;Connecting&quot;},{&quot;host&quot;:&quot;192.168.5.166&quot;,&quot;port&quot;:2088,&quot;nic&quot;:&quot;192.168.5.165&quot;,&quot;limit&quot;:0,&quot;is_backup&quot;:0,&quot;bitrate&quot;:0,&quot;up_time&quot;:0,&quot;error_code&quot;:0,&quot;status_code&quot;:1,&quot;error_str&quot;:&quot;None&quot;,&quot;status_str&quot;:&quot;Connecting&quot;}],&quot;error&quot;:&quot;None&quot;,&quot;con_stat&quot;:&quot;Disconnected&quot;,&quot;bitrate&quot;:0,&quot;dest&quot;:&quot;bonded/bonded5&quot;},{&quot;mip&quot;:&quot;4000.ts&quot;,&quot;port&quot;:0,&quot;ip&quot;:&quot;file&quot;,&quot;in_name&quot;:&quot;bond&quot;,&quot;in_active&quot;:1,&quot;in_active_sources&quot;:0,&quot;prg_name&quot;:&quot;&quot;,&quot;prg_prov&quot;:&quot;&quot;,&quot;prg_num&quot;:-1,&quot;chan&quot;:&quot;&quot;,&quot;chan_id&quot;:-1,&quot;id&quot;:&quot;zixi://bonded(bonded10)#10.7.0.66:2088@10.7.0.65,192.168.60.66:2088@192.168.50.65,192.168.5.166:2088@192.168.5.165&quot;,&quot;type&quot;:2,&quot;name&quot;:&quot;bond10&quot;,&quot;asi&quot;:0,&quot;rtmp&quot;:0,&quot;file&quot;:1,&quot;active&quot;:1,&quot;group&quot;:&quot;&quot;,&quot;bonded&quot;:[],&quot;error&quot;:&quot;None&quot;,&quot;con_stat&quot;:&quot;Connecting&quot;,&quot;bitrate&quot;:0,&quot;dest&quot;:&quot;bonded/bonded10&quot;},{&quot;mip&quot;:&quot;4000.ts&quot;,&quot;port&quot;:0,&quot;ip&quot;:&quot;file&quot;,&quot;in_name&quot;:&quot;bond&quot;,&quot;in_active&quot;:1,&quot;in_active_sources&quot;:0,&quot;prg_name&quot;:&quot;&quot;,&quot;prg_prov&quot;:&quot;&quot;,&quot;prg_num&quot;:-1,&quot;chan&quot;:&quot;&quot;,&quot;chan_id&quot;:-1,&quot;id&quot;:&quot;zixi://bonded(bonded4)#10.7.0.66:2088@10.7.0.65,192.168.60.66:2088@192.168.50.65,192.168.5.166:2088@192.168.5.165&quot;,&quot;type&quot;:2,&quot;name&quot;:&quot;bond4&quot;,&quot;asi&quot;:0,&quot;rtmp&quot;:0,&quot;file&quot;:1,&quot;active&quot;:1,&quot;group&quot;:&quot;&quot;,&quot;bonded&quot;:[],&quot;error&quot;:&quot;None&quot;,&quot;con_stat&quot;:&quot;Connecting&quot;,&quot;bitrate&quot;:0,&quot;dest&quot;:&quot;bonded/bonded4&quot;},{&quot;mip&quot;:&quot;4000.ts&quot;,&quot;port&quot;:0,&quot;ip&quot;:&quot;file&quot;,&quot;in_name&quot;:&quot;bond&quot;,&quot;in_active&quot;:1,&quot;in_active_sources&quot;:0,&quot;prg_name&quot;:&quot;&quot;,&quot;prg_prov&quot;:&quot;&quot;,&quot;prg_num&quot;:-1,&quot;chan&quot;:&quot;&quot;,&quot;chan_id&quot;:-1,&quot;id&quot;:&quot;zixi://bonded(bonded3)#10.7.0.66:2088@10.7.0.65,192.168.60.66:2088@192.168.50.65,192.168.5.166:2088@192.168.5.165&quot;,&quot;type&quot;:2,&quot;name&quot;:&quot;bond3&quot;,&quot;asi&quot;:0,&quot;rtmp&quot;:0,&quot;file&quot;:1,&quot;active&quot;:1,&quot;group&quot;:&quot;&quot;,&quot;bonded&quot;:[],&quot;error&quot;:&quot;Timeout&quot;,&quot;con_stat&quot;:&quot;Connecting&quot;,&quot;bitrate&quot;:0,&quot;dest&quot;:&quot;bonded/bonded3&quot;},{&quot;mip&quot;:&quot;4000.ts&quot;,&quot;port&quot;:0,&quot;ip&quot;:&quot;file&quot;,&quot;in_name&quot;:&quot;bond&quot;,&quot;in_active&quot;:1,&quot;in_active_sources&quot;:0,&quot;prg_name&quot;:&quot;&quot;,&quot;prg_prov&quot;:&quot;&quot;,&quot;prg_num&quot;:-1,&quot;chan&quot;:&quot;&quot;,&quot;chan_id&quot;:-1,&quot;id&quot;:&quot;zixi://bonded(bonded2)#10.7.0.66:2088@10.7.0.65,192.168.60.66:2088@192.168.50.65,192.168.5.166:2088@192.168.5.165&quot;,&quot;type&quot;:2,&quot;name&quot;:&quot;bond2&quot;,&quot;asi&quot;:0,&quot;rtmp&quot;:0,&quot;file&quot;:1,&quot;active&quot;:1,&quot;group&quot;:&quot;&quot;,&quot;bonded&quot;:[],&quot;error&quot;:&quot;None&quot;,&quot;con_stat&quot;:&quot;Connecting&quot;,&quot;bitrate&quot;:0,&quot;dest&quot;:&quot;bonded/bonded2&quot;},{&quot;mip&quot;:&quot;4000.ts&quot;,&quot;port&quot;:0,&quot;ip&quot;:&quot;file&quot;,&quot;in_name&quot;:&quot;bond&quot;,&quot;in_active&quot;:1,&quot;in_active_sources&quot;:0,&quot;prg_name&quot;:&quot;&quot;,&quot;prg_prov&quot;:&quot;&quot;,&quot;prg_num&quot;:-1,&quot;chan&quot;:&quot;&quot;,&quot;chan_id&quot;:-1,&quot;id&quot;:&quot;zixi://bonded(bonded1)#10.7.0.66:2088@10.7.0.65,192.168.60.66:2088@192.168.50.65,192.168.5.166:2088@192.168.5.165&quot;,&quot;type&quot;:2,&quot;name&quot;:&quot;bond1&quot;,&quot;asi&quot;:0,&quot;rtmp&quot;:0,&quot;file&quot;:1,&quot;active&quot;:1,&quot;group&quot;:&quot;&quot;,&quot;bonded&quot;:[],&quot;error&quot;:&quot;None&quot;,&quot;con_stat&quot;:&quot;Connecting&quot;,&quot;bitrate&quot;:0,&quot;dest&quot;:&quot;bonded/bonded1&quot;}]}
Debug printing ------&gt;&gt;&gt; {&quot;custom_data&quot;:&quot;&quot;,&quot;msg&quot;:&quot;Output deleted.&quot;,&quot;error&quot;:&quot;&quot;,&quot;outs&quot;:[{&quot;mip&quot;:&quot;live_recording.ts&quot;,&quot;port&quot;:0,&quot;ip&quot;:&quot;file&quot;,&quot;in_name&quot;:&quot;feederoutputname&quot;,&quot;in_active&quot;:1,&quot;in_active_sources&quot;:0,&quot;prg_name&quot;:&quot;&quot;,&quot;prg_prov&quot;:&quot;&quot;,&quot;prg_num&quot;:1,&quot;chan&quot;:&quot;&quot;,&quot;chan_id&quot;:-1,&quot;id&quot;:&quot;zixi://10.7.0.66:2088/feederout&quot;,&quot;type&quot;:2,&quot;name&quot;:&quot;feederoutputname&quot;,&quot;asi&quot;:0,&quot;rtmp&quot;:0,&quot;file&quot;:1,&quot;active&quot;:1,&quot;group&quot;:&quot;&quot;,&quot;error&quot;:&quot;Authentication&quot;,&quot;con_stat&quot;:&quot;Disconnected&quot;,&quot;bitrate&quot;:0,&quot;dest&quot;:&quot;10.7.0.66:2088/feederout&quot;},{&quot;mip&quot;:&quot;4000.ts&quot;,&quot;port&quot;:0,&quot;ip&quot;:&quot;file&quot;,&quot;in_name&quot;:&quot;bond&quot;,&quot;in_active&quot;:1,&quot;in_active_sources&quot;:0,&quot;prg_name&quot;:&quot;&quot;,&quot;prg_prov&quot;:&quot;&quot;,&quot;prg_num&quot;:-1,&quot;chan&quot;:&quot;&quot;,&quot;chan_id&quot;:-1,&quot;id&quot;:&quot;zixi://bonded(bonded0)#10.7.0.66:2088@10.7.0.65,192.168.60.66:2088@192.168.50.65,192.168.5.166:2088@192.168.5.165&quot;,&quot;type&quot;:2,&quot;name&quot;:&quot;bond0&quot;,&quot;asi&quot;:0,&quot;rtmp&quot;:0,&quot;file&quot;:1,&quot;active&quot;:1,&quot;group&quot;:&quot;&quot;,&quot;bonded&quot;:[],&quot;error&quot;:&quot;None&quot;,&quot;con_stat&quot;:&quot;Connecting&quot;,&quot;bitrate&quot;:0,&quot;dest&quot;:&quot;bonded/bonded0&quot;},{&quot;mip&quot;:&quot;4000.ts&quot;,&quot;port&quot;:0,&quot;ip&quot;:&quot;file&quot;,&quot;in_name&quot;:&quot;bond&quot;,&quot;in_active&quot;:1,&quot;in_active_sources&quot;:0,&quot;prg_name&quot;:&quot;&quot;,&quot;prg_prov&quot;:&quot;&quot;,&quot;prg_num&quot;:-1,&quot;chan&quot;:&quot;&quot;,&quot;chan_id&quot;:-1,&quot;id&quot;:&quot;zixi://bonded(bonded1)#10.7.0.66:2088@10.7.0.65,192.168.60.66:2088@192.168.50.65,192.168.5.166:2088@192.168.5.165&quot;,&quot;type&quot;:2,&quot;name&quot;:&quot;bond1&quot;,&quot;asi&quot;:0,&quot;rtmp&quot;:0,&quot;file&quot;:1,&quot;active&quot;:1,&quot;group&quot;:&quot;&quot;,&quot;bonded&quot;:[],&quot;error&quot;:&quot;None&quot;,&quot;con_stat&quot;:&quot;Connecting&quot;,&quot;bitrate&quot;:0,&quot;dest&quot;:&quot;bonded/bonded1&quot;},{&quot;mip&quot;:&quot;4000.ts&quot;,&quot;port&quot;:0,&quot;ip&quot;:&quot;file&quot;,&quot;in_name&quot;:&quot;bond&quot;,&quot;in_active&quot;:1,&quot;in_active_sources&quot;:0,&quot;prg_name&quot;:&quot;&quot;,&quot;prg_prov&quot;:&quot;&quot;,&quot;prg_num&quot;:-1,&quot;chan&quot;:&quot;&quot;,&quot;chan_id&quot;:-1,&quot;id&quot;:&quot;zixi://bonded(bonded2)#10.7.0.66:2088@10.7.0.65,192.168.60.66:2088@192.168.50.65,192.168.5.166:2088@192.168.5.165&quot;,&quot;type&quot;:2,&quot;name&quot;:&quot;bond2&quot;,&quot;asi&quot;:0,&quot;rtmp&quot;:0,&quot;file&quot;:1,&quot;active&quot;:1,&quot;group&quot;:&quot;&quot;,&quot;bonded&quot;:[],&quot;error&quot;:&quot;None&quot;,&quot;con_stat&quot;:&quot;Connecting&quot;,&quot;bitrate&quot;:0,&quot;dest&quot;:&quot;bonded/bonded2&quot;},{&quot;mip&quot;:&quot;4000.ts&quot;,&quot;port&quot;:0,&quot;ip&quot;:&quot;file&quot;,&quot;in_name&quot;:&quot;bond&quot;,&quot;in_active&quot;:1,&quot;in_active_sources&quot;:0,&quot;prg_name&quot;:&quot;&quot;,&quot;prg_prov&quot;:&quot;&quot;,&quot;prg_num&quot;:-1,&quot;chan&quot;:&quot;&quot;,&quot;chan_id&quot;:-1,&quot;id&quot;:&quot;zixi://bonded(bonded3)#10.7.0.66:2088@10.7.0.65,192.168.60.66:2088@192.168.50.65,192.168.5.166:2088@192.168.5.165&quot;,&quot;type&quot;:2,&quot;name&quot;:&quot;bond3&quot;,&quot;asi&quot;:0,&quot;rtmp&quot;:0,&quot;file&quot;:1,&quot;active&quot;:1,&quot;group&quot;:&quot;&quot;,&quot;bonded&quot;:[],&quot;error&quot;:&quot;Timeout&quot;,&quot;con_stat&quot;:&quot;Connecting&quot;,&quot;bitrate&quot;:0,&quot;dest&quot;:&quot;bonded/bonded3&quot;},{&quot;mip&quot;:&quot;4000.ts&quot;,&quot;port&quot;:0,&quot;ip&quot;:&quot;file&quot;,&quot;in_name&quot;:&quot;bond&quot;,&quot;in_active&quot;:1,&quot;in_active_sources&quot;:0,&quot;prg_name&quot;:&quot;&quot;,&quot;prg_prov&quot;:&quot;&quot;,&quot;prg_num&quot;:-1,&quot;chan&quot;:&quot;&quot;,&quot;chan_id&quot;:-1,&quot;id&quot;:&quot;zixi://bonded(bonded4)#10.7.0.66:2088@10.7.0.65,192.168.60.66:2088@192.168.50.65,192.168.5.166:2088@192.168.5.165&quot;,&quot;type&quot;:2,&quot;name&quot;:&quot;bond4&quot;,&quot;asi&quot;:0,&quot;rtmp&quot;:0,&quot;file&quot;:1,&quot;active&quot;:1,&quot;group&quot;:&quot;&quot;,&quot;bonded&quot;:[],&quot;error&quot;:&quot;None&quot;,&quot;con_stat&quot;:&quot;Connecting&quot;,&quot;bitrate&quot;:0,&quot;dest&quot;:&quot;bonded/bonded4&quot;},{&quot;mip&quot;:&quot;4000.ts&quot;,&quot;port&quot;:0,&quot;ip&quot;:&quot;file&quot;,&quot;in_name&quot;:&quot;bond&quot;,&quot;in_active&quot;:1,&quot;in_active_sources&quot;:0,&quot;prg_name&quot;:&quot;&quot;,&quot;prg_prov&quot;:&quot;&quot;,&quot;prg_num&quot;:-1,&quot;chan&quot;:&quot;&quot;,&quot;chan_id&quot;:-1,&quot;id&quot;:&quot;zixi://bonded(bonded10)#10.7.0.66:2088@10.7.0.65,192.168.60.66:2088@192.168.50.65,192.168.5.166:2088@192.168.5.165&quot;,&quot;type&quot;:2,&quot;name&quot;:&quot;bond10&quot;,&quot;asi&quot;:0,&quot;rtmp&quot;:0,&quot;file&quot;:1,&quot;active&quot;:1,&quot;group&quot;:&quot;&quot;,&quot;bonded&quot;:[],&quot;error&quot;:&quot;None&quot;,&quot;con_stat&quot;:&quot;Connecting&quot;,&quot;bitrate&quot;:0,&quot;dest&quot;:&quot;bonded/bonded10&quot;},{&quot;mip&quot;:&quot;4000.ts&quot;,&quot;port&quot;:0,&quot;ip&quot;:&quot;file&quot;,&quot;in_name&quot;:&quot;bond&quot;,&quot;in_active&quot;:1,&quot;in_active_sources&quot;:0,&quot;prg_name&quot;:&quot;&quot;,&quot;prg_prov&quot;:&quot;&quot;,&quot;prg_num&quot;:-1,&quot;chan&quot;:&quot;&quot;,&quot;chan_id&quot;:-1,&quot;id&quot;:&quot;zixi://bonded(bonded5)#10.7.0.66:2088@10.7.0.65,192.168.60.66:2088@192.168.50.65,192.168.5.166:2088@192.168.5.165&quot;,&quot;type&quot;:2,&quot;name&quot;:&quot;bond5&quot;,&quot;asi&quot;:0,&quot;rtmp&quot;:0,&quot;file&quot;:1,&quot;active&quot;:1,&quot;group&quot;:&quot;&quot;,&quot;bonded&quot;:[{&quot;host&quot;:&quot;10.7.0.66&quot;,&quot;port&quot;:2088,&quot;nic&quot;:&quot;10.7.0.65&quot;,&quot;limit&quot;:0,&quot;is_backup&quot;:0,&quot;bitrate&quot;:0,&quot;up_time&quot;:0,&quot;error_code&quot;:0,&quot;status_code&quot;:3,&quot;error_str&quot;:&quot;None&quot;,&quot;status_str&quot;:&quot;Connected&quot;},{&quot;host&quot;:&quot;192.168.60.66&quot;,&quot;port&quot;:2088,&quot;nic&quot;:&quot;192.168.50.65&quot;,&quot;limit&quot;:0,&quot;is_backup&quot;:0,&quot;bitrate&quot;:0,&quot;up_time&quot;:0,&quot;error_code&quot;:0,&quot;status_code&quot;:1,&quot;error_str&quot;:&quot;None&quot;,&quot;status_str&quot;:&quot;Connecting&quot;},{&quot;host&quot;:&quot;192.168.5.166&quot;,&quot;port&quot;:2088,&quot;nic&quot;:&quot;192.168.5.165&quot;,&quot;limit&quot;:0,&quot;is_backup&quot;:0,&quot;bitrate&quot;:0,&quot;up_time&quot;:0,&quot;error_code&quot;:0,&quot;status_code&quot;:1,&quot;error_str&quot;:&quot;None&quot;,&quot;status_str&quot;:&quot;Connecting&quot;}],&quot;error&quot;:&quot;None&quot;,&quot;con_stat&quot;:&quot;Disconnected&quot;,&quot;bitrate&quot;:0,&quot;dest&quot;:&quot;bonded/bonded5&quot;},{&quot;mip&quot;:&quot;4000.ts&quot;,&quot;port&quot;:0,&quot;ip&quot;:&quot;file&quot;,&quot;in_name&quot;:&quot;bond&quot;,&quot;in_active&quot;:1,&quot;in_active_sources&quot;:0,&quot;prg_name&quot;:&quot;&quot;,&quot;prg_prov&quot;:&quot;&quot;,&quot;prg_num&quot;:-1,&quot;chan&quot;:&quot;&quot;,&quot;chan_id&quot;:-1,&quot;id&quot;:&quot;zixi://bonded(bonded6)#10.7.0.66:2088@10.7.0.65,192.168.60.66:2088@192.168.50.65,192.168.5.166:2088@192.168.5.165&quot;,&quot;type&quot;:2,&quot;name&quot;:&quot;bond6&quot;,&quot;asi&quot;:0,&quot;rtmp&quot;:0,&quot;file&quot;:1,&quot;active&quot;:1,&quot;group&quot;:&quot;&quot;,&quot;bonded&quot;:[],&quot;error&quot;:&quot;None&quot;,&quot;con_stat&quot;:&quot;Connecting&quot;,&quot;bitrate&quot;:0,&quot;dest&quot;:&quot;bonded/bonded6&quot;},{&quot;mip&quot;:&quot;4000.ts&quot;,&quot;port&quot;:0,&quot;ip&quot;:&quot;file&quot;,&quot;in_name&quot;:&quot;bond&quot;,&quot;in_active&quot;:1,&quot;in_active_sources&quot;:0,&quot;prg_name&quot;:&quot;&quot;,&quot;prg_prov&quot;:&quot;&quot;,&quot;prg_num&quot;:-1,&quot;chan&quot;:&quot;&quot;,&quot;chan_id&quot;:-1,&quot;id&quot;:&quot;zixi://bonded(bonded7)#10.7.0.66:2088@10.7.0.65,192.168.60.66:2088@192.168.50.65,192.168.5.166:2088@192.168.5.165&quot;,&quot;type&quot;:2,&quot;name&quot;:&quot;bond7&quot;,&quot;asi&quot;:0,&quot;rtmp&quot;:0,&quot;file&quot;:1,&quot;active&quot;:1,&quot;group&quot;:&quot;&quot;,&quot;bonded&quot;:[],&quot;error&quot;:&quot;None&quot;,&quot;con_stat&quot;:&quot;Connecting&quot;,&quot;bitrate&quot;:0,&quot;dest&quot;:&quot;bonded/bonded7&quot;},{&quot;mip&quot;:&quot;4000.ts&quot;,&quot;port&quot;:0,&quot;ip&quot;:&quot;file&quot;,&quot;in_name&quot;:&quot;bond&quot;,&quot;in_active&quot;:1,&quot;in_active_sources&quot;:0,&quot;prg_name&quot;:&quot;&quot;,&quot;prg_prov&quot;:&quot;&quot;,&quot;prg_num&quot;:-1,&quot;chan&quot;:&quot;&quot;,&quot;chan_id&quot;:-1,&quot;id&quot;:&quot;zixi://bonded(bonded13)#10.7.0.66:2088@10.7.0.65,192.168.60.66:2088@192.168.50.65,192.168.5.166:2088@192.168.5.165&quot;,&quot;type&quot;:2,&quot;name&quot;:&quot;bond13&quot;,&quot;asi&quot;:0,&quot;rtmp&quot;:0,&quot;file&quot;:1,&quot;active&quot;:1,&quot;group&quot;:&quot;&quot;,&quot;bonded&quot;:[],&quot;error&quot;:&quot;None&quot;,&quot;con_stat&quot;:&quot;Connecting&quot;,&quot;bitrate&quot;:0,&quot;dest&quot;:&quot;bonded/bonded13&quot;},{&quot;mip&quot;:&quot;4000.ts&quot;,&quot;port&quot;:0,&quot;ip&quot;:&quot;file&quot;,&quot;in_name&quot;:&quot;bond&quot;,&quot;in_active&quot;:1,&quot;in_active_sources&quot;:0,&quot;prg_name&quot;:&quot;&quot;,&quot;prg_prov&quot;:&quot;&quot;,&quot;prg_num&quot;:-1,&quot;chan&quot;:&quot;&quot;,&quot;chan_id&quot;:-1,&quot;id&quot;:&quot;zixi://bonded(bonded15)#10.7.0.66:2088@10.7.0.65,192.168.60.66:2088@192.168.50.65,192.168.5.166:2088@192.168.5.165&quot;,&quot;type&quot;:2,&quot;name&quot;:&quot;bond15&quot;,&quot;asi&quot;:0,&quot;rtmp&quot;:0,&quot;file&quot;:1,&quot;active&quot;:1,&quot;group&quot;:&quot;&quot;,&quot;bonded&quot;:[],&quot;error&quot;:&quot;None&quot;,&quot;con_stat&quot;:&quot;Connecting&quot;,&quot;bitrate&quot;:0,&quot;dest&quot;:&quot;bonded/bonded15&quot;},{&quot;mip&quot;:&quot;4000.ts&quot;,&quot;port&quot;:0,&quot;ip&quot;:&quot;file&quot;,&quot;in_name&quot;:&quot;bond&quot;,&quot;in_active&quot;:1,&quot;in_active_sources&quot;:0,&quot;prg_name&quot;:&quot;&quot;,&quot;prg_prov&quot;:&quot;&quot;,&quot;prg_num&quot;:-1,&quot;chan&quot;:&quot;&quot;,&quot;chan_id&quot;:-1,&quot;id&quot;:&quot;zixi://bonded(bonded9)#10.7.0.66:2088@10.7.0.65,192.168.60.66:2088@192.168.50.65,192.168.5.166:2088@192.168.5.165&quot;,&quot;type&quot;:2,&quot;name&quot;:&quot;bond9&quot;,&quot;asi&quot;:0,&quot;rtmp&quot;:0,&quot;file&quot;:1,&quot;active&quot;:1,&quot;group&quot;:&quot;&quot;,&quot;bonded&quot;:[],&quot;error&quot;:&quot;None&quot;,&quot;con_stat&quot;:&quot;Connecting&quot;,&quot;bitrate&quot;:0,&quot;dest&quot;:&quot;bonded/bonded9&quot;},{&quot;mip&quot;:&quot;4000.ts&quot;,&quot;port&quot;:0,&quot;ip&quot;:&quot;file&quot;,&quot;in_name&quot;:&quot;bond&quot;,&quot;in_active&quot;:1,&quot;in_active_sources&quot;:0,&quot;prg_name&quot;:&quot;&quot;,&quot;prg_prov&quot;:&quot;&quot;,&quot;prg_num&quot;:-1,&quot;chan&quot;:&quot;&quot;,&quot;chan_id&quot;:-1,&quot;id&quot;:&quot;zixi://bonded(bonded18)#10.7.0.66:2088@10.7.0.65,192.168.60.66:2088@192.168.50.65,192.168.5.166:2088@192.168.5.165&quot;,&quot;type&quot;:2,&quot;name&quot;:&quot;bond18&quot;,&quot;asi&quot;:0,&quot;rtmp&quot;:0,&quot;file&quot;:1,&quot;active&quot;:1,&quot;group&quot;:&quot;&quot;,&quot;bonded&quot;:[{&quot;host&quot;:&quot;10.7.0.66&quot;,&quot;port&quot;:2088,&quot;nic&quot;:&quot;10.7.0.65&quot;,&quot;limit&quot;:0,&quot;is_backup&quot;:0,&quot;bitrate&quot;:2862048,&quot;up_time&quot;:159,&quot;error_code&quot;:0,&quot;status_code&quot;:3,&quot;error_str&quot;:&quot;None&quot;,&quot;status_str&quot;:&quot;Connected&quot;},{&quot;host&quot;:&quot;192.168.60.66&quot;,&quot;port&quot;:2088,&quot;nic&quot;:&quot;192.168.50.65&quot;,&quot;limit&quot;:0,&quot;is_backup&quot;:0,&quot;bitrate&quot;:0,&quot;up_time&quot;:0,&quot;error_code&quot;:3,&quot;status_code&quot;:1,&quot;error_str&quot;:&quot;Timeout&quot;,&quot;status_str&quot;:&quot;Connecting&quot;},{&quot;host&quot;:&quot;192.168.5.166&quot;,&quot;port&quot;:2088,&quot;nic&quot;:&quot;192.168.5.165&quot;,&quot;limit&quot;:0,&quot;is_backup&quot;:0,&quot;bitrate&quot;:2920032,&quot;up_time&quot;:545,&quot;error_code&quot;:0,&quot;status_code&quot;:3,&quot;error_str&quot;:&quot;None&quot;,&quot;status_str&quot;:&quot;Connected&quot;}],&quot;error&quot;:&quot;None&quot;,&quot;con_stat&quot;:&quot;Disconnected&quot;,&quot;bitrate&quot;:5602013,&quot;dest&quot;:&quot;bonded/bonded18&quot;},{&quot;mip&quot;:&quot;4000.ts&quot;,&quot;port&quot;:0,&quot;ip&quot;:&quot;file&quot;,&quot;in_name&quot;:&quot;bond&quot;,&quot;in_active&quot;:1,&quot;in_active_sources&quot;:0,&quot;prg_name&quot;:&quot;&quot;,&quot;prg_prov&quot;:&quot;&quot;,&quot;prg_num&quot;:-1,&quot;chan&quot;:&quot;&quot;,&quot;chan_id&quot;:-1,&quot;id&quot;:&quot;zixi://bonded(bonded11)#10.7.0.66:2088@10.7.0.65,192.168.60.66:2088@192.168.50.65,192.168.5.166:2088@192.168.5.165&quot;,&quot;type&quot;:2,&quot;name&quot;:&quot;bond11&quot;,&quot;asi&quot;:0,&quot;rtmp&quot;:0,&quot;file&quot;:1,&quot;active&quot;:1,&quot;group&quot;:&quot;&quot;,&quot;bonded&quot;:[],&quot;error&quot;:&quot;None&quot;,&quot;con_stat&quot;:&quot;Connecting&quot;,&quot;bitrate&quot;:0,&quot;dest&quot;:&quot;bonded/bonded11&quot;},{&quot;mip&quot;:&quot;4000.ts&quot;,&quot;port&quot;:0,&quot;ip&quot;:&quot;file&quot;,&quot;in_name&quot;:&quot;bond&quot;,&quot;in_active&quot;:1,&quot;in_active_sources&quot;:0,&quot;prg_name&quot;:&quot;&quot;,&quot;prg_prov&quot;:&quot;&quot;,&quot;prg_num&quot;:-1,&quot;chan&quot;:&quot;&quot;,&quot;chan_id&quot;:-1,&quot;id&quot;:&quot;zixi://bonded(bonded19)#10.7.0.66:2088@10.7.0.65,192.168.60.66:2088@192.168.50.65,192.168.5.166:2088@192.168.5.165&quot;,&quot;type&quot;:2,&quot;name&quot;:&quot;bond19&quot;,&quot;asi&quot;:0,&quot;rtmp&quot;:0,&quot;file&quot;:1,&quot;active&quot;:1,&quot;group&quot;:&quot;&quot;,&quot;bonded&quot;:[],&quot;error&quot;:&quot;None&quot;,&quot;con_stat&quot;:&quot;Connecting&quot;,&quot;bitrate&quot;:0,&quot;dest&quot;:&quot;bonded/bonded19&quot;},{&quot;mip&quot;:&quot;4000.ts&quot;,&quot;port&quot;:0,&quot;ip&quot;:&quot;file&quot;,&quot;in_name&quot;:&quot;bond&quot;,&quot;in_active&quot;:1,&quot;in_active_sources&quot;:0,&quot;prg_name&quot;:&quot;&quot;,&quot;prg_prov&quot;:&quot;&quot;,&quot;prg_num&quot;:-1,&quot;chan&quot;:&quot;&quot;,&quot;chan_id&quot;:-1,&quot;id&quot;:&quot;zixi://bonded(bonded12)#10.7.0.66:2088@10.7.0.65,192.168.60.66:2088@192.168.50.65,192.168.5.166:2088@192.168.5.165&quot;,&quot;type&quot;:2,&quot;name&quot;:&quot;bond12&quot;,&quot;asi&quot;:0,&quot;rtmp&quot;:0,&quot;file&quot;:1,&quot;active&quot;:1,&quot;group&quot;:&quot;&quot;,&quot;bonded&quot;:[],&quot;error&quot;:&quot;None&quot;,&quot;con_stat&quot;:&quot;Connecting&quot;,&quot;bitrate&quot;:0,&quot;dest&quot;:&quot;bonded/bonded12&quot;}]}
Debug printing ------&gt;&gt;&gt; {&quot;custom_data&quot;:&quot;&quot;,&quot;msg&quot;:&quot;Output deleted.&quot;,&quot;error&quot;:&quot;&quot;,&quot;outs&quot;:[{&quot;mip&quot;:&quot;live_recording.ts&quot;,&quot;port&quot;:0,&quot;ip&quot;:&quot;file&quot;,&quot;in_name&quot;:&quot;feederoutputname&quot;,&quot;in_active&quot;:1,&quot;in_active_sources&quot;:0,&quot;prg_name&quot;:&quot;&quot;,&quot;prg_prov&quot;:&quot;&quot;,&quot;prg_num&quot;:1,&quot;chan&quot;:&quot;&quot;,&quot;chan_id&quot;:-1,&quot;id&quot;:&quot;zixi://10.7.0.66:2088/feederout&quot;,&quot;type&quot;:2,&quot;name&quot;:&quot;feederoutputname&quot;,&quot;asi&quot;:0,&quot;rtmp&quot;:0,&quot;file&quot;:1,&quot;active&quot;:1,&quot;group&quot;:&quot;&quot;,&quot;error&quot;:&quot;Authentication&quot;,&quot;con_stat&quot;:&quot;Disconnected&quot;,&quot;bitrate&quot;:0,&quot;dest&quot;:&quot;10.7.0.66:2088/feederout&quot;},{&quot;mip&quot;:&quot;4000.ts&quot;,&quot;port&quot;:0,&quot;ip&quot;:&quot;file&quot;,&quot;in_name&quot;:&quot;bond&quot;,&quot;in_active&quot;:1,&quot;in_active_sources&quot;:0,&quot;prg_name&quot;:&quot;&quot;,&quot;prg_prov&quot;:&quot;&quot;,&quot;prg_num&quot;:-1,&quot;chan&quot;:&quot;&quot;,&quot;chan_id&quot;:-1,&quot;id&quot;:&quot;zixi://bonded(bonded0)#10.7.0.66:2088@10.7.0.65,192.168.60.66:2088@192.168.50.65,192.168.5.166:2088@192.168.5.165&quot;,&quot;type&quot;:2,&quot;name&quot;:&quot;bond0&quot;,&quot;asi&quot;:0,&quot;rtmp&quot;:0,&quot;file&quot;:1,&quot;active&quot;:1,&quot;group&quot;:&quot;&quot;,&quot;bonded&quot;:[],&quot;error&quot;:&quot;None&quot;,&quot;con_stat&quot;:&quot;Connecting&quot;,&quot;bitrate&quot;:0,&quot;dest&quot;:&quot;bonded/bonded0&quot;},{&quot;mip&quot;:&quot;4000.ts&quot;,&quot;port&quot;:0,&quot;ip&quot;:&quot;file&quot;,&quot;in_name&quot;:&quot;bond&quot;,&quot;in_active&quot;:1,&quot;in_active_sources&quot;:0,&quot;prg_name&quot;:&quot;&quot;,&quot;prg_prov&quot;:&quot;&quot;,&quot;prg_num&quot;:-1,&quot;chan&quot;:&quot;&quot;,&quot;chan_id&quot;:-1,&quot;id&quot;:&quot;zixi://bonded(bonded1)#10.7.0.66:2088@10.7.0.65,192.168.60.66:2088@192.168.50.65,192.168.5.166:2088@192.168.5.165&quot;,&quot;type&quot;:2,&quot;name&quot;:&quot;bond1&quot;,&quot;asi&quot;:0,&quot;rtmp&quot;:0,&quot;file&quot;:1,&quot;active&quot;:1,&quot;group&quot;:&quot;&quot;,&quot;bonded&quot;:[],&quot;error&quot;:&quot;None&quot;,&quot;con_stat&quot;:&quot;Connecting&quot;,&quot;bitrate&quot;:0,&quot;dest&quot;:&quot;bonded/bonded1&quot;},{&quot;mip&quot;:&quot;4000.ts&quot;,&quot;port&quot;:0,&quot;ip&quot;:&quot;file&quot;,&quot;in_name&quot;:&quot;bond&quot;,&quot;in_active&quot;:1,&quot;in_active_sources&quot;:0,&quot;prg_name&quot;:&quot;&quot;,&quot;prg_prov&quot;:&quot;&quot;,&quot;prg_num&quot;:-1,&quot;chan&quot;:&quot;&quot;,&quot;chan_id&quot;:-1,&quot;id&quot;:&quot;zixi://bonded(bonded2)#10.7.0.66:2088@10.7.0.65,192.168.60.66:2088@192.168.50.65,192.168.5.166:2088@192.168.5.165&quot;,&quot;type&quot;:2,&quot;name&quot;:&quot;bond2&quot;,&quot;asi&quot;:0,&quot;rtmp&quot;:0,&quot;file&quot;:1,&quot;active&quot;:1,&quot;group&quot;:&quot;&quot;,&quot;bonded&quot;:[],&quot;error&quot;:&quot;None&quot;,&quot;con_stat&quot;:&quot;Connecting&quot;,&quot;bitrate&quot;:0,&quot;dest&quot;:&quot;bonded/bonded2&quot;},{&quot;mip&quot;:&quot;4000.ts&quot;,&quot;port&quot;:0,&quot;ip&quot;:&quot;file&quot;,&quot;in_name&quot;:&quot;bond&quot;,&quot;in_active&quot;:1,&quot;in_active_sources&quot;:0,&quot;prg_name&quot;:&quot;&quot;,&quot;prg_prov&quot;:&quot;&quot;,&quot;prg_num&quot;:-1,&quot;chan&quot;:&quot;&quot;,&quot;chan_id&quot;:-1,&quot;id&quot;:&quot;zixi://bonded(bonded3)#10.7.0.66:2088@10.7.0.65,192.168.60.66:2088@192.168.50.65,192.168.5.166:2088@192.168.5.165&quot;,&quot;type&quot;:2,&quot;name&quot;:&quot;bond3&quot;,&quot;asi&quot;:0,&quot;rtmp&quot;:0,&quot;file&quot;:1,&quot;active&quot;:1,&quot;group&quot;:&quot;&quot;,&quot;bonded&quot;:[],&quot;error&quot;:&quot;Timeout&quot;,&quot;con_stat&quot;:&quot;Connecting&quot;,&quot;bitrate&quot;:0,&quot;dest&quot;:&quot;bonded/bonded3&quot;},{&quot;mip&quot;:&quot;4000.ts&quot;,&quot;port&quot;:0,&quot;ip&quot;:&quot;file&quot;,&quot;in_name&quot;:&quot;bond&quot;,&quot;in_active&quot;:1,&quot;in_active_sources&quot;:0,&quot;prg_name&quot;:&quot;&quot;,&quot;prg_prov&quot;:&quot;&quot;,&quot;prg_num&quot;:-1,&quot;chan&quot;:&quot;&quot;,&quot;chan_id&quot;:-1,&quot;id&quot;:&quot;zixi://bonded(bonded4)#10.7.0.66:2088@10.7.0.65,192.168.60.66:2088@192.168.50.65,192.168.5.166:2088@192.168.5.165&quot;,&quot;type&quot;:2,&quot;name&quot;:&quot;bond4&quot;,&quot;asi&quot;:0,&quot;rtmp&quot;:0,&quot;file&quot;:1,&quot;active&quot;:1,&quot;group&quot;:&quot;&quot;,&quot;bonded&quot;:[],&quot;error&quot;:&quot;None&quot;,&quot;con_stat&quot;:&quot;Connecting&quot;,&quot;bitrate&quot;:0,&quot;dest&quot;:&quot;bonded/bonded4&quot;},{&quot;mip&quot;:&quot;4000.ts&quot;,&quot;port&quot;:0,&quot;ip&quot;:&quot;file&quot;,&quot;in_name&quot;:&quot;bond&quot;,&quot;in_active&quot;:1,&quot;in_active_sources&quot;:0,&quot;prg_name&quot;:&quot;&quot;,&quot;prg_prov&quot;:&quot;&quot;,&quot;prg_num&quot;:-1,&quot;chan&quot;:&quot;&quot;,&quot;chan_id&quot;:-1,&quot;id&quot;:&quot;zixi://bonded(bonded10)#10.7.0.66:2088@10.7.0.65,192.168.60.66:2088@192.168.50.65,192.168.5.166:2088@192.168.5.165&quot;,&quot;type&quot;:2,&quot;name&quot;:&quot;bond10&quot;,&quot;asi&quot;:0,&quot;rtmp&quot;:0,&quot;file&quot;:1,&quot;active&quot;:1,&quot;group&quot;:&quot;&quot;,&quot;bonded&quot;:[],&quot;error&quot;:&quot;None&quot;,&quot;con_stat&quot;:&quot;Connecting&quot;,&quot;bitrate&quot;:0,&quot;dest&quot;:&quot;bonded/bonded10&quot;},{&quot;mip&quot;:&quot;4000.ts&quot;,&quot;port&quot;:0,&quot;ip&quot;:&quot;file&quot;,&quot;in_name&quot;:&quot;bond&quot;,&quot;in_active&quot;:1,&quot;in_active_sources&quot;:0,&quot;prg_name&quot;:&quot;&quot;,&quot;prg_prov&quot;:&quot;&quot;,&quot;prg_num&quot;:-1,&quot;chan&quot;:&quot;&quot;,&quot;chan_id&quot;:-1,&quot;id&quot;:&quot;zixi://bonded(bonded5)#10.7.0.66:2088@10.7.0.65,192.168.60.66:2088@192.168.50.65,192.168.5.166:2088@192.168.5.165&quot;,&quot;type&quot;:2,&quot;name&quot;:&quot;bond5&quot;,&quot;asi&quot;:0,&quot;rtmp&quot;:0,&quot;file&quot;:1,&quot;active&quot;:1,&quot;group&quot;:&quot;&quot;,&quot;bonded&quot;:[{&quot;host&quot;:&quot;10.7.0.66&quot;,&quot;port&quot;:2088,&quot;nic&quot;:&quot;10.7.0.65&quot;,&quot;limit&quot;:0,&quot;is_backup&quot;:0,&quot;bitrate&quot;:0,&quot;up_time&quot;:0,&quot;error_code&quot;:0,&quot;status_code&quot;:3,&quot;error_str&quot;:&quot;None&quot;,&quot;status_str&quot;:&quot;Connected&quot;},{&quot;host&quot;:&quot;192.168.60.66&quot;,&quot;port&quot;:2088,&quot;nic&quot;:&quot;192.168.50.65&quot;,&quot;limit&quot;:0,&quot;is_backup&quot;:0,&quot;bitrate&quot;:0,&quot;up_time&quot;:0,&quot;error_code&quot;:0,&quot;status_code&quot;:1,&quot;error_str&quot;:&quot;None&quot;,&quot;status_str&quot;:&quot;Connecting&quot;},{&quot;host&quot;:&quot;192.168.5.166&quot;,&quot;port&quot;:2088,&quot;nic&quot;:&quot;192.168.5.165&quot;,&quot;limit&quot;:0,&quot;is_backup&quot;:0,&quot;bitrate&quot;:0,&quot;up_time&quot;:0,&quot;error_code&quot;:0,&quot;status_code&quot;:1,&quot;error_str&quot;:&quot;None&quot;,&quot;status_str&quot;:&quot;Connecting&quot;}],&quot;error&quot;:&quot;None&quot;,&quot;con_stat&quot;:&quot;Disconnected&quot;,&quot;bitrate&quot;:0,&quot;dest&quot;:&quot;bonded/bonded5&quot;},{&quot;mip&quot;:&quot;4000.ts&quot;,&quot;port&quot;:0,&quot;ip&quot;:&quot;file&quot;,&quot;in_name&quot;:&quot;bond&quot;,&quot;in_active&quot;:1,&quot;in_active_sources&quot;:0,&quot;prg_name&quot;:&quot;&quot;,&quot;prg_prov&quot;:&quot;&quot;,&quot;prg_num&quot;:-1,&quot;chan&quot;:&quot;&quot;,&quot;chan_id&quot;:-1,&quot;id&quot;:&quot;zixi://bonded(bonded6)#10.7.0.66:2088@10.7.0.65,192.168.60.66:2088@192.168.50.65,192.168.5.166:2088@192.168.5.165&quot;,&quot;type&quot;:2,&quot;name&quot;:&quot;bond6&quot;,&quot;asi&quot;:0,&quot;rtmp&quot;:0,&quot;file&quot;:1,&quot;active&quot;:1,&quot;group&quot;:&quot;&quot;,&quot;bonded&quot;:[],&quot;error&quot;:&quot;None&quot;,&quot;con_stat&quot;:&quot;Connecting&quot;,&quot;bitrate&quot;:0,&quot;dest&quot;:&quot;bonded/bonded6&quot;},{&quot;mip&quot;:&quot;4000.ts&quot;,&quot;port&quot;:0,&quot;ip&quot;:&quot;file&quot;,&quot;in_name&quot;:&quot;bond&quot;,&quot;in_active&quot;:1,&quot;in_active_sources&quot;:0,&quot;prg_name&quot;:&quot;&quot;,&quot;prg_prov&quot;:&quot;&quot;,&quot;prg_num&quot;:-1,&quot;chan&quot;:&quot;&quot;,&quot;chan_id&quot;:-1,&quot;id&quot;:&quot;zixi://bonded(bonded7)#10.7.0.66:2088@10.7.0.65,192.168.60.66:2088@192.168.50.65,192.168.5.166:2088@192.168.5.165&quot;,&quot;type&quot;:2,&quot;name&quot;:&quot;bond7&quot;,&quot;asi&quot;:0,&quot;rtmp&quot;:0,&quot;file&quot;:1,&quot;active&quot;:1,&quot;group&quot;:&quot;&quot;,&quot;bonded&quot;:[],&quot;error&quot;:&quot;None&quot;,&quot;con_stat&quot;:&quot;Connecting&quot;,&quot;bitrate&quot;:0,&quot;dest&quot;:&quot;bonded/bonded7&quot;},{&quot;mip&quot;:&quot;4000.ts&quot;,&quot;port&quot;:0,&quot;ip&quot;:&quot;file&quot;,&quot;in_name&quot;:&quot;bond&quot;,&quot;in_active&quot;:1,&quot;in_active_sources&quot;:0,&quot;prg_name&quot;:&quot;&quot;,&quot;prg_prov&quot;:&quot;&quot;,&quot;prg_num&quot;:-1,&quot;chan&quot;:&quot;&quot;,&quot;chan_id&quot;:-1,&quot;id&quot;:&quot;zixi://bonded(bonded13)#10.7.0.66:2088@10.7.0.65,192.168.60.66:2088@192.168.50.65,192.168.5.166:2088@192.168.5.165&quot;,&quot;type&quot;:2,&quot;name&quot;:&quot;bond13&quot;,&quot;asi&quot;:0,&quot;rtmp&quot;:0,&quot;file&quot;:1,&quot;active&quot;:1,&quot;group&quot;:&quot;&quot;,&quot;bonded&quot;:[],&quot;error&quot;:&quot;None&quot;,&quot;con_stat&quot;:&quot;Connecting&quot;,&quot;bitrate&quot;:0,&quot;dest&quot;:&quot;bonded/bonded13&quot;},{&quot;mip&quot;:&quot;4000.ts&quot;,&quot;port&quot;:0,&quot;ip&quot;:&quot;file&quot;,&quot;in_name&quot;:&quot;bond&quot;,&quot;in_active&quot;:1,&quot;in_active_sources&quot;:0,&quot;prg_name&quot;:&quot;&quot;,&quot;prg_prov&quot;:&quot;&quot;,&quot;prg_num&quot;:-1,&quot;chan&quot;:&quot;&quot;,&quot;chan_id&quot;:-1,&quot;id&quot;:&quot;zixi://bonded(bonded15)#10.7.0.66:2088@10.7.0.65,192.168.60.66:2088@192.168.50.65,192.168.5.166:2088@192.168.5.165&quot;,&quot;type&quot;:2,&quot;name&quot;:&quot;bond15&quot;,&quot;asi&quot;:0,&quot;rtmp&quot;:0,&quot;file&quot;:1,&quot;active&quot;:1,&quot;group&quot;:&quot;&quot;,&quot;bonded&quot;:[],&quot;error&quot;:&quot;None&quot;,&quot;con_stat&quot;:&quot;Connecting&quot;,&quot;bitrate&quot;:0,&quot;dest&quot;:&quot;bonded/bonded15&quot;},{&quot;mip&quot;:&quot;4000.ts&quot;,&quot;port&quot;:0,&quot;ip&quot;:&quot;file&quot;,&quot;in_name&quot;:&quot;bond&quot;,&quot;in_active&quot;:1,&quot;in_active_sources&quot;:0,&quot;prg_name&quot;:&quot;&quot;,&quot;prg_prov&quot;:&quot;&quot;,&quot;prg_num&quot;:-1,&quot;chan&quot;:&quot;&quot;,&quot;chan_id&quot;:-1,&quot;id&quot;:&quot;zixi://bonded(bonded9)#10.7.0.66:2088@10.7.0.65,192.168.60.66:2088@192.168.50.65,192.168.5.166:2088@192.168.5.165&quot;,&quot;type&quot;:2,&quot;name&quot;:&quot;bond9&quot;,&quot;asi&quot;:0,&quot;rtmp&quot;:0,&quot;file&quot;:1,&quot;active&quot;:1,&quot;group&quot;:&quot;&quot;,&quot;bonded&quot;:[],&quot;error&quot;:&quot;None&quot;,&quot;con_stat&quot;:&quot;Connecting&quot;,&quot;bitrate&quot;:0,&quot;dest&quot;:&quot;bonded/bonded9&quot;},{&quot;mip&quot;:&quot;4000.ts&quot;,&quot;port&quot;:0,&quot;ip&quot;:&quot;file&quot;,&quot;in_name&quot;:&quot;bond&quot;,&quot;in_active&quot;:1,&quot;in_active_sources&quot;:0,&quot;prg_name&quot;:&quot;&quot;,&quot;prg_prov&quot;:&quot;&quot;,&quot;prg_num&quot;:-1,&quot;chan&quot;:&quot;&quot;,&quot;chan_id&quot;:-1,&quot;id&quot;:&quot;zixi://bonded(bonded18)#10.7.0.66:2088@10.7.0.65,192.168.60.66:2088@192.168.50.65,192.168.5.166:2088@192.168.5.165&quot;,&quot;type&quot;:2,&quot;name&quot;:&quot;bond18&quot;,&quot;asi&quot;:0,&quot;rtmp&quot;:0,&quot;file&quot;:1,&quot;active&quot;:1,&quot;group&quot;:&quot;&quot;,&quot;bonded&quot;:[{&quot;host&quot;:&quot;10.7.0.66&quot;,&quot;port&quot;:2088,&quot;nic&quot;:&quot;10.7.0.65&quot;,&quot;limit&quot;:0,&quot;is_backup&quot;:0,&quot;bitrate&quot;:2862048,&quot;up_time&quot;:159,&quot;error_code&quot;:0,&quot;status_code&quot;:3,&quot;error_str&quot;:&quot;None&quot;,&quot;status_str&quot;:&quot;Connected&quot;},{&quot;host&quot;:&quot;192.168.60.66&quot;,&quot;port&quot;:2088,&quot;nic&quot;:&quot;192.168.50.65&quot;,&quot;limit&quot;:0,&quot;is_backup&quot;:0,&quot;bitrate&quot;:0,&quot;up_time&quot;:0,&quot;error_code&quot;:3,&quot;status_code&quot;:1,&quot;error_str&quot;:&quot;Timeout&quot;,&quot;status_str&quot;:&quot;Connecting&quot;},{&quot;host&quot;:&quot;192.168.5.166&quot;,&quot;port&quot;:2088,&quot;nic&quot;:&quot;192.168.5.165&quot;,&quot;limit&quot;:0,&quot;is_backup&quot;:0,&quot;bitrate&quot;:2920032,&quot;up_time&quot;:545,&quot;error_code&quot;:0,&quot;status_code&quot;:3,&quot;error_str&quot;:&quot;None&quot;,&quot;status_str&quot;:&quot;Connected&quot;}],&quot;error&quot;:&quot;None&quot;,&quot;con_stat&quot;:&quot;Disconnected&quot;,&quot;bitrate&quot;:5602013,&quot;dest&quot;:&quot;bonded/bonded18&quot;},{&quot;mip&quot;:&quot;4000.ts&quot;,&quot;port&quot;:0,&quot;ip&quot;:&quot;file&quot;,&quot;in_name&quot;:&quot;bond&quot;,&quot;in_active&quot;:1,&quot;in_active_sources&quot;:0,&quot;prg_name&quot;:&quot;&quot;,&quot;prg_prov&quot;:&quot;&quot;,&quot;prg_num&quot;:-1,&quot;chan&quot;:&quot;&quot;,&quot;chan_id&quot;:-1,&quot;id&quot;:&quot;zixi://bonded(bonded11)#10.7.0.66:2088@10.7.0.65,192.168.60.66:2088@192.168.50.65,192.168.5.166:2088@192.168.5.165&quot;,&quot;type&quot;:2,&quot;name&quot;:&quot;bond11&quot;,&quot;asi&quot;:0,&quot;rtmp&quot;:0,&quot;file&quot;:1,&quot;active&quot;:1,&quot;group&quot;:&quot;&quot;,&quot;bonded&quot;:[],&quot;error&quot;:&quot;None&quot;,&quot;con_stat&quot;:&quot;Connecting&quot;,&quot;bitrate&quot;:0,&quot;dest&quot;:&quot;bonded/bonded11&quot;},{&quot;mip&quot;:&quot;4000.ts&quot;,&quot;port&quot;:0,&quot;ip&quot;:&quot;file&quot;,&quot;in_name&quot;:&quot;bond&quot;,&quot;in_active&quot;:1,&quot;in_active_sources&quot;:0,&quot;prg_name&quot;:&quot;&quot;,&quot;prg_prov&quot;:&quot;&quot;,&quot;prg_num&quot;:-1,&quot;chan&quot;:&quot;&quot;,&quot;chan_id&quot;:-1,&quot;id&quot;:&quot;zixi://bonded(bonded19)#10.7.0.66:2088@10.7.0.65,192.168.60.66:2088@192.168.50.65,192.168.5.166:2088@192.168.5.165&quot;,&quot;type&quot;:2,&quot;name&quot;:&quot;bond19&quot;,&quot;asi&quot;:0,&quot;rtmp&quot;:0,&quot;file&quot;:1,&quot;active&quot;:1,&quot;group&quot;:&quot;&quot;,&quot;bonded&quot;:[],&quot;error&quot;:&quot;None&quot;,&quot;con_stat&quot;:&quot;Connecting&quot;,&quot;bitrate&quot;:0,&quot;dest&quot;:&quot;bonded/bonded19&quot;}]}
Debug printing ------&gt;&gt;&gt; {&quot;custom_data&quot;:&quot;&quot;,&quot;msg&quot;:&quot;Output deleted.&quot;,&quot;error&quot;:&quot;&quot;,&quot;outs&quot;:[{&quot;mip&quot;:&quot;live_recording.ts&quot;,&quot;port&quot;:0,&quot;ip&quot;:&quot;file&quot;,&quot;in_name&quot;:&quot;feederoutputname&quot;,&quot;in_active&quot;:1,&quot;in_active_sources&quot;:0,&quot;prg_name&quot;:&quot;&quot;,&quot;prg_prov&quot;:&quot;&quot;,&quot;prg_num&quot;:1,&quot;chan&quot;:&quot;&quot;,&quot;chan_id&quot;:-1,&quot;id&quot;:&quot;zixi://10.7.0.66:2088/feederout&quot;,&quot;type&quot;:2,&quot;name&quot;:&quot;feederoutputname&quot;,&quot;asi&quot;:0,&quot;rtmp&quot;:0,&quot;file&quot;:1,&quot;active&quot;:1,&quot;group&quot;:&quot;&quot;,&quot;error&quot;:&quot;Authentication&quot;,&quot;con_stat&quot;:&quot;Disconnected&quot;,&quot;bitrate&quot;:0,&quot;dest&quot;:&quot;10.7.0.66:2088/feederout&quot;},{&quot;mip&quot;:&quot;4000.ts&quot;,&quot;port&quot;:0,&quot;ip&quot;:&quot;file&quot;,&quot;in_name&quot;:&quot;bond&quot;,&quot;in_active&quot;:1,&quot;in_active_sources&quot;:0,&quot;prg_name&quot;:&quot;&quot;,&quot;prg_prov&quot;:&quot;&quot;,&quot;prg_num&quot;:-1,&quot;chan&quot;:&quot;&quot;,&quot;chan_id&quot;:-1,&quot;id&quot;:&quot;zixi://bonded(bonded0)#10.7.0.66:2088@10.7.0.65,192.168.60.66:2088@192.168.50.65,192.168.5.166:2088@192.168.5.165&quot;,&quot;type&quot;:2,&quot;name&quot;:&quot;bond0&quot;,&quot;asi&quot;:0,&quot;rtmp&quot;:0,&quot;file&quot;:1,&quot;active&quot;:1,&quot;group&quot;:&quot;&quot;,&quot;bonded&quot;:[],&quot;error&quot;:&quot;None&quot;,&quot;con_stat&quot;:&quot;Connecting&quot;,&quot;bitrate&quot;:0,&quot;dest&quot;:&quot;bonded/bonded0&quot;},{&quot;mip&quot;:&quot;4000.ts&quot;,&quot;port&quot;:0,&quot;ip&quot;:&quot;file&quot;,&quot;in_name&quot;:&quot;bond&quot;,&quot;in_active&quot;:1,&quot;in_active_sources&quot;:0,&quot;prg_name&quot;:&quot;&quot;,&quot;prg_prov&quot;:&quot;&quot;,&quot;prg_num&quot;:-1,&quot;chan&quot;:&quot;&quot;,&quot;chan_id&quot;:-1,&quot;id&quot;:&quot;zixi://bonded(bonded1)#10.7.0.66:2088@10.7.0.65,192.168.60.66:2088@192.168.50.65,192.168.5.166:2088@192.168.5.165&quot;,&quot;type&quot;:2,&quot;name&quot;:&quot;bond1&quot;,&quot;asi&quot;:0,&quot;rtmp&quot;:0,&quot;file&quot;:1,&quot;active&quot;:1,&quot;group&quot;:&quot;&quot;,&quot;bonded&quot;:[],&quot;error&quot;:&quot;None&quot;,&quot;con_stat&quot;:&quot;Connecting&quot;,&quot;bitrate&quot;:0,&quot;dest&quot;:&quot;bonded/bonded1&quot;},{&quot;mip&quot;:&quot;4000.ts&quot;,&quot;port&quot;:0,&quot;ip&quot;:&quot;file&quot;,&quot;in_name&quot;:&quot;bond&quot;,&quot;in_active&quot;:1,&quot;in_active_sources&quot;:0,&quot;prg_name&quot;:&quot;&quot;,&quot;prg_prov&quot;:&quot;&quot;,&quot;prg_num&quot;:-1,&quot;chan&quot;:&quot;&quot;,&quot;chan_id&quot;:-1,&quot;id&quot;:&quot;zixi://bonded(bonded2)#10.7.0.66:2088@10.7.0.65,192.168.60.66:2088@192.168.50.65,192.168.5.166:2088@192.168.5.165&quot;,&quot;type&quot;:2,&quot;name&quot;:&quot;bond2&quot;,&quot;asi&quot;:0,&quot;rtmp&quot;:0,&quot;file&quot;:1,&quot;active&quot;:1,&quot;group&quot;:&quot;&quot;,&quot;bonded&quot;:[],&quot;error&quot;:&quot;None&quot;,&quot;con_stat&quot;:&quot;Connecting&quot;,&quot;bitrate&quot;:0,&quot;dest&quot;:&quot;bonded/bonded2&quot;},{&quot;mip&quot;:&quot;4000.ts&quot;,&quot;port&quot;:0,&quot;ip&quot;:&quot;file&quot;,&quot;in_name&quot;:&quot;bond&quot;,&quot;in_active&quot;:1,&quot;in_active_sources&quot;:0,&quot;prg_name&quot;:&quot;&quot;,&quot;prg_prov&quot;:&quot;&quot;,&quot;prg_num&quot;:-1,&quot;chan&quot;:&quot;&quot;,&quot;chan_id&quot;:-1,&quot;id&quot;:&quot;zixi://bonded(bonded3)#10.7.0.66:2088@10.7.0.65,192.168.60.66:2088@192.168.50.65,192.168.5.166:2088@192.168.5.165&quot;,&quot;type&quot;:2,&quot;name&quot;:&quot;bond3&quot;,&quot;asi&quot;:0,&quot;rtmp&quot;:0,&quot;file&quot;:1,&quot;active&quot;:1,&quot;group&quot;:&quot;&quot;,&quot;bonded&quot;:[],&quot;error&quot;:&quot;Timeout&quot;,&quot;con_stat&quot;:&quot;Connecting&quot;,&quot;bitrate&quot;:0,&quot;dest&quot;:&quot;bonded/bonded3&quot;},{&quot;mip&quot;:&quot;4000.ts&quot;,&quot;port&quot;:0,&quot;ip&quot;:&quot;file&quot;,&quot;in_name&quot;:&quot;bond&quot;,&quot;in_active&quot;:1,&quot;in_active_sources&quot;:0,&quot;prg_name&quot;:&quot;&quot;,&quot;prg_prov&quot;:&quot;&quot;,&quot;prg_num&quot;:-1,&quot;chan&quot;:&quot;&quot;,&quot;chan_id&quot;:-1,&quot;id&quot;:&quot;zixi://bonded(bonded4)#10.7.0.66:2088@10.7.0.65,192.168.60.66:2088@192.168.50.65,192.168.5.166:2088@192.168.5.165&quot;,&quot;type&quot;:2,&quot;name&quot;:&quot;bond4&quot;,&quot;asi&quot;:0,&quot;rtmp&quot;:0,&quot;file&quot;:1,&quot;active&quot;:1,&quot;group&quot;:&quot;&quot;,&quot;bonded&quot;:[],&quot;error&quot;:&quot;None&quot;,&quot;con_stat&quot;:&quot;Connecting&quot;,&quot;bitrate&quot;:0,&quot;dest&quot;:&quot;bonded/bonded4&quot;},{&quot;mip&quot;:&quot;4000.ts&quot;,&quot;port&quot;:0,&quot;ip&quot;:&quot;file&quot;,&quot;in_name&quot;:&quot;bond&quot;,&quot;in_active&quot;:1,&quot;in_active_sources&quot;:0,&quot;prg_name&quot;:&quot;&quot;,&quot;prg_prov&quot;:&quot;&quot;,&quot;prg_num&quot;:-1,&quot;chan&quot;:&quot;&quot;,&quot;chan_id&quot;:-1,&quot;id&quot;:&quot;zixi://bonded(bonded10)#10.7.0.66:2088@10.7.0.65,192.168.60.66:2088@192.168.50.65,192.168.5.166:2088@192.168.5.165&quot;,&quot;type&quot;:2,&quot;name&quot;:&quot;bond10&quot;,&quot;asi&quot;:0,&quot;rtmp&quot;:0,&quot;file&quot;:1,&quot;active&quot;:1,&quot;group&quot;:&quot;&quot;,&quot;bonded&quot;:[],&quot;error&quot;:&quot;None&quot;,&quot;con_stat&quot;:&quot;Connecting&quot;,&quot;bitrate&quot;:0,&quot;dest&quot;:&quot;bonded/bonded10&quot;},{&quot;mip&quot;:&quot;4000.ts&quot;,&quot;port&quot;:0,&quot;ip&quot;:&quot;file&quot;,&quot;in_name&quot;:&quot;bond&quot;,&quot;in_active&quot;:1,&quot;in_active_sources&quot;:0,&quot;prg_name&quot;:&quot;&quot;,&quot;prg_prov&quot;:&quot;&quot;,&quot;prg_num&quot;:-1,&quot;chan&quot;:&quot;&quot;,&quot;chan_id&quot;:-1,&quot;id&quot;:&quot;zixi://bonded(bonded5)#10.7.0.66:2088@10.7.0.65,192.168.60.66:2088@192.168.50.65,192.168.5.166:2088@192.168.5.165&quot;,&quot;type&quot;:2,&quot;name&quot;:&quot;bond5&quot;,&quot;asi&quot;:0,&quot;rtmp&quot;:0,&quot;file&quot;:1,&quot;active&quot;:1,&quot;group&quot;:&quot;&quot;,&quot;bonded&quot;:[{&quot;host&quot;:&quot;10.7.0.66&quot;,&quot;port&quot;:2088,&quot;nic&quot;:&quot;10.7.0.65&quot;,&quot;limit&quot;:0,&quot;is_backup&quot;:0,&quot;bitrate&quot;:0,&quot;up_time&quot;:0,&quot;error_code&quot;:0,&quot;status_code&quot;:3,&quot;error_str&quot;:&quot;None&quot;,&quot;status_str&quot;:&quot;Connected&quot;},{&quot;host&quot;:&quot;192.168.60.66&quot;,&quot;port&quot;:2088,&quot;nic&quot;:&quot;192.168.50.65&quot;,&quot;limit&quot;:0,&quot;is_backup&quot;:0,&quot;bitrate&quot;:0,&quot;up_time&quot;:0,&quot;error_code&quot;:0,&quot;status_code&quot;:1,&quot;error_str&quot;:&quot;None&quot;,&quot;status_str&quot;:&quot;Connecting&quot;},{&quot;host&quot;:&quot;192.168.5.166&quot;,&quot;port&quot;:2088,&quot;nic&quot;:&quot;192.168.5.165&quot;,&quot;limit&quot;:0,&quot;is_backup&quot;:0,&quot;bitrate&quot;:0,&quot;up_time&quot;:0,&quot;error_code&quot;:0,&quot;status_code&quot;:1,&quot;error_str&quot;:&quot;None&quot;,&quot;status_str&quot;:&quot;Connecting&quot;}],&quot;error&quot;:&quot;None&quot;,&quot;con_stat&quot;:&quot;Disconnected&quot;,&quot;bitrate&quot;:0,&quot;dest&quot;:&quot;bonded/bonded5&quot;},{&quot;mip&quot;:&quot;4000.ts&quot;,&quot;port&quot;:0,&quot;ip&quot;:&quot;file&quot;,&quot;in_name&quot;:&quot;bond&quot;,&quot;in_active&quot;:1,&quot;in_active_sources&quot;:0,&quot;prg_name&quot;:&quot;&quot;,&quot;prg_prov&quot;:&quot;&quot;,&quot;prg_num&quot;:-1,&quot;chan&quot;:&quot;&quot;,&quot;chan_id&quot;:-1,&quot;id&quot;:&quot;zixi://bonded(bonded6)#10.7.0.66:2088@10.7.0.65,192.168.60.66:2088@192.168.50.65,192.168.5.166:2088@192.168.5.165&quot;,&quot;type&quot;:2,&quot;name&quot;:&quot;bond6&quot;,&quot;asi&quot;:0,&quot;rtmp&quot;:0,&quot;file&quot;:1,&quot;active&quot;:1,&quot;group&quot;:&quot;&quot;,&quot;bonded&quot;:[],&quot;error&quot;:&quot;None&quot;,&quot;con_stat&quot;:&quot;Connecting&quot;,&quot;bitrate&quot;:0,&quot;dest&quot;:&quot;bonded/bonded6&quot;},{&quot;mip&quot;:&quot;4000.ts&quot;,&quot;port&quot;:0,&quot;ip&quot;:&quot;file&quot;,&quot;in_name&quot;:&quot;bond&quot;,&quot;in_active&quot;:1,&quot;in_active_sources&quot;:0,&quot;prg_name&quot;:&quot;&quot;,&quot;prg_prov&quot;:&quot;&quot;,&quot;prg_num&quot;:-1,&quot;chan&quot;:&quot;&quot;,&quot;chan_id&quot;:-1,&quot;id&quot;:&quot;zixi://bonded(bonded7)#10.7.0.66:2088@10.7.0.65,192.168.60.66:2088@192.168.50.65,192.168.5.166:2088@192.168.5.165&quot;,&quot;type&quot;:2,&quot;name&quot;:&quot;bond7&quot;,&quot;asi&quot;:0,&quot;rtmp&quot;:0,&quot;file&quot;:1,&quot;active&quot;:1,&quot;group&quot;:&quot;&quot;,&quot;bonded&quot;:[],&quot;error&quot;:&quot;None&quot;,&quot;con_stat&quot;:&quot;Connecting&quot;,&quot;bitrate&quot;:0,&quot;dest&quot;:&quot;bonded/bonded7&quot;},{&quot;mip&quot;:&quot;4000.ts&quot;,&quot;port&quot;:0,&quot;ip&quot;:&quot;file&quot;,&quot;in_name&quot;:&quot;bond&quot;,&quot;in_active&quot;:1,&quot;in_active_sources&quot;:0,&quot;prg_name&quot;:&quot;&quot;,&quot;prg_prov&quot;:&quot;&quot;,&quot;prg_num&quot;:-1,&quot;chan&quot;:&quot;&quot;,&quot;chan_id&quot;:-1,&quot;id&quot;:&quot;zixi://bonded(bonded13)#10.7.0.66:2088@10.7.0.65,192.168.60.66:2088@192.168.50.65,192.168.5.166:2088@192.168.5.165&quot;,&quot;type&quot;:2,&quot;name&quot;:&quot;bond13&quot;,&quot;asi&quot;:0,&quot;rtmp&quot;:0,&quot;file&quot;:1,&quot;active&quot;:1,&quot;group&quot;:&quot;&quot;,&quot;bonded&quot;:[],&quot;error&quot;:&quot;None&quot;,&quot;con_stat&quot;:&quot;Connecting&quot;,&quot;bitrate&quot;:0,&quot;dest&quot;:&quot;bonded/bonded13&quot;},{&quot;mip&quot;:&quot;4000.ts&quot;,&quot;port&quot;:0,&quot;ip&quot;:&quot;file&quot;,&quot;in_name&quot;:&quot;bond&quot;,&quot;in_active&quot;:1,&quot;in_active_sources&quot;:0,&quot;prg_name&quot;:&quot;&quot;,&quot;prg_prov&quot;:&quot;&quot;,&quot;prg_num&quot;:-1,&quot;chan&quot;:&quot;&quot;,&quot;chan_id&quot;:-1,&quot;id&quot;:&quot;zixi://bonded(bonded15)#10.7.0.66:2088@10.7.0.65,192.168.60.66:2088@192.168.50.65,192.168.5.166:2088@192.168.5.165&quot;,&quot;type&quot;:2,&quot;name&quot;:&quot;bond15&quot;,&quot;asi&quot;:0,&quot;rtmp&quot;:0,&quot;file&quot;:1,&quot;active&quot;:1,&quot;group&quot;:&quot;&quot;,&quot;bonded&quot;:[],&quot;error&quot;:&quot;None&quot;,&quot;con_stat&quot;:&quot;Connecting&quot;,&quot;bitrate&quot;:0,&quot;dest&quot;:&quot;bonded/bonded15&quot;},{&quot;mip&quot;:&quot;4000.ts&quot;,&quot;port&quot;:0,&quot;ip&quot;:&quot;file&quot;,&quot;in_name&quot;:&quot;bond&quot;,&quot;in_active&quot;:1,&quot;in_active_sources&quot;:0,&quot;prg_name&quot;:&quot;&quot;,&quot;prg_prov&quot;:&quot;&quot;,&quot;prg_num&quot;:-1,&quot;chan&quot;:&quot;&quot;,&quot;chan_id&quot;:-1,&quot;id&quot;:&quot;zixi://bonded(bonded9)#10.7.0.66:2088@10.7.0.65,192.168.60.66:2088@192.168.50.65,192.168.5.166:2088@192.168.5.165&quot;,&quot;type&quot;:2,&quot;name&quot;:&quot;bond9&quot;,&quot;asi&quot;:0,&quot;rtmp&quot;:0,&quot;file&quot;:1,&quot;active&quot;:1,&quot;group&quot;:&quot;&quot;,&quot;bonded&quot;:[],&quot;error&quot;:&quot;None&quot;,&quot;con_stat&quot;:&quot;Connecting&quot;,&quot;bitrate&quot;:0,&quot;dest&quot;:&quot;bonded/bonded9&quot;},{&quot;mip&quot;:&quot;4000.ts&quot;,&quot;port&quot;:0,&quot;ip&quot;:&quot;file&quot;,&quot;in_name&quot;:&quot;bond&quot;,&quot;in_active&quot;:1,&quot;in_active_sources&quot;:0,&quot;prg_name&quot;:&quot;&quot;,&quot;prg_prov&quot;:&quot;&quot;,&quot;prg_num&quot;:-1,&quot;chan&quot;:&quot;&quot;,&quot;chan_id&quot;:-1,&quot;id&quot;:&quot;zixi://bonded(bonded18)#10.7.0.66:2088@10.7.0.65,192.168.60.66:2088@192.168.50.65,192.168.5.166:2088@192.168.5.165&quot;,&quot;type&quot;:2,&quot;name&quot;:&quot;bond18&quot;,&quot;asi&quot;:0,&quot;rtmp&quot;:0,&quot;file&quot;:1,&quot;active&quot;:1,&quot;group&quot;:&quot;&quot;,&quot;bonded&quot;:[{&quot;host&quot;:&quot;10.7.0.66&quot;,&quot;port&quot;:2088,&quot;nic&quot;:&quot;10.7.0.65&quot;,&quot;limit&quot;:0,&quot;is_backup&quot;:0,&quot;bitrate&quot;:2862048,&quot;up_time&quot;:159,&quot;error_code&quot;:0,&quot;status_code&quot;:3,&quot;error_str&quot;:&quot;None&quot;,&quot;status_str&quot;:&quot;Connected&quot;},{&quot;host&quot;:&quot;192.168.60.66&quot;,&quot;port&quot;:2088,&quot;nic&quot;:&quot;192.168.50.65&quot;,&quot;limit&quot;:0,&quot;is_backup&quot;:0,&quot;bitrate&quot;:0,&quot;up_time&quot;:0,&quot;error_code&quot;:3,&quot;status_code&quot;:1,&quot;error_str&quot;:&quot;Timeout&quot;,&quot;status_str&quot;:&quot;Connecting&quot;},{&quot;host&quot;:&quot;192.168.5.166&quot;,&quot;port&quot;:2088,&quot;nic&quot;:&quot;192.168.5.165&quot;,&quot;limit&quot;:0,&quot;is_backup&quot;:0,&quot;bitrate&quot;:2920032,&quot;up_time&quot;:545,&quot;error_code&quot;:0,&quot;status_code&quot;:3,&quot;error_str&quot;:&quot;None&quot;,&quot;status_str&quot;:&quot;Connected&quot;}],&quot;error&quot;:&quot;None&quot;,&quot;con_stat&quot;:&quot;Disconnected&quot;,&quot;bitrate&quot;:5602013,&quot;dest&quot;:&quot;bonded/bonded18&quot;},{&quot;mip&quot;:&quot;4000.ts&quot;,&quot;port&quot;:0,&quot;ip&quot;:&quot;file&quot;,&quot;in_name&quot;:&quot;bond&quot;,&quot;in_active&quot;:1,&quot;in_active_sources&quot;:0,&quot;prg_name&quot;:&quot;&quot;,&quot;prg_prov&quot;:&quot;&quot;,&quot;prg_num&quot;:-1,&quot;chan&quot;:&quot;&quot;,&quot;chan_id&quot;:-1,&quot;id&quot;:&quot;zixi://bonded(bonded11)#10.7.0.66:2088@10.7.0.65,192.168.60.66:2088@192.168.50.65,192.168.5.166:2088@192.168.5.165&quot;,&quot;type&quot;:2,&quot;name&quot;:&quot;bond11&quot;,&quot;asi&quot;:0,&quot;rtmp&quot;:0,&quot;file&quot;:1,&quot;active&quot;:1,&quot;group&quot;:&quot;&quot;,&quot;bonded&quot;:[],&quot;error&quot;:&quot;None&quot;,&quot;con_stat&quot;:&quot;Connecting&quot;,&quot;bitrate&quot;:0,&quot;dest&quot;:&quot;bonded/bonded11&quot;}]}
Debug printing ------&gt;&gt;&gt; {&quot;custom_data&quot;:&quot;&quot;,&quot;msg&quot;:&quot;Output deleted.&quot;,&quot;error&quot;:&quot;&quot;,&quot;outs&quot;:[{&quot;mip&quot;:&quot;live_recording.ts&quot;,&quot;port&quot;:0,&quot;ip&quot;:&quot;file&quot;,&quot;in_name&quot;:&quot;feederoutputname&quot;,&quot;in_active&quot;:1,&quot;in_active_sources&quot;:0,&quot;prg_name&quot;:&quot;&quot;,&quot;prg_prov&quot;:&quot;&quot;,&quot;prg_num&quot;:1,&quot;chan&quot;:&quot;&quot;,&quot;chan_id&quot;:-1,&quot;id&quot;:&quot;zixi://10.7.0.66:2088/feederout&quot;,&quot;type&quot;:2,&quot;name&quot;:&quot;feederoutputname&quot;,&quot;asi&quot;:0,&quot;rtmp&quot;:0,&quot;file&quot;:1,&quot;active&quot;:1,&quot;group&quot;:&quot;&quot;,&quot;error&quot;:&quot;Authentication&quot;,&quot;con_stat&quot;:&quot;Disconnected&quot;,&quot;bitrate&quot;:0,&quot;dest&quot;:&quot;10.7.0.66:2088/feederout&quot;},{&quot;mip&quot;:&quot;4000.ts&quot;,&quot;port&quot;:0,&quot;ip&quot;:&quot;file&quot;,&quot;in_name&quot;:&quot;bond&quot;,&quot;in_active&quot;:1,&quot;in_active_sources&quot;:0,&quot;prg_name&quot;:&quot;&quot;,&quot;prg_prov&quot;:&quot;&quot;,&quot;prg_num&quot;:-1,&quot;chan&quot;:&quot;&quot;,&quot;chan_id&quot;:-1,&quot;id&quot;:&quot;zixi://bonded(bonded0)#10.7.0.66:2088@10.7.0.65,192.168.60.66:2088@192.168.50.65,192.168.5.166:2088@192.168.5.165&quot;,&quot;type&quot;:2,&quot;name&quot;:&quot;bond0&quot;,&quot;asi&quot;:0,&quot;rtmp&quot;:0,&quot;file&quot;:1,&quot;active&quot;:1,&quot;group&quot;:&quot;&quot;,&quot;bonded&quot;:[],&quot;error&quot;:&quot;None&quot;,&quot;con_stat&quot;:&quot;Connecting&quot;,&quot;bitrate&quot;:0,&quot;dest&quot;:&quot;bonded/bonded0&quot;},{&quot;mip&quot;:&quot;4000.ts&quot;,&quot;port&quot;:0,&quot;ip&quot;:&quot;file&quot;,&quot;in_name&quot;:&quot;bond&quot;,&quot;in_active&quot;:1,&quot;in_active_sources&quot;:0,&quot;prg_name&quot;:&quot;&quot;,&quot;prg_prov&quot;:&quot;&quot;,&quot;prg_num&quot;:-1,&quot;chan&quot;:&quot;&quot;,&quot;chan_id&quot;:-1,&quot;id&quot;:&quot;zixi://bonded(bonded1)#10.7.0.66:2088@10.7.0.65,192.168.60.66:2088@192.168.50.65,192.168.5.166:2088@192.168.5.165&quot;,&quot;type&quot;:2,&quot;name&quot;:&quot;bond1&quot;,&quot;asi&quot;:0,&quot;rtmp&quot;:0,&quot;file&quot;:1,&quot;active&quot;:1,&quot;group&quot;:&quot;&quot;,&quot;bonded&quot;:[],&quot;error&quot;:&quot;None&quot;,&quot;con_stat&quot;:&quot;Connecting&quot;,&quot;bitrate&quot;:0,&quot;dest&quot;:&quot;bonded/bonded1&quot;},{&quot;mip&quot;:&quot;4000.ts&quot;,&quot;port&quot;:0,&quot;ip&quot;:&quot;file&quot;,&quot;in_name&quot;:&quot;bond&quot;,&quot;in_active&quot;:1,&quot;in_active_sources&quot;:0,&quot;prg_name&quot;:&quot;&quot;,&quot;prg_prov&quot;:&quot;&quot;,&quot;prg_num&quot;:-1,&quot;chan&quot;:&quot;&quot;,&quot;chan_id&quot;:-1,&quot;id&quot;:&quot;zixi://bonded(bonded2)#10.7.0.66:2088@10.7.0.65,192.168.60.66:2088@192.168.50.65,192.168.5.166:2088@192.168.5.165&quot;,&quot;type&quot;:2,&quot;name&quot;:&quot;bond2&quot;,&quot;asi&quot;:0,&quot;rtmp&quot;:0,&quot;file&quot;:1,&quot;active&quot;:1,&quot;group&quot;:&quot;&quot;,&quot;bonded&quot;:[],&quot;error&quot;:&quot;None&quot;,&quot;con_stat&quot;:&quot;Connecting&quot;,&quot;bitrate&quot;:0,&quot;dest&quot;:&quot;bonded/bonded2&quot;},{&quot;mip&quot;:&quot;4000.ts&quot;,&quot;port&quot;:0,&quot;ip&quot;:&quot;file&quot;,&quot;in_name&quot;:&quot;bond&quot;,&quot;in_active&quot;:1,&quot;in_active_sources&quot;:0,&quot;prg_name&quot;:&quot;&quot;,&quot;prg_prov&quot;:&quot;&quot;,&quot;prg_num&quot;:-1,&quot;chan&quot;:&quot;&quot;,&quot;chan_id&quot;:-1,&quot;id&quot;:&quot;zixi://bonded(bonded3)#10.7.0.66:2088@10.7.0.65,192.168.60.66:2088@192.168.50.65,192.168.5.166:2088@192.168.5.165&quot;,&quot;type&quot;:2,&quot;name&quot;:&quot;bond3&quot;,&quot;asi&quot;:0,&quot;rtmp&quot;:0,&quot;file&quot;:1,&quot;active&quot;:1,&quot;group&quot;:&quot;&quot;,&quot;bonded&quot;:[],&quot;error&quot;:&quot;Timeout&quot;,&quot;con_stat&quot;:&quot;Connecting&quot;,&quot;bitrate&quot;:0,&quot;dest&quot;:&quot;bonded/bonded3&quot;},{&quot;mip&quot;:&quot;4000.ts&quot;,&quot;port&quot;:0,&quot;ip&quot;:&quot;file&quot;,&quot;in_name&quot;:&quot;bond&quot;,&quot;in_active&quot;:1,&quot;in_active_sources&quot;:0,&quot;prg_name&quot;:&quot;&quot;,&quot;prg_prov&quot;:&quot;&quot;,&quot;prg_num&quot;:-1,&quot;chan&quot;:&quot;&quot;,&quot;chan_id&quot;:-1,&quot;id&quot;:&quot;zixi://bonded(bonded4)#10.7.0.66:2088@10.7.0.65,192.168.60.66:2088@192.168.50.65,192.168.5.166:2088@192.168.5.165&quot;,&quot;type&quot;:2,&quot;name&quot;:&quot;bond4&quot;,&quot;asi&quot;:0,&quot;rtmp&quot;:0,&quot;file&quot;:1,&quot;active&quot;:1,&quot;group&quot;:&quot;&quot;,&quot;bonded&quot;:[],&quot;error&quot;:&quot;None&quot;,&quot;con_stat&quot;:&quot;Connecting&quot;,&quot;bitrate&quot;:0,&quot;dest&quot;:&quot;bonded/bonded4&quot;},{&quot;mip&quot;:&quot;4000.ts&quot;,&quot;port&quot;:0,&quot;ip&quot;:&quot;file&quot;,&quot;in_name&quot;:&quot;bond&quot;,&quot;in_active&quot;:1,&quot;in_active_sources&quot;:0,&quot;prg_name&quot;:&quot;&quot;,&quot;prg_prov&quot;:&quot;&quot;,&quot;prg_num&quot;:-1,&quot;chan&quot;:&quot;&quot;,&quot;chan_id&quot;:-1,&quot;id&quot;:&quot;zixi://bonded(bonded10)#10.7.0.66:2088@10.7.0.65,192.168.60.66:2088@192.168.50.65,192.168.5.166:2088@192.168.5.165&quot;,&quot;type&quot;:2,&quot;name&quot;:&quot;bond10&quot;,&quot;asi&quot;:0,&quot;rtmp&quot;:0,&quot;file&quot;:1,&quot;active&quot;:1,&quot;group&quot;:&quot;&quot;,&quot;bonded&quot;:[],&quot;error&quot;:&quot;None&quot;,&quot;con_stat&quot;:&quot;Connecting&quot;,&quot;bitrate&quot;:0,&quot;dest&quot;:&quot;bonded/bonded10&quot;},{&quot;mip&quot;:&quot;4000.ts&quot;,&quot;port&quot;:0,&quot;ip&quot;:&quot;file&quot;,&quot;in_name&quot;:&quot;bond&quot;,&quot;in_active&quot;:1,&quot;in_active_sources&quot;:0,&quot;prg_name&quot;:&quot;&quot;,&quot;prg_prov&quot;:&quot;&quot;,&quot;prg_num&quot;:-1,&quot;chan&quot;:&quot;&quot;,&quot;chan_id&quot;:-1,&quot;id&quot;:&quot;zixi://bonded(bonded5)#10.7.0.66:2088@10.7.0.65,192.168.60.66:2088@192.168.50.65,192.168.5.166:2088@192.168.5.165&quot;,&quot;type&quot;:2,&quot;name&quot;:&quot;bond5&quot;,&quot;asi&quot;:0,&quot;rtmp&quot;:0,&quot;file&quot;:1,&quot;active&quot;:1,&quot;group&quot;:&quot;&quot;,&quot;bonded&quot;:[{&quot;host&quot;:&quot;10.7.0.66&quot;,&quot;port&quot;:2088,&quot;nic&quot;:&quot;10.7.0.65&quot;,&quot;limit&quot;:0,&quot;is_backup&quot;:0,&quot;bitrate&quot;:0,&quot;up_time&quot;:0,&quot;error_code&quot;:0,&quot;status_code&quot;:3,&quot;error_str&quot;:&quot;None&quot;,&quot;status_str&quot;:&quot;Connected&quot;},{&quot;host&quot;:&quot;192.168.60.66&quot;,&quot;port&quot;:2088,&quot;nic&quot;:&quot;192.168.50.65&quot;,&quot;limit&quot;:0,&quot;is_backup&quot;:0,&quot;bitrate&quot;:0,&quot;up_time&quot;:0,&quot;error_code&quot;:0,&quot;status_code&quot;:1,&quot;error_str&quot;:&quot;None&quot;,&quot;status_str&quot;:&quot;Connecting&quot;},{&quot;host&quot;:&quot;192.168.5.166&quot;,&quot;port&quot;:2088,&quot;nic&quot;:&quot;192.168.5.165&quot;,&quot;limit&quot;:0,&quot;is_backup&quot;:0,&quot;bitrate&quot;:0,&quot;up_time&quot;:0,&quot;error_code&quot;:0,&quot;status_code&quot;:1,&quot;error_str&quot;:&quot;None&quot;,&quot;status_str&quot;:&quot;Connecting&quot;}],&quot;error&quot;:&quot;None&quot;,&quot;con_stat&quot;:&quot;Disconnected&quot;,&quot;bitrate&quot;:0,&quot;dest&quot;:&quot;bonded/bonded5&quot;},{&quot;mip&quot;:&quot;4000.ts&quot;,&quot;port&quot;:0,&quot;ip&quot;:&quot;file&quot;,&quot;in_name&quot;:&quot;bond&quot;,&quot;in_active&quot;:1,&quot;in_active_sources&quot;:0,&quot;prg_name&quot;:&quot;&quot;,&quot;prg_prov&quot;:&quot;&quot;,&quot;prg_num&quot;:-1,&quot;chan&quot;:&quot;&quot;,&quot;chan_id&quot;:-1,&quot;id&quot;:&quot;zixi://bonded(bonded6)#10.7.0.66:2088@10.7.0.65,192.168.60.66:2088@192.168.50.65,192.168.5.166:2088@192.168.5.165&quot;,&quot;type&quot;:2,&quot;name&quot;:&quot;bond6&quot;,&quot;asi&quot;:0,&quot;rtmp&quot;:0,&quot;file&quot;:1,&quot;active&quot;:1,&quot;group&quot;:&quot;&quot;,&quot;bonded&quot;:[],&quot;error&quot;:&quot;None&quot;,&quot;con_stat&quot;:&quot;Connecting&quot;,&quot;bitrate&quot;:0,&quot;dest&quot;:&quot;bonded/bonded6&quot;},{&quot;mip&quot;:&quot;4000.ts&quot;,&quot;port&quot;:0,&quot;ip&quot;:&quot;file&quot;,&quot;in_name&quot;:&quot;bond&quot;,&quot;in_active&quot;:1,&quot;in_active_sources&quot;:0,&quot;prg_name&quot;:&quot;&quot;,&quot;prg_prov&quot;:&quot;&quot;,&quot;prg_num&quot;:-1,&quot;chan&quot;:&quot;&quot;,&quot;chan_id&quot;:-1,&quot;id&quot;:&quot;zixi://bonded(bonded7)#10.7.0.66:2088@10.7.0.65,192.168.60.66:2088@192.168.50.65,192.168.5.166:2088@192.168.5.165&quot;,&quot;type&quot;:2,&quot;name&quot;:&quot;bond7&quot;,&quot;asi&quot;:0,&quot;rtmp&quot;:0,&quot;file&quot;:1,&quot;active&quot;:1,&quot;group&quot;:&quot;&quot;,&quot;bonded&quot;:[],&quot;error&quot;:&quot;None&quot;,&quot;con_stat&quot;:&quot;Connecting&quot;,&quot;bitrate&quot;:0,&quot;dest&quot;:&quot;bonded/bonded7&quot;},{&quot;mip&quot;:&quot;4000.ts&quot;,&quot;port&quot;:0,&quot;ip&quot;:&quot;file&quot;,&quot;in_name&quot;:&quot;bond&quot;,&quot;in_active&quot;:1,&quot;in_active_sources&quot;:0,&quot;prg_name&quot;:&quot;&quot;,&quot;prg_prov&quot;:&quot;&quot;,&quot;prg_num&quot;:-1,&quot;chan&quot;:&quot;&quot;,&quot;chan_id&quot;:-1,&quot;id&quot;:&quot;zixi://bonded(bonded13)#10.7.0.66:2088@10.7.0.65,192.168.60.66:2088@192.168.50.65,192.168.5.166:2088@192.168.5.165&quot;,&quot;type&quot;:2,&quot;name&quot;:&quot;bond13&quot;,&quot;asi&quot;:0,&quot;rtmp&quot;:0,&quot;file&quot;:1,&quot;active&quot;:1,&quot;group&quot;:&quot;&quot;,&quot;bonded&quot;:[],&quot;error&quot;:&quot;None&quot;,&quot;con_stat&quot;:&quot;Connecting&quot;,&quot;bitrate&quot;:0,&quot;dest&quot;:&quot;bonded/bonded13&quot;},{&quot;mip&quot;:&quot;4000.ts&quot;,&quot;port&quot;:0,&quot;ip&quot;:&quot;file&quot;,&quot;in_name&quot;:&quot;bond&quot;,&quot;in_active&quot;:1,&quot;in_active_sources&quot;:0,&quot;prg_name&quot;:&quot;&quot;,&quot;prg_prov&quot;:&quot;&quot;,&quot;prg_num&quot;:-1,&quot;chan&quot;:&quot;&quot;,&quot;chan_id&quot;:-1,&quot;id&quot;:&quot;zixi://bonded(bonded15)#10.7.0.66:2088@10.7.0.65,192.168.60.66:2088@192.168.50.65,192.168.5.166:2088@192.168.5.165&quot;,&quot;type&quot;:2,&quot;name&quot;:&quot;bond15&quot;,&quot;asi&quot;:0,&quot;rtmp&quot;:0,&quot;file&quot;:1,&quot;active&quot;:1,&quot;group&quot;:&quot;&quot;,&quot;bonded&quot;:[],&quot;error&quot;:&quot;None&quot;,&quot;con_stat&quot;:&quot;Connecting&quot;,&quot;bitrate&quot;:0,&quot;dest&quot;:&quot;bonded/bonded15&quot;},{&quot;mip&quot;:&quot;4000.ts&quot;,&quot;port&quot;:0,&quot;ip&quot;:&quot;file&quot;,&quot;in_name&quot;:&quot;bond&quot;,&quot;in_active&quot;:1,&quot;in_active_sources&quot;:0,&quot;prg_name&quot;:&quot;&quot;,&quot;prg_prov&quot;:&quot;&quot;,&quot;prg_num&quot;:-1,&quot;chan&quot;:&quot;&quot;,&quot;chan_id&quot;:-1,&quot;id&quot;:&quot;zixi://bonded(bonded9)#10.7.0.66:2088@10.7.0.65,192.168.60.66:2088@192.168.50.65,192.168.5.166:2088@192.168.5.165&quot;,&quot;type&quot;:2,&quot;name&quot;:&quot;bond9&quot;,&quot;asi&quot;:0,&quot;rtmp&quot;:0,&quot;file&quot;:1,&quot;active&quot;:1,&quot;group&quot;:&quot;&quot;,&quot;bonded&quot;:[],&quot;error&quot;:&quot;None&quot;,&quot;con_stat&quot;:&quot;Connecting&quot;,&quot;bitrate&quot;:0,&quot;dest&quot;:&quot;bonded/bonded9&quot;},{&quot;mip&quot;:&quot;4000.ts&quot;,&quot;port&quot;:0,&quot;ip&quot;:&quot;file&quot;,&quot;in_name&quot;:&quot;bond&quot;,&quot;in_active&quot;:1,&quot;in_active_sources&quot;:0,&quot;prg_name&quot;:&quot;&quot;,&quot;prg_prov&quot;:&quot;&quot;,&quot;prg_num&quot;:-1,&quot;chan&quot;:&quot;&quot;,&quot;chan_id&quot;:-1,&quot;id&quot;:&quot;zixi://bonded(bonded18)#10.7.0.66:2088@10.7.0.65,192.168.60.66:2088@192.168.50.65,192.168.5.166:2088@192.168.5.165&quot;,&quot;type&quot;:2,&quot;name&quot;:&quot;bond18&quot;,&quot;asi&quot;:0,&quot;rtmp&quot;:0,&quot;file&quot;:1,&quot;active&quot;:1,&quot;group&quot;:&quot;&quot;,&quot;bonded&quot;:[{&quot;host&quot;:&quot;10.7.0.66&quot;,&quot;port&quot;:2088,&quot;nic&quot;:&quot;10.7.0.65&quot;,&quot;limit&quot;:0,&quot;is_backup&quot;:0,&quot;bitrate&quot;:2862048,&quot;up_time&quot;:159,&quot;error_code&quot;:0,&quot;status_code&quot;:3,&quot;error_str&quot;:&quot;None&quot;,&quot;status_str&quot;:&quot;Connected&quot;},{&quot;host&quot;:&quot;192.168.60.66&quot;,&quot;port&quot;:2088,&quot;nic&quot;:&quot;192.168.50.65&quot;,&quot;limit&quot;:0,&quot;is_backup&quot;:0,&quot;bitrate&quot;:0,&quot;up_time&quot;:0,&quot;error_code&quot;:3,&quot;status_code&quot;:1,&quot;error_str&quot;:&quot;Timeout&quot;,&quot;status_str&quot;:&quot;Connecting&quot;},{&quot;host&quot;:&quot;192.168.5.166&quot;,&quot;port&quot;:2088,&quot;nic&quot;:&quot;192.168.5.165&quot;,&quot;limit&quot;:0,&quot;is_backup&quot;:0,&quot;bitrate&quot;:2920032,&quot;up_time&quot;:545,&quot;error_code&quot;:0,&quot;status_code&quot;:3,&quot;error_str&quot;:&quot;None&quot;,&quot;status_str&quot;:&quot;Connected&quot;}],&quot;error&quot;:&quot;None&quot;,&quot;con_stat&quot;:&quot;Disconnected&quot;,&quot;bitrate&quot;:5602013,&quot;dest&quot;:&quot;bonded/bonded18&quot;}]}
Debug printing ------&gt;&gt;&gt; {&quot;custom_data&quot;:&quot;&quot;,&quot;msg&quot;:&quot;Output deleted.&quot;,&quot;error&quot;:&quot;&quot;,&quot;outs&quot;:[{&quot;mip&quot;:&quot;live_recording.ts&quot;,&quot;port&quot;:0,&quot;ip&quot;:&quot;file&quot;,&quot;in_name&quot;:&quot;feederoutputname&quot;,&quot;in_active&quot;:1,&quot;in_active_sources&quot;:0,&quot;prg_name&quot;:&quot;&quot;,&quot;prg_prov&quot;:&quot;&quot;,&quot;prg_num&quot;:1,&quot;chan&quot;:&quot;&quot;,&quot;chan_id&quot;:-1,&quot;id&quot;:&quot;zixi://10.7.0.66:2088/feederout&quot;,&quot;type&quot;:2,&quot;name&quot;:&quot;feederoutputname&quot;,&quot;asi&quot;:0,&quot;rtmp&quot;:0,&quot;file&quot;:1,&quot;active&quot;:1,&quot;group&quot;:&quot;&quot;,&quot;error&quot;:&quot;Authentication&quot;,&quot;con_stat&quot;:&quot;Disconnected&quot;,&quot;bitrate&quot;:0,&quot;dest&quot;:&quot;10.7.0.66:2088/feederout&quot;},{&quot;mip&quot;:&quot;4000.ts&quot;,&quot;port&quot;:0,&quot;ip&quot;:&quot;file&quot;,&quot;in_name&quot;:&quot;bond&quot;,&quot;in_active&quot;:1,&quot;in_active_sources&quot;:0,&quot;prg_name&quot;:&quot;&quot;,&quot;prg_prov&quot;:&quot;&quot;,&quot;prg_num&quot;:-1,&quot;chan&quot;:&quot;&quot;,&quot;chan_id&quot;:-1,&quot;id&quot;:&quot;zixi://bonded(bonded0)#10.7.0.66:2088@10.7.0.65,192.168.60.66:2088@192.168.50.65,192.168.5.166:2088@192.168.5.165&quot;,&quot;type&quot;:2,&quot;name&quot;:&quot;bond0&quot;,&quot;asi&quot;:0,&quot;rtmp&quot;:0,&quot;file&quot;:1,&quot;active&quot;:1,&quot;group&quot;:&quot;&quot;,&quot;bonded&quot;:[],&quot;error&quot;:&quot;None&quot;,&quot;con_stat&quot;:&quot;Connecting&quot;,&quot;bitrate&quot;:0,&quot;dest&quot;:&quot;bonded/bonded0&quot;},{&quot;mip&quot;:&quot;4000.ts&quot;,&quot;port&quot;:0,&quot;ip&quot;:&quot;file&quot;,&quot;in_name&quot;:&quot;bond&quot;,&quot;in_active&quot;:1,&quot;in_active_sources&quot;:0,&quot;prg_name&quot;:&quot;&quot;,&quot;prg_prov&quot;:&quot;&quot;,&quot;prg_num&quot;:-1,&quot;chan&quot;:&quot;&quot;,&quot;chan_id&quot;:-1,&quot;id&quot;:&quot;zixi://bonded(bonded1)#10.7.0.66:2088@10.7.0.65,192.168.60.66:2088@192.168.50.65,192.168.5.166:2088@192.168.5.165&quot;,&quot;type&quot;:2,&quot;name&quot;:&quot;bond1&quot;,&quot;asi&quot;:0,&quot;rtmp&quot;:0,&quot;file&quot;:1,&quot;active&quot;:1,&quot;group&quot;:&quot;&quot;,&quot;bonded&quot;:[],&quot;error&quot;:&quot;None&quot;,&quot;con_stat&quot;:&quot;Connecting&quot;,&quot;bitrate&quot;:0,&quot;dest&quot;:&quot;bonded/bonded1&quot;},{&quot;mip&quot;:&quot;4000.ts&quot;,&quot;port&quot;:0,&quot;ip&quot;:&quot;file&quot;,&quot;in_name&quot;:&quot;bond&quot;,&quot;in_active&quot;:1,&quot;in_active_sources&quot;:0,&quot;prg_name&quot;:&quot;&quot;,&quot;prg_prov&quot;:&quot;&quot;,&quot;prg_num&quot;:-1,&quot;chan&quot;:&quot;&quot;,&quot;chan_id&quot;:-1,&quot;id&quot;:&quot;zixi://bonded(bonded2)#10.7.0.66:2088@10.7.0.65,192.168.60.66:2088@192.168.50.65,192.168.5.166:2088@192.168.5.165&quot;,&quot;type&quot;:2,&quot;name&quot;:&quot;bond2&quot;,&quot;asi&quot;:0,&quot;rtmp&quot;:0,&quot;file&quot;:1,&quot;active&quot;:1,&quot;group&quot;:&quot;&quot;,&quot;bonded&quot;:[],&quot;error&quot;:&quot;None&quot;,&quot;con_stat&quot;:&quot;Connecting&quot;,&quot;bitrate&quot;:0,&quot;dest&quot;:&quot;bonded/bonded2&quot;},{&quot;mip&quot;:&quot;4000.ts&quot;,&quot;port&quot;:0,&quot;ip&quot;:&quot;file&quot;,&quot;in_name&quot;:&quot;bond&quot;,&quot;in_active&quot;:1,&quot;in_active_sources&quot;:0,&quot;prg_name&quot;:&quot;&quot;,&quot;prg_prov&quot;:&quot;&quot;,&quot;prg_num&quot;:-1,&quot;chan&quot;:&quot;&quot;,&quot;chan_id&quot;:-1,&quot;id&quot;:&quot;zixi://bonded(bonded3)#10.7.0.66:2088@10.7.0.65,192.168.60.66:2088@192.168.50.65,192.168.5.166:2088@192.168.5.165&quot;,&quot;type&quot;:2,&quot;name&quot;:&quot;bond3&quot;,&quot;asi&quot;:0,&quot;rtmp&quot;:0,&quot;file&quot;:1,&quot;active&quot;:1,&quot;group&quot;:&quot;&quot;,&quot;bonded&quot;:[],&quot;error&quot;:&quot;Timeout&quot;,&quot;con_stat&quot;:&quot;Connecting&quot;,&quot;bitrate&quot;:0,&quot;dest&quot;:&quot;bonded/bonded3&quot;},{&quot;mip&quot;:&quot;4000.ts&quot;,&quot;port&quot;:0,&quot;ip&quot;:&quot;file&quot;,&quot;in_name&quot;:&quot;bond&quot;,&quot;in_active&quot;:1,&quot;in_active_sources&quot;:0,&quot;prg_name&quot;:&quot;&quot;,&quot;prg_prov&quot;:&quot;&quot;,&quot;prg_num&quot;:-1,&quot;chan&quot;:&quot;&quot;,&quot;chan_id&quot;:-1,&quot;id&quot;:&quot;zixi://bonded(bonded4)#10.7.0.66:2088@10.7.0.65,192.168.60.66:2088@192.168.50.65,192.168.5.166:2088@192.168.5.165&quot;,&quot;type&quot;:2,&quot;name&quot;:&quot;bond4&quot;,&quot;asi&quot;:0,&quot;rtmp&quot;:0,&quot;file&quot;:1,&quot;active&quot;:1,&quot;group&quot;:&quot;&quot;,&quot;bonded&quot;:[],&quot;error&quot;:&quot;None&quot;,&quot;con_stat&quot;:&quot;Connecting&quot;,&quot;bitrate&quot;:0,&quot;dest&quot;:&quot;bonded/bonded4&quot;},{&quot;mip&quot;:&quot;4000.ts&quot;,&quot;port&quot;:0,&quot;ip&quot;:&quot;file&quot;,&quot;in_name&quot;:&quot;bond&quot;,&quot;in_active&quot;:1,&quot;in_active_sources&quot;:0,&quot;prg_name&quot;:&quot;&quot;,&quot;prg_prov&quot;:&quot;&quot;,&quot;prg_num&quot;:-1,&quot;chan&quot;:&quot;&quot;,&quot;chan_id&quot;:-1,&quot;id&quot;:&quot;zixi://bonded(bonded10)#10.7.0.66:2088@10.7.0.65,192.168.60.66:2088@192.168.50.65,192.168.5.166:2088@192.168.5.165&quot;,&quot;type&quot;:2,&quot;name&quot;:&quot;bond10&quot;,&quot;asi&quot;:0,&quot;rtmp&quot;:0,&quot;file&quot;:1,&quot;active&quot;:1,&quot;group&quot;:&quot;&quot;,&quot;bonded&quot;:[],&quot;error&quot;:&quot;None&quot;,&quot;con_stat&quot;:&quot;Connecting&quot;,&quot;bitrate&quot;:0,&quot;dest&quot;:&quot;bonded/bonded10&quot;},{&quot;mip&quot;:&quot;4000.ts&quot;,&quot;port&quot;:0,&quot;ip&quot;:&quot;file&quot;,&quot;in_name&quot;:&quot;bond&quot;,&quot;in_active&quot;:1,&quot;in_active_sources&quot;:0,&quot;prg_name&quot;:&quot;&quot;,&quot;prg_prov&quot;:&quot;&quot;,&quot;prg_num&quot;:-1,&quot;chan&quot;:&quot;&quot;,&quot;chan_id&quot;:-1,&quot;id&quot;:&quot;zixi://bonded(bonded5)#10.7.0.66:2088@10.7.0.65,192.168.60.66:2088@192.168.50.65,192.168.5.166:2088@192.168.5.165&quot;,&quot;type&quot;:2,&quot;name&quot;:&quot;bond5&quot;,&quot;asi&quot;:0,&quot;rtmp&quot;:0,&quot;file&quot;:1,&quot;active&quot;:1,&quot;group&quot;:&quot;&quot;,&quot;bonded&quot;:[{&quot;host&quot;:&quot;10.7.0.66&quot;,&quot;port&quot;:2088,&quot;nic&quot;:&quot;10.7.0.65&quot;,&quot;limit&quot;:0,&quot;is_backup&quot;:0,&quot;bitrate&quot;:0,&quot;up_time&quot;:0,&quot;error_code&quot;:0,&quot;status_code&quot;:3,&quot;error_str&quot;:&quot;None&quot;,&quot;status_str&quot;:&quot;Connected&quot;},{&quot;host&quot;:&quot;192.168.60.66&quot;,&quot;port&quot;:2088,&quot;nic&quot;:&quot;192.168.50.65&quot;,&quot;limit&quot;:0,&quot;is_backup&quot;:0,&quot;bitrate&quot;:0,&quot;up_time&quot;:0,&quot;error_code&quot;:0,&quot;status_code&quot;:1,&quot;error_str&quot;:&quot;None&quot;,&quot;status_str&quot;:&quot;Connecting&quot;},{&quot;host&quot;:&quot;192.168.5.166&quot;,&quot;port&quot;:2088,&quot;nic&quot;:&quot;192.168.5.165&quot;,&quot;limit&quot;:0,&quot;is_backup&quot;:0,&quot;bitrate&quot;:0,&quot;up_time&quot;:0,&quot;error_code&quot;:0,&quot;status_code&quot;:1,&quot;error_str&quot;:&quot;None&quot;,&quot;status_str&quot;:&quot;Connecting&quot;}],&quot;error&quot;:&quot;None&quot;,&quot;con_stat&quot;:&quot;Disconnected&quot;,&quot;bitrate&quot;:0,&quot;dest&quot;:&quot;bonded/bonded5&quot;},{&quot;mip&quot;:&quot;4000.ts&quot;,&quot;port&quot;:0,&quot;ip&quot;:&quot;file&quot;,&quot;in_name&quot;:&quot;bond&quot;,&quot;in_active&quot;:1,&quot;in_active_sources&quot;:0,&quot;prg_name&quot;:&quot;&quot;,&quot;prg_prov&quot;:&quot;&quot;,&quot;prg_num&quot;:-1,&quot;chan&quot;:&quot;&quot;,&quot;chan_id&quot;:-1,&quot;id&quot;:&quot;zixi://bonded(bonded6)#10.7.0.66:2088@10.7.0.65,192.168.60.66:2088@192.168.50.65,192.168.5.166:2088@192.168.5.165&quot;,&quot;type&quot;:2,&quot;name&quot;:&quot;bond6&quot;,&quot;asi&quot;:0,&quot;rtmp&quot;:0,&quot;file&quot;:1,&quot;active&quot;:1,&quot;group&quot;:&quot;&quot;,&quot;bonded&quot;:[],&quot;error&quot;:&quot;None&quot;,&quot;con_stat&quot;:&quot;Connecting&quot;,&quot;bitrate&quot;:0,&quot;dest&quot;:&quot;bonded/bonded6&quot;},{&quot;mip&quot;:&quot;4000.ts&quot;,&quot;port&quot;:0,&quot;ip&quot;:&quot;file&quot;,&quot;in_name&quot;:&quot;bond&quot;,&quot;in_active&quot;:1,&quot;in_active_sources&quot;:0,&quot;prg_name&quot;:&quot;&quot;,&quot;prg_prov&quot;:&quot;&quot;,&quot;prg_num&quot;:-1,&quot;chan&quot;:&quot;&quot;,&quot;chan_id&quot;:-1,&quot;id&quot;:&quot;zixi://bonded(bonded7)#10.7.0.66:2088@10.7.0.65,192.168.60.66:2088@192.168.50.65,192.168.5.166:2088@192.168.5.165&quot;,&quot;type&quot;:2,&quot;name&quot;:&quot;bond7&quot;,&quot;asi&quot;:0,&quot;rtmp&quot;:0,&quot;file&quot;:1,&quot;active&quot;:1,&quot;group&quot;:&quot;&quot;,&quot;bonded&quot;:[],&quot;error&quot;:&quot;None&quot;,&quot;con_stat&quot;:&quot;Connecting&quot;,&quot;bitrate&quot;:0,&quot;dest&quot;:&quot;bonded/bonded7&quot;},{&quot;mip&quot;:&quot;4000.ts&quot;,&quot;port&quot;:0,&quot;ip&quot;:&quot;file&quot;,&quot;in_name&quot;:&quot;bond&quot;,&quot;in_active&quot;:1,&quot;in_active_sources&quot;:0,&quot;prg_name&quot;:&quot;&quot;,&quot;prg_prov&quot;:&quot;&quot;,&quot;prg_num&quot;:-1,&quot;chan&quot;:&quot;&quot;,&quot;chan_id&quot;:-1,&quot;id&quot;:&quot;zixi://bonded(bonded13)#10.7.0.66:2088@10.7.0.65,192.168.60.66:2088@192.168.50.65,192.168.5.166:2088@192.168.5.165&quot;,&quot;type&quot;:2,&quot;name&quot;:&quot;bond13&quot;,&quot;asi&quot;:0,&quot;rtmp&quot;:0,&quot;file&quot;:1,&quot;active&quot;:1,&quot;group&quot;:&quot;&quot;,&quot;bonded&quot;:[],&quot;error&quot;:&quot;None&quot;,&quot;con_stat&quot;:&quot;Connecting&quot;,&quot;bitrate&quot;:0,&quot;dest&quot;:&quot;bonded/bonded13&quot;},{&quot;mip&quot;:&quot;4000.ts&quot;,&quot;port&quot;:0,&quot;ip&quot;:&quot;file&quot;,&quot;in_name&quot;:&quot;bond&quot;,&quot;in_active&quot;:1,&quot;in_active_sources&quot;:0,&quot;prg_name&quot;:&quot;&quot;,&quot;prg_prov&quot;:&quot;&quot;,&quot;prg_num&quot;:-1,&quot;chan&quot;:&quot;&quot;,&quot;chan_id&quot;:-1,&quot;id&quot;:&quot;zixi://bonded(bonded15)#10.7.0.66:2088@10.7.0.65,192.168.60.66:2088@192.168.50.65,192.168.5.166:2088@192.168.5.165&quot;,&quot;type&quot;:2,&quot;name&quot;:&quot;bond15&quot;,&quot;asi&quot;:0,&quot;rtmp&quot;:0,&quot;file&quot;:1,&quot;active&quot;:1,&quot;group&quot;:&quot;&quot;,&quot;bonded&quot;:[],&quot;error&quot;:&quot;None&quot;,&quot;con_stat&quot;:&quot;Connecting&quot;,&quot;bitrate&quot;:0,&quot;dest&quot;:&quot;bonded/bonded15&quot;},{&quot;mip&quot;:&quot;4000.ts&quot;,&quot;port&quot;:0,&quot;ip&quot;:&quot;file&quot;,&quot;in_name&quot;:&quot;bond&quot;,&quot;in_active&quot;:1,&quot;in_active_sources&quot;:0,&quot;prg_name&quot;:&quot;&quot;,&quot;prg_prov&quot;:&quot;&quot;,&quot;prg_num&quot;:-1,&quot;chan&quot;:&quot;&quot;,&quot;chan_id&quot;:-1,&quot;id&quot;:&quot;zixi://bonded(bonded9)#10.7.0.66:2088@10.7.0.65,192.168.60.66:2088@192.168.50.65,192.168.5.166:2088@192.168.5.165&quot;,&quot;type&quot;:2,&quot;name&quot;:&quot;bond9&quot;,&quot;asi&quot;:0,&quot;rtmp&quot;:0,&quot;file&quot;:1,&quot;active&quot;:1,&quot;group&quot;:&quot;&quot;,&quot;bonded&quot;:[],&quot;error&quot;:&quot;None&quot;,&quot;con_stat&quot;:&quot;Connecting&quot;,&quot;bitrate&quot;:0,&quot;dest&quot;:&quot;bonded/bonded9&quot;}]}
Debug printing ------&gt;&gt;&gt; {&quot;custom_data&quot;:&quot;&quot;,&quot;msg&quot;:&quot;Output deleted.&quot;,&quot;error&quot;:&quot;&quot;,&quot;outs&quot;:[{&quot;mip&quot;:&quot;live_recording.ts&quot;,&quot;port&quot;:0,&quot;ip&quot;:&quot;file&quot;,&quot;in_name&quot;:&quot;feederoutputname&quot;,&quot;in_active&quot;:1,&quot;in_active_sources&quot;:0,&quot;prg_name&quot;:&quot;&quot;,&quot;prg_prov&quot;:&quot;&quot;,&quot;prg_num&quot;:1,&quot;chan&quot;:&quot;&quot;,&quot;chan_id&quot;:-1,&quot;id&quot;:&quot;zixi://10.7.0.66:2088/feederout&quot;,&quot;type&quot;:2,&quot;name&quot;:&quot;feederoutputname&quot;,&quot;asi&quot;:0,&quot;rtmp&quot;:0,&quot;file&quot;:1,&quot;active&quot;:1,&quot;group&quot;:&quot;&quot;,&quot;error&quot;:&quot;Authentication&quot;,&quot;con_stat&quot;:&quot;Disconnected&quot;,&quot;bitrate&quot;:0,&quot;dest&quot;:&quot;10.7.0.66:2088/feederout&quot;},{&quot;mip&quot;:&quot;4000.ts&quot;,&quot;port&quot;:0,&quot;ip&quot;:&quot;file&quot;,&quot;in_name&quot;:&quot;bond&quot;,&quot;in_active&quot;:1,&quot;in_active_sources&quot;:0,&quot;prg_name&quot;:&quot;&quot;,&quot;prg_prov&quot;:&quot;&quot;,&quot;prg_num&quot;:-1,&quot;chan&quot;:&quot;&quot;,&quot;chan_id&quot;:-1,&quot;id&quot;:&quot;zixi://bonded(bonded0)#10.7.0.66:2088@10.7.0.65,192.168.60.66:2088@192.168.50.65,192.168.5.166:2088@192.168.5.165&quot;,&quot;type&quot;:2,&quot;name&quot;:&quot;bond0&quot;,&quot;asi&quot;:0,&quot;rtmp&quot;:0,&quot;file&quot;:1,&quot;active&quot;:1,&quot;group&quot;:&quot;&quot;,&quot;bonded&quot;:[],&quot;error&quot;:&quot;None&quot;,&quot;con_stat&quot;:&quot;Connecting&quot;,&quot;bitrate&quot;:0,&quot;dest&quot;:&quot;bonded/bonded0&quot;},{&quot;mip&quot;:&quot;4000.ts&quot;,&quot;port&quot;:0,&quot;ip&quot;:&quot;file&quot;,&quot;in_name&quot;:&quot;bond&quot;,&quot;in_active&quot;:1,&quot;in_active_sources&quot;:0,&quot;prg_name&quot;:&quot;&quot;,&quot;prg_prov&quot;:&quot;&quot;,&quot;prg_num&quot;:-1,&quot;chan&quot;:&quot;&quot;,&quot;chan_id&quot;:-1,&quot;id&quot;:&quot;zixi://bonded(bonded1)#10.7.0.66:2088@10.7.0.65,192.168.60.66:2088@192.168.50.65,192.168.5.166:2088@192.168.5.165&quot;,&quot;type&quot;:2,&quot;name&quot;:&quot;bond1&quot;,&quot;asi&quot;:0,&quot;rtmp&quot;:0,&quot;file&quot;:1,&quot;active&quot;:1,&quot;group&quot;:&quot;&quot;,&quot;bonded&quot;:[],&quot;error&quot;:&quot;None&quot;,&quot;con_stat&quot;:&quot;Connecting&quot;,&quot;bitrate&quot;:0,&quot;dest&quot;:&quot;bonded/bonded1&quot;},{&quot;mip&quot;:&quot;4000.ts&quot;,&quot;port&quot;:0,&quot;ip&quot;:&quot;file&quot;,&quot;in_name&quot;:&quot;bond&quot;,&quot;in_active&quot;:1,&quot;in_active_sources&quot;:0,&quot;prg_name&quot;:&quot;&quot;,&quot;prg_prov&quot;:&quot;&quot;,&quot;prg_num&quot;:-1,&quot;chan&quot;:&quot;&quot;,&quot;chan_id&quot;:-1,&quot;id&quot;:&quot;zixi://bonded(bonded2)#10.7.0.66:2088@10.7.0.65,192.168.60.66:2088@192.168.50.65,192.168.5.166:2088@192.168.5.165&quot;,&quot;type&quot;:2,&quot;name&quot;:&quot;bond2&quot;,&quot;asi&quot;:0,&quot;rtmp&quot;:0,&quot;file&quot;:1,&quot;active&quot;:1,&quot;group&quot;:&quot;&quot;,&quot;bonded&quot;:[],&quot;error&quot;:&quot;None&quot;,&quot;con_stat&quot;:&quot;Connecting&quot;,&quot;bitrate&quot;:0,&quot;dest&quot;:&quot;bonded/bonded2&quot;},{&quot;mip&quot;:&quot;4000.ts&quot;,&quot;port&quot;:0,&quot;ip&quot;:&quot;file&quot;,&quot;in_name&quot;:&quot;bond&quot;,&quot;in_active&quot;:1,&quot;in_active_sources&quot;:0,&quot;prg_name&quot;:&quot;&quot;,&quot;prg_prov&quot;:&quot;&quot;,&quot;prg_num&quot;:-1,&quot;chan&quot;:&quot;&quot;,&quot;chan_id&quot;:-1,&quot;id&quot;:&quot;zixi://bonded(bonded3)#10.7.0.66:2088@10.7.0.65,192.168.60.66:2088@192.168.50.65,192.168.5.166:2088@192.168.5.165&quot;,&quot;type&quot;:2,&quot;name&quot;:&quot;bond3&quot;,&quot;asi&quot;:0,&quot;rtmp&quot;:0,&quot;file&quot;:1,&quot;active&quot;:1,&quot;group&quot;:&quot;&quot;,&quot;bonded&quot;:[],&quot;error&quot;:&quot;Timeout&quot;,&quot;con_stat&quot;:&quot;Connecting&quot;,&quot;bitrate&quot;:0,&quot;dest&quot;:&quot;bonded/bonded3&quot;},{&quot;mip&quot;:&quot;4000.ts&quot;,&quot;port&quot;:0,&quot;ip&quot;:&quot;file&quot;,&quot;in_name&quot;:&quot;bond&quot;,&quot;in_active&quot;:1,&quot;in_active_sources&quot;:0,&quot;prg_name&quot;:&quot;&quot;,&quot;prg_prov&quot;:&quot;&quot;,&quot;prg_num&quot;:-1,&quot;chan&quot;:&quot;&quot;,&quot;chan_id&quot;:-1,&quot;id&quot;:&quot;zixi://bonded(bonded4)#10.7.0.66:2088@10.7.0.65,192.168.60.66:2088@192.168.50.65,192.168.5.166:2088@192.168.5.165&quot;,&quot;type&quot;:2,&quot;name&quot;:&quot;bond4&quot;,&quot;asi&quot;:0,&quot;rtmp&quot;:0,&quot;file&quot;:1,&quot;active&quot;:1,&quot;group&quot;:&quot;&quot;,&quot;bonded&quot;:[],&quot;error&quot;:&quot;None&quot;,&quot;con_stat&quot;:&quot;Connecting&quot;,&quot;bitrate&quot;:0,&quot;dest&quot;:&quot;bonded/bonded4&quot;},{&quot;mip&quot;:&quot;4000.ts&quot;,&quot;port&quot;:0,&quot;ip&quot;:&quot;file&quot;,&quot;in_name&quot;:&quot;bond&quot;,&quot;in_active&quot;:1,&quot;in_active_sources&quot;:0,&quot;prg_name&quot;:&quot;&quot;,&quot;prg_prov&quot;:&quot;&quot;,&quot;prg_num&quot;:-1,&quot;chan&quot;:&quot;&quot;,&quot;chan_id&quot;:-1,&quot;id&quot;:&quot;zixi://bonded(bonded10)#10.7.0.66:2088@10.7.0.65,192.168.60.66:2088@192.168.50.65,192.168.5.166:2088@192.168.5.165&quot;,&quot;type&quot;:2,&quot;name&quot;:&quot;bond10&quot;,&quot;asi&quot;:0,&quot;rtmp&quot;:0,&quot;file&quot;:1,&quot;active&quot;:1,&quot;group&quot;:&quot;&quot;,&quot;bonded&quot;:[],&quot;error&quot;:&quot;None&quot;,&quot;con_stat&quot;:&quot;Connecting&quot;,&quot;bitrate&quot;:0,&quot;dest&quot;:&quot;bonded/bonded10&quot;},{&quot;mip&quot;:&quot;4000.ts&quot;,&quot;port&quot;:0,&quot;ip&quot;:&quot;file&quot;,&quot;in_name&quot;:&quot;bond&quot;,&quot;in_active&quot;:1,&quot;in_active_sources&quot;:0,&quot;prg_name&quot;:&quot;&quot;,&quot;prg_prov&quot;:&quot;&quot;,&quot;prg_num&quot;:-1,&quot;chan&quot;:&quot;&quot;,&quot;chan_id&quot;:-1,&quot;id&quot;:&quot;zixi://bonded(bonded5)#10.7.0.66:2088@10.7.0.65,192.168.60.66:2088@192.168.50.65,192.168.5.166:2088@192.168.5.165&quot;,&quot;type&quot;:2,&quot;name&quot;:&quot;bond5&quot;,&quot;asi&quot;:0,&quot;rtmp&quot;:0,&quot;file&quot;:1,&quot;active&quot;:1,&quot;group&quot;:&quot;&quot;,&quot;bonded&quot;:[{&quot;host&quot;:&quot;10.7.0.66&quot;,&quot;port&quot;:2088,&quot;nic&quot;:&quot;10.7.0.65&quot;,&quot;limit&quot;:0,&quot;is_backup&quot;:0,&quot;bitrate&quot;:0,&quot;up_time&quot;:0,&quot;error_code&quot;:0,&quot;status_code&quot;:3,&quot;error_str&quot;:&quot;None&quot;,&quot;status_str&quot;:&quot;Connected&quot;},{&quot;host&quot;:&quot;192.168.60.66&quot;,&quot;port&quot;:2088,&quot;nic&quot;:&quot;192.168.50.65&quot;,&quot;limit&quot;:0,&quot;is_backup&quot;:0,&quot;bitrate&quot;:0,&quot;up_time&quot;:0,&quot;error_code&quot;:0,&quot;status_code&quot;:1,&quot;error_str&quot;:&quot;None&quot;,&quot;status_str&quot;:&quot;Connecting&quot;},{&quot;host&quot;:&quot;192.168.5.166&quot;,&quot;port&quot;:2088,&quot;nic&quot;:&quot;192.168.5.165&quot;,&quot;limit&quot;:0,&quot;is_backup&quot;:0,&quot;bitrate&quot;:0,&quot;up_time&quot;:0,&quot;error_code&quot;:0,&quot;status_code&quot;:1,&quot;error_str&quot;:&quot;None&quot;,&quot;status_str&quot;:&quot;Connecting&quot;}],&quot;error&quot;:&quot;None&quot;,&quot;con_stat&quot;:&quot;Disconnected&quot;,&quot;bitrate&quot;:0,&quot;dest&quot;:&quot;bonded/bonded5&quot;},{&quot;mip&quot;:&quot;4000.ts&quot;,&quot;port&quot;:0,&quot;ip&quot;:&quot;file&quot;,&quot;in_name&quot;:&quot;bond&quot;,&quot;in_active&quot;:1,&quot;in_active_sources&quot;:0,&quot;prg_name&quot;:&quot;&quot;,&quot;prg_prov&quot;:&quot;&quot;,&quot;prg_num&quot;:-1,&quot;chan&quot;:&quot;&quot;,&quot;chan_id&quot;:-1,&quot;id&quot;:&quot;zixi://bonded(bonded6)#10.7.0.66:2088@10.7.0.65,192.168.60.66:2088@192.168.50.65,192.168.5.166:2088@192.168.5.165&quot;,&quot;type&quot;:2,&quot;name&quot;:&quot;bond6&quot;,&quot;asi&quot;:0,&quot;rtmp&quot;:0,&quot;file&quot;:1,&quot;active&quot;:1,&quot;group&quot;:&quot;&quot;,&quot;bonded&quot;:[],&quot;error&quot;:&quot;None&quot;,&quot;con_stat&quot;:&quot;Connecting&quot;,&quot;bitrate&quot;:0,&quot;dest&quot;:&quot;bonded/bonded6&quot;},{&quot;mip&quot;:&quot;4000.ts&quot;,&quot;port&quot;:0,&quot;ip&quot;:&quot;file&quot;,&quot;in_name&quot;:&quot;bond&quot;,&quot;in_active&quot;:1,&quot;in_active_sources&quot;:0,&quot;prg_name&quot;:&quot;&quot;,&quot;prg_prov&quot;:&quot;&quot;,&quot;prg_num&quot;:-1,&quot;chan&quot;:&quot;&quot;,&quot;chan_id&quot;:-1,&quot;id&quot;:&quot;zixi://bonded(bonded7)#10.7.0.66:2088@10.7.0.65,192.168.60.66:2088@192.168.50.65,192.168.5.166:2088@192.168.5.165&quot;,&quot;type&quot;:2,&quot;name&quot;:&quot;bond7&quot;,&quot;asi&quot;:0,&quot;rtmp&quot;:0,&quot;file&quot;:1,&quot;active&quot;:1,&quot;group&quot;:&quot;&quot;,&quot;bonded&quot;:[],&quot;error&quot;:&quot;None&quot;,&quot;con_stat&quot;:&quot;Connecting&quot;,&quot;bitrate&quot;:0,&quot;dest&quot;:&quot;bonded/bonded7&quot;},{&quot;mip&quot;:&quot;4000.ts&quot;,&quot;port&quot;:0,&quot;ip&quot;:&quot;file&quot;,&quot;in_name&quot;:&quot;bond&quot;,&quot;in_active&quot;:1,&quot;in_active_sources&quot;:0,&quot;prg_name&quot;:&quot;&quot;,&quot;prg_prov&quot;:&quot;&quot;,&quot;prg_num&quot;:-1,&quot;chan&quot;:&quot;&quot;,&quot;chan_id&quot;:-1,&quot;id&quot;:&quot;zixi://bonded(bonded13)#10.7.0.66:2088@10.7.0.65,192.168.60.66:2088@192.168.50.65,192.168.5.166:2088@192.168.5.165&quot;,&quot;type&quot;:2,&quot;name&quot;:&quot;bond13&quot;,&quot;asi&quot;:0,&quot;rtmp&quot;:0,&quot;file&quot;:1,&quot;active&quot;:1,&quot;group&quot;:&quot;&quot;,&quot;bonded&quot;:[],&quot;error&quot;:&quot;None&quot;,&quot;con_stat&quot;:&quot;Connecting&quot;,&quot;bitrate&quot;:0,&quot;dest&quot;:&quot;bonded/bonded13&quot;},{&quot;mip&quot;:&quot;4000.ts&quot;,&quot;port&quot;:0,&quot;ip&quot;:&quot;file&quot;,&quot;in_name&quot;:&quot;bond&quot;,&quot;in_active&quot;:1,&quot;in_active_sources&quot;:0,&quot;prg_name&quot;:&quot;&quot;,&quot;prg_prov&quot;:&quot;&quot;,&quot;prg_num&quot;:-1,&quot;chan&quot;:&quot;&quot;,&quot;chan_id&quot;:-1,&quot;id&quot;:&quot;zixi://bonded(bonded15)#10.7.0.66:2088@10.7.0.65,192.168.60.66:2088@192.168.50.65,192.168.5.166:2088@192.168.5.165&quot;,&quot;type&quot;:2,&quot;name&quot;:&quot;bond15&quot;,&quot;asi&quot;:0,&quot;rtmp&quot;:0,&quot;file&quot;:1,&quot;active&quot;:1,&quot;group&quot;:&quot;&quot;,&quot;bonded&quot;:[],&quot;error&quot;:&quot;None&quot;,&quot;con_stat&quot;:&quot;Connecting&quot;,&quot;bitrate&quot;:0,&quot;dest&quot;:&quot;bonded/bonded15&quot;}]}
Debug printing ------&gt;&gt;&gt; {&quot;custom_data&quot;:&quot;&quot;,&quot;msg&quot;:&quot;Output deleted.&quot;,&quot;error&quot;:&quot;&quot;,&quot;outs&quot;:[{&quot;mip&quot;:&quot;live_recording.ts&quot;,&quot;port&quot;:0,&quot;ip&quot;:&quot;file&quot;,&quot;in_name&quot;:&quot;feederoutputname&quot;,&quot;in_active&quot;:1,&quot;in_active_sources&quot;:0,&quot;prg_name&quot;:&quot;&quot;,&quot;prg_prov&quot;:&quot;&quot;,&quot;prg_num&quot;:1,&quot;chan&quot;:&quot;&quot;,&quot;chan_id&quot;:-1,&quot;id&quot;:&quot;zixi://10.7.0.66:2088/feederout&quot;,&quot;type&quot;:2,&quot;name&quot;:&quot;feederoutputname&quot;,&quot;asi&quot;:0,&quot;rtmp&quot;:0,&quot;file&quot;:1,&quot;active&quot;:1,&quot;group&quot;:&quot;&quot;,&quot;error&quot;:&quot;Authentication&quot;,&quot;con_stat&quot;:&quot;Disconnected&quot;,&quot;bitrate&quot;:0,&quot;dest&quot;:&quot;10.7.0.66:2088/feederout&quot;},{&quot;mip&quot;:&quot;4000.ts&quot;,&quot;port&quot;:0,&quot;ip&quot;:&quot;file&quot;,&quot;in_name&quot;:&quot;bond&quot;,&quot;in_active&quot;:1,&quot;in_active_sources&quot;:0,&quot;prg_name&quot;:&quot;&quot;,&quot;prg_prov&quot;:&quot;&quot;,&quot;prg_num&quot;:-1,&quot;chan&quot;:&quot;&quot;,&quot;chan_id&quot;:-1,&quot;id&quot;:&quot;zixi://bonded(bonded0)#10.7.0.66:2088@10.7.0.65,192.168.60.66:2088@192.168.50.65,192.168.5.166:2088@192.168.5.165&quot;,&quot;type&quot;:2,&quot;name&quot;:&quot;bond0&quot;,&quot;asi&quot;:0,&quot;rtmp&quot;:0,&quot;file&quot;:1,&quot;active&quot;:1,&quot;group&quot;:&quot;&quot;,&quot;bonded&quot;:[],&quot;error&quot;:&quot;None&quot;,&quot;con_stat&quot;:&quot;Connecting&quot;,&quot;bitrate&quot;:0,&quot;dest&quot;:&quot;bonded/bonded0&quot;},{&quot;mip&quot;:&quot;4000.ts&quot;,&quot;port&quot;:0,&quot;ip&quot;:&quot;file&quot;,&quot;in_name&quot;:&quot;bond&quot;,&quot;in_active&quot;:1,&quot;in_active_sources&quot;:0,&quot;prg_name&quot;:&quot;&quot;,&quot;prg_prov&quot;:&quot;&quot;,&quot;prg_num&quot;:-1,&quot;chan&quot;:&quot;&quot;,&quot;chan_id&quot;:-1,&quot;id&quot;:&quot;zixi://bonded(bonded1)#10.7.0.66:2088@10.7.0.65,192.168.60.66:2088@192.168.50.65,192.168.5.166:2088@192.168.5.165&quot;,&quot;type&quot;:2,&quot;name&quot;:&quot;bond1&quot;,&quot;asi&quot;:0,&quot;rtmp&quot;:0,&quot;file&quot;:1,&quot;active&quot;:1,&quot;group&quot;:&quot;&quot;,&quot;bonded&quot;:[],&quot;error&quot;:&quot;None&quot;,&quot;con_stat&quot;:&quot;Connecting&quot;,&quot;bitrate&quot;:0,&quot;dest&quot;:&quot;bonded/bonded1&quot;},{&quot;mip&quot;:&quot;4000.ts&quot;,&quot;port&quot;:0,&quot;ip&quot;:&quot;file&quot;,&quot;in_name&quot;:&quot;bond&quot;,&quot;in_active&quot;:1,&quot;in_active_sources&quot;:0,&quot;prg_name&quot;:&quot;&quot;,&quot;prg_prov&quot;:&quot;&quot;,&quot;prg_num&quot;:-1,&quot;chan&quot;:&quot;&quot;,&quot;chan_id&quot;:-1,&quot;id&quot;:&quot;zixi://bonded(bonded2)#10.7.0.66:2088@10.7.0.65,192.168.60.66:2088@192.168.50.65,192.168.5.166:2088@192.168.5.165&quot;,&quot;type&quot;:2,&quot;name&quot;:&quot;bond2&quot;,&quot;asi&quot;:0,&quot;rtmp&quot;:0,&quot;file&quot;:1,&quot;active&quot;:1,&quot;group&quot;:&quot;&quot;,&quot;bonded&quot;:[],&quot;error&quot;:&quot;None&quot;,&quot;con_stat&quot;:&quot;Connecting&quot;,&quot;bitrate&quot;:0,&quot;dest&quot;:&quot;bonded/bonded2&quot;},{&quot;mip&quot;:&quot;4000.ts&quot;,&quot;port&quot;:0,&quot;ip&quot;:&quot;file&quot;,&quot;in_name&quot;:&quot;bond&quot;,&quot;in_active&quot;:1,&quot;in_active_sources&quot;:0,&quot;prg_name&quot;:&quot;&quot;,&quot;prg_prov&quot;:&quot;&quot;,&quot;prg_num&quot;:-1,&quot;chan&quot;:&quot;&quot;,&quot;chan_id&quot;:-1,&quot;id&quot;:&quot;zixi://bonded(bonded3)#10.7.0.66:2088@10.7.0.65,192.168.60.66:2088@192.168.50.65,192.168.5.166:2088@192.168.5.165&quot;,&quot;type&quot;:2,&quot;name&quot;:&quot;bond3&quot;,&quot;asi&quot;:0,&quot;rtmp&quot;:0,&quot;file&quot;:1,&quot;active&quot;:1,&quot;group&quot;:&quot;&quot;,&quot;bonded&quot;:[],&quot;error&quot;:&quot;Timeout&quot;,&quot;con_stat&quot;:&quot;Connecting&quot;,&quot;bitrate&quot;:0,&quot;dest&quot;:&quot;bonded/bonded3&quot;},{&quot;mip&quot;:&quot;4000.ts&quot;,&quot;port&quot;:0,&quot;ip&quot;:&quot;file&quot;,&quot;in_name&quot;:&quot;bond&quot;,&quot;in_active&quot;:1,&quot;in_active_sources&quot;:0,&quot;prg_name&quot;:&quot;&quot;,&quot;prg_prov&quot;:&quot;&quot;,&quot;prg_num&quot;:-1,&quot;chan&quot;:&quot;&quot;,&quot;chan_id&quot;:-1,&quot;id&quot;:&quot;zixi://bonded(bonded4)#10.7.0.66:2088@10.7.0.65,192.168.60.66:2088@192.168.50.65,192.168.5.166:2088@192.168.5.165&quot;,&quot;type&quot;:2,&quot;name&quot;:&quot;bond4&quot;,&quot;asi&quot;:0,&quot;rtmp&quot;:0,&quot;file&quot;:1,&quot;active&quot;:1,&quot;group&quot;:&quot;&quot;,&quot;bonded&quot;:[],&quot;error&quot;:&quot;None&quot;,&quot;con_stat&quot;:&quot;Connecting&quot;,&quot;bitrate&quot;:0,&quot;dest&quot;:&quot;bonded/bonded4&quot;},{&quot;mip&quot;:&quot;4000.ts&quot;,&quot;port&quot;:0,&quot;ip&quot;:&quot;file&quot;,&quot;in_name&quot;:&quot;bond&quot;,&quot;in_active&quot;:1,&quot;in_active_sources&quot;:0,&quot;prg_name&quot;:&quot;&quot;,&quot;prg_prov&quot;:&quot;&quot;,&quot;prg_num&quot;:-1,&quot;chan&quot;:&quot;&quot;,&quot;chan_id&quot;:-1,&quot;id&quot;:&quot;zixi://bonded(bonded10)#10.7.0.66:2088@10.7.0.65,192.168.60.66:2088@192.168.50.65,192.168.5.166:2088@192.168.5.165&quot;,&quot;type&quot;:2,&quot;name&quot;:&quot;bond10&quot;,&quot;asi&quot;:0,&quot;rtmp&quot;:0,&quot;file&quot;:1,&quot;active&quot;:1,&quot;group&quot;:&quot;&quot;,&quot;bonded&quot;:[],&quot;error&quot;:&quot;None&quot;,&quot;con_stat&quot;:&quot;Connecting&quot;,&quot;bitrate&quot;:0,&quot;dest&quot;:&quot;bonded/bonded10&quot;},{&quot;mip&quot;:&quot;4000.ts&quot;,&quot;port&quot;:0,&quot;ip&quot;:&quot;file&quot;,&quot;in_name&quot;:&quot;bond&quot;,&quot;in_active&quot;:1,&quot;in_active_sources&quot;:0,&quot;prg_name&quot;:&quot;&quot;,&quot;prg_prov&quot;:&quot;&quot;,&quot;prg_num&quot;:-1,&quot;chan&quot;:&quot;&quot;,&quot;chan_id&quot;:-1,&quot;id&quot;:&quot;zixi://bonded(bonded5)#10.7.0.66:2088@10.7.0.65,192.168.60.66:2088@192.168.50.65,192.168.5.166:2088@192.168.5.165&quot;,&quot;type&quot;:2,&quot;name&quot;:&quot;bond5&quot;,&quot;asi&quot;:0,&quot;rtmp&quot;:0,&quot;file&quot;:1,&quot;active&quot;:1,&quot;group&quot;:&quot;&quot;,&quot;bonded&quot;:[{&quot;host&quot;:&quot;10.7.0.66&quot;,&quot;port&quot;:2088,&quot;nic&quot;:&quot;10.7.0.65&quot;,&quot;limit&quot;:0,&quot;is_backup&quot;:0,&quot;bitrate&quot;:0,&quot;up_time&quot;:0,&quot;error_code&quot;:0,&quot;status_code&quot;:3,&quot;error_str&quot;:&quot;None&quot;,&quot;status_str&quot;:&quot;Connected&quot;},{&quot;host&quot;:&quot;192.168.60.66&quot;,&quot;port&quot;:2088,&quot;nic&quot;:&quot;192.168.50.65&quot;,&quot;limit&quot;:0,&quot;is_backup&quot;:0,&quot;bitrate&quot;:0,&quot;up_time&quot;:0,&quot;error_code&quot;:0,&quot;status_code&quot;:1,&quot;error_str&quot;:&quot;None&quot;,&quot;status_str&quot;:&quot;Connecting&quot;},{&quot;host&quot;:&quot;192.168.5.166&quot;,&quot;port&quot;:2088,&quot;nic&quot;:&quot;192.168.5.165&quot;,&quot;limit&quot;:0,&quot;is_backup&quot;:0,&quot;bitrate&quot;:0,&quot;up_time&quot;:0,&quot;error_code&quot;:0,&quot;status_code&quot;:1,&quot;error_str&quot;:&quot;None&quot;,&quot;status_str&quot;:&quot;Connecting&quot;}],&quot;error&quot;:&quot;None&quot;,&quot;con_stat&quot;:&quot;Disconnected&quot;,&quot;bitrate&quot;:0,&quot;dest&quot;:&quot;bonded/bonded5&quot;},{&quot;mip&quot;:&quot;4000.ts&quot;,&quot;port&quot;:0,&quot;ip&quot;:&quot;file&quot;,&quot;in_name&quot;:&quot;bond&quot;,&quot;in_active&quot;:1,&quot;in_active_sources&quot;:0,&quot;prg_name&quot;:&quot;&quot;,&quot;prg_prov&quot;:&quot;&quot;,&quot;prg_num&quot;:-1,&quot;chan&quot;:&quot;&quot;,&quot;chan_id&quot;:-1,&quot;id&quot;:&quot;zixi://bonded(bonded6)#10.7.0.66:2088@10.7.0.65,192.168.60.66:2088@192.168.50.65,192.168.5.166:2088@192.168.5.165&quot;,&quot;type&quot;:2,&quot;name&quot;:&quot;bond6&quot;,&quot;asi&quot;:0,&quot;rtmp&quot;:0,&quot;file&quot;:1,&quot;active&quot;:1,&quot;group&quot;:&quot;&quot;,&quot;bonded&quot;:[],&quot;error&quot;:&quot;None&quot;,&quot;con_stat&quot;:&quot;Connecting&quot;,&quot;bitrate&quot;:0,&quot;dest&quot;:&quot;bonded/bonded6&quot;},{&quot;mip&quot;:&quot;4000.ts&quot;,&quot;port&quot;:0,&quot;ip&quot;:&quot;file&quot;,&quot;in_name&quot;:&quot;bond&quot;,&quot;in_active&quot;:1,&quot;in_active_sources&quot;:0,&quot;prg_name&quot;:&quot;&quot;,&quot;prg_prov&quot;:&quot;&quot;,&quot;prg_num&quot;:-1,&quot;chan&quot;:&quot;&quot;,&quot;chan_id&quot;:-1,&quot;id&quot;:&quot;zixi://bonded(bonded7)#10.7.0.66:2088@10.7.0.65,192.168.60.66:2088@192.168.50.65,192.168.5.166:2088@192.168.5.165&quot;,&quot;type&quot;:2,&quot;name&quot;:&quot;bond7&quot;,&quot;asi&quot;:0,&quot;rtmp&quot;:0,&quot;file&quot;:1,&quot;active&quot;:1,&quot;group&quot;:&quot;&quot;,&quot;bonded&quot;:[],&quot;error&quot;:&quot;None&quot;,&quot;con_stat&quot;:&quot;Connecting&quot;,&quot;bitrate&quot;:0,&quot;dest&quot;:&quot;bonded/bonded7&quot;},{&quot;mip&quot;:&quot;4000.ts&quot;,&quot;port&quot;:0,&quot;ip&quot;:&quot;file&quot;,&quot;in_name&quot;:&quot;bond&quot;,&quot;in_active&quot;:1,&quot;in_active_sources&quot;:0,&quot;prg_name&quot;:&quot;&quot;,&quot;prg_prov&quot;:&quot;&quot;,&quot;prg_num&quot;:-1,&quot;chan&quot;:&quot;&quot;,&quot;chan_id&quot;:-1,&quot;id&quot;:&quot;zixi://bonded(bonded13)#10.7.0.66:2088@10.7.0.65,192.168.60.66:2088@192.168.50.65,192.168.5.166:2088@192.168.5.165&quot;,&quot;type&quot;:2,&quot;name&quot;:&quot;bond13&quot;,&quot;asi&quot;:0,&quot;rtmp&quot;:0,&quot;file&quot;:1,&quot;active&quot;:1,&quot;group&quot;:&quot;&quot;,&quot;bonded&quot;:[],&quot;error&quot;:&quot;None&quot;,&quot;con_stat&quot;:&quot;Connecting&quot;,&quot;bitrate&quot;:0,&quot;dest&quot;:&quot;bonded/bonded13&quot;}]}
Debug printing ------&gt;&gt;&gt; {&quot;custom_data&quot;:&quot;&quot;,&quot;msg&quot;:&quot;Output deleted.&quot;,&quot;error&quot;:&quot;&quot;,&quot;outs&quot;:[{&quot;mip&quot;:&quot;live_recording.ts&quot;,&quot;port&quot;:0,&quot;ip&quot;:&quot;file&quot;,&quot;in_name&quot;:&quot;feederoutputname&quot;,&quot;in_active&quot;:1,&quot;in_active_sources&quot;:0,&quot;prg_name&quot;:&quot;&quot;,&quot;prg_prov&quot;:&quot;&quot;,&quot;prg_num&quot;:1,&quot;chan&quot;:&quot;&quot;,&quot;chan_id&quot;:-1,&quot;id&quot;:&quot;zixi://10.7.0.66:2088/feederout&quot;,&quot;type&quot;:2,&quot;name&quot;:&quot;feederoutputname&quot;,&quot;asi&quot;:0,&quot;rtmp&quot;:0,&quot;file&quot;:1,&quot;active&quot;:1,&quot;group&quot;:&quot;&quot;,&quot;error&quot;:&quot;Authentication&quot;,&quot;con_stat&quot;:&quot;Disconnected&quot;,&quot;bitrate&quot;:0,&quot;dest&quot;:&quot;10.7.0.66:2088/feederout&quot;},{&quot;mip&quot;:&quot;4000.ts&quot;,&quot;port&quot;:0,&quot;ip&quot;:&quot;file&quot;,&quot;in_name&quot;:&quot;bond&quot;,&quot;in_active&quot;:1,&quot;in_active_sources&quot;:0,&quot;prg_name&quot;:&quot;&quot;,&quot;prg_prov&quot;:&quot;&quot;,&quot;prg_num&quot;:-1,&quot;chan&quot;:&quot;&quot;,&quot;chan_id&quot;:-1,&quot;id&quot;:&quot;zixi://bonded(bonded1)#10.7.0.66:2088@10.7.0.65,192.168.60.66:2088@192.168.50.65,192.168.5.166:2088@192.168.5.165&quot;,&quot;type&quot;:2,&quot;name&quot;:&quot;bond1&quot;,&quot;asi&quot;:0,&quot;rtmp&quot;:0,&quot;file&quot;:1,&quot;active&quot;:1,&quot;group&quot;:&quot;&quot;,&quot;bonded&quot;:[],&quot;error&quot;:&quot;None&quot;,&quot;con_stat&quot;:&quot;Connecting&quot;,&quot;bitrate&quot;:0,&quot;dest&quot;:&quot;bonded/bonded1&quot;},{&quot;mip&quot;:&quot;4000.ts&quot;,&quot;port&quot;:0,&quot;ip&quot;:&quot;file&quot;,&quot;in_name&quot;:&quot;bond&quot;,&quot;in_active&quot;:1,&quot;in_active_sources&quot;:0,&quot;prg_name&quot;:&quot;&quot;,&quot;prg_prov&quot;:&quot;&quot;,&quot;prg_num&quot;:-1,&quot;chan&quot;:&quot;&quot;,&quot;chan_id&quot;:-1,&quot;id&quot;:&quot;zixi://bonded(bonded2)#10.7.0.66:2088@10.7.0.65,192.168.60.66:2088@192.168.50.65,192.168.5.166:2088@192.168.5.165&quot;,&quot;type&quot;:2,&quot;name&quot;:&quot;bond2&quot;,&quot;asi&quot;:0,&quot;rtmp&quot;:0,&quot;file&quot;:1,&quot;active&quot;:1,&quot;group&quot;:&quot;&quot;,&quot;bonded&quot;:[],&quot;error&quot;:&quot;None&quot;,&quot;con_stat&quot;:&quot;Connecting&quot;,&quot;bitrate&quot;:0,&quot;dest&quot;:&quot;bonded/bonded2&quot;},{&quot;mip&quot;:&quot;4000.ts&quot;,&quot;port&quot;:0,&quot;ip&quot;:&quot;file&quot;,&quot;in_name&quot;:&quot;bond&quot;,&quot;in_active&quot;:1,&quot;in_active_sources&quot;:0,&quot;prg_name&quot;:&quot;&quot;,&quot;prg_prov&quot;:&quot;&quot;,&quot;prg_num&quot;:-1,&quot;chan&quot;:&quot;&quot;,&quot;chan_id&quot;:-1,&quot;id&quot;:&quot;zixi://bonded(bonded3)#10.7.0.66:2088@10.7.0.65,192.168.60.66:2088@192.168.50.65,192.168.5.166:2088@192.168.5.165&quot;,&quot;type&quot;:2,&quot;name&quot;:&quot;bond3&quot;,&quot;asi&quot;:0,&quot;rtmp&quot;:0,&quot;file&quot;:1,&quot;active&quot;:1,&quot;group&quot;:&quot;&quot;,&quot;bonded&quot;:[],&quot;error&quot;:&quot;Timeout&quot;,&quot;con_stat&quot;:&quot;Connecting&quot;,&quot;bitrate&quot;:0,&quot;dest&quot;:&quot;bonded/bonded3&quot;},{&quot;mip&quot;:&quot;4000.ts&quot;,&quot;port&quot;:0,&quot;ip&quot;:&quot;file&quot;,&quot;in_name&quot;:&quot;bond&quot;,&quot;in_active&quot;:1,&quot;in_active_sources&quot;:0,&quot;prg_name&quot;:&quot;&quot;,&quot;prg_prov&quot;:&quot;&quot;,&quot;prg_num&quot;:-1,&quot;chan&quot;:&quot;&quot;,&quot;chan_id&quot;:-1,&quot;id&quot;:&quot;zixi://bonded(bonded4)#10.7.0.66:2088@10.7.0.65,192.168.60.66:2088@192.168.50.65,192.168.5.166:2088@192.168.5.165&quot;,&quot;type&quot;:2,&quot;name&quot;:&quot;bond4&quot;,&quot;asi&quot;:0,&quot;rtmp&quot;:0,&quot;file&quot;:1,&quot;active&quot;:1,&quot;group&quot;:&quot;&quot;,&quot;bonded&quot;:[],&quot;error&quot;:&quot;None&quot;,&quot;con_stat&quot;:&quot;Connecting&quot;,&quot;bitrate&quot;:0,&quot;dest&quot;:&quot;bonded/bonded4&quot;},{&quot;mip&quot;:&quot;4000.ts&quot;,&quot;port&quot;:0,&quot;ip&quot;:&quot;file&quot;,&quot;in_name&quot;:&quot;bond&quot;,&quot;in_active&quot;:1,&quot;in_active_sources&quot;:0,&quot;prg_name&quot;:&quot;&quot;,&quot;prg_prov&quot;:&quot;&quot;,&quot;prg_num&quot;:-1,&quot;chan&quot;:&quot;&quot;,&quot;chan_id&quot;:-1,&quot;id&quot;:&quot;zixi://bonded(bonded10)#10.7.0.66:2088@10.7.0.65,192.168.60.66:2088@192.168.50.65,192.168.5.166:2088@192.168.5.165&quot;,&quot;type&quot;:2,&quot;name&quot;:&quot;bond10&quot;,&quot;asi&quot;:0,&quot;rtmp&quot;:0,&quot;file&quot;:1,&quot;active&quot;:1,&quot;group&quot;:&quot;&quot;,&quot;bonded&quot;:[],&quot;error&quot;:&quot;None&quot;,&quot;con_stat&quot;:&quot;Connecting&quot;,&quot;bitrate&quot;:0,&quot;dest&quot;:&quot;bonded/bonded10&quot;},{&quot;mip&quot;:&quot;4000.ts&quot;,&quot;port&quot;:0,&quot;ip&quot;:&quot;file&quot;,&quot;in_name&quot;:&quot;bond&quot;,&quot;in_active&quot;:1,&quot;in_active_sources&quot;:0,&quot;prg_name&quot;:&quot;&quot;,&quot;prg_prov&quot;:&quot;&quot;,&quot;prg_num&quot;:-1,&quot;chan&quot;:&quot;&quot;,&quot;chan_id&quot;:-1,&quot;id&quot;:&quot;zixi://bonded(bonded5)#10.7.0.66:2088@10.7.0.65,192.168.60.66:2088@192.168.50.65,192.168.5.166:2088@192.168.5.165&quot;,&quot;type&quot;:2,&quot;name&quot;:&quot;bond5&quot;,&quot;asi&quot;:0,&quot;rtmp&quot;:0,&quot;file&quot;:1,&quot;active&quot;:1,&quot;group&quot;:&quot;&quot;,&quot;bonded&quot;:[{&quot;host&quot;:&quot;10.7.0.66&quot;,&quot;port&quot;:2088,&quot;nic&quot;:&quot;10.7.0.65&quot;,&quot;limit&quot;:0,&quot;is_backup&quot;:0,&quot;bitrate&quot;:0,&quot;up_time&quot;:0,&quot;error_code&quot;:0,&quot;status_code&quot;:3,&quot;error_str&quot;:&quot;None&quot;,&quot;status_str&quot;:&quot;Connected&quot;},{&quot;host&quot;:&quot;192.168.60.66&quot;,&quot;port&quot;:2088,&quot;nic&quot;:&quot;192.168.50.65&quot;,&quot;limit&quot;:0,&quot;is_backup&quot;:0,&quot;bitrate&quot;:0,&quot;up_time&quot;:0,&quot;error_code&quot;:0,&quot;status_code&quot;:1,&quot;error_str&quot;:&quot;None&quot;,&quot;status_str&quot;:&quot;Connecting&quot;},{&quot;host&quot;:&quot;192.168.5.166&quot;,&quot;port&quot;:2088,&quot;nic&quot;:&quot;192.168.5.165&quot;,&quot;limit&quot;:0,&quot;is_backup&quot;:0,&quot;bitrate&quot;:0,&quot;up_time&quot;:0,&quot;error_code&quot;:0,&quot;status_code&quot;:1,&quot;error_str&quot;:&quot;None&quot;,&quot;status_str&quot;:&quot;Connecting&quot;}],&quot;error&quot;:&quot;None&quot;,&quot;con_stat&quot;:&quot;Disconnected&quot;,&quot;bitrate&quot;:0,&quot;dest&quot;:&quot;bonded/bonded5&quot;},{&quot;mip&quot;:&quot;4000.ts&quot;,&quot;port&quot;:0,&quot;ip&quot;:&quot;file&quot;,&quot;in_name&quot;:&quot;bond&quot;,&quot;in_active&quot;:1,&quot;in_active_sources&quot;:0,&quot;prg_name&quot;:&quot;&quot;,&quot;prg_prov&quot;:&quot;&quot;,&quot;prg_num&quot;:-1,&quot;chan&quot;:&quot;&quot;,&quot;chan_id&quot;:-1,&quot;id&quot;:&quot;zixi://bonded(bonded6)#10.7.0.66:2088@10.7.0.65,192.168.60.66:2088@192.168.50.65,192.168.5.166:2088@192.168.5.165&quot;,&quot;type&quot;:2,&quot;name&quot;:&quot;bond6&quot;,&quot;asi&quot;:0,&quot;rtmp&quot;:0,&quot;file&quot;:1,&quot;active&quot;:1,&quot;group&quot;:&quot;&quot;,&quot;bonded&quot;:[],&quot;error&quot;:&quot;None&quot;,&quot;con_stat&quot;:&quot;Connecting&quot;,&quot;bitrate&quot;:0,&quot;dest&quot;:&quot;bonded/bonded6&quot;},{&quot;mip&quot;:&quot;4000.ts&quot;,&quot;port&quot;:0,&quot;ip&quot;:&quot;file&quot;,&quot;in_name&quot;:&quot;bond&quot;,&quot;in_active&quot;:1,&quot;in_active_sources&quot;:0,&quot;prg_name&quot;:&quot;&quot;,&quot;prg_prov&quot;:&quot;&quot;,&quot;prg_num&quot;:-1,&quot;chan&quot;:&quot;&quot;,&quot;chan_id&quot;:-1,&quot;id&quot;:&quot;zixi://bonded(bonded7)#10.7.0.66:2088@10.7.0.65,192.168.60.66:2088@192.168.50.65,192.168.5.166:2088@192.168.5.165&quot;,&quot;type&quot;:2,&quot;name&quot;:&quot;bond7&quot;,&quot;asi&quot;:0,&quot;rtmp&quot;:0,&quot;file&quot;:1,&quot;active&quot;:1,&quot;group&quot;:&quot;&quot;,&quot;bonded&quot;:[],&quot;error&quot;:&quot;None&quot;,&quot;con_stat&quot;:&quot;Connecting&quot;,&quot;bitrate&quot;:0,&quot;dest&quot;:&quot;bonded/bonded7&quot;},{&quot;mip&quot;:&quot;4000.ts&quot;,&quot;port&quot;:0,&quot;ip&quot;:&quot;file&quot;,&quot;in_name&quot;:&quot;bond&quot;,&quot;in_active&quot;:1,&quot;in_active_sources&quot;:0,&quot;prg_name&quot;:&quot;&quot;,&quot;prg_prov&quot;:&quot;&quot;,&quot;prg_num&quot;:-1,&quot;chan&quot;:&quot;&quot;,&quot;chan_id&quot;:-1,&quot;id&quot;:&quot;zixi://bonded(bonded13)#10.7.0.66:2088@10.7.0.65,192.168.60.66:2088@192.168.50.65,192.168.5.166:2088@192.168.5.165&quot;,&quot;type&quot;:2,&quot;name&quot;:&quot;bond13&quot;,&quot;asi&quot;:0,&quot;rtmp&quot;:0,&quot;file&quot;:1,&quot;active&quot;:1,&quot;group&quot;:&quot;&quot;,&quot;bonded&quot;:[],&quot;error&quot;:&quot;None&quot;,&quot;con_stat&quot;:&quot;Connecting&quot;,&quot;bitrate&quot;:0,&quot;dest&quot;:&quot;bonded/bonded13&quot;}]}
Debug printing ------&gt;&gt;&gt; {&quot;custom_data&quot;:&quot;&quot;,&quot;msg&quot;:&quot;Output deleted.&quot;,&quot;error&quot;:&quot;&quot;,&quot;outs&quot;:[{&quot;mip&quot;:&quot;live_recording.ts&quot;,&quot;port&quot;:0,&quot;ip&quot;:&quot;file&quot;,&quot;in_name&quot;:&quot;feederoutputname&quot;,&quot;in_active&quot;:1,&quot;in_active_sources&quot;:0,&quot;prg_name&quot;:&quot;&quot;,&quot;prg_prov&quot;:&quot;&quot;,&quot;prg_num&quot;:1,&quot;chan&quot;:&quot;&quot;,&quot;chan_id&quot;:-1,&quot;id&quot;:&quot;zixi://10.7.0.66:2088/feederout&quot;,&quot;type&quot;:2,&quot;name&quot;:&quot;feederoutputname&quot;,&quot;asi&quot;:0,&quot;rtmp&quot;:0,&quot;file&quot;:1,&quot;active&quot;:1,&quot;group&quot;:&quot;&quot;,&quot;error&quot;:&quot;Authentication&quot;,&quot;con_stat&quot;:&quot;Disconnected&quot;,&quot;bitrate&quot;:0,&quot;dest&quot;:&quot;10.7.0.66:2088/feederout&quot;},{&quot;mip&quot;:&quot;4000.ts&quot;,&quot;port&quot;:0,&quot;ip&quot;:&quot;file&quot;,&quot;in_name&quot;:&quot;bond&quot;,&quot;in_active&quot;:1,&quot;in_active_sources&quot;:0,&quot;prg_name&quot;:&quot;&quot;,&quot;prg_prov&quot;:&quot;&quot;,&quot;prg_num&quot;:-1,&quot;chan&quot;:&quot;&quot;,&quot;chan_id&quot;:-1,&quot;id&quot;:&quot;zixi://bonded(bonded1)#10.7.0.66:2088@10.7.0.65,192.168.60.66:2088@192.168.50.65,192.168.5.166:2088@192.168.5.165&quot;,&quot;type&quot;:2,&quot;name&quot;:&quot;bond1&quot;,&quot;asi&quot;:0,&quot;rtmp&quot;:0,&quot;file&quot;:1,&quot;active&quot;:1,&quot;group&quot;:&quot;&quot;,&quot;bonded&quot;:[],&quot;error&quot;:&quot;None&quot;,&quot;con_stat&quot;:&quot;Connecting&quot;,&quot;bitrate&quot;:0,&quot;dest&quot;:&quot;bonded/bonded1&quot;},{&quot;mip&quot;:&quot;4000.ts&quot;,&quot;port&quot;:0,&quot;ip&quot;:&quot;file&quot;,&quot;in_name&quot;:&quot;bond&quot;,&quot;in_active&quot;:1,&quot;in_active_sources&quot;:0,&quot;prg_name&quot;:&quot;&quot;,&quot;prg_prov&quot;:&quot;&quot;,&quot;prg_num&quot;:-1,&quot;chan&quot;:&quot;&quot;,&quot;chan_id&quot;:-1,&quot;id&quot;:&quot;zixi://bonded(bonded2)#10.7.0.66:2088@10.7.0.65,192.168.60.66:2088@192.168.50.65,192.168.5.166:2088@192.168.5.165&quot;,&quot;type&quot;:2,&quot;name&quot;:&quot;bond2&quot;,&quot;asi&quot;:0,&quot;rtmp&quot;:0,&quot;file&quot;:1,&quot;active&quot;:1,&quot;group&quot;:&quot;&quot;,&quot;bonded&quot;:[],&quot;error&quot;:&quot;None&quot;,&quot;con_stat&quot;:&quot;Connecting&quot;,&quot;bitrate&quot;:0,&quot;dest&quot;:&quot;bonded/bonded2&quot;},{&quot;mip&quot;:&quot;4000.ts&quot;,&quot;port&quot;:0,&quot;ip&quot;:&quot;file&quot;,&quot;in_name&quot;:&quot;bond&quot;,&quot;in_active&quot;:1,&quot;in_active_sources&quot;:0,&quot;prg_name&quot;:&quot;&quot;,&quot;prg_prov&quot;:&quot;&quot;,&quot;prg_num&quot;:-1,&quot;chan&quot;:&quot;&quot;,&quot;chan_id&quot;:-1,&quot;id&quot;:&quot;zixi://bonded(bonded3)#10.7.0.66:2088@10.7.0.65,192.168.60.66:2088@192.168.50.65,192.168.5.166:2088@192.168.5.165&quot;,&quot;type&quot;:2,&quot;name&quot;:&quot;bond3&quot;,&quot;asi&quot;:0,&quot;rtmp&quot;:0,&quot;file&quot;:1,&quot;active&quot;:1,&quot;group&quot;:&quot;&quot;,&quot;bonded&quot;:[],&quot;error&quot;:&quot;Timeout&quot;,&quot;con_stat&quot;:&quot;Connecting&quot;,&quot;bitrate&quot;:0,&quot;dest&quot;:&quot;bonded/bonded3&quot;},{&quot;mip&quot;:&quot;4000.ts&quot;,&quot;port&quot;:0,&quot;ip&quot;:&quot;file&quot;,&quot;in_name&quot;:&quot;bond&quot;,&quot;in_active&quot;:1,&quot;in_active_sources&quot;:0,&quot;prg_name&quot;:&quot;&quot;,&quot;prg_prov&quot;:&quot;&quot;,&quot;prg_num&quot;:-1,&quot;chan&quot;:&quot;&quot;,&quot;chan_id&quot;:-1,&quot;id&quot;:&quot;zixi://bonded(bonded4)#10.7.0.66:2088@10.7.0.65,192.168.60.66:2088@192.168.50.65,192.168.5.166:2088@192.168.5.165&quot;,&quot;type&quot;:2,&quot;name&quot;:&quot;bond4&quot;,&quot;asi&quot;:0,&quot;rtmp&quot;:0,&quot;file&quot;:1,&quot;active&quot;:1,&quot;group&quot;:&quot;&quot;,&quot;bonded&quot;:[],&quot;error&quot;:&quot;None&quot;,&quot;con_stat&quot;:&quot;Connecting&quot;,&quot;bitrate&quot;:0,&quot;dest&quot;:&quot;bonded/bonded4&quot;},{&quot;mip&quot;:&quot;4000.ts&quot;,&quot;port&quot;:0,&quot;ip&quot;:&quot;file&quot;,&quot;in_name&quot;:&quot;bond&quot;,&quot;in_active&quot;:1,&quot;in_active_sources&quot;:0,&quot;prg_name&quot;:&quot;&quot;,&quot;prg_prov&quot;:&quot;&quot;,&quot;prg_num&quot;:-1,&quot;chan&quot;:&quot;&quot;,&quot;chan_id&quot;:-1,&quot;id&quot;:&quot;zixi://bonded(bonded10)#10.7.0.66:2088@10.7.0.65,192.168.60.66:2088@192.168.50.65,192.168.5.166:2088@192.168.5.165&quot;,&quot;type&quot;:2,&quot;name&quot;:&quot;bond10&quot;,&quot;asi&quot;:0,&quot;rtmp&quot;:0,&quot;file&quot;:1,&quot;active&quot;:1,&quot;group&quot;:&quot;&quot;,&quot;bonded&quot;:[],&quot;error&quot;:&quot;None&quot;,&quot;con_stat&quot;:&quot;Connecting&quot;,&quot;bitrate&quot;:0,&quot;dest&quot;:&quot;bonded/bonded10&quot;},{&quot;mip&quot;:&quot;4000.ts&quot;,&quot;port&quot;:0,&quot;ip&quot;:&quot;file&quot;,&quot;in_name&quot;:&quot;bond&quot;,&quot;in_active&quot;:1,&quot;in_active_sources&quot;:0,&quot;prg_name&quot;:&quot;&quot;,&quot;prg_prov&quot;:&quot;&quot;,&quot;prg_num&quot;:-1,&quot;chan&quot;:&quot;&quot;,&quot;chan_id&quot;:-1,&quot;id&quot;:&quot;zixi://bonded(bonded5)#10.7.0.66:2088@10.7.0.65,192.168.60.66:2088@192.168.50.65,192.168.5.166:2088@192.168.5.165&quot;,&quot;type&quot;:2,&quot;name&quot;:&quot;bond5&quot;,&quot;asi&quot;:0,&quot;rtmp&quot;:0,&quot;file&quot;:1,&quot;active&quot;:1,&quot;group&quot;:&quot;&quot;,&quot;bonded&quot;:[{&quot;host&quot;:&quot;10.7.0.66&quot;,&quot;port&quot;:2088,&quot;nic&quot;:&quot;10.7.0.65&quot;,&quot;limit&quot;:0,&quot;is_backup&quot;:0,&quot;bitrate&quot;:0,&quot;up_time&quot;:0,&quot;error_code&quot;:0,&quot;status_code&quot;:3,&quot;error_str&quot;:&quot;None&quot;,&quot;status_str&quot;:&quot;Connected&quot;},{&quot;host&quot;:&quot;192.168.60.66&quot;,&quot;port&quot;:2088,&quot;nic&quot;:&quot;192.168.50.65&quot;,&quot;limit&quot;:0,&quot;is_backup&quot;:0,&quot;bitrate&quot;:0,&quot;up_time&quot;:0,&quot;error_code&quot;:0,&quot;status_code&quot;:1,&quot;error_str&quot;:&quot;None&quot;,&quot;status_str&quot;:&quot;Connecting&quot;},{&quot;host&quot;:&quot;192.168.5.166&quot;,&quot;port&quot;:2088,&quot;nic&quot;:&quot;192.168.5.165&quot;,&quot;limit&quot;:0,&quot;is_backup&quot;:0,&quot;bitrate&quot;:0,&quot;up_time&quot;:0,&quot;error_code&quot;:0,&quot;status_code&quot;:1,&quot;error_str&quot;:&quot;None&quot;,&quot;status_str&quot;:&quot;Connecting&quot;}],&quot;error&quot;:&quot;None&quot;,&quot;con_stat&quot;:&quot;Disconnected&quot;,&quot;bitrate&quot;:0,&quot;dest&quot;:&quot;bonded/bonded5&quot;},{&quot;mip&quot;:&quot;4000.ts&quot;,&quot;port&quot;:0,&quot;ip&quot;:&quot;file&quot;,&quot;in_name&quot;:&quot;bond&quot;,&quot;in_active&quot;:1,&quot;in_active_sources&quot;:0,&quot;prg_name&quot;:&quot;&quot;,&quot;prg_prov&quot;:&quot;&quot;,&quot;prg_num&quot;:-1,&quot;chan&quot;:&quot;&quot;,&quot;chan_id&quot;:-1,&quot;id&quot;:&quot;zixi://bonded(bonded6)#10.7.0.66:2088@10.7.0.65,192.168.60.66:2088@192.168.50.65,192.168.5.166:2088@192.168.5.165&quot;,&quot;type&quot;:2,&quot;name&quot;:&quot;bond6&quot;,&quot;asi&quot;:0,&quot;rtmp&quot;:0,&quot;file&quot;:1,&quot;active&quot;:1,&quot;group&quot;:&quot;&quot;,&quot;bonded&quot;:[],&quot;error&quot;:&quot;None&quot;,&quot;con_stat&quot;:&quot;Connecting&quot;,&quot;bitrate&quot;:0,&quot;dest&quot;:&quot;bonded/bonded6&quot;},{&quot;mip&quot;:&quot;4000.ts&quot;,&quot;port&quot;:0,&quot;ip&quot;:&quot;file&quot;,&quot;in_name&quot;:&quot;bond&quot;,&quot;in_active&quot;:1,&quot;in_active_sources&quot;:0,&quot;prg_name&quot;:&quot;&quot;,&quot;prg_prov&quot;:&quot;&quot;,&quot;prg_num&quot;:-1,&quot;chan&quot;:&quot;&quot;,&quot;chan_id&quot;:-1,&quot;id&quot;:&quot;zixi://bonded(bonded7)#10.7.0.66:2088@10.7.0.65,192.168.60.66:2088@192.168.50.65,192.168.5.166:2088@192.168.5.165&quot;,&quot;type&quot;:2,&quot;name&quot;:&quot;bond7&quot;,&quot;asi&quot;:0,&quot;rtmp&quot;:0,&quot;file&quot;:1,&quot;active&quot;:1,&quot;group&quot;:&quot;&quot;,&quot;bonded&quot;:[],&quot;error&quot;:&quot;None&quot;,&quot;con_stat&quot;:&quot;Connecting&quot;,&quot;bitrate&quot;:0,&quot;dest&quot;:&quot;bonded/bonded7&quot;}]}
Debug printing ------&gt;&gt;&gt; {&quot;custom_data&quot;:&quot;&quot;,&quot;msg&quot;:&quot;Output deleted.&quot;,&quot;error&quot;:&quot;&quot;,&quot;outs&quot;:[{&quot;mip&quot;:&quot;live_recording.ts&quot;,&quot;port&quot;:0,&quot;ip&quot;:&quot;file&quot;,&quot;in_name&quot;:&quot;feederoutputname&quot;,&quot;in_active&quot;:1,&quot;in_active_sources&quot;:0,&quot;prg_name&quot;:&quot;&quot;,&quot;prg_prov&quot;:&quot;&quot;,&quot;prg_num&quot;:1,&quot;chan&quot;:&quot;&quot;,&quot;chan_id&quot;:-1,&quot;id&quot;:&quot;zixi://10.7.0.66:2088/feederout&quot;,&quot;type&quot;:2,&quot;name&quot;:&quot;feederoutputname&quot;,&quot;asi&quot;:0,&quot;rtmp&quot;:0,&quot;file&quot;:1,&quot;active&quot;:1,&quot;group&quot;:&quot;&quot;,&quot;error&quot;:&quot;Authentication&quot;,&quot;con_stat&quot;:&quot;Disconnected&quot;,&quot;bitrate&quot;:0,&quot;dest&quot;:&quot;10.7.0.66:2088/feederout&quot;},{&quot;mip&quot;:&quot;4000.ts&quot;,&quot;port&quot;:0,&quot;ip&quot;:&quot;file&quot;,&quot;in_name&quot;:&quot;bond&quot;,&quot;in_active&quot;:1,&quot;in_active_sources&quot;:0,&quot;prg_name&quot;:&quot;&quot;,&quot;prg_prov&quot;:&quot;&quot;,&quot;prg_num&quot;:-1,&quot;chan&quot;:&quot;&quot;,&quot;chan_id&quot;:-1,&quot;id&quot;:&quot;zixi://bonded(bonded1)#10.7.0.66:2088@10.7.0.65,192.168.60.66:2088@192.168.50.65,192.168.5.166:2088@192.168.5.165&quot;,&quot;type&quot;:2,&quot;name&quot;:&quot;bond1&quot;,&quot;asi&quot;:0,&quot;rtmp&quot;:0,&quot;file&quot;:1,&quot;active&quot;:1,&quot;group&quot;:&quot;&quot;,&quot;bonded&quot;:[],&quot;error&quot;:&quot;None&quot;,&quot;con_stat&quot;:&quot;Connecting&quot;,&quot;bitrate&quot;:0,&quot;dest&quot;:&quot;bonded/bonded1&quot;},{&quot;mip&quot;:&quot;4000.ts&quot;,&quot;port&quot;:0,&quot;ip&quot;:&quot;file&quot;,&quot;in_name&quot;:&quot;bond&quot;,&quot;in_active&quot;:1,&quot;in_active_sources&quot;:0,&quot;prg_name&quot;:&quot;&quot;,&quot;prg_prov&quot;:&quot;&quot;,&quot;prg_num&quot;:-1,&quot;chan&quot;:&quot;&quot;,&quot;chan_id&quot;:-1,&quot;id&quot;:&quot;zixi://bonded(bonded2)#10.7.0.66:2088@10.7.0.65,192.168.60.66:2088@192.168.50.65,192.168.5.166:2088@192.168.5.165&quot;,&quot;type&quot;:2,&quot;name&quot;:&quot;bond2&quot;,&quot;asi&quot;:0,&quot;rtmp&quot;:0,&quot;file&quot;:1,&quot;active&quot;:1,&quot;group&quot;:&quot;&quot;,&quot;bonded&quot;:[],&quot;error&quot;:&quot;None&quot;,&quot;con_stat&quot;:&quot;Connecting&quot;,&quot;bitrate&quot;:0,&quot;dest&quot;:&quot;bonded/bonded2&quot;},{&quot;mip&quot;:&quot;4000.ts&quot;,&quot;port&quot;:0,&quot;ip&quot;:&quot;file&quot;,&quot;in_name&quot;:&quot;bond&quot;,&quot;in_active&quot;:1,&quot;in_active_sources&quot;:0,&quot;prg_name&quot;:&quot;&quot;,&quot;prg_prov&quot;:&quot;&quot;,&quot;prg_num&quot;:-1,&quot;chan&quot;:&quot;&quot;,&quot;chan_id&quot;:-1,&quot;id&quot;:&quot;zixi://bonded(bonded3)#10.7.0.66:2088@10.7.0.65,192.168.60.66:2088@192.168.50.65,192.168.5.166:2088@192.168.5.165&quot;,&quot;type&quot;:2,&quot;name&quot;:&quot;bond3&quot;,&quot;asi&quot;:0,&quot;rtmp&quot;:0,&quot;file&quot;:1,&quot;active&quot;:1,&quot;group&quot;:&quot;&quot;,&quot;bonded&quot;:[],&quot;error&quot;:&quot;Timeout&quot;,&quot;con_stat&quot;:&quot;Connecting&quot;,&quot;bitrate&quot;:0,&quot;dest&quot;:&quot;bonded/bonded3&quot;},{&quot;mip&quot;:&quot;4000.ts&quot;,&quot;port&quot;:0,&quot;ip&quot;:&quot;file&quot;,&quot;in_name&quot;:&quot;bond&quot;,&quot;in_active&quot;:1,&quot;in_active_sources&quot;:0,&quot;prg_name&quot;:&quot;&quot;,&quot;prg_prov&quot;:&quot;&quot;,&quot;prg_num&quot;:-1,&quot;chan&quot;:&quot;&quot;,&quot;chan_id&quot;:-1,&quot;id&quot;:&quot;zixi://bonded(bonded4)#10.7.0.66:2088@10.7.0.65,192.168.60.66:2088@192.168.50.65,192.168.5.166:2088@192.168.5.165&quot;,&quot;type&quot;:2,&quot;name&quot;:&quot;bond4&quot;,&quot;asi&quot;:0,&quot;rtmp&quot;:0,&quot;file&quot;:1,&quot;active&quot;:1,&quot;group&quot;:&quot;&quot;,&quot;bonded&quot;:[],&quot;error&quot;:&quot;None&quot;,&quot;con_stat&quot;:&quot;Connecting&quot;,&quot;bitrate&quot;:0,&quot;dest&quot;:&quot;bonded/bonded4&quot;},{&quot;mip&quot;:&quot;4000.ts&quot;,&quot;port&quot;:0,&quot;ip&quot;:&quot;file&quot;,&quot;in_name&quot;:&quot;bond&quot;,&quot;in_active&quot;:1,&quot;in_active_sources&quot;:0,&quot;prg_name&quot;:&quot;&quot;,&quot;prg_prov&quot;:&quot;&quot;,&quot;prg_num&quot;:-1,&quot;chan&quot;:&quot;&quot;,&quot;chan_id&quot;:-1,&quot;id&quot;:&quot;zixi://bonded(bonded10)#10.7.0.66:2088@10.7.0.65,192.168.60.66:2088@192.168.50.65,192.168.5.166:2088@192.168.5.165&quot;,&quot;type&quot;:2,&quot;name&quot;:&quot;bond10&quot;,&quot;asi&quot;:0,&quot;rtmp&quot;:0,&quot;file&quot;:1,&quot;active&quot;:1,&quot;group&quot;:&quot;&quot;,&quot;bonded&quot;:[],&quot;error&quot;:&quot;None&quot;,&quot;con_stat&quot;:&quot;Connecting&quot;,&quot;bitrate&quot;:0,&quot;dest&quot;:&quot;bonded/bonded10&quot;},{&quot;mip&quot;:&quot;4000.ts&quot;,&quot;port&quot;:0,&quot;ip&quot;:&quot;file&quot;,&quot;in_name&quot;:&quot;bond&quot;,&quot;in_active&quot;:1,&quot;in_active_sources&quot;:0,&quot;prg_name&quot;:&quot;&quot;,&quot;prg_prov&quot;:&quot;&quot;,&quot;prg_num&quot;:-1,&quot;chan&quot;:&quot;&quot;,&quot;chan_id&quot;:-1,&quot;id&quot;:&quot;zixi://bonded(bonded5)#10.7.0.66:2088@10.7.0.65,192.168.60.66:2088@192.168.50.65,192.168.5.166:2088@192.168.5.165&quot;,&quot;type&quot;:2,&quot;name&quot;:&quot;bond5&quot;,&quot;asi&quot;:0,&quot;rtmp&quot;:0,&quot;file&quot;:1,&quot;active&quot;:1,&quot;group&quot;:&quot;&quot;,&quot;bonded&quot;:[{&quot;host&quot;:&quot;10.7.0.66&quot;,&quot;port&quot;:2088,&quot;nic&quot;:&quot;10.7.0.65&quot;,&quot;limit&quot;:0,&quot;is_backup&quot;:0,&quot;bitrate&quot;:0,&quot;up_time&quot;:0,&quot;error_code&quot;:0,&quot;status_code&quot;:3,&quot;error_str&quot;:&quot;None&quot;,&quot;status_str&quot;:&quot;Connected&quot;},{&quot;host&quot;:&quot;192.168.60.66&quot;,&quot;port&quot;:2088,&quot;nic&quot;:&quot;192.168.50.65&quot;,&quot;limit&quot;:0,&quot;is_backup&quot;:0,&quot;bitrate&quot;:0,&quot;up_time&quot;:0,&quot;error_code&quot;:0,&quot;status_code&quot;:1,&quot;error_str&quot;:&quot;None&quot;,&quot;status_str&quot;:&quot;Connecting&quot;},{&quot;host&quot;:&quot;192.168.5.166&quot;,&quot;port&quot;:2088,&quot;nic&quot;:&quot;192.168.5.165&quot;,&quot;limit&quot;:0,&quot;is_backup&quot;:0,&quot;bitrate&quot;:0,&quot;up_time&quot;:0,&quot;error_code&quot;:0,&quot;status_code&quot;:1,&quot;error_str&quot;:&quot;None&quot;,&quot;status_str&quot;:&quot;Connecting&quot;}],&quot;error&quot;:&quot;None&quot;,&quot;con_stat&quot;:&quot;Disconnected&quot;,&quot;bitrate&quot;:0,&quot;dest&quot;:&quot;bonded/bonded5&quot;},{&quot;mip&quot;:&quot;4000.ts&quot;,&quot;port&quot;:0,&quot;ip&quot;:&quot;file&quot;,&quot;in_name&quot;:&quot;bond&quot;,&quot;in_active&quot;:1,&quot;in_active_sources&quot;:0,&quot;prg_name&quot;:&quot;&quot;,&quot;prg_prov&quot;:&quot;&quot;,&quot;prg_num&quot;:-1,&quot;chan&quot;:&quot;&quot;,&quot;chan_id&quot;:-1,&quot;id&quot;:&quot;zixi://bonded(bonded6)#10.7.0.66:2088@10.7.0.65,192.168.60.66:2088@192.168.50.65,192.168.5.166:2088@192.168.5.165&quot;,&quot;type&quot;:2,&quot;name&quot;:&quot;bond6&quot;,&quot;asi&quot;:0,&quot;rtmp&quot;:0,&quot;file&quot;:1,&quot;active&quot;:1,&quot;group&quot;:&quot;&quot;,&quot;bonded&quot;:[],&quot;error&quot;:&quot;None&quot;,&quot;con_stat&quot;:&quot;Connecting&quot;,&quot;bitrate&quot;:0,&quot;dest&quot;:&quot;bonded/bonded6&quot;}]}
Debug printing ------&gt;&gt;&gt; {&quot;custom_data&quot;:&quot;&quot;,&quot;msg&quot;:&quot;Output deleted.&quot;,&quot;error&quot;:&quot;&quot;,&quot;outs&quot;:[{&quot;mip&quot;:&quot;live_recording.ts&quot;,&quot;port&quot;:0,&quot;ip&quot;:&quot;file&quot;,&quot;in_name&quot;:&quot;feederoutputname&quot;,&quot;in_active&quot;:1,&quot;in_active_sources&quot;:0,&quot;prg_name&quot;:&quot;&quot;,&quot;prg_prov&quot;:&quot;&quot;,&quot;prg_num&quot;:1,&quot;chan&quot;:&quot;&quot;,&quot;chan_id&quot;:-1,&quot;id&quot;:&quot;zixi://10.7.0.66:2088/feederout&quot;,&quot;type&quot;:2,&quot;name&quot;:&quot;feederoutputname&quot;,&quot;asi&quot;:0,&quot;rtmp&quot;:0,&quot;file&quot;:1,&quot;active&quot;:1,&quot;group&quot;:&quot;&quot;,&quot;error&quot;:&quot;Authentication&quot;,&quot;con_stat&quot;:&quot;Disconnected&quot;,&quot;bitrate&quot;:0,&quot;dest&quot;:&quot;10.7.0.66:2088/feederout&quot;},{&quot;mip&quot;:&quot;4000.ts&quot;,&quot;port&quot;:0,&quot;ip&quot;:&quot;file&quot;,&quot;in_name&quot;:&quot;bond&quot;,&quot;in_active&quot;:1,&quot;in_active_sources&quot;:0,&quot;prg_name&quot;:&quot;&quot;,&quot;prg_prov&quot;:&quot;&quot;,&quot;prg_num&quot;:-1,&quot;chan&quot;:&quot;&quot;,&quot;chan_id&quot;:-1,&quot;id&quot;:&quot;zixi://bonded(bonded1)#10.7.0.66:2088@10.7.0.65,192.168.60.66:2088@192.168.50.65,192.168.5.166:2088@192.168.5.165&quot;,&quot;type&quot;:2,&quot;name&quot;:&quot;bond1&quot;,&quot;asi&quot;:0,&quot;rtmp&quot;:0,&quot;file&quot;:1,&quot;active&quot;:1,&quot;group&quot;:&quot;&quot;,&quot;bonded&quot;:[],&quot;error&quot;:&quot;None&quot;,&quot;con_stat&quot;:&quot;Connecting&quot;,&quot;bitrate&quot;:0,&quot;dest&quot;:&quot;bonded/bonded1&quot;},{&quot;mip&quot;:&quot;4000.ts&quot;,&quot;port&quot;:0,&quot;ip&quot;:&quot;file&quot;,&quot;in_name&quot;:&quot;bond&quot;,&quot;in_active&quot;:1,&quot;in_active_sources&quot;:0,&quot;prg_name&quot;:&quot;&quot;,&quot;prg_prov&quot;:&quot;&quot;,&quot;prg_num&quot;:-1,&quot;chan&quot;:&quot;&quot;,&quot;chan_id&quot;:-1,&quot;id&quot;:&quot;zixi://bonded(bonded2)#10.7.0.66:2088@10.7.0.65,192.168.60.66:2088@192.168.50.65,192.168.5.166:2088@192.168.5.165&quot;,&quot;type&quot;:2,&quot;name&quot;:&quot;bond2&quot;,&quot;asi&quot;:0,&quot;rtmp&quot;:0,&quot;file&quot;:1,&quot;active&quot;:1,&quot;group&quot;:&quot;&quot;,&quot;bonded&quot;:[],&quot;error&quot;:&quot;None&quot;,&quot;con_stat&quot;:&quot;Connecting&quot;,&quot;bitrate&quot;:0,&quot;dest&quot;:&quot;bonded/bonded2&quot;},{&quot;mip&quot;:&quot;4000.ts&quot;,&quot;port&quot;:0,&quot;ip&quot;:&quot;file&quot;,&quot;in_name&quot;:&quot;bond&quot;,&quot;in_active&quot;:1,&quot;in_active_sources&quot;:0,&quot;prg_name&quot;:&quot;&quot;,&quot;prg_prov&quot;:&quot;&quot;,&quot;prg_num&quot;:-1,&quot;chan&quot;:&quot;&quot;,&quot;chan_id&quot;:-1,&quot;id&quot;:&quot;zixi://bonded(bonded3)#10.7.0.66:2088@10.7.0.65,192.168.60.66:2088@192.168.50.65,192.168.5.166:2088@192.168.5.165&quot;,&quot;type&quot;:2,&quot;name&quot;:&quot;bond3&quot;,&quot;asi&quot;:0,&quot;rtmp&quot;:0,&quot;file&quot;:1,&quot;active&quot;:1,&quot;group&quot;:&quot;&quot;,&quot;bonded&quot;:[],&quot;error&quot;:&quot;Timeout&quot;,&quot;con_stat&quot;:&quot;Connecting&quot;,&quot;bitrate&quot;:0,&quot;dest&quot;:&quot;bonded/bonded3&quot;},{&quot;mip&quot;:&quot;4000.ts&quot;,&quot;port&quot;:0,&quot;ip&quot;:&quot;file&quot;,&quot;in_name&quot;:&quot;bond&quot;,&quot;in_active&quot;:1,&quot;in_active_sources&quot;:0,&quot;prg_name&quot;:&quot;&quot;,&quot;prg_prov&quot;:&quot;&quot;,&quot;prg_num&quot;:-1,&quot;chan&quot;:&quot;&quot;,&quot;chan_id&quot;:-1,&quot;id&quot;:&quot;zixi://bonded(bonded4)#10.7.0.66:2088@10.7.0.65,192.168.60.66:2088@192.168.50.65,192.168.5.166:2088@192.168.5.165&quot;,&quot;type&quot;:2,&quot;name&quot;:&quot;bond4&quot;,&quot;asi&quot;:0,&quot;rtmp&quot;:0,&quot;file&quot;:1,&quot;active&quot;:1,&quot;group&quot;:&quot;&quot;,&quot;bonded&quot;:[],&quot;error&quot;:&quot;None&quot;,&quot;con_stat&quot;:&quot;Connecting&quot;,&quot;bitrate&quot;:0,&quot;dest&quot;:&quot;bonded/bonded4&quot;},{&quot;mip&quot;:&quot;4000.ts&quot;,&quot;port&quot;:0,&quot;ip&quot;:&quot;file&quot;,&quot;in_name&quot;:&quot;bond&quot;,&quot;in_active&quot;:1,&quot;in_active_sources&quot;:0,&quot;prg_name&quot;:&quot;&quot;,&quot;prg_prov&quot;:&quot;&quot;,&quot;prg_num&quot;:-1,&quot;chan&quot;:&quot;&quot;,&quot;chan_id&quot;:-1,&quot;id&quot;:&quot;zixi://bonded(bonded10)#10.7.0.66:2088@10.7.0.65,192.168.60.66:2088@192.168.50.65,192.168.5.166:2088@192.168.5.165&quot;,&quot;type&quot;:2,&quot;name&quot;:&quot;bond10&quot;,&quot;asi&quot;:0,&quot;rtmp&quot;:0,&quot;file&quot;:1,&quot;active&quot;:1,&quot;group&quot;:&quot;&quot;,&quot;bonded&quot;:[],&quot;error&quot;:&quot;None&quot;,&quot;con_stat&quot;:&quot;Connecting&quot;,&quot;bitrate&quot;:0,&quot;dest&quot;:&quot;bonded/bonded10&quot;},{&quot;mip&quot;:&quot;4000.ts&quot;,&quot;port&quot;:0,&quot;ip&quot;:&quot;file&quot;,&quot;in_name&quot;:&quot;bond&quot;,&quot;in_active&quot;:1,&quot;in_active_sources&quot;:0,&quot;prg_name&quot;:&quot;&quot;,&quot;prg_prov&quot;:&quot;&quot;,&quot;prg_num&quot;:-1,&quot;chan&quot;:&quot;&quot;,&quot;chan_id&quot;:-1,&quot;id&quot;:&quot;zixi://bonded(bonded5)#10.7.0.66:2088@10.7.0.65,192.168.60.66:2088@192.168.50.65,192.168.5.166:2088@192.168.5.165&quot;,&quot;type&quot;:2,&quot;name&quot;:&quot;bond5&quot;,&quot;asi&quot;:0,&quot;rtmp&quot;:0,&quot;file&quot;:1,&quot;active&quot;:1,&quot;group&quot;:&quot;&quot;,&quot;bonded&quot;:[{&quot;host&quot;:&quot;10.7.0.66&quot;,&quot;port&quot;:2088,&quot;nic&quot;:&quot;10.7.0.65&quot;,&quot;limit&quot;:0,&quot;is_backup&quot;:0,&quot;bitrate&quot;:0,&quot;up_time&quot;:0,&quot;error_code&quot;:0,&quot;status_code&quot;:3,&quot;error_str&quot;:&quot;None&quot;,&quot;status_str&quot;:&quot;Connected&quot;},{&quot;host&quot;:&quot;192.168.60.66&quot;,&quot;port&quot;:2088,&quot;nic&quot;:&quot;192.168.50.65&quot;,&quot;limit&quot;:0,&quot;is_backup&quot;:0,&quot;bitrate&quot;:0,&quot;up_time&quot;:0,&quot;error_code&quot;:0,&quot;status_code&quot;:1,&quot;error_str&quot;:&quot;None&quot;,&quot;status_str&quot;:&quot;Connecting&quot;},{&quot;host&quot;:&quot;192.168.5.166&quot;,&quot;port&quot;:2088,&quot;nic&quot;:&quot;192.168.5.165&quot;,&quot;limit&quot;:0,&quot;is_backup&quot;:0,&quot;bitrate&quot;:0,&quot;up_time&quot;:0,&quot;error_code&quot;:0,&quot;status_code&quot;:1,&quot;error_str&quot;:&quot;None&quot;,&quot;status_str&quot;:&quot;Connecting&quot;}],&quot;error&quot;:&quot;None&quot;,&quot;con_stat&quot;:&quot;Disconnected&quot;,&quot;bitrate&quot;:0,&quot;dest&quot;:&quot;bonded/bonded5&quot;}]}
Debug printing ------&gt;&gt;&gt; {&quot;custom_data&quot;:&quot;&quot;,&quot;msg&quot;:&quot;Output deleted.&quot;,&quot;error&quot;:&quot;&quot;,&quot;outs&quot;:[{&quot;mip&quot;:&quot;live_recording.ts&quot;,&quot;port&quot;:0,&quot;ip&quot;:&quot;file&quot;,&quot;in_name&quot;:&quot;feederoutputname&quot;,&quot;in_active&quot;:1,&quot;in_active_sources&quot;:0,&quot;prg_name&quot;:&quot;&quot;,&quot;prg_prov&quot;:&quot;&quot;,&quot;prg_num&quot;:1,&quot;chan&quot;:&quot;&quot;,&quot;chan_id&quot;:-1,&quot;id&quot;:&quot;zixi://10.7.0.66:2088/feederout&quot;,&quot;type&quot;:2,&quot;name&quot;:&quot;feederoutputname&quot;,&quot;asi&quot;:0,&quot;rtmp&quot;:0,&quot;file&quot;:1,&quot;active&quot;:1,&quot;group&quot;:&quot;&quot;,&quot;error&quot;:&quot;Authentication&quot;,&quot;con_stat&quot;:&quot;Disconnected&quot;,&quot;bitrate&quot;:0,&quot;dest&quot;:&quot;10.7.0.66:2088/feederout&quot;},{&quot;mip&quot;:&quot;4000.ts&quot;,&quot;port&quot;:0,&quot;ip&quot;:&quot;file&quot;,&quot;in_name&quot;:&quot;bond&quot;,&quot;in_active&quot;:1,&quot;in_active_sources&quot;:0,&quot;prg_name&quot;:&quot;&quot;,&quot;prg_prov&quot;:&quot;&quot;,&quot;prg_num&quot;:-1,&quot;chan&quot;:&quot;&quot;,&quot;chan_id&quot;:-1,&quot;id&quot;:&quot;zixi://bonded(bonded1)#10.7.0.66:2088@10.7.0.65,192.168.60.66:2088@192.168.50.65,192.168.5.166:2088@192.168.5.165&quot;,&quot;type&quot;:2,&quot;name&quot;:&quot;bond1&quot;,&quot;asi&quot;:0,&quot;rtmp&quot;:0,&quot;file&quot;:1,&quot;active&quot;:1,&quot;group&quot;:&quot;&quot;,&quot;bonded&quot;:[],&quot;error&quot;:&quot;None&quot;,&quot;con_stat&quot;:&quot;Connecting&quot;,&quot;bitrate&quot;:0,&quot;dest&quot;:&quot;bonded/bonded1&quot;},{&quot;mip&quot;:&quot;4000.ts&quot;,&quot;port&quot;:0,&quot;ip&quot;:&quot;file&quot;,&quot;in_name&quot;:&quot;bond&quot;,&quot;in_active&quot;:1,&quot;in_active_sources&quot;:0,&quot;prg_name&quot;:&quot;&quot;,&quot;prg_prov&quot;:&quot;&quot;,&quot;prg_num&quot;:-1,&quot;chan&quot;:&quot;&quot;,&quot;chan_id&quot;:-1,&quot;id&quot;:&quot;zixi://bonded(bonded2)#10.7.0.66:2088@10.7.0.65,192.168.60.66:2088@192.168.50.65,192.168.5.166:2088@192.168.5.165&quot;,&quot;type&quot;:2,&quot;name&quot;:&quot;bond2&quot;,&quot;asi&quot;:0,&quot;rtmp&quot;:0,&quot;file&quot;:1,&quot;active&quot;:1,&quot;group&quot;:&quot;&quot;,&quot;bonded&quot;:[],&quot;error&quot;:&quot;None&quot;,&quot;con_stat&quot;:&quot;Connecting&quot;,&quot;bitrate&quot;:0,&quot;dest&quot;:&quot;bonded/bonded2&quot;},{&quot;mip&quot;:&quot;4000.ts&quot;,&quot;port&quot;:0,&quot;ip&quot;:&quot;file&quot;,&quot;in_name&quot;:&quot;bond&quot;,&quot;in_active&quot;:1,&quot;in_active_sources&quot;:0,&quot;prg_name&quot;:&quot;&quot;,&quot;prg_prov&quot;:&quot;&quot;,&quot;prg_num&quot;:-1,&quot;chan&quot;:&quot;&quot;,&quot;chan_id&quot;:-1,&quot;id&quot;:&quot;zixi://bonded(bonded3)#10.7.0.66:2088@10.7.0.65,192.168.60.66:2088@192.168.50.65,192.168.5.166:2088@192.168.5.165&quot;,&quot;type&quot;:2,&quot;name&quot;:&quot;bond3&quot;,&quot;asi&quot;:0,&quot;rtmp&quot;:0,&quot;file&quot;:1,&quot;active&quot;:1,&quot;group&quot;:&quot;&quot;,&quot;bonded&quot;:[],&quot;error&quot;:&quot;Timeout&quot;,&quot;con_stat&quot;:&quot;Connecting&quot;,&quot;bitrate&quot;:0,&quot;dest&quot;:&quot;bonded/bonded3&quot;},{&quot;mip&quot;:&quot;4000.ts&quot;,&quot;port&quot;:0,&quot;ip&quot;:&quot;file&quot;,&quot;in_name&quot;:&quot;bond&quot;,&quot;in_active&quot;:1,&quot;in_active_sources&quot;:0,&quot;prg_name&quot;:&quot;&quot;,&quot;prg_prov&quot;:&quot;&quot;,&quot;prg_num&quot;:-1,&quot;chan&quot;:&quot;&quot;,&quot;chan_id&quot;:-1,&quot;id&quot;:&quot;zixi://bonded(bonded4)#10.7.0.66:2088@10.7.0.65,192.168.60.66:2088@192.168.50.65,192.168.5.166:2088@192.168.5.165&quot;,&quot;type&quot;:2,&quot;name&quot;:&quot;bond4&quot;,&quot;asi&quot;:0,&quot;rtmp&quot;:0,&quot;file&quot;:1,&quot;active&quot;:1,&quot;group&quot;:&quot;&quot;,&quot;bonded&quot;:[],&quot;error&quot;:&quot;None&quot;,&quot;con_stat&quot;:&quot;Connecting&quot;,&quot;bitrate&quot;:0,&quot;dest&quot;:&quot;bonded/bonded4&quot;},{&quot;mip&quot;:&quot;4000.ts&quot;,&quot;port&quot;:0,&quot;ip&quot;:&quot;file&quot;,&quot;in_name&quot;:&quot;bond&quot;,&quot;in_active&quot;:1,&quot;in_active_sources&quot;:0,&quot;prg_name&quot;:&quot;&quot;,&quot;prg_prov&quot;:&quot;&quot;,&quot;prg_num&quot;:-1,&quot;chan&quot;:&quot;&quot;,&quot;chan_id&quot;:-1,&quot;id&quot;:&quot;zixi://bonded(bonded10)#10.7.0.66:2088@10.7.0.65,192.168.60.66:2088@192.168.50.65,192.168.5.166:2088@192.168.5.165&quot;,&quot;type&quot;:2,&quot;name&quot;:&quot;bond10&quot;,&quot;asi&quot;:0,&quot;rtmp&quot;:0,&quot;file&quot;:1,&quot;active&quot;:1,&quot;group&quot;:&quot;&quot;,&quot;bonded&quot;:[],&quot;error&quot;:&quot;None&quot;,&quot;con_stat&quot;:&quot;Connecting&quot;,&quot;bitrate&quot;:0,&quot;dest&quot;:&quot;bonded/bonded10&quot;}]}
Debug printing ------&gt;&gt;&gt; {&quot;custom_data&quot;:&quot;&quot;,&quot;msg&quot;:&quot;Output deleted.&quot;,&quot;error&quot;:&quot;&quot;,&quot;outs&quot;:[{&quot;mip&quot;:&quot;live_recording.ts&quot;,&quot;port&quot;:0,&quot;ip&quot;:&quot;file&quot;,&quot;in_name&quot;:&quot;feederoutputname&quot;,&quot;in_active&quot;:1,&quot;in_active_sources&quot;:0,&quot;prg_name&quot;:&quot;&quot;,&quot;prg_prov&quot;:&quot;&quot;,&quot;prg_num&quot;:1,&quot;chan&quot;:&quot;&quot;,&quot;chan_id&quot;:-1,&quot;id&quot;:&quot;zixi://10.7.0.66:2088/feederout&quot;,&quot;type&quot;:2,&quot;name&quot;:&quot;feederoutputname&quot;,&quot;asi&quot;:0,&quot;rtmp&quot;:0,&quot;file&quot;:1,&quot;active&quot;:1,&quot;group&quot;:&quot;&quot;,&quot;error&quot;:&quot;Authentication&quot;,&quot;con_stat&quot;:&quot;Disconnected&quot;,&quot;bitrate&quot;:0,&quot;dest&quot;:&quot;10.7.0.66:2088/feederout&quot;},{&quot;mip&quot;:&quot;4000.ts&quot;,&quot;port&quot;:0,&quot;ip&quot;:&quot;file&quot;,&quot;in_name&quot;:&quot;bond&quot;,&quot;in_active&quot;:1,&quot;in_active_sources&quot;:0,&quot;prg_name&quot;:&quot;&quot;,&quot;prg_prov&quot;:&quot;&quot;,&quot;prg_num&quot;:-1,&quot;chan&quot;:&quot;&quot;,&quot;chan_id&quot;:-1,&quot;id&quot;:&quot;zixi://bonded(bonded1)#10.7.0.66:2088@10.7.0.65,192.168.60.66:2088@192.168.50.65,192.168.5.166:2088@192.168.5.165&quot;,&quot;type&quot;:2,&quot;name&quot;:&quot;bond1&quot;,&quot;asi&quot;:0,&quot;rtmp&quot;:0,&quot;file&quot;:1,&quot;active&quot;:1,&quot;group&quot;:&quot;&quot;,&quot;bonded&quot;:[],&quot;error&quot;:&quot;None&quot;,&quot;con_stat&quot;:&quot;Connecting&quot;,&quot;bitrate&quot;:0,&quot;dest&quot;:&quot;bonded/bonded1&quot;},{&quot;mip&quot;:&quot;4000.ts&quot;,&quot;port&quot;:0,&quot;ip&quot;:&quot;file&quot;,&quot;in_name&quot;:&quot;bond&quot;,&quot;in_active&quot;:1,&quot;in_active_sources&quot;:0,&quot;prg_name&quot;:&quot;&quot;,&quot;prg_prov&quot;:&quot;&quot;,&quot;prg_num&quot;:-1,&quot;chan&quot;:&quot;&quot;,&quot;chan_id&quot;:-1,&quot;id&quot;:&quot;zixi://bonded(bonded2)#10.7.0.66:2088@10.7.0.65,192.168.60.66:2088@192.168.50.65,192.168.5.166:2088@192.168.5.165&quot;,&quot;type&quot;:2,&quot;name&quot;:&quot;bond2&quot;,&quot;asi&quot;:0,&quot;rtmp&quot;:0,&quot;file&quot;:1,&quot;active&quot;:1,&quot;group&quot;:&quot;&quot;,&quot;bonded&quot;:[],&quot;error&quot;:&quot;None&quot;,&quot;con_stat&quot;:&quot;Connecting&quot;,&quot;bitrate&quot;:0,&quot;dest&quot;:&quot;bonded/bonded2&quot;},{&quot;mip&quot;:&quot;4000.ts&quot;,&quot;port&quot;:0,&quot;ip&quot;:&quot;file&quot;,&quot;in_name&quot;:&quot;bond&quot;,&quot;in_active&quot;:1,&quot;in_active_sources&quot;:0,&quot;prg_name&quot;:&quot;&quot;,&quot;prg_prov&quot;:&quot;&quot;,&quot;prg_num&quot;:-1,&quot;chan&quot;:&quot;&quot;,&quot;chan_id&quot;:-1,&quot;id&quot;:&quot;zixi://bonded(bonded3)#10.7.0.66:2088@10.7.0.65,192.168.60.66:2088@192.168.50.65,192.168.5.166:2088@192.168.5.165&quot;,&quot;type&quot;:2,&quot;name&quot;:&quot;bond3&quot;,&quot;asi&quot;:0,&quot;rtmp&quot;:0,&quot;file&quot;:1,&quot;active&quot;:1,&quot;group&quot;:&quot;&quot;,&quot;bonded&quot;:[],&quot;error&quot;:&quot;Timeout&quot;,&quot;con_stat&quot;:&quot;Connecting&quot;,&quot;bitrate&quot;:0,&quot;dest&quot;:&quot;bonded/bonded3&quot;},{&quot;mip&quot;:&quot;4000.ts&quot;,&quot;port&quot;:0,&quot;ip&quot;:&quot;file&quot;,&quot;in_name&quot;:&quot;bond&quot;,&quot;in_active&quot;:1,&quot;in_active_sources&quot;:0,&quot;prg_name&quot;:&quot;&quot;,&quot;prg_prov&quot;:&quot;&quot;,&quot;prg_num&quot;:-1,&quot;chan&quot;:&quot;&quot;,&quot;chan_id&quot;:-1,&quot;id&quot;:&quot;zixi://bonded(bonded4)#10.7.0.66:2088@10.7.0.65,192.168.60.66:2088@192.168.50.65,192.168.5.166:2088@192.168.5.165&quot;,&quot;type&quot;:2,&quot;name&quot;:&quot;bond4&quot;,&quot;asi&quot;:0,&quot;rtmp&quot;:0,&quot;file&quot;:1,&quot;active&quot;:1,&quot;group&quot;:&quot;&quot;,&quot;bonded&quot;:[],&quot;error&quot;:&quot;None&quot;,&quot;con_stat&quot;:&quot;Connecting&quot;,&quot;bitrate&quot;:0,&quot;dest&quot;:&quot;bonded/bonded4&quot;}]}
Debug printing ------&gt;&gt;&gt; {&quot;custom_data&quot;:&quot;&quot;,&quot;msg&quot;:&quot;Output deleted.&quot;,&quot;error&quot;:&quot;&quot;,&quot;outs&quot;:[{&quot;mip&quot;:&quot;live_recording.ts&quot;,&quot;port&quot;:0,&quot;ip&quot;:&quot;file&quot;,&quot;in_name&quot;:&quot;feederoutputname&quot;,&quot;in_active&quot;:1,&quot;in_active_sources&quot;:0,&quot;prg_name&quot;:&quot;&quot;,&quot;prg_prov&quot;:&quot;&quot;,&quot;prg_num&quot;:1,&quot;chan&quot;:&quot;&quot;,&quot;chan_id&quot;:-1,&quot;id&quot;:&quot;zixi://10.7.0.66:2088/feederout&quot;,&quot;type&quot;:2,&quot;name&quot;:&quot;feederoutputname&quot;,&quot;asi&quot;:0,&quot;rtmp&quot;:0,&quot;file&quot;:1,&quot;active&quot;:1,&quot;group&quot;:&quot;&quot;,&quot;error&quot;:&quot;Authentication&quot;,&quot;con_stat&quot;:&quot;Disconnected&quot;,&quot;bitrate&quot;:0,&quot;dest&quot;:&quot;10.7.0.66:2088/feederout&quot;},{&quot;mip&quot;:&quot;4000.ts&quot;,&quot;port&quot;:0,&quot;ip&quot;:&quot;file&quot;,&quot;in_name&quot;:&quot;bond&quot;,&quot;in_active&quot;:1,&quot;in_active_sources&quot;:0,&quot;prg_name&quot;:&quot;&quot;,&quot;prg_prov&quot;:&quot;&quot;,&quot;prg_num&quot;:-1,&quot;chan&quot;:&quot;&quot;,&quot;chan_id&quot;:-1,&quot;id&quot;:&quot;zixi://bonded(bonded1)#10.7.0.66:2088@10.7.0.65,192.168.60.66:2088@192.168.50.65,192.168.5.166:2088@192.168.5.165&quot;,&quot;type&quot;:2,&quot;name&quot;:&quot;bond1&quot;,&quot;asi&quot;:0,&quot;rtmp&quot;:0,&quot;file&quot;:1,&quot;active&quot;:1,&quot;group&quot;:&quot;&quot;,&quot;bonded&quot;:[],&quot;error&quot;:&quot;None&quot;,&quot;con_stat&quot;:&quot;Connecting&quot;,&quot;bitrate&quot;:0,&quot;dest&quot;:&quot;bonded/bonded1&quot;},{&quot;mip&quot;:&quot;4000.ts&quot;,&quot;port&quot;:0,&quot;ip&quot;:&quot;file&quot;,&quot;in_name&quot;:&quot;bond&quot;,&quot;in_active&quot;:1,&quot;in_active_sources&quot;:0,&quot;prg_name&quot;:&quot;&quot;,&quot;prg_prov&quot;:&quot;&quot;,&quot;prg_num&quot;:-1,&quot;chan&quot;:&quot;&quot;,&quot;chan_id&quot;:-1,&quot;id&quot;:&quot;zixi://bonded(bonded2)#10.7.0.66:2088@10.7.0.65,192.168.60.66:2088@192.168.50.65,192.168.5.166:2088@192.168.5.165&quot;,&quot;type&quot;:2,&quot;name&quot;:&quot;bond2&quot;,&quot;asi&quot;:0,&quot;rtmp&quot;:0,&quot;file&quot;:1,&quot;active&quot;:1,&quot;group&quot;:&quot;&quot;,&quot;bonded&quot;:[],&quot;error&quot;:&quot;None&quot;,&quot;con_stat&quot;:&quot;Connecting&quot;,&quot;bitrate&quot;:0,&quot;dest&quot;:&quot;bonded/bonded2&quot;},{&quot;mip&quot;:&quot;4000.ts&quot;,&quot;port&quot;:0,&quot;ip&quot;:&quot;file&quot;,&quot;in_name&quot;:&quot;bond&quot;,&quot;in_active&quot;:1,&quot;in_active_sources&quot;:0,&quot;prg_name&quot;:&quot;&quot;,&quot;prg_prov&quot;:&quot;&quot;,&quot;prg_num&quot;:-1,&quot;chan&quot;:&quot;&quot;,&quot;chan_id&quot;:-1,&quot;id&quot;:&quot;zixi://bonded(bonded3)#10.7.0.66:2088@10.7.0.65,192.168.60.66:2088@192.168.50.65,192.168.5.166:2088@192.168.5.165&quot;,&quot;type&quot;:2,&quot;name&quot;:&quot;bond3&quot;,&quot;asi&quot;:0,&quot;rtmp&quot;:0,&quot;file&quot;:1,&quot;active&quot;:1,&quot;group&quot;:&quot;&quot;,&quot;bonded&quot;:[],&quot;error&quot;:&quot;Timeout&quot;,&quot;con_stat&quot;:&quot;Connecting&quot;,&quot;bitrate&quot;:0,&quot;dest&quot;:&quot;bonded/bonded3&quot;}]}
Debug printing ------&gt;&gt;&gt; {&quot;custom_data&quot;:&quot;&quot;,&quot;msg&quot;:&quot;Output deleted.&quot;,&quot;error&quot;:&quot;&quot;,&quot;outs&quot;:[{&quot;mip&quot;:&quot;live_recording.ts&quot;,&quot;port&quot;:0,&quot;ip&quot;:&quot;file&quot;,&quot;in_name&quot;:&quot;feederoutputname&quot;,&quot;in_active&quot;:1,&quot;in_active_sources&quot;:0,&quot;prg_name&quot;:&quot;&quot;,&quot;prg_prov&quot;:&quot;&quot;,&quot;prg_num&quot;:1,&quot;chan&quot;:&quot;&quot;,&quot;chan_id&quot;:-1,&quot;id&quot;:&quot;zixi://10.7.0.66:2088/feederout&quot;,&quot;type&quot;:2,&quot;name&quot;:&quot;feederoutputname&quot;,&quot;asi&quot;:0,&quot;rtmp&quot;:0,&quot;file&quot;:1,&quot;active&quot;:1,&quot;group&quot;:&quot;&quot;,&quot;error&quot;:&quot;Authentication&quot;,&quot;con_stat&quot;:&quot;Disconnected&quot;,&quot;bitrate&quot;:0,&quot;dest&quot;:&quot;10.7.0.66:2088/feederout&quot;},{&quot;mip&quot;:&quot;4000.ts&quot;,&quot;port&quot;:0,&quot;ip&quot;:&quot;file&quot;,&quot;in_name&quot;:&quot;bond&quot;,&quot;in_active&quot;:1,&quot;in_active_sources&quot;:0,&quot;prg_name&quot;:&quot;&quot;,&quot;prg_prov&quot;:&quot;&quot;,&quot;prg_num&quot;:-1,&quot;chan&quot;:&quot;&quot;,&quot;chan_id&quot;:-1,&quot;id&quot;:&quot;zixi://bonded(bonded1)#10.7.0.66:2088@10.7.0.65,192.168.60.66:2088@192.168.50.65,192.168.5.166:2088@192.168.5.165&quot;,&quot;type&quot;:2,&quot;name&quot;:&quot;bond1&quot;,&quot;asi&quot;:0,&quot;rtmp&quot;:0,&quot;file&quot;:1,&quot;active&quot;:1,&quot;group&quot;:&quot;&quot;,&quot;bonded&quot;:[],&quot;error&quot;:&quot;None&quot;,&quot;con_stat&quot;:&quot;Connecting&quot;,&quot;bitrate&quot;:0,&quot;dest&quot;:&quot;bonded/bonded1&quot;},{&quot;mip&quot;:&quot;4000.ts&quot;,&quot;port&quot;:0,&quot;ip&quot;:&quot;file&quot;,&quot;in_name&quot;:&quot;bond&quot;,&quot;in_active&quot;:1,&quot;in_active_sources&quot;:0,&quot;prg_name&quot;:&quot;&quot;,&quot;prg_prov&quot;:&quot;&quot;,&quot;prg_num&quot;:-1,&quot;chan&quot;:&quot;&quot;,&quot;chan_id&quot;:-1,&quot;id&quot;:&quot;zixi://bonded(bonded2)#10.7.0.66:2088@10.7.0.65,192.168.60.66:2088@192.168.50.65,192.168.5.166:2088@192.168.5.165&quot;,&quot;type&quot;:2,&quot;name&quot;:&quot;bond2&quot;,&quot;asi&quot;:0,&quot;rtmp&quot;:0,&quot;file&quot;:1,&quot;active&quot;:1,&quot;group&quot;:&quot;&quot;,&quot;bonded&quot;:[],&quot;error&quot;:&quot;None&quot;,&quot;con_stat&quot;:&quot;Connecting&quot;,&quot;bitrate&quot;:0,&quot;dest&quot;:&quot;bonded/bonded2&quot;}]}
Debug printing ------&gt;&gt;&gt; {&quot;custom_data&quot;:&quot;&quot;,&quot;msg&quot;:&quot;Output deleted.&quot;,&quot;error&quot;:&quot;&quot;,&quot;outs&quot;:[{&quot;mip&quot;:&quot;live_recording.ts&quot;,&quot;port&quot;:0,&quot;ip&quot;:&quot;file&quot;,&quot;in_name&quot;:&quot;feederoutputname&quot;,&quot;in_active&quot;:1,&quot;in_active_sources&quot;:0,&quot;prg_name&quot;:&quot;&quot;,&quot;prg_prov&quot;:&quot;&quot;,&quot;prg_num&quot;:1,&quot;chan&quot;:&quot;&quot;,&quot;chan_id&quot;:-1,&quot;id&quot;:&quot;zixi://10.7.0.66:2088/feederout&quot;,&quot;type&quot;:2,&quot;name&quot;:&quot;feederoutputname&quot;,&quot;asi&quot;:0,&quot;rtmp&quot;:0,&quot;file&quot;:1,&quot;active&quot;:1,&quot;group&quot;:&quot;&quot;,&quot;error&quot;:&quot;Authentication&quot;,&quot;con_stat&quot;:&quot;Disconnected&quot;,&quot;bitrate&quot;:0,&quot;dest&quot;:&quot;10.7.0.66:2088/feederout&quot;},{&quot;mip&quot;:&quot;4000.ts&quot;,&quot;port&quot;:0,&quot;ip&quot;:&quot;file&quot;,&quot;in_name&quot;:&quot;bond&quot;,&quot;in_active&quot;:1,&quot;in_active_sources&quot;:0,&quot;prg_name&quot;:&quot;&quot;,&quot;prg_prov&quot;:&quot;&quot;,&quot;prg_num&quot;:-1,&quot;chan&quot;:&quot;&quot;,&quot;chan_id&quot;:-1,&quot;id&quot;:&quot;zixi://bonded(bonded1)#10.7.0.66:2088@10.7.0.65,192.168.60.66:2088@192.168.50.65,192.168.5.166:2088@192.168.5.165&quot;,&quot;type&quot;:2,&quot;name&quot;:&quot;bond1&quot;,&quot;asi&quot;:0,&quot;rtmp&quot;:0,&quot;file&quot;:1,&quot;active&quot;:1,&quot;group&quot;:&quot;&quot;,&quot;bonded&quot;:[],&quot;error&quot;:&quot;None&quot;,&quot;con_stat&quot;:&quot;Connecting&quot;,&quot;bitrate&quot;:0,&quot;dest&quot;:&quot;bonded/bonded1&quot;}]}
Debug printing ------&gt;&gt;&gt; {&quot;custom_data&quot;:&quot;&quot;,&quot;msg&quot;:&quot;Output deleted.&quot;,&quot;error&quot;:&quot;&quot;,&quot;outs&quot;:[{&quot;mip&quot;:&quot;live_recording.ts&quot;,&quot;port&quot;:0,&quot;ip&quot;:&quot;file&quot;,&quot;in_name&quot;:&quot;feederoutputname&quot;,&quot;in_active&quot;:1,&quot;in_active_sources&quot;:0,&quot;prg_name&quot;:&quot;&quot;,&quot;prg_prov&quot;:&quot;&quot;,&quot;prg_num&quot;:1,&quot;chan&quot;:&quot;&quot;,&quot;chan_id&quot;:-1,&quot;id&quot;:&quot;zixi://10.7.0.66:2088/feederout&quot;,&quot;type&quot;:2,&quot;name&quot;:&quot;feederoutputname&quot;,&quot;asi&quot;:0,&quot;rtmp&quot;:0,&quot;file&quot;:1,&quot;active&quot;:1,&quot;group&quot;:&quot;&quot;,&quot;error&quot;:&quot;Authentication&quot;,&quot;con_stat&quot;:&quot;Disconnected&quot;,&quot;bitrate&quot;:0,&quot;dest&quot;:&quot;10.7.0.66:2088/feederout&quot;}]}
Result is 
Result is Output deleted.
Result is Output deleted.
Result is Output deleted.
Result is Output deleted.
Result is Output deleted.
Result is Output deleted.
Result is Output deleted.
Result is Output deleted.
Result is Output deleted.
Result is Output deleted.
Result is Output deleted.
Result is Output deleted.
Result is Output deleted.
Result is Output deleted.
Result is Output deleted.
Result is Output deleted.
Result is Output deleted.
Result is Output deleted.
Result is Output deleted.
Result is Output deleted.
</system-out>
  </testcase>
  <testcase classname="com.zixi.load.testing.FeederBroadcasterBondingMultipleThreeLinkTest" name="broadcasterMultiplePullInCreation" time="1.824"/>
  <testcase classname="com.zixi.testing.BroadcasterUDPOutputStreamCreationTest" name="broadcasterPullInCreation" time="0.783"/>
  <testcase classname="com.zixi.load.testing.BroadcasterRundomInputStreamTest" name="broadcasterSwitchUdpOut" time="71.232"/>
  <testcase classname="com.zixi.testing.BroadcaserSingleOutputStreamDeletionTest" name="broadcasterSingleStreamRemoving" time="0.791"/>
  <testcase classname="com.zixi.load.testing.BroadcaserAllInputStreamDeletorTest" name="broadcasterDeleteAllInputs" time="0.923"/>
  <testcase classname="com.zixi.load.testing.FeederMultipleDeletionTest" name="broadcasterMultiplePullInCreation" time="0.755">
    <failure message="expected [pass] but found [failed]" type="java.lang.AssertionError">java.lang.AssertionError: expected [pass] but found [failed]
	at org.testng.Assert.fail(Assert.java:94)
	at org.testng.Assert.failNotEquals(Assert.java:496)
	at org.testng.Assert.assertEquals(Assert.java:125)
	at org.testng.Assert.assertEquals(Assert.java:178)
	at org.testng.Assert.assertEquals(Assert.java:188)
	at com.zixi.load.testing.FeederMultipleDeletionTest.broadcasterMultiplePullInCreation(FeederMultipleDeletionTest.java:41)
</failure>
    <system-out>Debug printing ------&gt;&gt;&gt; {&quot;custom_data&quot;:&quot;&quot;,&quot;msg&quot;:&quot;&quot;,&quot;error&quot;:&quot;Output not found.&quot;,&quot;outs&quot;:[{&quot;mip&quot;:&quot;live_recording.ts&quot;,&quot;port&quot;:0,&quot;ip&quot;:&quot;file&quot;,&quot;in_name&quot;:&quot;feederoutputname&quot;,&quot;in_active&quot;:1,&quot;in_active_sources&quot;:0,&quot;prg_name&quot;:&quot;&quot;,&quot;prg_prov&quot;:&quot;&quot;,&quot;prg_num&quot;:1,&quot;chan&quot;:&quot;&quot;,&quot;chan_id&quot;:-1,&quot;id&quot;:&quot;zixi://10.7.0.66:2088/feederout&quot;,&quot;type&quot;:2,&quot;name&quot;:&quot;feederoutputname&quot;,&quot;asi&quot;:0,&quot;rtmp&quot;:0,&quot;file&quot;:1,&quot;active&quot;:1,&quot;group&quot;:&quot;&quot;,&quot;error&quot;:&quot;Authentication&quot;,&quot;con_stat&quot;:&quot;Disconnected&quot;,&quot;bitrate&quot;:0,&quot;dest&quot;:&quot;10.7.0.66:2088/feederout&quot;},{&quot;mip&quot;:&quot;4000.ts&quot;,&quot;port&quot;:0,&quot;ip&quot;:&quot;file&quot;,&quot;in_name&quot;:&quot;bond&quot;,&quot;in_active&quot;:1,&quot;in_active_sources&quot;:0,&quot;prg_name&quot;:&quot;&quot;,&quot;prg_prov&quot;:&quot;&quot;,&quot;prg_num&quot;:-1,&quot;chan&quot;:&quot;&quot;,&quot;chan_id&quot;:-1,&quot;id&quot;:&quot;zixi://bonded(bonded9)#10.7.0.66:2088@10.7.0.65,192.168.60.66:2088@192.168.50.65,192.168.5.166:2088@192.168.5.165&quot;,&quot;type&quot;:2,&quot;name&quot;:&quot;bond9&quot;,&quot;asi&quot;:0,&quot;rtmp&quot;:0,&quot;file&quot;:1,&quot;active&quot;:1,&quot;group&quot;:&quot;&quot;,&quot;bonded&quot;:[{&quot;host&quot;:&quot;10.7.0.66&quot;,&quot;port&quot;:2088,&quot;nic&quot;:&quot;10.7.0.65&quot;,&quot;limit&quot;:0,&quot;is_backup&quot;:0,&quot;bitrate&quot;:2819803,&quot;up_time&quot;:62,&quot;error_code&quot;:0,&quot;status_code&quot;:3,&quot;error_str&quot;:&quot;None&quot;,&quot;status_str&quot;:&quot;Connected&quot;},{&quot;host&quot;:&quot;192.168.60.66&quot;,&quot;port&quot;:2088,&quot;nic&quot;:&quot;192.168.50.65&quot;,&quot;limit&quot;:0,&quot;is_backup&quot;:0,&quot;bitrate&quot;:0,&quot;up_time&quot;:0,&quot;error_code&quot;:3,&quot;status_code&quot;:1,&quot;error_str&quot;:&quot;Timeout&quot;,&quot;status_str&quot;:&quot;Connecting&quot;},{&quot;host&quot;:&quot;192.168.5.166&quot;,&quot;port&quot;:2088,&quot;nic&quot;:&quot;192.168.5.165&quot;,&quot;limit&quot;:0,&quot;is_backup&quot;:0,&quot;bitrate&quot;:2855093,&quot;up_time&quot;:62,&quot;error_code&quot;:0,&quot;status_code&quot;:3,&quot;error_str&quot;:&quot;None&quot;,&quot;status_str&quot;:&quot;Connected&quot;}],&quot;error&quot;:&quot;None&quot;,&quot;con_stat&quot;:&quot;Disconnected&quot;,&quot;bitrate&quot;:5611380,&quot;dest&quot;:&quot;bonded/bonded9&quot;},{&quot;mip&quot;:&quot;4000.ts&quot;,&quot;port&quot;:0,&quot;ip&quot;:&quot;file&quot;,&quot;in_name&quot;:&quot;bond&quot;,&quot;in_active&quot;:1,&quot;in_active_sources&quot;:0,&quot;prg_name&quot;:&quot;&quot;,&quot;prg_prov&quot;:&quot;&quot;,&quot;prg_num&quot;:-1,&quot;chan&quot;:&quot;&quot;,&quot;chan_id&quot;:-1,&quot;id&quot;:&quot;zixi://bonded(bonded17)#10.7.0.66:2088@10.7.0.65,192.168.60.66:2088@192.168.50.65,192.168.5.166:2088@192.168.5.165&quot;,&quot;type&quot;:2,&quot;name&quot;:&quot;bond17&quot;,&quot;asi&quot;:0,&quot;rtmp&quot;:0,&quot;file&quot;:1,&quot;active&quot;:1,&quot;group&quot;:&quot;&quot;,&quot;bonded&quot;:[{&quot;host&quot;:&quot;10.7.0.66&quot;,&quot;port&quot;:2088,&quot;nic&quot;:&quot;10.7.0.65&quot;,&quot;limit&quot;:0,&quot;is_backup&quot;:0,&quot;bitrate&quot;:2769138,&quot;up_time&quot;:62,&quot;error_code&quot;:0,&quot;status_code&quot;:3,&quot;error_str&quot;:&quot;None&quot;,&quot;status_str&quot;:&quot;Connected&quot;},{&quot;host&quot;:&quot;192.168.60.66&quot;,&quot;port&quot;:2088,&quot;nic&quot;:&quot;192.168.50.65&quot;,&quot;limit&quot;:0,&quot;is_backup&quot;:0,&quot;bitrate&quot;:0,&quot;up_time&quot;:0,&quot;error_code&quot;:3,&quot;status_code&quot;:1,&quot;error_str&quot;:&quot;Timeout&quot;,&quot;status_str&quot;:&quot;Connecting&quot;},{&quot;host&quot;:&quot;192.168.5.166&quot;,&quot;port&quot;:2088,&quot;nic&quot;:&quot;192.168.5.165&quot;,&quot;limit&quot;:0,&quot;is_backup&quot;:0,&quot;bitrate&quot;:2918682,&quot;up_time&quot;:62,&quot;error_code&quot;:0,&quot;status_code&quot;:3,&quot;error_str&quot;:&quot;None&quot;,&quot;status_str&quot;:&quot;Connected&quot;}],&quot;error&quot;:&quot;None&quot;,&quot;con_stat&quot;:&quot;Disconnected&quot;,&quot;bitrate&quot;:5640336,&quot;dest&quot;:&quot;bonded/bonded17&quot;},{&quot;mip&quot;:&quot;4000.ts&quot;,&quot;port&quot;:0,&quot;ip&quot;:&quot;file&quot;,&quot;in_name&quot;:&quot;bond&quot;,&quot;in_active&quot;:1,&quot;in_active_sources&quot;:0,&quot;prg_name&quot;:&quot;&quot;,&quot;prg_prov&quot;:&quot;&quot;,&quot;prg_num&quot;:-1,&quot;chan&quot;:&quot;&quot;,&quot;chan_id&quot;:-1,&quot;id&quot;:&quot;zixi://bonded(bonded16)#10.7.0.66:2088@10.7.0.65,192.168.60.66:2088@192.168.50.65,192.168.5.166:2088@192.168.5.165&quot;,&quot;type&quot;:2,&quot;name&quot;:&quot;bond16&quot;,&quot;asi&quot;:0,&quot;rtmp&quot;:0,&quot;file&quot;:1,&quot;active&quot;:1,&quot;group&quot;:&quot;&quot;,&quot;bonded&quot;:[{&quot;host&quot;:&quot;10.7.0.66&quot;,&quot;port&quot;:2088,&quot;nic&quot;:&quot;10.7.0.65&quot;,&quot;limit&quot;:0,&quot;is_backup&quot;:0,&quot;bitrate&quot;:2790941,&quot;up_time&quot;:62,&quot;error_code&quot;:0,&quot;status_code&quot;:3,&quot;error_str&quot;:&quot;None&quot;,&quot;status_str&quot;:&quot;Connected&quot;},{&quot;host&quot;:&quot;192.168.60.66&quot;,&quot;port&quot;:2088,&quot;nic&quot;:&quot;192.168.50.65&quot;,&quot;limit&quot;:0,&quot;is_backup&quot;:0,&quot;bitrate&quot;:0,&quot;up_time&quot;:0,&quot;error_code&quot;:3,&quot;status_code&quot;:1,&quot;error_str&quot;:&quot;Timeout&quot;,&quot;status_str&quot;:&quot;Connecting&quot;},{&quot;host&quot;:&quot;192.168.5.166&quot;,&quot;port&quot;:2088,&quot;nic&quot;:&quot;192.168.5.165&quot;,&quot;limit&quot;:0,&quot;is_backup&quot;:0,&quot;bitrate&quot;:2882952,&quot;up_time&quot;:62,&quot;error_code&quot;:0,&quot;status_code&quot;:3,&quot;error_str&quot;:&quot;None&quot;,&quot;status_str&quot;:&quot;Connected&quot;}],&quot;error&quot;:&quot;None&quot;,&quot;con_stat&quot;:&quot;Disconnected&quot;,&quot;bitrate&quot;:5613170,&quot;dest&quot;:&quot;bonded/bonded16&quot;},{&quot;mip&quot;:&quot;4000.ts&quot;,&quot;port&quot;:0,&quot;ip&quot;:&quot;file&quot;,&quot;in_name&quot;:&quot;bond&quot;,&quot;in_active&quot;:1,&quot;in_active_sources&quot;:0,&quot;prg_name&quot;:&quot;&quot;,&quot;prg_prov&quot;:&quot;&quot;,&quot;prg_num&quot;:-1,&quot;chan&quot;:&quot;&quot;,&quot;chan_id&quot;:-1,&quot;id&quot;:&quot;zixi://bonded(bonded13)#10.7.0.66:2088@10.7.0.65,192.168.60.66:2088@192.168.50.65,192.168.5.166:2088@192.168.5.165&quot;,&quot;type&quot;:2,&quot;name&quot;:&quot;bond13&quot;,&quot;asi&quot;:0,&quot;rtmp&quot;:0,&quot;file&quot;:1,&quot;active&quot;:1,&quot;group&quot;:&quot;&quot;,&quot;bonded&quot;:[{&quot;host&quot;:&quot;10.7.0.66&quot;,&quot;port&quot;:2088,&quot;nic&quot;:&quot;10.7.0.65&quot;,&quot;limit&quot;:0,&quot;is_backup&quot;:0,&quot;bitrate&quot;:2925881,&quot;up_time&quot;:62,&quot;error_code&quot;:0,&quot;status_code&quot;:3,&quot;error_str&quot;:&quot;None&quot;,&quot;status_str&quot;:&quot;Connected&quot;},{&quot;host&quot;:&quot;192.168.60.66&quot;,&quot;port&quot;:2088,&quot;nic&quot;:&quot;192.168.50.65&quot;,&quot;limit&quot;:0,&quot;is_backup&quot;:0,&quot;bitrate&quot;:0,&quot;up_time&quot;:0,&quot;error_code&quot;:3,&quot;status_code&quot;:1,&quot;error_str&quot;:&quot;Timeout&quot;,&quot;status_str&quot;:&quot;Connecting&quot;},{&quot;host&quot;:&quot;192.168.5.166&quot;,&quot;port&quot;:2088,&quot;nic&quot;:&quot;192.168.5.165&quot;,&quot;limit&quot;:0,&quot;is_backup&quot;:0,&quot;bitrate&quot;:2751967,&quot;up_time&quot;:62,&quot;error_code&quot;:0,&quot;status_code&quot;:3,&quot;error_str&quot;:&quot;None&quot;,&quot;status_str&quot;:&quot;Connected&quot;}],&quot;error&quot;:&quot;None&quot;,&quot;con_stat&quot;:&quot;Disconnected&quot;,&quot;bitrate&quot;:5608328,&quot;dest&quot;:&quot;bonded/bonded13&quot;},{&quot;mip&quot;:&quot;4000.ts&quot;,&quot;port&quot;:0,&quot;ip&quot;:&quot;file&quot;,&quot;in_name&quot;:&quot;bond&quot;,&quot;in_active&quot;:1,&quot;in_active_sources&quot;:0,&quot;prg_name&quot;:&quot;&quot;,&quot;prg_prov&quot;:&quot;&quot;,&quot;prg_num&quot;:-1,&quot;chan&quot;:&quot;&quot;,&quot;chan_id&quot;:-1,&quot;id&quot;:&quot;zixi://bonded(bonded19)#10.7.0.66:2088@10.7.0.65,192.168.60.66:2088@192.168.50.65,192.168.5.166:2088@192.168.5.165&quot;,&quot;type&quot;:2,&quot;name&quot;:&quot;bond19&quot;,&quot;asi&quot;:0,&quot;rtmp&quot;:0,&quot;file&quot;:1,&quot;active&quot;:1,&quot;group&quot;:&quot;&quot;,&quot;bonded&quot;:[{&quot;host&quot;:&quot;10.7.0.66&quot;,&quot;port&quot;:2088,&quot;nic&quot;:&quot;10.7.0.65&quot;,&quot;limit&quot;:0,&quot;is_backup&quot;:0,&quot;bitrate&quot;:2867663,&quot;up_time&quot;:62,&quot;error_code&quot;:0,&quot;status_code&quot;:3,&quot;error_str&quot;:&quot;None&quot;,&quot;status_str&quot;:&quot;Connected&quot;},{&quot;host&quot;:&quot;192.168.60.66&quot;,&quot;port&quot;:2088,&quot;nic&quot;:&quot;192.168.50.65&quot;,&quot;limit&quot;:0,&quot;is_backup&quot;:0,&quot;bitrate&quot;:0,&quot;up_time&quot;:0,&quot;error_code&quot;:3,&quot;status_code&quot;:1,&quot;error_str&quot;:&quot;Timeout&quot;,&quot;status_str&quot;:&quot;Connecting&quot;},{&quot;host&quot;:&quot;192.168.5.166&quot;,&quot;port&quot;:2088,&quot;nic&quot;:&quot;192.168.5.165&quot;,&quot;limit&quot;:0,&quot;is_backup&quot;:0,&quot;bitrate&quot;:2800594,&quot;up_time&quot;:62,&quot;error_code&quot;:0,&quot;status_code&quot;:3,&quot;error_str&quot;:&quot;None&quot;,&quot;status_str&quot;:&quot;Connected&quot;}],&quot;error&quot;:&quot;None&quot;,&quot;con_stat&quot;:&quot;Disconnected&quot;,&quot;bitrate&quot;:5591568,&quot;dest&quot;:&quot;bonded/bonded19&quot;},{&quot;mip&quot;:&quot;4000.ts&quot;,&quot;port&quot;:0,&quot;ip&quot;:&quot;file&quot;,&quot;in_name&quot;:&quot;bond&quot;,&quot;in_active&quot;:1,&quot;in_active_sources&quot;:0,&quot;prg_name&quot;:&quot;&quot;,&quot;prg_prov&quot;:&quot;&quot;,&quot;prg_num&quot;:-1,&quot;chan&quot;:&quot;&quot;,&quot;chan_id&quot;:-1,&quot;id&quot;:&quot;zixi://bonded(bonded12)#10.7.0.66:2088@10.7.0.65,192.168.60.66:2088@192.168.50.65,192.168.5.166:2088@192.168.5.165&quot;,&quot;type&quot;:2,&quot;name&quot;:&quot;bond12&quot;,&quot;asi&quot;:0,&quot;rtmp&quot;:0,&quot;file&quot;:1,&quot;active&quot;:1,&quot;group&quot;:&quot;&quot;,&quot;bonded&quot;:[{&quot;host&quot;:&quot;10.7.0.66&quot;,&quot;port&quot;:2088,&quot;nic&quot;:&quot;10.7.0.65&quot;,&quot;limit&quot;:0,&quot;is_backup&quot;:0,&quot;bitrate&quot;:2846629,&quot;up_time&quot;:62,&quot;error_code&quot;:0,&quot;status_code&quot;:3,&quot;error_str&quot;:&quot;None&quot;,&quot;status_str&quot;:&quot;Connected&quot;},{&quot;host&quot;:&quot;192.168.60.66&quot;,&quot;port&quot;:2088,&quot;nic&quot;:&quot;192.168.50.65&quot;,&quot;limit&quot;:0,&quot;is_backup&quot;:0,&quot;bitrate&quot;:0,&quot;up_time&quot;:0,&quot;error_code&quot;:3,&quot;status_code&quot;:1,&quot;error_str&quot;:&quot;Timeout&quot;,&quot;status_str&quot;:&quot;Connecting&quot;},{&quot;host&quot;:&quot;192.168.5.166&quot;,&quot;port&quot;:2088,&quot;nic&quot;:&quot;192.168.5.165&quot;,&quot;limit&quot;:0,&quot;is_backup&quot;:0,&quot;bitrate&quot;:2830048,&quot;up_time&quot;:62,&quot;error_code&quot;:0,&quot;status_code&quot;:3,&quot;error_str&quot;:&quot;None&quot;,&quot;status_str&quot;:&quot;Connected&quot;}],&quot;error&quot;:&quot;None&quot;,&quot;con_stat&quot;:&quot;Disconnected&quot;,&quot;bitrate&quot;:5608208,&quot;dest&quot;:&quot;bonded/bonded12&quot;},{&quot;mip&quot;:&quot;4000.ts&quot;,&quot;port&quot;:0,&quot;ip&quot;:&quot;file&quot;,&quot;in_name&quot;:&quot;bond&quot;,&quot;in_active&quot;:1,&quot;in_active_sources&quot;:0,&quot;prg_name&quot;:&quot;&quot;,&quot;prg_prov&quot;:&quot;&quot;,&quot;prg_num&quot;:-1,&quot;chan&quot;:&quot;&quot;,&quot;chan_id&quot;:-1,&quot;id&quot;:&quot;zixi://bonded(bonded18)#10.7.0.66:2088@10.7.0.65,192.168.60.66:2088@192.168.50.65,192.168.5.166:2088@192.168.5.165&quot;,&quot;type&quot;:2,&quot;name&quot;:&quot;bond18&quot;,&quot;asi&quot;:0,&quot;rtmp&quot;:0,&quot;file&quot;:1,&quot;active&quot;:1,&quot;group&quot;:&quot;&quot;,&quot;bonded&quot;:[{&quot;host&quot;:&quot;10.7.0.66&quot;,&quot;port&quot;:2088,&quot;nic&quot;:&quot;10.7.0.65&quot;,&quot;limit&quot;:0,&quot;is_backup&quot;:0,&quot;bitrate&quot;:2764628,&quot;up_time&quot;:62,&quot;error_code&quot;:0,&quot;status_code&quot;:3,&quot;error_str&quot;:&quot;None&quot;,&quot;status_str&quot;:&quot;Connected&quot;},{&quot;host&quot;:&quot;192.168.60.66&quot;,&quot;port&quot;:2088,&quot;nic&quot;:&quot;192.168.50.65&quot;,&quot;limit&quot;:0,&quot;is_backup&quot;:0,&quot;bitrate&quot;:0,&quot;up_time&quot;:0,&quot;error_code&quot;:3,&quot;status_code&quot;:1,&quot;error_str&quot;:&quot;Timeout&quot;,&quot;status_str&quot;:&quot;Connecting&quot;},{&quot;host&quot;:&quot;192.168.5.166&quot;,&quot;port&quot;:2088,&quot;nic&quot;:&quot;192.168.5.165&quot;,&quot;limit&quot;:0,&quot;is_backup&quot;:0,&quot;bitrate&quot;:2898112,&quot;up_time&quot;:62,&quot;error_code&quot;:0,&quot;status_code&quot;:3,&quot;error_str&quot;:&quot;None&quot;,&quot;status_str&quot;:&quot;Connected&quot;}],&quot;error&quot;:&quot;None&quot;,&quot;con_stat&quot;:&quot;Disconnected&quot;,&quot;bitrate&quot;:5612691,&quot;dest&quot;:&quot;bonded/bonded18&quot;},{&quot;mip&quot;:&quot;4000.ts&quot;,&quot;port&quot;:0,&quot;ip&quot;:&quot;file&quot;,&quot;in_name&quot;:&quot;bond&quot;,&quot;in_active&quot;:1,&quot;in_active_sources&quot;:0,&quot;prg_name&quot;:&quot;&quot;,&quot;prg_prov&quot;:&quot;&quot;,&quot;prg_num&quot;:-1,&quot;chan&quot;:&quot;&quot;,&quot;chan_id&quot;:-1,&quot;id&quot;:&quot;zixi://bonded(bonded11)#10.7.0.66:2088@10.7.0.65,192.168.60.66:2088@192.168.50.65,192.168.5.166:2088@192.168.5.165&quot;,&quot;type&quot;:2,&quot;name&quot;:&quot;bond11&quot;,&quot;asi&quot;:0,&quot;rtmp&quot;:0,&quot;file&quot;:1,&quot;active&quot;:1,&quot;group&quot;:&quot;&quot;,&quot;bonded&quot;:[{&quot;host&quot;:&quot;10.7.0.66&quot;,&quot;port&quot;:2088,&quot;nic&quot;:&quot;10.7.0.65&quot;,&quot;limit&quot;:0,&quot;is_backup&quot;:0,&quot;bitrate&quot;:2835313,&quot;up_time&quot;:62,&quot;error_code&quot;:0,&quot;status_code&quot;:3,&quot;error_str&quot;:&quot;None&quot;,&quot;status_str&quot;:&quot;Connected&quot;},{&quot;host&quot;:&quot;192.168.60.66&quot;,&quot;port&quot;:2088,&quot;nic&quot;:&quot;192.168.50.65&quot;,&quot;limit&quot;:0,&quot;is_backup&quot;:0,&quot;bitrate&quot;:0,&quot;up_time&quot;:0,&quot;error_code&quot;:3,&quot;status_code&quot;:1,&quot;error_str&quot;:&quot;Timeout&quot;,&quot;status_str&quot;:&quot;Connecting&quot;},{&quot;host&quot;:&quot;192.168.5.166&quot;,&quot;port&quot;:2088,&quot;nic&quot;:&quot;192.168.5.165&quot;,&quot;limit&quot;:0,&quot;is_backup&quot;:0,&quot;bitrate&quot;:2837955,&quot;up_time&quot;:62,&quot;error_code&quot;:0,&quot;status_code&quot;:3,&quot;error_str&quot;:&quot;None&quot;,&quot;status_str&quot;:&quot;Connected&quot;}],&quot;error&quot;:&quot;None&quot;,&quot;con_stat&quot;:&quot;Disconnected&quot;,&quot;bitrate&quot;:5618336,&quot;dest&quot;:&quot;bonded/bonded11&quot;},{&quot;mip&quot;:&quot;4000.ts&quot;,&quot;port&quot;:0,&quot;ip&quot;:&quot;file&quot;,&quot;in_name&quot;:&quot;bond&quot;,&quot;in_active&quot;:1,&quot;in_active_sources&quot;:0,&quot;prg_name&quot;:&quot;&quot;,&quot;prg_prov&quot;:&quot;&quot;,&quot;prg_num&quot;:-1,&quot;chan&quot;:&quot;&quot;,&quot;chan_id&quot;:-1,&quot;id&quot;:&quot;zixi://bonded(bonded10)#10.7.0.66:2088@10.7.0.65,192.168.60.66:2088@192.168.50.65,192.168.5.166:2088@192.168.5.165&quot;,&quot;type&quot;:2,&quot;name&quot;:&quot;bond10&quot;,&quot;asi&quot;:0,&quot;rtmp&quot;:0,&quot;file&quot;:1,&quot;active&quot;:1,&quot;group&quot;:&quot;&quot;,&quot;bonded&quot;:[{&quot;host&quot;:&quot;10.7.0.66&quot;,&quot;port&quot;:2088,&quot;nic&quot;:&quot;10.7.0.65&quot;,&quot;limit&quot;:0,&quot;is_backup&quot;:0,&quot;bitrate&quot;:2844362,&quot;up_time&quot;:62,&quot;error_code&quot;:0,&quot;status_code&quot;:3,&quot;error_str&quot;:&quot;None&quot;,&quot;status_str&quot;:&quot;Connected&quot;},{&quot;host&quot;:&quot;192.168.60.66&quot;,&quot;port&quot;:2088,&quot;nic&quot;:&quot;192.168.50.65&quot;,&quot;limit&quot;:0,&quot;is_backup&quot;:0,&quot;bitrate&quot;:0,&quot;up_time&quot;:0,&quot;error_code&quot;:3,&quot;status_code&quot;:1,&quot;error_str&quot;:&quot;Timeout&quot;,&quot;status_str&quot;:&quot;Connecting&quot;},{&quot;host&quot;:&quot;192.168.5.166&quot;,&quot;port&quot;:2088,&quot;nic&quot;:&quot;192.168.5.165&quot;,&quot;limit&quot;:0,&quot;is_backup&quot;:0,&quot;bitrate&quot;:2823903,&quot;up_time&quot;:62,&quot;error_code&quot;:0,&quot;status_code&quot;:3,&quot;error_str&quot;:&quot;None&quot;,&quot;status_str&quot;:&quot;Connected&quot;}],&quot;error&quot;:&quot;None&quot;,&quot;con_stat&quot;:&quot;Disconnected&quot;,&quot;bitrate&quot;:5596352,&quot;dest&quot;:&quot;bonded/bonded10&quot;},{&quot;mip&quot;:&quot;4000.ts&quot;,&quot;port&quot;:0,&quot;ip&quot;:&quot;file&quot;,&quot;in_name&quot;:&quot;bond&quot;,&quot;in_active&quot;:1,&quot;in_active_sources&quot;:0,&quot;prg_name&quot;:&quot;&quot;,&quot;prg_prov&quot;:&quot;&quot;,&quot;prg_num&quot;:-1,&quot;chan&quot;:&quot;&quot;,&quot;chan_id&quot;:-1,&quot;id&quot;:&quot;zixi://bonded(bonded15)#10.7.0.66:2088@10.7.0.65,192.168.60.66:2088@192.168.50.65,192.168.5.166:2088@192.168.5.165&quot;,&quot;type&quot;:2,&quot;name&quot;:&quot;bond15&quot;,&quot;asi&quot;:0,&quot;rtmp&quot;:0,&quot;file&quot;:1,&quot;active&quot;:1,&quot;group&quot;:&quot;&quot;,&quot;bonded&quot;:[{&quot;host&quot;:&quot;10.7.0.66&quot;,&quot;port&quot;:2088,&quot;nic&quot;:&quot;10.7.0.65&quot;,&quot;limit&quot;:0,&quot;is_backup&quot;:0,&quot;bitrate&quot;:2849547,&quot;up_time&quot;:62,&quot;error_code&quot;:0,&quot;status_code&quot;:3,&quot;error_str&quot;:&quot;None&quot;,&quot;status_str&quot;:&quot;Connected&quot;},{&quot;host&quot;:&quot;192.168.60.66&quot;,&quot;port&quot;:2088,&quot;nic&quot;:&quot;192.168.50.65&quot;,&quot;limit&quot;:0,&quot;is_backup&quot;:0,&quot;bitrate&quot;:0,&quot;up_time&quot;:0,&quot;error_code&quot;:3,&quot;status_code&quot;:1,&quot;error_str&quot;:&quot;Timeout&quot;,&quot;status_str&quot;:&quot;Connecting&quot;},{&quot;host&quot;:&quot;192.168.5.166&quot;,&quot;port&quot;:2088,&quot;nic&quot;:&quot;192.168.5.165&quot;,&quot;limit&quot;:0,&quot;is_backup&quot;:0,&quot;bitrate&quot;:2819751,&quot;up_time&quot;:62,&quot;error_code&quot;:0,&quot;status_code&quot;:3,&quot;error_str&quot;:&quot;None&quot;,&quot;status_str&quot;:&quot;Connected&quot;}],&quot;error&quot;:&quot;None&quot;,&quot;con_stat&quot;:&quot;Disconnected&quot;,&quot;bitrate&quot;:5611476,&quot;dest&quot;:&quot;bonded/bonded15&quot;},{&quot;mip&quot;:&quot;4000.ts&quot;,&quot;port&quot;:0,&quot;ip&quot;:&quot;file&quot;,&quot;in_name&quot;:&quot;bond&quot;,&quot;in_active&quot;:1,&quot;in_active_sources&quot;:0,&quot;prg_name&quot;:&quot;&quot;,&quot;prg_prov&quot;:&quot;&quot;,&quot;prg_num&quot;:-1,&quot;chan&quot;:&quot;&quot;,&quot;chan_id&quot;:-1,&quot;id&quot;:&quot;zixi://bonded(bonded0)#10.7.0.66:2088@10.7.0.65,192.168.60.66:2088@192.168.50.65,192.168.5.166:2088@192.168.5.165&quot;,&quot;type&quot;:2,&quot;name&quot;:&quot;bond0&quot;,&quot;asi&quot;:0,&quot;rtmp&quot;:0,&quot;file&quot;:1,&quot;active&quot;:1,&quot;group&quot;:&quot;&quot;,&quot;bonded&quot;:[{&quot;host&quot;:&quot;10.7.0.66&quot;,&quot;port&quot;:2088,&quot;nic&quot;:&quot;10.7.0.65&quot;,&quot;limit&quot;:0,&quot;is_backup&quot;:0,&quot;bitrate&quot;:2818749,&quot;up_time&quot;:62,&quot;error_code&quot;:0,&quot;status_code&quot;:3,&quot;error_str&quot;:&quot;None&quot;,&quot;status_str&quot;:&quot;Connected&quot;},{&quot;host&quot;:&quot;192.168.60.66&quot;,&quot;port&quot;:2088,&quot;nic&quot;:&quot;192.168.50.65&quot;,&quot;limit&quot;:0,&quot;is_backup&quot;:0,&quot;bitrate&quot;:0,&quot;up_time&quot;:0,&quot;error_code&quot;:3,&quot;status_code&quot;:1,&quot;error_str&quot;:&quot;Timeout&quot;,&quot;status_str&quot;:&quot;Connecting&quot;},{&quot;host&quot;:&quot;192.168.5.166&quot;,&quot;port&quot;:2088,&quot;nic&quot;:&quot;192.168.5.165&quot;,&quot;limit&quot;:0,&quot;is_backup&quot;:0,&quot;bitrate&quot;:2851191,&quot;up_time&quot;:62,&quot;error_code&quot;:0,&quot;status_code&quot;:3,&quot;error_str&quot;:&quot;None&quot;,&quot;status_str&quot;:&quot;Connected&quot;}],&quot;error&quot;:&quot;None&quot;,&quot;con_stat&quot;:&quot;Disconnected&quot;,&quot;bitrate&quot;:5603660,&quot;dest&quot;:&quot;bonded/bonded0&quot;},{&quot;mip&quot;:&quot;4000.ts&quot;,&quot;port&quot;:0,&quot;ip&quot;:&quot;file&quot;,&quot;in_name&quot;:&quot;bond&quot;,&quot;in_active&quot;:1,&quot;in_active_sources&quot;:0,&quot;prg_name&quot;:&quot;&quot;,&quot;prg_prov&quot;:&quot;&quot;,&quot;prg_num&quot;:-1,&quot;chan&quot;:&quot;&quot;,&quot;chan_id&quot;:-1,&quot;id&quot;:&quot;zixi://bonded(bonded14)#10.7.0.66:2088@10.7.0.65,192.168.60.66:2088@192.168.50.65,192.168.5.166:2088@192.168.5.165&quot;,&quot;type&quot;:2,&quot;name&quot;:&quot;bond14&quot;,&quot;asi&quot;:0,&quot;rtmp&quot;:0,&quot;file&quot;:1,&quot;active&quot;:1,&quot;group&quot;:&quot;&quot;,&quot;bonded&quot;:[{&quot;host&quot;:&quot;10.7.0.66&quot;,&quot;port&quot;:2088,&quot;nic&quot;:&quot;10.7.0.65&quot;,&quot;limit&quot;:0,&quot;is_backup&quot;:0,&quot;bitrate&quot;:2889705,&quot;up_time&quot;:62,&quot;error_code&quot;:0,&quot;status_code&quot;:3,&quot;error_str&quot;:&quot;None&quot;,&quot;status_str&quot;:&quot;Connected&quot;},{&quot;host&quot;:&quot;192.168.60.66&quot;,&quot;port&quot;:2088,&quot;nic&quot;:&quot;192.168.50.65&quot;,&quot;limit&quot;:0,&quot;is_backup&quot;:0,&quot;bitrate&quot;:0,&quot;up_time&quot;:0,&quot;error_code&quot;:3,&quot;status_code&quot;:1,&quot;error_str&quot;:&quot;Timeout&quot;,&quot;status_str&quot;:&quot;Connecting&quot;},{&quot;host&quot;:&quot;192.168.5.166&quot;,&quot;port&quot;:2088,&quot;nic&quot;:&quot;192.168.5.165&quot;,&quot;limit&quot;:0,&quot;is_backup&quot;:0,&quot;bitrate&quot;:2779265,&quot;up_time&quot;:62,&quot;error_code&quot;:0,&quot;status_code&quot;:3,&quot;error_str&quot;:&quot;None&quot;,&quot;status_str&quot;:&quot;Connected&quot;}],&quot;error&quot;:&quot;None&quot;,&quot;con_stat&quot;:&quot;Disconnected&quot;,&quot;bitrate&quot;:5621946,&quot;dest&quot;:&quot;bonded/bonded14&quot;},{&quot;mip&quot;:&quot;4000.ts&quot;,&quot;port&quot;:0,&quot;ip&quot;:&quot;file&quot;,&quot;in_name&quot;:&quot;bond&quot;,&quot;in_active&quot;:1,&quot;in_active_sources&quot;:0,&quot;prg_name&quot;:&quot;&quot;,&quot;prg_prov&quot;:&quot;&quot;,&quot;prg_num&quot;:-1,&quot;chan&quot;:&quot;&quot;,&quot;chan_id&quot;:-1,&quot;id&quot;:&quot;zixi://bonded(bonded7)#10.7.0.66:2088@10.7.0.65,192.168.60.66:2088@192.168.50.65,192.168.5.166:2088@192.168.5.165&quot;,&quot;type&quot;:2,&quot;name&quot;:&quot;bond7&quot;,&quot;asi&quot;:0,&quot;rtmp&quot;:0,&quot;file&quot;:1,&quot;active&quot;:1,&quot;group&quot;:&quot;&quot;,&quot;bonded&quot;:[{&quot;host&quot;:&quot;10.7.0.66&quot;,&quot;port&quot;:2088,&quot;nic&quot;:&quot;10.7.0.65&quot;,&quot;limit&quot;:0,&quot;is_backup&quot;:0,&quot;bitrate&quot;:2779582,&quot;up_time&quot;:62,&quot;error_code&quot;:0,&quot;status_code&quot;:3,&quot;error_str&quot;:&quot;None&quot;,&quot;status_str&quot;:&quot;Connected&quot;},{&quot;host&quot;:&quot;192.168.60.66&quot;,&quot;port&quot;:2088,&quot;nic&quot;:&quot;192.168.50.65&quot;,&quot;limit&quot;:0,&quot;is_backup&quot;:0,&quot;bitrate&quot;:0,&quot;up_time&quot;:0,&quot;error_code&quot;:3,&quot;status_code&quot;:1,&quot;error_str&quot;:&quot;Timeout&quot;,&quot;status_str&quot;:&quot;Connecting&quot;},{&quot;host&quot;:&quot;192.168.5.166&quot;,&quot;port&quot;:2088,&quot;nic&quot;:&quot;192.168.5.165&quot;,&quot;limit&quot;:0,&quot;is_backup&quot;:0,&quot;bitrate&quot;:2881369,&quot;up_time&quot;:62,&quot;error_code&quot;:0,&quot;status_code&quot;:3,&quot;error_str&quot;:&quot;None&quot;,&quot;status_str&quot;:&quot;Connected&quot;}],&quot;error&quot;:&quot;None&quot;,&quot;con_stat&quot;:&quot;Disconnected&quot;,&quot;bitrate&quot;:5595592,&quot;dest&quot;:&quot;bonded/bonded7&quot;},{&quot;mip&quot;:&quot;4000.ts&quot;,&quot;port&quot;:0,&quot;ip&quot;:&quot;file&quot;,&quot;in_name&quot;:&quot;bond&quot;,&quot;in_active&quot;:1,&quot;in_active_sources&quot;:0,&quot;prg_name&quot;:&quot;&quot;,&quot;prg_prov&quot;:&quot;&quot;,&quot;prg_num&quot;:-1,&quot;chan&quot;:&quot;&quot;,&quot;chan_id&quot;:-1,&quot;id&quot;:&quot;zixi://bonded(bonded8)#10.7.0.66:2088@10.7.0.65,192.168.60.66:2088@192.168.50.65,192.168.5.166:2088@192.168.5.165&quot;,&quot;type&quot;:2,&quot;name&quot;:&quot;bond8&quot;,&quot;asi&quot;:0,&quot;rtmp&quot;:0,&quot;file&quot;:1,&quot;active&quot;:1,&quot;group&quot;:&quot;&quot;,&quot;bonded&quot;:[{&quot;host&quot;:&quot;10.7.0.66&quot;,&quot;port&quot;:2088,&quot;nic&quot;:&quot;10.7.0.65&quot;,&quot;limit&quot;:0,&quot;is_backup&quot;:0,&quot;bitrate&quot;:2823116,&quot;up_time&quot;:62,&quot;error_code&quot;:0,&quot;status_code&quot;:3,&quot;error_str&quot;:&quot;None&quot;,&quot;status_str&quot;:&quot;Connected&quot;},{&quot;host&quot;:&quot;192.168.60.66&quot;,&quot;port&quot;:2088,&quot;nic&quot;:&quot;192.168.50.65&quot;,&quot;limit&quot;:0,&quot;is_backup&quot;:0,&quot;bitrate&quot;:0,&quot;up_time&quot;:0,&quot;error_code&quot;:3,&quot;status_code&quot;:1,&quot;error_str&quot;:&quot;Timeout&quot;,&quot;status_str&quot;:&quot;Connecting&quot;},{&quot;host&quot;:&quot;192.168.5.166&quot;,&quot;port&quot;:2088,&quot;nic&quot;:&quot;192.168.5.165&quot;,&quot;limit&quot;:0,&quot;is_backup&quot;:0,&quot;bitrate&quot;:2838254,&quot;up_time&quot;:62,&quot;error_code&quot;:0,&quot;status_code&quot;:3,&quot;error_str&quot;:&quot;None&quot;,&quot;status_str&quot;:&quot;Connected&quot;}],&quot;error&quot;:&quot;None&quot;,&quot;con_stat&quot;:&quot;Disconnected&quot;,&quot;bitrate&quot;:5611548,&quot;dest&quot;:&quot;bonded/bonded8&quot;},{&quot;mip&quot;:&quot;4000.ts&quot;,&quot;port&quot;:0,&quot;ip&quot;:&quot;file&quot;,&quot;in_name&quot;:&quot;bond&quot;,&quot;in_active&quot;:1,&quot;in_active_sources&quot;:0,&quot;prg_name&quot;:&quot;&quot;,&quot;prg_prov&quot;:&quot;&quot;,&quot;prg_num&quot;:-1,&quot;chan&quot;:&quot;&quot;,&quot;chan_id&quot;:-1,&quot;id&quot;:&quot;zixi://bonded(bonded6)#10.7.0.66:2088@10.7.0.65,192.168.60.66:2088@192.168.50.65,192.168.5.166:2088@192.168.5.165&quot;,&quot;type&quot;:2,&quot;name&quot;:&quot;bond6&quot;,&quot;asi&quot;:0,&quot;rtmp&quot;:0,&quot;file&quot;:1,&quot;active&quot;:1,&quot;group&quot;:&quot;&quot;,&quot;bonded&quot;:[{&quot;host&quot;:&quot;10.7.0.66&quot;,&quot;port&quot;:2088,&quot;nic&quot;:&quot;10.7.0.65&quot;,&quot;limit&quot;:0,&quot;is_backup&quot;:0,&quot;bitrate&quot;:2861013,&quot;up_time&quot;:62,&quot;error_code&quot;:0,&quot;status_code&quot;:3,&quot;error_str&quot;:&quot;None&quot;,&quot;status_str&quot;:&quot;Connected&quot;},{&quot;host&quot;:&quot;192.168.60.66&quot;,&quot;port&quot;:2088,&quot;nic&quot;:&quot;192.168.50.65&quot;,&quot;limit&quot;:0,&quot;is_backup&quot;:0,&quot;bitrate&quot;:0,&quot;up_time&quot;:0,&quot;error_code&quot;:3,&quot;status_code&quot;:1,&quot;error_str&quot;:&quot;Timeout&quot;,&quot;status_str&quot;:&quot;Connecting&quot;},{&quot;host&quot;:&quot;192.168.5.166&quot;,&quot;port&quot;:2088,&quot;nic&quot;:&quot;192.168.5.165&quot;,&quot;limit&quot;:0,&quot;is_backup&quot;:0,&quot;bitrate&quot;:2812273,&quot;up_time&quot;:62,&quot;error_code&quot;:0,&quot;status_code&quot;:3,&quot;error_str&quot;:&quot;None&quot;,&quot;status_str&quot;:&quot;Connected&quot;}],&quot;error&quot;:&quot;None&quot;,&quot;con_stat&quot;:&quot;Disconnected&quot;,&quot;bitrate&quot;:5612683,&quot;dest&quot;:&quot;bonded/bonded6&quot;},{&quot;mip&quot;:&quot;4000.ts&quot;,&quot;port&quot;:0,&quot;ip&quot;:&quot;file&quot;,&quot;in_name&quot;:&quot;bond&quot;,&quot;in_active&quot;:1,&quot;in_active_sources&quot;:0,&quot;prg_name&quot;:&quot;&quot;,&quot;prg_prov&quot;:&quot;&quot;,&quot;prg_num&quot;:-1,&quot;chan&quot;:&quot;&quot;,&quot;chan_id&quot;:-1,&quot;id&quot;:&quot;zixi://bonded(bonded5)#10.7.0.66:2088@10.7.0.65,192.168.60.66:2088@192.168.50.65,192.168.5.166:2088@192.168.5.165&quot;,&quot;type&quot;:2,&quot;name&quot;:&quot;bond5&quot;,&quot;asi&quot;:0,&quot;rtmp&quot;:0,&quot;file&quot;:1,&quot;active&quot;:1,&quot;group&quot;:&quot;&quot;,&quot;bonded&quot;:[{&quot;host&quot;:&quot;10.7.0.66&quot;,&quot;port&quot;:2088,&quot;nic&quot;:&quot;10.7.0.65&quot;,&quot;limit&quot;:0,&quot;is_backup&quot;:0,&quot;bitrate&quot;:2901933,&quot;up_time&quot;:62,&quot;error_code&quot;:0,&quot;status_code&quot;:3,&quot;error_str&quot;:&quot;None&quot;,&quot;status_str&quot;:&quot;Connected&quot;},{&quot;host&quot;:&quot;192.168.60.66&quot;,&quot;port&quot;:2088,&quot;nic&quot;:&quot;192.168.50.65&quot;,&quot;limit&quot;:0,&quot;is_backup&quot;:0,&quot;bitrate&quot;:0,&quot;up_time&quot;:0,&quot;error_code&quot;:3,&quot;status_code&quot;:1,&quot;error_str&quot;:&quot;Timeout&quot;,&quot;status_str&quot;:&quot;Connecting&quot;},{&quot;host&quot;:&quot;192.168.5.166&quot;,&quot;port&quot;:2088,&quot;nic&quot;:&quot;192.168.5.165&quot;,&quot;limit&quot;:0,&quot;is_backup&quot;:0,&quot;bitrate&quot;:2788192,&quot;up_time&quot;:62,&quot;error_code&quot;:0,&quot;status_code&quot;:3,&quot;error_str&quot;:&quot;None&quot;,&quot;status_str&quot;:&quot;Connected&quot;}],&quot;error&quot;:&quot;None&quot;,&quot;con_stat&quot;:&quot;Disconnected&quot;,&quot;bitrate&quot;:5623440,&quot;dest&quot;:&quot;bonded/bonded5&quot;},{&quot;mip&quot;:&quot;4000.ts&quot;,&quot;port&quot;:0,&quot;ip&quot;:&quot;file&quot;,&quot;in_name&quot;:&quot;bond&quot;,&quot;in_active&quot;:1,&quot;in_active_sources&quot;:0,&quot;prg_name&quot;:&quot;&quot;,&quot;prg_prov&quot;:&quot;&quot;,&quot;prg_num&quot;:-1,&quot;chan&quot;:&quot;&quot;,&quot;chan_id&quot;:-1,&quot;id&quot;:&quot;zixi://bonded(bonded4)#10.7.0.66:2088@10.7.0.65,192.168.60.66:2088@192.168.50.65,192.168.5.166:2088@192.168.5.165&quot;,&quot;type&quot;:2,&quot;name&quot;:&quot;bond4&quot;,&quot;asi&quot;:0,&quot;rtmp&quot;:0,&quot;file&quot;:1,&quot;active&quot;:1,&quot;group&quot;:&quot;&quot;,&quot;bonded&quot;:[{&quot;host&quot;:&quot;10.7.0.66&quot;,&quot;port&quot;:2088,&quot;nic&quot;:&quot;10.7.0.65&quot;,&quot;limit&quot;:0,&quot;is_backup&quot;:0,&quot;bitrate&quot;:2793416,&quot;up_time&quot;:62,&quot;error_code&quot;:0,&quot;status_code&quot;:3,&quot;error_str&quot;:&quot;None&quot;,&quot;status_str&quot;:&quot;Connected&quot;},{&quot;host&quot;:&quot;192.168.60.66&quot;,&quot;port&quot;:2088,&quot;nic&quot;:&quot;192.168.50.65&quot;,&quot;limit&quot;:0,&quot;is_backup&quot;:0,&quot;bitrate&quot;:0,&quot;up_time&quot;:0,&quot;error_code&quot;:3,&quot;status_code&quot;:1,&quot;error_str&quot;:&quot;Timeout&quot;,&quot;status_str&quot;:&quot;Connecting&quot;},{&quot;host&quot;:&quot;192.168.5.166&quot;,&quot;port&quot;:2088,&quot;nic&quot;:&quot;192.168.5.165&quot;,&quot;limit&quot;:0,&quot;is_backup&quot;:0,&quot;bitrate&quot;:2883122,&quot;up_time&quot;:62,&quot;error_code&quot;:0,&quot;status_code&quot;:3,&quot;error_str&quot;:&quot;None&quot;,&quot;status_str&quot;:&quot;Connected&quot;}],&quot;error&quot;:&quot;None&quot;,&quot;con_stat&quot;:&quot;Disconnected&quot;,&quot;bitrate&quot;:5602181,&quot;dest&quot;:&quot;bonded/bonded4&quot;},{&quot;mip&quot;:&quot;4000.ts&quot;,&quot;port&quot;:0,&quot;ip&quot;:&quot;file&quot;,&quot;in_name&quot;:&quot;bond&quot;,&quot;in_active&quot;:1,&quot;in_active_sources&quot;:0,&quot;prg_name&quot;:&quot;&quot;,&quot;prg_prov&quot;:&quot;&quot;,&quot;prg_num&quot;:-1,&quot;chan&quot;:&quot;&quot;,&quot;chan_id&quot;:-1,&quot;id&quot;:&quot;zixi://bonded(bonded3)#10.7.0.66:2088@10.7.0.65,192.168.60.66:2088@192.168.50.65,192.168.5.166:2088@192.168.5.165&quot;,&quot;type&quot;:2,&quot;name&quot;:&quot;bond3&quot;,&quot;asi&quot;:0,&quot;rtmp&quot;:0,&quot;file&quot;:1,&quot;active&quot;:1,&quot;group&quot;:&quot;&quot;,&quot;bonded&quot;:[{&quot;host&quot;:&quot;10.7.0.66&quot;,&quot;port&quot;:2088,&quot;nic&quot;:&quot;10.7.0.65&quot;,&quot;limit&quot;:0,&quot;is_backup&quot;:0,&quot;bitrate&quot;:2870606,&quot;up_time&quot;:62,&quot;error_code&quot;:0,&quot;status_code&quot;:3,&quot;error_str&quot;:&quot;None&quot;,&quot;status_str&quot;:&quot;Connected&quot;},{&quot;host&quot;:&quot;192.168.60.66&quot;,&quot;port&quot;:2088,&quot;nic&quot;:&quot;192.168.50.65&quot;,&quot;limit&quot;:0,&quot;is_backup&quot;:0,&quot;bitrate&quot;:0,&quot;up_time&quot;:0,&quot;error_code&quot;:3,&quot;status_code&quot;:1,&quot;error_str&quot;:&quot;Timeout&quot;,&quot;status_str&quot;:&quot;Connecting&quot;},{&quot;host&quot;:&quot;192.168.5.166&quot;,&quot;port&quot;:2088,&quot;nic&quot;:&quot;192.168.5.165&quot;,&quot;limit&quot;:0,&quot;is_backup&quot;:0,&quot;bitrate&quot;:2815477,&quot;up_time&quot;:62,&quot;error_code&quot;:0,&quot;status_code&quot;:3,&quot;error_str&quot;:&quot;None&quot;,&quot;status_str&quot;:&quot;Connected&quot;}],&quot;error&quot;:&quot;None&quot;,&quot;con_stat&quot;:&quot;Disconnected&quot;,&quot;bitrate&quot;:5614785,&quot;dest&quot;:&quot;bonded/bonded3&quot;},{&quot;mip&quot;:&quot;4000.ts&quot;,&quot;port&quot;:0,&quot;ip&quot;:&quot;file&quot;,&quot;in_name&quot;:&quot;bond&quot;,&quot;in_active&quot;:1,&quot;in_active_sources&quot;:0,&quot;prg_name&quot;:&quot;&quot;,&quot;prg_prov&quot;:&quot;&quot;,&quot;prg_num&quot;:-1,&quot;chan&quot;:&quot;&quot;,&quot;chan_id&quot;:-1,&quot;id&quot;:&quot;zixi://bonded(bonded2)#10.7.0.66:2088@10.7.0.65,192.168.60.66:2088@192.168.50.65,192.168.5.166:2088@192.168.5.165&quot;,&quot;type&quot;:2,&quot;name&quot;:&quot;bond2&quot;,&quot;asi&quot;:0,&quot;rtmp&quot;:0,&quot;file&quot;:1,&quot;active&quot;:1,&quot;group&quot;:&quot;&quot;,&quot;bonded&quot;:[{&quot;host&quot;:&quot;10.7.0.66&quot;,&quot;port&quot;:2088,&quot;nic&quot;:&quot;10.7.0.65&quot;,&quot;limit&quot;:0,&quot;is_backup&quot;:0,&quot;bitrate&quot;:2823614,&quot;up_time&quot;:62,&quot;error_code&quot;:0,&quot;status_code&quot;:3,&quot;error_str&quot;:&quot;None&quot;,&quot;status_str&quot;:&quot;Connected&quot;},{&quot;host&quot;:&quot;192.168.60.66&quot;,&quot;port&quot;:2088,&quot;nic&quot;:&quot;192.168.50.65&quot;,&quot;limit&quot;:0,&quot;is_backup&quot;:0,&quot;bitrate&quot;:0,&quot;up_time&quot;:0,&quot;error_code&quot;:3,&quot;status_code&quot;:1,&quot;error_str&quot;:&quot;Timeout&quot;,&quot;status_str&quot;:&quot;Connecting&quot;},{&quot;host&quot;:&quot;192.168.5.166&quot;,&quot;port&quot;:2088,&quot;nic&quot;:&quot;192.168.5.165&quot;,&quot;limit&quot;:0,&quot;is_backup&quot;:0,&quot;bitrate&quot;:2844172,&quot;up_time&quot;:62,&quot;error_code&quot;:0,&quot;status_code&quot;:3,&quot;error_str&quot;:&quot;None&quot;,&quot;status_str&quot;:&quot;Connected&quot;}],&quot;error&quot;:&quot;None&quot;,&quot;con_stat&quot;:&quot;Disconnected&quot;,&quot;bitrate&quot;:5599424,&quot;dest&quot;:&quot;bonded/bonded2&quot;},{&quot;mip&quot;:&quot;4000.ts&quot;,&quot;port&quot;:0,&quot;ip&quot;:&quot;file&quot;,&quot;in_name&quot;:&quot;bond&quot;,&quot;in_active&quot;:1,&quot;in_active_sources&quot;:0,&quot;prg_name&quot;:&quot;&quot;,&quot;prg_prov&quot;:&quot;&quot;,&quot;prg_num&quot;:-1,&quot;chan&quot;:&quot;&quot;,&quot;chan_id&quot;:-1,&quot;id&quot;:&quot;zixi://bonded(bonded1)#10.7.0.66:2088@10.7.0.65,192.168.60.66:2088@192.168.50.65,192.168.5.166:2088@192.168.5.165&quot;,&quot;type&quot;:2,&quot;name&quot;:&quot;bond1&quot;,&quot;asi&quot;:0,&quot;rtmp&quot;:0,&quot;file&quot;:1,&quot;active&quot;:1,&quot;group&quot;:&quot;&quot;,&quot;bonded&quot;:[{&quot;host&quot;:&quot;10.7.0.66&quot;,&quot;port&quot;:2088,&quot;nic&quot;:&quot;10.7.0.65&quot;,&quot;limit&quot;:0,&quot;is_backup&quot;:0,&quot;bitrate&quot;:2797250,&quot;up_time&quot;:62,&quot;error_code&quot;:0,&quot;status_code&quot;:3,&quot;error_str&quot;:&quot;None&quot;,&quot;status_str&quot;:&quot;Connected&quot;},{&quot;host&quot;:&quot;192.168.60.66&quot;,&quot;port&quot;:2088,&quot;nic&quot;:&quot;192.168.50.65&quot;,&quot;limit&quot;:0,&quot;is_backup&quot;:0,&quot;bitrate&quot;:0,&quot;up_time&quot;:0,&quot;error_code&quot;:3,&quot;status_code&quot;:1,&quot;error_str&quot;:&quot;Timeout&quot;,&quot;status_str&quot;:&quot;Connecting&quot;},{&quot;host&quot;:&quot;192.168.5.166&quot;,&quot;port&quot;:2088,&quot;nic&quot;:&quot;192.168.5.165&quot;,&quot;limit&quot;:0,&quot;is_backup&quot;:0,&quot;bitrate&quot;:2872932,&quot;up_time&quot;:62,&quot;error_code&quot;:0,&quot;status_code&quot;:3,&quot;error_str&quot;:&quot;None&quot;,&quot;status_str&quot;:&quot;Connected&quot;}],&quot;error&quot;:&quot;None&quot;,&quot;con_stat&quot;:&quot;Disconnected&quot;,&quot;bitrate&quot;:5603836,&quot;dest&quot;:&quot;bonded/bonded1&quot;}]}
Debug printing ------&gt;&gt;&gt; {&quot;custom_data&quot;:&quot;&quot;,&quot;msg&quot;:&quot;Output deleted.&quot;,&quot;error&quot;:&quot;&quot;,&quot;outs&quot;:[{&quot;mip&quot;:&quot;live_recording.ts&quot;,&quot;port&quot;:0,&quot;ip&quot;:&quot;file&quot;,&quot;in_name&quot;:&quot;feederoutputname&quot;,&quot;in_active&quot;:1,&quot;in_active_sources&quot;:0,&quot;prg_name&quot;:&quot;&quot;,&quot;prg_prov&quot;:&quot;&quot;,&quot;prg_num&quot;:1,&quot;chan&quot;:&quot;&quot;,&quot;chan_id&quot;:-1,&quot;id&quot;:&quot;zixi://10.7.0.66:2088/feederout&quot;,&quot;type&quot;:2,&quot;name&quot;:&quot;feederoutputname&quot;,&quot;asi&quot;:0,&quot;rtmp&quot;:0,&quot;file&quot;:1,&quot;active&quot;:1,&quot;group&quot;:&quot;&quot;,&quot;error&quot;:&quot;Authentication&quot;,&quot;con_stat&quot;:&quot;Disconnected&quot;,&quot;bitrate&quot;:0,&quot;dest&quot;:&quot;10.7.0.66:2088/feederout&quot;},{&quot;mip&quot;:&quot;4000.ts&quot;,&quot;port&quot;:0,&quot;ip&quot;:&quot;file&quot;,&quot;in_name&quot;:&quot;bond&quot;,&quot;in_active&quot;:1,&quot;in_active_sources&quot;:0,&quot;prg_name&quot;:&quot;&quot;,&quot;prg_prov&quot;:&quot;&quot;,&quot;prg_num&quot;:-1,&quot;chan&quot;:&quot;&quot;,&quot;chan_id&quot;:-1,&quot;id&quot;:&quot;zixi://bonded(bonded14)#10.7.0.66:2088@10.7.0.65,192.168.60.66:2088@192.168.50.65,192.168.5.166:2088@192.168.5.165&quot;,&quot;type&quot;:2,&quot;name&quot;:&quot;bond14&quot;,&quot;asi&quot;:0,&quot;rtmp&quot;:0,&quot;file&quot;:1,&quot;active&quot;:1,&quot;group&quot;:&quot;&quot;,&quot;bonded&quot;:[{&quot;host&quot;:&quot;10.7.0.66&quot;,&quot;port&quot;:2088,&quot;nic&quot;:&quot;10.7.0.65&quot;,&quot;limit&quot;:0,&quot;is_backup&quot;:0,&quot;bitrate&quot;:2889705,&quot;up_time&quot;:62,&quot;error_code&quot;:0,&quot;status_code&quot;:3,&quot;error_str&quot;:&quot;None&quot;,&quot;status_str&quot;:&quot;Connected&quot;},{&quot;host&quot;:&quot;192.168.60.66&quot;,&quot;port&quot;:2088,&quot;nic&quot;:&quot;192.168.50.65&quot;,&quot;limit&quot;:0,&quot;is_backup&quot;:0,&quot;bitrate&quot;:0,&quot;up_time&quot;:0,&quot;error_code&quot;:3,&quot;status_code&quot;:1,&quot;error_str&quot;:&quot;Timeout&quot;,&quot;status_str&quot;:&quot;Connecting&quot;},{&quot;host&quot;:&quot;192.168.5.166&quot;,&quot;port&quot;:2088,&quot;nic&quot;:&quot;192.168.5.165&quot;,&quot;limit&quot;:0,&quot;is_backup&quot;:0,&quot;bitrate&quot;:2779265,&quot;up_time&quot;:62,&quot;error_code&quot;:0,&quot;status_code&quot;:3,&quot;error_str&quot;:&quot;None&quot;,&quot;status_str&quot;:&quot;Connected&quot;}],&quot;error&quot;:&quot;None&quot;,&quot;con_stat&quot;:&quot;Disconnected&quot;,&quot;bitrate&quot;:5621946,&quot;dest&quot;:&quot;bonded/bonded14&quot;},{&quot;mip&quot;:&quot;4000.ts&quot;,&quot;port&quot;:0,&quot;ip&quot;:&quot;file&quot;,&quot;in_name&quot;:&quot;bond&quot;,&quot;in_active&quot;:1,&quot;in_active_sources&quot;:0,&quot;prg_name&quot;:&quot;&quot;,&quot;prg_prov&quot;:&quot;&quot;,&quot;prg_num&quot;:-1,&quot;chan&quot;:&quot;&quot;,&quot;chan_id&quot;:-1,&quot;id&quot;:&quot;zixi://bonded(bonded17)#10.7.0.66:2088@10.7.0.65,192.168.60.66:2088@192.168.50.65,192.168.5.166:2088@192.168.5.165&quot;,&quot;type&quot;:2,&quot;name&quot;:&quot;bond17&quot;,&quot;asi&quot;:0,&quot;rtmp&quot;:0,&quot;file&quot;:1,&quot;active&quot;:1,&quot;group&quot;:&quot;&quot;,&quot;bonded&quot;:[{&quot;host&quot;:&quot;10.7.0.66&quot;,&quot;port&quot;:2088,&quot;nic&quot;:&quot;10.7.0.65&quot;,&quot;limit&quot;:0,&quot;is_backup&quot;:0,&quot;bitrate&quot;:2769138,&quot;up_time&quot;:62,&quot;error_code&quot;:0,&quot;status_code&quot;:3,&quot;error_str&quot;:&quot;None&quot;,&quot;status_str&quot;:&quot;Connected&quot;},{&quot;host&quot;:&quot;192.168.60.66&quot;,&quot;port&quot;:2088,&quot;nic&quot;:&quot;192.168.50.65&quot;,&quot;limit&quot;:0,&quot;is_backup&quot;:0,&quot;bitrate&quot;:0,&quot;up_time&quot;:0,&quot;error_code&quot;:3,&quot;status_code&quot;:1,&quot;error_str&quot;:&quot;Timeout&quot;,&quot;status_str&quot;:&quot;Connecting&quot;},{&quot;host&quot;:&quot;192.168.5.166&quot;,&quot;port&quot;:2088,&quot;nic&quot;:&quot;192.168.5.165&quot;,&quot;limit&quot;:0,&quot;is_backup&quot;:0,&quot;bitrate&quot;:2918682,&quot;up_time&quot;:62,&quot;error_code&quot;:0,&quot;status_code&quot;:3,&quot;error_str&quot;:&quot;None&quot;,&quot;status_str&quot;:&quot;Connected&quot;}],&quot;error&quot;:&quot;None&quot;,&quot;con_stat&quot;:&quot;Disconnected&quot;,&quot;bitrate&quot;:5640336,&quot;dest&quot;:&quot;bonded/bonded17&quot;},{&quot;mip&quot;:&quot;4000.ts&quot;,&quot;port&quot;:0,&quot;ip&quot;:&quot;file&quot;,&quot;in_name&quot;:&quot;bond&quot;,&quot;in_active&quot;:1,&quot;in_active_sources&quot;:0,&quot;prg_name&quot;:&quot;&quot;,&quot;prg_prov&quot;:&quot;&quot;,&quot;prg_num&quot;:-1,&quot;chan&quot;:&quot;&quot;,&quot;chan_id&quot;:-1,&quot;id&quot;:&quot;zixi://bonded(bonded16)#10.7.0.66:2088@10.7.0.65,192.168.60.66:2088@192.168.50.65,192.168.5.166:2088@192.168.5.165&quot;,&quot;type&quot;:2,&quot;name&quot;:&quot;bond16&quot;,&quot;asi&quot;:0,&quot;rtmp&quot;:0,&quot;file&quot;:1,&quot;active&quot;:1,&quot;group&quot;:&quot;&quot;,&quot;bonded&quot;:[{&quot;host&quot;:&quot;10.7.0.66&quot;,&quot;port&quot;:2088,&quot;nic&quot;:&quot;10.7.0.65&quot;,&quot;limit&quot;:0,&quot;is_backup&quot;:0,&quot;bitrate&quot;:2790941,&quot;up_time&quot;:62,&quot;error_code&quot;:0,&quot;status_code&quot;:3,&quot;error_str&quot;:&quot;None&quot;,&quot;status_str&quot;:&quot;Connected&quot;},{&quot;host&quot;:&quot;192.168.60.66&quot;,&quot;port&quot;:2088,&quot;nic&quot;:&quot;192.168.50.65&quot;,&quot;limit&quot;:0,&quot;is_backup&quot;:0,&quot;bitrate&quot;:0,&quot;up_time&quot;:0,&quot;error_code&quot;:3,&quot;status_code&quot;:1,&quot;error_str&quot;:&quot;Timeout&quot;,&quot;status_str&quot;:&quot;Connecting&quot;},{&quot;host&quot;:&quot;192.168.5.166&quot;,&quot;port&quot;:2088,&quot;nic&quot;:&quot;192.168.5.165&quot;,&quot;limit&quot;:0,&quot;is_backup&quot;:0,&quot;bitrate&quot;:2882952,&quot;up_time&quot;:62,&quot;error_code&quot;:0,&quot;status_code&quot;:3,&quot;error_str&quot;:&quot;None&quot;,&quot;status_str&quot;:&quot;Connected&quot;}],&quot;error&quot;:&quot;None&quot;,&quot;con_stat&quot;:&quot;Disconnected&quot;,&quot;bitrate&quot;:5613170,&quot;dest&quot;:&quot;bonded/bonded16&quot;},{&quot;mip&quot;:&quot;4000.ts&quot;,&quot;port&quot;:0,&quot;ip&quot;:&quot;file&quot;,&quot;in_name&quot;:&quot;bond&quot;,&quot;in_active&quot;:1,&quot;in_active_sources&quot;:0,&quot;prg_name&quot;:&quot;&quot;,&quot;prg_prov&quot;:&quot;&quot;,&quot;prg_num&quot;:-1,&quot;chan&quot;:&quot;&quot;,&quot;chan_id&quot;:-1,&quot;id&quot;:&quot;zixi://bonded(bonded13)#10.7.0.66:2088@10.7.0.65,192.168.60.66:2088@192.168.50.65,192.168.5.166:2088@192.168.5.165&quot;,&quot;type&quot;:2,&quot;name&quot;:&quot;bond13&quot;,&quot;asi&quot;:0,&quot;rtmp&quot;:0,&quot;file&quot;:1,&quot;active&quot;:1,&quot;group&quot;:&quot;&quot;,&quot;bonded&quot;:[{&quot;host&quot;:&quot;10.7.0.66&quot;,&quot;port&quot;:2088,&quot;nic&quot;:&quot;10.7.0.65&quot;,&quot;limit&quot;:0,&quot;is_backup&quot;:0,&quot;bitrate&quot;:2925881,&quot;up_time&quot;:62,&quot;error_code&quot;:0,&quot;status_code&quot;:3,&quot;error_str&quot;:&quot;None&quot;,&quot;status_str&quot;:&quot;Connected&quot;},{&quot;host&quot;:&quot;192.168.60.66&quot;,&quot;port&quot;:2088,&quot;nic&quot;:&quot;192.168.50.65&quot;,&quot;limit&quot;:0,&quot;is_backup&quot;:0,&quot;bitrate&quot;:0,&quot;up_time&quot;:0,&quot;error_code&quot;:3,&quot;status_code&quot;:1,&quot;error_str&quot;:&quot;Timeout&quot;,&quot;status_str&quot;:&quot;Connecting&quot;},{&quot;host&quot;:&quot;192.168.5.166&quot;,&quot;port&quot;:2088,&quot;nic&quot;:&quot;192.168.5.165&quot;,&quot;limit&quot;:0,&quot;is_backup&quot;:0,&quot;bitrate&quot;:2751967,&quot;up_time&quot;:62,&quot;error_code&quot;:0,&quot;status_code&quot;:3,&quot;error_str&quot;:&quot;None&quot;,&quot;status_str&quot;:&quot;Connected&quot;}],&quot;error&quot;:&quot;None&quot;,&quot;con_stat&quot;:&quot;Disconnected&quot;,&quot;bitrate&quot;:5608328,&quot;dest&quot;:&quot;bonded/bonded13&quot;},{&quot;mip&quot;:&quot;4000.ts&quot;,&quot;port&quot;:0,&quot;ip&quot;:&quot;file&quot;,&quot;in_name&quot;:&quot;bond&quot;,&quot;in_active&quot;:1,&quot;in_active_sources&quot;:0,&quot;prg_name&quot;:&quot;&quot;,&quot;prg_prov&quot;:&quot;&quot;,&quot;prg_num&quot;:-1,&quot;chan&quot;:&quot;&quot;,&quot;chan_id&quot;:-1,&quot;id&quot;:&quot;zixi://bonded(bonded19)#10.7.0.66:2088@10.7.0.65,192.168.60.66:2088@192.168.50.65,192.168.5.166:2088@192.168.5.165&quot;,&quot;type&quot;:2,&quot;name&quot;:&quot;bond19&quot;,&quot;asi&quot;:0,&quot;rtmp&quot;:0,&quot;file&quot;:1,&quot;active&quot;:1,&quot;group&quot;:&quot;&quot;,&quot;bonded&quot;:[{&quot;host&quot;:&quot;10.7.0.66&quot;,&quot;port&quot;:2088,&quot;nic&quot;:&quot;10.7.0.65&quot;,&quot;limit&quot;:0,&quot;is_backup&quot;:0,&quot;bitrate&quot;:2867663,&quot;up_time&quot;:62,&quot;error_code&quot;:0,&quot;status_code&quot;:3,&quot;error_str&quot;:&quot;None&quot;,&quot;status_str&quot;:&quot;Connected&quot;},{&quot;host&quot;:&quot;192.168.60.66&quot;,&quot;port&quot;:2088,&quot;nic&quot;:&quot;192.168.50.65&quot;,&quot;limit&quot;:0,&quot;is_backup&quot;:0,&quot;bitrate&quot;:0,&quot;up_time&quot;:0,&quot;error_code&quot;:3,&quot;status_code&quot;:1,&quot;error_str&quot;:&quot;Timeout&quot;,&quot;status_str&quot;:&quot;Connecting&quot;},{&quot;host&quot;:&quot;192.168.5.166&quot;,&quot;port&quot;:2088,&quot;nic&quot;:&quot;192.168.5.165&quot;,&quot;limit&quot;:0,&quot;is_backup&quot;:0,&quot;bitrate&quot;:2800594,&quot;up_time&quot;:62,&quot;error_code&quot;:0,&quot;status_code&quot;:3,&quot;error_str&quot;:&quot;None&quot;,&quot;status_str&quot;:&quot;Connected&quot;}],&quot;error&quot;:&quot;None&quot;,&quot;con_stat&quot;:&quot;Disconnected&quot;,&quot;bitrate&quot;:5591568,&quot;dest&quot;:&quot;bonded/bonded19&quot;},{&quot;mip&quot;:&quot;4000.ts&quot;,&quot;port&quot;:0,&quot;ip&quot;:&quot;file&quot;,&quot;in_name&quot;:&quot;bond&quot;,&quot;in_active&quot;:1,&quot;in_active_sources&quot;:0,&quot;prg_name&quot;:&quot;&quot;,&quot;prg_prov&quot;:&quot;&quot;,&quot;prg_num&quot;:-1,&quot;chan&quot;:&quot;&quot;,&quot;chan_id&quot;:-1,&quot;id&quot;:&quot;zixi://bonded(bonded12)#10.7.0.66:2088@10.7.0.65,192.168.60.66:2088@192.168.50.65,192.168.5.166:2088@192.168.5.165&quot;,&quot;type&quot;:2,&quot;name&quot;:&quot;bond12&quot;,&quot;asi&quot;:0,&quot;rtmp&quot;:0,&quot;file&quot;:1,&quot;active&quot;:1,&quot;group&quot;:&quot;&quot;,&quot;bonded&quot;:[{&quot;host&quot;:&quot;10.7.0.66&quot;,&quot;port&quot;:2088,&quot;nic&quot;:&quot;10.7.0.65&quot;,&quot;limit&quot;:0,&quot;is_backup&quot;:0,&quot;bitrate&quot;:2846629,&quot;up_time&quot;:62,&quot;error_code&quot;:0,&quot;status_code&quot;:3,&quot;error_str&quot;:&quot;None&quot;,&quot;status_str&quot;:&quot;Connected&quot;},{&quot;host&quot;:&quot;192.168.60.66&quot;,&quot;port&quot;:2088,&quot;nic&quot;:&quot;192.168.50.65&quot;,&quot;limit&quot;:0,&quot;is_backup&quot;:0,&quot;bitrate&quot;:0,&quot;up_time&quot;:0,&quot;error_code&quot;:3,&quot;status_code&quot;:1,&quot;error_str&quot;:&quot;Timeout&quot;,&quot;status_str&quot;:&quot;Connecting&quot;},{&quot;host&quot;:&quot;192.168.5.166&quot;,&quot;port&quot;:2088,&quot;nic&quot;:&quot;192.168.5.165&quot;,&quot;limit&quot;:0,&quot;is_backup&quot;:0,&quot;bitrate&quot;:2830048,&quot;up_time&quot;:62,&quot;error_code&quot;:0,&quot;status_code&quot;:3,&quot;error_str&quot;:&quot;None&quot;,&quot;status_str&quot;:&quot;Connected&quot;}],&quot;error&quot;:&quot;None&quot;,&quot;con_stat&quot;:&quot;Disconnected&quot;,&quot;bitrate&quot;:5608208,&quot;dest&quot;:&quot;bonded/bonded12&quot;},{&quot;mip&quot;:&quot;4000.ts&quot;,&quot;port&quot;:0,&quot;ip&quot;:&quot;file&quot;,&quot;in_name&quot;:&quot;bond&quot;,&quot;in_active&quot;:1,&quot;in_active_sources&quot;:0,&quot;prg_name&quot;:&quot;&quot;,&quot;prg_prov&quot;:&quot;&quot;,&quot;prg_num&quot;:-1,&quot;chan&quot;:&quot;&quot;,&quot;chan_id&quot;:-1,&quot;id&quot;:&quot;zixi://bonded(bonded18)#10.7.0.66:2088@10.7.0.65,192.168.60.66:2088@192.168.50.65,192.168.5.166:2088@192.168.5.165&quot;,&quot;type&quot;:2,&quot;name&quot;:&quot;bond18&quot;,&quot;asi&quot;:0,&quot;rtmp&quot;:0,&quot;file&quot;:1,&quot;active&quot;:1,&quot;group&quot;:&quot;&quot;,&quot;bonded&quot;:[{&quot;host&quot;:&quot;10.7.0.66&quot;,&quot;port&quot;:2088,&quot;nic&quot;:&quot;10.7.0.65&quot;,&quot;limit&quot;:0,&quot;is_backup&quot;:0,&quot;bitrate&quot;:2764628,&quot;up_time&quot;:62,&quot;error_code&quot;:0,&quot;status_code&quot;:3,&quot;error_str&quot;:&quot;None&quot;,&quot;status_str&quot;:&quot;Connected&quot;},{&quot;host&quot;:&quot;192.168.60.66&quot;,&quot;port&quot;:2088,&quot;nic&quot;:&quot;192.168.50.65&quot;,&quot;limit&quot;:0,&quot;is_backup&quot;:0,&quot;bitrate&quot;:0,&quot;up_time&quot;:0,&quot;error_code&quot;:3,&quot;status_code&quot;:1,&quot;error_str&quot;:&quot;Timeout&quot;,&quot;status_str&quot;:&quot;Connecting&quot;},{&quot;host&quot;:&quot;192.168.5.166&quot;,&quot;port&quot;:2088,&quot;nic&quot;:&quot;192.168.5.165&quot;,&quot;limit&quot;:0,&quot;is_backup&quot;:0,&quot;bitrate&quot;:2898112,&quot;up_time&quot;:62,&quot;error_code&quot;:0,&quot;status_code&quot;:3,&quot;error_str&quot;:&quot;None&quot;,&quot;status_str&quot;:&quot;Connected&quot;}],&quot;error&quot;:&quot;None&quot;,&quot;con_stat&quot;:&quot;Disconnected&quot;,&quot;bitrate&quot;:5612691,&quot;dest&quot;:&quot;bonded/bonded18&quot;},{&quot;mip&quot;:&quot;4000.ts&quot;,&quot;port&quot;:0,&quot;ip&quot;:&quot;file&quot;,&quot;in_name&quot;:&quot;bond&quot;,&quot;in_active&quot;:1,&quot;in_active_sources&quot;:0,&quot;prg_name&quot;:&quot;&quot;,&quot;prg_prov&quot;:&quot;&quot;,&quot;prg_num&quot;:-1,&quot;chan&quot;:&quot;&quot;,&quot;chan_id&quot;:-1,&quot;id&quot;:&quot;zixi://bonded(bonded11)#10.7.0.66:2088@10.7.0.65,192.168.60.66:2088@192.168.50.65,192.168.5.166:2088@192.168.5.165&quot;,&quot;type&quot;:2,&quot;name&quot;:&quot;bond11&quot;,&quot;asi&quot;:0,&quot;rtmp&quot;:0,&quot;file&quot;:1,&quot;active&quot;:1,&quot;group&quot;:&quot;&quot;,&quot;bonded&quot;:[{&quot;host&quot;:&quot;10.7.0.66&quot;,&quot;port&quot;:2088,&quot;nic&quot;:&quot;10.7.0.65&quot;,&quot;limit&quot;:0,&quot;is_backup&quot;:0,&quot;bitrate&quot;:2835313,&quot;up_time&quot;:62,&quot;error_code&quot;:0,&quot;status_code&quot;:3,&quot;error_str&quot;:&quot;None&quot;,&quot;status_str&quot;:&quot;Connected&quot;},{&quot;host&quot;:&quot;192.168.60.66&quot;,&quot;port&quot;:2088,&quot;nic&quot;:&quot;192.168.50.65&quot;,&quot;limit&quot;:0,&quot;is_backup&quot;:0,&quot;bitrate&quot;:0,&quot;up_time&quot;:0,&quot;error_code&quot;:3,&quot;status_code&quot;:1,&quot;error_str&quot;:&quot;Timeout&quot;,&quot;status_str&quot;:&quot;Connecting&quot;},{&quot;host&quot;:&quot;192.168.5.166&quot;,&quot;port&quot;:2088,&quot;nic&quot;:&quot;192.168.5.165&quot;,&quot;limit&quot;:0,&quot;is_backup&quot;:0,&quot;bitrate&quot;:2837955,&quot;up_time&quot;:62,&quot;error_code&quot;:0,&quot;status_code&quot;:3,&quot;error_str&quot;:&quot;None&quot;,&quot;status_str&quot;:&quot;Connected&quot;}],&quot;error&quot;:&quot;None&quot;,&quot;con_stat&quot;:&quot;Disconnected&quot;,&quot;bitrate&quot;:5618336,&quot;dest&quot;:&quot;bonded/bonded11&quot;},{&quot;mip&quot;:&quot;4000.ts&quot;,&quot;port&quot;:0,&quot;ip&quot;:&quot;file&quot;,&quot;in_name&quot;:&quot;bond&quot;,&quot;in_active&quot;:1,&quot;in_active_sources&quot;:0,&quot;prg_name&quot;:&quot;&quot;,&quot;prg_prov&quot;:&quot;&quot;,&quot;prg_num&quot;:-1,&quot;chan&quot;:&quot;&quot;,&quot;chan_id&quot;:-1,&quot;id&quot;:&quot;zixi://bonded(bonded10)#10.7.0.66:2088@10.7.0.65,192.168.60.66:2088@192.168.50.65,192.168.5.166:2088@192.168.5.165&quot;,&quot;type&quot;:2,&quot;name&quot;:&quot;bond10&quot;,&quot;asi&quot;:0,&quot;rtmp&quot;:0,&quot;file&quot;:1,&quot;active&quot;:1,&quot;group&quot;:&quot;&quot;,&quot;bonded&quot;:[{&quot;host&quot;:&quot;10.7.0.66&quot;,&quot;port&quot;:2088,&quot;nic&quot;:&quot;10.7.0.65&quot;,&quot;limit&quot;:0,&quot;is_backup&quot;:0,&quot;bitrate&quot;:2844362,&quot;up_time&quot;:62,&quot;error_code&quot;:0,&quot;status_code&quot;:3,&quot;error_str&quot;:&quot;None&quot;,&quot;status_str&quot;:&quot;Connected&quot;},{&quot;host&quot;:&quot;192.168.60.66&quot;,&quot;port&quot;:2088,&quot;nic&quot;:&quot;192.168.50.65&quot;,&quot;limit&quot;:0,&quot;is_backup&quot;:0,&quot;bitrate&quot;:0,&quot;up_time&quot;:0,&quot;error_code&quot;:3,&quot;status_code&quot;:1,&quot;error_str&quot;:&quot;Timeout&quot;,&quot;status_str&quot;:&quot;Connecting&quot;},{&quot;host&quot;:&quot;192.168.5.166&quot;,&quot;port&quot;:2088,&quot;nic&quot;:&quot;192.168.5.165&quot;,&quot;limit&quot;:0,&quot;is_backup&quot;:0,&quot;bitrate&quot;:2823903,&quot;up_time&quot;:62,&quot;error_code&quot;:0,&quot;status_code&quot;:3,&quot;error_str&quot;:&quot;None&quot;,&quot;status_str&quot;:&quot;Connected&quot;}],&quot;error&quot;:&quot;None&quot;,&quot;con_stat&quot;:&quot;Disconnected&quot;,&quot;bitrate&quot;:5596352,&quot;dest&quot;:&quot;bonded/bonded10&quot;},{&quot;mip&quot;:&quot;4000.ts&quot;,&quot;port&quot;:0,&quot;ip&quot;:&quot;file&quot;,&quot;in_name&quot;:&quot;bond&quot;,&quot;in_active&quot;:1,&quot;in_active_sources&quot;:0,&quot;prg_name&quot;:&quot;&quot;,&quot;prg_prov&quot;:&quot;&quot;,&quot;prg_num&quot;:-1,&quot;chan&quot;:&quot;&quot;,&quot;chan_id&quot;:-1,&quot;id&quot;:&quot;zixi://bonded(bonded15)#10.7.0.66:2088@10.7.0.65,192.168.60.66:2088@192.168.50.65,192.168.5.166:2088@192.168.5.165&quot;,&quot;type&quot;:2,&quot;name&quot;:&quot;bond15&quot;,&quot;asi&quot;:0,&quot;rtmp&quot;:0,&quot;file&quot;:1,&quot;active&quot;:1,&quot;group&quot;:&quot;&quot;,&quot;bonded&quot;:[{&quot;host&quot;:&quot;10.7.0.66&quot;,&quot;port&quot;:2088,&quot;nic&quot;:&quot;10.7.0.65&quot;,&quot;limit&quot;:0,&quot;is_backup&quot;:0,&quot;bitrate&quot;:2849547,&quot;up_time&quot;:62,&quot;error_code&quot;:0,&quot;status_code&quot;:3,&quot;error_str&quot;:&quot;None&quot;,&quot;status_str&quot;:&quot;Connected&quot;},{&quot;host&quot;:&quot;192.168.60.66&quot;,&quot;port&quot;:2088,&quot;nic&quot;:&quot;192.168.50.65&quot;,&quot;limit&quot;:0,&quot;is_backup&quot;:0,&quot;bitrate&quot;:0,&quot;up_time&quot;:0,&quot;error_code&quot;:3,&quot;status_code&quot;:1,&quot;error_str&quot;:&quot;Timeout&quot;,&quot;status_str&quot;:&quot;Connecting&quot;},{&quot;host&quot;:&quot;192.168.5.166&quot;,&quot;port&quot;:2088,&quot;nic&quot;:&quot;192.168.5.165&quot;,&quot;limit&quot;:0,&quot;is_backup&quot;:0,&quot;bitrate&quot;:2819751,&quot;up_time&quot;:62,&quot;error_code&quot;:0,&quot;status_code&quot;:3,&quot;error_str&quot;:&quot;None&quot;,&quot;status_str&quot;:&quot;Connected&quot;}],&quot;error&quot;:&quot;None&quot;,&quot;con_stat&quot;:&quot;Disconnected&quot;,&quot;bitrate&quot;:5611476,&quot;dest&quot;:&quot;bonded/bonded15&quot;},{&quot;mip&quot;:&quot;4000.ts&quot;,&quot;port&quot;:0,&quot;ip&quot;:&quot;file&quot;,&quot;in_name&quot;:&quot;bond&quot;,&quot;in_active&quot;:1,&quot;in_active_sources&quot;:0,&quot;prg_name&quot;:&quot;&quot;,&quot;prg_prov&quot;:&quot;&quot;,&quot;prg_num&quot;:-1,&quot;chan&quot;:&quot;&quot;,&quot;chan_id&quot;:-1,&quot;id&quot;:&quot;zixi://bonded(bonded0)#10.7.0.66:2088@10.7.0.65,192.168.60.66:2088@192.168.50.65,192.168.5.166:2088@192.168.5.165&quot;,&quot;type&quot;:2,&quot;name&quot;:&quot;bond0&quot;,&quot;asi&quot;:0,&quot;rtmp&quot;:0,&quot;file&quot;:1,&quot;active&quot;:1,&quot;group&quot;:&quot;&quot;,&quot;bonded&quot;:[{&quot;host&quot;:&quot;10.7.0.66&quot;,&quot;port&quot;:2088,&quot;nic&quot;:&quot;10.7.0.65&quot;,&quot;limit&quot;:0,&quot;is_backup&quot;:0,&quot;bitrate&quot;:2818749,&quot;up_time&quot;:62,&quot;error_code&quot;:0,&quot;status_code&quot;:3,&quot;error_str&quot;:&quot;None&quot;,&quot;status_str&quot;:&quot;Connected&quot;},{&quot;host&quot;:&quot;192.168.60.66&quot;,&quot;port&quot;:2088,&quot;nic&quot;:&quot;192.168.50.65&quot;,&quot;limit&quot;:0,&quot;is_backup&quot;:0,&quot;bitrate&quot;:0,&quot;up_time&quot;:0,&quot;error_code&quot;:3,&quot;status_code&quot;:1,&quot;error_str&quot;:&quot;Timeout&quot;,&quot;status_str&quot;:&quot;Connecting&quot;},{&quot;host&quot;:&quot;192.168.5.166&quot;,&quot;port&quot;:2088,&quot;nic&quot;:&quot;192.168.5.165&quot;,&quot;limit&quot;:0,&quot;is_backup&quot;:0,&quot;bitrate&quot;:2851191,&quot;up_time&quot;:62,&quot;error_code&quot;:0,&quot;status_code&quot;:3,&quot;error_str&quot;:&quot;None&quot;,&quot;status_str&quot;:&quot;Connected&quot;}],&quot;error&quot;:&quot;None&quot;,&quot;con_stat&quot;:&quot;Disconnected&quot;,&quot;bitrate&quot;:5603660,&quot;dest&quot;:&quot;bonded/bonded0&quot;},{&quot;mip&quot;:&quot;4000.ts&quot;,&quot;port&quot;:0,&quot;ip&quot;:&quot;file&quot;,&quot;in_name&quot;:&quot;bond&quot;,&quot;in_active&quot;:1,&quot;in_active_sources&quot;:0,&quot;prg_name&quot;:&quot;&quot;,&quot;prg_prov&quot;:&quot;&quot;,&quot;prg_num&quot;:-1,&quot;chan&quot;:&quot;&quot;,&quot;chan_id&quot;:-1,&quot;id&quot;:&quot;zixi://bonded(bonded7)#10.7.0.66:2088@10.7.0.65,192.168.60.66:2088@192.168.50.65,192.168.5.166:2088@192.168.5.165&quot;,&quot;type&quot;:2,&quot;name&quot;:&quot;bond7&quot;,&quot;asi&quot;:0,&quot;rtmp&quot;:0,&quot;file&quot;:1,&quot;active&quot;:1,&quot;group&quot;:&quot;&quot;,&quot;bonded&quot;:[{&quot;host&quot;:&quot;10.7.0.66&quot;,&quot;port&quot;:2088,&quot;nic&quot;:&quot;10.7.0.65&quot;,&quot;limit&quot;:0,&quot;is_backup&quot;:0,&quot;bitrate&quot;:2779582,&quot;up_time&quot;:62,&quot;error_code&quot;:0,&quot;status_code&quot;:3,&quot;error_str&quot;:&quot;None&quot;,&quot;status_str&quot;:&quot;Connected&quot;},{&quot;host&quot;:&quot;192.168.60.66&quot;,&quot;port&quot;:2088,&quot;nic&quot;:&quot;192.168.50.65&quot;,&quot;limit&quot;:0,&quot;is_backup&quot;:0,&quot;bitrate&quot;:0,&quot;up_time&quot;:0,&quot;error_code&quot;:3,&quot;status_code&quot;:1,&quot;error_str&quot;:&quot;Timeout&quot;,&quot;status_str&quot;:&quot;Connecting&quot;},{&quot;host&quot;:&quot;192.168.5.166&quot;,&quot;port&quot;:2088,&quot;nic&quot;:&quot;192.168.5.165&quot;,&quot;limit&quot;:0,&quot;is_backup&quot;:0,&quot;bitrate&quot;:2881369,&quot;up_time&quot;:62,&quot;error_code&quot;:0,&quot;status_code&quot;:3,&quot;error_str&quot;:&quot;None&quot;,&quot;status_str&quot;:&quot;Connected&quot;}],&quot;error&quot;:&quot;None&quot;,&quot;con_stat&quot;:&quot;Disconnected&quot;,&quot;bitrate&quot;:5595592,&quot;dest&quot;:&quot;bonded/bonded7&quot;},{&quot;mip&quot;:&quot;4000.ts&quot;,&quot;port&quot;:0,&quot;ip&quot;:&quot;file&quot;,&quot;in_name&quot;:&quot;bond&quot;,&quot;in_active&quot;:1,&quot;in_active_sources&quot;:0,&quot;prg_name&quot;:&quot;&quot;,&quot;prg_prov&quot;:&quot;&quot;,&quot;prg_num&quot;:-1,&quot;chan&quot;:&quot;&quot;,&quot;chan_id&quot;:-1,&quot;id&quot;:&quot;zixi://bonded(bonded8)#10.7.0.66:2088@10.7.0.65,192.168.60.66:2088@192.168.50.65,192.168.5.166:2088@192.168.5.165&quot;,&quot;type&quot;:2,&quot;name&quot;:&quot;bond8&quot;,&quot;asi&quot;:0,&quot;rtmp&quot;:0,&quot;file&quot;:1,&quot;active&quot;:1,&quot;group&quot;:&quot;&quot;,&quot;bonded&quot;:[{&quot;host&quot;:&quot;10.7.0.66&quot;,&quot;port&quot;:2088,&quot;nic&quot;:&quot;10.7.0.65&quot;,&quot;limit&quot;:0,&quot;is_backup&quot;:0,&quot;bitrate&quot;:2823116,&quot;up_time&quot;:62,&quot;error_code&quot;:0,&quot;status_code&quot;:3,&quot;error_str&quot;:&quot;None&quot;,&quot;status_str&quot;:&quot;Connected&quot;},{&quot;host&quot;:&quot;192.168.60.66&quot;,&quot;port&quot;:2088,&quot;nic&quot;:&quot;192.168.50.65&quot;,&quot;limit&quot;:0,&quot;is_backup&quot;:0,&quot;bitrate&quot;:0,&quot;up_time&quot;:0,&quot;error_code&quot;:3,&quot;status_code&quot;:1,&quot;error_str&quot;:&quot;Timeout&quot;,&quot;status_str&quot;:&quot;Connecting&quot;},{&quot;host&quot;:&quot;192.168.5.166&quot;,&quot;port&quot;:2088,&quot;nic&quot;:&quot;192.168.5.165&quot;,&quot;limit&quot;:0,&quot;is_backup&quot;:0,&quot;bitrate&quot;:2838254,&quot;up_time&quot;:62,&quot;error_code&quot;:0,&quot;status_code&quot;:3,&quot;error_str&quot;:&quot;None&quot;,&quot;status_str&quot;:&quot;Connected&quot;}],&quot;error&quot;:&quot;None&quot;,&quot;con_stat&quot;:&quot;Disconnected&quot;,&quot;bitrate&quot;:5611548,&quot;dest&quot;:&quot;bonded/bonded8&quot;},{&quot;mip&quot;:&quot;4000.ts&quot;,&quot;port&quot;:0,&quot;ip&quot;:&quot;file&quot;,&quot;in_name&quot;:&quot;bond&quot;,&quot;in_active&quot;:1,&quot;in_active_sources&quot;:0,&quot;prg_name&quot;:&quot;&quot;,&quot;prg_prov&quot;:&quot;&quot;,&quot;prg_num&quot;:-1,&quot;chan&quot;:&quot;&quot;,&quot;chan_id&quot;:-1,&quot;id&quot;:&quot;zixi://bonded(bonded6)#10.7.0.66:2088@10.7.0.65,192.168.60.66:2088@192.168.50.65,192.168.5.166:2088@192.168.5.165&quot;,&quot;type&quot;:2,&quot;name&quot;:&quot;bond6&quot;,&quot;asi&quot;:0,&quot;rtmp&quot;:0,&quot;file&quot;:1,&quot;active&quot;:1,&quot;group&quot;:&quot;&quot;,&quot;bonded&quot;:[{&quot;host&quot;:&quot;10.7.0.66&quot;,&quot;port&quot;:2088,&quot;nic&quot;:&quot;10.7.0.65&quot;,&quot;limit&quot;:0,&quot;is_backup&quot;:0,&quot;bitrate&quot;:2861013,&quot;up_time&quot;:62,&quot;error_code&quot;:0,&quot;status_code&quot;:3,&quot;error_str&quot;:&quot;None&quot;,&quot;status_str&quot;:&quot;Connected&quot;},{&quot;host&quot;:&quot;192.168.60.66&quot;,&quot;port&quot;:2088,&quot;nic&quot;:&quot;192.168.50.65&quot;,&quot;limit&quot;:0,&quot;is_backup&quot;:0,&quot;bitrate&quot;:0,&quot;up_time&quot;:0,&quot;error_code&quot;:3,&quot;status_code&quot;:1,&quot;error_str&quot;:&quot;Timeout&quot;,&quot;status_str&quot;:&quot;Connecting&quot;},{&quot;host&quot;:&quot;192.168.5.166&quot;,&quot;port&quot;:2088,&quot;nic&quot;:&quot;192.168.5.165&quot;,&quot;limit&quot;:0,&quot;is_backup&quot;:0,&quot;bitrate&quot;:2812273,&quot;up_time&quot;:62,&quot;error_code&quot;:0,&quot;status_code&quot;:3,&quot;error_str&quot;:&quot;None&quot;,&quot;status_str&quot;:&quot;Connected&quot;}],&quot;error&quot;:&quot;None&quot;,&quot;con_stat&quot;:&quot;Disconnected&quot;,&quot;bitrate&quot;:5612683,&quot;dest&quot;:&quot;bonded/bonded6&quot;},{&quot;mip&quot;:&quot;4000.ts&quot;,&quot;port&quot;:0,&quot;ip&quot;:&quot;file&quot;,&quot;in_name&quot;:&quot;bond&quot;,&quot;in_active&quot;:1,&quot;in_active_sources&quot;:0,&quot;prg_name&quot;:&quot;&quot;,&quot;prg_prov&quot;:&quot;&quot;,&quot;prg_num&quot;:-1,&quot;chan&quot;:&quot;&quot;,&quot;chan_id&quot;:-1,&quot;id&quot;:&quot;zixi://bonded(bonded5)#10.7.0.66:2088@10.7.0.65,192.168.60.66:2088@192.168.50.65,192.168.5.166:2088@192.168.5.165&quot;,&quot;type&quot;:2,&quot;name&quot;:&quot;bond5&quot;,&quot;asi&quot;:0,&quot;rtmp&quot;:0,&quot;file&quot;:1,&quot;active&quot;:1,&quot;group&quot;:&quot;&quot;,&quot;bonded&quot;:[{&quot;host&quot;:&quot;10.7.0.66&quot;,&quot;port&quot;:2088,&quot;nic&quot;:&quot;10.7.0.65&quot;,&quot;limit&quot;:0,&quot;is_backup&quot;:0,&quot;bitrate&quot;:2901933,&quot;up_time&quot;:62,&quot;error_code&quot;:0,&quot;status_code&quot;:3,&quot;error_str&quot;:&quot;None&quot;,&quot;status_str&quot;:&quot;Connected&quot;},{&quot;host&quot;:&quot;192.168.60.66&quot;,&quot;port&quot;:2088,&quot;nic&quot;:&quot;192.168.50.65&quot;,&quot;limit&quot;:0,&quot;is_backup&quot;:0,&quot;bitrate&quot;:0,&quot;up_time&quot;:0,&quot;error_code&quot;:3,&quot;status_code&quot;:1,&quot;error_str&quot;:&quot;Timeout&quot;,&quot;status_str&quot;:&quot;Connecting&quot;},{&quot;host&quot;:&quot;192.168.5.166&quot;,&quot;port&quot;:2088,&quot;nic&quot;:&quot;192.168.5.165&quot;,&quot;limit&quot;:0,&quot;is_backup&quot;:0,&quot;bitrate&quot;:2788192,&quot;up_time&quot;:62,&quot;error_code&quot;:0,&quot;status_code&quot;:3,&quot;error_str&quot;:&quot;None&quot;,&quot;status_str&quot;:&quot;Connected&quot;}],&quot;error&quot;:&quot;None&quot;,&quot;con_stat&quot;:&quot;Disconnected&quot;,&quot;bitrate&quot;:5623440,&quot;dest&quot;:&quot;bonded/bonded5&quot;},{&quot;mip&quot;:&quot;4000.ts&quot;,&quot;port&quot;:0,&quot;ip&quot;:&quot;file&quot;,&quot;in_name&quot;:&quot;bond&quot;,&quot;in_active&quot;:1,&quot;in_active_sources&quot;:0,&quot;prg_name&quot;:&quot;&quot;,&quot;prg_prov&quot;:&quot;&quot;,&quot;prg_num&quot;:-1,&quot;chan&quot;:&quot;&quot;,&quot;chan_id&quot;:-1,&quot;id&quot;:&quot;zixi://bonded(bonded4)#10.7.0.66:2088@10.7.0.65,192.168.60.66:2088@192.168.50.65,192.168.5.166:2088@192.168.5.165&quot;,&quot;type&quot;:2,&quot;name&quot;:&quot;bond4&quot;,&quot;asi&quot;:0,&quot;rtmp&quot;:0,&quot;file&quot;:1,&quot;active&quot;:1,&quot;group&quot;:&quot;&quot;,&quot;bonded&quot;:[{&quot;host&quot;:&quot;10.7.0.66&quot;,&quot;port&quot;:2088,&quot;nic&quot;:&quot;10.7.0.65&quot;,&quot;limit&quot;:0,&quot;is_backup&quot;:0,&quot;bitrate&quot;:2793416,&quot;up_time&quot;:62,&quot;error_code&quot;:0,&quot;status_code&quot;:3,&quot;error_str&quot;:&quot;None&quot;,&quot;status_str&quot;:&quot;Connected&quot;},{&quot;host&quot;:&quot;192.168.60.66&quot;,&quot;port&quot;:2088,&quot;nic&quot;:&quot;192.168.50.65&quot;,&quot;limit&quot;:0,&quot;is_backup&quot;:0,&quot;bitrate&quot;:0,&quot;up_time&quot;:0,&quot;error_code&quot;:3,&quot;status_code&quot;:1,&quot;error_str&quot;:&quot;Timeout&quot;,&quot;status_str&quot;:&quot;Connecting&quot;},{&quot;host&quot;:&quot;192.168.5.166&quot;,&quot;port&quot;:2088,&quot;nic&quot;:&quot;192.168.5.165&quot;,&quot;limit&quot;:0,&quot;is_backup&quot;:0,&quot;bitrate&quot;:2883122,&quot;up_time&quot;:62,&quot;error_code&quot;:0,&quot;status_code&quot;:3,&quot;error_str&quot;:&quot;None&quot;,&quot;status_str&quot;:&quot;Connected&quot;}],&quot;error&quot;:&quot;None&quot;,&quot;con_stat&quot;:&quot;Disconnected&quot;,&quot;bitrate&quot;:5602181,&quot;dest&quot;:&quot;bonded/bonded4&quot;},{&quot;mip&quot;:&quot;4000.ts&quot;,&quot;port&quot;:0,&quot;ip&quot;:&quot;file&quot;,&quot;in_name&quot;:&quot;bond&quot;,&quot;in_active&quot;:1,&quot;in_active_sources&quot;:0,&quot;prg_name&quot;:&quot;&quot;,&quot;prg_prov&quot;:&quot;&quot;,&quot;prg_num&quot;:-1,&quot;chan&quot;:&quot;&quot;,&quot;chan_id&quot;:-1,&quot;id&quot;:&quot;zixi://bonded(bonded3)#10.7.0.66:2088@10.7.0.65,192.168.60.66:2088@192.168.50.65,192.168.5.166:2088@192.168.5.165&quot;,&quot;type&quot;:2,&quot;name&quot;:&quot;bond3&quot;,&quot;asi&quot;:0,&quot;rtmp&quot;:0,&quot;file&quot;:1,&quot;active&quot;:1,&quot;group&quot;:&quot;&quot;,&quot;bonded&quot;:[{&quot;host&quot;:&quot;10.7.0.66&quot;,&quot;port&quot;:2088,&quot;nic&quot;:&quot;10.7.0.65&quot;,&quot;limit&quot;:0,&quot;is_backup&quot;:0,&quot;bitrate&quot;:2870606,&quot;up_time&quot;:62,&quot;error_code&quot;:0,&quot;status_code&quot;:3,&quot;error_str&quot;:&quot;None&quot;,&quot;status_str&quot;:&quot;Connected&quot;},{&quot;host&quot;:&quot;192.168.60.66&quot;,&quot;port&quot;:2088,&quot;nic&quot;:&quot;192.168.50.65&quot;,&quot;limit&quot;:0,&quot;is_backup&quot;:0,&quot;bitrate&quot;:0,&quot;up_time&quot;:0,&quot;error_code&quot;:3,&quot;status_code&quot;:1,&quot;error_str&quot;:&quot;Timeout&quot;,&quot;status_str&quot;:&quot;Connecting&quot;},{&quot;host&quot;:&quot;192.168.5.166&quot;,&quot;port&quot;:2088,&quot;nic&quot;:&quot;192.168.5.165&quot;,&quot;limit&quot;:0,&quot;is_backup&quot;:0,&quot;bitrate&quot;:2815477,&quot;up_time&quot;:62,&quot;error_code&quot;:0,&quot;status_code&quot;:3,&quot;error_str&quot;:&quot;None&quot;,&quot;status_str&quot;:&quot;Connected&quot;}],&quot;error&quot;:&quot;None&quot;,&quot;con_stat&quot;:&quot;Disconnected&quot;,&quot;bitrate&quot;:5614785,&quot;dest&quot;:&quot;bonded/bonded3&quot;},{&quot;mip&quot;:&quot;4000.ts&quot;,&quot;port&quot;:0,&quot;ip&quot;:&quot;file&quot;,&quot;in_name&quot;:&quot;bond&quot;,&quot;in_active&quot;:1,&quot;in_active_sources&quot;:0,&quot;prg_name&quot;:&quot;&quot;,&quot;prg_prov&quot;:&quot;&quot;,&quot;prg_num&quot;:-1,&quot;chan&quot;:&quot;&quot;,&quot;chan_id&quot;:-1,&quot;id&quot;:&quot;zixi://bonded(bonded2)#10.7.0.66:2088@10.7.0.65,192.168.60.66:2088@192.168.50.65,192.168.5.166:2088@192.168.5.165&quot;,&quot;type&quot;:2,&quot;name&quot;:&quot;bond2&quot;,&quot;asi&quot;:0,&quot;rtmp&quot;:0,&quot;file&quot;:1,&quot;active&quot;:1,&quot;group&quot;:&quot;&quot;,&quot;bonded&quot;:[{&quot;host&quot;:&quot;10.7.0.66&quot;,&quot;port&quot;:2088,&quot;nic&quot;:&quot;10.7.0.65&quot;,&quot;limit&quot;:0,&quot;is_backup&quot;:0,&quot;bitrate&quot;:2823614,&quot;up_time&quot;:62,&quot;error_code&quot;:0,&quot;status_code&quot;:3,&quot;error_str&quot;:&quot;None&quot;,&quot;status_str&quot;:&quot;Connected&quot;},{&quot;host&quot;:&quot;192.168.60.66&quot;,&quot;port&quot;:2088,&quot;nic&quot;:&quot;192.168.50.65&quot;,&quot;limit&quot;:0,&quot;is_backup&quot;:0,&quot;bitrate&quot;:0,&quot;up_time&quot;:0,&quot;error_code&quot;:3,&quot;status_code&quot;:1,&quot;error_str&quot;:&quot;Timeout&quot;,&quot;status_str&quot;:&quot;Connecting&quot;},{&quot;host&quot;:&quot;192.168.5.166&quot;,&quot;port&quot;:2088,&quot;nic&quot;:&quot;192.168.5.165&quot;,&quot;limit&quot;:0,&quot;is_backup&quot;:0,&quot;bitrate&quot;:2844172,&quot;up_time&quot;:62,&quot;error_code&quot;:0,&quot;status_code&quot;:3,&quot;error_str&quot;:&quot;None&quot;,&quot;status_str&quot;:&quot;Connected&quot;}],&quot;error&quot;:&quot;None&quot;,&quot;con_stat&quot;:&quot;Disconnected&quot;,&quot;bitrate&quot;:5599424,&quot;dest&quot;:&quot;bonded/bonded2&quot;},{&quot;mip&quot;:&quot;4000.ts&quot;,&quot;port&quot;:0,&quot;ip&quot;:&quot;file&quot;,&quot;in_name&quot;:&quot;bond&quot;,&quot;in_active&quot;:1,&quot;in_active_sources&quot;:0,&quot;prg_name&quot;:&quot;&quot;,&quot;prg_prov&quot;:&quot;&quot;,&quot;prg_num&quot;:-1,&quot;chan&quot;:&quot;&quot;,&quot;chan_id&quot;:-1,&quot;id&quot;:&quot;zixi://bonded(bonded1)#10.7.0.66:2088@10.7.0.65,192.168.60.66:2088@192.168.50.65,192.168.5.166:2088@192.168.5.165&quot;,&quot;type&quot;:2,&quot;name&quot;:&quot;bond1&quot;,&quot;asi&quot;:0,&quot;rtmp&quot;:0,&quot;file&quot;:1,&quot;active&quot;:1,&quot;group&quot;:&quot;&quot;,&quot;bonded&quot;:[{&quot;host&quot;:&quot;10.7.0.66&quot;,&quot;port&quot;:2088,&quot;nic&quot;:&quot;10.7.0.65&quot;,&quot;limit&quot;:0,&quot;is_backup&quot;:0,&quot;bitrate&quot;:2797250,&quot;up_time&quot;:62,&quot;error_code&quot;:0,&quot;status_code&quot;:3,&quot;error_str&quot;:&quot;None&quot;,&quot;status_str&quot;:&quot;Connected&quot;},{&quot;host&quot;:&quot;192.168.60.66&quot;,&quot;port&quot;:2088,&quot;nic&quot;:&quot;192.168.50.65&quot;,&quot;limit&quot;:0,&quot;is_backup&quot;:0,&quot;bitrate&quot;:0,&quot;up_time&quot;:0,&quot;error_code&quot;:3,&quot;status_code&quot;:1,&quot;error_str&quot;:&quot;Timeout&quot;,&quot;status_str&quot;:&quot;Connecting&quot;},{&quot;host&quot;:&quot;192.168.5.166&quot;,&quot;port&quot;:2088,&quot;nic&quot;:&quot;192.168.5.165&quot;,&quot;limit&quot;:0,&quot;is_backup&quot;:0,&quot;bitrate&quot;:2872932,&quot;up_time&quot;:62,&quot;error_code&quot;:0,&quot;status_code&quot;:3,&quot;error_str&quot;:&quot;None&quot;,&quot;status_str&quot;:&quot;Connected&quot;}],&quot;error&quot;:&quot;None&quot;,&quot;con_stat&quot;:&quot;Disconnected&quot;,&quot;bitrate&quot;:5603836,&quot;dest&quot;:&quot;bonded/bonded1&quot;}]}
Debug printing ------&gt;&gt;&gt; {&quot;custom_data&quot;:&quot;&quot;,&quot;msg&quot;:&quot;Output deleted.&quot;,&quot;error&quot;:&quot;&quot;,&quot;outs&quot;:[{&quot;mip&quot;:&quot;live_recording.ts&quot;,&quot;port&quot;:0,&quot;ip&quot;:&quot;file&quot;,&quot;in_name&quot;:&quot;feederoutputname&quot;,&quot;in_active&quot;:1,&quot;in_active_sources&quot;:0,&quot;prg_name&quot;:&quot;&quot;,&quot;prg_prov&quot;:&quot;&quot;,&quot;prg_num&quot;:1,&quot;chan&quot;:&quot;&quot;,&quot;chan_id&quot;:-1,&quot;id&quot;:&quot;zixi://10.7.0.66:2088/feederout&quot;,&quot;type&quot;:2,&quot;name&quot;:&quot;feederoutputname&quot;,&quot;asi&quot;:0,&quot;rtmp&quot;:0,&quot;file&quot;:1,&quot;active&quot;:1,&quot;group&quot;:&quot;&quot;,&quot;error&quot;:&quot;Authentication&quot;,&quot;con_stat&quot;:&quot;Disconnected&quot;,&quot;bitrate&quot;:0,&quot;dest&quot;:&quot;10.7.0.66:2088/feederout&quot;},{&quot;mip&quot;:&quot;4000.ts&quot;,&quot;port&quot;:0,&quot;ip&quot;:&quot;file&quot;,&quot;in_name&quot;:&quot;bond&quot;,&quot;in_active&quot;:1,&quot;in_active_sources&quot;:0,&quot;prg_name&quot;:&quot;&quot;,&quot;prg_prov&quot;:&quot;&quot;,&quot;prg_num&quot;:-1,&quot;chan&quot;:&quot;&quot;,&quot;chan_id&quot;:-1,&quot;id&quot;:&quot;zixi://bonded(bonded14)#10.7.0.66:2088@10.7.0.65,192.168.60.66:2088@192.168.50.65,192.168.5.166:2088@192.168.5.165&quot;,&quot;type&quot;:2,&quot;name&quot;:&quot;bond14&quot;,&quot;asi&quot;:0,&quot;rtmp&quot;:0,&quot;file&quot;:1,&quot;active&quot;:1,&quot;group&quot;:&quot;&quot;,&quot;bonded&quot;:[{&quot;host&quot;:&quot;10.7.0.66&quot;,&quot;port&quot;:2088,&quot;nic&quot;:&quot;10.7.0.65&quot;,&quot;limit&quot;:0,&quot;is_backup&quot;:0,&quot;bitrate&quot;:2889705,&quot;up_time&quot;:62,&quot;error_code&quot;:0,&quot;status_code&quot;:3,&quot;error_str&quot;:&quot;None&quot;,&quot;status_str&quot;:&quot;Connected&quot;},{&quot;host&quot;:&quot;192.168.60.66&quot;,&quot;port&quot;:2088,&quot;nic&quot;:&quot;192.168.50.65&quot;,&quot;limit&quot;:0,&quot;is_backup&quot;:0,&quot;bitrate&quot;:0,&quot;up_time&quot;:0,&quot;error_code&quot;:3,&quot;status_code&quot;:1,&quot;error_str&quot;:&quot;Timeout&quot;,&quot;status_str&quot;:&quot;Connecting&quot;},{&quot;host&quot;:&quot;192.168.5.166&quot;,&quot;port&quot;:2088,&quot;nic&quot;:&quot;192.168.5.165&quot;,&quot;limit&quot;:0,&quot;is_backup&quot;:0,&quot;bitrate&quot;:2779265,&quot;up_time&quot;:62,&quot;error_code&quot;:0,&quot;status_code&quot;:3,&quot;error_str&quot;:&quot;None&quot;,&quot;status_str&quot;:&quot;Connected&quot;}],&quot;error&quot;:&quot;None&quot;,&quot;con_stat&quot;:&quot;Disconnected&quot;,&quot;bitrate&quot;:5621946,&quot;dest&quot;:&quot;bonded/bonded14&quot;},{&quot;mip&quot;:&quot;4000.ts&quot;,&quot;port&quot;:0,&quot;ip&quot;:&quot;file&quot;,&quot;in_name&quot;:&quot;bond&quot;,&quot;in_active&quot;:1,&quot;in_active_sources&quot;:0,&quot;prg_name&quot;:&quot;&quot;,&quot;prg_prov&quot;:&quot;&quot;,&quot;prg_num&quot;:-1,&quot;chan&quot;:&quot;&quot;,&quot;chan_id&quot;:-1,&quot;id&quot;:&quot;zixi://bonded(bonded16)#10.7.0.66:2088@10.7.0.65,192.168.60.66:2088@192.168.50.65,192.168.5.166:2088@192.168.5.165&quot;,&quot;type&quot;:2,&quot;name&quot;:&quot;bond16&quot;,&quot;asi&quot;:0,&quot;rtmp&quot;:0,&quot;file&quot;:1,&quot;active&quot;:1,&quot;group&quot;:&quot;&quot;,&quot;bonded&quot;:[{&quot;host&quot;:&quot;10.7.0.66&quot;,&quot;port&quot;:2088,&quot;nic&quot;:&quot;10.7.0.65&quot;,&quot;limit&quot;:0,&quot;is_backup&quot;:0,&quot;bitrate&quot;:2790941,&quot;up_time&quot;:62,&quot;error_code&quot;:0,&quot;status_code&quot;:3,&quot;error_str&quot;:&quot;None&quot;,&quot;status_str&quot;:&quot;Connected&quot;},{&quot;host&quot;:&quot;192.168.60.66&quot;,&quot;port&quot;:2088,&quot;nic&quot;:&quot;192.168.50.65&quot;,&quot;limit&quot;:0,&quot;is_backup&quot;:0,&quot;bitrate&quot;:0,&quot;up_time&quot;:0,&quot;error_code&quot;:3,&quot;status_code&quot;:1,&quot;error_str&quot;:&quot;Timeout&quot;,&quot;status_str&quot;:&quot;Connecting&quot;},{&quot;host&quot;:&quot;192.168.5.166&quot;,&quot;port&quot;:2088,&quot;nic&quot;:&quot;192.168.5.165&quot;,&quot;limit&quot;:0,&quot;is_backup&quot;:0,&quot;bitrate&quot;:2882952,&quot;up_time&quot;:62,&quot;error_code&quot;:0,&quot;status_code&quot;:3,&quot;error_str&quot;:&quot;None&quot;,&quot;status_str&quot;:&quot;Connected&quot;}],&quot;error&quot;:&quot;None&quot;,&quot;con_stat&quot;:&quot;Disconnected&quot;,&quot;bitrate&quot;:5613170,&quot;dest&quot;:&quot;bonded/bonded16&quot;},{&quot;mip&quot;:&quot;4000.ts&quot;,&quot;port&quot;:0,&quot;ip&quot;:&quot;file&quot;,&quot;in_name&quot;:&quot;bond&quot;,&quot;in_active&quot;:1,&quot;in_active_sources&quot;:0,&quot;prg_name&quot;:&quot;&quot;,&quot;prg_prov&quot;:&quot;&quot;,&quot;prg_num&quot;:-1,&quot;chan&quot;:&quot;&quot;,&quot;chan_id&quot;:-1,&quot;id&quot;:&quot;zixi://bonded(bonded13)#10.7.0.66:2088@10.7.0.65,192.168.60.66:2088@192.168.50.65,192.168.5.166:2088@192.168.5.165&quot;,&quot;type&quot;:2,&quot;name&quot;:&quot;bond13&quot;,&quot;asi&quot;:0,&quot;rtmp&quot;:0,&quot;file&quot;:1,&quot;active&quot;:1,&quot;group&quot;:&quot;&quot;,&quot;bonded&quot;:[{&quot;host&quot;:&quot;10.7.0.66&quot;,&quot;port&quot;:2088,&quot;nic&quot;:&quot;10.7.0.65&quot;,&quot;limit&quot;:0,&quot;is_backup&quot;:0,&quot;bitrate&quot;:2925881,&quot;up_time&quot;:62,&quot;error_code&quot;:0,&quot;status_code&quot;:3,&quot;error_str&quot;:&quot;None&quot;,&quot;status_str&quot;:&quot;Connected&quot;},{&quot;host&quot;:&quot;192.168.60.66&quot;,&quot;port&quot;:2088,&quot;nic&quot;:&quot;192.168.50.65&quot;,&quot;limit&quot;:0,&quot;is_backup&quot;:0,&quot;bitrate&quot;:0,&quot;up_time&quot;:0,&quot;error_code&quot;:3,&quot;status_code&quot;:1,&quot;error_str&quot;:&quot;Timeout&quot;,&quot;status_str&quot;:&quot;Connecting&quot;},{&quot;host&quot;:&quot;192.168.5.166&quot;,&quot;port&quot;:2088,&quot;nic&quot;:&quot;192.168.5.165&quot;,&quot;limit&quot;:0,&quot;is_backup&quot;:0,&quot;bitrate&quot;:2751967,&quot;up_time&quot;:62,&quot;error_code&quot;:0,&quot;status_code&quot;:3,&quot;error_str&quot;:&quot;None&quot;,&quot;status_str&quot;:&quot;Connected&quot;}],&quot;error&quot;:&quot;None&quot;,&quot;con_stat&quot;:&quot;Disconnected&quot;,&quot;bitrate&quot;:5608328,&quot;dest&quot;:&quot;bonded/bonded13&quot;},{&quot;mip&quot;:&quot;4000.ts&quot;,&quot;port&quot;:0,&quot;ip&quot;:&quot;file&quot;,&quot;in_name&quot;:&quot;bond&quot;,&quot;in_active&quot;:1,&quot;in_active_sources&quot;:0,&quot;prg_name&quot;:&quot;&quot;,&quot;prg_prov&quot;:&quot;&quot;,&quot;prg_num&quot;:-1,&quot;chan&quot;:&quot;&quot;,&quot;chan_id&quot;:-1,&quot;id&quot;:&quot;zixi://bonded(bonded19)#10.7.0.66:2088@10.7.0.65,192.168.60.66:2088@192.168.50.65,192.168.5.166:2088@192.168.5.165&quot;,&quot;type&quot;:2,&quot;name&quot;:&quot;bond19&quot;,&quot;asi&quot;:0,&quot;rtmp&quot;:0,&quot;file&quot;:1,&quot;active&quot;:1,&quot;group&quot;:&quot;&quot;,&quot;bonded&quot;:[{&quot;host&quot;:&quot;10.7.0.66&quot;,&quot;port&quot;:2088,&quot;nic&quot;:&quot;10.7.0.65&quot;,&quot;limit&quot;:0,&quot;is_backup&quot;:0,&quot;bitrate&quot;:2867663,&quot;up_time&quot;:62,&quot;error_code&quot;:0,&quot;status_code&quot;:3,&quot;error_str&quot;:&quot;None&quot;,&quot;status_str&quot;:&quot;Connected&quot;},{&quot;host&quot;:&quot;192.168.60.66&quot;,&quot;port&quot;:2088,&quot;nic&quot;:&quot;192.168.50.65&quot;,&quot;limit&quot;:0,&quot;is_backup&quot;:0,&quot;bitrate&quot;:0,&quot;up_time&quot;:0,&quot;error_code&quot;:3,&quot;status_code&quot;:1,&quot;error_str&quot;:&quot;Timeout&quot;,&quot;status_str&quot;:&quot;Connecting&quot;},{&quot;host&quot;:&quot;192.168.5.166&quot;,&quot;port&quot;:2088,&quot;nic&quot;:&quot;192.168.5.165&quot;,&quot;limit&quot;:0,&quot;is_backup&quot;:0,&quot;bitrate&quot;:2800594,&quot;up_time&quot;:62,&quot;error_code&quot;:0,&quot;status_code&quot;:3,&quot;error_str&quot;:&quot;None&quot;,&quot;status_str&quot;:&quot;Connected&quot;}],&quot;error&quot;:&quot;None&quot;,&quot;con_stat&quot;:&quot;Disconnected&quot;,&quot;bitrate&quot;:5591568,&quot;dest&quot;:&quot;bonded/bonded19&quot;},{&quot;mip&quot;:&quot;4000.ts&quot;,&quot;port&quot;:0,&quot;ip&quot;:&quot;file&quot;,&quot;in_name&quot;:&quot;bond&quot;,&quot;in_active&quot;:1,&quot;in_active_sources&quot;:0,&quot;prg_name&quot;:&quot;&quot;,&quot;prg_prov&quot;:&quot;&quot;,&quot;prg_num&quot;:-1,&quot;chan&quot;:&quot;&quot;,&quot;chan_id&quot;:-1,&quot;id&quot;:&quot;zixi://bonded(bonded12)#10.7.0.66:2088@10.7.0.65,192.168.60.66:2088@192.168.50.65,192.168.5.166:2088@192.168.5.165&quot;,&quot;type&quot;:2,&quot;name&quot;:&quot;bond12&quot;,&quot;asi&quot;:0,&quot;rtmp&quot;:0,&quot;file&quot;:1,&quot;active&quot;:1,&quot;group&quot;:&quot;&quot;,&quot;bonded&quot;:[{&quot;host&quot;:&quot;10.7.0.66&quot;,&quot;port&quot;:2088,&quot;nic&quot;:&quot;10.7.0.65&quot;,&quot;limit&quot;:0,&quot;is_backup&quot;:0,&quot;bitrate&quot;:2846629,&quot;up_time&quot;:62,&quot;error_code&quot;:0,&quot;status_code&quot;:3,&quot;error_str&quot;:&quot;None&quot;,&quot;status_str&quot;:&quot;Connected&quot;},{&quot;host&quot;:&quot;192.168.60.66&quot;,&quot;port&quot;:2088,&quot;nic&quot;:&quot;192.168.50.65&quot;,&quot;limit&quot;:0,&quot;is_backup&quot;:0,&quot;bitrate&quot;:0,&quot;up_time&quot;:0,&quot;error_code&quot;:3,&quot;status_code&quot;:1,&quot;error_str&quot;:&quot;Timeout&quot;,&quot;status_str&quot;:&quot;Connecting&quot;},{&quot;host&quot;:&quot;192.168.5.166&quot;,&quot;port&quot;:2088,&quot;nic&quot;:&quot;192.168.5.165&quot;,&quot;limit&quot;:0,&quot;is_backup&quot;:0,&quot;bitrate&quot;:2830048,&quot;up_time&quot;:62,&quot;error_code&quot;:0,&quot;status_code&quot;:3,&quot;error_str&quot;:&quot;None&quot;,&quot;status_str&quot;:&quot;Connected&quot;}],&quot;error&quot;:&quot;None&quot;,&quot;con_stat&quot;:&quot;Disconnected&quot;,&quot;bitrate&quot;:5608208,&quot;dest&quot;:&quot;bonded/bonded12&quot;},{&quot;mip&quot;:&quot;4000.ts&quot;,&quot;port&quot;:0,&quot;ip&quot;:&quot;file&quot;,&quot;in_name&quot;:&quot;bond&quot;,&quot;in_active&quot;:1,&quot;in_active_sources&quot;:0,&quot;prg_name&quot;:&quot;&quot;,&quot;prg_prov&quot;:&quot;&quot;,&quot;prg_num&quot;:-1,&quot;chan&quot;:&quot;&quot;,&quot;chan_id&quot;:-1,&quot;id&quot;:&quot;zixi://bonded(bonded18)#10.7.0.66:2088@10.7.0.65,192.168.60.66:2088@192.168.50.65,192.168.5.166:2088@192.168.5.165&quot;,&quot;type&quot;:2,&quot;name&quot;:&quot;bond18&quot;,&quot;asi&quot;:0,&quot;rtmp&quot;:0,&quot;file&quot;:1,&quot;active&quot;:1,&quot;group&quot;:&quot;&quot;,&quot;bonded&quot;:[{&quot;host&quot;:&quot;10.7.0.66&quot;,&quot;port&quot;:2088,&quot;nic&quot;:&quot;10.7.0.65&quot;,&quot;limit&quot;:0,&quot;is_backup&quot;:0,&quot;bitrate&quot;:2764628,&quot;up_time&quot;:62,&quot;error_code&quot;:0,&quot;status_code&quot;:3,&quot;error_str&quot;:&quot;None&quot;,&quot;status_str&quot;:&quot;Connected&quot;},{&quot;host&quot;:&quot;192.168.60.66&quot;,&quot;port&quot;:2088,&quot;nic&quot;:&quot;192.168.50.65&quot;,&quot;limit&quot;:0,&quot;is_backup&quot;:0,&quot;bitrate&quot;:0,&quot;up_time&quot;:0,&quot;error_code&quot;:3,&quot;status_code&quot;:1,&quot;error_str&quot;:&quot;Timeout&quot;,&quot;status_str&quot;:&quot;Connecting&quot;},{&quot;host&quot;:&quot;192.168.5.166&quot;,&quot;port&quot;:2088,&quot;nic&quot;:&quot;192.168.5.165&quot;,&quot;limit&quot;:0,&quot;is_backup&quot;:0,&quot;bitrate&quot;:2898112,&quot;up_time&quot;:62,&quot;error_code&quot;:0,&quot;status_code&quot;:3,&quot;error_str&quot;:&quot;None&quot;,&quot;status_str&quot;:&quot;Connected&quot;}],&quot;error&quot;:&quot;None&quot;,&quot;con_stat&quot;:&quot;Disconnected&quot;,&quot;bitrate&quot;:5612691,&quot;dest&quot;:&quot;bonded/bonded18&quot;},{&quot;mip&quot;:&quot;4000.ts&quot;,&quot;port&quot;:0,&quot;ip&quot;:&quot;file&quot;,&quot;in_name&quot;:&quot;bond&quot;,&quot;in_active&quot;:1,&quot;in_active_sources&quot;:0,&quot;prg_name&quot;:&quot;&quot;,&quot;prg_prov&quot;:&quot;&quot;,&quot;prg_num&quot;:-1,&quot;chan&quot;:&quot;&quot;,&quot;chan_id&quot;:-1,&quot;id&quot;:&quot;zixi://bonded(bonded11)#10.7.0.66:2088@10.7.0.65,192.168.60.66:2088@192.168.50.65,192.168.5.166:2088@192.168.5.165&quot;,&quot;type&quot;:2,&quot;name&quot;:&quot;bond11&quot;,&quot;asi&quot;:0,&quot;rtmp&quot;:0,&quot;file&quot;:1,&quot;active&quot;:1,&quot;group&quot;:&quot;&quot;,&quot;bonded&quot;:[{&quot;host&quot;:&quot;10.7.0.66&quot;,&quot;port&quot;:2088,&quot;nic&quot;:&quot;10.7.0.65&quot;,&quot;limit&quot;:0,&quot;is_backup&quot;:0,&quot;bitrate&quot;:2835313,&quot;up_time&quot;:62,&quot;error_code&quot;:0,&quot;status_code&quot;:3,&quot;error_str&quot;:&quot;None&quot;,&quot;status_str&quot;:&quot;Connected&quot;},{&quot;host&quot;:&quot;192.168.60.66&quot;,&quot;port&quot;:2088,&quot;nic&quot;:&quot;192.168.50.65&quot;,&quot;limit&quot;:0,&quot;is_backup&quot;:0,&quot;bitrate&quot;:0,&quot;up_time&quot;:0,&quot;error_code&quot;:3,&quot;status_code&quot;:1,&quot;error_str&quot;:&quot;Timeout&quot;,&quot;status_str&quot;:&quot;Connecting&quot;},{&quot;host&quot;:&quot;192.168.5.166&quot;,&quot;port&quot;:2088,&quot;nic&quot;:&quot;192.168.5.165&quot;,&quot;limit&quot;:0,&quot;is_backup&quot;:0,&quot;bitrate&quot;:2837955,&quot;up_time&quot;:62,&quot;error_code&quot;:0,&quot;status_code&quot;:3,&quot;error_str&quot;:&quot;None&quot;,&quot;status_str&quot;:&quot;Connected&quot;}],&quot;error&quot;:&quot;None&quot;,&quot;con_stat&quot;:&quot;Disconnected&quot;,&quot;bitrate&quot;:5618336,&quot;dest&quot;:&quot;bonded/bonded11&quot;},{&quot;mip&quot;:&quot;4000.ts&quot;,&quot;port&quot;:0,&quot;ip&quot;:&quot;file&quot;,&quot;in_name&quot;:&quot;bond&quot;,&quot;in_active&quot;:1,&quot;in_active_sources&quot;:0,&quot;prg_name&quot;:&quot;&quot;,&quot;prg_prov&quot;:&quot;&quot;,&quot;prg_num&quot;:-1,&quot;chan&quot;:&quot;&quot;,&quot;chan_id&quot;:-1,&quot;id&quot;:&quot;zixi://bonded(bonded10)#10.7.0.66:2088@10.7.0.65,192.168.60.66:2088@192.168.50.65,192.168.5.166:2088@192.168.5.165&quot;,&quot;type&quot;:2,&quot;name&quot;:&quot;bond10&quot;,&quot;asi&quot;:0,&quot;rtmp&quot;:0,&quot;file&quot;:1,&quot;active&quot;:1,&quot;group&quot;:&quot;&quot;,&quot;bonded&quot;:[{&quot;host&quot;:&quot;10.7.0.66&quot;,&quot;port&quot;:2088,&quot;nic&quot;:&quot;10.7.0.65&quot;,&quot;limit&quot;:0,&quot;is_backup&quot;:0,&quot;bitrate&quot;:2844362,&quot;up_time&quot;:62,&quot;error_code&quot;:0,&quot;status_code&quot;:3,&quot;error_str&quot;:&quot;None&quot;,&quot;status_str&quot;:&quot;Connected&quot;},{&quot;host&quot;:&quot;192.168.60.66&quot;,&quot;port&quot;:2088,&quot;nic&quot;:&quot;192.168.50.65&quot;,&quot;limit&quot;:0,&quot;is_backup&quot;:0,&quot;bitrate&quot;:0,&quot;up_time&quot;:0,&quot;error_code&quot;:3,&quot;status_code&quot;:1,&quot;error_str&quot;:&quot;Timeout&quot;,&quot;status_str&quot;:&quot;Connecting&quot;},{&quot;host&quot;:&quot;192.168.5.166&quot;,&quot;port&quot;:2088,&quot;nic&quot;:&quot;192.168.5.165&quot;,&quot;limit&quot;:0,&quot;is_backup&quot;:0,&quot;bitrate&quot;:2823903,&quot;up_time&quot;:62,&quot;error_code&quot;:0,&quot;status_code&quot;:3,&quot;error_str&quot;:&quot;None&quot;,&quot;status_str&quot;:&quot;Connected&quot;}],&quot;error&quot;:&quot;None&quot;,&quot;con_stat&quot;:&quot;Disconnected&quot;,&quot;bitrate&quot;:5596352,&quot;dest&quot;:&quot;bonded/bonded10&quot;},{&quot;mip&quot;:&quot;4000.ts&quot;,&quot;port&quot;:0,&quot;ip&quot;:&quot;file&quot;,&quot;in_name&quot;:&quot;bond&quot;,&quot;in_active&quot;:1,&quot;in_active_sources&quot;:0,&quot;prg_name&quot;:&quot;&quot;,&quot;prg_prov&quot;:&quot;&quot;,&quot;prg_num&quot;:-1,&quot;chan&quot;:&quot;&quot;,&quot;chan_id&quot;:-1,&quot;id&quot;:&quot;zixi://bonded(bonded15)#10.7.0.66:2088@10.7.0.65,192.168.60.66:2088@192.168.50.65,192.168.5.166:2088@192.168.5.165&quot;,&quot;type&quot;:2,&quot;name&quot;:&quot;bond15&quot;,&quot;asi&quot;:0,&quot;rtmp&quot;:0,&quot;file&quot;:1,&quot;active&quot;:1,&quot;group&quot;:&quot;&quot;,&quot;bonded&quot;:[{&quot;host&quot;:&quot;10.7.0.66&quot;,&quot;port&quot;:2088,&quot;nic&quot;:&quot;10.7.0.65&quot;,&quot;limit&quot;:0,&quot;is_backup&quot;:0,&quot;bitrate&quot;:2849547,&quot;up_time&quot;:62,&quot;error_code&quot;:0,&quot;status_code&quot;:3,&quot;error_str&quot;:&quot;None&quot;,&quot;status_str&quot;:&quot;Connected&quot;},{&quot;host&quot;:&quot;192.168.60.66&quot;,&quot;port&quot;:2088,&quot;nic&quot;:&quot;192.168.50.65&quot;,&quot;limit&quot;:0,&quot;is_backup&quot;:0,&quot;bitrate&quot;:0,&quot;up_time&quot;:0,&quot;error_code&quot;:3,&quot;status_code&quot;:1,&quot;error_str&quot;:&quot;Timeout&quot;,&quot;status_str&quot;:&quot;Connecting&quot;},{&quot;host&quot;:&quot;192.168.5.166&quot;,&quot;port&quot;:2088,&quot;nic&quot;:&quot;192.168.5.165&quot;,&quot;limit&quot;:0,&quot;is_backup&quot;:0,&quot;bitrate&quot;:2819751,&quot;up_time&quot;:62,&quot;error_code&quot;:0,&quot;status_code&quot;:3,&quot;error_str&quot;:&quot;None&quot;,&quot;status_str&quot;:&quot;Connected&quot;}],&quot;error&quot;:&quot;None&quot;,&quot;con_stat&quot;:&quot;Disconnected&quot;,&quot;bitrate&quot;:5611476,&quot;dest&quot;:&quot;bonded/bonded15&quot;},{&quot;mip&quot;:&quot;4000.ts&quot;,&quot;port&quot;:0,&quot;ip&quot;:&quot;file&quot;,&quot;in_name&quot;:&quot;bond&quot;,&quot;in_active&quot;:1,&quot;in_active_sources&quot;:0,&quot;prg_name&quot;:&quot;&quot;,&quot;prg_prov&quot;:&quot;&quot;,&quot;prg_num&quot;:-1,&quot;chan&quot;:&quot;&quot;,&quot;chan_id&quot;:-1,&quot;id&quot;:&quot;zixi://bonded(bonded0)#10.7.0.66:2088@10.7.0.65,192.168.60.66:2088@192.168.50.65,192.168.5.166:2088@192.168.5.165&quot;,&quot;type&quot;:2,&quot;name&quot;:&quot;bond0&quot;,&quot;asi&quot;:0,&quot;rtmp&quot;:0,&quot;file&quot;:1,&quot;active&quot;:1,&quot;group&quot;:&quot;&quot;,&quot;bonded&quot;:[{&quot;host&quot;:&quot;10.7.0.66&quot;,&quot;port&quot;:2088,&quot;nic&quot;:&quot;10.7.0.65&quot;,&quot;limit&quot;:0,&quot;is_backup&quot;:0,&quot;bitrate&quot;:2818749,&quot;up_time&quot;:62,&quot;error_code&quot;:0,&quot;status_code&quot;:3,&quot;error_str&quot;:&quot;None&quot;,&quot;status_str&quot;:&quot;Connected&quot;},{&quot;host&quot;:&quot;192.168.60.66&quot;,&quot;port&quot;:2088,&quot;nic&quot;:&quot;192.168.50.65&quot;,&quot;limit&quot;:0,&quot;is_backup&quot;:0,&quot;bitrate&quot;:0,&quot;up_time&quot;:0,&quot;error_code&quot;:3,&quot;status_code&quot;:1,&quot;error_str&quot;:&quot;Timeout&quot;,&quot;status_str&quot;:&quot;Connecting&quot;},{&quot;host&quot;:&quot;192.168.5.166&quot;,&quot;port&quot;:2088,&quot;nic&quot;:&quot;192.168.5.165&quot;,&quot;limit&quot;:0,&quot;is_backup&quot;:0,&quot;bitrate&quot;:2851191,&quot;up_time&quot;:62,&quot;error_code&quot;:0,&quot;status_code&quot;:3,&quot;error_str&quot;:&quot;None&quot;,&quot;status_str&quot;:&quot;Connected&quot;}],&quot;error&quot;:&quot;None&quot;,&quot;con_stat&quot;:&quot;Disconnected&quot;,&quot;bitrate&quot;:5603660,&quot;dest&quot;:&quot;bonded/bonded0&quot;},{&quot;mip&quot;:&quot;4000.ts&quot;,&quot;port&quot;:0,&quot;ip&quot;:&quot;file&quot;,&quot;in_name&quot;:&quot;bond&quot;,&quot;in_active&quot;:1,&quot;in_active_sources&quot;:0,&quot;prg_name&quot;:&quot;&quot;,&quot;prg_prov&quot;:&quot;&quot;,&quot;prg_num&quot;:-1,&quot;chan&quot;:&quot;&quot;,&quot;chan_id&quot;:-1,&quot;id&quot;:&quot;zixi://bonded(bonded7)#10.7.0.66:2088@10.7.0.65,192.168.60.66:2088@192.168.50.65,192.168.5.166:2088@192.168.5.165&quot;,&quot;type&quot;:2,&quot;name&quot;:&quot;bond7&quot;,&quot;asi&quot;:0,&quot;rtmp&quot;:0,&quot;file&quot;:1,&quot;active&quot;:1,&quot;group&quot;:&quot;&quot;,&quot;bonded&quot;:[{&quot;host&quot;:&quot;10.7.0.66&quot;,&quot;port&quot;:2088,&quot;nic&quot;:&quot;10.7.0.65&quot;,&quot;limit&quot;:0,&quot;is_backup&quot;:0,&quot;bitrate&quot;:2779582,&quot;up_time&quot;:62,&quot;error_code&quot;:0,&quot;status_code&quot;:3,&quot;error_str&quot;:&quot;None&quot;,&quot;status_str&quot;:&quot;Connected&quot;},{&quot;host&quot;:&quot;192.168.60.66&quot;,&quot;port&quot;:2088,&quot;nic&quot;:&quot;192.168.50.65&quot;,&quot;limit&quot;:0,&quot;is_backup&quot;:0,&quot;bitrate&quot;:0,&quot;up_time&quot;:0,&quot;error_code&quot;:3,&quot;status_code&quot;:1,&quot;error_str&quot;:&quot;Timeout&quot;,&quot;status_str&quot;:&quot;Connecting&quot;},{&quot;host&quot;:&quot;192.168.5.166&quot;,&quot;port&quot;:2088,&quot;nic&quot;:&quot;192.168.5.165&quot;,&quot;limit&quot;:0,&quot;is_backup&quot;:0,&quot;bitrate&quot;:2881369,&quot;up_time&quot;:62,&quot;error_code&quot;:0,&quot;status_code&quot;:3,&quot;error_str&quot;:&quot;None&quot;,&quot;status_str&quot;:&quot;Connected&quot;}],&quot;error&quot;:&quot;None&quot;,&quot;con_stat&quot;:&quot;Disconnected&quot;,&quot;bitrate&quot;:5595592,&quot;dest&quot;:&quot;bonded/bonded7&quot;},{&quot;mip&quot;:&quot;4000.ts&quot;,&quot;port&quot;:0,&quot;ip&quot;:&quot;file&quot;,&quot;in_name&quot;:&quot;bond&quot;,&quot;in_active&quot;:1,&quot;in_active_sources&quot;:0,&quot;prg_name&quot;:&quot;&quot;,&quot;prg_prov&quot;:&quot;&quot;,&quot;prg_num&quot;:-1,&quot;chan&quot;:&quot;&quot;,&quot;chan_id&quot;:-1,&quot;id&quot;:&quot;zixi://bonded(bonded8)#10.7.0.66:2088@10.7.0.65,192.168.60.66:2088@192.168.50.65,192.168.5.166:2088@192.168.5.165&quot;,&quot;type&quot;:2,&quot;name&quot;:&quot;bond8&quot;,&quot;asi&quot;:0,&quot;rtmp&quot;:0,&quot;file&quot;:1,&quot;active&quot;:1,&quot;group&quot;:&quot;&quot;,&quot;bonded&quot;:[{&quot;host&quot;:&quot;10.7.0.66&quot;,&quot;port&quot;:2088,&quot;nic&quot;:&quot;10.7.0.65&quot;,&quot;limit&quot;:0,&quot;is_backup&quot;:0,&quot;bitrate&quot;:2823116,&quot;up_time&quot;:62,&quot;error_code&quot;:0,&quot;status_code&quot;:3,&quot;error_str&quot;:&quot;None&quot;,&quot;status_str&quot;:&quot;Connected&quot;},{&quot;host&quot;:&quot;192.168.60.66&quot;,&quot;port&quot;:2088,&quot;nic&quot;:&quot;192.168.50.65&quot;,&quot;limit&quot;:0,&quot;is_backup&quot;:0,&quot;bitrate&quot;:0,&quot;up_time&quot;:0,&quot;error_code&quot;:3,&quot;status_code&quot;:1,&quot;error_str&quot;:&quot;Timeout&quot;,&quot;status_str&quot;:&quot;Connecting&quot;},{&quot;host&quot;:&quot;192.168.5.166&quot;,&quot;port&quot;:2088,&quot;nic&quot;:&quot;192.168.5.165&quot;,&quot;limit&quot;:0,&quot;is_backup&quot;:0,&quot;bitrate&quot;:2838254,&quot;up_time&quot;:62,&quot;error_code&quot;:0,&quot;status_code&quot;:3,&quot;error_str&quot;:&quot;None&quot;,&quot;status_str&quot;:&quot;Connected&quot;}],&quot;error&quot;:&quot;None&quot;,&quot;con_stat&quot;:&quot;Disconnected&quot;,&quot;bitrate&quot;:5611548,&quot;dest&quot;:&quot;bonded/bonded8&quot;},{&quot;mip&quot;:&quot;4000.ts&quot;,&quot;port&quot;:0,&quot;ip&quot;:&quot;file&quot;,&quot;in_name&quot;:&quot;bond&quot;,&quot;in_active&quot;:1,&quot;in_active_sources&quot;:0,&quot;prg_name&quot;:&quot;&quot;,&quot;prg_prov&quot;:&quot;&quot;,&quot;prg_num&quot;:-1,&quot;chan&quot;:&quot;&quot;,&quot;chan_id&quot;:-1,&quot;id&quot;:&quot;zixi://bonded(bonded6)#10.7.0.66:2088@10.7.0.65,192.168.60.66:2088@192.168.50.65,192.168.5.166:2088@192.168.5.165&quot;,&quot;type&quot;:2,&quot;name&quot;:&quot;bond6&quot;,&quot;asi&quot;:0,&quot;rtmp&quot;:0,&quot;file&quot;:1,&quot;active&quot;:1,&quot;group&quot;:&quot;&quot;,&quot;bonded&quot;:[{&quot;host&quot;:&quot;10.7.0.66&quot;,&quot;port&quot;:2088,&quot;nic&quot;:&quot;10.7.0.65&quot;,&quot;limit&quot;:0,&quot;is_backup&quot;:0,&quot;bitrate&quot;:2861013,&quot;up_time&quot;:62,&quot;error_code&quot;:0,&quot;status_code&quot;:3,&quot;error_str&quot;:&quot;None&quot;,&quot;status_str&quot;:&quot;Connected&quot;},{&quot;host&quot;:&quot;192.168.60.66&quot;,&quot;port&quot;:2088,&quot;nic&quot;:&quot;192.168.50.65&quot;,&quot;limit&quot;:0,&quot;is_backup&quot;:0,&quot;bitrate&quot;:0,&quot;up_time&quot;:0,&quot;error_code&quot;:3,&quot;status_code&quot;:1,&quot;error_str&quot;:&quot;Timeout&quot;,&quot;status_str&quot;:&quot;Connecting&quot;},{&quot;host&quot;:&quot;192.168.5.166&quot;,&quot;port&quot;:2088,&quot;nic&quot;:&quot;192.168.5.165&quot;,&quot;limit&quot;:0,&quot;is_backup&quot;:0,&quot;bitrate&quot;:2812273,&quot;up_time&quot;:62,&quot;error_code&quot;:0,&quot;status_code&quot;:3,&quot;error_str&quot;:&quot;None&quot;,&quot;status_str&quot;:&quot;Connected&quot;}],&quot;error&quot;:&quot;None&quot;,&quot;con_stat&quot;:&quot;Disconnected&quot;,&quot;bitrate&quot;:5612683,&quot;dest&quot;:&quot;bonded/bonded6&quot;},{&quot;mip&quot;:&quot;4000.ts&quot;,&quot;port&quot;:0,&quot;ip&quot;:&quot;file&quot;,&quot;in_name&quot;:&quot;bond&quot;,&quot;in_active&quot;:1,&quot;in_active_sources&quot;:0,&quot;prg_name&quot;:&quot;&quot;,&quot;prg_prov&quot;:&quot;&quot;,&quot;prg_num&quot;:-1,&quot;chan&quot;:&quot;&quot;,&quot;chan_id&quot;:-1,&quot;id&quot;:&quot;zixi://bonded(bonded5)#10.7.0.66:2088@10.7.0.65,192.168.60.66:2088@192.168.50.65,192.168.5.166:2088@192.168.5.165&quot;,&quot;type&quot;:2,&quot;name&quot;:&quot;bond5&quot;,&quot;asi&quot;:0,&quot;rtmp&quot;:0,&quot;file&quot;:1,&quot;active&quot;:1,&quot;group&quot;:&quot;&quot;,&quot;bonded&quot;:[{&quot;host&quot;:&quot;10.7.0.66&quot;,&quot;port&quot;:2088,&quot;nic&quot;:&quot;10.7.0.65&quot;,&quot;limit&quot;:0,&quot;is_backup&quot;:0,&quot;bitrate&quot;:2901933,&quot;up_time&quot;:62,&quot;error_code&quot;:0,&quot;status_code&quot;:3,&quot;error_str&quot;:&quot;None&quot;,&quot;status_str&quot;:&quot;Connected&quot;},{&quot;host&quot;:&quot;192.168.60.66&quot;,&quot;port&quot;:2088,&quot;nic&quot;:&quot;192.168.50.65&quot;,&quot;limit&quot;:0,&quot;is_backup&quot;:0,&quot;bitrate&quot;:0,&quot;up_time&quot;:0,&quot;error_code&quot;:3,&quot;status_code&quot;:1,&quot;error_str&quot;:&quot;Timeout&quot;,&quot;status_str&quot;:&quot;Connecting&quot;},{&quot;host&quot;:&quot;192.168.5.166&quot;,&quot;port&quot;:2088,&quot;nic&quot;:&quot;192.168.5.165&quot;,&quot;limit&quot;:0,&quot;is_backup&quot;:0,&quot;bitrate&quot;:2788192,&quot;up_time&quot;:62,&quot;error_code&quot;:0,&quot;status_code&quot;:3,&quot;error_str&quot;:&quot;None&quot;,&quot;status_str&quot;:&quot;Connected&quot;}],&quot;error&quot;:&quot;None&quot;,&quot;con_stat&quot;:&quot;Disconnected&quot;,&quot;bitrate&quot;:5623440,&quot;dest&quot;:&quot;bonded/bonded5&quot;},{&quot;mip&quot;:&quot;4000.ts&quot;,&quot;port&quot;:0,&quot;ip&quot;:&quot;file&quot;,&quot;in_name&quot;:&quot;bond&quot;,&quot;in_active&quot;:1,&quot;in_active_sources&quot;:0,&quot;prg_name&quot;:&quot;&quot;,&quot;prg_prov&quot;:&quot;&quot;,&quot;prg_num&quot;:-1,&quot;chan&quot;:&quot;&quot;,&quot;chan_id&quot;:-1,&quot;id&quot;:&quot;zixi://bonded(bonded4)#10.7.0.66:2088@10.7.0.65,192.168.60.66:2088@192.168.50.65,192.168.5.166:2088@192.168.5.165&quot;,&quot;type&quot;:2,&quot;name&quot;:&quot;bond4&quot;,&quot;asi&quot;:0,&quot;rtmp&quot;:0,&quot;file&quot;:1,&quot;active&quot;:1,&quot;group&quot;:&quot;&quot;,&quot;bonded&quot;:[{&quot;host&quot;:&quot;10.7.0.66&quot;,&quot;port&quot;:2088,&quot;nic&quot;:&quot;10.7.0.65&quot;,&quot;limit&quot;:0,&quot;is_backup&quot;:0,&quot;bitrate&quot;:2793416,&quot;up_time&quot;:62,&quot;error_code&quot;:0,&quot;status_code&quot;:3,&quot;error_str&quot;:&quot;None&quot;,&quot;status_str&quot;:&quot;Connected&quot;},{&quot;host&quot;:&quot;192.168.60.66&quot;,&quot;port&quot;:2088,&quot;nic&quot;:&quot;192.168.50.65&quot;,&quot;limit&quot;:0,&quot;is_backup&quot;:0,&quot;bitrate&quot;:0,&quot;up_time&quot;:0,&quot;error_code&quot;:3,&quot;status_code&quot;:1,&quot;error_str&quot;:&quot;Timeout&quot;,&quot;status_str&quot;:&quot;Connecting&quot;},{&quot;host&quot;:&quot;192.168.5.166&quot;,&quot;port&quot;:2088,&quot;nic&quot;:&quot;192.168.5.165&quot;,&quot;limit&quot;:0,&quot;is_backup&quot;:0,&quot;bitrate&quot;:2883122,&quot;up_time&quot;:62,&quot;error_code&quot;:0,&quot;status_code&quot;:3,&quot;error_str&quot;:&quot;None&quot;,&quot;status_str&quot;:&quot;Connected&quot;}],&quot;error&quot;:&quot;None&quot;,&quot;con_stat&quot;:&quot;Disconnected&quot;,&quot;bitrate&quot;:5602181,&quot;dest&quot;:&quot;bonded/bonded4&quot;},{&quot;mip&quot;:&quot;4000.ts&quot;,&quot;port&quot;:0,&quot;ip&quot;:&quot;file&quot;,&quot;in_name&quot;:&quot;bond&quot;,&quot;in_active&quot;:1,&quot;in_active_sources&quot;:0,&quot;prg_name&quot;:&quot;&quot;,&quot;prg_prov&quot;:&quot;&quot;,&quot;prg_num&quot;:-1,&quot;chan&quot;:&quot;&quot;,&quot;chan_id&quot;:-1,&quot;id&quot;:&quot;zixi://bonded(bonded3)#10.7.0.66:2088@10.7.0.65,192.168.60.66:2088@192.168.50.65,192.168.5.166:2088@192.168.5.165&quot;,&quot;type&quot;:2,&quot;name&quot;:&quot;bond3&quot;,&quot;asi&quot;:0,&quot;rtmp&quot;:0,&quot;file&quot;:1,&quot;active&quot;:1,&quot;group&quot;:&quot;&quot;,&quot;bonded&quot;:[{&quot;host&quot;:&quot;10.7.0.66&quot;,&quot;port&quot;:2088,&quot;nic&quot;:&quot;10.7.0.65&quot;,&quot;limit&quot;:0,&quot;is_backup&quot;:0,&quot;bitrate&quot;:2870606,&quot;up_time&quot;:62,&quot;error_code&quot;:0,&quot;status_code&quot;:3,&quot;error_str&quot;:&quot;None&quot;,&quot;status_str&quot;:&quot;Connected&quot;},{&quot;host&quot;:&quot;192.168.60.66&quot;,&quot;port&quot;:2088,&quot;nic&quot;:&quot;192.168.50.65&quot;,&quot;limit&quot;:0,&quot;is_backup&quot;:0,&quot;bitrate&quot;:0,&quot;up_time&quot;:0,&quot;error_code&quot;:3,&quot;status_code&quot;:1,&quot;error_str&quot;:&quot;Timeout&quot;,&quot;status_str&quot;:&quot;Connecting&quot;},{&quot;host&quot;:&quot;192.168.5.166&quot;,&quot;port&quot;:2088,&quot;nic&quot;:&quot;192.168.5.165&quot;,&quot;limit&quot;:0,&quot;is_backup&quot;:0,&quot;bitrate&quot;:2815477,&quot;up_time&quot;:62,&quot;error_code&quot;:0,&quot;status_code&quot;:3,&quot;error_str&quot;:&quot;None&quot;,&quot;status_str&quot;:&quot;Connected&quot;}],&quot;error&quot;:&quot;None&quot;,&quot;con_stat&quot;:&quot;Disconnected&quot;,&quot;bitrate&quot;:5614785,&quot;dest&quot;:&quot;bonded/bonded3&quot;},{&quot;mip&quot;:&quot;4000.ts&quot;,&quot;port&quot;:0,&quot;ip&quot;:&quot;file&quot;,&quot;in_name&quot;:&quot;bond&quot;,&quot;in_active&quot;:1,&quot;in_active_sources&quot;:0,&quot;prg_name&quot;:&quot;&quot;,&quot;prg_prov&quot;:&quot;&quot;,&quot;prg_num&quot;:-1,&quot;chan&quot;:&quot;&quot;,&quot;chan_id&quot;:-1,&quot;id&quot;:&quot;zixi://bonded(bonded2)#10.7.0.66:2088@10.7.0.65,192.168.60.66:2088@192.168.50.65,192.168.5.166:2088@192.168.5.165&quot;,&quot;type&quot;:2,&quot;name&quot;:&quot;bond2&quot;,&quot;asi&quot;:0,&quot;rtmp&quot;:0,&quot;file&quot;:1,&quot;active&quot;:1,&quot;group&quot;:&quot;&quot;,&quot;bonded&quot;:[{&quot;host&quot;:&quot;10.7.0.66&quot;,&quot;port&quot;:2088,&quot;nic&quot;:&quot;10.7.0.65&quot;,&quot;limit&quot;:0,&quot;is_backup&quot;:0,&quot;bitrate&quot;:2823614,&quot;up_time&quot;:62,&quot;error_code&quot;:0,&quot;status_code&quot;:3,&quot;error_str&quot;:&quot;None&quot;,&quot;status_str&quot;:&quot;Connected&quot;},{&quot;host&quot;:&quot;192.168.60.66&quot;,&quot;port&quot;:2088,&quot;nic&quot;:&quot;192.168.50.65&quot;,&quot;limit&quot;:0,&quot;is_backup&quot;:0,&quot;bitrate&quot;:0,&quot;up_time&quot;:0,&quot;error_code&quot;:3,&quot;status_code&quot;:1,&quot;error_str&quot;:&quot;Timeout&quot;,&quot;status_str&quot;:&quot;Connecting&quot;},{&quot;host&quot;:&quot;192.168.5.166&quot;,&quot;port&quot;:2088,&quot;nic&quot;:&quot;192.168.5.165&quot;,&quot;limit&quot;:0,&quot;is_backup&quot;:0,&quot;bitrate&quot;:2844172,&quot;up_time&quot;:62,&quot;error_code&quot;:0,&quot;status_code&quot;:3,&quot;error_str&quot;:&quot;None&quot;,&quot;status_str&quot;:&quot;Connected&quot;}],&quot;error&quot;:&quot;None&quot;,&quot;con_stat&quot;:&quot;Disconnected&quot;,&quot;bitrate&quot;:5599424,&quot;dest&quot;:&quot;bonded/bonded2&quot;},{&quot;mip&quot;:&quot;4000.ts&quot;,&quot;port&quot;:0,&quot;ip&quot;:&quot;file&quot;,&quot;in_name&quot;:&quot;bond&quot;,&quot;in_active&quot;:1,&quot;in_active_sources&quot;:0,&quot;prg_name&quot;:&quot;&quot;,&quot;prg_prov&quot;:&quot;&quot;,&quot;prg_num&quot;:-1,&quot;chan&quot;:&quot;&quot;,&quot;chan_id&quot;:-1,&quot;id&quot;:&quot;zixi://bonded(bonded1)#10.7.0.66:2088@10.7.0.65,192.168.60.66:2088@192.168.50.65,192.168.5.166:2088@192.168.5.165&quot;,&quot;type&quot;:2,&quot;name&quot;:&quot;bond1&quot;,&quot;asi&quot;:0,&quot;rtmp&quot;:0,&quot;file&quot;:1,&quot;active&quot;:1,&quot;group&quot;:&quot;&quot;,&quot;bonded&quot;:[{&quot;host&quot;:&quot;10.7.0.66&quot;,&quot;port&quot;:2088,&quot;nic&quot;:&quot;10.7.0.65&quot;,&quot;limit&quot;:0,&quot;is_backup&quot;:0,&quot;bitrate&quot;:2797250,&quot;up_time&quot;:62,&quot;error_code&quot;:0,&quot;status_code&quot;:3,&quot;error_str&quot;:&quot;None&quot;,&quot;status_str&quot;:&quot;Connected&quot;},{&quot;host&quot;:&quot;192.168.60.66&quot;,&quot;port&quot;:2088,&quot;nic&quot;:&quot;192.168.50.65&quot;,&quot;limit&quot;:0,&quot;is_backup&quot;:0,&quot;bitrate&quot;:0,&quot;up_time&quot;:0,&quot;error_code&quot;:3,&quot;status_code&quot;:1,&quot;error_str&quot;:&quot;Timeout&quot;,&quot;status_str&quot;:&quot;Connecting&quot;},{&quot;host&quot;:&quot;192.168.5.166&quot;,&quot;port&quot;:2088,&quot;nic&quot;:&quot;192.168.5.165&quot;,&quot;limit&quot;:0,&quot;is_backup&quot;:0,&quot;bitrate&quot;:2872932,&quot;up_time&quot;:62,&quot;error_code&quot;:0,&quot;status_code&quot;:3,&quot;error_str&quot;:&quot;None&quot;,&quot;status_str&quot;:&quot;Connected&quot;}],&quot;error&quot;:&quot;None&quot;,&quot;con_stat&quot;:&quot;Disconnected&quot;,&quot;bitrate&quot;:5603836,&quot;dest&quot;:&quot;bonded/bonded1&quot;}]}
Debug printing ------&gt;&gt;&gt; {&quot;custom_data&quot;:&quot;&quot;,&quot;msg&quot;:&quot;Output deleted.&quot;,&quot;error&quot;:&quot;&quot;,&quot;outs&quot;:[{&quot;mip&quot;:&quot;live_recording.ts&quot;,&quot;port&quot;:0,&quot;ip&quot;:&quot;file&quot;,&quot;in_name&quot;:&quot;feederoutputname&quot;,&quot;in_active&quot;:1,&quot;in_active_sources&quot;:0,&quot;prg_name&quot;:&quot;&quot;,&quot;prg_prov&quot;:&quot;&quot;,&quot;prg_num&quot;:1,&quot;chan&quot;:&quot;&quot;,&quot;chan_id&quot;:-1,&quot;id&quot;:&quot;zixi://10.7.0.66:2088/feederout&quot;,&quot;type&quot;:2,&quot;name&quot;:&quot;feederoutputname&quot;,&quot;asi&quot;:0,&quot;rtmp&quot;:0,&quot;file&quot;:1,&quot;active&quot;:1,&quot;group&quot;:&quot;&quot;,&quot;error&quot;:&quot;Authentication&quot;,&quot;con_stat&quot;:&quot;Disconnected&quot;,&quot;bitrate&quot;:0,&quot;dest&quot;:&quot;10.7.0.66:2088/feederout&quot;},{&quot;mip&quot;:&quot;4000.ts&quot;,&quot;port&quot;:0,&quot;ip&quot;:&quot;file&quot;,&quot;in_name&quot;:&quot;bond&quot;,&quot;in_active&quot;:1,&quot;in_active_sources&quot;:0,&quot;prg_name&quot;:&quot;&quot;,&quot;prg_prov&quot;:&quot;&quot;,&quot;prg_num&quot;:-1,&quot;chan&quot;:&quot;&quot;,&quot;chan_id&quot;:-1,&quot;id&quot;:&quot;zixi://bonded(bonded7)#10.7.0.66:2088@10.7.0.65,192.168.60.66:2088@192.168.50.65,192.168.5.166:2088@192.168.5.165&quot;,&quot;type&quot;:2,&quot;name&quot;:&quot;bond7&quot;,&quot;asi&quot;:0,&quot;rtmp&quot;:0,&quot;file&quot;:1,&quot;active&quot;:1,&quot;group&quot;:&quot;&quot;,&quot;bonded&quot;:[{&quot;host&quot;:&quot;10.7.0.66&quot;,&quot;port&quot;:2088,&quot;nic&quot;:&quot;10.7.0.65&quot;,&quot;limit&quot;:0,&quot;is_backup&quot;:0,&quot;bitrate&quot;:2779582,&quot;up_time&quot;:62,&quot;error_code&quot;:0,&quot;status_code&quot;:3,&quot;error_str&quot;:&quot;None&quot;,&quot;status_str&quot;:&quot;Connected&quot;},{&quot;host&quot;:&quot;192.168.60.66&quot;,&quot;port&quot;:2088,&quot;nic&quot;:&quot;192.168.50.65&quot;,&quot;limit&quot;:0,&quot;is_backup&quot;:0,&quot;bitrate&quot;:0,&quot;up_time&quot;:0,&quot;error_code&quot;:3,&quot;status_code&quot;:1,&quot;error_str&quot;:&quot;Timeout&quot;,&quot;status_str&quot;:&quot;Connecting&quot;},{&quot;host&quot;:&quot;192.168.5.166&quot;,&quot;port&quot;:2088,&quot;nic&quot;:&quot;192.168.5.165&quot;,&quot;limit&quot;:0,&quot;is_backup&quot;:0,&quot;bitrate&quot;:2881369,&quot;up_time&quot;:62,&quot;error_code&quot;:0,&quot;status_code&quot;:3,&quot;error_str&quot;:&quot;None&quot;,&quot;status_str&quot;:&quot;Connected&quot;}],&quot;error&quot;:&quot;None&quot;,&quot;con_stat&quot;:&quot;Disconnected&quot;,&quot;bitrate&quot;:5595592,&quot;dest&quot;:&quot;bonded/bonded7&quot;},{&quot;mip&quot;:&quot;4000.ts&quot;,&quot;port&quot;:0,&quot;ip&quot;:&quot;file&quot;,&quot;in_name&quot;:&quot;bond&quot;,&quot;in_active&quot;:1,&quot;in_active_sources&quot;:0,&quot;prg_name&quot;:&quot;&quot;,&quot;prg_prov&quot;:&quot;&quot;,&quot;prg_num&quot;:-1,&quot;chan&quot;:&quot;&quot;,&quot;chan_id&quot;:-1,&quot;id&quot;:&quot;zixi://bonded(bonded13)#10.7.0.66:2088@10.7.0.65,192.168.60.66:2088@192.168.50.65,192.168.5.166:2088@192.168.5.165&quot;,&quot;type&quot;:2,&quot;name&quot;:&quot;bond13&quot;,&quot;asi&quot;:0,&quot;rtmp&quot;:0,&quot;file&quot;:1,&quot;active&quot;:1,&quot;group&quot;:&quot;&quot;,&quot;bonded&quot;:[{&quot;host&quot;:&quot;10.7.0.66&quot;,&quot;port&quot;:2088,&quot;nic&quot;:&quot;10.7.0.65&quot;,&quot;limit&quot;:0,&quot;is_backup&quot;:0,&quot;bitrate&quot;:2925881,&quot;up_time&quot;:62,&quot;error_code&quot;:0,&quot;status_code&quot;:3,&quot;error_str&quot;:&quot;None&quot;,&quot;status_str&quot;:&quot;Connected&quot;},{&quot;host&quot;:&quot;192.168.60.66&quot;,&quot;port&quot;:2088,&quot;nic&quot;:&quot;192.168.50.65&quot;,&quot;limit&quot;:0,&quot;is_backup&quot;:0,&quot;bitrate&quot;:0,&quot;up_time&quot;:0,&quot;error_code&quot;:3,&quot;status_code&quot;:1,&quot;error_str&quot;:&quot;Timeout&quot;,&quot;status_str&quot;:&quot;Connecting&quot;},{&quot;host&quot;:&quot;192.168.5.166&quot;,&quot;port&quot;:2088,&quot;nic&quot;:&quot;192.168.5.165&quot;,&quot;limit&quot;:0,&quot;is_backup&quot;:0,&quot;bitrate&quot;:2751967,&quot;up_time&quot;:62,&quot;error_code&quot;:0,&quot;status_code&quot;:3,&quot;error_str&quot;:&quot;None&quot;,&quot;status_str&quot;:&quot;Connected&quot;}],&quot;error&quot;:&quot;None&quot;,&quot;con_stat&quot;:&quot;Disconnected&quot;,&quot;bitrate&quot;:5608328,&quot;dest&quot;:&quot;bonded/bonded13&quot;},{&quot;mip&quot;:&quot;4000.ts&quot;,&quot;port&quot;:0,&quot;ip&quot;:&quot;file&quot;,&quot;in_name&quot;:&quot;bond&quot;,&quot;in_active&quot;:1,&quot;in_active_sources&quot;:0,&quot;prg_name&quot;:&quot;&quot;,&quot;prg_prov&quot;:&quot;&quot;,&quot;prg_num&quot;:-1,&quot;chan&quot;:&quot;&quot;,&quot;chan_id&quot;:-1,&quot;id&quot;:&quot;zixi://bonded(bonded19)#10.7.0.66:2088@10.7.0.65,192.168.60.66:2088@192.168.50.65,192.168.5.166:2088@192.168.5.165&quot;,&quot;type&quot;:2,&quot;name&quot;:&quot;bond19&quot;,&quot;asi&quot;:0,&quot;rtmp&quot;:0,&quot;file&quot;:1,&quot;active&quot;:1,&quot;group&quot;:&quot;&quot;,&quot;bonded&quot;:[{&quot;host&quot;:&quot;10.7.0.66&quot;,&quot;port&quot;:2088,&quot;nic&quot;:&quot;10.7.0.65&quot;,&quot;limit&quot;:0,&quot;is_backup&quot;:0,&quot;bitrate&quot;:2867663,&quot;up_time&quot;:62,&quot;error_code&quot;:0,&quot;status_code&quot;:3,&quot;error_str&quot;:&quot;None&quot;,&quot;status_str&quot;:&quot;Connected&quot;},{&quot;host&quot;:&quot;192.168.60.66&quot;,&quot;port&quot;:2088,&quot;nic&quot;:&quot;192.168.50.65&quot;,&quot;limit&quot;:0,&quot;is_backup&quot;:0,&quot;bitrate&quot;:0,&quot;up_time&quot;:0,&quot;error_code&quot;:3,&quot;status_code&quot;:1,&quot;error_str&quot;:&quot;Timeout&quot;,&quot;status_str&quot;:&quot;Connecting&quot;},{&quot;host&quot;:&quot;192.168.5.166&quot;,&quot;port&quot;:2088,&quot;nic&quot;:&quot;192.168.5.165&quot;,&quot;limit&quot;:0,&quot;is_backup&quot;:0,&quot;bitrate&quot;:2800594,&quot;up_time&quot;:62,&quot;error_code&quot;:0,&quot;status_code&quot;:3,&quot;error_str&quot;:&quot;None&quot;,&quot;status_str&quot;:&quot;Connected&quot;}],&quot;error&quot;:&quot;None&quot;,&quot;con_stat&quot;:&quot;Disconnected&quot;,&quot;bitrate&quot;:5591568,&quot;dest&quot;:&quot;bonded/bonded19&quot;},{&quot;mip&quot;:&quot;4000.ts&quot;,&quot;port&quot;:0,&quot;ip&quot;:&quot;file&quot;,&quot;in_name&quot;:&quot;bond&quot;,&quot;in_active&quot;:1,&quot;in_active_sources&quot;:0,&quot;prg_name&quot;:&quot;&quot;,&quot;prg_prov&quot;:&quot;&quot;,&quot;prg_num&quot;:-1,&quot;chan&quot;:&quot;&quot;,&quot;chan_id&quot;:-1,&quot;id&quot;:&quot;zixi://bonded(bonded12)#10.7.0.66:2088@10.7.0.65,192.168.60.66:2088@192.168.50.65,192.168.5.166:2088@192.168.5.165&quot;,&quot;type&quot;:2,&quot;name&quot;:&quot;bond12&quot;,&quot;asi&quot;:0,&quot;rtmp&quot;:0,&quot;file&quot;:1,&quot;active&quot;:1,&quot;group&quot;:&quot;&quot;,&quot;bonded&quot;:[{&quot;host&quot;:&quot;10.7.0.66&quot;,&quot;port&quot;:2088,&quot;nic&quot;:&quot;10.7.0.65&quot;,&quot;limit&quot;:0,&quot;is_backup&quot;:0,&quot;bitrate&quot;:2846629,&quot;up_time&quot;:62,&quot;error_code&quot;:0,&quot;status_code&quot;:3,&quot;error_str&quot;:&quot;None&quot;,&quot;status_str&quot;:&quot;Connected&quot;},{&quot;host&quot;:&quot;192.168.60.66&quot;,&quot;port&quot;:2088,&quot;nic&quot;:&quot;192.168.50.65&quot;,&quot;limit&quot;:0,&quot;is_backup&quot;:0,&quot;bitrate&quot;:0,&quot;up_time&quot;:0,&quot;error_code&quot;:3,&quot;status_code&quot;:1,&quot;error_str&quot;:&quot;Timeout&quot;,&quot;status_str&quot;:&quot;Connecting&quot;},{&quot;host&quot;:&quot;192.168.5.166&quot;,&quot;port&quot;:2088,&quot;nic&quot;:&quot;192.168.5.165&quot;,&quot;limit&quot;:0,&quot;is_backup&quot;:0,&quot;bitrate&quot;:2830048,&quot;up_time&quot;:62,&quot;error_code&quot;:0,&quot;status_code&quot;:3,&quot;error_str&quot;:&quot;None&quot;,&quot;status_str&quot;:&quot;Connected&quot;}],&quot;error&quot;:&quot;None&quot;,&quot;con_stat&quot;:&quot;Disconnected&quot;,&quot;bitrate&quot;:5608208,&quot;dest&quot;:&quot;bonded/bonded12&quot;},{&quot;mip&quot;:&quot;4000.ts&quot;,&quot;port&quot;:0,&quot;ip&quot;:&quot;file&quot;,&quot;in_name&quot;:&quot;bond&quot;,&quot;in_active&quot;:1,&quot;in_active_sources&quot;:0,&quot;prg_name&quot;:&quot;&quot;,&quot;prg_prov&quot;:&quot;&quot;,&quot;prg_num&quot;:-1,&quot;chan&quot;:&quot;&quot;,&quot;chan_id&quot;:-1,&quot;id&quot;:&quot;zixi://bonded(bonded18)#10.7.0.66:2088@10.7.0.65,192.168.60.66:2088@192.168.50.65,192.168.5.166:2088@192.168.5.165&quot;,&quot;type&quot;:2,&quot;name&quot;:&quot;bond18&quot;,&quot;asi&quot;:0,&quot;rtmp&quot;:0,&quot;file&quot;:1,&quot;active&quot;:1,&quot;group&quot;:&quot;&quot;,&quot;bonded&quot;:[{&quot;host&quot;:&quot;10.7.0.66&quot;,&quot;port&quot;:2088,&quot;nic&quot;:&quot;10.7.0.65&quot;,&quot;limit&quot;:0,&quot;is_backup&quot;:0,&quot;bitrate&quot;:2764628,&quot;up_time&quot;:62,&quot;error_code&quot;:0,&quot;status_code&quot;:3,&quot;error_str&quot;:&quot;None&quot;,&quot;status_str&quot;:&quot;Connected&quot;},{&quot;host&quot;:&quot;192.168.60.66&quot;,&quot;port&quot;:2088,&quot;nic&quot;:&quot;192.168.50.65&quot;,&quot;limit&quot;:0,&quot;is_backup&quot;:0,&quot;bitrate&quot;:0,&quot;up_time&quot;:0,&quot;error_code&quot;:3,&quot;status_code&quot;:1,&quot;error_str&quot;:&quot;Timeout&quot;,&quot;status_str&quot;:&quot;Connecting&quot;},{&quot;host&quot;:&quot;192.168.5.166&quot;,&quot;port&quot;:2088,&quot;nic&quot;:&quot;192.168.5.165&quot;,&quot;limit&quot;:0,&quot;is_backup&quot;:0,&quot;bitrate&quot;:2898112,&quot;up_time&quot;:62,&quot;error_code&quot;:0,&quot;status_code&quot;:3,&quot;error_str&quot;:&quot;None&quot;,&quot;status_str&quot;:&quot;Connected&quot;}],&quot;error&quot;:&quot;None&quot;,&quot;con_stat&quot;:&quot;Disconnected&quot;,&quot;bitrate&quot;:5612691,&quot;dest&quot;:&quot;bonded/bonded18&quot;},{&quot;mip&quot;:&quot;4000.ts&quot;,&quot;port&quot;:0,&quot;ip&quot;:&quot;file&quot;,&quot;in_name&quot;:&quot;bond&quot;,&quot;in_active&quot;:1,&quot;in_active_sources&quot;:0,&quot;prg_name&quot;:&quot;&quot;,&quot;prg_prov&quot;:&quot;&quot;,&quot;prg_num&quot;:-1,&quot;chan&quot;:&quot;&quot;,&quot;chan_id&quot;:-1,&quot;id&quot;:&quot;zixi://bonded(bonded11)#10.7.0.66:2088@10.7.0.65,192.168.60.66:2088@192.168.50.65,192.168.5.166:2088@192.168.5.165&quot;,&quot;type&quot;:2,&quot;name&quot;:&quot;bond11&quot;,&quot;asi&quot;:0,&quot;rtmp&quot;:0,&quot;file&quot;:1,&quot;active&quot;:1,&quot;group&quot;:&quot;&quot;,&quot;bonded&quot;:[{&quot;host&quot;:&quot;10.7.0.66&quot;,&quot;port&quot;:2088,&quot;nic&quot;:&quot;10.7.0.65&quot;,&quot;limit&quot;:0,&quot;is_backup&quot;:0,&quot;bitrate&quot;:2835313,&quot;up_time&quot;:62,&quot;error_code&quot;:0,&quot;status_code&quot;:3,&quot;error_str&quot;:&quot;None&quot;,&quot;status_str&quot;:&quot;Connected&quot;},{&quot;host&quot;:&quot;192.168.60.66&quot;,&quot;port&quot;:2088,&quot;nic&quot;:&quot;192.168.50.65&quot;,&quot;limit&quot;:0,&quot;is_backup&quot;:0,&quot;bitrate&quot;:0,&quot;up_time&quot;:0,&quot;error_code&quot;:3,&quot;status_code&quot;:1,&quot;error_str&quot;:&quot;Timeout&quot;,&quot;status_str&quot;:&quot;Connecting&quot;},{&quot;host&quot;:&quot;192.168.5.166&quot;,&quot;port&quot;:2088,&quot;nic&quot;:&quot;192.168.5.165&quot;,&quot;limit&quot;:0,&quot;is_backup&quot;:0,&quot;bitrate&quot;:2837955,&quot;up_time&quot;:62,&quot;error_code&quot;:0,&quot;status_code&quot;:3,&quot;error_str&quot;:&quot;None&quot;,&quot;status_str&quot;:&quot;Connected&quot;}],&quot;error&quot;:&quot;None&quot;,&quot;con_stat&quot;:&quot;Disconnected&quot;,&quot;bitrate&quot;:5618336,&quot;dest&quot;:&quot;bonded/bonded11&quot;},{&quot;mip&quot;:&quot;4000.ts&quot;,&quot;port&quot;:0,&quot;ip&quot;:&quot;file&quot;,&quot;in_name&quot;:&quot;bond&quot;,&quot;in_active&quot;:1,&quot;in_active_sources&quot;:0,&quot;prg_name&quot;:&quot;&quot;,&quot;prg_prov&quot;:&quot;&quot;,&quot;prg_num&quot;:-1,&quot;chan&quot;:&quot;&quot;,&quot;chan_id&quot;:-1,&quot;id&quot;:&quot;zixi://bonded(bonded10)#10.7.0.66:2088@10.7.0.65,192.168.60.66:2088@192.168.50.65,192.168.5.166:2088@192.168.5.165&quot;,&quot;type&quot;:2,&quot;name&quot;:&quot;bond10&quot;,&quot;asi&quot;:0,&quot;rtmp&quot;:0,&quot;file&quot;:1,&quot;active&quot;:1,&quot;group&quot;:&quot;&quot;,&quot;bonded&quot;:[{&quot;host&quot;:&quot;10.7.0.66&quot;,&quot;port&quot;:2088,&quot;nic&quot;:&quot;10.7.0.65&quot;,&quot;limit&quot;:0,&quot;is_backup&quot;:0,&quot;bitrate&quot;:2844362,&quot;up_time&quot;:62,&quot;error_code&quot;:0,&quot;status_code&quot;:3,&quot;error_str&quot;:&quot;None&quot;,&quot;status_str&quot;:&quot;Connected&quot;},{&quot;host&quot;:&quot;192.168.60.66&quot;,&quot;port&quot;:2088,&quot;nic&quot;:&quot;192.168.50.65&quot;,&quot;limit&quot;:0,&quot;is_backup&quot;:0,&quot;bitrate&quot;:0,&quot;up_time&quot;:0,&quot;error_code&quot;:3,&quot;status_code&quot;:1,&quot;error_str&quot;:&quot;Timeout&quot;,&quot;status_str&quot;:&quot;Connecting&quot;},{&quot;host&quot;:&quot;192.168.5.166&quot;,&quot;port&quot;:2088,&quot;nic&quot;:&quot;192.168.5.165&quot;,&quot;limit&quot;:0,&quot;is_backup&quot;:0,&quot;bitrate&quot;:2823903,&quot;up_time&quot;:62,&quot;error_code&quot;:0,&quot;status_code&quot;:3,&quot;error_str&quot;:&quot;None&quot;,&quot;status_str&quot;:&quot;Connected&quot;}],&quot;error&quot;:&quot;None&quot;,&quot;con_stat&quot;:&quot;Disconnected&quot;,&quot;bitrate&quot;:5596352,&quot;dest&quot;:&quot;bonded/bonded10&quot;},{&quot;mip&quot;:&quot;4000.ts&quot;,&quot;port&quot;:0,&quot;ip&quot;:&quot;file&quot;,&quot;in_name&quot;:&quot;bond&quot;,&quot;in_active&quot;:1,&quot;in_active_sources&quot;:0,&quot;prg_name&quot;:&quot;&quot;,&quot;prg_prov&quot;:&quot;&quot;,&quot;prg_num&quot;:-1,&quot;chan&quot;:&quot;&quot;,&quot;chan_id&quot;:-1,&quot;id&quot;:&quot;zixi://bonded(bonded15)#10.7.0.66:2088@10.7.0.65,192.168.60.66:2088@192.168.50.65,192.168.5.166:2088@192.168.5.165&quot;,&quot;type&quot;:2,&quot;name&quot;:&quot;bond15&quot;,&quot;asi&quot;:0,&quot;rtmp&quot;:0,&quot;file&quot;:1,&quot;active&quot;:1,&quot;group&quot;:&quot;&quot;,&quot;bonded&quot;:[{&quot;host&quot;:&quot;10.7.0.66&quot;,&quot;port&quot;:2088,&quot;nic&quot;:&quot;10.7.0.65&quot;,&quot;limit&quot;:0,&quot;is_backup&quot;:0,&quot;bitrate&quot;:2849547,&quot;up_time&quot;:62,&quot;error_code&quot;:0,&quot;status_code&quot;:3,&quot;error_str&quot;:&quot;None&quot;,&quot;status_str&quot;:&quot;Connected&quot;},{&quot;host&quot;:&quot;192.168.60.66&quot;,&quot;port&quot;:2088,&quot;nic&quot;:&quot;192.168.50.65&quot;,&quot;limit&quot;:0,&quot;is_backup&quot;:0,&quot;bitrate&quot;:0,&quot;up_time&quot;:0,&quot;error_code&quot;:3,&quot;status_code&quot;:1,&quot;error_str&quot;:&quot;Timeout&quot;,&quot;status_str&quot;:&quot;Connecting&quot;},{&quot;host&quot;:&quot;192.168.5.166&quot;,&quot;port&quot;:2088,&quot;nic&quot;:&quot;192.168.5.165&quot;,&quot;limit&quot;:0,&quot;is_backup&quot;:0,&quot;bitrate&quot;:2819751,&quot;up_time&quot;:62,&quot;error_code&quot;:0,&quot;status_code&quot;:3,&quot;error_str&quot;:&quot;None&quot;,&quot;status_str&quot;:&quot;Connected&quot;}],&quot;error&quot;:&quot;None&quot;,&quot;con_stat&quot;:&quot;Disconnected&quot;,&quot;bitrate&quot;:5611476,&quot;dest&quot;:&quot;bonded/bonded15&quot;},{&quot;mip&quot;:&quot;4000.ts&quot;,&quot;port&quot;:0,&quot;ip&quot;:&quot;file&quot;,&quot;in_name&quot;:&quot;bond&quot;,&quot;in_active&quot;:1,&quot;in_active_sources&quot;:0,&quot;prg_name&quot;:&quot;&quot;,&quot;prg_prov&quot;:&quot;&quot;,&quot;prg_num&quot;:-1,&quot;chan&quot;:&quot;&quot;,&quot;chan_id&quot;:-1,&quot;id&quot;:&quot;zixi://bonded(bonded14)#10.7.0.66:2088@10.7.0.65,192.168.60.66:2088@192.168.50.65,192.168.5.166:2088@192.168.5.165&quot;,&quot;type&quot;:2,&quot;name&quot;:&quot;bond14&quot;,&quot;asi&quot;:0,&quot;rtmp&quot;:0,&quot;file&quot;:1,&quot;active&quot;:1,&quot;group&quot;:&quot;&quot;,&quot;bonded&quot;:[{&quot;host&quot;:&quot;10.7.0.66&quot;,&quot;port&quot;:2088,&quot;nic&quot;:&quot;10.7.0.65&quot;,&quot;limit&quot;:0,&quot;is_backup&quot;:0,&quot;bitrate&quot;:2889705,&quot;up_time&quot;:62,&quot;error_code&quot;:0,&quot;status_code&quot;:3,&quot;error_str&quot;:&quot;None&quot;,&quot;status_str&quot;:&quot;Connected&quot;},{&quot;host&quot;:&quot;192.168.60.66&quot;,&quot;port&quot;:2088,&quot;nic&quot;:&quot;192.168.50.65&quot;,&quot;limit&quot;:0,&quot;is_backup&quot;:0,&quot;bitrate&quot;:0,&quot;up_time&quot;:0,&quot;error_code&quot;:3,&quot;status_code&quot;:1,&quot;error_str&quot;:&quot;Timeout&quot;,&quot;status_str&quot;:&quot;Connecting&quot;},{&quot;host&quot;:&quot;192.168.5.166&quot;,&quot;port&quot;:2088,&quot;nic&quot;:&quot;192.168.5.165&quot;,&quot;limit&quot;:0,&quot;is_backup&quot;:0,&quot;bitrate&quot;:2779265,&quot;up_time&quot;:62,&quot;error_code&quot;:0,&quot;status_code&quot;:3,&quot;error_str&quot;:&quot;None&quot;,&quot;status_str&quot;:&quot;Connected&quot;}],&quot;error&quot;:&quot;None&quot;,&quot;con_stat&quot;:&quot;Disconnected&quot;,&quot;bitrate&quot;:5621946,&quot;dest&quot;:&quot;bonded/bonded14&quot;},{&quot;mip&quot;:&quot;4000.ts&quot;,&quot;port&quot;:0,&quot;ip&quot;:&quot;file&quot;,&quot;in_name&quot;:&quot;bond&quot;,&quot;in_active&quot;:1,&quot;in_active_sources&quot;:0,&quot;prg_name&quot;:&quot;&quot;,&quot;prg_prov&quot;:&quot;&quot;,&quot;prg_num&quot;:-1,&quot;chan&quot;:&quot;&quot;,&quot;chan_id&quot;:-1,&quot;id&quot;:&quot;zixi://bonded(bonded0)#10.7.0.66:2088@10.7.0.65,192.168.60.66:2088@192.168.50.65,192.168.5.166:2088@192.168.5.165&quot;,&quot;type&quot;:2,&quot;name&quot;:&quot;bond0&quot;,&quot;asi&quot;:0,&quot;rtmp&quot;:0,&quot;file&quot;:1,&quot;active&quot;:1,&quot;group&quot;:&quot;&quot;,&quot;bonded&quot;:[{&quot;host&quot;:&quot;10.7.0.66&quot;,&quot;port&quot;:2088,&quot;nic&quot;:&quot;10.7.0.65&quot;,&quot;limit&quot;:0,&quot;is_backup&quot;:0,&quot;bitrate&quot;:2818749,&quot;up_time&quot;:62,&quot;error_code&quot;:0,&quot;status_code&quot;:3,&quot;error_str&quot;:&quot;None&quot;,&quot;status_str&quot;:&quot;Connected&quot;},{&quot;host&quot;:&quot;192.168.60.66&quot;,&quot;port&quot;:2088,&quot;nic&quot;:&quot;192.168.50.65&quot;,&quot;limit&quot;:0,&quot;is_backup&quot;:0,&quot;bitrate&quot;:0,&quot;up_time&quot;:0,&quot;error_code&quot;:3,&quot;status_code&quot;:1,&quot;error_str&quot;:&quot;Timeout&quot;,&quot;status_str&quot;:&quot;Connecting&quot;},{&quot;host&quot;:&quot;192.168.5.166&quot;,&quot;port&quot;:2088,&quot;nic&quot;:&quot;192.168.5.165&quot;,&quot;limit&quot;:0,&quot;is_backup&quot;:0,&quot;bitrate&quot;:2851191,&quot;up_time&quot;:62,&quot;error_code&quot;:0,&quot;status_code&quot;:3,&quot;error_str&quot;:&quot;None&quot;,&quot;status_str&quot;:&quot;Connected&quot;}],&quot;error&quot;:&quot;None&quot;,&quot;con_stat&quot;:&quot;Disconnected&quot;,&quot;bitrate&quot;:5603660,&quot;dest&quot;:&quot;bonded/bonded0&quot;},{&quot;mip&quot;:&quot;4000.ts&quot;,&quot;port&quot;:0,&quot;ip&quot;:&quot;file&quot;,&quot;in_name&quot;:&quot;bond&quot;,&quot;in_active&quot;:1,&quot;in_active_sources&quot;:0,&quot;prg_name&quot;:&quot;&quot;,&quot;prg_prov&quot;:&quot;&quot;,&quot;prg_num&quot;:-1,&quot;chan&quot;:&quot;&quot;,&quot;chan_id&quot;:-1,&quot;id&quot;:&quot;zixi://bonded(bonded8)#10.7.0.66:2088@10.7.0.65,192.168.60.66:2088@192.168.50.65,192.168.5.166:2088@192.168.5.165&quot;,&quot;type&quot;:2,&quot;name&quot;:&quot;bond8&quot;,&quot;asi&quot;:0,&quot;rtmp&quot;:0,&quot;file&quot;:1,&quot;active&quot;:1,&quot;group&quot;:&quot;&quot;,&quot;bonded&quot;:[{&quot;host&quot;:&quot;10.7.0.66&quot;,&quot;port&quot;:2088,&quot;nic&quot;:&quot;10.7.0.65&quot;,&quot;limit&quot;:0,&quot;is_backup&quot;:0,&quot;bitrate&quot;:2823116,&quot;up_time&quot;:62,&quot;error_code&quot;:0,&quot;status_code&quot;:3,&quot;error_str&quot;:&quot;None&quot;,&quot;status_str&quot;:&quot;Connected&quot;},{&quot;host&quot;:&quot;192.168.60.66&quot;,&quot;port&quot;:2088,&quot;nic&quot;:&quot;192.168.50.65&quot;,&quot;limit&quot;:0,&quot;is_backup&quot;:0,&quot;bitrate&quot;:0,&quot;up_time&quot;:0,&quot;error_code&quot;:3,&quot;status_code&quot;:1,&quot;error_str&quot;:&quot;Timeout&quot;,&quot;status_str&quot;:&quot;Connecting&quot;},{&quot;host&quot;:&quot;192.168.5.166&quot;,&quot;port&quot;:2088,&quot;nic&quot;:&quot;192.168.5.165&quot;,&quot;limit&quot;:0,&quot;is_backup&quot;:0,&quot;bitrate&quot;:2838254,&quot;up_time&quot;:62,&quot;error_code&quot;:0,&quot;status_code&quot;:3,&quot;error_str&quot;:&quot;None&quot;,&quot;status_str&quot;:&quot;Connected&quot;}],&quot;error&quot;:&quot;None&quot;,&quot;con_stat&quot;:&quot;Disconnected&quot;,&quot;bitrate&quot;:5611548,&quot;dest&quot;:&quot;bonded/bonded8&quot;},{&quot;mip&quot;:&quot;4000.ts&quot;,&quot;port&quot;:0,&quot;ip&quot;:&quot;file&quot;,&quot;in_name&quot;:&quot;bond&quot;,&quot;in_active&quot;:1,&quot;in_active_sources&quot;:0,&quot;prg_name&quot;:&quot;&quot;,&quot;prg_prov&quot;:&quot;&quot;,&quot;prg_num&quot;:-1,&quot;chan&quot;:&quot;&quot;,&quot;chan_id&quot;:-1,&quot;id&quot;:&quot;zixi://bonded(bonded6)#10.7.0.66:2088@10.7.0.65,192.168.60.66:2088@192.168.50.65,192.168.5.166:2088@192.168.5.165&quot;,&quot;type&quot;:2,&quot;name&quot;:&quot;bond6&quot;,&quot;asi&quot;:0,&quot;rtmp&quot;:0,&quot;file&quot;:1,&quot;active&quot;:1,&quot;group&quot;:&quot;&quot;,&quot;bonded&quot;:[{&quot;host&quot;:&quot;10.7.0.66&quot;,&quot;port&quot;:2088,&quot;nic&quot;:&quot;10.7.0.65&quot;,&quot;limit&quot;:0,&quot;is_backup&quot;:0,&quot;bitrate&quot;:2861013,&quot;up_time&quot;:62,&quot;error_code&quot;:0,&quot;status_code&quot;:3,&quot;error_str&quot;:&quot;None&quot;,&quot;status_str&quot;:&quot;Connected&quot;},{&quot;host&quot;:&quot;192.168.60.66&quot;,&quot;port&quot;:2088,&quot;nic&quot;:&quot;192.168.50.65&quot;,&quot;limit&quot;:0,&quot;is_backup&quot;:0,&quot;bitrate&quot;:0,&quot;up_time&quot;:0,&quot;error_code&quot;:3,&quot;status_code&quot;:1,&quot;error_str&quot;:&quot;Timeout&quot;,&quot;status_str&quot;:&quot;Connecting&quot;},{&quot;host&quot;:&quot;192.168.5.166&quot;,&quot;port&quot;:2088,&quot;nic&quot;:&quot;192.168.5.165&quot;,&quot;limit&quot;:0,&quot;is_backup&quot;:0,&quot;bitrate&quot;:2812273,&quot;up_time&quot;:62,&quot;error_code&quot;:0,&quot;status_code&quot;:3,&quot;error_str&quot;:&quot;None&quot;,&quot;status_str&quot;:&quot;Connected&quot;}],&quot;error&quot;:&quot;None&quot;,&quot;con_stat&quot;:&quot;Disconnected&quot;,&quot;bitrate&quot;:5612683,&quot;dest&quot;:&quot;bonded/bonded6&quot;},{&quot;mip&quot;:&quot;4000.ts&quot;,&quot;port&quot;:0,&quot;ip&quot;:&quot;file&quot;,&quot;in_name&quot;:&quot;bond&quot;,&quot;in_active&quot;:1,&quot;in_active_sources&quot;:0,&quot;prg_name&quot;:&quot;&quot;,&quot;prg_prov&quot;:&quot;&quot;,&quot;prg_num&quot;:-1,&quot;chan&quot;:&quot;&quot;,&quot;chan_id&quot;:-1,&quot;id&quot;:&quot;zixi://bonded(bonded5)#10.7.0.66:2088@10.7.0.65,192.168.60.66:2088@192.168.50.65,192.168.5.166:2088@192.168.5.165&quot;,&quot;type&quot;:2,&quot;name&quot;:&quot;bond5&quot;,&quot;asi&quot;:0,&quot;rtmp&quot;:0,&quot;file&quot;:1,&quot;active&quot;:1,&quot;group&quot;:&quot;&quot;,&quot;bonded&quot;:[{&quot;host&quot;:&quot;10.7.0.66&quot;,&quot;port&quot;:2088,&quot;nic&quot;:&quot;10.7.0.65&quot;,&quot;limit&quot;:0,&quot;is_backup&quot;:0,&quot;bitrate&quot;:2901933,&quot;up_time&quot;:62,&quot;error_code&quot;:0,&quot;status_code&quot;:3,&quot;error_str&quot;:&quot;None&quot;,&quot;status_str&quot;:&quot;Connected&quot;},{&quot;host&quot;:&quot;192.168.60.66&quot;,&quot;port&quot;:2088,&quot;nic&quot;:&quot;192.168.50.65&quot;,&quot;limit&quot;:0,&quot;is_backup&quot;:0,&quot;bitrate&quot;:0,&quot;up_time&quot;:0,&quot;error_code&quot;:3,&quot;status_code&quot;:1,&quot;error_str&quot;:&quot;Timeout&quot;,&quot;status_str&quot;:&quot;Connecting&quot;},{&quot;host&quot;:&quot;192.168.5.166&quot;,&quot;port&quot;:2088,&quot;nic&quot;:&quot;192.168.5.165&quot;,&quot;limit&quot;:0,&quot;is_backup&quot;:0,&quot;bitrate&quot;:2788192,&quot;up_time&quot;:62,&quot;error_code&quot;:0,&quot;status_code&quot;:3,&quot;error_str&quot;:&quot;None&quot;,&quot;status_str&quot;:&quot;Connected&quot;}],&quot;error&quot;:&quot;None&quot;,&quot;con_stat&quot;:&quot;Disconnected&quot;,&quot;bitrate&quot;:5623440,&quot;dest&quot;:&quot;bonded/bonded5&quot;},{&quot;mip&quot;:&quot;4000.ts&quot;,&quot;port&quot;:0,&quot;ip&quot;:&quot;file&quot;,&quot;in_name&quot;:&quot;bond&quot;,&quot;in_active&quot;:1,&quot;in_active_sources&quot;:0,&quot;prg_name&quot;:&quot;&quot;,&quot;prg_prov&quot;:&quot;&quot;,&quot;prg_num&quot;:-1,&quot;chan&quot;:&quot;&quot;,&quot;chan_id&quot;:-1,&quot;id&quot;:&quot;zixi://bonded(bonded4)#10.7.0.66:2088@10.7.0.65,192.168.60.66:2088@192.168.50.65,192.168.5.166:2088@192.168.5.165&quot;,&quot;type&quot;:2,&quot;name&quot;:&quot;bond4&quot;,&quot;asi&quot;:0,&quot;rtmp&quot;:0,&quot;file&quot;:1,&quot;active&quot;:1,&quot;group&quot;:&quot;&quot;,&quot;bonded&quot;:[{&quot;host&quot;:&quot;10.7.0.66&quot;,&quot;port&quot;:2088,&quot;nic&quot;:&quot;10.7.0.65&quot;,&quot;limit&quot;:0,&quot;is_backup&quot;:0,&quot;bitrate&quot;:2793416,&quot;up_time&quot;:62,&quot;error_code&quot;:0,&quot;status_code&quot;:3,&quot;error_str&quot;:&quot;None&quot;,&quot;status_str&quot;:&quot;Connected&quot;},{&quot;host&quot;:&quot;192.168.60.66&quot;,&quot;port&quot;:2088,&quot;nic&quot;:&quot;192.168.50.65&quot;,&quot;limit&quot;:0,&quot;is_backup&quot;:0,&quot;bitrate&quot;:0,&quot;up_time&quot;:0,&quot;error_code&quot;:3,&quot;status_code&quot;:1,&quot;error_str&quot;:&quot;Timeout&quot;,&quot;status_str&quot;:&quot;Connecting&quot;},{&quot;host&quot;:&quot;192.168.5.166&quot;,&quot;port&quot;:2088,&quot;nic&quot;:&quot;192.168.5.165&quot;,&quot;limit&quot;:0,&quot;is_backup&quot;:0,&quot;bitrate&quot;:2883122,&quot;up_time&quot;:62,&quot;error_code&quot;:0,&quot;status_code&quot;:3,&quot;error_str&quot;:&quot;None&quot;,&quot;status_str&quot;:&quot;Connected&quot;}],&quot;error&quot;:&quot;None&quot;,&quot;con_stat&quot;:&quot;Disconnected&quot;,&quot;bitrate&quot;:5602181,&quot;dest&quot;:&quot;bonded/bonded4&quot;},{&quot;mip&quot;:&quot;4000.ts&quot;,&quot;port&quot;:0,&quot;ip&quot;:&quot;file&quot;,&quot;in_name&quot;:&quot;bond&quot;,&quot;in_active&quot;:1,&quot;in_active_sources&quot;:0,&quot;prg_name&quot;:&quot;&quot;,&quot;prg_prov&quot;:&quot;&quot;,&quot;prg_num&quot;:-1,&quot;chan&quot;:&quot;&quot;,&quot;chan_id&quot;:-1,&quot;id&quot;:&quot;zixi://bonded(bonded3)#10.7.0.66:2088@10.7.0.65,192.168.60.66:2088@192.168.50.65,192.168.5.166:2088@192.168.5.165&quot;,&quot;type&quot;:2,&quot;name&quot;:&quot;bond3&quot;,&quot;asi&quot;:0,&quot;rtmp&quot;:0,&quot;file&quot;:1,&quot;active&quot;:1,&quot;group&quot;:&quot;&quot;,&quot;bonded&quot;:[{&quot;host&quot;:&quot;10.7.0.66&quot;,&quot;port&quot;:2088,&quot;nic&quot;:&quot;10.7.0.65&quot;,&quot;limit&quot;:0,&quot;is_backup&quot;:0,&quot;bitrate&quot;:2870606,&quot;up_time&quot;:62,&quot;error_code&quot;:0,&quot;status_code&quot;:3,&quot;error_str&quot;:&quot;None&quot;,&quot;status_str&quot;:&quot;Connected&quot;},{&quot;host&quot;:&quot;192.168.60.66&quot;,&quot;port&quot;:2088,&quot;nic&quot;:&quot;192.168.50.65&quot;,&quot;limit&quot;:0,&quot;is_backup&quot;:0,&quot;bitrate&quot;:0,&quot;up_time&quot;:0,&quot;error_code&quot;:3,&quot;status_code&quot;:1,&quot;error_str&quot;:&quot;Timeout&quot;,&quot;status_str&quot;:&quot;Connecting&quot;},{&quot;host&quot;:&quot;192.168.5.166&quot;,&quot;port&quot;:2088,&quot;nic&quot;:&quot;192.168.5.165&quot;,&quot;limit&quot;:0,&quot;is_backup&quot;:0,&quot;bitrate&quot;:2815477,&quot;up_time&quot;:62,&quot;error_code&quot;:0,&quot;status_code&quot;:3,&quot;error_str&quot;:&quot;None&quot;,&quot;status_str&quot;:&quot;Connected&quot;}],&quot;error&quot;:&quot;None&quot;,&quot;con_stat&quot;:&quot;Disconnected&quot;,&quot;bitrate&quot;:5614785,&quot;dest&quot;:&quot;bonded/bonded3&quot;},{&quot;mip&quot;:&quot;4000.ts&quot;,&quot;port&quot;:0,&quot;ip&quot;:&quot;file&quot;,&quot;in_name&quot;:&quot;bond&quot;,&quot;in_active&quot;:1,&quot;in_active_sources&quot;:0,&quot;prg_name&quot;:&quot;&quot;,&quot;prg_prov&quot;:&quot;&quot;,&quot;prg_num&quot;:-1,&quot;chan&quot;:&quot;&quot;,&quot;chan_id&quot;:-1,&quot;id&quot;:&quot;zixi://bonded(bonded2)#10.7.0.66:2088@10.7.0.65,192.168.60.66:2088@192.168.50.65,192.168.5.166:2088@192.168.5.165&quot;,&quot;type&quot;:2,&quot;name&quot;:&quot;bond2&quot;,&quot;asi&quot;:0,&quot;rtmp&quot;:0,&quot;file&quot;:1,&quot;active&quot;:1,&quot;group&quot;:&quot;&quot;,&quot;bonded&quot;:[{&quot;host&quot;:&quot;10.7.0.66&quot;,&quot;port&quot;:2088,&quot;nic&quot;:&quot;10.7.0.65&quot;,&quot;limit&quot;:0,&quot;is_backup&quot;:0,&quot;bitrate&quot;:2823614,&quot;up_time&quot;:62,&quot;error_code&quot;:0,&quot;status_code&quot;:3,&quot;error_str&quot;:&quot;None&quot;,&quot;status_str&quot;:&quot;Connected&quot;},{&quot;host&quot;:&quot;192.168.60.66&quot;,&quot;port&quot;:2088,&quot;nic&quot;:&quot;192.168.50.65&quot;,&quot;limit&quot;:0,&quot;is_backup&quot;:0,&quot;bitrate&quot;:0,&quot;up_time&quot;:0,&quot;error_code&quot;:3,&quot;status_code&quot;:1,&quot;error_str&quot;:&quot;Timeout&quot;,&quot;status_str&quot;:&quot;Connecting&quot;},{&quot;host&quot;:&quot;192.168.5.166&quot;,&quot;port&quot;:2088,&quot;nic&quot;:&quot;192.168.5.165&quot;,&quot;limit&quot;:0,&quot;is_backup&quot;:0,&quot;bitrate&quot;:2844172,&quot;up_time&quot;:62,&quot;error_code&quot;:0,&quot;status_code&quot;:3,&quot;error_str&quot;:&quot;None&quot;,&quot;status_str&quot;:&quot;Connected&quot;}],&quot;error&quot;:&quot;None&quot;,&quot;con_stat&quot;:&quot;Disconnected&quot;,&quot;bitrate&quot;:5599424,&quot;dest&quot;:&quot;bonded/bonded2&quot;},{&quot;mip&quot;:&quot;4000.ts&quot;,&quot;port&quot;:0,&quot;ip&quot;:&quot;file&quot;,&quot;in_name&quot;:&quot;bond&quot;,&quot;in_active&quot;:1,&quot;in_active_sources&quot;:0,&quot;prg_name&quot;:&quot;&quot;,&quot;prg_prov&quot;:&quot;&quot;,&quot;prg_num&quot;:-1,&quot;chan&quot;:&quot;&quot;,&quot;chan_id&quot;:-1,&quot;id&quot;:&quot;zixi://bonded(bonded1)#10.7.0.66:2088@10.7.0.65,192.168.60.66:2088@192.168.50.65,192.168.5.166:2088@192.168.5.165&quot;,&quot;type&quot;:2,&quot;name&quot;:&quot;bond1&quot;,&quot;asi&quot;:0,&quot;rtmp&quot;:0,&quot;file&quot;:1,&quot;active&quot;:1,&quot;group&quot;:&quot;&quot;,&quot;bonded&quot;:[{&quot;host&quot;:&quot;10.7.0.66&quot;,&quot;port&quot;:2088,&quot;nic&quot;:&quot;10.7.0.65&quot;,&quot;limit&quot;:0,&quot;is_backup&quot;:0,&quot;bitrate&quot;:2797250,&quot;up_time&quot;:62,&quot;error_code&quot;:0,&quot;status_code&quot;:3,&quot;error_str&quot;:&quot;None&quot;,&quot;status_str&quot;:&quot;Connected&quot;},{&quot;host&quot;:&quot;192.168.60.66&quot;,&quot;port&quot;:2088,&quot;nic&quot;:&quot;192.168.50.65&quot;,&quot;limit&quot;:0,&quot;is_backup&quot;:0,&quot;bitrate&quot;:0,&quot;up_time&quot;:0,&quot;error_code&quot;:3,&quot;status_code&quot;:1,&quot;error_str&quot;:&quot;Timeout&quot;,&quot;status_str&quot;:&quot;Connecting&quot;},{&quot;host&quot;:&quot;192.168.5.166&quot;,&quot;port&quot;:2088,&quot;nic&quot;:&quot;192.168.5.165&quot;,&quot;limit&quot;:0,&quot;is_backup&quot;:0,&quot;bitrate&quot;:2872932,&quot;up_time&quot;:62,&quot;error_code&quot;:0,&quot;status_code&quot;:3,&quot;error_str&quot;:&quot;None&quot;,&quot;status_str&quot;:&quot;Connected&quot;}],&quot;error&quot;:&quot;None&quot;,&quot;con_stat&quot;:&quot;Disconnected&quot;,&quot;bitrate&quot;:5603836,&quot;dest&quot;:&quot;bonded/bonded1&quot;}]}
Debug printing ------&gt;&gt;&gt; {&quot;custom_data&quot;:&quot;&quot;,&quot;msg&quot;:&quot;Output deleted.&quot;,&quot;error&quot;:&quot;&quot;,&quot;outs&quot;:[{&quot;mip&quot;:&quot;live_recording.ts&quot;,&quot;port&quot;:0,&quot;ip&quot;:&quot;file&quot;,&quot;in_name&quot;:&quot;feederoutputname&quot;,&quot;in_active&quot;:1,&quot;in_active_sources&quot;:0,&quot;prg_name&quot;:&quot;&quot;,&quot;prg_prov&quot;:&quot;&quot;,&quot;prg_num&quot;:1,&quot;chan&quot;:&quot;&quot;,&quot;chan_id&quot;:-1,&quot;id&quot;:&quot;zixi://10.7.0.66:2088/feederout&quot;,&quot;type&quot;:2,&quot;name&quot;:&quot;feederoutputname&quot;,&quot;asi&quot;:0,&quot;rtmp&quot;:0,&quot;file&quot;:1,&quot;active&quot;:1,&quot;group&quot;:&quot;&quot;,&quot;error&quot;:&quot;Authentication&quot;,&quot;con_stat&quot;:&quot;Disconnected&quot;,&quot;bitrate&quot;:0,&quot;dest&quot;:&quot;10.7.0.66:2088/feederout&quot;},{&quot;mip&quot;:&quot;4000.ts&quot;,&quot;port&quot;:0,&quot;ip&quot;:&quot;file&quot;,&quot;in_name&quot;:&quot;bond&quot;,&quot;in_active&quot;:1,&quot;in_active_sources&quot;:0,&quot;prg_name&quot;:&quot;&quot;,&quot;prg_prov&quot;:&quot;&quot;,&quot;prg_num&quot;:-1,&quot;chan&quot;:&quot;&quot;,&quot;chan_id&quot;:-1,&quot;id&quot;:&quot;zixi://bonded(bonded0)#10.7.0.66:2088@10.7.0.65,192.168.60.66:2088@192.168.50.65,192.168.5.166:2088@192.168.5.165&quot;,&quot;type&quot;:2,&quot;name&quot;:&quot;bond0&quot;,&quot;asi&quot;:0,&quot;rtmp&quot;:0,&quot;file&quot;:1,&quot;active&quot;:1,&quot;group&quot;:&quot;&quot;,&quot;bonded&quot;:[{&quot;host&quot;:&quot;10.7.0.66&quot;,&quot;port&quot;:2088,&quot;nic&quot;:&quot;10.7.0.65&quot;,&quot;limit&quot;:0,&quot;is_backup&quot;:0,&quot;bitrate&quot;:2818749,&quot;up_time&quot;:62,&quot;error_code&quot;:0,&quot;status_code&quot;:3,&quot;error_str&quot;:&quot;None&quot;,&quot;status_str&quot;:&quot;Connected&quot;},{&quot;host&quot;:&quot;192.168.60.66&quot;,&quot;port&quot;:2088,&quot;nic&quot;:&quot;192.168.50.65&quot;,&quot;limit&quot;:0,&quot;is_backup&quot;:0,&quot;bitrate&quot;:0,&quot;up_time&quot;:0,&quot;error_code&quot;:3,&quot;status_code&quot;:1,&quot;error_str&quot;:&quot;Timeout&quot;,&quot;status_str&quot;:&quot;Connecting&quot;},{&quot;host&quot;:&quot;192.168.5.166&quot;,&quot;port&quot;:2088,&quot;nic&quot;:&quot;192.168.5.165&quot;,&quot;limit&quot;:0,&quot;is_backup&quot;:0,&quot;bitrate&quot;:2851191,&quot;up_time&quot;:62,&quot;error_code&quot;:0,&quot;status_code&quot;:3,&quot;error_str&quot;:&quot;None&quot;,&quot;status_str&quot;:&quot;Connected&quot;}],&quot;error&quot;:&quot;None&quot;,&quot;con_stat&quot;:&quot;Disconnected&quot;,&quot;bitrate&quot;:5603660,&quot;dest&quot;:&quot;bonded/bonded0&quot;},{&quot;mip&quot;:&quot;4000.ts&quot;,&quot;port&quot;:0,&quot;ip&quot;:&quot;file&quot;,&quot;in_name&quot;:&quot;bond&quot;,&quot;in_active&quot;:1,&quot;in_active_sources&quot;:0,&quot;prg_name&quot;:&quot;&quot;,&quot;prg_prov&quot;:&quot;&quot;,&quot;prg_num&quot;:-1,&quot;chan&quot;:&quot;&quot;,&quot;chan_id&quot;:-1,&quot;id&quot;:&quot;zixi://bonded(bonded1)#10.7.0.66:2088@10.7.0.65,192.168.60.66:2088@192.168.50.65,192.168.5.166:2088@192.168.5.165&quot;,&quot;type&quot;:2,&quot;name&quot;:&quot;bond1&quot;,&quot;asi&quot;:0,&quot;rtmp&quot;:0,&quot;file&quot;:1,&quot;active&quot;:1,&quot;group&quot;:&quot;&quot;,&quot;bonded&quot;:[{&quot;host&quot;:&quot;10.7.0.66&quot;,&quot;port&quot;:2088,&quot;nic&quot;:&quot;10.7.0.65&quot;,&quot;limit&quot;:0,&quot;is_backup&quot;:0,&quot;bitrate&quot;:2797250,&quot;up_time&quot;:62,&quot;error_code&quot;:0,&quot;status_code&quot;:3,&quot;error_str&quot;:&quot;None&quot;,&quot;status_str&quot;:&quot;Connected&quot;},{&quot;host&quot;:&quot;192.168.60.66&quot;,&quot;port&quot;:2088,&quot;nic&quot;:&quot;192.168.50.65&quot;,&quot;limit&quot;:0,&quot;is_backup&quot;:0,&quot;bitrate&quot;:0,&quot;up_time&quot;:0,&quot;error_code&quot;:3,&quot;status_code&quot;:1,&quot;error_str&quot;:&quot;Timeout&quot;,&quot;status_str&quot;:&quot;Connecting&quot;},{&quot;host&quot;:&quot;192.168.5.166&quot;,&quot;port&quot;:2088,&quot;nic&quot;:&quot;192.168.5.165&quot;,&quot;limit&quot;:0,&quot;is_backup&quot;:0,&quot;bitrate&quot;:2872932,&quot;up_time&quot;:62,&quot;error_code&quot;:0,&quot;status_code&quot;:3,&quot;error_str&quot;:&quot;None&quot;,&quot;status_str&quot;:&quot;Connected&quot;}],&quot;error&quot;:&quot;None&quot;,&quot;con_stat&quot;:&quot;Disconnected&quot;,&quot;bitrate&quot;:5603836,&quot;dest&quot;:&quot;bonded/bonded1&quot;},{&quot;mip&quot;:&quot;4000.ts&quot;,&quot;port&quot;:0,&quot;ip&quot;:&quot;file&quot;,&quot;in_name&quot;:&quot;bond&quot;,&quot;in_active&quot;:1,&quot;in_active_sources&quot;:0,&quot;prg_name&quot;:&quot;&quot;,&quot;prg_prov&quot;:&quot;&quot;,&quot;prg_num&quot;:-1,&quot;chan&quot;:&quot;&quot;,&quot;chan_id&quot;:-1,&quot;id&quot;:&quot;zixi://bonded(bonded2)#10.7.0.66:2088@10.7.0.65,192.168.60.66:2088@192.168.50.65,192.168.5.166:2088@192.168.5.165&quot;,&quot;type&quot;:2,&quot;name&quot;:&quot;bond2&quot;,&quot;asi&quot;:0,&quot;rtmp&quot;:0,&quot;file&quot;:1,&quot;active&quot;:1,&quot;group&quot;:&quot;&quot;,&quot;bonded&quot;:[{&quot;host&quot;:&quot;10.7.0.66&quot;,&quot;port&quot;:2088,&quot;nic&quot;:&quot;10.7.0.65&quot;,&quot;limit&quot;:0,&quot;is_backup&quot;:0,&quot;bitrate&quot;:2823614,&quot;up_time&quot;:62,&quot;error_code&quot;:0,&quot;status_code&quot;:3,&quot;error_str&quot;:&quot;None&quot;,&quot;status_str&quot;:&quot;Connected&quot;},{&quot;host&quot;:&quot;192.168.60.66&quot;,&quot;port&quot;:2088,&quot;nic&quot;:&quot;192.168.50.65&quot;,&quot;limit&quot;:0,&quot;is_backup&quot;:0,&quot;bitrate&quot;:0,&quot;up_time&quot;:0,&quot;error_code&quot;:3,&quot;status_code&quot;:1,&quot;error_str&quot;:&quot;Timeout&quot;,&quot;status_str&quot;:&quot;Connecting&quot;},{&quot;host&quot;:&quot;192.168.5.166&quot;,&quot;port&quot;:2088,&quot;nic&quot;:&quot;192.168.5.165&quot;,&quot;limit&quot;:0,&quot;is_backup&quot;:0,&quot;bitrate&quot;:2844172,&quot;up_time&quot;:62,&quot;error_code&quot;:0,&quot;status_code&quot;:3,&quot;error_str&quot;:&quot;None&quot;,&quot;status_str&quot;:&quot;Connected&quot;}],&quot;error&quot;:&quot;None&quot;,&quot;con_stat&quot;:&quot;Disconnected&quot;,&quot;bitrate&quot;:5599424,&quot;dest&quot;:&quot;bonded/bonded2&quot;},{&quot;mip&quot;:&quot;4000.ts&quot;,&quot;port&quot;:0,&quot;ip&quot;:&quot;file&quot;,&quot;in_name&quot;:&quot;bond&quot;,&quot;in_active&quot;:1,&quot;in_active_sources&quot;:0,&quot;prg_name&quot;:&quot;&quot;,&quot;prg_prov&quot;:&quot;&quot;,&quot;prg_num&quot;:-1,&quot;chan&quot;:&quot;&quot;,&quot;chan_id&quot;:-1,&quot;id&quot;:&quot;zixi://bonded(bonded3)#10.7.0.66:2088@10.7.0.65,192.168.60.66:2088@192.168.50.65,192.168.5.166:2088@192.168.5.165&quot;,&quot;type&quot;:2,&quot;name&quot;:&quot;bond3&quot;,&quot;asi&quot;:0,&quot;rtmp&quot;:0,&quot;file&quot;:1,&quot;active&quot;:1,&quot;group&quot;:&quot;&quot;,&quot;bonded&quot;:[{&quot;host&quot;:&quot;10.7.0.66&quot;,&quot;port&quot;:2088,&quot;nic&quot;:&quot;10.7.0.65&quot;,&quot;limit&quot;:0,&quot;is_backup&quot;:0,&quot;bitrate&quot;:2870606,&quot;up_time&quot;:62,&quot;error_code&quot;:0,&quot;status_code&quot;:3,&quot;error_str&quot;:&quot;None&quot;,&quot;status_str&quot;:&quot;Connected&quot;},{&quot;host&quot;:&quot;192.168.60.66&quot;,&quot;port&quot;:2088,&quot;nic&quot;:&quot;192.168.50.65&quot;,&quot;limit&quot;:0,&quot;is_backup&quot;:0,&quot;bitrate&quot;:0,&quot;up_time&quot;:0,&quot;error_code&quot;:3,&quot;status_code&quot;:1,&quot;error_str&quot;:&quot;Timeout&quot;,&quot;status_str&quot;:&quot;Connecting&quot;},{&quot;host&quot;:&quot;192.168.5.166&quot;,&quot;port&quot;:2088,&quot;nic&quot;:&quot;192.168.5.165&quot;,&quot;limit&quot;:0,&quot;is_backup&quot;:0,&quot;bitrate&quot;:2815477,&quot;up_time&quot;:62,&quot;error_code&quot;:0,&quot;status_code&quot;:3,&quot;error_str&quot;:&quot;None&quot;,&quot;status_str&quot;:&quot;Connected&quot;}],&quot;error&quot;:&quot;None&quot;,&quot;con_stat&quot;:&quot;Disconnected&quot;,&quot;bitrate&quot;:5614785,&quot;dest&quot;:&quot;bonded/bonded3&quot;},{&quot;mip&quot;:&quot;4000.ts&quot;,&quot;port&quot;:0,&quot;ip&quot;:&quot;file&quot;,&quot;in_name&quot;:&quot;bond&quot;,&quot;in_active&quot;:1,&quot;in_active_sources&quot;:0,&quot;prg_name&quot;:&quot;&quot;,&quot;prg_prov&quot;:&quot;&quot;,&quot;prg_num&quot;:-1,&quot;chan&quot;:&quot;&quot;,&quot;chan_id&quot;:-1,&quot;id&quot;:&quot;zixi://bonded(bonded4)#10.7.0.66:2088@10.7.0.65,192.168.60.66:2088@192.168.50.65,192.168.5.166:2088@192.168.5.165&quot;,&quot;type&quot;:2,&quot;name&quot;:&quot;bond4&quot;,&quot;asi&quot;:0,&quot;rtmp&quot;:0,&quot;file&quot;:1,&quot;active&quot;:1,&quot;group&quot;:&quot;&quot;,&quot;bonded&quot;:[{&quot;host&quot;:&quot;10.7.0.66&quot;,&quot;port&quot;:2088,&quot;nic&quot;:&quot;10.7.0.65&quot;,&quot;limit&quot;:0,&quot;is_backup&quot;:0,&quot;bitrate&quot;:2793416,&quot;up_time&quot;:62,&quot;error_code&quot;:0,&quot;status_code&quot;:3,&quot;error_str&quot;:&quot;None&quot;,&quot;status_str&quot;:&quot;Connected&quot;},{&quot;host&quot;:&quot;192.168.60.66&quot;,&quot;port&quot;:2088,&quot;nic&quot;:&quot;192.168.50.65&quot;,&quot;limit&quot;:0,&quot;is_backup&quot;:0,&quot;bitrate&quot;:0,&quot;up_time&quot;:0,&quot;error_code&quot;:3,&quot;status_code&quot;:1,&quot;error_str&quot;:&quot;Timeout&quot;,&quot;status_str&quot;:&quot;Connecting&quot;},{&quot;host&quot;:&quot;192.168.5.166&quot;,&quot;port&quot;:2088,&quot;nic&quot;:&quot;192.168.5.165&quot;,&quot;limit&quot;:0,&quot;is_backup&quot;:0,&quot;bitrate&quot;:2883122,&quot;up_time&quot;:62,&quot;error_code&quot;:0,&quot;status_code&quot;:3,&quot;error_str&quot;:&quot;None&quot;,&quot;status_str&quot;:&quot;Connected&quot;}],&quot;error&quot;:&quot;None&quot;,&quot;con_stat&quot;:&quot;Disconnected&quot;,&quot;bitrate&quot;:5602181,&quot;dest&quot;:&quot;bonded/bonded4&quot;},{&quot;mip&quot;:&quot;4000.ts&quot;,&quot;port&quot;:0,&quot;ip&quot;:&quot;file&quot;,&quot;in_name&quot;:&quot;bond&quot;,&quot;in_active&quot;:1,&quot;in_active_sources&quot;:0,&quot;prg_name&quot;:&quot;&quot;,&quot;prg_prov&quot;:&quot;&quot;,&quot;prg_num&quot;:-1,&quot;chan&quot;:&quot;&quot;,&quot;chan_id&quot;:-1,&quot;id&quot;:&quot;zixi://bonded(bonded5)#10.7.0.66:2088@10.7.0.65,192.168.60.66:2088@192.168.50.65,192.168.5.166:2088@192.168.5.165&quot;,&quot;type&quot;:2,&quot;name&quot;:&quot;bond5&quot;,&quot;asi&quot;:0,&quot;rtmp&quot;:0,&quot;file&quot;:1,&quot;active&quot;:1,&quot;group&quot;:&quot;&quot;,&quot;bonded&quot;:[{&quot;host&quot;:&quot;10.7.0.66&quot;,&quot;port&quot;:2088,&quot;nic&quot;:&quot;10.7.0.65&quot;,&quot;limit&quot;:0,&quot;is_backup&quot;:0,&quot;bitrate&quot;:2901933,&quot;up_time&quot;:62,&quot;error_code&quot;:0,&quot;status_code&quot;:3,&quot;error_str&quot;:&quot;None&quot;,&quot;status_str&quot;:&quot;Connected&quot;},{&quot;host&quot;:&quot;192.168.60.66&quot;,&quot;port&quot;:2088,&quot;nic&quot;:&quot;192.168.50.65&quot;,&quot;limit&quot;:0,&quot;is_backup&quot;:0,&quot;bitrate&quot;:0,&quot;up_time&quot;:0,&quot;error_code&quot;:3,&quot;status_code&quot;:1,&quot;error_str&quot;:&quot;Timeout&quot;,&quot;status_str&quot;:&quot;Connecting&quot;},{&quot;host&quot;:&quot;192.168.5.166&quot;,&quot;port&quot;:2088,&quot;nic&quot;:&quot;192.168.5.165&quot;,&quot;limit&quot;:0,&quot;is_backup&quot;:0,&quot;bitrate&quot;:2788192,&quot;up_time&quot;:62,&quot;error_code&quot;:0,&quot;status_code&quot;:3,&quot;error_str&quot;:&quot;None&quot;,&quot;status_str&quot;:&quot;Connected&quot;}],&quot;error&quot;:&quot;None&quot;,&quot;con_stat&quot;:&quot;Disconnected&quot;,&quot;bitrate&quot;:5623440,&quot;dest&quot;:&quot;bonded/bonded5&quot;},{&quot;mip&quot;:&quot;4000.ts&quot;,&quot;port&quot;:0,&quot;ip&quot;:&quot;file&quot;,&quot;in_name&quot;:&quot;bond&quot;,&quot;in_active&quot;:1,&quot;in_active_sources&quot;:0,&quot;prg_name&quot;:&quot;&quot;,&quot;prg_prov&quot;:&quot;&quot;,&quot;prg_num&quot;:-1,&quot;chan&quot;:&quot;&quot;,&quot;chan_id&quot;:-1,&quot;id&quot;:&quot;zixi://bonded(bonded6)#10.7.0.66:2088@10.7.0.65,192.168.60.66:2088@192.168.50.65,192.168.5.166:2088@192.168.5.165&quot;,&quot;type&quot;:2,&quot;name&quot;:&quot;bond6&quot;,&quot;asi&quot;:0,&quot;rtmp&quot;:0,&quot;file&quot;:1,&quot;active&quot;:1,&quot;group&quot;:&quot;&quot;,&quot;bonded&quot;:[{&quot;host&quot;:&quot;10.7.0.66&quot;,&quot;port&quot;:2088,&quot;nic&quot;:&quot;10.7.0.65&quot;,&quot;limit&quot;:0,&quot;is_backup&quot;:0,&quot;bitrate&quot;:2861013,&quot;up_time&quot;:62,&quot;error_code&quot;:0,&quot;status_code&quot;:3,&quot;error_str&quot;:&quot;None&quot;,&quot;status_str&quot;:&quot;Connected&quot;},{&quot;host&quot;:&quot;192.168.60.66&quot;,&quot;port&quot;:2088,&quot;nic&quot;:&quot;192.168.50.65&quot;,&quot;limit&quot;:0,&quot;is_backup&quot;:0,&quot;bitrate&quot;:0,&quot;up_time&quot;:0,&quot;error_code&quot;:3,&quot;status_code&quot;:1,&quot;error_str&quot;:&quot;Timeout&quot;,&quot;status_str&quot;:&quot;Connecting&quot;},{&quot;host&quot;:&quot;192.168.5.166&quot;,&quot;port&quot;:2088,&quot;nic&quot;:&quot;192.168.5.165&quot;,&quot;limit&quot;:0,&quot;is_backup&quot;:0,&quot;bitrate&quot;:2812273,&quot;up_time&quot;:62,&quot;error_code&quot;:0,&quot;status_code&quot;:3,&quot;error_str&quot;:&quot;None&quot;,&quot;status_str&quot;:&quot;Connected&quot;}],&quot;error&quot;:&quot;None&quot;,&quot;con_stat&quot;:&quot;Disconnected&quot;,&quot;bitrate&quot;:5612683,&quot;dest&quot;:&quot;bonded/bonded6&quot;},{&quot;mip&quot;:&quot;4000.ts&quot;,&quot;port&quot;:0,&quot;ip&quot;:&quot;file&quot;,&quot;in_name&quot;:&quot;bond&quot;,&quot;in_active&quot;:1,&quot;in_active_sources&quot;:0,&quot;prg_name&quot;:&quot;&quot;,&quot;prg_prov&quot;:&quot;&quot;,&quot;prg_num&quot;:-1,&quot;chan&quot;:&quot;&quot;,&quot;chan_id&quot;:-1,&quot;id&quot;:&quot;zixi://bonded(bonded8)#10.7.0.66:2088@10.7.0.65,192.168.60.66:2088@192.168.50.65,192.168.5.166:2088@192.168.5.165&quot;,&quot;type&quot;:2,&quot;name&quot;:&quot;bond8&quot;,&quot;asi&quot;:0,&quot;rtmp&quot;:0,&quot;file&quot;:1,&quot;active&quot;:1,&quot;group&quot;:&quot;&quot;,&quot;bonded&quot;:[{&quot;host&quot;:&quot;10.7.0.66&quot;,&quot;port&quot;:2088,&quot;nic&quot;:&quot;10.7.0.65&quot;,&quot;limit&quot;:0,&quot;is_backup&quot;:0,&quot;bitrate&quot;:2823116,&quot;up_time&quot;:62,&quot;error_code&quot;:0,&quot;status_code&quot;:3,&quot;error_str&quot;:&quot;None&quot;,&quot;status_str&quot;:&quot;Connected&quot;},{&quot;host&quot;:&quot;192.168.60.66&quot;,&quot;port&quot;:2088,&quot;nic&quot;:&quot;192.168.50.65&quot;,&quot;limit&quot;:0,&quot;is_backup&quot;:0,&quot;bitrate&quot;:0,&quot;up_time&quot;:0,&quot;error_code&quot;:3,&quot;status_code&quot;:1,&quot;error_str&quot;:&quot;Timeout&quot;,&quot;status_str&quot;:&quot;Connecting&quot;},{&quot;host&quot;:&quot;192.168.5.166&quot;,&quot;port&quot;:2088,&quot;nic&quot;:&quot;192.168.5.165&quot;,&quot;limit&quot;:0,&quot;is_backup&quot;:0,&quot;bitrate&quot;:2838254,&quot;up_time&quot;:62,&quot;error_code&quot;:0,&quot;status_code&quot;:3,&quot;error_str&quot;:&quot;None&quot;,&quot;status_str&quot;:&quot;Connected&quot;}],&quot;error&quot;:&quot;None&quot;,&quot;con_stat&quot;:&quot;Disconnected&quot;,&quot;bitrate&quot;:5611548,&quot;dest&quot;:&quot;bonded/bonded8&quot;},{&quot;mip&quot;:&quot;4000.ts&quot;,&quot;port&quot;:0,&quot;ip&quot;:&quot;file&quot;,&quot;in_name&quot;:&quot;bond&quot;,&quot;in_active&quot;:1,&quot;in_active_sources&quot;:0,&quot;prg_name&quot;:&quot;&quot;,&quot;prg_prov&quot;:&quot;&quot;,&quot;prg_num&quot;:-1,&quot;chan&quot;:&quot;&quot;,&quot;chan_id&quot;:-1,&quot;id&quot;:&quot;zixi://bonded(bonded7)#10.7.0.66:2088@10.7.0.65,192.168.60.66:2088@192.168.50.65,192.168.5.166:2088@192.168.5.165&quot;,&quot;type&quot;:2,&quot;name&quot;:&quot;bond7&quot;,&quot;asi&quot;:0,&quot;rtmp&quot;:0,&quot;file&quot;:1,&quot;active&quot;:1,&quot;group&quot;:&quot;&quot;,&quot;bonded&quot;:[{&quot;host&quot;:&quot;10.7.0.66&quot;,&quot;port&quot;:2088,&quot;nic&quot;:&quot;10.7.0.65&quot;,&quot;limit&quot;:0,&quot;is_backup&quot;:0,&quot;bitrate&quot;:2779582,&quot;up_time&quot;:62,&quot;error_code&quot;:0,&quot;status_code&quot;:3,&quot;error_str&quot;:&quot;None&quot;,&quot;status_str&quot;:&quot;Connected&quot;},{&quot;host&quot;:&quot;192.168.60.66&quot;,&quot;port&quot;:2088,&quot;nic&quot;:&quot;192.168.50.65&quot;,&quot;limit&quot;:0,&quot;is_backup&quot;:0,&quot;bitrate&quot;:0,&quot;up_time&quot;:0,&quot;error_code&quot;:3,&quot;status_code&quot;:1,&quot;error_str&quot;:&quot;Timeout&quot;,&quot;status_str&quot;:&quot;Connecting&quot;},{&quot;host&quot;:&quot;192.168.5.166&quot;,&quot;port&quot;:2088,&quot;nic&quot;:&quot;192.168.5.165&quot;,&quot;limit&quot;:0,&quot;is_backup&quot;:0,&quot;bitrate&quot;:2881369,&quot;up_time&quot;:62,&quot;error_code&quot;:0,&quot;status_code&quot;:3,&quot;error_str&quot;:&quot;None&quot;,&quot;status_str&quot;:&quot;Connected&quot;}],&quot;error&quot;:&quot;None&quot;,&quot;con_stat&quot;:&quot;Disconnected&quot;,&quot;bitrate&quot;:5595592,&quot;dest&quot;:&quot;bonded/bonded7&quot;},{&quot;mip&quot;:&quot;4000.ts&quot;,&quot;port&quot;:0,&quot;ip&quot;:&quot;file&quot;,&quot;in_name&quot;:&quot;bond&quot;,&quot;in_active&quot;:1,&quot;in_active_sources&quot;:0,&quot;prg_name&quot;:&quot;&quot;,&quot;prg_prov&quot;:&quot;&quot;,&quot;prg_num&quot;:-1,&quot;chan&quot;:&quot;&quot;,&quot;chan_id&quot;:-1,&quot;id&quot;:&quot;zixi://bonded(bonded14)#10.7.0.66:2088@10.7.0.65,192.168.60.66:2088@192.168.50.65,192.168.5.166:2088@192.168.5.165&quot;,&quot;type&quot;:2,&quot;name&quot;:&quot;bond14&quot;,&quot;asi&quot;:0,&quot;rtmp&quot;:0,&quot;file&quot;:1,&quot;active&quot;:1,&quot;group&quot;:&quot;&quot;,&quot;bonded&quot;:[{&quot;host&quot;:&quot;10.7.0.66&quot;,&quot;port&quot;:2088,&quot;nic&quot;:&quot;10.7.0.65&quot;,&quot;limit&quot;:0,&quot;is_backup&quot;:0,&quot;bitrate&quot;:2889705,&quot;up_time&quot;:62,&quot;error_code&quot;:0,&quot;status_code&quot;:3,&quot;error_str&quot;:&quot;None&quot;,&quot;status_str&quot;:&quot;Connected&quot;},{&quot;host&quot;:&quot;192.168.60.66&quot;,&quot;port&quot;:2088,&quot;nic&quot;:&quot;192.168.50.65&quot;,&quot;limit&quot;:0,&quot;is_backup&quot;:0,&quot;bitrate&quot;:0,&quot;up_time&quot;:0,&quot;error_code&quot;:3,&quot;status_code&quot;:1,&quot;error_str&quot;:&quot;Timeout&quot;,&quot;status_str&quot;:&quot;Connecting&quot;},{&quot;host&quot;:&quot;192.168.5.166&quot;,&quot;port&quot;:2088,&quot;nic&quot;:&quot;192.168.5.165&quot;,&quot;limit&quot;:0,&quot;is_backup&quot;:0,&quot;bitrate&quot;:2779265,&quot;up_time&quot;:62,&quot;error_code&quot;:0,&quot;status_code&quot;:3,&quot;error_str&quot;:&quot;None&quot;,&quot;status_str&quot;:&quot;Connected&quot;}],&quot;error&quot;:&quot;None&quot;,&quot;con_stat&quot;:&quot;Disconnected&quot;,&quot;bitrate&quot;:5621946,&quot;dest&quot;:&quot;bonded/bonded14&quot;},{&quot;mip&quot;:&quot;4000.ts&quot;,&quot;port&quot;:0,&quot;ip&quot;:&quot;file&quot;,&quot;in_name&quot;:&quot;bond&quot;,&quot;in_active&quot;:1,&quot;in_active_sources&quot;:0,&quot;prg_name&quot;:&quot;&quot;,&quot;prg_prov&quot;:&quot;&quot;,&quot;prg_num&quot;:-1,&quot;chan&quot;:&quot;&quot;,&quot;chan_id&quot;:-1,&quot;id&quot;:&quot;zixi://bonded(bonded15)#10.7.0.66:2088@10.7.0.65,192.168.60.66:2088@192.168.50.65,192.168.5.166:2088@192.168.5.165&quot;,&quot;type&quot;:2,&quot;name&quot;:&quot;bond15&quot;,&quot;asi&quot;:0,&quot;rtmp&quot;:0,&quot;file&quot;:1,&quot;active&quot;:1,&quot;group&quot;:&quot;&quot;,&quot;bonded&quot;:[{&quot;host&quot;:&quot;10.7.0.66&quot;,&quot;port&quot;:2088,&quot;nic&quot;:&quot;10.7.0.65&quot;,&quot;limit&quot;:0,&quot;is_backup&quot;:0,&quot;bitrate&quot;:2849547,&quot;up_time&quot;:62,&quot;error_code&quot;:0,&quot;status_code&quot;:3,&quot;error_str&quot;:&quot;None&quot;,&quot;status_str&quot;:&quot;Connected&quot;},{&quot;host&quot;:&quot;192.168.60.66&quot;,&quot;port&quot;:2088,&quot;nic&quot;:&quot;192.168.50.65&quot;,&quot;limit&quot;:0,&quot;is_backup&quot;:0,&quot;bitrate&quot;:0,&quot;up_time&quot;:0,&quot;error_code&quot;:3,&quot;status_code&quot;:1,&quot;error_str&quot;:&quot;Timeout&quot;,&quot;status_str&quot;:&quot;Connecting&quot;},{&quot;host&quot;:&quot;192.168.5.166&quot;,&quot;port&quot;:2088,&quot;nic&quot;:&quot;192.168.5.165&quot;,&quot;limit&quot;:0,&quot;is_backup&quot;:0,&quot;bitrate&quot;:2819751,&quot;up_time&quot;:62,&quot;error_code&quot;:0,&quot;status_code&quot;:3,&quot;error_str&quot;:&quot;None&quot;,&quot;status_str&quot;:&quot;Connected&quot;}],&quot;error&quot;:&quot;None&quot;,&quot;con_stat&quot;:&quot;Disconnected&quot;,&quot;bitrate&quot;:5611476,&quot;dest&quot;:&quot;bonded/bonded15&quot;},{&quot;mip&quot;:&quot;4000.ts&quot;,&quot;port&quot;:0,&quot;ip&quot;:&quot;file&quot;,&quot;in_name&quot;:&quot;bond&quot;,&quot;in_active&quot;:1,&quot;in_active_sources&quot;:0,&quot;prg_name&quot;:&quot;&quot;,&quot;prg_prov&quot;:&quot;&quot;,&quot;prg_num&quot;:-1,&quot;chan&quot;:&quot;&quot;,&quot;chan_id&quot;:-1,&quot;id&quot;:&quot;zixi://bonded(bonded10)#10.7.0.66:2088@10.7.0.65,192.168.60.66:2088@192.168.50.65,192.168.5.166:2088@192.168.5.165&quot;,&quot;type&quot;:2,&quot;name&quot;:&quot;bond10&quot;,&quot;asi&quot;:0,&quot;rtmp&quot;:0,&quot;file&quot;:1,&quot;active&quot;:1,&quot;group&quot;:&quot;&quot;,&quot;bonded&quot;:[{&quot;host&quot;:&quot;10.7.0.66&quot;,&quot;port&quot;:2088,&quot;nic&quot;:&quot;10.7.0.65&quot;,&quot;limit&quot;:0,&quot;is_backup&quot;:0,&quot;bitrate&quot;:2844362,&quot;up_time&quot;:62,&quot;error_code&quot;:0,&quot;status_code&quot;:3,&quot;error_str&quot;:&quot;None&quot;,&quot;status_str&quot;:&quot;Connected&quot;},{&quot;host&quot;:&quot;192.168.60.66&quot;,&quot;port&quot;:2088,&quot;nic&quot;:&quot;192.168.50.65&quot;,&quot;limit&quot;:0,&quot;is_backup&quot;:0,&quot;bitrate&quot;:0,&quot;up_time&quot;:0,&quot;error_code&quot;:3,&quot;status_code&quot;:1,&quot;error_str&quot;:&quot;Timeout&quot;,&quot;status_str&quot;:&quot;Connecting&quot;},{&quot;host&quot;:&quot;192.168.5.166&quot;,&quot;port&quot;:2088,&quot;nic&quot;:&quot;192.168.5.165&quot;,&quot;limit&quot;:0,&quot;is_backup&quot;:0,&quot;bitrate&quot;:2823903,&quot;up_time&quot;:62,&quot;error_code&quot;:0,&quot;status_code&quot;:3,&quot;error_str&quot;:&quot;None&quot;,&quot;status_str&quot;:&quot;Connected&quot;}],&quot;error&quot;:&quot;None&quot;,&quot;con_stat&quot;:&quot;Disconnected&quot;,&quot;bitrate&quot;:5596352,&quot;dest&quot;:&quot;bonded/bonded10&quot;},{&quot;mip&quot;:&quot;4000.ts&quot;,&quot;port&quot;:0,&quot;ip&quot;:&quot;file&quot;,&quot;in_name&quot;:&quot;bond&quot;,&quot;in_active&quot;:1,&quot;in_active_sources&quot;:0,&quot;prg_name&quot;:&quot;&quot;,&quot;prg_prov&quot;:&quot;&quot;,&quot;prg_num&quot;:-1,&quot;chan&quot;:&quot;&quot;,&quot;chan_id&quot;:-1,&quot;id&quot;:&quot;zixi://bonded(bonded11)#10.7.0.66:2088@10.7.0.65,192.168.60.66:2088@192.168.50.65,192.168.5.166:2088@192.168.5.165&quot;,&quot;type&quot;:2,&quot;name&quot;:&quot;bond11&quot;,&quot;asi&quot;:0,&quot;rtmp&quot;:0,&quot;file&quot;:1,&quot;active&quot;:1,&quot;group&quot;:&quot;&quot;,&quot;bonded&quot;:[{&quot;host&quot;:&quot;10.7.0.66&quot;,&quot;port&quot;:2088,&quot;nic&quot;:&quot;10.7.0.65&quot;,&quot;limit&quot;:0,&quot;is_backup&quot;:0,&quot;bitrate&quot;:2835313,&quot;up_time&quot;:62,&quot;error_code&quot;:0,&quot;status_code&quot;:3,&quot;error_str&quot;:&quot;None&quot;,&quot;status_str&quot;:&quot;Connected&quot;},{&quot;host&quot;:&quot;192.168.60.66&quot;,&quot;port&quot;:2088,&quot;nic&quot;:&quot;192.168.50.65&quot;,&quot;limit&quot;:0,&quot;is_backup&quot;:0,&quot;bitrate&quot;:0,&quot;up_time&quot;:0,&quot;error_code&quot;:3,&quot;status_code&quot;:1,&quot;error_str&quot;:&quot;Timeout&quot;,&quot;status_str&quot;:&quot;Connecting&quot;},{&quot;host&quot;:&quot;192.168.5.166&quot;,&quot;port&quot;:2088,&quot;nic&quot;:&quot;192.168.5.165&quot;,&quot;limit&quot;:0,&quot;is_backup&quot;:0,&quot;bitrate&quot;:2837955,&quot;up_time&quot;:62,&quot;error_code&quot;:0,&quot;status_code&quot;:3,&quot;error_str&quot;:&quot;None&quot;,&quot;status_str&quot;:&quot;Connected&quot;}],&quot;error&quot;:&quot;None&quot;,&quot;con_stat&quot;:&quot;Disconnected&quot;,&quot;bitrate&quot;:5618336,&quot;dest&quot;:&quot;bonded/bonded11&quot;},{&quot;mip&quot;:&quot;4000.ts&quot;,&quot;port&quot;:0,&quot;ip&quot;:&quot;file&quot;,&quot;in_name&quot;:&quot;bond&quot;,&quot;in_active&quot;:1,&quot;in_active_sources&quot;:0,&quot;prg_name&quot;:&quot;&quot;,&quot;prg_prov&quot;:&quot;&quot;,&quot;prg_num&quot;:-1,&quot;chan&quot;:&quot;&quot;,&quot;chan_id&quot;:-1,&quot;id&quot;:&quot;zixi://bonded(bonded18)#10.7.0.66:2088@10.7.0.65,192.168.60.66:2088@192.168.50.65,192.168.5.166:2088@192.168.5.165&quot;,&quot;type&quot;:2,&quot;name&quot;:&quot;bond18&quot;,&quot;asi&quot;:0,&quot;rtmp&quot;:0,&quot;file&quot;:1,&quot;active&quot;:1,&quot;group&quot;:&quot;&quot;,&quot;bonded&quot;:[{&quot;host&quot;:&quot;10.7.0.66&quot;,&quot;port&quot;:2088,&quot;nic&quot;:&quot;10.7.0.65&quot;,&quot;limit&quot;:0,&quot;is_backup&quot;:0,&quot;bitrate&quot;:2764628,&quot;up_time&quot;:62,&quot;error_code&quot;:0,&quot;status_code&quot;:3,&quot;error_str&quot;:&quot;None&quot;,&quot;status_str&quot;:&quot;Connected&quot;},{&quot;host&quot;:&quot;192.168.60.66&quot;,&quot;port&quot;:2088,&quot;nic&quot;:&quot;192.168.50.65&quot;,&quot;limit&quot;:0,&quot;is_backup&quot;:0,&quot;bitrate&quot;:0,&quot;up_time&quot;:0,&quot;error_code&quot;:3,&quot;status_code&quot;:1,&quot;error_str&quot;:&quot;Timeout&quot;,&quot;status_str&quot;:&quot;Connecting&quot;},{&quot;host&quot;:&quot;192.168.5.166&quot;,&quot;port&quot;:2088,&quot;nic&quot;:&quot;192.168.5.165&quot;,&quot;limit&quot;:0,&quot;is_backup&quot;:0,&quot;bitrate&quot;:2898112,&quot;up_time&quot;:62,&quot;error_code&quot;:0,&quot;status_code&quot;:3,&quot;error_str&quot;:&quot;None&quot;,&quot;status_str&quot;:&quot;Connected&quot;}],&quot;error&quot;:&quot;None&quot;,&quot;con_stat&quot;:&quot;Disconnected&quot;,&quot;bitrate&quot;:5612691,&quot;dest&quot;:&quot;bonded/bonded18&quot;},{&quot;mip&quot;:&quot;4000.ts&quot;,&quot;port&quot;:0,&quot;ip&quot;:&quot;file&quot;,&quot;in_name&quot;:&quot;bond&quot;,&quot;in_active&quot;:1,&quot;in_active_sources&quot;:0,&quot;prg_name&quot;:&quot;&quot;,&quot;prg_prov&quot;:&quot;&quot;,&quot;prg_num&quot;:-1,&quot;chan&quot;:&quot;&quot;,&quot;chan_id&quot;:-1,&quot;id&quot;:&quot;zixi://bonded(bonded12)#10.7.0.66:2088@10.7.0.65,192.168.60.66:2088@192.168.50.65,192.168.5.166:2088@192.168.5.165&quot;,&quot;type&quot;:2,&quot;name&quot;:&quot;bond12&quot;,&quot;asi&quot;:0,&quot;rtmp&quot;:0,&quot;file&quot;:1,&quot;active&quot;:1,&quot;group&quot;:&quot;&quot;,&quot;bonded&quot;:[{&quot;host&quot;:&quot;10.7.0.66&quot;,&quot;port&quot;:2088,&quot;nic&quot;:&quot;10.7.0.65&quot;,&quot;limit&quot;:0,&quot;is_backup&quot;:0,&quot;bitrate&quot;:2846629,&quot;up_time&quot;:62,&quot;error_code&quot;:0,&quot;status_code&quot;:3,&quot;error_str&quot;:&quot;None&quot;,&quot;status_str&quot;:&quot;Connected&quot;},{&quot;host&quot;:&quot;192.168.60.66&quot;,&quot;port&quot;:2088,&quot;nic&quot;:&quot;192.168.50.65&quot;,&quot;limit&quot;:0,&quot;is_backup&quot;:0,&quot;bitrate&quot;:0,&quot;up_time&quot;:0,&quot;error_code&quot;:3,&quot;status_code&quot;:1,&quot;error_str&quot;:&quot;Timeout&quot;,&quot;status_str&quot;:&quot;Connecting&quot;},{&quot;host&quot;:&quot;192.168.5.166&quot;,&quot;port&quot;:2088,&quot;nic&quot;:&quot;192.168.5.165&quot;,&quot;limit&quot;:0,&quot;is_backup&quot;:0,&quot;bitrate&quot;:2830048,&quot;up_time&quot;:62,&quot;error_code&quot;:0,&quot;status_code&quot;:3,&quot;error_str&quot;:&quot;None&quot;,&quot;status_str&quot;:&quot;Connected&quot;}],&quot;error&quot;:&quot;None&quot;,&quot;con_stat&quot;:&quot;Disconnected&quot;,&quot;bitrate&quot;:5608208,&quot;dest&quot;:&quot;bonded/bonded12&quot;},{&quot;mip&quot;:&quot;4000.ts&quot;,&quot;port&quot;:0,&quot;ip&quot;:&quot;file&quot;,&quot;in_name&quot;:&quot;bond&quot;,&quot;in_active&quot;:1,&quot;in_active_sources&quot;:0,&quot;prg_name&quot;:&quot;&quot;,&quot;prg_prov&quot;:&quot;&quot;,&quot;prg_num&quot;:-1,&quot;chan&quot;:&quot;&quot;,&quot;chan_id&quot;:-1,&quot;id&quot;:&quot;zixi://bonded(bonded19)#10.7.0.66:2088@10.7.0.65,192.168.60.66:2088@192.168.50.65,192.168.5.166:2088@192.168.5.165&quot;,&quot;type&quot;:2,&quot;name&quot;:&quot;bond19&quot;,&quot;asi&quot;:0,&quot;rtmp&quot;:0,&quot;file&quot;:1,&quot;active&quot;:1,&quot;group&quot;:&quot;&quot;,&quot;bonded&quot;:[{&quot;host&quot;:&quot;10.7.0.66&quot;,&quot;port&quot;:2088,&quot;nic&quot;:&quot;10.7.0.65&quot;,&quot;limit&quot;:0,&quot;is_backup&quot;:0,&quot;bitrate&quot;:2867663,&quot;up_time&quot;:62,&quot;error_code&quot;:0,&quot;status_code&quot;:3,&quot;error_str&quot;:&quot;None&quot;,&quot;status_str&quot;:&quot;Connected&quot;},{&quot;host&quot;:&quot;192.168.60.66&quot;,&quot;port&quot;:2088,&quot;nic&quot;:&quot;192.168.50.65&quot;,&quot;limit&quot;:0,&quot;is_backup&quot;:0,&quot;bitrate&quot;:0,&quot;up_time&quot;:0,&quot;error_code&quot;:3,&quot;status_code&quot;:1,&quot;error_str&quot;:&quot;Timeout&quot;,&quot;status_str&quot;:&quot;Connecting&quot;},{&quot;host&quot;:&quot;192.168.5.166&quot;,&quot;port&quot;:2088,&quot;nic&quot;:&quot;192.168.5.165&quot;,&quot;limit&quot;:0,&quot;is_backup&quot;:0,&quot;bitrate&quot;:2800594,&quot;up_time&quot;:62,&quot;error_code&quot;:0,&quot;status_code&quot;:3,&quot;error_str&quot;:&quot;None&quot;,&quot;status_str&quot;:&quot;Connected&quot;}],&quot;error&quot;:&quot;None&quot;,&quot;con_stat&quot;:&quot;Disconnected&quot;,&quot;bitrate&quot;:5591568,&quot;dest&quot;:&quot;bonded/bonded19&quot;}]}
Debug printing ------&gt;&gt;&gt; {&quot;custom_data&quot;:&quot;&quot;,&quot;msg&quot;:&quot;Output deleted.&quot;,&quot;error&quot;:&quot;&quot;,&quot;outs&quot;:[{&quot;mip&quot;:&quot;live_recording.ts&quot;,&quot;port&quot;:0,&quot;ip&quot;:&quot;file&quot;,&quot;in_name&quot;:&quot;feederoutputname&quot;,&quot;in_active&quot;:1,&quot;in_active_sources&quot;:0,&quot;prg_name&quot;:&quot;&quot;,&quot;prg_prov&quot;:&quot;&quot;,&quot;prg_num&quot;:1,&quot;chan&quot;:&quot;&quot;,&quot;chan_id&quot;:-1,&quot;id&quot;:&quot;zixi://10.7.0.66:2088/feederout&quot;,&quot;type&quot;:2,&quot;name&quot;:&quot;feederoutputname&quot;,&quot;asi&quot;:0,&quot;rtmp&quot;:0,&quot;file&quot;:1,&quot;active&quot;:1,&quot;group&quot;:&quot;&quot;,&quot;error&quot;:&quot;Authentication&quot;,&quot;con_stat&quot;:&quot;Disconnected&quot;,&quot;bitrate&quot;:0,&quot;dest&quot;:&quot;10.7.0.66:2088/feederout&quot;},{&quot;mip&quot;:&quot;4000.ts&quot;,&quot;port&quot;:0,&quot;ip&quot;:&quot;file&quot;,&quot;in_name&quot;:&quot;bond&quot;,&quot;in_active&quot;:1,&quot;in_active_sources&quot;:0,&quot;prg_name&quot;:&quot;&quot;,&quot;prg_prov&quot;:&quot;&quot;,&quot;prg_num&quot;:-1,&quot;chan&quot;:&quot;&quot;,&quot;chan_id&quot;:-1,&quot;id&quot;:&quot;zixi://bonded(bonded0)#10.7.0.66:2088@10.7.0.65,192.168.60.66:2088@192.168.50.65,192.168.5.166:2088@192.168.5.165&quot;,&quot;type&quot;:2,&quot;name&quot;:&quot;bond0&quot;,&quot;asi&quot;:0,&quot;rtmp&quot;:0,&quot;file&quot;:1,&quot;active&quot;:1,&quot;group&quot;:&quot;&quot;,&quot;bonded&quot;:[{&quot;host&quot;:&quot;10.7.0.66&quot;,&quot;port&quot;:2088,&quot;nic&quot;:&quot;10.7.0.65&quot;,&quot;limit&quot;:0,&quot;is_backup&quot;:0,&quot;bitrate&quot;:2818749,&quot;up_time&quot;:62,&quot;error_code&quot;:0,&quot;status_code&quot;:3,&quot;error_str&quot;:&quot;None&quot;,&quot;status_str&quot;:&quot;Connected&quot;},{&quot;host&quot;:&quot;192.168.60.66&quot;,&quot;port&quot;:2088,&quot;nic&quot;:&quot;192.168.50.65&quot;,&quot;limit&quot;:0,&quot;is_backup&quot;:0,&quot;bitrate&quot;:0,&quot;up_time&quot;:0,&quot;error_code&quot;:3,&quot;status_code&quot;:1,&quot;error_str&quot;:&quot;Timeout&quot;,&quot;status_str&quot;:&quot;Connecting&quot;},{&quot;host&quot;:&quot;192.168.5.166&quot;,&quot;port&quot;:2088,&quot;nic&quot;:&quot;192.168.5.165&quot;,&quot;limit&quot;:0,&quot;is_backup&quot;:0,&quot;bitrate&quot;:2851191,&quot;up_time&quot;:62,&quot;error_code&quot;:0,&quot;status_code&quot;:3,&quot;error_str&quot;:&quot;None&quot;,&quot;status_str&quot;:&quot;Connected&quot;}],&quot;error&quot;:&quot;None&quot;,&quot;con_stat&quot;:&quot;Disconnected&quot;,&quot;bitrate&quot;:5603660,&quot;dest&quot;:&quot;bonded/bonded0&quot;},{&quot;mip&quot;:&quot;4000.ts&quot;,&quot;port&quot;:0,&quot;ip&quot;:&quot;file&quot;,&quot;in_name&quot;:&quot;bond&quot;,&quot;in_active&quot;:1,&quot;in_active_sources&quot;:0,&quot;prg_name&quot;:&quot;&quot;,&quot;prg_prov&quot;:&quot;&quot;,&quot;prg_num&quot;:-1,&quot;chan&quot;:&quot;&quot;,&quot;chan_id&quot;:-1,&quot;id&quot;:&quot;zixi://bonded(bonded1)#10.7.0.66:2088@10.7.0.65,192.168.60.66:2088@192.168.50.65,192.168.5.166:2088@192.168.5.165&quot;,&quot;type&quot;:2,&quot;name&quot;:&quot;bond1&quot;,&quot;asi&quot;:0,&quot;rtmp&quot;:0,&quot;file&quot;:1,&quot;active&quot;:1,&quot;group&quot;:&quot;&quot;,&quot;bonded&quot;:[{&quot;host&quot;:&quot;10.7.0.66&quot;,&quot;port&quot;:2088,&quot;nic&quot;:&quot;10.7.0.65&quot;,&quot;limit&quot;:0,&quot;is_backup&quot;:0,&quot;bitrate&quot;:2797250,&quot;up_time&quot;:62,&quot;error_code&quot;:0,&quot;status_code&quot;:3,&quot;error_str&quot;:&quot;None&quot;,&quot;status_str&quot;:&quot;Connected&quot;},{&quot;host&quot;:&quot;192.168.60.66&quot;,&quot;port&quot;:2088,&quot;nic&quot;:&quot;192.168.50.65&quot;,&quot;limit&quot;:0,&quot;is_backup&quot;:0,&quot;bitrate&quot;:0,&quot;up_time&quot;:0,&quot;error_code&quot;:3,&quot;status_code&quot;:1,&quot;error_str&quot;:&quot;Timeout&quot;,&quot;status_str&quot;:&quot;Connecting&quot;},{&quot;host&quot;:&quot;192.168.5.166&quot;,&quot;port&quot;:2088,&quot;nic&quot;:&quot;192.168.5.165&quot;,&quot;limit&quot;:0,&quot;is_backup&quot;:0,&quot;bitrate&quot;:2872932,&quot;up_time&quot;:62,&quot;error_code&quot;:0,&quot;status_code&quot;:3,&quot;error_str&quot;:&quot;None&quot;,&quot;status_str&quot;:&quot;Connected&quot;}],&quot;error&quot;:&quot;None&quot;,&quot;con_stat&quot;:&quot;Disconnected&quot;,&quot;bitrate&quot;:5603836,&quot;dest&quot;:&quot;bonded/bonded1&quot;},{&quot;mip&quot;:&quot;4000.ts&quot;,&quot;port&quot;:0,&quot;ip&quot;:&quot;file&quot;,&quot;in_name&quot;:&quot;bond&quot;,&quot;in_active&quot;:1,&quot;in_active_sources&quot;:0,&quot;prg_name&quot;:&quot;&quot;,&quot;prg_prov&quot;:&quot;&quot;,&quot;prg_num&quot;:-1,&quot;chan&quot;:&quot;&quot;,&quot;chan_id&quot;:-1,&quot;id&quot;:&quot;zixi://bonded(bonded2)#10.7.0.66:2088@10.7.0.65,192.168.60.66:2088@192.168.50.65,192.168.5.166:2088@192.168.5.165&quot;,&quot;type&quot;:2,&quot;name&quot;:&quot;bond2&quot;,&quot;asi&quot;:0,&quot;rtmp&quot;:0,&quot;file&quot;:1,&quot;active&quot;:1,&quot;group&quot;:&quot;&quot;,&quot;bonded&quot;:[{&quot;host&quot;:&quot;10.7.0.66&quot;,&quot;port&quot;:2088,&quot;nic&quot;:&quot;10.7.0.65&quot;,&quot;limit&quot;:0,&quot;is_backup&quot;:0,&quot;bitrate&quot;:2823614,&quot;up_time&quot;:62,&quot;error_code&quot;:0,&quot;status_code&quot;:3,&quot;error_str&quot;:&quot;None&quot;,&quot;status_str&quot;:&quot;Connected&quot;},{&quot;host&quot;:&quot;192.168.60.66&quot;,&quot;port&quot;:2088,&quot;nic&quot;:&quot;192.168.50.65&quot;,&quot;limit&quot;:0,&quot;is_backup&quot;:0,&quot;bitrate&quot;:0,&quot;up_time&quot;:0,&quot;error_code&quot;:3,&quot;status_code&quot;:1,&quot;error_str&quot;:&quot;Timeout&quot;,&quot;status_str&quot;:&quot;Connecting&quot;},{&quot;host&quot;:&quot;192.168.5.166&quot;,&quot;port&quot;:2088,&quot;nic&quot;:&quot;192.168.5.165&quot;,&quot;limit&quot;:0,&quot;is_backup&quot;:0,&quot;bitrate&quot;:2844172,&quot;up_time&quot;:62,&quot;error_code&quot;:0,&quot;status_code&quot;:3,&quot;error_str&quot;:&quot;None&quot;,&quot;status_str&quot;:&quot;Connected&quot;}],&quot;error&quot;:&quot;None&quot;,&quot;con_stat&quot;:&quot;Disconnected&quot;,&quot;bitrate&quot;:5599424,&quot;dest&quot;:&quot;bonded/bonded2&quot;},{&quot;mip&quot;:&quot;4000.ts&quot;,&quot;port&quot;:0,&quot;ip&quot;:&quot;file&quot;,&quot;in_name&quot;:&quot;bond&quot;,&quot;in_active&quot;:1,&quot;in_active_sources&quot;:0,&quot;prg_name&quot;:&quot;&quot;,&quot;prg_prov&quot;:&quot;&quot;,&quot;prg_num&quot;:-1,&quot;chan&quot;:&quot;&quot;,&quot;chan_id&quot;:-1,&quot;id&quot;:&quot;zixi://bonded(bonded3)#10.7.0.66:2088@10.7.0.65,192.168.60.66:2088@192.168.50.65,192.168.5.166:2088@192.168.5.165&quot;,&quot;type&quot;:2,&quot;name&quot;:&quot;bond3&quot;,&quot;asi&quot;:0,&quot;rtmp&quot;:0,&quot;file&quot;:1,&quot;active&quot;:1,&quot;group&quot;:&quot;&quot;,&quot;bonded&quot;:[{&quot;host&quot;:&quot;10.7.0.66&quot;,&quot;port&quot;:2088,&quot;nic&quot;:&quot;10.7.0.65&quot;,&quot;limit&quot;:0,&quot;is_backup&quot;:0,&quot;bitrate&quot;:2870606,&quot;up_time&quot;:62,&quot;error_code&quot;:0,&quot;status_code&quot;:3,&quot;error_str&quot;:&quot;None&quot;,&quot;status_str&quot;:&quot;Connected&quot;},{&quot;host&quot;:&quot;192.168.60.66&quot;,&quot;port&quot;:2088,&quot;nic&quot;:&quot;192.168.50.65&quot;,&quot;limit&quot;:0,&quot;is_backup&quot;:0,&quot;bitrate&quot;:0,&quot;up_time&quot;:0,&quot;error_code&quot;:3,&quot;status_code&quot;:1,&quot;error_str&quot;:&quot;Timeout&quot;,&quot;status_str&quot;:&quot;Connecting&quot;},{&quot;host&quot;:&quot;192.168.5.166&quot;,&quot;port&quot;:2088,&quot;nic&quot;:&quot;192.168.5.165&quot;,&quot;limit&quot;:0,&quot;is_backup&quot;:0,&quot;bitrate&quot;:2815477,&quot;up_time&quot;:62,&quot;error_code&quot;:0,&quot;status_code&quot;:3,&quot;error_str&quot;:&quot;None&quot;,&quot;status_str&quot;:&quot;Connected&quot;}],&quot;error&quot;:&quot;None&quot;,&quot;con_stat&quot;:&quot;Disconnected&quot;,&quot;bitrate&quot;:5614785,&quot;dest&quot;:&quot;bonded/bonded3&quot;},{&quot;mip&quot;:&quot;4000.ts&quot;,&quot;port&quot;:0,&quot;ip&quot;:&quot;file&quot;,&quot;in_name&quot;:&quot;bond&quot;,&quot;in_active&quot;:1,&quot;in_active_sources&quot;:0,&quot;prg_name&quot;:&quot;&quot;,&quot;prg_prov&quot;:&quot;&quot;,&quot;prg_num&quot;:-1,&quot;chan&quot;:&quot;&quot;,&quot;chan_id&quot;:-1,&quot;id&quot;:&quot;zixi://bonded(bonded4)#10.7.0.66:2088@10.7.0.65,192.168.60.66:2088@192.168.50.65,192.168.5.166:2088@192.168.5.165&quot;,&quot;type&quot;:2,&quot;name&quot;:&quot;bond4&quot;,&quot;asi&quot;:0,&quot;rtmp&quot;:0,&quot;file&quot;:1,&quot;active&quot;:1,&quot;group&quot;:&quot;&quot;,&quot;bonded&quot;:[{&quot;host&quot;:&quot;10.7.0.66&quot;,&quot;port&quot;:2088,&quot;nic&quot;:&quot;10.7.0.65&quot;,&quot;limit&quot;:0,&quot;is_backup&quot;:0,&quot;bitrate&quot;:2793416,&quot;up_time&quot;:62,&quot;error_code&quot;:0,&quot;status_code&quot;:3,&quot;error_str&quot;:&quot;None&quot;,&quot;status_str&quot;:&quot;Connected&quot;},{&quot;host&quot;:&quot;192.168.60.66&quot;,&quot;port&quot;:2088,&quot;nic&quot;:&quot;192.168.50.65&quot;,&quot;limit&quot;:0,&quot;is_backup&quot;:0,&quot;bitrate&quot;:0,&quot;up_time&quot;:0,&quot;error_code&quot;:3,&quot;status_code&quot;:1,&quot;error_str&quot;:&quot;Timeout&quot;,&quot;status_str&quot;:&quot;Connecting&quot;},{&quot;host&quot;:&quot;192.168.5.166&quot;,&quot;port&quot;:2088,&quot;nic&quot;:&quot;192.168.5.165&quot;,&quot;limit&quot;:0,&quot;is_backup&quot;:0,&quot;bitrate&quot;:2883122,&quot;up_time&quot;:62,&quot;error_code&quot;:0,&quot;status_code&quot;:3,&quot;error_str&quot;:&quot;None&quot;,&quot;status_str&quot;:&quot;Connected&quot;}],&quot;error&quot;:&quot;None&quot;,&quot;con_stat&quot;:&quot;Disconnected&quot;,&quot;bitrate&quot;:5602181,&quot;dest&quot;:&quot;bonded/bonded4&quot;},{&quot;mip&quot;:&quot;4000.ts&quot;,&quot;port&quot;:0,&quot;ip&quot;:&quot;file&quot;,&quot;in_name&quot;:&quot;bond&quot;,&quot;in_active&quot;:1,&quot;in_active_sources&quot;:0,&quot;prg_name&quot;:&quot;&quot;,&quot;prg_prov&quot;:&quot;&quot;,&quot;prg_num&quot;:-1,&quot;chan&quot;:&quot;&quot;,&quot;chan_id&quot;:-1,&quot;id&quot;:&quot;zixi://bonded(bonded5)#10.7.0.66:2088@10.7.0.65,192.168.60.66:2088@192.168.50.65,192.168.5.166:2088@192.168.5.165&quot;,&quot;type&quot;:2,&quot;name&quot;:&quot;bond5&quot;,&quot;asi&quot;:0,&quot;rtmp&quot;:0,&quot;file&quot;:1,&quot;active&quot;:1,&quot;group&quot;:&quot;&quot;,&quot;bonded&quot;:[{&quot;host&quot;:&quot;10.7.0.66&quot;,&quot;port&quot;:2088,&quot;nic&quot;:&quot;10.7.0.65&quot;,&quot;limit&quot;:0,&quot;is_backup&quot;:0,&quot;bitrate&quot;:2901933,&quot;up_time&quot;:62,&quot;error_code&quot;:0,&quot;status_code&quot;:3,&quot;error_str&quot;:&quot;None&quot;,&quot;status_str&quot;:&quot;Connected&quot;},{&quot;host&quot;:&quot;192.168.60.66&quot;,&quot;port&quot;:2088,&quot;nic&quot;:&quot;192.168.50.65&quot;,&quot;limit&quot;:0,&quot;is_backup&quot;:0,&quot;bitrate&quot;:0,&quot;up_time&quot;:0,&quot;error_code&quot;:3,&quot;status_code&quot;:1,&quot;error_str&quot;:&quot;Timeout&quot;,&quot;status_str&quot;:&quot;Connecting&quot;},{&quot;host&quot;:&quot;192.168.5.166&quot;,&quot;port&quot;:2088,&quot;nic&quot;:&quot;192.168.5.165&quot;,&quot;limit&quot;:0,&quot;is_backup&quot;:0,&quot;bitrate&quot;:2788192,&quot;up_time&quot;:62,&quot;error_code&quot;:0,&quot;status_code&quot;:3,&quot;error_str&quot;:&quot;None&quot;,&quot;status_str&quot;:&quot;Connected&quot;}],&quot;error&quot;:&quot;None&quot;,&quot;con_stat&quot;:&quot;Disconnected&quot;,&quot;bitrate&quot;:5623440,&quot;dest&quot;:&quot;bonded/bonded5&quot;},{&quot;mip&quot;:&quot;4000.ts&quot;,&quot;port&quot;:0,&quot;ip&quot;:&quot;file&quot;,&quot;in_name&quot;:&quot;bond&quot;,&quot;in_active&quot;:1,&quot;in_active_sources&quot;:0,&quot;prg_name&quot;:&quot;&quot;,&quot;prg_prov&quot;:&quot;&quot;,&quot;prg_num&quot;:-1,&quot;chan&quot;:&quot;&quot;,&quot;chan_id&quot;:-1,&quot;id&quot;:&quot;zixi://bonded(bonded6)#10.7.0.66:2088@10.7.0.65,192.168.60.66:2088@192.168.50.65,192.168.5.166:2088@192.168.5.165&quot;,&quot;type&quot;:2,&quot;name&quot;:&quot;bond6&quot;,&quot;asi&quot;:0,&quot;rtmp&quot;:0,&quot;file&quot;:1,&quot;active&quot;:1,&quot;group&quot;:&quot;&quot;,&quot;bonded&quot;:[{&quot;host&quot;:&quot;10.7.0.66&quot;,&quot;port&quot;:2088,&quot;nic&quot;:&quot;10.7.0.65&quot;,&quot;limit&quot;:0,&quot;is_backup&quot;:0,&quot;bitrate&quot;:2861013,&quot;up_time&quot;:62,&quot;error_code&quot;:0,&quot;status_code&quot;:3,&quot;error_str&quot;:&quot;None&quot;,&quot;status_str&quot;:&quot;Connected&quot;},{&quot;host&quot;:&quot;192.168.60.66&quot;,&quot;port&quot;:2088,&quot;nic&quot;:&quot;192.168.50.65&quot;,&quot;limit&quot;:0,&quot;is_backup&quot;:0,&quot;bitrate&quot;:0,&quot;up_time&quot;:0,&quot;error_code&quot;:3,&quot;status_code&quot;:1,&quot;error_str&quot;:&quot;Timeout&quot;,&quot;status_str&quot;:&quot;Connecting&quot;},{&quot;host&quot;:&quot;192.168.5.166&quot;,&quot;port&quot;:2088,&quot;nic&quot;:&quot;192.168.5.165&quot;,&quot;limit&quot;:0,&quot;is_backup&quot;:0,&quot;bitrate&quot;:2812273,&quot;up_time&quot;:62,&quot;error_code&quot;:0,&quot;status_code&quot;:3,&quot;error_str&quot;:&quot;None&quot;,&quot;status_str&quot;:&quot;Connected&quot;}],&quot;error&quot;:&quot;None&quot;,&quot;con_stat&quot;:&quot;Disconnected&quot;,&quot;bitrate&quot;:5612683,&quot;dest&quot;:&quot;bonded/bonded6&quot;},{&quot;mip&quot;:&quot;4000.ts&quot;,&quot;port&quot;:0,&quot;ip&quot;:&quot;file&quot;,&quot;in_name&quot;:&quot;bond&quot;,&quot;in_active&quot;:1,&quot;in_active_sources&quot;:0,&quot;prg_name&quot;:&quot;&quot;,&quot;prg_prov&quot;:&quot;&quot;,&quot;prg_num&quot;:-1,&quot;chan&quot;:&quot;&quot;,&quot;chan_id&quot;:-1,&quot;id&quot;:&quot;zixi://bonded(bonded8)#10.7.0.66:2088@10.7.0.65,192.168.60.66:2088@192.168.50.65,192.168.5.166:2088@192.168.5.165&quot;,&quot;type&quot;:2,&quot;name&quot;:&quot;bond8&quot;,&quot;asi&quot;:0,&quot;rtmp&quot;:0,&quot;file&quot;:1,&quot;active&quot;:1,&quot;group&quot;:&quot;&quot;,&quot;bonded&quot;:[{&quot;host&quot;:&quot;10.7.0.66&quot;,&quot;port&quot;:2088,&quot;nic&quot;:&quot;10.7.0.65&quot;,&quot;limit&quot;:0,&quot;is_backup&quot;:0,&quot;bitrate&quot;:2823116,&quot;up_time&quot;:62,&quot;error_code&quot;:0,&quot;status_code&quot;:3,&quot;error_str&quot;:&quot;None&quot;,&quot;status_str&quot;:&quot;Connected&quot;},{&quot;host&quot;:&quot;192.168.60.66&quot;,&quot;port&quot;:2088,&quot;nic&quot;:&quot;192.168.50.65&quot;,&quot;limit&quot;:0,&quot;is_backup&quot;:0,&quot;bitrate&quot;:0,&quot;up_time&quot;:0,&quot;error_code&quot;:3,&quot;status_code&quot;:1,&quot;error_str&quot;:&quot;Timeout&quot;,&quot;status_str&quot;:&quot;Connecting&quot;},{&quot;host&quot;:&quot;192.168.5.166&quot;,&quot;port&quot;:2088,&quot;nic&quot;:&quot;192.168.5.165&quot;,&quot;limit&quot;:0,&quot;is_backup&quot;:0,&quot;bitrate&quot;:2838254,&quot;up_time&quot;:62,&quot;error_code&quot;:0,&quot;status_code&quot;:3,&quot;error_str&quot;:&quot;None&quot;,&quot;status_str&quot;:&quot;Connected&quot;}],&quot;error&quot;:&quot;None&quot;,&quot;con_stat&quot;:&quot;Disconnected&quot;,&quot;bitrate&quot;:5611548,&quot;dest&quot;:&quot;bonded/bonded8&quot;},{&quot;mip&quot;:&quot;4000.ts&quot;,&quot;port&quot;:0,&quot;ip&quot;:&quot;file&quot;,&quot;in_name&quot;:&quot;bond&quot;,&quot;in_active&quot;:1,&quot;in_active_sources&quot;:0,&quot;prg_name&quot;:&quot;&quot;,&quot;prg_prov&quot;:&quot;&quot;,&quot;prg_num&quot;:-1,&quot;chan&quot;:&quot;&quot;,&quot;chan_id&quot;:-1,&quot;id&quot;:&quot;zixi://bonded(bonded7)#10.7.0.66:2088@10.7.0.65,192.168.60.66:2088@192.168.50.65,192.168.5.166:2088@192.168.5.165&quot;,&quot;type&quot;:2,&quot;name&quot;:&quot;bond7&quot;,&quot;asi&quot;:0,&quot;rtmp&quot;:0,&quot;file&quot;:1,&quot;active&quot;:1,&quot;group&quot;:&quot;&quot;,&quot;bonded&quot;:[{&quot;host&quot;:&quot;10.7.0.66&quot;,&quot;port&quot;:2088,&quot;nic&quot;:&quot;10.7.0.65&quot;,&quot;limit&quot;:0,&quot;is_backup&quot;:0,&quot;bitrate&quot;:2779582,&quot;up_time&quot;:62,&quot;error_code&quot;:0,&quot;status_code&quot;:3,&quot;error_str&quot;:&quot;None&quot;,&quot;status_str&quot;:&quot;Connected&quot;},{&quot;host&quot;:&quot;192.168.60.66&quot;,&quot;port&quot;:2088,&quot;nic&quot;:&quot;192.168.50.65&quot;,&quot;limit&quot;:0,&quot;is_backup&quot;:0,&quot;bitrate&quot;:0,&quot;up_time&quot;:0,&quot;error_code&quot;:3,&quot;status_code&quot;:1,&quot;error_str&quot;:&quot;Timeout&quot;,&quot;status_str&quot;:&quot;Connecting&quot;},{&quot;host&quot;:&quot;192.168.5.166&quot;,&quot;port&quot;:2088,&quot;nic&quot;:&quot;192.168.5.165&quot;,&quot;limit&quot;:0,&quot;is_backup&quot;:0,&quot;bitrate&quot;:2881369,&quot;up_time&quot;:62,&quot;error_code&quot;:0,&quot;status_code&quot;:3,&quot;error_str&quot;:&quot;None&quot;,&quot;status_str&quot;:&quot;Connected&quot;}],&quot;error&quot;:&quot;None&quot;,&quot;con_stat&quot;:&quot;Disconnected&quot;,&quot;bitrate&quot;:5595592,&quot;dest&quot;:&quot;bonded/bonded7&quot;},{&quot;mip&quot;:&quot;4000.ts&quot;,&quot;port&quot;:0,&quot;ip&quot;:&quot;file&quot;,&quot;in_name&quot;:&quot;bond&quot;,&quot;in_active&quot;:1,&quot;in_active_sources&quot;:0,&quot;prg_name&quot;:&quot;&quot;,&quot;prg_prov&quot;:&quot;&quot;,&quot;prg_num&quot;:-1,&quot;chan&quot;:&quot;&quot;,&quot;chan_id&quot;:-1,&quot;id&quot;:&quot;zixi://bonded(bonded14)#10.7.0.66:2088@10.7.0.65,192.168.60.66:2088@192.168.50.65,192.168.5.166:2088@192.168.5.165&quot;,&quot;type&quot;:2,&quot;name&quot;:&quot;bond14&quot;,&quot;asi&quot;:0,&quot;rtmp&quot;:0,&quot;file&quot;:1,&quot;active&quot;:1,&quot;group&quot;:&quot;&quot;,&quot;bonded&quot;:[{&quot;host&quot;:&quot;10.7.0.66&quot;,&quot;port&quot;:2088,&quot;nic&quot;:&quot;10.7.0.65&quot;,&quot;limit&quot;:0,&quot;is_backup&quot;:0,&quot;bitrate&quot;:2889705,&quot;up_time&quot;:62,&quot;error_code&quot;:0,&quot;status_code&quot;:3,&quot;error_str&quot;:&quot;None&quot;,&quot;status_str&quot;:&quot;Connected&quot;},{&quot;host&quot;:&quot;192.168.60.66&quot;,&quot;port&quot;:2088,&quot;nic&quot;:&quot;192.168.50.65&quot;,&quot;limit&quot;:0,&quot;is_backup&quot;:0,&quot;bitrate&quot;:0,&quot;up_time&quot;:0,&quot;error_code&quot;:3,&quot;status_code&quot;:1,&quot;error_str&quot;:&quot;Timeout&quot;,&quot;status_str&quot;:&quot;Connecting&quot;},{&quot;host&quot;:&quot;192.168.5.166&quot;,&quot;port&quot;:2088,&quot;nic&quot;:&quot;192.168.5.165&quot;,&quot;limit&quot;:0,&quot;is_backup&quot;:0,&quot;bitrate&quot;:2779265,&quot;up_time&quot;:62,&quot;error_code&quot;:0,&quot;status_code&quot;:3,&quot;error_str&quot;:&quot;None&quot;,&quot;status_str&quot;:&quot;Connected&quot;}],&quot;error&quot;:&quot;None&quot;,&quot;con_stat&quot;:&quot;Disconnected&quot;,&quot;bitrate&quot;:5621946,&quot;dest&quot;:&quot;bonded/bonded14&quot;},{&quot;mip&quot;:&quot;4000.ts&quot;,&quot;port&quot;:0,&quot;ip&quot;:&quot;file&quot;,&quot;in_name&quot;:&quot;bond&quot;,&quot;in_active&quot;:1,&quot;in_active_sources&quot;:0,&quot;prg_name&quot;:&quot;&quot;,&quot;prg_prov&quot;:&quot;&quot;,&quot;prg_num&quot;:-1,&quot;chan&quot;:&quot;&quot;,&quot;chan_id&quot;:-1,&quot;id&quot;:&quot;zixi://bonded(bonded15)#10.7.0.66:2088@10.7.0.65,192.168.60.66:2088@192.168.50.65,192.168.5.166:2088@192.168.5.165&quot;,&quot;type&quot;:2,&quot;name&quot;:&quot;bond15&quot;,&quot;asi&quot;:0,&quot;rtmp&quot;:0,&quot;file&quot;:1,&quot;active&quot;:1,&quot;group&quot;:&quot;&quot;,&quot;bonded&quot;:[{&quot;host&quot;:&quot;10.7.0.66&quot;,&quot;port&quot;:2088,&quot;nic&quot;:&quot;10.7.0.65&quot;,&quot;limit&quot;:0,&quot;is_backup&quot;:0,&quot;bitrate&quot;:2849547,&quot;up_time&quot;:62,&quot;error_code&quot;:0,&quot;status_code&quot;:3,&quot;error_str&quot;:&quot;None&quot;,&quot;status_str&quot;:&quot;Connected&quot;},{&quot;host&quot;:&quot;192.168.60.66&quot;,&quot;port&quot;:2088,&quot;nic&quot;:&quot;192.168.50.65&quot;,&quot;limit&quot;:0,&quot;is_backup&quot;:0,&quot;bitrate&quot;:0,&quot;up_time&quot;:0,&quot;error_code&quot;:3,&quot;status_code&quot;:1,&quot;error_str&quot;:&quot;Timeout&quot;,&quot;status_str&quot;:&quot;Connecting&quot;},{&quot;host&quot;:&quot;192.168.5.166&quot;,&quot;port&quot;:2088,&quot;nic&quot;:&quot;192.168.5.165&quot;,&quot;limit&quot;:0,&quot;is_backup&quot;:0,&quot;bitrate&quot;:2819751,&quot;up_time&quot;:62,&quot;error_code&quot;:0,&quot;status_code&quot;:3,&quot;error_str&quot;:&quot;None&quot;,&quot;status_str&quot;:&quot;Connected&quot;}],&quot;error&quot;:&quot;None&quot;,&quot;con_stat&quot;:&quot;Disconnected&quot;,&quot;bitrate&quot;:5611476,&quot;dest&quot;:&quot;bonded/bonded15&quot;},{&quot;mip&quot;:&quot;4000.ts&quot;,&quot;port&quot;:0,&quot;ip&quot;:&quot;file&quot;,&quot;in_name&quot;:&quot;bond&quot;,&quot;in_active&quot;:1,&quot;in_active_sources&quot;:0,&quot;prg_name&quot;:&quot;&quot;,&quot;prg_prov&quot;:&quot;&quot;,&quot;prg_num&quot;:-1,&quot;chan&quot;:&quot;&quot;,&quot;chan_id&quot;:-1,&quot;id&quot;:&quot;zixi://bonded(bonded10)#10.7.0.66:2088@10.7.0.65,192.168.60.66:2088@192.168.50.65,192.168.5.166:2088@192.168.5.165&quot;,&quot;type&quot;:2,&quot;name&quot;:&quot;bond10&quot;,&quot;asi&quot;:0,&quot;rtmp&quot;:0,&quot;file&quot;:1,&quot;active&quot;:1,&quot;group&quot;:&quot;&quot;,&quot;bonded&quot;:[{&quot;host&quot;:&quot;10.7.0.66&quot;,&quot;port&quot;:2088,&quot;nic&quot;:&quot;10.7.0.65&quot;,&quot;limit&quot;:0,&quot;is_backup&quot;:0,&quot;bitrate&quot;:2844362,&quot;up_time&quot;:62,&quot;error_code&quot;:0,&quot;status_code&quot;:3,&quot;error_str&quot;:&quot;None&quot;,&quot;status_str&quot;:&quot;Connected&quot;},{&quot;host&quot;:&quot;192.168.60.66&quot;,&quot;port&quot;:2088,&quot;nic&quot;:&quot;192.168.50.65&quot;,&quot;limit&quot;:0,&quot;is_backup&quot;:0,&quot;bitrate&quot;:0,&quot;up_time&quot;:0,&quot;error_code&quot;:3,&quot;status_code&quot;:1,&quot;error_str&quot;:&quot;Timeout&quot;,&quot;status_str&quot;:&quot;Connecting&quot;},{&quot;host&quot;:&quot;192.168.5.166&quot;,&quot;port&quot;:2088,&quot;nic&quot;:&quot;192.168.5.165&quot;,&quot;limit&quot;:0,&quot;is_backup&quot;:0,&quot;bitrate&quot;:2823903,&quot;up_time&quot;:62,&quot;error_code&quot;:0,&quot;status_code&quot;:3,&quot;error_str&quot;:&quot;None&quot;,&quot;status_str&quot;:&quot;Connected&quot;}],&quot;error&quot;:&quot;None&quot;,&quot;con_stat&quot;:&quot;Disconnected&quot;,&quot;bitrate&quot;:5596352,&quot;dest&quot;:&quot;bonded/bonded10&quot;},{&quot;mip&quot;:&quot;4000.ts&quot;,&quot;port&quot;:0,&quot;ip&quot;:&quot;file&quot;,&quot;in_name&quot;:&quot;bond&quot;,&quot;in_active&quot;:1,&quot;in_active_sources&quot;:0,&quot;prg_name&quot;:&quot;&quot;,&quot;prg_prov&quot;:&quot;&quot;,&quot;prg_num&quot;:-1,&quot;chan&quot;:&quot;&quot;,&quot;chan_id&quot;:-1,&quot;id&quot;:&quot;zixi://bonded(bonded11)#10.7.0.66:2088@10.7.0.65,192.168.60.66:2088@192.168.50.65,192.168.5.166:2088@192.168.5.165&quot;,&quot;type&quot;:2,&quot;name&quot;:&quot;bond11&quot;,&quot;asi&quot;:0,&quot;rtmp&quot;:0,&quot;file&quot;:1,&quot;active&quot;:1,&quot;group&quot;:&quot;&quot;,&quot;bonded&quot;:[{&quot;host&quot;:&quot;10.7.0.66&quot;,&quot;port&quot;:2088,&quot;nic&quot;:&quot;10.7.0.65&quot;,&quot;limit&quot;:0,&quot;is_backup&quot;:0,&quot;bitrate&quot;:2835313,&quot;up_time&quot;:62,&quot;error_code&quot;:0,&quot;status_code&quot;:3,&quot;error_str&quot;:&quot;None&quot;,&quot;status_str&quot;:&quot;Connected&quot;},{&quot;host&quot;:&quot;192.168.60.66&quot;,&quot;port&quot;:2088,&quot;nic&quot;:&quot;192.168.50.65&quot;,&quot;limit&quot;:0,&quot;is_backup&quot;:0,&quot;bitrate&quot;:0,&quot;up_time&quot;:0,&quot;error_code&quot;:3,&quot;status_code&quot;:1,&quot;error_str&quot;:&quot;Timeout&quot;,&quot;status_str&quot;:&quot;Connecting&quot;},{&quot;host&quot;:&quot;192.168.5.166&quot;,&quot;port&quot;:2088,&quot;nic&quot;:&quot;192.168.5.165&quot;,&quot;limit&quot;:0,&quot;is_backup&quot;:0,&quot;bitrate&quot;:2837955,&quot;up_time&quot;:62,&quot;error_code&quot;:0,&quot;status_code&quot;:3,&quot;error_str&quot;:&quot;None&quot;,&quot;status_str&quot;:&quot;Connected&quot;}],&quot;error&quot;:&quot;None&quot;,&quot;con_stat&quot;:&quot;Disconnected&quot;,&quot;bitrate&quot;:5618336,&quot;dest&quot;:&quot;bonded/bonded11&quot;},{&quot;mip&quot;:&quot;4000.ts&quot;,&quot;port&quot;:0,&quot;ip&quot;:&quot;file&quot;,&quot;in_name&quot;:&quot;bond&quot;,&quot;in_active&quot;:1,&quot;in_active_sources&quot;:0,&quot;prg_name&quot;:&quot;&quot;,&quot;prg_prov&quot;:&quot;&quot;,&quot;prg_num&quot;:-1,&quot;chan&quot;:&quot;&quot;,&quot;chan_id&quot;:-1,&quot;id&quot;:&quot;zixi://bonded(bonded18)#10.7.0.66:2088@10.7.0.65,192.168.60.66:2088@192.168.50.65,192.168.5.166:2088@192.168.5.165&quot;,&quot;type&quot;:2,&quot;name&quot;:&quot;bond18&quot;,&quot;asi&quot;:0,&quot;rtmp&quot;:0,&quot;file&quot;:1,&quot;active&quot;:1,&quot;group&quot;:&quot;&quot;,&quot;bonded&quot;:[{&quot;host&quot;:&quot;10.7.0.66&quot;,&quot;port&quot;:2088,&quot;nic&quot;:&quot;10.7.0.65&quot;,&quot;limit&quot;:0,&quot;is_backup&quot;:0,&quot;bitrate&quot;:2764628,&quot;up_time&quot;:62,&quot;error_code&quot;:0,&quot;status_code&quot;:3,&quot;error_str&quot;:&quot;None&quot;,&quot;status_str&quot;:&quot;Connected&quot;},{&quot;host&quot;:&quot;192.168.60.66&quot;,&quot;port&quot;:2088,&quot;nic&quot;:&quot;192.168.50.65&quot;,&quot;limit&quot;:0,&quot;is_backup&quot;:0,&quot;bitrate&quot;:0,&quot;up_time&quot;:0,&quot;error_code&quot;:3,&quot;status_code&quot;:1,&quot;error_str&quot;:&quot;Timeout&quot;,&quot;status_str&quot;:&quot;Connecting&quot;},{&quot;host&quot;:&quot;192.168.5.166&quot;,&quot;port&quot;:2088,&quot;nic&quot;:&quot;192.168.5.165&quot;,&quot;limit&quot;:0,&quot;is_backup&quot;:0,&quot;bitrate&quot;:2898112,&quot;up_time&quot;:62,&quot;error_code&quot;:0,&quot;status_code&quot;:3,&quot;error_str&quot;:&quot;None&quot;,&quot;status_str&quot;:&quot;Connected&quot;}],&quot;error&quot;:&quot;None&quot;,&quot;con_stat&quot;:&quot;Disconnected&quot;,&quot;bitrate&quot;:5612691,&quot;dest&quot;:&quot;bonded/bonded18&quot;},{&quot;mip&quot;:&quot;4000.ts&quot;,&quot;port&quot;:0,&quot;ip&quot;:&quot;file&quot;,&quot;in_name&quot;:&quot;bond&quot;,&quot;in_active&quot;:1,&quot;in_active_sources&quot;:0,&quot;prg_name&quot;:&quot;&quot;,&quot;prg_prov&quot;:&quot;&quot;,&quot;prg_num&quot;:-1,&quot;chan&quot;:&quot;&quot;,&quot;chan_id&quot;:-1,&quot;id&quot;:&quot;zixi://bonded(bonded12)#10.7.0.66:2088@10.7.0.65,192.168.60.66:2088@192.168.50.65,192.168.5.166:2088@192.168.5.165&quot;,&quot;type&quot;:2,&quot;name&quot;:&quot;bond12&quot;,&quot;asi&quot;:0,&quot;rtmp&quot;:0,&quot;file&quot;:1,&quot;active&quot;:1,&quot;group&quot;:&quot;&quot;,&quot;bonded&quot;:[{&quot;host&quot;:&quot;10.7.0.66&quot;,&quot;port&quot;:2088,&quot;nic&quot;:&quot;10.7.0.65&quot;,&quot;limit&quot;:0,&quot;is_backup&quot;:0,&quot;bitrate&quot;:2846629,&quot;up_time&quot;:62,&quot;error_code&quot;:0,&quot;status_code&quot;:3,&quot;error_str&quot;:&quot;None&quot;,&quot;status_str&quot;:&quot;Connected&quot;},{&quot;host&quot;:&quot;192.168.60.66&quot;,&quot;port&quot;:2088,&quot;nic&quot;:&quot;192.168.50.65&quot;,&quot;limit&quot;:0,&quot;is_backup&quot;:0,&quot;bitrate&quot;:0,&quot;up_time&quot;:0,&quot;error_code&quot;:3,&quot;status_code&quot;:1,&quot;error_str&quot;:&quot;Timeout&quot;,&quot;status_str&quot;:&quot;Connecting&quot;},{&quot;host&quot;:&quot;192.168.5.166&quot;,&quot;port&quot;:2088,&quot;nic&quot;:&quot;192.168.5.165&quot;,&quot;limit&quot;:0,&quot;is_backup&quot;:0,&quot;bitrate&quot;:2830048,&quot;up_time&quot;:62,&quot;error_code&quot;:0,&quot;status_code&quot;:3,&quot;error_str&quot;:&quot;None&quot;,&quot;status_str&quot;:&quot;Connected&quot;}],&quot;error&quot;:&quot;None&quot;,&quot;con_stat&quot;:&quot;Disconnected&quot;,&quot;bitrate&quot;:5608208,&quot;dest&quot;:&quot;bonded/bonded12&quot;}]}
Debug printing ------&gt;&gt;&gt; {&quot;custom_data&quot;:&quot;&quot;,&quot;msg&quot;:&quot;Output deleted.&quot;,&quot;error&quot;:&quot;&quot;,&quot;outs&quot;:[{&quot;mip&quot;:&quot;live_recording.ts&quot;,&quot;port&quot;:0,&quot;ip&quot;:&quot;file&quot;,&quot;in_name&quot;:&quot;feederoutputname&quot;,&quot;in_active&quot;:1,&quot;in_active_sources&quot;:0,&quot;prg_name&quot;:&quot;&quot;,&quot;prg_prov&quot;:&quot;&quot;,&quot;prg_num&quot;:1,&quot;chan&quot;:&quot;&quot;,&quot;chan_id&quot;:-1,&quot;id&quot;:&quot;zixi://10.7.0.66:2088/feederout&quot;,&quot;type&quot;:2,&quot;name&quot;:&quot;feederoutputname&quot;,&quot;asi&quot;:0,&quot;rtmp&quot;:0,&quot;file&quot;:1,&quot;active&quot;:1,&quot;group&quot;:&quot;&quot;,&quot;error&quot;:&quot;Authentication&quot;,&quot;con_stat&quot;:&quot;Disconnected&quot;,&quot;bitrate&quot;:0,&quot;dest&quot;:&quot;10.7.0.66:2088/feederout&quot;},{&quot;mip&quot;:&quot;4000.ts&quot;,&quot;port&quot;:0,&quot;ip&quot;:&quot;file&quot;,&quot;in_name&quot;:&quot;bond&quot;,&quot;in_active&quot;:1,&quot;in_active_sources&quot;:0,&quot;prg_name&quot;:&quot;&quot;,&quot;prg_prov&quot;:&quot;&quot;,&quot;prg_num&quot;:-1,&quot;chan&quot;:&quot;&quot;,&quot;chan_id&quot;:-1,&quot;id&quot;:&quot;zixi://bonded(bonded0)#10.7.0.66:2088@10.7.0.65,192.168.60.66:2088@192.168.50.65,192.168.5.166:2088@192.168.5.165&quot;,&quot;type&quot;:2,&quot;name&quot;:&quot;bond0&quot;,&quot;asi&quot;:0,&quot;rtmp&quot;:0,&quot;file&quot;:1,&quot;active&quot;:1,&quot;group&quot;:&quot;&quot;,&quot;bonded&quot;:[{&quot;host&quot;:&quot;10.7.0.66&quot;,&quot;port&quot;:2088,&quot;nic&quot;:&quot;10.7.0.65&quot;,&quot;limit&quot;:0,&quot;is_backup&quot;:0,&quot;bitrate&quot;:2818749,&quot;up_time&quot;:62,&quot;error_code&quot;:0,&quot;status_code&quot;:3,&quot;error_str&quot;:&quot;None&quot;,&quot;status_str&quot;:&quot;Connected&quot;},{&quot;host&quot;:&quot;192.168.60.66&quot;,&quot;port&quot;:2088,&quot;nic&quot;:&quot;192.168.50.65&quot;,&quot;limit&quot;:0,&quot;is_backup&quot;:0,&quot;bitrate&quot;:0,&quot;up_time&quot;:0,&quot;error_code&quot;:3,&quot;status_code&quot;:1,&quot;error_str&quot;:&quot;Timeout&quot;,&quot;status_str&quot;:&quot;Connecting&quot;},{&quot;host&quot;:&quot;192.168.5.166&quot;,&quot;port&quot;:2088,&quot;nic&quot;:&quot;192.168.5.165&quot;,&quot;limit&quot;:0,&quot;is_backup&quot;:0,&quot;bitrate&quot;:2851191,&quot;up_time&quot;:62,&quot;error_code&quot;:0,&quot;status_code&quot;:3,&quot;error_str&quot;:&quot;None&quot;,&quot;status_str&quot;:&quot;Connected&quot;}],&quot;error&quot;:&quot;None&quot;,&quot;con_stat&quot;:&quot;Disconnected&quot;,&quot;bitrate&quot;:5603660,&quot;dest&quot;:&quot;bonded/bonded0&quot;},{&quot;mip&quot;:&quot;4000.ts&quot;,&quot;port&quot;:0,&quot;ip&quot;:&quot;file&quot;,&quot;in_name&quot;:&quot;bond&quot;,&quot;in_active&quot;:1,&quot;in_active_sources&quot;:0,&quot;prg_name&quot;:&quot;&quot;,&quot;prg_prov&quot;:&quot;&quot;,&quot;prg_num&quot;:-1,&quot;chan&quot;:&quot;&quot;,&quot;chan_id&quot;:-1,&quot;id&quot;:&quot;zixi://bonded(bonded1)#10.7.0.66:2088@10.7.0.65,192.168.60.66:2088@192.168.50.65,192.168.5.166:2088@192.168.5.165&quot;,&quot;type&quot;:2,&quot;name&quot;:&quot;bond1&quot;,&quot;asi&quot;:0,&quot;rtmp&quot;:0,&quot;file&quot;:1,&quot;active&quot;:1,&quot;group&quot;:&quot;&quot;,&quot;bonded&quot;:[{&quot;host&quot;:&quot;10.7.0.66&quot;,&quot;port&quot;:2088,&quot;nic&quot;:&quot;10.7.0.65&quot;,&quot;limit&quot;:0,&quot;is_backup&quot;:0,&quot;bitrate&quot;:2797250,&quot;up_time&quot;:62,&quot;error_code&quot;:0,&quot;status_code&quot;:3,&quot;error_str&quot;:&quot;None&quot;,&quot;status_str&quot;:&quot;Connected&quot;},{&quot;host&quot;:&quot;192.168.60.66&quot;,&quot;port&quot;:2088,&quot;nic&quot;:&quot;192.168.50.65&quot;,&quot;limit&quot;:0,&quot;is_backup&quot;:0,&quot;bitrate&quot;:0,&quot;up_time&quot;:0,&quot;error_code&quot;:3,&quot;status_code&quot;:1,&quot;error_str&quot;:&quot;Timeout&quot;,&quot;status_str&quot;:&quot;Connecting&quot;},{&quot;host&quot;:&quot;192.168.5.166&quot;,&quot;port&quot;:2088,&quot;nic&quot;:&quot;192.168.5.165&quot;,&quot;limit&quot;:0,&quot;is_backup&quot;:0,&quot;bitrate&quot;:2872932,&quot;up_time&quot;:62,&quot;error_code&quot;:0,&quot;status_code&quot;:3,&quot;error_str&quot;:&quot;None&quot;,&quot;status_str&quot;:&quot;Connected&quot;}],&quot;error&quot;:&quot;None&quot;,&quot;con_stat&quot;:&quot;Disconnected&quot;,&quot;bitrate&quot;:5603836,&quot;dest&quot;:&quot;bonded/bonded1&quot;},{&quot;mip&quot;:&quot;4000.ts&quot;,&quot;port&quot;:0,&quot;ip&quot;:&quot;file&quot;,&quot;in_name&quot;:&quot;bond&quot;,&quot;in_active&quot;:1,&quot;in_active_sources&quot;:0,&quot;prg_name&quot;:&quot;&quot;,&quot;prg_prov&quot;:&quot;&quot;,&quot;prg_num&quot;:-1,&quot;chan&quot;:&quot;&quot;,&quot;chan_id&quot;:-1,&quot;id&quot;:&quot;zixi://bonded(bonded2)#10.7.0.66:2088@10.7.0.65,192.168.60.66:2088@192.168.50.65,192.168.5.166:2088@192.168.5.165&quot;,&quot;type&quot;:2,&quot;name&quot;:&quot;bond2&quot;,&quot;asi&quot;:0,&quot;rtmp&quot;:0,&quot;file&quot;:1,&quot;active&quot;:1,&quot;group&quot;:&quot;&quot;,&quot;bonded&quot;:[{&quot;host&quot;:&quot;10.7.0.66&quot;,&quot;port&quot;:2088,&quot;nic&quot;:&quot;10.7.0.65&quot;,&quot;limit&quot;:0,&quot;is_backup&quot;:0,&quot;bitrate&quot;:2823614,&quot;up_time&quot;:62,&quot;error_code&quot;:0,&quot;status_code&quot;:3,&quot;error_str&quot;:&quot;None&quot;,&quot;status_str&quot;:&quot;Connected&quot;},{&quot;host&quot;:&quot;192.168.60.66&quot;,&quot;port&quot;:2088,&quot;nic&quot;:&quot;192.168.50.65&quot;,&quot;limit&quot;:0,&quot;is_backup&quot;:0,&quot;bitrate&quot;:0,&quot;up_time&quot;:0,&quot;error_code&quot;:3,&quot;status_code&quot;:1,&quot;error_str&quot;:&quot;Timeout&quot;,&quot;status_str&quot;:&quot;Connecting&quot;},{&quot;host&quot;:&quot;192.168.5.166&quot;,&quot;port&quot;:2088,&quot;nic&quot;:&quot;192.168.5.165&quot;,&quot;limit&quot;:0,&quot;is_backup&quot;:0,&quot;bitrate&quot;:2844172,&quot;up_time&quot;:62,&quot;error_code&quot;:0,&quot;status_code&quot;:3,&quot;error_str&quot;:&quot;None&quot;,&quot;status_str&quot;:&quot;Connected&quot;}],&quot;error&quot;:&quot;None&quot;,&quot;con_stat&quot;:&quot;Disconnected&quot;,&quot;bitrate&quot;:5599424,&quot;dest&quot;:&quot;bonded/bonded2&quot;},{&quot;mip&quot;:&quot;4000.ts&quot;,&quot;port&quot;:0,&quot;ip&quot;:&quot;file&quot;,&quot;in_name&quot;:&quot;bond&quot;,&quot;in_active&quot;:1,&quot;in_active_sources&quot;:0,&quot;prg_name&quot;:&quot;&quot;,&quot;prg_prov&quot;:&quot;&quot;,&quot;prg_num&quot;:-1,&quot;chan&quot;:&quot;&quot;,&quot;chan_id&quot;:-1,&quot;id&quot;:&quot;zixi://bonded(bonded3)#10.7.0.66:2088@10.7.0.65,192.168.60.66:2088@192.168.50.65,192.168.5.166:2088@192.168.5.165&quot;,&quot;type&quot;:2,&quot;name&quot;:&quot;bond3&quot;,&quot;asi&quot;:0,&quot;rtmp&quot;:0,&quot;file&quot;:1,&quot;active&quot;:1,&quot;group&quot;:&quot;&quot;,&quot;bonded&quot;:[{&quot;host&quot;:&quot;10.7.0.66&quot;,&quot;port&quot;:2088,&quot;nic&quot;:&quot;10.7.0.65&quot;,&quot;limit&quot;:0,&quot;is_backup&quot;:0,&quot;bitrate&quot;:2870606,&quot;up_time&quot;:62,&quot;error_code&quot;:0,&quot;status_code&quot;:3,&quot;error_str&quot;:&quot;None&quot;,&quot;status_str&quot;:&quot;Connected&quot;},{&quot;host&quot;:&quot;192.168.60.66&quot;,&quot;port&quot;:2088,&quot;nic&quot;:&quot;192.168.50.65&quot;,&quot;limit&quot;:0,&quot;is_backup&quot;:0,&quot;bitrate&quot;:0,&quot;up_time&quot;:0,&quot;error_code&quot;:3,&quot;status_code&quot;:1,&quot;error_str&quot;:&quot;Timeout&quot;,&quot;status_str&quot;:&quot;Connecting&quot;},{&quot;host&quot;:&quot;192.168.5.166&quot;,&quot;port&quot;:2088,&quot;nic&quot;:&quot;192.168.5.165&quot;,&quot;limit&quot;:0,&quot;is_backup&quot;:0,&quot;bitrate&quot;:2815477,&quot;up_time&quot;:62,&quot;error_code&quot;:0,&quot;status_code&quot;:3,&quot;error_str&quot;:&quot;None&quot;,&quot;status_str&quot;:&quot;Connected&quot;}],&quot;error&quot;:&quot;None&quot;,&quot;con_stat&quot;:&quot;Disconnected&quot;,&quot;bitrate&quot;:5614785,&quot;dest&quot;:&quot;bonded/bonded3&quot;},{&quot;mip&quot;:&quot;4000.ts&quot;,&quot;port&quot;:0,&quot;ip&quot;:&quot;file&quot;,&quot;in_name&quot;:&quot;bond&quot;,&quot;in_active&quot;:1,&quot;in_active_sources&quot;:0,&quot;prg_name&quot;:&quot;&quot;,&quot;prg_prov&quot;:&quot;&quot;,&quot;prg_num&quot;:-1,&quot;chan&quot;:&quot;&quot;,&quot;chan_id&quot;:-1,&quot;id&quot;:&quot;zixi://bonded(bonded4)#10.7.0.66:2088@10.7.0.65,192.168.60.66:2088@192.168.50.65,192.168.5.166:2088@192.168.5.165&quot;,&quot;type&quot;:2,&quot;name&quot;:&quot;bond4&quot;,&quot;asi&quot;:0,&quot;rtmp&quot;:0,&quot;file&quot;:1,&quot;active&quot;:1,&quot;group&quot;:&quot;&quot;,&quot;bonded&quot;:[{&quot;host&quot;:&quot;10.7.0.66&quot;,&quot;port&quot;:2088,&quot;nic&quot;:&quot;10.7.0.65&quot;,&quot;limit&quot;:0,&quot;is_backup&quot;:0,&quot;bitrate&quot;:2793416,&quot;up_time&quot;:62,&quot;error_code&quot;:0,&quot;status_code&quot;:3,&quot;error_str&quot;:&quot;None&quot;,&quot;status_str&quot;:&quot;Connected&quot;},{&quot;host&quot;:&quot;192.168.60.66&quot;,&quot;port&quot;:2088,&quot;nic&quot;:&quot;192.168.50.65&quot;,&quot;limit&quot;:0,&quot;is_backup&quot;:0,&quot;bitrate&quot;:0,&quot;up_time&quot;:0,&quot;error_code&quot;:3,&quot;status_code&quot;:1,&quot;error_str&quot;:&quot;Timeout&quot;,&quot;status_str&quot;:&quot;Connecting&quot;},{&quot;host&quot;:&quot;192.168.5.166&quot;,&quot;port&quot;:2088,&quot;nic&quot;:&quot;192.168.5.165&quot;,&quot;limit&quot;:0,&quot;is_backup&quot;:0,&quot;bitrate&quot;:2883122,&quot;up_time&quot;:62,&quot;error_code&quot;:0,&quot;status_code&quot;:3,&quot;error_str&quot;:&quot;None&quot;,&quot;status_str&quot;:&quot;Connected&quot;}],&quot;error&quot;:&quot;None&quot;,&quot;con_stat&quot;:&quot;Disconnected&quot;,&quot;bitrate&quot;:5602181,&quot;dest&quot;:&quot;bonded/bonded4&quot;},{&quot;mip&quot;:&quot;4000.ts&quot;,&quot;port&quot;:0,&quot;ip&quot;:&quot;file&quot;,&quot;in_name&quot;:&quot;bond&quot;,&quot;in_active&quot;:1,&quot;in_active_sources&quot;:0,&quot;prg_name&quot;:&quot;&quot;,&quot;prg_prov&quot;:&quot;&quot;,&quot;prg_num&quot;:-1,&quot;chan&quot;:&quot;&quot;,&quot;chan_id&quot;:-1,&quot;id&quot;:&quot;zixi://bonded(bonded5)#10.7.0.66:2088@10.7.0.65,192.168.60.66:2088@192.168.50.65,192.168.5.166:2088@192.168.5.165&quot;,&quot;type&quot;:2,&quot;name&quot;:&quot;bond5&quot;,&quot;asi&quot;:0,&quot;rtmp&quot;:0,&quot;file&quot;:1,&quot;active&quot;:1,&quot;group&quot;:&quot;&quot;,&quot;bonded&quot;:[{&quot;host&quot;:&quot;10.7.0.66&quot;,&quot;port&quot;:2088,&quot;nic&quot;:&quot;10.7.0.65&quot;,&quot;limit&quot;:0,&quot;is_backup&quot;:0,&quot;bitrate&quot;:2901933,&quot;up_time&quot;:62,&quot;error_code&quot;:0,&quot;status_code&quot;:3,&quot;error_str&quot;:&quot;None&quot;,&quot;status_str&quot;:&quot;Connected&quot;},{&quot;host&quot;:&quot;192.168.60.66&quot;,&quot;port&quot;:2088,&quot;nic&quot;:&quot;192.168.50.65&quot;,&quot;limit&quot;:0,&quot;is_backup&quot;:0,&quot;bitrate&quot;:0,&quot;up_time&quot;:0,&quot;error_code&quot;:3,&quot;status_code&quot;:1,&quot;error_str&quot;:&quot;Timeout&quot;,&quot;status_str&quot;:&quot;Connecting&quot;},{&quot;host&quot;:&quot;192.168.5.166&quot;,&quot;port&quot;:2088,&quot;nic&quot;:&quot;192.168.5.165&quot;,&quot;limit&quot;:0,&quot;is_backup&quot;:0,&quot;bitrate&quot;:2788192,&quot;up_time&quot;:62,&quot;error_code&quot;:0,&quot;status_code&quot;:3,&quot;error_str&quot;:&quot;None&quot;,&quot;status_str&quot;:&quot;Connected&quot;}],&quot;error&quot;:&quot;None&quot;,&quot;con_stat&quot;:&quot;Disconnected&quot;,&quot;bitrate&quot;:5623440,&quot;dest&quot;:&quot;bonded/bonded5&quot;},{&quot;mip&quot;:&quot;4000.ts&quot;,&quot;port&quot;:0,&quot;ip&quot;:&quot;file&quot;,&quot;in_name&quot;:&quot;bond&quot;,&quot;in_active&quot;:1,&quot;in_active_sources&quot;:0,&quot;prg_name&quot;:&quot;&quot;,&quot;prg_prov&quot;:&quot;&quot;,&quot;prg_num&quot;:-1,&quot;chan&quot;:&quot;&quot;,&quot;chan_id&quot;:-1,&quot;id&quot;:&quot;zixi://bonded(bonded6)#10.7.0.66:2088@10.7.0.65,192.168.60.66:2088@192.168.50.65,192.168.5.166:2088@192.168.5.165&quot;,&quot;type&quot;:2,&quot;name&quot;:&quot;bond6&quot;,&quot;asi&quot;:0,&quot;rtmp&quot;:0,&quot;file&quot;:1,&quot;active&quot;:1,&quot;group&quot;:&quot;&quot;,&quot;bonded&quot;:[{&quot;host&quot;:&quot;10.7.0.66&quot;,&quot;port&quot;:2088,&quot;nic&quot;:&quot;10.7.0.65&quot;,&quot;limit&quot;:0,&quot;is_backup&quot;:0,&quot;bitrate&quot;:2861013,&quot;up_time&quot;:62,&quot;error_code&quot;:0,&quot;status_code&quot;:3,&quot;error_str&quot;:&quot;None&quot;,&quot;status_str&quot;:&quot;Connected&quot;},{&quot;host&quot;:&quot;192.168.60.66&quot;,&quot;port&quot;:2088,&quot;nic&quot;:&quot;192.168.50.65&quot;,&quot;limit&quot;:0,&quot;is_backup&quot;:0,&quot;bitrate&quot;:0,&quot;up_time&quot;:0,&quot;error_code&quot;:3,&quot;status_code&quot;:1,&quot;error_str&quot;:&quot;Timeout&quot;,&quot;status_str&quot;:&quot;Connecting&quot;},{&quot;host&quot;:&quot;192.168.5.166&quot;,&quot;port&quot;:2088,&quot;nic&quot;:&quot;192.168.5.165&quot;,&quot;limit&quot;:0,&quot;is_backup&quot;:0,&quot;bitrate&quot;:2812273,&quot;up_time&quot;:62,&quot;error_code&quot;:0,&quot;status_code&quot;:3,&quot;error_str&quot;:&quot;None&quot;,&quot;status_str&quot;:&quot;Connected&quot;}],&quot;error&quot;:&quot;None&quot;,&quot;con_stat&quot;:&quot;Disconnected&quot;,&quot;bitrate&quot;:5612683,&quot;dest&quot;:&quot;bonded/bonded6&quot;},{&quot;mip&quot;:&quot;4000.ts&quot;,&quot;port&quot;:0,&quot;ip&quot;:&quot;file&quot;,&quot;in_name&quot;:&quot;bond&quot;,&quot;in_active&quot;:1,&quot;in_active_sources&quot;:0,&quot;prg_name&quot;:&quot;&quot;,&quot;prg_prov&quot;:&quot;&quot;,&quot;prg_num&quot;:-1,&quot;chan&quot;:&quot;&quot;,&quot;chan_id&quot;:-1,&quot;id&quot;:&quot;zixi://bonded(bonded8)#10.7.0.66:2088@10.7.0.65,192.168.60.66:2088@192.168.50.65,192.168.5.166:2088@192.168.5.165&quot;,&quot;type&quot;:2,&quot;name&quot;:&quot;bond8&quot;,&quot;asi&quot;:0,&quot;rtmp&quot;:0,&quot;file&quot;:1,&quot;active&quot;:1,&quot;group&quot;:&quot;&quot;,&quot;bonded&quot;:[{&quot;host&quot;:&quot;10.7.0.66&quot;,&quot;port&quot;:2088,&quot;nic&quot;:&quot;10.7.0.65&quot;,&quot;limit&quot;:0,&quot;is_backup&quot;:0,&quot;bitrate&quot;:2823116,&quot;up_time&quot;:62,&quot;error_code&quot;:0,&quot;status_code&quot;:3,&quot;error_str&quot;:&quot;None&quot;,&quot;status_str&quot;:&quot;Connected&quot;},{&quot;host&quot;:&quot;192.168.60.66&quot;,&quot;port&quot;:2088,&quot;nic&quot;:&quot;192.168.50.65&quot;,&quot;limit&quot;:0,&quot;is_backup&quot;:0,&quot;bitrate&quot;:0,&quot;up_time&quot;:0,&quot;error_code&quot;:3,&quot;status_code&quot;:1,&quot;error_str&quot;:&quot;Timeout&quot;,&quot;status_str&quot;:&quot;Connecting&quot;},{&quot;host&quot;:&quot;192.168.5.166&quot;,&quot;port&quot;:2088,&quot;nic&quot;:&quot;192.168.5.165&quot;,&quot;limit&quot;:0,&quot;is_backup&quot;:0,&quot;bitrate&quot;:2838254,&quot;up_time&quot;:62,&quot;error_code&quot;:0,&quot;status_code&quot;:3,&quot;error_str&quot;:&quot;None&quot;,&quot;status_str&quot;:&quot;Connected&quot;}],&quot;error&quot;:&quot;None&quot;,&quot;con_stat&quot;:&quot;Disconnected&quot;,&quot;bitrate&quot;:5611548,&quot;dest&quot;:&quot;bonded/bonded8&quot;},{&quot;mip&quot;:&quot;4000.ts&quot;,&quot;port&quot;:0,&quot;ip&quot;:&quot;file&quot;,&quot;in_name&quot;:&quot;bond&quot;,&quot;in_active&quot;:1,&quot;in_active_sources&quot;:0,&quot;prg_name&quot;:&quot;&quot;,&quot;prg_prov&quot;:&quot;&quot;,&quot;prg_num&quot;:-1,&quot;chan&quot;:&quot;&quot;,&quot;chan_id&quot;:-1,&quot;id&quot;:&quot;zixi://bonded(bonded7)#10.7.0.66:2088@10.7.0.65,192.168.60.66:2088@192.168.50.65,192.168.5.166:2088@192.168.5.165&quot;,&quot;type&quot;:2,&quot;name&quot;:&quot;bond7&quot;,&quot;asi&quot;:0,&quot;rtmp&quot;:0,&quot;file&quot;:1,&quot;active&quot;:1,&quot;group&quot;:&quot;&quot;,&quot;bonded&quot;:[{&quot;host&quot;:&quot;10.7.0.66&quot;,&quot;port&quot;:2088,&quot;nic&quot;:&quot;10.7.0.65&quot;,&quot;limit&quot;:0,&quot;is_backup&quot;:0,&quot;bitrate&quot;:2779582,&quot;up_time&quot;:62,&quot;error_code&quot;:0,&quot;status_code&quot;:3,&quot;error_str&quot;:&quot;None&quot;,&quot;status_str&quot;:&quot;Connected&quot;},{&quot;host&quot;:&quot;192.168.60.66&quot;,&quot;port&quot;:2088,&quot;nic&quot;:&quot;192.168.50.65&quot;,&quot;limit&quot;:0,&quot;is_backup&quot;:0,&quot;bitrate&quot;:0,&quot;up_time&quot;:0,&quot;error_code&quot;:3,&quot;status_code&quot;:1,&quot;error_str&quot;:&quot;Timeout&quot;,&quot;status_str&quot;:&quot;Connecting&quot;},{&quot;host&quot;:&quot;192.168.5.166&quot;,&quot;port&quot;:2088,&quot;nic&quot;:&quot;192.168.5.165&quot;,&quot;limit&quot;:0,&quot;is_backup&quot;:0,&quot;bitrate&quot;:2881369,&quot;up_time&quot;:62,&quot;error_code&quot;:0,&quot;status_code&quot;:3,&quot;error_str&quot;:&quot;None&quot;,&quot;status_str&quot;:&quot;Connected&quot;}],&quot;error&quot;:&quot;None&quot;,&quot;con_stat&quot;:&quot;Disconnected&quot;,&quot;bitrate&quot;:5595592,&quot;dest&quot;:&quot;bonded/bonded7&quot;},{&quot;mip&quot;:&quot;4000.ts&quot;,&quot;port&quot;:0,&quot;ip&quot;:&quot;file&quot;,&quot;in_name&quot;:&quot;bond&quot;,&quot;in_active&quot;:1,&quot;in_active_sources&quot;:0,&quot;prg_name&quot;:&quot;&quot;,&quot;prg_prov&quot;:&quot;&quot;,&quot;prg_num&quot;:-1,&quot;chan&quot;:&quot;&quot;,&quot;chan_id&quot;:-1,&quot;id&quot;:&quot;zixi://bonded(bonded14)#10.7.0.66:2088@10.7.0.65,192.168.60.66:2088@192.168.50.65,192.168.5.166:2088@192.168.5.165&quot;,&quot;type&quot;:2,&quot;name&quot;:&quot;bond14&quot;,&quot;asi&quot;:0,&quot;rtmp&quot;:0,&quot;file&quot;:1,&quot;active&quot;:1,&quot;group&quot;:&quot;&quot;,&quot;bonded&quot;:[{&quot;host&quot;:&quot;10.7.0.66&quot;,&quot;port&quot;:2088,&quot;nic&quot;:&quot;10.7.0.65&quot;,&quot;limit&quot;:0,&quot;is_backup&quot;:0,&quot;bitrate&quot;:2889705,&quot;up_time&quot;:62,&quot;error_code&quot;:0,&quot;status_code&quot;:3,&quot;error_str&quot;:&quot;None&quot;,&quot;status_str&quot;:&quot;Connected&quot;},{&quot;host&quot;:&quot;192.168.60.66&quot;,&quot;port&quot;:2088,&quot;nic&quot;:&quot;192.168.50.65&quot;,&quot;limit&quot;:0,&quot;is_backup&quot;:0,&quot;bitrate&quot;:0,&quot;up_time&quot;:0,&quot;error_code&quot;:3,&quot;status_code&quot;:1,&quot;error_str&quot;:&quot;Timeout&quot;,&quot;status_str&quot;:&quot;Connecting&quot;},{&quot;host&quot;:&quot;192.168.5.166&quot;,&quot;port&quot;:2088,&quot;nic&quot;:&quot;192.168.5.165&quot;,&quot;limit&quot;:0,&quot;is_backup&quot;:0,&quot;bitrate&quot;:2779265,&quot;up_time&quot;:62,&quot;error_code&quot;:0,&quot;status_code&quot;:3,&quot;error_str&quot;:&quot;None&quot;,&quot;status_str&quot;:&quot;Connected&quot;}],&quot;error&quot;:&quot;None&quot;,&quot;con_stat&quot;:&quot;Disconnected&quot;,&quot;bitrate&quot;:5621946,&quot;dest&quot;:&quot;bonded/bonded14&quot;},{&quot;mip&quot;:&quot;4000.ts&quot;,&quot;port&quot;:0,&quot;ip&quot;:&quot;file&quot;,&quot;in_name&quot;:&quot;bond&quot;,&quot;in_active&quot;:1,&quot;in_active_sources&quot;:0,&quot;prg_name&quot;:&quot;&quot;,&quot;prg_prov&quot;:&quot;&quot;,&quot;prg_num&quot;:-1,&quot;chan&quot;:&quot;&quot;,&quot;chan_id&quot;:-1,&quot;id&quot;:&quot;zixi://bonded(bonded15)#10.7.0.66:2088@10.7.0.65,192.168.60.66:2088@192.168.50.65,192.168.5.166:2088@192.168.5.165&quot;,&quot;type&quot;:2,&quot;name&quot;:&quot;bond15&quot;,&quot;asi&quot;:0,&quot;rtmp&quot;:0,&quot;file&quot;:1,&quot;active&quot;:1,&quot;group&quot;:&quot;&quot;,&quot;bonded&quot;:[{&quot;host&quot;:&quot;10.7.0.66&quot;,&quot;port&quot;:2088,&quot;nic&quot;:&quot;10.7.0.65&quot;,&quot;limit&quot;:0,&quot;is_backup&quot;:0,&quot;bitrate&quot;:2849547,&quot;up_time&quot;:62,&quot;error_code&quot;:0,&quot;status_code&quot;:3,&quot;error_str&quot;:&quot;None&quot;,&quot;status_str&quot;:&quot;Connected&quot;},{&quot;host&quot;:&quot;192.168.60.66&quot;,&quot;port&quot;:2088,&quot;nic&quot;:&quot;192.168.50.65&quot;,&quot;limit&quot;:0,&quot;is_backup&quot;:0,&quot;bitrate&quot;:0,&quot;up_time&quot;:0,&quot;error_code&quot;:3,&quot;status_code&quot;:1,&quot;error_str&quot;:&quot;Timeout&quot;,&quot;status_str&quot;:&quot;Connecting&quot;},{&quot;host&quot;:&quot;192.168.5.166&quot;,&quot;port&quot;:2088,&quot;nic&quot;:&quot;192.168.5.165&quot;,&quot;limit&quot;:0,&quot;is_backup&quot;:0,&quot;bitrate&quot;:2819751,&quot;up_time&quot;:62,&quot;error_code&quot;:0,&quot;status_code&quot;:3,&quot;error_str&quot;:&quot;None&quot;,&quot;status_str&quot;:&quot;Connected&quot;}],&quot;error&quot;:&quot;None&quot;,&quot;con_stat&quot;:&quot;Disconnected&quot;,&quot;bitrate&quot;:5611476,&quot;dest&quot;:&quot;bonded/bonded15&quot;},{&quot;mip&quot;:&quot;4000.ts&quot;,&quot;port&quot;:0,&quot;ip&quot;:&quot;file&quot;,&quot;in_name&quot;:&quot;bond&quot;,&quot;in_active&quot;:1,&quot;in_active_sources&quot;:0,&quot;prg_name&quot;:&quot;&quot;,&quot;prg_prov&quot;:&quot;&quot;,&quot;prg_num&quot;:-1,&quot;chan&quot;:&quot;&quot;,&quot;chan_id&quot;:-1,&quot;id&quot;:&quot;zixi://bonded(bonded10)#10.7.0.66:2088@10.7.0.65,192.168.60.66:2088@192.168.50.65,192.168.5.166:2088@192.168.5.165&quot;,&quot;type&quot;:2,&quot;name&quot;:&quot;bond10&quot;,&quot;asi&quot;:0,&quot;rtmp&quot;:0,&quot;file&quot;:1,&quot;active&quot;:1,&quot;group&quot;:&quot;&quot;,&quot;bonded&quot;:[{&quot;host&quot;:&quot;10.7.0.66&quot;,&quot;port&quot;:2088,&quot;nic&quot;:&quot;10.7.0.65&quot;,&quot;limit&quot;:0,&quot;is_backup&quot;:0,&quot;bitrate&quot;:2844362,&quot;up_time&quot;:62,&quot;error_code&quot;:0,&quot;status_code&quot;:3,&quot;error_str&quot;:&quot;None&quot;,&quot;status_str&quot;:&quot;Connected&quot;},{&quot;host&quot;:&quot;192.168.60.66&quot;,&quot;port&quot;:2088,&quot;nic&quot;:&quot;192.168.50.65&quot;,&quot;limit&quot;:0,&quot;is_backup&quot;:0,&quot;bitrate&quot;:0,&quot;up_time&quot;:0,&quot;error_code&quot;:3,&quot;status_code&quot;:1,&quot;error_str&quot;:&quot;Timeout&quot;,&quot;status_str&quot;:&quot;Connecting&quot;},{&quot;host&quot;:&quot;192.168.5.166&quot;,&quot;port&quot;:2088,&quot;nic&quot;:&quot;192.168.5.165&quot;,&quot;limit&quot;:0,&quot;is_backup&quot;:0,&quot;bitrate&quot;:2823903,&quot;up_time&quot;:62,&quot;error_code&quot;:0,&quot;status_code&quot;:3,&quot;error_str&quot;:&quot;None&quot;,&quot;status_str&quot;:&quot;Connected&quot;}],&quot;error&quot;:&quot;None&quot;,&quot;con_stat&quot;:&quot;Disconnected&quot;,&quot;bitrate&quot;:5596352,&quot;dest&quot;:&quot;bonded/bonded10&quot;},{&quot;mip&quot;:&quot;4000.ts&quot;,&quot;port&quot;:0,&quot;ip&quot;:&quot;file&quot;,&quot;in_name&quot;:&quot;bond&quot;,&quot;in_active&quot;:1,&quot;in_active_sources&quot;:0,&quot;prg_name&quot;:&quot;&quot;,&quot;prg_prov&quot;:&quot;&quot;,&quot;prg_num&quot;:-1,&quot;chan&quot;:&quot;&quot;,&quot;chan_id&quot;:-1,&quot;id&quot;:&quot;zixi://bonded(bonded11)#10.7.0.66:2088@10.7.0.65,192.168.60.66:2088@192.168.50.65,192.168.5.166:2088@192.168.5.165&quot;,&quot;type&quot;:2,&quot;name&quot;:&quot;bond11&quot;,&quot;asi&quot;:0,&quot;rtmp&quot;:0,&quot;file&quot;:1,&quot;active&quot;:1,&quot;group&quot;:&quot;&quot;,&quot;bonded&quot;:[{&quot;host&quot;:&quot;10.7.0.66&quot;,&quot;port&quot;:2088,&quot;nic&quot;:&quot;10.7.0.65&quot;,&quot;limit&quot;:0,&quot;is_backup&quot;:0,&quot;bitrate&quot;:2835313,&quot;up_time&quot;:62,&quot;error_code&quot;:0,&quot;status_code&quot;:3,&quot;error_str&quot;:&quot;None&quot;,&quot;status_str&quot;:&quot;Connected&quot;},{&quot;host&quot;:&quot;192.168.60.66&quot;,&quot;port&quot;:2088,&quot;nic&quot;:&quot;192.168.50.65&quot;,&quot;limit&quot;:0,&quot;is_backup&quot;:0,&quot;bitrate&quot;:0,&quot;up_time&quot;:0,&quot;error_code&quot;:3,&quot;status_code&quot;:1,&quot;error_str&quot;:&quot;Timeout&quot;,&quot;status_str&quot;:&quot;Connecting&quot;},{&quot;host&quot;:&quot;192.168.5.166&quot;,&quot;port&quot;:2088,&quot;nic&quot;:&quot;192.168.5.165&quot;,&quot;limit&quot;:0,&quot;is_backup&quot;:0,&quot;bitrate&quot;:2837955,&quot;up_time&quot;:62,&quot;error_code&quot;:0,&quot;status_code&quot;:3,&quot;error_str&quot;:&quot;None&quot;,&quot;status_str&quot;:&quot;Connected&quot;}],&quot;error&quot;:&quot;None&quot;,&quot;con_stat&quot;:&quot;Disconnected&quot;,&quot;bitrate&quot;:5618336,&quot;dest&quot;:&quot;bonded/bonded11&quot;},{&quot;mip&quot;:&quot;4000.ts&quot;,&quot;port&quot;:0,&quot;ip&quot;:&quot;file&quot;,&quot;in_name&quot;:&quot;bond&quot;,&quot;in_active&quot;:1,&quot;in_active_sources&quot;:0,&quot;prg_name&quot;:&quot;&quot;,&quot;prg_prov&quot;:&quot;&quot;,&quot;prg_num&quot;:-1,&quot;chan&quot;:&quot;&quot;,&quot;chan_id&quot;:-1,&quot;id&quot;:&quot;zixi://bonded(bonded18)#10.7.0.66:2088@10.7.0.65,192.168.60.66:2088@192.168.50.65,192.168.5.166:2088@192.168.5.165&quot;,&quot;type&quot;:2,&quot;name&quot;:&quot;bond18&quot;,&quot;asi&quot;:0,&quot;rtmp&quot;:0,&quot;file&quot;:1,&quot;active&quot;:1,&quot;group&quot;:&quot;&quot;,&quot;bonded&quot;:[{&quot;host&quot;:&quot;10.7.0.66&quot;,&quot;port&quot;:2088,&quot;nic&quot;:&quot;10.7.0.65&quot;,&quot;limit&quot;:0,&quot;is_backup&quot;:0,&quot;bitrate&quot;:2764628,&quot;up_time&quot;:62,&quot;error_code&quot;:0,&quot;status_code&quot;:3,&quot;error_str&quot;:&quot;None&quot;,&quot;status_str&quot;:&quot;Connected&quot;},{&quot;host&quot;:&quot;192.168.60.66&quot;,&quot;port&quot;:2088,&quot;nic&quot;:&quot;192.168.50.65&quot;,&quot;limit&quot;:0,&quot;is_backup&quot;:0,&quot;bitrate&quot;:0,&quot;up_time&quot;:0,&quot;error_code&quot;:3,&quot;status_code&quot;:1,&quot;error_str&quot;:&quot;Timeout&quot;,&quot;status_str&quot;:&quot;Connecting&quot;},{&quot;host&quot;:&quot;192.168.5.166&quot;,&quot;port&quot;:2088,&quot;nic&quot;:&quot;192.168.5.165&quot;,&quot;limit&quot;:0,&quot;is_backup&quot;:0,&quot;bitrate&quot;:2898112,&quot;up_time&quot;:62,&quot;error_code&quot;:0,&quot;status_code&quot;:3,&quot;error_str&quot;:&quot;None&quot;,&quot;status_str&quot;:&quot;Connected&quot;}],&quot;error&quot;:&quot;None&quot;,&quot;con_stat&quot;:&quot;Disconnected&quot;,&quot;bitrate&quot;:5612691,&quot;dest&quot;:&quot;bonded/bonded18&quot;}]}
Debug printing ------&gt;&gt;&gt; {&quot;custom_data&quot;:&quot;&quot;,&quot;msg&quot;:&quot;Output deleted.&quot;,&quot;error&quot;:&quot;&quot;,&quot;outs&quot;:[{&quot;mip&quot;:&quot;live_recording.ts&quot;,&quot;port&quot;:0,&quot;ip&quot;:&quot;file&quot;,&quot;in_name&quot;:&quot;feederoutputname&quot;,&quot;in_active&quot;:1,&quot;in_active_sources&quot;:0,&quot;prg_name&quot;:&quot;&quot;,&quot;prg_prov&quot;:&quot;&quot;,&quot;prg_num&quot;:1,&quot;chan&quot;:&quot;&quot;,&quot;chan_id&quot;:-1,&quot;id&quot;:&quot;zixi://10.7.0.66:2088/feederout&quot;,&quot;type&quot;:2,&quot;name&quot;:&quot;feederoutputname&quot;,&quot;asi&quot;:0,&quot;rtmp&quot;:0,&quot;file&quot;:1,&quot;active&quot;:1,&quot;group&quot;:&quot;&quot;,&quot;error&quot;:&quot;Authentication&quot;,&quot;con_stat&quot;:&quot;Disconnected&quot;,&quot;bitrate&quot;:0,&quot;dest&quot;:&quot;10.7.0.66:2088/feederout&quot;},{&quot;mip&quot;:&quot;4000.ts&quot;,&quot;port&quot;:0,&quot;ip&quot;:&quot;file&quot;,&quot;in_name&quot;:&quot;bond&quot;,&quot;in_active&quot;:1,&quot;in_active_sources&quot;:0,&quot;prg_name&quot;:&quot;&quot;,&quot;prg_prov&quot;:&quot;&quot;,&quot;prg_num&quot;:-1,&quot;chan&quot;:&quot;&quot;,&quot;chan_id&quot;:-1,&quot;id&quot;:&quot;zixi://bonded(bonded0)#10.7.0.66:2088@10.7.0.65,192.168.60.66:2088@192.168.50.65,192.168.5.166:2088@192.168.5.165&quot;,&quot;type&quot;:2,&quot;name&quot;:&quot;bond0&quot;,&quot;asi&quot;:0,&quot;rtmp&quot;:0,&quot;file&quot;:1,&quot;active&quot;:1,&quot;group&quot;:&quot;&quot;,&quot;bonded&quot;:[{&quot;host&quot;:&quot;10.7.0.66&quot;,&quot;port&quot;:2088,&quot;nic&quot;:&quot;10.7.0.65&quot;,&quot;limit&quot;:0,&quot;is_backup&quot;:0,&quot;bitrate&quot;:2818749,&quot;up_time&quot;:62,&quot;error_code&quot;:0,&quot;status_code&quot;:3,&quot;error_str&quot;:&quot;None&quot;,&quot;status_str&quot;:&quot;Connected&quot;},{&quot;host&quot;:&quot;192.168.60.66&quot;,&quot;port&quot;:2088,&quot;nic&quot;:&quot;192.168.50.65&quot;,&quot;limit&quot;:0,&quot;is_backup&quot;:0,&quot;bitrate&quot;:0,&quot;up_time&quot;:0,&quot;error_code&quot;:3,&quot;status_code&quot;:1,&quot;error_str&quot;:&quot;Timeout&quot;,&quot;status_str&quot;:&quot;Connecting&quot;},{&quot;host&quot;:&quot;192.168.5.166&quot;,&quot;port&quot;:2088,&quot;nic&quot;:&quot;192.168.5.165&quot;,&quot;limit&quot;:0,&quot;is_backup&quot;:0,&quot;bitrate&quot;:2851191,&quot;up_time&quot;:62,&quot;error_code&quot;:0,&quot;status_code&quot;:3,&quot;error_str&quot;:&quot;None&quot;,&quot;status_str&quot;:&quot;Connected&quot;}],&quot;error&quot;:&quot;None&quot;,&quot;con_stat&quot;:&quot;Disconnected&quot;,&quot;bitrate&quot;:5603660,&quot;dest&quot;:&quot;bonded/bonded0&quot;},{&quot;mip&quot;:&quot;4000.ts&quot;,&quot;port&quot;:0,&quot;ip&quot;:&quot;file&quot;,&quot;in_name&quot;:&quot;bond&quot;,&quot;in_active&quot;:1,&quot;in_active_sources&quot;:0,&quot;prg_name&quot;:&quot;&quot;,&quot;prg_prov&quot;:&quot;&quot;,&quot;prg_num&quot;:-1,&quot;chan&quot;:&quot;&quot;,&quot;chan_id&quot;:-1,&quot;id&quot;:&quot;zixi://bonded(bonded1)#10.7.0.66:2088@10.7.0.65,192.168.60.66:2088@192.168.50.65,192.168.5.166:2088@192.168.5.165&quot;,&quot;type&quot;:2,&quot;name&quot;:&quot;bond1&quot;,&quot;asi&quot;:0,&quot;rtmp&quot;:0,&quot;file&quot;:1,&quot;active&quot;:1,&quot;group&quot;:&quot;&quot;,&quot;bonded&quot;:[{&quot;host&quot;:&quot;10.7.0.66&quot;,&quot;port&quot;:2088,&quot;nic&quot;:&quot;10.7.0.65&quot;,&quot;limit&quot;:0,&quot;is_backup&quot;:0,&quot;bitrate&quot;:2797250,&quot;up_time&quot;:62,&quot;error_code&quot;:0,&quot;status_code&quot;:3,&quot;error_str&quot;:&quot;None&quot;,&quot;status_str&quot;:&quot;Connected&quot;},{&quot;host&quot;:&quot;192.168.60.66&quot;,&quot;port&quot;:2088,&quot;nic&quot;:&quot;192.168.50.65&quot;,&quot;limit&quot;:0,&quot;is_backup&quot;:0,&quot;bitrate&quot;:0,&quot;up_time&quot;:0,&quot;error_code&quot;:3,&quot;status_code&quot;:1,&quot;error_str&quot;:&quot;Timeout&quot;,&quot;status_str&quot;:&quot;Connecting&quot;},{&quot;host&quot;:&quot;192.168.5.166&quot;,&quot;port&quot;:2088,&quot;nic&quot;:&quot;192.168.5.165&quot;,&quot;limit&quot;:0,&quot;is_backup&quot;:0,&quot;bitrate&quot;:2872932,&quot;up_time&quot;:62,&quot;error_code&quot;:0,&quot;status_code&quot;:3,&quot;error_str&quot;:&quot;None&quot;,&quot;status_str&quot;:&quot;Connected&quot;}],&quot;error&quot;:&quot;None&quot;,&quot;con_stat&quot;:&quot;Disconnected&quot;,&quot;bitrate&quot;:5603836,&quot;dest&quot;:&quot;bonded/bonded1&quot;},{&quot;mip&quot;:&quot;4000.ts&quot;,&quot;port&quot;:0,&quot;ip&quot;:&quot;file&quot;,&quot;in_name&quot;:&quot;bond&quot;,&quot;in_active&quot;:1,&quot;in_active_sources&quot;:0,&quot;prg_name&quot;:&quot;&quot;,&quot;prg_prov&quot;:&quot;&quot;,&quot;prg_num&quot;:-1,&quot;chan&quot;:&quot;&quot;,&quot;chan_id&quot;:-1,&quot;id&quot;:&quot;zixi://bonded(bonded2)#10.7.0.66:2088@10.7.0.65,192.168.60.66:2088@192.168.50.65,192.168.5.166:2088@192.168.5.165&quot;,&quot;type&quot;:2,&quot;name&quot;:&quot;bond2&quot;,&quot;asi&quot;:0,&quot;rtmp&quot;:0,&quot;file&quot;:1,&quot;active&quot;:1,&quot;group&quot;:&quot;&quot;,&quot;bonded&quot;:[{&quot;host&quot;:&quot;10.7.0.66&quot;,&quot;port&quot;:2088,&quot;nic&quot;:&quot;10.7.0.65&quot;,&quot;limit&quot;:0,&quot;is_backup&quot;:0,&quot;bitrate&quot;:2823614,&quot;up_time&quot;:62,&quot;error_code&quot;:0,&quot;status_code&quot;:3,&quot;error_str&quot;:&quot;None&quot;,&quot;status_str&quot;:&quot;Connected&quot;},{&quot;host&quot;:&quot;192.168.60.66&quot;,&quot;port&quot;:2088,&quot;nic&quot;:&quot;192.168.50.65&quot;,&quot;limit&quot;:0,&quot;is_backup&quot;:0,&quot;bitrate&quot;:0,&quot;up_time&quot;:0,&quot;error_code&quot;:3,&quot;status_code&quot;:1,&quot;error_str&quot;:&quot;Timeout&quot;,&quot;status_str&quot;:&quot;Connecting&quot;},{&quot;host&quot;:&quot;192.168.5.166&quot;,&quot;port&quot;:2088,&quot;nic&quot;:&quot;192.168.5.165&quot;,&quot;limit&quot;:0,&quot;is_backup&quot;:0,&quot;bitrate&quot;:2844172,&quot;up_time&quot;:62,&quot;error_code&quot;:0,&quot;status_code&quot;:3,&quot;error_str&quot;:&quot;None&quot;,&quot;status_str&quot;:&quot;Connected&quot;}],&quot;error&quot;:&quot;None&quot;,&quot;con_stat&quot;:&quot;Disconnected&quot;,&quot;bitrate&quot;:5599424,&quot;dest&quot;:&quot;bonded/bonded2&quot;},{&quot;mip&quot;:&quot;4000.ts&quot;,&quot;port&quot;:0,&quot;ip&quot;:&quot;file&quot;,&quot;in_name&quot;:&quot;bond&quot;,&quot;in_active&quot;:1,&quot;in_active_sources&quot;:0,&quot;prg_name&quot;:&quot;&quot;,&quot;prg_prov&quot;:&quot;&quot;,&quot;prg_num&quot;:-1,&quot;chan&quot;:&quot;&quot;,&quot;chan_id&quot;:-1,&quot;id&quot;:&quot;zixi://bonded(bonded3)#10.7.0.66:2088@10.7.0.65,192.168.60.66:2088@192.168.50.65,192.168.5.166:2088@192.168.5.165&quot;,&quot;type&quot;:2,&quot;name&quot;:&quot;bond3&quot;,&quot;asi&quot;:0,&quot;rtmp&quot;:0,&quot;file&quot;:1,&quot;active&quot;:1,&quot;group&quot;:&quot;&quot;,&quot;bonded&quot;:[{&quot;host&quot;:&quot;10.7.0.66&quot;,&quot;port&quot;:2088,&quot;nic&quot;:&quot;10.7.0.65&quot;,&quot;limit&quot;:0,&quot;is_backup&quot;:0,&quot;bitrate&quot;:2870606,&quot;up_time&quot;:62,&quot;error_code&quot;:0,&quot;status_code&quot;:3,&quot;error_str&quot;:&quot;None&quot;,&quot;status_str&quot;:&quot;Connected&quot;},{&quot;host&quot;:&quot;192.168.60.66&quot;,&quot;port&quot;:2088,&quot;nic&quot;:&quot;192.168.50.65&quot;,&quot;limit&quot;:0,&quot;is_backup&quot;:0,&quot;bitrate&quot;:0,&quot;up_time&quot;:0,&quot;error_code&quot;:3,&quot;status_code&quot;:1,&quot;error_str&quot;:&quot;Timeout&quot;,&quot;status_str&quot;:&quot;Connecting&quot;},{&quot;host&quot;:&quot;192.168.5.166&quot;,&quot;port&quot;:2088,&quot;nic&quot;:&quot;192.168.5.165&quot;,&quot;limit&quot;:0,&quot;is_backup&quot;:0,&quot;bitrate&quot;:2815477,&quot;up_time&quot;:62,&quot;error_code&quot;:0,&quot;status_code&quot;:3,&quot;error_str&quot;:&quot;None&quot;,&quot;status_str&quot;:&quot;Connected&quot;}],&quot;error&quot;:&quot;None&quot;,&quot;con_stat&quot;:&quot;Disconnected&quot;,&quot;bitrate&quot;:5614785,&quot;dest&quot;:&quot;bonded/bonded3&quot;},{&quot;mip&quot;:&quot;4000.ts&quot;,&quot;port&quot;:0,&quot;ip&quot;:&quot;file&quot;,&quot;in_name&quot;:&quot;bond&quot;,&quot;in_active&quot;:1,&quot;in_active_sources&quot;:0,&quot;prg_name&quot;:&quot;&quot;,&quot;prg_prov&quot;:&quot;&quot;,&quot;prg_num&quot;:-1,&quot;chan&quot;:&quot;&quot;,&quot;chan_id&quot;:-1,&quot;id&quot;:&quot;zixi://bonded(bonded4)#10.7.0.66:2088@10.7.0.65,192.168.60.66:2088@192.168.50.65,192.168.5.166:2088@192.168.5.165&quot;,&quot;type&quot;:2,&quot;name&quot;:&quot;bond4&quot;,&quot;asi&quot;:0,&quot;rtmp&quot;:0,&quot;file&quot;:1,&quot;active&quot;:1,&quot;group&quot;:&quot;&quot;,&quot;bonded&quot;:[{&quot;host&quot;:&quot;10.7.0.66&quot;,&quot;port&quot;:2088,&quot;nic&quot;:&quot;10.7.0.65&quot;,&quot;limit&quot;:0,&quot;is_backup&quot;:0,&quot;bitrate&quot;:2793416,&quot;up_time&quot;:62,&quot;error_code&quot;:0,&quot;status_code&quot;:3,&quot;error_str&quot;:&quot;None&quot;,&quot;status_str&quot;:&quot;Connected&quot;},{&quot;host&quot;:&quot;192.168.60.66&quot;,&quot;port&quot;:2088,&quot;nic&quot;:&quot;192.168.50.65&quot;,&quot;limit&quot;:0,&quot;is_backup&quot;:0,&quot;bitrate&quot;:0,&quot;up_time&quot;:0,&quot;error_code&quot;:3,&quot;status_code&quot;:1,&quot;error_str&quot;:&quot;Timeout&quot;,&quot;status_str&quot;:&quot;Connecting&quot;},{&quot;host&quot;:&quot;192.168.5.166&quot;,&quot;port&quot;:2088,&quot;nic&quot;:&quot;192.168.5.165&quot;,&quot;limit&quot;:0,&quot;is_backup&quot;:0,&quot;bitrate&quot;:2883122,&quot;up_time&quot;:62,&quot;error_code&quot;:0,&quot;status_code&quot;:3,&quot;error_str&quot;:&quot;None&quot;,&quot;status_str&quot;:&quot;Connected&quot;}],&quot;error&quot;:&quot;None&quot;,&quot;con_stat&quot;:&quot;Disconnected&quot;,&quot;bitrate&quot;:5602181,&quot;dest&quot;:&quot;bonded/bonded4&quot;},{&quot;mip&quot;:&quot;4000.ts&quot;,&quot;port&quot;:0,&quot;ip&quot;:&quot;file&quot;,&quot;in_name&quot;:&quot;bond&quot;,&quot;in_active&quot;:1,&quot;in_active_sources&quot;:0,&quot;prg_name&quot;:&quot;&quot;,&quot;prg_prov&quot;:&quot;&quot;,&quot;prg_num&quot;:-1,&quot;chan&quot;:&quot;&quot;,&quot;chan_id&quot;:-1,&quot;id&quot;:&quot;zixi://bonded(bonded5)#10.7.0.66:2088@10.7.0.65,192.168.60.66:2088@192.168.50.65,192.168.5.166:2088@192.168.5.165&quot;,&quot;type&quot;:2,&quot;name&quot;:&quot;bond5&quot;,&quot;asi&quot;:0,&quot;rtmp&quot;:0,&quot;file&quot;:1,&quot;active&quot;:1,&quot;group&quot;:&quot;&quot;,&quot;bonded&quot;:[{&quot;host&quot;:&quot;10.7.0.66&quot;,&quot;port&quot;:2088,&quot;nic&quot;:&quot;10.7.0.65&quot;,&quot;limit&quot;:0,&quot;is_backup&quot;:0,&quot;bitrate&quot;:2901933,&quot;up_time&quot;:62,&quot;error_code&quot;:0,&quot;status_code&quot;:3,&quot;error_str&quot;:&quot;None&quot;,&quot;status_str&quot;:&quot;Connected&quot;},{&quot;host&quot;:&quot;192.168.60.66&quot;,&quot;port&quot;:2088,&quot;nic&quot;:&quot;192.168.50.65&quot;,&quot;limit&quot;:0,&quot;is_backup&quot;:0,&quot;bitrate&quot;:0,&quot;up_time&quot;:0,&quot;error_code&quot;:3,&quot;status_code&quot;:1,&quot;error_str&quot;:&quot;Timeout&quot;,&quot;status_str&quot;:&quot;Connecting&quot;},{&quot;host&quot;:&quot;192.168.5.166&quot;,&quot;port&quot;:2088,&quot;nic&quot;:&quot;192.168.5.165&quot;,&quot;limit&quot;:0,&quot;is_backup&quot;:0,&quot;bitrate&quot;:2788192,&quot;up_time&quot;:62,&quot;error_code&quot;:0,&quot;status_code&quot;:3,&quot;error_str&quot;:&quot;None&quot;,&quot;status_str&quot;:&quot;Connected&quot;}],&quot;error&quot;:&quot;None&quot;,&quot;con_stat&quot;:&quot;Disconnected&quot;,&quot;bitrate&quot;:5623440,&quot;dest&quot;:&quot;bonded/bonded5&quot;},{&quot;mip&quot;:&quot;4000.ts&quot;,&quot;port&quot;:0,&quot;ip&quot;:&quot;file&quot;,&quot;in_name&quot;:&quot;bond&quot;,&quot;in_active&quot;:1,&quot;in_active_sources&quot;:0,&quot;prg_name&quot;:&quot;&quot;,&quot;prg_prov&quot;:&quot;&quot;,&quot;prg_num&quot;:-1,&quot;chan&quot;:&quot;&quot;,&quot;chan_id&quot;:-1,&quot;id&quot;:&quot;zixi://bonded(bonded6)#10.7.0.66:2088@10.7.0.65,192.168.60.66:2088@192.168.50.65,192.168.5.166:2088@192.168.5.165&quot;,&quot;type&quot;:2,&quot;name&quot;:&quot;bond6&quot;,&quot;asi&quot;:0,&quot;rtmp&quot;:0,&quot;file&quot;:1,&quot;active&quot;:1,&quot;group&quot;:&quot;&quot;,&quot;bonded&quot;:[{&quot;host&quot;:&quot;10.7.0.66&quot;,&quot;port&quot;:2088,&quot;nic&quot;:&quot;10.7.0.65&quot;,&quot;limit&quot;:0,&quot;is_backup&quot;:0,&quot;bitrate&quot;:2861013,&quot;up_time&quot;:62,&quot;error_code&quot;:0,&quot;status_code&quot;:3,&quot;error_str&quot;:&quot;None&quot;,&quot;status_str&quot;:&quot;Connected&quot;},{&quot;host&quot;:&quot;192.168.60.66&quot;,&quot;port&quot;:2088,&quot;nic&quot;:&quot;192.168.50.65&quot;,&quot;limit&quot;:0,&quot;is_backup&quot;:0,&quot;bitrate&quot;:0,&quot;up_time&quot;:0,&quot;error_code&quot;:3,&quot;status_code&quot;:1,&quot;error_str&quot;:&quot;Timeout&quot;,&quot;status_str&quot;:&quot;Connecting&quot;},{&quot;host&quot;:&quot;192.168.5.166&quot;,&quot;port&quot;:2088,&quot;nic&quot;:&quot;192.168.5.165&quot;,&quot;limit&quot;:0,&quot;is_backup&quot;:0,&quot;bitrate&quot;:2812273,&quot;up_time&quot;:62,&quot;error_code&quot;:0,&quot;status_code&quot;:3,&quot;error_str&quot;:&quot;None&quot;,&quot;status_str&quot;:&quot;Connected&quot;}],&quot;error&quot;:&quot;None&quot;,&quot;con_stat&quot;:&quot;Disconnected&quot;,&quot;bitrate&quot;:5612683,&quot;dest&quot;:&quot;bonded/bonded6&quot;},{&quot;mip&quot;:&quot;4000.ts&quot;,&quot;port&quot;:0,&quot;ip&quot;:&quot;file&quot;,&quot;in_name&quot;:&quot;bond&quot;,&quot;in_active&quot;:1,&quot;in_active_sources&quot;:0,&quot;prg_name&quot;:&quot;&quot;,&quot;prg_prov&quot;:&quot;&quot;,&quot;prg_num&quot;:-1,&quot;chan&quot;:&quot;&quot;,&quot;chan_id&quot;:-1,&quot;id&quot;:&quot;zixi://bonded(bonded8)#10.7.0.66:2088@10.7.0.65,192.168.60.66:2088@192.168.50.65,192.168.5.166:2088@192.168.5.165&quot;,&quot;type&quot;:2,&quot;name&quot;:&quot;bond8&quot;,&quot;asi&quot;:0,&quot;rtmp&quot;:0,&quot;file&quot;:1,&quot;active&quot;:1,&quot;group&quot;:&quot;&quot;,&quot;bonded&quot;:[{&quot;host&quot;:&quot;10.7.0.66&quot;,&quot;port&quot;:2088,&quot;nic&quot;:&quot;10.7.0.65&quot;,&quot;limit&quot;:0,&quot;is_backup&quot;:0,&quot;bitrate&quot;:2823116,&quot;up_time&quot;:62,&quot;error_code&quot;:0,&quot;status_code&quot;:3,&quot;error_str&quot;:&quot;None&quot;,&quot;status_str&quot;:&quot;Connected&quot;},{&quot;host&quot;:&quot;192.168.60.66&quot;,&quot;port&quot;:2088,&quot;nic&quot;:&quot;192.168.50.65&quot;,&quot;limit&quot;:0,&quot;is_backup&quot;:0,&quot;bitrate&quot;:0,&quot;up_time&quot;:0,&quot;error_code&quot;:3,&quot;status_code&quot;:1,&quot;error_str&quot;:&quot;Timeout&quot;,&quot;status_str&quot;:&quot;Connecting&quot;},{&quot;host&quot;:&quot;192.168.5.166&quot;,&quot;port&quot;:2088,&quot;nic&quot;:&quot;192.168.5.165&quot;,&quot;limit&quot;:0,&quot;is_backup&quot;:0,&quot;bitrate&quot;:2838254,&quot;up_time&quot;:62,&quot;error_code&quot;:0,&quot;status_code&quot;:3,&quot;error_str&quot;:&quot;None&quot;,&quot;status_str&quot;:&quot;Connected&quot;}],&quot;error&quot;:&quot;None&quot;,&quot;con_stat&quot;:&quot;Disconnected&quot;,&quot;bitrate&quot;:5611548,&quot;dest&quot;:&quot;bonded/bonded8&quot;},{&quot;mip&quot;:&quot;4000.ts&quot;,&quot;port&quot;:0,&quot;ip&quot;:&quot;file&quot;,&quot;in_name&quot;:&quot;bond&quot;,&quot;in_active&quot;:1,&quot;in_active_sources&quot;:0,&quot;prg_name&quot;:&quot;&quot;,&quot;prg_prov&quot;:&quot;&quot;,&quot;prg_num&quot;:-1,&quot;chan&quot;:&quot;&quot;,&quot;chan_id&quot;:-1,&quot;id&quot;:&quot;zixi://bonded(bonded7)#10.7.0.66:2088@10.7.0.65,192.168.60.66:2088@192.168.50.65,192.168.5.166:2088@192.168.5.165&quot;,&quot;type&quot;:2,&quot;name&quot;:&quot;bond7&quot;,&quot;asi&quot;:0,&quot;rtmp&quot;:0,&quot;file&quot;:1,&quot;active&quot;:1,&quot;group&quot;:&quot;&quot;,&quot;bonded&quot;:[{&quot;host&quot;:&quot;10.7.0.66&quot;,&quot;port&quot;:2088,&quot;nic&quot;:&quot;10.7.0.65&quot;,&quot;limit&quot;:0,&quot;is_backup&quot;:0,&quot;bitrate&quot;:2779582,&quot;up_time&quot;:62,&quot;error_code&quot;:0,&quot;status_code&quot;:3,&quot;error_str&quot;:&quot;None&quot;,&quot;status_str&quot;:&quot;Connected&quot;},{&quot;host&quot;:&quot;192.168.60.66&quot;,&quot;port&quot;:2088,&quot;nic&quot;:&quot;192.168.50.65&quot;,&quot;limit&quot;:0,&quot;is_backup&quot;:0,&quot;bitrate&quot;:0,&quot;up_time&quot;:0,&quot;error_code&quot;:3,&quot;status_code&quot;:1,&quot;error_str&quot;:&quot;Timeout&quot;,&quot;status_str&quot;:&quot;Connecting&quot;},{&quot;host&quot;:&quot;192.168.5.166&quot;,&quot;port&quot;:2088,&quot;nic&quot;:&quot;192.168.5.165&quot;,&quot;limit&quot;:0,&quot;is_backup&quot;:0,&quot;bitrate&quot;:2881369,&quot;up_time&quot;:62,&quot;error_code&quot;:0,&quot;status_code&quot;:3,&quot;error_str&quot;:&quot;None&quot;,&quot;status_str&quot;:&quot;Connected&quot;}],&quot;error&quot;:&quot;None&quot;,&quot;con_stat&quot;:&quot;Disconnected&quot;,&quot;bitrate&quot;:5595592,&quot;dest&quot;:&quot;bonded/bonded7&quot;},{&quot;mip&quot;:&quot;4000.ts&quot;,&quot;port&quot;:0,&quot;ip&quot;:&quot;file&quot;,&quot;in_name&quot;:&quot;bond&quot;,&quot;in_active&quot;:1,&quot;in_active_sources&quot;:0,&quot;prg_name&quot;:&quot;&quot;,&quot;prg_prov&quot;:&quot;&quot;,&quot;prg_num&quot;:-1,&quot;chan&quot;:&quot;&quot;,&quot;chan_id&quot;:-1,&quot;id&quot;:&quot;zixi://bonded(bonded14)#10.7.0.66:2088@10.7.0.65,192.168.60.66:2088@192.168.50.65,192.168.5.166:2088@192.168.5.165&quot;,&quot;type&quot;:2,&quot;name&quot;:&quot;bond14&quot;,&quot;asi&quot;:0,&quot;rtmp&quot;:0,&quot;file&quot;:1,&quot;active&quot;:1,&quot;group&quot;:&quot;&quot;,&quot;bonded&quot;:[{&quot;host&quot;:&quot;10.7.0.66&quot;,&quot;port&quot;:2088,&quot;nic&quot;:&quot;10.7.0.65&quot;,&quot;limit&quot;:0,&quot;is_backup&quot;:0,&quot;bitrate&quot;:2889705,&quot;up_time&quot;:62,&quot;error_code&quot;:0,&quot;status_code&quot;:3,&quot;error_str&quot;:&quot;None&quot;,&quot;status_str&quot;:&quot;Connected&quot;},{&quot;host&quot;:&quot;192.168.60.66&quot;,&quot;port&quot;:2088,&quot;nic&quot;:&quot;192.168.50.65&quot;,&quot;limit&quot;:0,&quot;is_backup&quot;:0,&quot;bitrate&quot;:0,&quot;up_time&quot;:0,&quot;error_code&quot;:3,&quot;status_code&quot;:1,&quot;error_str&quot;:&quot;Timeout&quot;,&quot;status_str&quot;:&quot;Connecting&quot;},{&quot;host&quot;:&quot;192.168.5.166&quot;,&quot;port&quot;:2088,&quot;nic&quot;:&quot;192.168.5.165&quot;,&quot;limit&quot;:0,&quot;is_backup&quot;:0,&quot;bitrate&quot;:2779265,&quot;up_time&quot;:62,&quot;error_code&quot;:0,&quot;status_code&quot;:3,&quot;error_str&quot;:&quot;None&quot;,&quot;status_str&quot;:&quot;Connected&quot;}],&quot;error&quot;:&quot;None&quot;,&quot;con_stat&quot;:&quot;Disconnected&quot;,&quot;bitrate&quot;:5621946,&quot;dest&quot;:&quot;bonded/bonded14&quot;},{&quot;mip&quot;:&quot;4000.ts&quot;,&quot;port&quot;:0,&quot;ip&quot;:&quot;file&quot;,&quot;in_name&quot;:&quot;bond&quot;,&quot;in_active&quot;:1,&quot;in_active_sources&quot;:0,&quot;prg_name&quot;:&quot;&quot;,&quot;prg_prov&quot;:&quot;&quot;,&quot;prg_num&quot;:-1,&quot;chan&quot;:&quot;&quot;,&quot;chan_id&quot;:-1,&quot;id&quot;:&quot;zixi://bonded(bonded15)#10.7.0.66:2088@10.7.0.65,192.168.60.66:2088@192.168.50.65,192.168.5.166:2088@192.168.5.165&quot;,&quot;type&quot;:2,&quot;name&quot;:&quot;bond15&quot;,&quot;asi&quot;:0,&quot;rtmp&quot;:0,&quot;file&quot;:1,&quot;active&quot;:1,&quot;group&quot;:&quot;&quot;,&quot;bonded&quot;:[{&quot;host&quot;:&quot;10.7.0.66&quot;,&quot;port&quot;:2088,&quot;nic&quot;:&quot;10.7.0.65&quot;,&quot;limit&quot;:0,&quot;is_backup&quot;:0,&quot;bitrate&quot;:2849547,&quot;up_time&quot;:62,&quot;error_code&quot;:0,&quot;status_code&quot;:3,&quot;error_str&quot;:&quot;None&quot;,&quot;status_str&quot;:&quot;Connected&quot;},{&quot;host&quot;:&quot;192.168.60.66&quot;,&quot;port&quot;:2088,&quot;nic&quot;:&quot;192.168.50.65&quot;,&quot;limit&quot;:0,&quot;is_backup&quot;:0,&quot;bitrate&quot;:0,&quot;up_time&quot;:0,&quot;error_code&quot;:3,&quot;status_code&quot;:1,&quot;error_str&quot;:&quot;Timeout&quot;,&quot;status_str&quot;:&quot;Connecting&quot;},{&quot;host&quot;:&quot;192.168.5.166&quot;,&quot;port&quot;:2088,&quot;nic&quot;:&quot;192.168.5.165&quot;,&quot;limit&quot;:0,&quot;is_backup&quot;:0,&quot;bitrate&quot;:2819751,&quot;up_time&quot;:62,&quot;error_code&quot;:0,&quot;status_code&quot;:3,&quot;error_str&quot;:&quot;None&quot;,&quot;status_str&quot;:&quot;Connected&quot;}],&quot;error&quot;:&quot;None&quot;,&quot;con_stat&quot;:&quot;Disconnected&quot;,&quot;bitrate&quot;:5611476,&quot;dest&quot;:&quot;bonded/bonded15&quot;},{&quot;mip&quot;:&quot;4000.ts&quot;,&quot;port&quot;:0,&quot;ip&quot;:&quot;file&quot;,&quot;in_name&quot;:&quot;bond&quot;,&quot;in_active&quot;:1,&quot;in_active_sources&quot;:0,&quot;prg_name&quot;:&quot;&quot;,&quot;prg_prov&quot;:&quot;&quot;,&quot;prg_num&quot;:-1,&quot;chan&quot;:&quot;&quot;,&quot;chan_id&quot;:-1,&quot;id&quot;:&quot;zixi://bonded(bonded10)#10.7.0.66:2088@10.7.0.65,192.168.60.66:2088@192.168.50.65,192.168.5.166:2088@192.168.5.165&quot;,&quot;type&quot;:2,&quot;name&quot;:&quot;bond10&quot;,&quot;asi&quot;:0,&quot;rtmp&quot;:0,&quot;file&quot;:1,&quot;active&quot;:1,&quot;group&quot;:&quot;&quot;,&quot;bonded&quot;:[{&quot;host&quot;:&quot;10.7.0.66&quot;,&quot;port&quot;:2088,&quot;nic&quot;:&quot;10.7.0.65&quot;,&quot;limit&quot;:0,&quot;is_backup&quot;:0,&quot;bitrate&quot;:2844362,&quot;up_time&quot;:62,&quot;error_code&quot;:0,&quot;status_code&quot;:3,&quot;error_str&quot;:&quot;None&quot;,&quot;status_str&quot;:&quot;Connected&quot;},{&quot;host&quot;:&quot;192.168.60.66&quot;,&quot;port&quot;:2088,&quot;nic&quot;:&quot;192.168.50.65&quot;,&quot;limit&quot;:0,&quot;is_backup&quot;:0,&quot;bitrate&quot;:0,&quot;up_time&quot;:0,&quot;error_code&quot;:3,&quot;status_code&quot;:1,&quot;error_str&quot;:&quot;Timeout&quot;,&quot;status_str&quot;:&quot;Connecting&quot;},{&quot;host&quot;:&quot;192.168.5.166&quot;,&quot;port&quot;:2088,&quot;nic&quot;:&quot;192.168.5.165&quot;,&quot;limit&quot;:0,&quot;is_backup&quot;:0,&quot;bitrate&quot;:2823903,&quot;up_time&quot;:62,&quot;error_code&quot;:0,&quot;status_code&quot;:3,&quot;error_str&quot;:&quot;None&quot;,&quot;status_str&quot;:&quot;Connected&quot;}],&quot;error&quot;:&quot;None&quot;,&quot;con_stat&quot;:&quot;Disconnected&quot;,&quot;bitrate&quot;:5596352,&quot;dest&quot;:&quot;bonded/bonded10&quot;},{&quot;mip&quot;:&quot;4000.ts&quot;,&quot;port&quot;:0,&quot;ip&quot;:&quot;file&quot;,&quot;in_name&quot;:&quot;bond&quot;,&quot;in_active&quot;:1,&quot;in_active_sources&quot;:0,&quot;prg_name&quot;:&quot;&quot;,&quot;prg_prov&quot;:&quot;&quot;,&quot;prg_num&quot;:-1,&quot;chan&quot;:&quot;&quot;,&quot;chan_id&quot;:-1,&quot;id&quot;:&quot;zixi://bonded(bonded11)#10.7.0.66:2088@10.7.0.65,192.168.60.66:2088@192.168.50.65,192.168.5.166:2088@192.168.5.165&quot;,&quot;type&quot;:2,&quot;name&quot;:&quot;bond11&quot;,&quot;asi&quot;:0,&quot;rtmp&quot;:0,&quot;file&quot;:1,&quot;active&quot;:1,&quot;group&quot;:&quot;&quot;,&quot;bonded&quot;:[{&quot;host&quot;:&quot;10.7.0.66&quot;,&quot;port&quot;:2088,&quot;nic&quot;:&quot;10.7.0.65&quot;,&quot;limit&quot;:0,&quot;is_backup&quot;:0,&quot;bitrate&quot;:2835313,&quot;up_time&quot;:62,&quot;error_code&quot;:0,&quot;status_code&quot;:3,&quot;error_str&quot;:&quot;None&quot;,&quot;status_str&quot;:&quot;Connected&quot;},{&quot;host&quot;:&quot;192.168.60.66&quot;,&quot;port&quot;:2088,&quot;nic&quot;:&quot;192.168.50.65&quot;,&quot;limit&quot;:0,&quot;is_backup&quot;:0,&quot;bitrate&quot;:0,&quot;up_time&quot;:0,&quot;error_code&quot;:3,&quot;status_code&quot;:1,&quot;error_str&quot;:&quot;Timeout&quot;,&quot;status_str&quot;:&quot;Connecting&quot;},{&quot;host&quot;:&quot;192.168.5.166&quot;,&quot;port&quot;:2088,&quot;nic&quot;:&quot;192.168.5.165&quot;,&quot;limit&quot;:0,&quot;is_backup&quot;:0,&quot;bitrate&quot;:2837955,&quot;up_time&quot;:62,&quot;error_code&quot;:0,&quot;status_code&quot;:3,&quot;error_str&quot;:&quot;None&quot;,&quot;status_str&quot;:&quot;Connected&quot;}],&quot;error&quot;:&quot;None&quot;,&quot;con_stat&quot;:&quot;Disconnected&quot;,&quot;bitrate&quot;:5618336,&quot;dest&quot;:&quot;bonded/bonded11&quot;}]}
Debug printing ------&gt;&gt;&gt; {&quot;custom_data&quot;:&quot;&quot;,&quot;msg&quot;:&quot;Output deleted.&quot;,&quot;error&quot;:&quot;&quot;,&quot;outs&quot;:[{&quot;mip&quot;:&quot;live_recording.ts&quot;,&quot;port&quot;:0,&quot;ip&quot;:&quot;file&quot;,&quot;in_name&quot;:&quot;feederoutputname&quot;,&quot;in_active&quot;:1,&quot;in_active_sources&quot;:0,&quot;prg_name&quot;:&quot;&quot;,&quot;prg_prov&quot;:&quot;&quot;,&quot;prg_num&quot;:1,&quot;chan&quot;:&quot;&quot;,&quot;chan_id&quot;:-1,&quot;id&quot;:&quot;zixi://10.7.0.66:2088/feederout&quot;,&quot;type&quot;:2,&quot;name&quot;:&quot;feederoutputname&quot;,&quot;asi&quot;:0,&quot;rtmp&quot;:0,&quot;file&quot;:1,&quot;active&quot;:1,&quot;group&quot;:&quot;&quot;,&quot;error&quot;:&quot;Authentication&quot;,&quot;con_stat&quot;:&quot;Disconnected&quot;,&quot;bitrate&quot;:0,&quot;dest&quot;:&quot;10.7.0.66:2088/feederout&quot;},{&quot;mip&quot;:&quot;4000.ts&quot;,&quot;port&quot;:0,&quot;ip&quot;:&quot;file&quot;,&quot;in_name&quot;:&quot;bond&quot;,&quot;in_active&quot;:1,&quot;in_active_sources&quot;:0,&quot;prg_name&quot;:&quot;&quot;,&quot;prg_prov&quot;:&quot;&quot;,&quot;prg_num&quot;:-1,&quot;chan&quot;:&quot;&quot;,&quot;chan_id&quot;:-1,&quot;id&quot;:&quot;zixi://bonded(bonded0)#10.7.0.66:2088@10.7.0.65,192.168.60.66:2088@192.168.50.65,192.168.5.166:2088@192.168.5.165&quot;,&quot;type&quot;:2,&quot;name&quot;:&quot;bond0&quot;,&quot;asi&quot;:0,&quot;rtmp&quot;:0,&quot;file&quot;:1,&quot;active&quot;:1,&quot;group&quot;:&quot;&quot;,&quot;bonded&quot;:[{&quot;host&quot;:&quot;10.7.0.66&quot;,&quot;port&quot;:2088,&quot;nic&quot;:&quot;10.7.0.65&quot;,&quot;limit&quot;:0,&quot;is_backup&quot;:0,&quot;bitrate&quot;:2818749,&quot;up_time&quot;:62,&quot;error_code&quot;:0,&quot;status_code&quot;:3,&quot;error_str&quot;:&quot;None&quot;,&quot;status_str&quot;:&quot;Connected&quot;},{&quot;host&quot;:&quot;192.168.60.66&quot;,&quot;port&quot;:2088,&quot;nic&quot;:&quot;192.168.50.65&quot;,&quot;limit&quot;:0,&quot;is_backup&quot;:0,&quot;bitrate&quot;:0,&quot;up_time&quot;:0,&quot;error_code&quot;:3,&quot;status_code&quot;:1,&quot;error_str&quot;:&quot;Timeout&quot;,&quot;status_str&quot;:&quot;Connecting&quot;},{&quot;host&quot;:&quot;192.168.5.166&quot;,&quot;port&quot;:2088,&quot;nic&quot;:&quot;192.168.5.165&quot;,&quot;limit&quot;:0,&quot;is_backup&quot;:0,&quot;bitrate&quot;:2851191,&quot;up_time&quot;:62,&quot;error_code&quot;:0,&quot;status_code&quot;:3,&quot;error_str&quot;:&quot;None&quot;,&quot;status_str&quot;:&quot;Connected&quot;}],&quot;error&quot;:&quot;None&quot;,&quot;con_stat&quot;:&quot;Disconnected&quot;,&quot;bitrate&quot;:5603660,&quot;dest&quot;:&quot;bonded/bonded0&quot;},{&quot;mip&quot;:&quot;4000.ts&quot;,&quot;port&quot;:0,&quot;ip&quot;:&quot;file&quot;,&quot;in_name&quot;:&quot;bond&quot;,&quot;in_active&quot;:1,&quot;in_active_sources&quot;:0,&quot;prg_name&quot;:&quot;&quot;,&quot;prg_prov&quot;:&quot;&quot;,&quot;prg_num&quot;:-1,&quot;chan&quot;:&quot;&quot;,&quot;chan_id&quot;:-1,&quot;id&quot;:&quot;zixi://bonded(bonded1)#10.7.0.66:2088@10.7.0.65,192.168.60.66:2088@192.168.50.65,192.168.5.166:2088@192.168.5.165&quot;,&quot;type&quot;:2,&quot;name&quot;:&quot;bond1&quot;,&quot;asi&quot;:0,&quot;rtmp&quot;:0,&quot;file&quot;:1,&quot;active&quot;:1,&quot;group&quot;:&quot;&quot;,&quot;bonded&quot;:[{&quot;host&quot;:&quot;10.7.0.66&quot;,&quot;port&quot;:2088,&quot;nic&quot;:&quot;10.7.0.65&quot;,&quot;limit&quot;:0,&quot;is_backup&quot;:0,&quot;bitrate&quot;:2797250,&quot;up_time&quot;:62,&quot;error_code&quot;:0,&quot;status_code&quot;:3,&quot;error_str&quot;:&quot;None&quot;,&quot;status_str&quot;:&quot;Connected&quot;},{&quot;host&quot;:&quot;192.168.60.66&quot;,&quot;port&quot;:2088,&quot;nic&quot;:&quot;192.168.50.65&quot;,&quot;limit&quot;:0,&quot;is_backup&quot;:0,&quot;bitrate&quot;:0,&quot;up_time&quot;:0,&quot;error_code&quot;:3,&quot;status_code&quot;:1,&quot;error_str&quot;:&quot;Timeout&quot;,&quot;status_str&quot;:&quot;Connecting&quot;},{&quot;host&quot;:&quot;192.168.5.166&quot;,&quot;port&quot;:2088,&quot;nic&quot;:&quot;192.168.5.165&quot;,&quot;limit&quot;:0,&quot;is_backup&quot;:0,&quot;bitrate&quot;:2872932,&quot;up_time&quot;:62,&quot;error_code&quot;:0,&quot;status_code&quot;:3,&quot;error_str&quot;:&quot;None&quot;,&quot;status_str&quot;:&quot;Connected&quot;}],&quot;error&quot;:&quot;None&quot;,&quot;con_stat&quot;:&quot;Disconnected&quot;,&quot;bitrate&quot;:5603836,&quot;dest&quot;:&quot;bonded/bonded1&quot;},{&quot;mip&quot;:&quot;4000.ts&quot;,&quot;port&quot;:0,&quot;ip&quot;:&quot;file&quot;,&quot;in_name&quot;:&quot;bond&quot;,&quot;in_active&quot;:1,&quot;in_active_sources&quot;:0,&quot;prg_name&quot;:&quot;&quot;,&quot;prg_prov&quot;:&quot;&quot;,&quot;prg_num&quot;:-1,&quot;chan&quot;:&quot;&quot;,&quot;chan_id&quot;:-1,&quot;id&quot;:&quot;zixi://bonded(bonded2)#10.7.0.66:2088@10.7.0.65,192.168.60.66:2088@192.168.50.65,192.168.5.166:2088@192.168.5.165&quot;,&quot;type&quot;:2,&quot;name&quot;:&quot;bond2&quot;,&quot;asi&quot;:0,&quot;rtmp&quot;:0,&quot;file&quot;:1,&quot;active&quot;:1,&quot;group&quot;:&quot;&quot;,&quot;bonded&quot;:[{&quot;host&quot;:&quot;10.7.0.66&quot;,&quot;port&quot;:2088,&quot;nic&quot;:&quot;10.7.0.65&quot;,&quot;limit&quot;:0,&quot;is_backup&quot;:0,&quot;bitrate&quot;:2823614,&quot;up_time&quot;:62,&quot;error_code&quot;:0,&quot;status_code&quot;:3,&quot;error_str&quot;:&quot;None&quot;,&quot;status_str&quot;:&quot;Connected&quot;},{&quot;host&quot;:&quot;192.168.60.66&quot;,&quot;port&quot;:2088,&quot;nic&quot;:&quot;192.168.50.65&quot;,&quot;limit&quot;:0,&quot;is_backup&quot;:0,&quot;bitrate&quot;:0,&quot;up_time&quot;:0,&quot;error_code&quot;:3,&quot;status_code&quot;:1,&quot;error_str&quot;:&quot;Timeout&quot;,&quot;status_str&quot;:&quot;Connecting&quot;},{&quot;host&quot;:&quot;192.168.5.166&quot;,&quot;port&quot;:2088,&quot;nic&quot;:&quot;192.168.5.165&quot;,&quot;limit&quot;:0,&quot;is_backup&quot;:0,&quot;bitrate&quot;:2844172,&quot;up_time&quot;:62,&quot;error_code&quot;:0,&quot;status_code&quot;:3,&quot;error_str&quot;:&quot;None&quot;,&quot;status_str&quot;:&quot;Connected&quot;}],&quot;error&quot;:&quot;None&quot;,&quot;con_stat&quot;:&quot;Disconnected&quot;,&quot;bitrate&quot;:5599424,&quot;dest&quot;:&quot;bonded/bonded2&quot;},{&quot;mip&quot;:&quot;4000.ts&quot;,&quot;port&quot;:0,&quot;ip&quot;:&quot;file&quot;,&quot;in_name&quot;:&quot;bond&quot;,&quot;in_active&quot;:1,&quot;in_active_sources&quot;:0,&quot;prg_name&quot;:&quot;&quot;,&quot;prg_prov&quot;:&quot;&quot;,&quot;prg_num&quot;:-1,&quot;chan&quot;:&quot;&quot;,&quot;chan_id&quot;:-1,&quot;id&quot;:&quot;zixi://bonded(bonded3)#10.7.0.66:2088@10.7.0.65,192.168.60.66:2088@192.168.50.65,192.168.5.166:2088@192.168.5.165&quot;,&quot;type&quot;:2,&quot;name&quot;:&quot;bond3&quot;,&quot;asi&quot;:0,&quot;rtmp&quot;:0,&quot;file&quot;:1,&quot;active&quot;:1,&quot;group&quot;:&quot;&quot;,&quot;bonded&quot;:[{&quot;host&quot;:&quot;10.7.0.66&quot;,&quot;port&quot;:2088,&quot;nic&quot;:&quot;10.7.0.65&quot;,&quot;limit&quot;:0,&quot;is_backup&quot;:0,&quot;bitrate&quot;:2870606,&quot;up_time&quot;:62,&quot;error_code&quot;:0,&quot;status_code&quot;:3,&quot;error_str&quot;:&quot;None&quot;,&quot;status_str&quot;:&quot;Connected&quot;},{&quot;host&quot;:&quot;192.168.60.66&quot;,&quot;port&quot;:2088,&quot;nic&quot;:&quot;192.168.50.65&quot;,&quot;limit&quot;:0,&quot;is_backup&quot;:0,&quot;bitrate&quot;:0,&quot;up_time&quot;:0,&quot;error_code&quot;:3,&quot;status_code&quot;:1,&quot;error_str&quot;:&quot;Timeout&quot;,&quot;status_str&quot;:&quot;Connecting&quot;},{&quot;host&quot;:&quot;192.168.5.166&quot;,&quot;port&quot;:2088,&quot;nic&quot;:&quot;192.168.5.165&quot;,&quot;limit&quot;:0,&quot;is_backup&quot;:0,&quot;bitrate&quot;:2815477,&quot;up_time&quot;:62,&quot;error_code&quot;:0,&quot;status_code&quot;:3,&quot;error_str&quot;:&quot;None&quot;,&quot;status_str&quot;:&quot;Connected&quot;}],&quot;error&quot;:&quot;None&quot;,&quot;con_stat&quot;:&quot;Disconnected&quot;,&quot;bitrate&quot;:5614785,&quot;dest&quot;:&quot;bonded/bonded3&quot;},{&quot;mip&quot;:&quot;4000.ts&quot;,&quot;port&quot;:0,&quot;ip&quot;:&quot;file&quot;,&quot;in_name&quot;:&quot;bond&quot;,&quot;in_active&quot;:1,&quot;in_active_sources&quot;:0,&quot;prg_name&quot;:&quot;&quot;,&quot;prg_prov&quot;:&quot;&quot;,&quot;prg_num&quot;:-1,&quot;chan&quot;:&quot;&quot;,&quot;chan_id&quot;:-1,&quot;id&quot;:&quot;zixi://bonded(bonded4)#10.7.0.66:2088@10.7.0.65,192.168.60.66:2088@192.168.50.65,192.168.5.166:2088@192.168.5.165&quot;,&quot;type&quot;:2,&quot;name&quot;:&quot;bond4&quot;,&quot;asi&quot;:0,&quot;rtmp&quot;:0,&quot;file&quot;:1,&quot;active&quot;:1,&quot;group&quot;:&quot;&quot;,&quot;bonded&quot;:[{&quot;host&quot;:&quot;10.7.0.66&quot;,&quot;port&quot;:2088,&quot;nic&quot;:&quot;10.7.0.65&quot;,&quot;limit&quot;:0,&quot;is_backup&quot;:0,&quot;bitrate&quot;:2793416,&quot;up_time&quot;:62,&quot;error_code&quot;:0,&quot;status_code&quot;:3,&quot;error_str&quot;:&quot;None&quot;,&quot;status_str&quot;:&quot;Connected&quot;},{&quot;host&quot;:&quot;192.168.60.66&quot;,&quot;port&quot;:2088,&quot;nic&quot;:&quot;192.168.50.65&quot;,&quot;limit&quot;:0,&quot;is_backup&quot;:0,&quot;bitrate&quot;:0,&quot;up_time&quot;:0,&quot;error_code&quot;:3,&quot;status_code&quot;:1,&quot;error_str&quot;:&quot;Timeout&quot;,&quot;status_str&quot;:&quot;Connecting&quot;},{&quot;host&quot;:&quot;192.168.5.166&quot;,&quot;port&quot;:2088,&quot;nic&quot;:&quot;192.168.5.165&quot;,&quot;limit&quot;:0,&quot;is_backup&quot;:0,&quot;bitrate&quot;:2883122,&quot;up_time&quot;:62,&quot;error_code&quot;:0,&quot;status_code&quot;:3,&quot;error_str&quot;:&quot;None&quot;,&quot;status_str&quot;:&quot;Connected&quot;}],&quot;error&quot;:&quot;None&quot;,&quot;con_stat&quot;:&quot;Disconnected&quot;,&quot;bitrate&quot;:5602181,&quot;dest&quot;:&quot;bonded/bonded4&quot;},{&quot;mip&quot;:&quot;4000.ts&quot;,&quot;port&quot;:0,&quot;ip&quot;:&quot;file&quot;,&quot;in_name&quot;:&quot;bond&quot;,&quot;in_active&quot;:1,&quot;in_active_sources&quot;:0,&quot;prg_name&quot;:&quot;&quot;,&quot;prg_prov&quot;:&quot;&quot;,&quot;prg_num&quot;:-1,&quot;chan&quot;:&quot;&quot;,&quot;chan_id&quot;:-1,&quot;id&quot;:&quot;zixi://bonded(bonded5)#10.7.0.66:2088@10.7.0.65,192.168.60.66:2088@192.168.50.65,192.168.5.166:2088@192.168.5.165&quot;,&quot;type&quot;:2,&quot;name&quot;:&quot;bond5&quot;,&quot;asi&quot;:0,&quot;rtmp&quot;:0,&quot;file&quot;:1,&quot;active&quot;:1,&quot;group&quot;:&quot;&quot;,&quot;bonded&quot;:[{&quot;host&quot;:&quot;10.7.0.66&quot;,&quot;port&quot;:2088,&quot;nic&quot;:&quot;10.7.0.65&quot;,&quot;limit&quot;:0,&quot;is_backup&quot;:0,&quot;bitrate&quot;:2901933,&quot;up_time&quot;:62,&quot;error_code&quot;:0,&quot;status_code&quot;:3,&quot;error_str&quot;:&quot;None&quot;,&quot;status_str&quot;:&quot;Connected&quot;},{&quot;host&quot;:&quot;192.168.60.66&quot;,&quot;port&quot;:2088,&quot;nic&quot;:&quot;192.168.50.65&quot;,&quot;limit&quot;:0,&quot;is_backup&quot;:0,&quot;bitrate&quot;:0,&quot;up_time&quot;:0,&quot;error_code&quot;:3,&quot;status_code&quot;:1,&quot;error_str&quot;:&quot;Timeout&quot;,&quot;status_str&quot;:&quot;Connecting&quot;},{&quot;host&quot;:&quot;192.168.5.166&quot;,&quot;port&quot;:2088,&quot;nic&quot;:&quot;192.168.5.165&quot;,&quot;limit&quot;:0,&quot;is_backup&quot;:0,&quot;bitrate&quot;:2788192,&quot;up_time&quot;:62,&quot;error_code&quot;:0,&quot;status_code&quot;:3,&quot;error_str&quot;:&quot;None&quot;,&quot;status_str&quot;:&quot;Connected&quot;}],&quot;error&quot;:&quot;None&quot;,&quot;con_stat&quot;:&quot;Disconnected&quot;,&quot;bitrate&quot;:5623440,&quot;dest&quot;:&quot;bonded/bonded5&quot;},{&quot;mip&quot;:&quot;4000.ts&quot;,&quot;port&quot;:0,&quot;ip&quot;:&quot;file&quot;,&quot;in_name&quot;:&quot;bond&quot;,&quot;in_active&quot;:1,&quot;in_active_sources&quot;:0,&quot;prg_name&quot;:&quot;&quot;,&quot;prg_prov&quot;:&quot;&quot;,&quot;prg_num&quot;:-1,&quot;chan&quot;:&quot;&quot;,&quot;chan_id&quot;:-1,&quot;id&quot;:&quot;zixi://bonded(bonded6)#10.7.0.66:2088@10.7.0.65,192.168.60.66:2088@192.168.50.65,192.168.5.166:2088@192.168.5.165&quot;,&quot;type&quot;:2,&quot;name&quot;:&quot;bond6&quot;,&quot;asi&quot;:0,&quot;rtmp&quot;:0,&quot;file&quot;:1,&quot;active&quot;:1,&quot;group&quot;:&quot;&quot;,&quot;bonded&quot;:[{&quot;host&quot;:&quot;10.7.0.66&quot;,&quot;port&quot;:2088,&quot;nic&quot;:&quot;10.7.0.65&quot;,&quot;limit&quot;:0,&quot;is_backup&quot;:0,&quot;bitrate&quot;:2861013,&quot;up_time&quot;:62,&quot;error_code&quot;:0,&quot;status_code&quot;:3,&quot;error_str&quot;:&quot;None&quot;,&quot;status_str&quot;:&quot;Connected&quot;},{&quot;host&quot;:&quot;192.168.60.66&quot;,&quot;port&quot;:2088,&quot;nic&quot;:&quot;192.168.50.65&quot;,&quot;limit&quot;:0,&quot;is_backup&quot;:0,&quot;bitrate&quot;:0,&quot;up_time&quot;:0,&quot;error_code&quot;:3,&quot;status_code&quot;:1,&quot;error_str&quot;:&quot;Timeout&quot;,&quot;status_str&quot;:&quot;Connecting&quot;},{&quot;host&quot;:&quot;192.168.5.166&quot;,&quot;port&quot;:2088,&quot;nic&quot;:&quot;192.168.5.165&quot;,&quot;limit&quot;:0,&quot;is_backup&quot;:0,&quot;bitrate&quot;:2812273,&quot;up_time&quot;:62,&quot;error_code&quot;:0,&quot;status_code&quot;:3,&quot;error_str&quot;:&quot;None&quot;,&quot;status_str&quot;:&quot;Connected&quot;}],&quot;error&quot;:&quot;None&quot;,&quot;con_stat&quot;:&quot;Disconnected&quot;,&quot;bitrate&quot;:5612683,&quot;dest&quot;:&quot;bonded/bonded6&quot;},{&quot;mip&quot;:&quot;4000.ts&quot;,&quot;port&quot;:0,&quot;ip&quot;:&quot;file&quot;,&quot;in_name&quot;:&quot;bond&quot;,&quot;in_active&quot;:1,&quot;in_active_sources&quot;:0,&quot;prg_name&quot;:&quot;&quot;,&quot;prg_prov&quot;:&quot;&quot;,&quot;prg_num&quot;:-1,&quot;chan&quot;:&quot;&quot;,&quot;chan_id&quot;:-1,&quot;id&quot;:&quot;zixi://bonded(bonded8)#10.7.0.66:2088@10.7.0.65,192.168.60.66:2088@192.168.50.65,192.168.5.166:2088@192.168.5.165&quot;,&quot;type&quot;:2,&quot;name&quot;:&quot;bond8&quot;,&quot;asi&quot;:0,&quot;rtmp&quot;:0,&quot;file&quot;:1,&quot;active&quot;:1,&quot;group&quot;:&quot;&quot;,&quot;bonded&quot;:[{&quot;host&quot;:&quot;10.7.0.66&quot;,&quot;port&quot;:2088,&quot;nic&quot;:&quot;10.7.0.65&quot;,&quot;limit&quot;:0,&quot;is_backup&quot;:0,&quot;bitrate&quot;:2823116,&quot;up_time&quot;:62,&quot;error_code&quot;:0,&quot;status_code&quot;:3,&quot;error_str&quot;:&quot;None&quot;,&quot;status_str&quot;:&quot;Connected&quot;},{&quot;host&quot;:&quot;192.168.60.66&quot;,&quot;port&quot;:2088,&quot;nic&quot;:&quot;192.168.50.65&quot;,&quot;limit&quot;:0,&quot;is_backup&quot;:0,&quot;bitrate&quot;:0,&quot;up_time&quot;:0,&quot;error_code&quot;:3,&quot;status_code&quot;:1,&quot;error_str&quot;:&quot;Timeout&quot;,&quot;status_str&quot;:&quot;Connecting&quot;},{&quot;host&quot;:&quot;192.168.5.166&quot;,&quot;port&quot;:2088,&quot;nic&quot;:&quot;192.168.5.165&quot;,&quot;limit&quot;:0,&quot;is_backup&quot;:0,&quot;bitrate&quot;:2838254,&quot;up_time&quot;:62,&quot;error_code&quot;:0,&quot;status_code&quot;:3,&quot;error_str&quot;:&quot;None&quot;,&quot;status_str&quot;:&quot;Connected&quot;}],&quot;error&quot;:&quot;None&quot;,&quot;con_stat&quot;:&quot;Disconnected&quot;,&quot;bitrate&quot;:5611548,&quot;dest&quot;:&quot;bonded/bonded8&quot;},{&quot;mip&quot;:&quot;4000.ts&quot;,&quot;port&quot;:0,&quot;ip&quot;:&quot;file&quot;,&quot;in_name&quot;:&quot;bond&quot;,&quot;in_active&quot;:1,&quot;in_active_sources&quot;:0,&quot;prg_name&quot;:&quot;&quot;,&quot;prg_prov&quot;:&quot;&quot;,&quot;prg_num&quot;:-1,&quot;chan&quot;:&quot;&quot;,&quot;chan_id&quot;:-1,&quot;id&quot;:&quot;zixi://bonded(bonded7)#10.7.0.66:2088@10.7.0.65,192.168.60.66:2088@192.168.50.65,192.168.5.166:2088@192.168.5.165&quot;,&quot;type&quot;:2,&quot;name&quot;:&quot;bond7&quot;,&quot;asi&quot;:0,&quot;rtmp&quot;:0,&quot;file&quot;:1,&quot;active&quot;:1,&quot;group&quot;:&quot;&quot;,&quot;bonded&quot;:[{&quot;host&quot;:&quot;10.7.0.66&quot;,&quot;port&quot;:2088,&quot;nic&quot;:&quot;10.7.0.65&quot;,&quot;limit&quot;:0,&quot;is_backup&quot;:0,&quot;bitrate&quot;:2779582,&quot;up_time&quot;:62,&quot;error_code&quot;:0,&quot;status_code&quot;:3,&quot;error_str&quot;:&quot;None&quot;,&quot;status_str&quot;:&quot;Connected&quot;},{&quot;host&quot;:&quot;192.168.60.66&quot;,&quot;port&quot;:2088,&quot;nic&quot;:&quot;192.168.50.65&quot;,&quot;limit&quot;:0,&quot;is_backup&quot;:0,&quot;bitrate&quot;:0,&quot;up_time&quot;:0,&quot;error_code&quot;:3,&quot;status_code&quot;:1,&quot;error_str&quot;:&quot;Timeout&quot;,&quot;status_str&quot;:&quot;Connecting&quot;},{&quot;host&quot;:&quot;192.168.5.166&quot;,&quot;port&quot;:2088,&quot;nic&quot;:&quot;192.168.5.165&quot;,&quot;limit&quot;:0,&quot;is_backup&quot;:0,&quot;bitrate&quot;:2881369,&quot;up_time&quot;:62,&quot;error_code&quot;:0,&quot;status_code&quot;:3,&quot;error_str&quot;:&quot;None&quot;,&quot;status_str&quot;:&quot;Connected&quot;}],&quot;error&quot;:&quot;None&quot;,&quot;con_stat&quot;:&quot;Disconnected&quot;,&quot;bitrate&quot;:5595592,&quot;dest&quot;:&quot;bonded/bonded7&quot;},{&quot;mip&quot;:&quot;4000.ts&quot;,&quot;port&quot;:0,&quot;ip&quot;:&quot;file&quot;,&quot;in_name&quot;:&quot;bond&quot;,&quot;in_active&quot;:1,&quot;in_active_sources&quot;:0,&quot;prg_name&quot;:&quot;&quot;,&quot;prg_prov&quot;:&quot;&quot;,&quot;prg_num&quot;:-1,&quot;chan&quot;:&quot;&quot;,&quot;chan_id&quot;:-1,&quot;id&quot;:&quot;zixi://bonded(bonded14)#10.7.0.66:2088@10.7.0.65,192.168.60.66:2088@192.168.50.65,192.168.5.166:2088@192.168.5.165&quot;,&quot;type&quot;:2,&quot;name&quot;:&quot;bond14&quot;,&quot;asi&quot;:0,&quot;rtmp&quot;:0,&quot;file&quot;:1,&quot;active&quot;:1,&quot;group&quot;:&quot;&quot;,&quot;bonded&quot;:[{&quot;host&quot;:&quot;10.7.0.66&quot;,&quot;port&quot;:2088,&quot;nic&quot;:&quot;10.7.0.65&quot;,&quot;limit&quot;:0,&quot;is_backup&quot;:0,&quot;bitrate&quot;:2889705,&quot;up_time&quot;:62,&quot;error_code&quot;:0,&quot;status_code&quot;:3,&quot;error_str&quot;:&quot;None&quot;,&quot;status_str&quot;:&quot;Connected&quot;},{&quot;host&quot;:&quot;192.168.60.66&quot;,&quot;port&quot;:2088,&quot;nic&quot;:&quot;192.168.50.65&quot;,&quot;limit&quot;:0,&quot;is_backup&quot;:0,&quot;bitrate&quot;:0,&quot;up_time&quot;:0,&quot;error_code&quot;:3,&quot;status_code&quot;:1,&quot;error_str&quot;:&quot;Timeout&quot;,&quot;status_str&quot;:&quot;Connecting&quot;},{&quot;host&quot;:&quot;192.168.5.166&quot;,&quot;port&quot;:2088,&quot;nic&quot;:&quot;192.168.5.165&quot;,&quot;limit&quot;:0,&quot;is_backup&quot;:0,&quot;bitrate&quot;:2779265,&quot;up_time&quot;:62,&quot;error_code&quot;:0,&quot;status_code&quot;:3,&quot;error_str&quot;:&quot;None&quot;,&quot;status_str&quot;:&quot;Connected&quot;}],&quot;error&quot;:&quot;None&quot;,&quot;con_stat&quot;:&quot;Disconnected&quot;,&quot;bitrate&quot;:5621946,&quot;dest&quot;:&quot;bonded/bonded14&quot;},{&quot;mip&quot;:&quot;4000.ts&quot;,&quot;port&quot;:0,&quot;ip&quot;:&quot;file&quot;,&quot;in_name&quot;:&quot;bond&quot;,&quot;in_active&quot;:1,&quot;in_active_sources&quot;:0,&quot;prg_name&quot;:&quot;&quot;,&quot;prg_prov&quot;:&quot;&quot;,&quot;prg_num&quot;:-1,&quot;chan&quot;:&quot;&quot;,&quot;chan_id&quot;:-1,&quot;id&quot;:&quot;zixi://bonded(bonded15)#10.7.0.66:2088@10.7.0.65,192.168.60.66:2088@192.168.50.65,192.168.5.166:2088@192.168.5.165&quot;,&quot;type&quot;:2,&quot;name&quot;:&quot;bond15&quot;,&quot;asi&quot;:0,&quot;rtmp&quot;:0,&quot;file&quot;:1,&quot;active&quot;:1,&quot;group&quot;:&quot;&quot;,&quot;bonded&quot;:[{&quot;host&quot;:&quot;10.7.0.66&quot;,&quot;port&quot;:2088,&quot;nic&quot;:&quot;10.7.0.65&quot;,&quot;limit&quot;:0,&quot;is_backup&quot;:0,&quot;bitrate&quot;:2849547,&quot;up_time&quot;:62,&quot;error_code&quot;:0,&quot;status_code&quot;:3,&quot;error_str&quot;:&quot;None&quot;,&quot;status_str&quot;:&quot;Connected&quot;},{&quot;host&quot;:&quot;192.168.60.66&quot;,&quot;port&quot;:2088,&quot;nic&quot;:&quot;192.168.50.65&quot;,&quot;limit&quot;:0,&quot;is_backup&quot;:0,&quot;bitrate&quot;:0,&quot;up_time&quot;:0,&quot;error_code&quot;:3,&quot;status_code&quot;:1,&quot;error_str&quot;:&quot;Timeout&quot;,&quot;status_str&quot;:&quot;Connecting&quot;},{&quot;host&quot;:&quot;192.168.5.166&quot;,&quot;port&quot;:2088,&quot;nic&quot;:&quot;192.168.5.165&quot;,&quot;limit&quot;:0,&quot;is_backup&quot;:0,&quot;bitrate&quot;:2819751,&quot;up_time&quot;:62,&quot;error_code&quot;:0,&quot;status_code&quot;:3,&quot;error_str&quot;:&quot;None&quot;,&quot;status_str&quot;:&quot;Connected&quot;}],&quot;error&quot;:&quot;None&quot;,&quot;con_stat&quot;:&quot;Disconnected&quot;,&quot;bitrate&quot;:5611476,&quot;dest&quot;:&quot;bonded/bonded15&quot;},{&quot;mip&quot;:&quot;4000.ts&quot;,&quot;port&quot;:0,&quot;ip&quot;:&quot;file&quot;,&quot;in_name&quot;:&quot;bond&quot;,&quot;in_active&quot;:1,&quot;in_active_sources&quot;:0,&quot;prg_name&quot;:&quot;&quot;,&quot;prg_prov&quot;:&quot;&quot;,&quot;prg_num&quot;:-1,&quot;chan&quot;:&quot;&quot;,&quot;chan_id&quot;:-1,&quot;id&quot;:&quot;zixi://bonded(bonded10)#10.7.0.66:2088@10.7.0.65,192.168.60.66:2088@192.168.50.65,192.168.5.166:2088@192.168.5.165&quot;,&quot;type&quot;:2,&quot;name&quot;:&quot;bond10&quot;,&quot;asi&quot;:0,&quot;rtmp&quot;:0,&quot;file&quot;:1,&quot;active&quot;:1,&quot;group&quot;:&quot;&quot;,&quot;bonded&quot;:[{&quot;host&quot;:&quot;10.7.0.66&quot;,&quot;port&quot;:2088,&quot;nic&quot;:&quot;10.7.0.65&quot;,&quot;limit&quot;:0,&quot;is_backup&quot;:0,&quot;bitrate&quot;:2844362,&quot;up_time&quot;:62,&quot;error_code&quot;:0,&quot;status_code&quot;:3,&quot;error_str&quot;:&quot;None&quot;,&quot;status_str&quot;:&quot;Connected&quot;},{&quot;host&quot;:&quot;192.168.60.66&quot;,&quot;port&quot;:2088,&quot;nic&quot;:&quot;192.168.50.65&quot;,&quot;limit&quot;:0,&quot;is_backup&quot;:0,&quot;bitrate&quot;:0,&quot;up_time&quot;:0,&quot;error_code&quot;:3,&quot;status_code&quot;:1,&quot;error_str&quot;:&quot;Timeout&quot;,&quot;status_str&quot;:&quot;Connecting&quot;},{&quot;host&quot;:&quot;192.168.5.166&quot;,&quot;port&quot;:2088,&quot;nic&quot;:&quot;192.168.5.165&quot;,&quot;limit&quot;:0,&quot;is_backup&quot;:0,&quot;bitrate&quot;:2823903,&quot;up_time&quot;:62,&quot;error_code&quot;:0,&quot;status_code&quot;:3,&quot;error_str&quot;:&quot;None&quot;,&quot;status_str&quot;:&quot;Connected&quot;}],&quot;error&quot;:&quot;None&quot;,&quot;con_stat&quot;:&quot;Disconnected&quot;,&quot;bitrate&quot;:5596352,&quot;dest&quot;:&quot;bonded/bonded10&quot;}]}
Debug printing ------&gt;&gt;&gt; {&quot;custom_data&quot;:&quot;&quot;,&quot;msg&quot;:&quot;Output deleted.&quot;,&quot;error&quot;:&quot;&quot;,&quot;outs&quot;:[{&quot;mip&quot;:&quot;live_recording.ts&quot;,&quot;port&quot;:0,&quot;ip&quot;:&quot;file&quot;,&quot;in_name&quot;:&quot;feederoutputname&quot;,&quot;in_active&quot;:1,&quot;in_active_sources&quot;:0,&quot;prg_name&quot;:&quot;&quot;,&quot;prg_prov&quot;:&quot;&quot;,&quot;prg_num&quot;:1,&quot;chan&quot;:&quot;&quot;,&quot;chan_id&quot;:-1,&quot;id&quot;:&quot;zixi://10.7.0.66:2088/feederout&quot;,&quot;type&quot;:2,&quot;name&quot;:&quot;feederoutputname&quot;,&quot;asi&quot;:0,&quot;rtmp&quot;:0,&quot;file&quot;:1,&quot;active&quot;:1,&quot;group&quot;:&quot;&quot;,&quot;error&quot;:&quot;Authentication&quot;,&quot;con_stat&quot;:&quot;Disconnected&quot;,&quot;bitrate&quot;:0,&quot;dest&quot;:&quot;10.7.0.66:2088/feederout&quot;},{&quot;mip&quot;:&quot;4000.ts&quot;,&quot;port&quot;:0,&quot;ip&quot;:&quot;file&quot;,&quot;in_name&quot;:&quot;bond&quot;,&quot;in_active&quot;:1,&quot;in_active_sources&quot;:0,&quot;prg_name&quot;:&quot;&quot;,&quot;prg_prov&quot;:&quot;&quot;,&quot;prg_num&quot;:-1,&quot;chan&quot;:&quot;&quot;,&quot;chan_id&quot;:-1,&quot;id&quot;:&quot;zixi://bonded(bonded0)#10.7.0.66:2088@10.7.0.65,192.168.60.66:2088@192.168.50.65,192.168.5.166:2088@192.168.5.165&quot;,&quot;type&quot;:2,&quot;name&quot;:&quot;bond0&quot;,&quot;asi&quot;:0,&quot;rtmp&quot;:0,&quot;file&quot;:1,&quot;active&quot;:1,&quot;group&quot;:&quot;&quot;,&quot;bonded&quot;:[{&quot;host&quot;:&quot;10.7.0.66&quot;,&quot;port&quot;:2088,&quot;nic&quot;:&quot;10.7.0.65&quot;,&quot;limit&quot;:0,&quot;is_backup&quot;:0,&quot;bitrate&quot;:2818749,&quot;up_time&quot;:62,&quot;error_code&quot;:0,&quot;status_code&quot;:3,&quot;error_str&quot;:&quot;None&quot;,&quot;status_str&quot;:&quot;Connected&quot;},{&quot;host&quot;:&quot;192.168.60.66&quot;,&quot;port&quot;:2088,&quot;nic&quot;:&quot;192.168.50.65&quot;,&quot;limit&quot;:0,&quot;is_backup&quot;:0,&quot;bitrate&quot;:0,&quot;up_time&quot;:0,&quot;error_code&quot;:3,&quot;status_code&quot;:1,&quot;error_str&quot;:&quot;Timeout&quot;,&quot;status_str&quot;:&quot;Connecting&quot;},{&quot;host&quot;:&quot;192.168.5.166&quot;,&quot;port&quot;:2088,&quot;nic&quot;:&quot;192.168.5.165&quot;,&quot;limit&quot;:0,&quot;is_backup&quot;:0,&quot;bitrate&quot;:2851191,&quot;up_time&quot;:62,&quot;error_code&quot;:0,&quot;status_code&quot;:3,&quot;error_str&quot;:&quot;None&quot;,&quot;status_str&quot;:&quot;Connected&quot;}],&quot;error&quot;:&quot;None&quot;,&quot;con_stat&quot;:&quot;Disconnected&quot;,&quot;bitrate&quot;:5603660,&quot;dest&quot;:&quot;bonded/bonded0&quot;},{&quot;mip&quot;:&quot;4000.ts&quot;,&quot;port&quot;:0,&quot;ip&quot;:&quot;file&quot;,&quot;in_name&quot;:&quot;bond&quot;,&quot;in_active&quot;:1,&quot;in_active_sources&quot;:0,&quot;prg_name&quot;:&quot;&quot;,&quot;prg_prov&quot;:&quot;&quot;,&quot;prg_num&quot;:-1,&quot;chan&quot;:&quot;&quot;,&quot;chan_id&quot;:-1,&quot;id&quot;:&quot;zixi://bonded(bonded1)#10.7.0.66:2088@10.7.0.65,192.168.60.66:2088@192.168.50.65,192.168.5.166:2088@192.168.5.165&quot;,&quot;type&quot;:2,&quot;name&quot;:&quot;bond1&quot;,&quot;asi&quot;:0,&quot;rtmp&quot;:0,&quot;file&quot;:1,&quot;active&quot;:1,&quot;group&quot;:&quot;&quot;,&quot;bonded&quot;:[{&quot;host&quot;:&quot;10.7.0.66&quot;,&quot;port&quot;:2088,&quot;nic&quot;:&quot;10.7.0.65&quot;,&quot;limit&quot;:0,&quot;is_backup&quot;:0,&quot;bitrate&quot;:2797250,&quot;up_time&quot;:62,&quot;error_code&quot;:0,&quot;status_code&quot;:3,&quot;error_str&quot;:&quot;None&quot;,&quot;status_str&quot;:&quot;Connected&quot;},{&quot;host&quot;:&quot;192.168.60.66&quot;,&quot;port&quot;:2088,&quot;nic&quot;:&quot;192.168.50.65&quot;,&quot;limit&quot;:0,&quot;is_backup&quot;:0,&quot;bitrate&quot;:0,&quot;up_time&quot;:0,&quot;error_code&quot;:3,&quot;status_code&quot;:1,&quot;error_str&quot;:&quot;Timeout&quot;,&quot;status_str&quot;:&quot;Connecting&quot;},{&quot;host&quot;:&quot;192.168.5.166&quot;,&quot;port&quot;:2088,&quot;nic&quot;:&quot;192.168.5.165&quot;,&quot;limit&quot;:0,&quot;is_backup&quot;:0,&quot;bitrate&quot;:2872932,&quot;up_time&quot;:62,&quot;error_code&quot;:0,&quot;status_code&quot;:3,&quot;error_str&quot;:&quot;None&quot;,&quot;status_str&quot;:&quot;Connected&quot;}],&quot;error&quot;:&quot;None&quot;,&quot;con_stat&quot;:&quot;Disconnected&quot;,&quot;bitrate&quot;:5603836,&quot;dest&quot;:&quot;bonded/bonded1&quot;},{&quot;mip&quot;:&quot;4000.ts&quot;,&quot;port&quot;:0,&quot;ip&quot;:&quot;file&quot;,&quot;in_name&quot;:&quot;bond&quot;,&quot;in_active&quot;:1,&quot;in_active_sources&quot;:0,&quot;prg_name&quot;:&quot;&quot;,&quot;prg_prov&quot;:&quot;&quot;,&quot;prg_num&quot;:-1,&quot;chan&quot;:&quot;&quot;,&quot;chan_id&quot;:-1,&quot;id&quot;:&quot;zixi://bonded(bonded2)#10.7.0.66:2088@10.7.0.65,192.168.60.66:2088@192.168.50.65,192.168.5.166:2088@192.168.5.165&quot;,&quot;type&quot;:2,&quot;name&quot;:&quot;bond2&quot;,&quot;asi&quot;:0,&quot;rtmp&quot;:0,&quot;file&quot;:1,&quot;active&quot;:1,&quot;group&quot;:&quot;&quot;,&quot;bonded&quot;:[{&quot;host&quot;:&quot;10.7.0.66&quot;,&quot;port&quot;:2088,&quot;nic&quot;:&quot;10.7.0.65&quot;,&quot;limit&quot;:0,&quot;is_backup&quot;:0,&quot;bitrate&quot;:2823614,&quot;up_time&quot;:62,&quot;error_code&quot;:0,&quot;status_code&quot;:3,&quot;error_str&quot;:&quot;None&quot;,&quot;status_str&quot;:&quot;Connected&quot;},{&quot;host&quot;:&quot;192.168.60.66&quot;,&quot;port&quot;:2088,&quot;nic&quot;:&quot;192.168.50.65&quot;,&quot;limit&quot;:0,&quot;is_backup&quot;:0,&quot;bitrate&quot;:0,&quot;up_time&quot;:0,&quot;error_code&quot;:3,&quot;status_code&quot;:1,&quot;error_str&quot;:&quot;Timeout&quot;,&quot;status_str&quot;:&quot;Connecting&quot;},{&quot;host&quot;:&quot;192.168.5.166&quot;,&quot;port&quot;:2088,&quot;nic&quot;:&quot;192.168.5.165&quot;,&quot;limit&quot;:0,&quot;is_backup&quot;:0,&quot;bitrate&quot;:2844172,&quot;up_time&quot;:62,&quot;error_code&quot;:0,&quot;status_code&quot;:3,&quot;error_str&quot;:&quot;None&quot;,&quot;status_str&quot;:&quot;Connected&quot;}],&quot;error&quot;:&quot;None&quot;,&quot;con_stat&quot;:&quot;Disconnected&quot;,&quot;bitrate&quot;:5599424,&quot;dest&quot;:&quot;bonded/bonded2&quot;},{&quot;mip&quot;:&quot;4000.ts&quot;,&quot;port&quot;:0,&quot;ip&quot;:&quot;file&quot;,&quot;in_name&quot;:&quot;bond&quot;,&quot;in_active&quot;:1,&quot;in_active_sources&quot;:0,&quot;prg_name&quot;:&quot;&quot;,&quot;prg_prov&quot;:&quot;&quot;,&quot;prg_num&quot;:-1,&quot;chan&quot;:&quot;&quot;,&quot;chan_id&quot;:-1,&quot;id&quot;:&quot;zixi://bonded(bonded3)#10.7.0.66:2088@10.7.0.65,192.168.60.66:2088@192.168.50.65,192.168.5.166:2088@192.168.5.165&quot;,&quot;type&quot;:2,&quot;name&quot;:&quot;bond3&quot;,&quot;asi&quot;:0,&quot;rtmp&quot;:0,&quot;file&quot;:1,&quot;active&quot;:1,&quot;group&quot;:&quot;&quot;,&quot;bonded&quot;:[{&quot;host&quot;:&quot;10.7.0.66&quot;,&quot;port&quot;:2088,&quot;nic&quot;:&quot;10.7.0.65&quot;,&quot;limit&quot;:0,&quot;is_backup&quot;:0,&quot;bitrate&quot;:2870606,&quot;up_time&quot;:62,&quot;error_code&quot;:0,&quot;status_code&quot;:3,&quot;error_str&quot;:&quot;None&quot;,&quot;status_str&quot;:&quot;Connected&quot;},{&quot;host&quot;:&quot;192.168.60.66&quot;,&quot;port&quot;:2088,&quot;nic&quot;:&quot;192.168.50.65&quot;,&quot;limit&quot;:0,&quot;is_backup&quot;:0,&quot;bitrate&quot;:0,&quot;up_time&quot;:0,&quot;error_code&quot;:3,&quot;status_code&quot;:1,&quot;error_str&quot;:&quot;Timeout&quot;,&quot;status_str&quot;:&quot;Connecting&quot;},{&quot;host&quot;:&quot;192.168.5.166&quot;,&quot;port&quot;:2088,&quot;nic&quot;:&quot;192.168.5.165&quot;,&quot;limit&quot;:0,&quot;is_backup&quot;:0,&quot;bitrate&quot;:2815477,&quot;up_time&quot;:62,&quot;error_code&quot;:0,&quot;status_code&quot;:3,&quot;error_str&quot;:&quot;None&quot;,&quot;status_str&quot;:&quot;Connected&quot;}],&quot;error&quot;:&quot;None&quot;,&quot;con_stat&quot;:&quot;Disconnected&quot;,&quot;bitrate&quot;:5614785,&quot;dest&quot;:&quot;bonded/bonded3&quot;},{&quot;mip&quot;:&quot;4000.ts&quot;,&quot;port&quot;:0,&quot;ip&quot;:&quot;file&quot;,&quot;in_name&quot;:&quot;bond&quot;,&quot;in_active&quot;:1,&quot;in_active_sources&quot;:0,&quot;prg_name&quot;:&quot;&quot;,&quot;prg_prov&quot;:&quot;&quot;,&quot;prg_num&quot;:-1,&quot;chan&quot;:&quot;&quot;,&quot;chan_id&quot;:-1,&quot;id&quot;:&quot;zixi://bonded(bonded4)#10.7.0.66:2088@10.7.0.65,192.168.60.66:2088@192.168.50.65,192.168.5.166:2088@192.168.5.165&quot;,&quot;type&quot;:2,&quot;name&quot;:&quot;bond4&quot;,&quot;asi&quot;:0,&quot;rtmp&quot;:0,&quot;file&quot;:1,&quot;active&quot;:1,&quot;group&quot;:&quot;&quot;,&quot;bonded&quot;:[{&quot;host&quot;:&quot;10.7.0.66&quot;,&quot;port&quot;:2088,&quot;nic&quot;:&quot;10.7.0.65&quot;,&quot;limit&quot;:0,&quot;is_backup&quot;:0,&quot;bitrate&quot;:2793416,&quot;up_time&quot;:62,&quot;error_code&quot;:0,&quot;status_code&quot;:3,&quot;error_str&quot;:&quot;None&quot;,&quot;status_str&quot;:&quot;Connected&quot;},{&quot;host&quot;:&quot;192.168.60.66&quot;,&quot;port&quot;:2088,&quot;nic&quot;:&quot;192.168.50.65&quot;,&quot;limit&quot;:0,&quot;is_backup&quot;:0,&quot;bitrate&quot;:0,&quot;up_time&quot;:0,&quot;error_code&quot;:3,&quot;status_code&quot;:1,&quot;error_str&quot;:&quot;Timeout&quot;,&quot;status_str&quot;:&quot;Connecting&quot;},{&quot;host&quot;:&quot;192.168.5.166&quot;,&quot;port&quot;:2088,&quot;nic&quot;:&quot;192.168.5.165&quot;,&quot;limit&quot;:0,&quot;is_backup&quot;:0,&quot;bitrate&quot;:2883122,&quot;up_time&quot;:62,&quot;error_code&quot;:0,&quot;status_code&quot;:3,&quot;error_str&quot;:&quot;None&quot;,&quot;status_str&quot;:&quot;Connected&quot;}],&quot;error&quot;:&quot;None&quot;,&quot;con_stat&quot;:&quot;Disconnected&quot;,&quot;bitrate&quot;:5602181,&quot;dest&quot;:&quot;bonded/bonded4&quot;},{&quot;mip&quot;:&quot;4000.ts&quot;,&quot;port&quot;:0,&quot;ip&quot;:&quot;file&quot;,&quot;in_name&quot;:&quot;bond&quot;,&quot;in_active&quot;:1,&quot;in_active_sources&quot;:0,&quot;prg_name&quot;:&quot;&quot;,&quot;prg_prov&quot;:&quot;&quot;,&quot;prg_num&quot;:-1,&quot;chan&quot;:&quot;&quot;,&quot;chan_id&quot;:-1,&quot;id&quot;:&quot;zixi://bonded(bonded5)#10.7.0.66:2088@10.7.0.65,192.168.60.66:2088@192.168.50.65,192.168.5.166:2088@192.168.5.165&quot;,&quot;type&quot;:2,&quot;name&quot;:&quot;bond5&quot;,&quot;asi&quot;:0,&quot;rtmp&quot;:0,&quot;file&quot;:1,&quot;active&quot;:1,&quot;group&quot;:&quot;&quot;,&quot;bonded&quot;:[{&quot;host&quot;:&quot;10.7.0.66&quot;,&quot;port&quot;:2088,&quot;nic&quot;:&quot;10.7.0.65&quot;,&quot;limit&quot;:0,&quot;is_backup&quot;:0,&quot;bitrate&quot;:2901933,&quot;up_time&quot;:62,&quot;error_code&quot;:0,&quot;status_code&quot;:3,&quot;error_str&quot;:&quot;None&quot;,&quot;status_str&quot;:&quot;Connected&quot;},{&quot;host&quot;:&quot;192.168.60.66&quot;,&quot;port&quot;:2088,&quot;nic&quot;:&quot;192.168.50.65&quot;,&quot;limit&quot;:0,&quot;is_backup&quot;:0,&quot;bitrate&quot;:0,&quot;up_time&quot;:0,&quot;error_code&quot;:3,&quot;status_code&quot;:1,&quot;error_str&quot;:&quot;Timeout&quot;,&quot;status_str&quot;:&quot;Connecting&quot;},{&quot;host&quot;:&quot;192.168.5.166&quot;,&quot;port&quot;:2088,&quot;nic&quot;:&quot;192.168.5.165&quot;,&quot;limit&quot;:0,&quot;is_backup&quot;:0,&quot;bitrate&quot;:2788192,&quot;up_time&quot;:62,&quot;error_code&quot;:0,&quot;status_code&quot;:3,&quot;error_str&quot;:&quot;None&quot;,&quot;status_str&quot;:&quot;Connected&quot;}],&quot;error&quot;:&quot;None&quot;,&quot;con_stat&quot;:&quot;Disconnected&quot;,&quot;bitrate&quot;:5623440,&quot;dest&quot;:&quot;bonded/bonded5&quot;},{&quot;mip&quot;:&quot;4000.ts&quot;,&quot;port&quot;:0,&quot;ip&quot;:&quot;file&quot;,&quot;in_name&quot;:&quot;bond&quot;,&quot;in_active&quot;:1,&quot;in_active_sources&quot;:0,&quot;prg_name&quot;:&quot;&quot;,&quot;prg_prov&quot;:&quot;&quot;,&quot;prg_num&quot;:-1,&quot;chan&quot;:&quot;&quot;,&quot;chan_id&quot;:-1,&quot;id&quot;:&quot;zixi://bonded(bonded6)#10.7.0.66:2088@10.7.0.65,192.168.60.66:2088@192.168.50.65,192.168.5.166:2088@192.168.5.165&quot;,&quot;type&quot;:2,&quot;name&quot;:&quot;bond6&quot;,&quot;asi&quot;:0,&quot;rtmp&quot;:0,&quot;file&quot;:1,&quot;active&quot;:1,&quot;group&quot;:&quot;&quot;,&quot;bonded&quot;:[{&quot;host&quot;:&quot;10.7.0.66&quot;,&quot;port&quot;:2088,&quot;nic&quot;:&quot;10.7.0.65&quot;,&quot;limit&quot;:0,&quot;is_backup&quot;:0,&quot;bitrate&quot;:2861013,&quot;up_time&quot;:62,&quot;error_code&quot;:0,&quot;status_code&quot;:3,&quot;error_str&quot;:&quot;None&quot;,&quot;status_str&quot;:&quot;Connected&quot;},{&quot;host&quot;:&quot;192.168.60.66&quot;,&quot;port&quot;:2088,&quot;nic&quot;:&quot;192.168.50.65&quot;,&quot;limit&quot;:0,&quot;is_backup&quot;:0,&quot;bitrate&quot;:0,&quot;up_time&quot;:0,&quot;error_code&quot;:3,&quot;status_code&quot;:1,&quot;error_str&quot;:&quot;Timeout&quot;,&quot;status_str&quot;:&quot;Connecting&quot;},{&quot;host&quot;:&quot;192.168.5.166&quot;,&quot;port&quot;:2088,&quot;nic&quot;:&quot;192.168.5.165&quot;,&quot;limit&quot;:0,&quot;is_backup&quot;:0,&quot;bitrate&quot;:2812273,&quot;up_time&quot;:62,&quot;error_code&quot;:0,&quot;status_code&quot;:3,&quot;error_str&quot;:&quot;None&quot;,&quot;status_str&quot;:&quot;Connected&quot;}],&quot;error&quot;:&quot;None&quot;,&quot;con_stat&quot;:&quot;Disconnected&quot;,&quot;bitrate&quot;:5612683,&quot;dest&quot;:&quot;bonded/bonded6&quot;},{&quot;mip&quot;:&quot;4000.ts&quot;,&quot;port&quot;:0,&quot;ip&quot;:&quot;file&quot;,&quot;in_name&quot;:&quot;bond&quot;,&quot;in_active&quot;:1,&quot;in_active_sources&quot;:0,&quot;prg_name&quot;:&quot;&quot;,&quot;prg_prov&quot;:&quot;&quot;,&quot;prg_num&quot;:-1,&quot;chan&quot;:&quot;&quot;,&quot;chan_id&quot;:-1,&quot;id&quot;:&quot;zixi://bonded(bonded8)#10.7.0.66:2088@10.7.0.65,192.168.60.66:2088@192.168.50.65,192.168.5.166:2088@192.168.5.165&quot;,&quot;type&quot;:2,&quot;name&quot;:&quot;bond8&quot;,&quot;asi&quot;:0,&quot;rtmp&quot;:0,&quot;file&quot;:1,&quot;active&quot;:1,&quot;group&quot;:&quot;&quot;,&quot;bonded&quot;:[{&quot;host&quot;:&quot;10.7.0.66&quot;,&quot;port&quot;:2088,&quot;nic&quot;:&quot;10.7.0.65&quot;,&quot;limit&quot;:0,&quot;is_backup&quot;:0,&quot;bitrate&quot;:2823116,&quot;up_time&quot;:62,&quot;error_code&quot;:0,&quot;status_code&quot;:3,&quot;error_str&quot;:&quot;None&quot;,&quot;status_str&quot;:&quot;Connected&quot;},{&quot;host&quot;:&quot;192.168.60.66&quot;,&quot;port&quot;:2088,&quot;nic&quot;:&quot;192.168.50.65&quot;,&quot;limit&quot;:0,&quot;is_backup&quot;:0,&quot;bitrate&quot;:0,&quot;up_time&quot;:0,&quot;error_code&quot;:3,&quot;status_code&quot;:1,&quot;error_str&quot;:&quot;Timeout&quot;,&quot;status_str&quot;:&quot;Connecting&quot;},{&quot;host&quot;:&quot;192.168.5.166&quot;,&quot;port&quot;:2088,&quot;nic&quot;:&quot;192.168.5.165&quot;,&quot;limit&quot;:0,&quot;is_backup&quot;:0,&quot;bitrate&quot;:2838254,&quot;up_time&quot;:62,&quot;error_code&quot;:0,&quot;status_code&quot;:3,&quot;error_str&quot;:&quot;None&quot;,&quot;status_str&quot;:&quot;Connected&quot;}],&quot;error&quot;:&quot;None&quot;,&quot;con_stat&quot;:&quot;Disconnected&quot;,&quot;bitrate&quot;:5611548,&quot;dest&quot;:&quot;bonded/bonded8&quot;},{&quot;mip&quot;:&quot;4000.ts&quot;,&quot;port&quot;:0,&quot;ip&quot;:&quot;file&quot;,&quot;in_name&quot;:&quot;bond&quot;,&quot;in_active&quot;:1,&quot;in_active_sources&quot;:0,&quot;prg_name&quot;:&quot;&quot;,&quot;prg_prov&quot;:&quot;&quot;,&quot;prg_num&quot;:-1,&quot;chan&quot;:&quot;&quot;,&quot;chan_id&quot;:-1,&quot;id&quot;:&quot;zixi://bonded(bonded7)#10.7.0.66:2088@10.7.0.65,192.168.60.66:2088@192.168.50.65,192.168.5.166:2088@192.168.5.165&quot;,&quot;type&quot;:2,&quot;name&quot;:&quot;bond7&quot;,&quot;asi&quot;:0,&quot;rtmp&quot;:0,&quot;file&quot;:1,&quot;active&quot;:1,&quot;group&quot;:&quot;&quot;,&quot;bonded&quot;:[{&quot;host&quot;:&quot;10.7.0.66&quot;,&quot;port&quot;:2088,&quot;nic&quot;:&quot;10.7.0.65&quot;,&quot;limit&quot;:0,&quot;is_backup&quot;:0,&quot;bitrate&quot;:2779582,&quot;up_time&quot;:62,&quot;error_code&quot;:0,&quot;status_code&quot;:3,&quot;error_str&quot;:&quot;None&quot;,&quot;status_str&quot;:&quot;Connected&quot;},{&quot;host&quot;:&quot;192.168.60.66&quot;,&quot;port&quot;:2088,&quot;nic&quot;:&quot;192.168.50.65&quot;,&quot;limit&quot;:0,&quot;is_backup&quot;:0,&quot;bitrate&quot;:0,&quot;up_time&quot;:0,&quot;error_code&quot;:3,&quot;status_code&quot;:1,&quot;error_str&quot;:&quot;Timeout&quot;,&quot;status_str&quot;:&quot;Connecting&quot;},{&quot;host&quot;:&quot;192.168.5.166&quot;,&quot;port&quot;:2088,&quot;nic&quot;:&quot;192.168.5.165&quot;,&quot;limit&quot;:0,&quot;is_backup&quot;:0,&quot;bitrate&quot;:2881369,&quot;up_time&quot;:62,&quot;error_code&quot;:0,&quot;status_code&quot;:3,&quot;error_str&quot;:&quot;None&quot;,&quot;status_str&quot;:&quot;Connected&quot;}],&quot;error&quot;:&quot;None&quot;,&quot;con_stat&quot;:&quot;Disconnected&quot;,&quot;bitrate&quot;:5595592,&quot;dest&quot;:&quot;bonded/bonded7&quot;},{&quot;mip&quot;:&quot;4000.ts&quot;,&quot;port&quot;:0,&quot;ip&quot;:&quot;file&quot;,&quot;in_name&quot;:&quot;bond&quot;,&quot;in_active&quot;:1,&quot;in_active_sources&quot;:0,&quot;prg_name&quot;:&quot;&quot;,&quot;prg_prov&quot;:&quot;&quot;,&quot;prg_num&quot;:-1,&quot;chan&quot;:&quot;&quot;,&quot;chan_id&quot;:-1,&quot;id&quot;:&quot;zixi://bonded(bonded14)#10.7.0.66:2088@10.7.0.65,192.168.60.66:2088@192.168.50.65,192.168.5.166:2088@192.168.5.165&quot;,&quot;type&quot;:2,&quot;name&quot;:&quot;bond14&quot;,&quot;asi&quot;:0,&quot;rtmp&quot;:0,&quot;file&quot;:1,&quot;active&quot;:1,&quot;group&quot;:&quot;&quot;,&quot;bonded&quot;:[{&quot;host&quot;:&quot;10.7.0.66&quot;,&quot;port&quot;:2088,&quot;nic&quot;:&quot;10.7.0.65&quot;,&quot;limit&quot;:0,&quot;is_backup&quot;:0,&quot;bitrate&quot;:2889705,&quot;up_time&quot;:62,&quot;error_code&quot;:0,&quot;status_code&quot;:3,&quot;error_str&quot;:&quot;None&quot;,&quot;status_str&quot;:&quot;Connected&quot;},{&quot;host&quot;:&quot;192.168.60.66&quot;,&quot;port&quot;:2088,&quot;nic&quot;:&quot;192.168.50.65&quot;,&quot;limit&quot;:0,&quot;is_backup&quot;:0,&quot;bitrate&quot;:0,&quot;up_time&quot;:0,&quot;error_code&quot;:3,&quot;status_code&quot;:1,&quot;error_str&quot;:&quot;Timeout&quot;,&quot;status_str&quot;:&quot;Connecting&quot;},{&quot;host&quot;:&quot;192.168.5.166&quot;,&quot;port&quot;:2088,&quot;nic&quot;:&quot;192.168.5.165&quot;,&quot;limit&quot;:0,&quot;is_backup&quot;:0,&quot;bitrate&quot;:2779265,&quot;up_time&quot;:62,&quot;error_code&quot;:0,&quot;status_code&quot;:3,&quot;error_str&quot;:&quot;None&quot;,&quot;status_str&quot;:&quot;Connected&quot;}],&quot;error&quot;:&quot;None&quot;,&quot;con_stat&quot;:&quot;Disconnected&quot;,&quot;bitrate&quot;:5621946,&quot;dest&quot;:&quot;bonded/bonded14&quot;},{&quot;mip&quot;:&quot;4000.ts&quot;,&quot;port&quot;:0,&quot;ip&quot;:&quot;file&quot;,&quot;in_name&quot;:&quot;bond&quot;,&quot;in_active&quot;:1,&quot;in_active_sources&quot;:0,&quot;prg_name&quot;:&quot;&quot;,&quot;prg_prov&quot;:&quot;&quot;,&quot;prg_num&quot;:-1,&quot;chan&quot;:&quot;&quot;,&quot;chan_id&quot;:-1,&quot;id&quot;:&quot;zixi://bonded(bonded15)#10.7.0.66:2088@10.7.0.65,192.168.60.66:2088@192.168.50.65,192.168.5.166:2088@192.168.5.165&quot;,&quot;type&quot;:2,&quot;name&quot;:&quot;bond15&quot;,&quot;asi&quot;:0,&quot;rtmp&quot;:0,&quot;file&quot;:1,&quot;active&quot;:1,&quot;group&quot;:&quot;&quot;,&quot;bonded&quot;:[{&quot;host&quot;:&quot;10.7.0.66&quot;,&quot;port&quot;:2088,&quot;nic&quot;:&quot;10.7.0.65&quot;,&quot;limit&quot;:0,&quot;is_backup&quot;:0,&quot;bitrate&quot;:2849547,&quot;up_time&quot;:62,&quot;error_code&quot;:0,&quot;status_code&quot;:3,&quot;error_str&quot;:&quot;None&quot;,&quot;status_str&quot;:&quot;Connected&quot;},{&quot;host&quot;:&quot;192.168.60.66&quot;,&quot;port&quot;:2088,&quot;nic&quot;:&quot;192.168.50.65&quot;,&quot;limit&quot;:0,&quot;is_backup&quot;:0,&quot;bitrate&quot;:0,&quot;up_time&quot;:0,&quot;error_code&quot;:3,&quot;status_code&quot;:1,&quot;error_str&quot;:&quot;Timeout&quot;,&quot;status_str&quot;:&quot;Connecting&quot;},{&quot;host&quot;:&quot;192.168.5.166&quot;,&quot;port&quot;:2088,&quot;nic&quot;:&quot;192.168.5.165&quot;,&quot;limit&quot;:0,&quot;is_backup&quot;:0,&quot;bitrate&quot;:2819751,&quot;up_time&quot;:62,&quot;error_code&quot;:0,&quot;status_code&quot;:3,&quot;error_str&quot;:&quot;None&quot;,&quot;status_str&quot;:&quot;Connected&quot;}],&quot;error&quot;:&quot;None&quot;,&quot;con_stat&quot;:&quot;Disconnected&quot;,&quot;bitrate&quot;:5611476,&quot;dest&quot;:&quot;bonded/bonded15&quot;}]}
Debug printing ------&gt;&gt;&gt; {&quot;custom_data&quot;:&quot;&quot;,&quot;msg&quot;:&quot;Output deleted.&quot;,&quot;error&quot;:&quot;&quot;,&quot;outs&quot;:[{&quot;mip&quot;:&quot;live_recording.ts&quot;,&quot;port&quot;:0,&quot;ip&quot;:&quot;file&quot;,&quot;in_name&quot;:&quot;feederoutputname&quot;,&quot;in_active&quot;:1,&quot;in_active_sources&quot;:0,&quot;prg_name&quot;:&quot;&quot;,&quot;prg_prov&quot;:&quot;&quot;,&quot;prg_num&quot;:1,&quot;chan&quot;:&quot;&quot;,&quot;chan_id&quot;:-1,&quot;id&quot;:&quot;zixi://10.7.0.66:2088/feederout&quot;,&quot;type&quot;:2,&quot;name&quot;:&quot;feederoutputname&quot;,&quot;asi&quot;:0,&quot;rtmp&quot;:0,&quot;file&quot;:1,&quot;active&quot;:1,&quot;group&quot;:&quot;&quot;,&quot;error&quot;:&quot;Authentication&quot;,&quot;con_stat&quot;:&quot;Disconnected&quot;,&quot;bitrate&quot;:0,&quot;dest&quot;:&quot;10.7.0.66:2088/feederout&quot;},{&quot;mip&quot;:&quot;4000.ts&quot;,&quot;port&quot;:0,&quot;ip&quot;:&quot;file&quot;,&quot;in_name&quot;:&quot;bond&quot;,&quot;in_active&quot;:1,&quot;in_active_sources&quot;:0,&quot;prg_name&quot;:&quot;&quot;,&quot;prg_prov&quot;:&quot;&quot;,&quot;prg_num&quot;:-1,&quot;chan&quot;:&quot;&quot;,&quot;chan_id&quot;:-1,&quot;id&quot;:&quot;zixi://bonded(bonded0)#10.7.0.66:2088@10.7.0.65,192.168.60.66:2088@192.168.50.65,192.168.5.166:2088@192.168.5.165&quot;,&quot;type&quot;:2,&quot;name&quot;:&quot;bond0&quot;,&quot;asi&quot;:0,&quot;rtmp&quot;:0,&quot;file&quot;:1,&quot;active&quot;:1,&quot;group&quot;:&quot;&quot;,&quot;bonded&quot;:[{&quot;host&quot;:&quot;10.7.0.66&quot;,&quot;port&quot;:2088,&quot;nic&quot;:&quot;10.7.0.65&quot;,&quot;limit&quot;:0,&quot;is_backup&quot;:0,&quot;bitrate&quot;:2818749,&quot;up_time&quot;:62,&quot;error_code&quot;:0,&quot;status_code&quot;:3,&quot;error_str&quot;:&quot;None&quot;,&quot;status_str&quot;:&quot;Connected&quot;},{&quot;host&quot;:&quot;192.168.60.66&quot;,&quot;port&quot;:2088,&quot;nic&quot;:&quot;192.168.50.65&quot;,&quot;limit&quot;:0,&quot;is_backup&quot;:0,&quot;bitrate&quot;:0,&quot;up_time&quot;:0,&quot;error_code&quot;:3,&quot;status_code&quot;:1,&quot;error_str&quot;:&quot;Timeout&quot;,&quot;status_str&quot;:&quot;Connecting&quot;},{&quot;host&quot;:&quot;192.168.5.166&quot;,&quot;port&quot;:2088,&quot;nic&quot;:&quot;192.168.5.165&quot;,&quot;limit&quot;:0,&quot;is_backup&quot;:0,&quot;bitrate&quot;:2851191,&quot;up_time&quot;:62,&quot;error_code&quot;:0,&quot;status_code&quot;:3,&quot;error_str&quot;:&quot;None&quot;,&quot;status_str&quot;:&quot;Connected&quot;}],&quot;error&quot;:&quot;None&quot;,&quot;con_stat&quot;:&quot;Disconnected&quot;,&quot;bitrate&quot;:5603660,&quot;dest&quot;:&quot;bonded/bonded0&quot;},{&quot;mip&quot;:&quot;4000.ts&quot;,&quot;port&quot;:0,&quot;ip&quot;:&quot;file&quot;,&quot;in_name&quot;:&quot;bond&quot;,&quot;in_active&quot;:1,&quot;in_active_sources&quot;:0,&quot;prg_name&quot;:&quot;&quot;,&quot;prg_prov&quot;:&quot;&quot;,&quot;prg_num&quot;:-1,&quot;chan&quot;:&quot;&quot;,&quot;chan_id&quot;:-1,&quot;id&quot;:&quot;zixi://bonded(bonded1)#10.7.0.66:2088@10.7.0.65,192.168.60.66:2088@192.168.50.65,192.168.5.166:2088@192.168.5.165&quot;,&quot;type&quot;:2,&quot;name&quot;:&quot;bond1&quot;,&quot;asi&quot;:0,&quot;rtmp&quot;:0,&quot;file&quot;:1,&quot;active&quot;:1,&quot;group&quot;:&quot;&quot;,&quot;bonded&quot;:[{&quot;host&quot;:&quot;10.7.0.66&quot;,&quot;port&quot;:2088,&quot;nic&quot;:&quot;10.7.0.65&quot;,&quot;limit&quot;:0,&quot;is_backup&quot;:0,&quot;bitrate&quot;:2797250,&quot;up_time&quot;:62,&quot;error_code&quot;:0,&quot;status_code&quot;:3,&quot;error_str&quot;:&quot;None&quot;,&quot;status_str&quot;:&quot;Connected&quot;},{&quot;host&quot;:&quot;192.168.60.66&quot;,&quot;port&quot;:2088,&quot;nic&quot;:&quot;192.168.50.65&quot;,&quot;limit&quot;:0,&quot;is_backup&quot;:0,&quot;bitrate&quot;:0,&quot;up_time&quot;:0,&quot;error_code&quot;:3,&quot;status_code&quot;:1,&quot;error_str&quot;:&quot;Timeout&quot;,&quot;status_str&quot;:&quot;Connecting&quot;},{&quot;host&quot;:&quot;192.168.5.166&quot;,&quot;port&quot;:2088,&quot;nic&quot;:&quot;192.168.5.165&quot;,&quot;limit&quot;:0,&quot;is_backup&quot;:0,&quot;bitrate&quot;:2872932,&quot;up_time&quot;:62,&quot;error_code&quot;:0,&quot;status_code&quot;:3,&quot;error_str&quot;:&quot;None&quot;,&quot;status_str&quot;:&quot;Connected&quot;}],&quot;error&quot;:&quot;None&quot;,&quot;con_stat&quot;:&quot;Disconnected&quot;,&quot;bitrate&quot;:5603836,&quot;dest&quot;:&quot;bonded/bonded1&quot;},{&quot;mip&quot;:&quot;4000.ts&quot;,&quot;port&quot;:0,&quot;ip&quot;:&quot;file&quot;,&quot;in_name&quot;:&quot;bond&quot;,&quot;in_active&quot;:1,&quot;in_active_sources&quot;:0,&quot;prg_name&quot;:&quot;&quot;,&quot;prg_prov&quot;:&quot;&quot;,&quot;prg_num&quot;:-1,&quot;chan&quot;:&quot;&quot;,&quot;chan_id&quot;:-1,&quot;id&quot;:&quot;zixi://bonded(bonded2)#10.7.0.66:2088@10.7.0.65,192.168.60.66:2088@192.168.50.65,192.168.5.166:2088@192.168.5.165&quot;,&quot;type&quot;:2,&quot;name&quot;:&quot;bond2&quot;,&quot;asi&quot;:0,&quot;rtmp&quot;:0,&quot;file&quot;:1,&quot;active&quot;:1,&quot;group&quot;:&quot;&quot;,&quot;bonded&quot;:[{&quot;host&quot;:&quot;10.7.0.66&quot;,&quot;port&quot;:2088,&quot;nic&quot;:&quot;10.7.0.65&quot;,&quot;limit&quot;:0,&quot;is_backup&quot;:0,&quot;bitrate&quot;:2823614,&quot;up_time&quot;:62,&quot;error_code&quot;:0,&quot;status_code&quot;:3,&quot;error_str&quot;:&quot;None&quot;,&quot;status_str&quot;:&quot;Connected&quot;},{&quot;host&quot;:&quot;192.168.60.66&quot;,&quot;port&quot;:2088,&quot;nic&quot;:&quot;192.168.50.65&quot;,&quot;limit&quot;:0,&quot;is_backup&quot;:0,&quot;bitrate&quot;:0,&quot;up_time&quot;:0,&quot;error_code&quot;:3,&quot;status_code&quot;:1,&quot;error_str&quot;:&quot;Timeout&quot;,&quot;status_str&quot;:&quot;Connecting&quot;},{&quot;host&quot;:&quot;192.168.5.166&quot;,&quot;port&quot;:2088,&quot;nic&quot;:&quot;192.168.5.165&quot;,&quot;limit&quot;:0,&quot;is_backup&quot;:0,&quot;bitrate&quot;:2844172,&quot;up_time&quot;:62,&quot;error_code&quot;:0,&quot;status_code&quot;:3,&quot;error_str&quot;:&quot;None&quot;,&quot;status_str&quot;:&quot;Connected&quot;}],&quot;error&quot;:&quot;None&quot;,&quot;con_stat&quot;:&quot;Disconnected&quot;,&quot;bitrate&quot;:5599424,&quot;dest&quot;:&quot;bonded/bonded2&quot;},{&quot;mip&quot;:&quot;4000.ts&quot;,&quot;port&quot;:0,&quot;ip&quot;:&quot;file&quot;,&quot;in_name&quot;:&quot;bond&quot;,&quot;in_active&quot;:1,&quot;in_active_sources&quot;:0,&quot;prg_name&quot;:&quot;&quot;,&quot;prg_prov&quot;:&quot;&quot;,&quot;prg_num&quot;:-1,&quot;chan&quot;:&quot;&quot;,&quot;chan_id&quot;:-1,&quot;id&quot;:&quot;zixi://bonded(bonded3)#10.7.0.66:2088@10.7.0.65,192.168.60.66:2088@192.168.50.65,192.168.5.166:2088@192.168.5.165&quot;,&quot;type&quot;:2,&quot;name&quot;:&quot;bond3&quot;,&quot;asi&quot;:0,&quot;rtmp&quot;:0,&quot;file&quot;:1,&quot;active&quot;:1,&quot;group&quot;:&quot;&quot;,&quot;bonded&quot;:[{&quot;host&quot;:&quot;10.7.0.66&quot;,&quot;port&quot;:2088,&quot;nic&quot;:&quot;10.7.0.65&quot;,&quot;limit&quot;:0,&quot;is_backup&quot;:0,&quot;bitrate&quot;:2870606,&quot;up_time&quot;:62,&quot;error_code&quot;:0,&quot;status_code&quot;:3,&quot;error_str&quot;:&quot;None&quot;,&quot;status_str&quot;:&quot;Connected&quot;},{&quot;host&quot;:&quot;192.168.60.66&quot;,&quot;port&quot;:2088,&quot;nic&quot;:&quot;192.168.50.65&quot;,&quot;limit&quot;:0,&quot;is_backup&quot;:0,&quot;bitrate&quot;:0,&quot;up_time&quot;:0,&quot;error_code&quot;:3,&quot;status_code&quot;:1,&quot;error_str&quot;:&quot;Timeout&quot;,&quot;status_str&quot;:&quot;Connecting&quot;},{&quot;host&quot;:&quot;192.168.5.166&quot;,&quot;port&quot;:2088,&quot;nic&quot;:&quot;192.168.5.165&quot;,&quot;limit&quot;:0,&quot;is_backup&quot;:0,&quot;bitrate&quot;:2815477,&quot;up_time&quot;:62,&quot;error_code&quot;:0,&quot;status_code&quot;:3,&quot;error_str&quot;:&quot;None&quot;,&quot;status_str&quot;:&quot;Connected&quot;}],&quot;error&quot;:&quot;None&quot;,&quot;con_stat&quot;:&quot;Disconnected&quot;,&quot;bitrate&quot;:5614785,&quot;dest&quot;:&quot;bonded/bonded3&quot;},{&quot;mip&quot;:&quot;4000.ts&quot;,&quot;port&quot;:0,&quot;ip&quot;:&quot;file&quot;,&quot;in_name&quot;:&quot;bond&quot;,&quot;in_active&quot;:1,&quot;in_active_sources&quot;:0,&quot;prg_name&quot;:&quot;&quot;,&quot;prg_prov&quot;:&quot;&quot;,&quot;prg_num&quot;:-1,&quot;chan&quot;:&quot;&quot;,&quot;chan_id&quot;:-1,&quot;id&quot;:&quot;zixi://bonded(bonded4)#10.7.0.66:2088@10.7.0.65,192.168.60.66:2088@192.168.50.65,192.168.5.166:2088@192.168.5.165&quot;,&quot;type&quot;:2,&quot;name&quot;:&quot;bond4&quot;,&quot;asi&quot;:0,&quot;rtmp&quot;:0,&quot;file&quot;:1,&quot;active&quot;:1,&quot;group&quot;:&quot;&quot;,&quot;bonded&quot;:[{&quot;host&quot;:&quot;10.7.0.66&quot;,&quot;port&quot;:2088,&quot;nic&quot;:&quot;10.7.0.65&quot;,&quot;limit&quot;:0,&quot;is_backup&quot;:0,&quot;bitrate&quot;:2793416,&quot;up_time&quot;:62,&quot;error_code&quot;:0,&quot;status_code&quot;:3,&quot;error_str&quot;:&quot;None&quot;,&quot;status_str&quot;:&quot;Connected&quot;},{&quot;host&quot;:&quot;192.168.60.66&quot;,&quot;port&quot;:2088,&quot;nic&quot;:&quot;192.168.50.65&quot;,&quot;limit&quot;:0,&quot;is_backup&quot;:0,&quot;bitrate&quot;:0,&quot;up_time&quot;:0,&quot;error_code&quot;:3,&quot;status_code&quot;:1,&quot;error_str&quot;:&quot;Timeout&quot;,&quot;status_str&quot;:&quot;Connecting&quot;},{&quot;host&quot;:&quot;192.168.5.166&quot;,&quot;port&quot;:2088,&quot;nic&quot;:&quot;192.168.5.165&quot;,&quot;limit&quot;:0,&quot;is_backup&quot;:0,&quot;bitrate&quot;:2883122,&quot;up_time&quot;:62,&quot;error_code&quot;:0,&quot;status_code&quot;:3,&quot;error_str&quot;:&quot;None&quot;,&quot;status_str&quot;:&quot;Connected&quot;}],&quot;error&quot;:&quot;None&quot;,&quot;con_stat&quot;:&quot;Disconnected&quot;,&quot;bitrate&quot;:5602181,&quot;dest&quot;:&quot;bonded/bonded4&quot;},{&quot;mip&quot;:&quot;4000.ts&quot;,&quot;port&quot;:0,&quot;ip&quot;:&quot;file&quot;,&quot;in_name&quot;:&quot;bond&quot;,&quot;in_active&quot;:1,&quot;in_active_sources&quot;:0,&quot;prg_name&quot;:&quot;&quot;,&quot;prg_prov&quot;:&quot;&quot;,&quot;prg_num&quot;:-1,&quot;chan&quot;:&quot;&quot;,&quot;chan_id&quot;:-1,&quot;id&quot;:&quot;zixi://bonded(bonded5)#10.7.0.66:2088@10.7.0.65,192.168.60.66:2088@192.168.50.65,192.168.5.166:2088@192.168.5.165&quot;,&quot;type&quot;:2,&quot;name&quot;:&quot;bond5&quot;,&quot;asi&quot;:0,&quot;rtmp&quot;:0,&quot;file&quot;:1,&quot;active&quot;:1,&quot;group&quot;:&quot;&quot;,&quot;bonded&quot;:[{&quot;host&quot;:&quot;10.7.0.66&quot;,&quot;port&quot;:2088,&quot;nic&quot;:&quot;10.7.0.65&quot;,&quot;limit&quot;:0,&quot;is_backup&quot;:0,&quot;bitrate&quot;:2901933,&quot;up_time&quot;:62,&quot;error_code&quot;:0,&quot;status_code&quot;:3,&quot;error_str&quot;:&quot;None&quot;,&quot;status_str&quot;:&quot;Connected&quot;},{&quot;host&quot;:&quot;192.168.60.66&quot;,&quot;port&quot;:2088,&quot;nic&quot;:&quot;192.168.50.65&quot;,&quot;limit&quot;:0,&quot;is_backup&quot;:0,&quot;bitrate&quot;:0,&quot;up_time&quot;:0,&quot;error_code&quot;:3,&quot;status_code&quot;:1,&quot;error_str&quot;:&quot;Timeout&quot;,&quot;status_str&quot;:&quot;Connecting&quot;},{&quot;host&quot;:&quot;192.168.5.166&quot;,&quot;port&quot;:2088,&quot;nic&quot;:&quot;192.168.5.165&quot;,&quot;limit&quot;:0,&quot;is_backup&quot;:0,&quot;bitrate&quot;:2788192,&quot;up_time&quot;:62,&quot;error_code&quot;:0,&quot;status_code&quot;:3,&quot;error_str&quot;:&quot;None&quot;,&quot;status_str&quot;:&quot;Connected&quot;}],&quot;error&quot;:&quot;None&quot;,&quot;con_stat&quot;:&quot;Disconnected&quot;,&quot;bitrate&quot;:5623440,&quot;dest&quot;:&quot;bonded/bonded5&quot;},{&quot;mip&quot;:&quot;4000.ts&quot;,&quot;port&quot;:0,&quot;ip&quot;:&quot;file&quot;,&quot;in_name&quot;:&quot;bond&quot;,&quot;in_active&quot;:1,&quot;in_active_sources&quot;:0,&quot;prg_name&quot;:&quot;&quot;,&quot;prg_prov&quot;:&quot;&quot;,&quot;prg_num&quot;:-1,&quot;chan&quot;:&quot;&quot;,&quot;chan_id&quot;:-1,&quot;id&quot;:&quot;zixi://bonded(bonded6)#10.7.0.66:2088@10.7.0.65,192.168.60.66:2088@192.168.50.65,192.168.5.166:2088@192.168.5.165&quot;,&quot;type&quot;:2,&quot;name&quot;:&quot;bond6&quot;,&quot;asi&quot;:0,&quot;rtmp&quot;:0,&quot;file&quot;:1,&quot;active&quot;:1,&quot;group&quot;:&quot;&quot;,&quot;bonded&quot;:[{&quot;host&quot;:&quot;10.7.0.66&quot;,&quot;port&quot;:2088,&quot;nic&quot;:&quot;10.7.0.65&quot;,&quot;limit&quot;:0,&quot;is_backup&quot;:0,&quot;bitrate&quot;:2861013,&quot;up_time&quot;:62,&quot;error_code&quot;:0,&quot;status_code&quot;:3,&quot;error_str&quot;:&quot;None&quot;,&quot;status_str&quot;:&quot;Connected&quot;},{&quot;host&quot;:&quot;192.168.60.66&quot;,&quot;port&quot;:2088,&quot;nic&quot;:&quot;192.168.50.65&quot;,&quot;limit&quot;:0,&quot;is_backup&quot;:0,&quot;bitrate&quot;:0,&quot;up_time&quot;:0,&quot;error_code&quot;:3,&quot;status_code&quot;:1,&quot;error_str&quot;:&quot;Timeout&quot;,&quot;status_str&quot;:&quot;Connecting&quot;},{&quot;host&quot;:&quot;192.168.5.166&quot;,&quot;port&quot;:2088,&quot;nic&quot;:&quot;192.168.5.165&quot;,&quot;limit&quot;:0,&quot;is_backup&quot;:0,&quot;bitrate&quot;:2812273,&quot;up_time&quot;:62,&quot;error_code&quot;:0,&quot;status_code&quot;:3,&quot;error_str&quot;:&quot;None&quot;,&quot;status_str&quot;:&quot;Connected&quot;}],&quot;error&quot;:&quot;None&quot;,&quot;con_stat&quot;:&quot;Disconnected&quot;,&quot;bitrate&quot;:5612683,&quot;dest&quot;:&quot;bonded/bonded6&quot;},{&quot;mip&quot;:&quot;4000.ts&quot;,&quot;port&quot;:0,&quot;ip&quot;:&quot;file&quot;,&quot;in_name&quot;:&quot;bond&quot;,&quot;in_active&quot;:1,&quot;in_active_sources&quot;:0,&quot;prg_name&quot;:&quot;&quot;,&quot;prg_prov&quot;:&quot;&quot;,&quot;prg_num&quot;:-1,&quot;chan&quot;:&quot;&quot;,&quot;chan_id&quot;:-1,&quot;id&quot;:&quot;zixi://bonded(bonded8)#10.7.0.66:2088@10.7.0.65,192.168.60.66:2088@192.168.50.65,192.168.5.166:2088@192.168.5.165&quot;,&quot;type&quot;:2,&quot;name&quot;:&quot;bond8&quot;,&quot;asi&quot;:0,&quot;rtmp&quot;:0,&quot;file&quot;:1,&quot;active&quot;:1,&quot;group&quot;:&quot;&quot;,&quot;bonded&quot;:[{&quot;host&quot;:&quot;10.7.0.66&quot;,&quot;port&quot;:2088,&quot;nic&quot;:&quot;10.7.0.65&quot;,&quot;limit&quot;:0,&quot;is_backup&quot;:0,&quot;bitrate&quot;:2823116,&quot;up_time&quot;:62,&quot;error_code&quot;:0,&quot;status_code&quot;:3,&quot;error_str&quot;:&quot;None&quot;,&quot;status_str&quot;:&quot;Connected&quot;},{&quot;host&quot;:&quot;192.168.60.66&quot;,&quot;port&quot;:2088,&quot;nic&quot;:&quot;192.168.50.65&quot;,&quot;limit&quot;:0,&quot;is_backup&quot;:0,&quot;bitrate&quot;:0,&quot;up_time&quot;:0,&quot;error_code&quot;:3,&quot;status_code&quot;:1,&quot;error_str&quot;:&quot;Timeout&quot;,&quot;status_str&quot;:&quot;Connecting&quot;},{&quot;host&quot;:&quot;192.168.5.166&quot;,&quot;port&quot;:2088,&quot;nic&quot;:&quot;192.168.5.165&quot;,&quot;limit&quot;:0,&quot;is_backup&quot;:0,&quot;bitrate&quot;:2838254,&quot;up_time&quot;:62,&quot;error_code&quot;:0,&quot;status_code&quot;:3,&quot;error_str&quot;:&quot;None&quot;,&quot;status_str&quot;:&quot;Connected&quot;}],&quot;error&quot;:&quot;None&quot;,&quot;con_stat&quot;:&quot;Disconnected&quot;,&quot;bitrate&quot;:5611548,&quot;dest&quot;:&quot;bonded/bonded8&quot;},{&quot;mip&quot;:&quot;4000.ts&quot;,&quot;port&quot;:0,&quot;ip&quot;:&quot;file&quot;,&quot;in_name&quot;:&quot;bond&quot;,&quot;in_active&quot;:1,&quot;in_active_sources&quot;:0,&quot;prg_name&quot;:&quot;&quot;,&quot;prg_prov&quot;:&quot;&quot;,&quot;prg_num&quot;:-1,&quot;chan&quot;:&quot;&quot;,&quot;chan_id&quot;:-1,&quot;id&quot;:&quot;zixi://bonded(bonded7)#10.7.0.66:2088@10.7.0.65,192.168.60.66:2088@192.168.50.65,192.168.5.166:2088@192.168.5.165&quot;,&quot;type&quot;:2,&quot;name&quot;:&quot;bond7&quot;,&quot;asi&quot;:0,&quot;rtmp&quot;:0,&quot;file&quot;:1,&quot;active&quot;:1,&quot;group&quot;:&quot;&quot;,&quot;bonded&quot;:[{&quot;host&quot;:&quot;10.7.0.66&quot;,&quot;port&quot;:2088,&quot;nic&quot;:&quot;10.7.0.65&quot;,&quot;limit&quot;:0,&quot;is_backup&quot;:0,&quot;bitrate&quot;:2779582,&quot;up_time&quot;:62,&quot;error_code&quot;:0,&quot;status_code&quot;:3,&quot;error_str&quot;:&quot;None&quot;,&quot;status_str&quot;:&quot;Connected&quot;},{&quot;host&quot;:&quot;192.168.60.66&quot;,&quot;port&quot;:2088,&quot;nic&quot;:&quot;192.168.50.65&quot;,&quot;limit&quot;:0,&quot;is_backup&quot;:0,&quot;bitrate&quot;:0,&quot;up_time&quot;:0,&quot;error_code&quot;:3,&quot;status_code&quot;:1,&quot;error_str&quot;:&quot;Timeout&quot;,&quot;status_str&quot;:&quot;Connecting&quot;},{&quot;host&quot;:&quot;192.168.5.166&quot;,&quot;port&quot;:2088,&quot;nic&quot;:&quot;192.168.5.165&quot;,&quot;limit&quot;:0,&quot;is_backup&quot;:0,&quot;bitrate&quot;:2881369,&quot;up_time&quot;:62,&quot;error_code&quot;:0,&quot;status_code&quot;:3,&quot;error_str&quot;:&quot;None&quot;,&quot;status_str&quot;:&quot;Connected&quot;}],&quot;error&quot;:&quot;None&quot;,&quot;con_stat&quot;:&quot;Disconnected&quot;,&quot;bitrate&quot;:5595592,&quot;dest&quot;:&quot;bonded/bonded7&quot;},{&quot;mip&quot;:&quot;4000.ts&quot;,&quot;port&quot;:0,&quot;ip&quot;:&quot;file&quot;,&quot;in_name&quot;:&quot;bond&quot;,&quot;in_active&quot;:1,&quot;in_active_sources&quot;:0,&quot;prg_name&quot;:&quot;&quot;,&quot;prg_prov&quot;:&quot;&quot;,&quot;prg_num&quot;:-1,&quot;chan&quot;:&quot;&quot;,&quot;chan_id&quot;:-1,&quot;id&quot;:&quot;zixi://bonded(bonded14)#10.7.0.66:2088@10.7.0.65,192.168.60.66:2088@192.168.50.65,192.168.5.166:2088@192.168.5.165&quot;,&quot;type&quot;:2,&quot;name&quot;:&quot;bond14&quot;,&quot;asi&quot;:0,&quot;rtmp&quot;:0,&quot;file&quot;:1,&quot;active&quot;:1,&quot;group&quot;:&quot;&quot;,&quot;bonded&quot;:[{&quot;host&quot;:&quot;10.7.0.66&quot;,&quot;port&quot;:2088,&quot;nic&quot;:&quot;10.7.0.65&quot;,&quot;limit&quot;:0,&quot;is_backup&quot;:0,&quot;bitrate&quot;:2889705,&quot;up_time&quot;:62,&quot;error_code&quot;:0,&quot;status_code&quot;:3,&quot;error_str&quot;:&quot;None&quot;,&quot;status_str&quot;:&quot;Connected&quot;},{&quot;host&quot;:&quot;192.168.60.66&quot;,&quot;port&quot;:2088,&quot;nic&quot;:&quot;192.168.50.65&quot;,&quot;limit&quot;:0,&quot;is_backup&quot;:0,&quot;bitrate&quot;:0,&quot;up_time&quot;:0,&quot;error_code&quot;:3,&quot;status_code&quot;:1,&quot;error_str&quot;:&quot;Timeout&quot;,&quot;status_str&quot;:&quot;Connecting&quot;},{&quot;host&quot;:&quot;192.168.5.166&quot;,&quot;port&quot;:2088,&quot;nic&quot;:&quot;192.168.5.165&quot;,&quot;limit&quot;:0,&quot;is_backup&quot;:0,&quot;bitrate&quot;:2779265,&quot;up_time&quot;:62,&quot;error_code&quot;:0,&quot;status_code&quot;:3,&quot;error_str&quot;:&quot;None&quot;,&quot;status_str&quot;:&quot;Connected&quot;}],&quot;error&quot;:&quot;None&quot;,&quot;con_stat&quot;:&quot;Disconnected&quot;,&quot;bitrate&quot;:5621946,&quot;dest&quot;:&quot;bonded/bonded14&quot;}]}
Debug printing ------&gt;&gt;&gt; {&quot;custom_data&quot;:&quot;&quot;,&quot;msg&quot;:&quot;Output deleted.&quot;,&quot;error&quot;:&quot;&quot;,&quot;outs&quot;:[{&quot;mip&quot;:&quot;live_recording.ts&quot;,&quot;port&quot;:0,&quot;ip&quot;:&quot;file&quot;,&quot;in_name&quot;:&quot;feederoutputname&quot;,&quot;in_active&quot;:1,&quot;in_active_sources&quot;:0,&quot;prg_name&quot;:&quot;&quot;,&quot;prg_prov&quot;:&quot;&quot;,&quot;prg_num&quot;:1,&quot;chan&quot;:&quot;&quot;,&quot;chan_id&quot;:-1,&quot;id&quot;:&quot;zixi://10.7.0.66:2088/feederout&quot;,&quot;type&quot;:2,&quot;name&quot;:&quot;feederoutputname&quot;,&quot;asi&quot;:0,&quot;rtmp&quot;:0,&quot;file&quot;:1,&quot;active&quot;:1,&quot;group&quot;:&quot;&quot;,&quot;error&quot;:&quot;Authentication&quot;,&quot;con_stat&quot;:&quot;Disconnected&quot;,&quot;bitrate&quot;:0,&quot;dest&quot;:&quot;10.7.0.66:2088/feederout&quot;},{&quot;mip&quot;:&quot;4000.ts&quot;,&quot;port&quot;:0,&quot;ip&quot;:&quot;file&quot;,&quot;in_name&quot;:&quot;bond&quot;,&quot;in_active&quot;:1,&quot;in_active_sources&quot;:0,&quot;prg_name&quot;:&quot;&quot;,&quot;prg_prov&quot;:&quot;&quot;,&quot;prg_num&quot;:-1,&quot;chan&quot;:&quot;&quot;,&quot;chan_id&quot;:-1,&quot;id&quot;:&quot;zixi://bonded(bonded1)#10.7.0.66:2088@10.7.0.65,192.168.60.66:2088@192.168.50.65,192.168.5.166:2088@192.168.5.165&quot;,&quot;type&quot;:2,&quot;name&quot;:&quot;bond1&quot;,&quot;asi&quot;:0,&quot;rtmp&quot;:0,&quot;file&quot;:1,&quot;active&quot;:1,&quot;group&quot;:&quot;&quot;,&quot;bonded&quot;:[{&quot;host&quot;:&quot;10.7.0.66&quot;,&quot;port&quot;:2088,&quot;nic&quot;:&quot;10.7.0.65&quot;,&quot;limit&quot;:0,&quot;is_backup&quot;:0,&quot;bitrate&quot;:2797250,&quot;up_time&quot;:62,&quot;error_code&quot;:0,&quot;status_code&quot;:3,&quot;error_str&quot;:&quot;None&quot;,&quot;status_str&quot;:&quot;Connected&quot;},{&quot;host&quot;:&quot;192.168.60.66&quot;,&quot;port&quot;:2088,&quot;nic&quot;:&quot;192.168.50.65&quot;,&quot;limit&quot;:0,&quot;is_backup&quot;:0,&quot;bitrate&quot;:0,&quot;up_time&quot;:0,&quot;error_code&quot;:3,&quot;status_code&quot;:1,&quot;error_str&quot;:&quot;Timeout&quot;,&quot;status_str&quot;:&quot;Connecting&quot;},{&quot;host&quot;:&quot;192.168.5.166&quot;,&quot;port&quot;:2088,&quot;nic&quot;:&quot;192.168.5.165&quot;,&quot;limit&quot;:0,&quot;is_backup&quot;:0,&quot;bitrate&quot;:2872932,&quot;up_time&quot;:62,&quot;error_code&quot;:0,&quot;status_code&quot;:3,&quot;error_str&quot;:&quot;None&quot;,&quot;status_str&quot;:&quot;Connected&quot;}],&quot;error&quot;:&quot;None&quot;,&quot;con_stat&quot;:&quot;Disconnected&quot;,&quot;bitrate&quot;:5603836,&quot;dest&quot;:&quot;bonded/bonded1&quot;},{&quot;mip&quot;:&quot;4000.ts&quot;,&quot;port&quot;:0,&quot;ip&quot;:&quot;file&quot;,&quot;in_name&quot;:&quot;bond&quot;,&quot;in_active&quot;:1,&quot;in_active_sources&quot;:0,&quot;prg_name&quot;:&quot;&quot;,&quot;prg_prov&quot;:&quot;&quot;,&quot;prg_num&quot;:-1,&quot;chan&quot;:&quot;&quot;,&quot;chan_id&quot;:-1,&quot;id&quot;:&quot;zixi://bonded(bonded2)#10.7.0.66:2088@10.7.0.65,192.168.60.66:2088@192.168.50.65,192.168.5.166:2088@192.168.5.165&quot;,&quot;type&quot;:2,&quot;name&quot;:&quot;bond2&quot;,&quot;asi&quot;:0,&quot;rtmp&quot;:0,&quot;file&quot;:1,&quot;active&quot;:1,&quot;group&quot;:&quot;&quot;,&quot;bonded&quot;:[{&quot;host&quot;:&quot;10.7.0.66&quot;,&quot;port&quot;:2088,&quot;nic&quot;:&quot;10.7.0.65&quot;,&quot;limit&quot;:0,&quot;is_backup&quot;:0,&quot;bitrate&quot;:2823614,&quot;up_time&quot;:62,&quot;error_code&quot;:0,&quot;status_code&quot;:3,&quot;error_str&quot;:&quot;None&quot;,&quot;status_str&quot;:&quot;Connected&quot;},{&quot;host&quot;:&quot;192.168.60.66&quot;,&quot;port&quot;:2088,&quot;nic&quot;:&quot;192.168.50.65&quot;,&quot;limit&quot;:0,&quot;is_backup&quot;:0,&quot;bitrate&quot;:0,&quot;up_time&quot;:0,&quot;error_code&quot;:3,&quot;status_code&quot;:1,&quot;error_str&quot;:&quot;Timeout&quot;,&quot;status_str&quot;:&quot;Connecting&quot;},{&quot;host&quot;:&quot;192.168.5.166&quot;,&quot;port&quot;:2088,&quot;nic&quot;:&quot;192.168.5.165&quot;,&quot;limit&quot;:0,&quot;is_backup&quot;:0,&quot;bitrate&quot;:2844172,&quot;up_time&quot;:62,&quot;error_code&quot;:0,&quot;status_code&quot;:3,&quot;error_str&quot;:&quot;None&quot;,&quot;status_str&quot;:&quot;Connected&quot;}],&quot;error&quot;:&quot;None&quot;,&quot;con_stat&quot;:&quot;Disconnected&quot;,&quot;bitrate&quot;:5599424,&quot;dest&quot;:&quot;bonded/bonded2&quot;},{&quot;mip&quot;:&quot;4000.ts&quot;,&quot;port&quot;:0,&quot;ip&quot;:&quot;file&quot;,&quot;in_name&quot;:&quot;bond&quot;,&quot;in_active&quot;:1,&quot;in_active_sources&quot;:0,&quot;prg_name&quot;:&quot;&quot;,&quot;prg_prov&quot;:&quot;&quot;,&quot;prg_num&quot;:-1,&quot;chan&quot;:&quot;&quot;,&quot;chan_id&quot;:-1,&quot;id&quot;:&quot;zixi://bonded(bonded3)#10.7.0.66:2088@10.7.0.65,192.168.60.66:2088@192.168.50.65,192.168.5.166:2088@192.168.5.165&quot;,&quot;type&quot;:2,&quot;name&quot;:&quot;bond3&quot;,&quot;asi&quot;:0,&quot;rtmp&quot;:0,&quot;file&quot;:1,&quot;active&quot;:1,&quot;group&quot;:&quot;&quot;,&quot;bonded&quot;:[{&quot;host&quot;:&quot;10.7.0.66&quot;,&quot;port&quot;:2088,&quot;nic&quot;:&quot;10.7.0.65&quot;,&quot;limit&quot;:0,&quot;is_backup&quot;:0,&quot;bitrate&quot;:2870606,&quot;up_time&quot;:62,&quot;error_code&quot;:0,&quot;status_code&quot;:3,&quot;error_str&quot;:&quot;None&quot;,&quot;status_str&quot;:&quot;Connected&quot;},{&quot;host&quot;:&quot;192.168.60.66&quot;,&quot;port&quot;:2088,&quot;nic&quot;:&quot;192.168.50.65&quot;,&quot;limit&quot;:0,&quot;is_backup&quot;:0,&quot;bitrate&quot;:0,&quot;up_time&quot;:0,&quot;error_code&quot;:3,&quot;status_code&quot;:1,&quot;error_str&quot;:&quot;Timeout&quot;,&quot;status_str&quot;:&quot;Connecting&quot;},{&quot;host&quot;:&quot;192.168.5.166&quot;,&quot;port&quot;:2088,&quot;nic&quot;:&quot;192.168.5.165&quot;,&quot;limit&quot;:0,&quot;is_backup&quot;:0,&quot;bitrate&quot;:2815477,&quot;up_time&quot;:62,&quot;error_code&quot;:0,&quot;status_code&quot;:3,&quot;error_str&quot;:&quot;None&quot;,&quot;status_str&quot;:&quot;Connected&quot;}],&quot;error&quot;:&quot;None&quot;,&quot;con_stat&quot;:&quot;Disconnected&quot;,&quot;bitrate&quot;:5614785,&quot;dest&quot;:&quot;bonded/bonded3&quot;},{&quot;mip&quot;:&quot;4000.ts&quot;,&quot;port&quot;:0,&quot;ip&quot;:&quot;file&quot;,&quot;in_name&quot;:&quot;bond&quot;,&quot;in_active&quot;:1,&quot;in_active_sources&quot;:0,&quot;prg_name&quot;:&quot;&quot;,&quot;prg_prov&quot;:&quot;&quot;,&quot;prg_num&quot;:-1,&quot;chan&quot;:&quot;&quot;,&quot;chan_id&quot;:-1,&quot;id&quot;:&quot;zixi://bonded(bonded4)#10.7.0.66:2088@10.7.0.65,192.168.60.66:2088@192.168.50.65,192.168.5.166:2088@192.168.5.165&quot;,&quot;type&quot;:2,&quot;name&quot;:&quot;bond4&quot;,&quot;asi&quot;:0,&quot;rtmp&quot;:0,&quot;file&quot;:1,&quot;active&quot;:1,&quot;group&quot;:&quot;&quot;,&quot;bonded&quot;:[{&quot;host&quot;:&quot;10.7.0.66&quot;,&quot;port&quot;:2088,&quot;nic&quot;:&quot;10.7.0.65&quot;,&quot;limit&quot;:0,&quot;is_backup&quot;:0,&quot;bitrate&quot;:2793416,&quot;up_time&quot;:62,&quot;error_code&quot;:0,&quot;status_code&quot;:3,&quot;error_str&quot;:&quot;None&quot;,&quot;status_str&quot;:&quot;Connected&quot;},{&quot;host&quot;:&quot;192.168.60.66&quot;,&quot;port&quot;:2088,&quot;nic&quot;:&quot;192.168.50.65&quot;,&quot;limit&quot;:0,&quot;is_backup&quot;:0,&quot;bitrate&quot;:0,&quot;up_time&quot;:0,&quot;error_code&quot;:3,&quot;status_code&quot;:1,&quot;error_str&quot;:&quot;Timeout&quot;,&quot;status_str&quot;:&quot;Connecting&quot;},{&quot;host&quot;:&quot;192.168.5.166&quot;,&quot;port&quot;:2088,&quot;nic&quot;:&quot;192.168.5.165&quot;,&quot;limit&quot;:0,&quot;is_backup&quot;:0,&quot;bitrate&quot;:2883122,&quot;up_time&quot;:62,&quot;error_code&quot;:0,&quot;status_code&quot;:3,&quot;error_str&quot;:&quot;None&quot;,&quot;status_str&quot;:&quot;Connected&quot;}],&quot;error&quot;:&quot;None&quot;,&quot;con_stat&quot;:&quot;Disconnected&quot;,&quot;bitrate&quot;:5602181,&quot;dest&quot;:&quot;bonded/bonded4&quot;},{&quot;mip&quot;:&quot;4000.ts&quot;,&quot;port&quot;:0,&quot;ip&quot;:&quot;file&quot;,&quot;in_name&quot;:&quot;bond&quot;,&quot;in_active&quot;:1,&quot;in_active_sources&quot;:0,&quot;prg_name&quot;:&quot;&quot;,&quot;prg_prov&quot;:&quot;&quot;,&quot;prg_num&quot;:-1,&quot;chan&quot;:&quot;&quot;,&quot;chan_id&quot;:-1,&quot;id&quot;:&quot;zixi://bonded(bonded5)#10.7.0.66:2088@10.7.0.65,192.168.60.66:2088@192.168.50.65,192.168.5.166:2088@192.168.5.165&quot;,&quot;type&quot;:2,&quot;name&quot;:&quot;bond5&quot;,&quot;asi&quot;:0,&quot;rtmp&quot;:0,&quot;file&quot;:1,&quot;active&quot;:1,&quot;group&quot;:&quot;&quot;,&quot;bonded&quot;:[{&quot;host&quot;:&quot;10.7.0.66&quot;,&quot;port&quot;:2088,&quot;nic&quot;:&quot;10.7.0.65&quot;,&quot;limit&quot;:0,&quot;is_backup&quot;:0,&quot;bitrate&quot;:2901933,&quot;up_time&quot;:62,&quot;error_code&quot;:0,&quot;status_code&quot;:3,&quot;error_str&quot;:&quot;None&quot;,&quot;status_str&quot;:&quot;Connected&quot;},{&quot;host&quot;:&quot;192.168.60.66&quot;,&quot;port&quot;:2088,&quot;nic&quot;:&quot;192.168.50.65&quot;,&quot;limit&quot;:0,&quot;is_backup&quot;:0,&quot;bitrate&quot;:0,&quot;up_time&quot;:0,&quot;error_code&quot;:3,&quot;status_code&quot;:1,&quot;error_str&quot;:&quot;Timeout&quot;,&quot;status_str&quot;:&quot;Connecting&quot;},{&quot;host&quot;:&quot;192.168.5.166&quot;,&quot;port&quot;:2088,&quot;nic&quot;:&quot;192.168.5.165&quot;,&quot;limit&quot;:0,&quot;is_backup&quot;:0,&quot;bitrate&quot;:2788192,&quot;up_time&quot;:62,&quot;error_code&quot;:0,&quot;status_code&quot;:3,&quot;error_str&quot;:&quot;None&quot;,&quot;status_str&quot;:&quot;Connected&quot;}],&quot;error&quot;:&quot;None&quot;,&quot;con_stat&quot;:&quot;Disconnected&quot;,&quot;bitrate&quot;:5623440,&quot;dest&quot;:&quot;bonded/bonded5&quot;},{&quot;mip&quot;:&quot;4000.ts&quot;,&quot;port&quot;:0,&quot;ip&quot;:&quot;file&quot;,&quot;in_name&quot;:&quot;bond&quot;,&quot;in_active&quot;:1,&quot;in_active_sources&quot;:0,&quot;prg_name&quot;:&quot;&quot;,&quot;prg_prov&quot;:&quot;&quot;,&quot;prg_num&quot;:-1,&quot;chan&quot;:&quot;&quot;,&quot;chan_id&quot;:-1,&quot;id&quot;:&quot;zixi://bonded(bonded6)#10.7.0.66:2088@10.7.0.65,192.168.60.66:2088@192.168.50.65,192.168.5.166:2088@192.168.5.165&quot;,&quot;type&quot;:2,&quot;name&quot;:&quot;bond6&quot;,&quot;asi&quot;:0,&quot;rtmp&quot;:0,&quot;file&quot;:1,&quot;active&quot;:1,&quot;group&quot;:&quot;&quot;,&quot;bonded&quot;:[{&quot;host&quot;:&quot;10.7.0.66&quot;,&quot;port&quot;:2088,&quot;nic&quot;:&quot;10.7.0.65&quot;,&quot;limit&quot;:0,&quot;is_backup&quot;:0,&quot;bitrate&quot;:2861013,&quot;up_time&quot;:62,&quot;error_code&quot;:0,&quot;status_code&quot;:3,&quot;error_str&quot;:&quot;None&quot;,&quot;status_str&quot;:&quot;Connected&quot;},{&quot;host&quot;:&quot;192.168.60.66&quot;,&quot;port&quot;:2088,&quot;nic&quot;:&quot;192.168.50.65&quot;,&quot;limit&quot;:0,&quot;is_backup&quot;:0,&quot;bitrate&quot;:0,&quot;up_time&quot;:0,&quot;error_code&quot;:3,&quot;status_code&quot;:1,&quot;error_str&quot;:&quot;Timeout&quot;,&quot;status_str&quot;:&quot;Connecting&quot;},{&quot;host&quot;:&quot;192.168.5.166&quot;,&quot;port&quot;:2088,&quot;nic&quot;:&quot;192.168.5.165&quot;,&quot;limit&quot;:0,&quot;is_backup&quot;:0,&quot;bitrate&quot;:2812273,&quot;up_time&quot;:62,&quot;error_code&quot;:0,&quot;status_code&quot;:3,&quot;error_str&quot;:&quot;None&quot;,&quot;status_str&quot;:&quot;Connected&quot;}],&quot;error&quot;:&quot;None&quot;,&quot;con_stat&quot;:&quot;Disconnected&quot;,&quot;bitrate&quot;:5612683,&quot;dest&quot;:&quot;bonded/bonded6&quot;},{&quot;mip&quot;:&quot;4000.ts&quot;,&quot;port&quot;:0,&quot;ip&quot;:&quot;file&quot;,&quot;in_name&quot;:&quot;bond&quot;,&quot;in_active&quot;:1,&quot;in_active_sources&quot;:0,&quot;prg_name&quot;:&quot;&quot;,&quot;prg_prov&quot;:&quot;&quot;,&quot;prg_num&quot;:-1,&quot;chan&quot;:&quot;&quot;,&quot;chan_id&quot;:-1,&quot;id&quot;:&quot;zixi://bonded(bonded8)#10.7.0.66:2088@10.7.0.65,192.168.60.66:2088@192.168.50.65,192.168.5.166:2088@192.168.5.165&quot;,&quot;type&quot;:2,&quot;name&quot;:&quot;bond8&quot;,&quot;asi&quot;:0,&quot;rtmp&quot;:0,&quot;file&quot;:1,&quot;active&quot;:1,&quot;group&quot;:&quot;&quot;,&quot;bonded&quot;:[{&quot;host&quot;:&quot;10.7.0.66&quot;,&quot;port&quot;:2088,&quot;nic&quot;:&quot;10.7.0.65&quot;,&quot;limit&quot;:0,&quot;is_backup&quot;:0,&quot;bitrate&quot;:2823116,&quot;up_time&quot;:62,&quot;error_code&quot;:0,&quot;status_code&quot;:3,&quot;error_str&quot;:&quot;None&quot;,&quot;status_str&quot;:&quot;Connected&quot;},{&quot;host&quot;:&quot;192.168.60.66&quot;,&quot;port&quot;:2088,&quot;nic&quot;:&quot;192.168.50.65&quot;,&quot;limit&quot;:0,&quot;is_backup&quot;:0,&quot;bitrate&quot;:0,&quot;up_time&quot;:0,&quot;error_code&quot;:3,&quot;status_code&quot;:1,&quot;error_str&quot;:&quot;Timeout&quot;,&quot;status_str&quot;:&quot;Connecting&quot;},{&quot;host&quot;:&quot;192.168.5.166&quot;,&quot;port&quot;:2088,&quot;nic&quot;:&quot;192.168.5.165&quot;,&quot;limit&quot;:0,&quot;is_backup&quot;:0,&quot;bitrate&quot;:2838254,&quot;up_time&quot;:62,&quot;error_code&quot;:0,&quot;status_code&quot;:3,&quot;error_str&quot;:&quot;None&quot;,&quot;status_str&quot;:&quot;Connected&quot;}],&quot;error&quot;:&quot;None&quot;,&quot;con_stat&quot;:&quot;Disconnected&quot;,&quot;bitrate&quot;:5611548,&quot;dest&quot;:&quot;bonded/bonded8&quot;},{&quot;mip&quot;:&quot;4000.ts&quot;,&quot;port&quot;:0,&quot;ip&quot;:&quot;file&quot;,&quot;in_name&quot;:&quot;bond&quot;,&quot;in_active&quot;:1,&quot;in_active_sources&quot;:0,&quot;prg_name&quot;:&quot;&quot;,&quot;prg_prov&quot;:&quot;&quot;,&quot;prg_num&quot;:-1,&quot;chan&quot;:&quot;&quot;,&quot;chan_id&quot;:-1,&quot;id&quot;:&quot;zixi://bonded(bonded7)#10.7.0.66:2088@10.7.0.65,192.168.60.66:2088@192.168.50.65,192.168.5.166:2088@192.168.5.165&quot;,&quot;type&quot;:2,&quot;name&quot;:&quot;bond7&quot;,&quot;asi&quot;:0,&quot;rtmp&quot;:0,&quot;file&quot;:1,&quot;active&quot;:1,&quot;group&quot;:&quot;&quot;,&quot;bonded&quot;:[{&quot;host&quot;:&quot;10.7.0.66&quot;,&quot;port&quot;:2088,&quot;nic&quot;:&quot;10.7.0.65&quot;,&quot;limit&quot;:0,&quot;is_backup&quot;:0,&quot;bitrate&quot;:2779582,&quot;up_time&quot;:62,&quot;error_code&quot;:0,&quot;status_code&quot;:3,&quot;error_str&quot;:&quot;None&quot;,&quot;status_str&quot;:&quot;Connected&quot;},{&quot;host&quot;:&quot;192.168.60.66&quot;,&quot;port&quot;:2088,&quot;nic&quot;:&quot;192.168.50.65&quot;,&quot;limit&quot;:0,&quot;is_backup&quot;:0,&quot;bitrate&quot;:0,&quot;up_time&quot;:0,&quot;error_code&quot;:3,&quot;status_code&quot;:1,&quot;error_str&quot;:&quot;Timeout&quot;,&quot;status_str&quot;:&quot;Connecting&quot;},{&quot;host&quot;:&quot;192.168.5.166&quot;,&quot;port&quot;:2088,&quot;nic&quot;:&quot;192.168.5.165&quot;,&quot;limit&quot;:0,&quot;is_backup&quot;:0,&quot;bitrate&quot;:2881369,&quot;up_time&quot;:62,&quot;error_code&quot;:0,&quot;status_code&quot;:3,&quot;error_str&quot;:&quot;None&quot;,&quot;status_str&quot;:&quot;Connected&quot;}],&quot;error&quot;:&quot;None&quot;,&quot;con_stat&quot;:&quot;Disconnected&quot;,&quot;bitrate&quot;:5595592,&quot;dest&quot;:&quot;bonded/bonded7&quot;},{&quot;mip&quot;:&quot;4000.ts&quot;,&quot;port&quot;:0,&quot;ip&quot;:&quot;file&quot;,&quot;in_name&quot;:&quot;bond&quot;,&quot;in_active&quot;:1,&quot;in_active_sources&quot;:0,&quot;prg_name&quot;:&quot;&quot;,&quot;prg_prov&quot;:&quot;&quot;,&quot;prg_num&quot;:-1,&quot;chan&quot;:&quot;&quot;,&quot;chan_id&quot;:-1,&quot;id&quot;:&quot;zixi://bonded(bonded14)#10.7.0.66:2088@10.7.0.65,192.168.60.66:2088@192.168.50.65,192.168.5.166:2088@192.168.5.165&quot;,&quot;type&quot;:2,&quot;name&quot;:&quot;bond14&quot;,&quot;asi&quot;:0,&quot;rtmp&quot;:0,&quot;file&quot;:1,&quot;active&quot;:1,&quot;group&quot;:&quot;&quot;,&quot;bonded&quot;:[{&quot;host&quot;:&quot;10.7.0.66&quot;,&quot;port&quot;:2088,&quot;nic&quot;:&quot;10.7.0.65&quot;,&quot;limit&quot;:0,&quot;is_backup&quot;:0,&quot;bitrate&quot;:2889705,&quot;up_time&quot;:62,&quot;error_code&quot;:0,&quot;status_code&quot;:3,&quot;error_str&quot;:&quot;None&quot;,&quot;status_str&quot;:&quot;Connected&quot;},{&quot;host&quot;:&quot;192.168.60.66&quot;,&quot;port&quot;:2088,&quot;nic&quot;:&quot;192.168.50.65&quot;,&quot;limit&quot;:0,&quot;is_backup&quot;:0,&quot;bitrate&quot;:0,&quot;up_time&quot;:0,&quot;error_code&quot;:3,&quot;status_code&quot;:1,&quot;error_str&quot;:&quot;Timeout&quot;,&quot;status_str&quot;:&quot;Connecting&quot;},{&quot;host&quot;:&quot;192.168.5.166&quot;,&quot;port&quot;:2088,&quot;nic&quot;:&quot;192.168.5.165&quot;,&quot;limit&quot;:0,&quot;is_backup&quot;:0,&quot;bitrate&quot;:2779265,&quot;up_time&quot;:62,&quot;error_code&quot;:0,&quot;status_code&quot;:3,&quot;error_str&quot;:&quot;None&quot;,&quot;status_str&quot;:&quot;Connected&quot;}],&quot;error&quot;:&quot;None&quot;,&quot;con_stat&quot;:&quot;Disconnected&quot;,&quot;bitrate&quot;:5621946,&quot;dest&quot;:&quot;bonded/bonded14&quot;}]}
Debug printing ------&gt;&gt;&gt; {&quot;custom_data&quot;:&quot;&quot;,&quot;msg&quot;:&quot;Output deleted.&quot;,&quot;error&quot;:&quot;&quot;,&quot;outs&quot;:[{&quot;mip&quot;:&quot;live_recording.ts&quot;,&quot;port&quot;:0,&quot;ip&quot;:&quot;file&quot;,&quot;in_name&quot;:&quot;feederoutputname&quot;,&quot;in_active&quot;:1,&quot;in_active_sources&quot;:0,&quot;prg_name&quot;:&quot;&quot;,&quot;prg_prov&quot;:&quot;&quot;,&quot;prg_num&quot;:1,&quot;chan&quot;:&quot;&quot;,&quot;chan_id&quot;:-1,&quot;id&quot;:&quot;zixi://10.7.0.66:2088/feederout&quot;,&quot;type&quot;:2,&quot;name&quot;:&quot;feederoutputname&quot;,&quot;asi&quot;:0,&quot;rtmp&quot;:0,&quot;file&quot;:1,&quot;active&quot;:1,&quot;group&quot;:&quot;&quot;,&quot;error&quot;:&quot;Authentication&quot;,&quot;con_stat&quot;:&quot;Disconnected&quot;,&quot;bitrate&quot;:0,&quot;dest&quot;:&quot;10.7.0.66:2088/feederout&quot;},{&quot;mip&quot;:&quot;4000.ts&quot;,&quot;port&quot;:0,&quot;ip&quot;:&quot;file&quot;,&quot;in_name&quot;:&quot;bond&quot;,&quot;in_active&quot;:1,&quot;in_active_sources&quot;:0,&quot;prg_name&quot;:&quot;&quot;,&quot;prg_prov&quot;:&quot;&quot;,&quot;prg_num&quot;:-1,&quot;chan&quot;:&quot;&quot;,&quot;chan_id&quot;:-1,&quot;id&quot;:&quot;zixi://bonded(bonded1)#10.7.0.66:2088@10.7.0.65,192.168.60.66:2088@192.168.50.65,192.168.5.166:2088@192.168.5.165&quot;,&quot;type&quot;:2,&quot;name&quot;:&quot;bond1&quot;,&quot;asi&quot;:0,&quot;rtmp&quot;:0,&quot;file&quot;:1,&quot;active&quot;:1,&quot;group&quot;:&quot;&quot;,&quot;bonded&quot;:[{&quot;host&quot;:&quot;10.7.0.66&quot;,&quot;port&quot;:2088,&quot;nic&quot;:&quot;10.7.0.65&quot;,&quot;limit&quot;:0,&quot;is_backup&quot;:0,&quot;bitrate&quot;:2797250,&quot;up_time&quot;:62,&quot;error_code&quot;:0,&quot;status_code&quot;:3,&quot;error_str&quot;:&quot;None&quot;,&quot;status_str&quot;:&quot;Connected&quot;},{&quot;host&quot;:&quot;192.168.60.66&quot;,&quot;port&quot;:2088,&quot;nic&quot;:&quot;192.168.50.65&quot;,&quot;limit&quot;:0,&quot;is_backup&quot;:0,&quot;bitrate&quot;:0,&quot;up_time&quot;:0,&quot;error_code&quot;:3,&quot;status_code&quot;:1,&quot;error_str&quot;:&quot;Timeout&quot;,&quot;status_str&quot;:&quot;Connecting&quot;},{&quot;host&quot;:&quot;192.168.5.166&quot;,&quot;port&quot;:2088,&quot;nic&quot;:&quot;192.168.5.165&quot;,&quot;limit&quot;:0,&quot;is_backup&quot;:0,&quot;bitrate&quot;:2872932,&quot;up_time&quot;:62,&quot;error_code&quot;:0,&quot;status_code&quot;:3,&quot;error_str&quot;:&quot;None&quot;,&quot;status_str&quot;:&quot;Connected&quot;}],&quot;error&quot;:&quot;None&quot;,&quot;con_stat&quot;:&quot;Disconnected&quot;,&quot;bitrate&quot;:5603836,&quot;dest&quot;:&quot;bonded/bonded1&quot;},{&quot;mip&quot;:&quot;4000.ts&quot;,&quot;port&quot;:0,&quot;ip&quot;:&quot;file&quot;,&quot;in_name&quot;:&quot;bond&quot;,&quot;in_active&quot;:1,&quot;in_active_sources&quot;:0,&quot;prg_name&quot;:&quot;&quot;,&quot;prg_prov&quot;:&quot;&quot;,&quot;prg_num&quot;:-1,&quot;chan&quot;:&quot;&quot;,&quot;chan_id&quot;:-1,&quot;id&quot;:&quot;zixi://bonded(bonded2)#10.7.0.66:2088@10.7.0.65,192.168.60.66:2088@192.168.50.65,192.168.5.166:2088@192.168.5.165&quot;,&quot;type&quot;:2,&quot;name&quot;:&quot;bond2&quot;,&quot;asi&quot;:0,&quot;rtmp&quot;:0,&quot;file&quot;:1,&quot;active&quot;:1,&quot;group&quot;:&quot;&quot;,&quot;bonded&quot;:[{&quot;host&quot;:&quot;10.7.0.66&quot;,&quot;port&quot;:2088,&quot;nic&quot;:&quot;10.7.0.65&quot;,&quot;limit&quot;:0,&quot;is_backup&quot;:0,&quot;bitrate&quot;:2823614,&quot;up_time&quot;:62,&quot;error_code&quot;:0,&quot;status_code&quot;:3,&quot;error_str&quot;:&quot;None&quot;,&quot;status_str&quot;:&quot;Connected&quot;},{&quot;host&quot;:&quot;192.168.60.66&quot;,&quot;port&quot;:2088,&quot;nic&quot;:&quot;192.168.50.65&quot;,&quot;limit&quot;:0,&quot;is_backup&quot;:0,&quot;bitrate&quot;:0,&quot;up_time&quot;:0,&quot;error_code&quot;:3,&quot;status_code&quot;:1,&quot;error_str&quot;:&quot;Timeout&quot;,&quot;status_str&quot;:&quot;Connecting&quot;},{&quot;host&quot;:&quot;192.168.5.166&quot;,&quot;port&quot;:2088,&quot;nic&quot;:&quot;192.168.5.165&quot;,&quot;limit&quot;:0,&quot;is_backup&quot;:0,&quot;bitrate&quot;:2844172,&quot;up_time&quot;:62,&quot;error_code&quot;:0,&quot;status_code&quot;:3,&quot;error_str&quot;:&quot;None&quot;,&quot;status_str&quot;:&quot;Connected&quot;}],&quot;error&quot;:&quot;None&quot;,&quot;con_stat&quot;:&quot;Disconnected&quot;,&quot;bitrate&quot;:5599424,&quot;dest&quot;:&quot;bonded/bonded2&quot;},{&quot;mip&quot;:&quot;4000.ts&quot;,&quot;port&quot;:0,&quot;ip&quot;:&quot;file&quot;,&quot;in_name&quot;:&quot;bond&quot;,&quot;in_active&quot;:1,&quot;in_active_sources&quot;:0,&quot;prg_name&quot;:&quot;&quot;,&quot;prg_prov&quot;:&quot;&quot;,&quot;prg_num&quot;:-1,&quot;chan&quot;:&quot;&quot;,&quot;chan_id&quot;:-1,&quot;id&quot;:&quot;zixi://bonded(bonded3)#10.7.0.66:2088@10.7.0.65,192.168.60.66:2088@192.168.50.65,192.168.5.166:2088@192.168.5.165&quot;,&quot;type&quot;:2,&quot;name&quot;:&quot;bond3&quot;,&quot;asi&quot;:0,&quot;rtmp&quot;:0,&quot;file&quot;:1,&quot;active&quot;:1,&quot;group&quot;:&quot;&quot;,&quot;bonded&quot;:[{&quot;host&quot;:&quot;10.7.0.66&quot;,&quot;port&quot;:2088,&quot;nic&quot;:&quot;10.7.0.65&quot;,&quot;limit&quot;:0,&quot;is_backup&quot;:0,&quot;bitrate&quot;:2870606,&quot;up_time&quot;:62,&quot;error_code&quot;:0,&quot;status_code&quot;:3,&quot;error_str&quot;:&quot;None&quot;,&quot;status_str&quot;:&quot;Connected&quot;},{&quot;host&quot;:&quot;192.168.60.66&quot;,&quot;port&quot;:2088,&quot;nic&quot;:&quot;192.168.50.65&quot;,&quot;limit&quot;:0,&quot;is_backup&quot;:0,&quot;bitrate&quot;:0,&quot;up_time&quot;:0,&quot;error_code&quot;:3,&quot;status_code&quot;:1,&quot;error_str&quot;:&quot;Timeout&quot;,&quot;status_str&quot;:&quot;Connecting&quot;},{&quot;host&quot;:&quot;192.168.5.166&quot;,&quot;port&quot;:2088,&quot;nic&quot;:&quot;192.168.5.165&quot;,&quot;limit&quot;:0,&quot;is_backup&quot;:0,&quot;bitrate&quot;:2815477,&quot;up_time&quot;:62,&quot;error_code&quot;:0,&quot;status_code&quot;:3,&quot;error_str&quot;:&quot;None&quot;,&quot;status_str&quot;:&quot;Connected&quot;}],&quot;error&quot;:&quot;None&quot;,&quot;con_stat&quot;:&quot;Disconnected&quot;,&quot;bitrate&quot;:5614785,&quot;dest&quot;:&quot;bonded/bonded3&quot;},{&quot;mip&quot;:&quot;4000.ts&quot;,&quot;port&quot;:0,&quot;ip&quot;:&quot;file&quot;,&quot;in_name&quot;:&quot;bond&quot;,&quot;in_active&quot;:1,&quot;in_active_sources&quot;:0,&quot;prg_name&quot;:&quot;&quot;,&quot;prg_prov&quot;:&quot;&quot;,&quot;prg_num&quot;:-1,&quot;chan&quot;:&quot;&quot;,&quot;chan_id&quot;:-1,&quot;id&quot;:&quot;zixi://bonded(bonded4)#10.7.0.66:2088@10.7.0.65,192.168.60.66:2088@192.168.50.65,192.168.5.166:2088@192.168.5.165&quot;,&quot;type&quot;:2,&quot;name&quot;:&quot;bond4&quot;,&quot;asi&quot;:0,&quot;rtmp&quot;:0,&quot;file&quot;:1,&quot;active&quot;:1,&quot;group&quot;:&quot;&quot;,&quot;bonded&quot;:[{&quot;host&quot;:&quot;10.7.0.66&quot;,&quot;port&quot;:2088,&quot;nic&quot;:&quot;10.7.0.65&quot;,&quot;limit&quot;:0,&quot;is_backup&quot;:0,&quot;bitrate&quot;:2793416,&quot;up_time&quot;:62,&quot;error_code&quot;:0,&quot;status_code&quot;:3,&quot;error_str&quot;:&quot;None&quot;,&quot;status_str&quot;:&quot;Connected&quot;},{&quot;host&quot;:&quot;192.168.60.66&quot;,&quot;port&quot;:2088,&quot;nic&quot;:&quot;192.168.50.65&quot;,&quot;limit&quot;:0,&quot;is_backup&quot;:0,&quot;bitrate&quot;:0,&quot;up_time&quot;:0,&quot;error_code&quot;:3,&quot;status_code&quot;:1,&quot;error_str&quot;:&quot;Timeout&quot;,&quot;status_str&quot;:&quot;Connecting&quot;},{&quot;host&quot;:&quot;192.168.5.166&quot;,&quot;port&quot;:2088,&quot;nic&quot;:&quot;192.168.5.165&quot;,&quot;limit&quot;:0,&quot;is_backup&quot;:0,&quot;bitrate&quot;:2883122,&quot;up_time&quot;:62,&quot;error_code&quot;:0,&quot;status_code&quot;:3,&quot;error_str&quot;:&quot;None&quot;,&quot;status_str&quot;:&quot;Connected&quot;}],&quot;error&quot;:&quot;None&quot;,&quot;con_stat&quot;:&quot;Disconnected&quot;,&quot;bitrate&quot;:5602181,&quot;dest&quot;:&quot;bonded/bonded4&quot;},{&quot;mip&quot;:&quot;4000.ts&quot;,&quot;port&quot;:0,&quot;ip&quot;:&quot;file&quot;,&quot;in_name&quot;:&quot;bond&quot;,&quot;in_active&quot;:1,&quot;in_active_sources&quot;:0,&quot;prg_name&quot;:&quot;&quot;,&quot;prg_prov&quot;:&quot;&quot;,&quot;prg_num&quot;:-1,&quot;chan&quot;:&quot;&quot;,&quot;chan_id&quot;:-1,&quot;id&quot;:&quot;zixi://bonded(bonded5)#10.7.0.66:2088@10.7.0.65,192.168.60.66:2088@192.168.50.65,192.168.5.166:2088@192.168.5.165&quot;,&quot;type&quot;:2,&quot;name&quot;:&quot;bond5&quot;,&quot;asi&quot;:0,&quot;rtmp&quot;:0,&quot;file&quot;:1,&quot;active&quot;:1,&quot;group&quot;:&quot;&quot;,&quot;bonded&quot;:[{&quot;host&quot;:&quot;10.7.0.66&quot;,&quot;port&quot;:2088,&quot;nic&quot;:&quot;10.7.0.65&quot;,&quot;limit&quot;:0,&quot;is_backup&quot;:0,&quot;bitrate&quot;:2901933,&quot;up_time&quot;:62,&quot;error_code&quot;:0,&quot;status_code&quot;:3,&quot;error_str&quot;:&quot;None&quot;,&quot;status_str&quot;:&quot;Connected&quot;},{&quot;host&quot;:&quot;192.168.60.66&quot;,&quot;port&quot;:2088,&quot;nic&quot;:&quot;192.168.50.65&quot;,&quot;limit&quot;:0,&quot;is_backup&quot;:0,&quot;bitrate&quot;:0,&quot;up_time&quot;:0,&quot;error_code&quot;:3,&quot;status_code&quot;:1,&quot;error_str&quot;:&quot;Timeout&quot;,&quot;status_str&quot;:&quot;Connecting&quot;},{&quot;host&quot;:&quot;192.168.5.166&quot;,&quot;port&quot;:2088,&quot;nic&quot;:&quot;192.168.5.165&quot;,&quot;limit&quot;:0,&quot;is_backup&quot;:0,&quot;bitrate&quot;:2788192,&quot;up_time&quot;:62,&quot;error_code&quot;:0,&quot;status_code&quot;:3,&quot;error_str&quot;:&quot;None&quot;,&quot;status_str&quot;:&quot;Connected&quot;}],&quot;error&quot;:&quot;None&quot;,&quot;con_stat&quot;:&quot;Disconnected&quot;,&quot;bitrate&quot;:5623440,&quot;dest&quot;:&quot;bonded/bonded5&quot;},{&quot;mip&quot;:&quot;4000.ts&quot;,&quot;port&quot;:0,&quot;ip&quot;:&quot;file&quot;,&quot;in_name&quot;:&quot;bond&quot;,&quot;in_active&quot;:1,&quot;in_active_sources&quot;:0,&quot;prg_name&quot;:&quot;&quot;,&quot;prg_prov&quot;:&quot;&quot;,&quot;prg_num&quot;:-1,&quot;chan&quot;:&quot;&quot;,&quot;chan_id&quot;:-1,&quot;id&quot;:&quot;zixi://bonded(bonded6)#10.7.0.66:2088@10.7.0.65,192.168.60.66:2088@192.168.50.65,192.168.5.166:2088@192.168.5.165&quot;,&quot;type&quot;:2,&quot;name&quot;:&quot;bond6&quot;,&quot;asi&quot;:0,&quot;rtmp&quot;:0,&quot;file&quot;:1,&quot;active&quot;:1,&quot;group&quot;:&quot;&quot;,&quot;bonded&quot;:[{&quot;host&quot;:&quot;10.7.0.66&quot;,&quot;port&quot;:2088,&quot;nic&quot;:&quot;10.7.0.65&quot;,&quot;limit&quot;:0,&quot;is_backup&quot;:0,&quot;bitrate&quot;:2861013,&quot;up_time&quot;:62,&quot;error_code&quot;:0,&quot;status_code&quot;:3,&quot;error_str&quot;:&quot;None&quot;,&quot;status_str&quot;:&quot;Connected&quot;},{&quot;host&quot;:&quot;192.168.60.66&quot;,&quot;port&quot;:2088,&quot;nic&quot;:&quot;192.168.50.65&quot;,&quot;limit&quot;:0,&quot;is_backup&quot;:0,&quot;bitrate&quot;:0,&quot;up_time&quot;:0,&quot;error_code&quot;:3,&quot;status_code&quot;:1,&quot;error_str&quot;:&quot;Timeout&quot;,&quot;status_str&quot;:&quot;Connecting&quot;},{&quot;host&quot;:&quot;192.168.5.166&quot;,&quot;port&quot;:2088,&quot;nic&quot;:&quot;192.168.5.165&quot;,&quot;limit&quot;:0,&quot;is_backup&quot;:0,&quot;bitrate&quot;:2812273,&quot;up_time&quot;:62,&quot;error_code&quot;:0,&quot;status_code&quot;:3,&quot;error_str&quot;:&quot;None&quot;,&quot;status_str&quot;:&quot;Connected&quot;}],&quot;error&quot;:&quot;None&quot;,&quot;con_stat&quot;:&quot;Disconnected&quot;,&quot;bitrate&quot;:5612683,&quot;dest&quot;:&quot;bonded/bonded6&quot;},{&quot;mip&quot;:&quot;4000.ts&quot;,&quot;port&quot;:0,&quot;ip&quot;:&quot;file&quot;,&quot;in_name&quot;:&quot;bond&quot;,&quot;in_active&quot;:1,&quot;in_active_sources&quot;:0,&quot;prg_name&quot;:&quot;&quot;,&quot;prg_prov&quot;:&quot;&quot;,&quot;prg_num&quot;:-1,&quot;chan&quot;:&quot;&quot;,&quot;chan_id&quot;:-1,&quot;id&quot;:&quot;zixi://bonded(bonded8)#10.7.0.66:2088@10.7.0.65,192.168.60.66:2088@192.168.50.65,192.168.5.166:2088@192.168.5.165&quot;,&quot;type&quot;:2,&quot;name&quot;:&quot;bond8&quot;,&quot;asi&quot;:0,&quot;rtmp&quot;:0,&quot;file&quot;:1,&quot;active&quot;:1,&quot;group&quot;:&quot;&quot;,&quot;bonded&quot;:[{&quot;host&quot;:&quot;10.7.0.66&quot;,&quot;port&quot;:2088,&quot;nic&quot;:&quot;10.7.0.65&quot;,&quot;limit&quot;:0,&quot;is_backup&quot;:0,&quot;bitrate&quot;:2823116,&quot;up_time&quot;:62,&quot;error_code&quot;:0,&quot;status_code&quot;:3,&quot;error_str&quot;:&quot;None&quot;,&quot;status_str&quot;:&quot;Connected&quot;},{&quot;host&quot;:&quot;192.168.60.66&quot;,&quot;port&quot;:2088,&quot;nic&quot;:&quot;192.168.50.65&quot;,&quot;limit&quot;:0,&quot;is_backup&quot;:0,&quot;bitrate&quot;:0,&quot;up_time&quot;:0,&quot;error_code&quot;:3,&quot;status_code&quot;:1,&quot;error_str&quot;:&quot;Timeout&quot;,&quot;status_str&quot;:&quot;Connecting&quot;},{&quot;host&quot;:&quot;192.168.5.166&quot;,&quot;port&quot;:2088,&quot;nic&quot;:&quot;192.168.5.165&quot;,&quot;limit&quot;:0,&quot;is_backup&quot;:0,&quot;bitrate&quot;:2838254,&quot;up_time&quot;:62,&quot;error_code&quot;:0,&quot;status_code&quot;:3,&quot;error_str&quot;:&quot;None&quot;,&quot;status_str&quot;:&quot;Connected&quot;}],&quot;error&quot;:&quot;None&quot;,&quot;con_stat&quot;:&quot;Disconnected&quot;,&quot;bitrate&quot;:5611548,&quot;dest&quot;:&quot;bonded/bonded8&quot;},{&quot;mip&quot;:&quot;4000.ts&quot;,&quot;port&quot;:0,&quot;ip&quot;:&quot;file&quot;,&quot;in_name&quot;:&quot;bond&quot;,&quot;in_active&quot;:1,&quot;in_active_sources&quot;:0,&quot;prg_name&quot;:&quot;&quot;,&quot;prg_prov&quot;:&quot;&quot;,&quot;prg_num&quot;:-1,&quot;chan&quot;:&quot;&quot;,&quot;chan_id&quot;:-1,&quot;id&quot;:&quot;zixi://bonded(bonded7)#10.7.0.66:2088@10.7.0.65,192.168.60.66:2088@192.168.50.65,192.168.5.166:2088@192.168.5.165&quot;,&quot;type&quot;:2,&quot;name&quot;:&quot;bond7&quot;,&quot;asi&quot;:0,&quot;rtmp&quot;:0,&quot;file&quot;:1,&quot;active&quot;:1,&quot;group&quot;:&quot;&quot;,&quot;bonded&quot;:[{&quot;host&quot;:&quot;10.7.0.66&quot;,&quot;port&quot;:2088,&quot;nic&quot;:&quot;10.7.0.65&quot;,&quot;limit&quot;:0,&quot;is_backup&quot;:0,&quot;bitrate&quot;:2779582,&quot;up_time&quot;:62,&quot;error_code&quot;:0,&quot;status_code&quot;:3,&quot;error_str&quot;:&quot;None&quot;,&quot;status_str&quot;:&quot;Connected&quot;},{&quot;host&quot;:&quot;192.168.60.66&quot;,&quot;port&quot;:2088,&quot;nic&quot;:&quot;192.168.50.65&quot;,&quot;limit&quot;:0,&quot;is_backup&quot;:0,&quot;bitrate&quot;:0,&quot;up_time&quot;:0,&quot;error_code&quot;:3,&quot;status_code&quot;:1,&quot;error_str&quot;:&quot;Timeout&quot;,&quot;status_str&quot;:&quot;Connecting&quot;},{&quot;host&quot;:&quot;192.168.5.166&quot;,&quot;port&quot;:2088,&quot;nic&quot;:&quot;192.168.5.165&quot;,&quot;limit&quot;:0,&quot;is_backup&quot;:0,&quot;bitrate&quot;:2881369,&quot;up_time&quot;:62,&quot;error_code&quot;:0,&quot;status_code&quot;:3,&quot;error_str&quot;:&quot;None&quot;,&quot;status_str&quot;:&quot;Connected&quot;}],&quot;error&quot;:&quot;None&quot;,&quot;con_stat&quot;:&quot;Disconnected&quot;,&quot;bitrate&quot;:5595592,&quot;dest&quot;:&quot;bonded/bonded7&quot;}]}
Debug printing ------&gt;&gt;&gt; {&quot;custom_data&quot;:&quot;&quot;,&quot;msg&quot;:&quot;Output deleted.&quot;,&quot;error&quot;:&quot;&quot;,&quot;outs&quot;:[{&quot;mip&quot;:&quot;live_recording.ts&quot;,&quot;port&quot;:0,&quot;ip&quot;:&quot;file&quot;,&quot;in_name&quot;:&quot;feederoutputname&quot;,&quot;in_active&quot;:1,&quot;in_active_sources&quot;:0,&quot;prg_name&quot;:&quot;&quot;,&quot;prg_prov&quot;:&quot;&quot;,&quot;prg_num&quot;:1,&quot;chan&quot;:&quot;&quot;,&quot;chan_id&quot;:-1,&quot;id&quot;:&quot;zixi://10.7.0.66:2088/feederout&quot;,&quot;type&quot;:2,&quot;name&quot;:&quot;feederoutputname&quot;,&quot;asi&quot;:0,&quot;rtmp&quot;:0,&quot;file&quot;:1,&quot;active&quot;:1,&quot;group&quot;:&quot;&quot;,&quot;error&quot;:&quot;Authentication&quot;,&quot;con_stat&quot;:&quot;Disconnected&quot;,&quot;bitrate&quot;:0,&quot;dest&quot;:&quot;10.7.0.66:2088/feederout&quot;},{&quot;mip&quot;:&quot;4000.ts&quot;,&quot;port&quot;:0,&quot;ip&quot;:&quot;file&quot;,&quot;in_name&quot;:&quot;bond&quot;,&quot;in_active&quot;:1,&quot;in_active_sources&quot;:0,&quot;prg_name&quot;:&quot;&quot;,&quot;prg_prov&quot;:&quot;&quot;,&quot;prg_num&quot;:-1,&quot;chan&quot;:&quot;&quot;,&quot;chan_id&quot;:-1,&quot;id&quot;:&quot;zixi://bonded(bonded1)#10.7.0.66:2088@10.7.0.65,192.168.60.66:2088@192.168.50.65,192.168.5.166:2088@192.168.5.165&quot;,&quot;type&quot;:2,&quot;name&quot;:&quot;bond1&quot;,&quot;asi&quot;:0,&quot;rtmp&quot;:0,&quot;file&quot;:1,&quot;active&quot;:1,&quot;group&quot;:&quot;&quot;,&quot;bonded&quot;:[{&quot;host&quot;:&quot;10.7.0.66&quot;,&quot;port&quot;:2088,&quot;nic&quot;:&quot;10.7.0.65&quot;,&quot;limit&quot;:0,&quot;is_backup&quot;:0,&quot;bitrate&quot;:2797250,&quot;up_time&quot;:62,&quot;error_code&quot;:0,&quot;status_code&quot;:3,&quot;error_str&quot;:&quot;None&quot;,&quot;status_str&quot;:&quot;Connected&quot;},{&quot;host&quot;:&quot;192.168.60.66&quot;,&quot;port&quot;:2088,&quot;nic&quot;:&quot;192.168.50.65&quot;,&quot;limit&quot;:0,&quot;is_backup&quot;:0,&quot;bitrate&quot;:0,&quot;up_time&quot;:0,&quot;error_code&quot;:3,&quot;status_code&quot;:1,&quot;error_str&quot;:&quot;Timeout&quot;,&quot;status_str&quot;:&quot;Connecting&quot;},{&quot;host&quot;:&quot;192.168.5.166&quot;,&quot;port&quot;:2088,&quot;nic&quot;:&quot;192.168.5.165&quot;,&quot;limit&quot;:0,&quot;is_backup&quot;:0,&quot;bitrate&quot;:2872932,&quot;up_time&quot;:62,&quot;error_code&quot;:0,&quot;status_code&quot;:3,&quot;error_str&quot;:&quot;None&quot;,&quot;status_str&quot;:&quot;Connected&quot;}],&quot;error&quot;:&quot;None&quot;,&quot;con_stat&quot;:&quot;Disconnected&quot;,&quot;bitrate&quot;:5603836,&quot;dest&quot;:&quot;bonded/bonded1&quot;},{&quot;mip&quot;:&quot;4000.ts&quot;,&quot;port&quot;:0,&quot;ip&quot;:&quot;file&quot;,&quot;in_name&quot;:&quot;bond&quot;,&quot;in_active&quot;:1,&quot;in_active_sources&quot;:0,&quot;prg_name&quot;:&quot;&quot;,&quot;prg_prov&quot;:&quot;&quot;,&quot;prg_num&quot;:-1,&quot;chan&quot;:&quot;&quot;,&quot;chan_id&quot;:-1,&quot;id&quot;:&quot;zixi://bonded(bonded2)#10.7.0.66:2088@10.7.0.65,192.168.60.66:2088@192.168.50.65,192.168.5.166:2088@192.168.5.165&quot;,&quot;type&quot;:2,&quot;name&quot;:&quot;bond2&quot;,&quot;asi&quot;:0,&quot;rtmp&quot;:0,&quot;file&quot;:1,&quot;active&quot;:1,&quot;group&quot;:&quot;&quot;,&quot;bonded&quot;:[{&quot;host&quot;:&quot;10.7.0.66&quot;,&quot;port&quot;:2088,&quot;nic&quot;:&quot;10.7.0.65&quot;,&quot;limit&quot;:0,&quot;is_backup&quot;:0,&quot;bitrate&quot;:2823614,&quot;up_time&quot;:62,&quot;error_code&quot;:0,&quot;status_code&quot;:3,&quot;error_str&quot;:&quot;None&quot;,&quot;status_str&quot;:&quot;Connected&quot;},{&quot;host&quot;:&quot;192.168.60.66&quot;,&quot;port&quot;:2088,&quot;nic&quot;:&quot;192.168.50.65&quot;,&quot;limit&quot;:0,&quot;is_backup&quot;:0,&quot;bitrate&quot;:0,&quot;up_time&quot;:0,&quot;error_code&quot;:3,&quot;status_code&quot;:1,&quot;error_str&quot;:&quot;Timeout&quot;,&quot;status_str&quot;:&quot;Connecting&quot;},{&quot;host&quot;:&quot;192.168.5.166&quot;,&quot;port&quot;:2088,&quot;nic&quot;:&quot;192.168.5.165&quot;,&quot;limit&quot;:0,&quot;is_backup&quot;:0,&quot;bitrate&quot;:2844172,&quot;up_time&quot;:62,&quot;error_code&quot;:0,&quot;status_code&quot;:3,&quot;error_str&quot;:&quot;None&quot;,&quot;status_str&quot;:&quot;Connected&quot;}],&quot;error&quot;:&quot;None&quot;,&quot;con_stat&quot;:&quot;Disconnected&quot;,&quot;bitrate&quot;:5599424,&quot;dest&quot;:&quot;bonded/bonded2&quot;},{&quot;mip&quot;:&quot;4000.ts&quot;,&quot;port&quot;:0,&quot;ip&quot;:&quot;file&quot;,&quot;in_name&quot;:&quot;bond&quot;,&quot;in_active&quot;:1,&quot;in_active_sources&quot;:0,&quot;prg_name&quot;:&quot;&quot;,&quot;prg_prov&quot;:&quot;&quot;,&quot;prg_num&quot;:-1,&quot;chan&quot;:&quot;&quot;,&quot;chan_id&quot;:-1,&quot;id&quot;:&quot;zixi://bonded(bonded3)#10.7.0.66:2088@10.7.0.65,192.168.60.66:2088@192.168.50.65,192.168.5.166:2088@192.168.5.165&quot;,&quot;type&quot;:2,&quot;name&quot;:&quot;bond3&quot;,&quot;asi&quot;:0,&quot;rtmp&quot;:0,&quot;file&quot;:1,&quot;active&quot;:1,&quot;group&quot;:&quot;&quot;,&quot;bonded&quot;:[{&quot;host&quot;:&quot;10.7.0.66&quot;,&quot;port&quot;:2088,&quot;nic&quot;:&quot;10.7.0.65&quot;,&quot;limit&quot;:0,&quot;is_backup&quot;:0,&quot;bitrate&quot;:2870606,&quot;up_time&quot;:62,&quot;error_code&quot;:0,&quot;status_code&quot;:3,&quot;error_str&quot;:&quot;None&quot;,&quot;status_str&quot;:&quot;Connected&quot;},{&quot;host&quot;:&quot;192.168.60.66&quot;,&quot;port&quot;:2088,&quot;nic&quot;:&quot;192.168.50.65&quot;,&quot;limit&quot;:0,&quot;is_backup&quot;:0,&quot;bitrate&quot;:0,&quot;up_time&quot;:0,&quot;error_code&quot;:3,&quot;status_code&quot;:1,&quot;error_str&quot;:&quot;Timeout&quot;,&quot;status_str&quot;:&quot;Connecting&quot;},{&quot;host&quot;:&quot;192.168.5.166&quot;,&quot;port&quot;:2088,&quot;nic&quot;:&quot;192.168.5.165&quot;,&quot;limit&quot;:0,&quot;is_backup&quot;:0,&quot;bitrate&quot;:2815477,&quot;up_time&quot;:62,&quot;error_code&quot;:0,&quot;status_code&quot;:3,&quot;error_str&quot;:&quot;None&quot;,&quot;status_str&quot;:&quot;Connected&quot;}],&quot;error&quot;:&quot;None&quot;,&quot;con_stat&quot;:&quot;Disconnected&quot;,&quot;bitrate&quot;:5614785,&quot;dest&quot;:&quot;bonded/bonded3&quot;},{&quot;mip&quot;:&quot;4000.ts&quot;,&quot;port&quot;:0,&quot;ip&quot;:&quot;file&quot;,&quot;in_name&quot;:&quot;bond&quot;,&quot;in_active&quot;:1,&quot;in_active_sources&quot;:0,&quot;prg_name&quot;:&quot;&quot;,&quot;prg_prov&quot;:&quot;&quot;,&quot;prg_num&quot;:-1,&quot;chan&quot;:&quot;&quot;,&quot;chan_id&quot;:-1,&quot;id&quot;:&quot;zixi://bonded(bonded4)#10.7.0.66:2088@10.7.0.65,192.168.60.66:2088@192.168.50.65,192.168.5.166:2088@192.168.5.165&quot;,&quot;type&quot;:2,&quot;name&quot;:&quot;bond4&quot;,&quot;asi&quot;:0,&quot;rtmp&quot;:0,&quot;file&quot;:1,&quot;active&quot;:1,&quot;group&quot;:&quot;&quot;,&quot;bonded&quot;:[{&quot;host&quot;:&quot;10.7.0.66&quot;,&quot;port&quot;:2088,&quot;nic&quot;:&quot;10.7.0.65&quot;,&quot;limit&quot;:0,&quot;is_backup&quot;:0,&quot;bitrate&quot;:2793416,&quot;up_time&quot;:62,&quot;error_code&quot;:0,&quot;status_code&quot;:3,&quot;error_str&quot;:&quot;None&quot;,&quot;status_str&quot;:&quot;Connected&quot;},{&quot;host&quot;:&quot;192.168.60.66&quot;,&quot;port&quot;:2088,&quot;nic&quot;:&quot;192.168.50.65&quot;,&quot;limit&quot;:0,&quot;is_backup&quot;:0,&quot;bitrate&quot;:0,&quot;up_time&quot;:0,&quot;error_code&quot;:3,&quot;status_code&quot;:1,&quot;error_str&quot;:&quot;Timeout&quot;,&quot;status_str&quot;:&quot;Connecting&quot;},{&quot;host&quot;:&quot;192.168.5.166&quot;,&quot;port&quot;:2088,&quot;nic&quot;:&quot;192.168.5.165&quot;,&quot;limit&quot;:0,&quot;is_backup&quot;:0,&quot;bitrate&quot;:2883122,&quot;up_time&quot;:62,&quot;error_code&quot;:0,&quot;status_code&quot;:3,&quot;error_str&quot;:&quot;None&quot;,&quot;status_str&quot;:&quot;Connected&quot;}],&quot;error&quot;:&quot;None&quot;,&quot;con_stat&quot;:&quot;Disconnected&quot;,&quot;bitrate&quot;:5602181,&quot;dest&quot;:&quot;bonded/bonded4&quot;},{&quot;mip&quot;:&quot;4000.ts&quot;,&quot;port&quot;:0,&quot;ip&quot;:&quot;file&quot;,&quot;in_name&quot;:&quot;bond&quot;,&quot;in_active&quot;:1,&quot;in_active_sources&quot;:0,&quot;prg_name&quot;:&quot;&quot;,&quot;prg_prov&quot;:&quot;&quot;,&quot;prg_num&quot;:-1,&quot;chan&quot;:&quot;&quot;,&quot;chan_id&quot;:-1,&quot;id&quot;:&quot;zixi://bonded(bonded5)#10.7.0.66:2088@10.7.0.65,192.168.60.66:2088@192.168.50.65,192.168.5.166:2088@192.168.5.165&quot;,&quot;type&quot;:2,&quot;name&quot;:&quot;bond5&quot;,&quot;asi&quot;:0,&quot;rtmp&quot;:0,&quot;file&quot;:1,&quot;active&quot;:1,&quot;group&quot;:&quot;&quot;,&quot;bonded&quot;:[{&quot;host&quot;:&quot;10.7.0.66&quot;,&quot;port&quot;:2088,&quot;nic&quot;:&quot;10.7.0.65&quot;,&quot;limit&quot;:0,&quot;is_backup&quot;:0,&quot;bitrate&quot;:2901933,&quot;up_time&quot;:62,&quot;error_code&quot;:0,&quot;status_code&quot;:3,&quot;error_str&quot;:&quot;None&quot;,&quot;status_str&quot;:&quot;Connected&quot;},{&quot;host&quot;:&quot;192.168.60.66&quot;,&quot;port&quot;:2088,&quot;nic&quot;:&quot;192.168.50.65&quot;,&quot;limit&quot;:0,&quot;is_backup&quot;:0,&quot;bitrate&quot;:0,&quot;up_time&quot;:0,&quot;error_code&quot;:3,&quot;status_code&quot;:1,&quot;error_str&quot;:&quot;Timeout&quot;,&quot;status_str&quot;:&quot;Connecting&quot;},{&quot;host&quot;:&quot;192.168.5.166&quot;,&quot;port&quot;:2088,&quot;nic&quot;:&quot;192.168.5.165&quot;,&quot;limit&quot;:0,&quot;is_backup&quot;:0,&quot;bitrate&quot;:2788192,&quot;up_time&quot;:62,&quot;error_code&quot;:0,&quot;status_code&quot;:3,&quot;error_str&quot;:&quot;None&quot;,&quot;status_str&quot;:&quot;Connected&quot;}],&quot;error&quot;:&quot;None&quot;,&quot;con_stat&quot;:&quot;Disconnected&quot;,&quot;bitrate&quot;:5623440,&quot;dest&quot;:&quot;bonded/bonded5&quot;},{&quot;mip&quot;:&quot;4000.ts&quot;,&quot;port&quot;:0,&quot;ip&quot;:&quot;file&quot;,&quot;in_name&quot;:&quot;bond&quot;,&quot;in_active&quot;:1,&quot;in_active_sources&quot;:0,&quot;prg_name&quot;:&quot;&quot;,&quot;prg_prov&quot;:&quot;&quot;,&quot;prg_num&quot;:-1,&quot;chan&quot;:&quot;&quot;,&quot;chan_id&quot;:-1,&quot;id&quot;:&quot;zixi://bonded(bonded6)#10.7.0.66:2088@10.7.0.65,192.168.60.66:2088@192.168.50.65,192.168.5.166:2088@192.168.5.165&quot;,&quot;type&quot;:2,&quot;name&quot;:&quot;bond6&quot;,&quot;asi&quot;:0,&quot;rtmp&quot;:0,&quot;file&quot;:1,&quot;active&quot;:1,&quot;group&quot;:&quot;&quot;,&quot;bonded&quot;:[{&quot;host&quot;:&quot;10.7.0.66&quot;,&quot;port&quot;:2088,&quot;nic&quot;:&quot;10.7.0.65&quot;,&quot;limit&quot;:0,&quot;is_backup&quot;:0,&quot;bitrate&quot;:2861013,&quot;up_time&quot;:62,&quot;error_code&quot;:0,&quot;status_code&quot;:3,&quot;error_str&quot;:&quot;None&quot;,&quot;status_str&quot;:&quot;Connected&quot;},{&quot;host&quot;:&quot;192.168.60.66&quot;,&quot;port&quot;:2088,&quot;nic&quot;:&quot;192.168.50.65&quot;,&quot;limit&quot;:0,&quot;is_backup&quot;:0,&quot;bitrate&quot;:0,&quot;up_time&quot;:0,&quot;error_code&quot;:3,&quot;status_code&quot;:1,&quot;error_str&quot;:&quot;Timeout&quot;,&quot;status_str&quot;:&quot;Connecting&quot;},{&quot;host&quot;:&quot;192.168.5.166&quot;,&quot;port&quot;:2088,&quot;nic&quot;:&quot;192.168.5.165&quot;,&quot;limit&quot;:0,&quot;is_backup&quot;:0,&quot;bitrate&quot;:2812273,&quot;up_time&quot;:62,&quot;error_code&quot;:0,&quot;status_code&quot;:3,&quot;error_str&quot;:&quot;None&quot;,&quot;status_str&quot;:&quot;Connected&quot;}],&quot;error&quot;:&quot;None&quot;,&quot;con_stat&quot;:&quot;Disconnected&quot;,&quot;bitrate&quot;:5612683,&quot;dest&quot;:&quot;bonded/bonded6&quot;},{&quot;mip&quot;:&quot;4000.ts&quot;,&quot;port&quot;:0,&quot;ip&quot;:&quot;file&quot;,&quot;in_name&quot;:&quot;bond&quot;,&quot;in_active&quot;:1,&quot;in_active_sources&quot;:0,&quot;prg_name&quot;:&quot;&quot;,&quot;prg_prov&quot;:&quot;&quot;,&quot;prg_num&quot;:-1,&quot;chan&quot;:&quot;&quot;,&quot;chan_id&quot;:-1,&quot;id&quot;:&quot;zixi://bonded(bonded8)#10.7.0.66:2088@10.7.0.65,192.168.60.66:2088@192.168.50.65,192.168.5.166:2088@192.168.5.165&quot;,&quot;type&quot;:2,&quot;name&quot;:&quot;bond8&quot;,&quot;asi&quot;:0,&quot;rtmp&quot;:0,&quot;file&quot;:1,&quot;active&quot;:1,&quot;group&quot;:&quot;&quot;,&quot;bonded&quot;:[{&quot;host&quot;:&quot;10.7.0.66&quot;,&quot;port&quot;:2088,&quot;nic&quot;:&quot;10.7.0.65&quot;,&quot;limit&quot;:0,&quot;is_backup&quot;:0,&quot;bitrate&quot;:2823116,&quot;up_time&quot;:62,&quot;error_code&quot;:0,&quot;status_code&quot;:3,&quot;error_str&quot;:&quot;None&quot;,&quot;status_str&quot;:&quot;Connected&quot;},{&quot;host&quot;:&quot;192.168.60.66&quot;,&quot;port&quot;:2088,&quot;nic&quot;:&quot;192.168.50.65&quot;,&quot;limit&quot;:0,&quot;is_backup&quot;:0,&quot;bitrate&quot;:0,&quot;up_time&quot;:0,&quot;error_code&quot;:3,&quot;status_code&quot;:1,&quot;error_str&quot;:&quot;Timeout&quot;,&quot;status_str&quot;:&quot;Connecting&quot;},{&quot;host&quot;:&quot;192.168.5.166&quot;,&quot;port&quot;:2088,&quot;nic&quot;:&quot;192.168.5.165&quot;,&quot;limit&quot;:0,&quot;is_backup&quot;:0,&quot;bitrate&quot;:2838254,&quot;up_time&quot;:62,&quot;error_code&quot;:0,&quot;status_code&quot;:3,&quot;error_str&quot;:&quot;None&quot;,&quot;status_str&quot;:&quot;Connected&quot;}],&quot;error&quot;:&quot;None&quot;,&quot;con_stat&quot;:&quot;Disconnected&quot;,&quot;bitrate&quot;:5611548,&quot;dest&quot;:&quot;bonded/bonded8&quot;}]}
Debug printing ------&gt;&gt;&gt; {&quot;custom_data&quot;:&quot;&quot;,&quot;msg&quot;:&quot;Output deleted.&quot;,&quot;error&quot;:&quot;&quot;,&quot;outs&quot;:[{&quot;mip&quot;:&quot;live_recording.ts&quot;,&quot;port&quot;:0,&quot;ip&quot;:&quot;file&quot;,&quot;in_name&quot;:&quot;feederoutputname&quot;,&quot;in_active&quot;:1,&quot;in_active_sources&quot;:0,&quot;prg_name&quot;:&quot;&quot;,&quot;prg_prov&quot;:&quot;&quot;,&quot;prg_num&quot;:1,&quot;chan&quot;:&quot;&quot;,&quot;chan_id&quot;:-1,&quot;id&quot;:&quot;zixi://10.7.0.66:2088/feederout&quot;,&quot;type&quot;:2,&quot;name&quot;:&quot;feederoutputname&quot;,&quot;asi&quot;:0,&quot;rtmp&quot;:0,&quot;file&quot;:1,&quot;active&quot;:1,&quot;group&quot;:&quot;&quot;,&quot;error&quot;:&quot;Authentication&quot;,&quot;con_stat&quot;:&quot;Disconnected&quot;,&quot;bitrate&quot;:0,&quot;dest&quot;:&quot;10.7.0.66:2088/feederout&quot;},{&quot;mip&quot;:&quot;4000.ts&quot;,&quot;port&quot;:0,&quot;ip&quot;:&quot;file&quot;,&quot;in_name&quot;:&quot;bond&quot;,&quot;in_active&quot;:1,&quot;in_active_sources&quot;:0,&quot;prg_name&quot;:&quot;&quot;,&quot;prg_prov&quot;:&quot;&quot;,&quot;prg_num&quot;:-1,&quot;chan&quot;:&quot;&quot;,&quot;chan_id&quot;:-1,&quot;id&quot;:&quot;zixi://bonded(bonded1)#10.7.0.66:2088@10.7.0.65,192.168.60.66:2088@192.168.50.65,192.168.5.166:2088@192.168.5.165&quot;,&quot;type&quot;:2,&quot;name&quot;:&quot;bond1&quot;,&quot;asi&quot;:0,&quot;rtmp&quot;:0,&quot;file&quot;:1,&quot;active&quot;:1,&quot;group&quot;:&quot;&quot;,&quot;bonded&quot;:[{&quot;host&quot;:&quot;10.7.0.66&quot;,&quot;port&quot;:2088,&quot;nic&quot;:&quot;10.7.0.65&quot;,&quot;limit&quot;:0,&quot;is_backup&quot;:0,&quot;bitrate&quot;:2797250,&quot;up_time&quot;:62,&quot;error_code&quot;:0,&quot;status_code&quot;:3,&quot;error_str&quot;:&quot;None&quot;,&quot;status_str&quot;:&quot;Connected&quot;},{&quot;host&quot;:&quot;192.168.60.66&quot;,&quot;port&quot;:2088,&quot;nic&quot;:&quot;192.168.50.65&quot;,&quot;limit&quot;:0,&quot;is_backup&quot;:0,&quot;bitrate&quot;:0,&quot;up_time&quot;:0,&quot;error_code&quot;:3,&quot;status_code&quot;:1,&quot;error_str&quot;:&quot;Timeout&quot;,&quot;status_str&quot;:&quot;Connecting&quot;},{&quot;host&quot;:&quot;192.168.5.166&quot;,&quot;port&quot;:2088,&quot;nic&quot;:&quot;192.168.5.165&quot;,&quot;limit&quot;:0,&quot;is_backup&quot;:0,&quot;bitrate&quot;:2872932,&quot;up_time&quot;:62,&quot;error_code&quot;:0,&quot;status_code&quot;:3,&quot;error_str&quot;:&quot;None&quot;,&quot;status_str&quot;:&quot;Connected&quot;}],&quot;error&quot;:&quot;None&quot;,&quot;con_stat&quot;:&quot;Disconnected&quot;,&quot;bitrate&quot;:5603836,&quot;dest&quot;:&quot;bonded/bonded1&quot;},{&quot;mip&quot;:&quot;4000.ts&quot;,&quot;port&quot;:0,&quot;ip&quot;:&quot;file&quot;,&quot;in_name&quot;:&quot;bond&quot;,&quot;in_active&quot;:1,&quot;in_active_sources&quot;:0,&quot;prg_name&quot;:&quot;&quot;,&quot;prg_prov&quot;:&quot;&quot;,&quot;prg_num&quot;:-1,&quot;chan&quot;:&quot;&quot;,&quot;chan_id&quot;:-1,&quot;id&quot;:&quot;zixi://bonded(bonded2)#10.7.0.66:2088@10.7.0.65,192.168.60.66:2088@192.168.50.65,192.168.5.166:2088@192.168.5.165&quot;,&quot;type&quot;:2,&quot;name&quot;:&quot;bond2&quot;,&quot;asi&quot;:0,&quot;rtmp&quot;:0,&quot;file&quot;:1,&quot;active&quot;:1,&quot;group&quot;:&quot;&quot;,&quot;bonded&quot;:[{&quot;host&quot;:&quot;10.7.0.66&quot;,&quot;port&quot;:2088,&quot;nic&quot;:&quot;10.7.0.65&quot;,&quot;limit&quot;:0,&quot;is_backup&quot;:0,&quot;bitrate&quot;:2823614,&quot;up_time&quot;:62,&quot;error_code&quot;:0,&quot;status_code&quot;:3,&quot;error_str&quot;:&quot;None&quot;,&quot;status_str&quot;:&quot;Connected&quot;},{&quot;host&quot;:&quot;192.168.60.66&quot;,&quot;port&quot;:2088,&quot;nic&quot;:&quot;192.168.50.65&quot;,&quot;limit&quot;:0,&quot;is_backup&quot;:0,&quot;bitrate&quot;:0,&quot;up_time&quot;:0,&quot;error_code&quot;:3,&quot;status_code&quot;:1,&quot;error_str&quot;:&quot;Timeout&quot;,&quot;status_str&quot;:&quot;Connecting&quot;},{&quot;host&quot;:&quot;192.168.5.166&quot;,&quot;port&quot;:2088,&quot;nic&quot;:&quot;192.168.5.165&quot;,&quot;limit&quot;:0,&quot;is_backup&quot;:0,&quot;bitrate&quot;:2844172,&quot;up_time&quot;:62,&quot;error_code&quot;:0,&quot;status_code&quot;:3,&quot;error_str&quot;:&quot;None&quot;,&quot;status_str&quot;:&quot;Connected&quot;}],&quot;error&quot;:&quot;None&quot;,&quot;con_stat&quot;:&quot;Disconnected&quot;,&quot;bitrate&quot;:5599424,&quot;dest&quot;:&quot;bonded/bonded2&quot;},{&quot;mip&quot;:&quot;4000.ts&quot;,&quot;port&quot;:0,&quot;ip&quot;:&quot;file&quot;,&quot;in_name&quot;:&quot;bond&quot;,&quot;in_active&quot;:1,&quot;in_active_sources&quot;:0,&quot;prg_name&quot;:&quot;&quot;,&quot;prg_prov&quot;:&quot;&quot;,&quot;prg_num&quot;:-1,&quot;chan&quot;:&quot;&quot;,&quot;chan_id&quot;:-1,&quot;id&quot;:&quot;zixi://bonded(bonded3)#10.7.0.66:2088@10.7.0.65,192.168.60.66:2088@192.168.50.65,192.168.5.166:2088@192.168.5.165&quot;,&quot;type&quot;:2,&quot;name&quot;:&quot;bond3&quot;,&quot;asi&quot;:0,&quot;rtmp&quot;:0,&quot;file&quot;:1,&quot;active&quot;:1,&quot;group&quot;:&quot;&quot;,&quot;bonded&quot;:[{&quot;host&quot;:&quot;10.7.0.66&quot;,&quot;port&quot;:2088,&quot;nic&quot;:&quot;10.7.0.65&quot;,&quot;limit&quot;:0,&quot;is_backup&quot;:0,&quot;bitrate&quot;:2870606,&quot;up_time&quot;:62,&quot;error_code&quot;:0,&quot;status_code&quot;:3,&quot;error_str&quot;:&quot;None&quot;,&quot;status_str&quot;:&quot;Connected&quot;},{&quot;host&quot;:&quot;192.168.60.66&quot;,&quot;port&quot;:2088,&quot;nic&quot;:&quot;192.168.50.65&quot;,&quot;limit&quot;:0,&quot;is_backup&quot;:0,&quot;bitrate&quot;:0,&quot;up_time&quot;:0,&quot;error_code&quot;:3,&quot;status_code&quot;:1,&quot;error_str&quot;:&quot;Timeout&quot;,&quot;status_str&quot;:&quot;Connecting&quot;},{&quot;host&quot;:&quot;192.168.5.166&quot;,&quot;port&quot;:2088,&quot;nic&quot;:&quot;192.168.5.165&quot;,&quot;limit&quot;:0,&quot;is_backup&quot;:0,&quot;bitrate&quot;:2815477,&quot;up_time&quot;:62,&quot;error_code&quot;:0,&quot;status_code&quot;:3,&quot;error_str&quot;:&quot;None&quot;,&quot;status_str&quot;:&quot;Connected&quot;}],&quot;error&quot;:&quot;None&quot;,&quot;con_stat&quot;:&quot;Disconnected&quot;,&quot;bitrate&quot;:5614785,&quot;dest&quot;:&quot;bonded/bonded3&quot;},{&quot;mip&quot;:&quot;4000.ts&quot;,&quot;port&quot;:0,&quot;ip&quot;:&quot;file&quot;,&quot;in_name&quot;:&quot;bond&quot;,&quot;in_active&quot;:1,&quot;in_active_sources&quot;:0,&quot;prg_name&quot;:&quot;&quot;,&quot;prg_prov&quot;:&quot;&quot;,&quot;prg_num&quot;:-1,&quot;chan&quot;:&quot;&quot;,&quot;chan_id&quot;:-1,&quot;id&quot;:&quot;zixi://bonded(bonded4)#10.7.0.66:2088@10.7.0.65,192.168.60.66:2088@192.168.50.65,192.168.5.166:2088@192.168.5.165&quot;,&quot;type&quot;:2,&quot;name&quot;:&quot;bond4&quot;,&quot;asi&quot;:0,&quot;rtmp&quot;:0,&quot;file&quot;:1,&quot;active&quot;:1,&quot;group&quot;:&quot;&quot;,&quot;bonded&quot;:[{&quot;host&quot;:&quot;10.7.0.66&quot;,&quot;port&quot;:2088,&quot;nic&quot;:&quot;10.7.0.65&quot;,&quot;limit&quot;:0,&quot;is_backup&quot;:0,&quot;bitrate&quot;:2793416,&quot;up_time&quot;:62,&quot;error_code&quot;:0,&quot;status_code&quot;:3,&quot;error_str&quot;:&quot;None&quot;,&quot;status_str&quot;:&quot;Connected&quot;},{&quot;host&quot;:&quot;192.168.60.66&quot;,&quot;port&quot;:2088,&quot;nic&quot;:&quot;192.168.50.65&quot;,&quot;limit&quot;:0,&quot;is_backup&quot;:0,&quot;bitrate&quot;:0,&quot;up_time&quot;:0,&quot;error_code&quot;:3,&quot;status_code&quot;:1,&quot;error_str&quot;:&quot;Timeout&quot;,&quot;status_str&quot;:&quot;Connecting&quot;},{&quot;host&quot;:&quot;192.168.5.166&quot;,&quot;port&quot;:2088,&quot;nic&quot;:&quot;192.168.5.165&quot;,&quot;limit&quot;:0,&quot;is_backup&quot;:0,&quot;bitrate&quot;:2883122,&quot;up_time&quot;:62,&quot;error_code&quot;:0,&quot;status_code&quot;:3,&quot;error_str&quot;:&quot;None&quot;,&quot;status_str&quot;:&quot;Connected&quot;}],&quot;error&quot;:&quot;None&quot;,&quot;con_stat&quot;:&quot;Disconnected&quot;,&quot;bitrate&quot;:5602181,&quot;dest&quot;:&quot;bonded/bonded4&quot;},{&quot;mip&quot;:&quot;4000.ts&quot;,&quot;port&quot;:0,&quot;ip&quot;:&quot;file&quot;,&quot;in_name&quot;:&quot;bond&quot;,&quot;in_active&quot;:1,&quot;in_active_sources&quot;:0,&quot;prg_name&quot;:&quot;&quot;,&quot;prg_prov&quot;:&quot;&quot;,&quot;prg_num&quot;:-1,&quot;chan&quot;:&quot;&quot;,&quot;chan_id&quot;:-1,&quot;id&quot;:&quot;zixi://bonded(bonded5)#10.7.0.66:2088@10.7.0.65,192.168.60.66:2088@192.168.50.65,192.168.5.166:2088@192.168.5.165&quot;,&quot;type&quot;:2,&quot;name&quot;:&quot;bond5&quot;,&quot;asi&quot;:0,&quot;rtmp&quot;:0,&quot;file&quot;:1,&quot;active&quot;:1,&quot;group&quot;:&quot;&quot;,&quot;bonded&quot;:[{&quot;host&quot;:&quot;10.7.0.66&quot;,&quot;port&quot;:2088,&quot;nic&quot;:&quot;10.7.0.65&quot;,&quot;limit&quot;:0,&quot;is_backup&quot;:0,&quot;bitrate&quot;:2901933,&quot;up_time&quot;:62,&quot;error_code&quot;:0,&quot;status_code&quot;:3,&quot;error_str&quot;:&quot;None&quot;,&quot;status_str&quot;:&quot;Connected&quot;},{&quot;host&quot;:&quot;192.168.60.66&quot;,&quot;port&quot;:2088,&quot;nic&quot;:&quot;192.168.50.65&quot;,&quot;limit&quot;:0,&quot;is_backup&quot;:0,&quot;bitrate&quot;:0,&quot;up_time&quot;:0,&quot;error_code&quot;:3,&quot;status_code&quot;:1,&quot;error_str&quot;:&quot;Timeout&quot;,&quot;status_str&quot;:&quot;Connecting&quot;},{&quot;host&quot;:&quot;192.168.5.166&quot;,&quot;port&quot;:2088,&quot;nic&quot;:&quot;192.168.5.165&quot;,&quot;limit&quot;:0,&quot;is_backup&quot;:0,&quot;bitrate&quot;:2788192,&quot;up_time&quot;:62,&quot;error_code&quot;:0,&quot;status_code&quot;:3,&quot;error_str&quot;:&quot;None&quot;,&quot;status_str&quot;:&quot;Connected&quot;}],&quot;error&quot;:&quot;None&quot;,&quot;con_stat&quot;:&quot;Disconnected&quot;,&quot;bitrate&quot;:5623440,&quot;dest&quot;:&quot;bonded/bonded5&quot;},{&quot;mip&quot;:&quot;4000.ts&quot;,&quot;port&quot;:0,&quot;ip&quot;:&quot;file&quot;,&quot;in_name&quot;:&quot;bond&quot;,&quot;in_active&quot;:1,&quot;in_active_sources&quot;:0,&quot;prg_name&quot;:&quot;&quot;,&quot;prg_prov&quot;:&quot;&quot;,&quot;prg_num&quot;:-1,&quot;chan&quot;:&quot;&quot;,&quot;chan_id&quot;:-1,&quot;id&quot;:&quot;zixi://bonded(bonded6)#10.7.0.66:2088@10.7.0.65,192.168.60.66:2088@192.168.50.65,192.168.5.166:2088@192.168.5.165&quot;,&quot;type&quot;:2,&quot;name&quot;:&quot;bond6&quot;,&quot;asi&quot;:0,&quot;rtmp&quot;:0,&quot;file&quot;:1,&quot;active&quot;:1,&quot;group&quot;:&quot;&quot;,&quot;bonded&quot;:[{&quot;host&quot;:&quot;10.7.0.66&quot;,&quot;port&quot;:2088,&quot;nic&quot;:&quot;10.7.0.65&quot;,&quot;limit&quot;:0,&quot;is_backup&quot;:0,&quot;bitrate&quot;:2861013,&quot;up_time&quot;:62,&quot;error_code&quot;:0,&quot;status_code&quot;:3,&quot;error_str&quot;:&quot;None&quot;,&quot;status_str&quot;:&quot;Connected&quot;},{&quot;host&quot;:&quot;192.168.60.66&quot;,&quot;port&quot;:2088,&quot;nic&quot;:&quot;192.168.50.65&quot;,&quot;limit&quot;:0,&quot;is_backup&quot;:0,&quot;bitrate&quot;:0,&quot;up_time&quot;:0,&quot;error_code&quot;:3,&quot;status_code&quot;:1,&quot;error_str&quot;:&quot;Timeout&quot;,&quot;status_str&quot;:&quot;Connecting&quot;},{&quot;host&quot;:&quot;192.168.5.166&quot;,&quot;port&quot;:2088,&quot;nic&quot;:&quot;192.168.5.165&quot;,&quot;limit&quot;:0,&quot;is_backup&quot;:0,&quot;bitrate&quot;:2812273,&quot;up_time&quot;:62,&quot;error_code&quot;:0,&quot;status_code&quot;:3,&quot;error_str&quot;:&quot;None&quot;,&quot;status_str&quot;:&quot;Connected&quot;}],&quot;error&quot;:&quot;None&quot;,&quot;con_stat&quot;:&quot;Disconnected&quot;,&quot;bitrate&quot;:5612683,&quot;dest&quot;:&quot;bonded/bonded6&quot;}]}
Debug printing ------&gt;&gt;&gt; {&quot;custom_data&quot;:&quot;&quot;,&quot;msg&quot;:&quot;Output deleted.&quot;,&quot;error&quot;:&quot;&quot;,&quot;outs&quot;:[{&quot;mip&quot;:&quot;live_recording.ts&quot;,&quot;port&quot;:0,&quot;ip&quot;:&quot;file&quot;,&quot;in_name&quot;:&quot;feederoutputname&quot;,&quot;in_active&quot;:1,&quot;in_active_sources&quot;:0,&quot;prg_name&quot;:&quot;&quot;,&quot;prg_prov&quot;:&quot;&quot;,&quot;prg_num&quot;:1,&quot;chan&quot;:&quot;&quot;,&quot;chan_id&quot;:-1,&quot;id&quot;:&quot;zixi://10.7.0.66:2088/feederout&quot;,&quot;type&quot;:2,&quot;name&quot;:&quot;feederoutputname&quot;,&quot;asi&quot;:0,&quot;rtmp&quot;:0,&quot;file&quot;:1,&quot;active&quot;:1,&quot;group&quot;:&quot;&quot;,&quot;error&quot;:&quot;Authentication&quot;,&quot;con_stat&quot;:&quot;Disconnected&quot;,&quot;bitrate&quot;:0,&quot;dest&quot;:&quot;10.7.0.66:2088/feederout&quot;},{&quot;mip&quot;:&quot;4000.ts&quot;,&quot;port&quot;:0,&quot;ip&quot;:&quot;file&quot;,&quot;in_name&quot;:&quot;bond&quot;,&quot;in_active&quot;:1,&quot;in_active_sources&quot;:0,&quot;prg_name&quot;:&quot;&quot;,&quot;prg_prov&quot;:&quot;&quot;,&quot;prg_num&quot;:-1,&quot;chan&quot;:&quot;&quot;,&quot;chan_id&quot;:-1,&quot;id&quot;:&quot;zixi://bonded(bonded1)#10.7.0.66:2088@10.7.0.65,192.168.60.66:2088@192.168.50.65,192.168.5.166:2088@192.168.5.165&quot;,&quot;type&quot;:2,&quot;name&quot;:&quot;bond1&quot;,&quot;asi&quot;:0,&quot;rtmp&quot;:0,&quot;file&quot;:1,&quot;active&quot;:1,&quot;group&quot;:&quot;&quot;,&quot;bonded&quot;:[{&quot;host&quot;:&quot;10.7.0.66&quot;,&quot;port&quot;:2088,&quot;nic&quot;:&quot;10.7.0.65&quot;,&quot;limit&quot;:0,&quot;is_backup&quot;:0,&quot;bitrate&quot;:2797250,&quot;up_time&quot;:62,&quot;error_code&quot;:0,&quot;status_code&quot;:3,&quot;error_str&quot;:&quot;None&quot;,&quot;status_str&quot;:&quot;Connected&quot;},{&quot;host&quot;:&quot;192.168.60.66&quot;,&quot;port&quot;:2088,&quot;nic&quot;:&quot;192.168.50.65&quot;,&quot;limit&quot;:0,&quot;is_backup&quot;:0,&quot;bitrate&quot;:0,&quot;up_time&quot;:0,&quot;error_code&quot;:3,&quot;status_code&quot;:1,&quot;error_str&quot;:&quot;Timeout&quot;,&quot;status_str&quot;:&quot;Connecting&quot;},{&quot;host&quot;:&quot;192.168.5.166&quot;,&quot;port&quot;:2088,&quot;nic&quot;:&quot;192.168.5.165&quot;,&quot;limit&quot;:0,&quot;is_backup&quot;:0,&quot;bitrate&quot;:2872932,&quot;up_time&quot;:62,&quot;error_code&quot;:0,&quot;status_code&quot;:3,&quot;error_str&quot;:&quot;None&quot;,&quot;status_str&quot;:&quot;Connected&quot;}],&quot;error&quot;:&quot;None&quot;,&quot;con_stat&quot;:&quot;Disconnected&quot;,&quot;bitrate&quot;:5603836,&quot;dest&quot;:&quot;bonded/bonded1&quot;},{&quot;mip&quot;:&quot;4000.ts&quot;,&quot;port&quot;:0,&quot;ip&quot;:&quot;file&quot;,&quot;in_name&quot;:&quot;bond&quot;,&quot;in_active&quot;:1,&quot;in_active_sources&quot;:0,&quot;prg_name&quot;:&quot;&quot;,&quot;prg_prov&quot;:&quot;&quot;,&quot;prg_num&quot;:-1,&quot;chan&quot;:&quot;&quot;,&quot;chan_id&quot;:-1,&quot;id&quot;:&quot;zixi://bonded(bonded2)#10.7.0.66:2088@10.7.0.65,192.168.60.66:2088@192.168.50.65,192.168.5.166:2088@192.168.5.165&quot;,&quot;type&quot;:2,&quot;name&quot;:&quot;bond2&quot;,&quot;asi&quot;:0,&quot;rtmp&quot;:0,&quot;file&quot;:1,&quot;active&quot;:1,&quot;group&quot;:&quot;&quot;,&quot;bonded&quot;:[{&quot;host&quot;:&quot;10.7.0.66&quot;,&quot;port&quot;:2088,&quot;nic&quot;:&quot;10.7.0.65&quot;,&quot;limit&quot;:0,&quot;is_backup&quot;:0,&quot;bitrate&quot;:2823614,&quot;up_time&quot;:62,&quot;error_code&quot;:0,&quot;status_code&quot;:3,&quot;error_str&quot;:&quot;None&quot;,&quot;status_str&quot;:&quot;Connected&quot;},{&quot;host&quot;:&quot;192.168.60.66&quot;,&quot;port&quot;:2088,&quot;nic&quot;:&quot;192.168.50.65&quot;,&quot;limit&quot;:0,&quot;is_backup&quot;:0,&quot;bitrate&quot;:0,&quot;up_time&quot;:0,&quot;error_code&quot;:3,&quot;status_code&quot;:1,&quot;error_str&quot;:&quot;Timeout&quot;,&quot;status_str&quot;:&quot;Connecting&quot;},{&quot;host&quot;:&quot;192.168.5.166&quot;,&quot;port&quot;:2088,&quot;nic&quot;:&quot;192.168.5.165&quot;,&quot;limit&quot;:0,&quot;is_backup&quot;:0,&quot;bitrate&quot;:2844172,&quot;up_time&quot;:62,&quot;error_code&quot;:0,&quot;status_code&quot;:3,&quot;error_str&quot;:&quot;None&quot;,&quot;status_str&quot;:&quot;Connected&quot;}],&quot;error&quot;:&quot;None&quot;,&quot;con_stat&quot;:&quot;Disconnected&quot;,&quot;bitrate&quot;:5599424,&quot;dest&quot;:&quot;bonded/bonded2&quot;},{&quot;mip&quot;:&quot;4000.ts&quot;,&quot;port&quot;:0,&quot;ip&quot;:&quot;file&quot;,&quot;in_name&quot;:&quot;bond&quot;,&quot;in_active&quot;:1,&quot;in_active_sources&quot;:0,&quot;prg_name&quot;:&quot;&quot;,&quot;prg_prov&quot;:&quot;&quot;,&quot;prg_num&quot;:-1,&quot;chan&quot;:&quot;&quot;,&quot;chan_id&quot;:-1,&quot;id&quot;:&quot;zixi://bonded(bonded3)#10.7.0.66:2088@10.7.0.65,192.168.60.66:2088@192.168.50.65,192.168.5.166:2088@192.168.5.165&quot;,&quot;type&quot;:2,&quot;name&quot;:&quot;bond3&quot;,&quot;asi&quot;:0,&quot;rtmp&quot;:0,&quot;file&quot;:1,&quot;active&quot;:1,&quot;group&quot;:&quot;&quot;,&quot;bonded&quot;:[{&quot;host&quot;:&quot;10.7.0.66&quot;,&quot;port&quot;:2088,&quot;nic&quot;:&quot;10.7.0.65&quot;,&quot;limit&quot;:0,&quot;is_backup&quot;:0,&quot;bitrate&quot;:2870606,&quot;up_time&quot;:62,&quot;error_code&quot;:0,&quot;status_code&quot;:3,&quot;error_str&quot;:&quot;None&quot;,&quot;status_str&quot;:&quot;Connected&quot;},{&quot;host&quot;:&quot;192.168.60.66&quot;,&quot;port&quot;:2088,&quot;nic&quot;:&quot;192.168.50.65&quot;,&quot;limit&quot;:0,&quot;is_backup&quot;:0,&quot;bitrate&quot;:0,&quot;up_time&quot;:0,&quot;error_code&quot;:3,&quot;status_code&quot;:1,&quot;error_str&quot;:&quot;Timeout&quot;,&quot;status_str&quot;:&quot;Connecting&quot;},{&quot;host&quot;:&quot;192.168.5.166&quot;,&quot;port&quot;:2088,&quot;nic&quot;:&quot;192.168.5.165&quot;,&quot;limit&quot;:0,&quot;is_backup&quot;:0,&quot;bitrate&quot;:2815477,&quot;up_time&quot;:62,&quot;error_code&quot;:0,&quot;status_code&quot;:3,&quot;error_str&quot;:&quot;None&quot;,&quot;status_str&quot;:&quot;Connected&quot;}],&quot;error&quot;:&quot;None&quot;,&quot;con_stat&quot;:&quot;Disconnected&quot;,&quot;bitrate&quot;:5614785,&quot;dest&quot;:&quot;bonded/bonded3&quot;},{&quot;mip&quot;:&quot;4000.ts&quot;,&quot;port&quot;:0,&quot;ip&quot;:&quot;file&quot;,&quot;in_name&quot;:&quot;bond&quot;,&quot;in_active&quot;:1,&quot;in_active_sources&quot;:0,&quot;prg_name&quot;:&quot;&quot;,&quot;prg_prov&quot;:&quot;&quot;,&quot;prg_num&quot;:-1,&quot;chan&quot;:&quot;&quot;,&quot;chan_id&quot;:-1,&quot;id&quot;:&quot;zixi://bonded(bonded4)#10.7.0.66:2088@10.7.0.65,192.168.60.66:2088@192.168.50.65,192.168.5.166:2088@192.168.5.165&quot;,&quot;type&quot;:2,&quot;name&quot;:&quot;bond4&quot;,&quot;asi&quot;:0,&quot;rtmp&quot;:0,&quot;file&quot;:1,&quot;active&quot;:1,&quot;group&quot;:&quot;&quot;,&quot;bonded&quot;:[{&quot;host&quot;:&quot;10.7.0.66&quot;,&quot;port&quot;:2088,&quot;nic&quot;:&quot;10.7.0.65&quot;,&quot;limit&quot;:0,&quot;is_backup&quot;:0,&quot;bitrate&quot;:2793416,&quot;up_time&quot;:62,&quot;error_code&quot;:0,&quot;status_code&quot;:3,&quot;error_str&quot;:&quot;None&quot;,&quot;status_str&quot;:&quot;Connected&quot;},{&quot;host&quot;:&quot;192.168.60.66&quot;,&quot;port&quot;:2088,&quot;nic&quot;:&quot;192.168.50.65&quot;,&quot;limit&quot;:0,&quot;is_backup&quot;:0,&quot;bitrate&quot;:0,&quot;up_time&quot;:0,&quot;error_code&quot;:3,&quot;status_code&quot;:1,&quot;error_str&quot;:&quot;Timeout&quot;,&quot;status_str&quot;:&quot;Connecting&quot;},{&quot;host&quot;:&quot;192.168.5.166&quot;,&quot;port&quot;:2088,&quot;nic&quot;:&quot;192.168.5.165&quot;,&quot;limit&quot;:0,&quot;is_backup&quot;:0,&quot;bitrate&quot;:2883122,&quot;up_time&quot;:62,&quot;error_code&quot;:0,&quot;status_code&quot;:3,&quot;error_str&quot;:&quot;None&quot;,&quot;status_str&quot;:&quot;Connected&quot;}],&quot;error&quot;:&quot;None&quot;,&quot;con_stat&quot;:&quot;Disconnected&quot;,&quot;bitrate&quot;:5602181,&quot;dest&quot;:&quot;bonded/bonded4&quot;},{&quot;mip&quot;:&quot;4000.ts&quot;,&quot;port&quot;:0,&quot;ip&quot;:&quot;file&quot;,&quot;in_name&quot;:&quot;bond&quot;,&quot;in_active&quot;:1,&quot;in_active_sources&quot;:0,&quot;prg_name&quot;:&quot;&quot;,&quot;prg_prov&quot;:&quot;&quot;,&quot;prg_num&quot;:-1,&quot;chan&quot;:&quot;&quot;,&quot;chan_id&quot;:-1,&quot;id&quot;:&quot;zixi://bonded(bonded5)#10.7.0.66:2088@10.7.0.65,192.168.60.66:2088@192.168.50.65,192.168.5.166:2088@192.168.5.165&quot;,&quot;type&quot;:2,&quot;name&quot;:&quot;bond5&quot;,&quot;asi&quot;:0,&quot;rtmp&quot;:0,&quot;file&quot;:1,&quot;active&quot;:1,&quot;group&quot;:&quot;&quot;,&quot;bonded&quot;:[{&quot;host&quot;:&quot;10.7.0.66&quot;,&quot;port&quot;:2088,&quot;nic&quot;:&quot;10.7.0.65&quot;,&quot;limit&quot;:0,&quot;is_backup&quot;:0,&quot;bitrate&quot;:2901933,&quot;up_time&quot;:62,&quot;error_code&quot;:0,&quot;status_code&quot;:3,&quot;error_str&quot;:&quot;None&quot;,&quot;status_str&quot;:&quot;Connected&quot;},{&quot;host&quot;:&quot;192.168.60.66&quot;,&quot;port&quot;:2088,&quot;nic&quot;:&quot;192.168.50.65&quot;,&quot;limit&quot;:0,&quot;is_backup&quot;:0,&quot;bitrate&quot;:0,&quot;up_time&quot;:0,&quot;error_code&quot;:3,&quot;status_code&quot;:1,&quot;error_str&quot;:&quot;Timeout&quot;,&quot;status_str&quot;:&quot;Connecting&quot;},{&quot;host&quot;:&quot;192.168.5.166&quot;,&quot;port&quot;:2088,&quot;nic&quot;:&quot;192.168.5.165&quot;,&quot;limit&quot;:0,&quot;is_backup&quot;:0,&quot;bitrate&quot;:2788192,&quot;up_time&quot;:62,&quot;error_code&quot;:0,&quot;status_code&quot;:3,&quot;error_str&quot;:&quot;None&quot;,&quot;status_str&quot;:&quot;Connected&quot;}],&quot;error&quot;:&quot;None&quot;,&quot;con_stat&quot;:&quot;Disconnected&quot;,&quot;bitrate&quot;:5623440,&quot;dest&quot;:&quot;bonded/bonded5&quot;}]}
Debug printing ------&gt;&gt;&gt; {&quot;custom_data&quot;:&quot;&quot;,&quot;msg&quot;:&quot;Output deleted.&quot;,&quot;error&quot;:&quot;&quot;,&quot;outs&quot;:[{&quot;mip&quot;:&quot;live_recording.ts&quot;,&quot;port&quot;:0,&quot;ip&quot;:&quot;file&quot;,&quot;in_name&quot;:&quot;feederoutputname&quot;,&quot;in_active&quot;:1,&quot;in_active_sources&quot;:0,&quot;prg_name&quot;:&quot;&quot;,&quot;prg_prov&quot;:&quot;&quot;,&quot;prg_num&quot;:1,&quot;chan&quot;:&quot;&quot;,&quot;chan_id&quot;:-1,&quot;id&quot;:&quot;zixi://10.7.0.66:2088/feederout&quot;,&quot;type&quot;:2,&quot;name&quot;:&quot;feederoutputname&quot;,&quot;asi&quot;:0,&quot;rtmp&quot;:0,&quot;file&quot;:1,&quot;active&quot;:1,&quot;group&quot;:&quot;&quot;,&quot;error&quot;:&quot;Authentication&quot;,&quot;con_stat&quot;:&quot;Disconnected&quot;,&quot;bitrate&quot;:0,&quot;dest&quot;:&quot;10.7.0.66:2088/feederout&quot;},{&quot;mip&quot;:&quot;4000.ts&quot;,&quot;port&quot;:0,&quot;ip&quot;:&quot;file&quot;,&quot;in_name&quot;:&quot;bond&quot;,&quot;in_active&quot;:1,&quot;in_active_sources&quot;:0,&quot;prg_name&quot;:&quot;&quot;,&quot;prg_prov&quot;:&quot;&quot;,&quot;prg_num&quot;:-1,&quot;chan&quot;:&quot;&quot;,&quot;chan_id&quot;:-1,&quot;id&quot;:&quot;zixi://bonded(bonded1)#10.7.0.66:2088@10.7.0.65,192.168.60.66:2088@192.168.50.65,192.168.5.166:2088@192.168.5.165&quot;,&quot;type&quot;:2,&quot;name&quot;:&quot;bond1&quot;,&quot;asi&quot;:0,&quot;rtmp&quot;:0,&quot;file&quot;:1,&quot;active&quot;:1,&quot;group&quot;:&quot;&quot;,&quot;bonded&quot;:[{&quot;host&quot;:&quot;10.7.0.66&quot;,&quot;port&quot;:2088,&quot;nic&quot;:&quot;10.7.0.65&quot;,&quot;limit&quot;:0,&quot;is_backup&quot;:0,&quot;bitrate&quot;:2797250,&quot;up_time&quot;:62,&quot;error_code&quot;:0,&quot;status_code&quot;:3,&quot;error_str&quot;:&quot;None&quot;,&quot;status_str&quot;:&quot;Connected&quot;},{&quot;host&quot;:&quot;192.168.60.66&quot;,&quot;port&quot;:2088,&quot;nic&quot;:&quot;192.168.50.65&quot;,&quot;limit&quot;:0,&quot;is_backup&quot;:0,&quot;bitrate&quot;:0,&quot;up_time&quot;:0,&quot;error_code&quot;:3,&quot;status_code&quot;:1,&quot;error_str&quot;:&quot;Timeout&quot;,&quot;status_str&quot;:&quot;Connecting&quot;},{&quot;host&quot;:&quot;192.168.5.166&quot;,&quot;port&quot;:2088,&quot;nic&quot;:&quot;192.168.5.165&quot;,&quot;limit&quot;:0,&quot;is_backup&quot;:0,&quot;bitrate&quot;:2872932,&quot;up_time&quot;:62,&quot;error_code&quot;:0,&quot;status_code&quot;:3,&quot;error_str&quot;:&quot;None&quot;,&quot;status_str&quot;:&quot;Connected&quot;}],&quot;error&quot;:&quot;None&quot;,&quot;con_stat&quot;:&quot;Disconnected&quot;,&quot;bitrate&quot;:5603836,&quot;dest&quot;:&quot;bonded/bonded1&quot;},{&quot;mip&quot;:&quot;4000.ts&quot;,&quot;port&quot;:0,&quot;ip&quot;:&quot;file&quot;,&quot;in_name&quot;:&quot;bond&quot;,&quot;in_active&quot;:1,&quot;in_active_sources&quot;:0,&quot;prg_name&quot;:&quot;&quot;,&quot;prg_prov&quot;:&quot;&quot;,&quot;prg_num&quot;:-1,&quot;chan&quot;:&quot;&quot;,&quot;chan_id&quot;:-1,&quot;id&quot;:&quot;zixi://bonded(bonded2)#10.7.0.66:2088@10.7.0.65,192.168.60.66:2088@192.168.50.65,192.168.5.166:2088@192.168.5.165&quot;,&quot;type&quot;:2,&quot;name&quot;:&quot;bond2&quot;,&quot;asi&quot;:0,&quot;rtmp&quot;:0,&quot;file&quot;:1,&quot;active&quot;:1,&quot;group&quot;:&quot;&quot;,&quot;bonded&quot;:[{&quot;host&quot;:&quot;10.7.0.66&quot;,&quot;port&quot;:2088,&quot;nic&quot;:&quot;10.7.0.65&quot;,&quot;limit&quot;:0,&quot;is_backup&quot;:0,&quot;bitrate&quot;:2823614,&quot;up_time&quot;:62,&quot;error_code&quot;:0,&quot;status_code&quot;:3,&quot;error_str&quot;:&quot;None&quot;,&quot;status_str&quot;:&quot;Connected&quot;},{&quot;host&quot;:&quot;192.168.60.66&quot;,&quot;port&quot;:2088,&quot;nic&quot;:&quot;192.168.50.65&quot;,&quot;limit&quot;:0,&quot;is_backup&quot;:0,&quot;bitrate&quot;:0,&quot;up_time&quot;:0,&quot;error_code&quot;:3,&quot;status_code&quot;:1,&quot;error_str&quot;:&quot;Timeout&quot;,&quot;status_str&quot;:&quot;Connecting&quot;},{&quot;host&quot;:&quot;192.168.5.166&quot;,&quot;port&quot;:2088,&quot;nic&quot;:&quot;192.168.5.165&quot;,&quot;limit&quot;:0,&quot;is_backup&quot;:0,&quot;bitrate&quot;:2844172,&quot;up_time&quot;:62,&quot;error_code&quot;:0,&quot;status_code&quot;:3,&quot;error_str&quot;:&quot;None&quot;,&quot;status_str&quot;:&quot;Connected&quot;}],&quot;error&quot;:&quot;None&quot;,&quot;con_stat&quot;:&quot;Disconnected&quot;,&quot;bitrate&quot;:5599424,&quot;dest&quot;:&quot;bonded/bonded2&quot;},{&quot;mip&quot;:&quot;4000.ts&quot;,&quot;port&quot;:0,&quot;ip&quot;:&quot;file&quot;,&quot;in_name&quot;:&quot;bond&quot;,&quot;in_active&quot;:1,&quot;in_active_sources&quot;:0,&quot;prg_name&quot;:&quot;&quot;,&quot;prg_prov&quot;:&quot;&quot;,&quot;prg_num&quot;:-1,&quot;chan&quot;:&quot;&quot;,&quot;chan_id&quot;:-1,&quot;id&quot;:&quot;zixi://bonded(bonded3)#10.7.0.66:2088@10.7.0.65,192.168.60.66:2088@192.168.50.65,192.168.5.166:2088@192.168.5.165&quot;,&quot;type&quot;:2,&quot;name&quot;:&quot;bond3&quot;,&quot;asi&quot;:0,&quot;rtmp&quot;:0,&quot;file&quot;:1,&quot;active&quot;:1,&quot;group&quot;:&quot;&quot;,&quot;bonded&quot;:[{&quot;host&quot;:&quot;10.7.0.66&quot;,&quot;port&quot;:2088,&quot;nic&quot;:&quot;10.7.0.65&quot;,&quot;limit&quot;:0,&quot;is_backup&quot;:0,&quot;bitrate&quot;:2870606,&quot;up_time&quot;:62,&quot;error_code&quot;:0,&quot;status_code&quot;:3,&quot;error_str&quot;:&quot;None&quot;,&quot;status_str&quot;:&quot;Connected&quot;},{&quot;host&quot;:&quot;192.168.60.66&quot;,&quot;port&quot;:2088,&quot;nic&quot;:&quot;192.168.50.65&quot;,&quot;limit&quot;:0,&quot;is_backup&quot;:0,&quot;bitrate&quot;:0,&quot;up_time&quot;:0,&quot;error_code&quot;:3,&quot;status_code&quot;:1,&quot;error_str&quot;:&quot;Timeout&quot;,&quot;status_str&quot;:&quot;Connecting&quot;},{&quot;host&quot;:&quot;192.168.5.166&quot;,&quot;port&quot;:2088,&quot;nic&quot;:&quot;192.168.5.165&quot;,&quot;limit&quot;:0,&quot;is_backup&quot;:0,&quot;bitrate&quot;:2815477,&quot;up_time&quot;:62,&quot;error_code&quot;:0,&quot;status_code&quot;:3,&quot;error_str&quot;:&quot;None&quot;,&quot;status_str&quot;:&quot;Connected&quot;}],&quot;error&quot;:&quot;None&quot;,&quot;con_stat&quot;:&quot;Disconnected&quot;,&quot;bitrate&quot;:5614785,&quot;dest&quot;:&quot;bonded/bonded3&quot;},{&quot;mip&quot;:&quot;4000.ts&quot;,&quot;port&quot;:0,&quot;ip&quot;:&quot;file&quot;,&quot;in_name&quot;:&quot;bond&quot;,&quot;in_active&quot;:1,&quot;in_active_sources&quot;:0,&quot;prg_name&quot;:&quot;&quot;,&quot;prg_prov&quot;:&quot;&quot;,&quot;prg_num&quot;:-1,&quot;chan&quot;:&quot;&quot;,&quot;chan_id&quot;:-1,&quot;id&quot;:&quot;zixi://bonded(bonded4)#10.7.0.66:2088@10.7.0.65,192.168.60.66:2088@192.168.50.65,192.168.5.166:2088@192.168.5.165&quot;,&quot;type&quot;:2,&quot;name&quot;:&quot;bond4&quot;,&quot;asi&quot;:0,&quot;rtmp&quot;:0,&quot;file&quot;:1,&quot;active&quot;:1,&quot;group&quot;:&quot;&quot;,&quot;bonded&quot;:[{&quot;host&quot;:&quot;10.7.0.66&quot;,&quot;port&quot;:2088,&quot;nic&quot;:&quot;10.7.0.65&quot;,&quot;limit&quot;:0,&quot;is_backup&quot;:0,&quot;bitrate&quot;:2793416,&quot;up_time&quot;:62,&quot;error_code&quot;:0,&quot;status_code&quot;:3,&quot;error_str&quot;:&quot;None&quot;,&quot;status_str&quot;:&quot;Connected&quot;},{&quot;host&quot;:&quot;192.168.60.66&quot;,&quot;port&quot;:2088,&quot;nic&quot;:&quot;192.168.50.65&quot;,&quot;limit&quot;:0,&quot;is_backup&quot;:0,&quot;bitrate&quot;:0,&quot;up_time&quot;:0,&quot;error_code&quot;:3,&quot;status_code&quot;:1,&quot;error_str&quot;:&quot;Timeout&quot;,&quot;status_str&quot;:&quot;Connecting&quot;},{&quot;host&quot;:&quot;192.168.5.166&quot;,&quot;port&quot;:2088,&quot;nic&quot;:&quot;192.168.5.165&quot;,&quot;limit&quot;:0,&quot;is_backup&quot;:0,&quot;bitrate&quot;:2883122,&quot;up_time&quot;:62,&quot;error_code&quot;:0,&quot;status_code&quot;:3,&quot;error_str&quot;:&quot;None&quot;,&quot;status_str&quot;:&quot;Connected&quot;}],&quot;error&quot;:&quot;None&quot;,&quot;con_stat&quot;:&quot;Disconnected&quot;,&quot;bitrate&quot;:5602181,&quot;dest&quot;:&quot;bonded/bonded4&quot;}]}
Debug printing ------&gt;&gt;&gt; {&quot;custom_data&quot;:&quot;&quot;,&quot;msg&quot;:&quot;Output deleted.&quot;,&quot;error&quot;:&quot;&quot;,&quot;outs&quot;:[{&quot;mip&quot;:&quot;live_recording.ts&quot;,&quot;port&quot;:0,&quot;ip&quot;:&quot;file&quot;,&quot;in_name&quot;:&quot;feederoutputname&quot;,&quot;in_active&quot;:1,&quot;in_active_sources&quot;:0,&quot;prg_name&quot;:&quot;&quot;,&quot;prg_prov&quot;:&quot;&quot;,&quot;prg_num&quot;:1,&quot;chan&quot;:&quot;&quot;,&quot;chan_id&quot;:-1,&quot;id&quot;:&quot;zixi://10.7.0.66:2088/feederout&quot;,&quot;type&quot;:2,&quot;name&quot;:&quot;feederoutputname&quot;,&quot;asi&quot;:0,&quot;rtmp&quot;:0,&quot;file&quot;:1,&quot;active&quot;:1,&quot;group&quot;:&quot;&quot;,&quot;error&quot;:&quot;Authentication&quot;,&quot;con_stat&quot;:&quot;Disconnected&quot;,&quot;bitrate&quot;:0,&quot;dest&quot;:&quot;10.7.0.66:2088/feederout&quot;},{&quot;mip&quot;:&quot;4000.ts&quot;,&quot;port&quot;:0,&quot;ip&quot;:&quot;file&quot;,&quot;in_name&quot;:&quot;bond&quot;,&quot;in_active&quot;:1,&quot;in_active_sources&quot;:0,&quot;prg_name&quot;:&quot;&quot;,&quot;prg_prov&quot;:&quot;&quot;,&quot;prg_num&quot;:-1,&quot;chan&quot;:&quot;&quot;,&quot;chan_id&quot;:-1,&quot;id&quot;:&quot;zixi://bonded(bonded1)#10.7.0.66:2088@10.7.0.65,192.168.60.66:2088@192.168.50.65,192.168.5.166:2088@192.168.5.165&quot;,&quot;type&quot;:2,&quot;name&quot;:&quot;bond1&quot;,&quot;asi&quot;:0,&quot;rtmp&quot;:0,&quot;file&quot;:1,&quot;active&quot;:1,&quot;group&quot;:&quot;&quot;,&quot;bonded&quot;:[{&quot;host&quot;:&quot;10.7.0.66&quot;,&quot;port&quot;:2088,&quot;nic&quot;:&quot;10.7.0.65&quot;,&quot;limit&quot;:0,&quot;is_backup&quot;:0,&quot;bitrate&quot;:2797250,&quot;up_time&quot;:62,&quot;error_code&quot;:0,&quot;status_code&quot;:3,&quot;error_str&quot;:&quot;None&quot;,&quot;status_str&quot;:&quot;Connected&quot;},{&quot;host&quot;:&quot;192.168.60.66&quot;,&quot;port&quot;:2088,&quot;nic&quot;:&quot;192.168.50.65&quot;,&quot;limit&quot;:0,&quot;is_backup&quot;:0,&quot;bitrate&quot;:0,&quot;up_time&quot;:0,&quot;error_code&quot;:3,&quot;status_code&quot;:1,&quot;error_str&quot;:&quot;Timeout&quot;,&quot;status_str&quot;:&quot;Connecting&quot;},{&quot;host&quot;:&quot;192.168.5.166&quot;,&quot;port&quot;:2088,&quot;nic&quot;:&quot;192.168.5.165&quot;,&quot;limit&quot;:0,&quot;is_backup&quot;:0,&quot;bitrate&quot;:2872932,&quot;up_time&quot;:62,&quot;error_code&quot;:0,&quot;status_code&quot;:3,&quot;error_str&quot;:&quot;None&quot;,&quot;status_str&quot;:&quot;Connected&quot;}],&quot;error&quot;:&quot;None&quot;,&quot;con_stat&quot;:&quot;Disconnected&quot;,&quot;bitrate&quot;:5603836,&quot;dest&quot;:&quot;bonded/bonded1&quot;},{&quot;mip&quot;:&quot;4000.ts&quot;,&quot;port&quot;:0,&quot;ip&quot;:&quot;file&quot;,&quot;in_name&quot;:&quot;bond&quot;,&quot;in_active&quot;:1,&quot;in_active_sources&quot;:0,&quot;prg_name&quot;:&quot;&quot;,&quot;prg_prov&quot;:&quot;&quot;,&quot;prg_num&quot;:-1,&quot;chan&quot;:&quot;&quot;,&quot;chan_id&quot;:-1,&quot;id&quot;:&quot;zixi://bonded(bonded2)#10.7.0.66:2088@10.7.0.65,192.168.60.66:2088@192.168.50.65,192.168.5.166:2088@192.168.5.165&quot;,&quot;type&quot;:2,&quot;name&quot;:&quot;bond2&quot;,&quot;asi&quot;:0,&quot;rtmp&quot;:0,&quot;file&quot;:1,&quot;active&quot;:1,&quot;group&quot;:&quot;&quot;,&quot;bonded&quot;:[{&quot;host&quot;:&quot;10.7.0.66&quot;,&quot;port&quot;:2088,&quot;nic&quot;:&quot;10.7.0.65&quot;,&quot;limit&quot;:0,&quot;is_backup&quot;:0,&quot;bitrate&quot;:2823614,&quot;up_time&quot;:62,&quot;error_code&quot;:0,&quot;status_code&quot;:3,&quot;error_str&quot;:&quot;None&quot;,&quot;status_str&quot;:&quot;Connected&quot;},{&quot;host&quot;:&quot;192.168.60.66&quot;,&quot;port&quot;:2088,&quot;nic&quot;:&quot;192.168.50.65&quot;,&quot;limit&quot;:0,&quot;is_backup&quot;:0,&quot;bitrate&quot;:0,&quot;up_time&quot;:0,&quot;error_code&quot;:3,&quot;status_code&quot;:1,&quot;error_str&quot;:&quot;Timeout&quot;,&quot;status_str&quot;:&quot;Connecting&quot;},{&quot;host&quot;:&quot;192.168.5.166&quot;,&quot;port&quot;:2088,&quot;nic&quot;:&quot;192.168.5.165&quot;,&quot;limit&quot;:0,&quot;is_backup&quot;:0,&quot;bitrate&quot;:2844172,&quot;up_time&quot;:62,&quot;error_code&quot;:0,&quot;status_code&quot;:3,&quot;error_str&quot;:&quot;None&quot;,&quot;status_str&quot;:&quot;Connected&quot;}],&quot;error&quot;:&quot;None&quot;,&quot;con_stat&quot;:&quot;Disconnected&quot;,&quot;bitrate&quot;:5599424,&quot;dest&quot;:&quot;bonded/bonded2&quot;},{&quot;mip&quot;:&quot;4000.ts&quot;,&quot;port&quot;:0,&quot;ip&quot;:&quot;file&quot;,&quot;in_name&quot;:&quot;bond&quot;,&quot;in_active&quot;:1,&quot;in_active_sources&quot;:0,&quot;prg_name&quot;:&quot;&quot;,&quot;prg_prov&quot;:&quot;&quot;,&quot;prg_num&quot;:-1,&quot;chan&quot;:&quot;&quot;,&quot;chan_id&quot;:-1,&quot;id&quot;:&quot;zixi://bonded(bonded3)#10.7.0.66:2088@10.7.0.65,192.168.60.66:2088@192.168.50.65,192.168.5.166:2088@192.168.5.165&quot;,&quot;type&quot;:2,&quot;name&quot;:&quot;bond3&quot;,&quot;asi&quot;:0,&quot;rtmp&quot;:0,&quot;file&quot;:1,&quot;active&quot;:1,&quot;group&quot;:&quot;&quot;,&quot;bonded&quot;:[{&quot;host&quot;:&quot;10.7.0.66&quot;,&quot;port&quot;:2088,&quot;nic&quot;:&quot;10.7.0.65&quot;,&quot;limit&quot;:0,&quot;is_backup&quot;:0,&quot;bitrate&quot;:2870606,&quot;up_time&quot;:62,&quot;error_code&quot;:0,&quot;status_code&quot;:3,&quot;error_str&quot;:&quot;None&quot;,&quot;status_str&quot;:&quot;Connected&quot;},{&quot;host&quot;:&quot;192.168.60.66&quot;,&quot;port&quot;:2088,&quot;nic&quot;:&quot;192.168.50.65&quot;,&quot;limit&quot;:0,&quot;is_backup&quot;:0,&quot;bitrate&quot;:0,&quot;up_time&quot;:0,&quot;error_code&quot;:3,&quot;status_code&quot;:1,&quot;error_str&quot;:&quot;Timeout&quot;,&quot;status_str&quot;:&quot;Connecting&quot;},{&quot;host&quot;:&quot;192.168.5.166&quot;,&quot;port&quot;:2088,&quot;nic&quot;:&quot;192.168.5.165&quot;,&quot;limit&quot;:0,&quot;is_backup&quot;:0,&quot;bitrate&quot;:2815477,&quot;up_time&quot;:62,&quot;error_code&quot;:0,&quot;status_code&quot;:3,&quot;error_str&quot;:&quot;None&quot;,&quot;status_str&quot;:&quot;Connected&quot;}],&quot;error&quot;:&quot;None&quot;,&quot;con_stat&quot;:&quot;Disconnected&quot;,&quot;bitrate&quot;:5614785,&quot;dest&quot;:&quot;bonded/bonded3&quot;}]}
Debug printing ------&gt;&gt;&gt; {&quot;custom_data&quot;:&quot;&quot;,&quot;msg&quot;:&quot;Output deleted.&quot;,&quot;error&quot;:&quot;&quot;,&quot;outs&quot;:[{&quot;mip&quot;:&quot;live_recording.ts&quot;,&quot;port&quot;:0,&quot;ip&quot;:&quot;file&quot;,&quot;in_name&quot;:&quot;feederoutputname&quot;,&quot;in_active&quot;:1,&quot;in_active_sources&quot;:0,&quot;prg_name&quot;:&quot;&quot;,&quot;prg_prov&quot;:&quot;&quot;,&quot;prg_num&quot;:1,&quot;chan&quot;:&quot;&quot;,&quot;chan_id&quot;:-1,&quot;id&quot;:&quot;zixi://10.7.0.66:2088/feederout&quot;,&quot;type&quot;:2,&quot;name&quot;:&quot;feederoutputname&quot;,&quot;asi&quot;:0,&quot;rtmp&quot;:0,&quot;file&quot;:1,&quot;active&quot;:1,&quot;group&quot;:&quot;&quot;,&quot;error&quot;:&quot;Authentication&quot;,&quot;con_stat&quot;:&quot;Disconnected&quot;,&quot;bitrate&quot;:0,&quot;dest&quot;:&quot;10.7.0.66:2088/feederout&quot;},{&quot;mip&quot;:&quot;4000.ts&quot;,&quot;port&quot;:0,&quot;ip&quot;:&quot;file&quot;,&quot;in_name&quot;:&quot;bond&quot;,&quot;in_active&quot;:1,&quot;in_active_sources&quot;:0,&quot;prg_name&quot;:&quot;&quot;,&quot;prg_prov&quot;:&quot;&quot;,&quot;prg_num&quot;:-1,&quot;chan&quot;:&quot;&quot;,&quot;chan_id&quot;:-1,&quot;id&quot;:&quot;zixi://bonded(bonded1)#10.7.0.66:2088@10.7.0.65,192.168.60.66:2088@192.168.50.65,192.168.5.166:2088@192.168.5.165&quot;,&quot;type&quot;:2,&quot;name&quot;:&quot;bond1&quot;,&quot;asi&quot;:0,&quot;rtmp&quot;:0,&quot;file&quot;:1,&quot;active&quot;:1,&quot;group&quot;:&quot;&quot;,&quot;bonded&quot;:[{&quot;host&quot;:&quot;10.7.0.66&quot;,&quot;port&quot;:2088,&quot;nic&quot;:&quot;10.7.0.65&quot;,&quot;limit&quot;:0,&quot;is_backup&quot;:0,&quot;bitrate&quot;:2797250,&quot;up_time&quot;:62,&quot;error_code&quot;:0,&quot;status_code&quot;:3,&quot;error_str&quot;:&quot;None&quot;,&quot;status_str&quot;:&quot;Connected&quot;},{&quot;host&quot;:&quot;192.168.60.66&quot;,&quot;port&quot;:2088,&quot;nic&quot;:&quot;192.168.50.65&quot;,&quot;limit&quot;:0,&quot;is_backup&quot;:0,&quot;bitrate&quot;:0,&quot;up_time&quot;:0,&quot;error_code&quot;:3,&quot;status_code&quot;:1,&quot;error_str&quot;:&quot;Timeout&quot;,&quot;status_str&quot;:&quot;Connecting&quot;},{&quot;host&quot;:&quot;192.168.5.166&quot;,&quot;port&quot;:2088,&quot;nic&quot;:&quot;192.168.5.165&quot;,&quot;limit&quot;:0,&quot;is_backup&quot;:0,&quot;bitrate&quot;:2872932,&quot;up_time&quot;:62,&quot;error_code&quot;:0,&quot;status_code&quot;:3,&quot;error_str&quot;:&quot;None&quot;,&quot;status_str&quot;:&quot;Connected&quot;}],&quot;error&quot;:&quot;None&quot;,&quot;con_stat&quot;:&quot;Disconnected&quot;,&quot;bitrate&quot;:5603836,&quot;dest&quot;:&quot;bonded/bonded1&quot;},{&quot;mip&quot;:&quot;4000.ts&quot;,&quot;port&quot;:0,&quot;ip&quot;:&quot;file&quot;,&quot;in_name&quot;:&quot;bond&quot;,&quot;in_active&quot;:1,&quot;in_active_sources&quot;:0,&quot;prg_name&quot;:&quot;&quot;,&quot;prg_prov&quot;:&quot;&quot;,&quot;prg_num&quot;:-1,&quot;chan&quot;:&quot;&quot;,&quot;chan_id&quot;:-1,&quot;id&quot;:&quot;zixi://bonded(bonded2)#10.7.0.66:2088@10.7.0.65,192.168.60.66:2088@192.168.50.65,192.168.5.166:2088@192.168.5.165&quot;,&quot;type&quot;:2,&quot;name&quot;:&quot;bond2&quot;,&quot;asi&quot;:0,&quot;rtmp&quot;:0,&quot;file&quot;:1,&quot;active&quot;:1,&quot;group&quot;:&quot;&quot;,&quot;bonded&quot;:[{&quot;host&quot;:&quot;10.7.0.66&quot;,&quot;port&quot;:2088,&quot;nic&quot;:&quot;10.7.0.65&quot;,&quot;limit&quot;:0,&quot;is_backup&quot;:0,&quot;bitrate&quot;:2823614,&quot;up_time&quot;:62,&quot;error_code&quot;:0,&quot;status_code&quot;:3,&quot;error_str&quot;:&quot;None&quot;,&quot;status_str&quot;:&quot;Connected&quot;},{&quot;host&quot;:&quot;192.168.60.66&quot;,&quot;port&quot;:2088,&quot;nic&quot;:&quot;192.168.50.65&quot;,&quot;limit&quot;:0,&quot;is_backup&quot;:0,&quot;bitrate&quot;:0,&quot;up_time&quot;:0,&quot;error_code&quot;:3,&quot;status_code&quot;:1,&quot;error_str&quot;:&quot;Timeout&quot;,&quot;status_str&quot;:&quot;Connecting&quot;},{&quot;host&quot;:&quot;192.168.5.166&quot;,&quot;port&quot;:2088,&quot;nic&quot;:&quot;192.168.5.165&quot;,&quot;limit&quot;:0,&quot;is_backup&quot;:0,&quot;bitrate&quot;:2844172,&quot;up_time&quot;:62,&quot;error_code&quot;:0,&quot;status_code&quot;:3,&quot;error_str&quot;:&quot;None&quot;,&quot;status_str&quot;:&quot;Connected&quot;}],&quot;error&quot;:&quot;None&quot;,&quot;con_stat&quot;:&quot;Disconnected&quot;,&quot;bitrate&quot;:5599424,&quot;dest&quot;:&quot;bonded/bonded2&quot;}]}
Debug printing ------&gt;&gt;&gt; {&quot;custom_data&quot;:&quot;&quot;,&quot;msg&quot;:&quot;Output deleted.&quot;,&quot;error&quot;:&quot;&quot;,&quot;outs&quot;:[{&quot;mip&quot;:&quot;live_recording.ts&quot;,&quot;port&quot;:0,&quot;ip&quot;:&quot;file&quot;,&quot;in_name&quot;:&quot;feederoutputname&quot;,&quot;in_active&quot;:1,&quot;in_active_sources&quot;:0,&quot;prg_name&quot;:&quot;&quot;,&quot;prg_prov&quot;:&quot;&quot;,&quot;prg_num&quot;:1,&quot;chan&quot;:&quot;&quot;,&quot;chan_id&quot;:-1,&quot;id&quot;:&quot;zixi://10.7.0.66:2088/feederout&quot;,&quot;type&quot;:2,&quot;name&quot;:&quot;feederoutputname&quot;,&quot;asi&quot;:0,&quot;rtmp&quot;:0,&quot;file&quot;:1,&quot;active&quot;:1,&quot;group&quot;:&quot;&quot;,&quot;error&quot;:&quot;Authentication&quot;,&quot;con_stat&quot;:&quot;Disconnected&quot;,&quot;bitrate&quot;:0,&quot;dest&quot;:&quot;10.7.0.66:2088/feederout&quot;},{&quot;mip&quot;:&quot;4000.ts&quot;,&quot;port&quot;:0,&quot;ip&quot;:&quot;file&quot;,&quot;in_name&quot;:&quot;bond&quot;,&quot;in_active&quot;:1,&quot;in_active_sources&quot;:0,&quot;prg_name&quot;:&quot;&quot;,&quot;prg_prov&quot;:&quot;&quot;,&quot;prg_num&quot;:-1,&quot;chan&quot;:&quot;&quot;,&quot;chan_id&quot;:-1,&quot;id&quot;:&quot;zixi://bonded(bonded1)#10.7.0.66:2088@10.7.0.65,192.168.60.66:2088@192.168.50.65,192.168.5.166:2088@192.168.5.165&quot;,&quot;type&quot;:2,&quot;name&quot;:&quot;bond1&quot;,&quot;asi&quot;:0,&quot;rtmp&quot;:0,&quot;file&quot;:1,&quot;active&quot;:1,&quot;group&quot;:&quot;&quot;,&quot;bonded&quot;:[{&quot;host&quot;:&quot;10.7.0.66&quot;,&quot;port&quot;:2088,&quot;nic&quot;:&quot;10.7.0.65&quot;,&quot;limit&quot;:0,&quot;is_backup&quot;:0,&quot;bitrate&quot;:2797250,&quot;up_time&quot;:62,&quot;error_code&quot;:0,&quot;status_code&quot;:3,&quot;error_str&quot;:&quot;None&quot;,&quot;status_str&quot;:&quot;Connected&quot;},{&quot;host&quot;:&quot;192.168.60.66&quot;,&quot;port&quot;:2088,&quot;nic&quot;:&quot;192.168.50.65&quot;,&quot;limit&quot;:0,&quot;is_backup&quot;:0,&quot;bitrate&quot;:0,&quot;up_time&quot;:0,&quot;error_code&quot;:3,&quot;status_code&quot;:1,&quot;error_str&quot;:&quot;Timeout&quot;,&quot;status_str&quot;:&quot;Connecting&quot;},{&quot;host&quot;:&quot;192.168.5.166&quot;,&quot;port&quot;:2088,&quot;nic&quot;:&quot;192.168.5.165&quot;,&quot;limit&quot;:0,&quot;is_backup&quot;:0,&quot;bitrate&quot;:2872932,&quot;up_time&quot;:62,&quot;error_code&quot;:0,&quot;status_code&quot;:3,&quot;error_str&quot;:&quot;None&quot;,&quot;status_str&quot;:&quot;Connected&quot;}],&quot;error&quot;:&quot;None&quot;,&quot;con_stat&quot;:&quot;Disconnected&quot;,&quot;bitrate&quot;:5603836,&quot;dest&quot;:&quot;bonded/bonded1&quot;}]}
Debug printing ------&gt;&gt;&gt; {&quot;custom_data&quot;:&quot;&quot;,&quot;msg&quot;:&quot;Output deleted.&quot;,&quot;error&quot;:&quot;&quot;,&quot;outs&quot;:[{&quot;mip&quot;:&quot;live_recording.ts&quot;,&quot;port&quot;:0,&quot;ip&quot;:&quot;file&quot;,&quot;in_name&quot;:&quot;feederoutputname&quot;,&quot;in_active&quot;:1,&quot;in_active_sources&quot;:0,&quot;prg_name&quot;:&quot;&quot;,&quot;prg_prov&quot;:&quot;&quot;,&quot;prg_num&quot;:1,&quot;chan&quot;:&quot;&quot;,&quot;chan_id&quot;:-1,&quot;id&quot;:&quot;zixi://10.7.0.66:2088/feederout&quot;,&quot;type&quot;:2,&quot;name&quot;:&quot;feederoutputname&quot;,&quot;asi&quot;:0,&quot;rtmp&quot;:0,&quot;file&quot;:1,&quot;active&quot;:1,&quot;group&quot;:&quot;&quot;,&quot;error&quot;:&quot;Authentication&quot;,&quot;con_stat&quot;:&quot;Disconnected&quot;,&quot;bitrate&quot;:0,&quot;dest&quot;:&quot;10.7.0.66:2088/feederout&quot;}]}
Result is 
Result is Output deleted.
Result is Output deleted.
Result is Output deleted.
Result is Output deleted.
Result is Output deleted.
Result is Output deleted.
Result is Output deleted.
Result is Output deleted.
Result is Output deleted.
Result is Output deleted.
Result is Output deleted.
Result is Output deleted.
Result is Output deleted.
Result is Output deleted.
Result is Output deleted.
Result is Output deleted.
Result is Output deleted.
Result is Output deleted.
Result is Output deleted.
Result is Output deleted.
</system-out>
  </testcase>
  <testcase classname="com.zixi.load.testing.FeederBroadcasterBondingMultipleThreeLinkTest" name="broadcasterMultiplePullInCreation" time="1.909"/>
  <testcase classname="com.zixi.testing.BroadcasterUDPOutputStreamCreationTest" name="broadcasterPullInCreation" time="0.652"/>
  <testcase classname="com.zixi.load.testing.BroadcasterRundomInputStreamTest" name="broadcasterSwitchUdpOut" time="71.062"/>
  <testcase classname="com.zixi.testing.BroadcaserSingleOutputStreamDeletionTest" name="broadcasterSingleStreamRemoving" time="0.864"/>
  <testcase classname="com.zixi.load.testing.BroadcaserAllInputStreamDeletorTest" name="broadcasterDeleteAllInputs" time="1.093"/>
  <testcase classname="com.zixi.load.testing.FeederMultipleDeletionTest" name="broadcasterMultiplePullInCreation" time="0.703">
    <failure message="expected [pass] but found [failed]" type="java.lang.AssertionError">java.lang.AssertionError: expected [pass] but found [failed]
	at org.testng.Assert.fail(Assert.java:94)
	at org.testng.Assert.failNotEquals(Assert.java:496)
	at org.testng.Assert.assertEquals(Assert.java:125)
	at org.testng.Assert.assertEquals(Assert.java:178)
	at org.testng.Assert.assertEquals(Assert.java:188)
	at com.zixi.load.testing.FeederMultipleDeletionTest.broadcasterMultiplePullInCreation(FeederMultipleDeletionTest.java:41)
</failure>
    <system-out>Debug printing ------&gt;&gt;&gt; {&quot;custom_data&quot;:&quot;&quot;,&quot;msg&quot;:&quot;&quot;,&quot;error&quot;:&quot;Output not found.&quot;,&quot;outs&quot;:[{&quot;mip&quot;:&quot;live_recording.ts&quot;,&quot;port&quot;:0,&quot;ip&quot;:&quot;file&quot;,&quot;in_name&quot;:&quot;feederoutputname&quot;,&quot;in_active&quot;:1,&quot;in_active_sources&quot;:0,&quot;prg_name&quot;:&quot;&quot;,&quot;prg_prov&quot;:&quot;&quot;,&quot;prg_num&quot;:1,&quot;chan&quot;:&quot;&quot;,&quot;chan_id&quot;:-1,&quot;id&quot;:&quot;zixi://10.7.0.66:2088/feederout&quot;,&quot;type&quot;:2,&quot;name&quot;:&quot;feederoutputname&quot;,&quot;asi&quot;:0,&quot;rtmp&quot;:0,&quot;file&quot;:1,&quot;active&quot;:1,&quot;group&quot;:&quot;&quot;,&quot;error&quot;:&quot;Authentication&quot;,&quot;con_stat&quot;:&quot;Disconnected&quot;,&quot;bitrate&quot;:0,&quot;dest&quot;:&quot;10.7.0.66:2088/feederout&quot;},{&quot;mip&quot;:&quot;4000.ts&quot;,&quot;port&quot;:0,&quot;ip&quot;:&quot;file&quot;,&quot;in_name&quot;:&quot;bond&quot;,&quot;in_active&quot;:1,&quot;in_active_sources&quot;:0,&quot;prg_name&quot;:&quot;&quot;,&quot;prg_prov&quot;:&quot;&quot;,&quot;prg_num&quot;:-1,&quot;chan&quot;:&quot;&quot;,&quot;chan_id&quot;:-1,&quot;id&quot;:&quot;zixi://bonded(bonded14)#10.7.0.66:2088@10.7.0.65,192.168.60.66:2088@192.168.50.65,192.168.5.166:2088@192.168.5.165&quot;,&quot;type&quot;:2,&quot;name&quot;:&quot;bond14&quot;,&quot;asi&quot;:0,&quot;rtmp&quot;:0,&quot;file&quot;:1,&quot;active&quot;:1,&quot;group&quot;:&quot;&quot;,&quot;bonded&quot;:[{&quot;host&quot;:&quot;10.7.0.66&quot;,&quot;port&quot;:2088,&quot;nic&quot;:&quot;10.7.0.65&quot;,&quot;limit&quot;:0,&quot;is_backup&quot;:0,&quot;bitrate&quot;:2884373,&quot;up_time&quot;:61,&quot;error_code&quot;:0,&quot;status_code&quot;:3,&quot;error_str&quot;:&quot;None&quot;,&quot;status_str&quot;:&quot;Connected&quot;},{&quot;host&quot;:&quot;192.168.60.66&quot;,&quot;port&quot;:2088,&quot;nic&quot;:&quot;192.168.50.65&quot;,&quot;limit&quot;:0,&quot;is_backup&quot;:0,&quot;bitrate&quot;:0,&quot;up_time&quot;:0,&quot;error_code&quot;:3,&quot;status_code&quot;:1,&quot;error_str&quot;:&quot;Timeout&quot;,&quot;status_str&quot;:&quot;Connecting&quot;},{&quot;host&quot;:&quot;192.168.5.166&quot;,&quot;port&quot;:2088,&quot;nic&quot;:&quot;192.168.5.165&quot;,&quot;limit&quot;:0,&quot;is_backup&quot;:0,&quot;bitrate&quot;:2822790,&quot;up_time&quot;:61,&quot;error_code&quot;:0,&quot;status_code&quot;:3,&quot;error_str&quot;:&quot;None&quot;,&quot;status_str&quot;:&quot;Connected&quot;}],&quot;error&quot;:&quot;None&quot;,&quot;con_stat&quot;:&quot;Disconnected&quot;,&quot;bitrate&quot;:5654752,&quot;dest&quot;:&quot;bonded/bonded14&quot;},{&quot;mip&quot;:&quot;4000.ts&quot;,&quot;port&quot;:0,&quot;ip&quot;:&quot;file&quot;,&quot;in_name&quot;:&quot;bond&quot;,&quot;in_active&quot;:1,&quot;in_active_sources&quot;:0,&quot;prg_name&quot;:&quot;&quot;,&quot;prg_prov&quot;:&quot;&quot;,&quot;prg_num&quot;:-1,&quot;chan&quot;:&quot;&quot;,&quot;chan_id&quot;:-1,&quot;id&quot;:&quot;zixi://bonded(bonded18)#10.7.0.66:2088@10.7.0.65,192.168.60.66:2088@192.168.50.65,192.168.5.166:2088@192.168.5.165&quot;,&quot;type&quot;:2,&quot;name&quot;:&quot;bond18&quot;,&quot;asi&quot;:0,&quot;rtmp&quot;:0,&quot;file&quot;:1,&quot;active&quot;:1,&quot;group&quot;:&quot;&quot;,&quot;bonded&quot;:[{&quot;host&quot;:&quot;10.7.0.66&quot;,&quot;port&quot;:2088,&quot;nic&quot;:&quot;10.7.0.65&quot;,&quot;limit&quot;:0,&quot;is_backup&quot;:0,&quot;bitrate&quot;:2861571,&quot;up_time&quot;:49,&quot;error_code&quot;:0,&quot;status_code&quot;:3,&quot;error_str&quot;:&quot;None&quot;,&quot;status_str&quot;:&quot;Connected&quot;},{&quot;host&quot;:&quot;192.168.60.66&quot;,&quot;port&quot;:2088,&quot;nic&quot;:&quot;192.168.50.65&quot;,&quot;limit&quot;:0,&quot;is_backup&quot;:0,&quot;bitrate&quot;:0,&quot;up_time&quot;:0,&quot;error_code&quot;:3,&quot;status_code&quot;:1,&quot;error_str&quot;:&quot;Timeout&quot;,&quot;status_str&quot;:&quot;Connecting&quot;},{&quot;host&quot;:&quot;192.168.5.166&quot;,&quot;port&quot;:2088,&quot;nic&quot;:&quot;192.168.5.165&quot;,&quot;limit&quot;:0,&quot;is_backup&quot;:0,&quot;bitrate&quot;:2849453,&quot;up_time&quot;:60,&quot;error_code&quot;:0,&quot;status_code&quot;:3,&quot;error_str&quot;:&quot;None&quot;,&quot;status_str&quot;:&quot;Connected&quot;}],&quot;error&quot;:&quot;None&quot;,&quot;con_stat&quot;:&quot;Disconnected&quot;,&quot;bitrate&quot;:5636811,&quot;dest&quot;:&quot;bonded/bonded18&quot;},{&quot;mip&quot;:&quot;4000.ts&quot;,&quot;port&quot;:0,&quot;ip&quot;:&quot;file&quot;,&quot;in_name&quot;:&quot;bond&quot;,&quot;in_active&quot;:1,&quot;in_active_sources&quot;:0,&quot;prg_name&quot;:&quot;&quot;,&quot;prg_prov&quot;:&quot;&quot;,&quot;prg_num&quot;:-1,&quot;chan&quot;:&quot;&quot;,&quot;chan_id&quot;:-1,&quot;id&quot;:&quot;zixi://bonded(bonded17)#10.7.0.66:2088@10.7.0.65,192.168.60.66:2088@192.168.50.65,192.168.5.166:2088@192.168.5.165&quot;,&quot;type&quot;:2,&quot;name&quot;:&quot;bond17&quot;,&quot;asi&quot;:0,&quot;rtmp&quot;:0,&quot;file&quot;:1,&quot;active&quot;:1,&quot;group&quot;:&quot;&quot;,&quot;bonded&quot;:[{&quot;host&quot;:&quot;10.7.0.66&quot;,&quot;port&quot;:2088,&quot;nic&quot;:&quot;10.7.0.65&quot;,&quot;limit&quot;:0,&quot;is_backup&quot;:0,&quot;bitrate&quot;:2856562,&quot;up_time&quot;:60,&quot;error_code&quot;:0,&quot;status_code&quot;:3,&quot;error_str&quot;:&quot;None&quot;,&quot;status_str&quot;:&quot;Connected&quot;},{&quot;host&quot;:&quot;192.168.60.66&quot;,&quot;port&quot;:2088,&quot;nic&quot;:&quot;192.168.50.65&quot;,&quot;limit&quot;:0,&quot;is_backup&quot;:0,&quot;bitrate&quot;:0,&quot;up_time&quot;:0,&quot;error_code&quot;:3,&quot;status_code&quot;:1,&quot;error_str&quot;:&quot;Timeout&quot;,&quot;status_str&quot;:&quot;Connecting&quot;},{&quot;host&quot;:&quot;192.168.5.166&quot;,&quot;port&quot;:2088,&quot;nic&quot;:&quot;192.168.5.165&quot;,&quot;limit&quot;:0,&quot;is_backup&quot;:0,&quot;bitrate&quot;:2848811,&quot;up_time&quot;:60,&quot;error_code&quot;:0,&quot;status_code&quot;:3,&quot;error_str&quot;:&quot;None&quot;,&quot;status_str&quot;:&quot;Connected&quot;}],&quot;error&quot;:&quot;None&quot;,&quot;con_stat&quot;:&quot;Disconnected&quot;,&quot;bitrate&quot;:5646777,&quot;dest&quot;:&quot;bonded/bonded17&quot;},{&quot;mip&quot;:&quot;4000.ts&quot;,&quot;port&quot;:0,&quot;ip&quot;:&quot;file&quot;,&quot;in_name&quot;:&quot;bond&quot;,&quot;in_active&quot;:1,&quot;in_active_sources&quot;:0,&quot;prg_name&quot;:&quot;&quot;,&quot;prg_prov&quot;:&quot;&quot;,&quot;prg_num&quot;:-1,&quot;chan&quot;:&quot;&quot;,&quot;chan_id&quot;:-1,&quot;id&quot;:&quot;zixi://bonded(bonded16)#10.7.0.66:2088@10.7.0.65,192.168.60.66:2088@192.168.50.65,192.168.5.166:2088@192.168.5.165&quot;,&quot;type&quot;:2,&quot;name&quot;:&quot;bond16&quot;,&quot;asi&quot;:0,&quot;rtmp&quot;:0,&quot;file&quot;:1,&quot;active&quot;:1,&quot;group&quot;:&quot;&quot;,&quot;bonded&quot;:[{&quot;host&quot;:&quot;10.7.0.66&quot;,&quot;port&quot;:2088,&quot;nic&quot;:&quot;10.7.0.65&quot;,&quot;limit&quot;:0,&quot;is_backup&quot;:0,&quot;bitrate&quot;:2777051,&quot;up_time&quot;:60,&quot;error_code&quot;:0,&quot;status_code&quot;:3,&quot;error_str&quot;:&quot;None&quot;,&quot;status_str&quot;:&quot;Connected&quot;},{&quot;host&quot;:&quot;192.168.60.66&quot;,&quot;port&quot;:2088,&quot;nic&quot;:&quot;192.168.50.65&quot;,&quot;limit&quot;:0,&quot;is_backup&quot;:0,&quot;bitrate&quot;:0,&quot;up_time&quot;:0,&quot;error_code&quot;:3,&quot;status_code&quot;:1,&quot;error_str&quot;:&quot;Timeout&quot;,&quot;status_str&quot;:&quot;Connecting&quot;},{&quot;host&quot;:&quot;192.168.5.166&quot;,&quot;port&quot;:2088,&quot;nic&quot;:&quot;192.168.5.165&quot;,&quot;limit&quot;:0,&quot;is_backup&quot;:0,&quot;bitrate&quot;:2933608,&quot;up_time&quot;:60,&quot;error_code&quot;:0,&quot;status_code&quot;:3,&quot;error_str&quot;:&quot;None&quot;,&quot;status_str&quot;:&quot;Connected&quot;}],&quot;error&quot;:&quot;None&quot;,&quot;con_stat&quot;:&quot;Disconnected&quot;,&quot;bitrate&quot;:5642072,&quot;dest&quot;:&quot;bonded/bonded16&quot;},{&quot;mip&quot;:&quot;4000.ts&quot;,&quot;port&quot;:0,&quot;ip&quot;:&quot;file&quot;,&quot;in_name&quot;:&quot;bond&quot;,&quot;in_active&quot;:1,&quot;in_active_sources&quot;:0,&quot;prg_name&quot;:&quot;&quot;,&quot;prg_prov&quot;:&quot;&quot;,&quot;prg_num&quot;:-1,&quot;chan&quot;:&quot;&quot;,&quot;chan_id&quot;:-1,&quot;id&quot;:&quot;zixi://bonded(bonded13)#10.7.0.66:2088@10.7.0.65,192.168.60.66:2088@192.168.50.65,192.168.5.166:2088@192.168.5.165&quot;,&quot;type&quot;:2,&quot;name&quot;:&quot;bond13&quot;,&quot;asi&quot;:0,&quot;rtmp&quot;:0,&quot;file&quot;:1,&quot;active&quot;:1,&quot;group&quot;:&quot;&quot;,&quot;bonded&quot;:[{&quot;host&quot;:&quot;10.7.0.66&quot;,&quot;port&quot;:2088,&quot;nic&quot;:&quot;10.7.0.65&quot;,&quot;limit&quot;:0,&quot;is_backup&quot;:0,&quot;bitrate&quot;:2688144,&quot;up_time&quot;:60,&quot;error_code&quot;:0,&quot;status_code&quot;:3,&quot;error_str&quot;:&quot;None&quot;,&quot;status_str&quot;:&quot;Connected&quot;},{&quot;host&quot;:&quot;192.168.60.66&quot;,&quot;port&quot;:2088,&quot;nic&quot;:&quot;192.168.50.65&quot;,&quot;limit&quot;:0,&quot;is_backup&quot;:0,&quot;bitrate&quot;:0,&quot;up_time&quot;:0,&quot;error_code&quot;:3,&quot;status_code&quot;:1,&quot;error_str&quot;:&quot;Timeout&quot;,&quot;status_str&quot;:&quot;Connecting&quot;},{&quot;host&quot;:&quot;192.168.5.166&quot;,&quot;port&quot;:2088,&quot;nic&quot;:&quot;192.168.5.165&quot;,&quot;limit&quot;:0,&quot;is_backup&quot;:0,&quot;bitrate&quot;:3012682,&quot;up_time&quot;:60,&quot;error_code&quot;:0,&quot;status_code&quot;:3,&quot;error_str&quot;:&quot;None&quot;,&quot;status_str&quot;:&quot;Connected&quot;}],&quot;error&quot;:&quot;None&quot;,&quot;con_stat&quot;:&quot;Disconnected&quot;,&quot;bitrate&quot;:5647744,&quot;dest&quot;:&quot;bonded/bonded13&quot;},{&quot;mip&quot;:&quot;4000.ts&quot;,&quot;port&quot;:0,&quot;ip&quot;:&quot;file&quot;,&quot;in_name&quot;:&quot;bond&quot;,&quot;in_active&quot;:1,&quot;in_active_sources&quot;:0,&quot;prg_name&quot;:&quot;&quot;,&quot;prg_prov&quot;:&quot;&quot;,&quot;prg_num&quot;:-1,&quot;chan&quot;:&quot;&quot;,&quot;chan_id&quot;:-1,&quot;id&quot;:&quot;zixi://bonded(bonded12)#10.7.0.66:2088@10.7.0.65,192.168.60.66:2088@192.168.50.65,192.168.5.166:2088@192.168.5.165&quot;,&quot;type&quot;:2,&quot;name&quot;:&quot;bond12&quot;,&quot;asi&quot;:0,&quot;rtmp&quot;:0,&quot;file&quot;:1,&quot;active&quot;:1,&quot;group&quot;:&quot;&quot;,&quot;bonded&quot;:[],&quot;error&quot;:&quot;None&quot;,&quot;con_stat&quot;:&quot;Connecting&quot;,&quot;bitrate&quot;:0,&quot;dest&quot;:&quot;bonded/bonded12&quot;},{&quot;mip&quot;:&quot;4000.ts&quot;,&quot;port&quot;:0,&quot;ip&quot;:&quot;file&quot;,&quot;in_name&quot;:&quot;bond&quot;,&quot;in_active&quot;:1,&quot;in_active_sources&quot;:0,&quot;prg_name&quot;:&quot;&quot;,&quot;prg_prov&quot;:&quot;&quot;,&quot;prg_num&quot;:-1,&quot;chan&quot;:&quot;&quot;,&quot;chan_id&quot;:-1,&quot;id&quot;:&quot;zixi://bonded(bonded19)#10.7.0.66:2088@10.7.0.65,192.168.60.66:2088@192.168.50.65,192.168.5.166:2088@192.168.5.165&quot;,&quot;type&quot;:2,&quot;name&quot;:&quot;bond19&quot;,&quot;asi&quot;:0,&quot;rtmp&quot;:0,&quot;file&quot;:1,&quot;active&quot;:1,&quot;group&quot;:&quot;&quot;,&quot;bonded&quot;:[{&quot;host&quot;:&quot;10.7.0.66&quot;,&quot;port&quot;:2088,&quot;nic&quot;:&quot;10.7.0.65&quot;,&quot;limit&quot;:0,&quot;is_backup&quot;:0,&quot;bitrate&quot;:2846981,&quot;up_time&quot;:61,&quot;error_code&quot;:0,&quot;status_code&quot;:3,&quot;error_str&quot;:&quot;None&quot;,&quot;status_str&quot;:&quot;Connected&quot;},{&quot;host&quot;:&quot;192.168.60.66&quot;,&quot;port&quot;:2088,&quot;nic&quot;:&quot;192.168.50.65&quot;,&quot;limit&quot;:0,&quot;is_backup&quot;:0,&quot;bitrate&quot;:0,&quot;up_time&quot;:0,&quot;error_code&quot;:3,&quot;status_code&quot;:1,&quot;error_str&quot;:&quot;Timeout&quot;,&quot;status_str&quot;:&quot;Connecting&quot;},{&quot;host&quot;:&quot;192.168.5.166&quot;,&quot;port&quot;:2088,&quot;nic&quot;:&quot;192.168.5.165&quot;,&quot;limit&quot;:0,&quot;is_backup&quot;:0,&quot;bitrate&quot;:2844743,&quot;up_time&quot;:61,&quot;error_code&quot;:0,&quot;status_code&quot;:3,&quot;error_str&quot;:&quot;None&quot;,&quot;status_str&quot;:&quot;Connected&quot;}],&quot;error&quot;:&quot;None&quot;,&quot;con_stat&quot;:&quot;Disconnected&quot;,&quot;bitrate&quot;:5631184,&quot;dest&quot;:&quot;bonded/bonded19&quot;},{&quot;mip&quot;:&quot;4000.ts&quot;,&quot;port&quot;:0,&quot;ip&quot;:&quot;file&quot;,&quot;in_name&quot;:&quot;bond&quot;,&quot;in_active&quot;:1,&quot;in_active_sources&quot;:0,&quot;prg_name&quot;:&quot;&quot;,&quot;prg_prov&quot;:&quot;&quot;,&quot;prg_num&quot;:-1,&quot;chan&quot;:&quot;&quot;,&quot;chan_id&quot;:-1,&quot;id&quot;:&quot;zixi://bonded(bonded7)#10.7.0.66:2088@10.7.0.65,192.168.60.66:2088@192.168.50.65,192.168.5.166:2088@192.168.5.165&quot;,&quot;type&quot;:2,&quot;name&quot;:&quot;bond7&quot;,&quot;asi&quot;:0,&quot;rtmp&quot;:0,&quot;file&quot;:1,&quot;active&quot;:1,&quot;group&quot;:&quot;&quot;,&quot;bonded&quot;:[{&quot;host&quot;:&quot;10.7.0.66&quot;,&quot;port&quot;:2088,&quot;nic&quot;:&quot;10.7.0.65&quot;,&quot;limit&quot;:0,&quot;is_backup&quot;:0,&quot;bitrate&quot;:2899240,&quot;up_time&quot;:61,&quot;error_code&quot;:0,&quot;status_code&quot;:3,&quot;error_str&quot;:&quot;None&quot;,&quot;status_str&quot;:&quot;Connected&quot;},{&quot;host&quot;:&quot;192.168.60.66&quot;,&quot;port&quot;:2088,&quot;nic&quot;:&quot;192.168.50.65&quot;,&quot;limit&quot;:0,&quot;is_backup&quot;:0,&quot;bitrate&quot;:0,&quot;up_time&quot;:0,&quot;error_code&quot;:3,&quot;status_code&quot;:1,&quot;error_str&quot;:&quot;Timeout&quot;,&quot;status_str&quot;:&quot;Connecting&quot;},{&quot;host&quot;:&quot;192.168.5.166&quot;,&quot;port&quot;:2088,&quot;nic&quot;:&quot;192.168.5.165&quot;,&quot;limit&quot;:0,&quot;is_backup&quot;:0,&quot;bitrate&quot;:2795594,&quot;up_time&quot;:61,&quot;error_code&quot;:0,&quot;status_code&quot;:3,&quot;error_str&quot;:&quot;None&quot;,&quot;status_str&quot;:&quot;Connected&quot;}],&quot;error&quot;:&quot;None&quot;,&quot;con_stat&quot;:&quot;Disconnected&quot;,&quot;bitrate&quot;:5641944,&quot;dest&quot;:&quot;bonded/bonded7&quot;},{&quot;mip&quot;:&quot;4000.ts&quot;,&quot;port&quot;:0,&quot;ip&quot;:&quot;file&quot;,&quot;in_name&quot;:&quot;bond&quot;,&quot;in_active&quot;:1,&quot;in_active_sources&quot;:0,&quot;prg_name&quot;:&quot;&quot;,&quot;prg_prov&quot;:&quot;&quot;,&quot;prg_num&quot;:-1,&quot;chan&quot;:&quot;&quot;,&quot;chan_id&quot;:-1,&quot;id&quot;:&quot;zixi://bonded(bonded15)#10.7.0.66:2088@10.7.0.65,192.168.60.66:2088@192.168.50.65,192.168.5.166:2088@192.168.5.165&quot;,&quot;type&quot;:2,&quot;name&quot;:&quot;bond15&quot;,&quot;asi&quot;:0,&quot;rtmp&quot;:0,&quot;file&quot;:1,&quot;active&quot;:1,&quot;group&quot;:&quot;&quot;,&quot;bonded&quot;:[{&quot;host&quot;:&quot;10.7.0.66&quot;,&quot;port&quot;:2088,&quot;nic&quot;:&quot;10.7.0.65&quot;,&quot;limit&quot;:0,&quot;is_backup&quot;:0,&quot;bitrate&quot;:2866910,&quot;up_time&quot;:61,&quot;error_code&quot;:0,&quot;status_code&quot;:3,&quot;error_str&quot;:&quot;None&quot;,&quot;status_str&quot;:&quot;Connected&quot;},{&quot;host&quot;:&quot;192.168.60.66&quot;,&quot;port&quot;:2088,&quot;nic&quot;:&quot;192.168.50.65&quot;,&quot;limit&quot;:0,&quot;is_backup&quot;:0,&quot;bitrate&quot;:0,&quot;up_time&quot;:0,&quot;error_code&quot;:3,&quot;status_code&quot;:1,&quot;error_str&quot;:&quot;Timeout&quot;,&quot;status_str&quot;:&quot;Connecting&quot;},{&quot;host&quot;:&quot;192.168.5.166&quot;,&quot;port&quot;:2088,&quot;nic&quot;:&quot;192.168.5.165&quot;,&quot;limit&quot;:0,&quot;is_backup&quot;:0,&quot;bitrate&quot;:2846853,&quot;up_time&quot;:61,&quot;error_code&quot;:0,&quot;status_code&quot;:3,&quot;error_str&quot;:&quot;None&quot;,&quot;status_str&quot;:&quot;Connected&quot;}],&quot;error&quot;:&quot;None&quot;,&quot;con_stat&quot;:&quot;Disconnected&quot;,&quot;bitrate&quot;:5657878,&quot;dest&quot;:&quot;bonded/bonded15&quot;},{&quot;mip&quot;:&quot;4000.ts&quot;,&quot;port&quot;:0,&quot;ip&quot;:&quot;file&quot;,&quot;in_name&quot;:&quot;bond&quot;,&quot;in_active&quot;:1,&quot;in_active_sources&quot;:0,&quot;prg_name&quot;:&quot;&quot;,&quot;prg_prov&quot;:&quot;&quot;,&quot;prg_num&quot;:-1,&quot;chan&quot;:&quot;&quot;,&quot;chan_id&quot;:-1,&quot;id&quot;:&quot;zixi://bonded(bonded9)#10.7.0.66:2088@10.7.0.65,192.168.60.66:2088@192.168.50.65,192.168.5.166:2088@192.168.5.165&quot;,&quot;type&quot;:2,&quot;name&quot;:&quot;bond9&quot;,&quot;asi&quot;:0,&quot;rtmp&quot;:0,&quot;file&quot;:1,&quot;active&quot;:1,&quot;group&quot;:&quot;&quot;,&quot;bonded&quot;:[{&quot;host&quot;:&quot;10.7.0.66&quot;,&quot;port&quot;:2088,&quot;nic&quot;:&quot;10.7.0.65&quot;,&quot;limit&quot;:0,&quot;is_backup&quot;:0,&quot;bitrate&quot;:2818143,&quot;up_time&quot;:61,&quot;error_code&quot;:0,&quot;status_code&quot;:3,&quot;error_str&quot;:&quot;None&quot;,&quot;status_str&quot;:&quot;Connected&quot;},{&quot;host&quot;:&quot;192.168.60.66&quot;,&quot;port&quot;:2088,&quot;nic&quot;:&quot;192.168.50.65&quot;,&quot;limit&quot;:0,&quot;is_backup&quot;:0,&quot;bitrate&quot;:0,&quot;up_time&quot;:0,&quot;error_code&quot;:3,&quot;status_code&quot;:1,&quot;error_str&quot;:&quot;Timeout&quot;,&quot;status_str&quot;:&quot;Connecting&quot;},{&quot;host&quot;:&quot;192.168.5.166&quot;,&quot;port&quot;:2088,&quot;nic&quot;:&quot;192.168.5.165&quot;,&quot;limit&quot;:0,&quot;is_backup&quot;:0,&quot;bitrate&quot;:2884405,&quot;up_time&quot;:61,&quot;error_code&quot;:0,&quot;status_code&quot;:3,&quot;error_str&quot;:&quot;None&quot;,&quot;status_str&quot;:&quot;Connected&quot;}],&quot;error&quot;:&quot;None&quot;,&quot;con_stat&quot;:&quot;Disconnected&quot;,&quot;bitrate&quot;:5644168,&quot;dest&quot;:&quot;bonded/bonded9&quot;},{&quot;mip&quot;:&quot;4000.ts&quot;,&quot;port&quot;:0,&quot;ip&quot;:&quot;file&quot;,&quot;in_name&quot;:&quot;bond&quot;,&quot;in_active&quot;:1,&quot;in_active_sources&quot;:0,&quot;prg_name&quot;:&quot;&quot;,&quot;prg_prov&quot;:&quot;&quot;,&quot;prg_num&quot;:-1,&quot;chan&quot;:&quot;&quot;,&quot;chan_id&quot;:-1,&quot;id&quot;:&quot;zixi://bonded(bonded0)#10.7.0.66:2088@10.7.0.65,192.168.60.66:2088@192.168.50.65,192.168.5.166:2088@192.168.5.165&quot;,&quot;type&quot;:2,&quot;name&quot;:&quot;bond0&quot;,&quot;asi&quot;:0,&quot;rtmp&quot;:0,&quot;file&quot;:1,&quot;active&quot;:1,&quot;group&quot;:&quot;&quot;,&quot;bonded&quot;:[],&quot;error&quot;:&quot;None&quot;,&quot;con_stat&quot;:&quot;Connecting&quot;,&quot;bitrate&quot;:0,&quot;dest&quot;:&quot;bonded/bonded0&quot;},{&quot;mip&quot;:&quot;4000.ts&quot;,&quot;port&quot;:0,&quot;ip&quot;:&quot;file&quot;,&quot;in_name&quot;:&quot;bond&quot;,&quot;in_active&quot;:1,&quot;in_active_sources&quot;:0,&quot;prg_name&quot;:&quot;&quot;,&quot;prg_prov&quot;:&quot;&quot;,&quot;prg_num&quot;:-1,&quot;chan&quot;:&quot;&quot;,&quot;chan_id&quot;:-1,&quot;id&quot;:&quot;zixi://bonded(bonded8)#10.7.0.66:2088@10.7.0.65,192.168.60.66:2088@192.168.50.65,192.168.5.166:2088@192.168.5.165&quot;,&quot;type&quot;:2,&quot;name&quot;:&quot;bond8&quot;,&quot;asi&quot;:0,&quot;rtmp&quot;:0,&quot;file&quot;:1,&quot;active&quot;:1,&quot;group&quot;:&quot;&quot;,&quot;bonded&quot;:[],&quot;error&quot;:&quot;None&quot;,&quot;con_stat&quot;:&quot;Connecting&quot;,&quot;bitrate&quot;:0,&quot;dest&quot;:&quot;bonded/bonded8&quot;},{&quot;mip&quot;:&quot;4000.ts&quot;,&quot;port&quot;:0,&quot;ip&quot;:&quot;file&quot;,&quot;in_name&quot;:&quot;bond&quot;,&quot;in_active&quot;:1,&quot;in_active_sources&quot;:0,&quot;prg_name&quot;:&quot;&quot;,&quot;prg_prov&quot;:&quot;&quot;,&quot;prg_num&quot;:-1,&quot;chan&quot;:&quot;&quot;,&quot;chan_id&quot;:-1,&quot;id&quot;:&quot;zixi://bonded(bonded6)#10.7.0.66:2088@10.7.0.65,192.168.60.66:2088@192.168.50.65,192.168.5.166:2088@192.168.5.165&quot;,&quot;type&quot;:2,&quot;name&quot;:&quot;bond6&quot;,&quot;asi&quot;:0,&quot;rtmp&quot;:0,&quot;file&quot;:1,&quot;active&quot;:1,&quot;group&quot;:&quot;&quot;,&quot;bonded&quot;:[],&quot;error&quot;:&quot;None&quot;,&quot;con_stat&quot;:&quot;Connecting&quot;,&quot;bitrate&quot;:0,&quot;dest&quot;:&quot;bonded/bonded6&quot;},{&quot;mip&quot;:&quot;4000.ts&quot;,&quot;port&quot;:0,&quot;ip&quot;:&quot;file&quot;,&quot;in_name&quot;:&quot;bond&quot;,&quot;in_active&quot;:1,&quot;in_active_sources&quot;:0,&quot;prg_name&quot;:&quot;&quot;,&quot;prg_prov&quot;:&quot;&quot;,&quot;prg_num&quot;:-1,&quot;chan&quot;:&quot;&quot;,&quot;chan_id&quot;:-1,&quot;id&quot;:&quot;zixi://bonded(bonded11)#10.7.0.66:2088@10.7.0.65,192.168.60.66:2088@192.168.50.65,192.168.5.166:2088@192.168.5.165&quot;,&quot;type&quot;:2,&quot;name&quot;:&quot;bond11&quot;,&quot;asi&quot;:0,&quot;rtmp&quot;:0,&quot;file&quot;:1,&quot;active&quot;:1,&quot;group&quot;:&quot;&quot;,&quot;bonded&quot;:[],&quot;error&quot;:&quot;None&quot;,&quot;con_stat&quot;:&quot;Connecting&quot;,&quot;bitrate&quot;:0,&quot;dest&quot;:&quot;bonded/bonded11&quot;},{&quot;mip&quot;:&quot;4000.ts&quot;,&quot;port&quot;:0,&quot;ip&quot;:&quot;file&quot;,&quot;in_name&quot;:&quot;bond&quot;,&quot;in_active&quot;:1,&quot;in_active_sources&quot;:0,&quot;prg_name&quot;:&quot;&quot;,&quot;prg_prov&quot;:&quot;&quot;,&quot;prg_num&quot;:-1,&quot;chan&quot;:&quot;&quot;,&quot;chan_id&quot;:-1,&quot;id&quot;:&quot;zixi://bonded(bonded5)#10.7.0.66:2088@10.7.0.65,192.168.60.66:2088@192.168.50.65,192.168.5.166:2088@192.168.5.165&quot;,&quot;type&quot;:2,&quot;name&quot;:&quot;bond5&quot;,&quot;asi&quot;:0,&quot;rtmp&quot;:0,&quot;file&quot;:1,&quot;active&quot;:1,&quot;group&quot;:&quot;&quot;,&quot;bonded&quot;:[{&quot;host&quot;:&quot;10.7.0.66&quot;,&quot;port&quot;:2088,&quot;nic&quot;:&quot;10.7.0.65&quot;,&quot;limit&quot;:0,&quot;is_backup&quot;:0,&quot;bitrate&quot;:2814446,&quot;up_time&quot;:61,&quot;error_code&quot;:0,&quot;status_code&quot;:3,&quot;error_str&quot;:&quot;None&quot;,&quot;status_str&quot;:&quot;Connected&quot;},{&quot;host&quot;:&quot;192.168.60.66&quot;,&quot;port&quot;:2088,&quot;nic&quot;:&quot;192.168.50.65&quot;,&quot;limit&quot;:0,&quot;is_backup&quot;:0,&quot;bitrate&quot;:0,&quot;up_time&quot;:0,&quot;error_code&quot;:3,&quot;status_code&quot;:1,&quot;error_str&quot;:&quot;Timeout&quot;,&quot;status_str&quot;:&quot;Connecting&quot;},{&quot;host&quot;:&quot;192.168.5.166&quot;,&quot;port&quot;:2088,&quot;nic&quot;:&quot;192.168.5.165&quot;,&quot;limit&quot;:0,&quot;is_backup&quot;:0,&quot;bitrate&quot;:2885595,&quot;up_time&quot;:61,&quot;error_code&quot;:0,&quot;status_code&quot;:3,&quot;error_str&quot;:&quot;None&quot;,&quot;status_str&quot;:&quot;Connected&quot;}],&quot;error&quot;:&quot;None&quot;,&quot;con_stat&quot;:&quot;Disconnected&quot;,&quot;bitrate&quot;:5626024,&quot;dest&quot;:&quot;bonded/bonded5&quot;},{&quot;mip&quot;:&quot;4000.ts&quot;,&quot;port&quot;:0,&quot;ip&quot;:&quot;file&quot;,&quot;in_name&quot;:&quot;bond&quot;,&quot;in_active&quot;:1,&quot;in_active_sources&quot;:0,&quot;prg_name&quot;:&quot;&quot;,&quot;prg_prov&quot;:&quot;&quot;,&quot;prg_num&quot;:-1,&quot;chan&quot;:&quot;&quot;,&quot;chan_id&quot;:-1,&quot;id&quot;:&quot;zixi://bonded(bonded10)#10.7.0.66:2088@10.7.0.65,192.168.60.66:2088@192.168.50.65,192.168.5.166:2088@192.168.5.165&quot;,&quot;type&quot;:2,&quot;name&quot;:&quot;bond10&quot;,&quot;asi&quot;:0,&quot;rtmp&quot;:0,&quot;file&quot;:1,&quot;active&quot;:1,&quot;group&quot;:&quot;&quot;,&quot;bonded&quot;:[{&quot;host&quot;:&quot;10.7.0.66&quot;,&quot;port&quot;:2088,&quot;nic&quot;:&quot;10.7.0.65&quot;,&quot;limit&quot;:0,&quot;is_backup&quot;:0,&quot;bitrate&quot;:2803062,&quot;up_time&quot;:61,&quot;error_code&quot;:0,&quot;status_code&quot;:3,&quot;error_str&quot;:&quot;None&quot;,&quot;status_str&quot;:&quot;Connected&quot;},{&quot;host&quot;:&quot;192.168.60.66&quot;,&quot;port&quot;:2088,&quot;nic&quot;:&quot;192.168.50.65&quot;,&quot;limit&quot;:0,&quot;is_backup&quot;:0,&quot;bitrate&quot;:0,&quot;up_time&quot;:0,&quot;error_code&quot;:3,&quot;status_code&quot;:1,&quot;error_str&quot;:&quot;Timeout&quot;,&quot;status_str&quot;:&quot;Connecting&quot;},{&quot;host&quot;:&quot;192.168.5.166&quot;,&quot;port&quot;:2088,&quot;nic&quot;:&quot;192.168.5.165&quot;,&quot;limit&quot;:0,&quot;is_backup&quot;:0,&quot;bitrate&quot;:2885827,&quot;up_time&quot;:61,&quot;error_code&quot;:0,&quot;status_code&quot;:3,&quot;error_str&quot;:&quot;None&quot;,&quot;status_str&quot;:&quot;Connected&quot;}],&quot;error&quot;:&quot;None&quot;,&quot;con_stat&quot;:&quot;Disconnected&quot;,&quot;bitrate&quot;:5626152,&quot;dest&quot;:&quot;bonded/bonded10&quot;},{&quot;mip&quot;:&quot;4000.ts&quot;,&quot;port&quot;:0,&quot;ip&quot;:&quot;file&quot;,&quot;in_name&quot;:&quot;bond&quot;,&quot;in_active&quot;:1,&quot;in_active_sources&quot;:0,&quot;prg_name&quot;:&quot;&quot;,&quot;prg_prov&quot;:&quot;&quot;,&quot;prg_num&quot;:-1,&quot;chan&quot;:&quot;&quot;,&quot;chan_id&quot;:-1,&quot;id&quot;:&quot;zixi://bonded(bonded4)#10.7.0.66:2088@10.7.0.65,192.168.60.66:2088@192.168.50.65,192.168.5.166:2088@192.168.5.165&quot;,&quot;type&quot;:2,&quot;name&quot;:&quot;bond4&quot;,&quot;asi&quot;:0,&quot;rtmp&quot;:0,&quot;file&quot;:1,&quot;active&quot;:1,&quot;group&quot;:&quot;&quot;,&quot;bonded&quot;:[],&quot;error&quot;:&quot;None&quot;,&quot;con_stat&quot;:&quot;Connecting&quot;,&quot;bitrate&quot;:0,&quot;dest&quot;:&quot;bonded/bonded4&quot;},{&quot;mip&quot;:&quot;4000.ts&quot;,&quot;port&quot;:0,&quot;ip&quot;:&quot;file&quot;,&quot;in_name&quot;:&quot;bond&quot;,&quot;in_active&quot;:1,&quot;in_active_sources&quot;:0,&quot;prg_name&quot;:&quot;&quot;,&quot;prg_prov&quot;:&quot;&quot;,&quot;prg_num&quot;:-1,&quot;chan&quot;:&quot;&quot;,&quot;chan_id&quot;:-1,&quot;id&quot;:&quot;zixi://bonded(bonded3)#10.7.0.66:2088@10.7.0.65,192.168.60.66:2088@192.168.50.65,192.168.5.166:2088@192.168.5.165&quot;,&quot;type&quot;:2,&quot;name&quot;:&quot;bond3&quot;,&quot;asi&quot;:0,&quot;rtmp&quot;:0,&quot;file&quot;:1,&quot;active&quot;:1,&quot;group&quot;:&quot;&quot;,&quot;bonded&quot;:[],&quot;error&quot;:&quot;None&quot;,&quot;con_stat&quot;:&quot;Connecting&quot;,&quot;bitrate&quot;:0,&quot;dest&quot;:&quot;bonded/bonded3&quot;},{&quot;mip&quot;:&quot;4000.ts&quot;,&quot;port&quot;:0,&quot;ip&quot;:&quot;file&quot;,&quot;in_name&quot;:&quot;bond&quot;,&quot;in_active&quot;:1,&quot;in_active_sources&quot;:0,&quot;prg_name&quot;:&quot;&quot;,&quot;prg_prov&quot;:&quot;&quot;,&quot;prg_num&quot;:-1,&quot;chan&quot;:&quot;&quot;,&quot;chan_id&quot;:-1,&quot;id&quot;:&quot;zixi://bonded(bonded2)#10.7.0.66:2088@10.7.0.65,192.168.60.66:2088@192.168.50.65,192.168.5.166:2088@192.168.5.165&quot;,&quot;type&quot;:2,&quot;name&quot;:&quot;bond2&quot;,&quot;asi&quot;:0,&quot;rtmp&quot;:0,&quot;file&quot;:1,&quot;active&quot;:1,&quot;group&quot;:&quot;&quot;,&quot;bonded&quot;:[],&quot;error&quot;:&quot;None&quot;,&quot;con_stat&quot;:&quot;Connecting&quot;,&quot;bitrate&quot;:0,&quot;dest&quot;:&quot;bonded/bonded2&quot;},{&quot;mip&quot;:&quot;4000.ts&quot;,&quot;port&quot;:0,&quot;ip&quot;:&quot;file&quot;,&quot;in_name&quot;:&quot;bond&quot;,&quot;in_active&quot;:1,&quot;in_active_sources&quot;:0,&quot;prg_name&quot;:&quot;&quot;,&quot;prg_prov&quot;:&quot;&quot;,&quot;prg_num&quot;:-1,&quot;chan&quot;:&quot;&quot;,&quot;chan_id&quot;:-1,&quot;id&quot;:&quot;zixi://bonded(bonded1)#10.7.0.66:2088@10.7.0.65,192.168.60.66:2088@192.168.50.65,192.168.5.166:2088@192.168.5.165&quot;,&quot;type&quot;:2,&quot;name&quot;:&quot;bond1&quot;,&quot;asi&quot;:0,&quot;rtmp&quot;:0,&quot;file&quot;:1,&quot;active&quot;:1,&quot;group&quot;:&quot;&quot;,&quot;bonded&quot;:[],&quot;error&quot;:&quot;None&quot;,&quot;con_stat&quot;:&quot;Connecting&quot;,&quot;bitrate&quot;:0,&quot;dest&quot;:&quot;bonded/bonded1&quot;}]}
Debug printing ------&gt;&gt;&gt; {&quot;custom_data&quot;:&quot;&quot;,&quot;msg&quot;:&quot;Output deleted.&quot;,&quot;error&quot;:&quot;&quot;,&quot;outs&quot;:[{&quot;mip&quot;:&quot;live_recording.ts&quot;,&quot;port&quot;:0,&quot;ip&quot;:&quot;file&quot;,&quot;in_name&quot;:&quot;feederoutputname&quot;,&quot;in_active&quot;:1,&quot;in_active_sources&quot;:0,&quot;prg_name&quot;:&quot;&quot;,&quot;prg_prov&quot;:&quot;&quot;,&quot;prg_num&quot;:1,&quot;chan&quot;:&quot;&quot;,&quot;chan_id&quot;:-1,&quot;id&quot;:&quot;zixi://10.7.0.66:2088/feederout&quot;,&quot;type&quot;:2,&quot;name&quot;:&quot;feederoutputname&quot;,&quot;asi&quot;:0,&quot;rtmp&quot;:0,&quot;file&quot;:1,&quot;active&quot;:1,&quot;group&quot;:&quot;&quot;,&quot;error&quot;:&quot;Authentication&quot;,&quot;con_stat&quot;:&quot;Disconnected&quot;,&quot;bitrate&quot;:0,&quot;dest&quot;:&quot;10.7.0.66:2088/feederout&quot;},{&quot;mip&quot;:&quot;4000.ts&quot;,&quot;port&quot;:0,&quot;ip&quot;:&quot;file&quot;,&quot;in_name&quot;:&quot;bond&quot;,&quot;in_active&quot;:1,&quot;in_active_sources&quot;:0,&quot;prg_name&quot;:&quot;&quot;,&quot;prg_prov&quot;:&quot;&quot;,&quot;prg_num&quot;:-1,&quot;chan&quot;:&quot;&quot;,&quot;chan_id&quot;:-1,&quot;id&quot;:&quot;zixi://bonded(bonded8)#10.7.0.66:2088@10.7.0.65,192.168.60.66:2088@192.168.50.65,192.168.5.166:2088@192.168.5.165&quot;,&quot;type&quot;:2,&quot;name&quot;:&quot;bond8&quot;,&quot;asi&quot;:0,&quot;rtmp&quot;:0,&quot;file&quot;:1,&quot;active&quot;:1,&quot;group&quot;:&quot;&quot;,&quot;bonded&quot;:[],&quot;error&quot;:&quot;None&quot;,&quot;con_stat&quot;:&quot;Connecting&quot;,&quot;bitrate&quot;:0,&quot;dest&quot;:&quot;bonded/bonded8&quot;},{&quot;mip&quot;:&quot;4000.ts&quot;,&quot;port&quot;:0,&quot;ip&quot;:&quot;file&quot;,&quot;in_name&quot;:&quot;bond&quot;,&quot;in_active&quot;:1,&quot;in_active_sources&quot;:0,&quot;prg_name&quot;:&quot;&quot;,&quot;prg_prov&quot;:&quot;&quot;,&quot;prg_num&quot;:-1,&quot;chan&quot;:&quot;&quot;,&quot;chan_id&quot;:-1,&quot;id&quot;:&quot;zixi://bonded(bonded18)#10.7.0.66:2088@10.7.0.65,192.168.60.66:2088@192.168.50.65,192.168.5.166:2088@192.168.5.165&quot;,&quot;type&quot;:2,&quot;name&quot;:&quot;bond18&quot;,&quot;asi&quot;:0,&quot;rtmp&quot;:0,&quot;file&quot;:1,&quot;active&quot;:1,&quot;group&quot;:&quot;&quot;,&quot;bonded&quot;:[{&quot;host&quot;:&quot;10.7.0.66&quot;,&quot;port&quot;:2088,&quot;nic&quot;:&quot;10.7.0.65&quot;,&quot;limit&quot;:0,&quot;is_backup&quot;:0,&quot;bitrate&quot;:2861571,&quot;up_time&quot;:49,&quot;error_code&quot;:0,&quot;status_code&quot;:3,&quot;error_str&quot;:&quot;None&quot;,&quot;status_str&quot;:&quot;Connected&quot;},{&quot;host&quot;:&quot;192.168.60.66&quot;,&quot;port&quot;:2088,&quot;nic&quot;:&quot;192.168.50.65&quot;,&quot;limit&quot;:0,&quot;is_backup&quot;:0,&quot;bitrate&quot;:0,&quot;up_time&quot;:0,&quot;error_code&quot;:3,&quot;status_code&quot;:1,&quot;error_str&quot;:&quot;Timeout&quot;,&quot;status_str&quot;:&quot;Connecting&quot;},{&quot;host&quot;:&quot;192.168.5.166&quot;,&quot;port&quot;:2088,&quot;nic&quot;:&quot;192.168.5.165&quot;,&quot;limit&quot;:0,&quot;is_backup&quot;:0,&quot;bitrate&quot;:2849453,&quot;up_time&quot;:60,&quot;error_code&quot;:0,&quot;status_code&quot;:3,&quot;error_str&quot;:&quot;None&quot;,&quot;status_str&quot;:&quot;Connected&quot;}],&quot;error&quot;:&quot;None&quot;,&quot;con_stat&quot;:&quot;Disconnected&quot;,&quot;bitrate&quot;:5636811,&quot;dest&quot;:&quot;bonded/bonded18&quot;},{&quot;mip&quot;:&quot;4000.ts&quot;,&quot;port&quot;:0,&quot;ip&quot;:&quot;file&quot;,&quot;in_name&quot;:&quot;bond&quot;,&quot;in_active&quot;:1,&quot;in_active_sources&quot;:0,&quot;prg_name&quot;:&quot;&quot;,&quot;prg_prov&quot;:&quot;&quot;,&quot;prg_num&quot;:-1,&quot;chan&quot;:&quot;&quot;,&quot;chan_id&quot;:-1,&quot;id&quot;:&quot;zixi://bonded(bonded17)#10.7.0.66:2088@10.7.0.65,192.168.60.66:2088@192.168.50.65,192.168.5.166:2088@192.168.5.165&quot;,&quot;type&quot;:2,&quot;name&quot;:&quot;bond17&quot;,&quot;asi&quot;:0,&quot;rtmp&quot;:0,&quot;file&quot;:1,&quot;active&quot;:1,&quot;group&quot;:&quot;&quot;,&quot;bonded&quot;:[{&quot;host&quot;:&quot;10.7.0.66&quot;,&quot;port&quot;:2088,&quot;nic&quot;:&quot;10.7.0.65&quot;,&quot;limit&quot;:0,&quot;is_backup&quot;:0,&quot;bitrate&quot;:2856562,&quot;up_time&quot;:60,&quot;error_code&quot;:0,&quot;status_code&quot;:3,&quot;error_str&quot;:&quot;None&quot;,&quot;status_str&quot;:&quot;Connected&quot;},{&quot;host&quot;:&quot;192.168.60.66&quot;,&quot;port&quot;:2088,&quot;nic&quot;:&quot;192.168.50.65&quot;,&quot;limit&quot;:0,&quot;is_backup&quot;:0,&quot;bitrate&quot;:0,&quot;up_time&quot;:0,&quot;error_code&quot;:3,&quot;status_code&quot;:1,&quot;error_str&quot;:&quot;Timeout&quot;,&quot;status_str&quot;:&quot;Connecting&quot;},{&quot;host&quot;:&quot;192.168.5.166&quot;,&quot;port&quot;:2088,&quot;nic&quot;:&quot;192.168.5.165&quot;,&quot;limit&quot;:0,&quot;is_backup&quot;:0,&quot;bitrate&quot;:2848811,&quot;up_time&quot;:60,&quot;error_code&quot;:0,&quot;status_code&quot;:3,&quot;error_str&quot;:&quot;None&quot;,&quot;status_str&quot;:&quot;Connected&quot;}],&quot;error&quot;:&quot;None&quot;,&quot;con_stat&quot;:&quot;Disconnected&quot;,&quot;bitrate&quot;:5646777,&quot;dest&quot;:&quot;bonded/bonded17&quot;},{&quot;mip&quot;:&quot;4000.ts&quot;,&quot;port&quot;:0,&quot;ip&quot;:&quot;file&quot;,&quot;in_name&quot;:&quot;bond&quot;,&quot;in_active&quot;:1,&quot;in_active_sources&quot;:0,&quot;prg_name&quot;:&quot;&quot;,&quot;prg_prov&quot;:&quot;&quot;,&quot;prg_num&quot;:-1,&quot;chan&quot;:&quot;&quot;,&quot;chan_id&quot;:-1,&quot;id&quot;:&quot;zixi://bonded(bonded16)#10.7.0.66:2088@10.7.0.65,192.168.60.66:2088@192.168.50.65,192.168.5.166:2088@192.168.5.165&quot;,&quot;type&quot;:2,&quot;name&quot;:&quot;bond16&quot;,&quot;asi&quot;:0,&quot;rtmp&quot;:0,&quot;file&quot;:1,&quot;active&quot;:1,&quot;group&quot;:&quot;&quot;,&quot;bonded&quot;:[{&quot;host&quot;:&quot;10.7.0.66&quot;,&quot;port&quot;:2088,&quot;nic&quot;:&quot;10.7.0.65&quot;,&quot;limit&quot;:0,&quot;is_backup&quot;:0,&quot;bitrate&quot;:2777051,&quot;up_time&quot;:60,&quot;error_code&quot;:0,&quot;status_code&quot;:3,&quot;error_str&quot;:&quot;None&quot;,&quot;status_str&quot;:&quot;Connected&quot;},{&quot;host&quot;:&quot;192.168.60.66&quot;,&quot;port&quot;:2088,&quot;nic&quot;:&quot;192.168.50.65&quot;,&quot;limit&quot;:0,&quot;is_backup&quot;:0,&quot;bitrate&quot;:0,&quot;up_time&quot;:0,&quot;error_code&quot;:3,&quot;status_code&quot;:1,&quot;error_str&quot;:&quot;Timeout&quot;,&quot;status_str&quot;:&quot;Connecting&quot;},{&quot;host&quot;:&quot;192.168.5.166&quot;,&quot;port&quot;:2088,&quot;nic&quot;:&quot;192.168.5.165&quot;,&quot;limit&quot;:0,&quot;is_backup&quot;:0,&quot;bitrate&quot;:2933608,&quot;up_time&quot;:60,&quot;error_code&quot;:0,&quot;status_code&quot;:3,&quot;error_str&quot;:&quot;None&quot;,&quot;status_str&quot;:&quot;Connected&quot;}],&quot;error&quot;:&quot;None&quot;,&quot;con_stat&quot;:&quot;Disconnected&quot;,&quot;bitrate&quot;:5642072,&quot;dest&quot;:&quot;bonded/bonded16&quot;},{&quot;mip&quot;:&quot;4000.ts&quot;,&quot;port&quot;:0,&quot;ip&quot;:&quot;file&quot;,&quot;in_name&quot;:&quot;bond&quot;,&quot;in_active&quot;:1,&quot;in_active_sources&quot;:0,&quot;prg_name&quot;:&quot;&quot;,&quot;prg_prov&quot;:&quot;&quot;,&quot;prg_num&quot;:-1,&quot;chan&quot;:&quot;&quot;,&quot;chan_id&quot;:-1,&quot;id&quot;:&quot;zixi://bonded(bonded13)#10.7.0.66:2088@10.7.0.65,192.168.60.66:2088@192.168.50.65,192.168.5.166:2088@192.168.5.165&quot;,&quot;type&quot;:2,&quot;name&quot;:&quot;bond13&quot;,&quot;asi&quot;:0,&quot;rtmp&quot;:0,&quot;file&quot;:1,&quot;active&quot;:1,&quot;group&quot;:&quot;&quot;,&quot;bonded&quot;:[{&quot;host&quot;:&quot;10.7.0.66&quot;,&quot;port&quot;:2088,&quot;nic&quot;:&quot;10.7.0.65&quot;,&quot;limit&quot;:0,&quot;is_backup&quot;:0,&quot;bitrate&quot;:2688144,&quot;up_time&quot;:60,&quot;error_code&quot;:0,&quot;status_code&quot;:3,&quot;error_str&quot;:&quot;None&quot;,&quot;status_str&quot;:&quot;Connected&quot;},{&quot;host&quot;:&quot;192.168.60.66&quot;,&quot;port&quot;:2088,&quot;nic&quot;:&quot;192.168.50.65&quot;,&quot;limit&quot;:0,&quot;is_backup&quot;:0,&quot;bitrate&quot;:0,&quot;up_time&quot;:0,&quot;error_code&quot;:3,&quot;status_code&quot;:1,&quot;error_str&quot;:&quot;Timeout&quot;,&quot;status_str&quot;:&quot;Connecting&quot;},{&quot;host&quot;:&quot;192.168.5.166&quot;,&quot;port&quot;:2088,&quot;nic&quot;:&quot;192.168.5.165&quot;,&quot;limit&quot;:0,&quot;is_backup&quot;:0,&quot;bitrate&quot;:3012682,&quot;up_time&quot;:60,&quot;error_code&quot;:0,&quot;status_code&quot;:3,&quot;error_str&quot;:&quot;None&quot;,&quot;status_str&quot;:&quot;Connected&quot;}],&quot;error&quot;:&quot;None&quot;,&quot;con_stat&quot;:&quot;Disconnected&quot;,&quot;bitrate&quot;:5647744,&quot;dest&quot;:&quot;bonded/bonded13&quot;},{&quot;mip&quot;:&quot;4000.ts&quot;,&quot;port&quot;:0,&quot;ip&quot;:&quot;file&quot;,&quot;in_name&quot;:&quot;bond&quot;,&quot;in_active&quot;:1,&quot;in_active_sources&quot;:0,&quot;prg_name&quot;:&quot;&quot;,&quot;prg_prov&quot;:&quot;&quot;,&quot;prg_num&quot;:-1,&quot;chan&quot;:&quot;&quot;,&quot;chan_id&quot;:-1,&quot;id&quot;:&quot;zixi://bonded(bonded12)#10.7.0.66:2088@10.7.0.65,192.168.60.66:2088@192.168.50.65,192.168.5.166:2088@192.168.5.165&quot;,&quot;type&quot;:2,&quot;name&quot;:&quot;bond12&quot;,&quot;asi&quot;:0,&quot;rtmp&quot;:0,&quot;file&quot;:1,&quot;active&quot;:1,&quot;group&quot;:&quot;&quot;,&quot;bonded&quot;:[],&quot;error&quot;:&quot;None&quot;,&quot;con_stat&quot;:&quot;Connecting&quot;,&quot;bitrate&quot;:0,&quot;dest&quot;:&quot;bonded/bonded12&quot;},{&quot;mip&quot;:&quot;4000.ts&quot;,&quot;port&quot;:0,&quot;ip&quot;:&quot;file&quot;,&quot;in_name&quot;:&quot;bond&quot;,&quot;in_active&quot;:1,&quot;in_active_sources&quot;:0,&quot;prg_name&quot;:&quot;&quot;,&quot;prg_prov&quot;:&quot;&quot;,&quot;prg_num&quot;:-1,&quot;chan&quot;:&quot;&quot;,&quot;chan_id&quot;:-1,&quot;id&quot;:&quot;zixi://bonded(bonded19)#10.7.0.66:2088@10.7.0.65,192.168.60.66:2088@192.168.50.65,192.168.5.166:2088@192.168.5.165&quot;,&quot;type&quot;:2,&quot;name&quot;:&quot;bond19&quot;,&quot;asi&quot;:0,&quot;rtmp&quot;:0,&quot;file&quot;:1,&quot;active&quot;:1,&quot;group&quot;:&quot;&quot;,&quot;bonded&quot;:[{&quot;host&quot;:&quot;10.7.0.66&quot;,&quot;port&quot;:2088,&quot;nic&quot;:&quot;10.7.0.65&quot;,&quot;limit&quot;:0,&quot;is_backup&quot;:0,&quot;bitrate&quot;:2846981,&quot;up_time&quot;:61,&quot;error_code&quot;:0,&quot;status_code&quot;:3,&quot;error_str&quot;:&quot;None&quot;,&quot;status_str&quot;:&quot;Connected&quot;},{&quot;host&quot;:&quot;192.168.60.66&quot;,&quot;port&quot;:2088,&quot;nic&quot;:&quot;192.168.50.65&quot;,&quot;limit&quot;:0,&quot;is_backup&quot;:0,&quot;bitrate&quot;:0,&quot;up_time&quot;:0,&quot;error_code&quot;:3,&quot;status_code&quot;:1,&quot;error_str&quot;:&quot;Timeout&quot;,&quot;status_str&quot;:&quot;Connecting&quot;},{&quot;host&quot;:&quot;192.168.5.166&quot;,&quot;port&quot;:2088,&quot;nic&quot;:&quot;192.168.5.165&quot;,&quot;limit&quot;:0,&quot;is_backup&quot;:0,&quot;bitrate&quot;:2844743,&quot;up_time&quot;:61,&quot;error_code&quot;:0,&quot;status_code&quot;:3,&quot;error_str&quot;:&quot;None&quot;,&quot;status_str&quot;:&quot;Connected&quot;}],&quot;error&quot;:&quot;None&quot;,&quot;con_stat&quot;:&quot;Disconnected&quot;,&quot;bitrate&quot;:5631184,&quot;dest&quot;:&quot;bonded/bonded19&quot;},{&quot;mip&quot;:&quot;4000.ts&quot;,&quot;port&quot;:0,&quot;ip&quot;:&quot;file&quot;,&quot;in_name&quot;:&quot;bond&quot;,&quot;in_active&quot;:1,&quot;in_active_sources&quot;:0,&quot;prg_name&quot;:&quot;&quot;,&quot;prg_prov&quot;:&quot;&quot;,&quot;prg_num&quot;:-1,&quot;chan&quot;:&quot;&quot;,&quot;chan_id&quot;:-1,&quot;id&quot;:&quot;zixi://bonded(bonded7)#10.7.0.66:2088@10.7.0.65,192.168.60.66:2088@192.168.50.65,192.168.5.166:2088@192.168.5.165&quot;,&quot;type&quot;:2,&quot;name&quot;:&quot;bond7&quot;,&quot;asi&quot;:0,&quot;rtmp&quot;:0,&quot;file&quot;:1,&quot;active&quot;:1,&quot;group&quot;:&quot;&quot;,&quot;bonded&quot;:[{&quot;host&quot;:&quot;10.7.0.66&quot;,&quot;port&quot;:2088,&quot;nic&quot;:&quot;10.7.0.65&quot;,&quot;limit&quot;:0,&quot;is_backup&quot;:0,&quot;bitrate&quot;:2899240,&quot;up_time&quot;:61,&quot;error_code&quot;:0,&quot;status_code&quot;:3,&quot;error_str&quot;:&quot;None&quot;,&quot;status_str&quot;:&quot;Connected&quot;},{&quot;host&quot;:&quot;192.168.60.66&quot;,&quot;port&quot;:2088,&quot;nic&quot;:&quot;192.168.50.65&quot;,&quot;limit&quot;:0,&quot;is_backup&quot;:0,&quot;bitrate&quot;:0,&quot;up_time&quot;:0,&quot;error_code&quot;:3,&quot;status_code&quot;:1,&quot;error_str&quot;:&quot;Timeout&quot;,&quot;status_str&quot;:&quot;Connecting&quot;},{&quot;host&quot;:&quot;192.168.5.166&quot;,&quot;port&quot;:2088,&quot;nic&quot;:&quot;192.168.5.165&quot;,&quot;limit&quot;:0,&quot;is_backup&quot;:0,&quot;bitrate&quot;:2795594,&quot;up_time&quot;:61,&quot;error_code&quot;:0,&quot;status_code&quot;:3,&quot;error_str&quot;:&quot;None&quot;,&quot;status_str&quot;:&quot;Connected&quot;}],&quot;error&quot;:&quot;None&quot;,&quot;con_stat&quot;:&quot;Disconnected&quot;,&quot;bitrate&quot;:5641944,&quot;dest&quot;:&quot;bonded/bonded7&quot;},{&quot;mip&quot;:&quot;4000.ts&quot;,&quot;port&quot;:0,&quot;ip&quot;:&quot;file&quot;,&quot;in_name&quot;:&quot;bond&quot;,&quot;in_active&quot;:1,&quot;in_active_sources&quot;:0,&quot;prg_name&quot;:&quot;&quot;,&quot;prg_prov&quot;:&quot;&quot;,&quot;prg_num&quot;:-1,&quot;chan&quot;:&quot;&quot;,&quot;chan_id&quot;:-1,&quot;id&quot;:&quot;zixi://bonded(bonded15)#10.7.0.66:2088@10.7.0.65,192.168.60.66:2088@192.168.50.65,192.168.5.166:2088@192.168.5.165&quot;,&quot;type&quot;:2,&quot;name&quot;:&quot;bond15&quot;,&quot;asi&quot;:0,&quot;rtmp&quot;:0,&quot;file&quot;:1,&quot;active&quot;:1,&quot;group&quot;:&quot;&quot;,&quot;bonded&quot;:[{&quot;host&quot;:&quot;10.7.0.66&quot;,&quot;port&quot;:2088,&quot;nic&quot;:&quot;10.7.0.65&quot;,&quot;limit&quot;:0,&quot;is_backup&quot;:0,&quot;bitrate&quot;:2866910,&quot;up_time&quot;:61,&quot;error_code&quot;:0,&quot;status_code&quot;:3,&quot;error_str&quot;:&quot;None&quot;,&quot;status_str&quot;:&quot;Connected&quot;},{&quot;host&quot;:&quot;192.168.60.66&quot;,&quot;port&quot;:2088,&quot;nic&quot;:&quot;192.168.50.65&quot;,&quot;limit&quot;:0,&quot;is_backup&quot;:0,&quot;bitrate&quot;:0,&quot;up_time&quot;:0,&quot;error_code&quot;:3,&quot;status_code&quot;:1,&quot;error_str&quot;:&quot;Timeout&quot;,&quot;status_str&quot;:&quot;Connecting&quot;},{&quot;host&quot;:&quot;192.168.5.166&quot;,&quot;port&quot;:2088,&quot;nic&quot;:&quot;192.168.5.165&quot;,&quot;limit&quot;:0,&quot;is_backup&quot;:0,&quot;bitrate&quot;:2846853,&quot;up_time&quot;:61,&quot;error_code&quot;:0,&quot;status_code&quot;:3,&quot;error_str&quot;:&quot;None&quot;,&quot;status_str&quot;:&quot;Connected&quot;}],&quot;error&quot;:&quot;None&quot;,&quot;con_stat&quot;:&quot;Disconnected&quot;,&quot;bitrate&quot;:5657878,&quot;dest&quot;:&quot;bonded/bonded15&quot;},{&quot;mip&quot;:&quot;4000.ts&quot;,&quot;port&quot;:0,&quot;ip&quot;:&quot;file&quot;,&quot;in_name&quot;:&quot;bond&quot;,&quot;in_active&quot;:1,&quot;in_active_sources&quot;:0,&quot;prg_name&quot;:&quot;&quot;,&quot;prg_prov&quot;:&quot;&quot;,&quot;prg_num&quot;:-1,&quot;chan&quot;:&quot;&quot;,&quot;chan_id&quot;:-1,&quot;id&quot;:&quot;zixi://bonded(bonded9)#10.7.0.66:2088@10.7.0.65,192.168.60.66:2088@192.168.50.65,192.168.5.166:2088@192.168.5.165&quot;,&quot;type&quot;:2,&quot;name&quot;:&quot;bond9&quot;,&quot;asi&quot;:0,&quot;rtmp&quot;:0,&quot;file&quot;:1,&quot;active&quot;:1,&quot;group&quot;:&quot;&quot;,&quot;bonded&quot;:[{&quot;host&quot;:&quot;10.7.0.66&quot;,&quot;port&quot;:2088,&quot;nic&quot;:&quot;10.7.0.65&quot;,&quot;limit&quot;:0,&quot;is_backup&quot;:0,&quot;bitrate&quot;:2818143,&quot;up_time&quot;:61,&quot;error_code&quot;:0,&quot;status_code&quot;:3,&quot;error_str&quot;:&quot;None&quot;,&quot;status_str&quot;:&quot;Connected&quot;},{&quot;host&quot;:&quot;192.168.60.66&quot;,&quot;port&quot;:2088,&quot;nic&quot;:&quot;192.168.50.65&quot;,&quot;limit&quot;:0,&quot;is_backup&quot;:0,&quot;bitrate&quot;:0,&quot;up_time&quot;:0,&quot;error_code&quot;:3,&quot;status_code&quot;:1,&quot;error_str&quot;:&quot;Timeout&quot;,&quot;status_str&quot;:&quot;Connecting&quot;},{&quot;host&quot;:&quot;192.168.5.166&quot;,&quot;port&quot;:2088,&quot;nic&quot;:&quot;192.168.5.165&quot;,&quot;limit&quot;:0,&quot;is_backup&quot;:0,&quot;bitrate&quot;:2884405,&quot;up_time&quot;:61,&quot;error_code&quot;:0,&quot;status_code&quot;:3,&quot;error_str&quot;:&quot;None&quot;,&quot;status_str&quot;:&quot;Connected&quot;}],&quot;error&quot;:&quot;None&quot;,&quot;con_stat&quot;:&quot;Disconnected&quot;,&quot;bitrate&quot;:5644168,&quot;dest&quot;:&quot;bonded/bonded9&quot;},{&quot;mip&quot;:&quot;4000.ts&quot;,&quot;port&quot;:0,&quot;ip&quot;:&quot;file&quot;,&quot;in_name&quot;:&quot;bond&quot;,&quot;in_active&quot;:1,&quot;in_active_sources&quot;:0,&quot;prg_name&quot;:&quot;&quot;,&quot;prg_prov&quot;:&quot;&quot;,&quot;prg_num&quot;:-1,&quot;chan&quot;:&quot;&quot;,&quot;chan_id&quot;:-1,&quot;id&quot;:&quot;zixi://bonded(bonded0)#10.7.0.66:2088@10.7.0.65,192.168.60.66:2088@192.168.50.65,192.168.5.166:2088@192.168.5.165&quot;,&quot;type&quot;:2,&quot;name&quot;:&quot;bond0&quot;,&quot;asi&quot;:0,&quot;rtmp&quot;:0,&quot;file&quot;:1,&quot;active&quot;:1,&quot;group&quot;:&quot;&quot;,&quot;bonded&quot;:[],&quot;error&quot;:&quot;None&quot;,&quot;con_stat&quot;:&quot;Connecting&quot;,&quot;bitrate&quot;:0,&quot;dest&quot;:&quot;bonded/bonded0&quot;},{&quot;mip&quot;:&quot;4000.ts&quot;,&quot;port&quot;:0,&quot;ip&quot;:&quot;file&quot;,&quot;in_name&quot;:&quot;bond&quot;,&quot;in_active&quot;:1,&quot;in_active_sources&quot;:0,&quot;prg_name&quot;:&quot;&quot;,&quot;prg_prov&quot;:&quot;&quot;,&quot;prg_num&quot;:-1,&quot;chan&quot;:&quot;&quot;,&quot;chan_id&quot;:-1,&quot;id&quot;:&quot;zixi://bonded(bonded6)#10.7.0.66:2088@10.7.0.65,192.168.60.66:2088@192.168.50.65,192.168.5.166:2088@192.168.5.165&quot;,&quot;type&quot;:2,&quot;name&quot;:&quot;bond6&quot;,&quot;asi&quot;:0,&quot;rtmp&quot;:0,&quot;file&quot;:1,&quot;active&quot;:1,&quot;group&quot;:&quot;&quot;,&quot;bonded&quot;:[],&quot;error&quot;:&quot;None&quot;,&quot;con_stat&quot;:&quot;Connecting&quot;,&quot;bitrate&quot;:0,&quot;dest&quot;:&quot;bonded/bonded6&quot;},{&quot;mip&quot;:&quot;4000.ts&quot;,&quot;port&quot;:0,&quot;ip&quot;:&quot;file&quot;,&quot;in_name&quot;:&quot;bond&quot;,&quot;in_active&quot;:1,&quot;in_active_sources&quot;:0,&quot;prg_name&quot;:&quot;&quot;,&quot;prg_prov&quot;:&quot;&quot;,&quot;prg_num&quot;:-1,&quot;chan&quot;:&quot;&quot;,&quot;chan_id&quot;:-1,&quot;id&quot;:&quot;zixi://bonded(bonded11)#10.7.0.66:2088@10.7.0.65,192.168.60.66:2088@192.168.50.65,192.168.5.166:2088@192.168.5.165&quot;,&quot;type&quot;:2,&quot;name&quot;:&quot;bond11&quot;,&quot;asi&quot;:0,&quot;rtmp&quot;:0,&quot;file&quot;:1,&quot;active&quot;:1,&quot;group&quot;:&quot;&quot;,&quot;bonded&quot;:[],&quot;error&quot;:&quot;None&quot;,&quot;con_stat&quot;:&quot;Connecting&quot;,&quot;bitrate&quot;:0,&quot;dest&quot;:&quot;bonded/bonded11&quot;},{&quot;mip&quot;:&quot;4000.ts&quot;,&quot;port&quot;:0,&quot;ip&quot;:&quot;file&quot;,&quot;in_name&quot;:&quot;bond&quot;,&quot;in_active&quot;:1,&quot;in_active_sources&quot;:0,&quot;prg_name&quot;:&quot;&quot;,&quot;prg_prov&quot;:&quot;&quot;,&quot;prg_num&quot;:-1,&quot;chan&quot;:&quot;&quot;,&quot;chan_id&quot;:-1,&quot;id&quot;:&quot;zixi://bonded(bonded5)#10.7.0.66:2088@10.7.0.65,192.168.60.66:2088@192.168.50.65,192.168.5.166:2088@192.168.5.165&quot;,&quot;type&quot;:2,&quot;name&quot;:&quot;bond5&quot;,&quot;asi&quot;:0,&quot;rtmp&quot;:0,&quot;file&quot;:1,&quot;active&quot;:1,&quot;group&quot;:&quot;&quot;,&quot;bonded&quot;:[{&quot;host&quot;:&quot;10.7.0.66&quot;,&quot;port&quot;:2088,&quot;nic&quot;:&quot;10.7.0.65&quot;,&quot;limit&quot;:0,&quot;is_backup&quot;:0,&quot;bitrate&quot;:2814446,&quot;up_time&quot;:61,&quot;error_code&quot;:0,&quot;status_code&quot;:3,&quot;error_str&quot;:&quot;None&quot;,&quot;status_str&quot;:&quot;Connected&quot;},{&quot;host&quot;:&quot;192.168.60.66&quot;,&quot;port&quot;:2088,&quot;nic&quot;:&quot;192.168.50.65&quot;,&quot;limit&quot;:0,&quot;is_backup&quot;:0,&quot;bitrate&quot;:0,&quot;up_time&quot;:0,&quot;error_code&quot;:3,&quot;status_code&quot;:1,&quot;error_str&quot;:&quot;Timeout&quot;,&quot;status_str&quot;:&quot;Connecting&quot;},{&quot;host&quot;:&quot;192.168.5.166&quot;,&quot;port&quot;:2088,&quot;nic&quot;:&quot;192.168.5.165&quot;,&quot;limit&quot;:0,&quot;is_backup&quot;:0,&quot;bitrate&quot;:2885595,&quot;up_time&quot;:61,&quot;error_code&quot;:0,&quot;status_code&quot;:3,&quot;error_str&quot;:&quot;None&quot;,&quot;status_str&quot;:&quot;Connected&quot;}],&quot;error&quot;:&quot;None&quot;,&quot;con_stat&quot;:&quot;Disconnected&quot;,&quot;bitrate&quot;:5626024,&quot;dest&quot;:&quot;bonded/bonded5&quot;},{&quot;mip&quot;:&quot;4000.ts&quot;,&quot;port&quot;:0,&quot;ip&quot;:&quot;file&quot;,&quot;in_name&quot;:&quot;bond&quot;,&quot;in_active&quot;:1,&quot;in_active_sources&quot;:0,&quot;prg_name&quot;:&quot;&quot;,&quot;prg_prov&quot;:&quot;&quot;,&quot;prg_num&quot;:-1,&quot;chan&quot;:&quot;&quot;,&quot;chan_id&quot;:-1,&quot;id&quot;:&quot;zixi://bonded(bonded10)#10.7.0.66:2088@10.7.0.65,192.168.60.66:2088@192.168.50.65,192.168.5.166:2088@192.168.5.165&quot;,&quot;type&quot;:2,&quot;name&quot;:&quot;bond10&quot;,&quot;asi&quot;:0,&quot;rtmp&quot;:0,&quot;file&quot;:1,&quot;active&quot;:1,&quot;group&quot;:&quot;&quot;,&quot;bonded&quot;:[{&quot;host&quot;:&quot;10.7.0.66&quot;,&quot;port&quot;:2088,&quot;nic&quot;:&quot;10.7.0.65&quot;,&quot;limit&quot;:0,&quot;is_backup&quot;:0,&quot;bitrate&quot;:2803062,&quot;up_time&quot;:61,&quot;error_code&quot;:0,&quot;status_code&quot;:3,&quot;error_str&quot;:&quot;None&quot;,&quot;status_str&quot;:&quot;Connected&quot;},{&quot;host&quot;:&quot;192.168.60.66&quot;,&quot;port&quot;:2088,&quot;nic&quot;:&quot;192.168.50.65&quot;,&quot;limit&quot;:0,&quot;is_backup&quot;:0,&quot;bitrate&quot;:0,&quot;up_time&quot;:0,&quot;error_code&quot;:3,&quot;status_code&quot;:1,&quot;error_str&quot;:&quot;Timeout&quot;,&quot;status_str&quot;:&quot;Connecting&quot;},{&quot;host&quot;:&quot;192.168.5.166&quot;,&quot;port&quot;:2088,&quot;nic&quot;:&quot;192.168.5.165&quot;,&quot;limit&quot;:0,&quot;is_backup&quot;:0,&quot;bitrate&quot;:2885827,&quot;up_time&quot;:61,&quot;error_code&quot;:0,&quot;status_code&quot;:3,&quot;error_str&quot;:&quot;None&quot;,&quot;status_str&quot;:&quot;Connected&quot;}],&quot;error&quot;:&quot;None&quot;,&quot;con_stat&quot;:&quot;Disconnected&quot;,&quot;bitrate&quot;:5626152,&quot;dest&quot;:&quot;bonded/bonded10&quot;},{&quot;mip&quot;:&quot;4000.ts&quot;,&quot;port&quot;:0,&quot;ip&quot;:&quot;file&quot;,&quot;in_name&quot;:&quot;bond&quot;,&quot;in_active&quot;:1,&quot;in_active_sources&quot;:0,&quot;prg_name&quot;:&quot;&quot;,&quot;prg_prov&quot;:&quot;&quot;,&quot;prg_num&quot;:-1,&quot;chan&quot;:&quot;&quot;,&quot;chan_id&quot;:-1,&quot;id&quot;:&quot;zixi://bonded(bonded4)#10.7.0.66:2088@10.7.0.65,192.168.60.66:2088@192.168.50.65,192.168.5.166:2088@192.168.5.165&quot;,&quot;type&quot;:2,&quot;name&quot;:&quot;bond4&quot;,&quot;asi&quot;:0,&quot;rtmp&quot;:0,&quot;file&quot;:1,&quot;active&quot;:1,&quot;group&quot;:&quot;&quot;,&quot;bonded&quot;:[],&quot;error&quot;:&quot;None&quot;,&quot;con_stat&quot;:&quot;Connecting&quot;,&quot;bitrate&quot;:0,&quot;dest&quot;:&quot;bonded/bonded4&quot;},{&quot;mip&quot;:&quot;4000.ts&quot;,&quot;port&quot;:0,&quot;ip&quot;:&quot;file&quot;,&quot;in_name&quot;:&quot;bond&quot;,&quot;in_active&quot;:1,&quot;in_active_sources&quot;:0,&quot;prg_name&quot;:&quot;&quot;,&quot;prg_prov&quot;:&quot;&quot;,&quot;prg_num&quot;:-1,&quot;chan&quot;:&quot;&quot;,&quot;chan_id&quot;:-1,&quot;id&quot;:&quot;zixi://bonded(bonded3)#10.7.0.66:2088@10.7.0.65,192.168.60.66:2088@192.168.50.65,192.168.5.166:2088@192.168.5.165&quot;,&quot;type&quot;:2,&quot;name&quot;:&quot;bond3&quot;,&quot;asi&quot;:0,&quot;rtmp&quot;:0,&quot;file&quot;:1,&quot;active&quot;:1,&quot;group&quot;:&quot;&quot;,&quot;bonded&quot;:[],&quot;error&quot;:&quot;None&quot;,&quot;con_stat&quot;:&quot;Connecting&quot;,&quot;bitrate&quot;:0,&quot;dest&quot;:&quot;bonded/bonded3&quot;},{&quot;mip&quot;:&quot;4000.ts&quot;,&quot;port&quot;:0,&quot;ip&quot;:&quot;file&quot;,&quot;in_name&quot;:&quot;bond&quot;,&quot;in_active&quot;:1,&quot;in_active_sources&quot;:0,&quot;prg_name&quot;:&quot;&quot;,&quot;prg_prov&quot;:&quot;&quot;,&quot;prg_num&quot;:-1,&quot;chan&quot;:&quot;&quot;,&quot;chan_id&quot;:-1,&quot;id&quot;:&quot;zixi://bonded(bonded2)#10.7.0.66:2088@10.7.0.65,192.168.60.66:2088@192.168.50.65,192.168.5.166:2088@192.168.5.165&quot;,&quot;type&quot;:2,&quot;name&quot;:&quot;bond2&quot;,&quot;asi&quot;:0,&quot;rtmp&quot;:0,&quot;file&quot;:1,&quot;active&quot;:1,&quot;group&quot;:&quot;&quot;,&quot;bonded&quot;:[],&quot;error&quot;:&quot;None&quot;,&quot;con_stat&quot;:&quot;Connecting&quot;,&quot;bitrate&quot;:0,&quot;dest&quot;:&quot;bonded/bonded2&quot;},{&quot;mip&quot;:&quot;4000.ts&quot;,&quot;port&quot;:0,&quot;ip&quot;:&quot;file&quot;,&quot;in_name&quot;:&quot;bond&quot;,&quot;in_active&quot;:1,&quot;in_active_sources&quot;:0,&quot;prg_name&quot;:&quot;&quot;,&quot;prg_prov&quot;:&quot;&quot;,&quot;prg_num&quot;:-1,&quot;chan&quot;:&quot;&quot;,&quot;chan_id&quot;:-1,&quot;id&quot;:&quot;zixi://bonded(bonded1)#10.7.0.66:2088@10.7.0.65,192.168.60.66:2088@192.168.50.65,192.168.5.166:2088@192.168.5.165&quot;,&quot;type&quot;:2,&quot;name&quot;:&quot;bond1&quot;,&quot;asi&quot;:0,&quot;rtmp&quot;:0,&quot;file&quot;:1,&quot;active&quot;:1,&quot;group&quot;:&quot;&quot;,&quot;bonded&quot;:[],&quot;error&quot;:&quot;None&quot;,&quot;con_stat&quot;:&quot;Connecting&quot;,&quot;bitrate&quot;:0,&quot;dest&quot;:&quot;bonded/bonded1&quot;}]}
Debug printing ------&gt;&gt;&gt; {&quot;custom_data&quot;:&quot;&quot;,&quot;msg&quot;:&quot;Output deleted.&quot;,&quot;error&quot;:&quot;&quot;,&quot;outs&quot;:[{&quot;mip&quot;:&quot;live_recording.ts&quot;,&quot;port&quot;:0,&quot;ip&quot;:&quot;file&quot;,&quot;in_name&quot;:&quot;feederoutputname&quot;,&quot;in_active&quot;:1,&quot;in_active_sources&quot;:0,&quot;prg_name&quot;:&quot;&quot;,&quot;prg_prov&quot;:&quot;&quot;,&quot;prg_num&quot;:1,&quot;chan&quot;:&quot;&quot;,&quot;chan_id&quot;:-1,&quot;id&quot;:&quot;zixi://10.7.0.66:2088/feederout&quot;,&quot;type&quot;:2,&quot;name&quot;:&quot;feederoutputname&quot;,&quot;asi&quot;:0,&quot;rtmp&quot;:0,&quot;file&quot;:1,&quot;active&quot;:1,&quot;group&quot;:&quot;&quot;,&quot;error&quot;:&quot;Authentication&quot;,&quot;con_stat&quot;:&quot;Disconnected&quot;,&quot;bitrate&quot;:0,&quot;dest&quot;:&quot;10.7.0.66:2088/feederout&quot;},{&quot;mip&quot;:&quot;4000.ts&quot;,&quot;port&quot;:0,&quot;ip&quot;:&quot;file&quot;,&quot;in_name&quot;:&quot;bond&quot;,&quot;in_active&quot;:1,&quot;in_active_sources&quot;:0,&quot;prg_name&quot;:&quot;&quot;,&quot;prg_prov&quot;:&quot;&quot;,&quot;prg_num&quot;:-1,&quot;chan&quot;:&quot;&quot;,&quot;chan_id&quot;:-1,&quot;id&quot;:&quot;zixi://bonded(bonded8)#10.7.0.66:2088@10.7.0.65,192.168.60.66:2088@192.168.50.65,192.168.5.166:2088@192.168.5.165&quot;,&quot;type&quot;:2,&quot;name&quot;:&quot;bond8&quot;,&quot;asi&quot;:0,&quot;rtmp&quot;:0,&quot;file&quot;:1,&quot;active&quot;:1,&quot;group&quot;:&quot;&quot;,&quot;bonded&quot;:[],&quot;error&quot;:&quot;None&quot;,&quot;con_stat&quot;:&quot;Connecting&quot;,&quot;bitrate&quot;:0,&quot;dest&quot;:&quot;bonded/bonded8&quot;},{&quot;mip&quot;:&quot;4000.ts&quot;,&quot;port&quot;:0,&quot;ip&quot;:&quot;file&quot;,&quot;in_name&quot;:&quot;bond&quot;,&quot;in_active&quot;:1,&quot;in_active_sources&quot;:0,&quot;prg_name&quot;:&quot;&quot;,&quot;prg_prov&quot;:&quot;&quot;,&quot;prg_num&quot;:-1,&quot;chan&quot;:&quot;&quot;,&quot;chan_id&quot;:-1,&quot;id&quot;:&quot;zixi://bonded(bonded17)#10.7.0.66:2088@10.7.0.65,192.168.60.66:2088@192.168.50.65,192.168.5.166:2088@192.168.5.165&quot;,&quot;type&quot;:2,&quot;name&quot;:&quot;bond17&quot;,&quot;asi&quot;:0,&quot;rtmp&quot;:0,&quot;file&quot;:1,&quot;active&quot;:1,&quot;group&quot;:&quot;&quot;,&quot;bonded&quot;:[{&quot;host&quot;:&quot;10.7.0.66&quot;,&quot;port&quot;:2088,&quot;nic&quot;:&quot;10.7.0.65&quot;,&quot;limit&quot;:0,&quot;is_backup&quot;:0,&quot;bitrate&quot;:2856562,&quot;up_time&quot;:60,&quot;error_code&quot;:0,&quot;status_code&quot;:3,&quot;error_str&quot;:&quot;None&quot;,&quot;status_str&quot;:&quot;Connected&quot;},{&quot;host&quot;:&quot;192.168.60.66&quot;,&quot;port&quot;:2088,&quot;nic&quot;:&quot;192.168.50.65&quot;,&quot;limit&quot;:0,&quot;is_backup&quot;:0,&quot;bitrate&quot;:0,&quot;up_time&quot;:0,&quot;error_code&quot;:3,&quot;status_code&quot;:1,&quot;error_str&quot;:&quot;Timeout&quot;,&quot;status_str&quot;:&quot;Connecting&quot;},{&quot;host&quot;:&quot;192.168.5.166&quot;,&quot;port&quot;:2088,&quot;nic&quot;:&quot;192.168.5.165&quot;,&quot;limit&quot;:0,&quot;is_backup&quot;:0,&quot;bitrate&quot;:2848811,&quot;up_time&quot;:60,&quot;error_code&quot;:0,&quot;status_code&quot;:3,&quot;error_str&quot;:&quot;None&quot;,&quot;status_str&quot;:&quot;Connected&quot;}],&quot;error&quot;:&quot;None&quot;,&quot;con_stat&quot;:&quot;Disconnected&quot;,&quot;bitrate&quot;:5646777,&quot;dest&quot;:&quot;bonded/bonded17&quot;},{&quot;mip&quot;:&quot;4000.ts&quot;,&quot;port&quot;:0,&quot;ip&quot;:&quot;file&quot;,&quot;in_name&quot;:&quot;bond&quot;,&quot;in_active&quot;:1,&quot;in_active_sources&quot;:0,&quot;prg_name&quot;:&quot;&quot;,&quot;prg_prov&quot;:&quot;&quot;,&quot;prg_num&quot;:-1,&quot;chan&quot;:&quot;&quot;,&quot;chan_id&quot;:-1,&quot;id&quot;:&quot;zixi://bonded(bonded16)#10.7.0.66:2088@10.7.0.65,192.168.60.66:2088@192.168.50.65,192.168.5.166:2088@192.168.5.165&quot;,&quot;type&quot;:2,&quot;name&quot;:&quot;bond16&quot;,&quot;asi&quot;:0,&quot;rtmp&quot;:0,&quot;file&quot;:1,&quot;active&quot;:1,&quot;group&quot;:&quot;&quot;,&quot;bonded&quot;:[{&quot;host&quot;:&quot;10.7.0.66&quot;,&quot;port&quot;:2088,&quot;nic&quot;:&quot;10.7.0.65&quot;,&quot;limit&quot;:0,&quot;is_backup&quot;:0,&quot;bitrate&quot;:2777051,&quot;up_time&quot;:60,&quot;error_code&quot;:0,&quot;status_code&quot;:3,&quot;error_str&quot;:&quot;None&quot;,&quot;status_str&quot;:&quot;Connected&quot;},{&quot;host&quot;:&quot;192.168.60.66&quot;,&quot;port&quot;:2088,&quot;nic&quot;:&quot;192.168.50.65&quot;,&quot;limit&quot;:0,&quot;is_backup&quot;:0,&quot;bitrate&quot;:0,&quot;up_time&quot;:0,&quot;error_code&quot;:3,&quot;status_code&quot;:1,&quot;error_str&quot;:&quot;Timeout&quot;,&quot;status_str&quot;:&quot;Connecting&quot;},{&quot;host&quot;:&quot;192.168.5.166&quot;,&quot;port&quot;:2088,&quot;nic&quot;:&quot;192.168.5.165&quot;,&quot;limit&quot;:0,&quot;is_backup&quot;:0,&quot;bitrate&quot;:2933608,&quot;up_time&quot;:60,&quot;error_code&quot;:0,&quot;status_code&quot;:3,&quot;error_str&quot;:&quot;None&quot;,&quot;status_str&quot;:&quot;Connected&quot;}],&quot;error&quot;:&quot;None&quot;,&quot;con_stat&quot;:&quot;Disconnected&quot;,&quot;bitrate&quot;:5642072,&quot;dest&quot;:&quot;bonded/bonded16&quot;},{&quot;mip&quot;:&quot;4000.ts&quot;,&quot;port&quot;:0,&quot;ip&quot;:&quot;file&quot;,&quot;in_name&quot;:&quot;bond&quot;,&quot;in_active&quot;:1,&quot;in_active_sources&quot;:0,&quot;prg_name&quot;:&quot;&quot;,&quot;prg_prov&quot;:&quot;&quot;,&quot;prg_num&quot;:-1,&quot;chan&quot;:&quot;&quot;,&quot;chan_id&quot;:-1,&quot;id&quot;:&quot;zixi://bonded(bonded13)#10.7.0.66:2088@10.7.0.65,192.168.60.66:2088@192.168.50.65,192.168.5.166:2088@192.168.5.165&quot;,&quot;type&quot;:2,&quot;name&quot;:&quot;bond13&quot;,&quot;asi&quot;:0,&quot;rtmp&quot;:0,&quot;file&quot;:1,&quot;active&quot;:1,&quot;group&quot;:&quot;&quot;,&quot;bonded&quot;:[{&quot;host&quot;:&quot;10.7.0.66&quot;,&quot;port&quot;:2088,&quot;nic&quot;:&quot;10.7.0.65&quot;,&quot;limit&quot;:0,&quot;is_backup&quot;:0,&quot;bitrate&quot;:2688144,&quot;up_time&quot;:60,&quot;error_code&quot;:0,&quot;status_code&quot;:3,&quot;error_str&quot;:&quot;None&quot;,&quot;status_str&quot;:&quot;Connected&quot;},{&quot;host&quot;:&quot;192.168.60.66&quot;,&quot;port&quot;:2088,&quot;nic&quot;:&quot;192.168.50.65&quot;,&quot;limit&quot;:0,&quot;is_backup&quot;:0,&quot;bitrate&quot;:0,&quot;up_time&quot;:0,&quot;error_code&quot;:3,&quot;status_code&quot;:1,&quot;error_str&quot;:&quot;Timeout&quot;,&quot;status_str&quot;:&quot;Connecting&quot;},{&quot;host&quot;:&quot;192.168.5.166&quot;,&quot;port&quot;:2088,&quot;nic&quot;:&quot;192.168.5.165&quot;,&quot;limit&quot;:0,&quot;is_backup&quot;:0,&quot;bitrate&quot;:3012682,&quot;up_time&quot;:60,&quot;error_code&quot;:0,&quot;status_code&quot;:3,&quot;error_str&quot;:&quot;None&quot;,&quot;status_str&quot;:&quot;Connected&quot;}],&quot;error&quot;:&quot;None&quot;,&quot;con_stat&quot;:&quot;Disconnected&quot;,&quot;bitrate&quot;:5647744,&quot;dest&quot;:&quot;bonded/bonded13&quot;},{&quot;mip&quot;:&quot;4000.ts&quot;,&quot;port&quot;:0,&quot;ip&quot;:&quot;file&quot;,&quot;in_name&quot;:&quot;bond&quot;,&quot;in_active&quot;:1,&quot;in_active_sources&quot;:0,&quot;prg_name&quot;:&quot;&quot;,&quot;prg_prov&quot;:&quot;&quot;,&quot;prg_num&quot;:-1,&quot;chan&quot;:&quot;&quot;,&quot;chan_id&quot;:-1,&quot;id&quot;:&quot;zixi://bonded(bonded12)#10.7.0.66:2088@10.7.0.65,192.168.60.66:2088@192.168.50.65,192.168.5.166:2088@192.168.5.165&quot;,&quot;type&quot;:2,&quot;name&quot;:&quot;bond12&quot;,&quot;asi&quot;:0,&quot;rtmp&quot;:0,&quot;file&quot;:1,&quot;active&quot;:1,&quot;group&quot;:&quot;&quot;,&quot;bonded&quot;:[],&quot;error&quot;:&quot;None&quot;,&quot;con_stat&quot;:&quot;Connecting&quot;,&quot;bitrate&quot;:0,&quot;dest&quot;:&quot;bonded/bonded12&quot;},{&quot;mip&quot;:&quot;4000.ts&quot;,&quot;port&quot;:0,&quot;ip&quot;:&quot;file&quot;,&quot;in_name&quot;:&quot;bond&quot;,&quot;in_active&quot;:1,&quot;in_active_sources&quot;:0,&quot;prg_name&quot;:&quot;&quot;,&quot;prg_prov&quot;:&quot;&quot;,&quot;prg_num&quot;:-1,&quot;chan&quot;:&quot;&quot;,&quot;chan_id&quot;:-1,&quot;id&quot;:&quot;zixi://bonded(bonded19)#10.7.0.66:2088@10.7.0.65,192.168.60.66:2088@192.168.50.65,192.168.5.166:2088@192.168.5.165&quot;,&quot;type&quot;:2,&quot;name&quot;:&quot;bond19&quot;,&quot;asi&quot;:0,&quot;rtmp&quot;:0,&quot;file&quot;:1,&quot;active&quot;:1,&quot;group&quot;:&quot;&quot;,&quot;bonded&quot;:[{&quot;host&quot;:&quot;10.7.0.66&quot;,&quot;port&quot;:2088,&quot;nic&quot;:&quot;10.7.0.65&quot;,&quot;limit&quot;:0,&quot;is_backup&quot;:0,&quot;bitrate&quot;:2846981,&quot;up_time&quot;:61,&quot;error_code&quot;:0,&quot;status_code&quot;:3,&quot;error_str&quot;:&quot;None&quot;,&quot;status_str&quot;:&quot;Connected&quot;},{&quot;host&quot;:&quot;192.168.60.66&quot;,&quot;port&quot;:2088,&quot;nic&quot;:&quot;192.168.50.65&quot;,&quot;limit&quot;:0,&quot;is_backup&quot;:0,&quot;bitrate&quot;:0,&quot;up_time&quot;:0,&quot;error_code&quot;:3,&quot;status_code&quot;:1,&quot;error_str&quot;:&quot;Timeout&quot;,&quot;status_str&quot;:&quot;Connecting&quot;},{&quot;host&quot;:&quot;192.168.5.166&quot;,&quot;port&quot;:2088,&quot;nic&quot;:&quot;192.168.5.165&quot;,&quot;limit&quot;:0,&quot;is_backup&quot;:0,&quot;bitrate&quot;:2844743,&quot;up_time&quot;:61,&quot;error_code&quot;:0,&quot;status_code&quot;:3,&quot;error_str&quot;:&quot;None&quot;,&quot;status_str&quot;:&quot;Connected&quot;}],&quot;error&quot;:&quot;None&quot;,&quot;con_stat&quot;:&quot;Disconnected&quot;,&quot;bitrate&quot;:5631184,&quot;dest&quot;:&quot;bonded/bonded19&quot;},{&quot;mip&quot;:&quot;4000.ts&quot;,&quot;port&quot;:0,&quot;ip&quot;:&quot;file&quot;,&quot;in_name&quot;:&quot;bond&quot;,&quot;in_active&quot;:1,&quot;in_active_sources&quot;:0,&quot;prg_name&quot;:&quot;&quot;,&quot;prg_prov&quot;:&quot;&quot;,&quot;prg_num&quot;:-1,&quot;chan&quot;:&quot;&quot;,&quot;chan_id&quot;:-1,&quot;id&quot;:&quot;zixi://bonded(bonded7)#10.7.0.66:2088@10.7.0.65,192.168.60.66:2088@192.168.50.65,192.168.5.166:2088@192.168.5.165&quot;,&quot;type&quot;:2,&quot;name&quot;:&quot;bond7&quot;,&quot;asi&quot;:0,&quot;rtmp&quot;:0,&quot;file&quot;:1,&quot;active&quot;:1,&quot;group&quot;:&quot;&quot;,&quot;bonded&quot;:[{&quot;host&quot;:&quot;10.7.0.66&quot;,&quot;port&quot;:2088,&quot;nic&quot;:&quot;10.7.0.65&quot;,&quot;limit&quot;:0,&quot;is_backup&quot;:0,&quot;bitrate&quot;:2899240,&quot;up_time&quot;:61,&quot;error_code&quot;:0,&quot;status_code&quot;:3,&quot;error_str&quot;:&quot;None&quot;,&quot;status_str&quot;:&quot;Connected&quot;},{&quot;host&quot;:&quot;192.168.60.66&quot;,&quot;port&quot;:2088,&quot;nic&quot;:&quot;192.168.50.65&quot;,&quot;limit&quot;:0,&quot;is_backup&quot;:0,&quot;bitrate&quot;:0,&quot;up_time&quot;:0,&quot;error_code&quot;:3,&quot;status_code&quot;:1,&quot;error_str&quot;:&quot;Timeout&quot;,&quot;status_str&quot;:&quot;Connecting&quot;},{&quot;host&quot;:&quot;192.168.5.166&quot;,&quot;port&quot;:2088,&quot;nic&quot;:&quot;192.168.5.165&quot;,&quot;limit&quot;:0,&quot;is_backup&quot;:0,&quot;bitrate&quot;:2795594,&quot;up_time&quot;:61,&quot;error_code&quot;:0,&quot;status_code&quot;:3,&quot;error_str&quot;:&quot;None&quot;,&quot;status_str&quot;:&quot;Connected&quot;}],&quot;error&quot;:&quot;None&quot;,&quot;con_stat&quot;:&quot;Disconnected&quot;,&quot;bitrate&quot;:5641944,&quot;dest&quot;:&quot;bonded/bonded7&quot;},{&quot;mip&quot;:&quot;4000.ts&quot;,&quot;port&quot;:0,&quot;ip&quot;:&quot;file&quot;,&quot;in_name&quot;:&quot;bond&quot;,&quot;in_active&quot;:1,&quot;in_active_sources&quot;:0,&quot;prg_name&quot;:&quot;&quot;,&quot;prg_prov&quot;:&quot;&quot;,&quot;prg_num&quot;:-1,&quot;chan&quot;:&quot;&quot;,&quot;chan_id&quot;:-1,&quot;id&quot;:&quot;zixi://bonded(bonded15)#10.7.0.66:2088@10.7.0.65,192.168.60.66:2088@192.168.50.65,192.168.5.166:2088@192.168.5.165&quot;,&quot;type&quot;:2,&quot;name&quot;:&quot;bond15&quot;,&quot;asi&quot;:0,&quot;rtmp&quot;:0,&quot;file&quot;:1,&quot;active&quot;:1,&quot;group&quot;:&quot;&quot;,&quot;bonded&quot;:[{&quot;host&quot;:&quot;10.7.0.66&quot;,&quot;port&quot;:2088,&quot;nic&quot;:&quot;10.7.0.65&quot;,&quot;limit&quot;:0,&quot;is_backup&quot;:0,&quot;bitrate&quot;:2866910,&quot;up_time&quot;:61,&quot;error_code&quot;:0,&quot;status_code&quot;:3,&quot;error_str&quot;:&quot;None&quot;,&quot;status_str&quot;:&quot;Connected&quot;},{&quot;host&quot;:&quot;192.168.60.66&quot;,&quot;port&quot;:2088,&quot;nic&quot;:&quot;192.168.50.65&quot;,&quot;limit&quot;:0,&quot;is_backup&quot;:0,&quot;bitrate&quot;:0,&quot;up_time&quot;:0,&quot;error_code&quot;:3,&quot;status_code&quot;:1,&quot;error_str&quot;:&quot;Timeout&quot;,&quot;status_str&quot;:&quot;Connecting&quot;},{&quot;host&quot;:&quot;192.168.5.166&quot;,&quot;port&quot;:2088,&quot;nic&quot;:&quot;192.168.5.165&quot;,&quot;limit&quot;:0,&quot;is_backup&quot;:0,&quot;bitrate&quot;:2846853,&quot;up_time&quot;:61,&quot;error_code&quot;:0,&quot;status_code&quot;:3,&quot;error_str&quot;:&quot;None&quot;,&quot;status_str&quot;:&quot;Connected&quot;}],&quot;error&quot;:&quot;None&quot;,&quot;con_stat&quot;:&quot;Disconnected&quot;,&quot;bitrate&quot;:5657878,&quot;dest&quot;:&quot;bonded/bonded15&quot;},{&quot;mip&quot;:&quot;4000.ts&quot;,&quot;port&quot;:0,&quot;ip&quot;:&quot;file&quot;,&quot;in_name&quot;:&quot;bond&quot;,&quot;in_active&quot;:1,&quot;in_active_sources&quot;:0,&quot;prg_name&quot;:&quot;&quot;,&quot;prg_prov&quot;:&quot;&quot;,&quot;prg_num&quot;:-1,&quot;chan&quot;:&quot;&quot;,&quot;chan_id&quot;:-1,&quot;id&quot;:&quot;zixi://bonded(bonded9)#10.7.0.66:2088@10.7.0.65,192.168.60.66:2088@192.168.50.65,192.168.5.166:2088@192.168.5.165&quot;,&quot;type&quot;:2,&quot;name&quot;:&quot;bond9&quot;,&quot;asi&quot;:0,&quot;rtmp&quot;:0,&quot;file&quot;:1,&quot;active&quot;:1,&quot;group&quot;:&quot;&quot;,&quot;bonded&quot;:[{&quot;host&quot;:&quot;10.7.0.66&quot;,&quot;port&quot;:2088,&quot;nic&quot;:&quot;10.7.0.65&quot;,&quot;limit&quot;:0,&quot;is_backup&quot;:0,&quot;bitrate&quot;:2818143,&quot;up_time&quot;:61,&quot;error_code&quot;:0,&quot;status_code&quot;:3,&quot;error_str&quot;:&quot;None&quot;,&quot;status_str&quot;:&quot;Connected&quot;},{&quot;host&quot;:&quot;192.168.60.66&quot;,&quot;port&quot;:2088,&quot;nic&quot;:&quot;192.168.50.65&quot;,&quot;limit&quot;:0,&quot;is_backup&quot;:0,&quot;bitrate&quot;:0,&quot;up_time&quot;:0,&quot;error_code&quot;:3,&quot;status_code&quot;:1,&quot;error_str&quot;:&quot;Timeout&quot;,&quot;status_str&quot;:&quot;Connecting&quot;},{&quot;host&quot;:&quot;192.168.5.166&quot;,&quot;port&quot;:2088,&quot;nic&quot;:&quot;192.168.5.165&quot;,&quot;limit&quot;:0,&quot;is_backup&quot;:0,&quot;bitrate&quot;:2884405,&quot;up_time&quot;:61,&quot;error_code&quot;:0,&quot;status_code&quot;:3,&quot;error_str&quot;:&quot;None&quot;,&quot;status_str&quot;:&quot;Connected&quot;}],&quot;error&quot;:&quot;None&quot;,&quot;con_stat&quot;:&quot;Disconnected&quot;,&quot;bitrate&quot;:5644168,&quot;dest&quot;:&quot;bonded/bonded9&quot;},{&quot;mip&quot;:&quot;4000.ts&quot;,&quot;port&quot;:0,&quot;ip&quot;:&quot;file&quot;,&quot;in_name&quot;:&quot;bond&quot;,&quot;in_active&quot;:1,&quot;in_active_sources&quot;:0,&quot;prg_name&quot;:&quot;&quot;,&quot;prg_prov&quot;:&quot;&quot;,&quot;prg_num&quot;:-1,&quot;chan&quot;:&quot;&quot;,&quot;chan_id&quot;:-1,&quot;id&quot;:&quot;zixi://bonded(bonded0)#10.7.0.66:2088@10.7.0.65,192.168.60.66:2088@192.168.50.65,192.168.5.166:2088@192.168.5.165&quot;,&quot;type&quot;:2,&quot;name&quot;:&quot;bond0&quot;,&quot;asi&quot;:0,&quot;rtmp&quot;:0,&quot;file&quot;:1,&quot;active&quot;:1,&quot;group&quot;:&quot;&quot;,&quot;bonded&quot;:[],&quot;error&quot;:&quot;None&quot;,&quot;con_stat&quot;:&quot;Connecting&quot;,&quot;bitrate&quot;:0,&quot;dest&quot;:&quot;bonded/bonded0&quot;},{&quot;mip&quot;:&quot;4000.ts&quot;,&quot;port&quot;:0,&quot;ip&quot;:&quot;file&quot;,&quot;in_name&quot;:&quot;bond&quot;,&quot;in_active&quot;:1,&quot;in_active_sources&quot;:0,&quot;prg_name&quot;:&quot;&quot;,&quot;prg_prov&quot;:&quot;&quot;,&quot;prg_num&quot;:-1,&quot;chan&quot;:&quot;&quot;,&quot;chan_id&quot;:-1,&quot;id&quot;:&quot;zixi://bonded(bonded6)#10.7.0.66:2088@10.7.0.65,192.168.60.66:2088@192.168.50.65,192.168.5.166:2088@192.168.5.165&quot;,&quot;type&quot;:2,&quot;name&quot;:&quot;bond6&quot;,&quot;asi&quot;:0,&quot;rtmp&quot;:0,&quot;file&quot;:1,&quot;active&quot;:1,&quot;group&quot;:&quot;&quot;,&quot;bonded&quot;:[],&quot;error&quot;:&quot;None&quot;,&quot;con_stat&quot;:&quot;Connecting&quot;,&quot;bitrate&quot;:0,&quot;dest&quot;:&quot;bonded/bonded6&quot;},{&quot;mip&quot;:&quot;4000.ts&quot;,&quot;port&quot;:0,&quot;ip&quot;:&quot;file&quot;,&quot;in_name&quot;:&quot;bond&quot;,&quot;in_active&quot;:1,&quot;in_active_sources&quot;:0,&quot;prg_name&quot;:&quot;&quot;,&quot;prg_prov&quot;:&quot;&quot;,&quot;prg_num&quot;:-1,&quot;chan&quot;:&quot;&quot;,&quot;chan_id&quot;:-1,&quot;id&quot;:&quot;zixi://bonded(bonded11)#10.7.0.66:2088@10.7.0.65,192.168.60.66:2088@192.168.50.65,192.168.5.166:2088@192.168.5.165&quot;,&quot;type&quot;:2,&quot;name&quot;:&quot;bond11&quot;,&quot;asi&quot;:0,&quot;rtmp&quot;:0,&quot;file&quot;:1,&quot;active&quot;:1,&quot;group&quot;:&quot;&quot;,&quot;bonded&quot;:[],&quot;error&quot;:&quot;None&quot;,&quot;con_stat&quot;:&quot;Connecting&quot;,&quot;bitrate&quot;:0,&quot;dest&quot;:&quot;bonded/bonded11&quot;},{&quot;mip&quot;:&quot;4000.ts&quot;,&quot;port&quot;:0,&quot;ip&quot;:&quot;file&quot;,&quot;in_name&quot;:&quot;bond&quot;,&quot;in_active&quot;:1,&quot;in_active_sources&quot;:0,&quot;prg_name&quot;:&quot;&quot;,&quot;prg_prov&quot;:&quot;&quot;,&quot;prg_num&quot;:-1,&quot;chan&quot;:&quot;&quot;,&quot;chan_id&quot;:-1,&quot;id&quot;:&quot;zixi://bonded(bonded5)#10.7.0.66:2088@10.7.0.65,192.168.60.66:2088@192.168.50.65,192.168.5.166:2088@192.168.5.165&quot;,&quot;type&quot;:2,&quot;name&quot;:&quot;bond5&quot;,&quot;asi&quot;:0,&quot;rtmp&quot;:0,&quot;file&quot;:1,&quot;active&quot;:1,&quot;group&quot;:&quot;&quot;,&quot;bonded&quot;:[{&quot;host&quot;:&quot;10.7.0.66&quot;,&quot;port&quot;:2088,&quot;nic&quot;:&quot;10.7.0.65&quot;,&quot;limit&quot;:0,&quot;is_backup&quot;:0,&quot;bitrate&quot;:2814446,&quot;up_time&quot;:61,&quot;error_code&quot;:0,&quot;status_code&quot;:3,&quot;error_str&quot;:&quot;None&quot;,&quot;status_str&quot;:&quot;Connected&quot;},{&quot;host&quot;:&quot;192.168.60.66&quot;,&quot;port&quot;:2088,&quot;nic&quot;:&quot;192.168.50.65&quot;,&quot;limit&quot;:0,&quot;is_backup&quot;:0,&quot;bitrate&quot;:0,&quot;up_time&quot;:0,&quot;error_code&quot;:3,&quot;status_code&quot;:1,&quot;error_str&quot;:&quot;Timeout&quot;,&quot;status_str&quot;:&quot;Connecting&quot;},{&quot;host&quot;:&quot;192.168.5.166&quot;,&quot;port&quot;:2088,&quot;nic&quot;:&quot;192.168.5.165&quot;,&quot;limit&quot;:0,&quot;is_backup&quot;:0,&quot;bitrate&quot;:2885595,&quot;up_time&quot;:61,&quot;error_code&quot;:0,&quot;status_code&quot;:3,&quot;error_str&quot;:&quot;None&quot;,&quot;status_str&quot;:&quot;Connected&quot;}],&quot;error&quot;:&quot;None&quot;,&quot;con_stat&quot;:&quot;Disconnected&quot;,&quot;bitrate&quot;:5626024,&quot;dest&quot;:&quot;bonded/bonded5&quot;},{&quot;mip&quot;:&quot;4000.ts&quot;,&quot;port&quot;:0,&quot;ip&quot;:&quot;file&quot;,&quot;in_name&quot;:&quot;bond&quot;,&quot;in_active&quot;:1,&quot;in_active_sources&quot;:0,&quot;prg_name&quot;:&quot;&quot;,&quot;prg_prov&quot;:&quot;&quot;,&quot;prg_num&quot;:-1,&quot;chan&quot;:&quot;&quot;,&quot;chan_id&quot;:-1,&quot;id&quot;:&quot;zixi://bonded(bonded10)#10.7.0.66:2088@10.7.0.65,192.168.60.66:2088@192.168.50.65,192.168.5.166:2088@192.168.5.165&quot;,&quot;type&quot;:2,&quot;name&quot;:&quot;bond10&quot;,&quot;asi&quot;:0,&quot;rtmp&quot;:0,&quot;file&quot;:1,&quot;active&quot;:1,&quot;group&quot;:&quot;&quot;,&quot;bonded&quot;:[{&quot;host&quot;:&quot;10.7.0.66&quot;,&quot;port&quot;:2088,&quot;nic&quot;:&quot;10.7.0.65&quot;,&quot;limit&quot;:0,&quot;is_backup&quot;:0,&quot;bitrate&quot;:2803062,&quot;up_time&quot;:61,&quot;error_code&quot;:0,&quot;status_code&quot;:3,&quot;error_str&quot;:&quot;None&quot;,&quot;status_str&quot;:&quot;Connected&quot;},{&quot;host&quot;:&quot;192.168.60.66&quot;,&quot;port&quot;:2088,&quot;nic&quot;:&quot;192.168.50.65&quot;,&quot;limit&quot;:0,&quot;is_backup&quot;:0,&quot;bitrate&quot;:0,&quot;up_time&quot;:0,&quot;error_code&quot;:3,&quot;status_code&quot;:1,&quot;error_str&quot;:&quot;Timeout&quot;,&quot;status_str&quot;:&quot;Connecting&quot;},{&quot;host&quot;:&quot;192.168.5.166&quot;,&quot;port&quot;:2088,&quot;nic&quot;:&quot;192.168.5.165&quot;,&quot;limit&quot;:0,&quot;is_backup&quot;:0,&quot;bitrate&quot;:2885827,&quot;up_time&quot;:61,&quot;error_code&quot;:0,&quot;status_code&quot;:3,&quot;error_str&quot;:&quot;None&quot;,&quot;status_str&quot;:&quot;Connected&quot;}],&quot;error&quot;:&quot;None&quot;,&quot;con_stat&quot;:&quot;Disconnected&quot;,&quot;bitrate&quot;:5626152,&quot;dest&quot;:&quot;bonded/bonded10&quot;},{&quot;mip&quot;:&quot;4000.ts&quot;,&quot;port&quot;:0,&quot;ip&quot;:&quot;file&quot;,&quot;in_name&quot;:&quot;bond&quot;,&quot;in_active&quot;:1,&quot;in_active_sources&quot;:0,&quot;prg_name&quot;:&quot;&quot;,&quot;prg_prov&quot;:&quot;&quot;,&quot;prg_num&quot;:-1,&quot;chan&quot;:&quot;&quot;,&quot;chan_id&quot;:-1,&quot;id&quot;:&quot;zixi://bonded(bonded4)#10.7.0.66:2088@10.7.0.65,192.168.60.66:2088@192.168.50.65,192.168.5.166:2088@192.168.5.165&quot;,&quot;type&quot;:2,&quot;name&quot;:&quot;bond4&quot;,&quot;asi&quot;:0,&quot;rtmp&quot;:0,&quot;file&quot;:1,&quot;active&quot;:1,&quot;group&quot;:&quot;&quot;,&quot;bonded&quot;:[],&quot;error&quot;:&quot;None&quot;,&quot;con_stat&quot;:&quot;Connecting&quot;,&quot;bitrate&quot;:0,&quot;dest&quot;:&quot;bonded/bonded4&quot;},{&quot;mip&quot;:&quot;4000.ts&quot;,&quot;port&quot;:0,&quot;ip&quot;:&quot;file&quot;,&quot;in_name&quot;:&quot;bond&quot;,&quot;in_active&quot;:1,&quot;in_active_sources&quot;:0,&quot;prg_name&quot;:&quot;&quot;,&quot;prg_prov&quot;:&quot;&quot;,&quot;prg_num&quot;:-1,&quot;chan&quot;:&quot;&quot;,&quot;chan_id&quot;:-1,&quot;id&quot;:&quot;zixi://bonded(bonded3)#10.7.0.66:2088@10.7.0.65,192.168.60.66:2088@192.168.50.65,192.168.5.166:2088@192.168.5.165&quot;,&quot;type&quot;:2,&quot;name&quot;:&quot;bond3&quot;,&quot;asi&quot;:0,&quot;rtmp&quot;:0,&quot;file&quot;:1,&quot;active&quot;:1,&quot;group&quot;:&quot;&quot;,&quot;bonded&quot;:[],&quot;error&quot;:&quot;None&quot;,&quot;con_stat&quot;:&quot;Connecting&quot;,&quot;bitrate&quot;:0,&quot;dest&quot;:&quot;bonded/bonded3&quot;},{&quot;mip&quot;:&quot;4000.ts&quot;,&quot;port&quot;:0,&quot;ip&quot;:&quot;file&quot;,&quot;in_name&quot;:&quot;bond&quot;,&quot;in_active&quot;:1,&quot;in_active_sources&quot;:0,&quot;prg_name&quot;:&quot;&quot;,&quot;prg_prov&quot;:&quot;&quot;,&quot;prg_num&quot;:-1,&quot;chan&quot;:&quot;&quot;,&quot;chan_id&quot;:-1,&quot;id&quot;:&quot;zixi://bonded(bonded2)#10.7.0.66:2088@10.7.0.65,192.168.60.66:2088@192.168.50.65,192.168.5.166:2088@192.168.5.165&quot;,&quot;type&quot;:2,&quot;name&quot;:&quot;bond2&quot;,&quot;asi&quot;:0,&quot;rtmp&quot;:0,&quot;file&quot;:1,&quot;active&quot;:1,&quot;group&quot;:&quot;&quot;,&quot;bonded&quot;:[],&quot;error&quot;:&quot;None&quot;,&quot;con_stat&quot;:&quot;Connecting&quot;,&quot;bitrate&quot;:0,&quot;dest&quot;:&quot;bonded/bonded2&quot;},{&quot;mip&quot;:&quot;4000.ts&quot;,&quot;port&quot;:0,&quot;ip&quot;:&quot;file&quot;,&quot;in_name&quot;:&quot;bond&quot;,&quot;in_active&quot;:1,&quot;in_active_sources&quot;:0,&quot;prg_name&quot;:&quot;&quot;,&quot;prg_prov&quot;:&quot;&quot;,&quot;prg_num&quot;:-1,&quot;chan&quot;:&quot;&quot;,&quot;chan_id&quot;:-1,&quot;id&quot;:&quot;zixi://bonded(bonded1)#10.7.0.66:2088@10.7.0.65,192.168.60.66:2088@192.168.50.65,192.168.5.166:2088@192.168.5.165&quot;,&quot;type&quot;:2,&quot;name&quot;:&quot;bond1&quot;,&quot;asi&quot;:0,&quot;rtmp&quot;:0,&quot;file&quot;:1,&quot;active&quot;:1,&quot;group&quot;:&quot;&quot;,&quot;bonded&quot;:[],&quot;error&quot;:&quot;None&quot;,&quot;con_stat&quot;:&quot;Connecting&quot;,&quot;bitrate&quot;:0,&quot;dest&quot;:&quot;bonded/bonded1&quot;}]}
Debug printing ------&gt;&gt;&gt; {&quot;custom_data&quot;:&quot;&quot;,&quot;msg&quot;:&quot;Output deleted.&quot;,&quot;error&quot;:&quot;&quot;,&quot;outs&quot;:[{&quot;mip&quot;:&quot;live_recording.ts&quot;,&quot;port&quot;:0,&quot;ip&quot;:&quot;file&quot;,&quot;in_name&quot;:&quot;feederoutputname&quot;,&quot;in_active&quot;:1,&quot;in_active_sources&quot;:0,&quot;prg_name&quot;:&quot;&quot;,&quot;prg_prov&quot;:&quot;&quot;,&quot;prg_num&quot;:1,&quot;chan&quot;:&quot;&quot;,&quot;chan_id&quot;:-1,&quot;id&quot;:&quot;zixi://10.7.0.66:2088/feederout&quot;,&quot;type&quot;:2,&quot;name&quot;:&quot;feederoutputname&quot;,&quot;asi&quot;:0,&quot;rtmp&quot;:0,&quot;file&quot;:1,&quot;active&quot;:1,&quot;group&quot;:&quot;&quot;,&quot;error&quot;:&quot;Authentication&quot;,&quot;con_stat&quot;:&quot;Disconnected&quot;,&quot;bitrate&quot;:0,&quot;dest&quot;:&quot;10.7.0.66:2088/feederout&quot;},{&quot;mip&quot;:&quot;4000.ts&quot;,&quot;port&quot;:0,&quot;ip&quot;:&quot;file&quot;,&quot;in_name&quot;:&quot;bond&quot;,&quot;in_active&quot;:1,&quot;in_active_sources&quot;:0,&quot;prg_name&quot;:&quot;&quot;,&quot;prg_prov&quot;:&quot;&quot;,&quot;prg_num&quot;:-1,&quot;chan&quot;:&quot;&quot;,&quot;chan_id&quot;:-1,&quot;id&quot;:&quot;zixi://bonded(bonded6)#10.7.0.66:2088@10.7.0.65,192.168.60.66:2088@192.168.50.65,192.168.5.166:2088@192.168.5.165&quot;,&quot;type&quot;:2,&quot;name&quot;:&quot;bond6&quot;,&quot;asi&quot;:0,&quot;rtmp&quot;:0,&quot;file&quot;:1,&quot;active&quot;:1,&quot;group&quot;:&quot;&quot;,&quot;bonded&quot;:[],&quot;error&quot;:&quot;None&quot;,&quot;con_stat&quot;:&quot;Connecting&quot;,&quot;bitrate&quot;:0,&quot;dest&quot;:&quot;bonded/bonded6&quot;},{&quot;mip&quot;:&quot;4000.ts&quot;,&quot;port&quot;:0,&quot;ip&quot;:&quot;file&quot;,&quot;in_name&quot;:&quot;bond&quot;,&quot;in_active&quot;:1,&quot;in_active_sources&quot;:0,&quot;prg_name&quot;:&quot;&quot;,&quot;prg_prov&quot;:&quot;&quot;,&quot;prg_num&quot;:-1,&quot;chan&quot;:&quot;&quot;,&quot;chan_id&quot;:-1,&quot;id&quot;:&quot;zixi://bonded(bonded16)#10.7.0.66:2088@10.7.0.65,192.168.60.66:2088@192.168.50.65,192.168.5.166:2088@192.168.5.165&quot;,&quot;type&quot;:2,&quot;name&quot;:&quot;bond16&quot;,&quot;asi&quot;:0,&quot;rtmp&quot;:0,&quot;file&quot;:1,&quot;active&quot;:1,&quot;group&quot;:&quot;&quot;,&quot;bonded&quot;:[{&quot;host&quot;:&quot;10.7.0.66&quot;,&quot;port&quot;:2088,&quot;nic&quot;:&quot;10.7.0.65&quot;,&quot;limit&quot;:0,&quot;is_backup&quot;:0,&quot;bitrate&quot;:2777051,&quot;up_time&quot;:60,&quot;error_code&quot;:0,&quot;status_code&quot;:3,&quot;error_str&quot;:&quot;None&quot;,&quot;status_str&quot;:&quot;Connected&quot;},{&quot;host&quot;:&quot;192.168.60.66&quot;,&quot;port&quot;:2088,&quot;nic&quot;:&quot;192.168.50.65&quot;,&quot;limit&quot;:0,&quot;is_backup&quot;:0,&quot;bitrate&quot;:0,&quot;up_time&quot;:0,&quot;error_code&quot;:3,&quot;status_code&quot;:1,&quot;error_str&quot;:&quot;Timeout&quot;,&quot;status_str&quot;:&quot;Connecting&quot;},{&quot;host&quot;:&quot;192.168.5.166&quot;,&quot;port&quot;:2088,&quot;nic&quot;:&quot;192.168.5.165&quot;,&quot;limit&quot;:0,&quot;is_backup&quot;:0,&quot;bitrate&quot;:2933608,&quot;up_time&quot;:60,&quot;error_code&quot;:0,&quot;status_code&quot;:3,&quot;error_str&quot;:&quot;None&quot;,&quot;status_str&quot;:&quot;Connected&quot;}],&quot;error&quot;:&quot;None&quot;,&quot;con_stat&quot;:&quot;Disconnected&quot;,&quot;bitrate&quot;:5642072,&quot;dest&quot;:&quot;bonded/bonded16&quot;},{&quot;mip&quot;:&quot;4000.ts&quot;,&quot;port&quot;:0,&quot;ip&quot;:&quot;file&quot;,&quot;in_name&quot;:&quot;bond&quot;,&quot;in_active&quot;:1,&quot;in_active_sources&quot;:0,&quot;prg_name&quot;:&quot;&quot;,&quot;prg_prov&quot;:&quot;&quot;,&quot;prg_num&quot;:-1,&quot;chan&quot;:&quot;&quot;,&quot;chan_id&quot;:-1,&quot;id&quot;:&quot;zixi://bonded(bonded13)#10.7.0.66:2088@10.7.0.65,192.168.60.66:2088@192.168.50.65,192.168.5.166:2088@192.168.5.165&quot;,&quot;type&quot;:2,&quot;name&quot;:&quot;bond13&quot;,&quot;asi&quot;:0,&quot;rtmp&quot;:0,&quot;file&quot;:1,&quot;active&quot;:1,&quot;group&quot;:&quot;&quot;,&quot;bonded&quot;:[{&quot;host&quot;:&quot;10.7.0.66&quot;,&quot;port&quot;:2088,&quot;nic&quot;:&quot;10.7.0.65&quot;,&quot;limit&quot;:0,&quot;is_backup&quot;:0,&quot;bitrate&quot;:2688144,&quot;up_time&quot;:60,&quot;error_code&quot;:0,&quot;status_code&quot;:3,&quot;error_str&quot;:&quot;None&quot;,&quot;status_str&quot;:&quot;Connected&quot;},{&quot;host&quot;:&quot;192.168.60.66&quot;,&quot;port&quot;:2088,&quot;nic&quot;:&quot;192.168.50.65&quot;,&quot;limit&quot;:0,&quot;is_backup&quot;:0,&quot;bitrate&quot;:0,&quot;up_time&quot;:0,&quot;error_code&quot;:3,&quot;status_code&quot;:1,&quot;error_str&quot;:&quot;Timeout&quot;,&quot;status_str&quot;:&quot;Connecting&quot;},{&quot;host&quot;:&quot;192.168.5.166&quot;,&quot;port&quot;:2088,&quot;nic&quot;:&quot;192.168.5.165&quot;,&quot;limit&quot;:0,&quot;is_backup&quot;:0,&quot;bitrate&quot;:3012682,&quot;up_time&quot;:60,&quot;error_code&quot;:0,&quot;status_code&quot;:3,&quot;error_str&quot;:&quot;None&quot;,&quot;status_str&quot;:&quot;Connected&quot;}],&quot;error&quot;:&quot;None&quot;,&quot;con_stat&quot;:&quot;Disconnected&quot;,&quot;bitrate&quot;:5647744,&quot;dest&quot;:&quot;bonded/bonded13&quot;},{&quot;mip&quot;:&quot;4000.ts&quot;,&quot;port&quot;:0,&quot;ip&quot;:&quot;file&quot;,&quot;in_name&quot;:&quot;bond&quot;,&quot;in_active&quot;:1,&quot;in_active_sources&quot;:0,&quot;prg_name&quot;:&quot;&quot;,&quot;prg_prov&quot;:&quot;&quot;,&quot;prg_num&quot;:-1,&quot;chan&quot;:&quot;&quot;,&quot;chan_id&quot;:-1,&quot;id&quot;:&quot;zixi://bonded(bonded12)#10.7.0.66:2088@10.7.0.65,192.168.60.66:2088@192.168.50.65,192.168.5.166:2088@192.168.5.165&quot;,&quot;type&quot;:2,&quot;name&quot;:&quot;bond12&quot;,&quot;asi&quot;:0,&quot;rtmp&quot;:0,&quot;file&quot;:1,&quot;active&quot;:1,&quot;group&quot;:&quot;&quot;,&quot;bonded&quot;:[],&quot;error&quot;:&quot;None&quot;,&quot;con_stat&quot;:&quot;Connecting&quot;,&quot;bitrate&quot;:0,&quot;dest&quot;:&quot;bonded/bonded12&quot;},{&quot;mip&quot;:&quot;4000.ts&quot;,&quot;port&quot;:0,&quot;ip&quot;:&quot;file&quot;,&quot;in_name&quot;:&quot;bond&quot;,&quot;in_active&quot;:1,&quot;in_active_sources&quot;:0,&quot;prg_name&quot;:&quot;&quot;,&quot;prg_prov&quot;:&quot;&quot;,&quot;prg_num&quot;:-1,&quot;chan&quot;:&quot;&quot;,&quot;chan_id&quot;:-1,&quot;id&quot;:&quot;zixi://bonded(bonded19)#10.7.0.66:2088@10.7.0.65,192.168.60.66:2088@192.168.50.65,192.168.5.166:2088@192.168.5.165&quot;,&quot;type&quot;:2,&quot;name&quot;:&quot;bond19&quot;,&quot;asi&quot;:0,&quot;rtmp&quot;:0,&quot;file&quot;:1,&quot;active&quot;:1,&quot;group&quot;:&quot;&quot;,&quot;bonded&quot;:[{&quot;host&quot;:&quot;10.7.0.66&quot;,&quot;port&quot;:2088,&quot;nic&quot;:&quot;10.7.0.65&quot;,&quot;limit&quot;:0,&quot;is_backup&quot;:0,&quot;bitrate&quot;:2846981,&quot;up_time&quot;:61,&quot;error_code&quot;:0,&quot;status_code&quot;:3,&quot;error_str&quot;:&quot;None&quot;,&quot;status_str&quot;:&quot;Connected&quot;},{&quot;host&quot;:&quot;192.168.60.66&quot;,&quot;port&quot;:2088,&quot;nic&quot;:&quot;192.168.50.65&quot;,&quot;limit&quot;:0,&quot;is_backup&quot;:0,&quot;bitrate&quot;:0,&quot;up_time&quot;:0,&quot;error_code&quot;:3,&quot;status_code&quot;:1,&quot;error_str&quot;:&quot;Timeout&quot;,&quot;status_str&quot;:&quot;Connecting&quot;},{&quot;host&quot;:&quot;192.168.5.166&quot;,&quot;port&quot;:2088,&quot;nic&quot;:&quot;192.168.5.165&quot;,&quot;limit&quot;:0,&quot;is_backup&quot;:0,&quot;bitrate&quot;:2844743,&quot;up_time&quot;:61,&quot;error_code&quot;:0,&quot;status_code&quot;:3,&quot;error_str&quot;:&quot;None&quot;,&quot;status_str&quot;:&quot;Connected&quot;}],&quot;error&quot;:&quot;None&quot;,&quot;con_stat&quot;:&quot;Disconnected&quot;,&quot;bitrate&quot;:5631184,&quot;dest&quot;:&quot;bonded/bonded19&quot;},{&quot;mip&quot;:&quot;4000.ts&quot;,&quot;port&quot;:0,&quot;ip&quot;:&quot;file&quot;,&quot;in_name&quot;:&quot;bond&quot;,&quot;in_active&quot;:1,&quot;in_active_sources&quot;:0,&quot;prg_name&quot;:&quot;&quot;,&quot;prg_prov&quot;:&quot;&quot;,&quot;prg_num&quot;:-1,&quot;chan&quot;:&quot;&quot;,&quot;chan_id&quot;:-1,&quot;id&quot;:&quot;zixi://bonded(bonded7)#10.7.0.66:2088@10.7.0.65,192.168.60.66:2088@192.168.50.65,192.168.5.166:2088@192.168.5.165&quot;,&quot;type&quot;:2,&quot;name&quot;:&quot;bond7&quot;,&quot;asi&quot;:0,&quot;rtmp&quot;:0,&quot;file&quot;:1,&quot;active&quot;:1,&quot;group&quot;:&quot;&quot;,&quot;bonded&quot;:[{&quot;host&quot;:&quot;10.7.0.66&quot;,&quot;port&quot;:2088,&quot;nic&quot;:&quot;10.7.0.65&quot;,&quot;limit&quot;:0,&quot;is_backup&quot;:0,&quot;bitrate&quot;:2899240,&quot;up_time&quot;:61,&quot;error_code&quot;:0,&quot;status_code&quot;:3,&quot;error_str&quot;:&quot;None&quot;,&quot;status_str&quot;:&quot;Connected&quot;},{&quot;host&quot;:&quot;192.168.60.66&quot;,&quot;port&quot;:2088,&quot;nic&quot;:&quot;192.168.50.65&quot;,&quot;limit&quot;:0,&quot;is_backup&quot;:0,&quot;bitrate&quot;:0,&quot;up_time&quot;:0,&quot;error_code&quot;:3,&quot;status_code&quot;:1,&quot;error_str&quot;:&quot;Timeout&quot;,&quot;status_str&quot;:&quot;Connecting&quot;},{&quot;host&quot;:&quot;192.168.5.166&quot;,&quot;port&quot;:2088,&quot;nic&quot;:&quot;192.168.5.165&quot;,&quot;limit&quot;:0,&quot;is_backup&quot;:0,&quot;bitrate&quot;:2795594,&quot;up_time&quot;:61,&quot;error_code&quot;:0,&quot;status_code&quot;:3,&quot;error_str&quot;:&quot;None&quot;,&quot;status_str&quot;:&quot;Connected&quot;}],&quot;error&quot;:&quot;None&quot;,&quot;con_stat&quot;:&quot;Disconnected&quot;,&quot;bitrate&quot;:5641944,&quot;dest&quot;:&quot;bonded/bonded7&quot;},{&quot;mip&quot;:&quot;4000.ts&quot;,&quot;port&quot;:0,&quot;ip&quot;:&quot;file&quot;,&quot;in_name&quot;:&quot;bond&quot;,&quot;in_active&quot;:1,&quot;in_active_sources&quot;:0,&quot;prg_name&quot;:&quot;&quot;,&quot;prg_prov&quot;:&quot;&quot;,&quot;prg_num&quot;:-1,&quot;chan&quot;:&quot;&quot;,&quot;chan_id&quot;:-1,&quot;id&quot;:&quot;zixi://bonded(bonded15)#10.7.0.66:2088@10.7.0.65,192.168.60.66:2088@192.168.50.65,192.168.5.166:2088@192.168.5.165&quot;,&quot;type&quot;:2,&quot;name&quot;:&quot;bond15&quot;,&quot;asi&quot;:0,&quot;rtmp&quot;:0,&quot;file&quot;:1,&quot;active&quot;:1,&quot;group&quot;:&quot;&quot;,&quot;bonded&quot;:[{&quot;host&quot;:&quot;10.7.0.66&quot;,&quot;port&quot;:2088,&quot;nic&quot;:&quot;10.7.0.65&quot;,&quot;limit&quot;:0,&quot;is_backup&quot;:0,&quot;bitrate&quot;:2866910,&quot;up_time&quot;:61,&quot;error_code&quot;:0,&quot;status_code&quot;:3,&quot;error_str&quot;:&quot;None&quot;,&quot;status_str&quot;:&quot;Connected&quot;},{&quot;host&quot;:&quot;192.168.60.66&quot;,&quot;port&quot;:2088,&quot;nic&quot;:&quot;192.168.50.65&quot;,&quot;limit&quot;:0,&quot;is_backup&quot;:0,&quot;bitrate&quot;:0,&quot;up_time&quot;:0,&quot;error_code&quot;:3,&quot;status_code&quot;:1,&quot;error_str&quot;:&quot;Timeout&quot;,&quot;status_str&quot;:&quot;Connecting&quot;},{&quot;host&quot;:&quot;192.168.5.166&quot;,&quot;port&quot;:2088,&quot;nic&quot;:&quot;192.168.5.165&quot;,&quot;limit&quot;:0,&quot;is_backup&quot;:0,&quot;bitrate&quot;:2846853,&quot;up_time&quot;:61,&quot;error_code&quot;:0,&quot;status_code&quot;:3,&quot;error_str&quot;:&quot;None&quot;,&quot;status_str&quot;:&quot;Connected&quot;}],&quot;error&quot;:&quot;None&quot;,&quot;con_stat&quot;:&quot;Disconnected&quot;,&quot;bitrate&quot;:5657878,&quot;dest&quot;:&quot;bonded/bonded15&quot;},{&quot;mip&quot;:&quot;4000.ts&quot;,&quot;port&quot;:0,&quot;ip&quot;:&quot;file&quot;,&quot;in_name&quot;:&quot;bond&quot;,&quot;in_active&quot;:1,&quot;in_active_sources&quot;:0,&quot;prg_name&quot;:&quot;&quot;,&quot;prg_prov&quot;:&quot;&quot;,&quot;prg_num&quot;:-1,&quot;chan&quot;:&quot;&quot;,&quot;chan_id&quot;:-1,&quot;id&quot;:&quot;zixi://bonded(bonded9)#10.7.0.66:2088@10.7.0.65,192.168.60.66:2088@192.168.50.65,192.168.5.166:2088@192.168.5.165&quot;,&quot;type&quot;:2,&quot;name&quot;:&quot;bond9&quot;,&quot;asi&quot;:0,&quot;rtmp&quot;:0,&quot;file&quot;:1,&quot;active&quot;:1,&quot;group&quot;:&quot;&quot;,&quot;bonded&quot;:[{&quot;host&quot;:&quot;10.7.0.66&quot;,&quot;port&quot;:2088,&quot;nic&quot;:&quot;10.7.0.65&quot;,&quot;limit&quot;:0,&quot;is_backup&quot;:0,&quot;bitrate&quot;:2818143,&quot;up_time&quot;:61,&quot;error_code&quot;:0,&quot;status_code&quot;:3,&quot;error_str&quot;:&quot;None&quot;,&quot;status_str&quot;:&quot;Connected&quot;},{&quot;host&quot;:&quot;192.168.60.66&quot;,&quot;port&quot;:2088,&quot;nic&quot;:&quot;192.168.50.65&quot;,&quot;limit&quot;:0,&quot;is_backup&quot;:0,&quot;bitrate&quot;:0,&quot;up_time&quot;:0,&quot;error_code&quot;:3,&quot;status_code&quot;:1,&quot;error_str&quot;:&quot;Timeout&quot;,&quot;status_str&quot;:&quot;Connecting&quot;},{&quot;host&quot;:&quot;192.168.5.166&quot;,&quot;port&quot;:2088,&quot;nic&quot;:&quot;192.168.5.165&quot;,&quot;limit&quot;:0,&quot;is_backup&quot;:0,&quot;bitrate&quot;:2884405,&quot;up_time&quot;:61,&quot;error_code&quot;:0,&quot;status_code&quot;:3,&quot;error_str&quot;:&quot;None&quot;,&quot;status_str&quot;:&quot;Connected&quot;}],&quot;error&quot;:&quot;None&quot;,&quot;con_stat&quot;:&quot;Disconnected&quot;,&quot;bitrate&quot;:5644168,&quot;dest&quot;:&quot;bonded/bonded9&quot;},{&quot;mip&quot;:&quot;4000.ts&quot;,&quot;port&quot;:0,&quot;ip&quot;:&quot;file&quot;,&quot;in_name&quot;:&quot;bond&quot;,&quot;in_active&quot;:1,&quot;in_active_sources&quot;:0,&quot;prg_name&quot;:&quot;&quot;,&quot;prg_prov&quot;:&quot;&quot;,&quot;prg_num&quot;:-1,&quot;chan&quot;:&quot;&quot;,&quot;chan_id&quot;:-1,&quot;id&quot;:&quot;zixi://bonded(bonded8)#10.7.0.66:2088@10.7.0.65,192.168.60.66:2088@192.168.50.65,192.168.5.166:2088@192.168.5.165&quot;,&quot;type&quot;:2,&quot;name&quot;:&quot;bond8&quot;,&quot;asi&quot;:0,&quot;rtmp&quot;:0,&quot;file&quot;:1,&quot;active&quot;:1,&quot;group&quot;:&quot;&quot;,&quot;bonded&quot;:[],&quot;error&quot;:&quot;None&quot;,&quot;con_stat&quot;:&quot;Connecting&quot;,&quot;bitrate&quot;:0,&quot;dest&quot;:&quot;bonded/bonded8&quot;},{&quot;mip&quot;:&quot;4000.ts&quot;,&quot;port&quot;:0,&quot;ip&quot;:&quot;file&quot;,&quot;in_name&quot;:&quot;bond&quot;,&quot;in_active&quot;:1,&quot;in_active_sources&quot;:0,&quot;prg_name&quot;:&quot;&quot;,&quot;prg_prov&quot;:&quot;&quot;,&quot;prg_num&quot;:-1,&quot;chan&quot;:&quot;&quot;,&quot;chan_id&quot;:-1,&quot;id&quot;:&quot;zixi://bonded(bonded0)#10.7.0.66:2088@10.7.0.65,192.168.60.66:2088@192.168.50.65,192.168.5.166:2088@192.168.5.165&quot;,&quot;type&quot;:2,&quot;name&quot;:&quot;bond0&quot;,&quot;asi&quot;:0,&quot;rtmp&quot;:0,&quot;file&quot;:1,&quot;active&quot;:1,&quot;group&quot;:&quot;&quot;,&quot;bonded&quot;:[],&quot;error&quot;:&quot;None&quot;,&quot;con_stat&quot;:&quot;Connecting&quot;,&quot;bitrate&quot;:0,&quot;dest&quot;:&quot;bonded/bonded0&quot;},{&quot;mip&quot;:&quot;4000.ts&quot;,&quot;port&quot;:0,&quot;ip&quot;:&quot;file&quot;,&quot;in_name&quot;:&quot;bond&quot;,&quot;in_active&quot;:1,&quot;in_active_sources&quot;:0,&quot;prg_name&quot;:&quot;&quot;,&quot;prg_prov&quot;:&quot;&quot;,&quot;prg_num&quot;:-1,&quot;chan&quot;:&quot;&quot;,&quot;chan_id&quot;:-1,&quot;id&quot;:&quot;zixi://bonded(bonded11)#10.7.0.66:2088@10.7.0.65,192.168.60.66:2088@192.168.50.65,192.168.5.166:2088@192.168.5.165&quot;,&quot;type&quot;:2,&quot;name&quot;:&quot;bond11&quot;,&quot;asi&quot;:0,&quot;rtmp&quot;:0,&quot;file&quot;:1,&quot;active&quot;:1,&quot;group&quot;:&quot;&quot;,&quot;bonded&quot;:[],&quot;error&quot;:&quot;None&quot;,&quot;con_stat&quot;:&quot;Connecting&quot;,&quot;bitrate&quot;:0,&quot;dest&quot;:&quot;bonded/bonded11&quot;},{&quot;mip&quot;:&quot;4000.ts&quot;,&quot;port&quot;:0,&quot;ip&quot;:&quot;file&quot;,&quot;in_name&quot;:&quot;bond&quot;,&quot;in_active&quot;:1,&quot;in_active_sources&quot;:0,&quot;prg_name&quot;:&quot;&quot;,&quot;prg_prov&quot;:&quot;&quot;,&quot;prg_num&quot;:-1,&quot;chan&quot;:&quot;&quot;,&quot;chan_id&quot;:-1,&quot;id&quot;:&quot;zixi://bonded(bonded5)#10.7.0.66:2088@10.7.0.65,192.168.60.66:2088@192.168.50.65,192.168.5.166:2088@192.168.5.165&quot;,&quot;type&quot;:2,&quot;name&quot;:&quot;bond5&quot;,&quot;asi&quot;:0,&quot;rtmp&quot;:0,&quot;file&quot;:1,&quot;active&quot;:1,&quot;group&quot;:&quot;&quot;,&quot;bonded&quot;:[{&quot;host&quot;:&quot;10.7.0.66&quot;,&quot;port&quot;:2088,&quot;nic&quot;:&quot;10.7.0.65&quot;,&quot;limit&quot;:0,&quot;is_backup&quot;:0,&quot;bitrate&quot;:2814446,&quot;up_time&quot;:61,&quot;error_code&quot;:0,&quot;status_code&quot;:3,&quot;error_str&quot;:&quot;None&quot;,&quot;status_str&quot;:&quot;Connected&quot;},{&quot;host&quot;:&quot;192.168.60.66&quot;,&quot;port&quot;:2088,&quot;nic&quot;:&quot;192.168.50.65&quot;,&quot;limit&quot;:0,&quot;is_backup&quot;:0,&quot;bitrate&quot;:0,&quot;up_time&quot;:0,&quot;error_code&quot;:3,&quot;status_code&quot;:1,&quot;error_str&quot;:&quot;Timeout&quot;,&quot;status_str&quot;:&quot;Connecting&quot;},{&quot;host&quot;:&quot;192.168.5.166&quot;,&quot;port&quot;:2088,&quot;nic&quot;:&quot;192.168.5.165&quot;,&quot;limit&quot;:0,&quot;is_backup&quot;:0,&quot;bitrate&quot;:2885595,&quot;up_time&quot;:61,&quot;error_code&quot;:0,&quot;status_code&quot;:3,&quot;error_str&quot;:&quot;None&quot;,&quot;status_str&quot;:&quot;Connected&quot;}],&quot;error&quot;:&quot;None&quot;,&quot;con_stat&quot;:&quot;Disconnected&quot;,&quot;bitrate&quot;:5626024,&quot;dest&quot;:&quot;bonded/bonded5&quot;},{&quot;mip&quot;:&quot;4000.ts&quot;,&quot;port&quot;:0,&quot;ip&quot;:&quot;file&quot;,&quot;in_name&quot;:&quot;bond&quot;,&quot;in_active&quot;:1,&quot;in_active_sources&quot;:0,&quot;prg_name&quot;:&quot;&quot;,&quot;prg_prov&quot;:&quot;&quot;,&quot;prg_num&quot;:-1,&quot;chan&quot;:&quot;&quot;,&quot;chan_id&quot;:-1,&quot;id&quot;:&quot;zixi://bonded(bonded10)#10.7.0.66:2088@10.7.0.65,192.168.60.66:2088@192.168.50.65,192.168.5.166:2088@192.168.5.165&quot;,&quot;type&quot;:2,&quot;name&quot;:&quot;bond10&quot;,&quot;asi&quot;:0,&quot;rtmp&quot;:0,&quot;file&quot;:1,&quot;active&quot;:1,&quot;group&quot;:&quot;&quot;,&quot;bonded&quot;:[{&quot;host&quot;:&quot;10.7.0.66&quot;,&quot;port&quot;:2088,&quot;nic&quot;:&quot;10.7.0.65&quot;,&quot;limit&quot;:0,&quot;is_backup&quot;:0,&quot;bitrate&quot;:2803062,&quot;up_time&quot;:61,&quot;error_code&quot;:0,&quot;status_code&quot;:3,&quot;error_str&quot;:&quot;None&quot;,&quot;status_str&quot;:&quot;Connected&quot;},{&quot;host&quot;:&quot;192.168.60.66&quot;,&quot;port&quot;:2088,&quot;nic&quot;:&quot;192.168.50.65&quot;,&quot;limit&quot;:0,&quot;is_backup&quot;:0,&quot;bitrate&quot;:0,&quot;up_time&quot;:0,&quot;error_code&quot;:3,&quot;status_code&quot;:1,&quot;error_str&quot;:&quot;Timeout&quot;,&quot;status_str&quot;:&quot;Connecting&quot;},{&quot;host&quot;:&quot;192.168.5.166&quot;,&quot;port&quot;:2088,&quot;nic&quot;:&quot;192.168.5.165&quot;,&quot;limit&quot;:0,&quot;is_backup&quot;:0,&quot;bitrate&quot;:2885827,&quot;up_time&quot;:61,&quot;error_code&quot;:0,&quot;status_code&quot;:3,&quot;error_str&quot;:&quot;None&quot;,&quot;status_str&quot;:&quot;Connected&quot;}],&quot;error&quot;:&quot;None&quot;,&quot;con_stat&quot;:&quot;Disconnected&quot;,&quot;bitrate&quot;:5626152,&quot;dest&quot;:&quot;bonded/bonded10&quot;},{&quot;mip&quot;:&quot;4000.ts&quot;,&quot;port&quot;:0,&quot;ip&quot;:&quot;file&quot;,&quot;in_name&quot;:&quot;bond&quot;,&quot;in_active&quot;:1,&quot;in_active_sources&quot;:0,&quot;prg_name&quot;:&quot;&quot;,&quot;prg_prov&quot;:&quot;&quot;,&quot;prg_num&quot;:-1,&quot;chan&quot;:&quot;&quot;,&quot;chan_id&quot;:-1,&quot;id&quot;:&quot;zixi://bonded(bonded4)#10.7.0.66:2088@10.7.0.65,192.168.60.66:2088@192.168.50.65,192.168.5.166:2088@192.168.5.165&quot;,&quot;type&quot;:2,&quot;name&quot;:&quot;bond4&quot;,&quot;asi&quot;:0,&quot;rtmp&quot;:0,&quot;file&quot;:1,&quot;active&quot;:1,&quot;group&quot;:&quot;&quot;,&quot;bonded&quot;:[],&quot;error&quot;:&quot;None&quot;,&quot;con_stat&quot;:&quot;Connecting&quot;,&quot;bitrate&quot;:0,&quot;dest&quot;:&quot;bonded/bonded4&quot;},{&quot;mip&quot;:&quot;4000.ts&quot;,&quot;port&quot;:0,&quot;ip&quot;:&quot;file&quot;,&quot;in_name&quot;:&quot;bond&quot;,&quot;in_active&quot;:1,&quot;in_active_sources&quot;:0,&quot;prg_name&quot;:&quot;&quot;,&quot;prg_prov&quot;:&quot;&quot;,&quot;prg_num&quot;:-1,&quot;chan&quot;:&quot;&quot;,&quot;chan_id&quot;:-1,&quot;id&quot;:&quot;zixi://bonded(bonded3)#10.7.0.66:2088@10.7.0.65,192.168.60.66:2088@192.168.50.65,192.168.5.166:2088@192.168.5.165&quot;,&quot;type&quot;:2,&quot;name&quot;:&quot;bond3&quot;,&quot;asi&quot;:0,&quot;rtmp&quot;:0,&quot;file&quot;:1,&quot;active&quot;:1,&quot;group&quot;:&quot;&quot;,&quot;bonded&quot;:[],&quot;error&quot;:&quot;None&quot;,&quot;con_stat&quot;:&quot;Connecting&quot;,&quot;bitrate&quot;:0,&quot;dest&quot;:&quot;bonded/bonded3&quot;},{&quot;mip&quot;:&quot;4000.ts&quot;,&quot;port&quot;:0,&quot;ip&quot;:&quot;file&quot;,&quot;in_name&quot;:&quot;bond&quot;,&quot;in_active&quot;:1,&quot;in_active_sources&quot;:0,&quot;prg_name&quot;:&quot;&quot;,&quot;prg_prov&quot;:&quot;&quot;,&quot;prg_num&quot;:-1,&quot;chan&quot;:&quot;&quot;,&quot;chan_id&quot;:-1,&quot;id&quot;:&quot;zixi://bonded(bonded2)#10.7.0.66:2088@10.7.0.65,192.168.60.66:2088@192.168.50.65,192.168.5.166:2088@192.168.5.165&quot;,&quot;type&quot;:2,&quot;name&quot;:&quot;bond2&quot;,&quot;asi&quot;:0,&quot;rtmp&quot;:0,&quot;file&quot;:1,&quot;active&quot;:1,&quot;group&quot;:&quot;&quot;,&quot;bonded&quot;:[],&quot;error&quot;:&quot;None&quot;,&quot;con_stat&quot;:&quot;Connecting&quot;,&quot;bitrate&quot;:0,&quot;dest&quot;:&quot;bonded/bonded2&quot;},{&quot;mip&quot;:&quot;4000.ts&quot;,&quot;port&quot;:0,&quot;ip&quot;:&quot;file&quot;,&quot;in_name&quot;:&quot;bond&quot;,&quot;in_active&quot;:1,&quot;in_active_sources&quot;:0,&quot;prg_name&quot;:&quot;&quot;,&quot;prg_prov&quot;:&quot;&quot;,&quot;prg_num&quot;:-1,&quot;chan&quot;:&quot;&quot;,&quot;chan_id&quot;:-1,&quot;id&quot;:&quot;zixi://bonded(bonded1)#10.7.0.66:2088@10.7.0.65,192.168.60.66:2088@192.168.50.65,192.168.5.166:2088@192.168.5.165&quot;,&quot;type&quot;:2,&quot;name&quot;:&quot;bond1&quot;,&quot;asi&quot;:0,&quot;rtmp&quot;:0,&quot;file&quot;:1,&quot;active&quot;:1,&quot;group&quot;:&quot;&quot;,&quot;bonded&quot;:[],&quot;error&quot;:&quot;None&quot;,&quot;con_stat&quot;:&quot;Connecting&quot;,&quot;bitrate&quot;:0,&quot;dest&quot;:&quot;bonded/bonded1&quot;}]}
Debug printing ------&gt;&gt;&gt; {&quot;custom_data&quot;:&quot;&quot;,&quot;msg&quot;:&quot;Output deleted.&quot;,&quot;error&quot;:&quot;&quot;,&quot;outs&quot;:[{&quot;mip&quot;:&quot;live_recording.ts&quot;,&quot;port&quot;:0,&quot;ip&quot;:&quot;file&quot;,&quot;in_name&quot;:&quot;feederoutputname&quot;,&quot;in_active&quot;:1,&quot;in_active_sources&quot;:0,&quot;prg_name&quot;:&quot;&quot;,&quot;prg_prov&quot;:&quot;&quot;,&quot;prg_num&quot;:1,&quot;chan&quot;:&quot;&quot;,&quot;chan_id&quot;:-1,&quot;id&quot;:&quot;zixi://10.7.0.66:2088/feederout&quot;,&quot;type&quot;:2,&quot;name&quot;:&quot;feederoutputname&quot;,&quot;asi&quot;:0,&quot;rtmp&quot;:0,&quot;file&quot;:1,&quot;active&quot;:1,&quot;group&quot;:&quot;&quot;,&quot;error&quot;:&quot;Authentication&quot;,&quot;con_stat&quot;:&quot;Disconnected&quot;,&quot;bitrate&quot;:0,&quot;dest&quot;:&quot;10.7.0.66:2088/feederout&quot;},{&quot;mip&quot;:&quot;4000.ts&quot;,&quot;port&quot;:0,&quot;ip&quot;:&quot;file&quot;,&quot;in_name&quot;:&quot;bond&quot;,&quot;in_active&quot;:1,&quot;in_active_sources&quot;:0,&quot;prg_name&quot;:&quot;&quot;,&quot;prg_prov&quot;:&quot;&quot;,&quot;prg_num&quot;:-1,&quot;chan&quot;:&quot;&quot;,&quot;chan_id&quot;:-1,&quot;id&quot;:&quot;zixi://bonded(bonded0)#10.7.0.66:2088@10.7.0.65,192.168.60.66:2088@192.168.50.65,192.168.5.166:2088@192.168.5.165&quot;,&quot;type&quot;:2,&quot;name&quot;:&quot;bond0&quot;,&quot;asi&quot;:0,&quot;rtmp&quot;:0,&quot;file&quot;:1,&quot;active&quot;:1,&quot;group&quot;:&quot;&quot;,&quot;bonded&quot;:[],&quot;error&quot;:&quot;None&quot;,&quot;con_stat&quot;:&quot;Connecting&quot;,&quot;bitrate&quot;:0,&quot;dest&quot;:&quot;bonded/bonded0&quot;},{&quot;mip&quot;:&quot;4000.ts&quot;,&quot;port&quot;:0,&quot;ip&quot;:&quot;file&quot;,&quot;in_name&quot;:&quot;bond&quot;,&quot;in_active&quot;:1,&quot;in_active_sources&quot;:0,&quot;prg_name&quot;:&quot;&quot;,&quot;prg_prov&quot;:&quot;&quot;,&quot;prg_num&quot;:-1,&quot;chan&quot;:&quot;&quot;,&quot;chan_id&quot;:-1,&quot;id&quot;:&quot;zixi://bonded(bonded1)#10.7.0.66:2088@10.7.0.65,192.168.60.66:2088@192.168.50.65,192.168.5.166:2088@192.168.5.165&quot;,&quot;type&quot;:2,&quot;name&quot;:&quot;bond1&quot;,&quot;asi&quot;:0,&quot;rtmp&quot;:0,&quot;file&quot;:1,&quot;active&quot;:1,&quot;group&quot;:&quot;&quot;,&quot;bonded&quot;:[],&quot;error&quot;:&quot;None&quot;,&quot;con_stat&quot;:&quot;Connecting&quot;,&quot;bitrate&quot;:0,&quot;dest&quot;:&quot;bonded/bonded1&quot;},{&quot;mip&quot;:&quot;4000.ts&quot;,&quot;port&quot;:0,&quot;ip&quot;:&quot;file&quot;,&quot;in_name&quot;:&quot;bond&quot;,&quot;in_active&quot;:1,&quot;in_active_sources&quot;:0,&quot;prg_name&quot;:&quot;&quot;,&quot;prg_prov&quot;:&quot;&quot;,&quot;prg_num&quot;:-1,&quot;chan&quot;:&quot;&quot;,&quot;chan_id&quot;:-1,&quot;id&quot;:&quot;zixi://bonded(bonded2)#10.7.0.66:2088@10.7.0.65,192.168.60.66:2088@192.168.50.65,192.168.5.166:2088@192.168.5.165&quot;,&quot;type&quot;:2,&quot;name&quot;:&quot;bond2&quot;,&quot;asi&quot;:0,&quot;rtmp&quot;:0,&quot;file&quot;:1,&quot;active&quot;:1,&quot;group&quot;:&quot;&quot;,&quot;bonded&quot;:[],&quot;error&quot;:&quot;None&quot;,&quot;con_stat&quot;:&quot;Connecting&quot;,&quot;bitrate&quot;:0,&quot;dest&quot;:&quot;bonded/bonded2&quot;},{&quot;mip&quot;:&quot;4000.ts&quot;,&quot;port&quot;:0,&quot;ip&quot;:&quot;file&quot;,&quot;in_name&quot;:&quot;bond&quot;,&quot;in_active&quot;:1,&quot;in_active_sources&quot;:0,&quot;prg_name&quot;:&quot;&quot;,&quot;prg_prov&quot;:&quot;&quot;,&quot;prg_num&quot;:-1,&quot;chan&quot;:&quot;&quot;,&quot;chan_id&quot;:-1,&quot;id&quot;:&quot;zixi://bonded(bonded3)#10.7.0.66:2088@10.7.0.65,192.168.60.66:2088@192.168.50.65,192.168.5.166:2088@192.168.5.165&quot;,&quot;type&quot;:2,&quot;name&quot;:&quot;bond3&quot;,&quot;asi&quot;:0,&quot;rtmp&quot;:0,&quot;file&quot;:1,&quot;active&quot;:1,&quot;group&quot;:&quot;&quot;,&quot;bonded&quot;:[],&quot;error&quot;:&quot;None&quot;,&quot;con_stat&quot;:&quot;Connecting&quot;,&quot;bitrate&quot;:0,&quot;dest&quot;:&quot;bonded/bonded3&quot;},{&quot;mip&quot;:&quot;4000.ts&quot;,&quot;port&quot;:0,&quot;ip&quot;:&quot;file&quot;,&quot;in_name&quot;:&quot;bond&quot;,&quot;in_active&quot;:1,&quot;in_active_sources&quot;:0,&quot;prg_name&quot;:&quot;&quot;,&quot;prg_prov&quot;:&quot;&quot;,&quot;prg_num&quot;:-1,&quot;chan&quot;:&quot;&quot;,&quot;chan_id&quot;:-1,&quot;id&quot;:&quot;zixi://bonded(bonded4)#10.7.0.66:2088@10.7.0.65,192.168.60.66:2088@192.168.50.65,192.168.5.166:2088@192.168.5.165&quot;,&quot;type&quot;:2,&quot;name&quot;:&quot;bond4&quot;,&quot;asi&quot;:0,&quot;rtmp&quot;:0,&quot;file&quot;:1,&quot;active&quot;:1,&quot;group&quot;:&quot;&quot;,&quot;bonded&quot;:[],&quot;error&quot;:&quot;None&quot;,&quot;con_stat&quot;:&quot;Connecting&quot;,&quot;bitrate&quot;:0,&quot;dest&quot;:&quot;bonded/bonded4&quot;},{&quot;mip&quot;:&quot;4000.ts&quot;,&quot;port&quot;:0,&quot;ip&quot;:&quot;file&quot;,&quot;in_name&quot;:&quot;bond&quot;,&quot;in_active&quot;:1,&quot;in_active_sources&quot;:0,&quot;prg_name&quot;:&quot;&quot;,&quot;prg_prov&quot;:&quot;&quot;,&quot;prg_num&quot;:-1,&quot;chan&quot;:&quot;&quot;,&quot;chan_id&quot;:-1,&quot;id&quot;:&quot;zixi://bonded(bonded10)#10.7.0.66:2088@10.7.0.65,192.168.60.66:2088@192.168.50.65,192.168.5.166:2088@192.168.5.165&quot;,&quot;type&quot;:2,&quot;name&quot;:&quot;bond10&quot;,&quot;asi&quot;:0,&quot;rtmp&quot;:0,&quot;file&quot;:1,&quot;active&quot;:1,&quot;group&quot;:&quot;&quot;,&quot;bonded&quot;:[{&quot;host&quot;:&quot;10.7.0.66&quot;,&quot;port&quot;:2088,&quot;nic&quot;:&quot;10.7.0.65&quot;,&quot;limit&quot;:0,&quot;is_backup&quot;:0,&quot;bitrate&quot;:2803062,&quot;up_time&quot;:61,&quot;error_code&quot;:0,&quot;status_code&quot;:3,&quot;error_str&quot;:&quot;None&quot;,&quot;status_str&quot;:&quot;Connected&quot;},{&quot;host&quot;:&quot;192.168.60.66&quot;,&quot;port&quot;:2088,&quot;nic&quot;:&quot;192.168.50.65&quot;,&quot;limit&quot;:0,&quot;is_backup&quot;:0,&quot;bitrate&quot;:0,&quot;up_time&quot;:0,&quot;error_code&quot;:3,&quot;status_code&quot;:1,&quot;error_str&quot;:&quot;Timeout&quot;,&quot;status_str&quot;:&quot;Connecting&quot;},{&quot;host&quot;:&quot;192.168.5.166&quot;,&quot;port&quot;:2088,&quot;nic&quot;:&quot;192.168.5.165&quot;,&quot;limit&quot;:0,&quot;is_backup&quot;:0,&quot;bitrate&quot;:2885827,&quot;up_time&quot;:61,&quot;error_code&quot;:0,&quot;status_code&quot;:3,&quot;error_str&quot;:&quot;None&quot;,&quot;status_str&quot;:&quot;Connected&quot;}],&quot;error&quot;:&quot;None&quot;,&quot;con_stat&quot;:&quot;Disconnected&quot;,&quot;bitrate&quot;:5626152,&quot;dest&quot;:&quot;bonded/bonded10&quot;},{&quot;mip&quot;:&quot;4000.ts&quot;,&quot;port&quot;:0,&quot;ip&quot;:&quot;file&quot;,&quot;in_name&quot;:&quot;bond&quot;,&quot;in_active&quot;:1,&quot;in_active_sources&quot;:0,&quot;prg_name&quot;:&quot;&quot;,&quot;prg_prov&quot;:&quot;&quot;,&quot;prg_num&quot;:-1,&quot;chan&quot;:&quot;&quot;,&quot;chan_id&quot;:-1,&quot;id&quot;:&quot;zixi://bonded(bonded5)#10.7.0.66:2088@10.7.0.65,192.168.60.66:2088@192.168.50.65,192.168.5.166:2088@192.168.5.165&quot;,&quot;type&quot;:2,&quot;name&quot;:&quot;bond5&quot;,&quot;asi&quot;:0,&quot;rtmp&quot;:0,&quot;file&quot;:1,&quot;active&quot;:1,&quot;group&quot;:&quot;&quot;,&quot;bonded&quot;:[{&quot;host&quot;:&quot;10.7.0.66&quot;,&quot;port&quot;:2088,&quot;nic&quot;:&quot;10.7.0.65&quot;,&quot;limit&quot;:0,&quot;is_backup&quot;:0,&quot;bitrate&quot;:2814446,&quot;up_time&quot;:61,&quot;error_code&quot;:0,&quot;status_code&quot;:3,&quot;error_str&quot;:&quot;None&quot;,&quot;status_str&quot;:&quot;Connected&quot;},{&quot;host&quot;:&quot;192.168.60.66&quot;,&quot;port&quot;:2088,&quot;nic&quot;:&quot;192.168.50.65&quot;,&quot;limit&quot;:0,&quot;is_backup&quot;:0,&quot;bitrate&quot;:0,&quot;up_time&quot;:0,&quot;error_code&quot;:3,&quot;status_code&quot;:1,&quot;error_str&quot;:&quot;Timeout&quot;,&quot;status_str&quot;:&quot;Connecting&quot;},{&quot;host&quot;:&quot;192.168.5.166&quot;,&quot;port&quot;:2088,&quot;nic&quot;:&quot;192.168.5.165&quot;,&quot;limit&quot;:0,&quot;is_backup&quot;:0,&quot;bitrate&quot;:2885595,&quot;up_time&quot;:61,&quot;error_code&quot;:0,&quot;status_code&quot;:3,&quot;error_str&quot;:&quot;None&quot;,&quot;status_str&quot;:&quot;Connected&quot;}],&quot;error&quot;:&quot;None&quot;,&quot;con_stat&quot;:&quot;Disconnected&quot;,&quot;bitrate&quot;:5626024,&quot;dest&quot;:&quot;bonded/bonded5&quot;},{&quot;mip&quot;:&quot;4000.ts&quot;,&quot;port&quot;:0,&quot;ip&quot;:&quot;file&quot;,&quot;in_name&quot;:&quot;bond&quot;,&quot;in_active&quot;:1,&quot;in_active_sources&quot;:0,&quot;prg_name&quot;:&quot;&quot;,&quot;prg_prov&quot;:&quot;&quot;,&quot;prg_num&quot;:-1,&quot;chan&quot;:&quot;&quot;,&quot;chan_id&quot;:-1,&quot;id&quot;:&quot;zixi://bonded(bonded11)#10.7.0.66:2088@10.7.0.65,192.168.60.66:2088@192.168.50.65,192.168.5.166:2088@192.168.5.165&quot;,&quot;type&quot;:2,&quot;name&quot;:&quot;bond11&quot;,&quot;asi&quot;:0,&quot;rtmp&quot;:0,&quot;file&quot;:1,&quot;active&quot;:1,&quot;group&quot;:&quot;&quot;,&quot;bonded&quot;:[],&quot;error&quot;:&quot;None&quot;,&quot;con_stat&quot;:&quot;Connecting&quot;,&quot;bitrate&quot;:0,&quot;dest&quot;:&quot;bonded/bonded11&quot;},{&quot;mip&quot;:&quot;4000.ts&quot;,&quot;port&quot;:0,&quot;ip&quot;:&quot;file&quot;,&quot;in_name&quot;:&quot;bond&quot;,&quot;in_active&quot;:1,&quot;in_active_sources&quot;:0,&quot;prg_name&quot;:&quot;&quot;,&quot;prg_prov&quot;:&quot;&quot;,&quot;prg_num&quot;:-1,&quot;chan&quot;:&quot;&quot;,&quot;chan_id&quot;:-1,&quot;id&quot;:&quot;zixi://bonded(bonded6)#10.7.0.66:2088@10.7.0.65,192.168.60.66:2088@192.168.50.65,192.168.5.166:2088@192.168.5.165&quot;,&quot;type&quot;:2,&quot;name&quot;:&quot;bond6&quot;,&quot;asi&quot;:0,&quot;rtmp&quot;:0,&quot;file&quot;:1,&quot;active&quot;:1,&quot;group&quot;:&quot;&quot;,&quot;bonded&quot;:[],&quot;error&quot;:&quot;None&quot;,&quot;con_stat&quot;:&quot;Connecting&quot;,&quot;bitrate&quot;:0,&quot;dest&quot;:&quot;bonded/bonded6&quot;},{&quot;mip&quot;:&quot;4000.ts&quot;,&quot;port&quot;:0,&quot;ip&quot;:&quot;file&quot;,&quot;in_name&quot;:&quot;bond&quot;,&quot;in_active&quot;:1,&quot;in_active_sources&quot;:0,&quot;prg_name&quot;:&quot;&quot;,&quot;prg_prov&quot;:&quot;&quot;,&quot;prg_num&quot;:-1,&quot;chan&quot;:&quot;&quot;,&quot;chan_id&quot;:-1,&quot;id&quot;:&quot;zixi://bonded(bonded8)#10.7.0.66:2088@10.7.0.65,192.168.60.66:2088@192.168.50.65,192.168.5.166:2088@192.168.5.165&quot;,&quot;type&quot;:2,&quot;name&quot;:&quot;bond8&quot;,&quot;asi&quot;:0,&quot;rtmp&quot;:0,&quot;file&quot;:1,&quot;active&quot;:1,&quot;group&quot;:&quot;&quot;,&quot;bonded&quot;:[],&quot;error&quot;:&quot;None&quot;,&quot;con_stat&quot;:&quot;Connecting&quot;,&quot;bitrate&quot;:0,&quot;dest&quot;:&quot;bonded/bonded8&quot;},{&quot;mip&quot;:&quot;4000.ts&quot;,&quot;port&quot;:0,&quot;ip&quot;:&quot;file&quot;,&quot;in_name&quot;:&quot;bond&quot;,&quot;in_active&quot;:1,&quot;in_active_sources&quot;:0,&quot;prg_name&quot;:&quot;&quot;,&quot;prg_prov&quot;:&quot;&quot;,&quot;prg_num&quot;:-1,&quot;chan&quot;:&quot;&quot;,&quot;chan_id&quot;:-1,&quot;id&quot;:&quot;zixi://bonded(bonded9)#10.7.0.66:2088@10.7.0.65,192.168.60.66:2088@192.168.50.65,192.168.5.166:2088@192.168.5.165&quot;,&quot;type&quot;:2,&quot;name&quot;:&quot;bond9&quot;,&quot;asi&quot;:0,&quot;rtmp&quot;:0,&quot;file&quot;:1,&quot;active&quot;:1,&quot;group&quot;:&quot;&quot;,&quot;bonded&quot;:[{&quot;host&quot;:&quot;10.7.0.66&quot;,&quot;port&quot;:2088,&quot;nic&quot;:&quot;10.7.0.65&quot;,&quot;limit&quot;:0,&quot;is_backup&quot;:0,&quot;bitrate&quot;:2818143,&quot;up_time&quot;:61,&quot;error_code&quot;:0,&quot;status_code&quot;:3,&quot;error_str&quot;:&quot;None&quot;,&quot;status_str&quot;:&quot;Connected&quot;},{&quot;host&quot;:&quot;192.168.60.66&quot;,&quot;port&quot;:2088,&quot;nic&quot;:&quot;192.168.50.65&quot;,&quot;limit&quot;:0,&quot;is_backup&quot;:0,&quot;bitrate&quot;:0,&quot;up_time&quot;:0,&quot;error_code&quot;:3,&quot;status_code&quot;:1,&quot;error_str&quot;:&quot;Timeout&quot;,&quot;status_str&quot;:&quot;Connecting&quot;},{&quot;host&quot;:&quot;192.168.5.166&quot;,&quot;port&quot;:2088,&quot;nic&quot;:&quot;192.168.5.165&quot;,&quot;limit&quot;:0,&quot;is_backup&quot;:0,&quot;bitrate&quot;:2884405,&quot;up_time&quot;:61,&quot;error_code&quot;:0,&quot;status_code&quot;:3,&quot;error_str&quot;:&quot;None&quot;,&quot;status_str&quot;:&quot;Connected&quot;}],&quot;error&quot;:&quot;None&quot;,&quot;con_stat&quot;:&quot;Disconnected&quot;,&quot;bitrate&quot;:5644168,&quot;dest&quot;:&quot;bonded/bonded9&quot;},{&quot;mip&quot;:&quot;4000.ts&quot;,&quot;port&quot;:0,&quot;ip&quot;:&quot;file&quot;,&quot;in_name&quot;:&quot;bond&quot;,&quot;in_active&quot;:1,&quot;in_active_sources&quot;:0,&quot;prg_name&quot;:&quot;&quot;,&quot;prg_prov&quot;:&quot;&quot;,&quot;prg_num&quot;:-1,&quot;chan&quot;:&quot;&quot;,&quot;chan_id&quot;:-1,&quot;id&quot;:&quot;zixi://bonded(bonded15)#10.7.0.66:2088@10.7.0.65,192.168.60.66:2088@192.168.50.65,192.168.5.166:2088@192.168.5.165&quot;,&quot;type&quot;:2,&quot;name&quot;:&quot;bond15&quot;,&quot;asi&quot;:0,&quot;rtmp&quot;:0,&quot;file&quot;:1,&quot;active&quot;:1,&quot;group&quot;:&quot;&quot;,&quot;bonded&quot;:[{&quot;host&quot;:&quot;10.7.0.66&quot;,&quot;port&quot;:2088,&quot;nic&quot;:&quot;10.7.0.65&quot;,&quot;limit&quot;:0,&quot;is_backup&quot;:0,&quot;bitrate&quot;:2866910,&quot;up_time&quot;:61,&quot;error_code&quot;:0,&quot;status_code&quot;:3,&quot;error_str&quot;:&quot;None&quot;,&quot;status_str&quot;:&quot;Connected&quot;},{&quot;host&quot;:&quot;192.168.60.66&quot;,&quot;port&quot;:2088,&quot;nic&quot;:&quot;192.168.50.65&quot;,&quot;limit&quot;:0,&quot;is_backup&quot;:0,&quot;bitrate&quot;:0,&quot;up_time&quot;:0,&quot;error_code&quot;:3,&quot;status_code&quot;:1,&quot;error_str&quot;:&quot;Timeout&quot;,&quot;status_str&quot;:&quot;Connecting&quot;},{&quot;host&quot;:&quot;192.168.5.166&quot;,&quot;port&quot;:2088,&quot;nic&quot;:&quot;192.168.5.165&quot;,&quot;limit&quot;:0,&quot;is_backup&quot;:0,&quot;bitrate&quot;:2846853,&quot;up_time&quot;:61,&quot;error_code&quot;:0,&quot;status_code&quot;:3,&quot;error_str&quot;:&quot;None&quot;,&quot;status_str&quot;:&quot;Connected&quot;}],&quot;error&quot;:&quot;None&quot;,&quot;con_stat&quot;:&quot;Disconnected&quot;,&quot;bitrate&quot;:5657878,&quot;dest&quot;:&quot;bonded/bonded15&quot;},{&quot;mip&quot;:&quot;4000.ts&quot;,&quot;port&quot;:0,&quot;ip&quot;:&quot;file&quot;,&quot;in_name&quot;:&quot;bond&quot;,&quot;in_active&quot;:1,&quot;in_active_sources&quot;:0,&quot;prg_name&quot;:&quot;&quot;,&quot;prg_prov&quot;:&quot;&quot;,&quot;prg_num&quot;:-1,&quot;chan&quot;:&quot;&quot;,&quot;chan_id&quot;:-1,&quot;id&quot;:&quot;zixi://bonded(bonded7)#10.7.0.66:2088@10.7.0.65,192.168.60.66:2088@192.168.50.65,192.168.5.166:2088@192.168.5.165&quot;,&quot;type&quot;:2,&quot;name&quot;:&quot;bond7&quot;,&quot;asi&quot;:0,&quot;rtmp&quot;:0,&quot;file&quot;:1,&quot;active&quot;:1,&quot;group&quot;:&quot;&quot;,&quot;bonded&quot;:[{&quot;host&quot;:&quot;10.7.0.66&quot;,&quot;port&quot;:2088,&quot;nic&quot;:&quot;10.7.0.65&quot;,&quot;limit&quot;:0,&quot;is_backup&quot;:0,&quot;bitrate&quot;:2899240,&quot;up_time&quot;:61,&quot;error_code&quot;:0,&quot;status_code&quot;:3,&quot;error_str&quot;:&quot;None&quot;,&quot;status_str&quot;:&quot;Connected&quot;},{&quot;host&quot;:&quot;192.168.60.66&quot;,&quot;port&quot;:2088,&quot;nic&quot;:&quot;192.168.50.65&quot;,&quot;limit&quot;:0,&quot;is_backup&quot;:0,&quot;bitrate&quot;:0,&quot;up_time&quot;:0,&quot;error_code&quot;:3,&quot;status_code&quot;:1,&quot;error_str&quot;:&quot;Timeout&quot;,&quot;status_str&quot;:&quot;Connecting&quot;},{&quot;host&quot;:&quot;192.168.5.166&quot;,&quot;port&quot;:2088,&quot;nic&quot;:&quot;192.168.5.165&quot;,&quot;limit&quot;:0,&quot;is_backup&quot;:0,&quot;bitrate&quot;:2795594,&quot;up_time&quot;:61,&quot;error_code&quot;:0,&quot;status_code&quot;:3,&quot;error_str&quot;:&quot;None&quot;,&quot;status_str&quot;:&quot;Connected&quot;}],&quot;error&quot;:&quot;None&quot;,&quot;con_stat&quot;:&quot;Disconnected&quot;,&quot;bitrate&quot;:5641944,&quot;dest&quot;:&quot;bonded/bonded7&quot;},{&quot;mip&quot;:&quot;4000.ts&quot;,&quot;port&quot;:0,&quot;ip&quot;:&quot;file&quot;,&quot;in_name&quot;:&quot;bond&quot;,&quot;in_active&quot;:1,&quot;in_active_sources&quot;:0,&quot;prg_name&quot;:&quot;&quot;,&quot;prg_prov&quot;:&quot;&quot;,&quot;prg_num&quot;:-1,&quot;chan&quot;:&quot;&quot;,&quot;chan_id&quot;:-1,&quot;id&quot;:&quot;zixi://bonded(bonded19)#10.7.0.66:2088@10.7.0.65,192.168.60.66:2088@192.168.50.65,192.168.5.166:2088@192.168.5.165&quot;,&quot;type&quot;:2,&quot;name&quot;:&quot;bond19&quot;,&quot;asi&quot;:0,&quot;rtmp&quot;:0,&quot;file&quot;:1,&quot;active&quot;:1,&quot;group&quot;:&quot;&quot;,&quot;bonded&quot;:[{&quot;host&quot;:&quot;10.7.0.66&quot;,&quot;port&quot;:2088,&quot;nic&quot;:&quot;10.7.0.65&quot;,&quot;limit&quot;:0,&quot;is_backup&quot;:0,&quot;bitrate&quot;:2846981,&quot;up_time&quot;:61,&quot;error_code&quot;:0,&quot;status_code&quot;:3,&quot;error_str&quot;:&quot;None&quot;,&quot;status_str&quot;:&quot;Connected&quot;},{&quot;host&quot;:&quot;192.168.60.66&quot;,&quot;port&quot;:2088,&quot;nic&quot;:&quot;192.168.50.65&quot;,&quot;limit&quot;:0,&quot;is_backup&quot;:0,&quot;bitrate&quot;:0,&quot;up_time&quot;:0,&quot;error_code&quot;:3,&quot;status_code&quot;:1,&quot;error_str&quot;:&quot;Timeout&quot;,&quot;status_str&quot;:&quot;Connecting&quot;},{&quot;host&quot;:&quot;192.168.5.166&quot;,&quot;port&quot;:2088,&quot;nic&quot;:&quot;192.168.5.165&quot;,&quot;limit&quot;:0,&quot;is_backup&quot;:0,&quot;bitrate&quot;:2844743,&quot;up_time&quot;:61,&quot;error_code&quot;:0,&quot;status_code&quot;:3,&quot;error_str&quot;:&quot;None&quot;,&quot;status_str&quot;:&quot;Connected&quot;}],&quot;error&quot;:&quot;None&quot;,&quot;con_stat&quot;:&quot;Disconnected&quot;,&quot;bitrate&quot;:5631184,&quot;dest&quot;:&quot;bonded/bonded19&quot;},{&quot;mip&quot;:&quot;4000.ts&quot;,&quot;port&quot;:0,&quot;ip&quot;:&quot;file&quot;,&quot;in_name&quot;:&quot;bond&quot;,&quot;in_active&quot;:1,&quot;in_active_sources&quot;:0,&quot;prg_name&quot;:&quot;&quot;,&quot;prg_prov&quot;:&quot;&quot;,&quot;prg_num&quot;:-1,&quot;chan&quot;:&quot;&quot;,&quot;chan_id&quot;:-1,&quot;id&quot;:&quot;zixi://bonded(bonded12)#10.7.0.66:2088@10.7.0.65,192.168.60.66:2088@192.168.50.65,192.168.5.166:2088@192.168.5.165&quot;,&quot;type&quot;:2,&quot;name&quot;:&quot;bond12&quot;,&quot;asi&quot;:0,&quot;rtmp&quot;:0,&quot;file&quot;:1,&quot;active&quot;:1,&quot;group&quot;:&quot;&quot;,&quot;bonded&quot;:[],&quot;error&quot;:&quot;None&quot;,&quot;con_stat&quot;:&quot;Connecting&quot;,&quot;bitrate&quot;:0,&quot;dest&quot;:&quot;bonded/bonded12&quot;},{&quot;mip&quot;:&quot;4000.ts&quot;,&quot;port&quot;:0,&quot;ip&quot;:&quot;file&quot;,&quot;in_name&quot;:&quot;bond&quot;,&quot;in_active&quot;:1,&quot;in_active_sources&quot;:0,&quot;prg_name&quot;:&quot;&quot;,&quot;prg_prov&quot;:&quot;&quot;,&quot;prg_num&quot;:-1,&quot;chan&quot;:&quot;&quot;,&quot;chan_id&quot;:-1,&quot;id&quot;:&quot;zixi://bonded(bonded13)#10.7.0.66:2088@10.7.0.65,192.168.60.66:2088@192.168.50.65,192.168.5.166:2088@192.168.5.165&quot;,&quot;type&quot;:2,&quot;name&quot;:&quot;bond13&quot;,&quot;asi&quot;:0,&quot;rtmp&quot;:0,&quot;file&quot;:1,&quot;active&quot;:1,&quot;group&quot;:&quot;&quot;,&quot;bonded&quot;:[{&quot;host&quot;:&quot;10.7.0.66&quot;,&quot;port&quot;:2088,&quot;nic&quot;:&quot;10.7.0.65&quot;,&quot;limit&quot;:0,&quot;is_backup&quot;:0,&quot;bitrate&quot;:2688144,&quot;up_time&quot;:60,&quot;error_code&quot;:0,&quot;status_code&quot;:3,&quot;error_str&quot;:&quot;None&quot;,&quot;status_str&quot;:&quot;Connected&quot;},{&quot;host&quot;:&quot;192.168.60.66&quot;,&quot;port&quot;:2088,&quot;nic&quot;:&quot;192.168.50.65&quot;,&quot;limit&quot;:0,&quot;is_backup&quot;:0,&quot;bitrate&quot;:0,&quot;up_time&quot;:0,&quot;error_code&quot;:3,&quot;status_code&quot;:1,&quot;error_str&quot;:&quot;Timeout&quot;,&quot;status_str&quot;:&quot;Connecting&quot;},{&quot;host&quot;:&quot;192.168.5.166&quot;,&quot;port&quot;:2088,&quot;nic&quot;:&quot;192.168.5.165&quot;,&quot;limit&quot;:0,&quot;is_backup&quot;:0,&quot;bitrate&quot;:3012682,&quot;up_time&quot;:60,&quot;error_code&quot;:0,&quot;status_code&quot;:3,&quot;error_str&quot;:&quot;None&quot;,&quot;status_str&quot;:&quot;Connected&quot;}],&quot;error&quot;:&quot;None&quot;,&quot;con_stat&quot;:&quot;Disconnected&quot;,&quot;bitrate&quot;:5647744,&quot;dest&quot;:&quot;bonded/bonded13&quot;}]}
Debug printing ------&gt;&gt;&gt; {&quot;custom_data&quot;:&quot;&quot;,&quot;msg&quot;:&quot;Output deleted.&quot;,&quot;error&quot;:&quot;&quot;,&quot;outs&quot;:[{&quot;mip&quot;:&quot;live_recording.ts&quot;,&quot;port&quot;:0,&quot;ip&quot;:&quot;file&quot;,&quot;in_name&quot;:&quot;feederoutputname&quot;,&quot;in_active&quot;:1,&quot;in_active_sources&quot;:0,&quot;prg_name&quot;:&quot;&quot;,&quot;prg_prov&quot;:&quot;&quot;,&quot;prg_num&quot;:1,&quot;chan&quot;:&quot;&quot;,&quot;chan_id&quot;:-1,&quot;id&quot;:&quot;zixi://10.7.0.66:2088/feederout&quot;,&quot;type&quot;:2,&quot;name&quot;:&quot;feederoutputname&quot;,&quot;asi&quot;:0,&quot;rtmp&quot;:0,&quot;file&quot;:1,&quot;active&quot;:1,&quot;group&quot;:&quot;&quot;,&quot;error&quot;:&quot;Authentication&quot;,&quot;con_stat&quot;:&quot;Disconnected&quot;,&quot;bitrate&quot;:0,&quot;dest&quot;:&quot;10.7.0.66:2088/feederout&quot;},{&quot;mip&quot;:&quot;4000.ts&quot;,&quot;port&quot;:0,&quot;ip&quot;:&quot;file&quot;,&quot;in_name&quot;:&quot;bond&quot;,&quot;in_active&quot;:1,&quot;in_active_sources&quot;:0,&quot;prg_name&quot;:&quot;&quot;,&quot;prg_prov&quot;:&quot;&quot;,&quot;prg_num&quot;:-1,&quot;chan&quot;:&quot;&quot;,&quot;chan_id&quot;:-1,&quot;id&quot;:&quot;zixi://bonded(bonded0)#10.7.0.66:2088@10.7.0.65,192.168.60.66:2088@192.168.50.65,192.168.5.166:2088@192.168.5.165&quot;,&quot;type&quot;:2,&quot;name&quot;:&quot;bond0&quot;,&quot;asi&quot;:0,&quot;rtmp&quot;:0,&quot;file&quot;:1,&quot;active&quot;:1,&quot;group&quot;:&quot;&quot;,&quot;bonded&quot;:[],&quot;error&quot;:&quot;None&quot;,&quot;con_stat&quot;:&quot;Connecting&quot;,&quot;bitrate&quot;:0,&quot;dest&quot;:&quot;bonded/bonded0&quot;},{&quot;mip&quot;:&quot;4000.ts&quot;,&quot;port&quot;:0,&quot;ip&quot;:&quot;file&quot;,&quot;in_name&quot;:&quot;bond&quot;,&quot;in_active&quot;:1,&quot;in_active_sources&quot;:0,&quot;prg_name&quot;:&quot;&quot;,&quot;prg_prov&quot;:&quot;&quot;,&quot;prg_num&quot;:-1,&quot;chan&quot;:&quot;&quot;,&quot;chan_id&quot;:-1,&quot;id&quot;:&quot;zixi://bonded(bonded1)#10.7.0.66:2088@10.7.0.65,192.168.60.66:2088@192.168.50.65,192.168.5.166:2088@192.168.5.165&quot;,&quot;type&quot;:2,&quot;name&quot;:&quot;bond1&quot;,&quot;asi&quot;:0,&quot;rtmp&quot;:0,&quot;file&quot;:1,&quot;active&quot;:1,&quot;group&quot;:&quot;&quot;,&quot;bonded&quot;:[],&quot;error&quot;:&quot;None&quot;,&quot;con_stat&quot;:&quot;Connecting&quot;,&quot;bitrate&quot;:0,&quot;dest&quot;:&quot;bonded/bonded1&quot;},{&quot;mip&quot;:&quot;4000.ts&quot;,&quot;port&quot;:0,&quot;ip&quot;:&quot;file&quot;,&quot;in_name&quot;:&quot;bond&quot;,&quot;in_active&quot;:1,&quot;in_active_sources&quot;:0,&quot;prg_name&quot;:&quot;&quot;,&quot;prg_prov&quot;:&quot;&quot;,&quot;prg_num&quot;:-1,&quot;chan&quot;:&quot;&quot;,&quot;chan_id&quot;:-1,&quot;id&quot;:&quot;zixi://bonded(bonded2)#10.7.0.66:2088@10.7.0.65,192.168.60.66:2088@192.168.50.65,192.168.5.166:2088@192.168.5.165&quot;,&quot;type&quot;:2,&quot;name&quot;:&quot;bond2&quot;,&quot;asi&quot;:0,&quot;rtmp&quot;:0,&quot;file&quot;:1,&quot;active&quot;:1,&quot;group&quot;:&quot;&quot;,&quot;bonded&quot;:[],&quot;error&quot;:&quot;None&quot;,&quot;con_stat&quot;:&quot;Connecting&quot;,&quot;bitrate&quot;:0,&quot;dest&quot;:&quot;bonded/bonded2&quot;},{&quot;mip&quot;:&quot;4000.ts&quot;,&quot;port&quot;:0,&quot;ip&quot;:&quot;file&quot;,&quot;in_name&quot;:&quot;bond&quot;,&quot;in_active&quot;:1,&quot;in_active_sources&quot;:0,&quot;prg_name&quot;:&quot;&quot;,&quot;prg_prov&quot;:&quot;&quot;,&quot;prg_num&quot;:-1,&quot;chan&quot;:&quot;&quot;,&quot;chan_id&quot;:-1,&quot;id&quot;:&quot;zixi://bonded(bonded3)#10.7.0.66:2088@10.7.0.65,192.168.60.66:2088@192.168.50.65,192.168.5.166:2088@192.168.5.165&quot;,&quot;type&quot;:2,&quot;name&quot;:&quot;bond3&quot;,&quot;asi&quot;:0,&quot;rtmp&quot;:0,&quot;file&quot;:1,&quot;active&quot;:1,&quot;group&quot;:&quot;&quot;,&quot;bonded&quot;:[],&quot;error&quot;:&quot;None&quot;,&quot;con_stat&quot;:&quot;Connecting&quot;,&quot;bitrate&quot;:0,&quot;dest&quot;:&quot;bonded/bonded3&quot;},{&quot;mip&quot;:&quot;4000.ts&quot;,&quot;port&quot;:0,&quot;ip&quot;:&quot;file&quot;,&quot;in_name&quot;:&quot;bond&quot;,&quot;in_active&quot;:1,&quot;in_active_sources&quot;:0,&quot;prg_name&quot;:&quot;&quot;,&quot;prg_prov&quot;:&quot;&quot;,&quot;prg_num&quot;:-1,&quot;chan&quot;:&quot;&quot;,&quot;chan_id&quot;:-1,&quot;id&quot;:&quot;zixi://bonded(bonded4)#10.7.0.66:2088@10.7.0.65,192.168.60.66:2088@192.168.50.65,192.168.5.166:2088@192.168.5.165&quot;,&quot;type&quot;:2,&quot;name&quot;:&quot;bond4&quot;,&quot;asi&quot;:0,&quot;rtmp&quot;:0,&quot;file&quot;:1,&quot;active&quot;:1,&quot;group&quot;:&quot;&quot;,&quot;bonded&quot;:[],&quot;error&quot;:&quot;None&quot;,&quot;con_stat&quot;:&quot;Connecting&quot;,&quot;bitrate&quot;:0,&quot;dest&quot;:&quot;bonded/bonded4&quot;},{&quot;mip&quot;:&quot;4000.ts&quot;,&quot;port&quot;:0,&quot;ip&quot;:&quot;file&quot;,&quot;in_name&quot;:&quot;bond&quot;,&quot;in_active&quot;:1,&quot;in_active_sources&quot;:0,&quot;prg_name&quot;:&quot;&quot;,&quot;prg_prov&quot;:&quot;&quot;,&quot;prg_num&quot;:-1,&quot;chan&quot;:&quot;&quot;,&quot;chan_id&quot;:-1,&quot;id&quot;:&quot;zixi://bonded(bonded10)#10.7.0.66:2088@10.7.0.65,192.168.60.66:2088@192.168.50.65,192.168.5.166:2088@192.168.5.165&quot;,&quot;type&quot;:2,&quot;name&quot;:&quot;bond10&quot;,&quot;asi&quot;:0,&quot;rtmp&quot;:0,&quot;file&quot;:1,&quot;active&quot;:1,&quot;group&quot;:&quot;&quot;,&quot;bonded&quot;:[{&quot;host&quot;:&quot;10.7.0.66&quot;,&quot;port&quot;:2088,&quot;nic&quot;:&quot;10.7.0.65&quot;,&quot;limit&quot;:0,&quot;is_backup&quot;:0,&quot;bitrate&quot;:2803062,&quot;up_time&quot;:61,&quot;error_code&quot;:0,&quot;status_code&quot;:3,&quot;error_str&quot;:&quot;None&quot;,&quot;status_str&quot;:&quot;Connected&quot;},{&quot;host&quot;:&quot;192.168.60.66&quot;,&quot;port&quot;:2088,&quot;nic&quot;:&quot;192.168.50.65&quot;,&quot;limit&quot;:0,&quot;is_backup&quot;:0,&quot;bitrate&quot;:0,&quot;up_time&quot;:0,&quot;error_code&quot;:3,&quot;status_code&quot;:1,&quot;error_str&quot;:&quot;Timeout&quot;,&quot;status_str&quot;:&quot;Connecting&quot;},{&quot;host&quot;:&quot;192.168.5.166&quot;,&quot;port&quot;:2088,&quot;nic&quot;:&quot;192.168.5.165&quot;,&quot;limit&quot;:0,&quot;is_backup&quot;:0,&quot;bitrate&quot;:2885827,&quot;up_time&quot;:61,&quot;error_code&quot;:0,&quot;status_code&quot;:3,&quot;error_str&quot;:&quot;None&quot;,&quot;status_str&quot;:&quot;Connected&quot;}],&quot;error&quot;:&quot;None&quot;,&quot;con_stat&quot;:&quot;Disconnected&quot;,&quot;bitrate&quot;:5626152,&quot;dest&quot;:&quot;bonded/bonded10&quot;},{&quot;mip&quot;:&quot;4000.ts&quot;,&quot;port&quot;:0,&quot;ip&quot;:&quot;file&quot;,&quot;in_name&quot;:&quot;bond&quot;,&quot;in_active&quot;:1,&quot;in_active_sources&quot;:0,&quot;prg_name&quot;:&quot;&quot;,&quot;prg_prov&quot;:&quot;&quot;,&quot;prg_num&quot;:-1,&quot;chan&quot;:&quot;&quot;,&quot;chan_id&quot;:-1,&quot;id&quot;:&quot;zixi://bonded(bonded5)#10.7.0.66:2088@10.7.0.65,192.168.60.66:2088@192.168.50.65,192.168.5.166:2088@192.168.5.165&quot;,&quot;type&quot;:2,&quot;name&quot;:&quot;bond5&quot;,&quot;asi&quot;:0,&quot;rtmp&quot;:0,&quot;file&quot;:1,&quot;active&quot;:1,&quot;group&quot;:&quot;&quot;,&quot;bonded&quot;:[{&quot;host&quot;:&quot;10.7.0.66&quot;,&quot;port&quot;:2088,&quot;nic&quot;:&quot;10.7.0.65&quot;,&quot;limit&quot;:0,&quot;is_backup&quot;:0,&quot;bitrate&quot;:2814446,&quot;up_time&quot;:61,&quot;error_code&quot;:0,&quot;status_code&quot;:3,&quot;error_str&quot;:&quot;None&quot;,&quot;status_str&quot;:&quot;Connected&quot;},{&quot;host&quot;:&quot;192.168.60.66&quot;,&quot;port&quot;:2088,&quot;nic&quot;:&quot;192.168.50.65&quot;,&quot;limit&quot;:0,&quot;is_backup&quot;:0,&quot;bitrate&quot;:0,&quot;up_time&quot;:0,&quot;error_code&quot;:3,&quot;status_code&quot;:1,&quot;error_str&quot;:&quot;Timeout&quot;,&quot;status_str&quot;:&quot;Connecting&quot;},{&quot;host&quot;:&quot;192.168.5.166&quot;,&quot;port&quot;:2088,&quot;nic&quot;:&quot;192.168.5.165&quot;,&quot;limit&quot;:0,&quot;is_backup&quot;:0,&quot;bitrate&quot;:2885595,&quot;up_time&quot;:61,&quot;error_code&quot;:0,&quot;status_code&quot;:3,&quot;error_str&quot;:&quot;None&quot;,&quot;status_str&quot;:&quot;Connected&quot;}],&quot;error&quot;:&quot;None&quot;,&quot;con_stat&quot;:&quot;Disconnected&quot;,&quot;bitrate&quot;:5626024,&quot;dest&quot;:&quot;bonded/bonded5&quot;},{&quot;mip&quot;:&quot;4000.ts&quot;,&quot;port&quot;:0,&quot;ip&quot;:&quot;file&quot;,&quot;in_name&quot;:&quot;bond&quot;,&quot;in_active&quot;:1,&quot;in_active_sources&quot;:0,&quot;prg_name&quot;:&quot;&quot;,&quot;prg_prov&quot;:&quot;&quot;,&quot;prg_num&quot;:-1,&quot;chan&quot;:&quot;&quot;,&quot;chan_id&quot;:-1,&quot;id&quot;:&quot;zixi://bonded(bonded11)#10.7.0.66:2088@10.7.0.65,192.168.60.66:2088@192.168.50.65,192.168.5.166:2088@192.168.5.165&quot;,&quot;type&quot;:2,&quot;name&quot;:&quot;bond11&quot;,&quot;asi&quot;:0,&quot;rtmp&quot;:0,&quot;file&quot;:1,&quot;active&quot;:1,&quot;group&quot;:&quot;&quot;,&quot;bonded&quot;:[],&quot;error&quot;:&quot;None&quot;,&quot;con_stat&quot;:&quot;Connecting&quot;,&quot;bitrate&quot;:0,&quot;dest&quot;:&quot;bonded/bonded11&quot;},{&quot;mip&quot;:&quot;4000.ts&quot;,&quot;port&quot;:0,&quot;ip&quot;:&quot;file&quot;,&quot;in_name&quot;:&quot;bond&quot;,&quot;in_active&quot;:1,&quot;in_active_sources&quot;:0,&quot;prg_name&quot;:&quot;&quot;,&quot;prg_prov&quot;:&quot;&quot;,&quot;prg_num&quot;:-1,&quot;chan&quot;:&quot;&quot;,&quot;chan_id&quot;:-1,&quot;id&quot;:&quot;zixi://bonded(bonded6)#10.7.0.66:2088@10.7.0.65,192.168.60.66:2088@192.168.50.65,192.168.5.166:2088@192.168.5.165&quot;,&quot;type&quot;:2,&quot;name&quot;:&quot;bond6&quot;,&quot;asi&quot;:0,&quot;rtmp&quot;:0,&quot;file&quot;:1,&quot;active&quot;:1,&quot;group&quot;:&quot;&quot;,&quot;bonded&quot;:[],&quot;error&quot;:&quot;None&quot;,&quot;con_stat&quot;:&quot;Connecting&quot;,&quot;bitrate&quot;:0,&quot;dest&quot;:&quot;bonded/bonded6&quot;},{&quot;mip&quot;:&quot;4000.ts&quot;,&quot;port&quot;:0,&quot;ip&quot;:&quot;file&quot;,&quot;in_name&quot;:&quot;bond&quot;,&quot;in_active&quot;:1,&quot;in_active_sources&quot;:0,&quot;prg_name&quot;:&quot;&quot;,&quot;prg_prov&quot;:&quot;&quot;,&quot;prg_num&quot;:-1,&quot;chan&quot;:&quot;&quot;,&quot;chan_id&quot;:-1,&quot;id&quot;:&quot;zixi://bonded(bonded8)#10.7.0.66:2088@10.7.0.65,192.168.60.66:2088@192.168.50.65,192.168.5.166:2088@192.168.5.165&quot;,&quot;type&quot;:2,&quot;name&quot;:&quot;bond8&quot;,&quot;asi&quot;:0,&quot;rtmp&quot;:0,&quot;file&quot;:1,&quot;active&quot;:1,&quot;group&quot;:&quot;&quot;,&quot;bonded&quot;:[],&quot;error&quot;:&quot;None&quot;,&quot;con_stat&quot;:&quot;Connecting&quot;,&quot;bitrate&quot;:0,&quot;dest&quot;:&quot;bonded/bonded8&quot;},{&quot;mip&quot;:&quot;4000.ts&quot;,&quot;port&quot;:0,&quot;ip&quot;:&quot;file&quot;,&quot;in_name&quot;:&quot;bond&quot;,&quot;in_active&quot;:1,&quot;in_active_sources&quot;:0,&quot;prg_name&quot;:&quot;&quot;,&quot;prg_prov&quot;:&quot;&quot;,&quot;prg_num&quot;:-1,&quot;chan&quot;:&quot;&quot;,&quot;chan_id&quot;:-1,&quot;id&quot;:&quot;zixi://bonded(bonded9)#10.7.0.66:2088@10.7.0.65,192.168.60.66:2088@192.168.50.65,192.168.5.166:2088@192.168.5.165&quot;,&quot;type&quot;:2,&quot;name&quot;:&quot;bond9&quot;,&quot;asi&quot;:0,&quot;rtmp&quot;:0,&quot;file&quot;:1,&quot;active&quot;:1,&quot;group&quot;:&quot;&quot;,&quot;bonded&quot;:[{&quot;host&quot;:&quot;10.7.0.66&quot;,&quot;port&quot;:2088,&quot;nic&quot;:&quot;10.7.0.65&quot;,&quot;limit&quot;:0,&quot;is_backup&quot;:0,&quot;bitrate&quot;:2818143,&quot;up_time&quot;:61,&quot;error_code&quot;:0,&quot;status_code&quot;:3,&quot;error_str&quot;:&quot;None&quot;,&quot;status_str&quot;:&quot;Connected&quot;},{&quot;host&quot;:&quot;192.168.60.66&quot;,&quot;port&quot;:2088,&quot;nic&quot;:&quot;192.168.50.65&quot;,&quot;limit&quot;:0,&quot;is_backup&quot;:0,&quot;bitrate&quot;:0,&quot;up_time&quot;:0,&quot;error_code&quot;:3,&quot;status_code&quot;:1,&quot;error_str&quot;:&quot;Timeout&quot;,&quot;status_str&quot;:&quot;Connecting&quot;},{&quot;host&quot;:&quot;192.168.5.166&quot;,&quot;port&quot;:2088,&quot;nic&quot;:&quot;192.168.5.165&quot;,&quot;limit&quot;:0,&quot;is_backup&quot;:0,&quot;bitrate&quot;:2884405,&quot;up_time&quot;:61,&quot;error_code&quot;:0,&quot;status_code&quot;:3,&quot;error_str&quot;:&quot;None&quot;,&quot;status_str&quot;:&quot;Connected&quot;}],&quot;error&quot;:&quot;None&quot;,&quot;con_stat&quot;:&quot;Disconnected&quot;,&quot;bitrate&quot;:5644168,&quot;dest&quot;:&quot;bonded/bonded9&quot;},{&quot;mip&quot;:&quot;4000.ts&quot;,&quot;port&quot;:0,&quot;ip&quot;:&quot;file&quot;,&quot;in_name&quot;:&quot;bond&quot;,&quot;in_active&quot;:1,&quot;in_active_sources&quot;:0,&quot;prg_name&quot;:&quot;&quot;,&quot;prg_prov&quot;:&quot;&quot;,&quot;prg_num&quot;:-1,&quot;chan&quot;:&quot;&quot;,&quot;chan_id&quot;:-1,&quot;id&quot;:&quot;zixi://bonded(bonded15)#10.7.0.66:2088@10.7.0.65,192.168.60.66:2088@192.168.50.65,192.168.5.166:2088@192.168.5.165&quot;,&quot;type&quot;:2,&quot;name&quot;:&quot;bond15&quot;,&quot;asi&quot;:0,&quot;rtmp&quot;:0,&quot;file&quot;:1,&quot;active&quot;:1,&quot;group&quot;:&quot;&quot;,&quot;bonded&quot;:[{&quot;host&quot;:&quot;10.7.0.66&quot;,&quot;port&quot;:2088,&quot;nic&quot;:&quot;10.7.0.65&quot;,&quot;limit&quot;:0,&quot;is_backup&quot;:0,&quot;bitrate&quot;:2866910,&quot;up_time&quot;:61,&quot;error_code&quot;:0,&quot;status_code&quot;:3,&quot;error_str&quot;:&quot;None&quot;,&quot;status_str&quot;:&quot;Connected&quot;},{&quot;host&quot;:&quot;192.168.60.66&quot;,&quot;port&quot;:2088,&quot;nic&quot;:&quot;192.168.50.65&quot;,&quot;limit&quot;:0,&quot;is_backup&quot;:0,&quot;bitrate&quot;:0,&quot;up_time&quot;:0,&quot;error_code&quot;:3,&quot;status_code&quot;:1,&quot;error_str&quot;:&quot;Timeout&quot;,&quot;status_str&quot;:&quot;Connecting&quot;},{&quot;host&quot;:&quot;192.168.5.166&quot;,&quot;port&quot;:2088,&quot;nic&quot;:&quot;192.168.5.165&quot;,&quot;limit&quot;:0,&quot;is_backup&quot;:0,&quot;bitrate&quot;:2846853,&quot;up_time&quot;:61,&quot;error_code&quot;:0,&quot;status_code&quot;:3,&quot;error_str&quot;:&quot;None&quot;,&quot;status_str&quot;:&quot;Connected&quot;}],&quot;error&quot;:&quot;None&quot;,&quot;con_stat&quot;:&quot;Disconnected&quot;,&quot;bitrate&quot;:5657878,&quot;dest&quot;:&quot;bonded/bonded15&quot;},{&quot;mip&quot;:&quot;4000.ts&quot;,&quot;port&quot;:0,&quot;ip&quot;:&quot;file&quot;,&quot;in_name&quot;:&quot;bond&quot;,&quot;in_active&quot;:1,&quot;in_active_sources&quot;:0,&quot;prg_name&quot;:&quot;&quot;,&quot;prg_prov&quot;:&quot;&quot;,&quot;prg_num&quot;:-1,&quot;chan&quot;:&quot;&quot;,&quot;chan_id&quot;:-1,&quot;id&quot;:&quot;zixi://bonded(bonded7)#10.7.0.66:2088@10.7.0.65,192.168.60.66:2088@192.168.50.65,192.168.5.166:2088@192.168.5.165&quot;,&quot;type&quot;:2,&quot;name&quot;:&quot;bond7&quot;,&quot;asi&quot;:0,&quot;rtmp&quot;:0,&quot;file&quot;:1,&quot;active&quot;:1,&quot;group&quot;:&quot;&quot;,&quot;bonded&quot;:[{&quot;host&quot;:&quot;10.7.0.66&quot;,&quot;port&quot;:2088,&quot;nic&quot;:&quot;10.7.0.65&quot;,&quot;limit&quot;:0,&quot;is_backup&quot;:0,&quot;bitrate&quot;:2899240,&quot;up_time&quot;:61,&quot;error_code&quot;:0,&quot;status_code&quot;:3,&quot;error_str&quot;:&quot;None&quot;,&quot;status_str&quot;:&quot;Connected&quot;},{&quot;host&quot;:&quot;192.168.60.66&quot;,&quot;port&quot;:2088,&quot;nic&quot;:&quot;192.168.50.65&quot;,&quot;limit&quot;:0,&quot;is_backup&quot;:0,&quot;bitrate&quot;:0,&quot;up_time&quot;:0,&quot;error_code&quot;:3,&quot;status_code&quot;:1,&quot;error_str&quot;:&quot;Timeout&quot;,&quot;status_str&quot;:&quot;Connecting&quot;},{&quot;host&quot;:&quot;192.168.5.166&quot;,&quot;port&quot;:2088,&quot;nic&quot;:&quot;192.168.5.165&quot;,&quot;limit&quot;:0,&quot;is_backup&quot;:0,&quot;bitrate&quot;:2795594,&quot;up_time&quot;:61,&quot;error_code&quot;:0,&quot;status_code&quot;:3,&quot;error_str&quot;:&quot;None&quot;,&quot;status_str&quot;:&quot;Connected&quot;}],&quot;error&quot;:&quot;None&quot;,&quot;con_stat&quot;:&quot;Disconnected&quot;,&quot;bitrate&quot;:5641944,&quot;dest&quot;:&quot;bonded/bonded7&quot;},{&quot;mip&quot;:&quot;4000.ts&quot;,&quot;port&quot;:0,&quot;ip&quot;:&quot;file&quot;,&quot;in_name&quot;:&quot;bond&quot;,&quot;in_active&quot;:1,&quot;in_active_sources&quot;:0,&quot;prg_name&quot;:&quot;&quot;,&quot;prg_prov&quot;:&quot;&quot;,&quot;prg_num&quot;:-1,&quot;chan&quot;:&quot;&quot;,&quot;chan_id&quot;:-1,&quot;id&quot;:&quot;zixi://bonded(bonded19)#10.7.0.66:2088@10.7.0.65,192.168.60.66:2088@192.168.50.65,192.168.5.166:2088@192.168.5.165&quot;,&quot;type&quot;:2,&quot;name&quot;:&quot;bond19&quot;,&quot;asi&quot;:0,&quot;rtmp&quot;:0,&quot;file&quot;:1,&quot;active&quot;:1,&quot;group&quot;:&quot;&quot;,&quot;bonded&quot;:[{&quot;host&quot;:&quot;10.7.0.66&quot;,&quot;port&quot;:2088,&quot;nic&quot;:&quot;10.7.0.65&quot;,&quot;limit&quot;:0,&quot;is_backup&quot;:0,&quot;bitrate&quot;:2846981,&quot;up_time&quot;:61,&quot;error_code&quot;:0,&quot;status_code&quot;:3,&quot;error_str&quot;:&quot;None&quot;,&quot;status_str&quot;:&quot;Connected&quot;},{&quot;host&quot;:&quot;192.168.60.66&quot;,&quot;port&quot;:2088,&quot;nic&quot;:&quot;192.168.50.65&quot;,&quot;limit&quot;:0,&quot;is_backup&quot;:0,&quot;bitrate&quot;:0,&quot;up_time&quot;:0,&quot;error_code&quot;:3,&quot;status_code&quot;:1,&quot;error_str&quot;:&quot;Timeout&quot;,&quot;status_str&quot;:&quot;Connecting&quot;},{&quot;host&quot;:&quot;192.168.5.166&quot;,&quot;port&quot;:2088,&quot;nic&quot;:&quot;192.168.5.165&quot;,&quot;limit&quot;:0,&quot;is_backup&quot;:0,&quot;bitrate&quot;:2844743,&quot;up_time&quot;:61,&quot;error_code&quot;:0,&quot;status_code&quot;:3,&quot;error_str&quot;:&quot;None&quot;,&quot;status_str&quot;:&quot;Connected&quot;}],&quot;error&quot;:&quot;None&quot;,&quot;con_stat&quot;:&quot;Disconnected&quot;,&quot;bitrate&quot;:5631184,&quot;dest&quot;:&quot;bonded/bonded19&quot;},{&quot;mip&quot;:&quot;4000.ts&quot;,&quot;port&quot;:0,&quot;ip&quot;:&quot;file&quot;,&quot;in_name&quot;:&quot;bond&quot;,&quot;in_active&quot;:1,&quot;in_active_sources&quot;:0,&quot;prg_name&quot;:&quot;&quot;,&quot;prg_prov&quot;:&quot;&quot;,&quot;prg_num&quot;:-1,&quot;chan&quot;:&quot;&quot;,&quot;chan_id&quot;:-1,&quot;id&quot;:&quot;zixi://bonded(bonded12)#10.7.0.66:2088@10.7.0.65,192.168.60.66:2088@192.168.50.65,192.168.5.166:2088@192.168.5.165&quot;,&quot;type&quot;:2,&quot;name&quot;:&quot;bond12&quot;,&quot;asi&quot;:0,&quot;rtmp&quot;:0,&quot;file&quot;:1,&quot;active&quot;:1,&quot;group&quot;:&quot;&quot;,&quot;bonded&quot;:[],&quot;error&quot;:&quot;None&quot;,&quot;con_stat&quot;:&quot;Connecting&quot;,&quot;bitrate&quot;:0,&quot;dest&quot;:&quot;bonded/bonded12&quot;}]}
Debug printing ------&gt;&gt;&gt; {&quot;custom_data&quot;:&quot;&quot;,&quot;msg&quot;:&quot;Output deleted.&quot;,&quot;error&quot;:&quot;&quot;,&quot;outs&quot;:[{&quot;mip&quot;:&quot;live_recording.ts&quot;,&quot;port&quot;:0,&quot;ip&quot;:&quot;file&quot;,&quot;in_name&quot;:&quot;feederoutputname&quot;,&quot;in_active&quot;:1,&quot;in_active_sources&quot;:0,&quot;prg_name&quot;:&quot;&quot;,&quot;prg_prov&quot;:&quot;&quot;,&quot;prg_num&quot;:1,&quot;chan&quot;:&quot;&quot;,&quot;chan_id&quot;:-1,&quot;id&quot;:&quot;zixi://10.7.0.66:2088/feederout&quot;,&quot;type&quot;:2,&quot;name&quot;:&quot;feederoutputname&quot;,&quot;asi&quot;:0,&quot;rtmp&quot;:0,&quot;file&quot;:1,&quot;active&quot;:1,&quot;group&quot;:&quot;&quot;,&quot;error&quot;:&quot;Authentication&quot;,&quot;con_stat&quot;:&quot;Disconnected&quot;,&quot;bitrate&quot;:0,&quot;dest&quot;:&quot;10.7.0.66:2088/feederout&quot;},{&quot;mip&quot;:&quot;4000.ts&quot;,&quot;port&quot;:0,&quot;ip&quot;:&quot;file&quot;,&quot;in_name&quot;:&quot;bond&quot;,&quot;in_active&quot;:1,&quot;in_active_sources&quot;:0,&quot;prg_name&quot;:&quot;&quot;,&quot;prg_prov&quot;:&quot;&quot;,&quot;prg_num&quot;:-1,&quot;chan&quot;:&quot;&quot;,&quot;chan_id&quot;:-1,&quot;id&quot;:&quot;zixi://bonded(bonded0)#10.7.0.66:2088@10.7.0.65,192.168.60.66:2088@192.168.50.65,192.168.5.166:2088@192.168.5.165&quot;,&quot;type&quot;:2,&quot;name&quot;:&quot;bond0&quot;,&quot;asi&quot;:0,&quot;rtmp&quot;:0,&quot;file&quot;:1,&quot;active&quot;:1,&quot;group&quot;:&quot;&quot;,&quot;bonded&quot;:[],&quot;error&quot;:&quot;None&quot;,&quot;con_stat&quot;:&quot;Connecting&quot;,&quot;bitrate&quot;:0,&quot;dest&quot;:&quot;bonded/bonded0&quot;},{&quot;mip&quot;:&quot;4000.ts&quot;,&quot;port&quot;:0,&quot;ip&quot;:&quot;file&quot;,&quot;in_name&quot;:&quot;bond&quot;,&quot;in_active&quot;:1,&quot;in_active_sources&quot;:0,&quot;prg_name&quot;:&quot;&quot;,&quot;prg_prov&quot;:&quot;&quot;,&quot;prg_num&quot;:-1,&quot;chan&quot;:&quot;&quot;,&quot;chan_id&quot;:-1,&quot;id&quot;:&quot;zixi://bonded(bonded1)#10.7.0.66:2088@10.7.0.65,192.168.60.66:2088@192.168.50.65,192.168.5.166:2088@192.168.5.165&quot;,&quot;type&quot;:2,&quot;name&quot;:&quot;bond1&quot;,&quot;asi&quot;:0,&quot;rtmp&quot;:0,&quot;file&quot;:1,&quot;active&quot;:1,&quot;group&quot;:&quot;&quot;,&quot;bonded&quot;:[],&quot;error&quot;:&quot;None&quot;,&quot;con_stat&quot;:&quot;Connecting&quot;,&quot;bitrate&quot;:0,&quot;dest&quot;:&quot;bonded/bonded1&quot;},{&quot;mip&quot;:&quot;4000.ts&quot;,&quot;port&quot;:0,&quot;ip&quot;:&quot;file&quot;,&quot;in_name&quot;:&quot;bond&quot;,&quot;in_active&quot;:1,&quot;in_active_sources&quot;:0,&quot;prg_name&quot;:&quot;&quot;,&quot;prg_prov&quot;:&quot;&quot;,&quot;prg_num&quot;:-1,&quot;chan&quot;:&quot;&quot;,&quot;chan_id&quot;:-1,&quot;id&quot;:&quot;zixi://bonded(bonded2)#10.7.0.66:2088@10.7.0.65,192.168.60.66:2088@192.168.50.65,192.168.5.166:2088@192.168.5.165&quot;,&quot;type&quot;:2,&quot;name&quot;:&quot;bond2&quot;,&quot;asi&quot;:0,&quot;rtmp&quot;:0,&quot;file&quot;:1,&quot;active&quot;:1,&quot;group&quot;:&quot;&quot;,&quot;bonded&quot;:[],&quot;error&quot;:&quot;None&quot;,&quot;con_stat&quot;:&quot;Connecting&quot;,&quot;bitrate&quot;:0,&quot;dest&quot;:&quot;bonded/bonded2&quot;},{&quot;mip&quot;:&quot;4000.ts&quot;,&quot;port&quot;:0,&quot;ip&quot;:&quot;file&quot;,&quot;in_name&quot;:&quot;bond&quot;,&quot;in_active&quot;:1,&quot;in_active_sources&quot;:0,&quot;prg_name&quot;:&quot;&quot;,&quot;prg_prov&quot;:&quot;&quot;,&quot;prg_num&quot;:-1,&quot;chan&quot;:&quot;&quot;,&quot;chan_id&quot;:-1,&quot;id&quot;:&quot;zixi://bonded(bonded3)#10.7.0.66:2088@10.7.0.65,192.168.60.66:2088@192.168.50.65,192.168.5.166:2088@192.168.5.165&quot;,&quot;type&quot;:2,&quot;name&quot;:&quot;bond3&quot;,&quot;asi&quot;:0,&quot;rtmp&quot;:0,&quot;file&quot;:1,&quot;active&quot;:1,&quot;group&quot;:&quot;&quot;,&quot;bonded&quot;:[],&quot;error&quot;:&quot;None&quot;,&quot;con_stat&quot;:&quot;Connecting&quot;,&quot;bitrate&quot;:0,&quot;dest&quot;:&quot;bonded/bonded3&quot;},{&quot;mip&quot;:&quot;4000.ts&quot;,&quot;port&quot;:0,&quot;ip&quot;:&quot;file&quot;,&quot;in_name&quot;:&quot;bond&quot;,&quot;in_active&quot;:1,&quot;in_active_sources&quot;:0,&quot;prg_name&quot;:&quot;&quot;,&quot;prg_prov&quot;:&quot;&quot;,&quot;prg_num&quot;:-1,&quot;chan&quot;:&quot;&quot;,&quot;chan_id&quot;:-1,&quot;id&quot;:&quot;zixi://bonded(bonded4)#10.7.0.66:2088@10.7.0.65,192.168.60.66:2088@192.168.50.65,192.168.5.166:2088@192.168.5.165&quot;,&quot;type&quot;:2,&quot;name&quot;:&quot;bond4&quot;,&quot;asi&quot;:0,&quot;rtmp&quot;:0,&quot;file&quot;:1,&quot;active&quot;:1,&quot;group&quot;:&quot;&quot;,&quot;bonded&quot;:[],&quot;error&quot;:&quot;None&quot;,&quot;con_stat&quot;:&quot;Connecting&quot;,&quot;bitrate&quot;:0,&quot;dest&quot;:&quot;bonded/bonded4&quot;},{&quot;mip&quot;:&quot;4000.ts&quot;,&quot;port&quot;:0,&quot;ip&quot;:&quot;file&quot;,&quot;in_name&quot;:&quot;bond&quot;,&quot;in_active&quot;:1,&quot;in_active_sources&quot;:0,&quot;prg_name&quot;:&quot;&quot;,&quot;prg_prov&quot;:&quot;&quot;,&quot;prg_num&quot;:-1,&quot;chan&quot;:&quot;&quot;,&quot;chan_id&quot;:-1,&quot;id&quot;:&quot;zixi://bonded(bonded10)#10.7.0.66:2088@10.7.0.65,192.168.60.66:2088@192.168.50.65,192.168.5.166:2088@192.168.5.165&quot;,&quot;type&quot;:2,&quot;name&quot;:&quot;bond10&quot;,&quot;asi&quot;:0,&quot;rtmp&quot;:0,&quot;file&quot;:1,&quot;active&quot;:1,&quot;group&quot;:&quot;&quot;,&quot;bonded&quot;:[{&quot;host&quot;:&quot;10.7.0.66&quot;,&quot;port&quot;:2088,&quot;nic&quot;:&quot;10.7.0.65&quot;,&quot;limit&quot;:0,&quot;is_backup&quot;:0,&quot;bitrate&quot;:2803062,&quot;up_time&quot;:61,&quot;error_code&quot;:0,&quot;status_code&quot;:3,&quot;error_str&quot;:&quot;None&quot;,&quot;status_str&quot;:&quot;Connected&quot;},{&quot;host&quot;:&quot;192.168.60.66&quot;,&quot;port&quot;:2088,&quot;nic&quot;:&quot;192.168.50.65&quot;,&quot;limit&quot;:0,&quot;is_backup&quot;:0,&quot;bitrate&quot;:0,&quot;up_time&quot;:0,&quot;error_code&quot;:3,&quot;status_code&quot;:1,&quot;error_str&quot;:&quot;Timeout&quot;,&quot;status_str&quot;:&quot;Connecting&quot;},{&quot;host&quot;:&quot;192.168.5.166&quot;,&quot;port&quot;:2088,&quot;nic&quot;:&quot;192.168.5.165&quot;,&quot;limit&quot;:0,&quot;is_backup&quot;:0,&quot;bitrate&quot;:2885827,&quot;up_time&quot;:61,&quot;error_code&quot;:0,&quot;status_code&quot;:3,&quot;error_str&quot;:&quot;None&quot;,&quot;status_str&quot;:&quot;Connected&quot;}],&quot;error&quot;:&quot;None&quot;,&quot;con_stat&quot;:&quot;Disconnected&quot;,&quot;bitrate&quot;:5626152,&quot;dest&quot;:&quot;bonded/bonded10&quot;},{&quot;mip&quot;:&quot;4000.ts&quot;,&quot;port&quot;:0,&quot;ip&quot;:&quot;file&quot;,&quot;in_name&quot;:&quot;bond&quot;,&quot;in_active&quot;:1,&quot;in_active_sources&quot;:0,&quot;prg_name&quot;:&quot;&quot;,&quot;prg_prov&quot;:&quot;&quot;,&quot;prg_num&quot;:-1,&quot;chan&quot;:&quot;&quot;,&quot;chan_id&quot;:-1,&quot;id&quot;:&quot;zixi://bonded(bonded5)#10.7.0.66:2088@10.7.0.65,192.168.60.66:2088@192.168.50.65,192.168.5.166:2088@192.168.5.165&quot;,&quot;type&quot;:2,&quot;name&quot;:&quot;bond5&quot;,&quot;asi&quot;:0,&quot;rtmp&quot;:0,&quot;file&quot;:1,&quot;active&quot;:1,&quot;group&quot;:&quot;&quot;,&quot;bonded&quot;:[{&quot;host&quot;:&quot;10.7.0.66&quot;,&quot;port&quot;:2088,&quot;nic&quot;:&quot;10.7.0.65&quot;,&quot;limit&quot;:0,&quot;is_backup&quot;:0,&quot;bitrate&quot;:2814446,&quot;up_time&quot;:61,&quot;error_code&quot;:0,&quot;status_code&quot;:3,&quot;error_str&quot;:&quot;None&quot;,&quot;status_str&quot;:&quot;Connected&quot;},{&quot;host&quot;:&quot;192.168.60.66&quot;,&quot;port&quot;:2088,&quot;nic&quot;:&quot;192.168.50.65&quot;,&quot;limit&quot;:0,&quot;is_backup&quot;:0,&quot;bitrate&quot;:0,&quot;up_time&quot;:0,&quot;error_code&quot;:3,&quot;status_code&quot;:1,&quot;error_str&quot;:&quot;Timeout&quot;,&quot;status_str&quot;:&quot;Connecting&quot;},{&quot;host&quot;:&quot;192.168.5.166&quot;,&quot;port&quot;:2088,&quot;nic&quot;:&quot;192.168.5.165&quot;,&quot;limit&quot;:0,&quot;is_backup&quot;:0,&quot;bitrate&quot;:2885595,&quot;up_time&quot;:61,&quot;error_code&quot;:0,&quot;status_code&quot;:3,&quot;error_str&quot;:&quot;None&quot;,&quot;status_str&quot;:&quot;Connected&quot;}],&quot;error&quot;:&quot;None&quot;,&quot;con_stat&quot;:&quot;Disconnected&quot;,&quot;bitrate&quot;:5626024,&quot;dest&quot;:&quot;bonded/bonded5&quot;},{&quot;mip&quot;:&quot;4000.ts&quot;,&quot;port&quot;:0,&quot;ip&quot;:&quot;file&quot;,&quot;in_name&quot;:&quot;bond&quot;,&quot;in_active&quot;:1,&quot;in_active_sources&quot;:0,&quot;prg_name&quot;:&quot;&quot;,&quot;prg_prov&quot;:&quot;&quot;,&quot;prg_num&quot;:-1,&quot;chan&quot;:&quot;&quot;,&quot;chan_id&quot;:-1,&quot;id&quot;:&quot;zixi://bonded(bonded11)#10.7.0.66:2088@10.7.0.65,192.168.60.66:2088@192.168.50.65,192.168.5.166:2088@192.168.5.165&quot;,&quot;type&quot;:2,&quot;name&quot;:&quot;bond11&quot;,&quot;asi&quot;:0,&quot;rtmp&quot;:0,&quot;file&quot;:1,&quot;active&quot;:1,&quot;group&quot;:&quot;&quot;,&quot;bonded&quot;:[],&quot;error&quot;:&quot;None&quot;,&quot;con_stat&quot;:&quot;Connecting&quot;,&quot;bitrate&quot;:0,&quot;dest&quot;:&quot;bonded/bonded11&quot;},{&quot;mip&quot;:&quot;4000.ts&quot;,&quot;port&quot;:0,&quot;ip&quot;:&quot;file&quot;,&quot;in_name&quot;:&quot;bond&quot;,&quot;in_active&quot;:1,&quot;in_active_sources&quot;:0,&quot;prg_name&quot;:&quot;&quot;,&quot;prg_prov&quot;:&quot;&quot;,&quot;prg_num&quot;:-1,&quot;chan&quot;:&quot;&quot;,&quot;chan_id&quot;:-1,&quot;id&quot;:&quot;zixi://bonded(bonded6)#10.7.0.66:2088@10.7.0.65,192.168.60.66:2088@192.168.50.65,192.168.5.166:2088@192.168.5.165&quot;,&quot;type&quot;:2,&quot;name&quot;:&quot;bond6&quot;,&quot;asi&quot;:0,&quot;rtmp&quot;:0,&quot;file&quot;:1,&quot;active&quot;:1,&quot;group&quot;:&quot;&quot;,&quot;bonded&quot;:[],&quot;error&quot;:&quot;None&quot;,&quot;con_stat&quot;:&quot;Connecting&quot;,&quot;bitrate&quot;:0,&quot;dest&quot;:&quot;bonded/bonded6&quot;},{&quot;mip&quot;:&quot;4000.ts&quot;,&quot;port&quot;:0,&quot;ip&quot;:&quot;file&quot;,&quot;in_name&quot;:&quot;bond&quot;,&quot;in_active&quot;:1,&quot;in_active_sources&quot;:0,&quot;prg_name&quot;:&quot;&quot;,&quot;prg_prov&quot;:&quot;&quot;,&quot;prg_num&quot;:-1,&quot;chan&quot;:&quot;&quot;,&quot;chan_id&quot;:-1,&quot;id&quot;:&quot;zixi://bonded(bonded8)#10.7.0.66:2088@10.7.0.65,192.168.60.66:2088@192.168.50.65,192.168.5.166:2088@192.168.5.165&quot;,&quot;type&quot;:2,&quot;name&quot;:&quot;bond8&quot;,&quot;asi&quot;:0,&quot;rtmp&quot;:0,&quot;file&quot;:1,&quot;active&quot;:1,&quot;group&quot;:&quot;&quot;,&quot;bonded&quot;:[],&quot;error&quot;:&quot;None&quot;,&quot;con_stat&quot;:&quot;Connecting&quot;,&quot;bitrate&quot;:0,&quot;dest&quot;:&quot;bonded/bonded8&quot;},{&quot;mip&quot;:&quot;4000.ts&quot;,&quot;port&quot;:0,&quot;ip&quot;:&quot;file&quot;,&quot;in_name&quot;:&quot;bond&quot;,&quot;in_active&quot;:1,&quot;in_active_sources&quot;:0,&quot;prg_name&quot;:&quot;&quot;,&quot;prg_prov&quot;:&quot;&quot;,&quot;prg_num&quot;:-1,&quot;chan&quot;:&quot;&quot;,&quot;chan_id&quot;:-1,&quot;id&quot;:&quot;zixi://bonded(bonded9)#10.7.0.66:2088@10.7.0.65,192.168.60.66:2088@192.168.50.65,192.168.5.166:2088@192.168.5.165&quot;,&quot;type&quot;:2,&quot;name&quot;:&quot;bond9&quot;,&quot;asi&quot;:0,&quot;rtmp&quot;:0,&quot;file&quot;:1,&quot;active&quot;:1,&quot;group&quot;:&quot;&quot;,&quot;bonded&quot;:[{&quot;host&quot;:&quot;10.7.0.66&quot;,&quot;port&quot;:2088,&quot;nic&quot;:&quot;10.7.0.65&quot;,&quot;limit&quot;:0,&quot;is_backup&quot;:0,&quot;bitrate&quot;:2818143,&quot;up_time&quot;:61,&quot;error_code&quot;:0,&quot;status_code&quot;:3,&quot;error_str&quot;:&quot;None&quot;,&quot;status_str&quot;:&quot;Connected&quot;},{&quot;host&quot;:&quot;192.168.60.66&quot;,&quot;port&quot;:2088,&quot;nic&quot;:&quot;192.168.50.65&quot;,&quot;limit&quot;:0,&quot;is_backup&quot;:0,&quot;bitrate&quot;:0,&quot;up_time&quot;:0,&quot;error_code&quot;:3,&quot;status_code&quot;:1,&quot;error_str&quot;:&quot;Timeout&quot;,&quot;status_str&quot;:&quot;Connecting&quot;},{&quot;host&quot;:&quot;192.168.5.166&quot;,&quot;port&quot;:2088,&quot;nic&quot;:&quot;192.168.5.165&quot;,&quot;limit&quot;:0,&quot;is_backup&quot;:0,&quot;bitrate&quot;:2884405,&quot;up_time&quot;:61,&quot;error_code&quot;:0,&quot;status_code&quot;:3,&quot;error_str&quot;:&quot;None&quot;,&quot;status_str&quot;:&quot;Connected&quot;}],&quot;error&quot;:&quot;None&quot;,&quot;con_stat&quot;:&quot;Disconnected&quot;,&quot;bitrate&quot;:5644168,&quot;dest&quot;:&quot;bonded/bonded9&quot;},{&quot;mip&quot;:&quot;4000.ts&quot;,&quot;port&quot;:0,&quot;ip&quot;:&quot;file&quot;,&quot;in_name&quot;:&quot;bond&quot;,&quot;in_active&quot;:1,&quot;in_active_sources&quot;:0,&quot;prg_name&quot;:&quot;&quot;,&quot;prg_prov&quot;:&quot;&quot;,&quot;prg_num&quot;:-1,&quot;chan&quot;:&quot;&quot;,&quot;chan_id&quot;:-1,&quot;id&quot;:&quot;zixi://bonded(bonded15)#10.7.0.66:2088@10.7.0.65,192.168.60.66:2088@192.168.50.65,192.168.5.166:2088@192.168.5.165&quot;,&quot;type&quot;:2,&quot;name&quot;:&quot;bond15&quot;,&quot;asi&quot;:0,&quot;rtmp&quot;:0,&quot;file&quot;:1,&quot;active&quot;:1,&quot;group&quot;:&quot;&quot;,&quot;bonded&quot;:[{&quot;host&quot;:&quot;10.7.0.66&quot;,&quot;port&quot;:2088,&quot;nic&quot;:&quot;10.7.0.65&quot;,&quot;limit&quot;:0,&quot;is_backup&quot;:0,&quot;bitrate&quot;:2866910,&quot;up_time&quot;:61,&quot;error_code&quot;:0,&quot;status_code&quot;:3,&quot;error_str&quot;:&quot;None&quot;,&quot;status_str&quot;:&quot;Connected&quot;},{&quot;host&quot;:&quot;192.168.60.66&quot;,&quot;port&quot;:2088,&quot;nic&quot;:&quot;192.168.50.65&quot;,&quot;limit&quot;:0,&quot;is_backup&quot;:0,&quot;bitrate&quot;:0,&quot;up_time&quot;:0,&quot;error_code&quot;:3,&quot;status_code&quot;:1,&quot;error_str&quot;:&quot;Timeout&quot;,&quot;status_str&quot;:&quot;Connecting&quot;},{&quot;host&quot;:&quot;192.168.5.166&quot;,&quot;port&quot;:2088,&quot;nic&quot;:&quot;192.168.5.165&quot;,&quot;limit&quot;:0,&quot;is_backup&quot;:0,&quot;bitrate&quot;:2846853,&quot;up_time&quot;:61,&quot;error_code&quot;:0,&quot;status_code&quot;:3,&quot;error_str&quot;:&quot;None&quot;,&quot;status_str&quot;:&quot;Connected&quot;}],&quot;error&quot;:&quot;None&quot;,&quot;con_stat&quot;:&quot;Disconnected&quot;,&quot;bitrate&quot;:5657878,&quot;dest&quot;:&quot;bonded/bonded15&quot;},{&quot;mip&quot;:&quot;4000.ts&quot;,&quot;port&quot;:0,&quot;ip&quot;:&quot;file&quot;,&quot;in_name&quot;:&quot;bond&quot;,&quot;in_active&quot;:1,&quot;in_active_sources&quot;:0,&quot;prg_name&quot;:&quot;&quot;,&quot;prg_prov&quot;:&quot;&quot;,&quot;prg_num&quot;:-1,&quot;chan&quot;:&quot;&quot;,&quot;chan_id&quot;:-1,&quot;id&quot;:&quot;zixi://bonded(bonded7)#10.7.0.66:2088@10.7.0.65,192.168.60.66:2088@192.168.50.65,192.168.5.166:2088@192.168.5.165&quot;,&quot;type&quot;:2,&quot;name&quot;:&quot;bond7&quot;,&quot;asi&quot;:0,&quot;rtmp&quot;:0,&quot;file&quot;:1,&quot;active&quot;:1,&quot;group&quot;:&quot;&quot;,&quot;bonded&quot;:[{&quot;host&quot;:&quot;10.7.0.66&quot;,&quot;port&quot;:2088,&quot;nic&quot;:&quot;10.7.0.65&quot;,&quot;limit&quot;:0,&quot;is_backup&quot;:0,&quot;bitrate&quot;:2899240,&quot;up_time&quot;:61,&quot;error_code&quot;:0,&quot;status_code&quot;:3,&quot;error_str&quot;:&quot;None&quot;,&quot;status_str&quot;:&quot;Connected&quot;},{&quot;host&quot;:&quot;192.168.60.66&quot;,&quot;port&quot;:2088,&quot;nic&quot;:&quot;192.168.50.65&quot;,&quot;limit&quot;:0,&quot;is_backup&quot;:0,&quot;bitrate&quot;:0,&quot;up_time&quot;:0,&quot;error_code&quot;:3,&quot;status_code&quot;:1,&quot;error_str&quot;:&quot;Timeout&quot;,&quot;status_str&quot;:&quot;Connecting&quot;},{&quot;host&quot;:&quot;192.168.5.166&quot;,&quot;port&quot;:2088,&quot;nic&quot;:&quot;192.168.5.165&quot;,&quot;limit&quot;:0,&quot;is_backup&quot;:0,&quot;bitrate&quot;:2795594,&quot;up_time&quot;:61,&quot;error_code&quot;:0,&quot;status_code&quot;:3,&quot;error_str&quot;:&quot;None&quot;,&quot;status_str&quot;:&quot;Connected&quot;}],&quot;error&quot;:&quot;None&quot;,&quot;con_stat&quot;:&quot;Disconnected&quot;,&quot;bitrate&quot;:5641944,&quot;dest&quot;:&quot;bonded/bonded7&quot;},{&quot;mip&quot;:&quot;4000.ts&quot;,&quot;port&quot;:0,&quot;ip&quot;:&quot;file&quot;,&quot;in_name&quot;:&quot;bond&quot;,&quot;in_active&quot;:1,&quot;in_active_sources&quot;:0,&quot;prg_name&quot;:&quot;&quot;,&quot;prg_prov&quot;:&quot;&quot;,&quot;prg_num&quot;:-1,&quot;chan&quot;:&quot;&quot;,&quot;chan_id&quot;:-1,&quot;id&quot;:&quot;zixi://bonded(bonded19)#10.7.0.66:2088@10.7.0.65,192.168.60.66:2088@192.168.50.65,192.168.5.166:2088@192.168.5.165&quot;,&quot;type&quot;:2,&quot;name&quot;:&quot;bond19&quot;,&quot;asi&quot;:0,&quot;rtmp&quot;:0,&quot;file&quot;:1,&quot;active&quot;:1,&quot;group&quot;:&quot;&quot;,&quot;bonded&quot;:[{&quot;host&quot;:&quot;10.7.0.66&quot;,&quot;port&quot;:2088,&quot;nic&quot;:&quot;10.7.0.65&quot;,&quot;limit&quot;:0,&quot;is_backup&quot;:0,&quot;bitrate&quot;:2846981,&quot;up_time&quot;:61,&quot;error_code&quot;:0,&quot;status_code&quot;:3,&quot;error_str&quot;:&quot;None&quot;,&quot;status_str&quot;:&quot;Connected&quot;},{&quot;host&quot;:&quot;192.168.60.66&quot;,&quot;port&quot;:2088,&quot;nic&quot;:&quot;192.168.50.65&quot;,&quot;limit&quot;:0,&quot;is_backup&quot;:0,&quot;bitrate&quot;:0,&quot;up_time&quot;:0,&quot;error_code&quot;:3,&quot;status_code&quot;:1,&quot;error_str&quot;:&quot;Timeout&quot;,&quot;status_str&quot;:&quot;Connecting&quot;},{&quot;host&quot;:&quot;192.168.5.166&quot;,&quot;port&quot;:2088,&quot;nic&quot;:&quot;192.168.5.165&quot;,&quot;limit&quot;:0,&quot;is_backup&quot;:0,&quot;bitrate&quot;:2844743,&quot;up_time&quot;:61,&quot;error_code&quot;:0,&quot;status_code&quot;:3,&quot;error_str&quot;:&quot;None&quot;,&quot;status_str&quot;:&quot;Connected&quot;}],&quot;error&quot;:&quot;None&quot;,&quot;con_stat&quot;:&quot;Disconnected&quot;,&quot;bitrate&quot;:5631184,&quot;dest&quot;:&quot;bonded/bonded19&quot;}]}
Debug printing ------&gt;&gt;&gt; {&quot;custom_data&quot;:&quot;&quot;,&quot;msg&quot;:&quot;Output deleted.&quot;,&quot;error&quot;:&quot;&quot;,&quot;outs&quot;:[{&quot;mip&quot;:&quot;live_recording.ts&quot;,&quot;port&quot;:0,&quot;ip&quot;:&quot;file&quot;,&quot;in_name&quot;:&quot;feederoutputname&quot;,&quot;in_active&quot;:1,&quot;in_active_sources&quot;:0,&quot;prg_name&quot;:&quot;&quot;,&quot;prg_prov&quot;:&quot;&quot;,&quot;prg_num&quot;:1,&quot;chan&quot;:&quot;&quot;,&quot;chan_id&quot;:-1,&quot;id&quot;:&quot;zixi://10.7.0.66:2088/feederout&quot;,&quot;type&quot;:2,&quot;name&quot;:&quot;feederoutputname&quot;,&quot;asi&quot;:0,&quot;rtmp&quot;:0,&quot;file&quot;:1,&quot;active&quot;:1,&quot;group&quot;:&quot;&quot;,&quot;error&quot;:&quot;Authentication&quot;,&quot;con_stat&quot;:&quot;Disconnected&quot;,&quot;bitrate&quot;:0,&quot;dest&quot;:&quot;10.7.0.66:2088/feederout&quot;},{&quot;mip&quot;:&quot;4000.ts&quot;,&quot;port&quot;:0,&quot;ip&quot;:&quot;file&quot;,&quot;in_name&quot;:&quot;bond&quot;,&quot;in_active&quot;:1,&quot;in_active_sources&quot;:0,&quot;prg_name&quot;:&quot;&quot;,&quot;prg_prov&quot;:&quot;&quot;,&quot;prg_num&quot;:-1,&quot;chan&quot;:&quot;&quot;,&quot;chan_id&quot;:-1,&quot;id&quot;:&quot;zixi://bonded(bonded0)#10.7.0.66:2088@10.7.0.65,192.168.60.66:2088@192.168.50.65,192.168.5.166:2088@192.168.5.165&quot;,&quot;type&quot;:2,&quot;name&quot;:&quot;bond0&quot;,&quot;asi&quot;:0,&quot;rtmp&quot;:0,&quot;file&quot;:1,&quot;active&quot;:1,&quot;group&quot;:&quot;&quot;,&quot;bonded&quot;:[],&quot;error&quot;:&quot;None&quot;,&quot;con_stat&quot;:&quot;Connecting&quot;,&quot;bitrate&quot;:0,&quot;dest&quot;:&quot;bonded/bonded0&quot;},{&quot;mip&quot;:&quot;4000.ts&quot;,&quot;port&quot;:0,&quot;ip&quot;:&quot;file&quot;,&quot;in_name&quot;:&quot;bond&quot;,&quot;in_active&quot;:1,&quot;in_active_sources&quot;:0,&quot;prg_name&quot;:&quot;&quot;,&quot;prg_prov&quot;:&quot;&quot;,&quot;prg_num&quot;:-1,&quot;chan&quot;:&quot;&quot;,&quot;chan_id&quot;:-1,&quot;id&quot;:&quot;zixi://bonded(bonded1)#10.7.0.66:2088@10.7.0.65,192.168.60.66:2088@192.168.50.65,192.168.5.166:2088@192.168.5.165&quot;,&quot;type&quot;:2,&quot;name&quot;:&quot;bond1&quot;,&quot;asi&quot;:0,&quot;rtmp&quot;:0,&quot;file&quot;:1,&quot;active&quot;:1,&quot;group&quot;:&quot;&quot;,&quot;bonded&quot;:[],&quot;error&quot;:&quot;None&quot;,&quot;con_stat&quot;:&quot;Connecting&quot;,&quot;bitrate&quot;:0,&quot;dest&quot;:&quot;bonded/bonded1&quot;},{&quot;mip&quot;:&quot;4000.ts&quot;,&quot;port&quot;:0,&quot;ip&quot;:&quot;file&quot;,&quot;in_name&quot;:&quot;bond&quot;,&quot;in_active&quot;:1,&quot;in_active_sources&quot;:0,&quot;prg_name&quot;:&quot;&quot;,&quot;prg_prov&quot;:&quot;&quot;,&quot;prg_num&quot;:-1,&quot;chan&quot;:&quot;&quot;,&quot;chan_id&quot;:-1,&quot;id&quot;:&quot;zixi://bonded(bonded2)#10.7.0.66:2088@10.7.0.65,192.168.60.66:2088@192.168.50.65,192.168.5.166:2088@192.168.5.165&quot;,&quot;type&quot;:2,&quot;name&quot;:&quot;bond2&quot;,&quot;asi&quot;:0,&quot;rtmp&quot;:0,&quot;file&quot;:1,&quot;active&quot;:1,&quot;group&quot;:&quot;&quot;,&quot;bonded&quot;:[],&quot;error&quot;:&quot;None&quot;,&quot;con_stat&quot;:&quot;Connecting&quot;,&quot;bitrate&quot;:0,&quot;dest&quot;:&quot;bonded/bonded2&quot;},{&quot;mip&quot;:&quot;4000.ts&quot;,&quot;port&quot;:0,&quot;ip&quot;:&quot;file&quot;,&quot;in_name&quot;:&quot;bond&quot;,&quot;in_active&quot;:1,&quot;in_active_sources&quot;:0,&quot;prg_name&quot;:&quot;&quot;,&quot;prg_prov&quot;:&quot;&quot;,&quot;prg_num&quot;:-1,&quot;chan&quot;:&quot;&quot;,&quot;chan_id&quot;:-1,&quot;id&quot;:&quot;zixi://bonded(bonded3)#10.7.0.66:2088@10.7.0.65,192.168.60.66:2088@192.168.50.65,192.168.5.166:2088@192.168.5.165&quot;,&quot;type&quot;:2,&quot;name&quot;:&quot;bond3&quot;,&quot;asi&quot;:0,&quot;rtmp&quot;:0,&quot;file&quot;:1,&quot;active&quot;:1,&quot;group&quot;:&quot;&quot;,&quot;bonded&quot;:[],&quot;error&quot;:&quot;None&quot;,&quot;con_stat&quot;:&quot;Connecting&quot;,&quot;bitrate&quot;:0,&quot;dest&quot;:&quot;bonded/bonded3&quot;},{&quot;mip&quot;:&quot;4000.ts&quot;,&quot;port&quot;:0,&quot;ip&quot;:&quot;file&quot;,&quot;in_name&quot;:&quot;bond&quot;,&quot;in_active&quot;:1,&quot;in_active_sources&quot;:0,&quot;prg_name&quot;:&quot;&quot;,&quot;prg_prov&quot;:&quot;&quot;,&quot;prg_num&quot;:-1,&quot;chan&quot;:&quot;&quot;,&quot;chan_id&quot;:-1,&quot;id&quot;:&quot;zixi://bonded(bonded4)#10.7.0.66:2088@10.7.0.65,192.168.60.66:2088@192.168.50.65,192.168.5.166:2088@192.168.5.165&quot;,&quot;type&quot;:2,&quot;name&quot;:&quot;bond4&quot;,&quot;asi&quot;:0,&quot;rtmp&quot;:0,&quot;file&quot;:1,&quot;active&quot;:1,&quot;group&quot;:&quot;&quot;,&quot;bonded&quot;:[],&quot;error&quot;:&quot;None&quot;,&quot;con_stat&quot;:&quot;Connecting&quot;,&quot;bitrate&quot;:0,&quot;dest&quot;:&quot;bonded/bonded4&quot;},{&quot;mip&quot;:&quot;4000.ts&quot;,&quot;port&quot;:0,&quot;ip&quot;:&quot;file&quot;,&quot;in_name&quot;:&quot;bond&quot;,&quot;in_active&quot;:1,&quot;in_active_sources&quot;:0,&quot;prg_name&quot;:&quot;&quot;,&quot;prg_prov&quot;:&quot;&quot;,&quot;prg_num&quot;:-1,&quot;chan&quot;:&quot;&quot;,&quot;chan_id&quot;:-1,&quot;id&quot;:&quot;zixi://bonded(bonded10)#10.7.0.66:2088@10.7.0.65,192.168.60.66:2088@192.168.50.65,192.168.5.166:2088@192.168.5.165&quot;,&quot;type&quot;:2,&quot;name&quot;:&quot;bond10&quot;,&quot;asi&quot;:0,&quot;rtmp&quot;:0,&quot;file&quot;:1,&quot;active&quot;:1,&quot;group&quot;:&quot;&quot;,&quot;bonded&quot;:[{&quot;host&quot;:&quot;10.7.0.66&quot;,&quot;port&quot;:2088,&quot;nic&quot;:&quot;10.7.0.65&quot;,&quot;limit&quot;:0,&quot;is_backup&quot;:0,&quot;bitrate&quot;:2803062,&quot;up_time&quot;:61,&quot;error_code&quot;:0,&quot;status_code&quot;:3,&quot;error_str&quot;:&quot;None&quot;,&quot;status_str&quot;:&quot;Connected&quot;},{&quot;host&quot;:&quot;192.168.60.66&quot;,&quot;port&quot;:2088,&quot;nic&quot;:&quot;192.168.50.65&quot;,&quot;limit&quot;:0,&quot;is_backup&quot;:0,&quot;bitrate&quot;:0,&quot;up_time&quot;:0,&quot;error_code&quot;:3,&quot;status_code&quot;:1,&quot;error_str&quot;:&quot;Timeout&quot;,&quot;status_str&quot;:&quot;Connecting&quot;},{&quot;host&quot;:&quot;192.168.5.166&quot;,&quot;port&quot;:2088,&quot;nic&quot;:&quot;192.168.5.165&quot;,&quot;limit&quot;:0,&quot;is_backup&quot;:0,&quot;bitrate&quot;:2885827,&quot;up_time&quot;:61,&quot;error_code&quot;:0,&quot;status_code&quot;:3,&quot;error_str&quot;:&quot;None&quot;,&quot;status_str&quot;:&quot;Connected&quot;}],&quot;error&quot;:&quot;None&quot;,&quot;con_stat&quot;:&quot;Disconnected&quot;,&quot;bitrate&quot;:5626152,&quot;dest&quot;:&quot;bonded/bonded10&quot;},{&quot;mip&quot;:&quot;4000.ts&quot;,&quot;port&quot;:0,&quot;ip&quot;:&quot;file&quot;,&quot;in_name&quot;:&quot;bond&quot;,&quot;in_active&quot;:1,&quot;in_active_sources&quot;:0,&quot;prg_name&quot;:&quot;&quot;,&quot;prg_prov&quot;:&quot;&quot;,&quot;prg_num&quot;:-1,&quot;chan&quot;:&quot;&quot;,&quot;chan_id&quot;:-1,&quot;id&quot;:&quot;zixi://bonded(bonded5)#10.7.0.66:2088@10.7.0.65,192.168.60.66:2088@192.168.50.65,192.168.5.166:2088@192.168.5.165&quot;,&quot;type&quot;:2,&quot;name&quot;:&quot;bond5&quot;,&quot;asi&quot;:0,&quot;rtmp&quot;:0,&quot;file&quot;:1,&quot;active&quot;:1,&quot;group&quot;:&quot;&quot;,&quot;bonded&quot;:[{&quot;host&quot;:&quot;10.7.0.66&quot;,&quot;port&quot;:2088,&quot;nic&quot;:&quot;10.7.0.65&quot;,&quot;limit&quot;:0,&quot;is_backup&quot;:0,&quot;bitrate&quot;:2814446,&quot;up_time&quot;:61,&quot;error_code&quot;:0,&quot;status_code&quot;:3,&quot;error_str&quot;:&quot;None&quot;,&quot;status_str&quot;:&quot;Connected&quot;},{&quot;host&quot;:&quot;192.168.60.66&quot;,&quot;port&quot;:2088,&quot;nic&quot;:&quot;192.168.50.65&quot;,&quot;limit&quot;:0,&quot;is_backup&quot;:0,&quot;bitrate&quot;:0,&quot;up_time&quot;:0,&quot;error_code&quot;:3,&quot;status_code&quot;:1,&quot;error_str&quot;:&quot;Timeout&quot;,&quot;status_str&quot;:&quot;Connecting&quot;},{&quot;host&quot;:&quot;192.168.5.166&quot;,&quot;port&quot;:2088,&quot;nic&quot;:&quot;192.168.5.165&quot;,&quot;limit&quot;:0,&quot;is_backup&quot;:0,&quot;bitrate&quot;:2885595,&quot;up_time&quot;:61,&quot;error_code&quot;:0,&quot;status_code&quot;:3,&quot;error_str&quot;:&quot;None&quot;,&quot;status_str&quot;:&quot;Connected&quot;}],&quot;error&quot;:&quot;None&quot;,&quot;con_stat&quot;:&quot;Disconnected&quot;,&quot;bitrate&quot;:5626024,&quot;dest&quot;:&quot;bonded/bonded5&quot;},{&quot;mip&quot;:&quot;4000.ts&quot;,&quot;port&quot;:0,&quot;ip&quot;:&quot;file&quot;,&quot;in_name&quot;:&quot;bond&quot;,&quot;in_active&quot;:1,&quot;in_active_sources&quot;:0,&quot;prg_name&quot;:&quot;&quot;,&quot;prg_prov&quot;:&quot;&quot;,&quot;prg_num&quot;:-1,&quot;chan&quot;:&quot;&quot;,&quot;chan_id&quot;:-1,&quot;id&quot;:&quot;zixi://bonded(bonded11)#10.7.0.66:2088@10.7.0.65,192.168.60.66:2088@192.168.50.65,192.168.5.166:2088@192.168.5.165&quot;,&quot;type&quot;:2,&quot;name&quot;:&quot;bond11&quot;,&quot;asi&quot;:0,&quot;rtmp&quot;:0,&quot;file&quot;:1,&quot;active&quot;:1,&quot;group&quot;:&quot;&quot;,&quot;bonded&quot;:[],&quot;error&quot;:&quot;None&quot;,&quot;con_stat&quot;:&quot;Connecting&quot;,&quot;bitrate&quot;:0,&quot;dest&quot;:&quot;bonded/bonded11&quot;},{&quot;mip&quot;:&quot;4000.ts&quot;,&quot;port&quot;:0,&quot;ip&quot;:&quot;file&quot;,&quot;in_name&quot;:&quot;bond&quot;,&quot;in_active&quot;:1,&quot;in_active_sources&quot;:0,&quot;prg_name&quot;:&quot;&quot;,&quot;prg_prov&quot;:&quot;&quot;,&quot;prg_num&quot;:-1,&quot;chan&quot;:&quot;&quot;,&quot;chan_id&quot;:-1,&quot;id&quot;:&quot;zixi://bonded(bonded6)#10.7.0.66:2088@10.7.0.65,192.168.60.66:2088@192.168.50.65,192.168.5.166:2088@192.168.5.165&quot;,&quot;type&quot;:2,&quot;name&quot;:&quot;bond6&quot;,&quot;asi&quot;:0,&quot;rtmp&quot;:0,&quot;file&quot;:1,&quot;active&quot;:1,&quot;group&quot;:&quot;&quot;,&quot;bonded&quot;:[],&quot;error&quot;:&quot;None&quot;,&quot;con_stat&quot;:&quot;Connecting&quot;,&quot;bitrate&quot;:0,&quot;dest&quot;:&quot;bonded/bonded6&quot;},{&quot;mip&quot;:&quot;4000.ts&quot;,&quot;port&quot;:0,&quot;ip&quot;:&quot;file&quot;,&quot;in_name&quot;:&quot;bond&quot;,&quot;in_active&quot;:1,&quot;in_active_sources&quot;:0,&quot;prg_name&quot;:&quot;&quot;,&quot;prg_prov&quot;:&quot;&quot;,&quot;prg_num&quot;:-1,&quot;chan&quot;:&quot;&quot;,&quot;chan_id&quot;:-1,&quot;id&quot;:&quot;zixi://bonded(bonded8)#10.7.0.66:2088@10.7.0.65,192.168.60.66:2088@192.168.50.65,192.168.5.166:2088@192.168.5.165&quot;,&quot;type&quot;:2,&quot;name&quot;:&quot;bond8&quot;,&quot;asi&quot;:0,&quot;rtmp&quot;:0,&quot;file&quot;:1,&quot;active&quot;:1,&quot;group&quot;:&quot;&quot;,&quot;bonded&quot;:[],&quot;error&quot;:&quot;None&quot;,&quot;con_stat&quot;:&quot;Connecting&quot;,&quot;bitrate&quot;:0,&quot;dest&quot;:&quot;bonded/bonded8&quot;},{&quot;mip&quot;:&quot;4000.ts&quot;,&quot;port&quot;:0,&quot;ip&quot;:&quot;file&quot;,&quot;in_name&quot;:&quot;bond&quot;,&quot;in_active&quot;:1,&quot;in_active_sources&quot;:0,&quot;prg_name&quot;:&quot;&quot;,&quot;prg_prov&quot;:&quot;&quot;,&quot;prg_num&quot;:-1,&quot;chan&quot;:&quot;&quot;,&quot;chan_id&quot;:-1,&quot;id&quot;:&quot;zixi://bonded(bonded9)#10.7.0.66:2088@10.7.0.65,192.168.60.66:2088@192.168.50.65,192.168.5.166:2088@192.168.5.165&quot;,&quot;type&quot;:2,&quot;name&quot;:&quot;bond9&quot;,&quot;asi&quot;:0,&quot;rtmp&quot;:0,&quot;file&quot;:1,&quot;active&quot;:1,&quot;group&quot;:&quot;&quot;,&quot;bonded&quot;:[{&quot;host&quot;:&quot;10.7.0.66&quot;,&quot;port&quot;:2088,&quot;nic&quot;:&quot;10.7.0.65&quot;,&quot;limit&quot;:0,&quot;is_backup&quot;:0,&quot;bitrate&quot;:2818143,&quot;up_time&quot;:61,&quot;error_code&quot;:0,&quot;status_code&quot;:3,&quot;error_str&quot;:&quot;None&quot;,&quot;status_str&quot;:&quot;Connected&quot;},{&quot;host&quot;:&quot;192.168.60.66&quot;,&quot;port&quot;:2088,&quot;nic&quot;:&quot;192.168.50.65&quot;,&quot;limit&quot;:0,&quot;is_backup&quot;:0,&quot;bitrate&quot;:0,&quot;up_time&quot;:0,&quot;error_code&quot;:3,&quot;status_code&quot;:1,&quot;error_str&quot;:&quot;Timeout&quot;,&quot;status_str&quot;:&quot;Connecting&quot;},{&quot;host&quot;:&quot;192.168.5.166&quot;,&quot;port&quot;:2088,&quot;nic&quot;:&quot;192.168.5.165&quot;,&quot;limit&quot;:0,&quot;is_backup&quot;:0,&quot;bitrate&quot;:2884405,&quot;up_time&quot;:61,&quot;error_code&quot;:0,&quot;status_code&quot;:3,&quot;error_str&quot;:&quot;None&quot;,&quot;status_str&quot;:&quot;Connected&quot;}],&quot;error&quot;:&quot;None&quot;,&quot;con_stat&quot;:&quot;Disconnected&quot;,&quot;bitrate&quot;:5644168,&quot;dest&quot;:&quot;bonded/bonded9&quot;},{&quot;mip&quot;:&quot;4000.ts&quot;,&quot;port&quot;:0,&quot;ip&quot;:&quot;file&quot;,&quot;in_name&quot;:&quot;bond&quot;,&quot;in_active&quot;:1,&quot;in_active_sources&quot;:0,&quot;prg_name&quot;:&quot;&quot;,&quot;prg_prov&quot;:&quot;&quot;,&quot;prg_num&quot;:-1,&quot;chan&quot;:&quot;&quot;,&quot;chan_id&quot;:-1,&quot;id&quot;:&quot;zixi://bonded(bonded15)#10.7.0.66:2088@10.7.0.65,192.168.60.66:2088@192.168.50.65,192.168.5.166:2088@192.168.5.165&quot;,&quot;type&quot;:2,&quot;name&quot;:&quot;bond15&quot;,&quot;asi&quot;:0,&quot;rtmp&quot;:0,&quot;file&quot;:1,&quot;active&quot;:1,&quot;group&quot;:&quot;&quot;,&quot;bonded&quot;:[{&quot;host&quot;:&quot;10.7.0.66&quot;,&quot;port&quot;:2088,&quot;nic&quot;:&quot;10.7.0.65&quot;,&quot;limit&quot;:0,&quot;is_backup&quot;:0,&quot;bitrate&quot;:2866910,&quot;up_time&quot;:61,&quot;error_code&quot;:0,&quot;status_code&quot;:3,&quot;error_str&quot;:&quot;None&quot;,&quot;status_str&quot;:&quot;Connected&quot;},{&quot;host&quot;:&quot;192.168.60.66&quot;,&quot;port&quot;:2088,&quot;nic&quot;:&quot;192.168.50.65&quot;,&quot;limit&quot;:0,&quot;is_backup&quot;:0,&quot;bitrate&quot;:0,&quot;up_time&quot;:0,&quot;error_code&quot;:3,&quot;status_code&quot;:1,&quot;error_str&quot;:&quot;Timeout&quot;,&quot;status_str&quot;:&quot;Connecting&quot;},{&quot;host&quot;:&quot;192.168.5.166&quot;,&quot;port&quot;:2088,&quot;nic&quot;:&quot;192.168.5.165&quot;,&quot;limit&quot;:0,&quot;is_backup&quot;:0,&quot;bitrate&quot;:2846853,&quot;up_time&quot;:61,&quot;error_code&quot;:0,&quot;status_code&quot;:3,&quot;error_str&quot;:&quot;None&quot;,&quot;status_str&quot;:&quot;Connected&quot;}],&quot;error&quot;:&quot;None&quot;,&quot;con_stat&quot;:&quot;Disconnected&quot;,&quot;bitrate&quot;:5657878,&quot;dest&quot;:&quot;bonded/bonded15&quot;},{&quot;mip&quot;:&quot;4000.ts&quot;,&quot;port&quot;:0,&quot;ip&quot;:&quot;file&quot;,&quot;in_name&quot;:&quot;bond&quot;,&quot;in_active&quot;:1,&quot;in_active_sources&quot;:0,&quot;prg_name&quot;:&quot;&quot;,&quot;prg_prov&quot;:&quot;&quot;,&quot;prg_num&quot;:-1,&quot;chan&quot;:&quot;&quot;,&quot;chan_id&quot;:-1,&quot;id&quot;:&quot;zixi://bonded(bonded7)#10.7.0.66:2088@10.7.0.65,192.168.60.66:2088@192.168.50.65,192.168.5.166:2088@192.168.5.165&quot;,&quot;type&quot;:2,&quot;name&quot;:&quot;bond7&quot;,&quot;asi&quot;:0,&quot;rtmp&quot;:0,&quot;file&quot;:1,&quot;active&quot;:1,&quot;group&quot;:&quot;&quot;,&quot;bonded&quot;:[{&quot;host&quot;:&quot;10.7.0.66&quot;,&quot;port&quot;:2088,&quot;nic&quot;:&quot;10.7.0.65&quot;,&quot;limit&quot;:0,&quot;is_backup&quot;:0,&quot;bitrate&quot;:2899240,&quot;up_time&quot;:61,&quot;error_code&quot;:0,&quot;status_code&quot;:3,&quot;error_str&quot;:&quot;None&quot;,&quot;status_str&quot;:&quot;Connected&quot;},{&quot;host&quot;:&quot;192.168.60.66&quot;,&quot;port&quot;:2088,&quot;nic&quot;:&quot;192.168.50.65&quot;,&quot;limit&quot;:0,&quot;is_backup&quot;:0,&quot;bitrate&quot;:0,&quot;up_time&quot;:0,&quot;error_code&quot;:3,&quot;status_code&quot;:1,&quot;error_str&quot;:&quot;Timeout&quot;,&quot;status_str&quot;:&quot;Connecting&quot;},{&quot;host&quot;:&quot;192.168.5.166&quot;,&quot;port&quot;:2088,&quot;nic&quot;:&quot;192.168.5.165&quot;,&quot;limit&quot;:0,&quot;is_backup&quot;:0,&quot;bitrate&quot;:2795594,&quot;up_time&quot;:61,&quot;error_code&quot;:0,&quot;status_code&quot;:3,&quot;error_str&quot;:&quot;None&quot;,&quot;status_str&quot;:&quot;Connected&quot;}],&quot;error&quot;:&quot;None&quot;,&quot;con_stat&quot;:&quot;Disconnected&quot;,&quot;bitrate&quot;:5641944,&quot;dest&quot;:&quot;bonded/bonded7&quot;}]}
Debug printing ------&gt;&gt;&gt; {&quot;custom_data&quot;:&quot;&quot;,&quot;msg&quot;:&quot;Output deleted.&quot;,&quot;error&quot;:&quot;&quot;,&quot;outs&quot;:[{&quot;mip&quot;:&quot;live_recording.ts&quot;,&quot;port&quot;:0,&quot;ip&quot;:&quot;file&quot;,&quot;in_name&quot;:&quot;feederoutputname&quot;,&quot;in_active&quot;:1,&quot;in_active_sources&quot;:0,&quot;prg_name&quot;:&quot;&quot;,&quot;prg_prov&quot;:&quot;&quot;,&quot;prg_num&quot;:1,&quot;chan&quot;:&quot;&quot;,&quot;chan_id&quot;:-1,&quot;id&quot;:&quot;zixi://10.7.0.66:2088/feederout&quot;,&quot;type&quot;:2,&quot;name&quot;:&quot;feederoutputname&quot;,&quot;asi&quot;:0,&quot;rtmp&quot;:0,&quot;file&quot;:1,&quot;active&quot;:1,&quot;group&quot;:&quot;&quot;,&quot;error&quot;:&quot;Authentication&quot;,&quot;con_stat&quot;:&quot;Disconnected&quot;,&quot;bitrate&quot;:0,&quot;dest&quot;:&quot;10.7.0.66:2088/feederout&quot;},{&quot;mip&quot;:&quot;4000.ts&quot;,&quot;port&quot;:0,&quot;ip&quot;:&quot;file&quot;,&quot;in_name&quot;:&quot;bond&quot;,&quot;in_active&quot;:1,&quot;in_active_sources&quot;:0,&quot;prg_name&quot;:&quot;&quot;,&quot;prg_prov&quot;:&quot;&quot;,&quot;prg_num&quot;:-1,&quot;chan&quot;:&quot;&quot;,&quot;chan_id&quot;:-1,&quot;id&quot;:&quot;zixi://bonded(bonded0)#10.7.0.66:2088@10.7.0.65,192.168.60.66:2088@192.168.50.65,192.168.5.166:2088@192.168.5.165&quot;,&quot;type&quot;:2,&quot;name&quot;:&quot;bond0&quot;,&quot;asi&quot;:0,&quot;rtmp&quot;:0,&quot;file&quot;:1,&quot;active&quot;:1,&quot;group&quot;:&quot;&quot;,&quot;bonded&quot;:[],&quot;error&quot;:&quot;None&quot;,&quot;con_stat&quot;:&quot;Connecting&quot;,&quot;bitrate&quot;:0,&quot;dest&quot;:&quot;bonded/bonded0&quot;},{&quot;mip&quot;:&quot;4000.ts&quot;,&quot;port&quot;:0,&quot;ip&quot;:&quot;file&quot;,&quot;in_name&quot;:&quot;bond&quot;,&quot;in_active&quot;:1,&quot;in_active_sources&quot;:0,&quot;prg_name&quot;:&quot;&quot;,&quot;prg_prov&quot;:&quot;&quot;,&quot;prg_num&quot;:-1,&quot;chan&quot;:&quot;&quot;,&quot;chan_id&quot;:-1,&quot;id&quot;:&quot;zixi://bonded(bonded1)#10.7.0.66:2088@10.7.0.65,192.168.60.66:2088@192.168.50.65,192.168.5.166:2088@192.168.5.165&quot;,&quot;type&quot;:2,&quot;name&quot;:&quot;bond1&quot;,&quot;asi&quot;:0,&quot;rtmp&quot;:0,&quot;file&quot;:1,&quot;active&quot;:1,&quot;group&quot;:&quot;&quot;,&quot;bonded&quot;:[],&quot;error&quot;:&quot;None&quot;,&quot;con_stat&quot;:&quot;Connecting&quot;,&quot;bitrate&quot;:0,&quot;dest&quot;:&quot;bonded/bonded1&quot;},{&quot;mip&quot;:&quot;4000.ts&quot;,&quot;port&quot;:0,&quot;ip&quot;:&quot;file&quot;,&quot;in_name&quot;:&quot;bond&quot;,&quot;in_active&quot;:1,&quot;in_active_sources&quot;:0,&quot;prg_name&quot;:&quot;&quot;,&quot;prg_prov&quot;:&quot;&quot;,&quot;prg_num&quot;:-1,&quot;chan&quot;:&quot;&quot;,&quot;chan_id&quot;:-1,&quot;id&quot;:&quot;zixi://bonded(bonded2)#10.7.0.66:2088@10.7.0.65,192.168.60.66:2088@192.168.50.65,192.168.5.166:2088@192.168.5.165&quot;,&quot;type&quot;:2,&quot;name&quot;:&quot;bond2&quot;,&quot;asi&quot;:0,&quot;rtmp&quot;:0,&quot;file&quot;:1,&quot;active&quot;:1,&quot;group&quot;:&quot;&quot;,&quot;bonded&quot;:[],&quot;error&quot;:&quot;None&quot;,&quot;con_stat&quot;:&quot;Connecting&quot;,&quot;bitrate&quot;:0,&quot;dest&quot;:&quot;bonded/bonded2&quot;},{&quot;mip&quot;:&quot;4000.ts&quot;,&quot;port&quot;:0,&quot;ip&quot;:&quot;file&quot;,&quot;in_name&quot;:&quot;bond&quot;,&quot;in_active&quot;:1,&quot;in_active_sources&quot;:0,&quot;prg_name&quot;:&quot;&quot;,&quot;prg_prov&quot;:&quot;&quot;,&quot;prg_num&quot;:-1,&quot;chan&quot;:&quot;&quot;,&quot;chan_id&quot;:-1,&quot;id&quot;:&quot;zixi://bonded(bonded3)#10.7.0.66:2088@10.7.0.65,192.168.60.66:2088@192.168.50.65,192.168.5.166:2088@192.168.5.165&quot;,&quot;type&quot;:2,&quot;name&quot;:&quot;bond3&quot;,&quot;asi&quot;:0,&quot;rtmp&quot;:0,&quot;file&quot;:1,&quot;active&quot;:1,&quot;group&quot;:&quot;&quot;,&quot;bonded&quot;:[],&quot;error&quot;:&quot;None&quot;,&quot;con_stat&quot;:&quot;Connecting&quot;,&quot;bitrate&quot;:0,&quot;dest&quot;:&quot;bonded/bonded3&quot;},{&quot;mip&quot;:&quot;4000.ts&quot;,&quot;port&quot;:0,&quot;ip&quot;:&quot;file&quot;,&quot;in_name&quot;:&quot;bond&quot;,&quot;in_active&quot;:1,&quot;in_active_sources&quot;:0,&quot;prg_name&quot;:&quot;&quot;,&quot;prg_prov&quot;:&quot;&quot;,&quot;prg_num&quot;:-1,&quot;chan&quot;:&quot;&quot;,&quot;chan_id&quot;:-1,&quot;id&quot;:&quot;zixi://bonded(bonded4)#10.7.0.66:2088@10.7.0.65,192.168.60.66:2088@192.168.50.65,192.168.5.166:2088@192.168.5.165&quot;,&quot;type&quot;:2,&quot;name&quot;:&quot;bond4&quot;,&quot;asi&quot;:0,&quot;rtmp&quot;:0,&quot;file&quot;:1,&quot;active&quot;:1,&quot;group&quot;:&quot;&quot;,&quot;bonded&quot;:[],&quot;error&quot;:&quot;None&quot;,&quot;con_stat&quot;:&quot;Connecting&quot;,&quot;bitrate&quot;:0,&quot;dest&quot;:&quot;bonded/bonded4&quot;},{&quot;mip&quot;:&quot;4000.ts&quot;,&quot;port&quot;:0,&quot;ip&quot;:&quot;file&quot;,&quot;in_name&quot;:&quot;bond&quot;,&quot;in_active&quot;:1,&quot;in_active_sources&quot;:0,&quot;prg_name&quot;:&quot;&quot;,&quot;prg_prov&quot;:&quot;&quot;,&quot;prg_num&quot;:-1,&quot;chan&quot;:&quot;&quot;,&quot;chan_id&quot;:-1,&quot;id&quot;:&quot;zixi://bonded(bonded10)#10.7.0.66:2088@10.7.0.65,192.168.60.66:2088@192.168.50.65,192.168.5.166:2088@192.168.5.165&quot;,&quot;type&quot;:2,&quot;name&quot;:&quot;bond10&quot;,&quot;asi&quot;:0,&quot;rtmp&quot;:0,&quot;file&quot;:1,&quot;active&quot;:1,&quot;group&quot;:&quot;&quot;,&quot;bonded&quot;:[{&quot;host&quot;:&quot;10.7.0.66&quot;,&quot;port&quot;:2088,&quot;nic&quot;:&quot;10.7.0.65&quot;,&quot;limit&quot;:0,&quot;is_backup&quot;:0,&quot;bitrate&quot;:2803062,&quot;up_time&quot;:61,&quot;error_code&quot;:0,&quot;status_code&quot;:3,&quot;error_str&quot;:&quot;None&quot;,&quot;status_str&quot;:&quot;Connected&quot;},{&quot;host&quot;:&quot;192.168.60.66&quot;,&quot;port&quot;:2088,&quot;nic&quot;:&quot;192.168.50.65&quot;,&quot;limit&quot;:0,&quot;is_backup&quot;:0,&quot;bitrate&quot;:0,&quot;up_time&quot;:0,&quot;error_code&quot;:3,&quot;status_code&quot;:1,&quot;error_str&quot;:&quot;Timeout&quot;,&quot;status_str&quot;:&quot;Connecting&quot;},{&quot;host&quot;:&quot;192.168.5.166&quot;,&quot;port&quot;:2088,&quot;nic&quot;:&quot;192.168.5.165&quot;,&quot;limit&quot;:0,&quot;is_backup&quot;:0,&quot;bitrate&quot;:2885827,&quot;up_time&quot;:61,&quot;error_code&quot;:0,&quot;status_code&quot;:3,&quot;error_str&quot;:&quot;None&quot;,&quot;status_str&quot;:&quot;Connected&quot;}],&quot;error&quot;:&quot;None&quot;,&quot;con_stat&quot;:&quot;Disconnected&quot;,&quot;bitrate&quot;:5626152,&quot;dest&quot;:&quot;bonded/bonded10&quot;},{&quot;mip&quot;:&quot;4000.ts&quot;,&quot;port&quot;:0,&quot;ip&quot;:&quot;file&quot;,&quot;in_name&quot;:&quot;bond&quot;,&quot;in_active&quot;:1,&quot;in_active_sources&quot;:0,&quot;prg_name&quot;:&quot;&quot;,&quot;prg_prov&quot;:&quot;&quot;,&quot;prg_num&quot;:-1,&quot;chan&quot;:&quot;&quot;,&quot;chan_id&quot;:-1,&quot;id&quot;:&quot;zixi://bonded(bonded5)#10.7.0.66:2088@10.7.0.65,192.168.60.66:2088@192.168.50.65,192.168.5.166:2088@192.168.5.165&quot;,&quot;type&quot;:2,&quot;name&quot;:&quot;bond5&quot;,&quot;asi&quot;:0,&quot;rtmp&quot;:0,&quot;file&quot;:1,&quot;active&quot;:1,&quot;group&quot;:&quot;&quot;,&quot;bonded&quot;:[{&quot;host&quot;:&quot;10.7.0.66&quot;,&quot;port&quot;:2088,&quot;nic&quot;:&quot;10.7.0.65&quot;,&quot;limit&quot;:0,&quot;is_backup&quot;:0,&quot;bitrate&quot;:2814446,&quot;up_time&quot;:61,&quot;error_code&quot;:0,&quot;status_code&quot;:3,&quot;error_str&quot;:&quot;None&quot;,&quot;status_str&quot;:&quot;Connected&quot;},{&quot;host&quot;:&quot;192.168.60.66&quot;,&quot;port&quot;:2088,&quot;nic&quot;:&quot;192.168.50.65&quot;,&quot;limit&quot;:0,&quot;is_backup&quot;:0,&quot;bitrate&quot;:0,&quot;up_time&quot;:0,&quot;error_code&quot;:3,&quot;status_code&quot;:1,&quot;error_str&quot;:&quot;Timeout&quot;,&quot;status_str&quot;:&quot;Connecting&quot;},{&quot;host&quot;:&quot;192.168.5.166&quot;,&quot;port&quot;:2088,&quot;nic&quot;:&quot;192.168.5.165&quot;,&quot;limit&quot;:0,&quot;is_backup&quot;:0,&quot;bitrate&quot;:2885595,&quot;up_time&quot;:61,&quot;error_code&quot;:0,&quot;status_code&quot;:3,&quot;error_str&quot;:&quot;None&quot;,&quot;status_str&quot;:&quot;Connected&quot;}],&quot;error&quot;:&quot;None&quot;,&quot;con_stat&quot;:&quot;Disconnected&quot;,&quot;bitrate&quot;:5626024,&quot;dest&quot;:&quot;bonded/bonded5&quot;},{&quot;mip&quot;:&quot;4000.ts&quot;,&quot;port&quot;:0,&quot;ip&quot;:&quot;file&quot;,&quot;in_name&quot;:&quot;bond&quot;,&quot;in_active&quot;:1,&quot;in_active_sources&quot;:0,&quot;prg_name&quot;:&quot;&quot;,&quot;prg_prov&quot;:&quot;&quot;,&quot;prg_num&quot;:-1,&quot;chan&quot;:&quot;&quot;,&quot;chan_id&quot;:-1,&quot;id&quot;:&quot;zixi://bonded(bonded11)#10.7.0.66:2088@10.7.0.65,192.168.60.66:2088@192.168.50.65,192.168.5.166:2088@192.168.5.165&quot;,&quot;type&quot;:2,&quot;name&quot;:&quot;bond11&quot;,&quot;asi&quot;:0,&quot;rtmp&quot;:0,&quot;file&quot;:1,&quot;active&quot;:1,&quot;group&quot;:&quot;&quot;,&quot;bonded&quot;:[],&quot;error&quot;:&quot;None&quot;,&quot;con_stat&quot;:&quot;Connecting&quot;,&quot;bitrate&quot;:0,&quot;dest&quot;:&quot;bonded/bonded11&quot;},{&quot;mip&quot;:&quot;4000.ts&quot;,&quot;port&quot;:0,&quot;ip&quot;:&quot;file&quot;,&quot;in_name&quot;:&quot;bond&quot;,&quot;in_active&quot;:1,&quot;in_active_sources&quot;:0,&quot;prg_name&quot;:&quot;&quot;,&quot;prg_prov&quot;:&quot;&quot;,&quot;prg_num&quot;:-1,&quot;chan&quot;:&quot;&quot;,&quot;chan_id&quot;:-1,&quot;id&quot;:&quot;zixi://bonded(bonded6)#10.7.0.66:2088@10.7.0.65,192.168.60.66:2088@192.168.50.65,192.168.5.166:2088@192.168.5.165&quot;,&quot;type&quot;:2,&quot;name&quot;:&quot;bond6&quot;,&quot;asi&quot;:0,&quot;rtmp&quot;:0,&quot;file&quot;:1,&quot;active&quot;:1,&quot;group&quot;:&quot;&quot;,&quot;bonded&quot;:[],&quot;error&quot;:&quot;None&quot;,&quot;con_stat&quot;:&quot;Connecting&quot;,&quot;bitrate&quot;:0,&quot;dest&quot;:&quot;bonded/bonded6&quot;},{&quot;mip&quot;:&quot;4000.ts&quot;,&quot;port&quot;:0,&quot;ip&quot;:&quot;file&quot;,&quot;in_name&quot;:&quot;bond&quot;,&quot;in_active&quot;:1,&quot;in_active_sources&quot;:0,&quot;prg_name&quot;:&quot;&quot;,&quot;prg_prov&quot;:&quot;&quot;,&quot;prg_num&quot;:-1,&quot;chan&quot;:&quot;&quot;,&quot;chan_id&quot;:-1,&quot;id&quot;:&quot;zixi://bonded(bonded8)#10.7.0.66:2088@10.7.0.65,192.168.60.66:2088@192.168.50.65,192.168.5.166:2088@192.168.5.165&quot;,&quot;type&quot;:2,&quot;name&quot;:&quot;bond8&quot;,&quot;asi&quot;:0,&quot;rtmp&quot;:0,&quot;file&quot;:1,&quot;active&quot;:1,&quot;group&quot;:&quot;&quot;,&quot;bonded&quot;:[],&quot;error&quot;:&quot;None&quot;,&quot;con_stat&quot;:&quot;Connecting&quot;,&quot;bitrate&quot;:0,&quot;dest&quot;:&quot;bonded/bonded8&quot;},{&quot;mip&quot;:&quot;4000.ts&quot;,&quot;port&quot;:0,&quot;ip&quot;:&quot;file&quot;,&quot;in_name&quot;:&quot;bond&quot;,&quot;in_active&quot;:1,&quot;in_active_sources&quot;:0,&quot;prg_name&quot;:&quot;&quot;,&quot;prg_prov&quot;:&quot;&quot;,&quot;prg_num&quot;:-1,&quot;chan&quot;:&quot;&quot;,&quot;chan_id&quot;:-1,&quot;id&quot;:&quot;zixi://bonded(bonded9)#10.7.0.66:2088@10.7.0.65,192.168.60.66:2088@192.168.50.65,192.168.5.166:2088@192.168.5.165&quot;,&quot;type&quot;:2,&quot;name&quot;:&quot;bond9&quot;,&quot;asi&quot;:0,&quot;rtmp&quot;:0,&quot;file&quot;:1,&quot;active&quot;:1,&quot;group&quot;:&quot;&quot;,&quot;bonded&quot;:[{&quot;host&quot;:&quot;10.7.0.66&quot;,&quot;port&quot;:2088,&quot;nic&quot;:&quot;10.7.0.65&quot;,&quot;limit&quot;:0,&quot;is_backup&quot;:0,&quot;bitrate&quot;:2818143,&quot;up_time&quot;:61,&quot;error_code&quot;:0,&quot;status_code&quot;:3,&quot;error_str&quot;:&quot;None&quot;,&quot;status_str&quot;:&quot;Connected&quot;},{&quot;host&quot;:&quot;192.168.60.66&quot;,&quot;port&quot;:2088,&quot;nic&quot;:&quot;192.168.50.65&quot;,&quot;limit&quot;:0,&quot;is_backup&quot;:0,&quot;bitrate&quot;:0,&quot;up_time&quot;:0,&quot;error_code&quot;:3,&quot;status_code&quot;:1,&quot;error_str&quot;:&quot;Timeout&quot;,&quot;status_str&quot;:&quot;Connecting&quot;},{&quot;host&quot;:&quot;192.168.5.166&quot;,&quot;port&quot;:2088,&quot;nic&quot;:&quot;192.168.5.165&quot;,&quot;limit&quot;:0,&quot;is_backup&quot;:0,&quot;bitrate&quot;:2884405,&quot;up_time&quot;:61,&quot;error_code&quot;:0,&quot;status_code&quot;:3,&quot;error_str&quot;:&quot;None&quot;,&quot;status_str&quot;:&quot;Connected&quot;}],&quot;error&quot;:&quot;None&quot;,&quot;con_stat&quot;:&quot;Disconnected&quot;,&quot;bitrate&quot;:5644168,&quot;dest&quot;:&quot;bonded/bonded9&quot;},{&quot;mip&quot;:&quot;4000.ts&quot;,&quot;port&quot;:0,&quot;ip&quot;:&quot;file&quot;,&quot;in_name&quot;:&quot;bond&quot;,&quot;in_active&quot;:1,&quot;in_active_sources&quot;:0,&quot;prg_name&quot;:&quot;&quot;,&quot;prg_prov&quot;:&quot;&quot;,&quot;prg_num&quot;:-1,&quot;chan&quot;:&quot;&quot;,&quot;chan_id&quot;:-1,&quot;id&quot;:&quot;zixi://bonded(bonded15)#10.7.0.66:2088@10.7.0.65,192.168.60.66:2088@192.168.50.65,192.168.5.166:2088@192.168.5.165&quot;,&quot;type&quot;:2,&quot;name&quot;:&quot;bond15&quot;,&quot;asi&quot;:0,&quot;rtmp&quot;:0,&quot;file&quot;:1,&quot;active&quot;:1,&quot;group&quot;:&quot;&quot;,&quot;bonded&quot;:[{&quot;host&quot;:&quot;10.7.0.66&quot;,&quot;port&quot;:2088,&quot;nic&quot;:&quot;10.7.0.65&quot;,&quot;limit&quot;:0,&quot;is_backup&quot;:0,&quot;bitrate&quot;:2866910,&quot;up_time&quot;:61,&quot;error_code&quot;:0,&quot;status_code&quot;:3,&quot;error_str&quot;:&quot;None&quot;,&quot;status_str&quot;:&quot;Connected&quot;},{&quot;host&quot;:&quot;192.168.60.66&quot;,&quot;port&quot;:2088,&quot;nic&quot;:&quot;192.168.50.65&quot;,&quot;limit&quot;:0,&quot;is_backup&quot;:0,&quot;bitrate&quot;:0,&quot;up_time&quot;:0,&quot;error_code&quot;:3,&quot;status_code&quot;:1,&quot;error_str&quot;:&quot;Timeout&quot;,&quot;status_str&quot;:&quot;Connecting&quot;},{&quot;host&quot;:&quot;192.168.5.166&quot;,&quot;port&quot;:2088,&quot;nic&quot;:&quot;192.168.5.165&quot;,&quot;limit&quot;:0,&quot;is_backup&quot;:0,&quot;bitrate&quot;:2846853,&quot;up_time&quot;:61,&quot;error_code&quot;:0,&quot;status_code&quot;:3,&quot;error_str&quot;:&quot;None&quot;,&quot;status_str&quot;:&quot;Connected&quot;}],&quot;error&quot;:&quot;None&quot;,&quot;con_stat&quot;:&quot;Disconnected&quot;,&quot;bitrate&quot;:5657878,&quot;dest&quot;:&quot;bonded/bonded15&quot;}]}
Debug printing ------&gt;&gt;&gt; {&quot;custom_data&quot;:&quot;&quot;,&quot;msg&quot;:&quot;Output deleted.&quot;,&quot;error&quot;:&quot;&quot;,&quot;outs&quot;:[{&quot;mip&quot;:&quot;live_recording.ts&quot;,&quot;port&quot;:0,&quot;ip&quot;:&quot;file&quot;,&quot;in_name&quot;:&quot;feederoutputname&quot;,&quot;in_active&quot;:1,&quot;in_active_sources&quot;:0,&quot;prg_name&quot;:&quot;&quot;,&quot;prg_prov&quot;:&quot;&quot;,&quot;prg_num&quot;:1,&quot;chan&quot;:&quot;&quot;,&quot;chan_id&quot;:-1,&quot;id&quot;:&quot;zixi://10.7.0.66:2088/feederout&quot;,&quot;type&quot;:2,&quot;name&quot;:&quot;feederoutputname&quot;,&quot;asi&quot;:0,&quot;rtmp&quot;:0,&quot;file&quot;:1,&quot;active&quot;:1,&quot;group&quot;:&quot;&quot;,&quot;error&quot;:&quot;Authentication&quot;,&quot;con_stat&quot;:&quot;Disconnected&quot;,&quot;bitrate&quot;:0,&quot;dest&quot;:&quot;10.7.0.66:2088/feederout&quot;},{&quot;mip&quot;:&quot;4000.ts&quot;,&quot;port&quot;:0,&quot;ip&quot;:&quot;file&quot;,&quot;in_name&quot;:&quot;bond&quot;,&quot;in_active&quot;:1,&quot;in_active_sources&quot;:0,&quot;prg_name&quot;:&quot;&quot;,&quot;prg_prov&quot;:&quot;&quot;,&quot;prg_num&quot;:-1,&quot;chan&quot;:&quot;&quot;,&quot;chan_id&quot;:-1,&quot;id&quot;:&quot;zixi://bonded(bonded0)#10.7.0.66:2088@10.7.0.65,192.168.60.66:2088@192.168.50.65,192.168.5.166:2088@192.168.5.165&quot;,&quot;type&quot;:2,&quot;name&quot;:&quot;bond0&quot;,&quot;asi&quot;:0,&quot;rtmp&quot;:0,&quot;file&quot;:1,&quot;active&quot;:1,&quot;group&quot;:&quot;&quot;,&quot;bonded&quot;:[],&quot;error&quot;:&quot;None&quot;,&quot;con_stat&quot;:&quot;Connecting&quot;,&quot;bitrate&quot;:0,&quot;dest&quot;:&quot;bonded/bonded0&quot;},{&quot;mip&quot;:&quot;4000.ts&quot;,&quot;port&quot;:0,&quot;ip&quot;:&quot;file&quot;,&quot;in_name&quot;:&quot;bond&quot;,&quot;in_active&quot;:1,&quot;in_active_sources&quot;:0,&quot;prg_name&quot;:&quot;&quot;,&quot;prg_prov&quot;:&quot;&quot;,&quot;prg_num&quot;:-1,&quot;chan&quot;:&quot;&quot;,&quot;chan_id&quot;:-1,&quot;id&quot;:&quot;zixi://bonded(bonded1)#10.7.0.66:2088@10.7.0.65,192.168.60.66:2088@192.168.50.65,192.168.5.166:2088@192.168.5.165&quot;,&quot;type&quot;:2,&quot;name&quot;:&quot;bond1&quot;,&quot;asi&quot;:0,&quot;rtmp&quot;:0,&quot;file&quot;:1,&quot;active&quot;:1,&quot;group&quot;:&quot;&quot;,&quot;bonded&quot;:[],&quot;error&quot;:&quot;None&quot;,&quot;con_stat&quot;:&quot;Connecting&quot;,&quot;bitrate&quot;:0,&quot;dest&quot;:&quot;bonded/bonded1&quot;},{&quot;mip&quot;:&quot;4000.ts&quot;,&quot;port&quot;:0,&quot;ip&quot;:&quot;file&quot;,&quot;in_name&quot;:&quot;bond&quot;,&quot;in_active&quot;:1,&quot;in_active_sources&quot;:0,&quot;prg_name&quot;:&quot;&quot;,&quot;prg_prov&quot;:&quot;&quot;,&quot;prg_num&quot;:-1,&quot;chan&quot;:&quot;&quot;,&quot;chan_id&quot;:-1,&quot;id&quot;:&quot;zixi://bonded(bonded2)#10.7.0.66:2088@10.7.0.65,192.168.60.66:2088@192.168.50.65,192.168.5.166:2088@192.168.5.165&quot;,&quot;type&quot;:2,&quot;name&quot;:&quot;bond2&quot;,&quot;asi&quot;:0,&quot;rtmp&quot;:0,&quot;file&quot;:1,&quot;active&quot;:1,&quot;group&quot;:&quot;&quot;,&quot;bonded&quot;:[],&quot;error&quot;:&quot;None&quot;,&quot;con_stat&quot;:&quot;Connecting&quot;,&quot;bitrate&quot;:0,&quot;dest&quot;:&quot;bonded/bonded2&quot;},{&quot;mip&quot;:&quot;4000.ts&quot;,&quot;port&quot;:0,&quot;ip&quot;:&quot;file&quot;,&quot;in_name&quot;:&quot;bond&quot;,&quot;in_active&quot;:1,&quot;in_active_sources&quot;:0,&quot;prg_name&quot;:&quot;&quot;,&quot;prg_prov&quot;:&quot;&quot;,&quot;prg_num&quot;:-1,&quot;chan&quot;:&quot;&quot;,&quot;chan_id&quot;:-1,&quot;id&quot;:&quot;zixi://bonded(bonded3)#10.7.0.66:2088@10.7.0.65,192.168.60.66:2088@192.168.50.65,192.168.5.166:2088@192.168.5.165&quot;,&quot;type&quot;:2,&quot;name&quot;:&quot;bond3&quot;,&quot;asi&quot;:0,&quot;rtmp&quot;:0,&quot;file&quot;:1,&quot;active&quot;:1,&quot;group&quot;:&quot;&quot;,&quot;bonded&quot;:[],&quot;error&quot;:&quot;None&quot;,&quot;con_stat&quot;:&quot;Connecting&quot;,&quot;bitrate&quot;:0,&quot;dest&quot;:&quot;bonded/bonded3&quot;},{&quot;mip&quot;:&quot;4000.ts&quot;,&quot;port&quot;:0,&quot;ip&quot;:&quot;file&quot;,&quot;in_name&quot;:&quot;bond&quot;,&quot;in_active&quot;:1,&quot;in_active_sources&quot;:0,&quot;prg_name&quot;:&quot;&quot;,&quot;prg_prov&quot;:&quot;&quot;,&quot;prg_num&quot;:-1,&quot;chan&quot;:&quot;&quot;,&quot;chan_id&quot;:-1,&quot;id&quot;:&quot;zixi://bonded(bonded4)#10.7.0.66:2088@10.7.0.65,192.168.60.66:2088@192.168.50.65,192.168.5.166:2088@192.168.5.165&quot;,&quot;type&quot;:2,&quot;name&quot;:&quot;bond4&quot;,&quot;asi&quot;:0,&quot;rtmp&quot;:0,&quot;file&quot;:1,&quot;active&quot;:1,&quot;group&quot;:&quot;&quot;,&quot;bonded&quot;:[],&quot;error&quot;:&quot;None&quot;,&quot;con_stat&quot;:&quot;Connecting&quot;,&quot;bitrate&quot;:0,&quot;dest&quot;:&quot;bonded/bonded4&quot;},{&quot;mip&quot;:&quot;4000.ts&quot;,&quot;port&quot;:0,&quot;ip&quot;:&quot;file&quot;,&quot;in_name&quot;:&quot;bond&quot;,&quot;in_active&quot;:1,&quot;in_active_sources&quot;:0,&quot;prg_name&quot;:&quot;&quot;,&quot;prg_prov&quot;:&quot;&quot;,&quot;prg_num&quot;:-1,&quot;chan&quot;:&quot;&quot;,&quot;chan_id&quot;:-1,&quot;id&quot;:&quot;zixi://bonded(bonded10)#10.7.0.66:2088@10.7.0.65,192.168.60.66:2088@192.168.50.65,192.168.5.166:2088@192.168.5.165&quot;,&quot;type&quot;:2,&quot;name&quot;:&quot;bond10&quot;,&quot;asi&quot;:0,&quot;rtmp&quot;:0,&quot;file&quot;:1,&quot;active&quot;:1,&quot;group&quot;:&quot;&quot;,&quot;bonded&quot;:[{&quot;host&quot;:&quot;10.7.0.66&quot;,&quot;port&quot;:2088,&quot;nic&quot;:&quot;10.7.0.65&quot;,&quot;limit&quot;:0,&quot;is_backup&quot;:0,&quot;bitrate&quot;:2803062,&quot;up_time&quot;:61,&quot;error_code&quot;:0,&quot;status_code&quot;:3,&quot;error_str&quot;:&quot;None&quot;,&quot;status_str&quot;:&quot;Connected&quot;},{&quot;host&quot;:&quot;192.168.60.66&quot;,&quot;port&quot;:2088,&quot;nic&quot;:&quot;192.168.50.65&quot;,&quot;limit&quot;:0,&quot;is_backup&quot;:0,&quot;bitrate&quot;:0,&quot;up_time&quot;:0,&quot;error_code&quot;:3,&quot;status_code&quot;:1,&quot;error_str&quot;:&quot;Timeout&quot;,&quot;status_str&quot;:&quot;Connecting&quot;},{&quot;host&quot;:&quot;192.168.5.166&quot;,&quot;port&quot;:2088,&quot;nic&quot;:&quot;192.168.5.165&quot;,&quot;limit&quot;:0,&quot;is_backup&quot;:0,&quot;bitrate&quot;:2885827,&quot;up_time&quot;:61,&quot;error_code&quot;:0,&quot;status_code&quot;:3,&quot;error_str&quot;:&quot;None&quot;,&quot;status_str&quot;:&quot;Connected&quot;}],&quot;error&quot;:&quot;None&quot;,&quot;con_stat&quot;:&quot;Disconnected&quot;,&quot;bitrate&quot;:5626152,&quot;dest&quot;:&quot;bonded/bonded10&quot;},{&quot;mip&quot;:&quot;4000.ts&quot;,&quot;port&quot;:0,&quot;ip&quot;:&quot;file&quot;,&quot;in_name&quot;:&quot;bond&quot;,&quot;in_active&quot;:1,&quot;in_active_sources&quot;:0,&quot;prg_name&quot;:&quot;&quot;,&quot;prg_prov&quot;:&quot;&quot;,&quot;prg_num&quot;:-1,&quot;chan&quot;:&quot;&quot;,&quot;chan_id&quot;:-1,&quot;id&quot;:&quot;zixi://bonded(bonded5)#10.7.0.66:2088@10.7.0.65,192.168.60.66:2088@192.168.50.65,192.168.5.166:2088@192.168.5.165&quot;,&quot;type&quot;:2,&quot;name&quot;:&quot;bond5&quot;,&quot;asi&quot;:0,&quot;rtmp&quot;:0,&quot;file&quot;:1,&quot;active&quot;:1,&quot;group&quot;:&quot;&quot;,&quot;bonded&quot;:[{&quot;host&quot;:&quot;10.7.0.66&quot;,&quot;port&quot;:2088,&quot;nic&quot;:&quot;10.7.0.65&quot;,&quot;limit&quot;:0,&quot;is_backup&quot;:0,&quot;bitrate&quot;:2814446,&quot;up_time&quot;:61,&quot;error_code&quot;:0,&quot;status_code&quot;:3,&quot;error_str&quot;:&quot;None&quot;,&quot;status_str&quot;:&quot;Connected&quot;},{&quot;host&quot;:&quot;192.168.60.66&quot;,&quot;port&quot;:2088,&quot;nic&quot;:&quot;192.168.50.65&quot;,&quot;limit&quot;:0,&quot;is_backup&quot;:0,&quot;bitrate&quot;:0,&quot;up_time&quot;:0,&quot;error_code&quot;:3,&quot;status_code&quot;:1,&quot;error_str&quot;:&quot;Timeout&quot;,&quot;status_str&quot;:&quot;Connecting&quot;},{&quot;host&quot;:&quot;192.168.5.166&quot;,&quot;port&quot;:2088,&quot;nic&quot;:&quot;192.168.5.165&quot;,&quot;limit&quot;:0,&quot;is_backup&quot;:0,&quot;bitrate&quot;:2885595,&quot;up_time&quot;:61,&quot;error_code&quot;:0,&quot;status_code&quot;:3,&quot;error_str&quot;:&quot;None&quot;,&quot;status_str&quot;:&quot;Connected&quot;}],&quot;error&quot;:&quot;None&quot;,&quot;con_stat&quot;:&quot;Disconnected&quot;,&quot;bitrate&quot;:5626024,&quot;dest&quot;:&quot;bonded/bonded5&quot;},{&quot;mip&quot;:&quot;4000.ts&quot;,&quot;port&quot;:0,&quot;ip&quot;:&quot;file&quot;,&quot;in_name&quot;:&quot;bond&quot;,&quot;in_active&quot;:1,&quot;in_active_sources&quot;:0,&quot;prg_name&quot;:&quot;&quot;,&quot;prg_prov&quot;:&quot;&quot;,&quot;prg_num&quot;:-1,&quot;chan&quot;:&quot;&quot;,&quot;chan_id&quot;:-1,&quot;id&quot;:&quot;zixi://bonded(bonded11)#10.7.0.66:2088@10.7.0.65,192.168.60.66:2088@192.168.50.65,192.168.5.166:2088@192.168.5.165&quot;,&quot;type&quot;:2,&quot;name&quot;:&quot;bond11&quot;,&quot;asi&quot;:0,&quot;rtmp&quot;:0,&quot;file&quot;:1,&quot;active&quot;:1,&quot;group&quot;:&quot;&quot;,&quot;bonded&quot;:[],&quot;error&quot;:&quot;None&quot;,&quot;con_stat&quot;:&quot;Connecting&quot;,&quot;bitrate&quot;:0,&quot;dest&quot;:&quot;bonded/bonded11&quot;},{&quot;mip&quot;:&quot;4000.ts&quot;,&quot;port&quot;:0,&quot;ip&quot;:&quot;file&quot;,&quot;in_name&quot;:&quot;bond&quot;,&quot;in_active&quot;:1,&quot;in_active_sources&quot;:0,&quot;prg_name&quot;:&quot;&quot;,&quot;prg_prov&quot;:&quot;&quot;,&quot;prg_num&quot;:-1,&quot;chan&quot;:&quot;&quot;,&quot;chan_id&quot;:-1,&quot;id&quot;:&quot;zixi://bonded(bonded6)#10.7.0.66:2088@10.7.0.65,192.168.60.66:2088@192.168.50.65,192.168.5.166:2088@192.168.5.165&quot;,&quot;type&quot;:2,&quot;name&quot;:&quot;bond6&quot;,&quot;asi&quot;:0,&quot;rtmp&quot;:0,&quot;file&quot;:1,&quot;active&quot;:1,&quot;group&quot;:&quot;&quot;,&quot;bonded&quot;:[],&quot;error&quot;:&quot;None&quot;,&quot;con_stat&quot;:&quot;Connecting&quot;,&quot;bitrate&quot;:0,&quot;dest&quot;:&quot;bonded/bonded6&quot;},{&quot;mip&quot;:&quot;4000.ts&quot;,&quot;port&quot;:0,&quot;ip&quot;:&quot;file&quot;,&quot;in_name&quot;:&quot;bond&quot;,&quot;in_active&quot;:1,&quot;in_active_sources&quot;:0,&quot;prg_name&quot;:&quot;&quot;,&quot;prg_prov&quot;:&quot;&quot;,&quot;prg_num&quot;:-1,&quot;chan&quot;:&quot;&quot;,&quot;chan_id&quot;:-1,&quot;id&quot;:&quot;zixi://bonded(bonded8)#10.7.0.66:2088@10.7.0.65,192.168.60.66:2088@192.168.50.65,192.168.5.166:2088@192.168.5.165&quot;,&quot;type&quot;:2,&quot;name&quot;:&quot;bond8&quot;,&quot;asi&quot;:0,&quot;rtmp&quot;:0,&quot;file&quot;:1,&quot;active&quot;:1,&quot;group&quot;:&quot;&quot;,&quot;bonded&quot;:[],&quot;error&quot;:&quot;None&quot;,&quot;con_stat&quot;:&quot;Connecting&quot;,&quot;bitrate&quot;:0,&quot;dest&quot;:&quot;bonded/bonded8&quot;},{&quot;mip&quot;:&quot;4000.ts&quot;,&quot;port&quot;:0,&quot;ip&quot;:&quot;file&quot;,&quot;in_name&quot;:&quot;bond&quot;,&quot;in_active&quot;:1,&quot;in_active_sources&quot;:0,&quot;prg_name&quot;:&quot;&quot;,&quot;prg_prov&quot;:&quot;&quot;,&quot;prg_num&quot;:-1,&quot;chan&quot;:&quot;&quot;,&quot;chan_id&quot;:-1,&quot;id&quot;:&quot;zixi://bonded(bonded9)#10.7.0.66:2088@10.7.0.65,192.168.60.66:2088@192.168.50.65,192.168.5.166:2088@192.168.5.165&quot;,&quot;type&quot;:2,&quot;name&quot;:&quot;bond9&quot;,&quot;asi&quot;:0,&quot;rtmp&quot;:0,&quot;file&quot;:1,&quot;active&quot;:1,&quot;group&quot;:&quot;&quot;,&quot;bonded&quot;:[{&quot;host&quot;:&quot;10.7.0.66&quot;,&quot;port&quot;:2088,&quot;nic&quot;:&quot;10.7.0.65&quot;,&quot;limit&quot;:0,&quot;is_backup&quot;:0,&quot;bitrate&quot;:2818143,&quot;up_time&quot;:61,&quot;error_code&quot;:0,&quot;status_code&quot;:3,&quot;error_str&quot;:&quot;None&quot;,&quot;status_str&quot;:&quot;Connected&quot;},{&quot;host&quot;:&quot;192.168.60.66&quot;,&quot;port&quot;:2088,&quot;nic&quot;:&quot;192.168.50.65&quot;,&quot;limit&quot;:0,&quot;is_backup&quot;:0,&quot;bitrate&quot;:0,&quot;up_time&quot;:0,&quot;error_code&quot;:3,&quot;status_code&quot;:1,&quot;error_str&quot;:&quot;Timeout&quot;,&quot;status_str&quot;:&quot;Connecting&quot;},{&quot;host&quot;:&quot;192.168.5.166&quot;,&quot;port&quot;:2088,&quot;nic&quot;:&quot;192.168.5.165&quot;,&quot;limit&quot;:0,&quot;is_backup&quot;:0,&quot;bitrate&quot;:2884405,&quot;up_time&quot;:61,&quot;error_code&quot;:0,&quot;status_code&quot;:3,&quot;error_str&quot;:&quot;None&quot;,&quot;status_str&quot;:&quot;Connected&quot;}],&quot;error&quot;:&quot;None&quot;,&quot;con_stat&quot;:&quot;Disconnected&quot;,&quot;bitrate&quot;:5644168,&quot;dest&quot;:&quot;bonded/bonded9&quot;}]}
Debug printing ------&gt;&gt;&gt; {&quot;custom_data&quot;:&quot;&quot;,&quot;msg&quot;:&quot;Output deleted.&quot;,&quot;error&quot;:&quot;&quot;,&quot;outs&quot;:[{&quot;mip&quot;:&quot;live_recording.ts&quot;,&quot;port&quot;:0,&quot;ip&quot;:&quot;file&quot;,&quot;in_name&quot;:&quot;feederoutputname&quot;,&quot;in_active&quot;:1,&quot;in_active_sources&quot;:0,&quot;prg_name&quot;:&quot;&quot;,&quot;prg_prov&quot;:&quot;&quot;,&quot;prg_num&quot;:1,&quot;chan&quot;:&quot;&quot;,&quot;chan_id&quot;:-1,&quot;id&quot;:&quot;zixi://10.7.0.66:2088/feederout&quot;,&quot;type&quot;:2,&quot;name&quot;:&quot;feederoutputname&quot;,&quot;asi&quot;:0,&quot;rtmp&quot;:0,&quot;file&quot;:1,&quot;active&quot;:1,&quot;group&quot;:&quot;&quot;,&quot;error&quot;:&quot;Authentication&quot;,&quot;con_stat&quot;:&quot;Disconnected&quot;,&quot;bitrate&quot;:0,&quot;dest&quot;:&quot;10.7.0.66:2088/feederout&quot;},{&quot;mip&quot;:&quot;4000.ts&quot;,&quot;port&quot;:0,&quot;ip&quot;:&quot;file&quot;,&quot;in_name&quot;:&quot;bond&quot;,&quot;in_active&quot;:1,&quot;in_active_sources&quot;:0,&quot;prg_name&quot;:&quot;&quot;,&quot;prg_prov&quot;:&quot;&quot;,&quot;prg_num&quot;:-1,&quot;chan&quot;:&quot;&quot;,&quot;chan_id&quot;:-1,&quot;id&quot;:&quot;zixi://bonded(bonded0)#10.7.0.66:2088@10.7.0.65,192.168.60.66:2088@192.168.50.65,192.168.5.166:2088@192.168.5.165&quot;,&quot;type&quot;:2,&quot;name&quot;:&quot;bond0&quot;,&quot;asi&quot;:0,&quot;rtmp&quot;:0,&quot;file&quot;:1,&quot;active&quot;:1,&quot;group&quot;:&quot;&quot;,&quot;bonded&quot;:[],&quot;error&quot;:&quot;None&quot;,&quot;con_stat&quot;:&quot;Connecting&quot;,&quot;bitrate&quot;:0,&quot;dest&quot;:&quot;bonded/bonded0&quot;},{&quot;mip&quot;:&quot;4000.ts&quot;,&quot;port&quot;:0,&quot;ip&quot;:&quot;file&quot;,&quot;in_name&quot;:&quot;bond&quot;,&quot;in_active&quot;:1,&quot;in_active_sources&quot;:0,&quot;prg_name&quot;:&quot;&quot;,&quot;prg_prov&quot;:&quot;&quot;,&quot;prg_num&quot;:-1,&quot;chan&quot;:&quot;&quot;,&quot;chan_id&quot;:-1,&quot;id&quot;:&quot;zixi://bonded(bonded1)#10.7.0.66:2088@10.7.0.65,192.168.60.66:2088@192.168.50.65,192.168.5.166:2088@192.168.5.165&quot;,&quot;type&quot;:2,&quot;name&quot;:&quot;bond1&quot;,&quot;asi&quot;:0,&quot;rtmp&quot;:0,&quot;file&quot;:1,&quot;active&quot;:1,&quot;group&quot;:&quot;&quot;,&quot;bonded&quot;:[],&quot;error&quot;:&quot;None&quot;,&quot;con_stat&quot;:&quot;Connecting&quot;,&quot;bitrate&quot;:0,&quot;dest&quot;:&quot;bonded/bonded1&quot;},{&quot;mip&quot;:&quot;4000.ts&quot;,&quot;port&quot;:0,&quot;ip&quot;:&quot;file&quot;,&quot;in_name&quot;:&quot;bond&quot;,&quot;in_active&quot;:1,&quot;in_active_sources&quot;:0,&quot;prg_name&quot;:&quot;&quot;,&quot;prg_prov&quot;:&quot;&quot;,&quot;prg_num&quot;:-1,&quot;chan&quot;:&quot;&quot;,&quot;chan_id&quot;:-1,&quot;id&quot;:&quot;zixi://bonded(bonded2)#10.7.0.66:2088@10.7.0.65,192.168.60.66:2088@192.168.50.65,192.168.5.166:2088@192.168.5.165&quot;,&quot;type&quot;:2,&quot;name&quot;:&quot;bond2&quot;,&quot;asi&quot;:0,&quot;rtmp&quot;:0,&quot;file&quot;:1,&quot;active&quot;:1,&quot;group&quot;:&quot;&quot;,&quot;bonded&quot;:[],&quot;error&quot;:&quot;None&quot;,&quot;con_stat&quot;:&quot;Connecting&quot;,&quot;bitrate&quot;:0,&quot;dest&quot;:&quot;bonded/bonded2&quot;},{&quot;mip&quot;:&quot;4000.ts&quot;,&quot;port&quot;:0,&quot;ip&quot;:&quot;file&quot;,&quot;in_name&quot;:&quot;bond&quot;,&quot;in_active&quot;:1,&quot;in_active_sources&quot;:0,&quot;prg_name&quot;:&quot;&quot;,&quot;prg_prov&quot;:&quot;&quot;,&quot;prg_num&quot;:-1,&quot;chan&quot;:&quot;&quot;,&quot;chan_id&quot;:-1,&quot;id&quot;:&quot;zixi://bonded(bonded3)#10.7.0.66:2088@10.7.0.65,192.168.60.66:2088@192.168.50.65,192.168.5.166:2088@192.168.5.165&quot;,&quot;type&quot;:2,&quot;name&quot;:&quot;bond3&quot;,&quot;asi&quot;:0,&quot;rtmp&quot;:0,&quot;file&quot;:1,&quot;active&quot;:1,&quot;group&quot;:&quot;&quot;,&quot;bonded&quot;:[],&quot;error&quot;:&quot;None&quot;,&quot;con_stat&quot;:&quot;Connecting&quot;,&quot;bitrate&quot;:0,&quot;dest&quot;:&quot;bonded/bonded3&quot;},{&quot;mip&quot;:&quot;4000.ts&quot;,&quot;port&quot;:0,&quot;ip&quot;:&quot;file&quot;,&quot;in_name&quot;:&quot;bond&quot;,&quot;in_active&quot;:1,&quot;in_active_sources&quot;:0,&quot;prg_name&quot;:&quot;&quot;,&quot;prg_prov&quot;:&quot;&quot;,&quot;prg_num&quot;:-1,&quot;chan&quot;:&quot;&quot;,&quot;chan_id&quot;:-1,&quot;id&quot;:&quot;zixi://bonded(bonded4)#10.7.0.66:2088@10.7.0.65,192.168.60.66:2088@192.168.50.65,192.168.5.166:2088@192.168.5.165&quot;,&quot;type&quot;:2,&quot;name&quot;:&quot;bond4&quot;,&quot;asi&quot;:0,&quot;rtmp&quot;:0,&quot;file&quot;:1,&quot;active&quot;:1,&quot;group&quot;:&quot;&quot;,&quot;bonded&quot;:[],&quot;error&quot;:&quot;None&quot;,&quot;con_stat&quot;:&quot;Connecting&quot;,&quot;bitrate&quot;:0,&quot;dest&quot;:&quot;bonded/bonded4&quot;},{&quot;mip&quot;:&quot;4000.ts&quot;,&quot;port&quot;:0,&quot;ip&quot;:&quot;file&quot;,&quot;in_name&quot;:&quot;bond&quot;,&quot;in_active&quot;:1,&quot;in_active_sources&quot;:0,&quot;prg_name&quot;:&quot;&quot;,&quot;prg_prov&quot;:&quot;&quot;,&quot;prg_num&quot;:-1,&quot;chan&quot;:&quot;&quot;,&quot;chan_id&quot;:-1,&quot;id&quot;:&quot;zixi://bonded(bonded10)#10.7.0.66:2088@10.7.0.65,192.168.60.66:2088@192.168.50.65,192.168.5.166:2088@192.168.5.165&quot;,&quot;type&quot;:2,&quot;name&quot;:&quot;bond10&quot;,&quot;asi&quot;:0,&quot;rtmp&quot;:0,&quot;file&quot;:1,&quot;active&quot;:1,&quot;group&quot;:&quot;&quot;,&quot;bonded&quot;:[{&quot;host&quot;:&quot;10.7.0.66&quot;,&quot;port&quot;:2088,&quot;nic&quot;:&quot;10.7.0.65&quot;,&quot;limit&quot;:0,&quot;is_backup&quot;:0,&quot;bitrate&quot;:2803062,&quot;up_time&quot;:61,&quot;error_code&quot;:0,&quot;status_code&quot;:3,&quot;error_str&quot;:&quot;None&quot;,&quot;status_str&quot;:&quot;Connected&quot;},{&quot;host&quot;:&quot;192.168.60.66&quot;,&quot;port&quot;:2088,&quot;nic&quot;:&quot;192.168.50.65&quot;,&quot;limit&quot;:0,&quot;is_backup&quot;:0,&quot;bitrate&quot;:0,&quot;up_time&quot;:0,&quot;error_code&quot;:3,&quot;status_code&quot;:1,&quot;error_str&quot;:&quot;Timeout&quot;,&quot;status_str&quot;:&quot;Connecting&quot;},{&quot;host&quot;:&quot;192.168.5.166&quot;,&quot;port&quot;:2088,&quot;nic&quot;:&quot;192.168.5.165&quot;,&quot;limit&quot;:0,&quot;is_backup&quot;:0,&quot;bitrate&quot;:2885827,&quot;up_time&quot;:61,&quot;error_code&quot;:0,&quot;status_code&quot;:3,&quot;error_str&quot;:&quot;None&quot;,&quot;status_str&quot;:&quot;Connected&quot;}],&quot;error&quot;:&quot;None&quot;,&quot;con_stat&quot;:&quot;Disconnected&quot;,&quot;bitrate&quot;:5626152,&quot;dest&quot;:&quot;bonded/bonded10&quot;},{&quot;mip&quot;:&quot;4000.ts&quot;,&quot;port&quot;:0,&quot;ip&quot;:&quot;file&quot;,&quot;in_name&quot;:&quot;bond&quot;,&quot;in_active&quot;:1,&quot;in_active_sources&quot;:0,&quot;prg_name&quot;:&quot;&quot;,&quot;prg_prov&quot;:&quot;&quot;,&quot;prg_num&quot;:-1,&quot;chan&quot;:&quot;&quot;,&quot;chan_id&quot;:-1,&quot;id&quot;:&quot;zixi://bonded(bonded5)#10.7.0.66:2088@10.7.0.65,192.168.60.66:2088@192.168.50.65,192.168.5.166:2088@192.168.5.165&quot;,&quot;type&quot;:2,&quot;name&quot;:&quot;bond5&quot;,&quot;asi&quot;:0,&quot;rtmp&quot;:0,&quot;file&quot;:1,&quot;active&quot;:1,&quot;group&quot;:&quot;&quot;,&quot;bonded&quot;:[{&quot;host&quot;:&quot;10.7.0.66&quot;,&quot;port&quot;:2088,&quot;nic&quot;:&quot;10.7.0.65&quot;,&quot;limit&quot;:0,&quot;is_backup&quot;:0,&quot;bitrate&quot;:2814446,&quot;up_time&quot;:61,&quot;error_code&quot;:0,&quot;status_code&quot;:3,&quot;error_str&quot;:&quot;None&quot;,&quot;status_str&quot;:&quot;Connected&quot;},{&quot;host&quot;:&quot;192.168.60.66&quot;,&quot;port&quot;:2088,&quot;nic&quot;:&quot;192.168.50.65&quot;,&quot;limit&quot;:0,&quot;is_backup&quot;:0,&quot;bitrate&quot;:0,&quot;up_time&quot;:0,&quot;error_code&quot;:3,&quot;status_code&quot;:1,&quot;error_str&quot;:&quot;Timeout&quot;,&quot;status_str&quot;:&quot;Connecting&quot;},{&quot;host&quot;:&quot;192.168.5.166&quot;,&quot;port&quot;:2088,&quot;nic&quot;:&quot;192.168.5.165&quot;,&quot;limit&quot;:0,&quot;is_backup&quot;:0,&quot;bitrate&quot;:2885595,&quot;up_time&quot;:61,&quot;error_code&quot;:0,&quot;status_code&quot;:3,&quot;error_str&quot;:&quot;None&quot;,&quot;status_str&quot;:&quot;Connected&quot;}],&quot;error&quot;:&quot;None&quot;,&quot;con_stat&quot;:&quot;Disconnected&quot;,&quot;bitrate&quot;:5626024,&quot;dest&quot;:&quot;bonded/bonded5&quot;},{&quot;mip&quot;:&quot;4000.ts&quot;,&quot;port&quot;:0,&quot;ip&quot;:&quot;file&quot;,&quot;in_name&quot;:&quot;bond&quot;,&quot;in_active&quot;:1,&quot;in_active_sources&quot;:0,&quot;prg_name&quot;:&quot;&quot;,&quot;prg_prov&quot;:&quot;&quot;,&quot;prg_num&quot;:-1,&quot;chan&quot;:&quot;&quot;,&quot;chan_id&quot;:-1,&quot;id&quot;:&quot;zixi://bonded(bonded11)#10.7.0.66:2088@10.7.0.65,192.168.60.66:2088@192.168.50.65,192.168.5.166:2088@192.168.5.165&quot;,&quot;type&quot;:2,&quot;name&quot;:&quot;bond11&quot;,&quot;asi&quot;:0,&quot;rtmp&quot;:0,&quot;file&quot;:1,&quot;active&quot;:1,&quot;group&quot;:&quot;&quot;,&quot;bonded&quot;:[],&quot;error&quot;:&quot;None&quot;,&quot;con_stat&quot;:&quot;Connecting&quot;,&quot;bitrate&quot;:0,&quot;dest&quot;:&quot;bonded/bonded11&quot;},{&quot;mip&quot;:&quot;4000.ts&quot;,&quot;port&quot;:0,&quot;ip&quot;:&quot;file&quot;,&quot;in_name&quot;:&quot;bond&quot;,&quot;in_active&quot;:1,&quot;in_active_sources&quot;:0,&quot;prg_name&quot;:&quot;&quot;,&quot;prg_prov&quot;:&quot;&quot;,&quot;prg_num&quot;:-1,&quot;chan&quot;:&quot;&quot;,&quot;chan_id&quot;:-1,&quot;id&quot;:&quot;zixi://bonded(bonded6)#10.7.0.66:2088@10.7.0.65,192.168.60.66:2088@192.168.50.65,192.168.5.166:2088@192.168.5.165&quot;,&quot;type&quot;:2,&quot;name&quot;:&quot;bond6&quot;,&quot;asi&quot;:0,&quot;rtmp&quot;:0,&quot;file&quot;:1,&quot;active&quot;:1,&quot;group&quot;:&quot;&quot;,&quot;bonded&quot;:[],&quot;error&quot;:&quot;None&quot;,&quot;con_stat&quot;:&quot;Connecting&quot;,&quot;bitrate&quot;:0,&quot;dest&quot;:&quot;bonded/bonded6&quot;},{&quot;mip&quot;:&quot;4000.ts&quot;,&quot;port&quot;:0,&quot;ip&quot;:&quot;file&quot;,&quot;in_name&quot;:&quot;bond&quot;,&quot;in_active&quot;:1,&quot;in_active_sources&quot;:0,&quot;prg_name&quot;:&quot;&quot;,&quot;prg_prov&quot;:&quot;&quot;,&quot;prg_num&quot;:-1,&quot;chan&quot;:&quot;&quot;,&quot;chan_id&quot;:-1,&quot;id&quot;:&quot;zixi://bonded(bonded8)#10.7.0.66:2088@10.7.0.65,192.168.60.66:2088@192.168.50.65,192.168.5.166:2088@192.168.5.165&quot;,&quot;type&quot;:2,&quot;name&quot;:&quot;bond8&quot;,&quot;asi&quot;:0,&quot;rtmp&quot;:0,&quot;file&quot;:1,&quot;active&quot;:1,&quot;group&quot;:&quot;&quot;,&quot;bonded&quot;:[],&quot;error&quot;:&quot;None&quot;,&quot;con_stat&quot;:&quot;Connecting&quot;,&quot;bitrate&quot;:0,&quot;dest&quot;:&quot;bonded/bonded8&quot;}]}
Debug printing ------&gt;&gt;&gt; {&quot;custom_data&quot;:&quot;&quot;,&quot;msg&quot;:&quot;Output deleted.&quot;,&quot;error&quot;:&quot;&quot;,&quot;outs&quot;:[{&quot;mip&quot;:&quot;live_recording.ts&quot;,&quot;port&quot;:0,&quot;ip&quot;:&quot;file&quot;,&quot;in_name&quot;:&quot;feederoutputname&quot;,&quot;in_active&quot;:1,&quot;in_active_sources&quot;:0,&quot;prg_name&quot;:&quot;&quot;,&quot;prg_prov&quot;:&quot;&quot;,&quot;prg_num&quot;:1,&quot;chan&quot;:&quot;&quot;,&quot;chan_id&quot;:-1,&quot;id&quot;:&quot;zixi://10.7.0.66:2088/feederout&quot;,&quot;type&quot;:2,&quot;name&quot;:&quot;feederoutputname&quot;,&quot;asi&quot;:0,&quot;rtmp&quot;:0,&quot;file&quot;:1,&quot;active&quot;:1,&quot;group&quot;:&quot;&quot;,&quot;error&quot;:&quot;Authentication&quot;,&quot;con_stat&quot;:&quot;Disconnected&quot;,&quot;bitrate&quot;:0,&quot;dest&quot;:&quot;10.7.0.66:2088/feederout&quot;},{&quot;mip&quot;:&quot;4000.ts&quot;,&quot;port&quot;:0,&quot;ip&quot;:&quot;file&quot;,&quot;in_name&quot;:&quot;bond&quot;,&quot;in_active&quot;:1,&quot;in_active_sources&quot;:0,&quot;prg_name&quot;:&quot;&quot;,&quot;prg_prov&quot;:&quot;&quot;,&quot;prg_num&quot;:-1,&quot;chan&quot;:&quot;&quot;,&quot;chan_id&quot;:-1,&quot;id&quot;:&quot;zixi://bonded(bonded1)#10.7.0.66:2088@10.7.0.65,192.168.60.66:2088@192.168.50.65,192.168.5.166:2088@192.168.5.165&quot;,&quot;type&quot;:2,&quot;name&quot;:&quot;bond1&quot;,&quot;asi&quot;:0,&quot;rtmp&quot;:0,&quot;file&quot;:1,&quot;active&quot;:1,&quot;group&quot;:&quot;&quot;,&quot;bonded&quot;:[],&quot;error&quot;:&quot;None&quot;,&quot;con_stat&quot;:&quot;Connecting&quot;,&quot;bitrate&quot;:0,&quot;dest&quot;:&quot;bonded/bonded1&quot;},{&quot;mip&quot;:&quot;4000.ts&quot;,&quot;port&quot;:0,&quot;ip&quot;:&quot;file&quot;,&quot;in_name&quot;:&quot;bond&quot;,&quot;in_active&quot;:1,&quot;in_active_sources&quot;:0,&quot;prg_name&quot;:&quot;&quot;,&quot;prg_prov&quot;:&quot;&quot;,&quot;prg_num&quot;:-1,&quot;chan&quot;:&quot;&quot;,&quot;chan_id&quot;:-1,&quot;id&quot;:&quot;zixi://bonded(bonded2)#10.7.0.66:2088@10.7.0.65,192.168.60.66:2088@192.168.50.65,192.168.5.166:2088@192.168.5.165&quot;,&quot;type&quot;:2,&quot;name&quot;:&quot;bond2&quot;,&quot;asi&quot;:0,&quot;rtmp&quot;:0,&quot;file&quot;:1,&quot;active&quot;:1,&quot;group&quot;:&quot;&quot;,&quot;bonded&quot;:[],&quot;error&quot;:&quot;None&quot;,&quot;con_stat&quot;:&quot;Connecting&quot;,&quot;bitrate&quot;:0,&quot;dest&quot;:&quot;bonded/bonded2&quot;},{&quot;mip&quot;:&quot;4000.ts&quot;,&quot;port&quot;:0,&quot;ip&quot;:&quot;file&quot;,&quot;in_name&quot;:&quot;bond&quot;,&quot;in_active&quot;:1,&quot;in_active_sources&quot;:0,&quot;prg_name&quot;:&quot;&quot;,&quot;prg_prov&quot;:&quot;&quot;,&quot;prg_num&quot;:-1,&quot;chan&quot;:&quot;&quot;,&quot;chan_id&quot;:-1,&quot;id&quot;:&quot;zixi://bonded(bonded3)#10.7.0.66:2088@10.7.0.65,192.168.60.66:2088@192.168.50.65,192.168.5.166:2088@192.168.5.165&quot;,&quot;type&quot;:2,&quot;name&quot;:&quot;bond3&quot;,&quot;asi&quot;:0,&quot;rtmp&quot;:0,&quot;file&quot;:1,&quot;active&quot;:1,&quot;group&quot;:&quot;&quot;,&quot;bonded&quot;:[],&quot;error&quot;:&quot;None&quot;,&quot;con_stat&quot;:&quot;Connecting&quot;,&quot;bitrate&quot;:0,&quot;dest&quot;:&quot;bonded/bonded3&quot;},{&quot;mip&quot;:&quot;4000.ts&quot;,&quot;port&quot;:0,&quot;ip&quot;:&quot;file&quot;,&quot;in_name&quot;:&quot;bond&quot;,&quot;in_active&quot;:1,&quot;in_active_sources&quot;:0,&quot;prg_name&quot;:&quot;&quot;,&quot;prg_prov&quot;:&quot;&quot;,&quot;prg_num&quot;:-1,&quot;chan&quot;:&quot;&quot;,&quot;chan_id&quot;:-1,&quot;id&quot;:&quot;zixi://bonded(bonded4)#10.7.0.66:2088@10.7.0.65,192.168.60.66:2088@192.168.50.65,192.168.5.166:2088@192.168.5.165&quot;,&quot;type&quot;:2,&quot;name&quot;:&quot;bond4&quot;,&quot;asi&quot;:0,&quot;rtmp&quot;:0,&quot;file&quot;:1,&quot;active&quot;:1,&quot;group&quot;:&quot;&quot;,&quot;bonded&quot;:[],&quot;error&quot;:&quot;None&quot;,&quot;con_stat&quot;:&quot;Connecting&quot;,&quot;bitrate&quot;:0,&quot;dest&quot;:&quot;bonded/bonded4&quot;},{&quot;mip&quot;:&quot;4000.ts&quot;,&quot;port&quot;:0,&quot;ip&quot;:&quot;file&quot;,&quot;in_name&quot;:&quot;bond&quot;,&quot;in_active&quot;:1,&quot;in_active_sources&quot;:0,&quot;prg_name&quot;:&quot;&quot;,&quot;prg_prov&quot;:&quot;&quot;,&quot;prg_num&quot;:-1,&quot;chan&quot;:&quot;&quot;,&quot;chan_id&quot;:-1,&quot;id&quot;:&quot;zixi://bonded(bonded10)#10.7.0.66:2088@10.7.0.65,192.168.60.66:2088@192.168.50.65,192.168.5.166:2088@192.168.5.165&quot;,&quot;type&quot;:2,&quot;name&quot;:&quot;bond10&quot;,&quot;asi&quot;:0,&quot;rtmp&quot;:0,&quot;file&quot;:1,&quot;active&quot;:1,&quot;group&quot;:&quot;&quot;,&quot;bonded&quot;:[{&quot;host&quot;:&quot;10.7.0.66&quot;,&quot;port&quot;:2088,&quot;nic&quot;:&quot;10.7.0.65&quot;,&quot;limit&quot;:0,&quot;is_backup&quot;:0,&quot;bitrate&quot;:2803062,&quot;up_time&quot;:61,&quot;error_code&quot;:0,&quot;status_code&quot;:3,&quot;error_str&quot;:&quot;None&quot;,&quot;status_str&quot;:&quot;Connected&quot;},{&quot;host&quot;:&quot;192.168.60.66&quot;,&quot;port&quot;:2088,&quot;nic&quot;:&quot;192.168.50.65&quot;,&quot;limit&quot;:0,&quot;is_backup&quot;:0,&quot;bitrate&quot;:0,&quot;up_time&quot;:0,&quot;error_code&quot;:3,&quot;status_code&quot;:1,&quot;error_str&quot;:&quot;Timeout&quot;,&quot;status_str&quot;:&quot;Connecting&quot;},{&quot;host&quot;:&quot;192.168.5.166&quot;,&quot;port&quot;:2088,&quot;nic&quot;:&quot;192.168.5.165&quot;,&quot;limit&quot;:0,&quot;is_backup&quot;:0,&quot;bitrate&quot;:2885827,&quot;up_time&quot;:61,&quot;error_code&quot;:0,&quot;status_code&quot;:3,&quot;error_str&quot;:&quot;None&quot;,&quot;status_str&quot;:&quot;Connected&quot;}],&quot;error&quot;:&quot;None&quot;,&quot;con_stat&quot;:&quot;Disconnected&quot;,&quot;bitrate&quot;:5626152,&quot;dest&quot;:&quot;bonded/bonded10&quot;},{&quot;mip&quot;:&quot;4000.ts&quot;,&quot;port&quot;:0,&quot;ip&quot;:&quot;file&quot;,&quot;in_name&quot;:&quot;bond&quot;,&quot;in_active&quot;:1,&quot;in_active_sources&quot;:0,&quot;prg_name&quot;:&quot;&quot;,&quot;prg_prov&quot;:&quot;&quot;,&quot;prg_num&quot;:-1,&quot;chan&quot;:&quot;&quot;,&quot;chan_id&quot;:-1,&quot;id&quot;:&quot;zixi://bonded(bonded5)#10.7.0.66:2088@10.7.0.65,192.168.60.66:2088@192.168.50.65,192.168.5.166:2088@192.168.5.165&quot;,&quot;type&quot;:2,&quot;name&quot;:&quot;bond5&quot;,&quot;asi&quot;:0,&quot;rtmp&quot;:0,&quot;file&quot;:1,&quot;active&quot;:1,&quot;group&quot;:&quot;&quot;,&quot;bonded&quot;:[{&quot;host&quot;:&quot;10.7.0.66&quot;,&quot;port&quot;:2088,&quot;nic&quot;:&quot;10.7.0.65&quot;,&quot;limit&quot;:0,&quot;is_backup&quot;:0,&quot;bitrate&quot;:2814446,&quot;up_time&quot;:61,&quot;error_code&quot;:0,&quot;status_code&quot;:3,&quot;error_str&quot;:&quot;None&quot;,&quot;status_str&quot;:&quot;Connected&quot;},{&quot;host&quot;:&quot;192.168.60.66&quot;,&quot;port&quot;:2088,&quot;nic&quot;:&quot;192.168.50.65&quot;,&quot;limit&quot;:0,&quot;is_backup&quot;:0,&quot;bitrate&quot;:0,&quot;up_time&quot;:0,&quot;error_code&quot;:3,&quot;status_code&quot;:1,&quot;error_str&quot;:&quot;Timeout&quot;,&quot;status_str&quot;:&quot;Connecting&quot;},{&quot;host&quot;:&quot;192.168.5.166&quot;,&quot;port&quot;:2088,&quot;nic&quot;:&quot;192.168.5.165&quot;,&quot;limit&quot;:0,&quot;is_backup&quot;:0,&quot;bitrate&quot;:2885595,&quot;up_time&quot;:61,&quot;error_code&quot;:0,&quot;status_code&quot;:3,&quot;error_str&quot;:&quot;None&quot;,&quot;status_str&quot;:&quot;Connected&quot;}],&quot;error&quot;:&quot;None&quot;,&quot;con_stat&quot;:&quot;Disconnected&quot;,&quot;bitrate&quot;:5626024,&quot;dest&quot;:&quot;bonded/bonded5&quot;},{&quot;mip&quot;:&quot;4000.ts&quot;,&quot;port&quot;:0,&quot;ip&quot;:&quot;file&quot;,&quot;in_name&quot;:&quot;bond&quot;,&quot;in_active&quot;:1,&quot;in_active_sources&quot;:0,&quot;prg_name&quot;:&quot;&quot;,&quot;prg_prov&quot;:&quot;&quot;,&quot;prg_num&quot;:-1,&quot;chan&quot;:&quot;&quot;,&quot;chan_id&quot;:-1,&quot;id&quot;:&quot;zixi://bonded(bonded11)#10.7.0.66:2088@10.7.0.65,192.168.60.66:2088@192.168.50.65,192.168.5.166:2088@192.168.5.165&quot;,&quot;type&quot;:2,&quot;name&quot;:&quot;bond11&quot;,&quot;asi&quot;:0,&quot;rtmp&quot;:0,&quot;file&quot;:1,&quot;active&quot;:1,&quot;group&quot;:&quot;&quot;,&quot;bonded&quot;:[],&quot;error&quot;:&quot;None&quot;,&quot;con_stat&quot;:&quot;Connecting&quot;,&quot;bitrate&quot;:0,&quot;dest&quot;:&quot;bonded/bonded11&quot;},{&quot;mip&quot;:&quot;4000.ts&quot;,&quot;port&quot;:0,&quot;ip&quot;:&quot;file&quot;,&quot;in_name&quot;:&quot;bond&quot;,&quot;in_active&quot;:1,&quot;in_active_sources&quot;:0,&quot;prg_name&quot;:&quot;&quot;,&quot;prg_prov&quot;:&quot;&quot;,&quot;prg_num&quot;:-1,&quot;chan&quot;:&quot;&quot;,&quot;chan_id&quot;:-1,&quot;id&quot;:&quot;zixi://bonded(bonded6)#10.7.0.66:2088@10.7.0.65,192.168.60.66:2088@192.168.50.65,192.168.5.166:2088@192.168.5.165&quot;,&quot;type&quot;:2,&quot;name&quot;:&quot;bond6&quot;,&quot;asi&quot;:0,&quot;rtmp&quot;:0,&quot;file&quot;:1,&quot;active&quot;:1,&quot;group&quot;:&quot;&quot;,&quot;bonded&quot;:[],&quot;error&quot;:&quot;None&quot;,&quot;con_stat&quot;:&quot;Connecting&quot;,&quot;bitrate&quot;:0,&quot;dest&quot;:&quot;bonded/bonded6&quot;},{&quot;mip&quot;:&quot;4000.ts&quot;,&quot;port&quot;:0,&quot;ip&quot;:&quot;file&quot;,&quot;in_name&quot;:&quot;bond&quot;,&quot;in_active&quot;:1,&quot;in_active_sources&quot;:0,&quot;prg_name&quot;:&quot;&quot;,&quot;prg_prov&quot;:&quot;&quot;,&quot;prg_num&quot;:-1,&quot;chan&quot;:&quot;&quot;,&quot;chan_id&quot;:-1,&quot;id&quot;:&quot;zixi://bonded(bonded8)#10.7.0.66:2088@10.7.0.65,192.168.60.66:2088@192.168.50.65,192.168.5.166:2088@192.168.5.165&quot;,&quot;type&quot;:2,&quot;name&quot;:&quot;bond8&quot;,&quot;asi&quot;:0,&quot;rtmp&quot;:0,&quot;file&quot;:1,&quot;active&quot;:1,&quot;group&quot;:&quot;&quot;,&quot;bonded&quot;:[],&quot;error&quot;:&quot;None&quot;,&quot;con_stat&quot;:&quot;Connecting&quot;,&quot;bitrate&quot;:0,&quot;dest&quot;:&quot;bonded/bonded8&quot;}]}
Debug printing ------&gt;&gt;&gt; {&quot;custom_data&quot;:&quot;&quot;,&quot;msg&quot;:&quot;Output deleted.&quot;,&quot;error&quot;:&quot;&quot;,&quot;outs&quot;:[{&quot;mip&quot;:&quot;live_recording.ts&quot;,&quot;port&quot;:0,&quot;ip&quot;:&quot;file&quot;,&quot;in_name&quot;:&quot;feederoutputname&quot;,&quot;in_active&quot;:1,&quot;in_active_sources&quot;:0,&quot;prg_name&quot;:&quot;&quot;,&quot;prg_prov&quot;:&quot;&quot;,&quot;prg_num&quot;:1,&quot;chan&quot;:&quot;&quot;,&quot;chan_id&quot;:-1,&quot;id&quot;:&quot;zixi://10.7.0.66:2088/feederout&quot;,&quot;type&quot;:2,&quot;name&quot;:&quot;feederoutputname&quot;,&quot;asi&quot;:0,&quot;rtmp&quot;:0,&quot;file&quot;:1,&quot;active&quot;:1,&quot;group&quot;:&quot;&quot;,&quot;error&quot;:&quot;Authentication&quot;,&quot;con_stat&quot;:&quot;Disconnected&quot;,&quot;bitrate&quot;:0,&quot;dest&quot;:&quot;10.7.0.66:2088/feederout&quot;},{&quot;mip&quot;:&quot;4000.ts&quot;,&quot;port&quot;:0,&quot;ip&quot;:&quot;file&quot;,&quot;in_name&quot;:&quot;bond&quot;,&quot;in_active&quot;:1,&quot;in_active_sources&quot;:0,&quot;prg_name&quot;:&quot;&quot;,&quot;prg_prov&quot;:&quot;&quot;,&quot;prg_num&quot;:-1,&quot;chan&quot;:&quot;&quot;,&quot;chan_id&quot;:-1,&quot;id&quot;:&quot;zixi://bonded(bonded1)#10.7.0.66:2088@10.7.0.65,192.168.60.66:2088@192.168.50.65,192.168.5.166:2088@192.168.5.165&quot;,&quot;type&quot;:2,&quot;name&quot;:&quot;bond1&quot;,&quot;asi&quot;:0,&quot;rtmp&quot;:0,&quot;file&quot;:1,&quot;active&quot;:1,&quot;group&quot;:&quot;&quot;,&quot;bonded&quot;:[],&quot;error&quot;:&quot;None&quot;,&quot;con_stat&quot;:&quot;Connecting&quot;,&quot;bitrate&quot;:0,&quot;dest&quot;:&quot;bonded/bonded1&quot;},{&quot;mip&quot;:&quot;4000.ts&quot;,&quot;port&quot;:0,&quot;ip&quot;:&quot;file&quot;,&quot;in_name&quot;:&quot;bond&quot;,&quot;in_active&quot;:1,&quot;in_active_sources&quot;:0,&quot;prg_name&quot;:&quot;&quot;,&quot;prg_prov&quot;:&quot;&quot;,&quot;prg_num&quot;:-1,&quot;chan&quot;:&quot;&quot;,&quot;chan_id&quot;:-1,&quot;id&quot;:&quot;zixi://bonded(bonded2)#10.7.0.66:2088@10.7.0.65,192.168.60.66:2088@192.168.50.65,192.168.5.166:2088@192.168.5.165&quot;,&quot;type&quot;:2,&quot;name&quot;:&quot;bond2&quot;,&quot;asi&quot;:0,&quot;rtmp&quot;:0,&quot;file&quot;:1,&quot;active&quot;:1,&quot;group&quot;:&quot;&quot;,&quot;bonded&quot;:[],&quot;error&quot;:&quot;None&quot;,&quot;con_stat&quot;:&quot;Connecting&quot;,&quot;bitrate&quot;:0,&quot;dest&quot;:&quot;bonded/bonded2&quot;},{&quot;mip&quot;:&quot;4000.ts&quot;,&quot;port&quot;:0,&quot;ip&quot;:&quot;file&quot;,&quot;in_name&quot;:&quot;bond&quot;,&quot;in_active&quot;:1,&quot;in_active_sources&quot;:0,&quot;prg_name&quot;:&quot;&quot;,&quot;prg_prov&quot;:&quot;&quot;,&quot;prg_num&quot;:-1,&quot;chan&quot;:&quot;&quot;,&quot;chan_id&quot;:-1,&quot;id&quot;:&quot;zixi://bonded(bonded3)#10.7.0.66:2088@10.7.0.65,192.168.60.66:2088@192.168.50.65,192.168.5.166:2088@192.168.5.165&quot;,&quot;type&quot;:2,&quot;name&quot;:&quot;bond3&quot;,&quot;asi&quot;:0,&quot;rtmp&quot;:0,&quot;file&quot;:1,&quot;active&quot;:1,&quot;group&quot;:&quot;&quot;,&quot;bonded&quot;:[],&quot;error&quot;:&quot;None&quot;,&quot;con_stat&quot;:&quot;Connecting&quot;,&quot;bitrate&quot;:0,&quot;dest&quot;:&quot;bonded/bonded3&quot;},{&quot;mip&quot;:&quot;4000.ts&quot;,&quot;port&quot;:0,&quot;ip&quot;:&quot;file&quot;,&quot;in_name&quot;:&quot;bond&quot;,&quot;in_active&quot;:1,&quot;in_active_sources&quot;:0,&quot;prg_name&quot;:&quot;&quot;,&quot;prg_prov&quot;:&quot;&quot;,&quot;prg_num&quot;:-1,&quot;chan&quot;:&quot;&quot;,&quot;chan_id&quot;:-1,&quot;id&quot;:&quot;zixi://bonded(bonded4)#10.7.0.66:2088@10.7.0.65,192.168.60.66:2088@192.168.50.65,192.168.5.166:2088@192.168.5.165&quot;,&quot;type&quot;:2,&quot;name&quot;:&quot;bond4&quot;,&quot;asi&quot;:0,&quot;rtmp&quot;:0,&quot;file&quot;:1,&quot;active&quot;:1,&quot;group&quot;:&quot;&quot;,&quot;bonded&quot;:[],&quot;error&quot;:&quot;None&quot;,&quot;con_stat&quot;:&quot;Connecting&quot;,&quot;bitrate&quot;:0,&quot;dest&quot;:&quot;bonded/bonded4&quot;},{&quot;mip&quot;:&quot;4000.ts&quot;,&quot;port&quot;:0,&quot;ip&quot;:&quot;file&quot;,&quot;in_name&quot;:&quot;bond&quot;,&quot;in_active&quot;:1,&quot;in_active_sources&quot;:0,&quot;prg_name&quot;:&quot;&quot;,&quot;prg_prov&quot;:&quot;&quot;,&quot;prg_num&quot;:-1,&quot;chan&quot;:&quot;&quot;,&quot;chan_id&quot;:-1,&quot;id&quot;:&quot;zixi://bonded(bonded10)#10.7.0.66:2088@10.7.0.65,192.168.60.66:2088@192.168.50.65,192.168.5.166:2088@192.168.5.165&quot;,&quot;type&quot;:2,&quot;name&quot;:&quot;bond10&quot;,&quot;asi&quot;:0,&quot;rtmp&quot;:0,&quot;file&quot;:1,&quot;active&quot;:1,&quot;group&quot;:&quot;&quot;,&quot;bonded&quot;:[{&quot;host&quot;:&quot;10.7.0.66&quot;,&quot;port&quot;:2088,&quot;nic&quot;:&quot;10.7.0.65&quot;,&quot;limit&quot;:0,&quot;is_backup&quot;:0,&quot;bitrate&quot;:2803062,&quot;up_time&quot;:61,&quot;error_code&quot;:0,&quot;status_code&quot;:3,&quot;error_str&quot;:&quot;None&quot;,&quot;status_str&quot;:&quot;Connected&quot;},{&quot;host&quot;:&quot;192.168.60.66&quot;,&quot;port&quot;:2088,&quot;nic&quot;:&quot;192.168.50.65&quot;,&quot;limit&quot;:0,&quot;is_backup&quot;:0,&quot;bitrate&quot;:0,&quot;up_time&quot;:0,&quot;error_code&quot;:3,&quot;status_code&quot;:1,&quot;error_str&quot;:&quot;Timeout&quot;,&quot;status_str&quot;:&quot;Connecting&quot;},{&quot;host&quot;:&quot;192.168.5.166&quot;,&quot;port&quot;:2088,&quot;nic&quot;:&quot;192.168.5.165&quot;,&quot;limit&quot;:0,&quot;is_backup&quot;:0,&quot;bitrate&quot;:2885827,&quot;up_time&quot;:61,&quot;error_code&quot;:0,&quot;status_code&quot;:3,&quot;error_str&quot;:&quot;None&quot;,&quot;status_str&quot;:&quot;Connected&quot;}],&quot;error&quot;:&quot;None&quot;,&quot;con_stat&quot;:&quot;Disconnected&quot;,&quot;bitrate&quot;:5626152,&quot;dest&quot;:&quot;bonded/bonded10&quot;},{&quot;mip&quot;:&quot;4000.ts&quot;,&quot;port&quot;:0,&quot;ip&quot;:&quot;file&quot;,&quot;in_name&quot;:&quot;bond&quot;,&quot;in_active&quot;:1,&quot;in_active_sources&quot;:0,&quot;prg_name&quot;:&quot;&quot;,&quot;prg_prov&quot;:&quot;&quot;,&quot;prg_num&quot;:-1,&quot;chan&quot;:&quot;&quot;,&quot;chan_id&quot;:-1,&quot;id&quot;:&quot;zixi://bonded(bonded5)#10.7.0.66:2088@10.7.0.65,192.168.60.66:2088@192.168.50.65,192.168.5.166:2088@192.168.5.165&quot;,&quot;type&quot;:2,&quot;name&quot;:&quot;bond5&quot;,&quot;asi&quot;:0,&quot;rtmp&quot;:0,&quot;file&quot;:1,&quot;active&quot;:1,&quot;group&quot;:&quot;&quot;,&quot;bonded&quot;:[{&quot;host&quot;:&quot;10.7.0.66&quot;,&quot;port&quot;:2088,&quot;nic&quot;:&quot;10.7.0.65&quot;,&quot;limit&quot;:0,&quot;is_backup&quot;:0,&quot;bitrate&quot;:2814446,&quot;up_time&quot;:61,&quot;error_code&quot;:0,&quot;status_code&quot;:3,&quot;error_str&quot;:&quot;None&quot;,&quot;status_str&quot;:&quot;Connected&quot;},{&quot;host&quot;:&quot;192.168.60.66&quot;,&quot;port&quot;:2088,&quot;nic&quot;:&quot;192.168.50.65&quot;,&quot;limit&quot;:0,&quot;is_backup&quot;:0,&quot;bitrate&quot;:0,&quot;up_time&quot;:0,&quot;error_code&quot;:3,&quot;status_code&quot;:1,&quot;error_str&quot;:&quot;Timeout&quot;,&quot;status_str&quot;:&quot;Connecting&quot;},{&quot;host&quot;:&quot;192.168.5.166&quot;,&quot;port&quot;:2088,&quot;nic&quot;:&quot;192.168.5.165&quot;,&quot;limit&quot;:0,&quot;is_backup&quot;:0,&quot;bitrate&quot;:2885595,&quot;up_time&quot;:61,&quot;error_code&quot;:0,&quot;status_code&quot;:3,&quot;error_str&quot;:&quot;None&quot;,&quot;status_str&quot;:&quot;Connected&quot;}],&quot;error&quot;:&quot;None&quot;,&quot;con_stat&quot;:&quot;Disconnected&quot;,&quot;bitrate&quot;:5626024,&quot;dest&quot;:&quot;bonded/bonded5&quot;},{&quot;mip&quot;:&quot;4000.ts&quot;,&quot;port&quot;:0,&quot;ip&quot;:&quot;file&quot;,&quot;in_name&quot;:&quot;bond&quot;,&quot;in_active&quot;:1,&quot;in_active_sources&quot;:0,&quot;prg_name&quot;:&quot;&quot;,&quot;prg_prov&quot;:&quot;&quot;,&quot;prg_num&quot;:-1,&quot;chan&quot;:&quot;&quot;,&quot;chan_id&quot;:-1,&quot;id&quot;:&quot;zixi://bonded(bonded11)#10.7.0.66:2088@10.7.0.65,192.168.60.66:2088@192.168.50.65,192.168.5.166:2088@192.168.5.165&quot;,&quot;type&quot;:2,&quot;name&quot;:&quot;bond11&quot;,&quot;asi&quot;:0,&quot;rtmp&quot;:0,&quot;file&quot;:1,&quot;active&quot;:1,&quot;group&quot;:&quot;&quot;,&quot;bonded&quot;:[],&quot;error&quot;:&quot;None&quot;,&quot;con_stat&quot;:&quot;Connecting&quot;,&quot;bitrate&quot;:0,&quot;dest&quot;:&quot;bonded/bonded11&quot;},{&quot;mip&quot;:&quot;4000.ts&quot;,&quot;port&quot;:0,&quot;ip&quot;:&quot;file&quot;,&quot;in_name&quot;:&quot;bond&quot;,&quot;in_active&quot;:1,&quot;in_active_sources&quot;:0,&quot;prg_name&quot;:&quot;&quot;,&quot;prg_prov&quot;:&quot;&quot;,&quot;prg_num&quot;:-1,&quot;chan&quot;:&quot;&quot;,&quot;chan_id&quot;:-1,&quot;id&quot;:&quot;zixi://bonded(bonded6)#10.7.0.66:2088@10.7.0.65,192.168.60.66:2088@192.168.50.65,192.168.5.166:2088@192.168.5.165&quot;,&quot;type&quot;:2,&quot;name&quot;:&quot;bond6&quot;,&quot;asi&quot;:0,&quot;rtmp&quot;:0,&quot;file&quot;:1,&quot;active&quot;:1,&quot;group&quot;:&quot;&quot;,&quot;bonded&quot;:[],&quot;error&quot;:&quot;None&quot;,&quot;con_stat&quot;:&quot;Connecting&quot;,&quot;bitrate&quot;:0,&quot;dest&quot;:&quot;bonded/bonded6&quot;}]}
Debug printing ------&gt;&gt;&gt; {&quot;custom_data&quot;:&quot;&quot;,&quot;msg&quot;:&quot;Output deleted.&quot;,&quot;error&quot;:&quot;&quot;,&quot;outs&quot;:[{&quot;mip&quot;:&quot;live_recording.ts&quot;,&quot;port&quot;:0,&quot;ip&quot;:&quot;file&quot;,&quot;in_name&quot;:&quot;feederoutputname&quot;,&quot;in_active&quot;:1,&quot;in_active_sources&quot;:0,&quot;prg_name&quot;:&quot;&quot;,&quot;prg_prov&quot;:&quot;&quot;,&quot;prg_num&quot;:1,&quot;chan&quot;:&quot;&quot;,&quot;chan_id&quot;:-1,&quot;id&quot;:&quot;zixi://10.7.0.66:2088/feederout&quot;,&quot;type&quot;:2,&quot;name&quot;:&quot;feederoutputname&quot;,&quot;asi&quot;:0,&quot;rtmp&quot;:0,&quot;file&quot;:1,&quot;active&quot;:1,&quot;group&quot;:&quot;&quot;,&quot;error&quot;:&quot;Authentication&quot;,&quot;con_stat&quot;:&quot;Disconnected&quot;,&quot;bitrate&quot;:0,&quot;dest&quot;:&quot;10.7.0.66:2088/feederout&quot;},{&quot;mip&quot;:&quot;4000.ts&quot;,&quot;port&quot;:0,&quot;ip&quot;:&quot;file&quot;,&quot;in_name&quot;:&quot;bond&quot;,&quot;in_active&quot;:1,&quot;in_active_sources&quot;:0,&quot;prg_name&quot;:&quot;&quot;,&quot;prg_prov&quot;:&quot;&quot;,&quot;prg_num&quot;:-1,&quot;chan&quot;:&quot;&quot;,&quot;chan_id&quot;:-1,&quot;id&quot;:&quot;zixi://bonded(bonded1)#10.7.0.66:2088@10.7.0.65,192.168.60.66:2088@192.168.50.65,192.168.5.166:2088@192.168.5.165&quot;,&quot;type&quot;:2,&quot;name&quot;:&quot;bond1&quot;,&quot;asi&quot;:0,&quot;rtmp&quot;:0,&quot;file&quot;:1,&quot;active&quot;:1,&quot;group&quot;:&quot;&quot;,&quot;bonded&quot;:[],&quot;error&quot;:&quot;None&quot;,&quot;con_stat&quot;:&quot;Connecting&quot;,&quot;bitrate&quot;:0,&quot;dest&quot;:&quot;bonded/bonded1&quot;},{&quot;mip&quot;:&quot;4000.ts&quot;,&quot;port&quot;:0,&quot;ip&quot;:&quot;file&quot;,&quot;in_name&quot;:&quot;bond&quot;,&quot;in_active&quot;:1,&quot;in_active_sources&quot;:0,&quot;prg_name&quot;:&quot;&quot;,&quot;prg_prov&quot;:&quot;&quot;,&quot;prg_num&quot;:-1,&quot;chan&quot;:&quot;&quot;,&quot;chan_id&quot;:-1,&quot;id&quot;:&quot;zixi://bonded(bonded2)#10.7.0.66:2088@10.7.0.65,192.168.60.66:2088@192.168.50.65,192.168.5.166:2088@192.168.5.165&quot;,&quot;type&quot;:2,&quot;name&quot;:&quot;bond2&quot;,&quot;asi&quot;:0,&quot;rtmp&quot;:0,&quot;file&quot;:1,&quot;active&quot;:1,&quot;group&quot;:&quot;&quot;,&quot;bonded&quot;:[],&quot;error&quot;:&quot;None&quot;,&quot;con_stat&quot;:&quot;Connecting&quot;,&quot;bitrate&quot;:0,&quot;dest&quot;:&quot;bonded/bonded2&quot;},{&quot;mip&quot;:&quot;4000.ts&quot;,&quot;port&quot;:0,&quot;ip&quot;:&quot;file&quot;,&quot;in_name&quot;:&quot;bond&quot;,&quot;in_active&quot;:1,&quot;in_active_sources&quot;:0,&quot;prg_name&quot;:&quot;&quot;,&quot;prg_prov&quot;:&quot;&quot;,&quot;prg_num&quot;:-1,&quot;chan&quot;:&quot;&quot;,&quot;chan_id&quot;:-1,&quot;id&quot;:&quot;zixi://bonded(bonded3)#10.7.0.66:2088@10.7.0.65,192.168.60.66:2088@192.168.50.65,192.168.5.166:2088@192.168.5.165&quot;,&quot;type&quot;:2,&quot;name&quot;:&quot;bond3&quot;,&quot;asi&quot;:0,&quot;rtmp&quot;:0,&quot;file&quot;:1,&quot;active&quot;:1,&quot;group&quot;:&quot;&quot;,&quot;bonded&quot;:[],&quot;error&quot;:&quot;None&quot;,&quot;con_stat&quot;:&quot;Connecting&quot;,&quot;bitrate&quot;:0,&quot;dest&quot;:&quot;bonded/bonded3&quot;},{&quot;mip&quot;:&quot;4000.ts&quot;,&quot;port&quot;:0,&quot;ip&quot;:&quot;file&quot;,&quot;in_name&quot;:&quot;bond&quot;,&quot;in_active&quot;:1,&quot;in_active_sources&quot;:0,&quot;prg_name&quot;:&quot;&quot;,&quot;prg_prov&quot;:&quot;&quot;,&quot;prg_num&quot;:-1,&quot;chan&quot;:&quot;&quot;,&quot;chan_id&quot;:-1,&quot;id&quot;:&quot;zixi://bonded(bonded4)#10.7.0.66:2088@10.7.0.65,192.168.60.66:2088@192.168.50.65,192.168.5.166:2088@192.168.5.165&quot;,&quot;type&quot;:2,&quot;name&quot;:&quot;bond4&quot;,&quot;asi&quot;:0,&quot;rtmp&quot;:0,&quot;file&quot;:1,&quot;active&quot;:1,&quot;group&quot;:&quot;&quot;,&quot;bonded&quot;:[],&quot;error&quot;:&quot;None&quot;,&quot;con_stat&quot;:&quot;Connecting&quot;,&quot;bitrate&quot;:0,&quot;dest&quot;:&quot;bonded/bonded4&quot;},{&quot;mip&quot;:&quot;4000.ts&quot;,&quot;port&quot;:0,&quot;ip&quot;:&quot;file&quot;,&quot;in_name&quot;:&quot;bond&quot;,&quot;in_active&quot;:1,&quot;in_active_sources&quot;:0,&quot;prg_name&quot;:&quot;&quot;,&quot;prg_prov&quot;:&quot;&quot;,&quot;prg_num&quot;:-1,&quot;chan&quot;:&quot;&quot;,&quot;chan_id&quot;:-1,&quot;id&quot;:&quot;zixi://bonded(bonded10)#10.7.0.66:2088@10.7.0.65,192.168.60.66:2088@192.168.50.65,192.168.5.166:2088@192.168.5.165&quot;,&quot;type&quot;:2,&quot;name&quot;:&quot;bond10&quot;,&quot;asi&quot;:0,&quot;rtmp&quot;:0,&quot;file&quot;:1,&quot;active&quot;:1,&quot;group&quot;:&quot;&quot;,&quot;bonded&quot;:[{&quot;host&quot;:&quot;10.7.0.66&quot;,&quot;port&quot;:2088,&quot;nic&quot;:&quot;10.7.0.65&quot;,&quot;limit&quot;:0,&quot;is_backup&quot;:0,&quot;bitrate&quot;:2803062,&quot;up_time&quot;:61,&quot;error_code&quot;:0,&quot;status_code&quot;:3,&quot;error_str&quot;:&quot;None&quot;,&quot;status_str&quot;:&quot;Connected&quot;},{&quot;host&quot;:&quot;192.168.60.66&quot;,&quot;port&quot;:2088,&quot;nic&quot;:&quot;192.168.50.65&quot;,&quot;limit&quot;:0,&quot;is_backup&quot;:0,&quot;bitrate&quot;:0,&quot;up_time&quot;:0,&quot;error_code&quot;:3,&quot;status_code&quot;:1,&quot;error_str&quot;:&quot;Timeout&quot;,&quot;status_str&quot;:&quot;Connecting&quot;},{&quot;host&quot;:&quot;192.168.5.166&quot;,&quot;port&quot;:2088,&quot;nic&quot;:&quot;192.168.5.165&quot;,&quot;limit&quot;:0,&quot;is_backup&quot;:0,&quot;bitrate&quot;:2885827,&quot;up_time&quot;:61,&quot;error_code&quot;:0,&quot;status_code&quot;:3,&quot;error_str&quot;:&quot;None&quot;,&quot;status_str&quot;:&quot;Connected&quot;}],&quot;error&quot;:&quot;None&quot;,&quot;con_stat&quot;:&quot;Disconnected&quot;,&quot;bitrate&quot;:5626152,&quot;dest&quot;:&quot;bonded/bonded10&quot;},{&quot;mip&quot;:&quot;4000.ts&quot;,&quot;port&quot;:0,&quot;ip&quot;:&quot;file&quot;,&quot;in_name&quot;:&quot;bond&quot;,&quot;in_active&quot;:1,&quot;in_active_sources&quot;:0,&quot;prg_name&quot;:&quot;&quot;,&quot;prg_prov&quot;:&quot;&quot;,&quot;prg_num&quot;:-1,&quot;chan&quot;:&quot;&quot;,&quot;chan_id&quot;:-1,&quot;id&quot;:&quot;zixi://bonded(bonded5)#10.7.0.66:2088@10.7.0.65,192.168.60.66:2088@192.168.50.65,192.168.5.166:2088@192.168.5.165&quot;,&quot;type&quot;:2,&quot;name&quot;:&quot;bond5&quot;,&quot;asi&quot;:0,&quot;rtmp&quot;:0,&quot;file&quot;:1,&quot;active&quot;:1,&quot;group&quot;:&quot;&quot;,&quot;bonded&quot;:[{&quot;host&quot;:&quot;10.7.0.66&quot;,&quot;port&quot;:2088,&quot;nic&quot;:&quot;10.7.0.65&quot;,&quot;limit&quot;:0,&quot;is_backup&quot;:0,&quot;bitrate&quot;:2814446,&quot;up_time&quot;:61,&quot;error_code&quot;:0,&quot;status_code&quot;:3,&quot;error_str&quot;:&quot;None&quot;,&quot;status_str&quot;:&quot;Connected&quot;},{&quot;host&quot;:&quot;192.168.60.66&quot;,&quot;port&quot;:2088,&quot;nic&quot;:&quot;192.168.50.65&quot;,&quot;limit&quot;:0,&quot;is_backup&quot;:0,&quot;bitrate&quot;:0,&quot;up_time&quot;:0,&quot;error_code&quot;:3,&quot;status_code&quot;:1,&quot;error_str&quot;:&quot;Timeout&quot;,&quot;status_str&quot;:&quot;Connecting&quot;},{&quot;host&quot;:&quot;192.168.5.166&quot;,&quot;port&quot;:2088,&quot;nic&quot;:&quot;192.168.5.165&quot;,&quot;limit&quot;:0,&quot;is_backup&quot;:0,&quot;bitrate&quot;:2885595,&quot;up_time&quot;:61,&quot;error_code&quot;:0,&quot;status_code&quot;:3,&quot;error_str&quot;:&quot;None&quot;,&quot;status_str&quot;:&quot;Connected&quot;}],&quot;error&quot;:&quot;None&quot;,&quot;con_stat&quot;:&quot;Disconnected&quot;,&quot;bitrate&quot;:5626024,&quot;dest&quot;:&quot;bonded/bonded5&quot;},{&quot;mip&quot;:&quot;4000.ts&quot;,&quot;port&quot;:0,&quot;ip&quot;:&quot;file&quot;,&quot;in_name&quot;:&quot;bond&quot;,&quot;in_active&quot;:1,&quot;in_active_sources&quot;:0,&quot;prg_name&quot;:&quot;&quot;,&quot;prg_prov&quot;:&quot;&quot;,&quot;prg_num&quot;:-1,&quot;chan&quot;:&quot;&quot;,&quot;chan_id&quot;:-1,&quot;id&quot;:&quot;zixi://bonded(bonded11)#10.7.0.66:2088@10.7.0.65,192.168.60.66:2088@192.168.50.65,192.168.5.166:2088@192.168.5.165&quot;,&quot;type&quot;:2,&quot;name&quot;:&quot;bond11&quot;,&quot;asi&quot;:0,&quot;rtmp&quot;:0,&quot;file&quot;:1,&quot;active&quot;:1,&quot;group&quot;:&quot;&quot;,&quot;bonded&quot;:[],&quot;error&quot;:&quot;None&quot;,&quot;con_stat&quot;:&quot;Connecting&quot;,&quot;bitrate&quot;:0,&quot;dest&quot;:&quot;bonded/bonded11&quot;}]}
Debug printing ------&gt;&gt;&gt; {&quot;custom_data&quot;:&quot;&quot;,&quot;msg&quot;:&quot;Output deleted.&quot;,&quot;error&quot;:&quot;&quot;,&quot;outs&quot;:[{&quot;mip&quot;:&quot;live_recording.ts&quot;,&quot;port&quot;:0,&quot;ip&quot;:&quot;file&quot;,&quot;in_name&quot;:&quot;feederoutputname&quot;,&quot;in_active&quot;:1,&quot;in_active_sources&quot;:0,&quot;prg_name&quot;:&quot;&quot;,&quot;prg_prov&quot;:&quot;&quot;,&quot;prg_num&quot;:1,&quot;chan&quot;:&quot;&quot;,&quot;chan_id&quot;:-1,&quot;id&quot;:&quot;zixi://10.7.0.66:2088/feederout&quot;,&quot;type&quot;:2,&quot;name&quot;:&quot;feederoutputname&quot;,&quot;asi&quot;:0,&quot;rtmp&quot;:0,&quot;file&quot;:1,&quot;active&quot;:1,&quot;group&quot;:&quot;&quot;,&quot;error&quot;:&quot;Authentication&quot;,&quot;con_stat&quot;:&quot;Disconnected&quot;,&quot;bitrate&quot;:0,&quot;dest&quot;:&quot;10.7.0.66:2088/feederout&quot;},{&quot;mip&quot;:&quot;4000.ts&quot;,&quot;port&quot;:0,&quot;ip&quot;:&quot;file&quot;,&quot;in_name&quot;:&quot;bond&quot;,&quot;in_active&quot;:1,&quot;in_active_sources&quot;:0,&quot;prg_name&quot;:&quot;&quot;,&quot;prg_prov&quot;:&quot;&quot;,&quot;prg_num&quot;:-1,&quot;chan&quot;:&quot;&quot;,&quot;chan_id&quot;:-1,&quot;id&quot;:&quot;zixi://bonded(bonded1)#10.7.0.66:2088@10.7.0.65,192.168.60.66:2088@192.168.50.65,192.168.5.166:2088@192.168.5.165&quot;,&quot;type&quot;:2,&quot;name&quot;:&quot;bond1&quot;,&quot;asi&quot;:0,&quot;rtmp&quot;:0,&quot;file&quot;:1,&quot;active&quot;:1,&quot;group&quot;:&quot;&quot;,&quot;bonded&quot;:[],&quot;error&quot;:&quot;None&quot;,&quot;con_stat&quot;:&quot;Connecting&quot;,&quot;bitrate&quot;:0,&quot;dest&quot;:&quot;bonded/bonded1&quot;},{&quot;mip&quot;:&quot;4000.ts&quot;,&quot;port&quot;:0,&quot;ip&quot;:&quot;file&quot;,&quot;in_name&quot;:&quot;bond&quot;,&quot;in_active&quot;:1,&quot;in_active_sources&quot;:0,&quot;prg_name&quot;:&quot;&quot;,&quot;prg_prov&quot;:&quot;&quot;,&quot;prg_num&quot;:-1,&quot;chan&quot;:&quot;&quot;,&quot;chan_id&quot;:-1,&quot;id&quot;:&quot;zixi://bonded(bonded2)#10.7.0.66:2088@10.7.0.65,192.168.60.66:2088@192.168.50.65,192.168.5.166:2088@192.168.5.165&quot;,&quot;type&quot;:2,&quot;name&quot;:&quot;bond2&quot;,&quot;asi&quot;:0,&quot;rtmp&quot;:0,&quot;file&quot;:1,&quot;active&quot;:1,&quot;group&quot;:&quot;&quot;,&quot;bonded&quot;:[],&quot;error&quot;:&quot;None&quot;,&quot;con_stat&quot;:&quot;Connecting&quot;,&quot;bitrate&quot;:0,&quot;dest&quot;:&quot;bonded/bonded2&quot;},{&quot;mip&quot;:&quot;4000.ts&quot;,&quot;port&quot;:0,&quot;ip&quot;:&quot;file&quot;,&quot;in_name&quot;:&quot;bond&quot;,&quot;in_active&quot;:1,&quot;in_active_sources&quot;:0,&quot;prg_name&quot;:&quot;&quot;,&quot;prg_prov&quot;:&quot;&quot;,&quot;prg_num&quot;:-1,&quot;chan&quot;:&quot;&quot;,&quot;chan_id&quot;:-1,&quot;id&quot;:&quot;zixi://bonded(bonded3)#10.7.0.66:2088@10.7.0.65,192.168.60.66:2088@192.168.50.65,192.168.5.166:2088@192.168.5.165&quot;,&quot;type&quot;:2,&quot;name&quot;:&quot;bond3&quot;,&quot;asi&quot;:0,&quot;rtmp&quot;:0,&quot;file&quot;:1,&quot;active&quot;:1,&quot;group&quot;:&quot;&quot;,&quot;bonded&quot;:[],&quot;error&quot;:&quot;None&quot;,&quot;con_stat&quot;:&quot;Connecting&quot;,&quot;bitrate&quot;:0,&quot;dest&quot;:&quot;bonded/bonded3&quot;},{&quot;mip&quot;:&quot;4000.ts&quot;,&quot;port&quot;:0,&quot;ip&quot;:&quot;file&quot;,&quot;in_name&quot;:&quot;bond&quot;,&quot;in_active&quot;:1,&quot;in_active_sources&quot;:0,&quot;prg_name&quot;:&quot;&quot;,&quot;prg_prov&quot;:&quot;&quot;,&quot;prg_num&quot;:-1,&quot;chan&quot;:&quot;&quot;,&quot;chan_id&quot;:-1,&quot;id&quot;:&quot;zixi://bonded(bonded4)#10.7.0.66:2088@10.7.0.65,192.168.60.66:2088@192.168.50.65,192.168.5.166:2088@192.168.5.165&quot;,&quot;type&quot;:2,&quot;name&quot;:&quot;bond4&quot;,&quot;asi&quot;:0,&quot;rtmp&quot;:0,&quot;file&quot;:1,&quot;active&quot;:1,&quot;group&quot;:&quot;&quot;,&quot;bonded&quot;:[],&quot;error&quot;:&quot;None&quot;,&quot;con_stat&quot;:&quot;Connecting&quot;,&quot;bitrate&quot;:0,&quot;dest&quot;:&quot;bonded/bonded4&quot;},{&quot;mip&quot;:&quot;4000.ts&quot;,&quot;port&quot;:0,&quot;ip&quot;:&quot;file&quot;,&quot;in_name&quot;:&quot;bond&quot;,&quot;in_active&quot;:1,&quot;in_active_sources&quot;:0,&quot;prg_name&quot;:&quot;&quot;,&quot;prg_prov&quot;:&quot;&quot;,&quot;prg_num&quot;:-1,&quot;chan&quot;:&quot;&quot;,&quot;chan_id&quot;:-1,&quot;id&quot;:&quot;zixi://bonded(bonded10)#10.7.0.66:2088@10.7.0.65,192.168.60.66:2088@192.168.50.65,192.168.5.166:2088@192.168.5.165&quot;,&quot;type&quot;:2,&quot;name&quot;:&quot;bond10&quot;,&quot;asi&quot;:0,&quot;rtmp&quot;:0,&quot;file&quot;:1,&quot;active&quot;:1,&quot;group&quot;:&quot;&quot;,&quot;bonded&quot;:[{&quot;host&quot;:&quot;10.7.0.66&quot;,&quot;port&quot;:2088,&quot;nic&quot;:&quot;10.7.0.65&quot;,&quot;limit&quot;:0,&quot;is_backup&quot;:0,&quot;bitrate&quot;:2803062,&quot;up_time&quot;:61,&quot;error_code&quot;:0,&quot;status_code&quot;:3,&quot;error_str&quot;:&quot;None&quot;,&quot;status_str&quot;:&quot;Connected&quot;},{&quot;host&quot;:&quot;192.168.60.66&quot;,&quot;port&quot;:2088,&quot;nic&quot;:&quot;192.168.50.65&quot;,&quot;limit&quot;:0,&quot;is_backup&quot;:0,&quot;bitrate&quot;:0,&quot;up_time&quot;:0,&quot;error_code&quot;:3,&quot;status_code&quot;:1,&quot;error_str&quot;:&quot;Timeout&quot;,&quot;status_str&quot;:&quot;Connecting&quot;},{&quot;host&quot;:&quot;192.168.5.166&quot;,&quot;port&quot;:2088,&quot;nic&quot;:&quot;192.168.5.165&quot;,&quot;limit&quot;:0,&quot;is_backup&quot;:0,&quot;bitrate&quot;:2885827,&quot;up_time&quot;:61,&quot;error_code&quot;:0,&quot;status_code&quot;:3,&quot;error_str&quot;:&quot;None&quot;,&quot;status_str&quot;:&quot;Connected&quot;}],&quot;error&quot;:&quot;None&quot;,&quot;con_stat&quot;:&quot;Disconnected&quot;,&quot;bitrate&quot;:5626152,&quot;dest&quot;:&quot;bonded/bonded10&quot;},{&quot;mip&quot;:&quot;4000.ts&quot;,&quot;port&quot;:0,&quot;ip&quot;:&quot;file&quot;,&quot;in_name&quot;:&quot;bond&quot;,&quot;in_active&quot;:1,&quot;in_active_sources&quot;:0,&quot;prg_name&quot;:&quot;&quot;,&quot;prg_prov&quot;:&quot;&quot;,&quot;prg_num&quot;:-1,&quot;chan&quot;:&quot;&quot;,&quot;chan_id&quot;:-1,&quot;id&quot;:&quot;zixi://bonded(bonded5)#10.7.0.66:2088@10.7.0.65,192.168.60.66:2088@192.168.50.65,192.168.5.166:2088@192.168.5.165&quot;,&quot;type&quot;:2,&quot;name&quot;:&quot;bond5&quot;,&quot;asi&quot;:0,&quot;rtmp&quot;:0,&quot;file&quot;:1,&quot;active&quot;:1,&quot;group&quot;:&quot;&quot;,&quot;bonded&quot;:[{&quot;host&quot;:&quot;10.7.0.66&quot;,&quot;port&quot;:2088,&quot;nic&quot;:&quot;10.7.0.65&quot;,&quot;limit&quot;:0,&quot;is_backup&quot;:0,&quot;bitrate&quot;:2814446,&quot;up_time&quot;:61,&quot;error_code&quot;:0,&quot;status_code&quot;:3,&quot;error_str&quot;:&quot;None&quot;,&quot;status_str&quot;:&quot;Connected&quot;},{&quot;host&quot;:&quot;192.168.60.66&quot;,&quot;port&quot;:2088,&quot;nic&quot;:&quot;192.168.50.65&quot;,&quot;limit&quot;:0,&quot;is_backup&quot;:0,&quot;bitrate&quot;:0,&quot;up_time&quot;:0,&quot;error_code&quot;:3,&quot;status_code&quot;:1,&quot;error_str&quot;:&quot;Timeout&quot;,&quot;status_str&quot;:&quot;Connecting&quot;},{&quot;host&quot;:&quot;192.168.5.166&quot;,&quot;port&quot;:2088,&quot;nic&quot;:&quot;192.168.5.165&quot;,&quot;limit&quot;:0,&quot;is_backup&quot;:0,&quot;bitrate&quot;:2885595,&quot;up_time&quot;:61,&quot;error_code&quot;:0,&quot;status_code&quot;:3,&quot;error_str&quot;:&quot;None&quot;,&quot;status_str&quot;:&quot;Connected&quot;}],&quot;error&quot;:&quot;None&quot;,&quot;con_stat&quot;:&quot;Disconnected&quot;,&quot;bitrate&quot;:5626024,&quot;dest&quot;:&quot;bonded/bonded5&quot;}]}
Debug printing ------&gt;&gt;&gt; {&quot;custom_data&quot;:&quot;&quot;,&quot;msg&quot;:&quot;Output deleted.&quot;,&quot;error&quot;:&quot;&quot;,&quot;outs&quot;:[{&quot;mip&quot;:&quot;live_recording.ts&quot;,&quot;port&quot;:0,&quot;ip&quot;:&quot;file&quot;,&quot;in_name&quot;:&quot;feederoutputname&quot;,&quot;in_active&quot;:1,&quot;in_active_sources&quot;:0,&quot;prg_name&quot;:&quot;&quot;,&quot;prg_prov&quot;:&quot;&quot;,&quot;prg_num&quot;:1,&quot;chan&quot;:&quot;&quot;,&quot;chan_id&quot;:-1,&quot;id&quot;:&quot;zixi://10.7.0.66:2088/feederout&quot;,&quot;type&quot;:2,&quot;name&quot;:&quot;feederoutputname&quot;,&quot;asi&quot;:0,&quot;rtmp&quot;:0,&quot;file&quot;:1,&quot;active&quot;:1,&quot;group&quot;:&quot;&quot;,&quot;error&quot;:&quot;Authentication&quot;,&quot;con_stat&quot;:&quot;Disconnected&quot;,&quot;bitrate&quot;:0,&quot;dest&quot;:&quot;10.7.0.66:2088/feederout&quot;},{&quot;mip&quot;:&quot;4000.ts&quot;,&quot;port&quot;:0,&quot;ip&quot;:&quot;file&quot;,&quot;in_name&quot;:&quot;bond&quot;,&quot;in_active&quot;:1,&quot;in_active_sources&quot;:0,&quot;prg_name&quot;:&quot;&quot;,&quot;prg_prov&quot;:&quot;&quot;,&quot;prg_num&quot;:-1,&quot;chan&quot;:&quot;&quot;,&quot;chan_id&quot;:-1,&quot;id&quot;:&quot;zixi://bonded(bonded1)#10.7.0.66:2088@10.7.0.65,192.168.60.66:2088@192.168.50.65,192.168.5.166:2088@192.168.5.165&quot;,&quot;type&quot;:2,&quot;name&quot;:&quot;bond1&quot;,&quot;asi&quot;:0,&quot;rtmp&quot;:0,&quot;file&quot;:1,&quot;active&quot;:1,&quot;group&quot;:&quot;&quot;,&quot;bonded&quot;:[],&quot;error&quot;:&quot;None&quot;,&quot;con_stat&quot;:&quot;Connecting&quot;,&quot;bitrate&quot;:0,&quot;dest&quot;:&quot;bonded/bonded1&quot;},{&quot;mip&quot;:&quot;4000.ts&quot;,&quot;port&quot;:0,&quot;ip&quot;:&quot;file&quot;,&quot;in_name&quot;:&quot;bond&quot;,&quot;in_active&quot;:1,&quot;in_active_sources&quot;:0,&quot;prg_name&quot;:&quot;&quot;,&quot;prg_prov&quot;:&quot;&quot;,&quot;prg_num&quot;:-1,&quot;chan&quot;:&quot;&quot;,&quot;chan_id&quot;:-1,&quot;id&quot;:&quot;zixi://bonded(bonded2)#10.7.0.66:2088@10.7.0.65,192.168.60.66:2088@192.168.50.65,192.168.5.166:2088@192.168.5.165&quot;,&quot;type&quot;:2,&quot;name&quot;:&quot;bond2&quot;,&quot;asi&quot;:0,&quot;rtmp&quot;:0,&quot;file&quot;:1,&quot;active&quot;:1,&quot;group&quot;:&quot;&quot;,&quot;bonded&quot;:[],&quot;error&quot;:&quot;None&quot;,&quot;con_stat&quot;:&quot;Connecting&quot;,&quot;bitrate&quot;:0,&quot;dest&quot;:&quot;bonded/bonded2&quot;},{&quot;mip&quot;:&quot;4000.ts&quot;,&quot;port&quot;:0,&quot;ip&quot;:&quot;file&quot;,&quot;in_name&quot;:&quot;bond&quot;,&quot;in_active&quot;:1,&quot;in_active_sources&quot;:0,&quot;prg_name&quot;:&quot;&quot;,&quot;prg_prov&quot;:&quot;&quot;,&quot;prg_num&quot;:-1,&quot;chan&quot;:&quot;&quot;,&quot;chan_id&quot;:-1,&quot;id&quot;:&quot;zixi://bonded(bonded3)#10.7.0.66:2088@10.7.0.65,192.168.60.66:2088@192.168.50.65,192.168.5.166:2088@192.168.5.165&quot;,&quot;type&quot;:2,&quot;name&quot;:&quot;bond3&quot;,&quot;asi&quot;:0,&quot;rtmp&quot;:0,&quot;file&quot;:1,&quot;active&quot;:1,&quot;group&quot;:&quot;&quot;,&quot;bonded&quot;:[],&quot;error&quot;:&quot;None&quot;,&quot;con_stat&quot;:&quot;Connecting&quot;,&quot;bitrate&quot;:0,&quot;dest&quot;:&quot;bonded/bonded3&quot;},{&quot;mip&quot;:&quot;4000.ts&quot;,&quot;port&quot;:0,&quot;ip&quot;:&quot;file&quot;,&quot;in_name&quot;:&quot;bond&quot;,&quot;in_active&quot;:1,&quot;in_active_sources&quot;:0,&quot;prg_name&quot;:&quot;&quot;,&quot;prg_prov&quot;:&quot;&quot;,&quot;prg_num&quot;:-1,&quot;chan&quot;:&quot;&quot;,&quot;chan_id&quot;:-1,&quot;id&quot;:&quot;zixi://bonded(bonded4)#10.7.0.66:2088@10.7.0.65,192.168.60.66:2088@192.168.50.65,192.168.5.166:2088@192.168.5.165&quot;,&quot;type&quot;:2,&quot;name&quot;:&quot;bond4&quot;,&quot;asi&quot;:0,&quot;rtmp&quot;:0,&quot;file&quot;:1,&quot;active&quot;:1,&quot;group&quot;:&quot;&quot;,&quot;bonded&quot;:[],&quot;error&quot;:&quot;None&quot;,&quot;con_stat&quot;:&quot;Connecting&quot;,&quot;bitrate&quot;:0,&quot;dest&quot;:&quot;bonded/bonded4&quot;},{&quot;mip&quot;:&quot;4000.ts&quot;,&quot;port&quot;:0,&quot;ip&quot;:&quot;file&quot;,&quot;in_name&quot;:&quot;bond&quot;,&quot;in_active&quot;:1,&quot;in_active_sources&quot;:0,&quot;prg_name&quot;:&quot;&quot;,&quot;prg_prov&quot;:&quot;&quot;,&quot;prg_num&quot;:-1,&quot;chan&quot;:&quot;&quot;,&quot;chan_id&quot;:-1,&quot;id&quot;:&quot;zixi://bonded(bonded10)#10.7.0.66:2088@10.7.0.65,192.168.60.66:2088@192.168.50.65,192.168.5.166:2088@192.168.5.165&quot;,&quot;type&quot;:2,&quot;name&quot;:&quot;bond10&quot;,&quot;asi&quot;:0,&quot;rtmp&quot;:0,&quot;file&quot;:1,&quot;active&quot;:1,&quot;group&quot;:&quot;&quot;,&quot;bonded&quot;:[{&quot;host&quot;:&quot;10.7.0.66&quot;,&quot;port&quot;:2088,&quot;nic&quot;:&quot;10.7.0.65&quot;,&quot;limit&quot;:0,&quot;is_backup&quot;:0,&quot;bitrate&quot;:2803062,&quot;up_time&quot;:61,&quot;error_code&quot;:0,&quot;status_code&quot;:3,&quot;error_str&quot;:&quot;None&quot;,&quot;status_str&quot;:&quot;Connected&quot;},{&quot;host&quot;:&quot;192.168.60.66&quot;,&quot;port&quot;:2088,&quot;nic&quot;:&quot;192.168.50.65&quot;,&quot;limit&quot;:0,&quot;is_backup&quot;:0,&quot;bitrate&quot;:0,&quot;up_time&quot;:0,&quot;error_code&quot;:3,&quot;status_code&quot;:1,&quot;error_str&quot;:&quot;Timeout&quot;,&quot;status_str&quot;:&quot;Connecting&quot;},{&quot;host&quot;:&quot;192.168.5.166&quot;,&quot;port&quot;:2088,&quot;nic&quot;:&quot;192.168.5.165&quot;,&quot;limit&quot;:0,&quot;is_backup&quot;:0,&quot;bitrate&quot;:2885827,&quot;up_time&quot;:61,&quot;error_code&quot;:0,&quot;status_code&quot;:3,&quot;error_str&quot;:&quot;None&quot;,&quot;status_str&quot;:&quot;Connected&quot;}],&quot;error&quot;:&quot;None&quot;,&quot;con_stat&quot;:&quot;Disconnected&quot;,&quot;bitrate&quot;:5626152,&quot;dest&quot;:&quot;bonded/bonded10&quot;}]}
Debug printing ------&gt;&gt;&gt; {&quot;custom_data&quot;:&quot;&quot;,&quot;msg&quot;:&quot;Output deleted.&quot;,&quot;error&quot;:&quot;&quot;,&quot;outs&quot;:[{&quot;mip&quot;:&quot;live_recording.ts&quot;,&quot;port&quot;:0,&quot;ip&quot;:&quot;file&quot;,&quot;in_name&quot;:&quot;feederoutputname&quot;,&quot;in_active&quot;:1,&quot;in_active_sources&quot;:0,&quot;prg_name&quot;:&quot;&quot;,&quot;prg_prov&quot;:&quot;&quot;,&quot;prg_num&quot;:1,&quot;chan&quot;:&quot;&quot;,&quot;chan_id&quot;:-1,&quot;id&quot;:&quot;zixi://10.7.0.66:2088/feederout&quot;,&quot;type&quot;:2,&quot;name&quot;:&quot;feederoutputname&quot;,&quot;asi&quot;:0,&quot;rtmp&quot;:0,&quot;file&quot;:1,&quot;active&quot;:1,&quot;group&quot;:&quot;&quot;,&quot;error&quot;:&quot;Authentication&quot;,&quot;con_stat&quot;:&quot;Disconnected&quot;,&quot;bitrate&quot;:0,&quot;dest&quot;:&quot;10.7.0.66:2088/feederout&quot;},{&quot;mip&quot;:&quot;4000.ts&quot;,&quot;port&quot;:0,&quot;ip&quot;:&quot;file&quot;,&quot;in_name&quot;:&quot;bond&quot;,&quot;in_active&quot;:1,&quot;in_active_sources&quot;:0,&quot;prg_name&quot;:&quot;&quot;,&quot;prg_prov&quot;:&quot;&quot;,&quot;prg_num&quot;:-1,&quot;chan&quot;:&quot;&quot;,&quot;chan_id&quot;:-1,&quot;id&quot;:&quot;zixi://bonded(bonded1)#10.7.0.66:2088@10.7.0.65,192.168.60.66:2088@192.168.50.65,192.168.5.166:2088@192.168.5.165&quot;,&quot;type&quot;:2,&quot;name&quot;:&quot;bond1&quot;,&quot;asi&quot;:0,&quot;rtmp&quot;:0,&quot;file&quot;:1,&quot;active&quot;:1,&quot;group&quot;:&quot;&quot;,&quot;bonded&quot;:[],&quot;error&quot;:&quot;None&quot;,&quot;con_stat&quot;:&quot;Connecting&quot;,&quot;bitrate&quot;:0,&quot;dest&quot;:&quot;bonded/bonded1&quot;},{&quot;mip&quot;:&quot;4000.ts&quot;,&quot;port&quot;:0,&quot;ip&quot;:&quot;file&quot;,&quot;in_name&quot;:&quot;bond&quot;,&quot;in_active&quot;:1,&quot;in_active_sources&quot;:0,&quot;prg_name&quot;:&quot;&quot;,&quot;prg_prov&quot;:&quot;&quot;,&quot;prg_num&quot;:-1,&quot;chan&quot;:&quot;&quot;,&quot;chan_id&quot;:-1,&quot;id&quot;:&quot;zixi://bonded(bonded2)#10.7.0.66:2088@10.7.0.65,192.168.60.66:2088@192.168.50.65,192.168.5.166:2088@192.168.5.165&quot;,&quot;type&quot;:2,&quot;name&quot;:&quot;bond2&quot;,&quot;asi&quot;:0,&quot;rtmp&quot;:0,&quot;file&quot;:1,&quot;active&quot;:1,&quot;group&quot;:&quot;&quot;,&quot;bonded&quot;:[],&quot;error&quot;:&quot;None&quot;,&quot;con_stat&quot;:&quot;Connecting&quot;,&quot;bitrate&quot;:0,&quot;dest&quot;:&quot;bonded/bonded2&quot;},{&quot;mip&quot;:&quot;4000.ts&quot;,&quot;port&quot;:0,&quot;ip&quot;:&quot;file&quot;,&quot;in_name&quot;:&quot;bond&quot;,&quot;in_active&quot;:1,&quot;in_active_sources&quot;:0,&quot;prg_name&quot;:&quot;&quot;,&quot;prg_prov&quot;:&quot;&quot;,&quot;prg_num&quot;:-1,&quot;chan&quot;:&quot;&quot;,&quot;chan_id&quot;:-1,&quot;id&quot;:&quot;zixi://bonded(bonded3)#10.7.0.66:2088@10.7.0.65,192.168.60.66:2088@192.168.50.65,192.168.5.166:2088@192.168.5.165&quot;,&quot;type&quot;:2,&quot;name&quot;:&quot;bond3&quot;,&quot;asi&quot;:0,&quot;rtmp&quot;:0,&quot;file&quot;:1,&quot;active&quot;:1,&quot;group&quot;:&quot;&quot;,&quot;bonded&quot;:[],&quot;error&quot;:&quot;None&quot;,&quot;con_stat&quot;:&quot;Connecting&quot;,&quot;bitrate&quot;:0,&quot;dest&quot;:&quot;bonded/bonded3&quot;},{&quot;mip&quot;:&quot;4000.ts&quot;,&quot;port&quot;:0,&quot;ip&quot;:&quot;file&quot;,&quot;in_name&quot;:&quot;bond&quot;,&quot;in_active&quot;:1,&quot;in_active_sources&quot;:0,&quot;prg_name&quot;:&quot;&quot;,&quot;prg_prov&quot;:&quot;&quot;,&quot;prg_num&quot;:-1,&quot;chan&quot;:&quot;&quot;,&quot;chan_id&quot;:-1,&quot;id&quot;:&quot;zixi://bonded(bonded4)#10.7.0.66:2088@10.7.0.65,192.168.60.66:2088@192.168.50.65,192.168.5.166:2088@192.168.5.165&quot;,&quot;type&quot;:2,&quot;name&quot;:&quot;bond4&quot;,&quot;asi&quot;:0,&quot;rtmp&quot;:0,&quot;file&quot;:1,&quot;active&quot;:1,&quot;group&quot;:&quot;&quot;,&quot;bonded&quot;:[],&quot;error&quot;:&quot;None&quot;,&quot;con_stat&quot;:&quot;Connecting&quot;,&quot;bitrate&quot;:0,&quot;dest&quot;:&quot;bonded/bonded4&quot;}]}
Debug printing ------&gt;&gt;&gt; {&quot;custom_data&quot;:&quot;&quot;,&quot;msg&quot;:&quot;Output deleted.&quot;,&quot;error&quot;:&quot;&quot;,&quot;outs&quot;:[{&quot;mip&quot;:&quot;live_recording.ts&quot;,&quot;port&quot;:0,&quot;ip&quot;:&quot;file&quot;,&quot;in_name&quot;:&quot;feederoutputname&quot;,&quot;in_active&quot;:1,&quot;in_active_sources&quot;:0,&quot;prg_name&quot;:&quot;&quot;,&quot;prg_prov&quot;:&quot;&quot;,&quot;prg_num&quot;:1,&quot;chan&quot;:&quot;&quot;,&quot;chan_id&quot;:-1,&quot;id&quot;:&quot;zixi://10.7.0.66:2088/feederout&quot;,&quot;type&quot;:2,&quot;name&quot;:&quot;feederoutputname&quot;,&quot;asi&quot;:0,&quot;rtmp&quot;:0,&quot;file&quot;:1,&quot;active&quot;:1,&quot;group&quot;:&quot;&quot;,&quot;error&quot;:&quot;Authentication&quot;,&quot;con_stat&quot;:&quot;Disconnected&quot;,&quot;bitrate&quot;:0,&quot;dest&quot;:&quot;10.7.0.66:2088/feederout&quot;},{&quot;mip&quot;:&quot;4000.ts&quot;,&quot;port&quot;:0,&quot;ip&quot;:&quot;file&quot;,&quot;in_name&quot;:&quot;bond&quot;,&quot;in_active&quot;:1,&quot;in_active_sources&quot;:0,&quot;prg_name&quot;:&quot;&quot;,&quot;prg_prov&quot;:&quot;&quot;,&quot;prg_num&quot;:-1,&quot;chan&quot;:&quot;&quot;,&quot;chan_id&quot;:-1,&quot;id&quot;:&quot;zixi://bonded(bonded1)#10.7.0.66:2088@10.7.0.65,192.168.60.66:2088@192.168.50.65,192.168.5.166:2088@192.168.5.165&quot;,&quot;type&quot;:2,&quot;name&quot;:&quot;bond1&quot;,&quot;asi&quot;:0,&quot;rtmp&quot;:0,&quot;file&quot;:1,&quot;active&quot;:1,&quot;group&quot;:&quot;&quot;,&quot;bonded&quot;:[],&quot;error&quot;:&quot;None&quot;,&quot;con_stat&quot;:&quot;Connecting&quot;,&quot;bitrate&quot;:0,&quot;dest&quot;:&quot;bonded/bonded1&quot;},{&quot;mip&quot;:&quot;4000.ts&quot;,&quot;port&quot;:0,&quot;ip&quot;:&quot;file&quot;,&quot;in_name&quot;:&quot;bond&quot;,&quot;in_active&quot;:1,&quot;in_active_sources&quot;:0,&quot;prg_name&quot;:&quot;&quot;,&quot;prg_prov&quot;:&quot;&quot;,&quot;prg_num&quot;:-1,&quot;chan&quot;:&quot;&quot;,&quot;chan_id&quot;:-1,&quot;id&quot;:&quot;zixi://bonded(bonded2)#10.7.0.66:2088@10.7.0.65,192.168.60.66:2088@192.168.50.65,192.168.5.166:2088@192.168.5.165&quot;,&quot;type&quot;:2,&quot;name&quot;:&quot;bond2&quot;,&quot;asi&quot;:0,&quot;rtmp&quot;:0,&quot;file&quot;:1,&quot;active&quot;:1,&quot;group&quot;:&quot;&quot;,&quot;bonded&quot;:[],&quot;error&quot;:&quot;None&quot;,&quot;con_stat&quot;:&quot;Connecting&quot;,&quot;bitrate&quot;:0,&quot;dest&quot;:&quot;bonded/bonded2&quot;},{&quot;mip&quot;:&quot;4000.ts&quot;,&quot;port&quot;:0,&quot;ip&quot;:&quot;file&quot;,&quot;in_name&quot;:&quot;bond&quot;,&quot;in_active&quot;:1,&quot;in_active_sources&quot;:0,&quot;prg_name&quot;:&quot;&quot;,&quot;prg_prov&quot;:&quot;&quot;,&quot;prg_num&quot;:-1,&quot;chan&quot;:&quot;&quot;,&quot;chan_id&quot;:-1,&quot;id&quot;:&quot;zixi://bonded(bonded3)#10.7.0.66:2088@10.7.0.65,192.168.60.66:2088@192.168.50.65,192.168.5.166:2088@192.168.5.165&quot;,&quot;type&quot;:2,&quot;name&quot;:&quot;bond3&quot;,&quot;asi&quot;:0,&quot;rtmp&quot;:0,&quot;file&quot;:1,&quot;active&quot;:1,&quot;group&quot;:&quot;&quot;,&quot;bonded&quot;:[],&quot;error&quot;:&quot;None&quot;,&quot;con_stat&quot;:&quot;Connecting&quot;,&quot;bitrate&quot;:0,&quot;dest&quot;:&quot;bonded/bonded3&quot;}]}
Debug printing ------&gt;&gt;&gt; {&quot;custom_data&quot;:&quot;&quot;,&quot;msg&quot;:&quot;Output deleted.&quot;,&quot;error&quot;:&quot;&quot;,&quot;outs&quot;:[{&quot;mip&quot;:&quot;live_recording.ts&quot;,&quot;port&quot;:0,&quot;ip&quot;:&quot;file&quot;,&quot;in_name&quot;:&quot;feederoutputname&quot;,&quot;in_active&quot;:1,&quot;in_active_sources&quot;:0,&quot;prg_name&quot;:&quot;&quot;,&quot;prg_prov&quot;:&quot;&quot;,&quot;prg_num&quot;:1,&quot;chan&quot;:&quot;&quot;,&quot;chan_id&quot;:-1,&quot;id&quot;:&quot;zixi://10.7.0.66:2088/feederout&quot;,&quot;type&quot;:2,&quot;name&quot;:&quot;feederoutputname&quot;,&quot;asi&quot;:0,&quot;rtmp&quot;:0,&quot;file&quot;:1,&quot;active&quot;:1,&quot;group&quot;:&quot;&quot;,&quot;error&quot;:&quot;Authentication&quot;,&quot;con_stat&quot;:&quot;Disconnected&quot;,&quot;bitrate&quot;:0,&quot;dest&quot;:&quot;10.7.0.66:2088/feederout&quot;},{&quot;mip&quot;:&quot;4000.ts&quot;,&quot;port&quot;:0,&quot;ip&quot;:&quot;file&quot;,&quot;in_name&quot;:&quot;bond&quot;,&quot;in_active&quot;:1,&quot;in_active_sources&quot;:0,&quot;prg_name&quot;:&quot;&quot;,&quot;prg_prov&quot;:&quot;&quot;,&quot;prg_num&quot;:-1,&quot;chan&quot;:&quot;&quot;,&quot;chan_id&quot;:-1,&quot;id&quot;:&quot;zixi://bonded(bonded1)#10.7.0.66:2088@10.7.0.65,192.168.60.66:2088@192.168.50.65,192.168.5.166:2088@192.168.5.165&quot;,&quot;type&quot;:2,&quot;name&quot;:&quot;bond1&quot;,&quot;asi&quot;:0,&quot;rtmp&quot;:0,&quot;file&quot;:1,&quot;active&quot;:1,&quot;group&quot;:&quot;&quot;,&quot;bonded&quot;:[],&quot;error&quot;:&quot;None&quot;,&quot;con_stat&quot;:&quot;Connecting&quot;,&quot;bitrate&quot;:0,&quot;dest&quot;:&quot;bonded/bonded1&quot;},{&quot;mip&quot;:&quot;4000.ts&quot;,&quot;port&quot;:0,&quot;ip&quot;:&quot;file&quot;,&quot;in_name&quot;:&quot;bond&quot;,&quot;in_active&quot;:1,&quot;in_active_sources&quot;:0,&quot;prg_name&quot;:&quot;&quot;,&quot;prg_prov&quot;:&quot;&quot;,&quot;prg_num&quot;:-1,&quot;chan&quot;:&quot;&quot;,&quot;chan_id&quot;:-1,&quot;id&quot;:&quot;zixi://bonded(bonded2)#10.7.0.66:2088@10.7.0.65,192.168.60.66:2088@192.168.50.65,192.168.5.166:2088@192.168.5.165&quot;,&quot;type&quot;:2,&quot;name&quot;:&quot;bond2&quot;,&quot;asi&quot;:0,&quot;rtmp&quot;:0,&quot;file&quot;:1,&quot;active&quot;:1,&quot;group&quot;:&quot;&quot;,&quot;bonded&quot;:[],&quot;error&quot;:&quot;None&quot;,&quot;con_stat&quot;:&quot;Connecting&quot;,&quot;bitrate&quot;:0,&quot;dest&quot;:&quot;bonded/bonded2&quot;}]}
Debug printing ------&gt;&gt;&gt; {&quot;custom_data&quot;:&quot;&quot;,&quot;msg&quot;:&quot;Output deleted.&quot;,&quot;error&quot;:&quot;&quot;,&quot;outs&quot;:[{&quot;mip&quot;:&quot;live_recording.ts&quot;,&quot;port&quot;:0,&quot;ip&quot;:&quot;file&quot;,&quot;in_name&quot;:&quot;feederoutputname&quot;,&quot;in_active&quot;:1,&quot;in_active_sources&quot;:0,&quot;prg_name&quot;:&quot;&quot;,&quot;prg_prov&quot;:&quot;&quot;,&quot;prg_num&quot;:1,&quot;chan&quot;:&quot;&quot;,&quot;chan_id&quot;:-1,&quot;id&quot;:&quot;zixi://10.7.0.66:2088/feederout&quot;,&quot;type&quot;:2,&quot;name&quot;:&quot;feederoutputname&quot;,&quot;asi&quot;:0,&quot;rtmp&quot;:0,&quot;file&quot;:1,&quot;active&quot;:1,&quot;group&quot;:&quot;&quot;,&quot;error&quot;:&quot;Authentication&quot;,&quot;con_stat&quot;:&quot;Disconnected&quot;,&quot;bitrate&quot;:0,&quot;dest&quot;:&quot;10.7.0.66:2088/feederout&quot;},{&quot;mip&quot;:&quot;4000.ts&quot;,&quot;port&quot;:0,&quot;ip&quot;:&quot;file&quot;,&quot;in_name&quot;:&quot;bond&quot;,&quot;in_active&quot;:1,&quot;in_active_sources&quot;:0,&quot;prg_name&quot;:&quot;&quot;,&quot;prg_prov&quot;:&quot;&quot;,&quot;prg_num&quot;:-1,&quot;chan&quot;:&quot;&quot;,&quot;chan_id&quot;:-1,&quot;id&quot;:&quot;zixi://bonded(bonded1)#10.7.0.66:2088@10.7.0.65,192.168.60.66:2088@192.168.50.65,192.168.5.166:2088@192.168.5.165&quot;,&quot;type&quot;:2,&quot;name&quot;:&quot;bond1&quot;,&quot;asi&quot;:0,&quot;rtmp&quot;:0,&quot;file&quot;:1,&quot;active&quot;:1,&quot;group&quot;:&quot;&quot;,&quot;bonded&quot;:[],&quot;error&quot;:&quot;None&quot;,&quot;con_stat&quot;:&quot;Connecting&quot;,&quot;bitrate&quot;:0,&quot;dest&quot;:&quot;bonded/bonded1&quot;}]}
Debug printing ------&gt;&gt;&gt; {&quot;custom_data&quot;:&quot;&quot;,&quot;msg&quot;:&quot;Output deleted.&quot;,&quot;error&quot;:&quot;&quot;,&quot;outs&quot;:[{&quot;mip&quot;:&quot;live_recording.ts&quot;,&quot;port&quot;:0,&quot;ip&quot;:&quot;file&quot;,&quot;in_name&quot;:&quot;feederoutputname&quot;,&quot;in_active&quot;:1,&quot;in_active_sources&quot;:0,&quot;prg_name&quot;:&quot;&quot;,&quot;prg_prov&quot;:&quot;&quot;,&quot;prg_num&quot;:1,&quot;chan&quot;:&quot;&quot;,&quot;chan_id&quot;:-1,&quot;id&quot;:&quot;zixi://10.7.0.66:2088/feederout&quot;,&quot;type&quot;:2,&quot;name&quot;:&quot;feederoutputname&quot;,&quot;asi&quot;:0,&quot;rtmp&quot;:0,&quot;file&quot;:1,&quot;active&quot;:1,&quot;group&quot;:&quot;&quot;,&quot;error&quot;:&quot;Authentication&quot;,&quot;con_stat&quot;:&quot;Disconnected&quot;,&quot;bitrate&quot;:0,&quot;dest&quot;:&quot;10.7.0.66:2088/feederout&quot;}]}
Result is 
Result is Output deleted.
Result is Output deleted.
Result is Output deleted.
Result is Output deleted.
Result is Output deleted.
Result is Output deleted.
Result is Output deleted.
Result is Output deleted.
Result is Output deleted.
Result is Output deleted.
Result is Output deleted.
Result is Output deleted.
Result is Output deleted.
Result is Output deleted.
Result is Output deleted.
Result is Output deleted.
Result is Output deleted.
Result is Output deleted.
Result is Output deleted.
Result is Output deleted.
</system-out>
  </testcase>
  <testcase classname="com.zixi.load.testing.FeederBroadcasterBondingMultipleThreeLinkTest" name="broadcasterMultiplePullInCreation" time="1.992"/>
  <testcase classname="com.zixi.testing.BroadcasterUDPOutputStreamCreationTest" name="broadcasterPullInCreation" time="0.791"/>
  <testcase classname="com.zixi.load.testing.BroadcasterRundomInputStreamTest" name="broadcasterSwitchUdpOut" time="285.824"/>
  <testcase classname="com.zixi.testing.BroadcaserSingleOutputStreamDeletionTest" name="broadcasterSingleStreamRemoving" time="0.857"/>
  <testcase classname="com.zixi.load.testing.BroadcaserAllInputStreamDeletorTest" name="broadcasterDeleteAllInputs" time="0.965"/>
  <testcase classname="com.zixi.load.testing.FeederMultipleDeletionTest" name="broadcasterMultiplePullInCreation" time="0.79">
    <failure message="expected [pass] but found [failed]" type="java.lang.AssertionError">java.lang.AssertionError: expected [pass] but found [failed]
	at org.testng.Assert.fail(Assert.java:94)
	at org.testng.Assert.failNotEquals(Assert.java:496)
	at org.testng.Assert.assertEquals(Assert.java:125)
	at org.testng.Assert.assertEquals(Assert.java:178)
	at org.testng.Assert.assertEquals(Assert.java:188)
	at com.zixi.load.testing.FeederMultipleDeletionTest.broadcasterMultiplePullInCreation(FeederMultipleDeletionTest.java:41)
</failure>
    <system-out>Debug printing ------&gt;&gt;&gt; {&quot;custom_data&quot;:&quot;&quot;,&quot;msg&quot;:&quot;Output deleted.&quot;,&quot;error&quot;:&quot;&quot;,&quot;outs&quot;:[{&quot;mip&quot;:&quot;4000.ts&quot;,&quot;port&quot;:0,&quot;ip&quot;:&quot;file&quot;,&quot;in_name&quot;:&quot;bond&quot;,&quot;in_active&quot;:1,&quot;in_active_sources&quot;:0,&quot;prg_name&quot;:&quot;&quot;,&quot;prg_prov&quot;:&quot;&quot;,&quot;prg_num&quot;:-1,&quot;chan&quot;:&quot;&quot;,&quot;chan_id&quot;:-1,&quot;id&quot;:&quot;zixi://bonded(bonded13)#10.7.0.66:2088@10.7.0.65,192.168.60.66:2088@192.168.50.65,192.168.5.166:2088@192.168.5.165&quot;,&quot;type&quot;:2,&quot;name&quot;:&quot;bond13&quot;,&quot;asi&quot;:0,&quot;rtmp&quot;:0,&quot;file&quot;:1,&quot;active&quot;:1,&quot;group&quot;:&quot;&quot;,&quot;bonded&quot;:[{&quot;host&quot;:&quot;10.7.0.66&quot;,&quot;port&quot;:2088,&quot;nic&quot;:&quot;10.7.0.65&quot;,&quot;limit&quot;:0,&quot;is_backup&quot;:0,&quot;bitrate&quot;:2847863,&quot;up_time&quot;:279,&quot;error_code&quot;:0,&quot;status_code&quot;:3,&quot;error_str&quot;:&quot;None&quot;,&quot;status_str&quot;:&quot;Connected&quot;},{&quot;host&quot;:&quot;192.168.60.66&quot;,&quot;port&quot;:2088,&quot;nic&quot;:&quot;192.168.50.65&quot;,&quot;limit&quot;:0,&quot;is_backup&quot;:0,&quot;bitrate&quot;:0,&quot;up_time&quot;:0,&quot;error_code&quot;:3,&quot;status_code&quot;:1,&quot;error_str&quot;:&quot;Timeout&quot;,&quot;status_str&quot;:&quot;Connecting&quot;},{&quot;host&quot;:&quot;192.168.5.166&quot;,&quot;port&quot;:2088,&quot;nic&quot;:&quot;192.168.5.165&quot;,&quot;limit&quot;:0,&quot;is_backup&quot;:0,&quot;bitrate&quot;:2834168,&quot;up_time&quot;:279,&quot;error_code&quot;:0,&quot;status_code&quot;:3,&quot;error_str&quot;:&quot;None&quot;,&quot;status_str&quot;:&quot;Connected&quot;}],&quot;error&quot;:&quot;None&quot;,&quot;con_stat&quot;:&quot;Disconnected&quot;,&quot;bitrate&quot;:5616488,&quot;dest&quot;:&quot;bonded/bonded13&quot;},{&quot;mip&quot;:&quot;4000.ts&quot;,&quot;port&quot;:0,&quot;ip&quot;:&quot;file&quot;,&quot;in_name&quot;:&quot;bond&quot;,&quot;in_active&quot;:1,&quot;in_active_sources&quot;:0,&quot;prg_name&quot;:&quot;&quot;,&quot;prg_prov&quot;:&quot;&quot;,&quot;prg_num&quot;:-1,&quot;chan&quot;:&quot;&quot;,&quot;chan_id&quot;:-1,&quot;id&quot;:&quot;zixi://bonded(bonded19)#10.7.0.66:2088@10.7.0.65,192.168.60.66:2088@192.168.50.65,192.168.5.166:2088@192.168.5.165&quot;,&quot;type&quot;:2,&quot;name&quot;:&quot;bond19&quot;,&quot;asi&quot;:0,&quot;rtmp&quot;:0,&quot;file&quot;:1,&quot;active&quot;:1,&quot;group&quot;:&quot;&quot;,&quot;bonded&quot;:[{&quot;host&quot;:&quot;10.7.0.66&quot;,&quot;port&quot;:2088,&quot;nic&quot;:&quot;10.7.0.65&quot;,&quot;limit&quot;:0,&quot;is_backup&quot;:0,&quot;bitrate&quot;:2876692,&quot;up_time&quot;:278,&quot;error_code&quot;:0,&quot;status_code&quot;:3,&quot;error_str&quot;:&quot;None&quot;,&quot;status_str&quot;:&quot;Connected&quot;},{&quot;host&quot;:&quot;192.168.60.66&quot;,&quot;port&quot;:2088,&quot;nic&quot;:&quot;192.168.50.65&quot;,&quot;limit&quot;:0,&quot;is_backup&quot;:0,&quot;bitrate&quot;:0,&quot;up_time&quot;:0,&quot;error_code&quot;:3,&quot;status_code&quot;:1,&quot;error_str&quot;:&quot;Timeout&quot;,&quot;status_str&quot;:&quot;Connecting&quot;},{&quot;host&quot;:&quot;192.168.5.166&quot;,&quot;port&quot;:2088,&quot;nic&quot;:&quot;192.168.5.165&quot;,&quot;limit&quot;:0,&quot;is_backup&quot;:0,&quot;bitrate&quot;:2808883,&quot;up_time&quot;:278,&quot;error_code&quot;:0,&quot;status_code&quot;:3,&quot;error_str&quot;:&quot;None&quot;,&quot;status_str&quot;:&quot;Connected&quot;}],&quot;error&quot;:&quot;None&quot;,&quot;con_stat&quot;:&quot;Disconnected&quot;,&quot;bitrate&quot;:5614489,&quot;dest&quot;:&quot;bonded/bonded19&quot;},{&quot;mip&quot;:&quot;4000.ts&quot;,&quot;port&quot;:0,&quot;ip&quot;:&quot;file&quot;,&quot;in_name&quot;:&quot;bond&quot;,&quot;in_active&quot;:1,&quot;in_active_sources&quot;:0,&quot;prg_name&quot;:&quot;&quot;,&quot;prg_prov&quot;:&quot;&quot;,&quot;prg_num&quot;:-1,&quot;chan&quot;:&quot;&quot;,&quot;chan_id&quot;:-1,&quot;id&quot;:&quot;zixi://bonded(bonded15)#10.7.0.66:2088@10.7.0.65,192.168.60.66:2088@192.168.50.65,192.168.5.166:2088@192.168.5.165&quot;,&quot;type&quot;:2,&quot;name&quot;:&quot;bond15&quot;,&quot;asi&quot;:0,&quot;rtmp&quot;:0,&quot;file&quot;:1,&quot;active&quot;:1,&quot;group&quot;:&quot;&quot;,&quot;bonded&quot;:[{&quot;host&quot;:&quot;10.7.0.66&quot;,&quot;port&quot;:2088,&quot;nic&quot;:&quot;10.7.0.65&quot;,&quot;limit&quot;:0,&quot;is_backup&quot;:0,&quot;bitrate&quot;:2893282,&quot;up_time&quot;:279,&quot;error_code&quot;:0,&quot;status_code&quot;:3,&quot;error_str&quot;:&quot;None&quot;,&quot;status_str&quot;:&quot;Connected&quot;},{&quot;host&quot;:&quot;192.168.60.66&quot;,&quot;port&quot;:2088,&quot;nic&quot;:&quot;192.168.50.65&quot;,&quot;limit&quot;:0,&quot;is_backup&quot;:0,&quot;bitrate&quot;:0,&quot;up_time&quot;:0,&quot;error_code&quot;:3,&quot;status_code&quot;:1,&quot;error_str&quot;:&quot;Timeout&quot;,&quot;status_str&quot;:&quot;Connecting&quot;},{&quot;host&quot;:&quot;192.168.5.166&quot;,&quot;port&quot;:2088,&quot;nic&quot;:&quot;192.168.5.165&quot;,&quot;limit&quot;:0,&quot;is_backup&quot;:0,&quot;bitrate&quot;:2808937,&quot;up_time&quot;:279,&quot;error_code&quot;:0,&quot;status_code&quot;:3,&quot;error_str&quot;:&quot;None&quot;,&quot;status_str&quot;:&quot;Connected&quot;}],&quot;error&quot;:&quot;None&quot;,&quot;con_stat&quot;:&quot;Disconnected&quot;,&quot;bitrate&quot;:5639264,&quot;dest&quot;:&quot;bonded/bonded15&quot;},{&quot;mip&quot;:&quot;4000.ts&quot;,&quot;port&quot;:0,&quot;ip&quot;:&quot;file&quot;,&quot;in_name&quot;:&quot;bond&quot;,&quot;in_active&quot;:1,&quot;in_active_sources&quot;:0,&quot;prg_name&quot;:&quot;&quot;,&quot;prg_prov&quot;:&quot;&quot;,&quot;prg_num&quot;:-1,&quot;chan&quot;:&quot;&quot;,&quot;chan_id&quot;:-1,&quot;id&quot;:&quot;zixi://bonded(bonded14)#10.7.0.66:2088@10.7.0.65,192.168.60.66:2088@192.168.50.65,192.168.5.166:2088@192.168.5.165&quot;,&quot;type&quot;:2,&quot;name&quot;:&quot;bond14&quot;,&quot;asi&quot;:0,&quot;rtmp&quot;:0,&quot;file&quot;:1,&quot;active&quot;:1,&quot;group&quot;:&quot;&quot;,&quot;bonded&quot;:[{&quot;host&quot;:&quot;10.7.0.66&quot;,&quot;port&quot;:2088,&quot;nic&quot;:&quot;10.7.0.65&quot;,&quot;limit&quot;:0,&quot;is_backup&quot;:0,&quot;bitrate&quot;:2830266,&quot;up_time&quot;:279,&quot;error_code&quot;:0,&quot;status_code&quot;:3,&quot;error_str&quot;:&quot;None&quot;,&quot;status_str&quot;:&quot;Connected&quot;},{&quot;host&quot;:&quot;192.168.60.66&quot;,&quot;port&quot;:2088,&quot;nic&quot;:&quot;192.168.50.65&quot;,&quot;limit&quot;:0,&quot;is_backup&quot;:0,&quot;bitrate&quot;:0,&quot;up_time&quot;:0,&quot;error_code&quot;:3,&quot;status_code&quot;:1,&quot;error_str&quot;:&quot;Timeout&quot;,&quot;status_str&quot;:&quot;Connecting&quot;},{&quot;host&quot;:&quot;192.168.5.166&quot;,&quot;port&quot;:2088,&quot;nic&quot;:&quot;192.168.5.165&quot;,&quot;limit&quot;:0,&quot;is_backup&quot;:0,&quot;bitrate&quot;:2869496,&quot;up_time&quot;:279,&quot;error_code&quot;:0,&quot;status_code&quot;:3,&quot;error_str&quot;:&quot;None&quot;,&quot;status_str&quot;:&quot;Connected&quot;}],&quot;error&quot;:&quot;None&quot;,&quot;con_stat&quot;:&quot;Disconnected&quot;,&quot;bitrate&quot;:5634085,&quot;dest&quot;:&quot;bonded/bonded14&quot;},{&quot;mip&quot;:&quot;4000.ts&quot;,&quot;port&quot;:0,&quot;ip&quot;:&quot;file&quot;,&quot;in_name&quot;:&quot;bond&quot;,&quot;in_active&quot;:1,&quot;in_active_sources&quot;:0,&quot;prg_name&quot;:&quot;&quot;,&quot;prg_prov&quot;:&quot;&quot;,&quot;prg_num&quot;:-1,&quot;chan&quot;:&quot;&quot;,&quot;chan_id&quot;:-1,&quot;id&quot;:&quot;zixi://bonded(bonded18)#10.7.0.66:2088@10.7.0.65,192.168.60.66:2088@192.168.50.65,192.168.5.166:2088@192.168.5.165&quot;,&quot;type&quot;:2,&quot;name&quot;:&quot;bond18&quot;,&quot;asi&quot;:0,&quot;rtmp&quot;:0,&quot;file&quot;:1,&quot;active&quot;:1,&quot;group&quot;:&quot;&quot;,&quot;bonded&quot;:[{&quot;host&quot;:&quot;10.7.0.66&quot;,&quot;port&quot;:2088,&quot;nic&quot;:&quot;10.7.0.65&quot;,&quot;limit&quot;:0,&quot;is_backup&quot;:0,&quot;bitrate&quot;:2873098,&quot;up_time&quot;:279,&quot;error_code&quot;:0,&quot;status_code&quot;:3,&quot;error_str&quot;:&quot;None&quot;,&quot;status_str&quot;:&quot;Connected&quot;},{&quot;host&quot;:&quot;192.168.60.66&quot;,&quot;port&quot;:2088,&quot;nic&quot;:&quot;192.168.50.65&quot;,&quot;limit&quot;:0,&quot;is_backup&quot;:0,&quot;bitrate&quot;:0,&quot;up_time&quot;:0,&quot;error_code&quot;:3,&quot;status_code&quot;:1,&quot;error_str&quot;:&quot;Timeout&quot;,&quot;status_str&quot;:&quot;Connecting&quot;},{&quot;host&quot;:&quot;192.168.5.166&quot;,&quot;port&quot;:2088,&quot;nic&quot;:&quot;192.168.5.165&quot;,&quot;limit&quot;:0,&quot;is_backup&quot;:0,&quot;bitrate&quot;:2826965,&quot;up_time&quot;:279,&quot;error_code&quot;:0,&quot;status_code&quot;:3,&quot;error_str&quot;:&quot;None&quot;,&quot;status_str&quot;:&quot;Connected&quot;}],&quot;error&quot;:&quot;None&quot;,&quot;con_stat&quot;:&quot;Disconnected&quot;,&quot;bitrate&quot;:5637112,&quot;dest&quot;:&quot;bonded/bonded18&quot;},{&quot;mip&quot;:&quot;4000.ts&quot;,&quot;port&quot;:0,&quot;ip&quot;:&quot;file&quot;,&quot;in_name&quot;:&quot;bond&quot;,&quot;in_active&quot;:1,&quot;in_active_sources&quot;:0,&quot;prg_name&quot;:&quot;&quot;,&quot;prg_prov&quot;:&quot;&quot;,&quot;prg_num&quot;:-1,&quot;chan&quot;:&quot;&quot;,&quot;chan_id&quot;:-1,&quot;id&quot;:&quot;zixi://bonded(bonded11)#10.7.0.66:2088@10.7.0.65,192.168.60.66:2088@192.168.50.65,192.168.5.166:2088@192.168.5.165&quot;,&quot;type&quot;:2,&quot;name&quot;:&quot;bond11&quot;,&quot;asi&quot;:0,&quot;rtmp&quot;:0,&quot;file&quot;:1,&quot;active&quot;:1,&quot;group&quot;:&quot;&quot;,&quot;bonded&quot;:[{&quot;host&quot;:&quot;10.7.0.66&quot;,&quot;port&quot;:2088,&quot;nic&quot;:&quot;10.7.0.65&quot;,&quot;limit&quot;:0,&quot;is_backup&quot;:0,&quot;bitrate&quot;:2834810,&quot;up_time&quot;:279,&quot;error_code&quot;:0,&quot;status_code&quot;:3,&quot;error_str&quot;:&quot;None&quot;,&quot;status_str&quot;:&quot;Connected&quot;},{&quot;host&quot;:&quot;192.168.60.66&quot;,&quot;port&quot;:2088,&quot;nic&quot;:&quot;192.168.50.65&quot;,&quot;limit&quot;:0,&quot;is_backup&quot;:0,&quot;bitrate&quot;:0,&quot;up_time&quot;:0,&quot;error_code&quot;:3,&quot;status_code&quot;:1,&quot;error_str&quot;:&quot;Timeout&quot;,&quot;status_str&quot;:&quot;Connecting&quot;},{&quot;host&quot;:&quot;192.168.5.166&quot;,&quot;port&quot;:2088,&quot;nic&quot;:&quot;192.168.5.165&quot;,&quot;limit&quot;:0,&quot;is_backup&quot;:0,&quot;bitrate&quot;:2866399,&quot;up_time&quot;:279,&quot;error_code&quot;:0,&quot;status_code&quot;:3,&quot;error_str&quot;:&quot;None&quot;,&quot;status_str&quot;:&quot;Connected&quot;}],&quot;error&quot;:&quot;None&quot;,&quot;con_stat&quot;:&quot;Disconnected&quot;,&quot;bitrate&quot;:5638224,&quot;dest&quot;:&quot;bonded/bonded11&quot;},{&quot;mip&quot;:&quot;4000.ts&quot;,&quot;port&quot;:0,&quot;ip&quot;:&quot;file&quot;,&quot;in_name&quot;:&quot;bond&quot;,&quot;in_active&quot;:1,&quot;in_active_sources&quot;:0,&quot;prg_name&quot;:&quot;&quot;,&quot;prg_prov&quot;:&quot;&quot;,&quot;prg_num&quot;:-1,&quot;chan&quot;:&quot;&quot;,&quot;chan_id&quot;:-1,&quot;id&quot;:&quot;zixi://bonded(bonded17)#10.7.0.66:2088@10.7.0.65,192.168.60.66:2088@192.168.50.65,192.168.5.166:2088@192.168.5.165&quot;,&quot;type&quot;:2,&quot;name&quot;:&quot;bond17&quot;,&quot;asi&quot;:0,&quot;rtmp&quot;:0,&quot;file&quot;:1,&quot;active&quot;:1,&quot;group&quot;:&quot;&quot;,&quot;bonded&quot;:[{&quot;host&quot;:&quot;10.7.0.66&quot;,&quot;port&quot;:2088,&quot;nic&quot;:&quot;10.7.0.65&quot;,&quot;limit&quot;:0,&quot;is_backup&quot;:0,&quot;bitrate&quot;:2894597,&quot;up_time&quot;:279,&quot;error_code&quot;:0,&quot;status_code&quot;:3,&quot;error_str&quot;:&quot;None&quot;,&quot;status_str&quot;:&quot;Connected&quot;},{&quot;host&quot;:&quot;192.168.60.66&quot;,&quot;port&quot;:2088,&quot;nic&quot;:&quot;192.168.50.65&quot;,&quot;limit&quot;:0,&quot;is_backup&quot;:0,&quot;bitrate&quot;:0,&quot;up_time&quot;:0,&quot;error_code&quot;:3,&quot;status_code&quot;:1,&quot;error_str&quot;:&quot;Timeout&quot;,&quot;status_str&quot;:&quot;Connecting&quot;},{&quot;host&quot;:&quot;192.168.5.166&quot;,&quot;port&quot;:2088,&quot;nic&quot;:&quot;192.168.5.165&quot;,&quot;limit&quot;:0,&quot;is_backup&quot;:0,&quot;bitrate&quot;:2796424,&quot;up_time&quot;:279,&quot;error_code&quot;:0,&quot;status_code&quot;:3,&quot;error_str&quot;:&quot;None&quot;,&quot;status_str&quot;:&quot;Connected&quot;}],&quot;error&quot;:&quot;None&quot;,&quot;con_stat&quot;:&quot;Disconnected&quot;,&quot;bitrate&quot;:5628184,&quot;dest&quot;:&quot;bonded/bonded17&quot;},{&quot;mip&quot;:&quot;4000.ts&quot;,&quot;port&quot;:0,&quot;ip&quot;:&quot;file&quot;,&quot;in_name&quot;:&quot;bond&quot;,&quot;in_active&quot;:1,&quot;in_active_sources&quot;:0,&quot;prg_name&quot;:&quot;&quot;,&quot;prg_prov&quot;:&quot;&quot;,&quot;prg_num&quot;:-1,&quot;chan&quot;:&quot;&quot;,&quot;chan_id&quot;:-1,&quot;id&quot;:&quot;zixi://bonded(bonded10)#10.7.0.66:2088@10.7.0.65,192.168.60.66:2088@192.168.50.65,192.168.5.166:2088@192.168.5.165&quot;,&quot;type&quot;:2,&quot;name&quot;:&quot;bond10&quot;,&quot;asi&quot;:0,&quot;rtmp&quot;:0,&quot;file&quot;:1,&quot;active&quot;:1,&quot;group&quot;:&quot;&quot;,&quot;bonded&quot;:[{&quot;host&quot;:&quot;10.7.0.66&quot;,&quot;port&quot;:2088,&quot;nic&quot;:&quot;10.7.0.65&quot;,&quot;limit&quot;:0,&quot;is_backup&quot;:0,&quot;bitrate&quot;:2885993,&quot;up_time&quot;:269,&quot;error_code&quot;:0,&quot;status_code&quot;:3,&quot;error_str&quot;:&quot;None&quot;,&quot;status_str&quot;:&quot;Connected&quot;},{&quot;host&quot;:&quot;192.168.60.66&quot;,&quot;port&quot;:2088,&quot;nic&quot;:&quot;192.168.50.65&quot;,&quot;limit&quot;:0,&quot;is_backup&quot;:0,&quot;bitrate&quot;:0,&quot;up_time&quot;:0,&quot;error_code&quot;:3,&quot;status_code&quot;:1,&quot;error_str&quot;:&quot;Timeout&quot;,&quot;status_str&quot;:&quot;Connecting&quot;},{&quot;host&quot;:&quot;192.168.5.166&quot;,&quot;port&quot;:2088,&quot;nic&quot;:&quot;192.168.5.165&quot;,&quot;limit&quot;:0,&quot;is_backup&quot;:0,&quot;bitrate&quot;:2810920,&quot;up_time&quot;:269,&quot;error_code&quot;:0,&quot;status_code&quot;:3,&quot;error_str&quot;:&quot;None&quot;,&quot;status_str&quot;:&quot;Connected&quot;}],&quot;error&quot;:&quot;None&quot;,&quot;con_stat&quot;:&quot;Disconnected&quot;,&quot;bitrate&quot;:5633350,&quot;dest&quot;:&quot;bonded/bonded10&quot;},{&quot;mip&quot;:&quot;4000.ts&quot;,&quot;port&quot;:0,&quot;ip&quot;:&quot;file&quot;,&quot;in_name&quot;:&quot;bond&quot;,&quot;in_active&quot;:1,&quot;in_active_sources&quot;:0,&quot;prg_name&quot;:&quot;&quot;,&quot;prg_prov&quot;:&quot;&quot;,&quot;prg_num&quot;:-1,&quot;chan&quot;:&quot;&quot;,&quot;chan_id&quot;:-1,&quot;id&quot;:&quot;zixi://bonded(bonded16)#10.7.0.66:2088@10.7.0.65,192.168.60.66:2088@192.168.50.65,192.168.5.166:2088@192.168.5.165&quot;,&quot;type&quot;:2,&quot;name&quot;:&quot;bond16&quot;,&quot;asi&quot;:0,&quot;rtmp&quot;:0,&quot;file&quot;:1,&quot;active&quot;:1,&quot;group&quot;:&quot;&quot;,&quot;bonded&quot;:[{&quot;host&quot;:&quot;10.7.0.66&quot;,&quot;port&quot;:2088,&quot;nic&quot;:&quot;10.7.0.65&quot;,&quot;limit&quot;:0,&quot;is_backup&quot;:0,&quot;bitrate&quot;:2914315,&quot;up_time&quot;:279,&quot;error_code&quot;:0,&quot;status_code&quot;:3,&quot;error_str&quot;:&quot;None&quot;,&quot;status_str&quot;:&quot;Connected&quot;},{&quot;host&quot;:&quot;192.168.60.66&quot;,&quot;port&quot;:2088,&quot;nic&quot;:&quot;192.168.50.65&quot;,&quot;limit&quot;:0,&quot;is_backup&quot;:0,&quot;bitrate&quot;:0,&quot;up_time&quot;:0,&quot;error_code&quot;:3,&quot;status_code&quot;:1,&quot;error_str&quot;:&quot;Timeout&quot;,&quot;status_str&quot;:&quot;Connecting&quot;},{&quot;host&quot;:&quot;192.168.5.166&quot;,&quot;port&quot;:2088,&quot;nic&quot;:&quot;192.168.5.165&quot;,&quot;limit&quot;:0,&quot;is_backup&quot;:0,&quot;bitrate&quot;:2783115,&quot;up_time&quot;:279,&quot;error_code&quot;:0,&quot;status_code&quot;:3,&quot;error_str&quot;:&quot;None&quot;,&quot;status_str&quot;:&quot;Connected&quot;}],&quot;error&quot;:&quot;None&quot;,&quot;con_stat&quot;:&quot;Disconnected&quot;,&quot;bitrate&quot;:5633182,&quot;dest&quot;:&quot;bonded/bonded16&quot;},{&quot;mip&quot;:&quot;4000.ts&quot;,&quot;port&quot;:0,&quot;ip&quot;:&quot;file&quot;,&quot;in_name&quot;:&quot;bond&quot;,&quot;in_active&quot;:1,&quot;in_active_sources&quot;:0,&quot;prg_name&quot;:&quot;&quot;,&quot;prg_prov&quot;:&quot;&quot;,&quot;prg_num&quot;:-1,&quot;chan&quot;:&quot;&quot;,&quot;chan_id&quot;:-1,&quot;id&quot;:&quot;zixi://bonded(bonded9)#10.7.0.66:2088@10.7.0.65,192.168.60.66:2088@192.168.50.65,192.168.5.166:2088@192.168.5.165&quot;,&quot;type&quot;:2,&quot;name&quot;:&quot;bond9&quot;,&quot;asi&quot;:0,&quot;rtmp&quot;:0,&quot;file&quot;:1,&quot;active&quot;:1,&quot;group&quot;:&quot;&quot;,&quot;bonded&quot;:[{&quot;host&quot;:&quot;10.7.0.66&quot;,&quot;port&quot;:2088,&quot;nic&quot;:&quot;10.7.0.65&quot;,&quot;limit&quot;:0,&quot;is_backup&quot;:0,&quot;bitrate&quot;:2915358,&quot;up_time&quot;:279,&quot;error_code&quot;:0,&quot;status_code&quot;:3,&quot;error_str&quot;:&quot;None&quot;,&quot;status_str&quot;:&quot;Connected&quot;},{&quot;host&quot;:&quot;192.168.60.66&quot;,&quot;port&quot;:2088,&quot;nic&quot;:&quot;192.168.50.65&quot;,&quot;limit&quot;:0,&quot;is_backup&quot;:0,&quot;bitrate&quot;:0,&quot;up_time&quot;:0,&quot;error_code&quot;:3,&quot;status_code&quot;:1,&quot;error_str&quot;:&quot;Timeout&quot;,&quot;status_str&quot;:&quot;Connecting&quot;},{&quot;host&quot;:&quot;192.168.5.166&quot;,&quot;port&quot;:2088,&quot;nic&quot;:&quot;192.168.5.165&quot;,&quot;limit&quot;:0,&quot;is_backup&quot;:0,&quot;bitrate&quot;:2767558,&quot;up_time&quot;:279,&quot;error_code&quot;:0,&quot;status_code&quot;:3,&quot;error_str&quot;:&quot;None&quot;,&quot;status_str&quot;:&quot;Connected&quot;}],&quot;error&quot;:&quot;None&quot;,&quot;con_stat&quot;:&quot;Disconnected&quot;,&quot;bitrate&quot;:5611812,&quot;dest&quot;:&quot;bonded/bonded9&quot;},{&quot;mip&quot;:&quot;4000.ts&quot;,&quot;port&quot;:0,&quot;ip&quot;:&quot;file&quot;,&quot;in_name&quot;:&quot;bond&quot;,&quot;in_active&quot;:1,&quot;in_active_sources&quot;:0,&quot;prg_name&quot;:&quot;&quot;,&quot;prg_prov&quot;:&quot;&quot;,&quot;prg_num&quot;:-1,&quot;chan&quot;:&quot;&quot;,&quot;chan_id&quot;:-1,&quot;id&quot;:&quot;zixi://bonded(bonded0)#10.7.0.66:2088@10.7.0.65,192.168.60.66:2088@192.168.50.65,192.168.5.166:2088@192.168.5.165&quot;,&quot;type&quot;:2,&quot;name&quot;:&quot;bond0&quot;,&quot;asi&quot;:0,&quot;rtmp&quot;:0,&quot;file&quot;:1,&quot;active&quot;:1,&quot;group&quot;:&quot;&quot;,&quot;bonded&quot;:[{&quot;host&quot;:&quot;10.7.0.66&quot;,&quot;port&quot;:2088,&quot;nic&quot;:&quot;10.7.0.65&quot;,&quot;limit&quot;:0,&quot;is_backup&quot;:0,&quot;bitrate&quot;:0,&quot;up_time&quot;:2,&quot;error_code&quot;:0,&quot;status_code&quot;:3,&quot;error_str&quot;:&quot;None&quot;,&quot;status_str&quot;:&quot;Connected&quot;},{&quot;host&quot;:&quot;192.168.60.66&quot;,&quot;port&quot;:2088,&quot;nic&quot;:&quot;192.168.50.65&quot;,&quot;limit&quot;:0,&quot;is_backup&quot;:0,&quot;bitrate&quot;:0,&quot;up_time&quot;:0,&quot;error_code&quot;:0,&quot;status_code&quot;:1,&quot;error_str&quot;:&quot;None&quot;,&quot;status_str&quot;:&quot;Connecting&quot;},{&quot;host&quot;:&quot;192.168.5.166&quot;,&quot;port&quot;:2088,&quot;nic&quot;:&quot;192.168.5.165&quot;,&quot;limit&quot;:0,&quot;is_backup&quot;:0,&quot;bitrate&quot;:0,&quot;up_time&quot;:0,&quot;error_code&quot;:0,&quot;status_code&quot;:1,&quot;error_str&quot;:&quot;None&quot;,&quot;status_str&quot;:&quot;Connecting&quot;}],&quot;error&quot;:&quot;None&quot;,&quot;con_stat&quot;:&quot;Disconnected&quot;,&quot;bitrate&quot;:0,&quot;dest&quot;:&quot;bonded/bonded0&quot;},{&quot;mip&quot;:&quot;4000.ts&quot;,&quot;port&quot;:0,&quot;ip&quot;:&quot;file&quot;,&quot;in_name&quot;:&quot;bond&quot;,&quot;in_active&quot;:1,&quot;in_active_sources&quot;:0,&quot;prg_name&quot;:&quot;&quot;,&quot;prg_prov&quot;:&quot;&quot;,&quot;prg_num&quot;:-1,&quot;chan&quot;:&quot;&quot;,&quot;chan_id&quot;:-1,&quot;id&quot;:&quot;zixi://bonded(bonded7)#10.7.0.66:2088@10.7.0.65,192.168.60.66:2088@192.168.50.65,192.168.5.166:2088@192.168.5.165&quot;,&quot;type&quot;:2,&quot;name&quot;:&quot;bond7&quot;,&quot;asi&quot;:0,&quot;rtmp&quot;:0,&quot;file&quot;:1,&quot;active&quot;:1,&quot;group&quot;:&quot;&quot;,&quot;bonded&quot;:[{&quot;host&quot;:&quot;10.7.0.66&quot;,&quot;port&quot;:2088,&quot;nic&quot;:&quot;10.7.0.65&quot;,&quot;limit&quot;:0,&quot;is_backup&quot;:0,&quot;bitrate&quot;:2806317,&quot;up_time&quot;:279,&quot;error_code&quot;:0,&quot;status_code&quot;:3,&quot;error_str&quot;:&quot;None&quot;,&quot;status_str&quot;:&quot;Connected&quot;},{&quot;host&quot;:&quot;192.168.60.66&quot;,&quot;port&quot;:2088,&quot;nic&quot;:&quot;192.168.50.65&quot;,&quot;limit&quot;:0,&quot;is_backup&quot;:0,&quot;bitrate&quot;:0,&quot;up_time&quot;:0,&quot;error_code&quot;:3,&quot;status_code&quot;:1,&quot;error_str&quot;:&quot;Timeout&quot;,&quot;status_str&quot;:&quot;Connecting&quot;},{&quot;host&quot;:&quot;192.168.5.166&quot;,&quot;port&quot;:2088,&quot;nic&quot;:&quot;192.168.5.165&quot;,&quot;limit&quot;:0,&quot;is_backup&quot;:0,&quot;bitrate&quot;:2893675,&quot;up_time&quot;:279,&quot;error_code&quot;:0,&quot;status_code&quot;:3,&quot;error_str&quot;:&quot;None&quot;,&quot;status_str&quot;:&quot;Connected&quot;}],&quot;error&quot;:&quot;None&quot;,&quot;con_stat&quot;:&quot;Disconnected&quot;,&quot;bitrate&quot;:5636528,&quot;dest&quot;:&quot;bonded/bonded7&quot;},{&quot;mip&quot;:&quot;4000.ts&quot;,&quot;port&quot;:0,&quot;ip&quot;:&quot;file&quot;,&quot;in_name&quot;:&quot;bond&quot;,&quot;in_active&quot;:1,&quot;in_active_sources&quot;:0,&quot;prg_name&quot;:&quot;&quot;,&quot;prg_prov&quot;:&quot;&quot;,&quot;prg_num&quot;:-1,&quot;chan&quot;:&quot;&quot;,&quot;chan_id&quot;:-1,&quot;id&quot;:&quot;zixi://bonded(bonded12)#10.7.0.66:2088@10.7.0.65,192.168.60.66:2088@192.168.50.65,192.168.5.166:2088@192.168.5.165&quot;,&quot;type&quot;:2,&quot;name&quot;:&quot;bond12&quot;,&quot;asi&quot;:0,&quot;rtmp&quot;:0,&quot;file&quot;:1,&quot;active&quot;:1,&quot;group&quot;:&quot;&quot;,&quot;bonded&quot;:[{&quot;host&quot;:&quot;10.7.0.66&quot;,&quot;port&quot;:2088,&quot;nic&quot;:&quot;10.7.0.65&quot;,&quot;limit&quot;:0,&quot;is_backup&quot;:0,&quot;bitrate&quot;:2817053,&quot;up_time&quot;:279,&quot;error_code&quot;:0,&quot;status_code&quot;:3,&quot;error_str&quot;:&quot;None&quot;,&quot;status_str&quot;:&quot;Connected&quot;},{&quot;host&quot;:&quot;192.168.60.66&quot;,&quot;port&quot;:2088,&quot;nic&quot;:&quot;192.168.50.65&quot;,&quot;limit&quot;:0,&quot;is_backup&quot;:0,&quot;bitrate&quot;:0,&quot;up_time&quot;:0,&quot;error_code&quot;:3,&quot;status_code&quot;:1,&quot;error_str&quot;:&quot;Timeout&quot;,&quot;status_str&quot;:&quot;Connecting&quot;},{&quot;host&quot;:&quot;192.168.5.166&quot;,&quot;port&quot;:2088,&quot;nic&quot;:&quot;192.168.5.165&quot;,&quot;limit&quot;:0,&quot;is_backup&quot;:0,&quot;bitrate&quot;:2881931,&quot;up_time&quot;:279,&quot;error_code&quot;:0,&quot;status_code&quot;:3,&quot;error_str&quot;:&quot;None&quot;,&quot;status_str&quot;:&quot;Connected&quot;}],&quot;error&quot;:&quot;None&quot;,&quot;con_stat&quot;:&quot;Disconnected&quot;,&quot;bitrate&quot;:5637880,&quot;dest&quot;:&quot;bonded/bonded12&quot;},{&quot;mip&quot;:&quot;4000.ts&quot;,&quot;port&quot;:0,&quot;ip&quot;:&quot;file&quot;,&quot;in_name&quot;:&quot;bond&quot;,&quot;in_active&quot;:1,&quot;in_active_sources&quot;:0,&quot;prg_name&quot;:&quot;&quot;,&quot;prg_prov&quot;:&quot;&quot;,&quot;prg_num&quot;:-1,&quot;chan&quot;:&quot;&quot;,&quot;chan_id&quot;:-1,&quot;id&quot;:&quot;zixi://bonded(bonded6)#10.7.0.66:2088@10.7.0.65,192.168.60.66:2088@192.168.50.65,192.168.5.166:2088@192.168.5.165&quot;,&quot;type&quot;:2,&quot;name&quot;:&quot;bond6&quot;,&quot;asi&quot;:0,&quot;rtmp&quot;:0,&quot;file&quot;:1,&quot;active&quot;:1,&quot;group&quot;:&quot;&quot;,&quot;bonded&quot;:[],&quot;error&quot;:&quot;Timeout&quot;,&quot;con_stat&quot;:&quot;Connecting&quot;,&quot;bitrate&quot;:0,&quot;dest&quot;:&quot;bonded/bonded6&quot;},{&quot;mip&quot;:&quot;4000.ts&quot;,&quot;port&quot;:0,&quot;ip&quot;:&quot;file&quot;,&quot;in_name&quot;:&quot;bond&quot;,&quot;in_active&quot;:1,&quot;in_active_sources&quot;:0,&quot;prg_name&quot;:&quot;&quot;,&quot;prg_prov&quot;:&quot;&quot;,&quot;prg_num&quot;:-1,&quot;chan&quot;:&quot;&quot;,&quot;chan_id&quot;:-1,&quot;id&quot;:&quot;zixi://bonded(bonded5)#10.7.0.66:2088@10.7.0.65,192.168.60.66:2088@192.168.50.65,192.168.5.166:2088@192.168.5.165&quot;,&quot;type&quot;:2,&quot;name&quot;:&quot;bond5&quot;,&quot;asi&quot;:0,&quot;rtmp&quot;:0,&quot;file&quot;:1,&quot;active&quot;:1,&quot;group&quot;:&quot;&quot;,&quot;bonded&quot;:[{&quot;host&quot;:&quot;10.7.0.66&quot;,&quot;port&quot;:2088,&quot;nic&quot;:&quot;10.7.0.65&quot;,&quot;limit&quot;:0,&quot;is_backup&quot;:0,&quot;bitrate&quot;:2938808,&quot;up_time&quot;:279,&quot;error_code&quot;:0,&quot;status_code&quot;:3,&quot;error_str&quot;:&quot;None&quot;,&quot;status_str&quot;:&quot;Connected&quot;},{&quot;host&quot;:&quot;192.168.60.66&quot;,&quot;port&quot;:2088,&quot;nic&quot;:&quot;192.168.50.65&quot;,&quot;limit&quot;:0,&quot;is_backup&quot;:0,&quot;bitrate&quot;:0,&quot;up_time&quot;:0,&quot;error_code&quot;:3,&quot;status_code&quot;:1,&quot;error_str&quot;:&quot;Timeout&quot;,&quot;status_str&quot;:&quot;Connecting&quot;},{&quot;host&quot;:&quot;192.168.5.166&quot;,&quot;port&quot;:2088,&quot;nic&quot;:&quot;192.168.5.165&quot;,&quot;limit&quot;:0,&quot;is_backup&quot;:0,&quot;bitrate&quot;:2762290,&quot;up_time&quot;:279,&quot;error_code&quot;:0,&quot;status_code&quot;:3,&quot;error_str&quot;:&quot;None&quot;,&quot;status_str&quot;:&quot;Connected&quot;}],&quot;error&quot;:&quot;None&quot;,&quot;con_stat&quot;:&quot;Disconnected&quot;,&quot;bitrate&quot;:5637968,&quot;dest&quot;:&quot;bonded/bonded5&quot;},{&quot;mip&quot;:&quot;4000.ts&quot;,&quot;port&quot;:0,&quot;ip&quot;:&quot;file&quot;,&quot;in_name&quot;:&quot;bond&quot;,&quot;in_active&quot;:1,&quot;in_active_sources&quot;:0,&quot;prg_name&quot;:&quot;&quot;,&quot;prg_prov&quot;:&quot;&quot;,&quot;prg_num&quot;:-1,&quot;chan&quot;:&quot;&quot;,&quot;chan_id&quot;:-1,&quot;id&quot;:&quot;zixi://bonded(bonded4)#10.7.0.66:2088@10.7.0.65,192.168.60.66:2088@192.168.50.65,192.168.5.166:2088@192.168.5.165&quot;,&quot;type&quot;:2,&quot;name&quot;:&quot;bond4&quot;,&quot;asi&quot;:0,&quot;rtmp&quot;:0,&quot;file&quot;:1,&quot;active&quot;:1,&quot;group&quot;:&quot;&quot;,&quot;bonded&quot;:[{&quot;host&quot;:&quot;10.7.0.66&quot;,&quot;port&quot;:2088,&quot;nic&quot;:&quot;10.7.0.65&quot;,&quot;limit&quot;:0,&quot;is_backup&quot;:0,&quot;bitrate&quot;:2819297,&quot;up_time&quot;:279,&quot;error_code&quot;:0,&quot;status_code&quot;:3,&quot;error_str&quot;:&quot;None&quot;,&quot;status_str&quot;:&quot;Connected&quot;},{&quot;host&quot;:&quot;192.168.60.66&quot;,&quot;port&quot;:2088,&quot;nic&quot;:&quot;192.168.50.65&quot;,&quot;limit&quot;:0,&quot;is_backup&quot;:0,&quot;bitrate&quot;:0,&quot;up_time&quot;:0,&quot;error_code&quot;:3,&quot;status_code&quot;:1,&quot;error_str&quot;:&quot;Timeout&quot;,&quot;status_str&quot;:&quot;Connecting&quot;},{&quot;host&quot;:&quot;192.168.5.166&quot;,&quot;port&quot;:2088,&quot;nic&quot;:&quot;192.168.5.165&quot;,&quot;limit&quot;:0,&quot;is_backup&quot;:0,&quot;bitrate&quot;:2871493,&quot;up_time&quot;:279,&quot;error_code&quot;:0,&quot;status_code&quot;:3,&quot;error_str&quot;:&quot;None&quot;,&quot;status_str&quot;:&quot;Connected&quot;}],&quot;error&quot;:&quot;None&quot;,&quot;con_stat&quot;:&quot;Disconnected&quot;,&quot;bitrate&quot;:5626912,&quot;dest&quot;:&quot;bonded/bonded4&quot;},{&quot;mip&quot;:&quot;4000.ts&quot;,&quot;port&quot;:0,&quot;ip&quot;:&quot;file&quot;,&quot;in_name&quot;:&quot;bond&quot;,&quot;in_active&quot;:1,&quot;in_active_sources&quot;:0,&quot;prg_name&quot;:&quot;&quot;,&quot;prg_prov&quot;:&quot;&quot;,&quot;prg_num&quot;:-1,&quot;chan&quot;:&quot;&quot;,&quot;chan_id&quot;:-1,&quot;id&quot;:&quot;zixi://bonded(bonded3)#10.7.0.66:2088@10.7.0.65,192.168.60.66:2088@192.168.50.65,192.168.5.166:2088@192.168.5.165&quot;,&quot;type&quot;:2,&quot;name&quot;:&quot;bond3&quot;,&quot;asi&quot;:0,&quot;rtmp&quot;:0,&quot;file&quot;:1,&quot;active&quot;:1,&quot;group&quot;:&quot;&quot;,&quot;bonded&quot;:[{&quot;host&quot;:&quot;10.7.0.66&quot;,&quot;port&quot;:2088,&quot;nic&quot;:&quot;10.7.0.65&quot;,&quot;limit&quot;:0,&quot;is_backup&quot;:0,&quot;bitrate&quot;:2877231,&quot;up_time&quot;:279,&quot;error_code&quot;:0,&quot;status_code&quot;:3,&quot;error_str&quot;:&quot;None&quot;,&quot;status_str&quot;:&quot;Connected&quot;},{&quot;host&quot;:&quot;192.168.60.66&quot;,&quot;port&quot;:2088,&quot;nic&quot;:&quot;192.168.50.65&quot;,&quot;limit&quot;:0,&quot;is_backup&quot;:0,&quot;bitrate&quot;:0,&quot;up_time&quot;:0,&quot;error_code&quot;:3,&quot;status_code&quot;:1,&quot;error_str&quot;:&quot;Timeout&quot;,&quot;status_str&quot;:&quot;Connecting&quot;},{&quot;host&quot;:&quot;192.168.5.166&quot;,&quot;port&quot;:2088,&quot;nic&quot;:&quot;192.168.5.165&quot;,&quot;limit&quot;:0,&quot;is_backup&quot;:0,&quot;bitrate&quot;:2829737,&quot;up_time&quot;:279,&quot;error_code&quot;:0,&quot;status_code&quot;:3,&quot;error_str&quot;:&quot;None&quot;,&quot;status_str&quot;:&quot;Connected&quot;}],&quot;error&quot;:&quot;None&quot;,&quot;con_stat&quot;:&quot;Disconnected&quot;,&quot;bitrate&quot;:5632663,&quot;dest&quot;:&quot;bonded/bonded3&quot;},{&quot;mip&quot;:&quot;4000.ts&quot;,&quot;port&quot;:0,&quot;ip&quot;:&quot;file&quot;,&quot;in_name&quot;:&quot;bond&quot;,&quot;in_active&quot;:1,&quot;in_active_sources&quot;:0,&quot;prg_name&quot;:&quot;&quot;,&quot;prg_prov&quot;:&quot;&quot;,&quot;prg_num&quot;:-1,&quot;chan&quot;:&quot;&quot;,&quot;chan_id&quot;:-1,&quot;id&quot;:&quot;zixi://bonded(bonded2)#10.7.0.66:2088@10.7.0.65,192.168.60.66:2088@192.168.50.65,192.168.5.166:2088@192.168.5.165&quot;,&quot;type&quot;:2,&quot;name&quot;:&quot;bond2&quot;,&quot;asi&quot;:0,&quot;rtmp&quot;:0,&quot;file&quot;:1,&quot;active&quot;:1,&quot;group&quot;:&quot;&quot;,&quot;bonded&quot;:[{&quot;host&quot;:&quot;10.7.0.66&quot;,&quot;port&quot;:2088,&quot;nic&quot;:&quot;10.7.0.65&quot;,&quot;limit&quot;:0,&quot;is_backup&quot;:0,&quot;bitrate&quot;:2902263,&quot;up_time&quot;:279,&quot;error_code&quot;:0,&quot;status_code&quot;:3,&quot;error_str&quot;:&quot;None&quot;,&quot;status_str&quot;:&quot;Connected&quot;},{&quot;host&quot;:&quot;192.168.60.66&quot;,&quot;port&quot;:2088,&quot;nic&quot;:&quot;192.168.50.65&quot;,&quot;limit&quot;:0,&quot;is_backup&quot;:0,&quot;bitrate&quot;:0,&quot;up_time&quot;:0,&quot;error_code&quot;:3,&quot;status_code&quot;:1,&quot;error_str&quot;:&quot;Timeout&quot;,&quot;status_str&quot;:&quot;Connecting&quot;},{&quot;host&quot;:&quot;192.168.5.166&quot;,&quot;port&quot;:2088,&quot;nic&quot;:&quot;192.168.5.165&quot;,&quot;limit&quot;:0,&quot;is_backup&quot;:0,&quot;bitrate&quot;:2805797,&quot;up_time&quot;:128,&quot;error_code&quot;:0,&quot;status_code&quot;:3,&quot;error_str&quot;:&quot;None&quot;,&quot;status_str&quot;:&quot;Connected&quot;}],&quot;error&quot;:&quot;None&quot;,&quot;con_stat&quot;:&quot;Disconnected&quot;,&quot;bitrate&quot;:5633558,&quot;dest&quot;:&quot;bonded/bonded2&quot;},{&quot;mip&quot;:&quot;4000.ts&quot;,&quot;port&quot;:0,&quot;ip&quot;:&quot;file&quot;,&quot;in_name&quot;:&quot;bond&quot;,&quot;in_active&quot;:1,&quot;in_active_sources&quot;:0,&quot;prg_name&quot;:&quot;&quot;,&quot;prg_prov&quot;:&quot;&quot;,&quot;prg_num&quot;:-1,&quot;chan&quot;:&quot;&quot;,&quot;chan_id&quot;:-1,&quot;id&quot;:&quot;zixi://bonded(bonded1)#10.7.0.66:2088@10.7.0.65,192.168.60.66:2088@192.168.50.65,192.168.5.166:2088@192.168.5.165&quot;,&quot;type&quot;:2,&quot;name&quot;:&quot;bond1&quot;,&quot;asi&quot;:0,&quot;rtmp&quot;:0,&quot;file&quot;:1,&quot;active&quot;:1,&quot;group&quot;:&quot;&quot;,&quot;bonded&quot;:[{&quot;host&quot;:&quot;10.7.0.66&quot;,&quot;port&quot;:2088,&quot;nic&quot;:&quot;10.7.0.65&quot;,&quot;limit&quot;:0,&quot;is_backup&quot;:0,&quot;bitrate&quot;:2905354,&quot;up_time&quot;:24,&quot;error_code&quot;:0,&quot;status_code&quot;:3,&quot;error_str&quot;:&quot;None&quot;,&quot;status_str&quot;:&quot;Connected&quot;},{&quot;host&quot;:&quot;192.168.60.66&quot;,&quot;port&quot;:2088,&quot;nic&quot;:&quot;192.168.50.65&quot;,&quot;limit&quot;:0,&quot;is_backup&quot;:0,&quot;bitrate&quot;:0,&quot;up_time&quot;:0,&quot;error_code&quot;:3,&quot;status_code&quot;:1,&quot;error_str&quot;:&quot;Timeout&quot;,&quot;status_str&quot;:&quot;Connecting&quot;},{&quot;host&quot;:&quot;192.168.5.166&quot;,&quot;port&quot;:2088,&quot;nic&quot;:&quot;192.168.5.165&quot;,&quot;limit&quot;:0,&quot;is_backup&quot;:0,&quot;bitrate&quot;:2807502,&quot;up_time&quot;:23,&quot;error_code&quot;:0,&quot;status_code&quot;:3,&quot;error_str&quot;:&quot;None&quot;,&quot;status_str&quot;:&quot;Connected&quot;}],&quot;error&quot;:&quot;None&quot;,&quot;con_stat&quot;:&quot;Disconnected&quot;,&quot;bitrate&quot;:5641334,&quot;dest&quot;:&quot;bonded/bonded1&quot;},{&quot;mip&quot;:&quot;0.0.0.0&quot;,&quot;port&quot;:4433,&quot;ip&quot;:&quot;0.0.0.0&quot;,&quot;in_name&quot;:&quot;inputudp&quot;,&quot;in_active&quot;:1,&quot;in_active_sources&quot;:0,&quot;prg_name&quot;:&quot;&quot;,&quot;prg_prov&quot;:&quot;&quot;,&quot;prg_num&quot;:-1,&quot;chan&quot;:&quot;&quot;,&quot;chan_id&quot;:-1,&quot;id&quot;:&quot;udp://10.7.0.150:5555&quot;,&quot;type&quot;:1,&quot;name&quot;:&quot;test&quot;,&quot;asi&quot;:0,&quot;rtmp&quot;:0,&quot;file&quot;:0,&quot;active&quot;:1,&quot;group&quot;:&quot;&quot;,&quot;error&quot;:&quot;&quot;,&quot;con_stat&quot;:&quot;Connected&quot;,&quot;bitrate&quot;:0,&quot;dest&quot;:&quot;10.7.0.150:5555@0.0.0.0&quot;}]}
Debug printing ------&gt;&gt;&gt; {&quot;custom_data&quot;:&quot;&quot;,&quot;msg&quot;:&quot;Output deleted.&quot;,&quot;error&quot;:&quot;&quot;,&quot;outs&quot;:[{&quot;mip&quot;:&quot;4000.ts&quot;,&quot;port&quot;:0,&quot;ip&quot;:&quot;file&quot;,&quot;in_name&quot;:&quot;bond&quot;,&quot;in_active&quot;:1,&quot;in_active_sources&quot;:0,&quot;prg_name&quot;:&quot;&quot;,&quot;prg_prov&quot;:&quot;&quot;,&quot;prg_num&quot;:-1,&quot;chan&quot;:&quot;&quot;,&quot;chan_id&quot;:-1,&quot;id&quot;:&quot;zixi://bonded(bonded13)#10.7.0.66:2088@10.7.0.65,192.168.60.66:2088@192.168.50.65,192.168.5.166:2088@192.168.5.165&quot;,&quot;type&quot;:2,&quot;name&quot;:&quot;bond13&quot;,&quot;asi&quot;:0,&quot;rtmp&quot;:0,&quot;file&quot;:1,&quot;active&quot;:1,&quot;group&quot;:&quot;&quot;,&quot;bonded&quot;:[{&quot;host&quot;:&quot;10.7.0.66&quot;,&quot;port&quot;:2088,&quot;nic&quot;:&quot;10.7.0.65&quot;,&quot;limit&quot;:0,&quot;is_backup&quot;:0,&quot;bitrate&quot;:2847863,&quot;up_time&quot;:279,&quot;error_code&quot;:0,&quot;status_code&quot;:3,&quot;error_str&quot;:&quot;None&quot;,&quot;status_str&quot;:&quot;Connected&quot;},{&quot;host&quot;:&quot;192.168.60.66&quot;,&quot;port&quot;:2088,&quot;nic&quot;:&quot;192.168.50.65&quot;,&quot;limit&quot;:0,&quot;is_backup&quot;:0,&quot;bitrate&quot;:0,&quot;up_time&quot;:0,&quot;error_code&quot;:3,&quot;status_code&quot;:1,&quot;error_str&quot;:&quot;Timeout&quot;,&quot;status_str&quot;:&quot;Connecting&quot;},{&quot;host&quot;:&quot;192.168.5.166&quot;,&quot;port&quot;:2088,&quot;nic&quot;:&quot;192.168.5.165&quot;,&quot;limit&quot;:0,&quot;is_backup&quot;:0,&quot;bitrate&quot;:2834168,&quot;up_time&quot;:279,&quot;error_code&quot;:0,&quot;status_code&quot;:3,&quot;error_str&quot;:&quot;None&quot;,&quot;status_str&quot;:&quot;Connected&quot;}],&quot;error&quot;:&quot;None&quot;,&quot;con_stat&quot;:&quot;Disconnected&quot;,&quot;bitrate&quot;:5616488,&quot;dest&quot;:&quot;bonded/bonded13&quot;},{&quot;mip&quot;:&quot;4000.ts&quot;,&quot;port&quot;:0,&quot;ip&quot;:&quot;file&quot;,&quot;in_name&quot;:&quot;bond&quot;,&quot;in_active&quot;:1,&quot;in_active_sources&quot;:0,&quot;prg_name&quot;:&quot;&quot;,&quot;prg_prov&quot;:&quot;&quot;,&quot;prg_num&quot;:-1,&quot;chan&quot;:&quot;&quot;,&quot;chan_id&quot;:-1,&quot;id&quot;:&quot;zixi://bonded(bonded15)#10.7.0.66:2088@10.7.0.65,192.168.60.66:2088@192.168.50.65,192.168.5.166:2088@192.168.5.165&quot;,&quot;type&quot;:2,&quot;name&quot;:&quot;bond15&quot;,&quot;asi&quot;:0,&quot;rtmp&quot;:0,&quot;file&quot;:1,&quot;active&quot;:1,&quot;group&quot;:&quot;&quot;,&quot;bonded&quot;:[{&quot;host&quot;:&quot;10.7.0.66&quot;,&quot;port&quot;:2088,&quot;nic&quot;:&quot;10.7.0.65&quot;,&quot;limit&quot;:0,&quot;is_backup&quot;:0,&quot;bitrate&quot;:2893282,&quot;up_time&quot;:279,&quot;error_code&quot;:0,&quot;status_code&quot;:3,&quot;error_str&quot;:&quot;None&quot;,&quot;status_str&quot;:&quot;Connected&quot;},{&quot;host&quot;:&quot;192.168.60.66&quot;,&quot;port&quot;:2088,&quot;nic&quot;:&quot;192.168.50.65&quot;,&quot;limit&quot;:0,&quot;is_backup&quot;:0,&quot;bitrate&quot;:0,&quot;up_time&quot;:0,&quot;error_code&quot;:3,&quot;status_code&quot;:1,&quot;error_str&quot;:&quot;Timeout&quot;,&quot;status_str&quot;:&quot;Connecting&quot;},{&quot;host&quot;:&quot;192.168.5.166&quot;,&quot;port&quot;:2088,&quot;nic&quot;:&quot;192.168.5.165&quot;,&quot;limit&quot;:0,&quot;is_backup&quot;:0,&quot;bitrate&quot;:2808937,&quot;up_time&quot;:279,&quot;error_code&quot;:0,&quot;status_code&quot;:3,&quot;error_str&quot;:&quot;None&quot;,&quot;status_str&quot;:&quot;Connected&quot;}],&quot;error&quot;:&quot;None&quot;,&quot;con_stat&quot;:&quot;Disconnected&quot;,&quot;bitrate&quot;:5639264,&quot;dest&quot;:&quot;bonded/bonded15&quot;},{&quot;mip&quot;:&quot;4000.ts&quot;,&quot;port&quot;:0,&quot;ip&quot;:&quot;file&quot;,&quot;in_name&quot;:&quot;bond&quot;,&quot;in_active&quot;:1,&quot;in_active_sources&quot;:0,&quot;prg_name&quot;:&quot;&quot;,&quot;prg_prov&quot;:&quot;&quot;,&quot;prg_num&quot;:-1,&quot;chan&quot;:&quot;&quot;,&quot;chan_id&quot;:-1,&quot;id&quot;:&quot;zixi://bonded(bonded14)#10.7.0.66:2088@10.7.0.65,192.168.60.66:2088@192.168.50.65,192.168.5.166:2088@192.168.5.165&quot;,&quot;type&quot;:2,&quot;name&quot;:&quot;bond14&quot;,&quot;asi&quot;:0,&quot;rtmp&quot;:0,&quot;file&quot;:1,&quot;active&quot;:1,&quot;group&quot;:&quot;&quot;,&quot;bonded&quot;:[{&quot;host&quot;:&quot;10.7.0.66&quot;,&quot;port&quot;:2088,&quot;nic&quot;:&quot;10.7.0.65&quot;,&quot;limit&quot;:0,&quot;is_backup&quot;:0,&quot;bitrate&quot;:2830266,&quot;up_time&quot;:279,&quot;error_code&quot;:0,&quot;status_code&quot;:3,&quot;error_str&quot;:&quot;None&quot;,&quot;status_str&quot;:&quot;Connected&quot;},{&quot;host&quot;:&quot;192.168.60.66&quot;,&quot;port&quot;:2088,&quot;nic&quot;:&quot;192.168.50.65&quot;,&quot;limit&quot;:0,&quot;is_backup&quot;:0,&quot;bitrate&quot;:0,&quot;up_time&quot;:0,&quot;error_code&quot;:3,&quot;status_code&quot;:1,&quot;error_str&quot;:&quot;Timeout&quot;,&quot;status_str&quot;:&quot;Connecting&quot;},{&quot;host&quot;:&quot;192.168.5.166&quot;,&quot;port&quot;:2088,&quot;nic&quot;:&quot;192.168.5.165&quot;,&quot;limit&quot;:0,&quot;is_backup&quot;:0,&quot;bitrate&quot;:2869496,&quot;up_time&quot;:279,&quot;error_code&quot;:0,&quot;status_code&quot;:3,&quot;error_str&quot;:&quot;None&quot;,&quot;status_str&quot;:&quot;Connected&quot;}],&quot;error&quot;:&quot;None&quot;,&quot;con_stat&quot;:&quot;Disconnected&quot;,&quot;bitrate&quot;:5634085,&quot;dest&quot;:&quot;bonded/bonded14&quot;},{&quot;mip&quot;:&quot;4000.ts&quot;,&quot;port&quot;:0,&quot;ip&quot;:&quot;file&quot;,&quot;in_name&quot;:&quot;bond&quot;,&quot;in_active&quot;:1,&quot;in_active_sources&quot;:0,&quot;prg_name&quot;:&quot;&quot;,&quot;prg_prov&quot;:&quot;&quot;,&quot;prg_num&quot;:-1,&quot;chan&quot;:&quot;&quot;,&quot;chan_id&quot;:-1,&quot;id&quot;:&quot;zixi://bonded(bonded18)#10.7.0.66:2088@10.7.0.65,192.168.60.66:2088@192.168.50.65,192.168.5.166:2088@192.168.5.165&quot;,&quot;type&quot;:2,&quot;name&quot;:&quot;bond18&quot;,&quot;asi&quot;:0,&quot;rtmp&quot;:0,&quot;file&quot;:1,&quot;active&quot;:1,&quot;group&quot;:&quot;&quot;,&quot;bonded&quot;:[{&quot;host&quot;:&quot;10.7.0.66&quot;,&quot;port&quot;:2088,&quot;nic&quot;:&quot;10.7.0.65&quot;,&quot;limit&quot;:0,&quot;is_backup&quot;:0,&quot;bitrate&quot;:2873098,&quot;up_time&quot;:279,&quot;error_code&quot;:0,&quot;status_code&quot;:3,&quot;error_str&quot;:&quot;None&quot;,&quot;status_str&quot;:&quot;Connected&quot;},{&quot;host&quot;:&quot;192.168.60.66&quot;,&quot;port&quot;:2088,&quot;nic&quot;:&quot;192.168.50.65&quot;,&quot;limit&quot;:0,&quot;is_backup&quot;:0,&quot;bitrate&quot;:0,&quot;up_time&quot;:0,&quot;error_code&quot;:3,&quot;status_code&quot;:1,&quot;error_str&quot;:&quot;Timeout&quot;,&quot;status_str&quot;:&quot;Connecting&quot;},{&quot;host&quot;:&quot;192.168.5.166&quot;,&quot;port&quot;:2088,&quot;nic&quot;:&quot;192.168.5.165&quot;,&quot;limit&quot;:0,&quot;is_backup&quot;:0,&quot;bitrate&quot;:2826965,&quot;up_time&quot;:279,&quot;error_code&quot;:0,&quot;status_code&quot;:3,&quot;error_str&quot;:&quot;None&quot;,&quot;status_str&quot;:&quot;Connected&quot;}],&quot;error&quot;:&quot;None&quot;,&quot;con_stat&quot;:&quot;Disconnected&quot;,&quot;bitrate&quot;:5637112,&quot;dest&quot;:&quot;bonded/bonded18&quot;},{&quot;mip&quot;:&quot;4000.ts&quot;,&quot;port&quot;:0,&quot;ip&quot;:&quot;file&quot;,&quot;in_name&quot;:&quot;bond&quot;,&quot;in_active&quot;:1,&quot;in_active_sources&quot;:0,&quot;prg_name&quot;:&quot;&quot;,&quot;prg_prov&quot;:&quot;&quot;,&quot;prg_num&quot;:-1,&quot;chan&quot;:&quot;&quot;,&quot;chan_id&quot;:-1,&quot;id&quot;:&quot;zixi://bonded(bonded11)#10.7.0.66:2088@10.7.0.65,192.168.60.66:2088@192.168.50.65,192.168.5.166:2088@192.168.5.165&quot;,&quot;type&quot;:2,&quot;name&quot;:&quot;bond11&quot;,&quot;asi&quot;:0,&quot;rtmp&quot;:0,&quot;file&quot;:1,&quot;active&quot;:1,&quot;group&quot;:&quot;&quot;,&quot;bonded&quot;:[{&quot;host&quot;:&quot;10.7.0.66&quot;,&quot;port&quot;:2088,&quot;nic&quot;:&quot;10.7.0.65&quot;,&quot;limit&quot;:0,&quot;is_backup&quot;:0,&quot;bitrate&quot;:2834810,&quot;up_time&quot;:279,&quot;error_code&quot;:0,&quot;status_code&quot;:3,&quot;error_str&quot;:&quot;None&quot;,&quot;status_str&quot;:&quot;Connected&quot;},{&quot;host&quot;:&quot;192.168.60.66&quot;,&quot;port&quot;:2088,&quot;nic&quot;:&quot;192.168.50.65&quot;,&quot;limit&quot;:0,&quot;is_backup&quot;:0,&quot;bitrate&quot;:0,&quot;up_time&quot;:0,&quot;error_code&quot;:3,&quot;status_code&quot;:1,&quot;error_str&quot;:&quot;Timeout&quot;,&quot;status_str&quot;:&quot;Connecting&quot;},{&quot;host&quot;:&quot;192.168.5.166&quot;,&quot;port&quot;:2088,&quot;nic&quot;:&quot;192.168.5.165&quot;,&quot;limit&quot;:0,&quot;is_backup&quot;:0,&quot;bitrate&quot;:2866399,&quot;up_time&quot;:279,&quot;error_code&quot;:0,&quot;status_code&quot;:3,&quot;error_str&quot;:&quot;None&quot;,&quot;status_str&quot;:&quot;Connected&quot;}],&quot;error&quot;:&quot;None&quot;,&quot;con_stat&quot;:&quot;Disconnected&quot;,&quot;bitrate&quot;:5638224,&quot;dest&quot;:&quot;bonded/bonded11&quot;},{&quot;mip&quot;:&quot;4000.ts&quot;,&quot;port&quot;:0,&quot;ip&quot;:&quot;file&quot;,&quot;in_name&quot;:&quot;bond&quot;,&quot;in_active&quot;:1,&quot;in_active_sources&quot;:0,&quot;prg_name&quot;:&quot;&quot;,&quot;prg_prov&quot;:&quot;&quot;,&quot;prg_num&quot;:-1,&quot;chan&quot;:&quot;&quot;,&quot;chan_id&quot;:-1,&quot;id&quot;:&quot;zixi://bonded(bonded17)#10.7.0.66:2088@10.7.0.65,192.168.60.66:2088@192.168.50.65,192.168.5.166:2088@192.168.5.165&quot;,&quot;type&quot;:2,&quot;name&quot;:&quot;bond17&quot;,&quot;asi&quot;:0,&quot;rtmp&quot;:0,&quot;file&quot;:1,&quot;active&quot;:1,&quot;group&quot;:&quot;&quot;,&quot;bonded&quot;:[{&quot;host&quot;:&quot;10.7.0.66&quot;,&quot;port&quot;:2088,&quot;nic&quot;:&quot;10.7.0.65&quot;,&quot;limit&quot;:0,&quot;is_backup&quot;:0,&quot;bitrate&quot;:2894597,&quot;up_time&quot;:279,&quot;error_code&quot;:0,&quot;status_code&quot;:3,&quot;error_str&quot;:&quot;None&quot;,&quot;status_str&quot;:&quot;Connected&quot;},{&quot;host&quot;:&quot;192.168.60.66&quot;,&quot;port&quot;:2088,&quot;nic&quot;:&quot;192.168.50.65&quot;,&quot;limit&quot;:0,&quot;is_backup&quot;:0,&quot;bitrate&quot;:0,&quot;up_time&quot;:0,&quot;error_code&quot;:3,&quot;status_code&quot;:1,&quot;error_str&quot;:&quot;Timeout&quot;,&quot;status_str&quot;:&quot;Connecting&quot;},{&quot;host&quot;:&quot;192.168.5.166&quot;,&quot;port&quot;:2088,&quot;nic&quot;:&quot;192.168.5.165&quot;,&quot;limit&quot;:0,&quot;is_backup&quot;:0,&quot;bitrate&quot;:2796424,&quot;up_time&quot;:279,&quot;error_code&quot;:0,&quot;status_code&quot;:3,&quot;error_str&quot;:&quot;None&quot;,&quot;status_str&quot;:&quot;Connected&quot;}],&quot;error&quot;:&quot;None&quot;,&quot;con_stat&quot;:&quot;Disconnected&quot;,&quot;bitrate&quot;:5628184,&quot;dest&quot;:&quot;bonded/bonded17&quot;},{&quot;mip&quot;:&quot;4000.ts&quot;,&quot;port&quot;:0,&quot;ip&quot;:&quot;file&quot;,&quot;in_name&quot;:&quot;bond&quot;,&quot;in_active&quot;:1,&quot;in_active_sources&quot;:0,&quot;prg_name&quot;:&quot;&quot;,&quot;prg_prov&quot;:&quot;&quot;,&quot;prg_num&quot;:-1,&quot;chan&quot;:&quot;&quot;,&quot;chan_id&quot;:-1,&quot;id&quot;:&quot;zixi://bonded(bonded10)#10.7.0.66:2088@10.7.0.65,192.168.60.66:2088@192.168.50.65,192.168.5.166:2088@192.168.5.165&quot;,&quot;type&quot;:2,&quot;name&quot;:&quot;bond10&quot;,&quot;asi&quot;:0,&quot;rtmp&quot;:0,&quot;file&quot;:1,&quot;active&quot;:1,&quot;group&quot;:&quot;&quot;,&quot;bonded&quot;:[{&quot;host&quot;:&quot;10.7.0.66&quot;,&quot;port&quot;:2088,&quot;nic&quot;:&quot;10.7.0.65&quot;,&quot;limit&quot;:0,&quot;is_backup&quot;:0,&quot;bitrate&quot;:2885993,&quot;up_time&quot;:269,&quot;error_code&quot;:0,&quot;status_code&quot;:3,&quot;error_str&quot;:&quot;None&quot;,&quot;status_str&quot;:&quot;Connected&quot;},{&quot;host&quot;:&quot;192.168.60.66&quot;,&quot;port&quot;:2088,&quot;nic&quot;:&quot;192.168.50.65&quot;,&quot;limit&quot;:0,&quot;is_backup&quot;:0,&quot;bitrate&quot;:0,&quot;up_time&quot;:0,&quot;error_code&quot;:3,&quot;status_code&quot;:1,&quot;error_str&quot;:&quot;Timeout&quot;,&quot;status_str&quot;:&quot;Connecting&quot;},{&quot;host&quot;:&quot;192.168.5.166&quot;,&quot;port&quot;:2088,&quot;nic&quot;:&quot;192.168.5.165&quot;,&quot;limit&quot;:0,&quot;is_backup&quot;:0,&quot;bitrate&quot;:2810920,&quot;up_time&quot;:269,&quot;error_code&quot;:0,&quot;status_code&quot;:3,&quot;error_str&quot;:&quot;None&quot;,&quot;status_str&quot;:&quot;Connected&quot;}],&quot;error&quot;:&quot;None&quot;,&quot;con_stat&quot;:&quot;Disconnected&quot;,&quot;bitrate&quot;:5633350,&quot;dest&quot;:&quot;bonded/bonded10&quot;},{&quot;mip&quot;:&quot;4000.ts&quot;,&quot;port&quot;:0,&quot;ip&quot;:&quot;file&quot;,&quot;in_name&quot;:&quot;bond&quot;,&quot;in_active&quot;:1,&quot;in_active_sources&quot;:0,&quot;prg_name&quot;:&quot;&quot;,&quot;prg_prov&quot;:&quot;&quot;,&quot;prg_num&quot;:-1,&quot;chan&quot;:&quot;&quot;,&quot;chan_id&quot;:-1,&quot;id&quot;:&quot;zixi://bonded(bonded16)#10.7.0.66:2088@10.7.0.65,192.168.60.66:2088@192.168.50.65,192.168.5.166:2088@192.168.5.165&quot;,&quot;type&quot;:2,&quot;name&quot;:&quot;bond16&quot;,&quot;asi&quot;:0,&quot;rtmp&quot;:0,&quot;file&quot;:1,&quot;active&quot;:1,&quot;group&quot;:&quot;&quot;,&quot;bonded&quot;:[{&quot;host&quot;:&quot;10.7.0.66&quot;,&quot;port&quot;:2088,&quot;nic&quot;:&quot;10.7.0.65&quot;,&quot;limit&quot;:0,&quot;is_backup&quot;:0,&quot;bitrate&quot;:2914315,&quot;up_time&quot;:279,&quot;error_code&quot;:0,&quot;status_code&quot;:3,&quot;error_str&quot;:&quot;None&quot;,&quot;status_str&quot;:&quot;Connected&quot;},{&quot;host&quot;:&quot;192.168.60.66&quot;,&quot;port&quot;:2088,&quot;nic&quot;:&quot;192.168.50.65&quot;,&quot;limit&quot;:0,&quot;is_backup&quot;:0,&quot;bitrate&quot;:0,&quot;up_time&quot;:0,&quot;error_code&quot;:3,&quot;status_code&quot;:1,&quot;error_str&quot;:&quot;Timeout&quot;,&quot;status_str&quot;:&quot;Connecting&quot;},{&quot;host&quot;:&quot;192.168.5.166&quot;,&quot;port&quot;:2088,&quot;nic&quot;:&quot;192.168.5.165&quot;,&quot;limit&quot;:0,&quot;is_backup&quot;:0,&quot;bitrate&quot;:2783115,&quot;up_time&quot;:279,&quot;error_code&quot;:0,&quot;status_code&quot;:3,&quot;error_str&quot;:&quot;None&quot;,&quot;status_str&quot;:&quot;Connected&quot;}],&quot;error&quot;:&quot;None&quot;,&quot;con_stat&quot;:&quot;Disconnected&quot;,&quot;bitrate&quot;:5633182,&quot;dest&quot;:&quot;bonded/bonded16&quot;},{&quot;mip&quot;:&quot;4000.ts&quot;,&quot;port&quot;:0,&quot;ip&quot;:&quot;file&quot;,&quot;in_name&quot;:&quot;bond&quot;,&quot;in_active&quot;:1,&quot;in_active_sources&quot;:0,&quot;prg_name&quot;:&quot;&quot;,&quot;prg_prov&quot;:&quot;&quot;,&quot;prg_num&quot;:-1,&quot;chan&quot;:&quot;&quot;,&quot;chan_id&quot;:-1,&quot;id&quot;:&quot;zixi://bonded(bonded9)#10.7.0.66:2088@10.7.0.65,192.168.60.66:2088@192.168.50.65,192.168.5.166:2088@192.168.5.165&quot;,&quot;type&quot;:2,&quot;name&quot;:&quot;bond9&quot;,&quot;asi&quot;:0,&quot;rtmp&quot;:0,&quot;file&quot;:1,&quot;active&quot;:1,&quot;group&quot;:&quot;&quot;,&quot;bonded&quot;:[{&quot;host&quot;:&quot;10.7.0.66&quot;,&quot;port&quot;:2088,&quot;nic&quot;:&quot;10.7.0.65&quot;,&quot;limit&quot;:0,&quot;is_backup&quot;:0,&quot;bitrate&quot;:2915358,&quot;up_time&quot;:279,&quot;error_code&quot;:0,&quot;status_code&quot;:3,&quot;error_str&quot;:&quot;None&quot;,&quot;status_str&quot;:&quot;Connected&quot;},{&quot;host&quot;:&quot;192.168.60.66&quot;,&quot;port&quot;:2088,&quot;nic&quot;:&quot;192.168.50.65&quot;,&quot;limit&quot;:0,&quot;is_backup&quot;:0,&quot;bitrate&quot;:0,&quot;up_time&quot;:0,&quot;error_code&quot;:3,&quot;status_code&quot;:1,&quot;error_str&quot;:&quot;Timeout&quot;,&quot;status_str&quot;:&quot;Connecting&quot;},{&quot;host&quot;:&quot;192.168.5.166&quot;,&quot;port&quot;:2088,&quot;nic&quot;:&quot;192.168.5.165&quot;,&quot;limit&quot;:0,&quot;is_backup&quot;:0,&quot;bitrate&quot;:2767558,&quot;up_time&quot;:279,&quot;error_code&quot;:0,&quot;status_code&quot;:3,&quot;error_str&quot;:&quot;None&quot;,&quot;status_str&quot;:&quot;Connected&quot;}],&quot;error&quot;:&quot;None&quot;,&quot;con_stat&quot;:&quot;Disconnected&quot;,&quot;bitrate&quot;:5611812,&quot;dest&quot;:&quot;bonded/bonded9&quot;},{&quot;mip&quot;:&quot;4000.ts&quot;,&quot;port&quot;:0,&quot;ip&quot;:&quot;file&quot;,&quot;in_name&quot;:&quot;bond&quot;,&quot;in_active&quot;:1,&quot;in_active_sources&quot;:0,&quot;prg_name&quot;:&quot;&quot;,&quot;prg_prov&quot;:&quot;&quot;,&quot;prg_num&quot;:-1,&quot;chan&quot;:&quot;&quot;,&quot;chan_id&quot;:-1,&quot;id&quot;:&quot;zixi://bonded(bonded0)#10.7.0.66:2088@10.7.0.65,192.168.60.66:2088@192.168.50.65,192.168.5.166:2088@192.168.5.165&quot;,&quot;type&quot;:2,&quot;name&quot;:&quot;bond0&quot;,&quot;asi&quot;:0,&quot;rtmp&quot;:0,&quot;file&quot;:1,&quot;active&quot;:1,&quot;group&quot;:&quot;&quot;,&quot;bonded&quot;:[{&quot;host&quot;:&quot;10.7.0.66&quot;,&quot;port&quot;:2088,&quot;nic&quot;:&quot;10.7.0.65&quot;,&quot;limit&quot;:0,&quot;is_backup&quot;:0,&quot;bitrate&quot;:0,&quot;up_time&quot;:2,&quot;error_code&quot;:0,&quot;status_code&quot;:3,&quot;error_str&quot;:&quot;None&quot;,&quot;status_str&quot;:&quot;Connected&quot;},{&quot;host&quot;:&quot;192.168.60.66&quot;,&quot;port&quot;:2088,&quot;nic&quot;:&quot;192.168.50.65&quot;,&quot;limit&quot;:0,&quot;is_backup&quot;:0,&quot;bitrate&quot;:0,&quot;up_time&quot;:0,&quot;error_code&quot;:0,&quot;status_code&quot;:1,&quot;error_str&quot;:&quot;None&quot;,&quot;status_str&quot;:&quot;Connecting&quot;},{&quot;host&quot;:&quot;192.168.5.166&quot;,&quot;port&quot;:2088,&quot;nic&quot;:&quot;192.168.5.165&quot;,&quot;limit&quot;:0,&quot;is_backup&quot;:0,&quot;bitrate&quot;:0,&quot;up_time&quot;:0,&quot;error_code&quot;:0,&quot;status_code&quot;:1,&quot;error_str&quot;:&quot;None&quot;,&quot;status_str&quot;:&quot;Connecting&quot;}],&quot;error&quot;:&quot;None&quot;,&quot;con_stat&quot;:&quot;Disconnected&quot;,&quot;bitrate&quot;:0,&quot;dest&quot;:&quot;bonded/bonded0&quot;},{&quot;mip&quot;:&quot;4000.ts&quot;,&quot;port&quot;:0,&quot;ip&quot;:&quot;file&quot;,&quot;in_name&quot;:&quot;bond&quot;,&quot;in_active&quot;:1,&quot;in_active_sources&quot;:0,&quot;prg_name&quot;:&quot;&quot;,&quot;prg_prov&quot;:&quot;&quot;,&quot;prg_num&quot;:-1,&quot;chan&quot;:&quot;&quot;,&quot;chan_id&quot;:-1,&quot;id&quot;:&quot;zixi://bonded(bonded7)#10.7.0.66:2088@10.7.0.65,192.168.60.66:2088@192.168.50.65,192.168.5.166:2088@192.168.5.165&quot;,&quot;type&quot;:2,&quot;name&quot;:&quot;bond7&quot;,&quot;asi&quot;:0,&quot;rtmp&quot;:0,&quot;file&quot;:1,&quot;active&quot;:1,&quot;group&quot;:&quot;&quot;,&quot;bonded&quot;:[{&quot;host&quot;:&quot;10.7.0.66&quot;,&quot;port&quot;:2088,&quot;nic&quot;:&quot;10.7.0.65&quot;,&quot;limit&quot;:0,&quot;is_backup&quot;:0,&quot;bitrate&quot;:2806317,&quot;up_time&quot;:279,&quot;error_code&quot;:0,&quot;status_code&quot;:3,&quot;error_str&quot;:&quot;None&quot;,&quot;status_str&quot;:&quot;Connected&quot;},{&quot;host&quot;:&quot;192.168.60.66&quot;,&quot;port&quot;:2088,&quot;nic&quot;:&quot;192.168.50.65&quot;,&quot;limit&quot;:0,&quot;is_backup&quot;:0,&quot;bitrate&quot;:0,&quot;up_time&quot;:0,&quot;error_code&quot;:3,&quot;status_code&quot;:1,&quot;error_str&quot;:&quot;Timeout&quot;,&quot;status_str&quot;:&quot;Connecting&quot;},{&quot;host&quot;:&quot;192.168.5.166&quot;,&quot;port&quot;:2088,&quot;nic&quot;:&quot;192.168.5.165&quot;,&quot;limit&quot;:0,&quot;is_backup&quot;:0,&quot;bitrate&quot;:2893675,&quot;up_time&quot;:279,&quot;error_code&quot;:0,&quot;status_code&quot;:3,&quot;error_str&quot;:&quot;None&quot;,&quot;status_str&quot;:&quot;Connected&quot;}],&quot;error&quot;:&quot;None&quot;,&quot;con_stat&quot;:&quot;Disconnected&quot;,&quot;bitrate&quot;:5636528,&quot;dest&quot;:&quot;bonded/bonded7&quot;},{&quot;mip&quot;:&quot;4000.ts&quot;,&quot;port&quot;:0,&quot;ip&quot;:&quot;file&quot;,&quot;in_name&quot;:&quot;bond&quot;,&quot;in_active&quot;:1,&quot;in_active_sources&quot;:0,&quot;prg_name&quot;:&quot;&quot;,&quot;prg_prov&quot;:&quot;&quot;,&quot;prg_num&quot;:-1,&quot;chan&quot;:&quot;&quot;,&quot;chan_id&quot;:-1,&quot;id&quot;:&quot;zixi://bonded(bonded12)#10.7.0.66:2088@10.7.0.65,192.168.60.66:2088@192.168.50.65,192.168.5.166:2088@192.168.5.165&quot;,&quot;type&quot;:2,&quot;name&quot;:&quot;bond12&quot;,&quot;asi&quot;:0,&quot;rtmp&quot;:0,&quot;file&quot;:1,&quot;active&quot;:1,&quot;group&quot;:&quot;&quot;,&quot;bonded&quot;:[{&quot;host&quot;:&quot;10.7.0.66&quot;,&quot;port&quot;:2088,&quot;nic&quot;:&quot;10.7.0.65&quot;,&quot;limit&quot;:0,&quot;is_backup&quot;:0,&quot;bitrate&quot;:2817053,&quot;up_time&quot;:279,&quot;error_code&quot;:0,&quot;status_code&quot;:3,&quot;error_str&quot;:&quot;None&quot;,&quot;status_str&quot;:&quot;Connected&quot;},{&quot;host&quot;:&quot;192.168.60.66&quot;,&quot;port&quot;:2088,&quot;nic&quot;:&quot;192.168.50.65&quot;,&quot;limit&quot;:0,&quot;is_backup&quot;:0,&quot;bitrate&quot;:0,&quot;up_time&quot;:0,&quot;error_code&quot;:3,&quot;status_code&quot;:1,&quot;error_str&quot;:&quot;Timeout&quot;,&quot;status_str&quot;:&quot;Connecting&quot;},{&quot;host&quot;:&quot;192.168.5.166&quot;,&quot;port&quot;:2088,&quot;nic&quot;:&quot;192.168.5.165&quot;,&quot;limit&quot;:0,&quot;is_backup&quot;:0,&quot;bitrate&quot;:2881931,&quot;up_time&quot;:279,&quot;error_code&quot;:0,&quot;status_code&quot;:3,&quot;error_str&quot;:&quot;None&quot;,&quot;status_str&quot;:&quot;Connected&quot;}],&quot;error&quot;:&quot;None&quot;,&quot;con_stat&quot;:&quot;Disconnected&quot;,&quot;bitrate&quot;:5637880,&quot;dest&quot;:&quot;bonded/bonded12&quot;},{&quot;mip&quot;:&quot;4000.ts&quot;,&quot;port&quot;:0,&quot;ip&quot;:&quot;file&quot;,&quot;in_name&quot;:&quot;bond&quot;,&quot;in_active&quot;:1,&quot;in_active_sources&quot;:0,&quot;prg_name&quot;:&quot;&quot;,&quot;prg_prov&quot;:&quot;&quot;,&quot;prg_num&quot;:-1,&quot;chan&quot;:&quot;&quot;,&quot;chan_id&quot;:-1,&quot;id&quot;:&quot;zixi://bonded(bonded6)#10.7.0.66:2088@10.7.0.65,192.168.60.66:2088@192.168.50.65,192.168.5.166:2088@192.168.5.165&quot;,&quot;type&quot;:2,&quot;name&quot;:&quot;bond6&quot;,&quot;asi&quot;:0,&quot;rtmp&quot;:0,&quot;file&quot;:1,&quot;active&quot;:1,&quot;group&quot;:&quot;&quot;,&quot;bonded&quot;:[],&quot;error&quot;:&quot;Timeout&quot;,&quot;con_stat&quot;:&quot;Connecting&quot;,&quot;bitrate&quot;:0,&quot;dest&quot;:&quot;bonded/bonded6&quot;},{&quot;mip&quot;:&quot;4000.ts&quot;,&quot;port&quot;:0,&quot;ip&quot;:&quot;file&quot;,&quot;in_name&quot;:&quot;bond&quot;,&quot;in_active&quot;:1,&quot;in_active_sources&quot;:0,&quot;prg_name&quot;:&quot;&quot;,&quot;prg_prov&quot;:&quot;&quot;,&quot;prg_num&quot;:-1,&quot;chan&quot;:&quot;&quot;,&quot;chan_id&quot;:-1,&quot;id&quot;:&quot;zixi://bonded(bonded5)#10.7.0.66:2088@10.7.0.65,192.168.60.66:2088@192.168.50.65,192.168.5.166:2088@192.168.5.165&quot;,&quot;type&quot;:2,&quot;name&quot;:&quot;bond5&quot;,&quot;asi&quot;:0,&quot;rtmp&quot;:0,&quot;file&quot;:1,&quot;active&quot;:1,&quot;group&quot;:&quot;&quot;,&quot;bonded&quot;:[{&quot;host&quot;:&quot;10.7.0.66&quot;,&quot;port&quot;:2088,&quot;nic&quot;:&quot;10.7.0.65&quot;,&quot;limit&quot;:0,&quot;is_backup&quot;:0,&quot;bitrate&quot;:2938808,&quot;up_time&quot;:279,&quot;error_code&quot;:0,&quot;status_code&quot;:3,&quot;error_str&quot;:&quot;None&quot;,&quot;status_str&quot;:&quot;Connected&quot;},{&quot;host&quot;:&quot;192.168.60.66&quot;,&quot;port&quot;:2088,&quot;nic&quot;:&quot;192.168.50.65&quot;,&quot;limit&quot;:0,&quot;is_backup&quot;:0,&quot;bitrate&quot;:0,&quot;up_time&quot;:0,&quot;error_code&quot;:3,&quot;status_code&quot;:1,&quot;error_str&quot;:&quot;Timeout&quot;,&quot;status_str&quot;:&quot;Connecting&quot;},{&quot;host&quot;:&quot;192.168.5.166&quot;,&quot;port&quot;:2088,&quot;nic&quot;:&quot;192.168.5.165&quot;,&quot;limit&quot;:0,&quot;is_backup&quot;:0,&quot;bitrate&quot;:2762290,&quot;up_time&quot;:279,&quot;error_code&quot;:0,&quot;status_code&quot;:3,&quot;error_str&quot;:&quot;None&quot;,&quot;status_str&quot;:&quot;Connected&quot;}],&quot;error&quot;:&quot;None&quot;,&quot;con_stat&quot;:&quot;Disconnected&quot;,&quot;bitrate&quot;:5637968,&quot;dest&quot;:&quot;bonded/bonded5&quot;},{&quot;mip&quot;:&quot;4000.ts&quot;,&quot;port&quot;:0,&quot;ip&quot;:&quot;file&quot;,&quot;in_name&quot;:&quot;bond&quot;,&quot;in_active&quot;:1,&quot;in_active_sources&quot;:0,&quot;prg_name&quot;:&quot;&quot;,&quot;prg_prov&quot;:&quot;&quot;,&quot;prg_num&quot;:-1,&quot;chan&quot;:&quot;&quot;,&quot;chan_id&quot;:-1,&quot;id&quot;:&quot;zixi://bonded(bonded4)#10.7.0.66:2088@10.7.0.65,192.168.60.66:2088@192.168.50.65,192.168.5.166:2088@192.168.5.165&quot;,&quot;type&quot;:2,&quot;name&quot;:&quot;bond4&quot;,&quot;asi&quot;:0,&quot;rtmp&quot;:0,&quot;file&quot;:1,&quot;active&quot;:1,&quot;group&quot;:&quot;&quot;,&quot;bonded&quot;:[{&quot;host&quot;:&quot;10.7.0.66&quot;,&quot;port&quot;:2088,&quot;nic&quot;:&quot;10.7.0.65&quot;,&quot;limit&quot;:0,&quot;is_backup&quot;:0,&quot;bitrate&quot;:2819297,&quot;up_time&quot;:279,&quot;error_code&quot;:0,&quot;status_code&quot;:3,&quot;error_str&quot;:&quot;None&quot;,&quot;status_str&quot;:&quot;Connected&quot;},{&quot;host&quot;:&quot;192.168.60.66&quot;,&quot;port&quot;:2088,&quot;nic&quot;:&quot;192.168.50.65&quot;,&quot;limit&quot;:0,&quot;is_backup&quot;:0,&quot;bitrate&quot;:0,&quot;up_time&quot;:0,&quot;error_code&quot;:3,&quot;status_code&quot;:1,&quot;error_str&quot;:&quot;Timeout&quot;,&quot;status_str&quot;:&quot;Connecting&quot;},{&quot;host&quot;:&quot;192.168.5.166&quot;,&quot;port&quot;:2088,&quot;nic&quot;:&quot;192.168.5.165&quot;,&quot;limit&quot;:0,&quot;is_backup&quot;:0,&quot;bitrate&quot;:2871493,&quot;up_time&quot;:279,&quot;error_code&quot;:0,&quot;status_code&quot;:3,&quot;error_str&quot;:&quot;None&quot;,&quot;status_str&quot;:&quot;Connected&quot;}],&quot;error&quot;:&quot;None&quot;,&quot;con_stat&quot;:&quot;Disconnected&quot;,&quot;bitrate&quot;:5626912,&quot;dest&quot;:&quot;bonded/bonded4&quot;},{&quot;mip&quot;:&quot;4000.ts&quot;,&quot;port&quot;:0,&quot;ip&quot;:&quot;file&quot;,&quot;in_name&quot;:&quot;bond&quot;,&quot;in_active&quot;:1,&quot;in_active_sources&quot;:0,&quot;prg_name&quot;:&quot;&quot;,&quot;prg_prov&quot;:&quot;&quot;,&quot;prg_num&quot;:-1,&quot;chan&quot;:&quot;&quot;,&quot;chan_id&quot;:-1,&quot;id&quot;:&quot;zixi://bonded(bonded3)#10.7.0.66:2088@10.7.0.65,192.168.60.66:2088@192.168.50.65,192.168.5.166:2088@192.168.5.165&quot;,&quot;type&quot;:2,&quot;name&quot;:&quot;bond3&quot;,&quot;asi&quot;:0,&quot;rtmp&quot;:0,&quot;file&quot;:1,&quot;active&quot;:1,&quot;group&quot;:&quot;&quot;,&quot;bonded&quot;:[{&quot;host&quot;:&quot;10.7.0.66&quot;,&quot;port&quot;:2088,&quot;nic&quot;:&quot;10.7.0.65&quot;,&quot;limit&quot;:0,&quot;is_backup&quot;:0,&quot;bitrate&quot;:2877231,&quot;up_time&quot;:279,&quot;error_code&quot;:0,&quot;status_code&quot;:3,&quot;error_str&quot;:&quot;None&quot;,&quot;status_str&quot;:&quot;Connected&quot;},{&quot;host&quot;:&quot;192.168.60.66&quot;,&quot;port&quot;:2088,&quot;nic&quot;:&quot;192.168.50.65&quot;,&quot;limit&quot;:0,&quot;is_backup&quot;:0,&quot;bitrate&quot;:0,&quot;up_time&quot;:0,&quot;error_code&quot;:3,&quot;status_code&quot;:1,&quot;error_str&quot;:&quot;Timeout&quot;,&quot;status_str&quot;:&quot;Connecting&quot;},{&quot;host&quot;:&quot;192.168.5.166&quot;,&quot;port&quot;:2088,&quot;nic&quot;:&quot;192.168.5.165&quot;,&quot;limit&quot;:0,&quot;is_backup&quot;:0,&quot;bitrate&quot;:2829737,&quot;up_time&quot;:279,&quot;error_code&quot;:0,&quot;status_code&quot;:3,&quot;error_str&quot;:&quot;None&quot;,&quot;status_str&quot;:&quot;Connected&quot;}],&quot;error&quot;:&quot;None&quot;,&quot;con_stat&quot;:&quot;Disconnected&quot;,&quot;bitrate&quot;:5632663,&quot;dest&quot;:&quot;bonded/bonded3&quot;},{&quot;mip&quot;:&quot;4000.ts&quot;,&quot;port&quot;:0,&quot;ip&quot;:&quot;file&quot;,&quot;in_name&quot;:&quot;bond&quot;,&quot;in_active&quot;:1,&quot;in_active_sources&quot;:0,&quot;prg_name&quot;:&quot;&quot;,&quot;prg_prov&quot;:&quot;&quot;,&quot;prg_num&quot;:-1,&quot;chan&quot;:&quot;&quot;,&quot;chan_id&quot;:-1,&quot;id&quot;:&quot;zixi://bonded(bonded2)#10.7.0.66:2088@10.7.0.65,192.168.60.66:2088@192.168.50.65,192.168.5.166:2088@192.168.5.165&quot;,&quot;type&quot;:2,&quot;name&quot;:&quot;bond2&quot;,&quot;asi&quot;:0,&quot;rtmp&quot;:0,&quot;file&quot;:1,&quot;active&quot;:1,&quot;group&quot;:&quot;&quot;,&quot;bonded&quot;:[{&quot;host&quot;:&quot;10.7.0.66&quot;,&quot;port&quot;:2088,&quot;nic&quot;:&quot;10.7.0.65&quot;,&quot;limit&quot;:0,&quot;is_backup&quot;:0,&quot;bitrate&quot;:2902263,&quot;up_time&quot;:279,&quot;error_code&quot;:0,&quot;status_code&quot;:3,&quot;error_str&quot;:&quot;None&quot;,&quot;status_str&quot;:&quot;Connected&quot;},{&quot;host&quot;:&quot;192.168.60.66&quot;,&quot;port&quot;:2088,&quot;nic&quot;:&quot;192.168.50.65&quot;,&quot;limit&quot;:0,&quot;is_backup&quot;:0,&quot;bitrate&quot;:0,&quot;up_time&quot;:0,&quot;error_code&quot;:3,&quot;status_code&quot;:1,&quot;error_str&quot;:&quot;Timeout&quot;,&quot;status_str&quot;:&quot;Connecting&quot;},{&quot;host&quot;:&quot;192.168.5.166&quot;,&quot;port&quot;:2088,&quot;nic&quot;:&quot;192.168.5.165&quot;,&quot;limit&quot;:0,&quot;is_backup&quot;:0,&quot;bitrate&quot;:2805797,&quot;up_time&quot;:128,&quot;error_code&quot;:0,&quot;status_code&quot;:3,&quot;error_str&quot;:&quot;None&quot;,&quot;status_str&quot;:&quot;Connected&quot;}],&quot;error&quot;:&quot;None&quot;,&quot;con_stat&quot;:&quot;Disconnected&quot;,&quot;bitrate&quot;:5633558,&quot;dest&quot;:&quot;bonded/bonded2&quot;},{&quot;mip&quot;:&quot;4000.ts&quot;,&quot;port&quot;:0,&quot;ip&quot;:&quot;file&quot;,&quot;in_name&quot;:&quot;bond&quot;,&quot;in_active&quot;:1,&quot;in_active_sources&quot;:0,&quot;prg_name&quot;:&quot;&quot;,&quot;prg_prov&quot;:&quot;&quot;,&quot;prg_num&quot;:-1,&quot;chan&quot;:&quot;&quot;,&quot;chan_id&quot;:-1,&quot;id&quot;:&quot;zixi://bonded(bonded1)#10.7.0.66:2088@10.7.0.65,192.168.60.66:2088@192.168.50.65,192.168.5.166:2088@192.168.5.165&quot;,&quot;type&quot;:2,&quot;name&quot;:&quot;bond1&quot;,&quot;asi&quot;:0,&quot;rtmp&quot;:0,&quot;file&quot;:1,&quot;active&quot;:1,&quot;group&quot;:&quot;&quot;,&quot;bonded&quot;:[{&quot;host&quot;:&quot;10.7.0.66&quot;,&quot;port&quot;:2088,&quot;nic&quot;:&quot;10.7.0.65&quot;,&quot;limit&quot;:0,&quot;is_backup&quot;:0,&quot;bitrate&quot;:2905354,&quot;up_time&quot;:24,&quot;error_code&quot;:0,&quot;status_code&quot;:3,&quot;error_str&quot;:&quot;None&quot;,&quot;status_str&quot;:&quot;Connected&quot;},{&quot;host&quot;:&quot;192.168.60.66&quot;,&quot;port&quot;:2088,&quot;nic&quot;:&quot;192.168.50.65&quot;,&quot;limit&quot;:0,&quot;is_backup&quot;:0,&quot;bitrate&quot;:0,&quot;up_time&quot;:0,&quot;error_code&quot;:3,&quot;status_code&quot;:1,&quot;error_str&quot;:&quot;Timeout&quot;,&quot;status_str&quot;:&quot;Connecting&quot;},{&quot;host&quot;:&quot;192.168.5.166&quot;,&quot;port&quot;:2088,&quot;nic&quot;:&quot;192.168.5.165&quot;,&quot;limit&quot;:0,&quot;is_backup&quot;:0,&quot;bitrate&quot;:2807502,&quot;up_time&quot;:23,&quot;error_code&quot;:0,&quot;status_code&quot;:3,&quot;error_str&quot;:&quot;None&quot;,&quot;status_str&quot;:&quot;Connected&quot;}],&quot;error&quot;:&quot;None&quot;,&quot;con_stat&quot;:&quot;Disconnected&quot;,&quot;bitrate&quot;:5641334,&quot;dest&quot;:&quot;bonded/bonded1&quot;},{&quot;mip&quot;:&quot;0.0.0.0&quot;,&quot;port&quot;:4433,&quot;ip&quot;:&quot;0.0.0.0&quot;,&quot;in_name&quot;:&quot;inputudp&quot;,&quot;in_active&quot;:1,&quot;in_active_sources&quot;:0,&quot;prg_name&quot;:&quot;&quot;,&quot;prg_prov&quot;:&quot;&quot;,&quot;prg_num&quot;:-1,&quot;chan&quot;:&quot;&quot;,&quot;chan_id&quot;:-1,&quot;id&quot;:&quot;udp://10.7.0.150:5555&quot;,&quot;type&quot;:1,&quot;name&quot;:&quot;test&quot;,&quot;asi&quot;:0,&quot;rtmp&quot;:0,&quot;file&quot;:0,&quot;active&quot;:1,&quot;group&quot;:&quot;&quot;,&quot;error&quot;:&quot;&quot;,&quot;con_stat&quot;:&quot;Connected&quot;,&quot;bitrate&quot;:0,&quot;dest&quot;:&quot;10.7.0.150:5555@0.0.0.0&quot;}]}
Debug printing ------&gt;&gt;&gt; {&quot;custom_data&quot;:&quot;&quot;,&quot;msg&quot;:&quot;Output deleted.&quot;,&quot;error&quot;:&quot;&quot;,&quot;outs&quot;:[{&quot;mip&quot;:&quot;4000.ts&quot;,&quot;port&quot;:0,&quot;ip&quot;:&quot;file&quot;,&quot;in_name&quot;:&quot;bond&quot;,&quot;in_active&quot;:1,&quot;in_active_sources&quot;:0,&quot;prg_name&quot;:&quot;&quot;,&quot;prg_prov&quot;:&quot;&quot;,&quot;prg_num&quot;:-1,&quot;chan&quot;:&quot;&quot;,&quot;chan_id&quot;:-1,&quot;id&quot;:&quot;zixi://bonded(bonded7)#10.7.0.66:2088@10.7.0.65,192.168.60.66:2088@192.168.50.65,192.168.5.166:2088@192.168.5.165&quot;,&quot;type&quot;:2,&quot;name&quot;:&quot;bond7&quot;,&quot;asi&quot;:0,&quot;rtmp&quot;:0,&quot;file&quot;:1,&quot;active&quot;:1,&quot;group&quot;:&quot;&quot;,&quot;bonded&quot;:[{&quot;host&quot;:&quot;10.7.0.66&quot;,&quot;port&quot;:2088,&quot;nic&quot;:&quot;10.7.0.65&quot;,&quot;limit&quot;:0,&quot;is_backup&quot;:0,&quot;bitrate&quot;:2806317,&quot;up_time&quot;:279,&quot;error_code&quot;:0,&quot;status_code&quot;:3,&quot;error_str&quot;:&quot;None&quot;,&quot;status_str&quot;:&quot;Connected&quot;},{&quot;host&quot;:&quot;192.168.60.66&quot;,&quot;port&quot;:2088,&quot;nic&quot;:&quot;192.168.50.65&quot;,&quot;limit&quot;:0,&quot;is_backup&quot;:0,&quot;bitrate&quot;:0,&quot;up_time&quot;:0,&quot;error_code&quot;:3,&quot;status_code&quot;:1,&quot;error_str&quot;:&quot;Timeout&quot;,&quot;status_str&quot;:&quot;Connecting&quot;},{&quot;host&quot;:&quot;192.168.5.166&quot;,&quot;port&quot;:2088,&quot;nic&quot;:&quot;192.168.5.165&quot;,&quot;limit&quot;:0,&quot;is_backup&quot;:0,&quot;bitrate&quot;:2893675,&quot;up_time&quot;:279,&quot;error_code&quot;:0,&quot;status_code&quot;:3,&quot;error_str&quot;:&quot;None&quot;,&quot;status_str&quot;:&quot;Connected&quot;}],&quot;error&quot;:&quot;None&quot;,&quot;con_stat&quot;:&quot;Disconnected&quot;,&quot;bitrate&quot;:5636528,&quot;dest&quot;:&quot;bonded/bonded7&quot;},{&quot;mip&quot;:&quot;4000.ts&quot;,&quot;port&quot;:0,&quot;ip&quot;:&quot;file&quot;,&quot;in_name&quot;:&quot;bond&quot;,&quot;in_active&quot;:1,&quot;in_active_sources&quot;:0,&quot;prg_name&quot;:&quot;&quot;,&quot;prg_prov&quot;:&quot;&quot;,&quot;prg_num&quot;:-1,&quot;chan&quot;:&quot;&quot;,&quot;chan_id&quot;:-1,&quot;id&quot;:&quot;zixi://bonded(bonded14)#10.7.0.66:2088@10.7.0.65,192.168.60.66:2088@192.168.50.65,192.168.5.166:2088@192.168.5.165&quot;,&quot;type&quot;:2,&quot;name&quot;:&quot;bond14&quot;,&quot;asi&quot;:0,&quot;rtmp&quot;:0,&quot;file&quot;:1,&quot;active&quot;:1,&quot;group&quot;:&quot;&quot;,&quot;bonded&quot;:[{&quot;host&quot;:&quot;10.7.0.66&quot;,&quot;port&quot;:2088,&quot;nic&quot;:&quot;10.7.0.65&quot;,&quot;limit&quot;:0,&quot;is_backup&quot;:0,&quot;bitrate&quot;:2830266,&quot;up_time&quot;:279,&quot;error_code&quot;:0,&quot;status_code&quot;:3,&quot;error_str&quot;:&quot;None&quot;,&quot;status_str&quot;:&quot;Connected&quot;},{&quot;host&quot;:&quot;192.168.60.66&quot;,&quot;port&quot;:2088,&quot;nic&quot;:&quot;192.168.50.65&quot;,&quot;limit&quot;:0,&quot;is_backup&quot;:0,&quot;bitrate&quot;:0,&quot;up_time&quot;:0,&quot;error_code&quot;:3,&quot;status_code&quot;:1,&quot;error_str&quot;:&quot;Timeout&quot;,&quot;status_str&quot;:&quot;Connecting&quot;},{&quot;host&quot;:&quot;192.168.5.166&quot;,&quot;port&quot;:2088,&quot;nic&quot;:&quot;192.168.5.165&quot;,&quot;limit&quot;:0,&quot;is_backup&quot;:0,&quot;bitrate&quot;:2869496,&quot;up_time&quot;:279,&quot;error_code&quot;:0,&quot;status_code&quot;:3,&quot;error_str&quot;:&quot;None&quot;,&quot;status_str&quot;:&quot;Connected&quot;}],&quot;error&quot;:&quot;None&quot;,&quot;con_stat&quot;:&quot;Disconnected&quot;,&quot;bitrate&quot;:5634085,&quot;dest&quot;:&quot;bonded/bonded14&quot;},{&quot;mip&quot;:&quot;4000.ts&quot;,&quot;port&quot;:0,&quot;ip&quot;:&quot;file&quot;,&quot;in_name&quot;:&quot;bond&quot;,&quot;in_active&quot;:1,&quot;in_active_sources&quot;:0,&quot;prg_name&quot;:&quot;&quot;,&quot;prg_prov&quot;:&quot;&quot;,&quot;prg_num&quot;:-1,&quot;chan&quot;:&quot;&quot;,&quot;chan_id&quot;:-1,&quot;id&quot;:&quot;zixi://bonded(bonded18)#10.7.0.66:2088@10.7.0.65,192.168.60.66:2088@192.168.50.65,192.168.5.166:2088@192.168.5.165&quot;,&quot;type&quot;:2,&quot;name&quot;:&quot;bond18&quot;,&quot;asi&quot;:0,&quot;rtmp&quot;:0,&quot;file&quot;:1,&quot;active&quot;:1,&quot;group&quot;:&quot;&quot;,&quot;bonded&quot;:[{&quot;host&quot;:&quot;10.7.0.66&quot;,&quot;port&quot;:2088,&quot;nic&quot;:&quot;10.7.0.65&quot;,&quot;limit&quot;:0,&quot;is_backup&quot;:0,&quot;bitrate&quot;:2873098,&quot;up_time&quot;:279,&quot;error_code&quot;:0,&quot;status_code&quot;:3,&quot;error_str&quot;:&quot;None&quot;,&quot;status_str&quot;:&quot;Connected&quot;},{&quot;host&quot;:&quot;192.168.60.66&quot;,&quot;port&quot;:2088,&quot;nic&quot;:&quot;192.168.50.65&quot;,&quot;limit&quot;:0,&quot;is_backup&quot;:0,&quot;bitrate&quot;:0,&quot;up_time&quot;:0,&quot;error_code&quot;:3,&quot;status_code&quot;:1,&quot;error_str&quot;:&quot;Timeout&quot;,&quot;status_str&quot;:&quot;Connecting&quot;},{&quot;host&quot;:&quot;192.168.5.166&quot;,&quot;port&quot;:2088,&quot;nic&quot;:&quot;192.168.5.165&quot;,&quot;limit&quot;:0,&quot;is_backup&quot;:0,&quot;bitrate&quot;:2826965,&quot;up_time&quot;:279,&quot;error_code&quot;:0,&quot;status_code&quot;:3,&quot;error_str&quot;:&quot;None&quot;,&quot;status_str&quot;:&quot;Connected&quot;}],&quot;error&quot;:&quot;None&quot;,&quot;con_stat&quot;:&quot;Disconnected&quot;,&quot;bitrate&quot;:5637112,&quot;dest&quot;:&quot;bonded/bonded18&quot;},{&quot;mip&quot;:&quot;4000.ts&quot;,&quot;port&quot;:0,&quot;ip&quot;:&quot;file&quot;,&quot;in_name&quot;:&quot;bond&quot;,&quot;in_active&quot;:1,&quot;in_active_sources&quot;:0,&quot;prg_name&quot;:&quot;&quot;,&quot;prg_prov&quot;:&quot;&quot;,&quot;prg_num&quot;:-1,&quot;chan&quot;:&quot;&quot;,&quot;chan_id&quot;:-1,&quot;id&quot;:&quot;zixi://bonded(bonded11)#10.7.0.66:2088@10.7.0.65,192.168.60.66:2088@192.168.50.65,192.168.5.166:2088@192.168.5.165&quot;,&quot;type&quot;:2,&quot;name&quot;:&quot;bond11&quot;,&quot;asi&quot;:0,&quot;rtmp&quot;:0,&quot;file&quot;:1,&quot;active&quot;:1,&quot;group&quot;:&quot;&quot;,&quot;bonded&quot;:[{&quot;host&quot;:&quot;10.7.0.66&quot;,&quot;port&quot;:2088,&quot;nic&quot;:&quot;10.7.0.65&quot;,&quot;limit&quot;:0,&quot;is_backup&quot;:0,&quot;bitrate&quot;:2834810,&quot;up_time&quot;:279,&quot;error_code&quot;:0,&quot;status_code&quot;:3,&quot;error_str&quot;:&quot;None&quot;,&quot;status_str&quot;:&quot;Connected&quot;},{&quot;host&quot;:&quot;192.168.60.66&quot;,&quot;port&quot;:2088,&quot;nic&quot;:&quot;192.168.50.65&quot;,&quot;limit&quot;:0,&quot;is_backup&quot;:0,&quot;bitrate&quot;:0,&quot;up_time&quot;:0,&quot;error_code&quot;:3,&quot;status_code&quot;:1,&quot;error_str&quot;:&quot;Timeout&quot;,&quot;status_str&quot;:&quot;Connecting&quot;},{&quot;host&quot;:&quot;192.168.5.166&quot;,&quot;port&quot;:2088,&quot;nic&quot;:&quot;192.168.5.165&quot;,&quot;limit&quot;:0,&quot;is_backup&quot;:0,&quot;bitrate&quot;:2866399,&quot;up_time&quot;:279,&quot;error_code&quot;:0,&quot;status_code&quot;:3,&quot;error_str&quot;:&quot;None&quot;,&quot;status_str&quot;:&quot;Connected&quot;}],&quot;error&quot;:&quot;None&quot;,&quot;con_stat&quot;:&quot;Disconnected&quot;,&quot;bitrate&quot;:5638224,&quot;dest&quot;:&quot;bonded/bonded11&quot;},{&quot;mip&quot;:&quot;4000.ts&quot;,&quot;port&quot;:0,&quot;ip&quot;:&quot;file&quot;,&quot;in_name&quot;:&quot;bond&quot;,&quot;in_active&quot;:1,&quot;in_active_sources&quot;:0,&quot;prg_name&quot;:&quot;&quot;,&quot;prg_prov&quot;:&quot;&quot;,&quot;prg_num&quot;:-1,&quot;chan&quot;:&quot;&quot;,&quot;chan_id&quot;:-1,&quot;id&quot;:&quot;zixi://bonded(bonded17)#10.7.0.66:2088@10.7.0.65,192.168.60.66:2088@192.168.50.65,192.168.5.166:2088@192.168.5.165&quot;,&quot;type&quot;:2,&quot;name&quot;:&quot;bond17&quot;,&quot;asi&quot;:0,&quot;rtmp&quot;:0,&quot;file&quot;:1,&quot;active&quot;:1,&quot;group&quot;:&quot;&quot;,&quot;bonded&quot;:[{&quot;host&quot;:&quot;10.7.0.66&quot;,&quot;port&quot;:2088,&quot;nic&quot;:&quot;10.7.0.65&quot;,&quot;limit&quot;:0,&quot;is_backup&quot;:0,&quot;bitrate&quot;:2894597,&quot;up_time&quot;:279,&quot;error_code&quot;:0,&quot;status_code&quot;:3,&quot;error_str&quot;:&quot;None&quot;,&quot;status_str&quot;:&quot;Connected&quot;},{&quot;host&quot;:&quot;192.168.60.66&quot;,&quot;port&quot;:2088,&quot;nic&quot;:&quot;192.168.50.65&quot;,&quot;limit&quot;:0,&quot;is_backup&quot;:0,&quot;bitrate&quot;:0,&quot;up_time&quot;:0,&quot;error_code&quot;:3,&quot;status_code&quot;:1,&quot;error_str&quot;:&quot;Timeout&quot;,&quot;status_str&quot;:&quot;Connecting&quot;},{&quot;host&quot;:&quot;192.168.5.166&quot;,&quot;port&quot;:2088,&quot;nic&quot;:&quot;192.168.5.165&quot;,&quot;limit&quot;:0,&quot;is_backup&quot;:0,&quot;bitrate&quot;:2796424,&quot;up_time&quot;:279,&quot;error_code&quot;:0,&quot;status_code&quot;:3,&quot;error_str&quot;:&quot;None&quot;,&quot;status_str&quot;:&quot;Connected&quot;}],&quot;error&quot;:&quot;None&quot;,&quot;con_stat&quot;:&quot;Disconnected&quot;,&quot;bitrate&quot;:5628184,&quot;dest&quot;:&quot;bonded/bonded17&quot;},{&quot;mip&quot;:&quot;4000.ts&quot;,&quot;port&quot;:0,&quot;ip&quot;:&quot;file&quot;,&quot;in_name&quot;:&quot;bond&quot;,&quot;in_active&quot;:1,&quot;in_active_sources&quot;:0,&quot;prg_name&quot;:&quot;&quot;,&quot;prg_prov&quot;:&quot;&quot;,&quot;prg_num&quot;:-1,&quot;chan&quot;:&quot;&quot;,&quot;chan_id&quot;:-1,&quot;id&quot;:&quot;zixi://bonded(bonded10)#10.7.0.66:2088@10.7.0.65,192.168.60.66:2088@192.168.50.65,192.168.5.166:2088@192.168.5.165&quot;,&quot;type&quot;:2,&quot;name&quot;:&quot;bond10&quot;,&quot;asi&quot;:0,&quot;rtmp&quot;:0,&quot;file&quot;:1,&quot;active&quot;:1,&quot;group&quot;:&quot;&quot;,&quot;bonded&quot;:[{&quot;host&quot;:&quot;10.7.0.66&quot;,&quot;port&quot;:2088,&quot;nic&quot;:&quot;10.7.0.65&quot;,&quot;limit&quot;:0,&quot;is_backup&quot;:0,&quot;bitrate&quot;:2885993,&quot;up_time&quot;:269,&quot;error_code&quot;:0,&quot;status_code&quot;:3,&quot;error_str&quot;:&quot;None&quot;,&quot;status_str&quot;:&quot;Connected&quot;},{&quot;host&quot;:&quot;192.168.60.66&quot;,&quot;port&quot;:2088,&quot;nic&quot;:&quot;192.168.50.65&quot;,&quot;limit&quot;:0,&quot;is_backup&quot;:0,&quot;bitrate&quot;:0,&quot;up_time&quot;:0,&quot;error_code&quot;:3,&quot;status_code&quot;:1,&quot;error_str&quot;:&quot;Timeout&quot;,&quot;status_str&quot;:&quot;Connecting&quot;},{&quot;host&quot;:&quot;192.168.5.166&quot;,&quot;port&quot;:2088,&quot;nic&quot;:&quot;192.168.5.165&quot;,&quot;limit&quot;:0,&quot;is_backup&quot;:0,&quot;bitrate&quot;:2810920,&quot;up_time&quot;:269,&quot;error_code&quot;:0,&quot;status_code&quot;:3,&quot;error_str&quot;:&quot;None&quot;,&quot;status_str&quot;:&quot;Connected&quot;}],&quot;error&quot;:&quot;None&quot;,&quot;con_stat&quot;:&quot;Disconnected&quot;,&quot;bitrate&quot;:5633350,&quot;dest&quot;:&quot;bonded/bonded10&quot;},{&quot;mip&quot;:&quot;4000.ts&quot;,&quot;port&quot;:0,&quot;ip&quot;:&quot;file&quot;,&quot;in_name&quot;:&quot;bond&quot;,&quot;in_active&quot;:1,&quot;in_active_sources&quot;:0,&quot;prg_name&quot;:&quot;&quot;,&quot;prg_prov&quot;:&quot;&quot;,&quot;prg_num&quot;:-1,&quot;chan&quot;:&quot;&quot;,&quot;chan_id&quot;:-1,&quot;id&quot;:&quot;zixi://bonded(bonded16)#10.7.0.66:2088@10.7.0.65,192.168.60.66:2088@192.168.50.65,192.168.5.166:2088@192.168.5.165&quot;,&quot;type&quot;:2,&quot;name&quot;:&quot;bond16&quot;,&quot;asi&quot;:0,&quot;rtmp&quot;:0,&quot;file&quot;:1,&quot;active&quot;:1,&quot;group&quot;:&quot;&quot;,&quot;bonded&quot;:[{&quot;host&quot;:&quot;10.7.0.66&quot;,&quot;port&quot;:2088,&quot;nic&quot;:&quot;10.7.0.65&quot;,&quot;limit&quot;:0,&quot;is_backup&quot;:0,&quot;bitrate&quot;:2914315,&quot;up_time&quot;:279,&quot;error_code&quot;:0,&quot;status_code&quot;:3,&quot;error_str&quot;:&quot;None&quot;,&quot;status_str&quot;:&quot;Connected&quot;},{&quot;host&quot;:&quot;192.168.60.66&quot;,&quot;port&quot;:2088,&quot;nic&quot;:&quot;192.168.50.65&quot;,&quot;limit&quot;:0,&quot;is_backup&quot;:0,&quot;bitrate&quot;:0,&quot;up_time&quot;:0,&quot;error_code&quot;:3,&quot;status_code&quot;:1,&quot;error_str&quot;:&quot;Timeout&quot;,&quot;status_str&quot;:&quot;Connecting&quot;},{&quot;host&quot;:&quot;192.168.5.166&quot;,&quot;port&quot;:2088,&quot;nic&quot;:&quot;192.168.5.165&quot;,&quot;limit&quot;:0,&quot;is_backup&quot;:0,&quot;bitrate&quot;:2783115,&quot;up_time&quot;:279,&quot;error_code&quot;:0,&quot;status_code&quot;:3,&quot;error_str&quot;:&quot;None&quot;,&quot;status_str&quot;:&quot;Connected&quot;}],&quot;error&quot;:&quot;None&quot;,&quot;con_stat&quot;:&quot;Disconnected&quot;,&quot;bitrate&quot;:5633182,&quot;dest&quot;:&quot;bonded/bonded16&quot;},{&quot;mip&quot;:&quot;4000.ts&quot;,&quot;port&quot;:0,&quot;ip&quot;:&quot;file&quot;,&quot;in_name&quot;:&quot;bond&quot;,&quot;in_active&quot;:1,&quot;in_active_sources&quot;:0,&quot;prg_name&quot;:&quot;&quot;,&quot;prg_prov&quot;:&quot;&quot;,&quot;prg_num&quot;:-1,&quot;chan&quot;:&quot;&quot;,&quot;chan_id&quot;:-1,&quot;id&quot;:&quot;zixi://bonded(bonded9)#10.7.0.66:2088@10.7.0.65,192.168.60.66:2088@192.168.50.65,192.168.5.166:2088@192.168.5.165&quot;,&quot;type&quot;:2,&quot;name&quot;:&quot;bond9&quot;,&quot;asi&quot;:0,&quot;rtmp&quot;:0,&quot;file&quot;:1,&quot;active&quot;:1,&quot;group&quot;:&quot;&quot;,&quot;bonded&quot;:[{&quot;host&quot;:&quot;10.7.0.66&quot;,&quot;port&quot;:2088,&quot;nic&quot;:&quot;10.7.0.65&quot;,&quot;limit&quot;:0,&quot;is_backup&quot;:0,&quot;bitrate&quot;:2915358,&quot;up_time&quot;:279,&quot;error_code&quot;:0,&quot;status_code&quot;:3,&quot;error_str&quot;:&quot;None&quot;,&quot;status_str&quot;:&quot;Connected&quot;},{&quot;host&quot;:&quot;192.168.60.66&quot;,&quot;port&quot;:2088,&quot;nic&quot;:&quot;192.168.50.65&quot;,&quot;limit&quot;:0,&quot;is_backup&quot;:0,&quot;bitrate&quot;:0,&quot;up_time&quot;:0,&quot;error_code&quot;:3,&quot;status_code&quot;:1,&quot;error_str&quot;:&quot;Timeout&quot;,&quot;status_str&quot;:&quot;Connecting&quot;},{&quot;host&quot;:&quot;192.168.5.166&quot;,&quot;port&quot;:2088,&quot;nic&quot;:&quot;192.168.5.165&quot;,&quot;limit&quot;:0,&quot;is_backup&quot;:0,&quot;bitrate&quot;:2767558,&quot;up_time&quot;:279,&quot;error_code&quot;:0,&quot;status_code&quot;:3,&quot;error_str&quot;:&quot;None&quot;,&quot;status_str&quot;:&quot;Connected&quot;}],&quot;error&quot;:&quot;None&quot;,&quot;con_stat&quot;:&quot;Disconnected&quot;,&quot;bitrate&quot;:5611812,&quot;dest&quot;:&quot;bonded/bonded9&quot;},{&quot;mip&quot;:&quot;4000.ts&quot;,&quot;port&quot;:0,&quot;ip&quot;:&quot;file&quot;,&quot;in_name&quot;:&quot;bond&quot;,&quot;in_active&quot;:1,&quot;in_active_sources&quot;:0,&quot;prg_name&quot;:&quot;&quot;,&quot;prg_prov&quot;:&quot;&quot;,&quot;prg_num&quot;:-1,&quot;chan&quot;:&quot;&quot;,&quot;chan_id&quot;:-1,&quot;id&quot;:&quot;zixi://bonded(bonded13)#10.7.0.66:2088@10.7.0.65,192.168.60.66:2088@192.168.50.65,192.168.5.166:2088@192.168.5.165&quot;,&quot;type&quot;:2,&quot;name&quot;:&quot;bond13&quot;,&quot;asi&quot;:0,&quot;rtmp&quot;:0,&quot;file&quot;:1,&quot;active&quot;:1,&quot;group&quot;:&quot;&quot;,&quot;bonded&quot;:[{&quot;host&quot;:&quot;10.7.0.66&quot;,&quot;port&quot;:2088,&quot;nic&quot;:&quot;10.7.0.65&quot;,&quot;limit&quot;:0,&quot;is_backup&quot;:0,&quot;bitrate&quot;:2847863,&quot;up_time&quot;:279,&quot;error_code&quot;:0,&quot;status_code&quot;:3,&quot;error_str&quot;:&quot;None&quot;,&quot;status_str&quot;:&quot;Connected&quot;},{&quot;host&quot;:&quot;192.168.60.66&quot;,&quot;port&quot;:2088,&quot;nic&quot;:&quot;192.168.50.65&quot;,&quot;limit&quot;:0,&quot;is_backup&quot;:0,&quot;bitrate&quot;:0,&quot;up_time&quot;:0,&quot;error_code&quot;:3,&quot;status_code&quot;:1,&quot;error_str&quot;:&quot;Timeout&quot;,&quot;status_str&quot;:&quot;Connecting&quot;},{&quot;host&quot;:&quot;192.168.5.166&quot;,&quot;port&quot;:2088,&quot;nic&quot;:&quot;192.168.5.165&quot;,&quot;limit&quot;:0,&quot;is_backup&quot;:0,&quot;bitrate&quot;:2834168,&quot;up_time&quot;:279,&quot;error_code&quot;:0,&quot;status_code&quot;:3,&quot;error_str&quot;:&quot;None&quot;,&quot;status_str&quot;:&quot;Connected&quot;}],&quot;error&quot;:&quot;None&quot;,&quot;con_stat&quot;:&quot;Disconnected&quot;,&quot;bitrate&quot;:5616488,&quot;dest&quot;:&quot;bonded/bonded13&quot;},{&quot;mip&quot;:&quot;4000.ts&quot;,&quot;port&quot;:0,&quot;ip&quot;:&quot;file&quot;,&quot;in_name&quot;:&quot;bond&quot;,&quot;in_active&quot;:1,&quot;in_active_sources&quot;:0,&quot;prg_name&quot;:&quot;&quot;,&quot;prg_prov&quot;:&quot;&quot;,&quot;prg_num&quot;:-1,&quot;chan&quot;:&quot;&quot;,&quot;chan_id&quot;:-1,&quot;id&quot;:&quot;zixi://bonded(bonded0)#10.7.0.66:2088@10.7.0.65,192.168.60.66:2088@192.168.50.65,192.168.5.166:2088@192.168.5.165&quot;,&quot;type&quot;:2,&quot;name&quot;:&quot;bond0&quot;,&quot;asi&quot;:0,&quot;rtmp&quot;:0,&quot;file&quot;:1,&quot;active&quot;:1,&quot;group&quot;:&quot;&quot;,&quot;bonded&quot;:[{&quot;host&quot;:&quot;10.7.0.66&quot;,&quot;port&quot;:2088,&quot;nic&quot;:&quot;10.7.0.65&quot;,&quot;limit&quot;:0,&quot;is_backup&quot;:0,&quot;bitrate&quot;:0,&quot;up_time&quot;:2,&quot;error_code&quot;:0,&quot;status_code&quot;:3,&quot;error_str&quot;:&quot;None&quot;,&quot;status_str&quot;:&quot;Connected&quot;},{&quot;host&quot;:&quot;192.168.60.66&quot;,&quot;port&quot;:2088,&quot;nic&quot;:&quot;192.168.50.65&quot;,&quot;limit&quot;:0,&quot;is_backup&quot;:0,&quot;bitrate&quot;:0,&quot;up_time&quot;:0,&quot;error_code&quot;:0,&quot;status_code&quot;:1,&quot;error_str&quot;:&quot;None&quot;,&quot;status_str&quot;:&quot;Connecting&quot;},{&quot;host&quot;:&quot;192.168.5.166&quot;,&quot;port&quot;:2088,&quot;nic&quot;:&quot;192.168.5.165&quot;,&quot;limit&quot;:0,&quot;is_backup&quot;:0,&quot;bitrate&quot;:0,&quot;up_time&quot;:0,&quot;error_code&quot;:0,&quot;status_code&quot;:1,&quot;error_str&quot;:&quot;None&quot;,&quot;status_str&quot;:&quot;Connecting&quot;}],&quot;error&quot;:&quot;None&quot;,&quot;con_stat&quot;:&quot;Disconnected&quot;,&quot;bitrate&quot;:0,&quot;dest&quot;:&quot;bonded/bonded0&quot;},{&quot;mip&quot;:&quot;4000.ts&quot;,&quot;port&quot;:0,&quot;ip&quot;:&quot;file&quot;,&quot;in_name&quot;:&quot;bond&quot;,&quot;in_active&quot;:1,&quot;in_active_sources&quot;:0,&quot;prg_name&quot;:&quot;&quot;,&quot;prg_prov&quot;:&quot;&quot;,&quot;prg_num&quot;:-1,&quot;chan&quot;:&quot;&quot;,&quot;chan_id&quot;:-1,&quot;id&quot;:&quot;zixi://bonded(bonded12)#10.7.0.66:2088@10.7.0.65,192.168.60.66:2088@192.168.50.65,192.168.5.166:2088@192.168.5.165&quot;,&quot;type&quot;:2,&quot;name&quot;:&quot;bond12&quot;,&quot;asi&quot;:0,&quot;rtmp&quot;:0,&quot;file&quot;:1,&quot;active&quot;:1,&quot;group&quot;:&quot;&quot;,&quot;bonded&quot;:[{&quot;host&quot;:&quot;10.7.0.66&quot;,&quot;port&quot;:2088,&quot;nic&quot;:&quot;10.7.0.65&quot;,&quot;limit&quot;:0,&quot;is_backup&quot;:0,&quot;bitrate&quot;:2817053,&quot;up_time&quot;:279,&quot;error_code&quot;:0,&quot;status_code&quot;:3,&quot;error_str&quot;:&quot;None&quot;,&quot;status_str&quot;:&quot;Connected&quot;},{&quot;host&quot;:&quot;192.168.60.66&quot;,&quot;port&quot;:2088,&quot;nic&quot;:&quot;192.168.50.65&quot;,&quot;limit&quot;:0,&quot;is_backup&quot;:0,&quot;bitrate&quot;:0,&quot;up_time&quot;:0,&quot;error_code&quot;:3,&quot;status_code&quot;:1,&quot;error_str&quot;:&quot;Timeout&quot;,&quot;status_str&quot;:&quot;Connecting&quot;},{&quot;host&quot;:&quot;192.168.5.166&quot;,&quot;port&quot;:2088,&quot;nic&quot;:&quot;192.168.5.165&quot;,&quot;limit&quot;:0,&quot;is_backup&quot;:0,&quot;bitrate&quot;:2881931,&quot;up_time&quot;:279,&quot;error_code&quot;:0,&quot;status_code&quot;:3,&quot;error_str&quot;:&quot;None&quot;,&quot;status_str&quot;:&quot;Connected&quot;}],&quot;error&quot;:&quot;None&quot;,&quot;con_stat&quot;:&quot;Disconnected&quot;,&quot;bitrate&quot;:5637880,&quot;dest&quot;:&quot;bonded/bonded12&quot;},{&quot;mip&quot;:&quot;4000.ts&quot;,&quot;port&quot;:0,&quot;ip&quot;:&quot;file&quot;,&quot;in_name&quot;:&quot;bond&quot;,&quot;in_active&quot;:1,&quot;in_active_sources&quot;:0,&quot;prg_name&quot;:&quot;&quot;,&quot;prg_prov&quot;:&quot;&quot;,&quot;prg_num&quot;:-1,&quot;chan&quot;:&quot;&quot;,&quot;chan_id&quot;:-1,&quot;id&quot;:&quot;zixi://bonded(bonded6)#10.7.0.66:2088@10.7.0.65,192.168.60.66:2088@192.168.50.65,192.168.5.166:2088@192.168.5.165&quot;,&quot;type&quot;:2,&quot;name&quot;:&quot;bond6&quot;,&quot;asi&quot;:0,&quot;rtmp&quot;:0,&quot;file&quot;:1,&quot;active&quot;:1,&quot;group&quot;:&quot;&quot;,&quot;bonded&quot;:[],&quot;error&quot;:&quot;Timeout&quot;,&quot;con_stat&quot;:&quot;Connecting&quot;,&quot;bitrate&quot;:0,&quot;dest&quot;:&quot;bonded/bonded6&quot;},{&quot;mip&quot;:&quot;4000.ts&quot;,&quot;port&quot;:0,&quot;ip&quot;:&quot;file&quot;,&quot;in_name&quot;:&quot;bond&quot;,&quot;in_active&quot;:1,&quot;in_active_sources&quot;:0,&quot;prg_name&quot;:&quot;&quot;,&quot;prg_prov&quot;:&quot;&quot;,&quot;prg_num&quot;:-1,&quot;chan&quot;:&quot;&quot;,&quot;chan_id&quot;:-1,&quot;id&quot;:&quot;zixi://bonded(bonded5)#10.7.0.66:2088@10.7.0.65,192.168.60.66:2088@192.168.50.65,192.168.5.166:2088@192.168.5.165&quot;,&quot;type&quot;:2,&quot;name&quot;:&quot;bond5&quot;,&quot;asi&quot;:0,&quot;rtmp&quot;:0,&quot;file&quot;:1,&quot;active&quot;:1,&quot;group&quot;:&quot;&quot;,&quot;bonded&quot;:[{&quot;host&quot;:&quot;10.7.0.66&quot;,&quot;port&quot;:2088,&quot;nic&quot;:&quot;10.7.0.65&quot;,&quot;limit&quot;:0,&quot;is_backup&quot;:0,&quot;bitrate&quot;:2938808,&quot;up_time&quot;:279,&quot;error_code&quot;:0,&quot;status_code&quot;:3,&quot;error_str&quot;:&quot;None&quot;,&quot;status_str&quot;:&quot;Connected&quot;},{&quot;host&quot;:&quot;192.168.60.66&quot;,&quot;port&quot;:2088,&quot;nic&quot;:&quot;192.168.50.65&quot;,&quot;limit&quot;:0,&quot;is_backup&quot;:0,&quot;bitrate&quot;:0,&quot;up_time&quot;:0,&quot;error_code&quot;:3,&quot;status_code&quot;:1,&quot;error_str&quot;:&quot;Timeout&quot;,&quot;status_str&quot;:&quot;Connecting&quot;},{&quot;host&quot;:&quot;192.168.5.166&quot;,&quot;port&quot;:2088,&quot;nic&quot;:&quot;192.168.5.165&quot;,&quot;limit&quot;:0,&quot;is_backup&quot;:0,&quot;bitrate&quot;:2762290,&quot;up_time&quot;:279,&quot;error_code&quot;:0,&quot;status_code&quot;:3,&quot;error_str&quot;:&quot;None&quot;,&quot;status_str&quot;:&quot;Connected&quot;}],&quot;error&quot;:&quot;None&quot;,&quot;con_stat&quot;:&quot;Disconnected&quot;,&quot;bitrate&quot;:5637968,&quot;dest&quot;:&quot;bonded/bonded5&quot;},{&quot;mip&quot;:&quot;4000.ts&quot;,&quot;port&quot;:0,&quot;ip&quot;:&quot;file&quot;,&quot;in_name&quot;:&quot;bond&quot;,&quot;in_active&quot;:1,&quot;in_active_sources&quot;:0,&quot;prg_name&quot;:&quot;&quot;,&quot;prg_prov&quot;:&quot;&quot;,&quot;prg_num&quot;:-1,&quot;chan&quot;:&quot;&quot;,&quot;chan_id&quot;:-1,&quot;id&quot;:&quot;zixi://bonded(bonded4)#10.7.0.66:2088@10.7.0.65,192.168.60.66:2088@192.168.50.65,192.168.5.166:2088@192.168.5.165&quot;,&quot;type&quot;:2,&quot;name&quot;:&quot;bond4&quot;,&quot;asi&quot;:0,&quot;rtmp&quot;:0,&quot;file&quot;:1,&quot;active&quot;:1,&quot;group&quot;:&quot;&quot;,&quot;bonded&quot;:[{&quot;host&quot;:&quot;10.7.0.66&quot;,&quot;port&quot;:2088,&quot;nic&quot;:&quot;10.7.0.65&quot;,&quot;limit&quot;:0,&quot;is_backup&quot;:0,&quot;bitrate&quot;:2819297,&quot;up_time&quot;:279,&quot;error_code&quot;:0,&quot;status_code&quot;:3,&quot;error_str&quot;:&quot;None&quot;,&quot;status_str&quot;:&quot;Connected&quot;},{&quot;host&quot;:&quot;192.168.60.66&quot;,&quot;port&quot;:2088,&quot;nic&quot;:&quot;192.168.50.65&quot;,&quot;limit&quot;:0,&quot;is_backup&quot;:0,&quot;bitrate&quot;:0,&quot;up_time&quot;:0,&quot;error_code&quot;:3,&quot;status_code&quot;:1,&quot;error_str&quot;:&quot;Timeout&quot;,&quot;status_str&quot;:&quot;Connecting&quot;},{&quot;host&quot;:&quot;192.168.5.166&quot;,&quot;port&quot;:2088,&quot;nic&quot;:&quot;192.168.5.165&quot;,&quot;limit&quot;:0,&quot;is_backup&quot;:0,&quot;bitrate&quot;:2871493,&quot;up_time&quot;:279,&quot;error_code&quot;:0,&quot;status_code&quot;:3,&quot;error_str&quot;:&quot;None&quot;,&quot;status_str&quot;:&quot;Connected&quot;}],&quot;error&quot;:&quot;None&quot;,&quot;con_stat&quot;:&quot;Disconnected&quot;,&quot;bitrate&quot;:5626912,&quot;dest&quot;:&quot;bonded/bonded4&quot;},{&quot;mip&quot;:&quot;4000.ts&quot;,&quot;port&quot;:0,&quot;ip&quot;:&quot;file&quot;,&quot;in_name&quot;:&quot;bond&quot;,&quot;in_active&quot;:1,&quot;in_active_sources&quot;:0,&quot;prg_name&quot;:&quot;&quot;,&quot;prg_prov&quot;:&quot;&quot;,&quot;prg_num&quot;:-1,&quot;chan&quot;:&quot;&quot;,&quot;chan_id&quot;:-1,&quot;id&quot;:&quot;zixi://bonded(bonded3)#10.7.0.66:2088@10.7.0.65,192.168.60.66:2088@192.168.50.65,192.168.5.166:2088@192.168.5.165&quot;,&quot;type&quot;:2,&quot;name&quot;:&quot;bond3&quot;,&quot;asi&quot;:0,&quot;rtmp&quot;:0,&quot;file&quot;:1,&quot;active&quot;:1,&quot;group&quot;:&quot;&quot;,&quot;bonded&quot;:[{&quot;host&quot;:&quot;10.7.0.66&quot;,&quot;port&quot;:2088,&quot;nic&quot;:&quot;10.7.0.65&quot;,&quot;limit&quot;:0,&quot;is_backup&quot;:0,&quot;bitrate&quot;:2877231,&quot;up_time&quot;:279,&quot;error_code&quot;:0,&quot;status_code&quot;:3,&quot;error_str&quot;:&quot;None&quot;,&quot;status_str&quot;:&quot;Connected&quot;},{&quot;host&quot;:&quot;192.168.60.66&quot;,&quot;port&quot;:2088,&quot;nic&quot;:&quot;192.168.50.65&quot;,&quot;limit&quot;:0,&quot;is_backup&quot;:0,&quot;bitrate&quot;:0,&quot;up_time&quot;:0,&quot;error_code&quot;:3,&quot;status_code&quot;:1,&quot;error_str&quot;:&quot;Timeout&quot;,&quot;status_str&quot;:&quot;Connecting&quot;},{&quot;host&quot;:&quot;192.168.5.166&quot;,&quot;port&quot;:2088,&quot;nic&quot;:&quot;192.168.5.165&quot;,&quot;limit&quot;:0,&quot;is_backup&quot;:0,&quot;bitrate&quot;:2829737,&quot;up_time&quot;:279,&quot;error_code&quot;:0,&quot;status_code&quot;:3,&quot;error_str&quot;:&quot;None&quot;,&quot;status_str&quot;:&quot;Connected&quot;}],&quot;error&quot;:&quot;None&quot;,&quot;con_stat&quot;:&quot;Disconnected&quot;,&quot;bitrate&quot;:5632663,&quot;dest&quot;:&quot;bonded/bonded3&quot;},{&quot;mip&quot;:&quot;4000.ts&quot;,&quot;port&quot;:0,&quot;ip&quot;:&quot;file&quot;,&quot;in_name&quot;:&quot;bond&quot;,&quot;in_active&quot;:1,&quot;in_active_sources&quot;:0,&quot;prg_name&quot;:&quot;&quot;,&quot;prg_prov&quot;:&quot;&quot;,&quot;prg_num&quot;:-1,&quot;chan&quot;:&quot;&quot;,&quot;chan_id&quot;:-1,&quot;id&quot;:&quot;zixi://bonded(bonded2)#10.7.0.66:2088@10.7.0.65,192.168.60.66:2088@192.168.50.65,192.168.5.166:2088@192.168.5.165&quot;,&quot;type&quot;:2,&quot;name&quot;:&quot;bond2&quot;,&quot;asi&quot;:0,&quot;rtmp&quot;:0,&quot;file&quot;:1,&quot;active&quot;:1,&quot;group&quot;:&quot;&quot;,&quot;bonded&quot;:[{&quot;host&quot;:&quot;10.7.0.66&quot;,&quot;port&quot;:2088,&quot;nic&quot;:&quot;10.7.0.65&quot;,&quot;limit&quot;:0,&quot;is_backup&quot;:0,&quot;bitrate&quot;:2902263,&quot;up_time&quot;:279,&quot;error_code&quot;:0,&quot;status_code&quot;:3,&quot;error_str&quot;:&quot;None&quot;,&quot;status_str&quot;:&quot;Connected&quot;},{&quot;host&quot;:&quot;192.168.60.66&quot;,&quot;port&quot;:2088,&quot;nic&quot;:&quot;192.168.50.65&quot;,&quot;limit&quot;:0,&quot;is_backup&quot;:0,&quot;bitrate&quot;:0,&quot;up_time&quot;:0,&quot;error_code&quot;:3,&quot;status_code&quot;:1,&quot;error_str&quot;:&quot;Timeout&quot;,&quot;status_str&quot;:&quot;Connecting&quot;},{&quot;host&quot;:&quot;192.168.5.166&quot;,&quot;port&quot;:2088,&quot;nic&quot;:&quot;192.168.5.165&quot;,&quot;limit&quot;:0,&quot;is_backup&quot;:0,&quot;bitrate&quot;:2805797,&quot;up_time&quot;:128,&quot;error_code&quot;:0,&quot;status_code&quot;:3,&quot;error_str&quot;:&quot;None&quot;,&quot;status_str&quot;:&quot;Connected&quot;}],&quot;error&quot;:&quot;None&quot;,&quot;con_stat&quot;:&quot;Disconnected&quot;,&quot;bitrate&quot;:5633558,&quot;dest&quot;:&quot;bonded/bonded2&quot;},{&quot;mip&quot;:&quot;4000.ts&quot;,&quot;port&quot;:0,&quot;ip&quot;:&quot;file&quot;,&quot;in_name&quot;:&quot;bond&quot;,&quot;in_active&quot;:1,&quot;in_active_sources&quot;:0,&quot;prg_name&quot;:&quot;&quot;,&quot;prg_prov&quot;:&quot;&quot;,&quot;prg_num&quot;:-1,&quot;chan&quot;:&quot;&quot;,&quot;chan_id&quot;:-1,&quot;id&quot;:&quot;zixi://bonded(bonded1)#10.7.0.66:2088@10.7.0.65,192.168.60.66:2088@192.168.50.65,192.168.5.166:2088@192.168.5.165&quot;,&quot;type&quot;:2,&quot;name&quot;:&quot;bond1&quot;,&quot;asi&quot;:0,&quot;rtmp&quot;:0,&quot;file&quot;:1,&quot;active&quot;:1,&quot;group&quot;:&quot;&quot;,&quot;bonded&quot;:[{&quot;host&quot;:&quot;10.7.0.66&quot;,&quot;port&quot;:2088,&quot;nic&quot;:&quot;10.7.0.65&quot;,&quot;limit&quot;:0,&quot;is_backup&quot;:0,&quot;bitrate&quot;:2905354,&quot;up_time&quot;:24,&quot;error_code&quot;:0,&quot;status_code&quot;:3,&quot;error_str&quot;:&quot;None&quot;,&quot;status_str&quot;:&quot;Connected&quot;},{&quot;host&quot;:&quot;192.168.60.66&quot;,&quot;port&quot;:2088,&quot;nic&quot;:&quot;192.168.50.65&quot;,&quot;limit&quot;:0,&quot;is_backup&quot;:0,&quot;bitrate&quot;:0,&quot;up_time&quot;:0,&quot;error_code&quot;:3,&quot;status_code&quot;:1,&quot;error_str&quot;:&quot;Timeout&quot;,&quot;status_str&quot;:&quot;Connecting&quot;},{&quot;host&quot;:&quot;192.168.5.166&quot;,&quot;port&quot;:2088,&quot;nic&quot;:&quot;192.168.5.165&quot;,&quot;limit&quot;:0,&quot;is_backup&quot;:0,&quot;bitrate&quot;:2807502,&quot;up_time&quot;:23,&quot;error_code&quot;:0,&quot;status_code&quot;:3,&quot;error_str&quot;:&quot;None&quot;,&quot;status_str&quot;:&quot;Connected&quot;}],&quot;error&quot;:&quot;None&quot;,&quot;con_stat&quot;:&quot;Disconnected&quot;,&quot;bitrate&quot;:5641334,&quot;dest&quot;:&quot;bonded/bonded1&quot;},{&quot;mip&quot;:&quot;0.0.0.0&quot;,&quot;port&quot;:4433,&quot;ip&quot;:&quot;0.0.0.0&quot;,&quot;in_name&quot;:&quot;inputudp&quot;,&quot;in_active&quot;:1,&quot;in_active_sources&quot;:0,&quot;prg_name&quot;:&quot;&quot;,&quot;prg_prov&quot;:&quot;&quot;,&quot;prg_num&quot;:-1,&quot;chan&quot;:&quot;&quot;,&quot;chan_id&quot;:-1,&quot;id&quot;:&quot;udp://10.7.0.150:5555&quot;,&quot;type&quot;:1,&quot;name&quot;:&quot;test&quot;,&quot;asi&quot;:0,&quot;rtmp&quot;:0,&quot;file&quot;:0,&quot;active&quot;:1,&quot;group&quot;:&quot;&quot;,&quot;error&quot;:&quot;&quot;,&quot;con_stat&quot;:&quot;Connected&quot;,&quot;bitrate&quot;:0,&quot;dest&quot;:&quot;10.7.0.150:5555@0.0.0.0&quot;}]}
Debug printing ------&gt;&gt;&gt; {&quot;custom_data&quot;:&quot;&quot;,&quot;msg&quot;:&quot;Output deleted.&quot;,&quot;error&quot;:&quot;&quot;,&quot;outs&quot;:[{&quot;mip&quot;:&quot;4000.ts&quot;,&quot;port&quot;:0,&quot;ip&quot;:&quot;file&quot;,&quot;in_name&quot;:&quot;bond&quot;,&quot;in_active&quot;:1,&quot;in_active_sources&quot;:0,&quot;prg_name&quot;:&quot;&quot;,&quot;prg_prov&quot;:&quot;&quot;,&quot;prg_num&quot;:-1,&quot;chan&quot;:&quot;&quot;,&quot;chan_id&quot;:-1,&quot;id&quot;:&quot;zixi://bonded(bonded0)#10.7.0.66:2088@10.7.0.65,192.168.60.66:2088@192.168.50.65,192.168.5.166:2088@192.168.5.165&quot;,&quot;type&quot;:2,&quot;name&quot;:&quot;bond0&quot;,&quot;asi&quot;:0,&quot;rtmp&quot;:0,&quot;file&quot;:1,&quot;active&quot;:1,&quot;group&quot;:&quot;&quot;,&quot;bonded&quot;:[{&quot;host&quot;:&quot;10.7.0.66&quot;,&quot;port&quot;:2088,&quot;nic&quot;:&quot;10.7.0.65&quot;,&quot;limit&quot;:0,&quot;is_backup&quot;:0,&quot;bitrate&quot;:0,&quot;up_time&quot;:2,&quot;error_code&quot;:0,&quot;status_code&quot;:3,&quot;error_str&quot;:&quot;None&quot;,&quot;status_str&quot;:&quot;Connected&quot;},{&quot;host&quot;:&quot;192.168.60.66&quot;,&quot;port&quot;:2088,&quot;nic&quot;:&quot;192.168.50.65&quot;,&quot;limit&quot;:0,&quot;is_backup&quot;:0,&quot;bitrate&quot;:0,&quot;up_time&quot;:0,&quot;error_code&quot;:0,&quot;status_code&quot;:1,&quot;error_str&quot;:&quot;None&quot;,&quot;status_str&quot;:&quot;Connecting&quot;},{&quot;host&quot;:&quot;192.168.5.166&quot;,&quot;port&quot;:2088,&quot;nic&quot;:&quot;192.168.5.165&quot;,&quot;limit&quot;:0,&quot;is_backup&quot;:0,&quot;bitrate&quot;:0,&quot;up_time&quot;:0,&quot;error_code&quot;:0,&quot;status_code&quot;:1,&quot;error_str&quot;:&quot;None&quot;,&quot;status_str&quot;:&quot;Connecting&quot;}],&quot;error&quot;:&quot;None&quot;,&quot;con_stat&quot;:&quot;Disconnected&quot;,&quot;bitrate&quot;:0,&quot;dest&quot;:&quot;bonded/bonded0&quot;},{&quot;mip&quot;:&quot;4000.ts&quot;,&quot;port&quot;:0,&quot;ip&quot;:&quot;file&quot;,&quot;in_name&quot;:&quot;bond&quot;,&quot;in_active&quot;:1,&quot;in_active_sources&quot;:0,&quot;prg_name&quot;:&quot;&quot;,&quot;prg_prov&quot;:&quot;&quot;,&quot;prg_num&quot;:-1,&quot;chan&quot;:&quot;&quot;,&quot;chan_id&quot;:-1,&quot;id&quot;:&quot;zixi://bonded(bonded1)#10.7.0.66:2088@10.7.0.65,192.168.60.66:2088@192.168.50.65,192.168.5.166:2088@192.168.5.165&quot;,&quot;type&quot;:2,&quot;name&quot;:&quot;bond1&quot;,&quot;asi&quot;:0,&quot;rtmp&quot;:0,&quot;file&quot;:1,&quot;active&quot;:1,&quot;group&quot;:&quot;&quot;,&quot;bonded&quot;:[{&quot;host&quot;:&quot;10.7.0.66&quot;,&quot;port&quot;:2088,&quot;nic&quot;:&quot;10.7.0.65&quot;,&quot;limit&quot;:0,&quot;is_backup&quot;:0,&quot;bitrate&quot;:2905354,&quot;up_time&quot;:24,&quot;error_code&quot;:0,&quot;status_code&quot;:3,&quot;error_str&quot;:&quot;None&quot;,&quot;status_str&quot;:&quot;Connected&quot;},{&quot;host&quot;:&quot;192.168.60.66&quot;,&quot;port&quot;:2088,&quot;nic&quot;:&quot;192.168.50.65&quot;,&quot;limit&quot;:0,&quot;is_backup&quot;:0,&quot;bitrate&quot;:0,&quot;up_time&quot;:0,&quot;error_code&quot;:3,&quot;status_code&quot;:1,&quot;error_str&quot;:&quot;Timeout&quot;,&quot;status_str&quot;:&quot;Connecting&quot;},{&quot;host&quot;:&quot;192.168.5.166&quot;,&quot;port&quot;:2088,&quot;nic&quot;:&quot;192.168.5.165&quot;,&quot;limit&quot;:0,&quot;is_backup&quot;:0,&quot;bitrate&quot;:2807502,&quot;up_time&quot;:23,&quot;error_code&quot;:0,&quot;status_code&quot;:3,&quot;error_str&quot;:&quot;None&quot;,&quot;status_str&quot;:&quot;Connected&quot;}],&quot;error&quot;:&quot;None&quot;,&quot;con_stat&quot;:&quot;Disconnected&quot;,&quot;bitrate&quot;:5641334,&quot;dest&quot;:&quot;bonded/bonded1&quot;},{&quot;mip&quot;:&quot;4000.ts&quot;,&quot;port&quot;:0,&quot;ip&quot;:&quot;file&quot;,&quot;in_name&quot;:&quot;bond&quot;,&quot;in_active&quot;:1,&quot;in_active_sources&quot;:0,&quot;prg_name&quot;:&quot;&quot;,&quot;prg_prov&quot;:&quot;&quot;,&quot;prg_num&quot;:-1,&quot;chan&quot;:&quot;&quot;,&quot;chan_id&quot;:-1,&quot;id&quot;:&quot;zixi://bonded(bonded2)#10.7.0.66:2088@10.7.0.65,192.168.60.66:2088@192.168.50.65,192.168.5.166:2088@192.168.5.165&quot;,&quot;type&quot;:2,&quot;name&quot;:&quot;bond2&quot;,&quot;asi&quot;:0,&quot;rtmp&quot;:0,&quot;file&quot;:1,&quot;active&quot;:1,&quot;group&quot;:&quot;&quot;,&quot;bonded&quot;:[{&quot;host&quot;:&quot;10.7.0.66&quot;,&quot;port&quot;:2088,&quot;nic&quot;:&quot;10.7.0.65&quot;,&quot;limit&quot;:0,&quot;is_backup&quot;:0,&quot;bitrate&quot;:2902263,&quot;up_time&quot;:279,&quot;error_code&quot;:0,&quot;status_code&quot;:3,&quot;error_str&quot;:&quot;None&quot;,&quot;status_str&quot;:&quot;Connected&quot;},{&quot;host&quot;:&quot;192.168.60.66&quot;,&quot;port&quot;:2088,&quot;nic&quot;:&quot;192.168.50.65&quot;,&quot;limit&quot;:0,&quot;is_backup&quot;:0,&quot;bitrate&quot;:0,&quot;up_time&quot;:0,&quot;error_code&quot;:3,&quot;status_code&quot;:1,&quot;error_str&quot;:&quot;Timeout&quot;,&quot;status_str&quot;:&quot;Connecting&quot;},{&quot;host&quot;:&quot;192.168.5.166&quot;,&quot;port&quot;:2088,&quot;nic&quot;:&quot;192.168.5.165&quot;,&quot;limit&quot;:0,&quot;is_backup&quot;:0,&quot;bitrate&quot;:2805797,&quot;up_time&quot;:128,&quot;error_code&quot;:0,&quot;status_code&quot;:3,&quot;error_str&quot;:&quot;None&quot;,&quot;status_str&quot;:&quot;Connected&quot;}],&quot;error&quot;:&quot;None&quot;,&quot;con_stat&quot;:&quot;Disconnected&quot;,&quot;bitrate&quot;:5633558,&quot;dest&quot;:&quot;bonded/bonded2&quot;},{&quot;mip&quot;:&quot;4000.ts&quot;,&quot;port&quot;:0,&quot;ip&quot;:&quot;file&quot;,&quot;in_name&quot;:&quot;bond&quot;,&quot;in_active&quot;:1,&quot;in_active_sources&quot;:0,&quot;prg_name&quot;:&quot;&quot;,&quot;prg_prov&quot;:&quot;&quot;,&quot;prg_num&quot;:-1,&quot;chan&quot;:&quot;&quot;,&quot;chan_id&quot;:-1,&quot;id&quot;:&quot;zixi://bonded(bonded3)#10.7.0.66:2088@10.7.0.65,192.168.60.66:2088@192.168.50.65,192.168.5.166:2088@192.168.5.165&quot;,&quot;type&quot;:2,&quot;name&quot;:&quot;bond3&quot;,&quot;asi&quot;:0,&quot;rtmp&quot;:0,&quot;file&quot;:1,&quot;active&quot;:1,&quot;group&quot;:&quot;&quot;,&quot;bonded&quot;:[{&quot;host&quot;:&quot;10.7.0.66&quot;,&quot;port&quot;:2088,&quot;nic&quot;:&quot;10.7.0.65&quot;,&quot;limit&quot;:0,&quot;is_backup&quot;:0,&quot;bitrate&quot;:2877231,&quot;up_time&quot;:279,&quot;error_code&quot;:0,&quot;status_code&quot;:3,&quot;error_str&quot;:&quot;None&quot;,&quot;status_str&quot;:&quot;Connected&quot;},{&quot;host&quot;:&quot;192.168.60.66&quot;,&quot;port&quot;:2088,&quot;nic&quot;:&quot;192.168.50.65&quot;,&quot;limit&quot;:0,&quot;is_backup&quot;:0,&quot;bitrate&quot;:0,&quot;up_time&quot;:0,&quot;error_code&quot;:3,&quot;status_code&quot;:1,&quot;error_str&quot;:&quot;Timeout&quot;,&quot;status_str&quot;:&quot;Connecting&quot;},{&quot;host&quot;:&quot;192.168.5.166&quot;,&quot;port&quot;:2088,&quot;nic&quot;:&quot;192.168.5.165&quot;,&quot;limit&quot;:0,&quot;is_backup&quot;:0,&quot;bitrate&quot;:2829737,&quot;up_time&quot;:279,&quot;error_code&quot;:0,&quot;status_code&quot;:3,&quot;error_str&quot;:&quot;None&quot;,&quot;status_str&quot;:&quot;Connected&quot;}],&quot;error&quot;:&quot;None&quot;,&quot;con_stat&quot;:&quot;Disconnected&quot;,&quot;bitrate&quot;:5632663,&quot;dest&quot;:&quot;bonded/bonded3&quot;},{&quot;mip&quot;:&quot;4000.ts&quot;,&quot;port&quot;:0,&quot;ip&quot;:&quot;file&quot;,&quot;in_name&quot;:&quot;bond&quot;,&quot;in_active&quot;:1,&quot;in_active_sources&quot;:0,&quot;prg_name&quot;:&quot;&quot;,&quot;prg_prov&quot;:&quot;&quot;,&quot;prg_num&quot;:-1,&quot;chan&quot;:&quot;&quot;,&quot;chan_id&quot;:-1,&quot;id&quot;:&quot;zixi://bonded(bonded4)#10.7.0.66:2088@10.7.0.65,192.168.60.66:2088@192.168.50.65,192.168.5.166:2088@192.168.5.165&quot;,&quot;type&quot;:2,&quot;name&quot;:&quot;bond4&quot;,&quot;asi&quot;:0,&quot;rtmp&quot;:0,&quot;file&quot;:1,&quot;active&quot;:1,&quot;group&quot;:&quot;&quot;,&quot;bonded&quot;:[{&quot;host&quot;:&quot;10.7.0.66&quot;,&quot;port&quot;:2088,&quot;nic&quot;:&quot;10.7.0.65&quot;,&quot;limit&quot;:0,&quot;is_backup&quot;:0,&quot;bitrate&quot;:2819297,&quot;up_time&quot;:279,&quot;error_code&quot;:0,&quot;status_code&quot;:3,&quot;error_str&quot;:&quot;None&quot;,&quot;status_str&quot;:&quot;Connected&quot;},{&quot;host&quot;:&quot;192.168.60.66&quot;,&quot;port&quot;:2088,&quot;nic&quot;:&quot;192.168.50.65&quot;,&quot;limit&quot;:0,&quot;is_backup&quot;:0,&quot;bitrate&quot;:0,&quot;up_time&quot;:0,&quot;error_code&quot;:3,&quot;status_code&quot;:1,&quot;error_str&quot;:&quot;Timeout&quot;,&quot;status_str&quot;:&quot;Connecting&quot;},{&quot;host&quot;:&quot;192.168.5.166&quot;,&quot;port&quot;:2088,&quot;nic&quot;:&quot;192.168.5.165&quot;,&quot;limit&quot;:0,&quot;is_backup&quot;:0,&quot;bitrate&quot;:2871493,&quot;up_time&quot;:279,&quot;error_code&quot;:0,&quot;status_code&quot;:3,&quot;error_str&quot;:&quot;None&quot;,&quot;status_str&quot;:&quot;Connected&quot;}],&quot;error&quot;:&quot;None&quot;,&quot;con_stat&quot;:&quot;Disconnected&quot;,&quot;bitrate&quot;:5626912,&quot;dest&quot;:&quot;bonded/bonded4&quot;},{&quot;mip&quot;:&quot;4000.ts&quot;,&quot;port&quot;:0,&quot;ip&quot;:&quot;file&quot;,&quot;in_name&quot;:&quot;bond&quot;,&quot;in_active&quot;:1,&quot;in_active_sources&quot;:0,&quot;prg_name&quot;:&quot;&quot;,&quot;prg_prov&quot;:&quot;&quot;,&quot;prg_num&quot;:-1,&quot;chan&quot;:&quot;&quot;,&quot;chan_id&quot;:-1,&quot;id&quot;:&quot;zixi://bonded(bonded5)#10.7.0.66:2088@10.7.0.65,192.168.60.66:2088@192.168.50.65,192.168.5.166:2088@192.168.5.165&quot;,&quot;type&quot;:2,&quot;name&quot;:&quot;bond5&quot;,&quot;asi&quot;:0,&quot;rtmp&quot;:0,&quot;file&quot;:1,&quot;active&quot;:1,&quot;group&quot;:&quot;&quot;,&quot;bonded&quot;:[{&quot;host&quot;:&quot;10.7.0.66&quot;,&quot;port&quot;:2088,&quot;nic&quot;:&quot;10.7.0.65&quot;,&quot;limit&quot;:0,&quot;is_backup&quot;:0,&quot;bitrate&quot;:2938808,&quot;up_time&quot;:279,&quot;error_code&quot;:0,&quot;status_code&quot;:3,&quot;error_str&quot;:&quot;None&quot;,&quot;status_str&quot;:&quot;Connected&quot;},{&quot;host&quot;:&quot;192.168.60.66&quot;,&quot;port&quot;:2088,&quot;nic&quot;:&quot;192.168.50.65&quot;,&quot;limit&quot;:0,&quot;is_backup&quot;:0,&quot;bitrate&quot;:0,&quot;up_time&quot;:0,&quot;error_code&quot;:3,&quot;status_code&quot;:1,&quot;error_str&quot;:&quot;Timeout&quot;,&quot;status_str&quot;:&quot;Connecting&quot;},{&quot;host&quot;:&quot;192.168.5.166&quot;,&quot;port&quot;:2088,&quot;nic&quot;:&quot;192.168.5.165&quot;,&quot;limit&quot;:0,&quot;is_backup&quot;:0,&quot;bitrate&quot;:2762290,&quot;up_time&quot;:279,&quot;error_code&quot;:0,&quot;status_code&quot;:3,&quot;error_str&quot;:&quot;None&quot;,&quot;status_str&quot;:&quot;Connected&quot;}],&quot;error&quot;:&quot;None&quot;,&quot;con_stat&quot;:&quot;Disconnected&quot;,&quot;bitrate&quot;:5637968,&quot;dest&quot;:&quot;bonded/bonded5&quot;},{&quot;mip&quot;:&quot;4000.ts&quot;,&quot;port&quot;:0,&quot;ip&quot;:&quot;file&quot;,&quot;in_name&quot;:&quot;bond&quot;,&quot;in_active&quot;:1,&quot;in_active_sources&quot;:0,&quot;prg_name&quot;:&quot;&quot;,&quot;prg_prov&quot;:&quot;&quot;,&quot;prg_num&quot;:-1,&quot;chan&quot;:&quot;&quot;,&quot;chan_id&quot;:-1,&quot;id&quot;:&quot;zixi://bonded(bonded6)#10.7.0.66:2088@10.7.0.65,192.168.60.66:2088@192.168.50.65,192.168.5.166:2088@192.168.5.165&quot;,&quot;type&quot;:2,&quot;name&quot;:&quot;bond6&quot;,&quot;asi&quot;:0,&quot;rtmp&quot;:0,&quot;file&quot;:1,&quot;active&quot;:1,&quot;group&quot;:&quot;&quot;,&quot;bonded&quot;:[],&quot;error&quot;:&quot;Timeout&quot;,&quot;con_stat&quot;:&quot;Connecting&quot;,&quot;bitrate&quot;:0,&quot;dest&quot;:&quot;bonded/bonded6&quot;},{&quot;mip&quot;:&quot;4000.ts&quot;,&quot;port&quot;:0,&quot;ip&quot;:&quot;file&quot;,&quot;in_name&quot;:&quot;bond&quot;,&quot;in_active&quot;:1,&quot;in_active_sources&quot;:0,&quot;prg_name&quot;:&quot;&quot;,&quot;prg_prov&quot;:&quot;&quot;,&quot;prg_num&quot;:-1,&quot;chan&quot;:&quot;&quot;,&quot;chan_id&quot;:-1,&quot;id&quot;:&quot;zixi://bonded(bonded12)#10.7.0.66:2088@10.7.0.65,192.168.60.66:2088@192.168.50.65,192.168.5.166:2088@192.168.5.165&quot;,&quot;type&quot;:2,&quot;name&quot;:&quot;bond12&quot;,&quot;asi&quot;:0,&quot;rtmp&quot;:0,&quot;file&quot;:1,&quot;active&quot;:1,&quot;group&quot;:&quot;&quot;,&quot;bonded&quot;:[{&quot;host&quot;:&quot;10.7.0.66&quot;,&quot;port&quot;:2088,&quot;nic&quot;:&quot;10.7.0.65&quot;,&quot;limit&quot;:0,&quot;is_backup&quot;:0,&quot;bitrate&quot;:2817053,&quot;up_time&quot;:279,&quot;error_code&quot;:0,&quot;status_code&quot;:3,&quot;error_str&quot;:&quot;None&quot;,&quot;status_str&quot;:&quot;Connected&quot;},{&quot;host&quot;:&quot;192.168.60.66&quot;,&quot;port&quot;:2088,&quot;nic&quot;:&quot;192.168.50.65&quot;,&quot;limit&quot;:0,&quot;is_backup&quot;:0,&quot;bitrate&quot;:0,&quot;up_time&quot;:0,&quot;error_code&quot;:3,&quot;status_code&quot;:1,&quot;error_str&quot;:&quot;Timeout&quot;,&quot;status_str&quot;:&quot;Connecting&quot;},{&quot;host&quot;:&quot;192.168.5.166&quot;,&quot;port&quot;:2088,&quot;nic&quot;:&quot;192.168.5.165&quot;,&quot;limit&quot;:0,&quot;is_backup&quot;:0,&quot;bitrate&quot;:2881931,&quot;up_time&quot;:279,&quot;error_code&quot;:0,&quot;status_code&quot;:3,&quot;error_str&quot;:&quot;None&quot;,&quot;status_str&quot;:&quot;Connected&quot;}],&quot;error&quot;:&quot;None&quot;,&quot;con_stat&quot;:&quot;Disconnected&quot;,&quot;bitrate&quot;:5637880,&quot;dest&quot;:&quot;bonded/bonded12&quot;},{&quot;mip&quot;:&quot;4000.ts&quot;,&quot;port&quot;:0,&quot;ip&quot;:&quot;file&quot;,&quot;in_name&quot;:&quot;bond&quot;,&quot;in_active&quot;:1,&quot;in_active_sources&quot;:0,&quot;prg_name&quot;:&quot;&quot;,&quot;prg_prov&quot;:&quot;&quot;,&quot;prg_num&quot;:-1,&quot;chan&quot;:&quot;&quot;,&quot;chan_id&quot;:-1,&quot;id&quot;:&quot;zixi://bonded(bonded7)#10.7.0.66:2088@10.7.0.65,192.168.60.66:2088@192.168.50.65,192.168.5.166:2088@192.168.5.165&quot;,&quot;type&quot;:2,&quot;name&quot;:&quot;bond7&quot;,&quot;asi&quot;:0,&quot;rtmp&quot;:0,&quot;file&quot;:1,&quot;active&quot;:1,&quot;group&quot;:&quot;&quot;,&quot;bonded&quot;:[{&quot;host&quot;:&quot;10.7.0.66&quot;,&quot;port&quot;:2088,&quot;nic&quot;:&quot;10.7.0.65&quot;,&quot;limit&quot;:0,&quot;is_backup&quot;:0,&quot;bitrate&quot;:2806317,&quot;up_time&quot;:279,&quot;error_code&quot;:0,&quot;status_code&quot;:3,&quot;error_str&quot;:&quot;None&quot;,&quot;status_str&quot;:&quot;Connected&quot;},{&quot;host&quot;:&quot;192.168.60.66&quot;,&quot;port&quot;:2088,&quot;nic&quot;:&quot;192.168.50.65&quot;,&quot;limit&quot;:0,&quot;is_backup&quot;:0,&quot;bitrate&quot;:0,&quot;up_time&quot;:0,&quot;error_code&quot;:3,&quot;status_code&quot;:1,&quot;error_str&quot;:&quot;Timeout&quot;,&quot;status_str&quot;:&quot;Connecting&quot;},{&quot;host&quot;:&quot;192.168.5.166&quot;,&quot;port&quot;:2088,&quot;nic&quot;:&quot;192.168.5.165&quot;,&quot;limit&quot;:0,&quot;is_backup&quot;:0,&quot;bitrate&quot;:2893675,&quot;up_time&quot;:279,&quot;error_code&quot;:0,&quot;status_code&quot;:3,&quot;error_str&quot;:&quot;None&quot;,&quot;status_str&quot;:&quot;Connected&quot;}],&quot;error&quot;:&quot;None&quot;,&quot;con_stat&quot;:&quot;Disconnected&quot;,&quot;bitrate&quot;:5636528,&quot;dest&quot;:&quot;bonded/bonded7&quot;},{&quot;mip&quot;:&quot;4000.ts&quot;,&quot;port&quot;:0,&quot;ip&quot;:&quot;file&quot;,&quot;in_name&quot;:&quot;bond&quot;,&quot;in_active&quot;:1,&quot;in_active_sources&quot;:0,&quot;prg_name&quot;:&quot;&quot;,&quot;prg_prov&quot;:&quot;&quot;,&quot;prg_num&quot;:-1,&quot;chan&quot;:&quot;&quot;,&quot;chan_id&quot;:-1,&quot;id&quot;:&quot;zixi://bonded(bonded13)#10.7.0.66:2088@10.7.0.65,192.168.60.66:2088@192.168.50.65,192.168.5.166:2088@192.168.5.165&quot;,&quot;type&quot;:2,&quot;name&quot;:&quot;bond13&quot;,&quot;asi&quot;:0,&quot;rtmp&quot;:0,&quot;file&quot;:1,&quot;active&quot;:1,&quot;group&quot;:&quot;&quot;,&quot;bonded&quot;:[{&quot;host&quot;:&quot;10.7.0.66&quot;,&quot;port&quot;:2088,&quot;nic&quot;:&quot;10.7.0.65&quot;,&quot;limit&quot;:0,&quot;is_backup&quot;:0,&quot;bitrate&quot;:2847863,&quot;up_time&quot;:279,&quot;error_code&quot;:0,&quot;status_code&quot;:3,&quot;error_str&quot;:&quot;None&quot;,&quot;status_str&quot;:&quot;Connected&quot;},{&quot;host&quot;:&quot;192.168.60.66&quot;,&quot;port&quot;:2088,&quot;nic&quot;:&quot;192.168.50.65&quot;,&quot;limit&quot;:0,&quot;is_backup&quot;:0,&quot;bitrate&quot;:0,&quot;up_time&quot;:0,&quot;error_code&quot;:3,&quot;status_code&quot;:1,&quot;error_str&quot;:&quot;Timeout&quot;,&quot;status_str&quot;:&quot;Connecting&quot;},{&quot;host&quot;:&quot;192.168.5.166&quot;,&quot;port&quot;:2088,&quot;nic&quot;:&quot;192.168.5.165&quot;,&quot;limit&quot;:0,&quot;is_backup&quot;:0,&quot;bitrate&quot;:2834168,&quot;up_time&quot;:279,&quot;error_code&quot;:0,&quot;status_code&quot;:3,&quot;error_str&quot;:&quot;None&quot;,&quot;status_str&quot;:&quot;Connected&quot;}],&quot;error&quot;:&quot;None&quot;,&quot;con_stat&quot;:&quot;Disconnected&quot;,&quot;bitrate&quot;:5616488,&quot;dest&quot;:&quot;bonded/bonded13&quot;},{&quot;mip&quot;:&quot;4000.ts&quot;,&quot;port&quot;:0,&quot;ip&quot;:&quot;file&quot;,&quot;in_name&quot;:&quot;bond&quot;,&quot;in_active&quot;:1,&quot;in_active_sources&quot;:0,&quot;prg_name&quot;:&quot;&quot;,&quot;prg_prov&quot;:&quot;&quot;,&quot;prg_num&quot;:-1,&quot;chan&quot;:&quot;&quot;,&quot;chan_id&quot;:-1,&quot;id&quot;:&quot;zixi://bonded(bonded9)#10.7.0.66:2088@10.7.0.65,192.168.60.66:2088@192.168.50.65,192.168.5.166:2088@192.168.5.165&quot;,&quot;type&quot;:2,&quot;name&quot;:&quot;bond9&quot;,&quot;asi&quot;:0,&quot;rtmp&quot;:0,&quot;file&quot;:1,&quot;active&quot;:1,&quot;group&quot;:&quot;&quot;,&quot;bonded&quot;:[{&quot;host&quot;:&quot;10.7.0.66&quot;,&quot;port&quot;:2088,&quot;nic&quot;:&quot;10.7.0.65&quot;,&quot;limit&quot;:0,&quot;is_backup&quot;:0,&quot;bitrate&quot;:2915358,&quot;up_time&quot;:279,&quot;error_code&quot;:0,&quot;status_code&quot;:3,&quot;error_str&quot;:&quot;None&quot;,&quot;status_str&quot;:&quot;Connected&quot;},{&quot;host&quot;:&quot;192.168.60.66&quot;,&quot;port&quot;:2088,&quot;nic&quot;:&quot;192.168.50.65&quot;,&quot;limit&quot;:0,&quot;is_backup&quot;:0,&quot;bitrate&quot;:0,&quot;up_time&quot;:0,&quot;error_code&quot;:3,&quot;status_code&quot;:1,&quot;error_str&quot;:&quot;Timeout&quot;,&quot;status_str&quot;:&quot;Connecting&quot;},{&quot;host&quot;:&quot;192.168.5.166&quot;,&quot;port&quot;:2088,&quot;nic&quot;:&quot;192.168.5.165&quot;,&quot;limit&quot;:0,&quot;is_backup&quot;:0,&quot;bitrate&quot;:2767558,&quot;up_time&quot;:279,&quot;error_code&quot;:0,&quot;status_code&quot;:3,&quot;error_str&quot;:&quot;None&quot;,&quot;status_str&quot;:&quot;Connected&quot;}],&quot;error&quot;:&quot;None&quot;,&quot;con_stat&quot;:&quot;Disconnected&quot;,&quot;bitrate&quot;:5611812,&quot;dest&quot;:&quot;bonded/bonded9&quot;},{&quot;mip&quot;:&quot;4000.ts&quot;,&quot;port&quot;:0,&quot;ip&quot;:&quot;file&quot;,&quot;in_name&quot;:&quot;bond&quot;,&quot;in_active&quot;:1,&quot;in_active_sources&quot;:0,&quot;prg_name&quot;:&quot;&quot;,&quot;prg_prov&quot;:&quot;&quot;,&quot;prg_num&quot;:-1,&quot;chan&quot;:&quot;&quot;,&quot;chan_id&quot;:-1,&quot;id&quot;:&quot;zixi://bonded(bonded16)#10.7.0.66:2088@10.7.0.65,192.168.60.66:2088@192.168.50.65,192.168.5.166:2088@192.168.5.165&quot;,&quot;type&quot;:2,&quot;name&quot;:&quot;bond16&quot;,&quot;asi&quot;:0,&quot;rtmp&quot;:0,&quot;file&quot;:1,&quot;active&quot;:1,&quot;group&quot;:&quot;&quot;,&quot;bonded&quot;:[{&quot;host&quot;:&quot;10.7.0.66&quot;,&quot;port&quot;:2088,&quot;nic&quot;:&quot;10.7.0.65&quot;,&quot;limit&quot;:0,&quot;is_backup&quot;:0,&quot;bitrate&quot;:2914315,&quot;up_time&quot;:279,&quot;error_code&quot;:0,&quot;status_code&quot;:3,&quot;error_str&quot;:&quot;None&quot;,&quot;status_str&quot;:&quot;Connected&quot;},{&quot;host&quot;:&quot;192.168.60.66&quot;,&quot;port&quot;:2088,&quot;nic&quot;:&quot;192.168.50.65&quot;,&quot;limit&quot;:0,&quot;is_backup&quot;:0,&quot;bitrate&quot;:0,&quot;up_time&quot;:0,&quot;error_code&quot;:3,&quot;status_code&quot;:1,&quot;error_str&quot;:&quot;Timeout&quot;,&quot;status_str&quot;:&quot;Connecting&quot;},{&quot;host&quot;:&quot;192.168.5.166&quot;,&quot;port&quot;:2088,&quot;nic&quot;:&quot;192.168.5.165&quot;,&quot;limit&quot;:0,&quot;is_backup&quot;:0,&quot;bitrate&quot;:2783115,&quot;up_time&quot;:279,&quot;error_code&quot;:0,&quot;status_code&quot;:3,&quot;error_str&quot;:&quot;None&quot;,&quot;status_str&quot;:&quot;Connected&quot;}],&quot;error&quot;:&quot;None&quot;,&quot;con_stat&quot;:&quot;Disconnected&quot;,&quot;bitrate&quot;:5633182,&quot;dest&quot;:&quot;bonded/bonded16&quot;},{&quot;mip&quot;:&quot;4000.ts&quot;,&quot;port&quot;:0,&quot;ip&quot;:&quot;file&quot;,&quot;in_name&quot;:&quot;bond&quot;,&quot;in_active&quot;:1,&quot;in_active_sources&quot;:0,&quot;prg_name&quot;:&quot;&quot;,&quot;prg_prov&quot;:&quot;&quot;,&quot;prg_num&quot;:-1,&quot;chan&quot;:&quot;&quot;,&quot;chan_id&quot;:-1,&quot;id&quot;:&quot;zixi://bonded(bonded10)#10.7.0.66:2088@10.7.0.65,192.168.60.66:2088@192.168.50.65,192.168.5.166:2088@192.168.5.165&quot;,&quot;type&quot;:2,&quot;name&quot;:&quot;bond10&quot;,&quot;asi&quot;:0,&quot;rtmp&quot;:0,&quot;file&quot;:1,&quot;active&quot;:1,&quot;group&quot;:&quot;&quot;,&quot;bonded&quot;:[{&quot;host&quot;:&quot;10.7.0.66&quot;,&quot;port&quot;:2088,&quot;nic&quot;:&quot;10.7.0.65&quot;,&quot;limit&quot;:0,&quot;is_backup&quot;:0,&quot;bitrate&quot;:2885993,&quot;up_time&quot;:269,&quot;error_code&quot;:0,&quot;status_code&quot;:3,&quot;error_str&quot;:&quot;None&quot;,&quot;status_str&quot;:&quot;Connected&quot;},{&quot;host&quot;:&quot;192.168.60.66&quot;,&quot;port&quot;:2088,&quot;nic&quot;:&quot;192.168.50.65&quot;,&quot;limit&quot;:0,&quot;is_backup&quot;:0,&quot;bitrate&quot;:0,&quot;up_time&quot;:0,&quot;error_code&quot;:3,&quot;status_code&quot;:1,&quot;error_str&quot;:&quot;Timeout&quot;,&quot;status_str&quot;:&quot;Connecting&quot;},{&quot;host&quot;:&quot;192.168.5.166&quot;,&quot;port&quot;:2088,&quot;nic&quot;:&quot;192.168.5.165&quot;,&quot;limit&quot;:0,&quot;is_backup&quot;:0,&quot;bitrate&quot;:2810920,&quot;up_time&quot;:269,&quot;error_code&quot;:0,&quot;status_code&quot;:3,&quot;error_str&quot;:&quot;None&quot;,&quot;status_str&quot;:&quot;Connected&quot;}],&quot;error&quot;:&quot;None&quot;,&quot;con_stat&quot;:&quot;Disconnected&quot;,&quot;bitrate&quot;:5633350,&quot;dest&quot;:&quot;bonded/bonded10&quot;},{&quot;mip&quot;:&quot;4000.ts&quot;,&quot;port&quot;:0,&quot;ip&quot;:&quot;file&quot;,&quot;in_name&quot;:&quot;bond&quot;,&quot;in_active&quot;:1,&quot;in_active_sources&quot;:0,&quot;prg_name&quot;:&quot;&quot;,&quot;prg_prov&quot;:&quot;&quot;,&quot;prg_num&quot;:-1,&quot;chan&quot;:&quot;&quot;,&quot;chan_id&quot;:-1,&quot;id&quot;:&quot;zixi://bonded(bonded17)#10.7.0.66:2088@10.7.0.65,192.168.60.66:2088@192.168.50.65,192.168.5.166:2088@192.168.5.165&quot;,&quot;type&quot;:2,&quot;name&quot;:&quot;bond17&quot;,&quot;asi&quot;:0,&quot;rtmp&quot;:0,&quot;file&quot;:1,&quot;active&quot;:1,&quot;group&quot;:&quot;&quot;,&quot;bonded&quot;:[{&quot;host&quot;:&quot;10.7.0.66&quot;,&quot;port&quot;:2088,&quot;nic&quot;:&quot;10.7.0.65&quot;,&quot;limit&quot;:0,&quot;is_backup&quot;:0,&quot;bitrate&quot;:2894597,&quot;up_time&quot;:279,&quot;error_code&quot;:0,&quot;status_code&quot;:3,&quot;error_str&quot;:&quot;None&quot;,&quot;status_str&quot;:&quot;Connected&quot;},{&quot;host&quot;:&quot;192.168.60.66&quot;,&quot;port&quot;:2088,&quot;nic&quot;:&quot;192.168.50.65&quot;,&quot;limit&quot;:0,&quot;is_backup&quot;:0,&quot;bitrate&quot;:0,&quot;up_time&quot;:0,&quot;error_code&quot;:3,&quot;status_code&quot;:1,&quot;error_str&quot;:&quot;Timeout&quot;,&quot;status_str&quot;:&quot;Connecting&quot;},{&quot;host&quot;:&quot;192.168.5.166&quot;,&quot;port&quot;:2088,&quot;nic&quot;:&quot;192.168.5.165&quot;,&quot;limit&quot;:0,&quot;is_backup&quot;:0,&quot;bitrate&quot;:2796424,&quot;up_time&quot;:279,&quot;error_code&quot;:0,&quot;status_code&quot;:3,&quot;error_str&quot;:&quot;None&quot;,&quot;status_str&quot;:&quot;Connected&quot;}],&quot;error&quot;:&quot;None&quot;,&quot;con_stat&quot;:&quot;Disconnected&quot;,&quot;bitrate&quot;:5628184,&quot;dest&quot;:&quot;bonded/bonded17&quot;},{&quot;mip&quot;:&quot;4000.ts&quot;,&quot;port&quot;:0,&quot;ip&quot;:&quot;file&quot;,&quot;in_name&quot;:&quot;bond&quot;,&quot;in_active&quot;:1,&quot;in_active_sources&quot;:0,&quot;prg_name&quot;:&quot;&quot;,&quot;prg_prov&quot;:&quot;&quot;,&quot;prg_num&quot;:-1,&quot;chan&quot;:&quot;&quot;,&quot;chan_id&quot;:-1,&quot;id&quot;:&quot;zixi://bonded(bonded11)#10.7.0.66:2088@10.7.0.65,192.168.60.66:2088@192.168.50.65,192.168.5.166:2088@192.168.5.165&quot;,&quot;type&quot;:2,&quot;name&quot;:&quot;bond11&quot;,&quot;asi&quot;:0,&quot;rtmp&quot;:0,&quot;file&quot;:1,&quot;active&quot;:1,&quot;group&quot;:&quot;&quot;,&quot;bonded&quot;:[{&quot;host&quot;:&quot;10.7.0.66&quot;,&quot;port&quot;:2088,&quot;nic&quot;:&quot;10.7.0.65&quot;,&quot;limit&quot;:0,&quot;is_backup&quot;:0,&quot;bitrate&quot;:2834810,&quot;up_time&quot;:279,&quot;error_code&quot;:0,&quot;status_code&quot;:3,&quot;error_str&quot;:&quot;None&quot;,&quot;status_str&quot;:&quot;Connected&quot;},{&quot;host&quot;:&quot;192.168.60.66&quot;,&quot;port&quot;:2088,&quot;nic&quot;:&quot;192.168.50.65&quot;,&quot;limit&quot;:0,&quot;is_backup&quot;:0,&quot;bitrate&quot;:0,&quot;up_time&quot;:0,&quot;error_code&quot;:3,&quot;status_code&quot;:1,&quot;error_str&quot;:&quot;Timeout&quot;,&quot;status_str&quot;:&quot;Connecting&quot;},{&quot;host&quot;:&quot;192.168.5.166&quot;,&quot;port&quot;:2088,&quot;nic&quot;:&quot;192.168.5.165&quot;,&quot;limit&quot;:0,&quot;is_backup&quot;:0,&quot;bitrate&quot;:2866399,&quot;up_time&quot;:279,&quot;error_code&quot;:0,&quot;status_code&quot;:3,&quot;error_str&quot;:&quot;None&quot;,&quot;status_str&quot;:&quot;Connected&quot;}],&quot;error&quot;:&quot;None&quot;,&quot;con_stat&quot;:&quot;Disconnected&quot;,&quot;bitrate&quot;:5638224,&quot;dest&quot;:&quot;bonded/bonded11&quot;},{&quot;mip&quot;:&quot;4000.ts&quot;,&quot;port&quot;:0,&quot;ip&quot;:&quot;file&quot;,&quot;in_name&quot;:&quot;bond&quot;,&quot;in_active&quot;:1,&quot;in_active_sources&quot;:0,&quot;prg_name&quot;:&quot;&quot;,&quot;prg_prov&quot;:&quot;&quot;,&quot;prg_num&quot;:-1,&quot;chan&quot;:&quot;&quot;,&quot;chan_id&quot;:-1,&quot;id&quot;:&quot;zixi://bonded(bonded18)#10.7.0.66:2088@10.7.0.65,192.168.60.66:2088@192.168.50.65,192.168.5.166:2088@192.168.5.165&quot;,&quot;type&quot;:2,&quot;name&quot;:&quot;bond18&quot;,&quot;asi&quot;:0,&quot;rtmp&quot;:0,&quot;file&quot;:1,&quot;active&quot;:1,&quot;group&quot;:&quot;&quot;,&quot;bonded&quot;:[{&quot;host&quot;:&quot;10.7.0.66&quot;,&quot;port&quot;:2088,&quot;nic&quot;:&quot;10.7.0.65&quot;,&quot;limit&quot;:0,&quot;is_backup&quot;:0,&quot;bitrate&quot;:2873098,&quot;up_time&quot;:279,&quot;error_code&quot;:0,&quot;status_code&quot;:3,&quot;error_str&quot;:&quot;None&quot;,&quot;status_str&quot;:&quot;Connected&quot;},{&quot;host&quot;:&quot;192.168.60.66&quot;,&quot;port&quot;:2088,&quot;nic&quot;:&quot;192.168.50.65&quot;,&quot;limit&quot;:0,&quot;is_backup&quot;:0,&quot;bitrate&quot;:0,&quot;up_time&quot;:0,&quot;error_code&quot;:3,&quot;status_code&quot;:1,&quot;error_str&quot;:&quot;Timeout&quot;,&quot;status_str&quot;:&quot;Connecting&quot;},{&quot;host&quot;:&quot;192.168.5.166&quot;,&quot;port&quot;:2088,&quot;nic&quot;:&quot;192.168.5.165&quot;,&quot;limit&quot;:0,&quot;is_backup&quot;:0,&quot;bitrate&quot;:2826965,&quot;up_time&quot;:279,&quot;error_code&quot;:0,&quot;status_code&quot;:3,&quot;error_str&quot;:&quot;None&quot;,&quot;status_str&quot;:&quot;Connected&quot;}],&quot;error&quot;:&quot;None&quot;,&quot;con_stat&quot;:&quot;Disconnected&quot;,&quot;bitrate&quot;:5637112,&quot;dest&quot;:&quot;bonded/bonded18&quot;},{&quot;mip&quot;:&quot;0.0.0.0&quot;,&quot;port&quot;:4433,&quot;ip&quot;:&quot;0.0.0.0&quot;,&quot;in_name&quot;:&quot;inputudp&quot;,&quot;in_active&quot;:1,&quot;in_active_sources&quot;:0,&quot;prg_name&quot;:&quot;&quot;,&quot;prg_prov&quot;:&quot;&quot;,&quot;prg_num&quot;:-1,&quot;chan&quot;:&quot;&quot;,&quot;chan_id&quot;:-1,&quot;id&quot;:&quot;udp://10.7.0.150:5555&quot;,&quot;type&quot;:1,&quot;name&quot;:&quot;test&quot;,&quot;asi&quot;:0,&quot;rtmp&quot;:0,&quot;file&quot;:0,&quot;active&quot;:1,&quot;group&quot;:&quot;&quot;,&quot;error&quot;:&quot;&quot;,&quot;con_stat&quot;:&quot;Connected&quot;,&quot;bitrate&quot;:0,&quot;dest&quot;:&quot;10.7.0.150:5555@0.0.0.0&quot;}]}
Debug printing ------&gt;&gt;&gt; {&quot;custom_data&quot;:&quot;&quot;,&quot;msg&quot;:&quot;Output deleted.&quot;,&quot;error&quot;:&quot;&quot;,&quot;outs&quot;:[{&quot;mip&quot;:&quot;4000.ts&quot;,&quot;port&quot;:0,&quot;ip&quot;:&quot;file&quot;,&quot;in_name&quot;:&quot;bond&quot;,&quot;in_active&quot;:1,&quot;in_active_sources&quot;:0,&quot;prg_name&quot;:&quot;&quot;,&quot;prg_prov&quot;:&quot;&quot;,&quot;prg_num&quot;:-1,&quot;chan&quot;:&quot;&quot;,&quot;chan_id&quot;:-1,&quot;id&quot;:&quot;zixi://bonded(bonded0)#10.7.0.66:2088@10.7.0.65,192.168.60.66:2088@192.168.50.65,192.168.5.166:2088@192.168.5.165&quot;,&quot;type&quot;:2,&quot;name&quot;:&quot;bond0&quot;,&quot;asi&quot;:0,&quot;rtmp&quot;:0,&quot;file&quot;:1,&quot;active&quot;:1,&quot;group&quot;:&quot;&quot;,&quot;bonded&quot;:[{&quot;host&quot;:&quot;10.7.0.66&quot;,&quot;port&quot;:2088,&quot;nic&quot;:&quot;10.7.0.65&quot;,&quot;limit&quot;:0,&quot;is_backup&quot;:0,&quot;bitrate&quot;:0,&quot;up_time&quot;:2,&quot;error_code&quot;:0,&quot;status_code&quot;:3,&quot;error_str&quot;:&quot;None&quot;,&quot;status_str&quot;:&quot;Connected&quot;},{&quot;host&quot;:&quot;192.168.60.66&quot;,&quot;port&quot;:2088,&quot;nic&quot;:&quot;192.168.50.65&quot;,&quot;limit&quot;:0,&quot;is_backup&quot;:0,&quot;bitrate&quot;:0,&quot;up_time&quot;:0,&quot;error_code&quot;:0,&quot;status_code&quot;:1,&quot;error_str&quot;:&quot;None&quot;,&quot;status_str&quot;:&quot;Connecting&quot;},{&quot;host&quot;:&quot;192.168.5.166&quot;,&quot;port&quot;:2088,&quot;nic&quot;:&quot;192.168.5.165&quot;,&quot;limit&quot;:0,&quot;is_backup&quot;:0,&quot;bitrate&quot;:0,&quot;up_time&quot;:0,&quot;error_code&quot;:0,&quot;status_code&quot;:1,&quot;error_str&quot;:&quot;None&quot;,&quot;status_str&quot;:&quot;Connecting&quot;}],&quot;error&quot;:&quot;None&quot;,&quot;con_stat&quot;:&quot;Disconnected&quot;,&quot;bitrate&quot;:0,&quot;dest&quot;:&quot;bonded/bonded0&quot;},{&quot;mip&quot;:&quot;4000.ts&quot;,&quot;port&quot;:0,&quot;ip&quot;:&quot;file&quot;,&quot;in_name&quot;:&quot;bond&quot;,&quot;in_active&quot;:1,&quot;in_active_sources&quot;:0,&quot;prg_name&quot;:&quot;&quot;,&quot;prg_prov&quot;:&quot;&quot;,&quot;prg_num&quot;:-1,&quot;chan&quot;:&quot;&quot;,&quot;chan_id&quot;:-1,&quot;id&quot;:&quot;zixi://bonded(bonded1)#10.7.0.66:2088@10.7.0.65,192.168.60.66:2088@192.168.50.65,192.168.5.166:2088@192.168.5.165&quot;,&quot;type&quot;:2,&quot;name&quot;:&quot;bond1&quot;,&quot;asi&quot;:0,&quot;rtmp&quot;:0,&quot;file&quot;:1,&quot;active&quot;:1,&quot;group&quot;:&quot;&quot;,&quot;bonded&quot;:[{&quot;host&quot;:&quot;10.7.0.66&quot;,&quot;port&quot;:2088,&quot;nic&quot;:&quot;10.7.0.65&quot;,&quot;limit&quot;:0,&quot;is_backup&quot;:0,&quot;bitrate&quot;:2905354,&quot;up_time&quot;:24,&quot;error_code&quot;:0,&quot;status_code&quot;:3,&quot;error_str&quot;:&quot;None&quot;,&quot;status_str&quot;:&quot;Connected&quot;},{&quot;host&quot;:&quot;192.168.60.66&quot;,&quot;port&quot;:2088,&quot;nic&quot;:&quot;192.168.50.65&quot;,&quot;limit&quot;:0,&quot;is_backup&quot;:0,&quot;bitrate&quot;:0,&quot;up_time&quot;:0,&quot;error_code&quot;:3,&quot;status_code&quot;:1,&quot;error_str&quot;:&quot;Timeout&quot;,&quot;status_str&quot;:&quot;Connecting&quot;},{&quot;host&quot;:&quot;192.168.5.166&quot;,&quot;port&quot;:2088,&quot;nic&quot;:&quot;192.168.5.165&quot;,&quot;limit&quot;:0,&quot;is_backup&quot;:0,&quot;bitrate&quot;:2807502,&quot;up_time&quot;:23,&quot;error_code&quot;:0,&quot;status_code&quot;:3,&quot;error_str&quot;:&quot;None&quot;,&quot;status_str&quot;:&quot;Connected&quot;}],&quot;error&quot;:&quot;None&quot;,&quot;con_stat&quot;:&quot;Disconnected&quot;,&quot;bitrate&quot;:5641334,&quot;dest&quot;:&quot;bonded/bonded1&quot;},{&quot;mip&quot;:&quot;4000.ts&quot;,&quot;port&quot;:0,&quot;ip&quot;:&quot;file&quot;,&quot;in_name&quot;:&quot;bond&quot;,&quot;in_active&quot;:1,&quot;in_active_sources&quot;:0,&quot;prg_name&quot;:&quot;&quot;,&quot;prg_prov&quot;:&quot;&quot;,&quot;prg_num&quot;:-1,&quot;chan&quot;:&quot;&quot;,&quot;chan_id&quot;:-1,&quot;id&quot;:&quot;zixi://bonded(bonded2)#10.7.0.66:2088@10.7.0.65,192.168.60.66:2088@192.168.50.65,192.168.5.166:2088@192.168.5.165&quot;,&quot;type&quot;:2,&quot;name&quot;:&quot;bond2&quot;,&quot;asi&quot;:0,&quot;rtmp&quot;:0,&quot;file&quot;:1,&quot;active&quot;:1,&quot;group&quot;:&quot;&quot;,&quot;bonded&quot;:[{&quot;host&quot;:&quot;10.7.0.66&quot;,&quot;port&quot;:2088,&quot;nic&quot;:&quot;10.7.0.65&quot;,&quot;limit&quot;:0,&quot;is_backup&quot;:0,&quot;bitrate&quot;:2902263,&quot;up_time&quot;:279,&quot;error_code&quot;:0,&quot;status_code&quot;:3,&quot;error_str&quot;:&quot;None&quot;,&quot;status_str&quot;:&quot;Connected&quot;},{&quot;host&quot;:&quot;192.168.60.66&quot;,&quot;port&quot;:2088,&quot;nic&quot;:&quot;192.168.50.65&quot;,&quot;limit&quot;:0,&quot;is_backup&quot;:0,&quot;bitrate&quot;:0,&quot;up_time&quot;:0,&quot;error_code&quot;:3,&quot;status_code&quot;:1,&quot;error_str&quot;:&quot;Timeout&quot;,&quot;status_str&quot;:&quot;Connecting&quot;},{&quot;host&quot;:&quot;192.168.5.166&quot;,&quot;port&quot;:2088,&quot;nic&quot;:&quot;192.168.5.165&quot;,&quot;limit&quot;:0,&quot;is_backup&quot;:0,&quot;bitrate&quot;:2805797,&quot;up_time&quot;:128,&quot;error_code&quot;:0,&quot;status_code&quot;:3,&quot;error_str&quot;:&quot;None&quot;,&quot;status_str&quot;:&quot;Connected&quot;}],&quot;error&quot;:&quot;None&quot;,&quot;con_stat&quot;:&quot;Disconnected&quot;,&quot;bitrate&quot;:5633558,&quot;dest&quot;:&quot;bonded/bonded2&quot;},{&quot;mip&quot;:&quot;4000.ts&quot;,&quot;port&quot;:0,&quot;ip&quot;:&quot;file&quot;,&quot;in_name&quot;:&quot;bond&quot;,&quot;in_active&quot;:1,&quot;in_active_sources&quot;:0,&quot;prg_name&quot;:&quot;&quot;,&quot;prg_prov&quot;:&quot;&quot;,&quot;prg_num&quot;:-1,&quot;chan&quot;:&quot;&quot;,&quot;chan_id&quot;:-1,&quot;id&quot;:&quot;zixi://bonded(bonded3)#10.7.0.66:2088@10.7.0.65,192.168.60.66:2088@192.168.50.65,192.168.5.166:2088@192.168.5.165&quot;,&quot;type&quot;:2,&quot;name&quot;:&quot;bond3&quot;,&quot;asi&quot;:0,&quot;rtmp&quot;:0,&quot;file&quot;:1,&quot;active&quot;:1,&quot;group&quot;:&quot;&quot;,&quot;bonded&quot;:[{&quot;host&quot;:&quot;10.7.0.66&quot;,&quot;port&quot;:2088,&quot;nic&quot;:&quot;10.7.0.65&quot;,&quot;limit&quot;:0,&quot;is_backup&quot;:0,&quot;bitrate&quot;:2877231,&quot;up_time&quot;:279,&quot;error_code&quot;:0,&quot;status_code&quot;:3,&quot;error_str&quot;:&quot;None&quot;,&quot;status_str&quot;:&quot;Connected&quot;},{&quot;host&quot;:&quot;192.168.60.66&quot;,&quot;port&quot;:2088,&quot;nic&quot;:&quot;192.168.50.65&quot;,&quot;limit&quot;:0,&quot;is_backup&quot;:0,&quot;bitrate&quot;:0,&quot;up_time&quot;:0,&quot;error_code&quot;:3,&quot;status_code&quot;:1,&quot;error_str&quot;:&quot;Timeout&quot;,&quot;status_str&quot;:&quot;Connecting&quot;},{&quot;host&quot;:&quot;192.168.5.166&quot;,&quot;port&quot;:2088,&quot;nic&quot;:&quot;192.168.5.165&quot;,&quot;limit&quot;:0,&quot;is_backup&quot;:0,&quot;bitrate&quot;:2829737,&quot;up_time&quot;:279,&quot;error_code&quot;:0,&quot;status_code&quot;:3,&quot;error_str&quot;:&quot;None&quot;,&quot;status_str&quot;:&quot;Connected&quot;}],&quot;error&quot;:&quot;None&quot;,&quot;con_stat&quot;:&quot;Disconnected&quot;,&quot;bitrate&quot;:5632663,&quot;dest&quot;:&quot;bonded/bonded3&quot;},{&quot;mip&quot;:&quot;4000.ts&quot;,&quot;port&quot;:0,&quot;ip&quot;:&quot;file&quot;,&quot;in_name&quot;:&quot;bond&quot;,&quot;in_active&quot;:1,&quot;in_active_sources&quot;:0,&quot;prg_name&quot;:&quot;&quot;,&quot;prg_prov&quot;:&quot;&quot;,&quot;prg_num&quot;:-1,&quot;chan&quot;:&quot;&quot;,&quot;chan_id&quot;:-1,&quot;id&quot;:&quot;zixi://bonded(bonded4)#10.7.0.66:2088@10.7.0.65,192.168.60.66:2088@192.168.50.65,192.168.5.166:2088@192.168.5.165&quot;,&quot;type&quot;:2,&quot;name&quot;:&quot;bond4&quot;,&quot;asi&quot;:0,&quot;rtmp&quot;:0,&quot;file&quot;:1,&quot;active&quot;:1,&quot;group&quot;:&quot;&quot;,&quot;bonded&quot;:[{&quot;host&quot;:&quot;10.7.0.66&quot;,&quot;port&quot;:2088,&quot;nic&quot;:&quot;10.7.0.65&quot;,&quot;limit&quot;:0,&quot;is_backup&quot;:0,&quot;bitrate&quot;:2819297,&quot;up_time&quot;:279,&quot;error_code&quot;:0,&quot;status_code&quot;:3,&quot;error_str&quot;:&quot;None&quot;,&quot;status_str&quot;:&quot;Connected&quot;},{&quot;host&quot;:&quot;192.168.60.66&quot;,&quot;port&quot;:2088,&quot;nic&quot;:&quot;192.168.50.65&quot;,&quot;limit&quot;:0,&quot;is_backup&quot;:0,&quot;bitrate&quot;:0,&quot;up_time&quot;:0,&quot;error_code&quot;:3,&quot;status_code&quot;:1,&quot;error_str&quot;:&quot;Timeout&quot;,&quot;status_str&quot;:&quot;Connecting&quot;},{&quot;host&quot;:&quot;192.168.5.166&quot;,&quot;port&quot;:2088,&quot;nic&quot;:&quot;192.168.5.165&quot;,&quot;limit&quot;:0,&quot;is_backup&quot;:0,&quot;bitrate&quot;:2871493,&quot;up_time&quot;:279,&quot;error_code&quot;:0,&quot;status_code&quot;:3,&quot;error_str&quot;:&quot;None&quot;,&quot;status_str&quot;:&quot;Connected&quot;}],&quot;error&quot;:&quot;None&quot;,&quot;con_stat&quot;:&quot;Disconnected&quot;,&quot;bitrate&quot;:5626912,&quot;dest&quot;:&quot;bonded/bonded4&quot;},{&quot;mip&quot;:&quot;4000.ts&quot;,&quot;port&quot;:0,&quot;ip&quot;:&quot;file&quot;,&quot;in_name&quot;:&quot;bond&quot;,&quot;in_active&quot;:1,&quot;in_active_sources&quot;:0,&quot;prg_name&quot;:&quot;&quot;,&quot;prg_prov&quot;:&quot;&quot;,&quot;prg_num&quot;:-1,&quot;chan&quot;:&quot;&quot;,&quot;chan_id&quot;:-1,&quot;id&quot;:&quot;zixi://bonded(bonded5)#10.7.0.66:2088@10.7.0.65,192.168.60.66:2088@192.168.50.65,192.168.5.166:2088@192.168.5.165&quot;,&quot;type&quot;:2,&quot;name&quot;:&quot;bond5&quot;,&quot;asi&quot;:0,&quot;rtmp&quot;:0,&quot;file&quot;:1,&quot;active&quot;:1,&quot;group&quot;:&quot;&quot;,&quot;bonded&quot;:[{&quot;host&quot;:&quot;10.7.0.66&quot;,&quot;port&quot;:2088,&quot;nic&quot;:&quot;10.7.0.65&quot;,&quot;limit&quot;:0,&quot;is_backup&quot;:0,&quot;bitrate&quot;:2938808,&quot;up_time&quot;:279,&quot;error_code&quot;:0,&quot;status_code&quot;:3,&quot;error_str&quot;:&quot;None&quot;,&quot;status_str&quot;:&quot;Connected&quot;},{&quot;host&quot;:&quot;192.168.60.66&quot;,&quot;port&quot;:2088,&quot;nic&quot;:&quot;192.168.50.65&quot;,&quot;limit&quot;:0,&quot;is_backup&quot;:0,&quot;bitrate&quot;:0,&quot;up_time&quot;:0,&quot;error_code&quot;:3,&quot;status_code&quot;:1,&quot;error_str&quot;:&quot;Timeout&quot;,&quot;status_str&quot;:&quot;Connecting&quot;},{&quot;host&quot;:&quot;192.168.5.166&quot;,&quot;port&quot;:2088,&quot;nic&quot;:&quot;192.168.5.165&quot;,&quot;limit&quot;:0,&quot;is_backup&quot;:0,&quot;bitrate&quot;:2762290,&quot;up_time&quot;:279,&quot;error_code&quot;:0,&quot;status_code&quot;:3,&quot;error_str&quot;:&quot;None&quot;,&quot;status_str&quot;:&quot;Connected&quot;}],&quot;error&quot;:&quot;None&quot;,&quot;con_stat&quot;:&quot;Disconnected&quot;,&quot;bitrate&quot;:5637968,&quot;dest&quot;:&quot;bonded/bonded5&quot;},{&quot;mip&quot;:&quot;4000.ts&quot;,&quot;port&quot;:0,&quot;ip&quot;:&quot;file&quot;,&quot;in_name&quot;:&quot;bond&quot;,&quot;in_active&quot;:1,&quot;in_active_sources&quot;:0,&quot;prg_name&quot;:&quot;&quot;,&quot;prg_prov&quot;:&quot;&quot;,&quot;prg_num&quot;:-1,&quot;chan&quot;:&quot;&quot;,&quot;chan_id&quot;:-1,&quot;id&quot;:&quot;zixi://bonded(bonded6)#10.7.0.66:2088@10.7.0.65,192.168.60.66:2088@192.168.50.65,192.168.5.166:2088@192.168.5.165&quot;,&quot;type&quot;:2,&quot;name&quot;:&quot;bond6&quot;,&quot;asi&quot;:0,&quot;rtmp&quot;:0,&quot;file&quot;:1,&quot;active&quot;:1,&quot;group&quot;:&quot;&quot;,&quot;bonded&quot;:[],&quot;error&quot;:&quot;Timeout&quot;,&quot;con_stat&quot;:&quot;Connecting&quot;,&quot;bitrate&quot;:0,&quot;dest&quot;:&quot;bonded/bonded6&quot;},{&quot;mip&quot;:&quot;4000.ts&quot;,&quot;port&quot;:0,&quot;ip&quot;:&quot;file&quot;,&quot;in_name&quot;:&quot;bond&quot;,&quot;in_active&quot;:1,&quot;in_active_sources&quot;:0,&quot;prg_name&quot;:&quot;&quot;,&quot;prg_prov&quot;:&quot;&quot;,&quot;prg_num&quot;:-1,&quot;chan&quot;:&quot;&quot;,&quot;chan_id&quot;:-1,&quot;id&quot;:&quot;zixi://bonded(bonded12)#10.7.0.66:2088@10.7.0.65,192.168.60.66:2088@192.168.50.65,192.168.5.166:2088@192.168.5.165&quot;,&quot;type&quot;:2,&quot;name&quot;:&quot;bond12&quot;,&quot;asi&quot;:0,&quot;rtmp&quot;:0,&quot;file&quot;:1,&quot;active&quot;:1,&quot;group&quot;:&quot;&quot;,&quot;bonded&quot;:[{&quot;host&quot;:&quot;10.7.0.66&quot;,&quot;port&quot;:2088,&quot;nic&quot;:&quot;10.7.0.65&quot;,&quot;limit&quot;:0,&quot;is_backup&quot;:0,&quot;bitrate&quot;:2817053,&quot;up_time&quot;:279,&quot;error_code&quot;:0,&quot;status_code&quot;:3,&quot;error_str&quot;:&quot;None&quot;,&quot;status_str&quot;:&quot;Connected&quot;},{&quot;host&quot;:&quot;192.168.60.66&quot;,&quot;port&quot;:2088,&quot;nic&quot;:&quot;192.168.50.65&quot;,&quot;limit&quot;:0,&quot;is_backup&quot;:0,&quot;bitrate&quot;:0,&quot;up_time&quot;:0,&quot;error_code&quot;:3,&quot;status_code&quot;:1,&quot;error_str&quot;:&quot;Timeout&quot;,&quot;status_str&quot;:&quot;Connecting&quot;},{&quot;host&quot;:&quot;192.168.5.166&quot;,&quot;port&quot;:2088,&quot;nic&quot;:&quot;192.168.5.165&quot;,&quot;limit&quot;:0,&quot;is_backup&quot;:0,&quot;bitrate&quot;:2881931,&quot;up_time&quot;:279,&quot;error_code&quot;:0,&quot;status_code&quot;:3,&quot;error_str&quot;:&quot;None&quot;,&quot;status_str&quot;:&quot;Connected&quot;}],&quot;error&quot;:&quot;None&quot;,&quot;con_stat&quot;:&quot;Disconnected&quot;,&quot;bitrate&quot;:5637880,&quot;dest&quot;:&quot;bonded/bonded12&quot;},{&quot;mip&quot;:&quot;4000.ts&quot;,&quot;port&quot;:0,&quot;ip&quot;:&quot;file&quot;,&quot;in_name&quot;:&quot;bond&quot;,&quot;in_active&quot;:1,&quot;in_active_sources&quot;:0,&quot;prg_name&quot;:&quot;&quot;,&quot;prg_prov&quot;:&quot;&quot;,&quot;prg_num&quot;:-1,&quot;chan&quot;:&quot;&quot;,&quot;chan_id&quot;:-1,&quot;id&quot;:&quot;zixi://bonded(bonded7)#10.7.0.66:2088@10.7.0.65,192.168.60.66:2088@192.168.50.65,192.168.5.166:2088@192.168.5.165&quot;,&quot;type&quot;:2,&quot;name&quot;:&quot;bond7&quot;,&quot;asi&quot;:0,&quot;rtmp&quot;:0,&quot;file&quot;:1,&quot;active&quot;:1,&quot;group&quot;:&quot;&quot;,&quot;bonded&quot;:[{&quot;host&quot;:&quot;10.7.0.66&quot;,&quot;port&quot;:2088,&quot;nic&quot;:&quot;10.7.0.65&quot;,&quot;limit&quot;:0,&quot;is_backup&quot;:0,&quot;bitrate&quot;:2806317,&quot;up_time&quot;:279,&quot;error_code&quot;:0,&quot;status_code&quot;:3,&quot;error_str&quot;:&quot;None&quot;,&quot;status_str&quot;:&quot;Connected&quot;},{&quot;host&quot;:&quot;192.168.60.66&quot;,&quot;port&quot;:2088,&quot;nic&quot;:&quot;192.168.50.65&quot;,&quot;limit&quot;:0,&quot;is_backup&quot;:0,&quot;bitrate&quot;:0,&quot;up_time&quot;:0,&quot;error_code&quot;:3,&quot;status_code&quot;:1,&quot;error_str&quot;:&quot;Timeout&quot;,&quot;status_str&quot;:&quot;Connecting&quot;},{&quot;host&quot;:&quot;192.168.5.166&quot;,&quot;port&quot;:2088,&quot;nic&quot;:&quot;192.168.5.165&quot;,&quot;limit&quot;:0,&quot;is_backup&quot;:0,&quot;bitrate&quot;:2893675,&quot;up_time&quot;:279,&quot;error_code&quot;:0,&quot;status_code&quot;:3,&quot;error_str&quot;:&quot;None&quot;,&quot;status_str&quot;:&quot;Connected&quot;}],&quot;error&quot;:&quot;None&quot;,&quot;con_stat&quot;:&quot;Disconnected&quot;,&quot;bitrate&quot;:5636528,&quot;dest&quot;:&quot;bonded/bonded7&quot;},{&quot;mip&quot;:&quot;4000.ts&quot;,&quot;port&quot;:0,&quot;ip&quot;:&quot;file&quot;,&quot;in_name&quot;:&quot;bond&quot;,&quot;in_active&quot;:1,&quot;in_active_sources&quot;:0,&quot;prg_name&quot;:&quot;&quot;,&quot;prg_prov&quot;:&quot;&quot;,&quot;prg_num&quot;:-1,&quot;chan&quot;:&quot;&quot;,&quot;chan_id&quot;:-1,&quot;id&quot;:&quot;zixi://bonded(bonded13)#10.7.0.66:2088@10.7.0.65,192.168.60.66:2088@192.168.50.65,192.168.5.166:2088@192.168.5.165&quot;,&quot;type&quot;:2,&quot;name&quot;:&quot;bond13&quot;,&quot;asi&quot;:0,&quot;rtmp&quot;:0,&quot;file&quot;:1,&quot;active&quot;:1,&quot;group&quot;:&quot;&quot;,&quot;bonded&quot;:[{&quot;host&quot;:&quot;10.7.0.66&quot;,&quot;port&quot;:2088,&quot;nic&quot;:&quot;10.7.0.65&quot;,&quot;limit&quot;:0,&quot;is_backup&quot;:0,&quot;bitrate&quot;:2847863,&quot;up_time&quot;:279,&quot;error_code&quot;:0,&quot;status_code&quot;:3,&quot;error_str&quot;:&quot;None&quot;,&quot;status_str&quot;:&quot;Connected&quot;},{&quot;host&quot;:&quot;192.168.60.66&quot;,&quot;port&quot;:2088,&quot;nic&quot;:&quot;192.168.50.65&quot;,&quot;limit&quot;:0,&quot;is_backup&quot;:0,&quot;bitrate&quot;:0,&quot;up_time&quot;:0,&quot;error_code&quot;:3,&quot;status_code&quot;:1,&quot;error_str&quot;:&quot;Timeout&quot;,&quot;status_str&quot;:&quot;Connecting&quot;},{&quot;host&quot;:&quot;192.168.5.166&quot;,&quot;port&quot;:2088,&quot;nic&quot;:&quot;192.168.5.165&quot;,&quot;limit&quot;:0,&quot;is_backup&quot;:0,&quot;bitrate&quot;:2834168,&quot;up_time&quot;:279,&quot;error_code&quot;:0,&quot;status_code&quot;:3,&quot;error_str&quot;:&quot;None&quot;,&quot;status_str&quot;:&quot;Connected&quot;}],&quot;error&quot;:&quot;None&quot;,&quot;con_stat&quot;:&quot;Disconnected&quot;,&quot;bitrate&quot;:5616488,&quot;dest&quot;:&quot;bonded/bonded13&quot;},{&quot;mip&quot;:&quot;4000.ts&quot;,&quot;port&quot;:0,&quot;ip&quot;:&quot;file&quot;,&quot;in_name&quot;:&quot;bond&quot;,&quot;in_active&quot;:1,&quot;in_active_sources&quot;:0,&quot;prg_name&quot;:&quot;&quot;,&quot;prg_prov&quot;:&quot;&quot;,&quot;prg_num&quot;:-1,&quot;chan&quot;:&quot;&quot;,&quot;chan_id&quot;:-1,&quot;id&quot;:&quot;zixi://bonded(bonded9)#10.7.0.66:2088@10.7.0.65,192.168.60.66:2088@192.168.50.65,192.168.5.166:2088@192.168.5.165&quot;,&quot;type&quot;:2,&quot;name&quot;:&quot;bond9&quot;,&quot;asi&quot;:0,&quot;rtmp&quot;:0,&quot;file&quot;:1,&quot;active&quot;:1,&quot;group&quot;:&quot;&quot;,&quot;bonded&quot;:[{&quot;host&quot;:&quot;10.7.0.66&quot;,&quot;port&quot;:2088,&quot;nic&quot;:&quot;10.7.0.65&quot;,&quot;limit&quot;:0,&quot;is_backup&quot;:0,&quot;bitrate&quot;:2915358,&quot;up_time&quot;:279,&quot;error_code&quot;:0,&quot;status_code&quot;:3,&quot;error_str&quot;:&quot;None&quot;,&quot;status_str&quot;:&quot;Connected&quot;},{&quot;host&quot;:&quot;192.168.60.66&quot;,&quot;port&quot;:2088,&quot;nic&quot;:&quot;192.168.50.65&quot;,&quot;limit&quot;:0,&quot;is_backup&quot;:0,&quot;bitrate&quot;:0,&quot;up_time&quot;:0,&quot;error_code&quot;:3,&quot;status_code&quot;:1,&quot;error_str&quot;:&quot;Timeout&quot;,&quot;status_str&quot;:&quot;Connecting&quot;},{&quot;host&quot;:&quot;192.168.5.166&quot;,&quot;port&quot;:2088,&quot;nic&quot;:&quot;192.168.5.165&quot;,&quot;limit&quot;:0,&quot;is_backup&quot;:0,&quot;bitrate&quot;:2767558,&quot;up_time&quot;:279,&quot;error_code&quot;:0,&quot;status_code&quot;:3,&quot;error_str&quot;:&quot;None&quot;,&quot;status_str&quot;:&quot;Connected&quot;}],&quot;error&quot;:&quot;None&quot;,&quot;con_stat&quot;:&quot;Disconnected&quot;,&quot;bitrate&quot;:5611812,&quot;dest&quot;:&quot;bonded/bonded9&quot;},{&quot;mip&quot;:&quot;4000.ts&quot;,&quot;port&quot;:0,&quot;ip&quot;:&quot;file&quot;,&quot;in_name&quot;:&quot;bond&quot;,&quot;in_active&quot;:1,&quot;in_active_sources&quot;:0,&quot;prg_name&quot;:&quot;&quot;,&quot;prg_prov&quot;:&quot;&quot;,&quot;prg_num&quot;:-1,&quot;chan&quot;:&quot;&quot;,&quot;chan_id&quot;:-1,&quot;id&quot;:&quot;zixi://bonded(bonded16)#10.7.0.66:2088@10.7.0.65,192.168.60.66:2088@192.168.50.65,192.168.5.166:2088@192.168.5.165&quot;,&quot;type&quot;:2,&quot;name&quot;:&quot;bond16&quot;,&quot;asi&quot;:0,&quot;rtmp&quot;:0,&quot;file&quot;:1,&quot;active&quot;:1,&quot;group&quot;:&quot;&quot;,&quot;bonded&quot;:[{&quot;host&quot;:&quot;10.7.0.66&quot;,&quot;port&quot;:2088,&quot;nic&quot;:&quot;10.7.0.65&quot;,&quot;limit&quot;:0,&quot;is_backup&quot;:0,&quot;bitrate&quot;:2914315,&quot;up_time&quot;:279,&quot;error_code&quot;:0,&quot;status_code&quot;:3,&quot;error_str&quot;:&quot;None&quot;,&quot;status_str&quot;:&quot;Connected&quot;},{&quot;host&quot;:&quot;192.168.60.66&quot;,&quot;port&quot;:2088,&quot;nic&quot;:&quot;192.168.50.65&quot;,&quot;limit&quot;:0,&quot;is_backup&quot;:0,&quot;bitrate&quot;:0,&quot;up_time&quot;:0,&quot;error_code&quot;:3,&quot;status_code&quot;:1,&quot;error_str&quot;:&quot;Timeout&quot;,&quot;status_str&quot;:&quot;Connecting&quot;},{&quot;host&quot;:&quot;192.168.5.166&quot;,&quot;port&quot;:2088,&quot;nic&quot;:&quot;192.168.5.165&quot;,&quot;limit&quot;:0,&quot;is_backup&quot;:0,&quot;bitrate&quot;:2783115,&quot;up_time&quot;:279,&quot;error_code&quot;:0,&quot;status_code&quot;:3,&quot;error_str&quot;:&quot;None&quot;,&quot;status_str&quot;:&quot;Connected&quot;}],&quot;error&quot;:&quot;None&quot;,&quot;con_stat&quot;:&quot;Disconnected&quot;,&quot;bitrate&quot;:5633182,&quot;dest&quot;:&quot;bonded/bonded16&quot;},{&quot;mip&quot;:&quot;4000.ts&quot;,&quot;port&quot;:0,&quot;ip&quot;:&quot;file&quot;,&quot;in_name&quot;:&quot;bond&quot;,&quot;in_active&quot;:1,&quot;in_active_sources&quot;:0,&quot;prg_name&quot;:&quot;&quot;,&quot;prg_prov&quot;:&quot;&quot;,&quot;prg_num&quot;:-1,&quot;chan&quot;:&quot;&quot;,&quot;chan_id&quot;:-1,&quot;id&quot;:&quot;zixi://bonded(bonded10)#10.7.0.66:2088@10.7.0.65,192.168.60.66:2088@192.168.50.65,192.168.5.166:2088@192.168.5.165&quot;,&quot;type&quot;:2,&quot;name&quot;:&quot;bond10&quot;,&quot;asi&quot;:0,&quot;rtmp&quot;:0,&quot;file&quot;:1,&quot;active&quot;:1,&quot;group&quot;:&quot;&quot;,&quot;bonded&quot;:[{&quot;host&quot;:&quot;10.7.0.66&quot;,&quot;port&quot;:2088,&quot;nic&quot;:&quot;10.7.0.65&quot;,&quot;limit&quot;:0,&quot;is_backup&quot;:0,&quot;bitrate&quot;:2885993,&quot;up_time&quot;:269,&quot;error_code&quot;:0,&quot;status_code&quot;:3,&quot;error_str&quot;:&quot;None&quot;,&quot;status_str&quot;:&quot;Connected&quot;},{&quot;host&quot;:&quot;192.168.60.66&quot;,&quot;port&quot;:2088,&quot;nic&quot;:&quot;192.168.50.65&quot;,&quot;limit&quot;:0,&quot;is_backup&quot;:0,&quot;bitrate&quot;:0,&quot;up_time&quot;:0,&quot;error_code&quot;:3,&quot;status_code&quot;:1,&quot;error_str&quot;:&quot;Timeout&quot;,&quot;status_str&quot;:&quot;Connecting&quot;},{&quot;host&quot;:&quot;192.168.5.166&quot;,&quot;port&quot;:2088,&quot;nic&quot;:&quot;192.168.5.165&quot;,&quot;limit&quot;:0,&quot;is_backup&quot;:0,&quot;bitrate&quot;:2810920,&quot;up_time&quot;:269,&quot;error_code&quot;:0,&quot;status_code&quot;:3,&quot;error_str&quot;:&quot;None&quot;,&quot;status_str&quot;:&quot;Connected&quot;}],&quot;error&quot;:&quot;None&quot;,&quot;con_stat&quot;:&quot;Disconnected&quot;,&quot;bitrate&quot;:5633350,&quot;dest&quot;:&quot;bonded/bonded10&quot;},{&quot;mip&quot;:&quot;4000.ts&quot;,&quot;port&quot;:0,&quot;ip&quot;:&quot;file&quot;,&quot;in_name&quot;:&quot;bond&quot;,&quot;in_active&quot;:1,&quot;in_active_sources&quot;:0,&quot;prg_name&quot;:&quot;&quot;,&quot;prg_prov&quot;:&quot;&quot;,&quot;prg_num&quot;:-1,&quot;chan&quot;:&quot;&quot;,&quot;chan_id&quot;:-1,&quot;id&quot;:&quot;zixi://bonded(bonded17)#10.7.0.66:2088@10.7.0.65,192.168.60.66:2088@192.168.50.65,192.168.5.166:2088@192.168.5.165&quot;,&quot;type&quot;:2,&quot;name&quot;:&quot;bond17&quot;,&quot;asi&quot;:0,&quot;rtmp&quot;:0,&quot;file&quot;:1,&quot;active&quot;:1,&quot;group&quot;:&quot;&quot;,&quot;bonded&quot;:[{&quot;host&quot;:&quot;10.7.0.66&quot;,&quot;port&quot;:2088,&quot;nic&quot;:&quot;10.7.0.65&quot;,&quot;limit&quot;:0,&quot;is_backup&quot;:0,&quot;bitrate&quot;:2894597,&quot;up_time&quot;:279,&quot;error_code&quot;:0,&quot;status_code&quot;:3,&quot;error_str&quot;:&quot;None&quot;,&quot;status_str&quot;:&quot;Connected&quot;},{&quot;host&quot;:&quot;192.168.60.66&quot;,&quot;port&quot;:2088,&quot;nic&quot;:&quot;192.168.50.65&quot;,&quot;limit&quot;:0,&quot;is_backup&quot;:0,&quot;bitrate&quot;:0,&quot;up_time&quot;:0,&quot;error_code&quot;:3,&quot;status_code&quot;:1,&quot;error_str&quot;:&quot;Timeout&quot;,&quot;status_str&quot;:&quot;Connecting&quot;},{&quot;host&quot;:&quot;192.168.5.166&quot;,&quot;port&quot;:2088,&quot;nic&quot;:&quot;192.168.5.165&quot;,&quot;limit&quot;:0,&quot;is_backup&quot;:0,&quot;bitrate&quot;:2796424,&quot;up_time&quot;:279,&quot;error_code&quot;:0,&quot;status_code&quot;:3,&quot;error_str&quot;:&quot;None&quot;,&quot;status_str&quot;:&quot;Connected&quot;}],&quot;error&quot;:&quot;None&quot;,&quot;con_stat&quot;:&quot;Disconnected&quot;,&quot;bitrate&quot;:5628184,&quot;dest&quot;:&quot;bonded/bonded17&quot;},{&quot;mip&quot;:&quot;4000.ts&quot;,&quot;port&quot;:0,&quot;ip&quot;:&quot;file&quot;,&quot;in_name&quot;:&quot;bond&quot;,&quot;in_active&quot;:1,&quot;in_active_sources&quot;:0,&quot;prg_name&quot;:&quot;&quot;,&quot;prg_prov&quot;:&quot;&quot;,&quot;prg_num&quot;:-1,&quot;chan&quot;:&quot;&quot;,&quot;chan_id&quot;:-1,&quot;id&quot;:&quot;zixi://bonded(bonded11)#10.7.0.66:2088@10.7.0.65,192.168.60.66:2088@192.168.50.65,192.168.5.166:2088@192.168.5.165&quot;,&quot;type&quot;:2,&quot;name&quot;:&quot;bond11&quot;,&quot;asi&quot;:0,&quot;rtmp&quot;:0,&quot;file&quot;:1,&quot;active&quot;:1,&quot;group&quot;:&quot;&quot;,&quot;bonded&quot;:[{&quot;host&quot;:&quot;10.7.0.66&quot;,&quot;port&quot;:2088,&quot;nic&quot;:&quot;10.7.0.65&quot;,&quot;limit&quot;:0,&quot;is_backup&quot;:0,&quot;bitrate&quot;:2834810,&quot;up_time&quot;:279,&quot;error_code&quot;:0,&quot;status_code&quot;:3,&quot;error_str&quot;:&quot;None&quot;,&quot;status_str&quot;:&quot;Connected&quot;},{&quot;host&quot;:&quot;192.168.60.66&quot;,&quot;port&quot;:2088,&quot;nic&quot;:&quot;192.168.50.65&quot;,&quot;limit&quot;:0,&quot;is_backup&quot;:0,&quot;bitrate&quot;:0,&quot;up_time&quot;:0,&quot;error_code&quot;:3,&quot;status_code&quot;:1,&quot;error_str&quot;:&quot;Timeout&quot;,&quot;status_str&quot;:&quot;Connecting&quot;},{&quot;host&quot;:&quot;192.168.5.166&quot;,&quot;port&quot;:2088,&quot;nic&quot;:&quot;192.168.5.165&quot;,&quot;limit&quot;:0,&quot;is_backup&quot;:0,&quot;bitrate&quot;:2866399,&quot;up_time&quot;:279,&quot;error_code&quot;:0,&quot;status_code&quot;:3,&quot;error_str&quot;:&quot;None&quot;,&quot;status_str&quot;:&quot;Connected&quot;}],&quot;error&quot;:&quot;None&quot;,&quot;con_stat&quot;:&quot;Disconnected&quot;,&quot;bitrate&quot;:5638224,&quot;dest&quot;:&quot;bonded/bonded11&quot;},{&quot;mip&quot;:&quot;0.0.0.0&quot;,&quot;port&quot;:4433,&quot;ip&quot;:&quot;0.0.0.0&quot;,&quot;in_name&quot;:&quot;inputudp&quot;,&quot;in_active&quot;:1,&quot;in_active_sources&quot;:0,&quot;prg_name&quot;:&quot;&quot;,&quot;prg_prov&quot;:&quot;&quot;,&quot;prg_num&quot;:-1,&quot;chan&quot;:&quot;&quot;,&quot;chan_id&quot;:-1,&quot;id&quot;:&quot;udp://10.7.0.150:5555&quot;,&quot;type&quot;:1,&quot;name&quot;:&quot;test&quot;,&quot;asi&quot;:0,&quot;rtmp&quot;:0,&quot;file&quot;:0,&quot;active&quot;:1,&quot;group&quot;:&quot;&quot;,&quot;error&quot;:&quot;&quot;,&quot;con_stat&quot;:&quot;Connected&quot;,&quot;bitrate&quot;:0,&quot;dest&quot;:&quot;10.7.0.150:5555@0.0.0.0&quot;}]}
Debug printing ------&gt;&gt;&gt; {&quot;custom_data&quot;:&quot;&quot;,&quot;msg&quot;:&quot;Output deleted.&quot;,&quot;error&quot;:&quot;&quot;,&quot;outs&quot;:[{&quot;mip&quot;:&quot;4000.ts&quot;,&quot;port&quot;:0,&quot;ip&quot;:&quot;file&quot;,&quot;in_name&quot;:&quot;bond&quot;,&quot;in_active&quot;:1,&quot;in_active_sources&quot;:0,&quot;prg_name&quot;:&quot;&quot;,&quot;prg_prov&quot;:&quot;&quot;,&quot;prg_num&quot;:-1,&quot;chan&quot;:&quot;&quot;,&quot;chan_id&quot;:-1,&quot;id&quot;:&quot;zixi://bonded(bonded0)#10.7.0.66:2088@10.7.0.65,192.168.60.66:2088@192.168.50.65,192.168.5.166:2088@192.168.5.165&quot;,&quot;type&quot;:2,&quot;name&quot;:&quot;bond0&quot;,&quot;asi&quot;:0,&quot;rtmp&quot;:0,&quot;file&quot;:1,&quot;active&quot;:1,&quot;group&quot;:&quot;&quot;,&quot;bonded&quot;:[{&quot;host&quot;:&quot;10.7.0.66&quot;,&quot;port&quot;:2088,&quot;nic&quot;:&quot;10.7.0.65&quot;,&quot;limit&quot;:0,&quot;is_backup&quot;:0,&quot;bitrate&quot;:0,&quot;up_time&quot;:2,&quot;error_code&quot;:0,&quot;status_code&quot;:3,&quot;error_str&quot;:&quot;None&quot;,&quot;status_str&quot;:&quot;Connected&quot;},{&quot;host&quot;:&quot;192.168.60.66&quot;,&quot;port&quot;:2088,&quot;nic&quot;:&quot;192.168.50.65&quot;,&quot;limit&quot;:0,&quot;is_backup&quot;:0,&quot;bitrate&quot;:0,&quot;up_time&quot;:0,&quot;error_code&quot;:0,&quot;status_code&quot;:1,&quot;error_str&quot;:&quot;None&quot;,&quot;status_str&quot;:&quot;Connecting&quot;},{&quot;host&quot;:&quot;192.168.5.166&quot;,&quot;port&quot;:2088,&quot;nic&quot;:&quot;192.168.5.165&quot;,&quot;limit&quot;:0,&quot;is_backup&quot;:0,&quot;bitrate&quot;:0,&quot;up_time&quot;:0,&quot;error_code&quot;:0,&quot;status_code&quot;:1,&quot;error_str&quot;:&quot;None&quot;,&quot;status_str&quot;:&quot;Connecting&quot;}],&quot;error&quot;:&quot;None&quot;,&quot;con_stat&quot;:&quot;Disconnected&quot;,&quot;bitrate&quot;:0,&quot;dest&quot;:&quot;bonded/bonded0&quot;},{&quot;mip&quot;:&quot;4000.ts&quot;,&quot;port&quot;:0,&quot;ip&quot;:&quot;file&quot;,&quot;in_name&quot;:&quot;bond&quot;,&quot;in_active&quot;:1,&quot;in_active_sources&quot;:0,&quot;prg_name&quot;:&quot;&quot;,&quot;prg_prov&quot;:&quot;&quot;,&quot;prg_num&quot;:-1,&quot;chan&quot;:&quot;&quot;,&quot;chan_id&quot;:-1,&quot;id&quot;:&quot;zixi://bonded(bonded1)#10.7.0.66:2088@10.7.0.65,192.168.60.66:2088@192.168.50.65,192.168.5.166:2088@192.168.5.165&quot;,&quot;type&quot;:2,&quot;name&quot;:&quot;bond1&quot;,&quot;asi&quot;:0,&quot;rtmp&quot;:0,&quot;file&quot;:1,&quot;active&quot;:1,&quot;group&quot;:&quot;&quot;,&quot;bonded&quot;:[{&quot;host&quot;:&quot;10.7.0.66&quot;,&quot;port&quot;:2088,&quot;nic&quot;:&quot;10.7.0.65&quot;,&quot;limit&quot;:0,&quot;is_backup&quot;:0,&quot;bitrate&quot;:2905354,&quot;up_time&quot;:24,&quot;error_code&quot;:0,&quot;status_code&quot;:3,&quot;error_str&quot;:&quot;None&quot;,&quot;status_str&quot;:&quot;Connected&quot;},{&quot;host&quot;:&quot;192.168.60.66&quot;,&quot;port&quot;:2088,&quot;nic&quot;:&quot;192.168.50.65&quot;,&quot;limit&quot;:0,&quot;is_backup&quot;:0,&quot;bitrate&quot;:0,&quot;up_time&quot;:0,&quot;error_code&quot;:3,&quot;status_code&quot;:1,&quot;error_str&quot;:&quot;Timeout&quot;,&quot;status_str&quot;:&quot;Connecting&quot;},{&quot;host&quot;:&quot;192.168.5.166&quot;,&quot;port&quot;:2088,&quot;nic&quot;:&quot;192.168.5.165&quot;,&quot;limit&quot;:0,&quot;is_backup&quot;:0,&quot;bitrate&quot;:2807502,&quot;up_time&quot;:23,&quot;error_code&quot;:0,&quot;status_code&quot;:3,&quot;error_str&quot;:&quot;None&quot;,&quot;status_str&quot;:&quot;Connected&quot;}],&quot;error&quot;:&quot;None&quot;,&quot;con_stat&quot;:&quot;Disconnected&quot;,&quot;bitrate&quot;:5641334,&quot;dest&quot;:&quot;bonded/bonded1&quot;},{&quot;mip&quot;:&quot;4000.ts&quot;,&quot;port&quot;:0,&quot;ip&quot;:&quot;file&quot;,&quot;in_name&quot;:&quot;bond&quot;,&quot;in_active&quot;:1,&quot;in_active_sources&quot;:0,&quot;prg_name&quot;:&quot;&quot;,&quot;prg_prov&quot;:&quot;&quot;,&quot;prg_num&quot;:-1,&quot;chan&quot;:&quot;&quot;,&quot;chan_id&quot;:-1,&quot;id&quot;:&quot;zixi://bonded(bonded2)#10.7.0.66:2088@10.7.0.65,192.168.60.66:2088@192.168.50.65,192.168.5.166:2088@192.168.5.165&quot;,&quot;type&quot;:2,&quot;name&quot;:&quot;bond2&quot;,&quot;asi&quot;:0,&quot;rtmp&quot;:0,&quot;file&quot;:1,&quot;active&quot;:1,&quot;group&quot;:&quot;&quot;,&quot;bonded&quot;:[{&quot;host&quot;:&quot;10.7.0.66&quot;,&quot;port&quot;:2088,&quot;nic&quot;:&quot;10.7.0.65&quot;,&quot;limit&quot;:0,&quot;is_backup&quot;:0,&quot;bitrate&quot;:2902263,&quot;up_time&quot;:279,&quot;error_code&quot;:0,&quot;status_code&quot;:3,&quot;error_str&quot;:&quot;None&quot;,&quot;status_str&quot;:&quot;Connected&quot;},{&quot;host&quot;:&quot;192.168.60.66&quot;,&quot;port&quot;:2088,&quot;nic&quot;:&quot;192.168.50.65&quot;,&quot;limit&quot;:0,&quot;is_backup&quot;:0,&quot;bitrate&quot;:0,&quot;up_time&quot;:0,&quot;error_code&quot;:3,&quot;status_code&quot;:1,&quot;error_str&quot;:&quot;Timeout&quot;,&quot;status_str&quot;:&quot;Connecting&quot;},{&quot;host&quot;:&quot;192.168.5.166&quot;,&quot;port&quot;:2088,&quot;nic&quot;:&quot;192.168.5.165&quot;,&quot;limit&quot;:0,&quot;is_backup&quot;:0,&quot;bitrate&quot;:2805797,&quot;up_time&quot;:128,&quot;error_code&quot;:0,&quot;status_code&quot;:3,&quot;error_str&quot;:&quot;None&quot;,&quot;status_str&quot;:&quot;Connected&quot;}],&quot;error&quot;:&quot;None&quot;,&quot;con_stat&quot;:&quot;Disconnected&quot;,&quot;bitrate&quot;:5633558,&quot;dest&quot;:&quot;bonded/bonded2&quot;},{&quot;mip&quot;:&quot;4000.ts&quot;,&quot;port&quot;:0,&quot;ip&quot;:&quot;file&quot;,&quot;in_name&quot;:&quot;bond&quot;,&quot;in_active&quot;:1,&quot;in_active_sources&quot;:0,&quot;prg_name&quot;:&quot;&quot;,&quot;prg_prov&quot;:&quot;&quot;,&quot;prg_num&quot;:-1,&quot;chan&quot;:&quot;&quot;,&quot;chan_id&quot;:-1,&quot;id&quot;:&quot;zixi://bonded(bonded3)#10.7.0.66:2088@10.7.0.65,192.168.60.66:2088@192.168.50.65,192.168.5.166:2088@192.168.5.165&quot;,&quot;type&quot;:2,&quot;name&quot;:&quot;bond3&quot;,&quot;asi&quot;:0,&quot;rtmp&quot;:0,&quot;file&quot;:1,&quot;active&quot;:1,&quot;group&quot;:&quot;&quot;,&quot;bonded&quot;:[{&quot;host&quot;:&quot;10.7.0.66&quot;,&quot;port&quot;:2088,&quot;nic&quot;:&quot;10.7.0.65&quot;,&quot;limit&quot;:0,&quot;is_backup&quot;:0,&quot;bitrate&quot;:2877231,&quot;up_time&quot;:279,&quot;error_code&quot;:0,&quot;status_code&quot;:3,&quot;error_str&quot;:&quot;None&quot;,&quot;status_str&quot;:&quot;Connected&quot;},{&quot;host&quot;:&quot;192.168.60.66&quot;,&quot;port&quot;:2088,&quot;nic&quot;:&quot;192.168.50.65&quot;,&quot;limit&quot;:0,&quot;is_backup&quot;:0,&quot;bitrate&quot;:0,&quot;up_time&quot;:0,&quot;error_code&quot;:3,&quot;status_code&quot;:1,&quot;error_str&quot;:&quot;Timeout&quot;,&quot;status_str&quot;:&quot;Connecting&quot;},{&quot;host&quot;:&quot;192.168.5.166&quot;,&quot;port&quot;:2088,&quot;nic&quot;:&quot;192.168.5.165&quot;,&quot;limit&quot;:0,&quot;is_backup&quot;:0,&quot;bitrate&quot;:2829737,&quot;up_time&quot;:279,&quot;error_code&quot;:0,&quot;status_code&quot;:3,&quot;error_str&quot;:&quot;None&quot;,&quot;status_str&quot;:&quot;Connected&quot;}],&quot;error&quot;:&quot;None&quot;,&quot;con_stat&quot;:&quot;Disconnected&quot;,&quot;bitrate&quot;:5632663,&quot;dest&quot;:&quot;bonded/bonded3&quot;},{&quot;mip&quot;:&quot;4000.ts&quot;,&quot;port&quot;:0,&quot;ip&quot;:&quot;file&quot;,&quot;in_name&quot;:&quot;bond&quot;,&quot;in_active&quot;:1,&quot;in_active_sources&quot;:0,&quot;prg_name&quot;:&quot;&quot;,&quot;prg_prov&quot;:&quot;&quot;,&quot;prg_num&quot;:-1,&quot;chan&quot;:&quot;&quot;,&quot;chan_id&quot;:-1,&quot;id&quot;:&quot;zixi://bonded(bonded4)#10.7.0.66:2088@10.7.0.65,192.168.60.66:2088@192.168.50.65,192.168.5.166:2088@192.168.5.165&quot;,&quot;type&quot;:2,&quot;name&quot;:&quot;bond4&quot;,&quot;asi&quot;:0,&quot;rtmp&quot;:0,&quot;file&quot;:1,&quot;active&quot;:1,&quot;group&quot;:&quot;&quot;,&quot;bonded&quot;:[{&quot;host&quot;:&quot;10.7.0.66&quot;,&quot;port&quot;:2088,&quot;nic&quot;:&quot;10.7.0.65&quot;,&quot;limit&quot;:0,&quot;is_backup&quot;:0,&quot;bitrate&quot;:2819297,&quot;up_time&quot;:279,&quot;error_code&quot;:0,&quot;status_code&quot;:3,&quot;error_str&quot;:&quot;None&quot;,&quot;status_str&quot;:&quot;Connected&quot;},{&quot;host&quot;:&quot;192.168.60.66&quot;,&quot;port&quot;:2088,&quot;nic&quot;:&quot;192.168.50.65&quot;,&quot;limit&quot;:0,&quot;is_backup&quot;:0,&quot;bitrate&quot;:0,&quot;up_time&quot;:0,&quot;error_code&quot;:3,&quot;status_code&quot;:1,&quot;error_str&quot;:&quot;Timeout&quot;,&quot;status_str&quot;:&quot;Connecting&quot;},{&quot;host&quot;:&quot;192.168.5.166&quot;,&quot;port&quot;:2088,&quot;nic&quot;:&quot;192.168.5.165&quot;,&quot;limit&quot;:0,&quot;is_backup&quot;:0,&quot;bitrate&quot;:2871493,&quot;up_time&quot;:279,&quot;error_code&quot;:0,&quot;status_code&quot;:3,&quot;error_str&quot;:&quot;None&quot;,&quot;status_str&quot;:&quot;Connected&quot;}],&quot;error&quot;:&quot;None&quot;,&quot;con_stat&quot;:&quot;Disconnected&quot;,&quot;bitrate&quot;:5626912,&quot;dest&quot;:&quot;bonded/bonded4&quot;},{&quot;mip&quot;:&quot;4000.ts&quot;,&quot;port&quot;:0,&quot;ip&quot;:&quot;file&quot;,&quot;in_name&quot;:&quot;bond&quot;,&quot;in_active&quot;:1,&quot;in_active_sources&quot;:0,&quot;prg_name&quot;:&quot;&quot;,&quot;prg_prov&quot;:&quot;&quot;,&quot;prg_num&quot;:-1,&quot;chan&quot;:&quot;&quot;,&quot;chan_id&quot;:-1,&quot;id&quot;:&quot;zixi://bonded(bonded5)#10.7.0.66:2088@10.7.0.65,192.168.60.66:2088@192.168.50.65,192.168.5.166:2088@192.168.5.165&quot;,&quot;type&quot;:2,&quot;name&quot;:&quot;bond5&quot;,&quot;asi&quot;:0,&quot;rtmp&quot;:0,&quot;file&quot;:1,&quot;active&quot;:1,&quot;group&quot;:&quot;&quot;,&quot;bonded&quot;:[{&quot;host&quot;:&quot;10.7.0.66&quot;,&quot;port&quot;:2088,&quot;nic&quot;:&quot;10.7.0.65&quot;,&quot;limit&quot;:0,&quot;is_backup&quot;:0,&quot;bitrate&quot;:2938808,&quot;up_time&quot;:279,&quot;error_code&quot;:0,&quot;status_code&quot;:3,&quot;error_str&quot;:&quot;None&quot;,&quot;status_str&quot;:&quot;Connected&quot;},{&quot;host&quot;:&quot;192.168.60.66&quot;,&quot;port&quot;:2088,&quot;nic&quot;:&quot;192.168.50.65&quot;,&quot;limit&quot;:0,&quot;is_backup&quot;:0,&quot;bitrate&quot;:0,&quot;up_time&quot;:0,&quot;error_code&quot;:3,&quot;status_code&quot;:1,&quot;error_str&quot;:&quot;Timeout&quot;,&quot;status_str&quot;:&quot;Connecting&quot;},{&quot;host&quot;:&quot;192.168.5.166&quot;,&quot;port&quot;:2088,&quot;nic&quot;:&quot;192.168.5.165&quot;,&quot;limit&quot;:0,&quot;is_backup&quot;:0,&quot;bitrate&quot;:2762290,&quot;up_time&quot;:279,&quot;error_code&quot;:0,&quot;status_code&quot;:3,&quot;error_str&quot;:&quot;None&quot;,&quot;status_str&quot;:&quot;Connected&quot;}],&quot;error&quot;:&quot;None&quot;,&quot;con_stat&quot;:&quot;Disconnected&quot;,&quot;bitrate&quot;:5637968,&quot;dest&quot;:&quot;bonded/bonded5&quot;},{&quot;mip&quot;:&quot;4000.ts&quot;,&quot;port&quot;:0,&quot;ip&quot;:&quot;file&quot;,&quot;in_name&quot;:&quot;bond&quot;,&quot;in_active&quot;:1,&quot;in_active_sources&quot;:0,&quot;prg_name&quot;:&quot;&quot;,&quot;prg_prov&quot;:&quot;&quot;,&quot;prg_num&quot;:-1,&quot;chan&quot;:&quot;&quot;,&quot;chan_id&quot;:-1,&quot;id&quot;:&quot;zixi://bonded(bonded6)#10.7.0.66:2088@10.7.0.65,192.168.60.66:2088@192.168.50.65,192.168.5.166:2088@192.168.5.165&quot;,&quot;type&quot;:2,&quot;name&quot;:&quot;bond6&quot;,&quot;asi&quot;:0,&quot;rtmp&quot;:0,&quot;file&quot;:1,&quot;active&quot;:1,&quot;group&quot;:&quot;&quot;,&quot;bonded&quot;:[],&quot;error&quot;:&quot;Timeout&quot;,&quot;con_stat&quot;:&quot;Connecting&quot;,&quot;bitrate&quot;:0,&quot;dest&quot;:&quot;bonded/bonded6&quot;},{&quot;mip&quot;:&quot;4000.ts&quot;,&quot;port&quot;:0,&quot;ip&quot;:&quot;file&quot;,&quot;in_name&quot;:&quot;bond&quot;,&quot;in_active&quot;:1,&quot;in_active_sources&quot;:0,&quot;prg_name&quot;:&quot;&quot;,&quot;prg_prov&quot;:&quot;&quot;,&quot;prg_num&quot;:-1,&quot;chan&quot;:&quot;&quot;,&quot;chan_id&quot;:-1,&quot;id&quot;:&quot;zixi://bonded(bonded12)#10.7.0.66:2088@10.7.0.65,192.168.60.66:2088@192.168.50.65,192.168.5.166:2088@192.168.5.165&quot;,&quot;type&quot;:2,&quot;name&quot;:&quot;bond12&quot;,&quot;asi&quot;:0,&quot;rtmp&quot;:0,&quot;file&quot;:1,&quot;active&quot;:1,&quot;group&quot;:&quot;&quot;,&quot;bonded&quot;:[{&quot;host&quot;:&quot;10.7.0.66&quot;,&quot;port&quot;:2088,&quot;nic&quot;:&quot;10.7.0.65&quot;,&quot;limit&quot;:0,&quot;is_backup&quot;:0,&quot;bitrate&quot;:2817053,&quot;up_time&quot;:279,&quot;error_code&quot;:0,&quot;status_code&quot;:3,&quot;error_str&quot;:&quot;None&quot;,&quot;status_str&quot;:&quot;Connected&quot;},{&quot;host&quot;:&quot;192.168.60.66&quot;,&quot;port&quot;:2088,&quot;nic&quot;:&quot;192.168.50.65&quot;,&quot;limit&quot;:0,&quot;is_backup&quot;:0,&quot;bitrate&quot;:0,&quot;up_time&quot;:0,&quot;error_code&quot;:3,&quot;status_code&quot;:1,&quot;error_str&quot;:&quot;Timeout&quot;,&quot;status_str&quot;:&quot;Connecting&quot;},{&quot;host&quot;:&quot;192.168.5.166&quot;,&quot;port&quot;:2088,&quot;nic&quot;:&quot;192.168.5.165&quot;,&quot;limit&quot;:0,&quot;is_backup&quot;:0,&quot;bitrate&quot;:2881931,&quot;up_time&quot;:279,&quot;error_code&quot;:0,&quot;status_code&quot;:3,&quot;error_str&quot;:&quot;None&quot;,&quot;status_str&quot;:&quot;Connected&quot;}],&quot;error&quot;:&quot;None&quot;,&quot;con_stat&quot;:&quot;Disconnected&quot;,&quot;bitrate&quot;:5637880,&quot;dest&quot;:&quot;bonded/bonded12&quot;},{&quot;mip&quot;:&quot;4000.ts&quot;,&quot;port&quot;:0,&quot;ip&quot;:&quot;file&quot;,&quot;in_name&quot;:&quot;bond&quot;,&quot;in_active&quot;:1,&quot;in_active_sources&quot;:0,&quot;prg_name&quot;:&quot;&quot;,&quot;prg_prov&quot;:&quot;&quot;,&quot;prg_num&quot;:-1,&quot;chan&quot;:&quot;&quot;,&quot;chan_id&quot;:-1,&quot;id&quot;:&quot;zixi://bonded(bonded7)#10.7.0.66:2088@10.7.0.65,192.168.60.66:2088@192.168.50.65,192.168.5.166:2088@192.168.5.165&quot;,&quot;type&quot;:2,&quot;name&quot;:&quot;bond7&quot;,&quot;asi&quot;:0,&quot;rtmp&quot;:0,&quot;file&quot;:1,&quot;active&quot;:1,&quot;group&quot;:&quot;&quot;,&quot;bonded&quot;:[{&quot;host&quot;:&quot;10.7.0.66&quot;,&quot;port&quot;:2088,&quot;nic&quot;:&quot;10.7.0.65&quot;,&quot;limit&quot;:0,&quot;is_backup&quot;:0,&quot;bitrate&quot;:2806317,&quot;up_time&quot;:279,&quot;error_code&quot;:0,&quot;status_code&quot;:3,&quot;error_str&quot;:&quot;None&quot;,&quot;status_str&quot;:&quot;Connected&quot;},{&quot;host&quot;:&quot;192.168.60.66&quot;,&quot;port&quot;:2088,&quot;nic&quot;:&quot;192.168.50.65&quot;,&quot;limit&quot;:0,&quot;is_backup&quot;:0,&quot;bitrate&quot;:0,&quot;up_time&quot;:0,&quot;error_code&quot;:3,&quot;status_code&quot;:1,&quot;error_str&quot;:&quot;Timeout&quot;,&quot;status_str&quot;:&quot;Connecting&quot;},{&quot;host&quot;:&quot;192.168.5.166&quot;,&quot;port&quot;:2088,&quot;nic&quot;:&quot;192.168.5.165&quot;,&quot;limit&quot;:0,&quot;is_backup&quot;:0,&quot;bitrate&quot;:2893675,&quot;up_time&quot;:279,&quot;error_code&quot;:0,&quot;status_code&quot;:3,&quot;error_str&quot;:&quot;None&quot;,&quot;status_str&quot;:&quot;Connected&quot;}],&quot;error&quot;:&quot;None&quot;,&quot;con_stat&quot;:&quot;Disconnected&quot;,&quot;bitrate&quot;:5636528,&quot;dest&quot;:&quot;bonded/bonded7&quot;},{&quot;mip&quot;:&quot;4000.ts&quot;,&quot;port&quot;:0,&quot;ip&quot;:&quot;file&quot;,&quot;in_name&quot;:&quot;bond&quot;,&quot;in_active&quot;:1,&quot;in_active_sources&quot;:0,&quot;prg_name&quot;:&quot;&quot;,&quot;prg_prov&quot;:&quot;&quot;,&quot;prg_num&quot;:-1,&quot;chan&quot;:&quot;&quot;,&quot;chan_id&quot;:-1,&quot;id&quot;:&quot;zixi://bonded(bonded13)#10.7.0.66:2088@10.7.0.65,192.168.60.66:2088@192.168.50.65,192.168.5.166:2088@192.168.5.165&quot;,&quot;type&quot;:2,&quot;name&quot;:&quot;bond13&quot;,&quot;asi&quot;:0,&quot;rtmp&quot;:0,&quot;file&quot;:1,&quot;active&quot;:1,&quot;group&quot;:&quot;&quot;,&quot;bonded&quot;:[{&quot;host&quot;:&quot;10.7.0.66&quot;,&quot;port&quot;:2088,&quot;nic&quot;:&quot;10.7.0.65&quot;,&quot;limit&quot;:0,&quot;is_backup&quot;:0,&quot;bitrate&quot;:2847863,&quot;up_time&quot;:279,&quot;error_code&quot;:0,&quot;status_code&quot;:3,&quot;error_str&quot;:&quot;None&quot;,&quot;status_str&quot;:&quot;Connected&quot;},{&quot;host&quot;:&quot;192.168.60.66&quot;,&quot;port&quot;:2088,&quot;nic&quot;:&quot;192.168.50.65&quot;,&quot;limit&quot;:0,&quot;is_backup&quot;:0,&quot;bitrate&quot;:0,&quot;up_time&quot;:0,&quot;error_code&quot;:3,&quot;status_code&quot;:1,&quot;error_str&quot;:&quot;Timeout&quot;,&quot;status_str&quot;:&quot;Connecting&quot;},{&quot;host&quot;:&quot;192.168.5.166&quot;,&quot;port&quot;:2088,&quot;nic&quot;:&quot;192.168.5.165&quot;,&quot;limit&quot;:0,&quot;is_backup&quot;:0,&quot;bitrate&quot;:2834168,&quot;up_time&quot;:279,&quot;error_code&quot;:0,&quot;status_code&quot;:3,&quot;error_str&quot;:&quot;None&quot;,&quot;status_str&quot;:&quot;Connected&quot;}],&quot;error&quot;:&quot;None&quot;,&quot;con_stat&quot;:&quot;Disconnected&quot;,&quot;bitrate&quot;:5616488,&quot;dest&quot;:&quot;bonded/bonded13&quot;},{&quot;mip&quot;:&quot;4000.ts&quot;,&quot;port&quot;:0,&quot;ip&quot;:&quot;file&quot;,&quot;in_name&quot;:&quot;bond&quot;,&quot;in_active&quot;:1,&quot;in_active_sources&quot;:0,&quot;prg_name&quot;:&quot;&quot;,&quot;prg_prov&quot;:&quot;&quot;,&quot;prg_num&quot;:-1,&quot;chan&quot;:&quot;&quot;,&quot;chan_id&quot;:-1,&quot;id&quot;:&quot;zixi://bonded(bonded9)#10.7.0.66:2088@10.7.0.65,192.168.60.66:2088@192.168.50.65,192.168.5.166:2088@192.168.5.165&quot;,&quot;type&quot;:2,&quot;name&quot;:&quot;bond9&quot;,&quot;asi&quot;:0,&quot;rtmp&quot;:0,&quot;file&quot;:1,&quot;active&quot;:1,&quot;group&quot;:&quot;&quot;,&quot;bonded&quot;:[{&quot;host&quot;:&quot;10.7.0.66&quot;,&quot;port&quot;:2088,&quot;nic&quot;:&quot;10.7.0.65&quot;,&quot;limit&quot;:0,&quot;is_backup&quot;:0,&quot;bitrate&quot;:2915358,&quot;up_time&quot;:279,&quot;error_code&quot;:0,&quot;status_code&quot;:3,&quot;error_str&quot;:&quot;None&quot;,&quot;status_str&quot;:&quot;Connected&quot;},{&quot;host&quot;:&quot;192.168.60.66&quot;,&quot;port&quot;:2088,&quot;nic&quot;:&quot;192.168.50.65&quot;,&quot;limit&quot;:0,&quot;is_backup&quot;:0,&quot;bitrate&quot;:0,&quot;up_time&quot;:0,&quot;error_code&quot;:3,&quot;status_code&quot;:1,&quot;error_str&quot;:&quot;Timeout&quot;,&quot;status_str&quot;:&quot;Connecting&quot;},{&quot;host&quot;:&quot;192.168.5.166&quot;,&quot;port&quot;:2088,&quot;nic&quot;:&quot;192.168.5.165&quot;,&quot;limit&quot;:0,&quot;is_backup&quot;:0,&quot;bitrate&quot;:2767558,&quot;up_time&quot;:279,&quot;error_code&quot;:0,&quot;status_code&quot;:3,&quot;error_str&quot;:&quot;None&quot;,&quot;status_str&quot;:&quot;Connected&quot;}],&quot;error&quot;:&quot;None&quot;,&quot;con_stat&quot;:&quot;Disconnected&quot;,&quot;bitrate&quot;:5611812,&quot;dest&quot;:&quot;bonded/bonded9&quot;},{&quot;mip&quot;:&quot;4000.ts&quot;,&quot;port&quot;:0,&quot;ip&quot;:&quot;file&quot;,&quot;in_name&quot;:&quot;bond&quot;,&quot;in_active&quot;:1,&quot;in_active_sources&quot;:0,&quot;prg_name&quot;:&quot;&quot;,&quot;prg_prov&quot;:&quot;&quot;,&quot;prg_num&quot;:-1,&quot;chan&quot;:&quot;&quot;,&quot;chan_id&quot;:-1,&quot;id&quot;:&quot;zixi://bonded(bonded16)#10.7.0.66:2088@10.7.0.65,192.168.60.66:2088@192.168.50.65,192.168.5.166:2088@192.168.5.165&quot;,&quot;type&quot;:2,&quot;name&quot;:&quot;bond16&quot;,&quot;asi&quot;:0,&quot;rtmp&quot;:0,&quot;file&quot;:1,&quot;active&quot;:1,&quot;group&quot;:&quot;&quot;,&quot;bonded&quot;:[{&quot;host&quot;:&quot;10.7.0.66&quot;,&quot;port&quot;:2088,&quot;nic&quot;:&quot;10.7.0.65&quot;,&quot;limit&quot;:0,&quot;is_backup&quot;:0,&quot;bitrate&quot;:2914315,&quot;up_time&quot;:279,&quot;error_code&quot;:0,&quot;status_code&quot;:3,&quot;error_str&quot;:&quot;None&quot;,&quot;status_str&quot;:&quot;Connected&quot;},{&quot;host&quot;:&quot;192.168.60.66&quot;,&quot;port&quot;:2088,&quot;nic&quot;:&quot;192.168.50.65&quot;,&quot;limit&quot;:0,&quot;is_backup&quot;:0,&quot;bitrate&quot;:0,&quot;up_time&quot;:0,&quot;error_code&quot;:3,&quot;status_code&quot;:1,&quot;error_str&quot;:&quot;Timeout&quot;,&quot;status_str&quot;:&quot;Connecting&quot;},{&quot;host&quot;:&quot;192.168.5.166&quot;,&quot;port&quot;:2088,&quot;nic&quot;:&quot;192.168.5.165&quot;,&quot;limit&quot;:0,&quot;is_backup&quot;:0,&quot;bitrate&quot;:2783115,&quot;up_time&quot;:279,&quot;error_code&quot;:0,&quot;status_code&quot;:3,&quot;error_str&quot;:&quot;None&quot;,&quot;status_str&quot;:&quot;Connected&quot;}],&quot;error&quot;:&quot;None&quot;,&quot;con_stat&quot;:&quot;Disconnected&quot;,&quot;bitrate&quot;:5633182,&quot;dest&quot;:&quot;bonded/bonded16&quot;},{&quot;mip&quot;:&quot;4000.ts&quot;,&quot;port&quot;:0,&quot;ip&quot;:&quot;file&quot;,&quot;in_name&quot;:&quot;bond&quot;,&quot;in_active&quot;:1,&quot;in_active_sources&quot;:0,&quot;prg_name&quot;:&quot;&quot;,&quot;prg_prov&quot;:&quot;&quot;,&quot;prg_num&quot;:-1,&quot;chan&quot;:&quot;&quot;,&quot;chan_id&quot;:-1,&quot;id&quot;:&quot;zixi://bonded(bonded10)#10.7.0.66:2088@10.7.0.65,192.168.60.66:2088@192.168.50.65,192.168.5.166:2088@192.168.5.165&quot;,&quot;type&quot;:2,&quot;name&quot;:&quot;bond10&quot;,&quot;asi&quot;:0,&quot;rtmp&quot;:0,&quot;file&quot;:1,&quot;active&quot;:1,&quot;group&quot;:&quot;&quot;,&quot;bonded&quot;:[{&quot;host&quot;:&quot;10.7.0.66&quot;,&quot;port&quot;:2088,&quot;nic&quot;:&quot;10.7.0.65&quot;,&quot;limit&quot;:0,&quot;is_backup&quot;:0,&quot;bitrate&quot;:2885993,&quot;up_time&quot;:269,&quot;error_code&quot;:0,&quot;status_code&quot;:3,&quot;error_str&quot;:&quot;None&quot;,&quot;status_str&quot;:&quot;Connected&quot;},{&quot;host&quot;:&quot;192.168.60.66&quot;,&quot;port&quot;:2088,&quot;nic&quot;:&quot;192.168.50.65&quot;,&quot;limit&quot;:0,&quot;is_backup&quot;:0,&quot;bitrate&quot;:0,&quot;up_time&quot;:0,&quot;error_code&quot;:3,&quot;status_code&quot;:1,&quot;error_str&quot;:&quot;Timeout&quot;,&quot;status_str&quot;:&quot;Connecting&quot;},{&quot;host&quot;:&quot;192.168.5.166&quot;,&quot;port&quot;:2088,&quot;nic&quot;:&quot;192.168.5.165&quot;,&quot;limit&quot;:0,&quot;is_backup&quot;:0,&quot;bitrate&quot;:2810920,&quot;up_time&quot;:269,&quot;error_code&quot;:0,&quot;status_code&quot;:3,&quot;error_str&quot;:&quot;None&quot;,&quot;status_str&quot;:&quot;Connected&quot;}],&quot;error&quot;:&quot;None&quot;,&quot;con_stat&quot;:&quot;Disconnected&quot;,&quot;bitrate&quot;:5633350,&quot;dest&quot;:&quot;bonded/bonded10&quot;},{&quot;mip&quot;:&quot;4000.ts&quot;,&quot;port&quot;:0,&quot;ip&quot;:&quot;file&quot;,&quot;in_name&quot;:&quot;bond&quot;,&quot;in_active&quot;:1,&quot;in_active_sources&quot;:0,&quot;prg_name&quot;:&quot;&quot;,&quot;prg_prov&quot;:&quot;&quot;,&quot;prg_num&quot;:-1,&quot;chan&quot;:&quot;&quot;,&quot;chan_id&quot;:-1,&quot;id&quot;:&quot;zixi://bonded(bonded17)#10.7.0.66:2088@10.7.0.65,192.168.60.66:2088@192.168.50.65,192.168.5.166:2088@192.168.5.165&quot;,&quot;type&quot;:2,&quot;name&quot;:&quot;bond17&quot;,&quot;asi&quot;:0,&quot;rtmp&quot;:0,&quot;file&quot;:1,&quot;active&quot;:1,&quot;group&quot;:&quot;&quot;,&quot;bonded&quot;:[{&quot;host&quot;:&quot;10.7.0.66&quot;,&quot;port&quot;:2088,&quot;nic&quot;:&quot;10.7.0.65&quot;,&quot;limit&quot;:0,&quot;is_backup&quot;:0,&quot;bitrate&quot;:2894597,&quot;up_time&quot;:279,&quot;error_code&quot;:0,&quot;status_code&quot;:3,&quot;error_str&quot;:&quot;None&quot;,&quot;status_str&quot;:&quot;Connected&quot;},{&quot;host&quot;:&quot;192.168.60.66&quot;,&quot;port&quot;:2088,&quot;nic&quot;:&quot;192.168.50.65&quot;,&quot;limit&quot;:0,&quot;is_backup&quot;:0,&quot;bitrate&quot;:0,&quot;up_time&quot;:0,&quot;error_code&quot;:3,&quot;status_code&quot;:1,&quot;error_str&quot;:&quot;Timeout&quot;,&quot;status_str&quot;:&quot;Connecting&quot;},{&quot;host&quot;:&quot;192.168.5.166&quot;,&quot;port&quot;:2088,&quot;nic&quot;:&quot;192.168.5.165&quot;,&quot;limit&quot;:0,&quot;is_backup&quot;:0,&quot;bitrate&quot;:2796424,&quot;up_time&quot;:279,&quot;error_code&quot;:0,&quot;status_code&quot;:3,&quot;error_str&quot;:&quot;None&quot;,&quot;status_str&quot;:&quot;Connected&quot;}],&quot;error&quot;:&quot;None&quot;,&quot;con_stat&quot;:&quot;Disconnected&quot;,&quot;bitrate&quot;:5628184,&quot;dest&quot;:&quot;bonded/bonded17&quot;},{&quot;mip&quot;:&quot;0.0.0.0&quot;,&quot;port&quot;:4433,&quot;ip&quot;:&quot;0.0.0.0&quot;,&quot;in_name&quot;:&quot;inputudp&quot;,&quot;in_active&quot;:1,&quot;in_active_sources&quot;:0,&quot;prg_name&quot;:&quot;&quot;,&quot;prg_prov&quot;:&quot;&quot;,&quot;prg_num&quot;:-1,&quot;chan&quot;:&quot;&quot;,&quot;chan_id&quot;:-1,&quot;id&quot;:&quot;udp://10.7.0.150:5555&quot;,&quot;type&quot;:1,&quot;name&quot;:&quot;test&quot;,&quot;asi&quot;:0,&quot;rtmp&quot;:0,&quot;file&quot;:0,&quot;active&quot;:1,&quot;group&quot;:&quot;&quot;,&quot;error&quot;:&quot;&quot;,&quot;con_stat&quot;:&quot;Connected&quot;,&quot;bitrate&quot;:0,&quot;dest&quot;:&quot;10.7.0.150:5555@0.0.0.0&quot;}]}
Debug printing ------&gt;&gt;&gt; {&quot;custom_data&quot;:&quot;&quot;,&quot;msg&quot;:&quot;Output deleted.&quot;,&quot;error&quot;:&quot;&quot;,&quot;outs&quot;:[{&quot;mip&quot;:&quot;4000.ts&quot;,&quot;port&quot;:0,&quot;ip&quot;:&quot;file&quot;,&quot;in_name&quot;:&quot;bond&quot;,&quot;in_active&quot;:1,&quot;in_active_sources&quot;:0,&quot;prg_name&quot;:&quot;&quot;,&quot;prg_prov&quot;:&quot;&quot;,&quot;prg_num&quot;:-1,&quot;chan&quot;:&quot;&quot;,&quot;chan_id&quot;:-1,&quot;id&quot;:&quot;zixi://bonded(bonded0)#10.7.0.66:2088@10.7.0.65,192.168.60.66:2088@192.168.50.65,192.168.5.166:2088@192.168.5.165&quot;,&quot;type&quot;:2,&quot;name&quot;:&quot;bond0&quot;,&quot;asi&quot;:0,&quot;rtmp&quot;:0,&quot;file&quot;:1,&quot;active&quot;:1,&quot;group&quot;:&quot;&quot;,&quot;bonded&quot;:[{&quot;host&quot;:&quot;10.7.0.66&quot;,&quot;port&quot;:2088,&quot;nic&quot;:&quot;10.7.0.65&quot;,&quot;limit&quot;:0,&quot;is_backup&quot;:0,&quot;bitrate&quot;:0,&quot;up_time&quot;:2,&quot;error_code&quot;:0,&quot;status_code&quot;:3,&quot;error_str&quot;:&quot;None&quot;,&quot;status_str&quot;:&quot;Connected&quot;},{&quot;host&quot;:&quot;192.168.60.66&quot;,&quot;port&quot;:2088,&quot;nic&quot;:&quot;192.168.50.65&quot;,&quot;limit&quot;:0,&quot;is_backup&quot;:0,&quot;bitrate&quot;:0,&quot;up_time&quot;:0,&quot;error_code&quot;:0,&quot;status_code&quot;:1,&quot;error_str&quot;:&quot;None&quot;,&quot;status_str&quot;:&quot;Connecting&quot;},{&quot;host&quot;:&quot;192.168.5.166&quot;,&quot;port&quot;:2088,&quot;nic&quot;:&quot;192.168.5.165&quot;,&quot;limit&quot;:0,&quot;is_backup&quot;:0,&quot;bitrate&quot;:0,&quot;up_time&quot;:0,&quot;error_code&quot;:0,&quot;status_code&quot;:1,&quot;error_str&quot;:&quot;None&quot;,&quot;status_str&quot;:&quot;Connecting&quot;}],&quot;error&quot;:&quot;None&quot;,&quot;con_stat&quot;:&quot;Disconnected&quot;,&quot;bitrate&quot;:0,&quot;dest&quot;:&quot;bonded/bonded0&quot;},{&quot;mip&quot;:&quot;4000.ts&quot;,&quot;port&quot;:0,&quot;ip&quot;:&quot;file&quot;,&quot;in_name&quot;:&quot;bond&quot;,&quot;in_active&quot;:1,&quot;in_active_sources&quot;:0,&quot;prg_name&quot;:&quot;&quot;,&quot;prg_prov&quot;:&quot;&quot;,&quot;prg_num&quot;:-1,&quot;chan&quot;:&quot;&quot;,&quot;chan_id&quot;:-1,&quot;id&quot;:&quot;zixi://bonded(bonded1)#10.7.0.66:2088@10.7.0.65,192.168.60.66:2088@192.168.50.65,192.168.5.166:2088@192.168.5.165&quot;,&quot;type&quot;:2,&quot;name&quot;:&quot;bond1&quot;,&quot;asi&quot;:0,&quot;rtmp&quot;:0,&quot;file&quot;:1,&quot;active&quot;:1,&quot;group&quot;:&quot;&quot;,&quot;bonded&quot;:[{&quot;host&quot;:&quot;10.7.0.66&quot;,&quot;port&quot;:2088,&quot;nic&quot;:&quot;10.7.0.65&quot;,&quot;limit&quot;:0,&quot;is_backup&quot;:0,&quot;bitrate&quot;:2905354,&quot;up_time&quot;:24,&quot;error_code&quot;:0,&quot;status_code&quot;:3,&quot;error_str&quot;:&quot;None&quot;,&quot;status_str&quot;:&quot;Connected&quot;},{&quot;host&quot;:&quot;192.168.60.66&quot;,&quot;port&quot;:2088,&quot;nic&quot;:&quot;192.168.50.65&quot;,&quot;limit&quot;:0,&quot;is_backup&quot;:0,&quot;bitrate&quot;:0,&quot;up_time&quot;:0,&quot;error_code&quot;:3,&quot;status_code&quot;:1,&quot;error_str&quot;:&quot;Timeout&quot;,&quot;status_str&quot;:&quot;Connecting&quot;},{&quot;host&quot;:&quot;192.168.5.166&quot;,&quot;port&quot;:2088,&quot;nic&quot;:&quot;192.168.5.165&quot;,&quot;limit&quot;:0,&quot;is_backup&quot;:0,&quot;bitrate&quot;:2807502,&quot;up_time&quot;:23,&quot;error_code&quot;:0,&quot;status_code&quot;:3,&quot;error_str&quot;:&quot;None&quot;,&quot;status_str&quot;:&quot;Connected&quot;}],&quot;error&quot;:&quot;None&quot;,&quot;con_stat&quot;:&quot;Disconnected&quot;,&quot;bitrate&quot;:5641334,&quot;dest&quot;:&quot;bonded/bonded1&quot;},{&quot;mip&quot;:&quot;4000.ts&quot;,&quot;port&quot;:0,&quot;ip&quot;:&quot;file&quot;,&quot;in_name&quot;:&quot;bond&quot;,&quot;in_active&quot;:1,&quot;in_active_sources&quot;:0,&quot;prg_name&quot;:&quot;&quot;,&quot;prg_prov&quot;:&quot;&quot;,&quot;prg_num&quot;:-1,&quot;chan&quot;:&quot;&quot;,&quot;chan_id&quot;:-1,&quot;id&quot;:&quot;zixi://bonded(bonded2)#10.7.0.66:2088@10.7.0.65,192.168.60.66:2088@192.168.50.65,192.168.5.166:2088@192.168.5.165&quot;,&quot;type&quot;:2,&quot;name&quot;:&quot;bond2&quot;,&quot;asi&quot;:0,&quot;rtmp&quot;:0,&quot;file&quot;:1,&quot;active&quot;:1,&quot;group&quot;:&quot;&quot;,&quot;bonded&quot;:[{&quot;host&quot;:&quot;10.7.0.66&quot;,&quot;port&quot;:2088,&quot;nic&quot;:&quot;10.7.0.65&quot;,&quot;limit&quot;:0,&quot;is_backup&quot;:0,&quot;bitrate&quot;:2902263,&quot;up_time&quot;:279,&quot;error_code&quot;:0,&quot;status_code&quot;:3,&quot;error_str&quot;:&quot;None&quot;,&quot;status_str&quot;:&quot;Connected&quot;},{&quot;host&quot;:&quot;192.168.60.66&quot;,&quot;port&quot;:2088,&quot;nic&quot;:&quot;192.168.50.65&quot;,&quot;limit&quot;:0,&quot;is_backup&quot;:0,&quot;bitrate&quot;:0,&quot;up_time&quot;:0,&quot;error_code&quot;:3,&quot;status_code&quot;:1,&quot;error_str&quot;:&quot;Timeout&quot;,&quot;status_str&quot;:&quot;Connecting&quot;},{&quot;host&quot;:&quot;192.168.5.166&quot;,&quot;port&quot;:2088,&quot;nic&quot;:&quot;192.168.5.165&quot;,&quot;limit&quot;:0,&quot;is_backup&quot;:0,&quot;bitrate&quot;:2805797,&quot;up_time&quot;:128,&quot;error_code&quot;:0,&quot;status_code&quot;:3,&quot;error_str&quot;:&quot;None&quot;,&quot;status_str&quot;:&quot;Connected&quot;}],&quot;error&quot;:&quot;None&quot;,&quot;con_stat&quot;:&quot;Disconnected&quot;,&quot;bitrate&quot;:5633558,&quot;dest&quot;:&quot;bonded/bonded2&quot;},{&quot;mip&quot;:&quot;4000.ts&quot;,&quot;port&quot;:0,&quot;ip&quot;:&quot;file&quot;,&quot;in_name&quot;:&quot;bond&quot;,&quot;in_active&quot;:1,&quot;in_active_sources&quot;:0,&quot;prg_name&quot;:&quot;&quot;,&quot;prg_prov&quot;:&quot;&quot;,&quot;prg_num&quot;:-1,&quot;chan&quot;:&quot;&quot;,&quot;chan_id&quot;:-1,&quot;id&quot;:&quot;zixi://bonded(bonded3)#10.7.0.66:2088@10.7.0.65,192.168.60.66:2088@192.168.50.65,192.168.5.166:2088@192.168.5.165&quot;,&quot;type&quot;:2,&quot;name&quot;:&quot;bond3&quot;,&quot;asi&quot;:0,&quot;rtmp&quot;:0,&quot;file&quot;:1,&quot;active&quot;:1,&quot;group&quot;:&quot;&quot;,&quot;bonded&quot;:[{&quot;host&quot;:&quot;10.7.0.66&quot;,&quot;port&quot;:2088,&quot;nic&quot;:&quot;10.7.0.65&quot;,&quot;limit&quot;:0,&quot;is_backup&quot;:0,&quot;bitrate&quot;:2877231,&quot;up_time&quot;:279,&quot;error_code&quot;:0,&quot;status_code&quot;:3,&quot;error_str&quot;:&quot;None&quot;,&quot;status_str&quot;:&quot;Connected&quot;},{&quot;host&quot;:&quot;192.168.60.66&quot;,&quot;port&quot;:2088,&quot;nic&quot;:&quot;192.168.50.65&quot;,&quot;limit&quot;:0,&quot;is_backup&quot;:0,&quot;bitrate&quot;:0,&quot;up_time&quot;:0,&quot;error_code&quot;:3,&quot;status_code&quot;:1,&quot;error_str&quot;:&quot;Timeout&quot;,&quot;status_str&quot;:&quot;Connecting&quot;},{&quot;host&quot;:&quot;192.168.5.166&quot;,&quot;port&quot;:2088,&quot;nic&quot;:&quot;192.168.5.165&quot;,&quot;limit&quot;:0,&quot;is_backup&quot;:0,&quot;bitrate&quot;:2829737,&quot;up_time&quot;:279,&quot;error_code&quot;:0,&quot;status_code&quot;:3,&quot;error_str&quot;:&quot;None&quot;,&quot;status_str&quot;:&quot;Connected&quot;}],&quot;error&quot;:&quot;None&quot;,&quot;con_stat&quot;:&quot;Disconnected&quot;,&quot;bitrate&quot;:5632663,&quot;dest&quot;:&quot;bonded/bonded3&quot;},{&quot;mip&quot;:&quot;4000.ts&quot;,&quot;port&quot;:0,&quot;ip&quot;:&quot;file&quot;,&quot;in_name&quot;:&quot;bond&quot;,&quot;in_active&quot;:1,&quot;in_active_sources&quot;:0,&quot;prg_name&quot;:&quot;&quot;,&quot;prg_prov&quot;:&quot;&quot;,&quot;prg_num&quot;:-1,&quot;chan&quot;:&quot;&quot;,&quot;chan_id&quot;:-1,&quot;id&quot;:&quot;zixi://bonded(bonded4)#10.7.0.66:2088@10.7.0.65,192.168.60.66:2088@192.168.50.65,192.168.5.166:2088@192.168.5.165&quot;,&quot;type&quot;:2,&quot;name&quot;:&quot;bond4&quot;,&quot;asi&quot;:0,&quot;rtmp&quot;:0,&quot;file&quot;:1,&quot;active&quot;:1,&quot;group&quot;:&quot;&quot;,&quot;bonded&quot;:[{&quot;host&quot;:&quot;10.7.0.66&quot;,&quot;port&quot;:2088,&quot;nic&quot;:&quot;10.7.0.65&quot;,&quot;limit&quot;:0,&quot;is_backup&quot;:0,&quot;bitrate&quot;:2819297,&quot;up_time&quot;:279,&quot;error_code&quot;:0,&quot;status_code&quot;:3,&quot;error_str&quot;:&quot;None&quot;,&quot;status_str&quot;:&quot;Connected&quot;},{&quot;host&quot;:&quot;192.168.60.66&quot;,&quot;port&quot;:2088,&quot;nic&quot;:&quot;192.168.50.65&quot;,&quot;limit&quot;:0,&quot;is_backup&quot;:0,&quot;bitrate&quot;:0,&quot;up_time&quot;:0,&quot;error_code&quot;:3,&quot;status_code&quot;:1,&quot;error_str&quot;:&quot;Timeout&quot;,&quot;status_str&quot;:&quot;Connecting&quot;},{&quot;host&quot;:&quot;192.168.5.166&quot;,&quot;port&quot;:2088,&quot;nic&quot;:&quot;192.168.5.165&quot;,&quot;limit&quot;:0,&quot;is_backup&quot;:0,&quot;bitrate&quot;:2871493,&quot;up_time&quot;:279,&quot;error_code&quot;:0,&quot;status_code&quot;:3,&quot;error_str&quot;:&quot;None&quot;,&quot;status_str&quot;:&quot;Connected&quot;}],&quot;error&quot;:&quot;None&quot;,&quot;con_stat&quot;:&quot;Disconnected&quot;,&quot;bitrate&quot;:5626912,&quot;dest&quot;:&quot;bonded/bonded4&quot;},{&quot;mip&quot;:&quot;4000.ts&quot;,&quot;port&quot;:0,&quot;ip&quot;:&quot;file&quot;,&quot;in_name&quot;:&quot;bond&quot;,&quot;in_active&quot;:1,&quot;in_active_sources&quot;:0,&quot;prg_name&quot;:&quot;&quot;,&quot;prg_prov&quot;:&quot;&quot;,&quot;prg_num&quot;:-1,&quot;chan&quot;:&quot;&quot;,&quot;chan_id&quot;:-1,&quot;id&quot;:&quot;zixi://bonded(bonded5)#10.7.0.66:2088@10.7.0.65,192.168.60.66:2088@192.168.50.65,192.168.5.166:2088@192.168.5.165&quot;,&quot;type&quot;:2,&quot;name&quot;:&quot;bond5&quot;,&quot;asi&quot;:0,&quot;rtmp&quot;:0,&quot;file&quot;:1,&quot;active&quot;:1,&quot;group&quot;:&quot;&quot;,&quot;bonded&quot;:[{&quot;host&quot;:&quot;10.7.0.66&quot;,&quot;port&quot;:2088,&quot;nic&quot;:&quot;10.7.0.65&quot;,&quot;limit&quot;:0,&quot;is_backup&quot;:0,&quot;bitrate&quot;:2938808,&quot;up_time&quot;:279,&quot;error_code&quot;:0,&quot;status_code&quot;:3,&quot;error_str&quot;:&quot;None&quot;,&quot;status_str&quot;:&quot;Connected&quot;},{&quot;host&quot;:&quot;192.168.60.66&quot;,&quot;port&quot;:2088,&quot;nic&quot;:&quot;192.168.50.65&quot;,&quot;limit&quot;:0,&quot;is_backup&quot;:0,&quot;bitrate&quot;:0,&quot;up_time&quot;:0,&quot;error_code&quot;:3,&quot;status_code&quot;:1,&quot;error_str&quot;:&quot;Timeout&quot;,&quot;status_str&quot;:&quot;Connecting&quot;},{&quot;host&quot;:&quot;192.168.5.166&quot;,&quot;port&quot;:2088,&quot;nic&quot;:&quot;192.168.5.165&quot;,&quot;limit&quot;:0,&quot;is_backup&quot;:0,&quot;bitrate&quot;:2762290,&quot;up_time&quot;:279,&quot;error_code&quot;:0,&quot;status_code&quot;:3,&quot;error_str&quot;:&quot;None&quot;,&quot;status_str&quot;:&quot;Connected&quot;}],&quot;error&quot;:&quot;None&quot;,&quot;con_stat&quot;:&quot;Disconnected&quot;,&quot;bitrate&quot;:5637968,&quot;dest&quot;:&quot;bonded/bonded5&quot;},{&quot;mip&quot;:&quot;4000.ts&quot;,&quot;port&quot;:0,&quot;ip&quot;:&quot;file&quot;,&quot;in_name&quot;:&quot;bond&quot;,&quot;in_active&quot;:1,&quot;in_active_sources&quot;:0,&quot;prg_name&quot;:&quot;&quot;,&quot;prg_prov&quot;:&quot;&quot;,&quot;prg_num&quot;:-1,&quot;chan&quot;:&quot;&quot;,&quot;chan_id&quot;:-1,&quot;id&quot;:&quot;zixi://bonded(bonded6)#10.7.0.66:2088@10.7.0.65,192.168.60.66:2088@192.168.50.65,192.168.5.166:2088@192.168.5.165&quot;,&quot;type&quot;:2,&quot;name&quot;:&quot;bond6&quot;,&quot;asi&quot;:0,&quot;rtmp&quot;:0,&quot;file&quot;:1,&quot;active&quot;:1,&quot;group&quot;:&quot;&quot;,&quot;bonded&quot;:[],&quot;error&quot;:&quot;Timeout&quot;,&quot;con_stat&quot;:&quot;Connecting&quot;,&quot;bitrate&quot;:0,&quot;dest&quot;:&quot;bonded/bonded6&quot;},{&quot;mip&quot;:&quot;4000.ts&quot;,&quot;port&quot;:0,&quot;ip&quot;:&quot;file&quot;,&quot;in_name&quot;:&quot;bond&quot;,&quot;in_active&quot;:1,&quot;in_active_sources&quot;:0,&quot;prg_name&quot;:&quot;&quot;,&quot;prg_prov&quot;:&quot;&quot;,&quot;prg_num&quot;:-1,&quot;chan&quot;:&quot;&quot;,&quot;chan_id&quot;:-1,&quot;id&quot;:&quot;zixi://bonded(bonded12)#10.7.0.66:2088@10.7.0.65,192.168.60.66:2088@192.168.50.65,192.168.5.166:2088@192.168.5.165&quot;,&quot;type&quot;:2,&quot;name&quot;:&quot;bond12&quot;,&quot;asi&quot;:0,&quot;rtmp&quot;:0,&quot;file&quot;:1,&quot;active&quot;:1,&quot;group&quot;:&quot;&quot;,&quot;bonded&quot;:[{&quot;host&quot;:&quot;10.7.0.66&quot;,&quot;port&quot;:2088,&quot;nic&quot;:&quot;10.7.0.65&quot;,&quot;limit&quot;:0,&quot;is_backup&quot;:0,&quot;bitrate&quot;:2817053,&quot;up_time&quot;:279,&quot;error_code&quot;:0,&quot;status_code&quot;:3,&quot;error_str&quot;:&quot;None&quot;,&quot;status_str&quot;:&quot;Connected&quot;},{&quot;host&quot;:&quot;192.168.60.66&quot;,&quot;port&quot;:2088,&quot;nic&quot;:&quot;192.168.50.65&quot;,&quot;limit&quot;:0,&quot;is_backup&quot;:0,&quot;bitrate&quot;:0,&quot;up_time&quot;:0,&quot;error_code&quot;:3,&quot;status_code&quot;:1,&quot;error_str&quot;:&quot;Timeout&quot;,&quot;status_str&quot;:&quot;Connecting&quot;},{&quot;host&quot;:&quot;192.168.5.166&quot;,&quot;port&quot;:2088,&quot;nic&quot;:&quot;192.168.5.165&quot;,&quot;limit&quot;:0,&quot;is_backup&quot;:0,&quot;bitrate&quot;:2881931,&quot;up_time&quot;:279,&quot;error_code&quot;:0,&quot;status_code&quot;:3,&quot;error_str&quot;:&quot;None&quot;,&quot;status_str&quot;:&quot;Connected&quot;}],&quot;error&quot;:&quot;None&quot;,&quot;con_stat&quot;:&quot;Disconnected&quot;,&quot;bitrate&quot;:5637880,&quot;dest&quot;:&quot;bonded/bonded12&quot;},{&quot;mip&quot;:&quot;4000.ts&quot;,&quot;port&quot;:0,&quot;ip&quot;:&quot;file&quot;,&quot;in_name&quot;:&quot;bond&quot;,&quot;in_active&quot;:1,&quot;in_active_sources&quot;:0,&quot;prg_name&quot;:&quot;&quot;,&quot;prg_prov&quot;:&quot;&quot;,&quot;prg_num&quot;:-1,&quot;chan&quot;:&quot;&quot;,&quot;chan_id&quot;:-1,&quot;id&quot;:&quot;zixi://bonded(bonded7)#10.7.0.66:2088@10.7.0.65,192.168.60.66:2088@192.168.50.65,192.168.5.166:2088@192.168.5.165&quot;,&quot;type&quot;:2,&quot;name&quot;:&quot;bond7&quot;,&quot;asi&quot;:0,&quot;rtmp&quot;:0,&quot;file&quot;:1,&quot;active&quot;:1,&quot;group&quot;:&quot;&quot;,&quot;bonded&quot;:[{&quot;host&quot;:&quot;10.7.0.66&quot;,&quot;port&quot;:2088,&quot;nic&quot;:&quot;10.7.0.65&quot;,&quot;limit&quot;:0,&quot;is_backup&quot;:0,&quot;bitrate&quot;:2806317,&quot;up_time&quot;:279,&quot;error_code&quot;:0,&quot;status_code&quot;:3,&quot;error_str&quot;:&quot;None&quot;,&quot;status_str&quot;:&quot;Connected&quot;},{&quot;host&quot;:&quot;192.168.60.66&quot;,&quot;port&quot;:2088,&quot;nic&quot;:&quot;192.168.50.65&quot;,&quot;limit&quot;:0,&quot;is_backup&quot;:0,&quot;bitrate&quot;:0,&quot;up_time&quot;:0,&quot;error_code&quot;:3,&quot;status_code&quot;:1,&quot;error_str&quot;:&quot;Timeout&quot;,&quot;status_str&quot;:&quot;Connecting&quot;},{&quot;host&quot;:&quot;192.168.5.166&quot;,&quot;port&quot;:2088,&quot;nic&quot;:&quot;192.168.5.165&quot;,&quot;limit&quot;:0,&quot;is_backup&quot;:0,&quot;bitrate&quot;:2893675,&quot;up_time&quot;:279,&quot;error_code&quot;:0,&quot;status_code&quot;:3,&quot;error_str&quot;:&quot;None&quot;,&quot;status_str&quot;:&quot;Connected&quot;}],&quot;error&quot;:&quot;None&quot;,&quot;con_stat&quot;:&quot;Disconnected&quot;,&quot;bitrate&quot;:5636528,&quot;dest&quot;:&quot;bonded/bonded7&quot;},{&quot;mip&quot;:&quot;4000.ts&quot;,&quot;port&quot;:0,&quot;ip&quot;:&quot;file&quot;,&quot;in_name&quot;:&quot;bond&quot;,&quot;in_active&quot;:1,&quot;in_active_sources&quot;:0,&quot;prg_name&quot;:&quot;&quot;,&quot;prg_prov&quot;:&quot;&quot;,&quot;prg_num&quot;:-1,&quot;chan&quot;:&quot;&quot;,&quot;chan_id&quot;:-1,&quot;id&quot;:&quot;zixi://bonded(bonded13)#10.7.0.66:2088@10.7.0.65,192.168.60.66:2088@192.168.50.65,192.168.5.166:2088@192.168.5.165&quot;,&quot;type&quot;:2,&quot;name&quot;:&quot;bond13&quot;,&quot;asi&quot;:0,&quot;rtmp&quot;:0,&quot;file&quot;:1,&quot;active&quot;:1,&quot;group&quot;:&quot;&quot;,&quot;bonded&quot;:[{&quot;host&quot;:&quot;10.7.0.66&quot;,&quot;port&quot;:2088,&quot;nic&quot;:&quot;10.7.0.65&quot;,&quot;limit&quot;:0,&quot;is_backup&quot;:0,&quot;bitrate&quot;:2847863,&quot;up_time&quot;:279,&quot;error_code&quot;:0,&quot;status_code&quot;:3,&quot;error_str&quot;:&quot;None&quot;,&quot;status_str&quot;:&quot;Connected&quot;},{&quot;host&quot;:&quot;192.168.60.66&quot;,&quot;port&quot;:2088,&quot;nic&quot;:&quot;192.168.50.65&quot;,&quot;limit&quot;:0,&quot;is_backup&quot;:0,&quot;bitrate&quot;:0,&quot;up_time&quot;:0,&quot;error_code&quot;:3,&quot;status_code&quot;:1,&quot;error_str&quot;:&quot;Timeout&quot;,&quot;status_str&quot;:&quot;Connecting&quot;},{&quot;host&quot;:&quot;192.168.5.166&quot;,&quot;port&quot;:2088,&quot;nic&quot;:&quot;192.168.5.165&quot;,&quot;limit&quot;:0,&quot;is_backup&quot;:0,&quot;bitrate&quot;:2834168,&quot;up_time&quot;:279,&quot;error_code&quot;:0,&quot;status_code&quot;:3,&quot;error_str&quot;:&quot;None&quot;,&quot;status_str&quot;:&quot;Connected&quot;}],&quot;error&quot;:&quot;None&quot;,&quot;con_stat&quot;:&quot;Disconnected&quot;,&quot;bitrate&quot;:5616488,&quot;dest&quot;:&quot;bonded/bonded13&quot;},{&quot;mip&quot;:&quot;4000.ts&quot;,&quot;port&quot;:0,&quot;ip&quot;:&quot;file&quot;,&quot;in_name&quot;:&quot;bond&quot;,&quot;in_active&quot;:1,&quot;in_active_sources&quot;:0,&quot;prg_name&quot;:&quot;&quot;,&quot;prg_prov&quot;:&quot;&quot;,&quot;prg_num&quot;:-1,&quot;chan&quot;:&quot;&quot;,&quot;chan_id&quot;:-1,&quot;id&quot;:&quot;zixi://bonded(bonded9)#10.7.0.66:2088@10.7.0.65,192.168.60.66:2088@192.168.50.65,192.168.5.166:2088@192.168.5.165&quot;,&quot;type&quot;:2,&quot;name&quot;:&quot;bond9&quot;,&quot;asi&quot;:0,&quot;rtmp&quot;:0,&quot;file&quot;:1,&quot;active&quot;:1,&quot;group&quot;:&quot;&quot;,&quot;bonded&quot;:[{&quot;host&quot;:&quot;10.7.0.66&quot;,&quot;port&quot;:2088,&quot;nic&quot;:&quot;10.7.0.65&quot;,&quot;limit&quot;:0,&quot;is_backup&quot;:0,&quot;bitrate&quot;:2915358,&quot;up_time&quot;:279,&quot;error_code&quot;:0,&quot;status_code&quot;:3,&quot;error_str&quot;:&quot;None&quot;,&quot;status_str&quot;:&quot;Connected&quot;},{&quot;host&quot;:&quot;192.168.60.66&quot;,&quot;port&quot;:2088,&quot;nic&quot;:&quot;192.168.50.65&quot;,&quot;limit&quot;:0,&quot;is_backup&quot;:0,&quot;bitrate&quot;:0,&quot;up_time&quot;:0,&quot;error_code&quot;:3,&quot;status_code&quot;:1,&quot;error_str&quot;:&quot;Timeout&quot;,&quot;status_str&quot;:&quot;Connecting&quot;},{&quot;host&quot;:&quot;192.168.5.166&quot;,&quot;port&quot;:2088,&quot;nic&quot;:&quot;192.168.5.165&quot;,&quot;limit&quot;:0,&quot;is_backup&quot;:0,&quot;bitrate&quot;:2767558,&quot;up_time&quot;:279,&quot;error_code&quot;:0,&quot;status_code&quot;:3,&quot;error_str&quot;:&quot;None&quot;,&quot;status_str&quot;:&quot;Connected&quot;}],&quot;error&quot;:&quot;None&quot;,&quot;con_stat&quot;:&quot;Disconnected&quot;,&quot;bitrate&quot;:5611812,&quot;dest&quot;:&quot;bonded/bonded9&quot;},{&quot;mip&quot;:&quot;4000.ts&quot;,&quot;port&quot;:0,&quot;ip&quot;:&quot;file&quot;,&quot;in_name&quot;:&quot;bond&quot;,&quot;in_active&quot;:1,&quot;in_active_sources&quot;:0,&quot;prg_name&quot;:&quot;&quot;,&quot;prg_prov&quot;:&quot;&quot;,&quot;prg_num&quot;:-1,&quot;chan&quot;:&quot;&quot;,&quot;chan_id&quot;:-1,&quot;id&quot;:&quot;zixi://bonded(bonded16)#10.7.0.66:2088@10.7.0.65,192.168.60.66:2088@192.168.50.65,192.168.5.166:2088@192.168.5.165&quot;,&quot;type&quot;:2,&quot;name&quot;:&quot;bond16&quot;,&quot;asi&quot;:0,&quot;rtmp&quot;:0,&quot;file&quot;:1,&quot;active&quot;:1,&quot;group&quot;:&quot;&quot;,&quot;bonded&quot;:[{&quot;host&quot;:&quot;10.7.0.66&quot;,&quot;port&quot;:2088,&quot;nic&quot;:&quot;10.7.0.65&quot;,&quot;limit&quot;:0,&quot;is_backup&quot;:0,&quot;bitrate&quot;:2914315,&quot;up_time&quot;:279,&quot;error_code&quot;:0,&quot;status_code&quot;:3,&quot;error_str&quot;:&quot;None&quot;,&quot;status_str&quot;:&quot;Connected&quot;},{&quot;host&quot;:&quot;192.168.60.66&quot;,&quot;port&quot;:2088,&quot;nic&quot;:&quot;192.168.50.65&quot;,&quot;limit&quot;:0,&quot;is_backup&quot;:0,&quot;bitrate&quot;:0,&quot;up_time&quot;:0,&quot;error_code&quot;:3,&quot;status_code&quot;:1,&quot;error_str&quot;:&quot;Timeout&quot;,&quot;status_str&quot;:&quot;Connecting&quot;},{&quot;host&quot;:&quot;192.168.5.166&quot;,&quot;port&quot;:2088,&quot;nic&quot;:&quot;192.168.5.165&quot;,&quot;limit&quot;:0,&quot;is_backup&quot;:0,&quot;bitrate&quot;:2783115,&quot;up_time&quot;:279,&quot;error_code&quot;:0,&quot;status_code&quot;:3,&quot;error_str&quot;:&quot;None&quot;,&quot;status_str&quot;:&quot;Connected&quot;}],&quot;error&quot;:&quot;None&quot;,&quot;con_stat&quot;:&quot;Disconnected&quot;,&quot;bitrate&quot;:5633182,&quot;dest&quot;:&quot;bonded/bonded16&quot;},{&quot;mip&quot;:&quot;4000.ts&quot;,&quot;port&quot;:0,&quot;ip&quot;:&quot;file&quot;,&quot;in_name&quot;:&quot;bond&quot;,&quot;in_active&quot;:1,&quot;in_active_sources&quot;:0,&quot;prg_name&quot;:&quot;&quot;,&quot;prg_prov&quot;:&quot;&quot;,&quot;prg_num&quot;:-1,&quot;chan&quot;:&quot;&quot;,&quot;chan_id&quot;:-1,&quot;id&quot;:&quot;zixi://bonded(bonded10)#10.7.0.66:2088@10.7.0.65,192.168.60.66:2088@192.168.50.65,192.168.5.166:2088@192.168.5.165&quot;,&quot;type&quot;:2,&quot;name&quot;:&quot;bond10&quot;,&quot;asi&quot;:0,&quot;rtmp&quot;:0,&quot;file&quot;:1,&quot;active&quot;:1,&quot;group&quot;:&quot;&quot;,&quot;bonded&quot;:[{&quot;host&quot;:&quot;10.7.0.66&quot;,&quot;port&quot;:2088,&quot;nic&quot;:&quot;10.7.0.65&quot;,&quot;limit&quot;:0,&quot;is_backup&quot;:0,&quot;bitrate&quot;:2885993,&quot;up_time&quot;:269,&quot;error_code&quot;:0,&quot;status_code&quot;:3,&quot;error_str&quot;:&quot;None&quot;,&quot;status_str&quot;:&quot;Connected&quot;},{&quot;host&quot;:&quot;192.168.60.66&quot;,&quot;port&quot;:2088,&quot;nic&quot;:&quot;192.168.50.65&quot;,&quot;limit&quot;:0,&quot;is_backup&quot;:0,&quot;bitrate&quot;:0,&quot;up_time&quot;:0,&quot;error_code&quot;:3,&quot;status_code&quot;:1,&quot;error_str&quot;:&quot;Timeout&quot;,&quot;status_str&quot;:&quot;Connecting&quot;},{&quot;host&quot;:&quot;192.168.5.166&quot;,&quot;port&quot;:2088,&quot;nic&quot;:&quot;192.168.5.165&quot;,&quot;limit&quot;:0,&quot;is_backup&quot;:0,&quot;bitrate&quot;:2810920,&quot;up_time&quot;:269,&quot;error_code&quot;:0,&quot;status_code&quot;:3,&quot;error_str&quot;:&quot;None&quot;,&quot;status_str&quot;:&quot;Connected&quot;}],&quot;error&quot;:&quot;None&quot;,&quot;con_stat&quot;:&quot;Disconnected&quot;,&quot;bitrate&quot;:5633350,&quot;dest&quot;:&quot;bonded/bonded10&quot;},{&quot;mip&quot;:&quot;0.0.0.0&quot;,&quot;port&quot;:4433,&quot;ip&quot;:&quot;0.0.0.0&quot;,&quot;in_name&quot;:&quot;inputudp&quot;,&quot;in_active&quot;:1,&quot;in_active_sources&quot;:0,&quot;prg_name&quot;:&quot;&quot;,&quot;prg_prov&quot;:&quot;&quot;,&quot;prg_num&quot;:-1,&quot;chan&quot;:&quot;&quot;,&quot;chan_id&quot;:-1,&quot;id&quot;:&quot;udp://10.7.0.150:5555&quot;,&quot;type&quot;:1,&quot;name&quot;:&quot;test&quot;,&quot;asi&quot;:0,&quot;rtmp&quot;:0,&quot;file&quot;:0,&quot;active&quot;:1,&quot;group&quot;:&quot;&quot;,&quot;error&quot;:&quot;&quot;,&quot;con_stat&quot;:&quot;Connected&quot;,&quot;bitrate&quot;:0,&quot;dest&quot;:&quot;10.7.0.150:5555@0.0.0.0&quot;}]}
Debug printing ------&gt;&gt;&gt; {&quot;custom_data&quot;:&quot;&quot;,&quot;msg&quot;:&quot;Output deleted.&quot;,&quot;error&quot;:&quot;&quot;,&quot;outs&quot;:[{&quot;mip&quot;:&quot;4000.ts&quot;,&quot;port&quot;:0,&quot;ip&quot;:&quot;file&quot;,&quot;in_name&quot;:&quot;bond&quot;,&quot;in_active&quot;:1,&quot;in_active_sources&quot;:0,&quot;prg_name&quot;:&quot;&quot;,&quot;prg_prov&quot;:&quot;&quot;,&quot;prg_num&quot;:-1,&quot;chan&quot;:&quot;&quot;,&quot;chan_id&quot;:-1,&quot;id&quot;:&quot;zixi://bonded(bonded0)#10.7.0.66:2088@10.7.0.65,192.168.60.66:2088@192.168.50.65,192.168.5.166:2088@192.168.5.165&quot;,&quot;type&quot;:2,&quot;name&quot;:&quot;bond0&quot;,&quot;asi&quot;:0,&quot;rtmp&quot;:0,&quot;file&quot;:1,&quot;active&quot;:1,&quot;group&quot;:&quot;&quot;,&quot;bonded&quot;:[{&quot;host&quot;:&quot;10.7.0.66&quot;,&quot;port&quot;:2088,&quot;nic&quot;:&quot;10.7.0.65&quot;,&quot;limit&quot;:0,&quot;is_backup&quot;:0,&quot;bitrate&quot;:0,&quot;up_time&quot;:2,&quot;error_code&quot;:0,&quot;status_code&quot;:3,&quot;error_str&quot;:&quot;None&quot;,&quot;status_str&quot;:&quot;Connected&quot;},{&quot;host&quot;:&quot;192.168.60.66&quot;,&quot;port&quot;:2088,&quot;nic&quot;:&quot;192.168.50.65&quot;,&quot;limit&quot;:0,&quot;is_backup&quot;:0,&quot;bitrate&quot;:0,&quot;up_time&quot;:0,&quot;error_code&quot;:0,&quot;status_code&quot;:1,&quot;error_str&quot;:&quot;None&quot;,&quot;status_str&quot;:&quot;Connecting&quot;},{&quot;host&quot;:&quot;192.168.5.166&quot;,&quot;port&quot;:2088,&quot;nic&quot;:&quot;192.168.5.165&quot;,&quot;limit&quot;:0,&quot;is_backup&quot;:0,&quot;bitrate&quot;:0,&quot;up_time&quot;:0,&quot;error_code&quot;:0,&quot;status_code&quot;:1,&quot;error_str&quot;:&quot;None&quot;,&quot;status_str&quot;:&quot;Connecting&quot;}],&quot;error&quot;:&quot;None&quot;,&quot;con_stat&quot;:&quot;Disconnected&quot;,&quot;bitrate&quot;:0,&quot;dest&quot;:&quot;bonded/bonded0&quot;},{&quot;mip&quot;:&quot;4000.ts&quot;,&quot;port&quot;:0,&quot;ip&quot;:&quot;file&quot;,&quot;in_name&quot;:&quot;bond&quot;,&quot;in_active&quot;:1,&quot;in_active_sources&quot;:0,&quot;prg_name&quot;:&quot;&quot;,&quot;prg_prov&quot;:&quot;&quot;,&quot;prg_num&quot;:-1,&quot;chan&quot;:&quot;&quot;,&quot;chan_id&quot;:-1,&quot;id&quot;:&quot;zixi://bonded(bonded1)#10.7.0.66:2088@10.7.0.65,192.168.60.66:2088@192.168.50.65,192.168.5.166:2088@192.168.5.165&quot;,&quot;type&quot;:2,&quot;name&quot;:&quot;bond1&quot;,&quot;asi&quot;:0,&quot;rtmp&quot;:0,&quot;file&quot;:1,&quot;active&quot;:1,&quot;group&quot;:&quot;&quot;,&quot;bonded&quot;:[{&quot;host&quot;:&quot;10.7.0.66&quot;,&quot;port&quot;:2088,&quot;nic&quot;:&quot;10.7.0.65&quot;,&quot;limit&quot;:0,&quot;is_backup&quot;:0,&quot;bitrate&quot;:2905354,&quot;up_time&quot;:24,&quot;error_code&quot;:0,&quot;status_code&quot;:3,&quot;error_str&quot;:&quot;None&quot;,&quot;status_str&quot;:&quot;Connected&quot;},{&quot;host&quot;:&quot;192.168.60.66&quot;,&quot;port&quot;:2088,&quot;nic&quot;:&quot;192.168.50.65&quot;,&quot;limit&quot;:0,&quot;is_backup&quot;:0,&quot;bitrate&quot;:0,&quot;up_time&quot;:0,&quot;error_code&quot;:3,&quot;status_code&quot;:1,&quot;error_str&quot;:&quot;Timeout&quot;,&quot;status_str&quot;:&quot;Connecting&quot;},{&quot;host&quot;:&quot;192.168.5.166&quot;,&quot;port&quot;:2088,&quot;nic&quot;:&quot;192.168.5.165&quot;,&quot;limit&quot;:0,&quot;is_backup&quot;:0,&quot;bitrate&quot;:2807502,&quot;up_time&quot;:23,&quot;error_code&quot;:0,&quot;status_code&quot;:3,&quot;error_str&quot;:&quot;None&quot;,&quot;status_str&quot;:&quot;Connected&quot;}],&quot;error&quot;:&quot;None&quot;,&quot;con_stat&quot;:&quot;Disconnected&quot;,&quot;bitrate&quot;:5641334,&quot;dest&quot;:&quot;bonded/bonded1&quot;},{&quot;mip&quot;:&quot;4000.ts&quot;,&quot;port&quot;:0,&quot;ip&quot;:&quot;file&quot;,&quot;in_name&quot;:&quot;bond&quot;,&quot;in_active&quot;:1,&quot;in_active_sources&quot;:0,&quot;prg_name&quot;:&quot;&quot;,&quot;prg_prov&quot;:&quot;&quot;,&quot;prg_num&quot;:-1,&quot;chan&quot;:&quot;&quot;,&quot;chan_id&quot;:-1,&quot;id&quot;:&quot;zixi://bonded(bonded2)#10.7.0.66:2088@10.7.0.65,192.168.60.66:2088@192.168.50.65,192.168.5.166:2088@192.168.5.165&quot;,&quot;type&quot;:2,&quot;name&quot;:&quot;bond2&quot;,&quot;asi&quot;:0,&quot;rtmp&quot;:0,&quot;file&quot;:1,&quot;active&quot;:1,&quot;group&quot;:&quot;&quot;,&quot;bonded&quot;:[{&quot;host&quot;:&quot;10.7.0.66&quot;,&quot;port&quot;:2088,&quot;nic&quot;:&quot;10.7.0.65&quot;,&quot;limit&quot;:0,&quot;is_backup&quot;:0,&quot;bitrate&quot;:2902263,&quot;up_time&quot;:279,&quot;error_code&quot;:0,&quot;status_code&quot;:3,&quot;error_str&quot;:&quot;None&quot;,&quot;status_str&quot;:&quot;Connected&quot;},{&quot;host&quot;:&quot;192.168.60.66&quot;,&quot;port&quot;:2088,&quot;nic&quot;:&quot;192.168.50.65&quot;,&quot;limit&quot;:0,&quot;is_backup&quot;:0,&quot;bitrate&quot;:0,&quot;up_time&quot;:0,&quot;error_code&quot;:3,&quot;status_code&quot;:1,&quot;error_str&quot;:&quot;Timeout&quot;,&quot;status_str&quot;:&quot;Connecting&quot;},{&quot;host&quot;:&quot;192.168.5.166&quot;,&quot;port&quot;:2088,&quot;nic&quot;:&quot;192.168.5.165&quot;,&quot;limit&quot;:0,&quot;is_backup&quot;:0,&quot;bitrate&quot;:2805797,&quot;up_time&quot;:128,&quot;error_code&quot;:0,&quot;status_code&quot;:3,&quot;error_str&quot;:&quot;None&quot;,&quot;status_str&quot;:&quot;Connected&quot;}],&quot;error&quot;:&quot;None&quot;,&quot;con_stat&quot;:&quot;Disconnected&quot;,&quot;bitrate&quot;:5633558,&quot;dest&quot;:&quot;bonded/bonded2&quot;},{&quot;mip&quot;:&quot;4000.ts&quot;,&quot;port&quot;:0,&quot;ip&quot;:&quot;file&quot;,&quot;in_name&quot;:&quot;bond&quot;,&quot;in_active&quot;:1,&quot;in_active_sources&quot;:0,&quot;prg_name&quot;:&quot;&quot;,&quot;prg_prov&quot;:&quot;&quot;,&quot;prg_num&quot;:-1,&quot;chan&quot;:&quot;&quot;,&quot;chan_id&quot;:-1,&quot;id&quot;:&quot;zixi://bonded(bonded3)#10.7.0.66:2088@10.7.0.65,192.168.60.66:2088@192.168.50.65,192.168.5.166:2088@192.168.5.165&quot;,&quot;type&quot;:2,&quot;name&quot;:&quot;bond3&quot;,&quot;asi&quot;:0,&quot;rtmp&quot;:0,&quot;file&quot;:1,&quot;active&quot;:1,&quot;group&quot;:&quot;&quot;,&quot;bonded&quot;:[{&quot;host&quot;:&quot;10.7.0.66&quot;,&quot;port&quot;:2088,&quot;nic&quot;:&quot;10.7.0.65&quot;,&quot;limit&quot;:0,&quot;is_backup&quot;:0,&quot;bitrate&quot;:2877231,&quot;up_time&quot;:279,&quot;error_code&quot;:0,&quot;status_code&quot;:3,&quot;error_str&quot;:&quot;None&quot;,&quot;status_str&quot;:&quot;Connected&quot;},{&quot;host&quot;:&quot;192.168.60.66&quot;,&quot;port&quot;:2088,&quot;nic&quot;:&quot;192.168.50.65&quot;,&quot;limit&quot;:0,&quot;is_backup&quot;:0,&quot;bitrate&quot;:0,&quot;up_time&quot;:0,&quot;error_code&quot;:3,&quot;status_code&quot;:1,&quot;error_str&quot;:&quot;Timeout&quot;,&quot;status_str&quot;:&quot;Connecting&quot;},{&quot;host&quot;:&quot;192.168.5.166&quot;,&quot;port&quot;:2088,&quot;nic&quot;:&quot;192.168.5.165&quot;,&quot;limit&quot;:0,&quot;is_backup&quot;:0,&quot;bitrate&quot;:2829737,&quot;up_time&quot;:279,&quot;error_code&quot;:0,&quot;status_code&quot;:3,&quot;error_str&quot;:&quot;None&quot;,&quot;status_str&quot;:&quot;Connected&quot;}],&quot;error&quot;:&quot;None&quot;,&quot;con_stat&quot;:&quot;Disconnected&quot;,&quot;bitrate&quot;:5632663,&quot;dest&quot;:&quot;bonded/bonded3&quot;},{&quot;mip&quot;:&quot;4000.ts&quot;,&quot;port&quot;:0,&quot;ip&quot;:&quot;file&quot;,&quot;in_name&quot;:&quot;bond&quot;,&quot;in_active&quot;:1,&quot;in_active_sources&quot;:0,&quot;prg_name&quot;:&quot;&quot;,&quot;prg_prov&quot;:&quot;&quot;,&quot;prg_num&quot;:-1,&quot;chan&quot;:&quot;&quot;,&quot;chan_id&quot;:-1,&quot;id&quot;:&quot;zixi://bonded(bonded4)#10.7.0.66:2088@10.7.0.65,192.168.60.66:2088@192.168.50.65,192.168.5.166:2088@192.168.5.165&quot;,&quot;type&quot;:2,&quot;name&quot;:&quot;bond4&quot;,&quot;asi&quot;:0,&quot;rtmp&quot;:0,&quot;file&quot;:1,&quot;active&quot;:1,&quot;group&quot;:&quot;&quot;,&quot;bonded&quot;:[{&quot;host&quot;:&quot;10.7.0.66&quot;,&quot;port&quot;:2088,&quot;nic&quot;:&quot;10.7.0.65&quot;,&quot;limit&quot;:0,&quot;is_backup&quot;:0,&quot;bitrate&quot;:2819297,&quot;up_time&quot;:279,&quot;error_code&quot;:0,&quot;status_code&quot;:3,&quot;error_str&quot;:&quot;None&quot;,&quot;status_str&quot;:&quot;Connected&quot;},{&quot;host&quot;:&quot;192.168.60.66&quot;,&quot;port&quot;:2088,&quot;nic&quot;:&quot;192.168.50.65&quot;,&quot;limit&quot;:0,&quot;is_backup&quot;:0,&quot;bitrate&quot;:0,&quot;up_time&quot;:0,&quot;error_code&quot;:3,&quot;status_code&quot;:1,&quot;error_str&quot;:&quot;Timeout&quot;,&quot;status_str&quot;:&quot;Connecting&quot;},{&quot;host&quot;:&quot;192.168.5.166&quot;,&quot;port&quot;:2088,&quot;nic&quot;:&quot;192.168.5.165&quot;,&quot;limit&quot;:0,&quot;is_backup&quot;:0,&quot;bitrate&quot;:2871493,&quot;up_time&quot;:279,&quot;error_code&quot;:0,&quot;status_code&quot;:3,&quot;error_str&quot;:&quot;None&quot;,&quot;status_str&quot;:&quot;Connected&quot;}],&quot;error&quot;:&quot;None&quot;,&quot;con_stat&quot;:&quot;Disconnected&quot;,&quot;bitrate&quot;:5626912,&quot;dest&quot;:&quot;bonded/bonded4&quot;},{&quot;mip&quot;:&quot;4000.ts&quot;,&quot;port&quot;:0,&quot;ip&quot;:&quot;file&quot;,&quot;in_name&quot;:&quot;bond&quot;,&quot;in_active&quot;:1,&quot;in_active_sources&quot;:0,&quot;prg_name&quot;:&quot;&quot;,&quot;prg_prov&quot;:&quot;&quot;,&quot;prg_num&quot;:-1,&quot;chan&quot;:&quot;&quot;,&quot;chan_id&quot;:-1,&quot;id&quot;:&quot;zixi://bonded(bonded5)#10.7.0.66:2088@10.7.0.65,192.168.60.66:2088@192.168.50.65,192.168.5.166:2088@192.168.5.165&quot;,&quot;type&quot;:2,&quot;name&quot;:&quot;bond5&quot;,&quot;asi&quot;:0,&quot;rtmp&quot;:0,&quot;file&quot;:1,&quot;active&quot;:1,&quot;group&quot;:&quot;&quot;,&quot;bonded&quot;:[{&quot;host&quot;:&quot;10.7.0.66&quot;,&quot;port&quot;:2088,&quot;nic&quot;:&quot;10.7.0.65&quot;,&quot;limit&quot;:0,&quot;is_backup&quot;:0,&quot;bitrate&quot;:2938808,&quot;up_time&quot;:279,&quot;error_code&quot;:0,&quot;status_code&quot;:3,&quot;error_str&quot;:&quot;None&quot;,&quot;status_str&quot;:&quot;Connected&quot;},{&quot;host&quot;:&quot;192.168.60.66&quot;,&quot;port&quot;:2088,&quot;nic&quot;:&quot;192.168.50.65&quot;,&quot;limit&quot;:0,&quot;is_backup&quot;:0,&quot;bitrate&quot;:0,&quot;up_time&quot;:0,&quot;error_code&quot;:3,&quot;status_code&quot;:1,&quot;error_str&quot;:&quot;Timeout&quot;,&quot;status_str&quot;:&quot;Connecting&quot;},{&quot;host&quot;:&quot;192.168.5.166&quot;,&quot;port&quot;:2088,&quot;nic&quot;:&quot;192.168.5.165&quot;,&quot;limit&quot;:0,&quot;is_backup&quot;:0,&quot;bitrate&quot;:2762290,&quot;up_time&quot;:279,&quot;error_code&quot;:0,&quot;status_code&quot;:3,&quot;error_str&quot;:&quot;None&quot;,&quot;status_str&quot;:&quot;Connected&quot;}],&quot;error&quot;:&quot;None&quot;,&quot;con_stat&quot;:&quot;Disconnected&quot;,&quot;bitrate&quot;:5637968,&quot;dest&quot;:&quot;bonded/bonded5&quot;},{&quot;mip&quot;:&quot;4000.ts&quot;,&quot;port&quot;:0,&quot;ip&quot;:&quot;file&quot;,&quot;in_name&quot;:&quot;bond&quot;,&quot;in_active&quot;:1,&quot;in_active_sources&quot;:0,&quot;prg_name&quot;:&quot;&quot;,&quot;prg_prov&quot;:&quot;&quot;,&quot;prg_num&quot;:-1,&quot;chan&quot;:&quot;&quot;,&quot;chan_id&quot;:-1,&quot;id&quot;:&quot;zixi://bonded(bonded6)#10.7.0.66:2088@10.7.0.65,192.168.60.66:2088@192.168.50.65,192.168.5.166:2088@192.168.5.165&quot;,&quot;type&quot;:2,&quot;name&quot;:&quot;bond6&quot;,&quot;asi&quot;:0,&quot;rtmp&quot;:0,&quot;file&quot;:1,&quot;active&quot;:1,&quot;group&quot;:&quot;&quot;,&quot;bonded&quot;:[],&quot;error&quot;:&quot;Timeout&quot;,&quot;con_stat&quot;:&quot;Connecting&quot;,&quot;bitrate&quot;:0,&quot;dest&quot;:&quot;bonded/bonded6&quot;},{&quot;mip&quot;:&quot;4000.ts&quot;,&quot;port&quot;:0,&quot;ip&quot;:&quot;file&quot;,&quot;in_name&quot;:&quot;bond&quot;,&quot;in_active&quot;:1,&quot;in_active_sources&quot;:0,&quot;prg_name&quot;:&quot;&quot;,&quot;prg_prov&quot;:&quot;&quot;,&quot;prg_num&quot;:-1,&quot;chan&quot;:&quot;&quot;,&quot;chan_id&quot;:-1,&quot;id&quot;:&quot;zixi://bonded(bonded12)#10.7.0.66:2088@10.7.0.65,192.168.60.66:2088@192.168.50.65,192.168.5.166:2088@192.168.5.165&quot;,&quot;type&quot;:2,&quot;name&quot;:&quot;bond12&quot;,&quot;asi&quot;:0,&quot;rtmp&quot;:0,&quot;file&quot;:1,&quot;active&quot;:1,&quot;group&quot;:&quot;&quot;,&quot;bonded&quot;:[{&quot;host&quot;:&quot;10.7.0.66&quot;,&quot;port&quot;:2088,&quot;nic&quot;:&quot;10.7.0.65&quot;,&quot;limit&quot;:0,&quot;is_backup&quot;:0,&quot;bitrate&quot;:2817053,&quot;up_time&quot;:279,&quot;error_code&quot;:0,&quot;status_code&quot;:3,&quot;error_str&quot;:&quot;None&quot;,&quot;status_str&quot;:&quot;Connected&quot;},{&quot;host&quot;:&quot;192.168.60.66&quot;,&quot;port&quot;:2088,&quot;nic&quot;:&quot;192.168.50.65&quot;,&quot;limit&quot;:0,&quot;is_backup&quot;:0,&quot;bitrate&quot;:0,&quot;up_time&quot;:0,&quot;error_code&quot;:3,&quot;status_code&quot;:1,&quot;error_str&quot;:&quot;Timeout&quot;,&quot;status_str&quot;:&quot;Connecting&quot;},{&quot;host&quot;:&quot;192.168.5.166&quot;,&quot;port&quot;:2088,&quot;nic&quot;:&quot;192.168.5.165&quot;,&quot;limit&quot;:0,&quot;is_backup&quot;:0,&quot;bitrate&quot;:2881931,&quot;up_time&quot;:279,&quot;error_code&quot;:0,&quot;status_code&quot;:3,&quot;error_str&quot;:&quot;None&quot;,&quot;status_str&quot;:&quot;Connected&quot;}],&quot;error&quot;:&quot;None&quot;,&quot;con_stat&quot;:&quot;Disconnected&quot;,&quot;bitrate&quot;:5637880,&quot;dest&quot;:&quot;bonded/bonded12&quot;},{&quot;mip&quot;:&quot;4000.ts&quot;,&quot;port&quot;:0,&quot;ip&quot;:&quot;file&quot;,&quot;in_name&quot;:&quot;bond&quot;,&quot;in_active&quot;:1,&quot;in_active_sources&quot;:0,&quot;prg_name&quot;:&quot;&quot;,&quot;prg_prov&quot;:&quot;&quot;,&quot;prg_num&quot;:-1,&quot;chan&quot;:&quot;&quot;,&quot;chan_id&quot;:-1,&quot;id&quot;:&quot;zixi://bonded(bonded7)#10.7.0.66:2088@10.7.0.65,192.168.60.66:2088@192.168.50.65,192.168.5.166:2088@192.168.5.165&quot;,&quot;type&quot;:2,&quot;name&quot;:&quot;bond7&quot;,&quot;asi&quot;:0,&quot;rtmp&quot;:0,&quot;file&quot;:1,&quot;active&quot;:1,&quot;group&quot;:&quot;&quot;,&quot;bonded&quot;:[{&quot;host&quot;:&quot;10.7.0.66&quot;,&quot;port&quot;:2088,&quot;nic&quot;:&quot;10.7.0.65&quot;,&quot;limit&quot;:0,&quot;is_backup&quot;:0,&quot;bitrate&quot;:2806317,&quot;up_time&quot;:279,&quot;error_code&quot;:0,&quot;status_code&quot;:3,&quot;error_str&quot;:&quot;None&quot;,&quot;status_str&quot;:&quot;Connected&quot;},{&quot;host&quot;:&quot;192.168.60.66&quot;,&quot;port&quot;:2088,&quot;nic&quot;:&quot;192.168.50.65&quot;,&quot;limit&quot;:0,&quot;is_backup&quot;:0,&quot;bitrate&quot;:0,&quot;up_time&quot;:0,&quot;error_code&quot;:3,&quot;status_code&quot;:1,&quot;error_str&quot;:&quot;Timeout&quot;,&quot;status_str&quot;:&quot;Connecting&quot;},{&quot;host&quot;:&quot;192.168.5.166&quot;,&quot;port&quot;:2088,&quot;nic&quot;:&quot;192.168.5.165&quot;,&quot;limit&quot;:0,&quot;is_backup&quot;:0,&quot;bitrate&quot;:2893675,&quot;up_time&quot;:279,&quot;error_code&quot;:0,&quot;status_code&quot;:3,&quot;error_str&quot;:&quot;None&quot;,&quot;status_str&quot;:&quot;Connected&quot;}],&quot;error&quot;:&quot;None&quot;,&quot;con_stat&quot;:&quot;Disconnected&quot;,&quot;bitrate&quot;:5636528,&quot;dest&quot;:&quot;bonded/bonded7&quot;},{&quot;mip&quot;:&quot;4000.ts&quot;,&quot;port&quot;:0,&quot;ip&quot;:&quot;file&quot;,&quot;in_name&quot;:&quot;bond&quot;,&quot;in_active&quot;:1,&quot;in_active_sources&quot;:0,&quot;prg_name&quot;:&quot;&quot;,&quot;prg_prov&quot;:&quot;&quot;,&quot;prg_num&quot;:-1,&quot;chan&quot;:&quot;&quot;,&quot;chan_id&quot;:-1,&quot;id&quot;:&quot;zixi://bonded(bonded13)#10.7.0.66:2088@10.7.0.65,192.168.60.66:2088@192.168.50.65,192.168.5.166:2088@192.168.5.165&quot;,&quot;type&quot;:2,&quot;name&quot;:&quot;bond13&quot;,&quot;asi&quot;:0,&quot;rtmp&quot;:0,&quot;file&quot;:1,&quot;active&quot;:1,&quot;group&quot;:&quot;&quot;,&quot;bonded&quot;:[{&quot;host&quot;:&quot;10.7.0.66&quot;,&quot;port&quot;:2088,&quot;nic&quot;:&quot;10.7.0.65&quot;,&quot;limit&quot;:0,&quot;is_backup&quot;:0,&quot;bitrate&quot;:2847863,&quot;up_time&quot;:279,&quot;error_code&quot;:0,&quot;status_code&quot;:3,&quot;error_str&quot;:&quot;None&quot;,&quot;status_str&quot;:&quot;Connected&quot;},{&quot;host&quot;:&quot;192.168.60.66&quot;,&quot;port&quot;:2088,&quot;nic&quot;:&quot;192.168.50.65&quot;,&quot;limit&quot;:0,&quot;is_backup&quot;:0,&quot;bitrate&quot;:0,&quot;up_time&quot;:0,&quot;error_code&quot;:3,&quot;status_code&quot;:1,&quot;error_str&quot;:&quot;Timeout&quot;,&quot;status_str&quot;:&quot;Connecting&quot;},{&quot;host&quot;:&quot;192.168.5.166&quot;,&quot;port&quot;:2088,&quot;nic&quot;:&quot;192.168.5.165&quot;,&quot;limit&quot;:0,&quot;is_backup&quot;:0,&quot;bitrate&quot;:2834168,&quot;up_time&quot;:279,&quot;error_code&quot;:0,&quot;status_code&quot;:3,&quot;error_str&quot;:&quot;None&quot;,&quot;status_str&quot;:&quot;Connected&quot;}],&quot;error&quot;:&quot;None&quot;,&quot;con_stat&quot;:&quot;Disconnected&quot;,&quot;bitrate&quot;:5616488,&quot;dest&quot;:&quot;bonded/bonded13&quot;},{&quot;mip&quot;:&quot;4000.ts&quot;,&quot;port&quot;:0,&quot;ip&quot;:&quot;file&quot;,&quot;in_name&quot;:&quot;bond&quot;,&quot;in_active&quot;:1,&quot;in_active_sources&quot;:0,&quot;prg_name&quot;:&quot;&quot;,&quot;prg_prov&quot;:&quot;&quot;,&quot;prg_num&quot;:-1,&quot;chan&quot;:&quot;&quot;,&quot;chan_id&quot;:-1,&quot;id&quot;:&quot;zixi://bonded(bonded9)#10.7.0.66:2088@10.7.0.65,192.168.60.66:2088@192.168.50.65,192.168.5.166:2088@192.168.5.165&quot;,&quot;type&quot;:2,&quot;name&quot;:&quot;bond9&quot;,&quot;asi&quot;:0,&quot;rtmp&quot;:0,&quot;file&quot;:1,&quot;active&quot;:1,&quot;group&quot;:&quot;&quot;,&quot;bonded&quot;:[{&quot;host&quot;:&quot;10.7.0.66&quot;,&quot;port&quot;:2088,&quot;nic&quot;:&quot;10.7.0.65&quot;,&quot;limit&quot;:0,&quot;is_backup&quot;:0,&quot;bitrate&quot;:2915358,&quot;up_time&quot;:279,&quot;error_code&quot;:0,&quot;status_code&quot;:3,&quot;error_str&quot;:&quot;None&quot;,&quot;status_str&quot;:&quot;Connected&quot;},{&quot;host&quot;:&quot;192.168.60.66&quot;,&quot;port&quot;:2088,&quot;nic&quot;:&quot;192.168.50.65&quot;,&quot;limit&quot;:0,&quot;is_backup&quot;:0,&quot;bitrate&quot;:0,&quot;up_time&quot;:0,&quot;error_code&quot;:3,&quot;status_code&quot;:1,&quot;error_str&quot;:&quot;Timeout&quot;,&quot;status_str&quot;:&quot;Connecting&quot;},{&quot;host&quot;:&quot;192.168.5.166&quot;,&quot;port&quot;:2088,&quot;nic&quot;:&quot;192.168.5.165&quot;,&quot;limit&quot;:0,&quot;is_backup&quot;:0,&quot;bitrate&quot;:2767558,&quot;up_time&quot;:279,&quot;error_code&quot;:0,&quot;status_code&quot;:3,&quot;error_str&quot;:&quot;None&quot;,&quot;status_str&quot;:&quot;Connected&quot;}],&quot;error&quot;:&quot;None&quot;,&quot;con_stat&quot;:&quot;Disconnected&quot;,&quot;bitrate&quot;:5611812,&quot;dest&quot;:&quot;bonded/bonded9&quot;},{&quot;mip&quot;:&quot;4000.ts&quot;,&quot;port&quot;:0,&quot;ip&quot;:&quot;file&quot;,&quot;in_name&quot;:&quot;bond&quot;,&quot;in_active&quot;:1,&quot;in_active_sources&quot;:0,&quot;prg_name&quot;:&quot;&quot;,&quot;prg_prov&quot;:&quot;&quot;,&quot;prg_num&quot;:-1,&quot;chan&quot;:&quot;&quot;,&quot;chan_id&quot;:-1,&quot;id&quot;:&quot;zixi://bonded(bonded16)#10.7.0.66:2088@10.7.0.65,192.168.60.66:2088@192.168.50.65,192.168.5.166:2088@192.168.5.165&quot;,&quot;type&quot;:2,&quot;name&quot;:&quot;bond16&quot;,&quot;asi&quot;:0,&quot;rtmp&quot;:0,&quot;file&quot;:1,&quot;active&quot;:1,&quot;group&quot;:&quot;&quot;,&quot;bonded&quot;:[{&quot;host&quot;:&quot;10.7.0.66&quot;,&quot;port&quot;:2088,&quot;nic&quot;:&quot;10.7.0.65&quot;,&quot;limit&quot;:0,&quot;is_backup&quot;:0,&quot;bitrate&quot;:2914315,&quot;up_time&quot;:279,&quot;error_code&quot;:0,&quot;status_code&quot;:3,&quot;error_str&quot;:&quot;None&quot;,&quot;status_str&quot;:&quot;Connected&quot;},{&quot;host&quot;:&quot;192.168.60.66&quot;,&quot;port&quot;:2088,&quot;nic&quot;:&quot;192.168.50.65&quot;,&quot;limit&quot;:0,&quot;is_backup&quot;:0,&quot;bitrate&quot;:0,&quot;up_time&quot;:0,&quot;error_code&quot;:3,&quot;status_code&quot;:1,&quot;error_str&quot;:&quot;Timeout&quot;,&quot;status_str&quot;:&quot;Connecting&quot;},{&quot;host&quot;:&quot;192.168.5.166&quot;,&quot;port&quot;:2088,&quot;nic&quot;:&quot;192.168.5.165&quot;,&quot;limit&quot;:0,&quot;is_backup&quot;:0,&quot;bitrate&quot;:2783115,&quot;up_time&quot;:279,&quot;error_code&quot;:0,&quot;status_code&quot;:3,&quot;error_str&quot;:&quot;None&quot;,&quot;status_str&quot;:&quot;Connected&quot;}],&quot;error&quot;:&quot;None&quot;,&quot;con_stat&quot;:&quot;Disconnected&quot;,&quot;bitrate&quot;:5633182,&quot;dest&quot;:&quot;bonded/bonded16&quot;},{&quot;mip&quot;:&quot;0.0.0.0&quot;,&quot;port&quot;:4433,&quot;ip&quot;:&quot;0.0.0.0&quot;,&quot;in_name&quot;:&quot;inputudp&quot;,&quot;in_active&quot;:1,&quot;in_active_sources&quot;:0,&quot;prg_name&quot;:&quot;&quot;,&quot;prg_prov&quot;:&quot;&quot;,&quot;prg_num&quot;:-1,&quot;chan&quot;:&quot;&quot;,&quot;chan_id&quot;:-1,&quot;id&quot;:&quot;udp://10.7.0.150:5555&quot;,&quot;type&quot;:1,&quot;name&quot;:&quot;test&quot;,&quot;asi&quot;:0,&quot;rtmp&quot;:0,&quot;file&quot;:0,&quot;active&quot;:1,&quot;group&quot;:&quot;&quot;,&quot;error&quot;:&quot;&quot;,&quot;con_stat&quot;:&quot;Connected&quot;,&quot;bitrate&quot;:0,&quot;dest&quot;:&quot;10.7.0.150:5555@0.0.0.0&quot;}]}
Debug printing ------&gt;&gt;&gt; {&quot;custom_data&quot;:&quot;&quot;,&quot;msg&quot;:&quot;Output deleted.&quot;,&quot;error&quot;:&quot;&quot;,&quot;outs&quot;:[{&quot;mip&quot;:&quot;4000.ts&quot;,&quot;port&quot;:0,&quot;ip&quot;:&quot;file&quot;,&quot;in_name&quot;:&quot;bond&quot;,&quot;in_active&quot;:1,&quot;in_active_sources&quot;:0,&quot;prg_name&quot;:&quot;&quot;,&quot;prg_prov&quot;:&quot;&quot;,&quot;prg_num&quot;:-1,&quot;chan&quot;:&quot;&quot;,&quot;chan_id&quot;:-1,&quot;id&quot;:&quot;zixi://bonded(bonded0)#10.7.0.66:2088@10.7.0.65,192.168.60.66:2088@192.168.50.65,192.168.5.166:2088@192.168.5.165&quot;,&quot;type&quot;:2,&quot;name&quot;:&quot;bond0&quot;,&quot;asi&quot;:0,&quot;rtmp&quot;:0,&quot;file&quot;:1,&quot;active&quot;:1,&quot;group&quot;:&quot;&quot;,&quot;bonded&quot;:[{&quot;host&quot;:&quot;10.7.0.66&quot;,&quot;port&quot;:2088,&quot;nic&quot;:&quot;10.7.0.65&quot;,&quot;limit&quot;:0,&quot;is_backup&quot;:0,&quot;bitrate&quot;:0,&quot;up_time&quot;:2,&quot;error_code&quot;:0,&quot;status_code&quot;:3,&quot;error_str&quot;:&quot;None&quot;,&quot;status_str&quot;:&quot;Connected&quot;},{&quot;host&quot;:&quot;192.168.60.66&quot;,&quot;port&quot;:2088,&quot;nic&quot;:&quot;192.168.50.65&quot;,&quot;limit&quot;:0,&quot;is_backup&quot;:0,&quot;bitrate&quot;:0,&quot;up_time&quot;:0,&quot;error_code&quot;:0,&quot;status_code&quot;:1,&quot;error_str&quot;:&quot;None&quot;,&quot;status_str&quot;:&quot;Connecting&quot;},{&quot;host&quot;:&quot;192.168.5.166&quot;,&quot;port&quot;:2088,&quot;nic&quot;:&quot;192.168.5.165&quot;,&quot;limit&quot;:0,&quot;is_backup&quot;:0,&quot;bitrate&quot;:0,&quot;up_time&quot;:0,&quot;error_code&quot;:0,&quot;status_code&quot;:1,&quot;error_str&quot;:&quot;None&quot;,&quot;status_str&quot;:&quot;Connecting&quot;}],&quot;error&quot;:&quot;None&quot;,&quot;con_stat&quot;:&quot;Disconnected&quot;,&quot;bitrate&quot;:0,&quot;dest&quot;:&quot;bonded/bonded0&quot;},{&quot;mip&quot;:&quot;4000.ts&quot;,&quot;port&quot;:0,&quot;ip&quot;:&quot;file&quot;,&quot;in_name&quot;:&quot;bond&quot;,&quot;in_active&quot;:1,&quot;in_active_sources&quot;:0,&quot;prg_name&quot;:&quot;&quot;,&quot;prg_prov&quot;:&quot;&quot;,&quot;prg_num&quot;:-1,&quot;chan&quot;:&quot;&quot;,&quot;chan_id&quot;:-1,&quot;id&quot;:&quot;zixi://bonded(bonded1)#10.7.0.66:2088@10.7.0.65,192.168.60.66:2088@192.168.50.65,192.168.5.166:2088@192.168.5.165&quot;,&quot;type&quot;:2,&quot;name&quot;:&quot;bond1&quot;,&quot;asi&quot;:0,&quot;rtmp&quot;:0,&quot;file&quot;:1,&quot;active&quot;:1,&quot;group&quot;:&quot;&quot;,&quot;bonded&quot;:[{&quot;host&quot;:&quot;10.7.0.66&quot;,&quot;port&quot;:2088,&quot;nic&quot;:&quot;10.7.0.65&quot;,&quot;limit&quot;:0,&quot;is_backup&quot;:0,&quot;bitrate&quot;:2905354,&quot;up_time&quot;:24,&quot;error_code&quot;:0,&quot;status_code&quot;:3,&quot;error_str&quot;:&quot;None&quot;,&quot;status_str&quot;:&quot;Connected&quot;},{&quot;host&quot;:&quot;192.168.60.66&quot;,&quot;port&quot;:2088,&quot;nic&quot;:&quot;192.168.50.65&quot;,&quot;limit&quot;:0,&quot;is_backup&quot;:0,&quot;bitrate&quot;:0,&quot;up_time&quot;:0,&quot;error_code&quot;:3,&quot;status_code&quot;:1,&quot;error_str&quot;:&quot;Timeout&quot;,&quot;status_str&quot;:&quot;Connecting&quot;},{&quot;host&quot;:&quot;192.168.5.166&quot;,&quot;port&quot;:2088,&quot;nic&quot;:&quot;192.168.5.165&quot;,&quot;limit&quot;:0,&quot;is_backup&quot;:0,&quot;bitrate&quot;:2807502,&quot;up_time&quot;:23,&quot;error_code&quot;:0,&quot;status_code&quot;:3,&quot;error_str&quot;:&quot;None&quot;,&quot;status_str&quot;:&quot;Connected&quot;}],&quot;error&quot;:&quot;None&quot;,&quot;con_stat&quot;:&quot;Disconnected&quot;,&quot;bitrate&quot;:5641334,&quot;dest&quot;:&quot;bonded/bonded1&quot;},{&quot;mip&quot;:&quot;4000.ts&quot;,&quot;port&quot;:0,&quot;ip&quot;:&quot;file&quot;,&quot;in_name&quot;:&quot;bond&quot;,&quot;in_active&quot;:1,&quot;in_active_sources&quot;:0,&quot;prg_name&quot;:&quot;&quot;,&quot;prg_prov&quot;:&quot;&quot;,&quot;prg_num&quot;:-1,&quot;chan&quot;:&quot;&quot;,&quot;chan_id&quot;:-1,&quot;id&quot;:&quot;zixi://bonded(bonded2)#10.7.0.66:2088@10.7.0.65,192.168.60.66:2088@192.168.50.65,192.168.5.166:2088@192.168.5.165&quot;,&quot;type&quot;:2,&quot;name&quot;:&quot;bond2&quot;,&quot;asi&quot;:0,&quot;rtmp&quot;:0,&quot;file&quot;:1,&quot;active&quot;:1,&quot;group&quot;:&quot;&quot;,&quot;bonded&quot;:[{&quot;host&quot;:&quot;10.7.0.66&quot;,&quot;port&quot;:2088,&quot;nic&quot;:&quot;10.7.0.65&quot;,&quot;limit&quot;:0,&quot;is_backup&quot;:0,&quot;bitrate&quot;:2902263,&quot;up_time&quot;:279,&quot;error_code&quot;:0,&quot;status_code&quot;:3,&quot;error_str&quot;:&quot;None&quot;,&quot;status_str&quot;:&quot;Connected&quot;},{&quot;host&quot;:&quot;192.168.60.66&quot;,&quot;port&quot;:2088,&quot;nic&quot;:&quot;192.168.50.65&quot;,&quot;limit&quot;:0,&quot;is_backup&quot;:0,&quot;bitrate&quot;:0,&quot;up_time&quot;:0,&quot;error_code&quot;:3,&quot;status_code&quot;:1,&quot;error_str&quot;:&quot;Timeout&quot;,&quot;status_str&quot;:&quot;Connecting&quot;},{&quot;host&quot;:&quot;192.168.5.166&quot;,&quot;port&quot;:2088,&quot;nic&quot;:&quot;192.168.5.165&quot;,&quot;limit&quot;:0,&quot;is_backup&quot;:0,&quot;bitrate&quot;:2805797,&quot;up_time&quot;:128,&quot;error_code&quot;:0,&quot;status_code&quot;:3,&quot;error_str&quot;:&quot;None&quot;,&quot;status_str&quot;:&quot;Connected&quot;}],&quot;error&quot;:&quot;None&quot;,&quot;con_stat&quot;:&quot;Disconnected&quot;,&quot;bitrate&quot;:5633558,&quot;dest&quot;:&quot;bonded/bonded2&quot;},{&quot;mip&quot;:&quot;4000.ts&quot;,&quot;port&quot;:0,&quot;ip&quot;:&quot;file&quot;,&quot;in_name&quot;:&quot;bond&quot;,&quot;in_active&quot;:1,&quot;in_active_sources&quot;:0,&quot;prg_name&quot;:&quot;&quot;,&quot;prg_prov&quot;:&quot;&quot;,&quot;prg_num&quot;:-1,&quot;chan&quot;:&quot;&quot;,&quot;chan_id&quot;:-1,&quot;id&quot;:&quot;zixi://bonded(bonded3)#10.7.0.66:2088@10.7.0.65,192.168.60.66:2088@192.168.50.65,192.168.5.166:2088@192.168.5.165&quot;,&quot;type&quot;:2,&quot;name&quot;:&quot;bond3&quot;,&quot;asi&quot;:0,&quot;rtmp&quot;:0,&quot;file&quot;:1,&quot;active&quot;:1,&quot;group&quot;:&quot;&quot;,&quot;bonded&quot;:[{&quot;host&quot;:&quot;10.7.0.66&quot;,&quot;port&quot;:2088,&quot;nic&quot;:&quot;10.7.0.65&quot;,&quot;limit&quot;:0,&quot;is_backup&quot;:0,&quot;bitrate&quot;:2877231,&quot;up_time&quot;:279,&quot;error_code&quot;:0,&quot;status_code&quot;:3,&quot;error_str&quot;:&quot;None&quot;,&quot;status_str&quot;:&quot;Connected&quot;},{&quot;host&quot;:&quot;192.168.60.66&quot;,&quot;port&quot;:2088,&quot;nic&quot;:&quot;192.168.50.65&quot;,&quot;limit&quot;:0,&quot;is_backup&quot;:0,&quot;bitrate&quot;:0,&quot;up_time&quot;:0,&quot;error_code&quot;:3,&quot;status_code&quot;:1,&quot;error_str&quot;:&quot;Timeout&quot;,&quot;status_str&quot;:&quot;Connecting&quot;},{&quot;host&quot;:&quot;192.168.5.166&quot;,&quot;port&quot;:2088,&quot;nic&quot;:&quot;192.168.5.165&quot;,&quot;limit&quot;:0,&quot;is_backup&quot;:0,&quot;bitrate&quot;:2829737,&quot;up_time&quot;:279,&quot;error_code&quot;:0,&quot;status_code&quot;:3,&quot;error_str&quot;:&quot;None&quot;,&quot;status_str&quot;:&quot;Connected&quot;}],&quot;error&quot;:&quot;None&quot;,&quot;con_stat&quot;:&quot;Disconnected&quot;,&quot;bitrate&quot;:5632663,&quot;dest&quot;:&quot;bonded/bonded3&quot;},{&quot;mip&quot;:&quot;4000.ts&quot;,&quot;port&quot;:0,&quot;ip&quot;:&quot;file&quot;,&quot;in_name&quot;:&quot;bond&quot;,&quot;in_active&quot;:1,&quot;in_active_sources&quot;:0,&quot;prg_name&quot;:&quot;&quot;,&quot;prg_prov&quot;:&quot;&quot;,&quot;prg_num&quot;:-1,&quot;chan&quot;:&quot;&quot;,&quot;chan_id&quot;:-1,&quot;id&quot;:&quot;zixi://bonded(bonded4)#10.7.0.66:2088@10.7.0.65,192.168.60.66:2088@192.168.50.65,192.168.5.166:2088@192.168.5.165&quot;,&quot;type&quot;:2,&quot;name&quot;:&quot;bond4&quot;,&quot;asi&quot;:0,&quot;rtmp&quot;:0,&quot;file&quot;:1,&quot;active&quot;:1,&quot;group&quot;:&quot;&quot;,&quot;bonded&quot;:[{&quot;host&quot;:&quot;10.7.0.66&quot;,&quot;port&quot;:2088,&quot;nic&quot;:&quot;10.7.0.65&quot;,&quot;limit&quot;:0,&quot;is_backup&quot;:0,&quot;bitrate&quot;:2819297,&quot;up_time&quot;:279,&quot;error_code&quot;:0,&quot;status_code&quot;:3,&quot;error_str&quot;:&quot;None&quot;,&quot;status_str&quot;:&quot;Connected&quot;},{&quot;host&quot;:&quot;192.168.60.66&quot;,&quot;port&quot;:2088,&quot;nic&quot;:&quot;192.168.50.65&quot;,&quot;limit&quot;:0,&quot;is_backup&quot;:0,&quot;bitrate&quot;:0,&quot;up_time&quot;:0,&quot;error_code&quot;:3,&quot;status_code&quot;:1,&quot;error_str&quot;:&quot;Timeout&quot;,&quot;status_str&quot;:&quot;Connecting&quot;},{&quot;host&quot;:&quot;192.168.5.166&quot;,&quot;port&quot;:2088,&quot;nic&quot;:&quot;192.168.5.165&quot;,&quot;limit&quot;:0,&quot;is_backup&quot;:0,&quot;bitrate&quot;:2871493,&quot;up_time&quot;:279,&quot;error_code&quot;:0,&quot;status_code&quot;:3,&quot;error_str&quot;:&quot;None&quot;,&quot;status_str&quot;:&quot;Connected&quot;}],&quot;error&quot;:&quot;None&quot;,&quot;con_stat&quot;:&quot;Disconnected&quot;,&quot;bitrate&quot;:5626912,&quot;dest&quot;:&quot;bonded/bonded4&quot;},{&quot;mip&quot;:&quot;4000.ts&quot;,&quot;port&quot;:0,&quot;ip&quot;:&quot;file&quot;,&quot;in_name&quot;:&quot;bond&quot;,&quot;in_active&quot;:1,&quot;in_active_sources&quot;:0,&quot;prg_name&quot;:&quot;&quot;,&quot;prg_prov&quot;:&quot;&quot;,&quot;prg_num&quot;:-1,&quot;chan&quot;:&quot;&quot;,&quot;chan_id&quot;:-1,&quot;id&quot;:&quot;zixi://bonded(bonded5)#10.7.0.66:2088@10.7.0.65,192.168.60.66:2088@192.168.50.65,192.168.5.166:2088@192.168.5.165&quot;,&quot;type&quot;:2,&quot;name&quot;:&quot;bond5&quot;,&quot;asi&quot;:0,&quot;rtmp&quot;:0,&quot;file&quot;:1,&quot;active&quot;:1,&quot;group&quot;:&quot;&quot;,&quot;bonded&quot;:[{&quot;host&quot;:&quot;10.7.0.66&quot;,&quot;port&quot;:2088,&quot;nic&quot;:&quot;10.7.0.65&quot;,&quot;limit&quot;:0,&quot;is_backup&quot;:0,&quot;bitrate&quot;:2938808,&quot;up_time&quot;:279,&quot;error_code&quot;:0,&quot;status_code&quot;:3,&quot;error_str&quot;:&quot;None&quot;,&quot;status_str&quot;:&quot;Connected&quot;},{&quot;host&quot;:&quot;192.168.60.66&quot;,&quot;port&quot;:2088,&quot;nic&quot;:&quot;192.168.50.65&quot;,&quot;limit&quot;:0,&quot;is_backup&quot;:0,&quot;bitrate&quot;:0,&quot;up_time&quot;:0,&quot;error_code&quot;:3,&quot;status_code&quot;:1,&quot;error_str&quot;:&quot;Timeout&quot;,&quot;status_str&quot;:&quot;Connecting&quot;},{&quot;host&quot;:&quot;192.168.5.166&quot;,&quot;port&quot;:2088,&quot;nic&quot;:&quot;192.168.5.165&quot;,&quot;limit&quot;:0,&quot;is_backup&quot;:0,&quot;bitrate&quot;:2762290,&quot;up_time&quot;:279,&quot;error_code&quot;:0,&quot;status_code&quot;:3,&quot;error_str&quot;:&quot;None&quot;,&quot;status_str&quot;:&quot;Connected&quot;}],&quot;error&quot;:&quot;None&quot;,&quot;con_stat&quot;:&quot;Disconnected&quot;,&quot;bitrate&quot;:5637968,&quot;dest&quot;:&quot;bonded/bonded5&quot;},{&quot;mip&quot;:&quot;4000.ts&quot;,&quot;port&quot;:0,&quot;ip&quot;:&quot;file&quot;,&quot;in_name&quot;:&quot;bond&quot;,&quot;in_active&quot;:1,&quot;in_active_sources&quot;:0,&quot;prg_name&quot;:&quot;&quot;,&quot;prg_prov&quot;:&quot;&quot;,&quot;prg_num&quot;:-1,&quot;chan&quot;:&quot;&quot;,&quot;chan_id&quot;:-1,&quot;id&quot;:&quot;zixi://bonded(bonded6)#10.7.0.66:2088@10.7.0.65,192.168.60.66:2088@192.168.50.65,192.168.5.166:2088@192.168.5.165&quot;,&quot;type&quot;:2,&quot;name&quot;:&quot;bond6&quot;,&quot;asi&quot;:0,&quot;rtmp&quot;:0,&quot;file&quot;:1,&quot;active&quot;:1,&quot;group&quot;:&quot;&quot;,&quot;bonded&quot;:[],&quot;error&quot;:&quot;Timeout&quot;,&quot;con_stat&quot;:&quot;Connecting&quot;,&quot;bitrate&quot;:0,&quot;dest&quot;:&quot;bonded/bonded6&quot;},{&quot;mip&quot;:&quot;4000.ts&quot;,&quot;port&quot;:0,&quot;ip&quot;:&quot;file&quot;,&quot;in_name&quot;:&quot;bond&quot;,&quot;in_active&quot;:1,&quot;in_active_sources&quot;:0,&quot;prg_name&quot;:&quot;&quot;,&quot;prg_prov&quot;:&quot;&quot;,&quot;prg_num&quot;:-1,&quot;chan&quot;:&quot;&quot;,&quot;chan_id&quot;:-1,&quot;id&quot;:&quot;zixi://bonded(bonded12)#10.7.0.66:2088@10.7.0.65,192.168.60.66:2088@192.168.50.65,192.168.5.166:2088@192.168.5.165&quot;,&quot;type&quot;:2,&quot;name&quot;:&quot;bond12&quot;,&quot;asi&quot;:0,&quot;rtmp&quot;:0,&quot;file&quot;:1,&quot;active&quot;:1,&quot;group&quot;:&quot;&quot;,&quot;bonded&quot;:[{&quot;host&quot;:&quot;10.7.0.66&quot;,&quot;port&quot;:2088,&quot;nic&quot;:&quot;10.7.0.65&quot;,&quot;limit&quot;:0,&quot;is_backup&quot;:0,&quot;bitrate&quot;:2817053,&quot;up_time&quot;:279,&quot;error_code&quot;:0,&quot;status_code&quot;:3,&quot;error_str&quot;:&quot;None&quot;,&quot;status_str&quot;:&quot;Connected&quot;},{&quot;host&quot;:&quot;192.168.60.66&quot;,&quot;port&quot;:2088,&quot;nic&quot;:&quot;192.168.50.65&quot;,&quot;limit&quot;:0,&quot;is_backup&quot;:0,&quot;bitrate&quot;:0,&quot;up_time&quot;:0,&quot;error_code&quot;:3,&quot;status_code&quot;:1,&quot;error_str&quot;:&quot;Timeout&quot;,&quot;status_str&quot;:&quot;Connecting&quot;},{&quot;host&quot;:&quot;192.168.5.166&quot;,&quot;port&quot;:2088,&quot;nic&quot;:&quot;192.168.5.165&quot;,&quot;limit&quot;:0,&quot;is_backup&quot;:0,&quot;bitrate&quot;:2881931,&quot;up_time&quot;:279,&quot;error_code&quot;:0,&quot;status_code&quot;:3,&quot;error_str&quot;:&quot;None&quot;,&quot;status_str&quot;:&quot;Connected&quot;}],&quot;error&quot;:&quot;None&quot;,&quot;con_stat&quot;:&quot;Disconnected&quot;,&quot;bitrate&quot;:5637880,&quot;dest&quot;:&quot;bonded/bonded12&quot;},{&quot;mip&quot;:&quot;4000.ts&quot;,&quot;port&quot;:0,&quot;ip&quot;:&quot;file&quot;,&quot;in_name&quot;:&quot;bond&quot;,&quot;in_active&quot;:1,&quot;in_active_sources&quot;:0,&quot;prg_name&quot;:&quot;&quot;,&quot;prg_prov&quot;:&quot;&quot;,&quot;prg_num&quot;:-1,&quot;chan&quot;:&quot;&quot;,&quot;chan_id&quot;:-1,&quot;id&quot;:&quot;zixi://bonded(bonded7)#10.7.0.66:2088@10.7.0.65,192.168.60.66:2088@192.168.50.65,192.168.5.166:2088@192.168.5.165&quot;,&quot;type&quot;:2,&quot;name&quot;:&quot;bond7&quot;,&quot;asi&quot;:0,&quot;rtmp&quot;:0,&quot;file&quot;:1,&quot;active&quot;:1,&quot;group&quot;:&quot;&quot;,&quot;bonded&quot;:[{&quot;host&quot;:&quot;10.7.0.66&quot;,&quot;port&quot;:2088,&quot;nic&quot;:&quot;10.7.0.65&quot;,&quot;limit&quot;:0,&quot;is_backup&quot;:0,&quot;bitrate&quot;:2806317,&quot;up_time&quot;:279,&quot;error_code&quot;:0,&quot;status_code&quot;:3,&quot;error_str&quot;:&quot;None&quot;,&quot;status_str&quot;:&quot;Connected&quot;},{&quot;host&quot;:&quot;192.168.60.66&quot;,&quot;port&quot;:2088,&quot;nic&quot;:&quot;192.168.50.65&quot;,&quot;limit&quot;:0,&quot;is_backup&quot;:0,&quot;bitrate&quot;:0,&quot;up_time&quot;:0,&quot;error_code&quot;:3,&quot;status_code&quot;:1,&quot;error_str&quot;:&quot;Timeout&quot;,&quot;status_str&quot;:&quot;Connecting&quot;},{&quot;host&quot;:&quot;192.168.5.166&quot;,&quot;port&quot;:2088,&quot;nic&quot;:&quot;192.168.5.165&quot;,&quot;limit&quot;:0,&quot;is_backup&quot;:0,&quot;bitrate&quot;:2893675,&quot;up_time&quot;:279,&quot;error_code&quot;:0,&quot;status_code&quot;:3,&quot;error_str&quot;:&quot;None&quot;,&quot;status_str&quot;:&quot;Connected&quot;}],&quot;error&quot;:&quot;None&quot;,&quot;con_stat&quot;:&quot;Disconnected&quot;,&quot;bitrate&quot;:5636528,&quot;dest&quot;:&quot;bonded/bonded7&quot;},{&quot;mip&quot;:&quot;4000.ts&quot;,&quot;port&quot;:0,&quot;ip&quot;:&quot;file&quot;,&quot;in_name&quot;:&quot;bond&quot;,&quot;in_active&quot;:1,&quot;in_active_sources&quot;:0,&quot;prg_name&quot;:&quot;&quot;,&quot;prg_prov&quot;:&quot;&quot;,&quot;prg_num&quot;:-1,&quot;chan&quot;:&quot;&quot;,&quot;chan_id&quot;:-1,&quot;id&quot;:&quot;zixi://bonded(bonded13)#10.7.0.66:2088@10.7.0.65,192.168.60.66:2088@192.168.50.65,192.168.5.166:2088@192.168.5.165&quot;,&quot;type&quot;:2,&quot;name&quot;:&quot;bond13&quot;,&quot;asi&quot;:0,&quot;rtmp&quot;:0,&quot;file&quot;:1,&quot;active&quot;:1,&quot;group&quot;:&quot;&quot;,&quot;bonded&quot;:[{&quot;host&quot;:&quot;10.7.0.66&quot;,&quot;port&quot;:2088,&quot;nic&quot;:&quot;10.7.0.65&quot;,&quot;limit&quot;:0,&quot;is_backup&quot;:0,&quot;bitrate&quot;:2847863,&quot;up_time&quot;:279,&quot;error_code&quot;:0,&quot;status_code&quot;:3,&quot;error_str&quot;:&quot;None&quot;,&quot;status_str&quot;:&quot;Connected&quot;},{&quot;host&quot;:&quot;192.168.60.66&quot;,&quot;port&quot;:2088,&quot;nic&quot;:&quot;192.168.50.65&quot;,&quot;limit&quot;:0,&quot;is_backup&quot;:0,&quot;bitrate&quot;:0,&quot;up_time&quot;:0,&quot;error_code&quot;:3,&quot;status_code&quot;:1,&quot;error_str&quot;:&quot;Timeout&quot;,&quot;status_str&quot;:&quot;Connecting&quot;},{&quot;host&quot;:&quot;192.168.5.166&quot;,&quot;port&quot;:2088,&quot;nic&quot;:&quot;192.168.5.165&quot;,&quot;limit&quot;:0,&quot;is_backup&quot;:0,&quot;bitrate&quot;:2834168,&quot;up_time&quot;:279,&quot;error_code&quot;:0,&quot;status_code&quot;:3,&quot;error_str&quot;:&quot;None&quot;,&quot;status_str&quot;:&quot;Connected&quot;}],&quot;error&quot;:&quot;None&quot;,&quot;con_stat&quot;:&quot;Disconnected&quot;,&quot;bitrate&quot;:5616488,&quot;dest&quot;:&quot;bonded/bonded13&quot;},{&quot;mip&quot;:&quot;4000.ts&quot;,&quot;port&quot;:0,&quot;ip&quot;:&quot;file&quot;,&quot;in_name&quot;:&quot;bond&quot;,&quot;in_active&quot;:1,&quot;in_active_sources&quot;:0,&quot;prg_name&quot;:&quot;&quot;,&quot;prg_prov&quot;:&quot;&quot;,&quot;prg_num&quot;:-1,&quot;chan&quot;:&quot;&quot;,&quot;chan_id&quot;:-1,&quot;id&quot;:&quot;zixi://bonded(bonded9)#10.7.0.66:2088@10.7.0.65,192.168.60.66:2088@192.168.50.65,192.168.5.166:2088@192.168.5.165&quot;,&quot;type&quot;:2,&quot;name&quot;:&quot;bond9&quot;,&quot;asi&quot;:0,&quot;rtmp&quot;:0,&quot;file&quot;:1,&quot;active&quot;:1,&quot;group&quot;:&quot;&quot;,&quot;bonded&quot;:[{&quot;host&quot;:&quot;10.7.0.66&quot;,&quot;port&quot;:2088,&quot;nic&quot;:&quot;10.7.0.65&quot;,&quot;limit&quot;:0,&quot;is_backup&quot;:0,&quot;bitrate&quot;:2915358,&quot;up_time&quot;:279,&quot;error_code&quot;:0,&quot;status_code&quot;:3,&quot;error_str&quot;:&quot;None&quot;,&quot;status_str&quot;:&quot;Connected&quot;},{&quot;host&quot;:&quot;192.168.60.66&quot;,&quot;port&quot;:2088,&quot;nic&quot;:&quot;192.168.50.65&quot;,&quot;limit&quot;:0,&quot;is_backup&quot;:0,&quot;bitrate&quot;:0,&quot;up_time&quot;:0,&quot;error_code&quot;:3,&quot;status_code&quot;:1,&quot;error_str&quot;:&quot;Timeout&quot;,&quot;status_str&quot;:&quot;Connecting&quot;},{&quot;host&quot;:&quot;192.168.5.166&quot;,&quot;port&quot;:2088,&quot;nic&quot;:&quot;192.168.5.165&quot;,&quot;limit&quot;:0,&quot;is_backup&quot;:0,&quot;bitrate&quot;:2767558,&quot;up_time&quot;:279,&quot;error_code&quot;:0,&quot;status_code&quot;:3,&quot;error_str&quot;:&quot;None&quot;,&quot;status_str&quot;:&quot;Connected&quot;}],&quot;error&quot;:&quot;None&quot;,&quot;con_stat&quot;:&quot;Disconnected&quot;,&quot;bitrate&quot;:5611812,&quot;dest&quot;:&quot;bonded/bonded9&quot;},{&quot;mip&quot;:&quot;0.0.0.0&quot;,&quot;port&quot;:4433,&quot;ip&quot;:&quot;0.0.0.0&quot;,&quot;in_name&quot;:&quot;inputudp&quot;,&quot;in_active&quot;:1,&quot;in_active_sources&quot;:0,&quot;prg_name&quot;:&quot;&quot;,&quot;prg_prov&quot;:&quot;&quot;,&quot;prg_num&quot;:-1,&quot;chan&quot;:&quot;&quot;,&quot;chan_id&quot;:-1,&quot;id&quot;:&quot;udp://10.7.0.150:5555&quot;,&quot;type&quot;:1,&quot;name&quot;:&quot;test&quot;,&quot;asi&quot;:0,&quot;rtmp&quot;:0,&quot;file&quot;:0,&quot;active&quot;:1,&quot;group&quot;:&quot;&quot;,&quot;error&quot;:&quot;&quot;,&quot;con_stat&quot;:&quot;Connected&quot;,&quot;bitrate&quot;:0,&quot;dest&quot;:&quot;10.7.0.150:5555@0.0.0.0&quot;}]}
Debug printing ------&gt;&gt;&gt; {&quot;custom_data&quot;:&quot;&quot;,&quot;msg&quot;:&quot;Output deleted.&quot;,&quot;error&quot;:&quot;&quot;,&quot;outs&quot;:[{&quot;mip&quot;:&quot;4000.ts&quot;,&quot;port&quot;:0,&quot;ip&quot;:&quot;file&quot;,&quot;in_name&quot;:&quot;bond&quot;,&quot;in_active&quot;:1,&quot;in_active_sources&quot;:0,&quot;prg_name&quot;:&quot;&quot;,&quot;prg_prov&quot;:&quot;&quot;,&quot;prg_num&quot;:-1,&quot;chan&quot;:&quot;&quot;,&quot;chan_id&quot;:-1,&quot;id&quot;:&quot;zixi://bonded(bonded0)#10.7.0.66:2088@10.7.0.65,192.168.60.66:2088@192.168.50.65,192.168.5.166:2088@192.168.5.165&quot;,&quot;type&quot;:2,&quot;name&quot;:&quot;bond0&quot;,&quot;asi&quot;:0,&quot;rtmp&quot;:0,&quot;file&quot;:1,&quot;active&quot;:1,&quot;group&quot;:&quot;&quot;,&quot;bonded&quot;:[{&quot;host&quot;:&quot;10.7.0.66&quot;,&quot;port&quot;:2088,&quot;nic&quot;:&quot;10.7.0.65&quot;,&quot;limit&quot;:0,&quot;is_backup&quot;:0,&quot;bitrate&quot;:0,&quot;up_time&quot;:2,&quot;error_code&quot;:0,&quot;status_code&quot;:3,&quot;error_str&quot;:&quot;None&quot;,&quot;status_str&quot;:&quot;Connected&quot;},{&quot;host&quot;:&quot;192.168.60.66&quot;,&quot;port&quot;:2088,&quot;nic&quot;:&quot;192.168.50.65&quot;,&quot;limit&quot;:0,&quot;is_backup&quot;:0,&quot;bitrate&quot;:0,&quot;up_time&quot;:0,&quot;error_code&quot;:0,&quot;status_code&quot;:1,&quot;error_str&quot;:&quot;None&quot;,&quot;status_str&quot;:&quot;Connecting&quot;},{&quot;host&quot;:&quot;192.168.5.166&quot;,&quot;port&quot;:2088,&quot;nic&quot;:&quot;192.168.5.165&quot;,&quot;limit&quot;:0,&quot;is_backup&quot;:0,&quot;bitrate&quot;:0,&quot;up_time&quot;:0,&quot;error_code&quot;:0,&quot;status_code&quot;:1,&quot;error_str&quot;:&quot;None&quot;,&quot;status_str&quot;:&quot;Connecting&quot;}],&quot;error&quot;:&quot;None&quot;,&quot;con_stat&quot;:&quot;Disconnected&quot;,&quot;bitrate&quot;:0,&quot;dest&quot;:&quot;bonded/bonded0&quot;},{&quot;mip&quot;:&quot;4000.ts&quot;,&quot;port&quot;:0,&quot;ip&quot;:&quot;file&quot;,&quot;in_name&quot;:&quot;bond&quot;,&quot;in_active&quot;:1,&quot;in_active_sources&quot;:0,&quot;prg_name&quot;:&quot;&quot;,&quot;prg_prov&quot;:&quot;&quot;,&quot;prg_num&quot;:-1,&quot;chan&quot;:&quot;&quot;,&quot;chan_id&quot;:-1,&quot;id&quot;:&quot;zixi://bonded(bonded1)#10.7.0.66:2088@10.7.0.65,192.168.60.66:2088@192.168.50.65,192.168.5.166:2088@192.168.5.165&quot;,&quot;type&quot;:2,&quot;name&quot;:&quot;bond1&quot;,&quot;asi&quot;:0,&quot;rtmp&quot;:0,&quot;file&quot;:1,&quot;active&quot;:1,&quot;group&quot;:&quot;&quot;,&quot;bonded&quot;:[{&quot;host&quot;:&quot;10.7.0.66&quot;,&quot;port&quot;:2088,&quot;nic&quot;:&quot;10.7.0.65&quot;,&quot;limit&quot;:0,&quot;is_backup&quot;:0,&quot;bitrate&quot;:2905354,&quot;up_time&quot;:24,&quot;error_code&quot;:0,&quot;status_code&quot;:3,&quot;error_str&quot;:&quot;None&quot;,&quot;status_str&quot;:&quot;Connected&quot;},{&quot;host&quot;:&quot;192.168.60.66&quot;,&quot;port&quot;:2088,&quot;nic&quot;:&quot;192.168.50.65&quot;,&quot;limit&quot;:0,&quot;is_backup&quot;:0,&quot;bitrate&quot;:0,&quot;up_time&quot;:0,&quot;error_code&quot;:3,&quot;status_code&quot;:1,&quot;error_str&quot;:&quot;Timeout&quot;,&quot;status_str&quot;:&quot;Connecting&quot;},{&quot;host&quot;:&quot;192.168.5.166&quot;,&quot;port&quot;:2088,&quot;nic&quot;:&quot;192.168.5.165&quot;,&quot;limit&quot;:0,&quot;is_backup&quot;:0,&quot;bitrate&quot;:2807502,&quot;up_time&quot;:23,&quot;error_code&quot;:0,&quot;status_code&quot;:3,&quot;error_str&quot;:&quot;None&quot;,&quot;status_str&quot;:&quot;Connected&quot;}],&quot;error&quot;:&quot;None&quot;,&quot;con_stat&quot;:&quot;Disconnected&quot;,&quot;bitrate&quot;:5641334,&quot;dest&quot;:&quot;bonded/bonded1&quot;},{&quot;mip&quot;:&quot;4000.ts&quot;,&quot;port&quot;:0,&quot;ip&quot;:&quot;file&quot;,&quot;in_name&quot;:&quot;bond&quot;,&quot;in_active&quot;:1,&quot;in_active_sources&quot;:0,&quot;prg_name&quot;:&quot;&quot;,&quot;prg_prov&quot;:&quot;&quot;,&quot;prg_num&quot;:-1,&quot;chan&quot;:&quot;&quot;,&quot;chan_id&quot;:-1,&quot;id&quot;:&quot;zixi://bonded(bonded2)#10.7.0.66:2088@10.7.0.65,192.168.60.66:2088@192.168.50.65,192.168.5.166:2088@192.168.5.165&quot;,&quot;type&quot;:2,&quot;name&quot;:&quot;bond2&quot;,&quot;asi&quot;:0,&quot;rtmp&quot;:0,&quot;file&quot;:1,&quot;active&quot;:1,&quot;group&quot;:&quot;&quot;,&quot;bonded&quot;:[{&quot;host&quot;:&quot;10.7.0.66&quot;,&quot;port&quot;:2088,&quot;nic&quot;:&quot;10.7.0.65&quot;,&quot;limit&quot;:0,&quot;is_backup&quot;:0,&quot;bitrate&quot;:2902263,&quot;up_time&quot;:279,&quot;error_code&quot;:0,&quot;status_code&quot;:3,&quot;error_str&quot;:&quot;None&quot;,&quot;status_str&quot;:&quot;Connected&quot;},{&quot;host&quot;:&quot;192.168.60.66&quot;,&quot;port&quot;:2088,&quot;nic&quot;:&quot;192.168.50.65&quot;,&quot;limit&quot;:0,&quot;is_backup&quot;:0,&quot;bitrate&quot;:0,&quot;up_time&quot;:0,&quot;error_code&quot;:3,&quot;status_code&quot;:1,&quot;error_str&quot;:&quot;Timeout&quot;,&quot;status_str&quot;:&quot;Connecting&quot;},{&quot;host&quot;:&quot;192.168.5.166&quot;,&quot;port&quot;:2088,&quot;nic&quot;:&quot;192.168.5.165&quot;,&quot;limit&quot;:0,&quot;is_backup&quot;:0,&quot;bitrate&quot;:2805797,&quot;up_time&quot;:128,&quot;error_code&quot;:0,&quot;status_code&quot;:3,&quot;error_str&quot;:&quot;None&quot;,&quot;status_str&quot;:&quot;Connected&quot;}],&quot;error&quot;:&quot;None&quot;,&quot;con_stat&quot;:&quot;Disconnected&quot;,&quot;bitrate&quot;:5633558,&quot;dest&quot;:&quot;bonded/bonded2&quot;},{&quot;mip&quot;:&quot;4000.ts&quot;,&quot;port&quot;:0,&quot;ip&quot;:&quot;file&quot;,&quot;in_name&quot;:&quot;bond&quot;,&quot;in_active&quot;:1,&quot;in_active_sources&quot;:0,&quot;prg_name&quot;:&quot;&quot;,&quot;prg_prov&quot;:&quot;&quot;,&quot;prg_num&quot;:-1,&quot;chan&quot;:&quot;&quot;,&quot;chan_id&quot;:-1,&quot;id&quot;:&quot;zixi://bonded(bonded3)#10.7.0.66:2088@10.7.0.65,192.168.60.66:2088@192.168.50.65,192.168.5.166:2088@192.168.5.165&quot;,&quot;type&quot;:2,&quot;name&quot;:&quot;bond3&quot;,&quot;asi&quot;:0,&quot;rtmp&quot;:0,&quot;file&quot;:1,&quot;active&quot;:1,&quot;group&quot;:&quot;&quot;,&quot;bonded&quot;:[{&quot;host&quot;:&quot;10.7.0.66&quot;,&quot;port&quot;:2088,&quot;nic&quot;:&quot;10.7.0.65&quot;,&quot;limit&quot;:0,&quot;is_backup&quot;:0,&quot;bitrate&quot;:2877231,&quot;up_time&quot;:279,&quot;error_code&quot;:0,&quot;status_code&quot;:3,&quot;error_str&quot;:&quot;None&quot;,&quot;status_str&quot;:&quot;Connected&quot;},{&quot;host&quot;:&quot;192.168.60.66&quot;,&quot;port&quot;:2088,&quot;nic&quot;:&quot;192.168.50.65&quot;,&quot;limit&quot;:0,&quot;is_backup&quot;:0,&quot;bitrate&quot;:0,&quot;up_time&quot;:0,&quot;error_code&quot;:3,&quot;status_code&quot;:1,&quot;error_str&quot;:&quot;Timeout&quot;,&quot;status_str&quot;:&quot;Connecting&quot;},{&quot;host&quot;:&quot;192.168.5.166&quot;,&quot;port&quot;:2088,&quot;nic&quot;:&quot;192.168.5.165&quot;,&quot;limit&quot;:0,&quot;is_backup&quot;:0,&quot;bitrate&quot;:2829737,&quot;up_time&quot;:279,&quot;error_code&quot;:0,&quot;status_code&quot;:3,&quot;error_str&quot;:&quot;None&quot;,&quot;status_str&quot;:&quot;Connected&quot;}],&quot;error&quot;:&quot;None&quot;,&quot;con_stat&quot;:&quot;Disconnected&quot;,&quot;bitrate&quot;:5632663,&quot;dest&quot;:&quot;bonded/bonded3&quot;},{&quot;mip&quot;:&quot;4000.ts&quot;,&quot;port&quot;:0,&quot;ip&quot;:&quot;file&quot;,&quot;in_name&quot;:&quot;bond&quot;,&quot;in_active&quot;:1,&quot;in_active_sources&quot;:0,&quot;prg_name&quot;:&quot;&quot;,&quot;prg_prov&quot;:&quot;&quot;,&quot;prg_num&quot;:-1,&quot;chan&quot;:&quot;&quot;,&quot;chan_id&quot;:-1,&quot;id&quot;:&quot;zixi://bonded(bonded4)#10.7.0.66:2088@10.7.0.65,192.168.60.66:2088@192.168.50.65,192.168.5.166:2088@192.168.5.165&quot;,&quot;type&quot;:2,&quot;name&quot;:&quot;bond4&quot;,&quot;asi&quot;:0,&quot;rtmp&quot;:0,&quot;file&quot;:1,&quot;active&quot;:1,&quot;group&quot;:&quot;&quot;,&quot;bonded&quot;:[{&quot;host&quot;:&quot;10.7.0.66&quot;,&quot;port&quot;:2088,&quot;nic&quot;:&quot;10.7.0.65&quot;,&quot;limit&quot;:0,&quot;is_backup&quot;:0,&quot;bitrate&quot;:2819297,&quot;up_time&quot;:279,&quot;error_code&quot;:0,&quot;status_code&quot;:3,&quot;error_str&quot;:&quot;None&quot;,&quot;status_str&quot;:&quot;Connected&quot;},{&quot;host&quot;:&quot;192.168.60.66&quot;,&quot;port&quot;:2088,&quot;nic&quot;:&quot;192.168.50.65&quot;,&quot;limit&quot;:0,&quot;is_backup&quot;:0,&quot;bitrate&quot;:0,&quot;up_time&quot;:0,&quot;error_code&quot;:3,&quot;status_code&quot;:1,&quot;error_str&quot;:&quot;Timeout&quot;,&quot;status_str&quot;:&quot;Connecting&quot;},{&quot;host&quot;:&quot;192.168.5.166&quot;,&quot;port&quot;:2088,&quot;nic&quot;:&quot;192.168.5.165&quot;,&quot;limit&quot;:0,&quot;is_backup&quot;:0,&quot;bitrate&quot;:2871493,&quot;up_time&quot;:279,&quot;error_code&quot;:0,&quot;status_code&quot;:3,&quot;error_str&quot;:&quot;None&quot;,&quot;status_str&quot;:&quot;Connected&quot;}],&quot;error&quot;:&quot;None&quot;,&quot;con_stat&quot;:&quot;Disconnected&quot;,&quot;bitrate&quot;:5626912,&quot;dest&quot;:&quot;bonded/bonded4&quot;},{&quot;mip&quot;:&quot;4000.ts&quot;,&quot;port&quot;:0,&quot;ip&quot;:&quot;file&quot;,&quot;in_name&quot;:&quot;bond&quot;,&quot;in_active&quot;:1,&quot;in_active_sources&quot;:0,&quot;prg_name&quot;:&quot;&quot;,&quot;prg_prov&quot;:&quot;&quot;,&quot;prg_num&quot;:-1,&quot;chan&quot;:&quot;&quot;,&quot;chan_id&quot;:-1,&quot;id&quot;:&quot;zixi://bonded(bonded5)#10.7.0.66:2088@10.7.0.65,192.168.60.66:2088@192.168.50.65,192.168.5.166:2088@192.168.5.165&quot;,&quot;type&quot;:2,&quot;name&quot;:&quot;bond5&quot;,&quot;asi&quot;:0,&quot;rtmp&quot;:0,&quot;file&quot;:1,&quot;active&quot;:1,&quot;group&quot;:&quot;&quot;,&quot;bonded&quot;:[{&quot;host&quot;:&quot;10.7.0.66&quot;,&quot;port&quot;:2088,&quot;nic&quot;:&quot;10.7.0.65&quot;,&quot;limit&quot;:0,&quot;is_backup&quot;:0,&quot;bitrate&quot;:2938808,&quot;up_time&quot;:279,&quot;error_code&quot;:0,&quot;status_code&quot;:3,&quot;error_str&quot;:&quot;None&quot;,&quot;status_str&quot;:&quot;Connected&quot;},{&quot;host&quot;:&quot;192.168.60.66&quot;,&quot;port&quot;:2088,&quot;nic&quot;:&quot;192.168.50.65&quot;,&quot;limit&quot;:0,&quot;is_backup&quot;:0,&quot;bitrate&quot;:0,&quot;up_time&quot;:0,&quot;error_code&quot;:3,&quot;status_code&quot;:1,&quot;error_str&quot;:&quot;Timeout&quot;,&quot;status_str&quot;:&quot;Connecting&quot;},{&quot;host&quot;:&quot;192.168.5.166&quot;,&quot;port&quot;:2088,&quot;nic&quot;:&quot;192.168.5.165&quot;,&quot;limit&quot;:0,&quot;is_backup&quot;:0,&quot;bitrate&quot;:2762290,&quot;up_time&quot;:279,&quot;error_code&quot;:0,&quot;status_code&quot;:3,&quot;error_str&quot;:&quot;None&quot;,&quot;status_str&quot;:&quot;Connected&quot;}],&quot;error&quot;:&quot;None&quot;,&quot;con_stat&quot;:&quot;Disconnected&quot;,&quot;bitrate&quot;:5637968,&quot;dest&quot;:&quot;bonded/bonded5&quot;},{&quot;mip&quot;:&quot;4000.ts&quot;,&quot;port&quot;:0,&quot;ip&quot;:&quot;file&quot;,&quot;in_name&quot;:&quot;bond&quot;,&quot;in_active&quot;:1,&quot;in_active_sources&quot;:0,&quot;prg_name&quot;:&quot;&quot;,&quot;prg_prov&quot;:&quot;&quot;,&quot;prg_num&quot;:-1,&quot;chan&quot;:&quot;&quot;,&quot;chan_id&quot;:-1,&quot;id&quot;:&quot;zixi://bonded(bonded6)#10.7.0.66:2088@10.7.0.65,192.168.60.66:2088@192.168.50.65,192.168.5.166:2088@192.168.5.165&quot;,&quot;type&quot;:2,&quot;name&quot;:&quot;bond6&quot;,&quot;asi&quot;:0,&quot;rtmp&quot;:0,&quot;file&quot;:1,&quot;active&quot;:1,&quot;group&quot;:&quot;&quot;,&quot;bonded&quot;:[],&quot;error&quot;:&quot;Timeout&quot;,&quot;con_stat&quot;:&quot;Connecting&quot;,&quot;bitrate&quot;:0,&quot;dest&quot;:&quot;bonded/bonded6&quot;},{&quot;mip&quot;:&quot;4000.ts&quot;,&quot;port&quot;:0,&quot;ip&quot;:&quot;file&quot;,&quot;in_name&quot;:&quot;bond&quot;,&quot;in_active&quot;:1,&quot;in_active_sources&quot;:0,&quot;prg_name&quot;:&quot;&quot;,&quot;prg_prov&quot;:&quot;&quot;,&quot;prg_num&quot;:-1,&quot;chan&quot;:&quot;&quot;,&quot;chan_id&quot;:-1,&quot;id&quot;:&quot;zixi://bonded(bonded12)#10.7.0.66:2088@10.7.0.65,192.168.60.66:2088@192.168.50.65,192.168.5.166:2088@192.168.5.165&quot;,&quot;type&quot;:2,&quot;name&quot;:&quot;bond12&quot;,&quot;asi&quot;:0,&quot;rtmp&quot;:0,&quot;file&quot;:1,&quot;active&quot;:1,&quot;group&quot;:&quot;&quot;,&quot;bonded&quot;:[{&quot;host&quot;:&quot;10.7.0.66&quot;,&quot;port&quot;:2088,&quot;nic&quot;:&quot;10.7.0.65&quot;,&quot;limit&quot;:0,&quot;is_backup&quot;:0,&quot;bitrate&quot;:2817053,&quot;up_time&quot;:279,&quot;error_code&quot;:0,&quot;status_code&quot;:3,&quot;error_str&quot;:&quot;None&quot;,&quot;status_str&quot;:&quot;Connected&quot;},{&quot;host&quot;:&quot;192.168.60.66&quot;,&quot;port&quot;:2088,&quot;nic&quot;:&quot;192.168.50.65&quot;,&quot;limit&quot;:0,&quot;is_backup&quot;:0,&quot;bitrate&quot;:0,&quot;up_time&quot;:0,&quot;error_code&quot;:3,&quot;status_code&quot;:1,&quot;error_str&quot;:&quot;Timeout&quot;,&quot;status_str&quot;:&quot;Connecting&quot;},{&quot;host&quot;:&quot;192.168.5.166&quot;,&quot;port&quot;:2088,&quot;nic&quot;:&quot;192.168.5.165&quot;,&quot;limit&quot;:0,&quot;is_backup&quot;:0,&quot;bitrate&quot;:2881931,&quot;up_time&quot;:279,&quot;error_code&quot;:0,&quot;status_code&quot;:3,&quot;error_str&quot;:&quot;None&quot;,&quot;status_str&quot;:&quot;Connected&quot;}],&quot;error&quot;:&quot;None&quot;,&quot;con_stat&quot;:&quot;Disconnected&quot;,&quot;bitrate&quot;:5637880,&quot;dest&quot;:&quot;bonded/bonded12&quot;},{&quot;mip&quot;:&quot;4000.ts&quot;,&quot;port&quot;:0,&quot;ip&quot;:&quot;file&quot;,&quot;in_name&quot;:&quot;bond&quot;,&quot;in_active&quot;:1,&quot;in_active_sources&quot;:0,&quot;prg_name&quot;:&quot;&quot;,&quot;prg_prov&quot;:&quot;&quot;,&quot;prg_num&quot;:-1,&quot;chan&quot;:&quot;&quot;,&quot;chan_id&quot;:-1,&quot;id&quot;:&quot;zixi://bonded(bonded7)#10.7.0.66:2088@10.7.0.65,192.168.60.66:2088@192.168.50.65,192.168.5.166:2088@192.168.5.165&quot;,&quot;type&quot;:2,&quot;name&quot;:&quot;bond7&quot;,&quot;asi&quot;:0,&quot;rtmp&quot;:0,&quot;file&quot;:1,&quot;active&quot;:1,&quot;group&quot;:&quot;&quot;,&quot;bonded&quot;:[{&quot;host&quot;:&quot;10.7.0.66&quot;,&quot;port&quot;:2088,&quot;nic&quot;:&quot;10.7.0.65&quot;,&quot;limit&quot;:0,&quot;is_backup&quot;:0,&quot;bitrate&quot;:2806317,&quot;up_time&quot;:279,&quot;error_code&quot;:0,&quot;status_code&quot;:3,&quot;error_str&quot;:&quot;None&quot;,&quot;status_str&quot;:&quot;Connected&quot;},{&quot;host&quot;:&quot;192.168.60.66&quot;,&quot;port&quot;:2088,&quot;nic&quot;:&quot;192.168.50.65&quot;,&quot;limit&quot;:0,&quot;is_backup&quot;:0,&quot;bitrate&quot;:0,&quot;up_time&quot;:0,&quot;error_code&quot;:3,&quot;status_code&quot;:1,&quot;error_str&quot;:&quot;Timeout&quot;,&quot;status_str&quot;:&quot;Connecting&quot;},{&quot;host&quot;:&quot;192.168.5.166&quot;,&quot;port&quot;:2088,&quot;nic&quot;:&quot;192.168.5.165&quot;,&quot;limit&quot;:0,&quot;is_backup&quot;:0,&quot;bitrate&quot;:2893675,&quot;up_time&quot;:279,&quot;error_code&quot;:0,&quot;status_code&quot;:3,&quot;error_str&quot;:&quot;None&quot;,&quot;status_str&quot;:&quot;Connected&quot;}],&quot;error&quot;:&quot;None&quot;,&quot;con_stat&quot;:&quot;Disconnected&quot;,&quot;bitrate&quot;:5636528,&quot;dest&quot;:&quot;bonded/bonded7&quot;},{&quot;mip&quot;:&quot;4000.ts&quot;,&quot;port&quot;:0,&quot;ip&quot;:&quot;file&quot;,&quot;in_name&quot;:&quot;bond&quot;,&quot;in_active&quot;:1,&quot;in_active_sources&quot;:0,&quot;prg_name&quot;:&quot;&quot;,&quot;prg_prov&quot;:&quot;&quot;,&quot;prg_num&quot;:-1,&quot;chan&quot;:&quot;&quot;,&quot;chan_id&quot;:-1,&quot;id&quot;:&quot;zixi://bonded(bonded13)#10.7.0.66:2088@10.7.0.65,192.168.60.66:2088@192.168.50.65,192.168.5.166:2088@192.168.5.165&quot;,&quot;type&quot;:2,&quot;name&quot;:&quot;bond13&quot;,&quot;asi&quot;:0,&quot;rtmp&quot;:0,&quot;file&quot;:1,&quot;active&quot;:1,&quot;group&quot;:&quot;&quot;,&quot;bonded&quot;:[{&quot;host&quot;:&quot;10.7.0.66&quot;,&quot;port&quot;:2088,&quot;nic&quot;:&quot;10.7.0.65&quot;,&quot;limit&quot;:0,&quot;is_backup&quot;:0,&quot;bitrate&quot;:2847863,&quot;up_time&quot;:279,&quot;error_code&quot;:0,&quot;status_code&quot;:3,&quot;error_str&quot;:&quot;None&quot;,&quot;status_str&quot;:&quot;Connected&quot;},{&quot;host&quot;:&quot;192.168.60.66&quot;,&quot;port&quot;:2088,&quot;nic&quot;:&quot;192.168.50.65&quot;,&quot;limit&quot;:0,&quot;is_backup&quot;:0,&quot;bitrate&quot;:0,&quot;up_time&quot;:0,&quot;error_code&quot;:3,&quot;status_code&quot;:1,&quot;error_str&quot;:&quot;Timeout&quot;,&quot;status_str&quot;:&quot;Connecting&quot;},{&quot;host&quot;:&quot;192.168.5.166&quot;,&quot;port&quot;:2088,&quot;nic&quot;:&quot;192.168.5.165&quot;,&quot;limit&quot;:0,&quot;is_backup&quot;:0,&quot;bitrate&quot;:2834168,&quot;up_time&quot;:279,&quot;error_code&quot;:0,&quot;status_code&quot;:3,&quot;error_str&quot;:&quot;None&quot;,&quot;status_str&quot;:&quot;Connected&quot;}],&quot;error&quot;:&quot;None&quot;,&quot;con_stat&quot;:&quot;Disconnected&quot;,&quot;bitrate&quot;:5616488,&quot;dest&quot;:&quot;bonded/bonded13&quot;},{&quot;mip&quot;:&quot;0.0.0.0&quot;,&quot;port&quot;:4433,&quot;ip&quot;:&quot;0.0.0.0&quot;,&quot;in_name&quot;:&quot;inputudp&quot;,&quot;in_active&quot;:1,&quot;in_active_sources&quot;:0,&quot;prg_name&quot;:&quot;&quot;,&quot;prg_prov&quot;:&quot;&quot;,&quot;prg_num&quot;:-1,&quot;chan&quot;:&quot;&quot;,&quot;chan_id&quot;:-1,&quot;id&quot;:&quot;udp://10.7.0.150:5555&quot;,&quot;type&quot;:1,&quot;name&quot;:&quot;test&quot;,&quot;asi&quot;:0,&quot;rtmp&quot;:0,&quot;file&quot;:0,&quot;active&quot;:1,&quot;group&quot;:&quot;&quot;,&quot;error&quot;:&quot;&quot;,&quot;con_stat&quot;:&quot;Connected&quot;,&quot;bitrate&quot;:0,&quot;dest&quot;:&quot;10.7.0.150:5555@0.0.0.0&quot;}]}
Debug printing ------&gt;&gt;&gt; {&quot;custom_data&quot;:&quot;&quot;,&quot;msg&quot;:&quot;Output deleted.&quot;,&quot;error&quot;:&quot;&quot;,&quot;outs&quot;:[{&quot;mip&quot;:&quot;4000.ts&quot;,&quot;port&quot;:0,&quot;ip&quot;:&quot;file&quot;,&quot;in_name&quot;:&quot;bond&quot;,&quot;in_active&quot;:1,&quot;in_active_sources&quot;:0,&quot;prg_name&quot;:&quot;&quot;,&quot;prg_prov&quot;:&quot;&quot;,&quot;prg_num&quot;:-1,&quot;chan&quot;:&quot;&quot;,&quot;chan_id&quot;:-1,&quot;id&quot;:&quot;zixi://bonded(bonded1)#10.7.0.66:2088@10.7.0.65,192.168.60.66:2088@192.168.50.65,192.168.5.166:2088@192.168.5.165&quot;,&quot;type&quot;:2,&quot;name&quot;:&quot;bond1&quot;,&quot;asi&quot;:0,&quot;rtmp&quot;:0,&quot;file&quot;:1,&quot;active&quot;:1,&quot;group&quot;:&quot;&quot;,&quot;bonded&quot;:[{&quot;host&quot;:&quot;10.7.0.66&quot;,&quot;port&quot;:2088,&quot;nic&quot;:&quot;10.7.0.65&quot;,&quot;limit&quot;:0,&quot;is_backup&quot;:0,&quot;bitrate&quot;:2905354,&quot;up_time&quot;:24,&quot;error_code&quot;:0,&quot;status_code&quot;:3,&quot;error_str&quot;:&quot;None&quot;,&quot;status_str&quot;:&quot;Connected&quot;},{&quot;host&quot;:&quot;192.168.60.66&quot;,&quot;port&quot;:2088,&quot;nic&quot;:&quot;192.168.50.65&quot;,&quot;limit&quot;:0,&quot;is_backup&quot;:0,&quot;bitrate&quot;:0,&quot;up_time&quot;:0,&quot;error_code&quot;:3,&quot;status_code&quot;:1,&quot;error_str&quot;:&quot;Timeout&quot;,&quot;status_str&quot;:&quot;Connecting&quot;},{&quot;host&quot;:&quot;192.168.5.166&quot;,&quot;port&quot;:2088,&quot;nic&quot;:&quot;192.168.5.165&quot;,&quot;limit&quot;:0,&quot;is_backup&quot;:0,&quot;bitrate&quot;:2807502,&quot;up_time&quot;:23,&quot;error_code&quot;:0,&quot;status_code&quot;:3,&quot;error_str&quot;:&quot;None&quot;,&quot;status_str&quot;:&quot;Connected&quot;}],&quot;error&quot;:&quot;None&quot;,&quot;con_stat&quot;:&quot;Disconnected&quot;,&quot;bitrate&quot;:5641334,&quot;dest&quot;:&quot;bonded/bonded1&quot;},{&quot;mip&quot;:&quot;4000.ts&quot;,&quot;port&quot;:0,&quot;ip&quot;:&quot;file&quot;,&quot;in_name&quot;:&quot;bond&quot;,&quot;in_active&quot;:1,&quot;in_active_sources&quot;:0,&quot;prg_name&quot;:&quot;&quot;,&quot;prg_prov&quot;:&quot;&quot;,&quot;prg_num&quot;:-1,&quot;chan&quot;:&quot;&quot;,&quot;chan_id&quot;:-1,&quot;id&quot;:&quot;zixi://bonded(bonded2)#10.7.0.66:2088@10.7.0.65,192.168.60.66:2088@192.168.50.65,192.168.5.166:2088@192.168.5.165&quot;,&quot;type&quot;:2,&quot;name&quot;:&quot;bond2&quot;,&quot;asi&quot;:0,&quot;rtmp&quot;:0,&quot;file&quot;:1,&quot;active&quot;:1,&quot;group&quot;:&quot;&quot;,&quot;bonded&quot;:[{&quot;host&quot;:&quot;10.7.0.66&quot;,&quot;port&quot;:2088,&quot;nic&quot;:&quot;10.7.0.65&quot;,&quot;limit&quot;:0,&quot;is_backup&quot;:0,&quot;bitrate&quot;:2902263,&quot;up_time&quot;:279,&quot;error_code&quot;:0,&quot;status_code&quot;:3,&quot;error_str&quot;:&quot;None&quot;,&quot;status_str&quot;:&quot;Connected&quot;},{&quot;host&quot;:&quot;192.168.60.66&quot;,&quot;port&quot;:2088,&quot;nic&quot;:&quot;192.168.50.65&quot;,&quot;limit&quot;:0,&quot;is_backup&quot;:0,&quot;bitrate&quot;:0,&quot;up_time&quot;:0,&quot;error_code&quot;:3,&quot;status_code&quot;:1,&quot;error_str&quot;:&quot;Timeout&quot;,&quot;status_str&quot;:&quot;Connecting&quot;},{&quot;host&quot;:&quot;192.168.5.166&quot;,&quot;port&quot;:2088,&quot;nic&quot;:&quot;192.168.5.165&quot;,&quot;limit&quot;:0,&quot;is_backup&quot;:0,&quot;bitrate&quot;:2805797,&quot;up_time&quot;:128,&quot;error_code&quot;:0,&quot;status_code&quot;:3,&quot;error_str&quot;:&quot;None&quot;,&quot;status_str&quot;:&quot;Connected&quot;}],&quot;error&quot;:&quot;None&quot;,&quot;con_stat&quot;:&quot;Disconnected&quot;,&quot;bitrate&quot;:5633558,&quot;dest&quot;:&quot;bonded/bonded2&quot;},{&quot;mip&quot;:&quot;4000.ts&quot;,&quot;port&quot;:0,&quot;ip&quot;:&quot;file&quot;,&quot;in_name&quot;:&quot;bond&quot;,&quot;in_active&quot;:1,&quot;in_active_sources&quot;:0,&quot;prg_name&quot;:&quot;&quot;,&quot;prg_prov&quot;:&quot;&quot;,&quot;prg_num&quot;:-1,&quot;chan&quot;:&quot;&quot;,&quot;chan_id&quot;:-1,&quot;id&quot;:&quot;zixi://bonded(bonded3)#10.7.0.66:2088@10.7.0.65,192.168.60.66:2088@192.168.50.65,192.168.5.166:2088@192.168.5.165&quot;,&quot;type&quot;:2,&quot;name&quot;:&quot;bond3&quot;,&quot;asi&quot;:0,&quot;rtmp&quot;:0,&quot;file&quot;:1,&quot;active&quot;:1,&quot;group&quot;:&quot;&quot;,&quot;bonded&quot;:[{&quot;host&quot;:&quot;10.7.0.66&quot;,&quot;port&quot;:2088,&quot;nic&quot;:&quot;10.7.0.65&quot;,&quot;limit&quot;:0,&quot;is_backup&quot;:0,&quot;bitrate&quot;:2877231,&quot;up_time&quot;:279,&quot;error_code&quot;:0,&quot;status_code&quot;:3,&quot;error_str&quot;:&quot;None&quot;,&quot;status_str&quot;:&quot;Connected&quot;},{&quot;host&quot;:&quot;192.168.60.66&quot;,&quot;port&quot;:2088,&quot;nic&quot;:&quot;192.168.50.65&quot;,&quot;limit&quot;:0,&quot;is_backup&quot;:0,&quot;bitrate&quot;:0,&quot;up_time&quot;:0,&quot;error_code&quot;:3,&quot;status_code&quot;:1,&quot;error_str&quot;:&quot;Timeout&quot;,&quot;status_str&quot;:&quot;Connecting&quot;},{&quot;host&quot;:&quot;192.168.5.166&quot;,&quot;port&quot;:2088,&quot;nic&quot;:&quot;192.168.5.165&quot;,&quot;limit&quot;:0,&quot;is_backup&quot;:0,&quot;bitrate&quot;:2829737,&quot;up_time&quot;:279,&quot;error_code&quot;:0,&quot;status_code&quot;:3,&quot;error_str&quot;:&quot;None&quot;,&quot;status_str&quot;:&quot;Connected&quot;}],&quot;error&quot;:&quot;None&quot;,&quot;con_stat&quot;:&quot;Disconnected&quot;,&quot;bitrate&quot;:5632663,&quot;dest&quot;:&quot;bonded/bonded3&quot;},{&quot;mip&quot;:&quot;4000.ts&quot;,&quot;port&quot;:0,&quot;ip&quot;:&quot;file&quot;,&quot;in_name&quot;:&quot;bond&quot;,&quot;in_active&quot;:1,&quot;in_active_sources&quot;:0,&quot;prg_name&quot;:&quot;&quot;,&quot;prg_prov&quot;:&quot;&quot;,&quot;prg_num&quot;:-1,&quot;chan&quot;:&quot;&quot;,&quot;chan_id&quot;:-1,&quot;id&quot;:&quot;zixi://bonded(bonded4)#10.7.0.66:2088@10.7.0.65,192.168.60.66:2088@192.168.50.65,192.168.5.166:2088@192.168.5.165&quot;,&quot;type&quot;:2,&quot;name&quot;:&quot;bond4&quot;,&quot;asi&quot;:0,&quot;rtmp&quot;:0,&quot;file&quot;:1,&quot;active&quot;:1,&quot;group&quot;:&quot;&quot;,&quot;bonded&quot;:[{&quot;host&quot;:&quot;10.7.0.66&quot;,&quot;port&quot;:2088,&quot;nic&quot;:&quot;10.7.0.65&quot;,&quot;limit&quot;:0,&quot;is_backup&quot;:0,&quot;bitrate&quot;:2819297,&quot;up_time&quot;:279,&quot;error_code&quot;:0,&quot;status_code&quot;:3,&quot;error_str&quot;:&quot;None&quot;,&quot;status_str&quot;:&quot;Connected&quot;},{&quot;host&quot;:&quot;192.168.60.66&quot;,&quot;port&quot;:2088,&quot;nic&quot;:&quot;192.168.50.65&quot;,&quot;limit&quot;:0,&quot;is_backup&quot;:0,&quot;bitrate&quot;:0,&quot;up_time&quot;:0,&quot;error_code&quot;:3,&quot;status_code&quot;:1,&quot;error_str&quot;:&quot;Timeout&quot;,&quot;status_str&quot;:&quot;Connecting&quot;},{&quot;host&quot;:&quot;192.168.5.166&quot;,&quot;port&quot;:2088,&quot;nic&quot;:&quot;192.168.5.165&quot;,&quot;limit&quot;:0,&quot;is_backup&quot;:0,&quot;bitrate&quot;:2871493,&quot;up_time&quot;:279,&quot;error_code&quot;:0,&quot;status_code&quot;:3,&quot;error_str&quot;:&quot;None&quot;,&quot;status_str&quot;:&quot;Connected&quot;}],&quot;error&quot;:&quot;None&quot;,&quot;con_stat&quot;:&quot;Disconnected&quot;,&quot;bitrate&quot;:5626912,&quot;dest&quot;:&quot;bonded/bonded4&quot;},{&quot;mip&quot;:&quot;4000.ts&quot;,&quot;port&quot;:0,&quot;ip&quot;:&quot;file&quot;,&quot;in_name&quot;:&quot;bond&quot;,&quot;in_active&quot;:1,&quot;in_active_sources&quot;:0,&quot;prg_name&quot;:&quot;&quot;,&quot;prg_prov&quot;:&quot;&quot;,&quot;prg_num&quot;:-1,&quot;chan&quot;:&quot;&quot;,&quot;chan_id&quot;:-1,&quot;id&quot;:&quot;zixi://bonded(bonded5)#10.7.0.66:2088@10.7.0.65,192.168.60.66:2088@192.168.50.65,192.168.5.166:2088@192.168.5.165&quot;,&quot;type&quot;:2,&quot;name&quot;:&quot;bond5&quot;,&quot;asi&quot;:0,&quot;rtmp&quot;:0,&quot;file&quot;:1,&quot;active&quot;:1,&quot;group&quot;:&quot;&quot;,&quot;bonded&quot;:[{&quot;host&quot;:&quot;10.7.0.66&quot;,&quot;port&quot;:2088,&quot;nic&quot;:&quot;10.7.0.65&quot;,&quot;limit&quot;:0,&quot;is_backup&quot;:0,&quot;bitrate&quot;:2938808,&quot;up_time&quot;:279,&quot;error_code&quot;:0,&quot;status_code&quot;:3,&quot;error_str&quot;:&quot;None&quot;,&quot;status_str&quot;:&quot;Connected&quot;},{&quot;host&quot;:&quot;192.168.60.66&quot;,&quot;port&quot;:2088,&quot;nic&quot;:&quot;192.168.50.65&quot;,&quot;limit&quot;:0,&quot;is_backup&quot;:0,&quot;bitrate&quot;:0,&quot;up_time&quot;:0,&quot;error_code&quot;:3,&quot;status_code&quot;:1,&quot;error_str&quot;:&quot;Timeout&quot;,&quot;status_str&quot;:&quot;Connecting&quot;},{&quot;host&quot;:&quot;192.168.5.166&quot;,&quot;port&quot;:2088,&quot;nic&quot;:&quot;192.168.5.165&quot;,&quot;limit&quot;:0,&quot;is_backup&quot;:0,&quot;bitrate&quot;:2762290,&quot;up_time&quot;:279,&quot;error_code&quot;:0,&quot;status_code&quot;:3,&quot;error_str&quot;:&quot;None&quot;,&quot;status_str&quot;:&quot;Connected&quot;}],&quot;error&quot;:&quot;None&quot;,&quot;con_stat&quot;:&quot;Disconnected&quot;,&quot;bitrate&quot;:5637968,&quot;dest&quot;:&quot;bonded/bonded5&quot;},{&quot;mip&quot;:&quot;4000.ts&quot;,&quot;port&quot;:0,&quot;ip&quot;:&quot;file&quot;,&quot;in_name&quot;:&quot;bond&quot;,&quot;in_active&quot;:1,&quot;in_active_sources&quot;:0,&quot;prg_name&quot;:&quot;&quot;,&quot;prg_prov&quot;:&quot;&quot;,&quot;prg_num&quot;:-1,&quot;chan&quot;:&quot;&quot;,&quot;chan_id&quot;:-1,&quot;id&quot;:&quot;zixi://bonded(bonded6)#10.7.0.66:2088@10.7.0.65,192.168.60.66:2088@192.168.50.65,192.168.5.166:2088@192.168.5.165&quot;,&quot;type&quot;:2,&quot;name&quot;:&quot;bond6&quot;,&quot;asi&quot;:0,&quot;rtmp&quot;:0,&quot;file&quot;:1,&quot;active&quot;:1,&quot;group&quot;:&quot;&quot;,&quot;bonded&quot;:[],&quot;error&quot;:&quot;Timeout&quot;,&quot;con_stat&quot;:&quot;Connecting&quot;,&quot;bitrate&quot;:0,&quot;dest&quot;:&quot;bonded/bonded6&quot;},{&quot;mip&quot;:&quot;4000.ts&quot;,&quot;port&quot;:0,&quot;ip&quot;:&quot;file&quot;,&quot;in_name&quot;:&quot;bond&quot;,&quot;in_active&quot;:1,&quot;in_active_sources&quot;:0,&quot;prg_name&quot;:&quot;&quot;,&quot;prg_prov&quot;:&quot;&quot;,&quot;prg_num&quot;:-1,&quot;chan&quot;:&quot;&quot;,&quot;chan_id&quot;:-1,&quot;id&quot;:&quot;zixi://bonded(bonded12)#10.7.0.66:2088@10.7.0.65,192.168.60.66:2088@192.168.50.65,192.168.5.166:2088@192.168.5.165&quot;,&quot;type&quot;:2,&quot;name&quot;:&quot;bond12&quot;,&quot;asi&quot;:0,&quot;rtmp&quot;:0,&quot;file&quot;:1,&quot;active&quot;:1,&quot;group&quot;:&quot;&quot;,&quot;bonded&quot;:[{&quot;host&quot;:&quot;10.7.0.66&quot;,&quot;port&quot;:2088,&quot;nic&quot;:&quot;10.7.0.65&quot;,&quot;limit&quot;:0,&quot;is_backup&quot;:0,&quot;bitrate&quot;:2817053,&quot;up_time&quot;:279,&quot;error_code&quot;:0,&quot;status_code&quot;:3,&quot;error_str&quot;:&quot;None&quot;,&quot;status_str&quot;:&quot;Connected&quot;},{&quot;host&quot;:&quot;192.168.60.66&quot;,&quot;port&quot;:2088,&quot;nic&quot;:&quot;192.168.50.65&quot;,&quot;limit&quot;:0,&quot;is_backup&quot;:0,&quot;bitrate&quot;:0,&quot;up_time&quot;:0,&quot;error_code&quot;:3,&quot;status_code&quot;:1,&quot;error_str&quot;:&quot;Timeout&quot;,&quot;status_str&quot;:&quot;Connecting&quot;},{&quot;host&quot;:&quot;192.168.5.166&quot;,&quot;port&quot;:2088,&quot;nic&quot;:&quot;192.168.5.165&quot;,&quot;limit&quot;:0,&quot;is_backup&quot;:0,&quot;bitrate&quot;:2881931,&quot;up_time&quot;:279,&quot;error_code&quot;:0,&quot;status_code&quot;:3,&quot;error_str&quot;:&quot;None&quot;,&quot;status_str&quot;:&quot;Connected&quot;}],&quot;error&quot;:&quot;None&quot;,&quot;con_stat&quot;:&quot;Disconnected&quot;,&quot;bitrate&quot;:5637880,&quot;dest&quot;:&quot;bonded/bonded12&quot;},{&quot;mip&quot;:&quot;4000.ts&quot;,&quot;port&quot;:0,&quot;ip&quot;:&quot;file&quot;,&quot;in_name&quot;:&quot;bond&quot;,&quot;in_active&quot;:1,&quot;in_active_sources&quot;:0,&quot;prg_name&quot;:&quot;&quot;,&quot;prg_prov&quot;:&quot;&quot;,&quot;prg_num&quot;:-1,&quot;chan&quot;:&quot;&quot;,&quot;chan_id&quot;:-1,&quot;id&quot;:&quot;zixi://bonded(bonded7)#10.7.0.66:2088@10.7.0.65,192.168.60.66:2088@192.168.50.65,192.168.5.166:2088@192.168.5.165&quot;,&quot;type&quot;:2,&quot;name&quot;:&quot;bond7&quot;,&quot;asi&quot;:0,&quot;rtmp&quot;:0,&quot;file&quot;:1,&quot;active&quot;:1,&quot;group&quot;:&quot;&quot;,&quot;bonded&quot;:[{&quot;host&quot;:&quot;10.7.0.66&quot;,&quot;port&quot;:2088,&quot;nic&quot;:&quot;10.7.0.65&quot;,&quot;limit&quot;:0,&quot;is_backup&quot;:0,&quot;bitrate&quot;:2806317,&quot;up_time&quot;:279,&quot;error_code&quot;:0,&quot;status_code&quot;:3,&quot;error_str&quot;:&quot;None&quot;,&quot;status_str&quot;:&quot;Connected&quot;},{&quot;host&quot;:&quot;192.168.60.66&quot;,&quot;port&quot;:2088,&quot;nic&quot;:&quot;192.168.50.65&quot;,&quot;limit&quot;:0,&quot;is_backup&quot;:0,&quot;bitrate&quot;:0,&quot;up_time&quot;:0,&quot;error_code&quot;:3,&quot;status_code&quot;:1,&quot;error_str&quot;:&quot;Timeout&quot;,&quot;status_str&quot;:&quot;Connecting&quot;},{&quot;host&quot;:&quot;192.168.5.166&quot;,&quot;port&quot;:2088,&quot;nic&quot;:&quot;192.168.5.165&quot;,&quot;limit&quot;:0,&quot;is_backup&quot;:0,&quot;bitrate&quot;:2893675,&quot;up_time&quot;:279,&quot;error_code&quot;:0,&quot;status_code&quot;:3,&quot;error_str&quot;:&quot;None&quot;,&quot;status_str&quot;:&quot;Connected&quot;}],&quot;error&quot;:&quot;None&quot;,&quot;con_stat&quot;:&quot;Disconnected&quot;,&quot;bitrate&quot;:5636528,&quot;dest&quot;:&quot;bonded/bonded7&quot;},{&quot;mip&quot;:&quot;4000.ts&quot;,&quot;port&quot;:0,&quot;ip&quot;:&quot;file&quot;,&quot;in_name&quot;:&quot;bond&quot;,&quot;in_active&quot;:1,&quot;in_active_sources&quot;:0,&quot;prg_name&quot;:&quot;&quot;,&quot;prg_prov&quot;:&quot;&quot;,&quot;prg_num&quot;:-1,&quot;chan&quot;:&quot;&quot;,&quot;chan_id&quot;:-1,&quot;id&quot;:&quot;zixi://bonded(bonded13)#10.7.0.66:2088@10.7.0.65,192.168.60.66:2088@192.168.50.65,192.168.5.166:2088@192.168.5.165&quot;,&quot;type&quot;:2,&quot;name&quot;:&quot;bond13&quot;,&quot;asi&quot;:0,&quot;rtmp&quot;:0,&quot;file&quot;:1,&quot;active&quot;:1,&quot;group&quot;:&quot;&quot;,&quot;bonded&quot;:[{&quot;host&quot;:&quot;10.7.0.66&quot;,&quot;port&quot;:2088,&quot;nic&quot;:&quot;10.7.0.65&quot;,&quot;limit&quot;:0,&quot;is_backup&quot;:0,&quot;bitrate&quot;:2847863,&quot;up_time&quot;:279,&quot;error_code&quot;:0,&quot;status_code&quot;:3,&quot;error_str&quot;:&quot;None&quot;,&quot;status_str&quot;:&quot;Connected&quot;},{&quot;host&quot;:&quot;192.168.60.66&quot;,&quot;port&quot;:2088,&quot;nic&quot;:&quot;192.168.50.65&quot;,&quot;limit&quot;:0,&quot;is_backup&quot;:0,&quot;bitrate&quot;:0,&quot;up_time&quot;:0,&quot;error_code&quot;:3,&quot;status_code&quot;:1,&quot;error_str&quot;:&quot;Timeout&quot;,&quot;status_str&quot;:&quot;Connecting&quot;},{&quot;host&quot;:&quot;192.168.5.166&quot;,&quot;port&quot;:2088,&quot;nic&quot;:&quot;192.168.5.165&quot;,&quot;limit&quot;:0,&quot;is_backup&quot;:0,&quot;bitrate&quot;:2834168,&quot;up_time&quot;:279,&quot;error_code&quot;:0,&quot;status_code&quot;:3,&quot;error_str&quot;:&quot;None&quot;,&quot;status_str&quot;:&quot;Connected&quot;}],&quot;error&quot;:&quot;None&quot;,&quot;con_stat&quot;:&quot;Disconnected&quot;,&quot;bitrate&quot;:5616488,&quot;dest&quot;:&quot;bonded/bonded13&quot;},{&quot;mip&quot;:&quot;0.0.0.0&quot;,&quot;port&quot;:4433,&quot;ip&quot;:&quot;0.0.0.0&quot;,&quot;in_name&quot;:&quot;inputudp&quot;,&quot;in_active&quot;:1,&quot;in_active_sources&quot;:0,&quot;prg_name&quot;:&quot;&quot;,&quot;prg_prov&quot;:&quot;&quot;,&quot;prg_num&quot;:-1,&quot;chan&quot;:&quot;&quot;,&quot;chan_id&quot;:-1,&quot;id&quot;:&quot;udp://10.7.0.150:5555&quot;,&quot;type&quot;:1,&quot;name&quot;:&quot;test&quot;,&quot;asi&quot;:0,&quot;rtmp&quot;:0,&quot;file&quot;:0,&quot;active&quot;:1,&quot;group&quot;:&quot;&quot;,&quot;error&quot;:&quot;&quot;,&quot;con_stat&quot;:&quot;Connected&quot;,&quot;bitrate&quot;:0,&quot;dest&quot;:&quot;10.7.0.150:5555@0.0.0.0&quot;}]}
Debug printing ------&gt;&gt;&gt; {&quot;custom_data&quot;:&quot;&quot;,&quot;msg&quot;:&quot;Output deleted.&quot;,&quot;error&quot;:&quot;&quot;,&quot;outs&quot;:[{&quot;mip&quot;:&quot;4000.ts&quot;,&quot;port&quot;:0,&quot;ip&quot;:&quot;file&quot;,&quot;in_name&quot;:&quot;bond&quot;,&quot;in_active&quot;:1,&quot;in_active_sources&quot;:0,&quot;prg_name&quot;:&quot;&quot;,&quot;prg_prov&quot;:&quot;&quot;,&quot;prg_num&quot;:-1,&quot;chan&quot;:&quot;&quot;,&quot;chan_id&quot;:-1,&quot;id&quot;:&quot;zixi://bonded(bonded1)#10.7.0.66:2088@10.7.0.65,192.168.60.66:2088@192.168.50.65,192.168.5.166:2088@192.168.5.165&quot;,&quot;type&quot;:2,&quot;name&quot;:&quot;bond1&quot;,&quot;asi&quot;:0,&quot;rtmp&quot;:0,&quot;file&quot;:1,&quot;active&quot;:1,&quot;group&quot;:&quot;&quot;,&quot;bonded&quot;:[{&quot;host&quot;:&quot;10.7.0.66&quot;,&quot;port&quot;:2088,&quot;nic&quot;:&quot;10.7.0.65&quot;,&quot;limit&quot;:0,&quot;is_backup&quot;:0,&quot;bitrate&quot;:2905354,&quot;up_time&quot;:24,&quot;error_code&quot;:0,&quot;status_code&quot;:3,&quot;error_str&quot;:&quot;None&quot;,&quot;status_str&quot;:&quot;Connected&quot;},{&quot;host&quot;:&quot;192.168.60.66&quot;,&quot;port&quot;:2088,&quot;nic&quot;:&quot;192.168.50.65&quot;,&quot;limit&quot;:0,&quot;is_backup&quot;:0,&quot;bitrate&quot;:0,&quot;up_time&quot;:0,&quot;error_code&quot;:3,&quot;status_code&quot;:1,&quot;error_str&quot;:&quot;Timeout&quot;,&quot;status_str&quot;:&quot;Connecting&quot;},{&quot;host&quot;:&quot;192.168.5.166&quot;,&quot;port&quot;:2088,&quot;nic&quot;:&quot;192.168.5.165&quot;,&quot;limit&quot;:0,&quot;is_backup&quot;:0,&quot;bitrate&quot;:2807502,&quot;up_time&quot;:23,&quot;error_code&quot;:0,&quot;status_code&quot;:3,&quot;error_str&quot;:&quot;None&quot;,&quot;status_str&quot;:&quot;Connected&quot;}],&quot;error&quot;:&quot;None&quot;,&quot;con_stat&quot;:&quot;Disconnected&quot;,&quot;bitrate&quot;:5641334,&quot;dest&quot;:&quot;bonded/bonded1&quot;},{&quot;mip&quot;:&quot;4000.ts&quot;,&quot;port&quot;:0,&quot;ip&quot;:&quot;file&quot;,&quot;in_name&quot;:&quot;bond&quot;,&quot;in_active&quot;:1,&quot;in_active_sources&quot;:0,&quot;prg_name&quot;:&quot;&quot;,&quot;prg_prov&quot;:&quot;&quot;,&quot;prg_num&quot;:-1,&quot;chan&quot;:&quot;&quot;,&quot;chan_id&quot;:-1,&quot;id&quot;:&quot;zixi://bonded(bonded2)#10.7.0.66:2088@10.7.0.65,192.168.60.66:2088@192.168.50.65,192.168.5.166:2088@192.168.5.165&quot;,&quot;type&quot;:2,&quot;name&quot;:&quot;bond2&quot;,&quot;asi&quot;:0,&quot;rtmp&quot;:0,&quot;file&quot;:1,&quot;active&quot;:1,&quot;group&quot;:&quot;&quot;,&quot;bonded&quot;:[{&quot;host&quot;:&quot;10.7.0.66&quot;,&quot;port&quot;:2088,&quot;nic&quot;:&quot;10.7.0.65&quot;,&quot;limit&quot;:0,&quot;is_backup&quot;:0,&quot;bitrate&quot;:2902263,&quot;up_time&quot;:279,&quot;error_code&quot;:0,&quot;status_code&quot;:3,&quot;error_str&quot;:&quot;None&quot;,&quot;status_str&quot;:&quot;Connected&quot;},{&quot;host&quot;:&quot;192.168.60.66&quot;,&quot;port&quot;:2088,&quot;nic&quot;:&quot;192.168.50.65&quot;,&quot;limit&quot;:0,&quot;is_backup&quot;:0,&quot;bitrate&quot;:0,&quot;up_time&quot;:0,&quot;error_code&quot;:3,&quot;status_code&quot;:1,&quot;error_str&quot;:&quot;Timeout&quot;,&quot;status_str&quot;:&quot;Connecting&quot;},{&quot;host&quot;:&quot;192.168.5.166&quot;,&quot;port&quot;:2088,&quot;nic&quot;:&quot;192.168.5.165&quot;,&quot;limit&quot;:0,&quot;is_backup&quot;:0,&quot;bitrate&quot;:2805797,&quot;up_time&quot;:128,&quot;error_code&quot;:0,&quot;status_code&quot;:3,&quot;error_str&quot;:&quot;None&quot;,&quot;status_str&quot;:&quot;Connected&quot;}],&quot;error&quot;:&quot;None&quot;,&quot;con_stat&quot;:&quot;Disconnected&quot;,&quot;bitrate&quot;:5633558,&quot;dest&quot;:&quot;bonded/bonded2&quot;},{&quot;mip&quot;:&quot;4000.ts&quot;,&quot;port&quot;:0,&quot;ip&quot;:&quot;file&quot;,&quot;in_name&quot;:&quot;bond&quot;,&quot;in_active&quot;:1,&quot;in_active_sources&quot;:0,&quot;prg_name&quot;:&quot;&quot;,&quot;prg_prov&quot;:&quot;&quot;,&quot;prg_num&quot;:-1,&quot;chan&quot;:&quot;&quot;,&quot;chan_id&quot;:-1,&quot;id&quot;:&quot;zixi://bonded(bonded3)#10.7.0.66:2088@10.7.0.65,192.168.60.66:2088@192.168.50.65,192.168.5.166:2088@192.168.5.165&quot;,&quot;type&quot;:2,&quot;name&quot;:&quot;bond3&quot;,&quot;asi&quot;:0,&quot;rtmp&quot;:0,&quot;file&quot;:1,&quot;active&quot;:1,&quot;group&quot;:&quot;&quot;,&quot;bonded&quot;:[{&quot;host&quot;:&quot;10.7.0.66&quot;,&quot;port&quot;:2088,&quot;nic&quot;:&quot;10.7.0.65&quot;,&quot;limit&quot;:0,&quot;is_backup&quot;:0,&quot;bitrate&quot;:2877231,&quot;up_time&quot;:279,&quot;error_code&quot;:0,&quot;status_code&quot;:3,&quot;error_str&quot;:&quot;None&quot;,&quot;status_str&quot;:&quot;Connected&quot;},{&quot;host&quot;:&quot;192.168.60.66&quot;,&quot;port&quot;:2088,&quot;nic&quot;:&quot;192.168.50.65&quot;,&quot;limit&quot;:0,&quot;is_backup&quot;:0,&quot;bitrate&quot;:0,&quot;up_time&quot;:0,&quot;error_code&quot;:3,&quot;status_code&quot;:1,&quot;error_str&quot;:&quot;Timeout&quot;,&quot;status_str&quot;:&quot;Connecting&quot;},{&quot;host&quot;:&quot;192.168.5.166&quot;,&quot;port&quot;:2088,&quot;nic&quot;:&quot;192.168.5.165&quot;,&quot;limit&quot;:0,&quot;is_backup&quot;:0,&quot;bitrate&quot;:2829737,&quot;up_time&quot;:279,&quot;error_code&quot;:0,&quot;status_code&quot;:3,&quot;error_str&quot;:&quot;None&quot;,&quot;status_str&quot;:&quot;Connected&quot;}],&quot;error&quot;:&quot;None&quot;,&quot;con_stat&quot;:&quot;Disconnected&quot;,&quot;bitrate&quot;:5632663,&quot;dest&quot;:&quot;bonded/bonded3&quot;},{&quot;mip&quot;:&quot;4000.ts&quot;,&quot;port&quot;:0,&quot;ip&quot;:&quot;file&quot;,&quot;in_name&quot;:&quot;bond&quot;,&quot;in_active&quot;:1,&quot;in_active_sources&quot;:0,&quot;prg_name&quot;:&quot;&quot;,&quot;prg_prov&quot;:&quot;&quot;,&quot;prg_num&quot;:-1,&quot;chan&quot;:&quot;&quot;,&quot;chan_id&quot;:-1,&quot;id&quot;:&quot;zixi://bonded(bonded4)#10.7.0.66:2088@10.7.0.65,192.168.60.66:2088@192.168.50.65,192.168.5.166:2088@192.168.5.165&quot;,&quot;type&quot;:2,&quot;name&quot;:&quot;bond4&quot;,&quot;asi&quot;:0,&quot;rtmp&quot;:0,&quot;file&quot;:1,&quot;active&quot;:1,&quot;group&quot;:&quot;&quot;,&quot;bonded&quot;:[{&quot;host&quot;:&quot;10.7.0.66&quot;,&quot;port&quot;:2088,&quot;nic&quot;:&quot;10.7.0.65&quot;,&quot;limit&quot;:0,&quot;is_backup&quot;:0,&quot;bitrate&quot;:2819297,&quot;up_time&quot;:279,&quot;error_code&quot;:0,&quot;status_code&quot;:3,&quot;error_str&quot;:&quot;None&quot;,&quot;status_str&quot;:&quot;Connected&quot;},{&quot;host&quot;:&quot;192.168.60.66&quot;,&quot;port&quot;:2088,&quot;nic&quot;:&quot;192.168.50.65&quot;,&quot;limit&quot;:0,&quot;is_backup&quot;:0,&quot;bitrate&quot;:0,&quot;up_time&quot;:0,&quot;error_code&quot;:3,&quot;status_code&quot;:1,&quot;error_str&quot;:&quot;Timeout&quot;,&quot;status_str&quot;:&quot;Connecting&quot;},{&quot;host&quot;:&quot;192.168.5.166&quot;,&quot;port&quot;:2088,&quot;nic&quot;:&quot;192.168.5.165&quot;,&quot;limit&quot;:0,&quot;is_backup&quot;:0,&quot;bitrate&quot;:2871493,&quot;up_time&quot;:279,&quot;error_code&quot;:0,&quot;status_code&quot;:3,&quot;error_str&quot;:&quot;None&quot;,&quot;status_str&quot;:&quot;Connected&quot;}],&quot;error&quot;:&quot;None&quot;,&quot;con_stat&quot;:&quot;Disconnected&quot;,&quot;bitrate&quot;:5626912,&quot;dest&quot;:&quot;bonded/bonded4&quot;},{&quot;mip&quot;:&quot;4000.ts&quot;,&quot;port&quot;:0,&quot;ip&quot;:&quot;file&quot;,&quot;in_name&quot;:&quot;bond&quot;,&quot;in_active&quot;:1,&quot;in_active_sources&quot;:0,&quot;prg_name&quot;:&quot;&quot;,&quot;prg_prov&quot;:&quot;&quot;,&quot;prg_num&quot;:-1,&quot;chan&quot;:&quot;&quot;,&quot;chan_id&quot;:-1,&quot;id&quot;:&quot;zixi://bonded(bonded5)#10.7.0.66:2088@10.7.0.65,192.168.60.66:2088@192.168.50.65,192.168.5.166:2088@192.168.5.165&quot;,&quot;type&quot;:2,&quot;name&quot;:&quot;bond5&quot;,&quot;asi&quot;:0,&quot;rtmp&quot;:0,&quot;file&quot;:1,&quot;active&quot;:1,&quot;group&quot;:&quot;&quot;,&quot;bonded&quot;:[{&quot;host&quot;:&quot;10.7.0.66&quot;,&quot;port&quot;:2088,&quot;nic&quot;:&quot;10.7.0.65&quot;,&quot;limit&quot;:0,&quot;is_backup&quot;:0,&quot;bitrate&quot;:2938808,&quot;up_time&quot;:279,&quot;error_code&quot;:0,&quot;status_code&quot;:3,&quot;error_str&quot;:&quot;None&quot;,&quot;status_str&quot;:&quot;Connected&quot;},{&quot;host&quot;:&quot;192.168.60.66&quot;,&quot;port&quot;:2088,&quot;nic&quot;:&quot;192.168.50.65&quot;,&quot;limit&quot;:0,&quot;is_backup&quot;:0,&quot;bitrate&quot;:0,&quot;up_time&quot;:0,&quot;error_code&quot;:3,&quot;status_code&quot;:1,&quot;error_str&quot;:&quot;Timeout&quot;,&quot;status_str&quot;:&quot;Connecting&quot;},{&quot;host&quot;:&quot;192.168.5.166&quot;,&quot;port&quot;:2088,&quot;nic&quot;:&quot;192.168.5.165&quot;,&quot;limit&quot;:0,&quot;is_backup&quot;:0,&quot;bitrate&quot;:2762290,&quot;up_time&quot;:279,&quot;error_code&quot;:0,&quot;status_code&quot;:3,&quot;error_str&quot;:&quot;None&quot;,&quot;status_str&quot;:&quot;Connected&quot;}],&quot;error&quot;:&quot;None&quot;,&quot;con_stat&quot;:&quot;Disconnected&quot;,&quot;bitrate&quot;:5637968,&quot;dest&quot;:&quot;bonded/bonded5&quot;},{&quot;mip&quot;:&quot;4000.ts&quot;,&quot;port&quot;:0,&quot;ip&quot;:&quot;file&quot;,&quot;in_name&quot;:&quot;bond&quot;,&quot;in_active&quot;:1,&quot;in_active_sources&quot;:0,&quot;prg_name&quot;:&quot;&quot;,&quot;prg_prov&quot;:&quot;&quot;,&quot;prg_num&quot;:-1,&quot;chan&quot;:&quot;&quot;,&quot;chan_id&quot;:-1,&quot;id&quot;:&quot;zixi://bonded(bonded6)#10.7.0.66:2088@10.7.0.65,192.168.60.66:2088@192.168.50.65,192.168.5.166:2088@192.168.5.165&quot;,&quot;type&quot;:2,&quot;name&quot;:&quot;bond6&quot;,&quot;asi&quot;:0,&quot;rtmp&quot;:0,&quot;file&quot;:1,&quot;active&quot;:1,&quot;group&quot;:&quot;&quot;,&quot;bonded&quot;:[],&quot;error&quot;:&quot;Timeout&quot;,&quot;con_stat&quot;:&quot;Connecting&quot;,&quot;bitrate&quot;:0,&quot;dest&quot;:&quot;bonded/bonded6&quot;},{&quot;mip&quot;:&quot;4000.ts&quot;,&quot;port&quot;:0,&quot;ip&quot;:&quot;file&quot;,&quot;in_name&quot;:&quot;bond&quot;,&quot;in_active&quot;:1,&quot;in_active_sources&quot;:0,&quot;prg_name&quot;:&quot;&quot;,&quot;prg_prov&quot;:&quot;&quot;,&quot;prg_num&quot;:-1,&quot;chan&quot;:&quot;&quot;,&quot;chan_id&quot;:-1,&quot;id&quot;:&quot;zixi://bonded(bonded12)#10.7.0.66:2088@10.7.0.65,192.168.60.66:2088@192.168.50.65,192.168.5.166:2088@192.168.5.165&quot;,&quot;type&quot;:2,&quot;name&quot;:&quot;bond12&quot;,&quot;asi&quot;:0,&quot;rtmp&quot;:0,&quot;file&quot;:1,&quot;active&quot;:1,&quot;group&quot;:&quot;&quot;,&quot;bonded&quot;:[{&quot;host&quot;:&quot;10.7.0.66&quot;,&quot;port&quot;:2088,&quot;nic&quot;:&quot;10.7.0.65&quot;,&quot;limit&quot;:0,&quot;is_backup&quot;:0,&quot;bitrate&quot;:2817053,&quot;up_time&quot;:279,&quot;error_code&quot;:0,&quot;status_code&quot;:3,&quot;error_str&quot;:&quot;None&quot;,&quot;status_str&quot;:&quot;Connected&quot;},{&quot;host&quot;:&quot;192.168.60.66&quot;,&quot;port&quot;:2088,&quot;nic&quot;:&quot;192.168.50.65&quot;,&quot;limit&quot;:0,&quot;is_backup&quot;:0,&quot;bitrate&quot;:0,&quot;up_time&quot;:0,&quot;error_code&quot;:3,&quot;status_code&quot;:1,&quot;error_str&quot;:&quot;Timeout&quot;,&quot;status_str&quot;:&quot;Connecting&quot;},{&quot;host&quot;:&quot;192.168.5.166&quot;,&quot;port&quot;:2088,&quot;nic&quot;:&quot;192.168.5.165&quot;,&quot;limit&quot;:0,&quot;is_backup&quot;:0,&quot;bitrate&quot;:2881931,&quot;up_time&quot;:279,&quot;error_code&quot;:0,&quot;status_code&quot;:3,&quot;error_str&quot;:&quot;None&quot;,&quot;status_str&quot;:&quot;Connected&quot;}],&quot;error&quot;:&quot;None&quot;,&quot;con_stat&quot;:&quot;Disconnected&quot;,&quot;bitrate&quot;:5637880,&quot;dest&quot;:&quot;bonded/bonded12&quot;},{&quot;mip&quot;:&quot;4000.ts&quot;,&quot;port&quot;:0,&quot;ip&quot;:&quot;file&quot;,&quot;in_name&quot;:&quot;bond&quot;,&quot;in_active&quot;:1,&quot;in_active_sources&quot;:0,&quot;prg_name&quot;:&quot;&quot;,&quot;prg_prov&quot;:&quot;&quot;,&quot;prg_num&quot;:-1,&quot;chan&quot;:&quot;&quot;,&quot;chan_id&quot;:-1,&quot;id&quot;:&quot;zixi://bonded(bonded7)#10.7.0.66:2088@10.7.0.65,192.168.60.66:2088@192.168.50.65,192.168.5.166:2088@192.168.5.165&quot;,&quot;type&quot;:2,&quot;name&quot;:&quot;bond7&quot;,&quot;asi&quot;:0,&quot;rtmp&quot;:0,&quot;file&quot;:1,&quot;active&quot;:1,&quot;group&quot;:&quot;&quot;,&quot;bonded&quot;:[{&quot;host&quot;:&quot;10.7.0.66&quot;,&quot;port&quot;:2088,&quot;nic&quot;:&quot;10.7.0.65&quot;,&quot;limit&quot;:0,&quot;is_backup&quot;:0,&quot;bitrate&quot;:2806317,&quot;up_time&quot;:279,&quot;error_code&quot;:0,&quot;status_code&quot;:3,&quot;error_str&quot;:&quot;None&quot;,&quot;status_str&quot;:&quot;Connected&quot;},{&quot;host&quot;:&quot;192.168.60.66&quot;,&quot;port&quot;:2088,&quot;nic&quot;:&quot;192.168.50.65&quot;,&quot;limit&quot;:0,&quot;is_backup&quot;:0,&quot;bitrate&quot;:0,&quot;up_time&quot;:0,&quot;error_code&quot;:3,&quot;status_code&quot;:1,&quot;error_str&quot;:&quot;Timeout&quot;,&quot;status_str&quot;:&quot;Connecting&quot;},{&quot;host&quot;:&quot;192.168.5.166&quot;,&quot;port&quot;:2088,&quot;nic&quot;:&quot;192.168.5.165&quot;,&quot;limit&quot;:0,&quot;is_backup&quot;:0,&quot;bitrate&quot;:2893675,&quot;up_time&quot;:279,&quot;error_code&quot;:0,&quot;status_code&quot;:3,&quot;error_str&quot;:&quot;None&quot;,&quot;status_str&quot;:&quot;Connected&quot;}],&quot;error&quot;:&quot;None&quot;,&quot;con_stat&quot;:&quot;Disconnected&quot;,&quot;bitrate&quot;:5636528,&quot;dest&quot;:&quot;bonded/bonded7&quot;},{&quot;mip&quot;:&quot;0.0.0.0&quot;,&quot;port&quot;:4433,&quot;ip&quot;:&quot;0.0.0.0&quot;,&quot;in_name&quot;:&quot;inputudp&quot;,&quot;in_active&quot;:1,&quot;in_active_sources&quot;:0,&quot;prg_name&quot;:&quot;&quot;,&quot;prg_prov&quot;:&quot;&quot;,&quot;prg_num&quot;:-1,&quot;chan&quot;:&quot;&quot;,&quot;chan_id&quot;:-1,&quot;id&quot;:&quot;udp://10.7.0.150:5555&quot;,&quot;type&quot;:1,&quot;name&quot;:&quot;test&quot;,&quot;asi&quot;:0,&quot;rtmp&quot;:0,&quot;file&quot;:0,&quot;active&quot;:1,&quot;group&quot;:&quot;&quot;,&quot;error&quot;:&quot;&quot;,&quot;con_stat&quot;:&quot;Connected&quot;,&quot;bitrate&quot;:0,&quot;dest&quot;:&quot;10.7.0.150:5555@0.0.0.0&quot;}]}
Debug printing ------&gt;&gt;&gt; {&quot;custom_data&quot;:&quot;&quot;,&quot;msg&quot;:&quot;Output deleted.&quot;,&quot;error&quot;:&quot;&quot;,&quot;outs&quot;:[{&quot;mip&quot;:&quot;4000.ts&quot;,&quot;port&quot;:0,&quot;ip&quot;:&quot;file&quot;,&quot;in_name&quot;:&quot;bond&quot;,&quot;in_active&quot;:1,&quot;in_active_sources&quot;:0,&quot;prg_name&quot;:&quot;&quot;,&quot;prg_prov&quot;:&quot;&quot;,&quot;prg_num&quot;:-1,&quot;chan&quot;:&quot;&quot;,&quot;chan_id&quot;:-1,&quot;id&quot;:&quot;zixi://bonded(bonded1)#10.7.0.66:2088@10.7.0.65,192.168.60.66:2088@192.168.50.65,192.168.5.166:2088@192.168.5.165&quot;,&quot;type&quot;:2,&quot;name&quot;:&quot;bond1&quot;,&quot;asi&quot;:0,&quot;rtmp&quot;:0,&quot;file&quot;:1,&quot;active&quot;:1,&quot;group&quot;:&quot;&quot;,&quot;bonded&quot;:[{&quot;host&quot;:&quot;10.7.0.66&quot;,&quot;port&quot;:2088,&quot;nic&quot;:&quot;10.7.0.65&quot;,&quot;limit&quot;:0,&quot;is_backup&quot;:0,&quot;bitrate&quot;:2905354,&quot;up_time&quot;:24,&quot;error_code&quot;:0,&quot;status_code&quot;:3,&quot;error_str&quot;:&quot;None&quot;,&quot;status_str&quot;:&quot;Connected&quot;},{&quot;host&quot;:&quot;192.168.60.66&quot;,&quot;port&quot;:2088,&quot;nic&quot;:&quot;192.168.50.65&quot;,&quot;limit&quot;:0,&quot;is_backup&quot;:0,&quot;bitrate&quot;:0,&quot;up_time&quot;:0,&quot;error_code&quot;:3,&quot;status_code&quot;:1,&quot;error_str&quot;:&quot;Timeout&quot;,&quot;status_str&quot;:&quot;Connecting&quot;},{&quot;host&quot;:&quot;192.168.5.166&quot;,&quot;port&quot;:2088,&quot;nic&quot;:&quot;192.168.5.165&quot;,&quot;limit&quot;:0,&quot;is_backup&quot;:0,&quot;bitrate&quot;:2807502,&quot;up_time&quot;:23,&quot;error_code&quot;:0,&quot;status_code&quot;:3,&quot;error_str&quot;:&quot;None&quot;,&quot;status_str&quot;:&quot;Connected&quot;}],&quot;error&quot;:&quot;None&quot;,&quot;con_stat&quot;:&quot;Disconnected&quot;,&quot;bitrate&quot;:5641334,&quot;dest&quot;:&quot;bonded/bonded1&quot;},{&quot;mip&quot;:&quot;4000.ts&quot;,&quot;port&quot;:0,&quot;ip&quot;:&quot;file&quot;,&quot;in_name&quot;:&quot;bond&quot;,&quot;in_active&quot;:1,&quot;in_active_sources&quot;:0,&quot;prg_name&quot;:&quot;&quot;,&quot;prg_prov&quot;:&quot;&quot;,&quot;prg_num&quot;:-1,&quot;chan&quot;:&quot;&quot;,&quot;chan_id&quot;:-1,&quot;id&quot;:&quot;zixi://bonded(bonded2)#10.7.0.66:2088@10.7.0.65,192.168.60.66:2088@192.168.50.65,192.168.5.166:2088@192.168.5.165&quot;,&quot;type&quot;:2,&quot;name&quot;:&quot;bond2&quot;,&quot;asi&quot;:0,&quot;rtmp&quot;:0,&quot;file&quot;:1,&quot;active&quot;:1,&quot;group&quot;:&quot;&quot;,&quot;bonded&quot;:[{&quot;host&quot;:&quot;10.7.0.66&quot;,&quot;port&quot;:2088,&quot;nic&quot;:&quot;10.7.0.65&quot;,&quot;limit&quot;:0,&quot;is_backup&quot;:0,&quot;bitrate&quot;:2902263,&quot;up_time&quot;:279,&quot;error_code&quot;:0,&quot;status_code&quot;:3,&quot;error_str&quot;:&quot;None&quot;,&quot;status_str&quot;:&quot;Connected&quot;},{&quot;host&quot;:&quot;192.168.60.66&quot;,&quot;port&quot;:2088,&quot;nic&quot;:&quot;192.168.50.65&quot;,&quot;limit&quot;:0,&quot;is_backup&quot;:0,&quot;bitrate&quot;:0,&quot;up_time&quot;:0,&quot;error_code&quot;:3,&quot;status_code&quot;:1,&quot;error_str&quot;:&quot;Timeout&quot;,&quot;status_str&quot;:&quot;Connecting&quot;},{&quot;host&quot;:&quot;192.168.5.166&quot;,&quot;port&quot;:2088,&quot;nic&quot;:&quot;192.168.5.165&quot;,&quot;limit&quot;:0,&quot;is_backup&quot;:0,&quot;bitrate&quot;:2805797,&quot;up_time&quot;:128,&quot;error_code&quot;:0,&quot;status_code&quot;:3,&quot;error_str&quot;:&quot;None&quot;,&quot;status_str&quot;:&quot;Connected&quot;}],&quot;error&quot;:&quot;None&quot;,&quot;con_stat&quot;:&quot;Disconnected&quot;,&quot;bitrate&quot;:5633558,&quot;dest&quot;:&quot;bonded/bonded2&quot;},{&quot;mip&quot;:&quot;4000.ts&quot;,&quot;port&quot;:0,&quot;ip&quot;:&quot;file&quot;,&quot;in_name&quot;:&quot;bond&quot;,&quot;in_active&quot;:1,&quot;in_active_sources&quot;:0,&quot;prg_name&quot;:&quot;&quot;,&quot;prg_prov&quot;:&quot;&quot;,&quot;prg_num&quot;:-1,&quot;chan&quot;:&quot;&quot;,&quot;chan_id&quot;:-1,&quot;id&quot;:&quot;zixi://bonded(bonded3)#10.7.0.66:2088@10.7.0.65,192.168.60.66:2088@192.168.50.65,192.168.5.166:2088@192.168.5.165&quot;,&quot;type&quot;:2,&quot;name&quot;:&quot;bond3&quot;,&quot;asi&quot;:0,&quot;rtmp&quot;:0,&quot;file&quot;:1,&quot;active&quot;:1,&quot;group&quot;:&quot;&quot;,&quot;bonded&quot;:[{&quot;host&quot;:&quot;10.7.0.66&quot;,&quot;port&quot;:2088,&quot;nic&quot;:&quot;10.7.0.65&quot;,&quot;limit&quot;:0,&quot;is_backup&quot;:0,&quot;bitrate&quot;:2877231,&quot;up_time&quot;:279,&quot;error_code&quot;:0,&quot;status_code&quot;:3,&quot;error_str&quot;:&quot;None&quot;,&quot;status_str&quot;:&quot;Connected&quot;},{&quot;host&quot;:&quot;192.168.60.66&quot;,&quot;port&quot;:2088,&quot;nic&quot;:&quot;192.168.50.65&quot;,&quot;limit&quot;:0,&quot;is_backup&quot;:0,&quot;bitrate&quot;:0,&quot;up_time&quot;:0,&quot;error_code&quot;:3,&quot;status_code&quot;:1,&quot;error_str&quot;:&quot;Timeout&quot;,&quot;status_str&quot;:&quot;Connecting&quot;},{&quot;host&quot;:&quot;192.168.5.166&quot;,&quot;port&quot;:2088,&quot;nic&quot;:&quot;192.168.5.165&quot;,&quot;limit&quot;:0,&quot;is_backup&quot;:0,&quot;bitrate&quot;:2829737,&quot;up_time&quot;:279,&quot;error_code&quot;:0,&quot;status_code&quot;:3,&quot;error_str&quot;:&quot;None&quot;,&quot;status_str&quot;:&quot;Connected&quot;}],&quot;error&quot;:&quot;None&quot;,&quot;con_stat&quot;:&quot;Disconnected&quot;,&quot;bitrate&quot;:5632663,&quot;dest&quot;:&quot;bonded/bonded3&quot;},{&quot;mip&quot;:&quot;4000.ts&quot;,&quot;port&quot;:0,&quot;ip&quot;:&quot;file&quot;,&quot;in_name&quot;:&quot;bond&quot;,&quot;in_active&quot;:1,&quot;in_active_sources&quot;:0,&quot;prg_name&quot;:&quot;&quot;,&quot;prg_prov&quot;:&quot;&quot;,&quot;prg_num&quot;:-1,&quot;chan&quot;:&quot;&quot;,&quot;chan_id&quot;:-1,&quot;id&quot;:&quot;zixi://bonded(bonded4)#10.7.0.66:2088@10.7.0.65,192.168.60.66:2088@192.168.50.65,192.168.5.166:2088@192.168.5.165&quot;,&quot;type&quot;:2,&quot;name&quot;:&quot;bond4&quot;,&quot;asi&quot;:0,&quot;rtmp&quot;:0,&quot;file&quot;:1,&quot;active&quot;:1,&quot;group&quot;:&quot;&quot;,&quot;bonded&quot;:[{&quot;host&quot;:&quot;10.7.0.66&quot;,&quot;port&quot;:2088,&quot;nic&quot;:&quot;10.7.0.65&quot;,&quot;limit&quot;:0,&quot;is_backup&quot;:0,&quot;bitrate&quot;:2819297,&quot;up_time&quot;:279,&quot;error_code&quot;:0,&quot;status_code&quot;:3,&quot;error_str&quot;:&quot;None&quot;,&quot;status_str&quot;:&quot;Connected&quot;},{&quot;host&quot;:&quot;192.168.60.66&quot;,&quot;port&quot;:2088,&quot;nic&quot;:&quot;192.168.50.65&quot;,&quot;limit&quot;:0,&quot;is_backup&quot;:0,&quot;bitrate&quot;:0,&quot;up_time&quot;:0,&quot;error_code&quot;:3,&quot;status_code&quot;:1,&quot;error_str&quot;:&quot;Timeout&quot;,&quot;status_str&quot;:&quot;Connecting&quot;},{&quot;host&quot;:&quot;192.168.5.166&quot;,&quot;port&quot;:2088,&quot;nic&quot;:&quot;192.168.5.165&quot;,&quot;limit&quot;:0,&quot;is_backup&quot;:0,&quot;bitrate&quot;:2871493,&quot;up_time&quot;:279,&quot;error_code&quot;:0,&quot;status_code&quot;:3,&quot;error_str&quot;:&quot;None&quot;,&quot;status_str&quot;:&quot;Connected&quot;}],&quot;error&quot;:&quot;None&quot;,&quot;con_stat&quot;:&quot;Disconnected&quot;,&quot;bitrate&quot;:5626912,&quot;dest&quot;:&quot;bonded/bonded4&quot;},{&quot;mip&quot;:&quot;4000.ts&quot;,&quot;port&quot;:0,&quot;ip&quot;:&quot;file&quot;,&quot;in_name&quot;:&quot;bond&quot;,&quot;in_active&quot;:1,&quot;in_active_sources&quot;:0,&quot;prg_name&quot;:&quot;&quot;,&quot;prg_prov&quot;:&quot;&quot;,&quot;prg_num&quot;:-1,&quot;chan&quot;:&quot;&quot;,&quot;chan_id&quot;:-1,&quot;id&quot;:&quot;zixi://bonded(bonded5)#10.7.0.66:2088@10.7.0.65,192.168.60.66:2088@192.168.50.65,192.168.5.166:2088@192.168.5.165&quot;,&quot;type&quot;:2,&quot;name&quot;:&quot;bond5&quot;,&quot;asi&quot;:0,&quot;rtmp&quot;:0,&quot;file&quot;:1,&quot;active&quot;:1,&quot;group&quot;:&quot;&quot;,&quot;bonded&quot;:[{&quot;host&quot;:&quot;10.7.0.66&quot;,&quot;port&quot;:2088,&quot;nic&quot;:&quot;10.7.0.65&quot;,&quot;limit&quot;:0,&quot;is_backup&quot;:0,&quot;bitrate&quot;:2938808,&quot;up_time&quot;:279,&quot;error_code&quot;:0,&quot;status_code&quot;:3,&quot;error_str&quot;:&quot;None&quot;,&quot;status_str&quot;:&quot;Connected&quot;},{&quot;host&quot;:&quot;192.168.60.66&quot;,&quot;port&quot;:2088,&quot;nic&quot;:&quot;192.168.50.65&quot;,&quot;limit&quot;:0,&quot;is_backup&quot;:0,&quot;bitrate&quot;:0,&quot;up_time&quot;:0,&quot;error_code&quot;:3,&quot;status_code&quot;:1,&quot;error_str&quot;:&quot;Timeout&quot;,&quot;status_str&quot;:&quot;Connecting&quot;},{&quot;host&quot;:&quot;192.168.5.166&quot;,&quot;port&quot;:2088,&quot;nic&quot;:&quot;192.168.5.165&quot;,&quot;limit&quot;:0,&quot;is_backup&quot;:0,&quot;bitrate&quot;:2762290,&quot;up_time&quot;:279,&quot;error_code&quot;:0,&quot;status_code&quot;:3,&quot;error_str&quot;:&quot;None&quot;,&quot;status_str&quot;:&quot;Connected&quot;}],&quot;error&quot;:&quot;None&quot;,&quot;con_stat&quot;:&quot;Disconnected&quot;,&quot;bitrate&quot;:5637968,&quot;dest&quot;:&quot;bonded/bonded5&quot;},{&quot;mip&quot;:&quot;4000.ts&quot;,&quot;port&quot;:0,&quot;ip&quot;:&quot;file&quot;,&quot;in_name&quot;:&quot;bond&quot;,&quot;in_active&quot;:1,&quot;in_active_sources&quot;:0,&quot;prg_name&quot;:&quot;&quot;,&quot;prg_prov&quot;:&quot;&quot;,&quot;prg_num&quot;:-1,&quot;chan&quot;:&quot;&quot;,&quot;chan_id&quot;:-1,&quot;id&quot;:&quot;zixi://bonded(bonded6)#10.7.0.66:2088@10.7.0.65,192.168.60.66:2088@192.168.50.65,192.168.5.166:2088@192.168.5.165&quot;,&quot;type&quot;:2,&quot;name&quot;:&quot;bond6&quot;,&quot;asi&quot;:0,&quot;rtmp&quot;:0,&quot;file&quot;:1,&quot;active&quot;:1,&quot;group&quot;:&quot;&quot;,&quot;bonded&quot;:[],&quot;error&quot;:&quot;Timeout&quot;,&quot;con_stat&quot;:&quot;Connecting&quot;,&quot;bitrate&quot;:0,&quot;dest&quot;:&quot;bonded/bonded6&quot;},{&quot;mip&quot;:&quot;4000.ts&quot;,&quot;port&quot;:0,&quot;ip&quot;:&quot;file&quot;,&quot;in_name&quot;:&quot;bond&quot;,&quot;in_active&quot;:1,&quot;in_active_sources&quot;:0,&quot;prg_name&quot;:&quot;&quot;,&quot;prg_prov&quot;:&quot;&quot;,&quot;prg_num&quot;:-1,&quot;chan&quot;:&quot;&quot;,&quot;chan_id&quot;:-1,&quot;id&quot;:&quot;zixi://bonded(bonded12)#10.7.0.66:2088@10.7.0.65,192.168.60.66:2088@192.168.50.65,192.168.5.166:2088@192.168.5.165&quot;,&quot;type&quot;:2,&quot;name&quot;:&quot;bond12&quot;,&quot;asi&quot;:0,&quot;rtmp&quot;:0,&quot;file&quot;:1,&quot;active&quot;:1,&quot;group&quot;:&quot;&quot;,&quot;bonded&quot;:[{&quot;host&quot;:&quot;10.7.0.66&quot;,&quot;port&quot;:2088,&quot;nic&quot;:&quot;10.7.0.65&quot;,&quot;limit&quot;:0,&quot;is_backup&quot;:0,&quot;bitrate&quot;:2817053,&quot;up_time&quot;:279,&quot;error_code&quot;:0,&quot;status_code&quot;:3,&quot;error_str&quot;:&quot;None&quot;,&quot;status_str&quot;:&quot;Connected&quot;},{&quot;host&quot;:&quot;192.168.60.66&quot;,&quot;port&quot;:2088,&quot;nic&quot;:&quot;192.168.50.65&quot;,&quot;limit&quot;:0,&quot;is_backup&quot;:0,&quot;bitrate&quot;:0,&quot;up_time&quot;:0,&quot;error_code&quot;:3,&quot;status_code&quot;:1,&quot;error_str&quot;:&quot;Timeout&quot;,&quot;status_str&quot;:&quot;Connecting&quot;},{&quot;host&quot;:&quot;192.168.5.166&quot;,&quot;port&quot;:2088,&quot;nic&quot;:&quot;192.168.5.165&quot;,&quot;limit&quot;:0,&quot;is_backup&quot;:0,&quot;bitrate&quot;:2881931,&quot;up_time&quot;:279,&quot;error_code&quot;:0,&quot;status_code&quot;:3,&quot;error_str&quot;:&quot;None&quot;,&quot;status_str&quot;:&quot;Connected&quot;}],&quot;error&quot;:&quot;None&quot;,&quot;con_stat&quot;:&quot;Disconnected&quot;,&quot;bitrate&quot;:5637880,&quot;dest&quot;:&quot;bonded/bonded12&quot;},{&quot;mip&quot;:&quot;0.0.0.0&quot;,&quot;port&quot;:4433,&quot;ip&quot;:&quot;0.0.0.0&quot;,&quot;in_name&quot;:&quot;inputudp&quot;,&quot;in_active&quot;:1,&quot;in_active_sources&quot;:0,&quot;prg_name&quot;:&quot;&quot;,&quot;prg_prov&quot;:&quot;&quot;,&quot;prg_num&quot;:-1,&quot;chan&quot;:&quot;&quot;,&quot;chan_id&quot;:-1,&quot;id&quot;:&quot;udp://10.7.0.150:5555&quot;,&quot;type&quot;:1,&quot;name&quot;:&quot;test&quot;,&quot;asi&quot;:0,&quot;rtmp&quot;:0,&quot;file&quot;:0,&quot;active&quot;:1,&quot;group&quot;:&quot;&quot;,&quot;error&quot;:&quot;&quot;,&quot;con_stat&quot;:&quot;Connected&quot;,&quot;bitrate&quot;:0,&quot;dest&quot;:&quot;10.7.0.150:5555@0.0.0.0&quot;}]}
Debug printing ------&gt;&gt;&gt; {&quot;custom_data&quot;:&quot;&quot;,&quot;msg&quot;:&quot;Output deleted.&quot;,&quot;error&quot;:&quot;&quot;,&quot;outs&quot;:[{&quot;mip&quot;:&quot;4000.ts&quot;,&quot;port&quot;:0,&quot;ip&quot;:&quot;file&quot;,&quot;in_name&quot;:&quot;bond&quot;,&quot;in_active&quot;:1,&quot;in_active_sources&quot;:0,&quot;prg_name&quot;:&quot;&quot;,&quot;prg_prov&quot;:&quot;&quot;,&quot;prg_num&quot;:-1,&quot;chan&quot;:&quot;&quot;,&quot;chan_id&quot;:-1,&quot;id&quot;:&quot;zixi://bonded(bonded1)#10.7.0.66:2088@10.7.0.65,192.168.60.66:2088@192.168.50.65,192.168.5.166:2088@192.168.5.165&quot;,&quot;type&quot;:2,&quot;name&quot;:&quot;bond1&quot;,&quot;asi&quot;:0,&quot;rtmp&quot;:0,&quot;file&quot;:1,&quot;active&quot;:1,&quot;group&quot;:&quot;&quot;,&quot;bonded&quot;:[{&quot;host&quot;:&quot;10.7.0.66&quot;,&quot;port&quot;:2088,&quot;nic&quot;:&quot;10.7.0.65&quot;,&quot;limit&quot;:0,&quot;is_backup&quot;:0,&quot;bitrate&quot;:2905354,&quot;up_time&quot;:24,&quot;error_code&quot;:0,&quot;status_code&quot;:3,&quot;error_str&quot;:&quot;None&quot;,&quot;status_str&quot;:&quot;Connected&quot;},{&quot;host&quot;:&quot;192.168.60.66&quot;,&quot;port&quot;:2088,&quot;nic&quot;:&quot;192.168.50.65&quot;,&quot;limit&quot;:0,&quot;is_backup&quot;:0,&quot;bitrate&quot;:0,&quot;up_time&quot;:0,&quot;error_code&quot;:3,&quot;status_code&quot;:1,&quot;error_str&quot;:&quot;Timeout&quot;,&quot;status_str&quot;:&quot;Connecting&quot;},{&quot;host&quot;:&quot;192.168.5.166&quot;,&quot;port&quot;:2088,&quot;nic&quot;:&quot;192.168.5.165&quot;,&quot;limit&quot;:0,&quot;is_backup&quot;:0,&quot;bitrate&quot;:2807502,&quot;up_time&quot;:23,&quot;error_code&quot;:0,&quot;status_code&quot;:3,&quot;error_str&quot;:&quot;None&quot;,&quot;status_str&quot;:&quot;Connected&quot;}],&quot;error&quot;:&quot;None&quot;,&quot;con_stat&quot;:&quot;Disconnected&quot;,&quot;bitrate&quot;:5641334,&quot;dest&quot;:&quot;bonded/bonded1&quot;},{&quot;mip&quot;:&quot;4000.ts&quot;,&quot;port&quot;:0,&quot;ip&quot;:&quot;file&quot;,&quot;in_name&quot;:&quot;bond&quot;,&quot;in_active&quot;:1,&quot;in_active_sources&quot;:0,&quot;prg_name&quot;:&quot;&quot;,&quot;prg_prov&quot;:&quot;&quot;,&quot;prg_num&quot;:-1,&quot;chan&quot;:&quot;&quot;,&quot;chan_id&quot;:-1,&quot;id&quot;:&quot;zixi://bonded(bonded2)#10.7.0.66:2088@10.7.0.65,192.168.60.66:2088@192.168.50.65,192.168.5.166:2088@192.168.5.165&quot;,&quot;type&quot;:2,&quot;name&quot;:&quot;bond2&quot;,&quot;asi&quot;:0,&quot;rtmp&quot;:0,&quot;file&quot;:1,&quot;active&quot;:1,&quot;group&quot;:&quot;&quot;,&quot;bonded&quot;:[{&quot;host&quot;:&quot;10.7.0.66&quot;,&quot;port&quot;:2088,&quot;nic&quot;:&quot;10.7.0.65&quot;,&quot;limit&quot;:0,&quot;is_backup&quot;:0,&quot;bitrate&quot;:2902263,&quot;up_time&quot;:279,&quot;error_code&quot;:0,&quot;status_code&quot;:3,&quot;error_str&quot;:&quot;None&quot;,&quot;status_str&quot;:&quot;Connected&quot;},{&quot;host&quot;:&quot;192.168.60.66&quot;,&quot;port&quot;:2088,&quot;nic&quot;:&quot;192.168.50.65&quot;,&quot;limit&quot;:0,&quot;is_backup&quot;:0,&quot;bitrate&quot;:0,&quot;up_time&quot;:0,&quot;error_code&quot;:3,&quot;status_code&quot;:1,&quot;error_str&quot;:&quot;Timeout&quot;,&quot;status_str&quot;:&quot;Connecting&quot;},{&quot;host&quot;:&quot;192.168.5.166&quot;,&quot;port&quot;:2088,&quot;nic&quot;:&quot;192.168.5.165&quot;,&quot;limit&quot;:0,&quot;is_backup&quot;:0,&quot;bitrate&quot;:2805797,&quot;up_time&quot;:128,&quot;error_code&quot;:0,&quot;status_code&quot;:3,&quot;error_str&quot;:&quot;None&quot;,&quot;status_str&quot;:&quot;Connected&quot;}],&quot;error&quot;:&quot;None&quot;,&quot;con_stat&quot;:&quot;Disconnected&quot;,&quot;bitrate&quot;:5633558,&quot;dest&quot;:&quot;bonded/bonded2&quot;},{&quot;mip&quot;:&quot;4000.ts&quot;,&quot;port&quot;:0,&quot;ip&quot;:&quot;file&quot;,&quot;in_name&quot;:&quot;bond&quot;,&quot;in_active&quot;:1,&quot;in_active_sources&quot;:0,&quot;prg_name&quot;:&quot;&quot;,&quot;prg_prov&quot;:&quot;&quot;,&quot;prg_num&quot;:-1,&quot;chan&quot;:&quot;&quot;,&quot;chan_id&quot;:-1,&quot;id&quot;:&quot;zixi://bonded(bonded3)#10.7.0.66:2088@10.7.0.65,192.168.60.66:2088@192.168.50.65,192.168.5.166:2088@192.168.5.165&quot;,&quot;type&quot;:2,&quot;name&quot;:&quot;bond3&quot;,&quot;asi&quot;:0,&quot;rtmp&quot;:0,&quot;file&quot;:1,&quot;active&quot;:1,&quot;group&quot;:&quot;&quot;,&quot;bonded&quot;:[{&quot;host&quot;:&quot;10.7.0.66&quot;,&quot;port&quot;:2088,&quot;nic&quot;:&quot;10.7.0.65&quot;,&quot;limit&quot;:0,&quot;is_backup&quot;:0,&quot;bitrate&quot;:2877231,&quot;up_time&quot;:279,&quot;error_code&quot;:0,&quot;status_code&quot;:3,&quot;error_str&quot;:&quot;None&quot;,&quot;status_str&quot;:&quot;Connected&quot;},{&quot;host&quot;:&quot;192.168.60.66&quot;,&quot;port&quot;:2088,&quot;nic&quot;:&quot;192.168.50.65&quot;,&quot;limit&quot;:0,&quot;is_backup&quot;:0,&quot;bitrate&quot;:0,&quot;up_time&quot;:0,&quot;error_code&quot;:3,&quot;status_code&quot;:1,&quot;error_str&quot;:&quot;Timeout&quot;,&quot;status_str&quot;:&quot;Connecting&quot;},{&quot;host&quot;:&quot;192.168.5.166&quot;,&quot;port&quot;:2088,&quot;nic&quot;:&quot;192.168.5.165&quot;,&quot;limit&quot;:0,&quot;is_backup&quot;:0,&quot;bitrate&quot;:2829737,&quot;up_time&quot;:279,&quot;error_code&quot;:0,&quot;status_code&quot;:3,&quot;error_str&quot;:&quot;None&quot;,&quot;status_str&quot;:&quot;Connected&quot;}],&quot;error&quot;:&quot;None&quot;,&quot;con_stat&quot;:&quot;Disconnected&quot;,&quot;bitrate&quot;:5632663,&quot;dest&quot;:&quot;bonded/bonded3&quot;},{&quot;mip&quot;:&quot;4000.ts&quot;,&quot;port&quot;:0,&quot;ip&quot;:&quot;file&quot;,&quot;in_name&quot;:&quot;bond&quot;,&quot;in_active&quot;:1,&quot;in_active_sources&quot;:0,&quot;prg_name&quot;:&quot;&quot;,&quot;prg_prov&quot;:&quot;&quot;,&quot;prg_num&quot;:-1,&quot;chan&quot;:&quot;&quot;,&quot;chan_id&quot;:-1,&quot;id&quot;:&quot;zixi://bonded(bonded4)#10.7.0.66:2088@10.7.0.65,192.168.60.66:2088@192.168.50.65,192.168.5.166:2088@192.168.5.165&quot;,&quot;type&quot;:2,&quot;name&quot;:&quot;bond4&quot;,&quot;asi&quot;:0,&quot;rtmp&quot;:0,&quot;file&quot;:1,&quot;active&quot;:1,&quot;group&quot;:&quot;&quot;,&quot;bonded&quot;:[{&quot;host&quot;:&quot;10.7.0.66&quot;,&quot;port&quot;:2088,&quot;nic&quot;:&quot;10.7.0.65&quot;,&quot;limit&quot;:0,&quot;is_backup&quot;:0,&quot;bitrate&quot;:2819297,&quot;up_time&quot;:279,&quot;error_code&quot;:0,&quot;status_code&quot;:3,&quot;error_str&quot;:&quot;None&quot;,&quot;status_str&quot;:&quot;Connected&quot;},{&quot;host&quot;:&quot;192.168.60.66&quot;,&quot;port&quot;:2088,&quot;nic&quot;:&quot;192.168.50.65&quot;,&quot;limit&quot;:0,&quot;is_backup&quot;:0,&quot;bitrate&quot;:0,&quot;up_time&quot;:0,&quot;error_code&quot;:3,&quot;status_code&quot;:1,&quot;error_str&quot;:&quot;Timeout&quot;,&quot;status_str&quot;:&quot;Connecting&quot;},{&quot;host&quot;:&quot;192.168.5.166&quot;,&quot;port&quot;:2088,&quot;nic&quot;:&quot;192.168.5.165&quot;,&quot;limit&quot;:0,&quot;is_backup&quot;:0,&quot;bitrate&quot;:2871493,&quot;up_time&quot;:279,&quot;error_code&quot;:0,&quot;status_code&quot;:3,&quot;error_str&quot;:&quot;None&quot;,&quot;status_str&quot;:&quot;Connected&quot;}],&quot;error&quot;:&quot;None&quot;,&quot;con_stat&quot;:&quot;Disconnected&quot;,&quot;bitrate&quot;:5626912,&quot;dest&quot;:&quot;bonded/bonded4&quot;},{&quot;mip&quot;:&quot;4000.ts&quot;,&quot;port&quot;:0,&quot;ip&quot;:&quot;file&quot;,&quot;in_name&quot;:&quot;bond&quot;,&quot;in_active&quot;:1,&quot;in_active_sources&quot;:0,&quot;prg_name&quot;:&quot;&quot;,&quot;prg_prov&quot;:&quot;&quot;,&quot;prg_num&quot;:-1,&quot;chan&quot;:&quot;&quot;,&quot;chan_id&quot;:-1,&quot;id&quot;:&quot;zixi://bonded(bonded5)#10.7.0.66:2088@10.7.0.65,192.168.60.66:2088@192.168.50.65,192.168.5.166:2088@192.168.5.165&quot;,&quot;type&quot;:2,&quot;name&quot;:&quot;bond5&quot;,&quot;asi&quot;:0,&quot;rtmp&quot;:0,&quot;file&quot;:1,&quot;active&quot;:1,&quot;group&quot;:&quot;&quot;,&quot;bonded&quot;:[{&quot;host&quot;:&quot;10.7.0.66&quot;,&quot;port&quot;:2088,&quot;nic&quot;:&quot;10.7.0.65&quot;,&quot;limit&quot;:0,&quot;is_backup&quot;:0,&quot;bitrate&quot;:2938808,&quot;up_time&quot;:279,&quot;error_code&quot;:0,&quot;status_code&quot;:3,&quot;error_str&quot;:&quot;None&quot;,&quot;status_str&quot;:&quot;Connected&quot;},{&quot;host&quot;:&quot;192.168.60.66&quot;,&quot;port&quot;:2088,&quot;nic&quot;:&quot;192.168.50.65&quot;,&quot;limit&quot;:0,&quot;is_backup&quot;:0,&quot;bitrate&quot;:0,&quot;up_time&quot;:0,&quot;error_code&quot;:3,&quot;status_code&quot;:1,&quot;error_str&quot;:&quot;Timeout&quot;,&quot;status_str&quot;:&quot;Connecting&quot;},{&quot;host&quot;:&quot;192.168.5.166&quot;,&quot;port&quot;:2088,&quot;nic&quot;:&quot;192.168.5.165&quot;,&quot;limit&quot;:0,&quot;is_backup&quot;:0,&quot;bitrate&quot;:2762290,&quot;up_time&quot;:279,&quot;error_code&quot;:0,&quot;status_code&quot;:3,&quot;error_str&quot;:&quot;None&quot;,&quot;status_str&quot;:&quot;Connected&quot;}],&quot;error&quot;:&quot;None&quot;,&quot;con_stat&quot;:&quot;Disconnected&quot;,&quot;bitrate&quot;:5637968,&quot;dest&quot;:&quot;bonded/bonded5&quot;},{&quot;mip&quot;:&quot;4000.ts&quot;,&quot;port&quot;:0,&quot;ip&quot;:&quot;file&quot;,&quot;in_name&quot;:&quot;bond&quot;,&quot;in_active&quot;:1,&quot;in_active_sources&quot;:0,&quot;prg_name&quot;:&quot;&quot;,&quot;prg_prov&quot;:&quot;&quot;,&quot;prg_num&quot;:-1,&quot;chan&quot;:&quot;&quot;,&quot;chan_id&quot;:-1,&quot;id&quot;:&quot;zixi://bonded(bonded6)#10.7.0.66:2088@10.7.0.65,192.168.60.66:2088@192.168.50.65,192.168.5.166:2088@192.168.5.165&quot;,&quot;type&quot;:2,&quot;name&quot;:&quot;bond6&quot;,&quot;asi&quot;:0,&quot;rtmp&quot;:0,&quot;file&quot;:1,&quot;active&quot;:1,&quot;group&quot;:&quot;&quot;,&quot;bonded&quot;:[],&quot;error&quot;:&quot;Timeout&quot;,&quot;con_stat&quot;:&quot;Connecting&quot;,&quot;bitrate&quot;:0,&quot;dest&quot;:&quot;bonded/bonded6&quot;},{&quot;mip&quot;:&quot;0.0.0.0&quot;,&quot;port&quot;:4433,&quot;ip&quot;:&quot;0.0.0.0&quot;,&quot;in_name&quot;:&quot;inputudp&quot;,&quot;in_active&quot;:1,&quot;in_active_sources&quot;:0,&quot;prg_name&quot;:&quot;&quot;,&quot;prg_prov&quot;:&quot;&quot;,&quot;prg_num&quot;:-1,&quot;chan&quot;:&quot;&quot;,&quot;chan_id&quot;:-1,&quot;id&quot;:&quot;udp://10.7.0.150:5555&quot;,&quot;type&quot;:1,&quot;name&quot;:&quot;test&quot;,&quot;asi&quot;:0,&quot;rtmp&quot;:0,&quot;file&quot;:0,&quot;active&quot;:1,&quot;group&quot;:&quot;&quot;,&quot;error&quot;:&quot;&quot;,&quot;con_stat&quot;:&quot;Connected&quot;,&quot;bitrate&quot;:0,&quot;dest&quot;:&quot;10.7.0.150:5555@0.0.0.0&quot;}]}
Debug printing ------&gt;&gt;&gt; {&quot;custom_data&quot;:&quot;&quot;,&quot;msg&quot;:&quot;Output deleted.&quot;,&quot;error&quot;:&quot;&quot;,&quot;outs&quot;:[{&quot;mip&quot;:&quot;4000.ts&quot;,&quot;port&quot;:0,&quot;ip&quot;:&quot;file&quot;,&quot;in_name&quot;:&quot;bond&quot;,&quot;in_active&quot;:1,&quot;in_active_sources&quot;:0,&quot;prg_name&quot;:&quot;&quot;,&quot;prg_prov&quot;:&quot;&quot;,&quot;prg_num&quot;:-1,&quot;chan&quot;:&quot;&quot;,&quot;chan_id&quot;:-1,&quot;id&quot;:&quot;zixi://bonded(bonded1)#10.7.0.66:2088@10.7.0.65,192.168.60.66:2088@192.168.50.65,192.168.5.166:2088@192.168.5.165&quot;,&quot;type&quot;:2,&quot;name&quot;:&quot;bond1&quot;,&quot;asi&quot;:0,&quot;rtmp&quot;:0,&quot;file&quot;:1,&quot;active&quot;:1,&quot;group&quot;:&quot;&quot;,&quot;bonded&quot;:[{&quot;host&quot;:&quot;10.7.0.66&quot;,&quot;port&quot;:2088,&quot;nic&quot;:&quot;10.7.0.65&quot;,&quot;limit&quot;:0,&quot;is_backup&quot;:0,&quot;bitrate&quot;:2905354,&quot;up_time&quot;:24,&quot;error_code&quot;:0,&quot;status_code&quot;:3,&quot;error_str&quot;:&quot;None&quot;,&quot;status_str&quot;:&quot;Connected&quot;},{&quot;host&quot;:&quot;192.168.60.66&quot;,&quot;port&quot;:2088,&quot;nic&quot;:&quot;192.168.50.65&quot;,&quot;limit&quot;:0,&quot;is_backup&quot;:0,&quot;bitrate&quot;:0,&quot;up_time&quot;:0,&quot;error_code&quot;:3,&quot;status_code&quot;:1,&quot;error_str&quot;:&quot;Timeout&quot;,&quot;status_str&quot;:&quot;Connecting&quot;},{&quot;host&quot;:&quot;192.168.5.166&quot;,&quot;port&quot;:2088,&quot;nic&quot;:&quot;192.168.5.165&quot;,&quot;limit&quot;:0,&quot;is_backup&quot;:0,&quot;bitrate&quot;:2807502,&quot;up_time&quot;:23,&quot;error_code&quot;:0,&quot;status_code&quot;:3,&quot;error_str&quot;:&quot;None&quot;,&quot;status_str&quot;:&quot;Connected&quot;}],&quot;error&quot;:&quot;None&quot;,&quot;con_stat&quot;:&quot;Disconnected&quot;,&quot;bitrate&quot;:5641334,&quot;dest&quot;:&quot;bonded/bonded1&quot;},{&quot;mip&quot;:&quot;4000.ts&quot;,&quot;port&quot;:0,&quot;ip&quot;:&quot;file&quot;,&quot;in_name&quot;:&quot;bond&quot;,&quot;in_active&quot;:1,&quot;in_active_sources&quot;:0,&quot;prg_name&quot;:&quot;&quot;,&quot;prg_prov&quot;:&quot;&quot;,&quot;prg_num&quot;:-1,&quot;chan&quot;:&quot;&quot;,&quot;chan_id&quot;:-1,&quot;id&quot;:&quot;zixi://bonded(bonded2)#10.7.0.66:2088@10.7.0.65,192.168.60.66:2088@192.168.50.65,192.168.5.166:2088@192.168.5.165&quot;,&quot;type&quot;:2,&quot;name&quot;:&quot;bond2&quot;,&quot;asi&quot;:0,&quot;rtmp&quot;:0,&quot;file&quot;:1,&quot;active&quot;:1,&quot;group&quot;:&quot;&quot;,&quot;bonded&quot;:[{&quot;host&quot;:&quot;10.7.0.66&quot;,&quot;port&quot;:2088,&quot;nic&quot;:&quot;10.7.0.65&quot;,&quot;limit&quot;:0,&quot;is_backup&quot;:0,&quot;bitrate&quot;:2902263,&quot;up_time&quot;:279,&quot;error_code&quot;:0,&quot;status_code&quot;:3,&quot;error_str&quot;:&quot;None&quot;,&quot;status_str&quot;:&quot;Connected&quot;},{&quot;host&quot;:&quot;192.168.60.66&quot;,&quot;port&quot;:2088,&quot;nic&quot;:&quot;192.168.50.65&quot;,&quot;limit&quot;:0,&quot;is_backup&quot;:0,&quot;bitrate&quot;:0,&quot;up_time&quot;:0,&quot;error_code&quot;:3,&quot;status_code&quot;:1,&quot;error_str&quot;:&quot;Timeout&quot;,&quot;status_str&quot;:&quot;Connecting&quot;},{&quot;host&quot;:&quot;192.168.5.166&quot;,&quot;port&quot;:2088,&quot;nic&quot;:&quot;192.168.5.165&quot;,&quot;limit&quot;:0,&quot;is_backup&quot;:0,&quot;bitrate&quot;:2805797,&quot;up_time&quot;:128,&quot;error_code&quot;:0,&quot;status_code&quot;:3,&quot;error_str&quot;:&quot;None&quot;,&quot;status_str&quot;:&quot;Connected&quot;}],&quot;error&quot;:&quot;None&quot;,&quot;con_stat&quot;:&quot;Disconnected&quot;,&quot;bitrate&quot;:5633558,&quot;dest&quot;:&quot;bonded/bonded2&quot;},{&quot;mip&quot;:&quot;4000.ts&quot;,&quot;port&quot;:0,&quot;ip&quot;:&quot;file&quot;,&quot;in_name&quot;:&quot;bond&quot;,&quot;in_active&quot;:1,&quot;in_active_sources&quot;:0,&quot;prg_name&quot;:&quot;&quot;,&quot;prg_prov&quot;:&quot;&quot;,&quot;prg_num&quot;:-1,&quot;chan&quot;:&quot;&quot;,&quot;chan_id&quot;:-1,&quot;id&quot;:&quot;zixi://bonded(bonded3)#10.7.0.66:2088@10.7.0.65,192.168.60.66:2088@192.168.50.65,192.168.5.166:2088@192.168.5.165&quot;,&quot;type&quot;:2,&quot;name&quot;:&quot;bond3&quot;,&quot;asi&quot;:0,&quot;rtmp&quot;:0,&quot;file&quot;:1,&quot;active&quot;:1,&quot;group&quot;:&quot;&quot;,&quot;bonded&quot;:[{&quot;host&quot;:&quot;10.7.0.66&quot;,&quot;port&quot;:2088,&quot;nic&quot;:&quot;10.7.0.65&quot;,&quot;limit&quot;:0,&quot;is_backup&quot;:0,&quot;bitrate&quot;:2877231,&quot;up_time&quot;:279,&quot;error_code&quot;:0,&quot;status_code&quot;:3,&quot;error_str&quot;:&quot;None&quot;,&quot;status_str&quot;:&quot;Connected&quot;},{&quot;host&quot;:&quot;192.168.60.66&quot;,&quot;port&quot;:2088,&quot;nic&quot;:&quot;192.168.50.65&quot;,&quot;limit&quot;:0,&quot;is_backup&quot;:0,&quot;bitrate&quot;:0,&quot;up_time&quot;:0,&quot;error_code&quot;:3,&quot;status_code&quot;:1,&quot;error_str&quot;:&quot;Timeout&quot;,&quot;status_str&quot;:&quot;Connecting&quot;},{&quot;host&quot;:&quot;192.168.5.166&quot;,&quot;port&quot;:2088,&quot;nic&quot;:&quot;192.168.5.165&quot;,&quot;limit&quot;:0,&quot;is_backup&quot;:0,&quot;bitrate&quot;:2829737,&quot;up_time&quot;:279,&quot;error_code&quot;:0,&quot;status_code&quot;:3,&quot;error_str&quot;:&quot;None&quot;,&quot;status_str&quot;:&quot;Connected&quot;}],&quot;error&quot;:&quot;None&quot;,&quot;con_stat&quot;:&quot;Disconnected&quot;,&quot;bitrate&quot;:5632663,&quot;dest&quot;:&quot;bonded/bonded3&quot;},{&quot;mip&quot;:&quot;4000.ts&quot;,&quot;port&quot;:0,&quot;ip&quot;:&quot;file&quot;,&quot;in_name&quot;:&quot;bond&quot;,&quot;in_active&quot;:1,&quot;in_active_sources&quot;:0,&quot;prg_name&quot;:&quot;&quot;,&quot;prg_prov&quot;:&quot;&quot;,&quot;prg_num&quot;:-1,&quot;chan&quot;:&quot;&quot;,&quot;chan_id&quot;:-1,&quot;id&quot;:&quot;zixi://bonded(bonded4)#10.7.0.66:2088@10.7.0.65,192.168.60.66:2088@192.168.50.65,192.168.5.166:2088@192.168.5.165&quot;,&quot;type&quot;:2,&quot;name&quot;:&quot;bond4&quot;,&quot;asi&quot;:0,&quot;rtmp&quot;:0,&quot;file&quot;:1,&quot;active&quot;:1,&quot;group&quot;:&quot;&quot;,&quot;bonded&quot;:[{&quot;host&quot;:&quot;10.7.0.66&quot;,&quot;port&quot;:2088,&quot;nic&quot;:&quot;10.7.0.65&quot;,&quot;limit&quot;:0,&quot;is_backup&quot;:0,&quot;bitrate&quot;:2819297,&quot;up_time&quot;:279,&quot;error_code&quot;:0,&quot;status_code&quot;:3,&quot;error_str&quot;:&quot;None&quot;,&quot;status_str&quot;:&quot;Connected&quot;},{&quot;host&quot;:&quot;192.168.60.66&quot;,&quot;port&quot;:2088,&quot;nic&quot;:&quot;192.168.50.65&quot;,&quot;limit&quot;:0,&quot;is_backup&quot;:0,&quot;bitrate&quot;:0,&quot;up_time&quot;:0,&quot;error_code&quot;:3,&quot;status_code&quot;:1,&quot;error_str&quot;:&quot;Timeout&quot;,&quot;status_str&quot;:&quot;Connecting&quot;},{&quot;host&quot;:&quot;192.168.5.166&quot;,&quot;port&quot;:2088,&quot;nic&quot;:&quot;192.168.5.165&quot;,&quot;limit&quot;:0,&quot;is_backup&quot;:0,&quot;bitrate&quot;:2871493,&quot;up_time&quot;:279,&quot;error_code&quot;:0,&quot;status_code&quot;:3,&quot;error_str&quot;:&quot;None&quot;,&quot;status_str&quot;:&quot;Connected&quot;}],&quot;error&quot;:&quot;None&quot;,&quot;con_stat&quot;:&quot;Disconnected&quot;,&quot;bitrate&quot;:5626912,&quot;dest&quot;:&quot;bonded/bonded4&quot;},{&quot;mip&quot;:&quot;4000.ts&quot;,&quot;port&quot;:0,&quot;ip&quot;:&quot;file&quot;,&quot;in_name&quot;:&quot;bond&quot;,&quot;in_active&quot;:1,&quot;in_active_sources&quot;:0,&quot;prg_name&quot;:&quot;&quot;,&quot;prg_prov&quot;:&quot;&quot;,&quot;prg_num&quot;:-1,&quot;chan&quot;:&quot;&quot;,&quot;chan_id&quot;:-1,&quot;id&quot;:&quot;zixi://bonded(bonded5)#10.7.0.66:2088@10.7.0.65,192.168.60.66:2088@192.168.50.65,192.168.5.166:2088@192.168.5.165&quot;,&quot;type&quot;:2,&quot;name&quot;:&quot;bond5&quot;,&quot;asi&quot;:0,&quot;rtmp&quot;:0,&quot;file&quot;:1,&quot;active&quot;:1,&quot;group&quot;:&quot;&quot;,&quot;bonded&quot;:[{&quot;host&quot;:&quot;10.7.0.66&quot;,&quot;port&quot;:2088,&quot;nic&quot;:&quot;10.7.0.65&quot;,&quot;limit&quot;:0,&quot;is_backup&quot;:0,&quot;bitrate&quot;:2938808,&quot;up_time&quot;:279,&quot;error_code&quot;:0,&quot;status_code&quot;:3,&quot;error_str&quot;:&quot;None&quot;,&quot;status_str&quot;:&quot;Connected&quot;},{&quot;host&quot;:&quot;192.168.60.66&quot;,&quot;port&quot;:2088,&quot;nic&quot;:&quot;192.168.50.65&quot;,&quot;limit&quot;:0,&quot;is_backup&quot;:0,&quot;bitrate&quot;:0,&quot;up_time&quot;:0,&quot;error_code&quot;:3,&quot;status_code&quot;:1,&quot;error_str&quot;:&quot;Timeout&quot;,&quot;status_str&quot;:&quot;Connecting&quot;},{&quot;host&quot;:&quot;192.168.5.166&quot;,&quot;port&quot;:2088,&quot;nic&quot;:&quot;192.168.5.165&quot;,&quot;limit&quot;:0,&quot;is_backup&quot;:0,&quot;bitrate&quot;:2762290,&quot;up_time&quot;:279,&quot;error_code&quot;:0,&quot;status_code&quot;:3,&quot;error_str&quot;:&quot;None&quot;,&quot;status_str&quot;:&quot;Connected&quot;}],&quot;error&quot;:&quot;None&quot;,&quot;con_stat&quot;:&quot;Disconnected&quot;,&quot;bitrate&quot;:5637968,&quot;dest&quot;:&quot;bonded/bonded5&quot;},{&quot;mip&quot;:&quot;0.0.0.0&quot;,&quot;port&quot;:4433,&quot;ip&quot;:&quot;0.0.0.0&quot;,&quot;in_name&quot;:&quot;inputudp&quot;,&quot;in_active&quot;:1,&quot;in_active_sources&quot;:0,&quot;prg_name&quot;:&quot;&quot;,&quot;prg_prov&quot;:&quot;&quot;,&quot;prg_num&quot;:-1,&quot;chan&quot;:&quot;&quot;,&quot;chan_id&quot;:-1,&quot;id&quot;:&quot;udp://10.7.0.150:5555&quot;,&quot;type&quot;:1,&quot;name&quot;:&quot;test&quot;,&quot;asi&quot;:0,&quot;rtmp&quot;:0,&quot;file&quot;:0,&quot;active&quot;:1,&quot;group&quot;:&quot;&quot;,&quot;error&quot;:&quot;&quot;,&quot;con_stat&quot;:&quot;Connected&quot;,&quot;bitrate&quot;:0,&quot;dest&quot;:&quot;10.7.0.150:5555@0.0.0.0&quot;}]}
Debug printing ------&gt;&gt;&gt; {&quot;custom_data&quot;:&quot;&quot;,&quot;msg&quot;:&quot;Output deleted.&quot;,&quot;error&quot;:&quot;&quot;,&quot;outs&quot;:[{&quot;mip&quot;:&quot;4000.ts&quot;,&quot;port&quot;:0,&quot;ip&quot;:&quot;file&quot;,&quot;in_name&quot;:&quot;bond&quot;,&quot;in_active&quot;:1,&quot;in_active_sources&quot;:0,&quot;prg_name&quot;:&quot;&quot;,&quot;prg_prov&quot;:&quot;&quot;,&quot;prg_num&quot;:-1,&quot;chan&quot;:&quot;&quot;,&quot;chan_id&quot;:-1,&quot;id&quot;:&quot;zixi://bonded(bonded1)#10.7.0.66:2088@10.7.0.65,192.168.60.66:2088@192.168.50.65,192.168.5.166:2088@192.168.5.165&quot;,&quot;type&quot;:2,&quot;name&quot;:&quot;bond1&quot;,&quot;asi&quot;:0,&quot;rtmp&quot;:0,&quot;file&quot;:1,&quot;active&quot;:1,&quot;group&quot;:&quot;&quot;,&quot;bonded&quot;:[{&quot;host&quot;:&quot;10.7.0.66&quot;,&quot;port&quot;:2088,&quot;nic&quot;:&quot;10.7.0.65&quot;,&quot;limit&quot;:0,&quot;is_backup&quot;:0,&quot;bitrate&quot;:2905354,&quot;up_time&quot;:24,&quot;error_code&quot;:0,&quot;status_code&quot;:3,&quot;error_str&quot;:&quot;None&quot;,&quot;status_str&quot;:&quot;Connected&quot;},{&quot;host&quot;:&quot;192.168.60.66&quot;,&quot;port&quot;:2088,&quot;nic&quot;:&quot;192.168.50.65&quot;,&quot;limit&quot;:0,&quot;is_backup&quot;:0,&quot;bitrate&quot;:0,&quot;up_time&quot;:0,&quot;error_code&quot;:3,&quot;status_code&quot;:1,&quot;error_str&quot;:&quot;Timeout&quot;,&quot;status_str&quot;:&quot;Connecting&quot;},{&quot;host&quot;:&quot;192.168.5.166&quot;,&quot;port&quot;:2088,&quot;nic&quot;:&quot;192.168.5.165&quot;,&quot;limit&quot;:0,&quot;is_backup&quot;:0,&quot;bitrate&quot;:2807502,&quot;up_time&quot;:23,&quot;error_code&quot;:0,&quot;status_code&quot;:3,&quot;error_str&quot;:&quot;None&quot;,&quot;status_str&quot;:&quot;Connected&quot;}],&quot;error&quot;:&quot;None&quot;,&quot;con_stat&quot;:&quot;Disconnected&quot;,&quot;bitrate&quot;:5641334,&quot;dest&quot;:&quot;bonded/bonded1&quot;},{&quot;mip&quot;:&quot;4000.ts&quot;,&quot;port&quot;:0,&quot;ip&quot;:&quot;file&quot;,&quot;in_name&quot;:&quot;bond&quot;,&quot;in_active&quot;:1,&quot;in_active_sources&quot;:0,&quot;prg_name&quot;:&quot;&quot;,&quot;prg_prov&quot;:&quot;&quot;,&quot;prg_num&quot;:-1,&quot;chan&quot;:&quot;&quot;,&quot;chan_id&quot;:-1,&quot;id&quot;:&quot;zixi://bonded(bonded2)#10.7.0.66:2088@10.7.0.65,192.168.60.66:2088@192.168.50.65,192.168.5.166:2088@192.168.5.165&quot;,&quot;type&quot;:2,&quot;name&quot;:&quot;bond2&quot;,&quot;asi&quot;:0,&quot;rtmp&quot;:0,&quot;file&quot;:1,&quot;active&quot;:1,&quot;group&quot;:&quot;&quot;,&quot;bonded&quot;:[{&quot;host&quot;:&quot;10.7.0.66&quot;,&quot;port&quot;:2088,&quot;nic&quot;:&quot;10.7.0.65&quot;,&quot;limit&quot;:0,&quot;is_backup&quot;:0,&quot;bitrate&quot;:2902263,&quot;up_time&quot;:279,&quot;error_code&quot;:0,&quot;status_code&quot;:3,&quot;error_str&quot;:&quot;None&quot;,&quot;status_str&quot;:&quot;Connected&quot;},{&quot;host&quot;:&quot;192.168.60.66&quot;,&quot;port&quot;:2088,&quot;nic&quot;:&quot;192.168.50.65&quot;,&quot;limit&quot;:0,&quot;is_backup&quot;:0,&quot;bitrate&quot;:0,&quot;up_time&quot;:0,&quot;error_code&quot;:3,&quot;status_code&quot;:1,&quot;error_str&quot;:&quot;Timeout&quot;,&quot;status_str&quot;:&quot;Connecting&quot;},{&quot;host&quot;:&quot;192.168.5.166&quot;,&quot;port&quot;:2088,&quot;nic&quot;:&quot;192.168.5.165&quot;,&quot;limit&quot;:0,&quot;is_backup&quot;:0,&quot;bitrate&quot;:2805797,&quot;up_time&quot;:128,&quot;error_code&quot;:0,&quot;status_code&quot;:3,&quot;error_str&quot;:&quot;None&quot;,&quot;status_str&quot;:&quot;Connected&quot;}],&quot;error&quot;:&quot;None&quot;,&quot;con_stat&quot;:&quot;Disconnected&quot;,&quot;bitrate&quot;:5633558,&quot;dest&quot;:&quot;bonded/bonded2&quot;},{&quot;mip&quot;:&quot;4000.ts&quot;,&quot;port&quot;:0,&quot;ip&quot;:&quot;file&quot;,&quot;in_name&quot;:&quot;bond&quot;,&quot;in_active&quot;:1,&quot;in_active_sources&quot;:0,&quot;prg_name&quot;:&quot;&quot;,&quot;prg_prov&quot;:&quot;&quot;,&quot;prg_num&quot;:-1,&quot;chan&quot;:&quot;&quot;,&quot;chan_id&quot;:-1,&quot;id&quot;:&quot;zixi://bonded(bonded3)#10.7.0.66:2088@10.7.0.65,192.168.60.66:2088@192.168.50.65,192.168.5.166:2088@192.168.5.165&quot;,&quot;type&quot;:2,&quot;name&quot;:&quot;bond3&quot;,&quot;asi&quot;:0,&quot;rtmp&quot;:0,&quot;file&quot;:1,&quot;active&quot;:1,&quot;group&quot;:&quot;&quot;,&quot;bonded&quot;:[{&quot;host&quot;:&quot;10.7.0.66&quot;,&quot;port&quot;:2088,&quot;nic&quot;:&quot;10.7.0.65&quot;,&quot;limit&quot;:0,&quot;is_backup&quot;:0,&quot;bitrate&quot;:2877231,&quot;up_time&quot;:279,&quot;error_code&quot;:0,&quot;status_code&quot;:3,&quot;error_str&quot;:&quot;None&quot;,&quot;status_str&quot;:&quot;Connected&quot;},{&quot;host&quot;:&quot;192.168.60.66&quot;,&quot;port&quot;:2088,&quot;nic&quot;:&quot;192.168.50.65&quot;,&quot;limit&quot;:0,&quot;is_backup&quot;:0,&quot;bitrate&quot;:0,&quot;up_time&quot;:0,&quot;error_code&quot;:3,&quot;status_code&quot;:1,&quot;error_str&quot;:&quot;Timeout&quot;,&quot;status_str&quot;:&quot;Connecting&quot;},{&quot;host&quot;:&quot;192.168.5.166&quot;,&quot;port&quot;:2088,&quot;nic&quot;:&quot;192.168.5.165&quot;,&quot;limit&quot;:0,&quot;is_backup&quot;:0,&quot;bitrate&quot;:2829737,&quot;up_time&quot;:279,&quot;error_code&quot;:0,&quot;status_code&quot;:3,&quot;error_str&quot;:&quot;None&quot;,&quot;status_str&quot;:&quot;Connected&quot;}],&quot;error&quot;:&quot;None&quot;,&quot;con_stat&quot;:&quot;Disconnected&quot;,&quot;bitrate&quot;:5632663,&quot;dest&quot;:&quot;bonded/bonded3&quot;},{&quot;mip&quot;:&quot;4000.ts&quot;,&quot;port&quot;:0,&quot;ip&quot;:&quot;file&quot;,&quot;in_name&quot;:&quot;bond&quot;,&quot;in_active&quot;:1,&quot;in_active_sources&quot;:0,&quot;prg_name&quot;:&quot;&quot;,&quot;prg_prov&quot;:&quot;&quot;,&quot;prg_num&quot;:-1,&quot;chan&quot;:&quot;&quot;,&quot;chan_id&quot;:-1,&quot;id&quot;:&quot;zixi://bonded(bonded4)#10.7.0.66:2088@10.7.0.65,192.168.60.66:2088@192.168.50.65,192.168.5.166:2088@192.168.5.165&quot;,&quot;type&quot;:2,&quot;name&quot;:&quot;bond4&quot;,&quot;asi&quot;:0,&quot;rtmp&quot;:0,&quot;file&quot;:1,&quot;active&quot;:1,&quot;group&quot;:&quot;&quot;,&quot;bonded&quot;:[{&quot;host&quot;:&quot;10.7.0.66&quot;,&quot;port&quot;:2088,&quot;nic&quot;:&quot;10.7.0.65&quot;,&quot;limit&quot;:0,&quot;is_backup&quot;:0,&quot;bitrate&quot;:2819297,&quot;up_time&quot;:279,&quot;error_code&quot;:0,&quot;status_code&quot;:3,&quot;error_str&quot;:&quot;None&quot;,&quot;status_str&quot;:&quot;Connected&quot;},{&quot;host&quot;:&quot;192.168.60.66&quot;,&quot;port&quot;:2088,&quot;nic&quot;:&quot;192.168.50.65&quot;,&quot;limit&quot;:0,&quot;is_backup&quot;:0,&quot;bitrate&quot;:0,&quot;up_time&quot;:0,&quot;error_code&quot;:3,&quot;status_code&quot;:1,&quot;error_str&quot;:&quot;Timeout&quot;,&quot;status_str&quot;:&quot;Connecting&quot;},{&quot;host&quot;:&quot;192.168.5.166&quot;,&quot;port&quot;:2088,&quot;nic&quot;:&quot;192.168.5.165&quot;,&quot;limit&quot;:0,&quot;is_backup&quot;:0,&quot;bitrate&quot;:2871493,&quot;up_time&quot;:279,&quot;error_code&quot;:0,&quot;status_code&quot;:3,&quot;error_str&quot;:&quot;None&quot;,&quot;status_str&quot;:&quot;Connected&quot;}],&quot;error&quot;:&quot;None&quot;,&quot;con_stat&quot;:&quot;Disconnected&quot;,&quot;bitrate&quot;:5626912,&quot;dest&quot;:&quot;bonded/bonded4&quot;},{&quot;mip&quot;:&quot;0.0.0.0&quot;,&quot;port&quot;:4433,&quot;ip&quot;:&quot;0.0.0.0&quot;,&quot;in_name&quot;:&quot;inputudp&quot;,&quot;in_active&quot;:1,&quot;in_active_sources&quot;:0,&quot;prg_name&quot;:&quot;&quot;,&quot;prg_prov&quot;:&quot;&quot;,&quot;prg_num&quot;:-1,&quot;chan&quot;:&quot;&quot;,&quot;chan_id&quot;:-1,&quot;id&quot;:&quot;udp://10.7.0.150:5555&quot;,&quot;type&quot;:1,&quot;name&quot;:&quot;test&quot;,&quot;asi&quot;:0,&quot;rtmp&quot;:0,&quot;file&quot;:0,&quot;active&quot;:1,&quot;group&quot;:&quot;&quot;,&quot;error&quot;:&quot;&quot;,&quot;con_stat&quot;:&quot;Connected&quot;,&quot;bitrate&quot;:0,&quot;dest&quot;:&quot;10.7.0.150:5555@0.0.0.0&quot;}]}
Debug printing ------&gt;&gt;&gt; {&quot;custom_data&quot;:&quot;&quot;,&quot;msg&quot;:&quot;Output deleted.&quot;,&quot;error&quot;:&quot;&quot;,&quot;outs&quot;:[{&quot;mip&quot;:&quot;4000.ts&quot;,&quot;port&quot;:0,&quot;ip&quot;:&quot;file&quot;,&quot;in_name&quot;:&quot;bond&quot;,&quot;in_active&quot;:1,&quot;in_active_sources&quot;:0,&quot;prg_name&quot;:&quot;&quot;,&quot;prg_prov&quot;:&quot;&quot;,&quot;prg_num&quot;:-1,&quot;chan&quot;:&quot;&quot;,&quot;chan_id&quot;:-1,&quot;id&quot;:&quot;zixi://bonded(bonded1)#10.7.0.66:2088@10.7.0.65,192.168.60.66:2088@192.168.50.65,192.168.5.166:2088@192.168.5.165&quot;,&quot;type&quot;:2,&quot;name&quot;:&quot;bond1&quot;,&quot;asi&quot;:0,&quot;rtmp&quot;:0,&quot;file&quot;:1,&quot;active&quot;:1,&quot;group&quot;:&quot;&quot;,&quot;bonded&quot;:[{&quot;host&quot;:&quot;10.7.0.66&quot;,&quot;port&quot;:2088,&quot;nic&quot;:&quot;10.7.0.65&quot;,&quot;limit&quot;:0,&quot;is_backup&quot;:0,&quot;bitrate&quot;:2905354,&quot;up_time&quot;:24,&quot;error_code&quot;:0,&quot;status_code&quot;:3,&quot;error_str&quot;:&quot;None&quot;,&quot;status_str&quot;:&quot;Connected&quot;},{&quot;host&quot;:&quot;192.168.60.66&quot;,&quot;port&quot;:2088,&quot;nic&quot;:&quot;192.168.50.65&quot;,&quot;limit&quot;:0,&quot;is_backup&quot;:0,&quot;bitrate&quot;:0,&quot;up_time&quot;:0,&quot;error_code&quot;:3,&quot;status_code&quot;:1,&quot;error_str&quot;:&quot;Timeout&quot;,&quot;status_str&quot;:&quot;Connecting&quot;},{&quot;host&quot;:&quot;192.168.5.166&quot;,&quot;port&quot;:2088,&quot;nic&quot;:&quot;192.168.5.165&quot;,&quot;limit&quot;:0,&quot;is_backup&quot;:0,&quot;bitrate&quot;:2807502,&quot;up_time&quot;:23,&quot;error_code&quot;:0,&quot;status_code&quot;:3,&quot;error_str&quot;:&quot;None&quot;,&quot;status_str&quot;:&quot;Connected&quot;}],&quot;error&quot;:&quot;None&quot;,&quot;con_stat&quot;:&quot;Disconnected&quot;,&quot;bitrate&quot;:5641334,&quot;dest&quot;:&quot;bonded/bonded1&quot;},{&quot;mip&quot;:&quot;4000.ts&quot;,&quot;port&quot;:0,&quot;ip&quot;:&quot;file&quot;,&quot;in_name&quot;:&quot;bond&quot;,&quot;in_active&quot;:1,&quot;in_active_sources&quot;:0,&quot;prg_name&quot;:&quot;&quot;,&quot;prg_prov&quot;:&quot;&quot;,&quot;prg_num&quot;:-1,&quot;chan&quot;:&quot;&quot;,&quot;chan_id&quot;:-1,&quot;id&quot;:&quot;zixi://bonded(bonded2)#10.7.0.66:2088@10.7.0.65,192.168.60.66:2088@192.168.50.65,192.168.5.166:2088@192.168.5.165&quot;,&quot;type&quot;:2,&quot;name&quot;:&quot;bond2&quot;,&quot;asi&quot;:0,&quot;rtmp&quot;:0,&quot;file&quot;:1,&quot;active&quot;:1,&quot;group&quot;:&quot;&quot;,&quot;bonded&quot;:[{&quot;host&quot;:&quot;10.7.0.66&quot;,&quot;port&quot;:2088,&quot;nic&quot;:&quot;10.7.0.65&quot;,&quot;limit&quot;:0,&quot;is_backup&quot;:0,&quot;bitrate&quot;:2902263,&quot;up_time&quot;:279,&quot;error_code&quot;:0,&quot;status_code&quot;:3,&quot;error_str&quot;:&quot;None&quot;,&quot;status_str&quot;:&quot;Connected&quot;},{&quot;host&quot;:&quot;192.168.60.66&quot;,&quot;port&quot;:2088,&quot;nic&quot;:&quot;192.168.50.65&quot;,&quot;limit&quot;:0,&quot;is_backup&quot;:0,&quot;bitrate&quot;:0,&quot;up_time&quot;:0,&quot;error_code&quot;:3,&quot;status_code&quot;:1,&quot;error_str&quot;:&quot;Timeout&quot;,&quot;status_str&quot;:&quot;Connecting&quot;},{&quot;host&quot;:&quot;192.168.5.166&quot;,&quot;port&quot;:2088,&quot;nic&quot;:&quot;192.168.5.165&quot;,&quot;limit&quot;:0,&quot;is_backup&quot;:0,&quot;bitrate&quot;:2805797,&quot;up_time&quot;:128,&quot;error_code&quot;:0,&quot;status_code&quot;:3,&quot;error_str&quot;:&quot;None&quot;,&quot;status_str&quot;:&quot;Connected&quot;}],&quot;error&quot;:&quot;None&quot;,&quot;con_stat&quot;:&quot;Disconnected&quot;,&quot;bitrate&quot;:5633558,&quot;dest&quot;:&quot;bonded/bonded2&quot;},{&quot;mip&quot;:&quot;4000.ts&quot;,&quot;port&quot;:0,&quot;ip&quot;:&quot;file&quot;,&quot;in_name&quot;:&quot;bond&quot;,&quot;in_active&quot;:1,&quot;in_active_sources&quot;:0,&quot;prg_name&quot;:&quot;&quot;,&quot;prg_prov&quot;:&quot;&quot;,&quot;prg_num&quot;:-1,&quot;chan&quot;:&quot;&quot;,&quot;chan_id&quot;:-1,&quot;id&quot;:&quot;zixi://bonded(bonded3)#10.7.0.66:2088@10.7.0.65,192.168.60.66:2088@192.168.50.65,192.168.5.166:2088@192.168.5.165&quot;,&quot;type&quot;:2,&quot;name&quot;:&quot;bond3&quot;,&quot;asi&quot;:0,&quot;rtmp&quot;:0,&quot;file&quot;:1,&quot;active&quot;:1,&quot;group&quot;:&quot;&quot;,&quot;bonded&quot;:[{&quot;host&quot;:&quot;10.7.0.66&quot;,&quot;port&quot;:2088,&quot;nic&quot;:&quot;10.7.0.65&quot;,&quot;limit&quot;:0,&quot;is_backup&quot;:0,&quot;bitrate&quot;:2877231,&quot;up_time&quot;:279,&quot;error_code&quot;:0,&quot;status_code&quot;:3,&quot;error_str&quot;:&quot;None&quot;,&quot;status_str&quot;:&quot;Connected&quot;},{&quot;host&quot;:&quot;192.168.60.66&quot;,&quot;port&quot;:2088,&quot;nic&quot;:&quot;192.168.50.65&quot;,&quot;limit&quot;:0,&quot;is_backup&quot;:0,&quot;bitrate&quot;:0,&quot;up_time&quot;:0,&quot;error_code&quot;:3,&quot;status_code&quot;:1,&quot;error_str&quot;:&quot;Timeout&quot;,&quot;status_str&quot;:&quot;Connecting&quot;},{&quot;host&quot;:&quot;192.168.5.166&quot;,&quot;port&quot;:2088,&quot;nic&quot;:&quot;192.168.5.165&quot;,&quot;limit&quot;:0,&quot;is_backup&quot;:0,&quot;bitrate&quot;:2829737,&quot;up_time&quot;:279,&quot;error_code&quot;:0,&quot;status_code&quot;:3,&quot;error_str&quot;:&quot;None&quot;,&quot;status_str&quot;:&quot;Connected&quot;}],&quot;error&quot;:&quot;None&quot;,&quot;con_stat&quot;:&quot;Disconnected&quot;,&quot;bitrate&quot;:5632663,&quot;dest&quot;:&quot;bonded/bonded3&quot;},{&quot;mip&quot;:&quot;0.0.0.0&quot;,&quot;port&quot;:4433,&quot;ip&quot;:&quot;0.0.0.0&quot;,&quot;in_name&quot;:&quot;inputudp&quot;,&quot;in_active&quot;:1,&quot;in_active_sources&quot;:0,&quot;prg_name&quot;:&quot;&quot;,&quot;prg_prov&quot;:&quot;&quot;,&quot;prg_num&quot;:-1,&quot;chan&quot;:&quot;&quot;,&quot;chan_id&quot;:-1,&quot;id&quot;:&quot;udp://10.7.0.150:5555&quot;,&quot;type&quot;:1,&quot;name&quot;:&quot;test&quot;,&quot;asi&quot;:0,&quot;rtmp&quot;:0,&quot;file&quot;:0,&quot;active&quot;:1,&quot;group&quot;:&quot;&quot;,&quot;error&quot;:&quot;&quot;,&quot;con_stat&quot;:&quot;Connected&quot;,&quot;bitrate&quot;:0,&quot;dest&quot;:&quot;10.7.0.150:5555@0.0.0.0&quot;}]}
Debug printing ------&gt;&gt;&gt; {&quot;custom_data&quot;:&quot;&quot;,&quot;msg&quot;:&quot;Output deleted.&quot;,&quot;error&quot;:&quot;&quot;,&quot;outs&quot;:[{&quot;mip&quot;:&quot;4000.ts&quot;,&quot;port&quot;:0,&quot;ip&quot;:&quot;file&quot;,&quot;in_name&quot;:&quot;bond&quot;,&quot;in_active&quot;:1,&quot;in_active_sources&quot;:0,&quot;prg_name&quot;:&quot;&quot;,&quot;prg_prov&quot;:&quot;&quot;,&quot;prg_num&quot;:-1,&quot;chan&quot;:&quot;&quot;,&quot;chan_id&quot;:-1,&quot;id&quot;:&quot;zixi://bonded(bonded1)#10.7.0.66:2088@10.7.0.65,192.168.60.66:2088@192.168.50.65,192.168.5.166:2088@192.168.5.165&quot;,&quot;type&quot;:2,&quot;name&quot;:&quot;bond1&quot;,&quot;asi&quot;:0,&quot;rtmp&quot;:0,&quot;file&quot;:1,&quot;active&quot;:1,&quot;group&quot;:&quot;&quot;,&quot;bonded&quot;:[{&quot;host&quot;:&quot;10.7.0.66&quot;,&quot;port&quot;:2088,&quot;nic&quot;:&quot;10.7.0.65&quot;,&quot;limit&quot;:0,&quot;is_backup&quot;:0,&quot;bitrate&quot;:2905354,&quot;up_time&quot;:24,&quot;error_code&quot;:0,&quot;status_code&quot;:3,&quot;error_str&quot;:&quot;None&quot;,&quot;status_str&quot;:&quot;Connected&quot;},{&quot;host&quot;:&quot;192.168.60.66&quot;,&quot;port&quot;:2088,&quot;nic&quot;:&quot;192.168.50.65&quot;,&quot;limit&quot;:0,&quot;is_backup&quot;:0,&quot;bitrate&quot;:0,&quot;up_time&quot;:0,&quot;error_code&quot;:3,&quot;status_code&quot;:1,&quot;error_str&quot;:&quot;Timeout&quot;,&quot;status_str&quot;:&quot;Connecting&quot;},{&quot;host&quot;:&quot;192.168.5.166&quot;,&quot;port&quot;:2088,&quot;nic&quot;:&quot;192.168.5.165&quot;,&quot;limit&quot;:0,&quot;is_backup&quot;:0,&quot;bitrate&quot;:2807502,&quot;up_time&quot;:23,&quot;error_code&quot;:0,&quot;status_code&quot;:3,&quot;error_str&quot;:&quot;None&quot;,&quot;status_str&quot;:&quot;Connected&quot;}],&quot;error&quot;:&quot;None&quot;,&quot;con_stat&quot;:&quot;Disconnected&quot;,&quot;bitrate&quot;:5641334,&quot;dest&quot;:&quot;bonded/bonded1&quot;},{&quot;mip&quot;:&quot;4000.ts&quot;,&quot;port&quot;:0,&quot;ip&quot;:&quot;file&quot;,&quot;in_name&quot;:&quot;bond&quot;,&quot;in_active&quot;:1,&quot;in_active_sources&quot;:0,&quot;prg_name&quot;:&quot;&quot;,&quot;prg_prov&quot;:&quot;&quot;,&quot;prg_num&quot;:-1,&quot;chan&quot;:&quot;&quot;,&quot;chan_id&quot;:-1,&quot;id&quot;:&quot;zixi://bonded(bonded2)#10.7.0.66:2088@10.7.0.65,192.168.60.66:2088@192.168.50.65,192.168.5.166:2088@192.168.5.165&quot;,&quot;type&quot;:2,&quot;name&quot;:&quot;bond2&quot;,&quot;asi&quot;:0,&quot;rtmp&quot;:0,&quot;file&quot;:1,&quot;active&quot;:1,&quot;group&quot;:&quot;&quot;,&quot;bonded&quot;:[{&quot;host&quot;:&quot;10.7.0.66&quot;,&quot;port&quot;:2088,&quot;nic&quot;:&quot;10.7.0.65&quot;,&quot;limit&quot;:0,&quot;is_backup&quot;:0,&quot;bitrate&quot;:2902263,&quot;up_time&quot;:279,&quot;error_code&quot;:0,&quot;status_code&quot;:3,&quot;error_str&quot;:&quot;None&quot;,&quot;status_str&quot;:&quot;Connected&quot;},{&quot;host&quot;:&quot;192.168.60.66&quot;,&quot;port&quot;:2088,&quot;nic&quot;:&quot;192.168.50.65&quot;,&quot;limit&quot;:0,&quot;is_backup&quot;:0,&quot;bitrate&quot;:0,&quot;up_time&quot;:0,&quot;error_code&quot;:3,&quot;status_code&quot;:1,&quot;error_str&quot;:&quot;Timeout&quot;,&quot;status_str&quot;:&quot;Connecting&quot;},{&quot;host&quot;:&quot;192.168.5.166&quot;,&quot;port&quot;:2088,&quot;nic&quot;:&quot;192.168.5.165&quot;,&quot;limit&quot;:0,&quot;is_backup&quot;:0,&quot;bitrate&quot;:2805797,&quot;up_time&quot;:128,&quot;error_code&quot;:0,&quot;status_code&quot;:3,&quot;error_str&quot;:&quot;None&quot;,&quot;status_str&quot;:&quot;Connected&quot;}],&quot;error&quot;:&quot;None&quot;,&quot;con_stat&quot;:&quot;Disconnected&quot;,&quot;bitrate&quot;:5633558,&quot;dest&quot;:&quot;bonded/bonded2&quot;},{&quot;mip&quot;:&quot;0.0.0.0&quot;,&quot;port&quot;:4433,&quot;ip&quot;:&quot;0.0.0.0&quot;,&quot;in_name&quot;:&quot;inputudp&quot;,&quot;in_active&quot;:1,&quot;in_active_sources&quot;:0,&quot;prg_name&quot;:&quot;&quot;,&quot;prg_prov&quot;:&quot;&quot;,&quot;prg_num&quot;:-1,&quot;chan&quot;:&quot;&quot;,&quot;chan_id&quot;:-1,&quot;id&quot;:&quot;udp://10.7.0.150:5555&quot;,&quot;type&quot;:1,&quot;name&quot;:&quot;test&quot;,&quot;asi&quot;:0,&quot;rtmp&quot;:0,&quot;file&quot;:0,&quot;active&quot;:1,&quot;group&quot;:&quot;&quot;,&quot;error&quot;:&quot;&quot;,&quot;con_stat&quot;:&quot;Connected&quot;,&quot;bitrate&quot;:0,&quot;dest&quot;:&quot;10.7.0.150:5555@0.0.0.0&quot;}]}
Debug printing ------&gt;&gt;&gt; {&quot;custom_data&quot;:&quot;&quot;,&quot;msg&quot;:&quot;Output deleted.&quot;,&quot;error&quot;:&quot;&quot;,&quot;outs&quot;:[{&quot;mip&quot;:&quot;4000.ts&quot;,&quot;port&quot;:0,&quot;ip&quot;:&quot;file&quot;,&quot;in_name&quot;:&quot;bond&quot;,&quot;in_active&quot;:1,&quot;in_active_sources&quot;:0,&quot;prg_name&quot;:&quot;&quot;,&quot;prg_prov&quot;:&quot;&quot;,&quot;prg_num&quot;:-1,&quot;chan&quot;:&quot;&quot;,&quot;chan_id&quot;:-1,&quot;id&quot;:&quot;zixi://bonded(bonded1)#10.7.0.66:2088@10.7.0.65,192.168.60.66:2088@192.168.50.65,192.168.5.166:2088@192.168.5.165&quot;,&quot;type&quot;:2,&quot;name&quot;:&quot;bond1&quot;,&quot;asi&quot;:0,&quot;rtmp&quot;:0,&quot;file&quot;:1,&quot;active&quot;:1,&quot;group&quot;:&quot;&quot;,&quot;bonded&quot;:[{&quot;host&quot;:&quot;10.7.0.66&quot;,&quot;port&quot;:2088,&quot;nic&quot;:&quot;10.7.0.65&quot;,&quot;limit&quot;:0,&quot;is_backup&quot;:0,&quot;bitrate&quot;:2905354,&quot;up_time&quot;:24,&quot;error_code&quot;:0,&quot;status_code&quot;:3,&quot;error_str&quot;:&quot;None&quot;,&quot;status_str&quot;:&quot;Connected&quot;},{&quot;host&quot;:&quot;192.168.60.66&quot;,&quot;port&quot;:2088,&quot;nic&quot;:&quot;192.168.50.65&quot;,&quot;limit&quot;:0,&quot;is_backup&quot;:0,&quot;bitrate&quot;:0,&quot;up_time&quot;:0,&quot;error_code&quot;:3,&quot;status_code&quot;:1,&quot;error_str&quot;:&quot;Timeout&quot;,&quot;status_str&quot;:&quot;Connecting&quot;},{&quot;host&quot;:&quot;192.168.5.166&quot;,&quot;port&quot;:2088,&quot;nic&quot;:&quot;192.168.5.165&quot;,&quot;limit&quot;:0,&quot;is_backup&quot;:0,&quot;bitrate&quot;:2807502,&quot;up_time&quot;:23,&quot;error_code&quot;:0,&quot;status_code&quot;:3,&quot;error_str&quot;:&quot;None&quot;,&quot;status_str&quot;:&quot;Connected&quot;}],&quot;error&quot;:&quot;None&quot;,&quot;con_stat&quot;:&quot;Disconnected&quot;,&quot;bitrate&quot;:5641334,&quot;dest&quot;:&quot;bonded/bonded1&quot;},{&quot;mip&quot;:&quot;0.0.0.0&quot;,&quot;port&quot;:4433,&quot;ip&quot;:&quot;0.0.0.0&quot;,&quot;in_name&quot;:&quot;inputudp&quot;,&quot;in_active&quot;:1,&quot;in_active_sources&quot;:0,&quot;prg_name&quot;:&quot;&quot;,&quot;prg_prov&quot;:&quot;&quot;,&quot;prg_num&quot;:-1,&quot;chan&quot;:&quot;&quot;,&quot;chan_id&quot;:-1,&quot;id&quot;:&quot;udp://10.7.0.150:5555&quot;,&quot;type&quot;:1,&quot;name&quot;:&quot;test&quot;,&quot;asi&quot;:0,&quot;rtmp&quot;:0,&quot;file&quot;:0,&quot;active&quot;:1,&quot;group&quot;:&quot;&quot;,&quot;error&quot;:&quot;&quot;,&quot;con_stat&quot;:&quot;Connected&quot;,&quot;bitrate&quot;:0,&quot;dest&quot;:&quot;10.7.0.150:5555@0.0.0.0&quot;}]}
Debug printing ------&gt;&gt;&gt; {&quot;custom_data&quot;:&quot;&quot;,&quot;msg&quot;:&quot;Output deleted.&quot;,&quot;error&quot;:&quot;&quot;,&quot;outs&quot;:[{&quot;mip&quot;:&quot;0.0.0.0&quot;,&quot;port&quot;:4433,&quot;ip&quot;:&quot;0.0.0.0&quot;,&quot;in_name&quot;:&quot;inputudp&quot;,&quot;in_active&quot;:1,&quot;in_active_sources&quot;:0,&quot;prg_name&quot;:&quot;&quot;,&quot;prg_prov&quot;:&quot;&quot;,&quot;prg_num&quot;:-1,&quot;chan&quot;:&quot;&quot;,&quot;chan_id&quot;:-1,&quot;id&quot;:&quot;udp://10.7.0.150:5555&quot;,&quot;type&quot;:1,&quot;name&quot;:&quot;test&quot;,&quot;asi&quot;:0,&quot;rtmp&quot;:0,&quot;file&quot;:0,&quot;active&quot;:1,&quot;group&quot;:&quot;&quot;,&quot;error&quot;:&quot;&quot;,&quot;con_stat&quot;:&quot;Connected&quot;,&quot;bitrate&quot;:0,&quot;dest&quot;:&quot;10.7.0.150:5555@0.0.0.0&quot;}]}
Debug printing ------&gt;&gt;&gt; {&quot;custom_data&quot;:&quot;&quot;,&quot;msg&quot;:&quot;&quot;,&quot;error&quot;:&quot;Output not found.&quot;,&quot;outs&quot;:[{&quot;mip&quot;:&quot;0.0.0.0&quot;,&quot;port&quot;:4433,&quot;ip&quot;:&quot;0.0.0.0&quot;,&quot;in_name&quot;:&quot;inputudp&quot;,&quot;in_active&quot;:1,&quot;in_active_sources&quot;:0,&quot;prg_name&quot;:&quot;&quot;,&quot;prg_prov&quot;:&quot;&quot;,&quot;prg_num&quot;:-1,&quot;chan&quot;:&quot;&quot;,&quot;chan_id&quot;:-1,&quot;id&quot;:&quot;udp://10.7.0.150:5555&quot;,&quot;type&quot;:1,&quot;name&quot;:&quot;test&quot;,&quot;asi&quot;:0,&quot;rtmp&quot;:0,&quot;file&quot;:0,&quot;active&quot;:1,&quot;group&quot;:&quot;&quot;,&quot;error&quot;:&quot;&quot;,&quot;con_stat&quot;:&quot;Connected&quot;,&quot;bitrate&quot;:0,&quot;dest&quot;:&quot;10.7.0.150:5555@0.0.0.0&quot;}]}
Result is Output deleted.
Result is Output deleted.
Result is Output deleted.
Result is Output deleted.
Result is Output deleted.
Result is Output deleted.
Result is Output deleted.
Result is Output deleted.
Result is Output deleted.
Result is Output deleted.
Result is Output deleted.
Result is Output deleted.
Result is Output deleted.
Result is Output deleted.
Result is Output deleted.
Result is Output deleted.
Result is Output deleted.
Result is Output deleted.
Result is Output deleted.
Result is Output deleted.
Result is 
</system-out>
  </testcase>
  <testcase classname="com.zixi.load.testing.FeederBroadcasterBondingMultipleThreeLinkTest" name="broadcasterMultiplePullInCreation" time="1.892"/>
  <testcase classname="com.zixi.testing.BroadcasterUDPOutputStreamCreationTest" name="broadcasterPullInCreation" time="0.794"/>
  <testcase classname="com.zixi.load.testing.BroadcasterRundomInputStreamTest" name="broadcasterSwitchUdpOut" time="708.816"/>
  <testcase classname="com.zixi.testing.BroadcaserSingleOutputStreamDeletionTest" name="broadcasterSingleStreamRemoving" time="0.844"/>
  <testcase classname="com.zixi.load.testing.BroadcaserAllInputStreamDeletorTest" name="broadcasterDeleteAllInputs" time="1.09"/>
  <testcase classname="com.zixi.load.testing.FeederMultipleDeletionTest" name="broadcasterMultiplePullInCreation" time="0.698">
    <failure message="expected [pass] but found [failed]" type="java.lang.AssertionError">java.lang.AssertionError: expected [pass] but found [failed]
	at org.testng.Assert.fail(Assert.java:94)
	at org.testng.Assert.failNotEquals(Assert.java:496)
	at org.testng.Assert.assertEquals(Assert.java:125)
	at org.testng.Assert.assertEquals(Assert.java:178)
	at org.testng.Assert.assertEquals(Assert.java:188)
	at com.zixi.load.testing.FeederMultipleDeletionTest.broadcasterMultiplePullInCreation(FeederMultipleDeletionTest.java:41)
</failure>
    <system-out>Debug printing ------&gt;&gt;&gt; {&quot;custom_data&quot;:&quot;&quot;,&quot;msg&quot;:&quot;&quot;,&quot;error&quot;:&quot;Output not found.&quot;,&quot;outs&quot;:[{&quot;mip&quot;:&quot;live_recording.ts&quot;,&quot;port&quot;:0,&quot;ip&quot;:&quot;file&quot;,&quot;in_name&quot;:&quot;feederoutputname&quot;,&quot;in_active&quot;:1,&quot;in_active_sources&quot;:0,&quot;prg_name&quot;:&quot;&quot;,&quot;prg_prov&quot;:&quot;&quot;,&quot;prg_num&quot;:1,&quot;chan&quot;:&quot;&quot;,&quot;chan_id&quot;:-1,&quot;id&quot;:&quot;zixi://10.7.0.66:2088/feederout&quot;,&quot;type&quot;:2,&quot;name&quot;:&quot;feederoutputname&quot;,&quot;asi&quot;:0,&quot;rtmp&quot;:0,&quot;file&quot;:1,&quot;active&quot;:1,&quot;group&quot;:&quot;&quot;,&quot;error&quot;:&quot;None&quot;,&quot;con_stat&quot;:&quot;Disconnected&quot;,&quot;bitrate&quot;:0,&quot;dest&quot;:&quot;10.7.0.66:2088/feederout&quot;},{&quot;mip&quot;:&quot;4000.ts&quot;,&quot;port&quot;:0,&quot;ip&quot;:&quot;file&quot;,&quot;in_name&quot;:&quot;bond&quot;,&quot;in_active&quot;:1,&quot;in_active_sources&quot;:0,&quot;prg_name&quot;:&quot;&quot;,&quot;prg_prov&quot;:&quot;&quot;,&quot;prg_num&quot;:-1,&quot;chan&quot;:&quot;&quot;,&quot;chan_id&quot;:-1,&quot;id&quot;:&quot;zixi://bonded(bonded6)#10.7.0.66:2088@10.7.0.65,192.168.60.66:2088@192.168.50.65,192.168.5.166:2088@192.168.5.165&quot;,&quot;type&quot;:2,&quot;name&quot;:&quot;bond6&quot;,&quot;asi&quot;:0,&quot;rtmp&quot;:0,&quot;file&quot;:1,&quot;active&quot;:1,&quot;group&quot;:&quot;&quot;,&quot;bonded&quot;:[{&quot;host&quot;:&quot;10.7.0.66&quot;,&quot;port&quot;:2088,&quot;nic&quot;:&quot;10.7.0.65&quot;,&quot;limit&quot;:0,&quot;is_backup&quot;:0,&quot;bitrate&quot;:0,&quot;up_time&quot;:0,&quot;error_code&quot;:0,&quot;status_code&quot;:1,&quot;error_str&quot;:&quot;None&quot;,&quot;status_str&quot;:&quot;Connecting&quot;},{&quot;host&quot;:&quot;192.168.60.66&quot;,&quot;port&quot;:2088,&quot;nic&quot;:&quot;192.168.50.65&quot;,&quot;limit&quot;:0,&quot;is_backup&quot;:0,&quot;bitrate&quot;:0,&quot;up_time&quot;:0,&quot;error_code&quot;:3,&quot;status_code&quot;:1,&quot;error_str&quot;:&quot;Timeout&quot;,&quot;status_str&quot;:&quot;Connecting&quot;},{&quot;host&quot;:&quot;192.168.5.166&quot;,&quot;port&quot;:2088,&quot;nic&quot;:&quot;192.168.5.165&quot;,&quot;limit&quot;:0,&quot;is_backup&quot;:0,&quot;bitrate&quot;:2889991,&quot;up_time&quot;:50,&quot;error_code&quot;:0,&quot;status_code&quot;:3,&quot;error_str&quot;:&quot;None&quot;,&quot;status_str&quot;:&quot;Connected&quot;}],&quot;error&quot;:&quot;None&quot;,&quot;con_stat&quot;:&quot;Disconnected&quot;,&quot;bitrate&quot;:5655336,&quot;dest&quot;:&quot;bonded/bonded6&quot;},{&quot;mip&quot;:&quot;4000.ts&quot;,&quot;port&quot;:0,&quot;ip&quot;:&quot;file&quot;,&quot;in_name&quot;:&quot;bond&quot;,&quot;in_active&quot;:1,&quot;in_active_sources&quot;:0,&quot;prg_name&quot;:&quot;&quot;,&quot;prg_prov&quot;:&quot;&quot;,&quot;prg_num&quot;:-1,&quot;chan&quot;:&quot;&quot;,&quot;chan_id&quot;:-1,&quot;id&quot;:&quot;zixi://bonded(bonded17)#10.7.0.66:2088@10.7.0.65,192.168.60.66:2088@192.168.50.65,192.168.5.166:2088@192.168.5.165&quot;,&quot;type&quot;:2,&quot;name&quot;:&quot;bond17&quot;,&quot;asi&quot;:0,&quot;rtmp&quot;:0,&quot;file&quot;:1,&quot;active&quot;:1,&quot;group&quot;:&quot;&quot;,&quot;bonded&quot;:[{&quot;host&quot;:&quot;10.7.0.66&quot;,&quot;port&quot;:2088,&quot;nic&quot;:&quot;10.7.0.65&quot;,&quot;limit&quot;:0,&quot;is_backup&quot;:0,&quot;bitrate&quot;:2520932,&quot;up_time&quot;:232,&quot;error_code&quot;:0,&quot;status_code&quot;:3,&quot;error_str&quot;:&quot;None&quot;,&quot;status_str&quot;:&quot;Connected&quot;},{&quot;host&quot;:&quot;192.168.60.66&quot;,&quot;port&quot;:2088,&quot;nic&quot;:&quot;192.168.50.65&quot;,&quot;limit&quot;:0,&quot;is_backup&quot;:0,&quot;bitrate&quot;:0,&quot;up_time&quot;:0,&quot;error_code&quot;:3,&quot;status_code&quot;:1,&quot;error_str&quot;:&quot;Timeout&quot;,&quot;status_str&quot;:&quot;Connecting&quot;},{&quot;host&quot;:&quot;192.168.5.166&quot;,&quot;port&quot;:2088,&quot;nic&quot;:&quot;192.168.5.165&quot;,&quot;limit&quot;:0,&quot;is_backup&quot;:0,&quot;bitrate&quot;:2424232,&quot;up_time&quot;:233,&quot;error_code&quot;:0,&quot;status_code&quot;:3,&quot;error_str&quot;:&quot;None&quot;,&quot;status_str&quot;:&quot;Connected&quot;}],&quot;error&quot;:&quot;None&quot;,&quot;con_stat&quot;:&quot;Disconnected&quot;,&quot;bitrate&quot;:4895136,&quot;dest&quot;:&quot;bonded/bonded17&quot;},{&quot;mip&quot;:&quot;4000.ts&quot;,&quot;port&quot;:0,&quot;ip&quot;:&quot;file&quot;,&quot;in_name&quot;:&quot;bond&quot;,&quot;in_active&quot;:1,&quot;in_active_sources&quot;:0,&quot;prg_name&quot;:&quot;&quot;,&quot;prg_prov&quot;:&quot;&quot;,&quot;prg_num&quot;:-1,&quot;chan&quot;:&quot;&quot;,&quot;chan_id&quot;:-1,&quot;id&quot;:&quot;zixi://bonded(bonded16)#10.7.0.66:2088@10.7.0.65,192.168.60.66:2088@192.168.50.65,192.168.5.166:2088@192.168.5.165&quot;,&quot;type&quot;:2,&quot;name&quot;:&quot;bond16&quot;,&quot;asi&quot;:0,&quot;rtmp&quot;:0,&quot;file&quot;:1,&quot;active&quot;:1,&quot;group&quot;:&quot;&quot;,&quot;bonded&quot;:[{&quot;host&quot;:&quot;10.7.0.66&quot;,&quot;port&quot;:2088,&quot;nic&quot;:&quot;10.7.0.65&quot;,&quot;limit&quot;:0,&quot;is_backup&quot;:0,&quot;bitrate&quot;:0,&quot;up_time&quot;:0,&quot;error_code&quot;:0,&quot;status_code&quot;:3,&quot;error_str&quot;:&quot;None&quot;,&quot;status_str&quot;:&quot;Connected&quot;},{&quot;host&quot;:&quot;192.168.60.66&quot;,&quot;port&quot;:2088,&quot;nic&quot;:&quot;192.168.50.65&quot;,&quot;limit&quot;:0,&quot;is_backup&quot;:0,&quot;bitrate&quot;:0,&quot;up_time&quot;:0,&quot;error_code&quot;:3,&quot;status_code&quot;:1,&quot;error_str&quot;:&quot;Timeout&quot;,&quot;status_str&quot;:&quot;Connecting&quot;},{&quot;host&quot;:&quot;192.168.5.166&quot;,&quot;port&quot;:2088,&quot;nic&quot;:&quot;192.168.5.165&quot;,&quot;limit&quot;:0,&quot;is_backup&quot;:0,&quot;bitrate&quot;:2082396,&quot;up_time&quot;:33,&quot;error_code&quot;:0,&quot;status_code&quot;:3,&quot;error_str&quot;:&quot;None&quot;,&quot;status_str&quot;:&quot;Connected&quot;}],&quot;error&quot;:&quot;None&quot;,&quot;con_stat&quot;:&quot;Disconnected&quot;,&quot;bitrate&quot;:5484107,&quot;dest&quot;:&quot;bonded/bonded16&quot;},{&quot;mip&quot;:&quot;4000.ts&quot;,&quot;port&quot;:0,&quot;ip&quot;:&quot;file&quot;,&quot;in_name&quot;:&quot;bond&quot;,&quot;in_active&quot;:1,&quot;in_active_sources&quot;:0,&quot;prg_name&quot;:&quot;&quot;,&quot;prg_prov&quot;:&quot;&quot;,&quot;prg_num&quot;:-1,&quot;chan&quot;:&quot;&quot;,&quot;chan_id&quot;:-1,&quot;id&quot;:&quot;zixi://bonded(bonded13)#10.7.0.66:2088@10.7.0.65,192.168.60.66:2088@192.168.50.65,192.168.5.166:2088@192.168.5.165&quot;,&quot;type&quot;:2,&quot;name&quot;:&quot;bond13&quot;,&quot;asi&quot;:0,&quot;rtmp&quot;:0,&quot;file&quot;:1,&quot;active&quot;:1,&quot;group&quot;:&quot;&quot;,&quot;bonded&quot;:[{&quot;host&quot;:&quot;10.7.0.66&quot;,&quot;port&quot;:2088,&quot;nic&quot;:&quot;10.7.0.65&quot;,&quot;limit&quot;:0,&quot;is_backup&quot;:0,&quot;bitrate&quot;:2157504,&quot;up_time&quot;:17,&quot;error_code&quot;:0,&quot;status_code&quot;:3,&quot;error_str&quot;:&quot;None&quot;,&quot;status_str&quot;:&quot;Connected&quot;},{&quot;host&quot;:&quot;192.168.60.66&quot;,&quot;port&quot;:2088,&quot;nic&quot;:&quot;192.168.50.65&quot;,&quot;limit&quot;:0,&quot;is_backup&quot;:0,&quot;bitrate&quot;:0,&quot;up_time&quot;:0,&quot;error_code&quot;:3,&quot;status_code&quot;:1,&quot;error_str&quot;:&quot;Timeout&quot;,&quot;status_str&quot;:&quot;Connecting&quot;},{&quot;host&quot;:&quot;192.168.5.166&quot;,&quot;port&quot;:2088,&quot;nic&quot;:&quot;192.168.5.165&quot;,&quot;limit&quot;:0,&quot;is_backup&quot;:0,&quot;bitrate&quot;:0,&quot;up_time&quot;:0,&quot;error_code&quot;:3,&quot;status_code&quot;:1,&quot;error_str&quot;:&quot;Timeout&quot;,&quot;status_str&quot;:&quot;Connecting&quot;}],&quot;error&quot;:&quot;None&quot;,&quot;con_stat&quot;:&quot;Disconnected&quot;,&quot;bitrate&quot;:4268120,&quot;dest&quot;:&quot;bonded/bonded13&quot;},{&quot;mip&quot;:&quot;4000.ts&quot;,&quot;port&quot;:0,&quot;ip&quot;:&quot;file&quot;,&quot;in_name&quot;:&quot;bond&quot;,&quot;in_active&quot;:1,&quot;in_active_sources&quot;:0,&quot;prg_name&quot;:&quot;&quot;,&quot;prg_prov&quot;:&quot;&quot;,&quot;prg_num&quot;:-1,&quot;chan&quot;:&quot;&quot;,&quot;chan_id&quot;:-1,&quot;id&quot;:&quot;zixi://bonded(bonded19)#10.7.0.66:2088@10.7.0.65,192.168.60.66:2088@192.168.50.65,192.168.5.166:2088@192.168.5.165&quot;,&quot;type&quot;:2,&quot;name&quot;:&quot;bond19&quot;,&quot;asi&quot;:0,&quot;rtmp&quot;:0,&quot;file&quot;:1,&quot;active&quot;:1,&quot;group&quot;:&quot;&quot;,&quot;bonded&quot;:[{&quot;host&quot;:&quot;10.7.0.66&quot;,&quot;port&quot;:2088,&quot;nic&quot;:&quot;10.7.0.65&quot;,&quot;limit&quot;:0,&quot;is_backup&quot;:0,&quot;bitrate&quot;:2813734,&quot;up_time&quot;:3,&quot;error_code&quot;:0,&quot;status_code&quot;:3,&quot;error_str&quot;:&quot;None&quot;,&quot;status_str&quot;:&quot;Connected&quot;},{&quot;host&quot;:&quot;192.168.60.66&quot;,&quot;port&quot;:2088,&quot;nic&quot;:&quot;192.168.50.65&quot;,&quot;limit&quot;:0,&quot;is_backup&quot;:0,&quot;bitrate&quot;:0,&quot;up_time&quot;:0,&quot;error_code&quot;:3,&quot;status_code&quot;:1,&quot;error_str&quot;:&quot;Timeout&quot;,&quot;status_str&quot;:&quot;Connecting&quot;},{&quot;host&quot;:&quot;192.168.5.166&quot;,&quot;port&quot;:2088,&quot;nic&quot;:&quot;192.168.5.165&quot;,&quot;limit&quot;:0,&quot;is_backup&quot;:0,&quot;bitrate&quot;:0,&quot;up_time&quot;:11,&quot;error_code&quot;:0,&quot;status_code&quot;:3,&quot;error_str&quot;:&quot;None&quot;,&quot;status_str&quot;:&quot;Connected&quot;}],&quot;error&quot;:&quot;None&quot;,&quot;con_stat&quot;:&quot;Disconnected&quot;,&quot;bitrate&quot;:0,&quot;dest&quot;:&quot;bonded/bonded19&quot;},{&quot;mip&quot;:&quot;4000.ts&quot;,&quot;port&quot;:0,&quot;ip&quot;:&quot;file&quot;,&quot;in_name&quot;:&quot;bond&quot;,&quot;in_active&quot;:1,&quot;in_active_sources&quot;:0,&quot;prg_name&quot;:&quot;&quot;,&quot;prg_prov&quot;:&quot;&quot;,&quot;prg_num&quot;:-1,&quot;chan&quot;:&quot;&quot;,&quot;chan_id&quot;:-1,&quot;id&quot;:&quot;zixi://bonded(bonded12)#10.7.0.66:2088@10.7.0.65,192.168.60.66:2088@192.168.50.65,192.168.5.166:2088@192.168.5.165&quot;,&quot;type&quot;:2,&quot;name&quot;:&quot;bond12&quot;,&quot;asi&quot;:0,&quot;rtmp&quot;:0,&quot;file&quot;:1,&quot;active&quot;:1,&quot;group&quot;:&quot;&quot;,&quot;bonded&quot;:[{&quot;host&quot;:&quot;10.7.0.66&quot;,&quot;port&quot;:2088,&quot;nic&quot;:&quot;10.7.0.65&quot;,&quot;limit&quot;:0,&quot;is_backup&quot;:0,&quot;bitrate&quot;:1110627,&quot;up_time&quot;:3,&quot;error_code&quot;:0,&quot;status_code&quot;:3,&quot;error_str&quot;:&quot;None&quot;,&quot;status_str&quot;:&quot;Connected&quot;},{&quot;host&quot;:&quot;192.168.60.66&quot;,&quot;port&quot;:2088,&quot;nic&quot;:&quot;192.168.50.65&quot;,&quot;limit&quot;:0,&quot;is_backup&quot;:0,&quot;bitrate&quot;:0,&quot;up_time&quot;:0,&quot;error_code&quot;:3,&quot;status_code&quot;:1,&quot;error_str&quot;:&quot;Timeout&quot;,&quot;status_str&quot;:&quot;Connecting&quot;},{&quot;host&quot;:&quot;192.168.5.166&quot;,&quot;port&quot;:2088,&quot;nic&quot;:&quot;192.168.5.165&quot;,&quot;limit&quot;:0,&quot;is_backup&quot;:0,&quot;bitrate&quot;:3827355,&quot;up_time&quot;:22,&quot;error_code&quot;:0,&quot;status_code&quot;:3,&quot;error_str&quot;:&quot;None&quot;,&quot;status_str&quot;:&quot;Connected&quot;}],&quot;error&quot;:&quot;None&quot;,&quot;con_stat&quot;:&quot;Disconnected&quot;,&quot;bitrate&quot;:4885218,&quot;dest&quot;:&quot;bonded/bonded12&quot;},{&quot;mip&quot;:&quot;4000.ts&quot;,&quot;port&quot;:0,&quot;ip&quot;:&quot;file&quot;,&quot;in_name&quot;:&quot;bond&quot;,&quot;in_active&quot;:1,&quot;in_active_sources&quot;:0,&quot;prg_name&quot;:&quot;&quot;,&quot;prg_prov&quot;:&quot;&quot;,&quot;prg_num&quot;:-1,&quot;chan&quot;:&quot;&quot;,&quot;chan_id&quot;:-1,&quot;id&quot;:&quot;zixi://bonded(bonded18)#10.7.0.66:2088@10.7.0.65,192.168.60.66:2088@192.168.50.65,192.168.5.166:2088@192.168.5.165&quot;,&quot;type&quot;:2,&quot;name&quot;:&quot;bond18&quot;,&quot;asi&quot;:0,&quot;rtmp&quot;:0,&quot;file&quot;:1,&quot;active&quot;:1,&quot;group&quot;:&quot;&quot;,&quot;bonded&quot;:[{&quot;host&quot;:&quot;10.7.0.66&quot;,&quot;port&quot;:2088,&quot;nic&quot;:&quot;10.7.0.65&quot;,&quot;limit&quot;:0,&quot;is_backup&quot;:0,&quot;bitrate&quot;:0,&quot;up_time&quot;:355,&quot;error_code&quot;:0,&quot;status_code&quot;:0,&quot;error_str&quot;:&quot;None&quot;,&quot;status_str&quot;:&quot;Offline&quot;},{&quot;host&quot;:&quot;192.168.60.66&quot;,&quot;port&quot;:2088,&quot;nic&quot;:&quot;192.168.50.65&quot;,&quot;limit&quot;:0,&quot;is_backup&quot;:0,&quot;bitrate&quot;:0,&quot;up_time&quot;:0,&quot;error_code&quot;:3,&quot;status_code&quot;:1,&quot;error_str&quot;:&quot;Timeout&quot;,&quot;status_str&quot;:&quot;Connecting&quot;},{&quot;host&quot;:&quot;192.168.5.166&quot;,&quot;port&quot;:2088,&quot;nic&quot;:&quot;192.168.5.165&quot;,&quot;limit&quot;:0,&quot;is_backup&quot;:0,&quot;bitrate&quot;:2737150,&quot;up_time&quot;:355,&quot;error_code&quot;:0,&quot;status_code&quot;:3,&quot;error_str&quot;:&quot;None&quot;,&quot;status_str&quot;:&quot;Connected&quot;}],&quot;error&quot;:&quot;None&quot;,&quot;con_stat&quot;:&quot;Disconnected&quot;,&quot;bitrate&quot;:5636979,&quot;dest&quot;:&quot;bonded/bonded18&quot;},{&quot;mip&quot;:&quot;4000.ts&quot;,&quot;port&quot;:0,&quot;ip&quot;:&quot;file&quot;,&quot;in_name&quot;:&quot;bond&quot;,&quot;in_active&quot;:1,&quot;in_active_sources&quot;:0,&quot;prg_name&quot;:&quot;&quot;,&quot;prg_prov&quot;:&quot;&quot;,&quot;prg_num&quot;:-1,&quot;chan&quot;:&quot;&quot;,&quot;chan_id&quot;:-1,&quot;id&quot;:&quot;zixi://bonded(bonded11)#10.7.0.66:2088@10.7.0.65,192.168.60.66:2088@192.168.50.65,192.168.5.166:2088@192.168.5.165&quot;,&quot;type&quot;:2,&quot;name&quot;:&quot;bond11&quot;,&quot;asi&quot;:0,&quot;rtmp&quot;:0,&quot;file&quot;:1,&quot;active&quot;:1,&quot;group&quot;:&quot;&quot;,&quot;bonded&quot;:[{&quot;host&quot;:&quot;10.7.0.66&quot;,&quot;port&quot;:2088,&quot;nic&quot;:&quot;10.7.0.65&quot;,&quot;limit&quot;:0,&quot;is_backup&quot;:0,&quot;bitrate&quot;:2415887,&quot;up_time&quot;:55,&quot;error_code&quot;:0,&quot;status_code&quot;:3,&quot;error_str&quot;:&quot;None&quot;,&quot;status_str&quot;:&quot;Connected&quot;},{&quot;host&quot;:&quot;192.168.60.66&quot;,&quot;port&quot;:2088,&quot;nic&quot;:&quot;192.168.50.65&quot;,&quot;limit&quot;:0,&quot;is_backup&quot;:0,&quot;bitrate&quot;:0,&quot;up_time&quot;:0,&quot;error_code&quot;:3,&quot;status_code&quot;:1,&quot;error_str&quot;:&quot;Timeout&quot;,&quot;status_str&quot;:&quot;Connecting&quot;},{&quot;host&quot;:&quot;192.168.5.166&quot;,&quot;port&quot;:2088,&quot;nic&quot;:&quot;192.168.5.165&quot;,&quot;limit&quot;:0,&quot;is_backup&quot;:0,&quot;bitrate&quot;:2519296,&quot;up_time&quot;:15,&quot;error_code&quot;:0,&quot;status_code&quot;:3,&quot;error_str&quot;:&quot;None&quot;,&quot;status_str&quot;:&quot;Connected&quot;}],&quot;error&quot;:&quot;None&quot;,&quot;con_stat&quot;:&quot;Disconnected&quot;,&quot;bitrate&quot;:4874021,&quot;dest&quot;:&quot;bonded/bonded11&quot;},{&quot;mip&quot;:&quot;4000.ts&quot;,&quot;port&quot;:0,&quot;ip&quot;:&quot;file&quot;,&quot;in_name&quot;:&quot;bond&quot;,&quot;in_active&quot;:1,&quot;in_active_sources&quot;:0,&quot;prg_name&quot;:&quot;&quot;,&quot;prg_prov&quot;:&quot;&quot;,&quot;prg_num&quot;:-1,&quot;chan&quot;:&quot;&quot;,&quot;chan_id&quot;:-1,&quot;id&quot;:&quot;zixi://bonded(bonded10)#10.7.0.66:2088@10.7.0.65,192.168.60.66:2088@192.168.50.65,192.168.5.166:2088@192.168.5.165&quot;,&quot;type&quot;:2,&quot;name&quot;:&quot;bond10&quot;,&quot;asi&quot;:0,&quot;rtmp&quot;:0,&quot;file&quot;:1,&quot;active&quot;:1,&quot;group&quot;:&quot;&quot;,&quot;bonded&quot;:[{&quot;host&quot;:&quot;10.7.0.66&quot;,&quot;port&quot;:2088,&quot;nic&quot;:&quot;10.7.0.65&quot;,&quot;limit&quot;:0,&quot;is_backup&quot;:0,&quot;bitrate&quot;:2847832,&quot;up_time&quot;:532,&quot;error_code&quot;:0,&quot;status_code&quot;:3,&quot;error_str&quot;:&quot;None&quot;,&quot;status_str&quot;:&quot;Connected&quot;},{&quot;host&quot;:&quot;192.168.60.66&quot;,&quot;port&quot;:2088,&quot;nic&quot;:&quot;192.168.50.65&quot;,&quot;limit&quot;:0,&quot;is_backup&quot;:0,&quot;bitrate&quot;:0,&quot;up_time&quot;:0,&quot;error_code&quot;:3,&quot;status_code&quot;:1,&quot;error_str&quot;:&quot;Timeout&quot;,&quot;status_str&quot;:&quot;Connecting&quot;},{&quot;host&quot;:&quot;192.168.5.166&quot;,&quot;port&quot;:2088,&quot;nic&quot;:&quot;192.168.5.165&quot;,&quot;limit&quot;:0,&quot;is_backup&quot;:0,&quot;bitrate&quot;:0,&quot;up_time&quot;:0,&quot;error_code&quot;:3,&quot;status_code&quot;:1,&quot;error_str&quot;:&quot;Timeout&quot;,&quot;status_str&quot;:&quot;Connecting&quot;}],&quot;error&quot;:&quot;None&quot;,&quot;con_stat&quot;:&quot;Disconnected&quot;,&quot;bitrate&quot;:4868280,&quot;dest&quot;:&quot;bonded/bonded10&quot;},{&quot;mip&quot;:&quot;4000.ts&quot;,&quot;port&quot;:0,&quot;ip&quot;:&quot;file&quot;,&quot;in_name&quot;:&quot;bond&quot;,&quot;in_active&quot;:1,&quot;in_active_sources&quot;:0,&quot;prg_name&quot;:&quot;&quot;,&quot;prg_prov&quot;:&quot;&quot;,&quot;prg_num&quot;:-1,&quot;chan&quot;:&quot;&quot;,&quot;chan_id&quot;:-1,&quot;id&quot;:&quot;zixi://bonded(bonded15)#10.7.0.66:2088@10.7.0.65,192.168.60.66:2088@192.168.50.65,192.168.5.166:2088@192.168.5.165&quot;,&quot;type&quot;:2,&quot;name&quot;:&quot;bond15&quot;,&quot;asi&quot;:0,&quot;rtmp&quot;:0,&quot;file&quot;:1,&quot;active&quot;:1,&quot;group&quot;:&quot;&quot;,&quot;bonded&quot;:[{&quot;host&quot;:&quot;10.7.0.66&quot;,&quot;port&quot;:2088,&quot;nic&quot;:&quot;10.7.0.65&quot;,&quot;limit&quot;:0,&quot;is_backup&quot;:0,&quot;bitrate&quot;:2442530,&quot;up_time&quot;:18,&quot;error_code&quot;:0,&quot;status_code&quot;:3,&quot;error_str&quot;:&quot;None&quot;,&quot;status_str&quot;:&quot;Connected&quot;},{&quot;host&quot;:&quot;192.168.60.66&quot;,&quot;port&quot;:2088,&quot;nic&quot;:&quot;192.168.50.65&quot;,&quot;limit&quot;:0,&quot;is_backup&quot;:0,&quot;bitrate&quot;:0,&quot;up_time&quot;:0,&quot;error_code&quot;:3,&quot;status_code&quot;:1,&quot;error_str&quot;:&quot;Timeout&quot;,&quot;status_str&quot;:&quot;Connecting&quot;},{&quot;host&quot;:&quot;192.168.5.166&quot;,&quot;port&quot;:2088,&quot;nic&quot;:&quot;192.168.5.165&quot;,&quot;limit&quot;:0,&quot;is_backup&quot;:0,&quot;bitrate&quot;:2507742,&quot;up_time&quot;:346,&quot;error_code&quot;:0,&quot;status_code&quot;:3,&quot;error_str&quot;:&quot;None&quot;,&quot;status_str&quot;:&quot;Connected&quot;}],&quot;error&quot;:&quot;None&quot;,&quot;con_stat&quot;:&quot;Disconnected&quot;,&quot;bitrate&quot;:4884747,&quot;dest&quot;:&quot;bonded/bonded15&quot;},{&quot;mip&quot;:&quot;4000.ts&quot;,&quot;port&quot;:0,&quot;ip&quot;:&quot;file&quot;,&quot;in_name&quot;:&quot;bond&quot;,&quot;in_active&quot;:1,&quot;in_active_sources&quot;:0,&quot;prg_name&quot;:&quot;&quot;,&quot;prg_prov&quot;:&quot;&quot;,&quot;prg_num&quot;:-1,&quot;chan&quot;:&quot;&quot;,&quot;chan_id&quot;:-1,&quot;id&quot;:&quot;zixi://bonded(bonded0)#10.7.0.66:2088@10.7.0.65,192.168.60.66:2088@192.168.50.65,192.168.5.166:2088@192.168.5.165&quot;,&quot;type&quot;:2,&quot;name&quot;:&quot;bond0&quot;,&quot;asi&quot;:0,&quot;rtmp&quot;:0,&quot;file&quot;:1,&quot;active&quot;:1,&quot;group&quot;:&quot;&quot;,&quot;bonded&quot;:[{&quot;host&quot;:&quot;10.7.0.66&quot;,&quot;port&quot;:2088,&quot;nic&quot;:&quot;10.7.0.65&quot;,&quot;limit&quot;:0,&quot;is_backup&quot;:0,&quot;bitrate&quot;:2352869,&quot;up_time&quot;:202,&quot;error_code&quot;:0,&quot;status_code&quot;:3,&quot;error_str&quot;:&quot;None&quot;,&quot;status_str&quot;:&quot;Connected&quot;},{&quot;host&quot;:&quot;192.168.60.66&quot;,&quot;port&quot;:2088,&quot;nic&quot;:&quot;192.168.50.65&quot;,&quot;limit&quot;:0,&quot;is_backup&quot;:0,&quot;bitrate&quot;:0,&quot;up_time&quot;:0,&quot;error_code&quot;:3,&quot;status_code&quot;:1,&quot;error_str&quot;:&quot;Timeout&quot;,&quot;status_str&quot;:&quot;Connecting&quot;},{&quot;host&quot;:&quot;192.168.5.166&quot;,&quot;port&quot;:2088,&quot;nic&quot;:&quot;192.168.5.165&quot;,&quot;limit&quot;:0,&quot;is_backup&quot;:0,&quot;bitrate&quot;:2336360,&quot;up_time&quot;:562,&quot;error_code&quot;:0,&quot;status_code&quot;:3,&quot;error_str&quot;:&quot;None&quot;,&quot;status_str&quot;:&quot;Connected&quot;}],&quot;error&quot;:&quot;None&quot;,&quot;con_stat&quot;:&quot;Disconnected&quot;,&quot;bitrate&quot;:4616703,&quot;dest&quot;:&quot;bonded/bonded0&quot;},{&quot;mip&quot;:&quot;4000.ts&quot;,&quot;port&quot;:0,&quot;ip&quot;:&quot;file&quot;,&quot;in_name&quot;:&quot;bond&quot;,&quot;in_active&quot;:1,&quot;in_active_sources&quot;:0,&quot;prg_name&quot;:&quot;&quot;,&quot;prg_prov&quot;:&quot;&quot;,&quot;prg_num&quot;:-1,&quot;chan&quot;:&quot;&quot;,&quot;chan_id&quot;:-1,&quot;id&quot;:&quot;zixi://bonded(bonded14)#10.7.0.66:2088@10.7.0.65,192.168.60.66:2088@192.168.50.65,192.168.5.166:2088@192.168.5.165&quot;,&quot;type&quot;:2,&quot;name&quot;:&quot;bond14&quot;,&quot;asi&quot;:0,&quot;rtmp&quot;:0,&quot;file&quot;:1,&quot;active&quot;:1,&quot;group&quot;:&quot;&quot;,&quot;bonded&quot;:[{&quot;host&quot;:&quot;10.7.0.66&quot;,&quot;port&quot;:2088,&quot;nic&quot;:&quot;10.7.0.65&quot;,&quot;limit&quot;:0,&quot;is_backup&quot;:0,&quot;bitrate&quot;:2501827,&quot;up_time&quot;:139,&quot;error_code&quot;:0,&quot;status_code&quot;:3,&quot;error_str&quot;:&quot;None&quot;,&quot;status_str&quot;:&quot;Connected&quot;},{&quot;host&quot;:&quot;192.168.60.66&quot;,&quot;port&quot;:2088,&quot;nic&quot;:&quot;192.168.50.65&quot;,&quot;limit&quot;:0,&quot;is_backup&quot;:0,&quot;bitrate&quot;:0,&quot;up_time&quot;:0,&quot;error_code&quot;:3,&quot;status_code&quot;:1,&quot;error_str&quot;:&quot;Timeout&quot;,&quot;status_str&quot;:&quot;Connecting&quot;},{&quot;host&quot;:&quot;192.168.5.166&quot;,&quot;port&quot;:2088,&quot;nic&quot;:&quot;192.168.5.165&quot;,&quot;limit&quot;:0,&quot;is_backup&quot;:0,&quot;bitrate&quot;:2448368,&quot;up_time&quot;:113,&quot;error_code&quot;:0,&quot;status_code&quot;:3,&quot;error_str&quot;:&quot;None&quot;,&quot;status_str&quot;:&quot;Connected&quot;}],&quot;error&quot;:&quot;None&quot;,&quot;con_stat&quot;:&quot;Disconnected&quot;,&quot;bitrate&quot;:4883860,&quot;dest&quot;:&quot;bonded/bonded14&quot;},{&quot;mip&quot;:&quot;4000.ts&quot;,&quot;port&quot;:0,&quot;ip&quot;:&quot;file&quot;,&quot;in_name&quot;:&quot;bond&quot;,&quot;in_active&quot;:1,&quot;in_active_sources&quot;:0,&quot;prg_name&quot;:&quot;&quot;,&quot;prg_prov&quot;:&quot;&quot;,&quot;prg_num&quot;:-1,&quot;chan&quot;:&quot;&quot;,&quot;chan_id&quot;:-1,&quot;id&quot;:&quot;zixi://bonded(bonded3)#10.7.0.66:2088@10.7.0.65,192.168.60.66:2088@192.168.50.65,192.168.5.166:2088@192.168.5.165&quot;,&quot;type&quot;:2,&quot;name&quot;:&quot;bond3&quot;,&quot;asi&quot;:0,&quot;rtmp&quot;:0,&quot;file&quot;:1,&quot;active&quot;:1,&quot;group&quot;:&quot;&quot;,&quot;bonded&quot;:[{&quot;host&quot;:&quot;10.7.0.66&quot;,&quot;port&quot;:2088,&quot;nic&quot;:&quot;10.7.0.65&quot;,&quot;limit&quot;:0,&quot;is_backup&quot;:0,&quot;bitrate&quot;:2398781,&quot;up_time&quot;:373,&quot;error_code&quot;:0,&quot;status_code&quot;:3,&quot;error_str&quot;:&quot;None&quot;,&quot;status_str&quot;:&quot;Connected&quot;},{&quot;host&quot;:&quot;192.168.60.66&quot;,&quot;port&quot;:2088,&quot;nic&quot;:&quot;192.168.50.65&quot;,&quot;limit&quot;:0,&quot;is_backup&quot;:0,&quot;bitrate&quot;:0,&quot;up_time&quot;:0,&quot;error_code&quot;:3,&quot;status_code&quot;:1,&quot;error_str&quot;:&quot;Timeout&quot;,&quot;status_str&quot;:&quot;Connecting&quot;},{&quot;host&quot;:&quot;192.168.5.166&quot;,&quot;port&quot;:2088,&quot;nic&quot;:&quot;192.168.5.165&quot;,&quot;limit&quot;:0,&quot;is_backup&quot;:0,&quot;bitrate&quot;:2346543,&quot;up_time&quot;:362,&quot;error_code&quot;:0,&quot;status_code&quot;:3,&quot;error_str&quot;:&quot;None&quot;,&quot;status_str&quot;:&quot;Connected&quot;}],&quot;error&quot;:&quot;None&quot;,&quot;con_stat&quot;:&quot;Disconnected&quot;,&quot;bitrate&quot;:4670857,&quot;dest&quot;:&quot;bonded/bonded3&quot;},{&quot;mip&quot;:&quot;4000.ts&quot;,&quot;port&quot;:0,&quot;ip&quot;:&quot;file&quot;,&quot;in_name&quot;:&quot;bond&quot;,&quot;in_active&quot;:1,&quot;in_active_sources&quot;:0,&quot;prg_name&quot;:&quot;&quot;,&quot;prg_prov&quot;:&quot;&quot;,&quot;prg_num&quot;:-1,&quot;chan&quot;:&quot;&quot;,&quot;chan_id&quot;:-1,&quot;id&quot;:&quot;zixi://bonded(bonded9)#10.7.0.66:2088@10.7.0.65,192.168.60.66:2088@192.168.50.65,192.168.5.166:2088@192.168.5.165&quot;,&quot;type&quot;:2,&quot;name&quot;:&quot;bond9&quot;,&quot;asi&quot;:0,&quot;rtmp&quot;:0,&quot;file&quot;:1,&quot;active&quot;:1,&quot;group&quot;:&quot;&quot;,&quot;bonded&quot;:[{&quot;host&quot;:&quot;10.7.0.66&quot;,&quot;port&quot;:2088,&quot;nic&quot;:&quot;10.7.0.65&quot;,&quot;limit&quot;:0,&quot;is_backup&quot;:0,&quot;bitrate&quot;:2278273,&quot;up_time&quot;:381,&quot;error_code&quot;:0,&quot;status_code&quot;:3,&quot;error_str&quot;:&quot;None&quot;,&quot;status_str&quot;:&quot;Connected&quot;},{&quot;host&quot;:&quot;192.168.60.66&quot;,&quot;port&quot;:2088,&quot;nic&quot;:&quot;192.168.50.65&quot;,&quot;limit&quot;:0,&quot;is_backup&quot;:0,&quot;bitrate&quot;:0,&quot;up_time&quot;:0,&quot;error_code&quot;:3,&quot;status_code&quot;:1,&quot;error_str&quot;:&quot;Timeout&quot;,&quot;status_str&quot;:&quot;Connecting&quot;},{&quot;host&quot;:&quot;192.168.5.166&quot;,&quot;port&quot;:2088,&quot;nic&quot;:&quot;192.168.5.165&quot;,&quot;limit&quot;:0,&quot;is_backup&quot;:0,&quot;bitrate&quot;:2421713,&quot;up_time&quot;:340,&quot;error_code&quot;:0,&quot;status_code&quot;:3,&quot;error_str&quot;:&quot;None&quot;,&quot;status_str&quot;:&quot;Connected&quot;}],&quot;error&quot;:&quot;None&quot;,&quot;con_stat&quot;:&quot;Disconnected&quot;,&quot;bitrate&quot;:4627428,&quot;dest&quot;:&quot;bonded/bonded9&quot;},{&quot;mip&quot;:&quot;4000.ts&quot;,&quot;port&quot;:0,&quot;ip&quot;:&quot;file&quot;,&quot;in_name&quot;:&quot;bond&quot;,&quot;in_active&quot;:1,&quot;in_active_sources&quot;:0,&quot;prg_name&quot;:&quot;&quot;,&quot;prg_prov&quot;:&quot;&quot;,&quot;prg_num&quot;:-1,&quot;chan&quot;:&quot;&quot;,&quot;chan_id&quot;:-1,&quot;id&quot;:&quot;zixi://bonded(bonded5)#10.7.0.66:2088@10.7.0.65,192.168.60.66:2088@192.168.50.65,192.168.5.166:2088@192.168.5.165&quot;,&quot;type&quot;:2,&quot;name&quot;:&quot;bond5&quot;,&quot;asi&quot;:0,&quot;rtmp&quot;:0,&quot;file&quot;:1,&quot;active&quot;:1,&quot;group&quot;:&quot;&quot;,&quot;bonded&quot;:[{&quot;host&quot;:&quot;10.7.0.66&quot;,&quot;port&quot;:2088,&quot;nic&quot;:&quot;10.7.0.65&quot;,&quot;limit&quot;:0,&quot;is_backup&quot;:0,&quot;bitrate&quot;:4061309,&quot;up_time&quot;:55,&quot;error_code&quot;:0,&quot;status_code&quot;:3,&quot;error_str&quot;:&quot;None&quot;,&quot;status_str&quot;:&quot;Connected&quot;},{&quot;host&quot;:&quot;192.168.60.66&quot;,&quot;port&quot;:2088,&quot;nic&quot;:&quot;192.168.50.65&quot;,&quot;limit&quot;:0,&quot;is_backup&quot;:0,&quot;bitrate&quot;:0,&quot;up_time&quot;:0,&quot;error_code&quot;:3,&quot;status_code&quot;:1,&quot;error_str&quot;:&quot;Timeout&quot;,&quot;status_str&quot;:&quot;Connecting&quot;},{&quot;host&quot;:&quot;192.168.5.166&quot;,&quot;port&quot;:2088,&quot;nic&quot;:&quot;192.168.5.165&quot;,&quot;limit&quot;:0,&quot;is_backup&quot;:0,&quot;bitrate&quot;:998481,&quot;up_time&quot;:151,&quot;error_code&quot;:0,&quot;status_code&quot;:3,&quot;error_str&quot;:&quot;None&quot;,&quot;status_str&quot;:&quot;Connected&quot;}],&quot;error&quot;:&quot;None&quot;,&quot;con_stat&quot;:&quot;Disconnected&quot;,&quot;bitrate&quot;:4638033,&quot;dest&quot;:&quot;bonded/bonded5&quot;},{&quot;mip&quot;:&quot;4000.ts&quot;,&quot;port&quot;:0,&quot;ip&quot;:&quot;file&quot;,&quot;in_name&quot;:&quot;bond&quot;,&quot;in_active&quot;:1,&quot;in_active_sources&quot;:0,&quot;prg_name&quot;:&quot;&quot;,&quot;prg_prov&quot;:&quot;&quot;,&quot;prg_num&quot;:-1,&quot;chan&quot;:&quot;&quot;,&quot;chan_id&quot;:-1,&quot;id&quot;:&quot;zixi://bonded(bonded7)#10.7.0.66:2088@10.7.0.65,192.168.60.66:2088@192.168.50.65,192.168.5.166:2088@192.168.5.165&quot;,&quot;type&quot;:2,&quot;name&quot;:&quot;bond7&quot;,&quot;asi&quot;:0,&quot;rtmp&quot;:0,&quot;file&quot;:1,&quot;active&quot;:1,&quot;group&quot;:&quot;&quot;,&quot;bonded&quot;:[{&quot;host&quot;:&quot;10.7.0.66&quot;,&quot;port&quot;:2088,&quot;nic&quot;:&quot;10.7.0.65&quot;,&quot;limit&quot;:0,&quot;is_backup&quot;:0,&quot;bitrate&quot;:2543503,&quot;up_time&quot;:63,&quot;error_code&quot;:0,&quot;status_code&quot;:3,&quot;error_str&quot;:&quot;None&quot;,&quot;status_str&quot;:&quot;Connected&quot;},{&quot;host&quot;:&quot;192.168.60.66&quot;,&quot;port&quot;:2088,&quot;nic&quot;:&quot;192.168.50.65&quot;,&quot;limit&quot;:0,&quot;is_backup&quot;:0,&quot;bitrate&quot;:0,&quot;up_time&quot;:0,&quot;error_code&quot;:3,&quot;status_code&quot;:1,&quot;error_str&quot;:&quot;Timeout&quot;,&quot;status_str&quot;:&quot;Connecting&quot;},{&quot;host&quot;:&quot;192.168.5.166&quot;,&quot;port&quot;:2088,&quot;nic&quot;:&quot;192.168.5.165&quot;,&quot;limit&quot;:0,&quot;is_backup&quot;:0,&quot;bitrate&quot;:2405034,&quot;up_time&quot;:67,&quot;error_code&quot;:0,&quot;status_code&quot;:3,&quot;error_str&quot;:&quot;None&quot;,&quot;status_str&quot;:&quot;Connected&quot;}],&quot;error&quot;:&quot;None&quot;,&quot;con_stat&quot;:&quot;Disconnected&quot;,&quot;bitrate&quot;:4895352,&quot;dest&quot;:&quot;bonded/bonded7&quot;},{&quot;mip&quot;:&quot;4000.ts&quot;,&quot;port&quot;:0,&quot;ip&quot;:&quot;file&quot;,&quot;in_name&quot;:&quot;bond&quot;,&quot;in_active&quot;:1,&quot;in_active_sources&quot;:0,&quot;prg_name&quot;:&quot;&quot;,&quot;prg_prov&quot;:&quot;&quot;,&quot;prg_num&quot;:-1,&quot;chan&quot;:&quot;&quot;,&quot;chan_id&quot;:-1,&quot;id&quot;:&quot;zixi://bonded(bonded8)#10.7.0.66:2088@10.7.0.65,192.168.60.66:2088@192.168.50.65,192.168.5.166:2088@192.168.5.165&quot;,&quot;type&quot;:2,&quot;name&quot;:&quot;bond8&quot;,&quot;asi&quot;:0,&quot;rtmp&quot;:0,&quot;file&quot;:1,&quot;active&quot;:1,&quot;group&quot;:&quot;&quot;,&quot;bonded&quot;:[{&quot;host&quot;:&quot;10.7.0.66&quot;,&quot;port&quot;:2088,&quot;nic&quot;:&quot;10.7.0.65&quot;,&quot;limit&quot;:0,&quot;is_backup&quot;:0,&quot;bitrate&quot;:2327727,&quot;up_time&quot;:193,&quot;error_code&quot;:0,&quot;status_code&quot;:3,&quot;error_str&quot;:&quot;None&quot;,&quot;status_str&quot;:&quot;Connected&quot;},{&quot;host&quot;:&quot;192.168.60.66&quot;,&quot;port&quot;:2088,&quot;nic&quot;:&quot;192.168.50.65&quot;,&quot;limit&quot;:0,&quot;is_backup&quot;:0,&quot;bitrate&quot;:0,&quot;up_time&quot;:0,&quot;error_code&quot;:3,&quot;status_code&quot;:1,&quot;error_str&quot;:&quot;Timeout&quot;,&quot;status_str&quot;:&quot;Connecting&quot;},{&quot;host&quot;:&quot;192.168.5.166&quot;,&quot;port&quot;:2088,&quot;nic&quot;:&quot;192.168.5.165&quot;,&quot;limit&quot;:0,&quot;is_backup&quot;:0,&quot;bitrate&quot;:2349446,&quot;up_time&quot;:193,&quot;error_code&quot;:0,&quot;status_code&quot;:3,&quot;error_str&quot;:&quot;None&quot;,&quot;status_str&quot;:&quot;Connected&quot;}],&quot;error&quot;:&quot;None&quot;,&quot;con_stat&quot;:&quot;Disconnected&quot;,&quot;bitrate&quot;:4610717,&quot;dest&quot;:&quot;bonded/bonded8&quot;},{&quot;mip&quot;:&quot;4000.ts&quot;,&quot;port&quot;:0,&quot;ip&quot;:&quot;file&quot;,&quot;in_name&quot;:&quot;bond&quot;,&quot;in_active&quot;:1,&quot;in_active_sources&quot;:0,&quot;prg_name&quot;:&quot;&quot;,&quot;prg_prov&quot;:&quot;&quot;,&quot;prg_num&quot;:-1,&quot;chan&quot;:&quot;&quot;,&quot;chan_id&quot;:-1,&quot;id&quot;:&quot;zixi://bonded(bonded1)#10.7.0.66:2088@10.7.0.65,192.168.60.66:2088@192.168.50.65,192.168.5.166:2088@192.168.5.165&quot;,&quot;type&quot;:2,&quot;name&quot;:&quot;bond1&quot;,&quot;asi&quot;:0,&quot;rtmp&quot;:0,&quot;file&quot;:1,&quot;active&quot;:1,&quot;group&quot;:&quot;&quot;,&quot;bonded&quot;:[{&quot;host&quot;:&quot;10.7.0.66&quot;,&quot;port&quot;:2088,&quot;nic&quot;:&quot;10.7.0.65&quot;,&quot;limit&quot;:0,&quot;is_backup&quot;:0,&quot;bitrate&quot;:3608842,&quot;up_time&quot;:28,&quot;error_code&quot;:0,&quot;status_code&quot;:3,&quot;error_str&quot;:&quot;None&quot;,&quot;status_str&quot;:&quot;Connected&quot;},{&quot;host&quot;:&quot;192.168.60.66&quot;,&quot;port&quot;:2088,&quot;nic&quot;:&quot;192.168.50.65&quot;,&quot;limit&quot;:0,&quot;is_backup&quot;:0,&quot;bitrate&quot;:0,&quot;up_time&quot;:0,&quot;error_code&quot;:3,&quot;status_code&quot;:1,&quot;error_str&quot;:&quot;Timeout&quot;,&quot;status_str&quot;:&quot;Connecting&quot;},{&quot;host&quot;:&quot;192.168.5.166&quot;,&quot;port&quot;:2088,&quot;nic&quot;:&quot;192.168.5.165&quot;,&quot;limit&quot;:0,&quot;is_backup&quot;:0,&quot;bitrate&quot;:0,&quot;up_time&quot;:0,&quot;error_code&quot;:3,&quot;status_code&quot;:1,&quot;error_str&quot;:&quot;Timeout&quot;,&quot;status_str&quot;:&quot;Connecting&quot;}],&quot;error&quot;:&quot;None&quot;,&quot;con_stat&quot;:&quot;Disconnected&quot;,&quot;bitrate&quot;:3565418,&quot;dest&quot;:&quot;bonded/bonded1&quot;},{&quot;mip&quot;:&quot;4000.ts&quot;,&quot;port&quot;:0,&quot;ip&quot;:&quot;file&quot;,&quot;in_name&quot;:&quot;bond&quot;,&quot;in_active&quot;:1,&quot;in_active_sources&quot;:0,&quot;prg_name&quot;:&quot;&quot;,&quot;prg_prov&quot;:&quot;&quot;,&quot;prg_num&quot;:-1,&quot;chan&quot;:&quot;&quot;,&quot;chan_id&quot;:-1,&quot;id&quot;:&quot;zixi://bonded(bonded2)#10.7.0.66:2088@10.7.0.65,192.168.60.66:2088@192.168.50.65,192.168.5.166:2088@192.168.5.165&quot;,&quot;type&quot;:2,&quot;name&quot;:&quot;bond2&quot;,&quot;asi&quot;:0,&quot;rtmp&quot;:0,&quot;file&quot;:1,&quot;active&quot;:1,&quot;group&quot;:&quot;&quot;,&quot;bonded&quot;:[{&quot;host&quot;:&quot;10.7.0.66&quot;,&quot;port&quot;:2088,&quot;nic&quot;:&quot;10.7.0.65&quot;,&quot;limit&quot;:0,&quot;is_backup&quot;:0,&quot;bitrate&quot;:2340224,&quot;up_time&quot;:356,&quot;error_code&quot;:0,&quot;status_code&quot;:3,&quot;error_str&quot;:&quot;None&quot;,&quot;status_str&quot;:&quot;Connected&quot;},{&quot;host&quot;:&quot;192.168.60.66&quot;,&quot;port&quot;:2088,&quot;nic&quot;:&quot;192.168.50.65&quot;,&quot;limit&quot;:0,&quot;is_backup&quot;:0,&quot;bitrate&quot;:0,&quot;up_time&quot;:0,&quot;error_code&quot;:3,&quot;status_code&quot;:1,&quot;error_str&quot;:&quot;Timeout&quot;,&quot;status_str&quot;:&quot;Connecting&quot;},{&quot;host&quot;:&quot;192.168.5.166&quot;,&quot;port&quot;:2088,&quot;nic&quot;:&quot;192.168.5.165&quot;,&quot;limit&quot;:0,&quot;is_backup&quot;:0,&quot;bitrate&quot;:2008666,&quot;up_time&quot;:365,&quot;error_code&quot;:0,&quot;status_code&quot;:3,&quot;error_str&quot;:&quot;None&quot;,&quot;status_str&quot;:&quot;Connected&quot;}],&quot;error&quot;:&quot;None&quot;,&quot;con_stat&quot;:&quot;Disconnected&quot;,&quot;bitrate&quot;:4392840,&quot;dest&quot;:&quot;bonded/bonded2&quot;},{&quot;mip&quot;:&quot;4000.ts&quot;,&quot;port&quot;:0,&quot;ip&quot;:&quot;file&quot;,&quot;in_name&quot;:&quot;bond&quot;,&quot;in_active&quot;:1,&quot;in_active_sources&quot;:0,&quot;prg_name&quot;:&quot;&quot;,&quot;prg_prov&quot;:&quot;&quot;,&quot;prg_num&quot;:-1,&quot;chan&quot;:&quot;&quot;,&quot;chan_id&quot;:-1,&quot;id&quot;:&quot;zixi://bonded(bonded4)#10.7.0.66:2088@10.7.0.65,192.168.60.66:2088@192.168.50.65,192.168.5.166:2088@192.168.5.165&quot;,&quot;type&quot;:2,&quot;name&quot;:&quot;bond4&quot;,&quot;asi&quot;:0,&quot;rtmp&quot;:0,&quot;file&quot;:1,&quot;active&quot;:1,&quot;group&quot;:&quot;&quot;,&quot;bonded&quot;:[{&quot;host&quot;:&quot;10.7.0.66&quot;,&quot;port&quot;:2088,&quot;nic&quot;:&quot;10.7.0.65&quot;,&quot;limit&quot;:0,&quot;is_backup&quot;:0,&quot;bitrate&quot;:2576848,&quot;up_time&quot;:86,&quot;error_code&quot;:0,&quot;status_code&quot;:3,&quot;error_str&quot;:&quot;None&quot;,&quot;status_str&quot;:&quot;Connected&quot;},{&quot;host&quot;:&quot;192.168.60.66&quot;,&quot;port&quot;:2088,&quot;nic&quot;:&quot;192.168.50.65&quot;,&quot;limit&quot;:0,&quot;is_backup&quot;:0,&quot;bitrate&quot;:0,&quot;up_time&quot;:0,&quot;error_code&quot;:3,&quot;status_code&quot;:1,&quot;error_str&quot;:&quot;Timeout&quot;,&quot;status_str&quot;:&quot;Connecting&quot;},{&quot;host&quot;:&quot;192.168.5.166&quot;,&quot;port&quot;:2088,&quot;nic&quot;:&quot;192.168.5.165&quot;,&quot;limit&quot;:0,&quot;is_backup&quot;:0,&quot;bitrate&quot;:2439975,&quot;up_time&quot;:75,&quot;error_code&quot;:0,&quot;status_code&quot;:3,&quot;error_str&quot;:&quot;None&quot;,&quot;status_str&quot;:&quot;Connected&quot;}],&quot;error&quot;:&quot;None&quot;,&quot;con_stat&quot;:&quot;Disconnected&quot;,&quot;bitrate&quot;:4950617,&quot;dest&quot;:&quot;bonded/bonded4&quot;}]}
Debug printing ------&gt;&gt;&gt; {&quot;custom_data&quot;:&quot;&quot;,&quot;msg&quot;:&quot;Output deleted.&quot;,&quot;error&quot;:&quot;&quot;,&quot;outs&quot;:[{&quot;mip&quot;:&quot;live_recording.ts&quot;,&quot;port&quot;:0,&quot;ip&quot;:&quot;file&quot;,&quot;in_name&quot;:&quot;feederoutputname&quot;,&quot;in_active&quot;:1,&quot;in_active_sources&quot;:0,&quot;prg_name&quot;:&quot;&quot;,&quot;prg_prov&quot;:&quot;&quot;,&quot;prg_num&quot;:1,&quot;chan&quot;:&quot;&quot;,&quot;chan_id&quot;:-1,&quot;id&quot;:&quot;zixi://10.7.0.66:2088/feederout&quot;,&quot;type&quot;:2,&quot;name&quot;:&quot;feederoutputname&quot;,&quot;asi&quot;:0,&quot;rtmp&quot;:0,&quot;file&quot;:1,&quot;active&quot;:1,&quot;group&quot;:&quot;&quot;,&quot;error&quot;:&quot;None&quot;,&quot;con_stat&quot;:&quot;Disconnected&quot;,&quot;bitrate&quot;:0,&quot;dest&quot;:&quot;10.7.0.66:2088/feederout&quot;},{&quot;mip&quot;:&quot;4000.ts&quot;,&quot;port&quot;:0,&quot;ip&quot;:&quot;file&quot;,&quot;in_name&quot;:&quot;bond&quot;,&quot;in_active&quot;:1,&quot;in_active_sources&quot;:0,&quot;prg_name&quot;:&quot;&quot;,&quot;prg_prov&quot;:&quot;&quot;,&quot;prg_num&quot;:-1,&quot;chan&quot;:&quot;&quot;,&quot;chan_id&quot;:-1,&quot;id&quot;:&quot;zixi://bonded(bonded14)#10.7.0.66:2088@10.7.0.65,192.168.60.66:2088@192.168.50.65,192.168.5.166:2088@192.168.5.165&quot;,&quot;type&quot;:2,&quot;name&quot;:&quot;bond14&quot;,&quot;asi&quot;:0,&quot;rtmp&quot;:0,&quot;file&quot;:1,&quot;active&quot;:1,&quot;group&quot;:&quot;&quot;,&quot;bonded&quot;:[{&quot;host&quot;:&quot;10.7.0.66&quot;,&quot;port&quot;:2088,&quot;nic&quot;:&quot;10.7.0.65&quot;,&quot;limit&quot;:0,&quot;is_backup&quot;:0,&quot;bitrate&quot;:2501827,&quot;up_time&quot;:139,&quot;error_code&quot;:0,&quot;status_code&quot;:3,&quot;error_str&quot;:&quot;None&quot;,&quot;status_str&quot;:&quot;Connected&quot;},{&quot;host&quot;:&quot;192.168.60.66&quot;,&quot;port&quot;:2088,&quot;nic&quot;:&quot;192.168.50.65&quot;,&quot;limit&quot;:0,&quot;is_backup&quot;:0,&quot;bitrate&quot;:0,&quot;up_time&quot;:0,&quot;error_code&quot;:3,&quot;status_code&quot;:1,&quot;error_str&quot;:&quot;Timeout&quot;,&quot;status_str&quot;:&quot;Connecting&quot;},{&quot;host&quot;:&quot;192.168.5.166&quot;,&quot;port&quot;:2088,&quot;nic&quot;:&quot;192.168.5.165&quot;,&quot;limit&quot;:0,&quot;is_backup&quot;:0,&quot;bitrate&quot;:2448368,&quot;up_time&quot;:113,&quot;error_code&quot;:0,&quot;status_code&quot;:3,&quot;error_str&quot;:&quot;None&quot;,&quot;status_str&quot;:&quot;Connected&quot;}],&quot;error&quot;:&quot;None&quot;,&quot;con_stat&quot;:&quot;Disconnected&quot;,&quot;bitrate&quot;:4883860,&quot;dest&quot;:&quot;bonded/bonded14&quot;},{&quot;mip&quot;:&quot;4000.ts&quot;,&quot;port&quot;:0,&quot;ip&quot;:&quot;file&quot;,&quot;in_name&quot;:&quot;bond&quot;,&quot;in_active&quot;:1,&quot;in_active_sources&quot;:0,&quot;prg_name&quot;:&quot;&quot;,&quot;prg_prov&quot;:&quot;&quot;,&quot;prg_num&quot;:-1,&quot;chan&quot;:&quot;&quot;,&quot;chan_id&quot;:-1,&quot;id&quot;:&quot;zixi://bonded(bonded17)#10.7.0.66:2088@10.7.0.65,192.168.60.66:2088@192.168.50.65,192.168.5.166:2088@192.168.5.165&quot;,&quot;type&quot;:2,&quot;name&quot;:&quot;bond17&quot;,&quot;asi&quot;:0,&quot;rtmp&quot;:0,&quot;file&quot;:1,&quot;active&quot;:1,&quot;group&quot;:&quot;&quot;,&quot;bonded&quot;:[{&quot;host&quot;:&quot;10.7.0.66&quot;,&quot;port&quot;:2088,&quot;nic&quot;:&quot;10.7.0.65&quot;,&quot;limit&quot;:0,&quot;is_backup&quot;:0,&quot;bitrate&quot;:2520932,&quot;up_time&quot;:232,&quot;error_code&quot;:0,&quot;status_code&quot;:3,&quot;error_str&quot;:&quot;None&quot;,&quot;status_str&quot;:&quot;Connected&quot;},{&quot;host&quot;:&quot;192.168.60.66&quot;,&quot;port&quot;:2088,&quot;nic&quot;:&quot;192.168.50.65&quot;,&quot;limit&quot;:0,&quot;is_backup&quot;:0,&quot;bitrate&quot;:0,&quot;up_time&quot;:0,&quot;error_code&quot;:3,&quot;status_code&quot;:1,&quot;error_str&quot;:&quot;Timeout&quot;,&quot;status_str&quot;:&quot;Connecting&quot;},{&quot;host&quot;:&quot;192.168.5.166&quot;,&quot;port&quot;:2088,&quot;nic&quot;:&quot;192.168.5.165&quot;,&quot;limit&quot;:0,&quot;is_backup&quot;:0,&quot;bitrate&quot;:2424232,&quot;up_time&quot;:233,&quot;error_code&quot;:0,&quot;status_code&quot;:3,&quot;error_str&quot;:&quot;None&quot;,&quot;status_str&quot;:&quot;Connected&quot;}],&quot;error&quot;:&quot;None&quot;,&quot;con_stat&quot;:&quot;Disconnected&quot;,&quot;bitrate&quot;:4895136,&quot;dest&quot;:&quot;bonded/bonded17&quot;},{&quot;mip&quot;:&quot;4000.ts&quot;,&quot;port&quot;:0,&quot;ip&quot;:&quot;file&quot;,&quot;in_name&quot;:&quot;bond&quot;,&quot;in_active&quot;:1,&quot;in_active_sources&quot;:0,&quot;prg_name&quot;:&quot;&quot;,&quot;prg_prov&quot;:&quot;&quot;,&quot;prg_num&quot;:-1,&quot;chan&quot;:&quot;&quot;,&quot;chan_id&quot;:-1,&quot;id&quot;:&quot;zixi://bonded(bonded16)#10.7.0.66:2088@10.7.0.65,192.168.60.66:2088@192.168.50.65,192.168.5.166:2088@192.168.5.165&quot;,&quot;type&quot;:2,&quot;name&quot;:&quot;bond16&quot;,&quot;asi&quot;:0,&quot;rtmp&quot;:0,&quot;file&quot;:1,&quot;active&quot;:1,&quot;group&quot;:&quot;&quot;,&quot;bonded&quot;:[{&quot;host&quot;:&quot;10.7.0.66&quot;,&quot;port&quot;:2088,&quot;nic&quot;:&quot;10.7.0.65&quot;,&quot;limit&quot;:0,&quot;is_backup&quot;:0,&quot;bitrate&quot;:0,&quot;up_time&quot;:0,&quot;error_code&quot;:0,&quot;status_code&quot;:3,&quot;error_str&quot;:&quot;None&quot;,&quot;status_str&quot;:&quot;Connected&quot;},{&quot;host&quot;:&quot;192.168.60.66&quot;,&quot;port&quot;:2088,&quot;nic&quot;:&quot;192.168.50.65&quot;,&quot;limit&quot;:0,&quot;is_backup&quot;:0,&quot;bitrate&quot;:0,&quot;up_time&quot;:0,&quot;error_code&quot;:3,&quot;status_code&quot;:1,&quot;error_str&quot;:&quot;Timeout&quot;,&quot;status_str&quot;:&quot;Connecting&quot;},{&quot;host&quot;:&quot;192.168.5.166&quot;,&quot;port&quot;:2088,&quot;nic&quot;:&quot;192.168.5.165&quot;,&quot;limit&quot;:0,&quot;is_backup&quot;:0,&quot;bitrate&quot;:2082396,&quot;up_time&quot;:33,&quot;error_code&quot;:0,&quot;status_code&quot;:3,&quot;error_str&quot;:&quot;None&quot;,&quot;status_str&quot;:&quot;Connected&quot;}],&quot;error&quot;:&quot;None&quot;,&quot;con_stat&quot;:&quot;Disconnected&quot;,&quot;bitrate&quot;:5484107,&quot;dest&quot;:&quot;bonded/bonded16&quot;},{&quot;mip&quot;:&quot;4000.ts&quot;,&quot;port&quot;:0,&quot;ip&quot;:&quot;file&quot;,&quot;in_name&quot;:&quot;bond&quot;,&quot;in_active&quot;:1,&quot;in_active_sources&quot;:0,&quot;prg_name&quot;:&quot;&quot;,&quot;prg_prov&quot;:&quot;&quot;,&quot;prg_num&quot;:-1,&quot;chan&quot;:&quot;&quot;,&quot;chan_id&quot;:-1,&quot;id&quot;:&quot;zixi://bonded(bonded13)#10.7.0.66:2088@10.7.0.65,192.168.60.66:2088@192.168.50.65,192.168.5.166:2088@192.168.5.165&quot;,&quot;type&quot;:2,&quot;name&quot;:&quot;bond13&quot;,&quot;asi&quot;:0,&quot;rtmp&quot;:0,&quot;file&quot;:1,&quot;active&quot;:1,&quot;group&quot;:&quot;&quot;,&quot;bonded&quot;:[{&quot;host&quot;:&quot;10.7.0.66&quot;,&quot;port&quot;:2088,&quot;nic&quot;:&quot;10.7.0.65&quot;,&quot;limit&quot;:0,&quot;is_backup&quot;:0,&quot;bitrate&quot;:2157504,&quot;up_time&quot;:17,&quot;error_code&quot;:0,&quot;status_code&quot;:3,&quot;error_str&quot;:&quot;None&quot;,&quot;status_str&quot;:&quot;Connected&quot;},{&quot;host&quot;:&quot;192.168.60.66&quot;,&quot;port&quot;:2088,&quot;nic&quot;:&quot;192.168.50.65&quot;,&quot;limit&quot;:0,&quot;is_backup&quot;:0,&quot;bitrate&quot;:0,&quot;up_time&quot;:0,&quot;error_code&quot;:3,&quot;status_code&quot;:1,&quot;error_str&quot;:&quot;Timeout&quot;,&quot;status_str&quot;:&quot;Connecting&quot;},{&quot;host&quot;:&quot;192.168.5.166&quot;,&quot;port&quot;:2088,&quot;nic&quot;:&quot;192.168.5.165&quot;,&quot;limit&quot;:0,&quot;is_backup&quot;:0,&quot;bitrate&quot;:0,&quot;up_time&quot;:0,&quot;error_code&quot;:3,&quot;status_code&quot;:1,&quot;error_str&quot;:&quot;Timeout&quot;,&quot;status_str&quot;:&quot;Connecting&quot;}],&quot;error&quot;:&quot;None&quot;,&quot;con_stat&quot;:&quot;Disconnected&quot;,&quot;bitrate&quot;:4268120,&quot;dest&quot;:&quot;bonded/bonded13&quot;},{&quot;mip&quot;:&quot;4000.ts&quot;,&quot;port&quot;:0,&quot;ip&quot;:&quot;file&quot;,&quot;in_name&quot;:&quot;bond&quot;,&quot;in_active&quot;:1,&quot;in_active_sources&quot;:0,&quot;prg_name&quot;:&quot;&quot;,&quot;prg_prov&quot;:&quot;&quot;,&quot;prg_num&quot;:-1,&quot;chan&quot;:&quot;&quot;,&quot;chan_id&quot;:-1,&quot;id&quot;:&quot;zixi://bonded(bonded19)#10.7.0.66:2088@10.7.0.65,192.168.60.66:2088@192.168.50.65,192.168.5.166:2088@192.168.5.165&quot;,&quot;type&quot;:2,&quot;name&quot;:&quot;bond19&quot;,&quot;asi&quot;:0,&quot;rtmp&quot;:0,&quot;file&quot;:1,&quot;active&quot;:1,&quot;group&quot;:&quot;&quot;,&quot;bonded&quot;:[{&quot;host&quot;:&quot;10.7.0.66&quot;,&quot;port&quot;:2088,&quot;nic&quot;:&quot;10.7.0.65&quot;,&quot;limit&quot;:0,&quot;is_backup&quot;:0,&quot;bitrate&quot;:2813734,&quot;up_time&quot;:3,&quot;error_code&quot;:0,&quot;status_code&quot;:3,&quot;error_str&quot;:&quot;None&quot;,&quot;status_str&quot;:&quot;Connected&quot;},{&quot;host&quot;:&quot;192.168.60.66&quot;,&quot;port&quot;:2088,&quot;nic&quot;:&quot;192.168.50.65&quot;,&quot;limit&quot;:0,&quot;is_backup&quot;:0,&quot;bitrate&quot;:0,&quot;up_time&quot;:0,&quot;error_code&quot;:3,&quot;status_code&quot;:1,&quot;error_str&quot;:&quot;Timeout&quot;,&quot;status_str&quot;:&quot;Connecting&quot;},{&quot;host&quot;:&quot;192.168.5.166&quot;,&quot;port&quot;:2088,&quot;nic&quot;:&quot;192.168.5.165&quot;,&quot;limit&quot;:0,&quot;is_backup&quot;:0,&quot;bitrate&quot;:0,&quot;up_time&quot;:11,&quot;error_code&quot;:0,&quot;status_code&quot;:3,&quot;error_str&quot;:&quot;None&quot;,&quot;status_str&quot;:&quot;Connected&quot;}],&quot;error&quot;:&quot;None&quot;,&quot;con_stat&quot;:&quot;Disconnected&quot;,&quot;bitrate&quot;:0,&quot;dest&quot;:&quot;bonded/bonded19&quot;},{&quot;mip&quot;:&quot;4000.ts&quot;,&quot;port&quot;:0,&quot;ip&quot;:&quot;file&quot;,&quot;in_name&quot;:&quot;bond&quot;,&quot;in_active&quot;:1,&quot;in_active_sources&quot;:0,&quot;prg_name&quot;:&quot;&quot;,&quot;prg_prov&quot;:&quot;&quot;,&quot;prg_num&quot;:-1,&quot;chan&quot;:&quot;&quot;,&quot;chan_id&quot;:-1,&quot;id&quot;:&quot;zixi://bonded(bonded12)#10.7.0.66:2088@10.7.0.65,192.168.60.66:2088@192.168.50.65,192.168.5.166:2088@192.168.5.165&quot;,&quot;type&quot;:2,&quot;name&quot;:&quot;bond12&quot;,&quot;asi&quot;:0,&quot;rtmp&quot;:0,&quot;file&quot;:1,&quot;active&quot;:1,&quot;group&quot;:&quot;&quot;,&quot;bonded&quot;:[{&quot;host&quot;:&quot;10.7.0.66&quot;,&quot;port&quot;:2088,&quot;nic&quot;:&quot;10.7.0.65&quot;,&quot;limit&quot;:0,&quot;is_backup&quot;:0,&quot;bitrate&quot;:1110627,&quot;up_time&quot;:3,&quot;error_code&quot;:0,&quot;status_code&quot;:3,&quot;error_str&quot;:&quot;None&quot;,&quot;status_str&quot;:&quot;Connected&quot;},{&quot;host&quot;:&quot;192.168.60.66&quot;,&quot;port&quot;:2088,&quot;nic&quot;:&quot;192.168.50.65&quot;,&quot;limit&quot;:0,&quot;is_backup&quot;:0,&quot;bitrate&quot;:0,&quot;up_time&quot;:0,&quot;error_code&quot;:3,&quot;status_code&quot;:1,&quot;error_str&quot;:&quot;Timeout&quot;,&quot;status_str&quot;:&quot;Connecting&quot;},{&quot;host&quot;:&quot;192.168.5.166&quot;,&quot;port&quot;:2088,&quot;nic&quot;:&quot;192.168.5.165&quot;,&quot;limit&quot;:0,&quot;is_backup&quot;:0,&quot;bitrate&quot;:3827355,&quot;up_time&quot;:22,&quot;error_code&quot;:0,&quot;status_code&quot;:3,&quot;error_str&quot;:&quot;None&quot;,&quot;status_str&quot;:&quot;Connected&quot;}],&quot;error&quot;:&quot;None&quot;,&quot;con_stat&quot;:&quot;Disconnected&quot;,&quot;bitrate&quot;:4885218,&quot;dest&quot;:&quot;bonded/bonded12&quot;},{&quot;mip&quot;:&quot;4000.ts&quot;,&quot;port&quot;:0,&quot;ip&quot;:&quot;file&quot;,&quot;in_name&quot;:&quot;bond&quot;,&quot;in_active&quot;:1,&quot;in_active_sources&quot;:0,&quot;prg_name&quot;:&quot;&quot;,&quot;prg_prov&quot;:&quot;&quot;,&quot;prg_num&quot;:-1,&quot;chan&quot;:&quot;&quot;,&quot;chan_id&quot;:-1,&quot;id&quot;:&quot;zixi://bonded(bonded18)#10.7.0.66:2088@10.7.0.65,192.168.60.66:2088@192.168.50.65,192.168.5.166:2088@192.168.5.165&quot;,&quot;type&quot;:2,&quot;name&quot;:&quot;bond18&quot;,&quot;asi&quot;:0,&quot;rtmp&quot;:0,&quot;file&quot;:1,&quot;active&quot;:1,&quot;group&quot;:&quot;&quot;,&quot;bonded&quot;:[{&quot;host&quot;:&quot;10.7.0.66&quot;,&quot;port&quot;:2088,&quot;nic&quot;:&quot;10.7.0.65&quot;,&quot;limit&quot;:0,&quot;is_backup&quot;:0,&quot;bitrate&quot;:0,&quot;up_time&quot;:355,&quot;error_code&quot;:0,&quot;status_code&quot;:0,&quot;error_str&quot;:&quot;None&quot;,&quot;status_str&quot;:&quot;Offline&quot;},{&quot;host&quot;:&quot;192.168.60.66&quot;,&quot;port&quot;:2088,&quot;nic&quot;:&quot;192.168.50.65&quot;,&quot;limit&quot;:0,&quot;is_backup&quot;:0,&quot;bitrate&quot;:0,&quot;up_time&quot;:0,&quot;error_code&quot;:3,&quot;status_code&quot;:1,&quot;error_str&quot;:&quot;Timeout&quot;,&quot;status_str&quot;:&quot;Connecting&quot;},{&quot;host&quot;:&quot;192.168.5.166&quot;,&quot;port&quot;:2088,&quot;nic&quot;:&quot;192.168.5.165&quot;,&quot;limit&quot;:0,&quot;is_backup&quot;:0,&quot;bitrate&quot;:2737150,&quot;up_time&quot;:355,&quot;error_code&quot;:0,&quot;status_code&quot;:3,&quot;error_str&quot;:&quot;None&quot;,&quot;status_str&quot;:&quot;Connected&quot;}],&quot;error&quot;:&quot;None&quot;,&quot;con_stat&quot;:&quot;Disconnected&quot;,&quot;bitrate&quot;:5636979,&quot;dest&quot;:&quot;bonded/bonded18&quot;},{&quot;mip&quot;:&quot;4000.ts&quot;,&quot;port&quot;:0,&quot;ip&quot;:&quot;file&quot;,&quot;in_name&quot;:&quot;bond&quot;,&quot;in_active&quot;:1,&quot;in_active_sources&quot;:0,&quot;prg_name&quot;:&quot;&quot;,&quot;prg_prov&quot;:&quot;&quot;,&quot;prg_num&quot;:-1,&quot;chan&quot;:&quot;&quot;,&quot;chan_id&quot;:-1,&quot;id&quot;:&quot;zixi://bonded(bonded11)#10.7.0.66:2088@10.7.0.65,192.168.60.66:2088@192.168.50.65,192.168.5.166:2088@192.168.5.165&quot;,&quot;type&quot;:2,&quot;name&quot;:&quot;bond11&quot;,&quot;asi&quot;:0,&quot;rtmp&quot;:0,&quot;file&quot;:1,&quot;active&quot;:1,&quot;group&quot;:&quot;&quot;,&quot;bonded&quot;:[{&quot;host&quot;:&quot;10.7.0.66&quot;,&quot;port&quot;:2088,&quot;nic&quot;:&quot;10.7.0.65&quot;,&quot;limit&quot;:0,&quot;is_backup&quot;:0,&quot;bitrate&quot;:2415887,&quot;up_time&quot;:55,&quot;error_code&quot;:0,&quot;status_code&quot;:3,&quot;error_str&quot;:&quot;None&quot;,&quot;status_str&quot;:&quot;Connected&quot;},{&quot;host&quot;:&quot;192.168.60.66&quot;,&quot;port&quot;:2088,&quot;nic&quot;:&quot;192.168.50.65&quot;,&quot;limit&quot;:0,&quot;is_backup&quot;:0,&quot;bitrate&quot;:0,&quot;up_time&quot;:0,&quot;error_code&quot;:3,&quot;status_code&quot;:1,&quot;error_str&quot;:&quot;Timeout&quot;,&quot;status_str&quot;:&quot;Connecting&quot;},{&quot;host&quot;:&quot;192.168.5.166&quot;,&quot;port&quot;:2088,&quot;nic&quot;:&quot;192.168.5.165&quot;,&quot;limit&quot;:0,&quot;is_backup&quot;:0,&quot;bitrate&quot;:2519296,&quot;up_time&quot;:15,&quot;error_code&quot;:0,&quot;status_code&quot;:3,&quot;error_str&quot;:&quot;None&quot;,&quot;status_str&quot;:&quot;Connected&quot;}],&quot;error&quot;:&quot;None&quot;,&quot;con_stat&quot;:&quot;Disconnected&quot;,&quot;bitrate&quot;:4874021,&quot;dest&quot;:&quot;bonded/bonded11&quot;},{&quot;mip&quot;:&quot;4000.ts&quot;,&quot;port&quot;:0,&quot;ip&quot;:&quot;file&quot;,&quot;in_name&quot;:&quot;bond&quot;,&quot;in_active&quot;:1,&quot;in_active_sources&quot;:0,&quot;prg_name&quot;:&quot;&quot;,&quot;prg_prov&quot;:&quot;&quot;,&quot;prg_num&quot;:-1,&quot;chan&quot;:&quot;&quot;,&quot;chan_id&quot;:-1,&quot;id&quot;:&quot;zixi://bonded(bonded10)#10.7.0.66:2088@10.7.0.65,192.168.60.66:2088@192.168.50.65,192.168.5.166:2088@192.168.5.165&quot;,&quot;type&quot;:2,&quot;name&quot;:&quot;bond10&quot;,&quot;asi&quot;:0,&quot;rtmp&quot;:0,&quot;file&quot;:1,&quot;active&quot;:1,&quot;group&quot;:&quot;&quot;,&quot;bonded&quot;:[{&quot;host&quot;:&quot;10.7.0.66&quot;,&quot;port&quot;:2088,&quot;nic&quot;:&quot;10.7.0.65&quot;,&quot;limit&quot;:0,&quot;is_backup&quot;:0,&quot;bitrate&quot;:2847832,&quot;up_time&quot;:532,&quot;error_code&quot;:0,&quot;status_code&quot;:3,&quot;error_str&quot;:&quot;None&quot;,&quot;status_str&quot;:&quot;Connected&quot;},{&quot;host&quot;:&quot;192.168.60.66&quot;,&quot;port&quot;:2088,&quot;nic&quot;:&quot;192.168.50.65&quot;,&quot;limit&quot;:0,&quot;is_backup&quot;:0,&quot;bitrate&quot;:0,&quot;up_time&quot;:0,&quot;error_code&quot;:3,&quot;status_code&quot;:1,&quot;error_str&quot;:&quot;Timeout&quot;,&quot;status_str&quot;:&quot;Connecting&quot;},{&quot;host&quot;:&quot;192.168.5.166&quot;,&quot;port&quot;:2088,&quot;nic&quot;:&quot;192.168.5.165&quot;,&quot;limit&quot;:0,&quot;is_backup&quot;:0,&quot;bitrate&quot;:0,&quot;up_time&quot;:0,&quot;error_code&quot;:3,&quot;status_code&quot;:1,&quot;error_str&quot;:&quot;Timeout&quot;,&quot;status_str&quot;:&quot;Connecting&quot;}],&quot;error&quot;:&quot;None&quot;,&quot;con_stat&quot;:&quot;Disconnected&quot;,&quot;bitrate&quot;:4868280,&quot;dest&quot;:&quot;bonded/bonded10&quot;},{&quot;mip&quot;:&quot;4000.ts&quot;,&quot;port&quot;:0,&quot;ip&quot;:&quot;file&quot;,&quot;in_name&quot;:&quot;bond&quot;,&quot;in_active&quot;:1,&quot;in_active_sources&quot;:0,&quot;prg_name&quot;:&quot;&quot;,&quot;prg_prov&quot;:&quot;&quot;,&quot;prg_num&quot;:-1,&quot;chan&quot;:&quot;&quot;,&quot;chan_id&quot;:-1,&quot;id&quot;:&quot;zixi://bonded(bonded15)#10.7.0.66:2088@10.7.0.65,192.168.60.66:2088@192.168.50.65,192.168.5.166:2088@192.168.5.165&quot;,&quot;type&quot;:2,&quot;name&quot;:&quot;bond15&quot;,&quot;asi&quot;:0,&quot;rtmp&quot;:0,&quot;file&quot;:1,&quot;active&quot;:1,&quot;group&quot;:&quot;&quot;,&quot;bonded&quot;:[{&quot;host&quot;:&quot;10.7.0.66&quot;,&quot;port&quot;:2088,&quot;nic&quot;:&quot;10.7.0.65&quot;,&quot;limit&quot;:0,&quot;is_backup&quot;:0,&quot;bitrate&quot;:2442530,&quot;up_time&quot;:18,&quot;error_code&quot;:0,&quot;status_code&quot;:3,&quot;error_str&quot;:&quot;None&quot;,&quot;status_str&quot;:&quot;Connected&quot;},{&quot;host&quot;:&quot;192.168.60.66&quot;,&quot;port&quot;:2088,&quot;nic&quot;:&quot;192.168.50.65&quot;,&quot;limit&quot;:0,&quot;is_backup&quot;:0,&quot;bitrate&quot;:0,&quot;up_time&quot;:0,&quot;error_code&quot;:3,&quot;status_code&quot;:1,&quot;error_str&quot;:&quot;Timeout&quot;,&quot;status_str&quot;:&quot;Connecting&quot;},{&quot;host&quot;:&quot;192.168.5.166&quot;,&quot;port&quot;:2088,&quot;nic&quot;:&quot;192.168.5.165&quot;,&quot;limit&quot;:0,&quot;is_backup&quot;:0,&quot;bitrate&quot;:2507742,&quot;up_time&quot;:346,&quot;error_code&quot;:0,&quot;status_code&quot;:3,&quot;error_str&quot;:&quot;None&quot;,&quot;status_str&quot;:&quot;Connected&quot;}],&quot;error&quot;:&quot;None&quot;,&quot;con_stat&quot;:&quot;Disconnected&quot;,&quot;bitrate&quot;:4884747,&quot;dest&quot;:&quot;bonded/bonded15&quot;},{&quot;mip&quot;:&quot;4000.ts&quot;,&quot;port&quot;:0,&quot;ip&quot;:&quot;file&quot;,&quot;in_name&quot;:&quot;bond&quot;,&quot;in_active&quot;:1,&quot;in_active_sources&quot;:0,&quot;prg_name&quot;:&quot;&quot;,&quot;prg_prov&quot;:&quot;&quot;,&quot;prg_num&quot;:-1,&quot;chan&quot;:&quot;&quot;,&quot;chan_id&quot;:-1,&quot;id&quot;:&quot;zixi://bonded(bonded0)#10.7.0.66:2088@10.7.0.65,192.168.60.66:2088@192.168.50.65,192.168.5.166:2088@192.168.5.165&quot;,&quot;type&quot;:2,&quot;name&quot;:&quot;bond0&quot;,&quot;asi&quot;:0,&quot;rtmp&quot;:0,&quot;file&quot;:1,&quot;active&quot;:1,&quot;group&quot;:&quot;&quot;,&quot;bonded&quot;:[{&quot;host&quot;:&quot;10.7.0.66&quot;,&quot;port&quot;:2088,&quot;nic&quot;:&quot;10.7.0.65&quot;,&quot;limit&quot;:0,&quot;is_backup&quot;:0,&quot;bitrate&quot;:2352869,&quot;up_time&quot;:202,&quot;error_code&quot;:0,&quot;status_code&quot;:3,&quot;error_str&quot;:&quot;None&quot;,&quot;status_str&quot;:&quot;Connected&quot;},{&quot;host&quot;:&quot;192.168.60.66&quot;,&quot;port&quot;:2088,&quot;nic&quot;:&quot;192.168.50.65&quot;,&quot;limit&quot;:0,&quot;is_backup&quot;:0,&quot;bitrate&quot;:0,&quot;up_time&quot;:0,&quot;error_code&quot;:3,&quot;status_code&quot;:1,&quot;error_str&quot;:&quot;Timeout&quot;,&quot;status_str&quot;:&quot;Connecting&quot;},{&quot;host&quot;:&quot;192.168.5.166&quot;,&quot;port&quot;:2088,&quot;nic&quot;:&quot;192.168.5.165&quot;,&quot;limit&quot;:0,&quot;is_backup&quot;:0,&quot;bitrate&quot;:2336360,&quot;up_time&quot;:562,&quot;error_code&quot;:0,&quot;status_code&quot;:3,&quot;error_str&quot;:&quot;None&quot;,&quot;status_str&quot;:&quot;Connected&quot;}],&quot;error&quot;:&quot;None&quot;,&quot;con_stat&quot;:&quot;Disconnected&quot;,&quot;bitrate&quot;:4616703,&quot;dest&quot;:&quot;bonded/bonded0&quot;},{&quot;mip&quot;:&quot;4000.ts&quot;,&quot;port&quot;:0,&quot;ip&quot;:&quot;file&quot;,&quot;in_name&quot;:&quot;bond&quot;,&quot;in_active&quot;:1,&quot;in_active_sources&quot;:0,&quot;prg_name&quot;:&quot;&quot;,&quot;prg_prov&quot;:&quot;&quot;,&quot;prg_num&quot;:-1,&quot;chan&quot;:&quot;&quot;,&quot;chan_id&quot;:-1,&quot;id&quot;:&quot;zixi://bonded(bonded3)#10.7.0.66:2088@10.7.0.65,192.168.60.66:2088@192.168.50.65,192.168.5.166:2088@192.168.5.165&quot;,&quot;type&quot;:2,&quot;name&quot;:&quot;bond3&quot;,&quot;asi&quot;:0,&quot;rtmp&quot;:0,&quot;file&quot;:1,&quot;active&quot;:1,&quot;group&quot;:&quot;&quot;,&quot;bonded&quot;:[{&quot;host&quot;:&quot;10.7.0.66&quot;,&quot;port&quot;:2088,&quot;nic&quot;:&quot;10.7.0.65&quot;,&quot;limit&quot;:0,&quot;is_backup&quot;:0,&quot;bitrate&quot;:2398781,&quot;up_time&quot;:373,&quot;error_code&quot;:0,&quot;status_code&quot;:3,&quot;error_str&quot;:&quot;None&quot;,&quot;status_str&quot;:&quot;Connected&quot;},{&quot;host&quot;:&quot;192.168.60.66&quot;,&quot;port&quot;:2088,&quot;nic&quot;:&quot;192.168.50.65&quot;,&quot;limit&quot;:0,&quot;is_backup&quot;:0,&quot;bitrate&quot;:0,&quot;up_time&quot;:0,&quot;error_code&quot;:3,&quot;status_code&quot;:1,&quot;error_str&quot;:&quot;Timeout&quot;,&quot;status_str&quot;:&quot;Connecting&quot;},{&quot;host&quot;:&quot;192.168.5.166&quot;,&quot;port&quot;:2088,&quot;nic&quot;:&quot;192.168.5.165&quot;,&quot;limit&quot;:0,&quot;is_backup&quot;:0,&quot;bitrate&quot;:2346543,&quot;up_time&quot;:362,&quot;error_code&quot;:0,&quot;status_code&quot;:3,&quot;error_str&quot;:&quot;None&quot;,&quot;status_str&quot;:&quot;Connected&quot;}],&quot;error&quot;:&quot;None&quot;,&quot;con_stat&quot;:&quot;Disconnected&quot;,&quot;bitrate&quot;:4670857,&quot;dest&quot;:&quot;bonded/bonded3&quot;},{&quot;mip&quot;:&quot;4000.ts&quot;,&quot;port&quot;:0,&quot;ip&quot;:&quot;file&quot;,&quot;in_name&quot;:&quot;bond&quot;,&quot;in_active&quot;:1,&quot;in_active_sources&quot;:0,&quot;prg_name&quot;:&quot;&quot;,&quot;prg_prov&quot;:&quot;&quot;,&quot;prg_num&quot;:-1,&quot;chan&quot;:&quot;&quot;,&quot;chan_id&quot;:-1,&quot;id&quot;:&quot;zixi://bonded(bonded9)#10.7.0.66:2088@10.7.0.65,192.168.60.66:2088@192.168.50.65,192.168.5.166:2088@192.168.5.165&quot;,&quot;type&quot;:2,&quot;name&quot;:&quot;bond9&quot;,&quot;asi&quot;:0,&quot;rtmp&quot;:0,&quot;file&quot;:1,&quot;active&quot;:1,&quot;group&quot;:&quot;&quot;,&quot;bonded&quot;:[{&quot;host&quot;:&quot;10.7.0.66&quot;,&quot;port&quot;:2088,&quot;nic&quot;:&quot;10.7.0.65&quot;,&quot;limit&quot;:0,&quot;is_backup&quot;:0,&quot;bitrate&quot;:2278273,&quot;up_time&quot;:381,&quot;error_code&quot;:0,&quot;status_code&quot;:3,&quot;error_str&quot;:&quot;None&quot;,&quot;status_str&quot;:&quot;Connected&quot;},{&quot;host&quot;:&quot;192.168.60.66&quot;,&quot;port&quot;:2088,&quot;nic&quot;:&quot;192.168.50.65&quot;,&quot;limit&quot;:0,&quot;is_backup&quot;:0,&quot;bitrate&quot;:0,&quot;up_time&quot;:0,&quot;error_code&quot;:3,&quot;status_code&quot;:1,&quot;error_str&quot;:&quot;Timeout&quot;,&quot;status_str&quot;:&quot;Connecting&quot;},{&quot;host&quot;:&quot;192.168.5.166&quot;,&quot;port&quot;:2088,&quot;nic&quot;:&quot;192.168.5.165&quot;,&quot;limit&quot;:0,&quot;is_backup&quot;:0,&quot;bitrate&quot;:2421713,&quot;up_time&quot;:340,&quot;error_code&quot;:0,&quot;status_code&quot;:3,&quot;error_str&quot;:&quot;None&quot;,&quot;status_str&quot;:&quot;Connected&quot;}],&quot;error&quot;:&quot;None&quot;,&quot;con_stat&quot;:&quot;Disconnected&quot;,&quot;bitrate&quot;:4627428,&quot;dest&quot;:&quot;bonded/bonded9&quot;},{&quot;mip&quot;:&quot;4000.ts&quot;,&quot;port&quot;:0,&quot;ip&quot;:&quot;file&quot;,&quot;in_name&quot;:&quot;bond&quot;,&quot;in_active&quot;:1,&quot;in_active_sources&quot;:0,&quot;prg_name&quot;:&quot;&quot;,&quot;prg_prov&quot;:&quot;&quot;,&quot;prg_num&quot;:-1,&quot;chan&quot;:&quot;&quot;,&quot;chan_id&quot;:-1,&quot;id&quot;:&quot;zixi://bonded(bonded5)#10.7.0.66:2088@10.7.0.65,192.168.60.66:2088@192.168.50.65,192.168.5.166:2088@192.168.5.165&quot;,&quot;type&quot;:2,&quot;name&quot;:&quot;bond5&quot;,&quot;asi&quot;:0,&quot;rtmp&quot;:0,&quot;file&quot;:1,&quot;active&quot;:1,&quot;group&quot;:&quot;&quot;,&quot;bonded&quot;:[{&quot;host&quot;:&quot;10.7.0.66&quot;,&quot;port&quot;:2088,&quot;nic&quot;:&quot;10.7.0.65&quot;,&quot;limit&quot;:0,&quot;is_backup&quot;:0,&quot;bitrate&quot;:4061309,&quot;up_time&quot;:55,&quot;error_code&quot;:0,&quot;status_code&quot;:3,&quot;error_str&quot;:&quot;None&quot;,&quot;status_str&quot;:&quot;Connected&quot;},{&quot;host&quot;:&quot;192.168.60.66&quot;,&quot;port&quot;:2088,&quot;nic&quot;:&quot;192.168.50.65&quot;,&quot;limit&quot;:0,&quot;is_backup&quot;:0,&quot;bitrate&quot;:0,&quot;up_time&quot;:0,&quot;error_code&quot;:3,&quot;status_code&quot;:1,&quot;error_str&quot;:&quot;Timeout&quot;,&quot;status_str&quot;:&quot;Connecting&quot;},{&quot;host&quot;:&quot;192.168.5.166&quot;,&quot;port&quot;:2088,&quot;nic&quot;:&quot;192.168.5.165&quot;,&quot;limit&quot;:0,&quot;is_backup&quot;:0,&quot;bitrate&quot;:998481,&quot;up_time&quot;:151,&quot;error_code&quot;:0,&quot;status_code&quot;:3,&quot;error_str&quot;:&quot;None&quot;,&quot;status_str&quot;:&quot;Connected&quot;}],&quot;error&quot;:&quot;None&quot;,&quot;con_stat&quot;:&quot;Disconnected&quot;,&quot;bitrate&quot;:4638033,&quot;dest&quot;:&quot;bonded/bonded5&quot;},{&quot;mip&quot;:&quot;4000.ts&quot;,&quot;port&quot;:0,&quot;ip&quot;:&quot;file&quot;,&quot;in_name&quot;:&quot;bond&quot;,&quot;in_active&quot;:1,&quot;in_active_sources&quot;:0,&quot;prg_name&quot;:&quot;&quot;,&quot;prg_prov&quot;:&quot;&quot;,&quot;prg_num&quot;:-1,&quot;chan&quot;:&quot;&quot;,&quot;chan_id&quot;:-1,&quot;id&quot;:&quot;zixi://bonded(bonded7)#10.7.0.66:2088@10.7.0.65,192.168.60.66:2088@192.168.50.65,192.168.5.166:2088@192.168.5.165&quot;,&quot;type&quot;:2,&quot;name&quot;:&quot;bond7&quot;,&quot;asi&quot;:0,&quot;rtmp&quot;:0,&quot;file&quot;:1,&quot;active&quot;:1,&quot;group&quot;:&quot;&quot;,&quot;bonded&quot;:[{&quot;host&quot;:&quot;10.7.0.66&quot;,&quot;port&quot;:2088,&quot;nic&quot;:&quot;10.7.0.65&quot;,&quot;limit&quot;:0,&quot;is_backup&quot;:0,&quot;bitrate&quot;:2543503,&quot;up_time&quot;:63,&quot;error_code&quot;:0,&quot;status_code&quot;:3,&quot;error_str&quot;:&quot;None&quot;,&quot;status_str&quot;:&quot;Connected&quot;},{&quot;host&quot;:&quot;192.168.60.66&quot;,&quot;port&quot;:2088,&quot;nic&quot;:&quot;192.168.50.65&quot;,&quot;limit&quot;:0,&quot;is_backup&quot;:0,&quot;bitrate&quot;:0,&quot;up_time&quot;:0,&quot;error_code&quot;:3,&quot;status_code&quot;:1,&quot;error_str&quot;:&quot;Timeout&quot;,&quot;status_str&quot;:&quot;Connecting&quot;},{&quot;host&quot;:&quot;192.168.5.166&quot;,&quot;port&quot;:2088,&quot;nic&quot;:&quot;192.168.5.165&quot;,&quot;limit&quot;:0,&quot;is_backup&quot;:0,&quot;bitrate&quot;:2405034,&quot;up_time&quot;:67,&quot;error_code&quot;:0,&quot;status_code&quot;:3,&quot;error_str&quot;:&quot;None&quot;,&quot;status_str&quot;:&quot;Connected&quot;}],&quot;error&quot;:&quot;None&quot;,&quot;con_stat&quot;:&quot;Disconnected&quot;,&quot;bitrate&quot;:4895352,&quot;dest&quot;:&quot;bonded/bonded7&quot;},{&quot;mip&quot;:&quot;4000.ts&quot;,&quot;port&quot;:0,&quot;ip&quot;:&quot;file&quot;,&quot;in_name&quot;:&quot;bond&quot;,&quot;in_active&quot;:1,&quot;in_active_sources&quot;:0,&quot;prg_name&quot;:&quot;&quot;,&quot;prg_prov&quot;:&quot;&quot;,&quot;prg_num&quot;:-1,&quot;chan&quot;:&quot;&quot;,&quot;chan_id&quot;:-1,&quot;id&quot;:&quot;zixi://bonded(bonded8)#10.7.0.66:2088@10.7.0.65,192.168.60.66:2088@192.168.50.65,192.168.5.166:2088@192.168.5.165&quot;,&quot;type&quot;:2,&quot;name&quot;:&quot;bond8&quot;,&quot;asi&quot;:0,&quot;rtmp&quot;:0,&quot;file&quot;:1,&quot;active&quot;:1,&quot;group&quot;:&quot;&quot;,&quot;bonded&quot;:[{&quot;host&quot;:&quot;10.7.0.66&quot;,&quot;port&quot;:2088,&quot;nic&quot;:&quot;10.7.0.65&quot;,&quot;limit&quot;:0,&quot;is_backup&quot;:0,&quot;bitrate&quot;:2327727,&quot;up_time&quot;:193,&quot;error_code&quot;:0,&quot;status_code&quot;:3,&quot;error_str&quot;:&quot;None&quot;,&quot;status_str&quot;:&quot;Connected&quot;},{&quot;host&quot;:&quot;192.168.60.66&quot;,&quot;port&quot;:2088,&quot;nic&quot;:&quot;192.168.50.65&quot;,&quot;limit&quot;:0,&quot;is_backup&quot;:0,&quot;bitrate&quot;:0,&quot;up_time&quot;:0,&quot;error_code&quot;:3,&quot;status_code&quot;:1,&quot;error_str&quot;:&quot;Timeout&quot;,&quot;status_str&quot;:&quot;Connecting&quot;},{&quot;host&quot;:&quot;192.168.5.166&quot;,&quot;port&quot;:2088,&quot;nic&quot;:&quot;192.168.5.165&quot;,&quot;limit&quot;:0,&quot;is_backup&quot;:0,&quot;bitrate&quot;:2349446,&quot;up_time&quot;:193,&quot;error_code&quot;:0,&quot;status_code&quot;:3,&quot;error_str&quot;:&quot;None&quot;,&quot;status_str&quot;:&quot;Connected&quot;}],&quot;error&quot;:&quot;None&quot;,&quot;con_stat&quot;:&quot;Disconnected&quot;,&quot;bitrate&quot;:4610717,&quot;dest&quot;:&quot;bonded/bonded8&quot;},{&quot;mip&quot;:&quot;4000.ts&quot;,&quot;port&quot;:0,&quot;ip&quot;:&quot;file&quot;,&quot;in_name&quot;:&quot;bond&quot;,&quot;in_active&quot;:1,&quot;in_active_sources&quot;:0,&quot;prg_name&quot;:&quot;&quot;,&quot;prg_prov&quot;:&quot;&quot;,&quot;prg_num&quot;:-1,&quot;chan&quot;:&quot;&quot;,&quot;chan_id&quot;:-1,&quot;id&quot;:&quot;zixi://bonded(bonded1)#10.7.0.66:2088@10.7.0.65,192.168.60.66:2088@192.168.50.65,192.168.5.166:2088@192.168.5.165&quot;,&quot;type&quot;:2,&quot;name&quot;:&quot;bond1&quot;,&quot;asi&quot;:0,&quot;rtmp&quot;:0,&quot;file&quot;:1,&quot;active&quot;:1,&quot;group&quot;:&quot;&quot;,&quot;bonded&quot;:[{&quot;host&quot;:&quot;10.7.0.66&quot;,&quot;port&quot;:2088,&quot;nic&quot;:&quot;10.7.0.65&quot;,&quot;limit&quot;:0,&quot;is_backup&quot;:0,&quot;bitrate&quot;:3608842,&quot;up_time&quot;:28,&quot;error_code&quot;:0,&quot;status_code&quot;:3,&quot;error_str&quot;:&quot;None&quot;,&quot;status_str&quot;:&quot;Connected&quot;},{&quot;host&quot;:&quot;192.168.60.66&quot;,&quot;port&quot;:2088,&quot;nic&quot;:&quot;192.168.50.65&quot;,&quot;limit&quot;:0,&quot;is_backup&quot;:0,&quot;bitrate&quot;:0,&quot;up_time&quot;:0,&quot;error_code&quot;:3,&quot;status_code&quot;:1,&quot;error_str&quot;:&quot;Timeout&quot;,&quot;status_str&quot;:&quot;Connecting&quot;},{&quot;host&quot;:&quot;192.168.5.166&quot;,&quot;port&quot;:2088,&quot;nic&quot;:&quot;192.168.5.165&quot;,&quot;limit&quot;:0,&quot;is_backup&quot;:0,&quot;bitrate&quot;:0,&quot;up_time&quot;:0,&quot;error_code&quot;:3,&quot;status_code&quot;:1,&quot;error_str&quot;:&quot;Timeout&quot;,&quot;status_str&quot;:&quot;Connecting&quot;}],&quot;error&quot;:&quot;None&quot;,&quot;con_stat&quot;:&quot;Disconnected&quot;,&quot;bitrate&quot;:3565418,&quot;dest&quot;:&quot;bonded/bonded1&quot;},{&quot;mip&quot;:&quot;4000.ts&quot;,&quot;port&quot;:0,&quot;ip&quot;:&quot;file&quot;,&quot;in_name&quot;:&quot;bond&quot;,&quot;in_active&quot;:1,&quot;in_active_sources&quot;:0,&quot;prg_name&quot;:&quot;&quot;,&quot;prg_prov&quot;:&quot;&quot;,&quot;prg_num&quot;:-1,&quot;chan&quot;:&quot;&quot;,&quot;chan_id&quot;:-1,&quot;id&quot;:&quot;zixi://bonded(bonded2)#10.7.0.66:2088@10.7.0.65,192.168.60.66:2088@192.168.50.65,192.168.5.166:2088@192.168.5.165&quot;,&quot;type&quot;:2,&quot;name&quot;:&quot;bond2&quot;,&quot;asi&quot;:0,&quot;rtmp&quot;:0,&quot;file&quot;:1,&quot;active&quot;:1,&quot;group&quot;:&quot;&quot;,&quot;bonded&quot;:[{&quot;host&quot;:&quot;10.7.0.66&quot;,&quot;port&quot;:2088,&quot;nic&quot;:&quot;10.7.0.65&quot;,&quot;limit&quot;:0,&quot;is_backup&quot;:0,&quot;bitrate&quot;:2340224,&quot;up_time&quot;:356,&quot;error_code&quot;:0,&quot;status_code&quot;:3,&quot;error_str&quot;:&quot;None&quot;,&quot;status_str&quot;:&quot;Connected&quot;},{&quot;host&quot;:&quot;192.168.60.66&quot;,&quot;port&quot;:2088,&quot;nic&quot;:&quot;192.168.50.65&quot;,&quot;limit&quot;:0,&quot;is_backup&quot;:0,&quot;bitrate&quot;:0,&quot;up_time&quot;:0,&quot;error_code&quot;:3,&quot;status_code&quot;:1,&quot;error_str&quot;:&quot;Timeout&quot;,&quot;status_str&quot;:&quot;Connecting&quot;},{&quot;host&quot;:&quot;192.168.5.166&quot;,&quot;port&quot;:2088,&quot;nic&quot;:&quot;192.168.5.165&quot;,&quot;limit&quot;:0,&quot;is_backup&quot;:0,&quot;bitrate&quot;:2008666,&quot;up_time&quot;:365,&quot;error_code&quot;:0,&quot;status_code&quot;:3,&quot;error_str&quot;:&quot;None&quot;,&quot;status_str&quot;:&quot;Connected&quot;}],&quot;error&quot;:&quot;None&quot;,&quot;con_stat&quot;:&quot;Disconnected&quot;,&quot;bitrate&quot;:4392840,&quot;dest&quot;:&quot;bonded/bonded2&quot;},{&quot;mip&quot;:&quot;4000.ts&quot;,&quot;port&quot;:0,&quot;ip&quot;:&quot;file&quot;,&quot;in_name&quot;:&quot;bond&quot;,&quot;in_active&quot;:1,&quot;in_active_sources&quot;:0,&quot;prg_name&quot;:&quot;&quot;,&quot;prg_prov&quot;:&quot;&quot;,&quot;prg_num&quot;:-1,&quot;chan&quot;:&quot;&quot;,&quot;chan_id&quot;:-1,&quot;id&quot;:&quot;zixi://bonded(bonded4)#10.7.0.66:2088@10.7.0.65,192.168.60.66:2088@192.168.50.65,192.168.5.166:2088@192.168.5.165&quot;,&quot;type&quot;:2,&quot;name&quot;:&quot;bond4&quot;,&quot;asi&quot;:0,&quot;rtmp&quot;:0,&quot;file&quot;:1,&quot;active&quot;:1,&quot;group&quot;:&quot;&quot;,&quot;bonded&quot;:[{&quot;host&quot;:&quot;10.7.0.66&quot;,&quot;port&quot;:2088,&quot;nic&quot;:&quot;10.7.0.65&quot;,&quot;limit&quot;:0,&quot;is_backup&quot;:0,&quot;bitrate&quot;:2576848,&quot;up_time&quot;:86,&quot;error_code&quot;:0,&quot;status_code&quot;:3,&quot;error_str&quot;:&quot;None&quot;,&quot;status_str&quot;:&quot;Connected&quot;},{&quot;host&quot;:&quot;192.168.60.66&quot;,&quot;port&quot;:2088,&quot;nic&quot;:&quot;192.168.50.65&quot;,&quot;limit&quot;:0,&quot;is_backup&quot;:0,&quot;bitrate&quot;:0,&quot;up_time&quot;:0,&quot;error_code&quot;:3,&quot;status_code&quot;:1,&quot;error_str&quot;:&quot;Timeout&quot;,&quot;status_str&quot;:&quot;Connecting&quot;},{&quot;host&quot;:&quot;192.168.5.166&quot;,&quot;port&quot;:2088,&quot;nic&quot;:&quot;192.168.5.165&quot;,&quot;limit&quot;:0,&quot;is_backup&quot;:0,&quot;bitrate&quot;:2439975,&quot;up_time&quot;:75,&quot;error_code&quot;:0,&quot;status_code&quot;:3,&quot;error_str&quot;:&quot;None&quot;,&quot;status_str&quot;:&quot;Connected&quot;}],&quot;error&quot;:&quot;None&quot;,&quot;con_stat&quot;:&quot;Disconnected&quot;,&quot;bitrate&quot;:4950617,&quot;dest&quot;:&quot;bonded/bonded4&quot;}]}
Debug printing ------&gt;&gt;&gt; {&quot;custom_data&quot;:&quot;&quot;,&quot;msg&quot;:&quot;Output deleted.&quot;,&quot;error&quot;:&quot;&quot;,&quot;outs&quot;:[{&quot;mip&quot;:&quot;live_recording.ts&quot;,&quot;port&quot;:0,&quot;ip&quot;:&quot;file&quot;,&quot;in_name&quot;:&quot;feederoutputname&quot;,&quot;in_active&quot;:1,&quot;in_active_sources&quot;:0,&quot;prg_name&quot;:&quot;&quot;,&quot;prg_prov&quot;:&quot;&quot;,&quot;prg_num&quot;:1,&quot;chan&quot;:&quot;&quot;,&quot;chan_id&quot;:-1,&quot;id&quot;:&quot;zixi://10.7.0.66:2088/feederout&quot;,&quot;type&quot;:2,&quot;name&quot;:&quot;feederoutputname&quot;,&quot;asi&quot;:0,&quot;rtmp&quot;:0,&quot;file&quot;:1,&quot;active&quot;:1,&quot;group&quot;:&quot;&quot;,&quot;error&quot;:&quot;None&quot;,&quot;con_stat&quot;:&quot;Disconnected&quot;,&quot;bitrate&quot;:0,&quot;dest&quot;:&quot;10.7.0.66:2088/feederout&quot;},{&quot;mip&quot;:&quot;4000.ts&quot;,&quot;port&quot;:0,&quot;ip&quot;:&quot;file&quot;,&quot;in_name&quot;:&quot;bond&quot;,&quot;in_active&quot;:1,&quot;in_active_sources&quot;:0,&quot;prg_name&quot;:&quot;&quot;,&quot;prg_prov&quot;:&quot;&quot;,&quot;prg_num&quot;:-1,&quot;chan&quot;:&quot;&quot;,&quot;chan_id&quot;:-1,&quot;id&quot;:&quot;zixi://bonded(bonded14)#10.7.0.66:2088@10.7.0.65,192.168.60.66:2088@192.168.50.65,192.168.5.166:2088@192.168.5.165&quot;,&quot;type&quot;:2,&quot;name&quot;:&quot;bond14&quot;,&quot;asi&quot;:0,&quot;rtmp&quot;:0,&quot;file&quot;:1,&quot;active&quot;:1,&quot;group&quot;:&quot;&quot;,&quot;bonded&quot;:[{&quot;host&quot;:&quot;10.7.0.66&quot;,&quot;port&quot;:2088,&quot;nic&quot;:&quot;10.7.0.65&quot;,&quot;limit&quot;:0,&quot;is_backup&quot;:0,&quot;bitrate&quot;:2501827,&quot;up_time&quot;:139,&quot;error_code&quot;:0,&quot;status_code&quot;:3,&quot;error_str&quot;:&quot;None&quot;,&quot;status_str&quot;:&quot;Connected&quot;},{&quot;host&quot;:&quot;192.168.60.66&quot;,&quot;port&quot;:2088,&quot;nic&quot;:&quot;192.168.50.65&quot;,&quot;limit&quot;:0,&quot;is_backup&quot;:0,&quot;bitrate&quot;:0,&quot;up_time&quot;:0,&quot;error_code&quot;:3,&quot;status_code&quot;:1,&quot;error_str&quot;:&quot;Timeout&quot;,&quot;status_str&quot;:&quot;Connecting&quot;},{&quot;host&quot;:&quot;192.168.5.166&quot;,&quot;port&quot;:2088,&quot;nic&quot;:&quot;192.168.5.165&quot;,&quot;limit&quot;:0,&quot;is_backup&quot;:0,&quot;bitrate&quot;:2448368,&quot;up_time&quot;:113,&quot;error_code&quot;:0,&quot;status_code&quot;:3,&quot;error_str&quot;:&quot;None&quot;,&quot;status_str&quot;:&quot;Connected&quot;}],&quot;error&quot;:&quot;None&quot;,&quot;con_stat&quot;:&quot;Disconnected&quot;,&quot;bitrate&quot;:4883860,&quot;dest&quot;:&quot;bonded/bonded14&quot;},{&quot;mip&quot;:&quot;4000.ts&quot;,&quot;port&quot;:0,&quot;ip&quot;:&quot;file&quot;,&quot;in_name&quot;:&quot;bond&quot;,&quot;in_active&quot;:1,&quot;in_active_sources&quot;:0,&quot;prg_name&quot;:&quot;&quot;,&quot;prg_prov&quot;:&quot;&quot;,&quot;prg_num&quot;:-1,&quot;chan&quot;:&quot;&quot;,&quot;chan_id&quot;:-1,&quot;id&quot;:&quot;zixi://bonded(bonded16)#10.7.0.66:2088@10.7.0.65,192.168.60.66:2088@192.168.50.65,192.168.5.166:2088@192.168.5.165&quot;,&quot;type&quot;:2,&quot;name&quot;:&quot;bond16&quot;,&quot;asi&quot;:0,&quot;rtmp&quot;:0,&quot;file&quot;:1,&quot;active&quot;:1,&quot;group&quot;:&quot;&quot;,&quot;bonded&quot;:[{&quot;host&quot;:&quot;10.7.0.66&quot;,&quot;port&quot;:2088,&quot;nic&quot;:&quot;10.7.0.65&quot;,&quot;limit&quot;:0,&quot;is_backup&quot;:0,&quot;bitrate&quot;:0,&quot;up_time&quot;:0,&quot;error_code&quot;:0,&quot;status_code&quot;:3,&quot;error_str&quot;:&quot;None&quot;,&quot;status_str&quot;:&quot;Connected&quot;},{&quot;host&quot;:&quot;192.168.60.66&quot;,&quot;port&quot;:2088,&quot;nic&quot;:&quot;192.168.50.65&quot;,&quot;limit&quot;:0,&quot;is_backup&quot;:0,&quot;bitrate&quot;:0,&quot;up_time&quot;:0,&quot;error_code&quot;:3,&quot;status_code&quot;:1,&quot;error_str&quot;:&quot;Timeout&quot;,&quot;status_str&quot;:&quot;Connecting&quot;},{&quot;host&quot;:&quot;192.168.5.166&quot;,&quot;port&quot;:2088,&quot;nic&quot;:&quot;192.168.5.165&quot;,&quot;limit&quot;:0,&quot;is_backup&quot;:0,&quot;bitrate&quot;:2082396,&quot;up_time&quot;:33,&quot;error_code&quot;:0,&quot;status_code&quot;:3,&quot;error_str&quot;:&quot;None&quot;,&quot;status_str&quot;:&quot;Connected&quot;}],&quot;error&quot;:&quot;None&quot;,&quot;con_stat&quot;:&quot;Disconnected&quot;,&quot;bitrate&quot;:5484107,&quot;dest&quot;:&quot;bonded/bonded16&quot;},{&quot;mip&quot;:&quot;4000.ts&quot;,&quot;port&quot;:0,&quot;ip&quot;:&quot;file&quot;,&quot;in_name&quot;:&quot;bond&quot;,&quot;in_active&quot;:1,&quot;in_active_sources&quot;:0,&quot;prg_name&quot;:&quot;&quot;,&quot;prg_prov&quot;:&quot;&quot;,&quot;prg_num&quot;:-1,&quot;chan&quot;:&quot;&quot;,&quot;chan_id&quot;:-1,&quot;id&quot;:&quot;zixi://bonded(bonded13)#10.7.0.66:2088@10.7.0.65,192.168.60.66:2088@192.168.50.65,192.168.5.166:2088@192.168.5.165&quot;,&quot;type&quot;:2,&quot;name&quot;:&quot;bond13&quot;,&quot;asi&quot;:0,&quot;rtmp&quot;:0,&quot;file&quot;:1,&quot;active&quot;:1,&quot;group&quot;:&quot;&quot;,&quot;bonded&quot;:[{&quot;host&quot;:&quot;10.7.0.66&quot;,&quot;port&quot;:2088,&quot;nic&quot;:&quot;10.7.0.65&quot;,&quot;limit&quot;:0,&quot;is_backup&quot;:0,&quot;bitrate&quot;:2157504,&quot;up_time&quot;:17,&quot;error_code&quot;:0,&quot;status_code&quot;:3,&quot;error_str&quot;:&quot;None&quot;,&quot;status_str&quot;:&quot;Connected&quot;},{&quot;host&quot;:&quot;192.168.60.66&quot;,&quot;port&quot;:2088,&quot;nic&quot;:&quot;192.168.50.65&quot;,&quot;limit&quot;:0,&quot;is_backup&quot;:0,&quot;bitrate&quot;:0,&quot;up_time&quot;:0,&quot;error_code&quot;:3,&quot;status_code&quot;:1,&quot;error_str&quot;:&quot;Timeout&quot;,&quot;status_str&quot;:&quot;Connecting&quot;},{&quot;host&quot;:&quot;192.168.5.166&quot;,&quot;port&quot;:2088,&quot;nic&quot;:&quot;192.168.5.165&quot;,&quot;limit&quot;:0,&quot;is_backup&quot;:0,&quot;bitrate&quot;:0,&quot;up_time&quot;:0,&quot;error_code&quot;:3,&quot;status_code&quot;:1,&quot;error_str&quot;:&quot;Timeout&quot;,&quot;status_str&quot;:&quot;Connecting&quot;}],&quot;error&quot;:&quot;None&quot;,&quot;con_stat&quot;:&quot;Disconnected&quot;,&quot;bitrate&quot;:4268120,&quot;dest&quot;:&quot;bonded/bonded13&quot;},{&quot;mip&quot;:&quot;4000.ts&quot;,&quot;port&quot;:0,&quot;ip&quot;:&quot;file&quot;,&quot;in_name&quot;:&quot;bond&quot;,&quot;in_active&quot;:1,&quot;in_active_sources&quot;:0,&quot;prg_name&quot;:&quot;&quot;,&quot;prg_prov&quot;:&quot;&quot;,&quot;prg_num&quot;:-1,&quot;chan&quot;:&quot;&quot;,&quot;chan_id&quot;:-1,&quot;id&quot;:&quot;zixi://bonded(bonded19)#10.7.0.66:2088@10.7.0.65,192.168.60.66:2088@192.168.50.65,192.168.5.166:2088@192.168.5.165&quot;,&quot;type&quot;:2,&quot;name&quot;:&quot;bond19&quot;,&quot;asi&quot;:0,&quot;rtmp&quot;:0,&quot;file&quot;:1,&quot;active&quot;:1,&quot;group&quot;:&quot;&quot;,&quot;bonded&quot;:[{&quot;host&quot;:&quot;10.7.0.66&quot;,&quot;port&quot;:2088,&quot;nic&quot;:&quot;10.7.0.65&quot;,&quot;limit&quot;:0,&quot;is_backup&quot;:0,&quot;bitrate&quot;:2813734,&quot;up_time&quot;:3,&quot;error_code&quot;:0,&quot;status_code&quot;:3,&quot;error_str&quot;:&quot;None&quot;,&quot;status_str&quot;:&quot;Connected&quot;},{&quot;host&quot;:&quot;192.168.60.66&quot;,&quot;port&quot;:2088,&quot;nic&quot;:&quot;192.168.50.65&quot;,&quot;limit&quot;:0,&quot;is_backup&quot;:0,&quot;bitrate&quot;:0,&quot;up_time&quot;:0,&quot;error_code&quot;:3,&quot;status_code&quot;:1,&quot;error_str&quot;:&quot;Timeout&quot;,&quot;status_str&quot;:&quot;Connecting&quot;},{&quot;host&quot;:&quot;192.168.5.166&quot;,&quot;port&quot;:2088,&quot;nic&quot;:&quot;192.168.5.165&quot;,&quot;limit&quot;:0,&quot;is_backup&quot;:0,&quot;bitrate&quot;:0,&quot;up_time&quot;:11,&quot;error_code&quot;:0,&quot;status_code&quot;:3,&quot;error_str&quot;:&quot;None&quot;,&quot;status_str&quot;:&quot;Connected&quot;}],&quot;error&quot;:&quot;None&quot;,&quot;con_stat&quot;:&quot;Disconnected&quot;,&quot;bitrate&quot;:0,&quot;dest&quot;:&quot;bonded/bonded19&quot;},{&quot;mip&quot;:&quot;4000.ts&quot;,&quot;port&quot;:0,&quot;ip&quot;:&quot;file&quot;,&quot;in_name&quot;:&quot;bond&quot;,&quot;in_active&quot;:1,&quot;in_active_sources&quot;:0,&quot;prg_name&quot;:&quot;&quot;,&quot;prg_prov&quot;:&quot;&quot;,&quot;prg_num&quot;:-1,&quot;chan&quot;:&quot;&quot;,&quot;chan_id&quot;:-1,&quot;id&quot;:&quot;zixi://bonded(bonded12)#10.7.0.66:2088@10.7.0.65,192.168.60.66:2088@192.168.50.65,192.168.5.166:2088@192.168.5.165&quot;,&quot;type&quot;:2,&quot;name&quot;:&quot;bond12&quot;,&quot;asi&quot;:0,&quot;rtmp&quot;:0,&quot;file&quot;:1,&quot;active&quot;:1,&quot;group&quot;:&quot;&quot;,&quot;bonded&quot;:[{&quot;host&quot;:&quot;10.7.0.66&quot;,&quot;port&quot;:2088,&quot;nic&quot;:&quot;10.7.0.65&quot;,&quot;limit&quot;:0,&quot;is_backup&quot;:0,&quot;bitrate&quot;:1110627,&quot;up_time&quot;:3,&quot;error_code&quot;:0,&quot;status_code&quot;:3,&quot;error_str&quot;:&quot;None&quot;,&quot;status_str&quot;:&quot;Connected&quot;},{&quot;host&quot;:&quot;192.168.60.66&quot;,&quot;port&quot;:2088,&quot;nic&quot;:&quot;192.168.50.65&quot;,&quot;limit&quot;:0,&quot;is_backup&quot;:0,&quot;bitrate&quot;:0,&quot;up_time&quot;:0,&quot;error_code&quot;:3,&quot;status_code&quot;:1,&quot;error_str&quot;:&quot;Timeout&quot;,&quot;status_str&quot;:&quot;Connecting&quot;},{&quot;host&quot;:&quot;192.168.5.166&quot;,&quot;port&quot;:2088,&quot;nic&quot;:&quot;192.168.5.165&quot;,&quot;limit&quot;:0,&quot;is_backup&quot;:0,&quot;bitrate&quot;:3827355,&quot;up_time&quot;:22,&quot;error_code&quot;:0,&quot;status_code&quot;:3,&quot;error_str&quot;:&quot;None&quot;,&quot;status_str&quot;:&quot;Connected&quot;}],&quot;error&quot;:&quot;None&quot;,&quot;con_stat&quot;:&quot;Disconnected&quot;,&quot;bitrate&quot;:4885218,&quot;dest&quot;:&quot;bonded/bonded12&quot;},{&quot;mip&quot;:&quot;4000.ts&quot;,&quot;port&quot;:0,&quot;ip&quot;:&quot;file&quot;,&quot;in_name&quot;:&quot;bond&quot;,&quot;in_active&quot;:1,&quot;in_active_sources&quot;:0,&quot;prg_name&quot;:&quot;&quot;,&quot;prg_prov&quot;:&quot;&quot;,&quot;prg_num&quot;:-1,&quot;chan&quot;:&quot;&quot;,&quot;chan_id&quot;:-1,&quot;id&quot;:&quot;zixi://bonded(bonded18)#10.7.0.66:2088@10.7.0.65,192.168.60.66:2088@192.168.50.65,192.168.5.166:2088@192.168.5.165&quot;,&quot;type&quot;:2,&quot;name&quot;:&quot;bond18&quot;,&quot;asi&quot;:0,&quot;rtmp&quot;:0,&quot;file&quot;:1,&quot;active&quot;:1,&quot;group&quot;:&quot;&quot;,&quot;bonded&quot;:[{&quot;host&quot;:&quot;10.7.0.66&quot;,&quot;port&quot;:2088,&quot;nic&quot;:&quot;10.7.0.65&quot;,&quot;limit&quot;:0,&quot;is_backup&quot;:0,&quot;bitrate&quot;:0,&quot;up_time&quot;:355,&quot;error_code&quot;:0,&quot;status_code&quot;:0,&quot;error_str&quot;:&quot;None&quot;,&quot;status_str&quot;:&quot;Offline&quot;},{&quot;host&quot;:&quot;192.168.60.66&quot;,&quot;port&quot;:2088,&quot;nic&quot;:&quot;192.168.50.65&quot;,&quot;limit&quot;:0,&quot;is_backup&quot;:0,&quot;bitrate&quot;:0,&quot;up_time&quot;:0,&quot;error_code&quot;:3,&quot;status_code&quot;:1,&quot;error_str&quot;:&quot;Timeout&quot;,&quot;status_str&quot;:&quot;Connecting&quot;},{&quot;host&quot;:&quot;192.168.5.166&quot;,&quot;port&quot;:2088,&quot;nic&quot;:&quot;192.168.5.165&quot;,&quot;limit&quot;:0,&quot;is_backup&quot;:0,&quot;bitrate&quot;:2737150,&quot;up_time&quot;:355,&quot;error_code&quot;:0,&quot;status_code&quot;:3,&quot;error_str&quot;:&quot;None&quot;,&quot;status_str&quot;:&quot;Connected&quot;}],&quot;error&quot;:&quot;None&quot;,&quot;con_stat&quot;:&quot;Disconnected&quot;,&quot;bitrate&quot;:5636979,&quot;dest&quot;:&quot;bonded/bonded18&quot;},{&quot;mip&quot;:&quot;4000.ts&quot;,&quot;port&quot;:0,&quot;ip&quot;:&quot;file&quot;,&quot;in_name&quot;:&quot;bond&quot;,&quot;in_active&quot;:1,&quot;in_active_sources&quot;:0,&quot;prg_name&quot;:&quot;&quot;,&quot;prg_prov&quot;:&quot;&quot;,&quot;prg_num&quot;:-1,&quot;chan&quot;:&quot;&quot;,&quot;chan_id&quot;:-1,&quot;id&quot;:&quot;zixi://bonded(bonded11)#10.7.0.66:2088@10.7.0.65,192.168.60.66:2088@192.168.50.65,192.168.5.166:2088@192.168.5.165&quot;,&quot;type&quot;:2,&quot;name&quot;:&quot;bond11&quot;,&quot;asi&quot;:0,&quot;rtmp&quot;:0,&quot;file&quot;:1,&quot;active&quot;:1,&quot;group&quot;:&quot;&quot;,&quot;bonded&quot;:[{&quot;host&quot;:&quot;10.7.0.66&quot;,&quot;port&quot;:2088,&quot;nic&quot;:&quot;10.7.0.65&quot;,&quot;limit&quot;:0,&quot;is_backup&quot;:0,&quot;bitrate&quot;:2415887,&quot;up_time&quot;:55,&quot;error_code&quot;:0,&quot;status_code&quot;:3,&quot;error_str&quot;:&quot;None&quot;,&quot;status_str&quot;:&quot;Connected&quot;},{&quot;host&quot;:&quot;192.168.60.66&quot;,&quot;port&quot;:2088,&quot;nic&quot;:&quot;192.168.50.65&quot;,&quot;limit&quot;:0,&quot;is_backup&quot;:0,&quot;bitrate&quot;:0,&quot;up_time&quot;:0,&quot;error_code&quot;:3,&quot;status_code&quot;:1,&quot;error_str&quot;:&quot;Timeout&quot;,&quot;status_str&quot;:&quot;Connecting&quot;},{&quot;host&quot;:&quot;192.168.5.166&quot;,&quot;port&quot;:2088,&quot;nic&quot;:&quot;192.168.5.165&quot;,&quot;limit&quot;:0,&quot;is_backup&quot;:0,&quot;bitrate&quot;:2519296,&quot;up_time&quot;:15,&quot;error_code&quot;:0,&quot;status_code&quot;:3,&quot;error_str&quot;:&quot;None&quot;,&quot;status_str&quot;:&quot;Connected&quot;}],&quot;error&quot;:&quot;None&quot;,&quot;con_stat&quot;:&quot;Disconnected&quot;,&quot;bitrate&quot;:4874021,&quot;dest&quot;:&quot;bonded/bonded11&quot;},{&quot;mip&quot;:&quot;4000.ts&quot;,&quot;port&quot;:0,&quot;ip&quot;:&quot;file&quot;,&quot;in_name&quot;:&quot;bond&quot;,&quot;in_active&quot;:1,&quot;in_active_sources&quot;:0,&quot;prg_name&quot;:&quot;&quot;,&quot;prg_prov&quot;:&quot;&quot;,&quot;prg_num&quot;:-1,&quot;chan&quot;:&quot;&quot;,&quot;chan_id&quot;:-1,&quot;id&quot;:&quot;zixi://bonded(bonded10)#10.7.0.66:2088@10.7.0.65,192.168.60.66:2088@192.168.50.65,192.168.5.166:2088@192.168.5.165&quot;,&quot;type&quot;:2,&quot;name&quot;:&quot;bond10&quot;,&quot;asi&quot;:0,&quot;rtmp&quot;:0,&quot;file&quot;:1,&quot;active&quot;:1,&quot;group&quot;:&quot;&quot;,&quot;bonded&quot;:[{&quot;host&quot;:&quot;10.7.0.66&quot;,&quot;port&quot;:2088,&quot;nic&quot;:&quot;10.7.0.65&quot;,&quot;limit&quot;:0,&quot;is_backup&quot;:0,&quot;bitrate&quot;:2847832,&quot;up_time&quot;:532,&quot;error_code&quot;:0,&quot;status_code&quot;:3,&quot;error_str&quot;:&quot;None&quot;,&quot;status_str&quot;:&quot;Connected&quot;},{&quot;host&quot;:&quot;192.168.60.66&quot;,&quot;port&quot;:2088,&quot;nic&quot;:&quot;192.168.50.65&quot;,&quot;limit&quot;:0,&quot;is_backup&quot;:0,&quot;bitrate&quot;:0,&quot;up_time&quot;:0,&quot;error_code&quot;:3,&quot;status_code&quot;:1,&quot;error_str&quot;:&quot;Timeout&quot;,&quot;status_str&quot;:&quot;Connecting&quot;},{&quot;host&quot;:&quot;192.168.5.166&quot;,&quot;port&quot;:2088,&quot;nic&quot;:&quot;192.168.5.165&quot;,&quot;limit&quot;:0,&quot;is_backup&quot;:0,&quot;bitrate&quot;:0,&quot;up_time&quot;:0,&quot;error_code&quot;:3,&quot;status_code&quot;:1,&quot;error_str&quot;:&quot;Timeout&quot;,&quot;status_str&quot;:&quot;Connecting&quot;}],&quot;error&quot;:&quot;None&quot;,&quot;con_stat&quot;:&quot;Disconnected&quot;,&quot;bitrate&quot;:4868280,&quot;dest&quot;:&quot;bonded/bonded10&quot;},{&quot;mip&quot;:&quot;4000.ts&quot;,&quot;port&quot;:0,&quot;ip&quot;:&quot;file&quot;,&quot;in_name&quot;:&quot;bond&quot;,&quot;in_active&quot;:1,&quot;in_active_sources&quot;:0,&quot;prg_name&quot;:&quot;&quot;,&quot;prg_prov&quot;:&quot;&quot;,&quot;prg_num&quot;:-1,&quot;chan&quot;:&quot;&quot;,&quot;chan_id&quot;:-1,&quot;id&quot;:&quot;zixi://bonded(bonded15)#10.7.0.66:2088@10.7.0.65,192.168.60.66:2088@192.168.50.65,192.168.5.166:2088@192.168.5.165&quot;,&quot;type&quot;:2,&quot;name&quot;:&quot;bond15&quot;,&quot;asi&quot;:0,&quot;rtmp&quot;:0,&quot;file&quot;:1,&quot;active&quot;:1,&quot;group&quot;:&quot;&quot;,&quot;bonded&quot;:[{&quot;host&quot;:&quot;10.7.0.66&quot;,&quot;port&quot;:2088,&quot;nic&quot;:&quot;10.7.0.65&quot;,&quot;limit&quot;:0,&quot;is_backup&quot;:0,&quot;bitrate&quot;:2442530,&quot;up_time&quot;:18,&quot;error_code&quot;:0,&quot;status_code&quot;:3,&quot;error_str&quot;:&quot;None&quot;,&quot;status_str&quot;:&quot;Connected&quot;},{&quot;host&quot;:&quot;192.168.60.66&quot;,&quot;port&quot;:2088,&quot;nic&quot;:&quot;192.168.50.65&quot;,&quot;limit&quot;:0,&quot;is_backup&quot;:0,&quot;bitrate&quot;:0,&quot;up_time&quot;:0,&quot;error_code&quot;:3,&quot;status_code&quot;:1,&quot;error_str&quot;:&quot;Timeout&quot;,&quot;status_str&quot;:&quot;Connecting&quot;},{&quot;host&quot;:&quot;192.168.5.166&quot;,&quot;port&quot;:2088,&quot;nic&quot;:&quot;192.168.5.165&quot;,&quot;limit&quot;:0,&quot;is_backup&quot;:0,&quot;bitrate&quot;:2507742,&quot;up_time&quot;:346,&quot;error_code&quot;:0,&quot;status_code&quot;:3,&quot;error_str&quot;:&quot;None&quot;,&quot;status_str&quot;:&quot;Connected&quot;}],&quot;error&quot;:&quot;None&quot;,&quot;con_stat&quot;:&quot;Disconnected&quot;,&quot;bitrate&quot;:4884747,&quot;dest&quot;:&quot;bonded/bonded15&quot;},{&quot;mip&quot;:&quot;4000.ts&quot;,&quot;port&quot;:0,&quot;ip&quot;:&quot;file&quot;,&quot;in_name&quot;:&quot;bond&quot;,&quot;in_active&quot;:1,&quot;in_active_sources&quot;:0,&quot;prg_name&quot;:&quot;&quot;,&quot;prg_prov&quot;:&quot;&quot;,&quot;prg_num&quot;:-1,&quot;chan&quot;:&quot;&quot;,&quot;chan_id&quot;:-1,&quot;id&quot;:&quot;zixi://bonded(bonded0)#10.7.0.66:2088@10.7.0.65,192.168.60.66:2088@192.168.50.65,192.168.5.166:2088@192.168.5.165&quot;,&quot;type&quot;:2,&quot;name&quot;:&quot;bond0&quot;,&quot;asi&quot;:0,&quot;rtmp&quot;:0,&quot;file&quot;:1,&quot;active&quot;:1,&quot;group&quot;:&quot;&quot;,&quot;bonded&quot;:[{&quot;host&quot;:&quot;10.7.0.66&quot;,&quot;port&quot;:2088,&quot;nic&quot;:&quot;10.7.0.65&quot;,&quot;limit&quot;:0,&quot;is_backup&quot;:0,&quot;bitrate&quot;:2352869,&quot;up_time&quot;:202,&quot;error_code&quot;:0,&quot;status_code&quot;:3,&quot;error_str&quot;:&quot;None&quot;,&quot;status_str&quot;:&quot;Connected&quot;},{&quot;host&quot;:&quot;192.168.60.66&quot;,&quot;port&quot;:2088,&quot;nic&quot;:&quot;192.168.50.65&quot;,&quot;limit&quot;:0,&quot;is_backup&quot;:0,&quot;bitrate&quot;:0,&quot;up_time&quot;:0,&quot;error_code&quot;:3,&quot;status_code&quot;:1,&quot;error_str&quot;:&quot;Timeout&quot;,&quot;status_str&quot;:&quot;Connecting&quot;},{&quot;host&quot;:&quot;192.168.5.166&quot;,&quot;port&quot;:2088,&quot;nic&quot;:&quot;192.168.5.165&quot;,&quot;limit&quot;:0,&quot;is_backup&quot;:0,&quot;bitrate&quot;:2336360,&quot;up_time&quot;:562,&quot;error_code&quot;:0,&quot;status_code&quot;:3,&quot;error_str&quot;:&quot;None&quot;,&quot;status_str&quot;:&quot;Connected&quot;}],&quot;error&quot;:&quot;None&quot;,&quot;con_stat&quot;:&quot;Disconnected&quot;,&quot;bitrate&quot;:4616703,&quot;dest&quot;:&quot;bonded/bonded0&quot;},{&quot;mip&quot;:&quot;4000.ts&quot;,&quot;port&quot;:0,&quot;ip&quot;:&quot;file&quot;,&quot;in_name&quot;:&quot;bond&quot;,&quot;in_active&quot;:1,&quot;in_active_sources&quot;:0,&quot;prg_name&quot;:&quot;&quot;,&quot;prg_prov&quot;:&quot;&quot;,&quot;prg_num&quot;:-1,&quot;chan&quot;:&quot;&quot;,&quot;chan_id&quot;:-1,&quot;id&quot;:&quot;zixi://bonded(bonded3)#10.7.0.66:2088@10.7.0.65,192.168.60.66:2088@192.168.50.65,192.168.5.166:2088@192.168.5.165&quot;,&quot;type&quot;:2,&quot;name&quot;:&quot;bond3&quot;,&quot;asi&quot;:0,&quot;rtmp&quot;:0,&quot;file&quot;:1,&quot;active&quot;:1,&quot;group&quot;:&quot;&quot;,&quot;bonded&quot;:[{&quot;host&quot;:&quot;10.7.0.66&quot;,&quot;port&quot;:2088,&quot;nic&quot;:&quot;10.7.0.65&quot;,&quot;limit&quot;:0,&quot;is_backup&quot;:0,&quot;bitrate&quot;:2398781,&quot;up_time&quot;:373,&quot;error_code&quot;:0,&quot;status_code&quot;:3,&quot;error_str&quot;:&quot;None&quot;,&quot;status_str&quot;:&quot;Connected&quot;},{&quot;host&quot;:&quot;192.168.60.66&quot;,&quot;port&quot;:2088,&quot;nic&quot;:&quot;192.168.50.65&quot;,&quot;limit&quot;:0,&quot;is_backup&quot;:0,&quot;bitrate&quot;:0,&quot;up_time&quot;:0,&quot;error_code&quot;:3,&quot;status_code&quot;:1,&quot;error_str&quot;:&quot;Timeout&quot;,&quot;status_str&quot;:&quot;Connecting&quot;},{&quot;host&quot;:&quot;192.168.5.166&quot;,&quot;port&quot;:2088,&quot;nic&quot;:&quot;192.168.5.165&quot;,&quot;limit&quot;:0,&quot;is_backup&quot;:0,&quot;bitrate&quot;:2346543,&quot;up_time&quot;:362,&quot;error_code&quot;:0,&quot;status_code&quot;:3,&quot;error_str&quot;:&quot;None&quot;,&quot;status_str&quot;:&quot;Connected&quot;}],&quot;error&quot;:&quot;None&quot;,&quot;con_stat&quot;:&quot;Disconnected&quot;,&quot;bitrate&quot;:4670857,&quot;dest&quot;:&quot;bonded/bonded3&quot;},{&quot;mip&quot;:&quot;4000.ts&quot;,&quot;port&quot;:0,&quot;ip&quot;:&quot;file&quot;,&quot;in_name&quot;:&quot;bond&quot;,&quot;in_active&quot;:1,&quot;in_active_sources&quot;:0,&quot;prg_name&quot;:&quot;&quot;,&quot;prg_prov&quot;:&quot;&quot;,&quot;prg_num&quot;:-1,&quot;chan&quot;:&quot;&quot;,&quot;chan_id&quot;:-1,&quot;id&quot;:&quot;zixi://bonded(bonded9)#10.7.0.66:2088@10.7.0.65,192.168.60.66:2088@192.168.50.65,192.168.5.166:2088@192.168.5.165&quot;,&quot;type&quot;:2,&quot;name&quot;:&quot;bond9&quot;,&quot;asi&quot;:0,&quot;rtmp&quot;:0,&quot;file&quot;:1,&quot;active&quot;:1,&quot;group&quot;:&quot;&quot;,&quot;bonded&quot;:[{&quot;host&quot;:&quot;10.7.0.66&quot;,&quot;port&quot;:2088,&quot;nic&quot;:&quot;10.7.0.65&quot;,&quot;limit&quot;:0,&quot;is_backup&quot;:0,&quot;bitrate&quot;:2278273,&quot;up_time&quot;:381,&quot;error_code&quot;:0,&quot;status_code&quot;:3,&quot;error_str&quot;:&quot;None&quot;,&quot;status_str&quot;:&quot;Connected&quot;},{&quot;host&quot;:&quot;192.168.60.66&quot;,&quot;port&quot;:2088,&quot;nic&quot;:&quot;192.168.50.65&quot;,&quot;limit&quot;:0,&quot;is_backup&quot;:0,&quot;bitrate&quot;:0,&quot;up_time&quot;:0,&quot;error_code&quot;:3,&quot;status_code&quot;:1,&quot;error_str&quot;:&quot;Timeout&quot;,&quot;status_str&quot;:&quot;Connecting&quot;},{&quot;host&quot;:&quot;192.168.5.166&quot;,&quot;port&quot;:2088,&quot;nic&quot;:&quot;192.168.5.165&quot;,&quot;limit&quot;:0,&quot;is_backup&quot;:0,&quot;bitrate&quot;:2421713,&quot;up_time&quot;:340,&quot;error_code&quot;:0,&quot;status_code&quot;:3,&quot;error_str&quot;:&quot;None&quot;,&quot;status_str&quot;:&quot;Connected&quot;}],&quot;error&quot;:&quot;None&quot;,&quot;con_stat&quot;:&quot;Disconnected&quot;,&quot;bitrate&quot;:4627428,&quot;dest&quot;:&quot;bonded/bonded9&quot;},{&quot;mip&quot;:&quot;4000.ts&quot;,&quot;port&quot;:0,&quot;ip&quot;:&quot;file&quot;,&quot;in_name&quot;:&quot;bond&quot;,&quot;in_active&quot;:1,&quot;in_active_sources&quot;:0,&quot;prg_name&quot;:&quot;&quot;,&quot;prg_prov&quot;:&quot;&quot;,&quot;prg_num&quot;:-1,&quot;chan&quot;:&quot;&quot;,&quot;chan_id&quot;:-1,&quot;id&quot;:&quot;zixi://bonded(bonded5)#10.7.0.66:2088@10.7.0.65,192.168.60.66:2088@192.168.50.65,192.168.5.166:2088@192.168.5.165&quot;,&quot;type&quot;:2,&quot;name&quot;:&quot;bond5&quot;,&quot;asi&quot;:0,&quot;rtmp&quot;:0,&quot;file&quot;:1,&quot;active&quot;:1,&quot;group&quot;:&quot;&quot;,&quot;bonded&quot;:[{&quot;host&quot;:&quot;10.7.0.66&quot;,&quot;port&quot;:2088,&quot;nic&quot;:&quot;10.7.0.65&quot;,&quot;limit&quot;:0,&quot;is_backup&quot;:0,&quot;bitrate&quot;:4061309,&quot;up_time&quot;:55,&quot;error_code&quot;:0,&quot;status_code&quot;:3,&quot;error_str&quot;:&quot;None&quot;,&quot;status_str&quot;:&quot;Connected&quot;},{&quot;host&quot;:&quot;192.168.60.66&quot;,&quot;port&quot;:2088,&quot;nic&quot;:&quot;192.168.50.65&quot;,&quot;limit&quot;:0,&quot;is_backup&quot;:0,&quot;bitrate&quot;:0,&quot;up_time&quot;:0,&quot;error_code&quot;:3,&quot;status_code&quot;:1,&quot;error_str&quot;:&quot;Timeout&quot;,&quot;status_str&quot;:&quot;Connecting&quot;},{&quot;host&quot;:&quot;192.168.5.166&quot;,&quot;port&quot;:2088,&quot;nic&quot;:&quot;192.168.5.165&quot;,&quot;limit&quot;:0,&quot;is_backup&quot;:0,&quot;bitrate&quot;:998481,&quot;up_time&quot;:151,&quot;error_code&quot;:0,&quot;status_code&quot;:3,&quot;error_str&quot;:&quot;None&quot;,&quot;status_str&quot;:&quot;Connected&quot;}],&quot;error&quot;:&quot;None&quot;,&quot;con_stat&quot;:&quot;Disconnected&quot;,&quot;bitrate&quot;:4638033,&quot;dest&quot;:&quot;bonded/bonded5&quot;},{&quot;mip&quot;:&quot;4000.ts&quot;,&quot;port&quot;:0,&quot;ip&quot;:&quot;file&quot;,&quot;in_name&quot;:&quot;bond&quot;,&quot;in_active&quot;:1,&quot;in_active_sources&quot;:0,&quot;prg_name&quot;:&quot;&quot;,&quot;prg_prov&quot;:&quot;&quot;,&quot;prg_num&quot;:-1,&quot;chan&quot;:&quot;&quot;,&quot;chan_id&quot;:-1,&quot;id&quot;:&quot;zixi://bonded(bonded7)#10.7.0.66:2088@10.7.0.65,192.168.60.66:2088@192.168.50.65,192.168.5.166:2088@192.168.5.165&quot;,&quot;type&quot;:2,&quot;name&quot;:&quot;bond7&quot;,&quot;asi&quot;:0,&quot;rtmp&quot;:0,&quot;file&quot;:1,&quot;active&quot;:1,&quot;group&quot;:&quot;&quot;,&quot;bonded&quot;:[{&quot;host&quot;:&quot;10.7.0.66&quot;,&quot;port&quot;:2088,&quot;nic&quot;:&quot;10.7.0.65&quot;,&quot;limit&quot;:0,&quot;is_backup&quot;:0,&quot;bitrate&quot;:2543503,&quot;up_time&quot;:63,&quot;error_code&quot;:0,&quot;status_code&quot;:3,&quot;error_str&quot;:&quot;None&quot;,&quot;status_str&quot;:&quot;Connected&quot;},{&quot;host&quot;:&quot;192.168.60.66&quot;,&quot;port&quot;:2088,&quot;nic&quot;:&quot;192.168.50.65&quot;,&quot;limit&quot;:0,&quot;is_backup&quot;:0,&quot;bitrate&quot;:0,&quot;up_time&quot;:0,&quot;error_code&quot;:3,&quot;status_code&quot;:1,&quot;error_str&quot;:&quot;Timeout&quot;,&quot;status_str&quot;:&quot;Connecting&quot;},{&quot;host&quot;:&quot;192.168.5.166&quot;,&quot;port&quot;:2088,&quot;nic&quot;:&quot;192.168.5.165&quot;,&quot;limit&quot;:0,&quot;is_backup&quot;:0,&quot;bitrate&quot;:2405034,&quot;up_time&quot;:67,&quot;error_code&quot;:0,&quot;status_code&quot;:3,&quot;error_str&quot;:&quot;None&quot;,&quot;status_str&quot;:&quot;Connected&quot;}],&quot;error&quot;:&quot;None&quot;,&quot;con_stat&quot;:&quot;Disconnected&quot;,&quot;bitrate&quot;:4895352,&quot;dest&quot;:&quot;bonded/bonded7&quot;},{&quot;mip&quot;:&quot;4000.ts&quot;,&quot;port&quot;:0,&quot;ip&quot;:&quot;file&quot;,&quot;in_name&quot;:&quot;bond&quot;,&quot;in_active&quot;:1,&quot;in_active_sources&quot;:0,&quot;prg_name&quot;:&quot;&quot;,&quot;prg_prov&quot;:&quot;&quot;,&quot;prg_num&quot;:-1,&quot;chan&quot;:&quot;&quot;,&quot;chan_id&quot;:-1,&quot;id&quot;:&quot;zixi://bonded(bonded8)#10.7.0.66:2088@10.7.0.65,192.168.60.66:2088@192.168.50.65,192.168.5.166:2088@192.168.5.165&quot;,&quot;type&quot;:2,&quot;name&quot;:&quot;bond8&quot;,&quot;asi&quot;:0,&quot;rtmp&quot;:0,&quot;file&quot;:1,&quot;active&quot;:1,&quot;group&quot;:&quot;&quot;,&quot;bonded&quot;:[{&quot;host&quot;:&quot;10.7.0.66&quot;,&quot;port&quot;:2088,&quot;nic&quot;:&quot;10.7.0.65&quot;,&quot;limit&quot;:0,&quot;is_backup&quot;:0,&quot;bitrate&quot;:2327727,&quot;up_time&quot;:193,&quot;error_code&quot;:0,&quot;status_code&quot;:3,&quot;error_str&quot;:&quot;None&quot;,&quot;status_str&quot;:&quot;Connected&quot;},{&quot;host&quot;:&quot;192.168.60.66&quot;,&quot;port&quot;:2088,&quot;nic&quot;:&quot;192.168.50.65&quot;,&quot;limit&quot;:0,&quot;is_backup&quot;:0,&quot;bitrate&quot;:0,&quot;up_time&quot;:0,&quot;error_code&quot;:3,&quot;status_code&quot;:1,&quot;error_str&quot;:&quot;Timeout&quot;,&quot;status_str&quot;:&quot;Connecting&quot;},{&quot;host&quot;:&quot;192.168.5.166&quot;,&quot;port&quot;:2088,&quot;nic&quot;:&quot;192.168.5.165&quot;,&quot;limit&quot;:0,&quot;is_backup&quot;:0,&quot;bitrate&quot;:2349446,&quot;up_time&quot;:193,&quot;error_code&quot;:0,&quot;status_code&quot;:3,&quot;error_str&quot;:&quot;None&quot;,&quot;status_str&quot;:&quot;Connected&quot;}],&quot;error&quot;:&quot;None&quot;,&quot;con_stat&quot;:&quot;Disconnected&quot;,&quot;bitrate&quot;:4610717,&quot;dest&quot;:&quot;bonded/bonded8&quot;},{&quot;mip&quot;:&quot;4000.ts&quot;,&quot;port&quot;:0,&quot;ip&quot;:&quot;file&quot;,&quot;in_name&quot;:&quot;bond&quot;,&quot;in_active&quot;:1,&quot;in_active_sources&quot;:0,&quot;prg_name&quot;:&quot;&quot;,&quot;prg_prov&quot;:&quot;&quot;,&quot;prg_num&quot;:-1,&quot;chan&quot;:&quot;&quot;,&quot;chan_id&quot;:-1,&quot;id&quot;:&quot;zixi://bonded(bonded1)#10.7.0.66:2088@10.7.0.65,192.168.60.66:2088@192.168.50.65,192.168.5.166:2088@192.168.5.165&quot;,&quot;type&quot;:2,&quot;name&quot;:&quot;bond1&quot;,&quot;asi&quot;:0,&quot;rtmp&quot;:0,&quot;file&quot;:1,&quot;active&quot;:1,&quot;group&quot;:&quot;&quot;,&quot;bonded&quot;:[{&quot;host&quot;:&quot;10.7.0.66&quot;,&quot;port&quot;:2088,&quot;nic&quot;:&quot;10.7.0.65&quot;,&quot;limit&quot;:0,&quot;is_backup&quot;:0,&quot;bitrate&quot;:3608842,&quot;up_time&quot;:28,&quot;error_code&quot;:0,&quot;status_code&quot;:3,&quot;error_str&quot;:&quot;None&quot;,&quot;status_str&quot;:&quot;Connected&quot;},{&quot;host&quot;:&quot;192.168.60.66&quot;,&quot;port&quot;:2088,&quot;nic&quot;:&quot;192.168.50.65&quot;,&quot;limit&quot;:0,&quot;is_backup&quot;:0,&quot;bitrate&quot;:0,&quot;up_time&quot;:0,&quot;error_code&quot;:3,&quot;status_code&quot;:1,&quot;error_str&quot;:&quot;Timeout&quot;,&quot;status_str&quot;:&quot;Connecting&quot;},{&quot;host&quot;:&quot;192.168.5.166&quot;,&quot;port&quot;:2088,&quot;nic&quot;:&quot;192.168.5.165&quot;,&quot;limit&quot;:0,&quot;is_backup&quot;:0,&quot;bitrate&quot;:0,&quot;up_time&quot;:0,&quot;error_code&quot;:3,&quot;status_code&quot;:1,&quot;error_str&quot;:&quot;Timeout&quot;,&quot;status_str&quot;:&quot;Connecting&quot;}],&quot;error&quot;:&quot;None&quot;,&quot;con_stat&quot;:&quot;Disconnected&quot;,&quot;bitrate&quot;:3565418,&quot;dest&quot;:&quot;bonded/bonded1&quot;},{&quot;mip&quot;:&quot;4000.ts&quot;,&quot;port&quot;:0,&quot;ip&quot;:&quot;file&quot;,&quot;in_name&quot;:&quot;bond&quot;,&quot;in_active&quot;:1,&quot;in_active_sources&quot;:0,&quot;prg_name&quot;:&quot;&quot;,&quot;prg_prov&quot;:&quot;&quot;,&quot;prg_num&quot;:-1,&quot;chan&quot;:&quot;&quot;,&quot;chan_id&quot;:-1,&quot;id&quot;:&quot;zixi://bonded(bonded2)#10.7.0.66:2088@10.7.0.65,192.168.60.66:2088@192.168.50.65,192.168.5.166:2088@192.168.5.165&quot;,&quot;type&quot;:2,&quot;name&quot;:&quot;bond2&quot;,&quot;asi&quot;:0,&quot;rtmp&quot;:0,&quot;file&quot;:1,&quot;active&quot;:1,&quot;group&quot;:&quot;&quot;,&quot;bonded&quot;:[{&quot;host&quot;:&quot;10.7.0.66&quot;,&quot;port&quot;:2088,&quot;nic&quot;:&quot;10.7.0.65&quot;,&quot;limit&quot;:0,&quot;is_backup&quot;:0,&quot;bitrate&quot;:2340224,&quot;up_time&quot;:356,&quot;error_code&quot;:0,&quot;status_code&quot;:3,&quot;error_str&quot;:&quot;None&quot;,&quot;status_str&quot;:&quot;Connected&quot;},{&quot;host&quot;:&quot;192.168.60.66&quot;,&quot;port&quot;:2088,&quot;nic&quot;:&quot;192.168.50.65&quot;,&quot;limit&quot;:0,&quot;is_backup&quot;:0,&quot;bitrate&quot;:0,&quot;up_time&quot;:0,&quot;error_code&quot;:3,&quot;status_code&quot;:1,&quot;error_str&quot;:&quot;Timeout&quot;,&quot;status_str&quot;:&quot;Connecting&quot;},{&quot;host&quot;:&quot;192.168.5.166&quot;,&quot;port&quot;:2088,&quot;nic&quot;:&quot;192.168.5.165&quot;,&quot;limit&quot;:0,&quot;is_backup&quot;:0,&quot;bitrate&quot;:2008666,&quot;up_time&quot;:365,&quot;error_code&quot;:0,&quot;status_code&quot;:3,&quot;error_str&quot;:&quot;None&quot;,&quot;status_str&quot;:&quot;Connected&quot;}],&quot;error&quot;:&quot;None&quot;,&quot;con_stat&quot;:&quot;Disconnected&quot;,&quot;bitrate&quot;:4392840,&quot;dest&quot;:&quot;bonded/bonded2&quot;},{&quot;mip&quot;:&quot;4000.ts&quot;,&quot;port&quot;:0,&quot;ip&quot;:&quot;file&quot;,&quot;in_name&quot;:&quot;bond&quot;,&quot;in_active&quot;:1,&quot;in_active_sources&quot;:0,&quot;prg_name&quot;:&quot;&quot;,&quot;prg_prov&quot;:&quot;&quot;,&quot;prg_num&quot;:-1,&quot;chan&quot;:&quot;&quot;,&quot;chan_id&quot;:-1,&quot;id&quot;:&quot;zixi://bonded(bonded4)#10.7.0.66:2088@10.7.0.65,192.168.60.66:2088@192.168.50.65,192.168.5.166:2088@192.168.5.165&quot;,&quot;type&quot;:2,&quot;name&quot;:&quot;bond4&quot;,&quot;asi&quot;:0,&quot;rtmp&quot;:0,&quot;file&quot;:1,&quot;active&quot;:1,&quot;group&quot;:&quot;&quot;,&quot;bonded&quot;:[{&quot;host&quot;:&quot;10.7.0.66&quot;,&quot;port&quot;:2088,&quot;nic&quot;:&quot;10.7.0.65&quot;,&quot;limit&quot;:0,&quot;is_backup&quot;:0,&quot;bitrate&quot;:2576848,&quot;up_time&quot;:86,&quot;error_code&quot;:0,&quot;status_code&quot;:3,&quot;error_str&quot;:&quot;None&quot;,&quot;status_str&quot;:&quot;Connected&quot;},{&quot;host&quot;:&quot;192.168.60.66&quot;,&quot;port&quot;:2088,&quot;nic&quot;:&quot;192.168.50.65&quot;,&quot;limit&quot;:0,&quot;is_backup&quot;:0,&quot;bitrate&quot;:0,&quot;up_time&quot;:0,&quot;error_code&quot;:3,&quot;status_code&quot;:1,&quot;error_str&quot;:&quot;Timeout&quot;,&quot;status_str&quot;:&quot;Connecting&quot;},{&quot;host&quot;:&quot;192.168.5.166&quot;,&quot;port&quot;:2088,&quot;nic&quot;:&quot;192.168.5.165&quot;,&quot;limit&quot;:0,&quot;is_backup&quot;:0,&quot;bitrate&quot;:2439975,&quot;up_time&quot;:75,&quot;error_code&quot;:0,&quot;status_code&quot;:3,&quot;error_str&quot;:&quot;None&quot;,&quot;status_str&quot;:&quot;Connected&quot;}],&quot;error&quot;:&quot;None&quot;,&quot;con_stat&quot;:&quot;Disconnected&quot;,&quot;bitrate&quot;:4950617,&quot;dest&quot;:&quot;bonded/bonded4&quot;}]}
Debug printing ------&gt;&gt;&gt; {&quot;custom_data&quot;:&quot;&quot;,&quot;msg&quot;:&quot;Output deleted.&quot;,&quot;error&quot;:&quot;&quot;,&quot;outs&quot;:[{&quot;mip&quot;:&quot;live_recording.ts&quot;,&quot;port&quot;:0,&quot;ip&quot;:&quot;file&quot;,&quot;in_name&quot;:&quot;feederoutputname&quot;,&quot;in_active&quot;:1,&quot;in_active_sources&quot;:0,&quot;prg_name&quot;:&quot;&quot;,&quot;prg_prov&quot;:&quot;&quot;,&quot;prg_num&quot;:1,&quot;chan&quot;:&quot;&quot;,&quot;chan_id&quot;:-1,&quot;id&quot;:&quot;zixi://10.7.0.66:2088/feederout&quot;,&quot;type&quot;:2,&quot;name&quot;:&quot;feederoutputname&quot;,&quot;asi&quot;:0,&quot;rtmp&quot;:0,&quot;file&quot;:1,&quot;active&quot;:1,&quot;group&quot;:&quot;&quot;,&quot;error&quot;:&quot;None&quot;,&quot;con_stat&quot;:&quot;Disconnected&quot;,&quot;bitrate&quot;:0,&quot;dest&quot;:&quot;10.7.0.66:2088/feederout&quot;},{&quot;mip&quot;:&quot;4000.ts&quot;,&quot;port&quot;:0,&quot;ip&quot;:&quot;file&quot;,&quot;in_name&quot;:&quot;bond&quot;,&quot;in_active&quot;:1,&quot;in_active_sources&quot;:0,&quot;prg_name&quot;:&quot;&quot;,&quot;prg_prov&quot;:&quot;&quot;,&quot;prg_num&quot;:-1,&quot;chan&quot;:&quot;&quot;,&quot;chan_id&quot;:-1,&quot;id&quot;:&quot;zixi://bonded(bonded3)#10.7.0.66:2088@10.7.0.65,192.168.60.66:2088@192.168.50.65,192.168.5.166:2088@192.168.5.165&quot;,&quot;type&quot;:2,&quot;name&quot;:&quot;bond3&quot;,&quot;asi&quot;:0,&quot;rtmp&quot;:0,&quot;file&quot;:1,&quot;active&quot;:1,&quot;group&quot;:&quot;&quot;,&quot;bonded&quot;:[{&quot;host&quot;:&quot;10.7.0.66&quot;,&quot;port&quot;:2088,&quot;nic&quot;:&quot;10.7.0.65&quot;,&quot;limit&quot;:0,&quot;is_backup&quot;:0,&quot;bitrate&quot;:2398781,&quot;up_time&quot;:373,&quot;error_code&quot;:0,&quot;status_code&quot;:3,&quot;error_str&quot;:&quot;None&quot;,&quot;status_str&quot;:&quot;Connected&quot;},{&quot;host&quot;:&quot;192.168.60.66&quot;,&quot;port&quot;:2088,&quot;nic&quot;:&quot;192.168.50.65&quot;,&quot;limit&quot;:0,&quot;is_backup&quot;:0,&quot;bitrate&quot;:0,&quot;up_time&quot;:0,&quot;error_code&quot;:3,&quot;status_code&quot;:1,&quot;error_str&quot;:&quot;Timeout&quot;,&quot;status_str&quot;:&quot;Connecting&quot;},{&quot;host&quot;:&quot;192.168.5.166&quot;,&quot;port&quot;:2088,&quot;nic&quot;:&quot;192.168.5.165&quot;,&quot;limit&quot;:0,&quot;is_backup&quot;:0,&quot;bitrate&quot;:2346543,&quot;up_time&quot;:362,&quot;error_code&quot;:0,&quot;status_code&quot;:3,&quot;error_str&quot;:&quot;None&quot;,&quot;status_str&quot;:&quot;Connected&quot;}],&quot;error&quot;:&quot;None&quot;,&quot;con_stat&quot;:&quot;Disconnected&quot;,&quot;bitrate&quot;:4670857,&quot;dest&quot;:&quot;bonded/bonded3&quot;},{&quot;mip&quot;:&quot;4000.ts&quot;,&quot;port&quot;:0,&quot;ip&quot;:&quot;file&quot;,&quot;in_name&quot;:&quot;bond&quot;,&quot;in_active&quot;:1,&quot;in_active_sources&quot;:0,&quot;prg_name&quot;:&quot;&quot;,&quot;prg_prov&quot;:&quot;&quot;,&quot;prg_num&quot;:-1,&quot;chan&quot;:&quot;&quot;,&quot;chan_id&quot;:-1,&quot;id&quot;:&quot;zixi://bonded(bonded13)#10.7.0.66:2088@10.7.0.65,192.168.60.66:2088@192.168.50.65,192.168.5.166:2088@192.168.5.165&quot;,&quot;type&quot;:2,&quot;name&quot;:&quot;bond13&quot;,&quot;asi&quot;:0,&quot;rtmp&quot;:0,&quot;file&quot;:1,&quot;active&quot;:1,&quot;group&quot;:&quot;&quot;,&quot;bonded&quot;:[{&quot;host&quot;:&quot;10.7.0.66&quot;,&quot;port&quot;:2088,&quot;nic&quot;:&quot;10.7.0.65&quot;,&quot;limit&quot;:0,&quot;is_backup&quot;:0,&quot;bitrate&quot;:2157504,&quot;up_time&quot;:17,&quot;error_code&quot;:0,&quot;status_code&quot;:3,&quot;error_str&quot;:&quot;None&quot;,&quot;status_str&quot;:&quot;Connected&quot;},{&quot;host&quot;:&quot;192.168.60.66&quot;,&quot;port&quot;:2088,&quot;nic&quot;:&quot;192.168.50.65&quot;,&quot;limit&quot;:0,&quot;is_backup&quot;:0,&quot;bitrate&quot;:0,&quot;up_time&quot;:0,&quot;error_code&quot;:3,&quot;status_code&quot;:1,&quot;error_str&quot;:&quot;Timeout&quot;,&quot;status_str&quot;:&quot;Connecting&quot;},{&quot;host&quot;:&quot;192.168.5.166&quot;,&quot;port&quot;:2088,&quot;nic&quot;:&quot;192.168.5.165&quot;,&quot;limit&quot;:0,&quot;is_backup&quot;:0,&quot;bitrate&quot;:0,&quot;up_time&quot;:0,&quot;error_code&quot;:3,&quot;status_code&quot;:1,&quot;error_str&quot;:&quot;Timeout&quot;,&quot;status_str&quot;:&quot;Connecting&quot;}],&quot;error&quot;:&quot;None&quot;,&quot;con_stat&quot;:&quot;Disconnected&quot;,&quot;bitrate&quot;:4268120,&quot;dest&quot;:&quot;bonded/bonded13&quot;},{&quot;mip&quot;:&quot;4000.ts&quot;,&quot;port&quot;:0,&quot;ip&quot;:&quot;file&quot;,&quot;in_name&quot;:&quot;bond&quot;,&quot;in_active&quot;:1,&quot;in_active_sources&quot;:0,&quot;prg_name&quot;:&quot;&quot;,&quot;prg_prov&quot;:&quot;&quot;,&quot;prg_num&quot;:-1,&quot;chan&quot;:&quot;&quot;,&quot;chan_id&quot;:-1,&quot;id&quot;:&quot;zixi://bonded(bonded19)#10.7.0.66:2088@10.7.0.65,192.168.60.66:2088@192.168.50.65,192.168.5.166:2088@192.168.5.165&quot;,&quot;type&quot;:2,&quot;name&quot;:&quot;bond19&quot;,&quot;asi&quot;:0,&quot;rtmp&quot;:0,&quot;file&quot;:1,&quot;active&quot;:1,&quot;group&quot;:&quot;&quot;,&quot;bonded&quot;:[{&quot;host&quot;:&quot;10.7.0.66&quot;,&quot;port&quot;:2088,&quot;nic&quot;:&quot;10.7.0.65&quot;,&quot;limit&quot;:0,&quot;is_backup&quot;:0,&quot;bitrate&quot;:2813734,&quot;up_time&quot;:3,&quot;error_code&quot;:0,&quot;status_code&quot;:3,&quot;error_str&quot;:&quot;None&quot;,&quot;status_str&quot;:&quot;Connected&quot;},{&quot;host&quot;:&quot;192.168.60.66&quot;,&quot;port&quot;:2088,&quot;nic&quot;:&quot;192.168.50.65&quot;,&quot;limit&quot;:0,&quot;is_backup&quot;:0,&quot;bitrate&quot;:0,&quot;up_time&quot;:0,&quot;error_code&quot;:3,&quot;status_code&quot;:1,&quot;error_str&quot;:&quot;Timeout&quot;,&quot;status_str&quot;:&quot;Connecting&quot;},{&quot;host&quot;:&quot;192.168.5.166&quot;,&quot;port&quot;:2088,&quot;nic&quot;:&quot;192.168.5.165&quot;,&quot;limit&quot;:0,&quot;is_backup&quot;:0,&quot;bitrate&quot;:0,&quot;up_time&quot;:11,&quot;error_code&quot;:0,&quot;status_code&quot;:3,&quot;error_str&quot;:&quot;None&quot;,&quot;status_str&quot;:&quot;Connected&quot;}],&quot;error&quot;:&quot;None&quot;,&quot;con_stat&quot;:&quot;Disconnected&quot;,&quot;bitrate&quot;:0,&quot;dest&quot;:&quot;bonded/bonded19&quot;},{&quot;mip&quot;:&quot;4000.ts&quot;,&quot;port&quot;:0,&quot;ip&quot;:&quot;file&quot;,&quot;in_name&quot;:&quot;bond&quot;,&quot;in_active&quot;:1,&quot;in_active_sources&quot;:0,&quot;prg_name&quot;:&quot;&quot;,&quot;prg_prov&quot;:&quot;&quot;,&quot;prg_num&quot;:-1,&quot;chan&quot;:&quot;&quot;,&quot;chan_id&quot;:-1,&quot;id&quot;:&quot;zixi://bonded(bonded12)#10.7.0.66:2088@10.7.0.65,192.168.60.66:2088@192.168.50.65,192.168.5.166:2088@192.168.5.165&quot;,&quot;type&quot;:2,&quot;name&quot;:&quot;bond12&quot;,&quot;asi&quot;:0,&quot;rtmp&quot;:0,&quot;file&quot;:1,&quot;active&quot;:1,&quot;group&quot;:&quot;&quot;,&quot;bonded&quot;:[{&quot;host&quot;:&quot;10.7.0.66&quot;,&quot;port&quot;:2088,&quot;nic&quot;:&quot;10.7.0.65&quot;,&quot;limit&quot;:0,&quot;is_backup&quot;:0,&quot;bitrate&quot;:1110627,&quot;up_time&quot;:3,&quot;error_code&quot;:0,&quot;status_code&quot;:3,&quot;error_str&quot;:&quot;None&quot;,&quot;status_str&quot;:&quot;Connected&quot;},{&quot;host&quot;:&quot;192.168.60.66&quot;,&quot;port&quot;:2088,&quot;nic&quot;:&quot;192.168.50.65&quot;,&quot;limit&quot;:0,&quot;is_backup&quot;:0,&quot;bitrate&quot;:0,&quot;up_time&quot;:0,&quot;error_code&quot;:3,&quot;status_code&quot;:1,&quot;error_str&quot;:&quot;Timeout&quot;,&quot;status_str&quot;:&quot;Connecting&quot;},{&quot;host&quot;:&quot;192.168.5.166&quot;,&quot;port&quot;:2088,&quot;nic&quot;:&quot;192.168.5.165&quot;,&quot;limit&quot;:0,&quot;is_backup&quot;:0,&quot;bitrate&quot;:3827355,&quot;up_time&quot;:22,&quot;error_code&quot;:0,&quot;status_code&quot;:3,&quot;error_str&quot;:&quot;None&quot;,&quot;status_str&quot;:&quot;Connected&quot;}],&quot;error&quot;:&quot;None&quot;,&quot;con_stat&quot;:&quot;Disconnected&quot;,&quot;bitrate&quot;:4885218,&quot;dest&quot;:&quot;bonded/bonded12&quot;},{&quot;mip&quot;:&quot;4000.ts&quot;,&quot;port&quot;:0,&quot;ip&quot;:&quot;file&quot;,&quot;in_name&quot;:&quot;bond&quot;,&quot;in_active&quot;:1,&quot;in_active_sources&quot;:0,&quot;prg_name&quot;:&quot;&quot;,&quot;prg_prov&quot;:&quot;&quot;,&quot;prg_num&quot;:-1,&quot;chan&quot;:&quot;&quot;,&quot;chan_id&quot;:-1,&quot;id&quot;:&quot;zixi://bonded(bonded18)#10.7.0.66:2088@10.7.0.65,192.168.60.66:2088@192.168.50.65,192.168.5.166:2088@192.168.5.165&quot;,&quot;type&quot;:2,&quot;name&quot;:&quot;bond18&quot;,&quot;asi&quot;:0,&quot;rtmp&quot;:0,&quot;file&quot;:1,&quot;active&quot;:1,&quot;group&quot;:&quot;&quot;,&quot;bonded&quot;:[{&quot;host&quot;:&quot;10.7.0.66&quot;,&quot;port&quot;:2088,&quot;nic&quot;:&quot;10.7.0.65&quot;,&quot;limit&quot;:0,&quot;is_backup&quot;:0,&quot;bitrate&quot;:0,&quot;up_time&quot;:355,&quot;error_code&quot;:0,&quot;status_code&quot;:0,&quot;error_str&quot;:&quot;None&quot;,&quot;status_str&quot;:&quot;Offline&quot;},{&quot;host&quot;:&quot;192.168.60.66&quot;,&quot;port&quot;:2088,&quot;nic&quot;:&quot;192.168.50.65&quot;,&quot;limit&quot;:0,&quot;is_backup&quot;:0,&quot;bitrate&quot;:0,&quot;up_time&quot;:0,&quot;error_code&quot;:3,&quot;status_code&quot;:1,&quot;error_str&quot;:&quot;Timeout&quot;,&quot;status_str&quot;:&quot;Connecting&quot;},{&quot;host&quot;:&quot;192.168.5.166&quot;,&quot;port&quot;:2088,&quot;nic&quot;:&quot;192.168.5.165&quot;,&quot;limit&quot;:0,&quot;is_backup&quot;:0,&quot;bitrate&quot;:2737150,&quot;up_time&quot;:355,&quot;error_code&quot;:0,&quot;status_code&quot;:3,&quot;error_str&quot;:&quot;None&quot;,&quot;status_str&quot;:&quot;Connected&quot;}],&quot;error&quot;:&quot;None&quot;,&quot;con_stat&quot;:&quot;Disconnected&quot;,&quot;bitrate&quot;:5636979,&quot;dest&quot;:&quot;bonded/bonded18&quot;},{&quot;mip&quot;:&quot;4000.ts&quot;,&quot;port&quot;:0,&quot;ip&quot;:&quot;file&quot;,&quot;in_name&quot;:&quot;bond&quot;,&quot;in_active&quot;:1,&quot;in_active_sources&quot;:0,&quot;prg_name&quot;:&quot;&quot;,&quot;prg_prov&quot;:&quot;&quot;,&quot;prg_num&quot;:-1,&quot;chan&quot;:&quot;&quot;,&quot;chan_id&quot;:-1,&quot;id&quot;:&quot;zixi://bonded(bonded11)#10.7.0.66:2088@10.7.0.65,192.168.60.66:2088@192.168.50.65,192.168.5.166:2088@192.168.5.165&quot;,&quot;type&quot;:2,&quot;name&quot;:&quot;bond11&quot;,&quot;asi&quot;:0,&quot;rtmp&quot;:0,&quot;file&quot;:1,&quot;active&quot;:1,&quot;group&quot;:&quot;&quot;,&quot;bonded&quot;:[{&quot;host&quot;:&quot;10.7.0.66&quot;,&quot;port&quot;:2088,&quot;nic&quot;:&quot;10.7.0.65&quot;,&quot;limit&quot;:0,&quot;is_backup&quot;:0,&quot;bitrate&quot;:2415887,&quot;up_time&quot;:55,&quot;error_code&quot;:0,&quot;status_code&quot;:3,&quot;error_str&quot;:&quot;None&quot;,&quot;status_str&quot;:&quot;Connected&quot;},{&quot;host&quot;:&quot;192.168.60.66&quot;,&quot;port&quot;:2088,&quot;nic&quot;:&quot;192.168.50.65&quot;,&quot;limit&quot;:0,&quot;is_backup&quot;:0,&quot;bitrate&quot;:0,&quot;up_time&quot;:0,&quot;error_code&quot;:3,&quot;status_code&quot;:1,&quot;error_str&quot;:&quot;Timeout&quot;,&quot;status_str&quot;:&quot;Connecting&quot;},{&quot;host&quot;:&quot;192.168.5.166&quot;,&quot;port&quot;:2088,&quot;nic&quot;:&quot;192.168.5.165&quot;,&quot;limit&quot;:0,&quot;is_backup&quot;:0,&quot;bitrate&quot;:2519296,&quot;up_time&quot;:15,&quot;error_code&quot;:0,&quot;status_code&quot;:3,&quot;error_str&quot;:&quot;None&quot;,&quot;status_str&quot;:&quot;Connected&quot;}],&quot;error&quot;:&quot;None&quot;,&quot;con_stat&quot;:&quot;Disconnected&quot;,&quot;bitrate&quot;:4874021,&quot;dest&quot;:&quot;bonded/bonded11&quot;},{&quot;mip&quot;:&quot;4000.ts&quot;,&quot;port&quot;:0,&quot;ip&quot;:&quot;file&quot;,&quot;in_name&quot;:&quot;bond&quot;,&quot;in_active&quot;:1,&quot;in_active_sources&quot;:0,&quot;prg_name&quot;:&quot;&quot;,&quot;prg_prov&quot;:&quot;&quot;,&quot;prg_num&quot;:-1,&quot;chan&quot;:&quot;&quot;,&quot;chan_id&quot;:-1,&quot;id&quot;:&quot;zixi://bonded(bonded10)#10.7.0.66:2088@10.7.0.65,192.168.60.66:2088@192.168.50.65,192.168.5.166:2088@192.168.5.165&quot;,&quot;type&quot;:2,&quot;name&quot;:&quot;bond10&quot;,&quot;asi&quot;:0,&quot;rtmp&quot;:0,&quot;file&quot;:1,&quot;active&quot;:1,&quot;group&quot;:&quot;&quot;,&quot;bonded&quot;:[{&quot;host&quot;:&quot;10.7.0.66&quot;,&quot;port&quot;:2088,&quot;nic&quot;:&quot;10.7.0.65&quot;,&quot;limit&quot;:0,&quot;is_backup&quot;:0,&quot;bitrate&quot;:2847832,&quot;up_time&quot;:532,&quot;error_code&quot;:0,&quot;status_code&quot;:3,&quot;error_str&quot;:&quot;None&quot;,&quot;status_str&quot;:&quot;Connected&quot;},{&quot;host&quot;:&quot;192.168.60.66&quot;,&quot;port&quot;:2088,&quot;nic&quot;:&quot;192.168.50.65&quot;,&quot;limit&quot;:0,&quot;is_backup&quot;:0,&quot;bitrate&quot;:0,&quot;up_time&quot;:0,&quot;error_code&quot;:3,&quot;status_code&quot;:1,&quot;error_str&quot;:&quot;Timeout&quot;,&quot;status_str&quot;:&quot;Connecting&quot;},{&quot;host&quot;:&quot;192.168.5.166&quot;,&quot;port&quot;:2088,&quot;nic&quot;:&quot;192.168.5.165&quot;,&quot;limit&quot;:0,&quot;is_backup&quot;:0,&quot;bitrate&quot;:0,&quot;up_time&quot;:0,&quot;error_code&quot;:3,&quot;status_code&quot;:1,&quot;error_str&quot;:&quot;Timeout&quot;,&quot;status_str&quot;:&quot;Connecting&quot;}],&quot;error&quot;:&quot;None&quot;,&quot;con_stat&quot;:&quot;Disconnected&quot;,&quot;bitrate&quot;:4868280,&quot;dest&quot;:&quot;bonded/bonded10&quot;},{&quot;mip&quot;:&quot;4000.ts&quot;,&quot;port&quot;:0,&quot;ip&quot;:&quot;file&quot;,&quot;in_name&quot;:&quot;bond&quot;,&quot;in_active&quot;:1,&quot;in_active_sources&quot;:0,&quot;prg_name&quot;:&quot;&quot;,&quot;prg_prov&quot;:&quot;&quot;,&quot;prg_num&quot;:-1,&quot;chan&quot;:&quot;&quot;,&quot;chan_id&quot;:-1,&quot;id&quot;:&quot;zixi://bonded(bonded15)#10.7.0.66:2088@10.7.0.65,192.168.60.66:2088@192.168.50.65,192.168.5.166:2088@192.168.5.165&quot;,&quot;type&quot;:2,&quot;name&quot;:&quot;bond15&quot;,&quot;asi&quot;:0,&quot;rtmp&quot;:0,&quot;file&quot;:1,&quot;active&quot;:1,&quot;group&quot;:&quot;&quot;,&quot;bonded&quot;:[{&quot;host&quot;:&quot;10.7.0.66&quot;,&quot;port&quot;:2088,&quot;nic&quot;:&quot;10.7.0.65&quot;,&quot;limit&quot;:0,&quot;is_backup&quot;:0,&quot;bitrate&quot;:2442530,&quot;up_time&quot;:18,&quot;error_code&quot;:0,&quot;status_code&quot;:3,&quot;error_str&quot;:&quot;None&quot;,&quot;status_str&quot;:&quot;Connected&quot;},{&quot;host&quot;:&quot;192.168.60.66&quot;,&quot;port&quot;:2088,&quot;nic&quot;:&quot;192.168.50.65&quot;,&quot;limit&quot;:0,&quot;is_backup&quot;:0,&quot;bitrate&quot;:0,&quot;up_time&quot;:0,&quot;error_code&quot;:3,&quot;status_code&quot;:1,&quot;error_str&quot;:&quot;Timeout&quot;,&quot;status_str&quot;:&quot;Connecting&quot;},{&quot;host&quot;:&quot;192.168.5.166&quot;,&quot;port&quot;:2088,&quot;nic&quot;:&quot;192.168.5.165&quot;,&quot;limit&quot;:0,&quot;is_backup&quot;:0,&quot;bitrate&quot;:2507742,&quot;up_time&quot;:346,&quot;error_code&quot;:0,&quot;status_code&quot;:3,&quot;error_str&quot;:&quot;None&quot;,&quot;status_str&quot;:&quot;Connected&quot;}],&quot;error&quot;:&quot;None&quot;,&quot;con_stat&quot;:&quot;Disconnected&quot;,&quot;bitrate&quot;:4884747,&quot;dest&quot;:&quot;bonded/bonded15&quot;},{&quot;mip&quot;:&quot;4000.ts&quot;,&quot;port&quot;:0,&quot;ip&quot;:&quot;file&quot;,&quot;in_name&quot;:&quot;bond&quot;,&quot;in_active&quot;:1,&quot;in_active_sources&quot;:0,&quot;prg_name&quot;:&quot;&quot;,&quot;prg_prov&quot;:&quot;&quot;,&quot;prg_num&quot;:-1,&quot;chan&quot;:&quot;&quot;,&quot;chan_id&quot;:-1,&quot;id&quot;:&quot;zixi://bonded(bonded14)#10.7.0.66:2088@10.7.0.65,192.168.60.66:2088@192.168.50.65,192.168.5.166:2088@192.168.5.165&quot;,&quot;type&quot;:2,&quot;name&quot;:&quot;bond14&quot;,&quot;asi&quot;:0,&quot;rtmp&quot;:0,&quot;file&quot;:1,&quot;active&quot;:1,&quot;group&quot;:&quot;&quot;,&quot;bonded&quot;:[{&quot;host&quot;:&quot;10.7.0.66&quot;,&quot;port&quot;:2088,&quot;nic&quot;:&quot;10.7.0.65&quot;,&quot;limit&quot;:0,&quot;is_backup&quot;:0,&quot;bitrate&quot;:2501827,&quot;up_time&quot;:139,&quot;error_code&quot;:0,&quot;status_code&quot;:3,&quot;error_str&quot;:&quot;None&quot;,&quot;status_str&quot;:&quot;Connected&quot;},{&quot;host&quot;:&quot;192.168.60.66&quot;,&quot;port&quot;:2088,&quot;nic&quot;:&quot;192.168.50.65&quot;,&quot;limit&quot;:0,&quot;is_backup&quot;:0,&quot;bitrate&quot;:0,&quot;up_time&quot;:0,&quot;error_code&quot;:3,&quot;status_code&quot;:1,&quot;error_str&quot;:&quot;Timeout&quot;,&quot;status_str&quot;:&quot;Connecting&quot;},{&quot;host&quot;:&quot;192.168.5.166&quot;,&quot;port&quot;:2088,&quot;nic&quot;:&quot;192.168.5.165&quot;,&quot;limit&quot;:0,&quot;is_backup&quot;:0,&quot;bitrate&quot;:2448368,&quot;up_time&quot;:113,&quot;error_code&quot;:0,&quot;status_code&quot;:3,&quot;error_str&quot;:&quot;None&quot;,&quot;status_str&quot;:&quot;Connected&quot;}],&quot;error&quot;:&quot;None&quot;,&quot;con_stat&quot;:&quot;Disconnected&quot;,&quot;bitrate&quot;:4883860,&quot;dest&quot;:&quot;bonded/bonded14&quot;},{&quot;mip&quot;:&quot;4000.ts&quot;,&quot;port&quot;:0,&quot;ip&quot;:&quot;file&quot;,&quot;in_name&quot;:&quot;bond&quot;,&quot;in_active&quot;:1,&quot;in_active_sources&quot;:0,&quot;prg_name&quot;:&quot;&quot;,&quot;prg_prov&quot;:&quot;&quot;,&quot;prg_num&quot;:-1,&quot;chan&quot;:&quot;&quot;,&quot;chan_id&quot;:-1,&quot;id&quot;:&quot;zixi://bonded(bonded0)#10.7.0.66:2088@10.7.0.65,192.168.60.66:2088@192.168.50.65,192.168.5.166:2088@192.168.5.165&quot;,&quot;type&quot;:2,&quot;name&quot;:&quot;bond0&quot;,&quot;asi&quot;:0,&quot;rtmp&quot;:0,&quot;file&quot;:1,&quot;active&quot;:1,&quot;group&quot;:&quot;&quot;,&quot;bonded&quot;:[{&quot;host&quot;:&quot;10.7.0.66&quot;,&quot;port&quot;:2088,&quot;nic&quot;:&quot;10.7.0.65&quot;,&quot;limit&quot;:0,&quot;is_backup&quot;:0,&quot;bitrate&quot;:2352869,&quot;up_time&quot;:202,&quot;error_code&quot;:0,&quot;status_code&quot;:3,&quot;error_str&quot;:&quot;None&quot;,&quot;status_str&quot;:&quot;Connected&quot;},{&quot;host&quot;:&quot;192.168.60.66&quot;,&quot;port&quot;:2088,&quot;nic&quot;:&quot;192.168.50.65&quot;,&quot;limit&quot;:0,&quot;is_backup&quot;:0,&quot;bitrate&quot;:0,&quot;up_time&quot;:0,&quot;error_code&quot;:3,&quot;status_code&quot;:1,&quot;error_str&quot;:&quot;Timeout&quot;,&quot;status_str&quot;:&quot;Connecting&quot;},{&quot;host&quot;:&quot;192.168.5.166&quot;,&quot;port&quot;:2088,&quot;nic&quot;:&quot;192.168.5.165&quot;,&quot;limit&quot;:0,&quot;is_backup&quot;:0,&quot;bitrate&quot;:2336360,&quot;up_time&quot;:562,&quot;error_code&quot;:0,&quot;status_code&quot;:3,&quot;error_str&quot;:&quot;None&quot;,&quot;status_str&quot;:&quot;Connected&quot;}],&quot;error&quot;:&quot;None&quot;,&quot;con_stat&quot;:&quot;Disconnected&quot;,&quot;bitrate&quot;:4616703,&quot;dest&quot;:&quot;bonded/bonded0&quot;},{&quot;mip&quot;:&quot;4000.ts&quot;,&quot;port&quot;:0,&quot;ip&quot;:&quot;file&quot;,&quot;in_name&quot;:&quot;bond&quot;,&quot;in_active&quot;:1,&quot;in_active_sources&quot;:0,&quot;prg_name&quot;:&quot;&quot;,&quot;prg_prov&quot;:&quot;&quot;,&quot;prg_num&quot;:-1,&quot;chan&quot;:&quot;&quot;,&quot;chan_id&quot;:-1,&quot;id&quot;:&quot;zixi://bonded(bonded9)#10.7.0.66:2088@10.7.0.65,192.168.60.66:2088@192.168.50.65,192.168.5.166:2088@192.168.5.165&quot;,&quot;type&quot;:2,&quot;name&quot;:&quot;bond9&quot;,&quot;asi&quot;:0,&quot;rtmp&quot;:0,&quot;file&quot;:1,&quot;active&quot;:1,&quot;group&quot;:&quot;&quot;,&quot;bonded&quot;:[{&quot;host&quot;:&quot;10.7.0.66&quot;,&quot;port&quot;:2088,&quot;nic&quot;:&quot;10.7.0.65&quot;,&quot;limit&quot;:0,&quot;is_backup&quot;:0,&quot;bitrate&quot;:2278273,&quot;up_time&quot;:381,&quot;error_code&quot;:0,&quot;status_code&quot;:3,&quot;error_str&quot;:&quot;None&quot;,&quot;status_str&quot;:&quot;Connected&quot;},{&quot;host&quot;:&quot;192.168.60.66&quot;,&quot;port&quot;:2088,&quot;nic&quot;:&quot;192.168.50.65&quot;,&quot;limit&quot;:0,&quot;is_backup&quot;:0,&quot;bitrate&quot;:0,&quot;up_time&quot;:0,&quot;error_code&quot;:3,&quot;status_code&quot;:1,&quot;error_str&quot;:&quot;Timeout&quot;,&quot;status_str&quot;:&quot;Connecting&quot;},{&quot;host&quot;:&quot;192.168.5.166&quot;,&quot;port&quot;:2088,&quot;nic&quot;:&quot;192.168.5.165&quot;,&quot;limit&quot;:0,&quot;is_backup&quot;:0,&quot;bitrate&quot;:2421713,&quot;up_time&quot;:340,&quot;error_code&quot;:0,&quot;status_code&quot;:3,&quot;error_str&quot;:&quot;None&quot;,&quot;status_str&quot;:&quot;Connected&quot;}],&quot;error&quot;:&quot;None&quot;,&quot;con_stat&quot;:&quot;Disconnected&quot;,&quot;bitrate&quot;:4627428,&quot;dest&quot;:&quot;bonded/bonded9&quot;},{&quot;mip&quot;:&quot;4000.ts&quot;,&quot;port&quot;:0,&quot;ip&quot;:&quot;file&quot;,&quot;in_name&quot;:&quot;bond&quot;,&quot;in_active&quot;:1,&quot;in_active_sources&quot;:0,&quot;prg_name&quot;:&quot;&quot;,&quot;prg_prov&quot;:&quot;&quot;,&quot;prg_num&quot;:-1,&quot;chan&quot;:&quot;&quot;,&quot;chan_id&quot;:-1,&quot;id&quot;:&quot;zixi://bonded(bonded5)#10.7.0.66:2088@10.7.0.65,192.168.60.66:2088@192.168.50.65,192.168.5.166:2088@192.168.5.165&quot;,&quot;type&quot;:2,&quot;name&quot;:&quot;bond5&quot;,&quot;asi&quot;:0,&quot;rtmp&quot;:0,&quot;file&quot;:1,&quot;active&quot;:1,&quot;group&quot;:&quot;&quot;,&quot;bonded&quot;:[{&quot;host&quot;:&quot;10.7.0.66&quot;,&quot;port&quot;:2088,&quot;nic&quot;:&quot;10.7.0.65&quot;,&quot;limit&quot;:0,&quot;is_backup&quot;:0,&quot;bitrate&quot;:4061309,&quot;up_time&quot;:55,&quot;error_code&quot;:0,&quot;status_code&quot;:3,&quot;error_str&quot;:&quot;None&quot;,&quot;status_str&quot;:&quot;Connected&quot;},{&quot;host&quot;:&quot;192.168.60.66&quot;,&quot;port&quot;:2088,&quot;nic&quot;:&quot;192.168.50.65&quot;,&quot;limit&quot;:0,&quot;is_backup&quot;:0,&quot;bitrate&quot;:0,&quot;up_time&quot;:0,&quot;error_code&quot;:3,&quot;status_code&quot;:1,&quot;error_str&quot;:&quot;Timeout&quot;,&quot;status_str&quot;:&quot;Connecting&quot;},{&quot;host&quot;:&quot;192.168.5.166&quot;,&quot;port&quot;:2088,&quot;nic&quot;:&quot;192.168.5.165&quot;,&quot;limit&quot;:0,&quot;is_backup&quot;:0,&quot;bitrate&quot;:998481,&quot;up_time&quot;:151,&quot;error_code&quot;:0,&quot;status_code&quot;:3,&quot;error_str&quot;:&quot;None&quot;,&quot;status_str&quot;:&quot;Connected&quot;}],&quot;error&quot;:&quot;None&quot;,&quot;con_stat&quot;:&quot;Disconnected&quot;,&quot;bitrate&quot;:4638033,&quot;dest&quot;:&quot;bonded/bonded5&quot;},{&quot;mip&quot;:&quot;4000.ts&quot;,&quot;port&quot;:0,&quot;ip&quot;:&quot;file&quot;,&quot;in_name&quot;:&quot;bond&quot;,&quot;in_active&quot;:1,&quot;in_active_sources&quot;:0,&quot;prg_name&quot;:&quot;&quot;,&quot;prg_prov&quot;:&quot;&quot;,&quot;prg_num&quot;:-1,&quot;chan&quot;:&quot;&quot;,&quot;chan_id&quot;:-1,&quot;id&quot;:&quot;zixi://bonded(bonded7)#10.7.0.66:2088@10.7.0.65,192.168.60.66:2088@192.168.50.65,192.168.5.166:2088@192.168.5.165&quot;,&quot;type&quot;:2,&quot;name&quot;:&quot;bond7&quot;,&quot;asi&quot;:0,&quot;rtmp&quot;:0,&quot;file&quot;:1,&quot;active&quot;:1,&quot;group&quot;:&quot;&quot;,&quot;bonded&quot;:[{&quot;host&quot;:&quot;10.7.0.66&quot;,&quot;port&quot;:2088,&quot;nic&quot;:&quot;10.7.0.65&quot;,&quot;limit&quot;:0,&quot;is_backup&quot;:0,&quot;bitrate&quot;:2543503,&quot;up_time&quot;:63,&quot;error_code&quot;:0,&quot;status_code&quot;:3,&quot;error_str&quot;:&quot;None&quot;,&quot;status_str&quot;:&quot;Connected&quot;},{&quot;host&quot;:&quot;192.168.60.66&quot;,&quot;port&quot;:2088,&quot;nic&quot;:&quot;192.168.50.65&quot;,&quot;limit&quot;:0,&quot;is_backup&quot;:0,&quot;bitrate&quot;:0,&quot;up_time&quot;:0,&quot;error_code&quot;:3,&quot;status_code&quot;:1,&quot;error_str&quot;:&quot;Timeout&quot;,&quot;status_str&quot;:&quot;Connecting&quot;},{&quot;host&quot;:&quot;192.168.5.166&quot;,&quot;port&quot;:2088,&quot;nic&quot;:&quot;192.168.5.165&quot;,&quot;limit&quot;:0,&quot;is_backup&quot;:0,&quot;bitrate&quot;:2405034,&quot;up_time&quot;:67,&quot;error_code&quot;:0,&quot;status_code&quot;:3,&quot;error_str&quot;:&quot;None&quot;,&quot;status_str&quot;:&quot;Connected&quot;}],&quot;error&quot;:&quot;None&quot;,&quot;con_stat&quot;:&quot;Disconnected&quot;,&quot;bitrate&quot;:4895352,&quot;dest&quot;:&quot;bonded/bonded7&quot;},{&quot;mip&quot;:&quot;4000.ts&quot;,&quot;port&quot;:0,&quot;ip&quot;:&quot;file&quot;,&quot;in_name&quot;:&quot;bond&quot;,&quot;in_active&quot;:1,&quot;in_active_sources&quot;:0,&quot;prg_name&quot;:&quot;&quot;,&quot;prg_prov&quot;:&quot;&quot;,&quot;prg_num&quot;:-1,&quot;chan&quot;:&quot;&quot;,&quot;chan_id&quot;:-1,&quot;id&quot;:&quot;zixi://bonded(bonded8)#10.7.0.66:2088@10.7.0.65,192.168.60.66:2088@192.168.50.65,192.168.5.166:2088@192.168.5.165&quot;,&quot;type&quot;:2,&quot;name&quot;:&quot;bond8&quot;,&quot;asi&quot;:0,&quot;rtmp&quot;:0,&quot;file&quot;:1,&quot;active&quot;:1,&quot;group&quot;:&quot;&quot;,&quot;bonded&quot;:[{&quot;host&quot;:&quot;10.7.0.66&quot;,&quot;port&quot;:2088,&quot;nic&quot;:&quot;10.7.0.65&quot;,&quot;limit&quot;:0,&quot;is_backup&quot;:0,&quot;bitrate&quot;:2327727,&quot;up_time&quot;:193,&quot;error_code&quot;:0,&quot;status_code&quot;:3,&quot;error_str&quot;:&quot;None&quot;,&quot;status_str&quot;:&quot;Connected&quot;},{&quot;host&quot;:&quot;192.168.60.66&quot;,&quot;port&quot;:2088,&quot;nic&quot;:&quot;192.168.50.65&quot;,&quot;limit&quot;:0,&quot;is_backup&quot;:0,&quot;bitrate&quot;:0,&quot;up_time&quot;:0,&quot;error_code&quot;:3,&quot;status_code&quot;:1,&quot;error_str&quot;:&quot;Timeout&quot;,&quot;status_str&quot;:&quot;Connecting&quot;},{&quot;host&quot;:&quot;192.168.5.166&quot;,&quot;port&quot;:2088,&quot;nic&quot;:&quot;192.168.5.165&quot;,&quot;limit&quot;:0,&quot;is_backup&quot;:0,&quot;bitrate&quot;:2349446,&quot;up_time&quot;:193,&quot;error_code&quot;:0,&quot;status_code&quot;:3,&quot;error_str&quot;:&quot;None&quot;,&quot;status_str&quot;:&quot;Connected&quot;}],&quot;error&quot;:&quot;None&quot;,&quot;con_stat&quot;:&quot;Disconnected&quot;,&quot;bitrate&quot;:4610717,&quot;dest&quot;:&quot;bonded/bonded8&quot;},{&quot;mip&quot;:&quot;4000.ts&quot;,&quot;port&quot;:0,&quot;ip&quot;:&quot;file&quot;,&quot;in_name&quot;:&quot;bond&quot;,&quot;in_active&quot;:1,&quot;in_active_sources&quot;:0,&quot;prg_name&quot;:&quot;&quot;,&quot;prg_prov&quot;:&quot;&quot;,&quot;prg_num&quot;:-1,&quot;chan&quot;:&quot;&quot;,&quot;chan_id&quot;:-1,&quot;id&quot;:&quot;zixi://bonded(bonded1)#10.7.0.66:2088@10.7.0.65,192.168.60.66:2088@192.168.50.65,192.168.5.166:2088@192.168.5.165&quot;,&quot;type&quot;:2,&quot;name&quot;:&quot;bond1&quot;,&quot;asi&quot;:0,&quot;rtmp&quot;:0,&quot;file&quot;:1,&quot;active&quot;:1,&quot;group&quot;:&quot;&quot;,&quot;bonded&quot;:[{&quot;host&quot;:&quot;10.7.0.66&quot;,&quot;port&quot;:2088,&quot;nic&quot;:&quot;10.7.0.65&quot;,&quot;limit&quot;:0,&quot;is_backup&quot;:0,&quot;bitrate&quot;:3608842,&quot;up_time&quot;:28,&quot;error_code&quot;:0,&quot;status_code&quot;:3,&quot;error_str&quot;:&quot;None&quot;,&quot;status_str&quot;:&quot;Connected&quot;},{&quot;host&quot;:&quot;192.168.60.66&quot;,&quot;port&quot;:2088,&quot;nic&quot;:&quot;192.168.50.65&quot;,&quot;limit&quot;:0,&quot;is_backup&quot;:0,&quot;bitrate&quot;:0,&quot;up_time&quot;:0,&quot;error_code&quot;:3,&quot;status_code&quot;:1,&quot;error_str&quot;:&quot;Timeout&quot;,&quot;status_str&quot;:&quot;Connecting&quot;},{&quot;host&quot;:&quot;192.168.5.166&quot;,&quot;port&quot;:2088,&quot;nic&quot;:&quot;192.168.5.165&quot;,&quot;limit&quot;:0,&quot;is_backup&quot;:0,&quot;bitrate&quot;:0,&quot;up_time&quot;:0,&quot;error_code&quot;:3,&quot;status_code&quot;:1,&quot;error_str&quot;:&quot;Timeout&quot;,&quot;status_str&quot;:&quot;Connecting&quot;}],&quot;error&quot;:&quot;None&quot;,&quot;con_stat&quot;:&quot;Disconnected&quot;,&quot;bitrate&quot;:3565418,&quot;dest&quot;:&quot;bonded/bonded1&quot;},{&quot;mip&quot;:&quot;4000.ts&quot;,&quot;port&quot;:0,&quot;ip&quot;:&quot;file&quot;,&quot;in_name&quot;:&quot;bond&quot;,&quot;in_active&quot;:1,&quot;in_active_sources&quot;:0,&quot;prg_name&quot;:&quot;&quot;,&quot;prg_prov&quot;:&quot;&quot;,&quot;prg_num&quot;:-1,&quot;chan&quot;:&quot;&quot;,&quot;chan_id&quot;:-1,&quot;id&quot;:&quot;zixi://bonded(bonded2)#10.7.0.66:2088@10.7.0.65,192.168.60.66:2088@192.168.50.65,192.168.5.166:2088@192.168.5.165&quot;,&quot;type&quot;:2,&quot;name&quot;:&quot;bond2&quot;,&quot;asi&quot;:0,&quot;rtmp&quot;:0,&quot;file&quot;:1,&quot;active&quot;:1,&quot;group&quot;:&quot;&quot;,&quot;bonded&quot;:[{&quot;host&quot;:&quot;10.7.0.66&quot;,&quot;port&quot;:2088,&quot;nic&quot;:&quot;10.7.0.65&quot;,&quot;limit&quot;:0,&quot;is_backup&quot;:0,&quot;bitrate&quot;:2340224,&quot;up_time&quot;:356,&quot;error_code&quot;:0,&quot;status_code&quot;:3,&quot;error_str&quot;:&quot;None&quot;,&quot;status_str&quot;:&quot;Connected&quot;},{&quot;host&quot;:&quot;192.168.60.66&quot;,&quot;port&quot;:2088,&quot;nic&quot;:&quot;192.168.50.65&quot;,&quot;limit&quot;:0,&quot;is_backup&quot;:0,&quot;bitrate&quot;:0,&quot;up_time&quot;:0,&quot;error_code&quot;:3,&quot;status_code&quot;:1,&quot;error_str&quot;:&quot;Timeout&quot;,&quot;status_str&quot;:&quot;Connecting&quot;},{&quot;host&quot;:&quot;192.168.5.166&quot;,&quot;port&quot;:2088,&quot;nic&quot;:&quot;192.168.5.165&quot;,&quot;limit&quot;:0,&quot;is_backup&quot;:0,&quot;bitrate&quot;:2008666,&quot;up_time&quot;:365,&quot;error_code&quot;:0,&quot;status_code&quot;:3,&quot;error_str&quot;:&quot;None&quot;,&quot;status_str&quot;:&quot;Connected&quot;}],&quot;error&quot;:&quot;None&quot;,&quot;con_stat&quot;:&quot;Disconnected&quot;,&quot;bitrate&quot;:4392840,&quot;dest&quot;:&quot;bonded/bonded2&quot;},{&quot;mip&quot;:&quot;4000.ts&quot;,&quot;port&quot;:0,&quot;ip&quot;:&quot;file&quot;,&quot;in_name&quot;:&quot;bond&quot;,&quot;in_active&quot;:1,&quot;in_active_sources&quot;:0,&quot;prg_name&quot;:&quot;&quot;,&quot;prg_prov&quot;:&quot;&quot;,&quot;prg_num&quot;:-1,&quot;chan&quot;:&quot;&quot;,&quot;chan_id&quot;:-1,&quot;id&quot;:&quot;zixi://bonded(bonded4)#10.7.0.66:2088@10.7.0.65,192.168.60.66:2088@192.168.50.65,192.168.5.166:2088@192.168.5.165&quot;,&quot;type&quot;:2,&quot;name&quot;:&quot;bond4&quot;,&quot;asi&quot;:0,&quot;rtmp&quot;:0,&quot;file&quot;:1,&quot;active&quot;:1,&quot;group&quot;:&quot;&quot;,&quot;bonded&quot;:[{&quot;host&quot;:&quot;10.7.0.66&quot;,&quot;port&quot;:2088,&quot;nic&quot;:&quot;10.7.0.65&quot;,&quot;limit&quot;:0,&quot;is_backup&quot;:0,&quot;bitrate&quot;:2576848,&quot;up_time&quot;:86,&quot;error_code&quot;:0,&quot;status_code&quot;:3,&quot;error_str&quot;:&quot;None&quot;,&quot;status_str&quot;:&quot;Connected&quot;},{&quot;host&quot;:&quot;192.168.60.66&quot;,&quot;port&quot;:2088,&quot;nic&quot;:&quot;192.168.50.65&quot;,&quot;limit&quot;:0,&quot;is_backup&quot;:0,&quot;bitrate&quot;:0,&quot;up_time&quot;:0,&quot;error_code&quot;:3,&quot;status_code&quot;:1,&quot;error_str&quot;:&quot;Timeout&quot;,&quot;status_str&quot;:&quot;Connecting&quot;},{&quot;host&quot;:&quot;192.168.5.166&quot;,&quot;port&quot;:2088,&quot;nic&quot;:&quot;192.168.5.165&quot;,&quot;limit&quot;:0,&quot;is_backup&quot;:0,&quot;bitrate&quot;:2439975,&quot;up_time&quot;:75,&quot;error_code&quot;:0,&quot;status_code&quot;:3,&quot;error_str&quot;:&quot;None&quot;,&quot;status_str&quot;:&quot;Connected&quot;}],&quot;error&quot;:&quot;None&quot;,&quot;con_stat&quot;:&quot;Disconnected&quot;,&quot;bitrate&quot;:4950617,&quot;dest&quot;:&quot;bonded/bonded4&quot;}]}
Debug printing ------&gt;&gt;&gt; {&quot;custom_data&quot;:&quot;&quot;,&quot;msg&quot;:&quot;Output deleted.&quot;,&quot;error&quot;:&quot;&quot;,&quot;outs&quot;:[{&quot;mip&quot;:&quot;live_recording.ts&quot;,&quot;port&quot;:0,&quot;ip&quot;:&quot;file&quot;,&quot;in_name&quot;:&quot;feederoutputname&quot;,&quot;in_active&quot;:1,&quot;in_active_sources&quot;:0,&quot;prg_name&quot;:&quot;&quot;,&quot;prg_prov&quot;:&quot;&quot;,&quot;prg_num&quot;:1,&quot;chan&quot;:&quot;&quot;,&quot;chan_id&quot;:-1,&quot;id&quot;:&quot;zixi://10.7.0.66:2088/feederout&quot;,&quot;type&quot;:2,&quot;name&quot;:&quot;feederoutputname&quot;,&quot;asi&quot;:0,&quot;rtmp&quot;:0,&quot;file&quot;:1,&quot;active&quot;:1,&quot;group&quot;:&quot;&quot;,&quot;error&quot;:&quot;None&quot;,&quot;con_stat&quot;:&quot;Disconnected&quot;,&quot;bitrate&quot;:0,&quot;dest&quot;:&quot;10.7.0.66:2088/feederout&quot;},{&quot;mip&quot;:&quot;4000.ts&quot;,&quot;port&quot;:0,&quot;ip&quot;:&quot;file&quot;,&quot;in_name&quot;:&quot;bond&quot;,&quot;in_active&quot;:1,&quot;in_active_sources&quot;:0,&quot;prg_name&quot;:&quot;&quot;,&quot;prg_prov&quot;:&quot;&quot;,&quot;prg_num&quot;:-1,&quot;chan&quot;:&quot;&quot;,&quot;chan_id&quot;:-1,&quot;id&quot;:&quot;zixi://bonded(bonded0)#10.7.0.66:2088@10.7.0.65,192.168.60.66:2088@192.168.50.65,192.168.5.166:2088@192.168.5.165&quot;,&quot;type&quot;:2,&quot;name&quot;:&quot;bond0&quot;,&quot;asi&quot;:0,&quot;rtmp&quot;:0,&quot;file&quot;:1,&quot;active&quot;:1,&quot;group&quot;:&quot;&quot;,&quot;bonded&quot;:[{&quot;host&quot;:&quot;10.7.0.66&quot;,&quot;port&quot;:2088,&quot;nic&quot;:&quot;10.7.0.65&quot;,&quot;limit&quot;:0,&quot;is_backup&quot;:0,&quot;bitrate&quot;:2352869,&quot;up_time&quot;:202,&quot;error_code&quot;:0,&quot;status_code&quot;:3,&quot;error_str&quot;:&quot;None&quot;,&quot;status_str&quot;:&quot;Connected&quot;},{&quot;host&quot;:&quot;192.168.60.66&quot;,&quot;port&quot;:2088,&quot;nic&quot;:&quot;192.168.50.65&quot;,&quot;limit&quot;:0,&quot;is_backup&quot;:0,&quot;bitrate&quot;:0,&quot;up_time&quot;:0,&quot;error_code&quot;:3,&quot;status_code&quot;:1,&quot;error_str&quot;:&quot;Timeout&quot;,&quot;status_str&quot;:&quot;Connecting&quot;},{&quot;host&quot;:&quot;192.168.5.166&quot;,&quot;port&quot;:2088,&quot;nic&quot;:&quot;192.168.5.165&quot;,&quot;limit&quot;:0,&quot;is_backup&quot;:0,&quot;bitrate&quot;:2336360,&quot;up_time&quot;:562,&quot;error_code&quot;:0,&quot;status_code&quot;:3,&quot;error_str&quot;:&quot;None&quot;,&quot;status_str&quot;:&quot;Connected&quot;}],&quot;error&quot;:&quot;None&quot;,&quot;con_stat&quot;:&quot;Disconnected&quot;,&quot;bitrate&quot;:4616703,&quot;dest&quot;:&quot;bonded/bonded0&quot;},{&quot;mip&quot;:&quot;4000.ts&quot;,&quot;port&quot;:0,&quot;ip&quot;:&quot;file&quot;,&quot;in_name&quot;:&quot;bond&quot;,&quot;in_active&quot;:1,&quot;in_active_sources&quot;:0,&quot;prg_name&quot;:&quot;&quot;,&quot;prg_prov&quot;:&quot;&quot;,&quot;prg_num&quot;:-1,&quot;chan&quot;:&quot;&quot;,&quot;chan_id&quot;:-1,&quot;id&quot;:&quot;zixi://bonded(bonded4)#10.7.0.66:2088@10.7.0.65,192.168.60.66:2088@192.168.50.65,192.168.5.166:2088@192.168.5.165&quot;,&quot;type&quot;:2,&quot;name&quot;:&quot;bond4&quot;,&quot;asi&quot;:0,&quot;rtmp&quot;:0,&quot;file&quot;:1,&quot;active&quot;:1,&quot;group&quot;:&quot;&quot;,&quot;bonded&quot;:[{&quot;host&quot;:&quot;10.7.0.66&quot;,&quot;port&quot;:2088,&quot;nic&quot;:&quot;10.7.0.65&quot;,&quot;limit&quot;:0,&quot;is_backup&quot;:0,&quot;bitrate&quot;:2576848,&quot;up_time&quot;:86,&quot;error_code&quot;:0,&quot;status_code&quot;:3,&quot;error_str&quot;:&quot;None&quot;,&quot;status_str&quot;:&quot;Connected&quot;},{&quot;host&quot;:&quot;192.168.60.66&quot;,&quot;port&quot;:2088,&quot;nic&quot;:&quot;192.168.50.65&quot;,&quot;limit&quot;:0,&quot;is_backup&quot;:0,&quot;bitrate&quot;:0,&quot;up_time&quot;:0,&quot;error_code&quot;:3,&quot;status_code&quot;:1,&quot;error_str&quot;:&quot;Timeout&quot;,&quot;status_str&quot;:&quot;Connecting&quot;},{&quot;host&quot;:&quot;192.168.5.166&quot;,&quot;port&quot;:2088,&quot;nic&quot;:&quot;192.168.5.165&quot;,&quot;limit&quot;:0,&quot;is_backup&quot;:0,&quot;bitrate&quot;:2439975,&quot;up_time&quot;:75,&quot;error_code&quot;:0,&quot;status_code&quot;:3,&quot;error_str&quot;:&quot;None&quot;,&quot;status_str&quot;:&quot;Connected&quot;}],&quot;error&quot;:&quot;None&quot;,&quot;con_stat&quot;:&quot;Disconnected&quot;,&quot;bitrate&quot;:4950617,&quot;dest&quot;:&quot;bonded/bonded4&quot;},{&quot;mip&quot;:&quot;4000.ts&quot;,&quot;port&quot;:0,&quot;ip&quot;:&quot;file&quot;,&quot;in_name&quot;:&quot;bond&quot;,&quot;in_active&quot;:1,&quot;in_active_sources&quot;:0,&quot;prg_name&quot;:&quot;&quot;,&quot;prg_prov&quot;:&quot;&quot;,&quot;prg_num&quot;:-1,&quot;chan&quot;:&quot;&quot;,&quot;chan_id&quot;:-1,&quot;id&quot;:&quot;zixi://bonded(bonded2)#10.7.0.66:2088@10.7.0.65,192.168.60.66:2088@192.168.50.65,192.168.5.166:2088@192.168.5.165&quot;,&quot;type&quot;:2,&quot;name&quot;:&quot;bond2&quot;,&quot;asi&quot;:0,&quot;rtmp&quot;:0,&quot;file&quot;:1,&quot;active&quot;:1,&quot;group&quot;:&quot;&quot;,&quot;bonded&quot;:[{&quot;host&quot;:&quot;10.7.0.66&quot;,&quot;port&quot;:2088,&quot;nic&quot;:&quot;10.7.0.65&quot;,&quot;limit&quot;:0,&quot;is_backup&quot;:0,&quot;bitrate&quot;:2340224,&quot;up_time&quot;:356,&quot;error_code&quot;:0,&quot;status_code&quot;:3,&quot;error_str&quot;:&quot;None&quot;,&quot;status_str&quot;:&quot;Connected&quot;},{&quot;host&quot;:&quot;192.168.60.66&quot;,&quot;port&quot;:2088,&quot;nic&quot;:&quot;192.168.50.65&quot;,&quot;limit&quot;:0,&quot;is_backup&quot;:0,&quot;bitrate&quot;:0,&quot;up_time&quot;:0,&quot;error_code&quot;:3,&quot;status_code&quot;:1,&quot;error_str&quot;:&quot;Timeout&quot;,&quot;status_str&quot;:&quot;Connecting&quot;},{&quot;host&quot;:&quot;192.168.5.166&quot;,&quot;port&quot;:2088,&quot;nic&quot;:&quot;192.168.5.165&quot;,&quot;limit&quot;:0,&quot;is_backup&quot;:0,&quot;bitrate&quot;:2008666,&quot;up_time&quot;:365,&quot;error_code&quot;:0,&quot;status_code&quot;:3,&quot;error_str&quot;:&quot;None&quot;,&quot;status_str&quot;:&quot;Connected&quot;}],&quot;error&quot;:&quot;None&quot;,&quot;con_stat&quot;:&quot;Disconnected&quot;,&quot;bitrate&quot;:4392840,&quot;dest&quot;:&quot;bonded/bonded2&quot;},{&quot;mip&quot;:&quot;4000.ts&quot;,&quot;port&quot;:0,&quot;ip&quot;:&quot;file&quot;,&quot;in_name&quot;:&quot;bond&quot;,&quot;in_active&quot;:1,&quot;in_active_sources&quot;:0,&quot;prg_name&quot;:&quot;&quot;,&quot;prg_prov&quot;:&quot;&quot;,&quot;prg_num&quot;:-1,&quot;chan&quot;:&quot;&quot;,&quot;chan_id&quot;:-1,&quot;id&quot;:&quot;zixi://bonded(bonded1)#10.7.0.66:2088@10.7.0.65,192.168.60.66:2088@192.168.50.65,192.168.5.166:2088@192.168.5.165&quot;,&quot;type&quot;:2,&quot;name&quot;:&quot;bond1&quot;,&quot;asi&quot;:0,&quot;rtmp&quot;:0,&quot;file&quot;:1,&quot;active&quot;:1,&quot;group&quot;:&quot;&quot;,&quot;bonded&quot;:[{&quot;host&quot;:&quot;10.7.0.66&quot;,&quot;port&quot;:2088,&quot;nic&quot;:&quot;10.7.0.65&quot;,&quot;limit&quot;:0,&quot;is_backup&quot;:0,&quot;bitrate&quot;:3608842,&quot;up_time&quot;:28,&quot;error_code&quot;:0,&quot;status_code&quot;:3,&quot;error_str&quot;:&quot;None&quot;,&quot;status_str&quot;:&quot;Connected&quot;},{&quot;host&quot;:&quot;192.168.60.66&quot;,&quot;port&quot;:2088,&quot;nic&quot;:&quot;192.168.50.65&quot;,&quot;limit&quot;:0,&quot;is_backup&quot;:0,&quot;bitrate&quot;:0,&quot;up_time&quot;:0,&quot;error_code&quot;:3,&quot;status_code&quot;:1,&quot;error_str&quot;:&quot;Timeout&quot;,&quot;status_str&quot;:&quot;Connecting&quot;},{&quot;host&quot;:&quot;192.168.5.166&quot;,&quot;port&quot;:2088,&quot;nic&quot;:&quot;192.168.5.165&quot;,&quot;limit&quot;:0,&quot;is_backup&quot;:0,&quot;bitrate&quot;:0,&quot;up_time&quot;:0,&quot;error_code&quot;:3,&quot;status_code&quot;:1,&quot;error_str&quot;:&quot;Timeout&quot;,&quot;status_str&quot;:&quot;Connecting&quot;}],&quot;error&quot;:&quot;None&quot;,&quot;con_stat&quot;:&quot;Disconnected&quot;,&quot;bitrate&quot;:3565418,&quot;dest&quot;:&quot;bonded/bonded1&quot;},{&quot;mip&quot;:&quot;4000.ts&quot;,&quot;port&quot;:0,&quot;ip&quot;:&quot;file&quot;,&quot;in_name&quot;:&quot;bond&quot;,&quot;in_active&quot;:1,&quot;in_active_sources&quot;:0,&quot;prg_name&quot;:&quot;&quot;,&quot;prg_prov&quot;:&quot;&quot;,&quot;prg_num&quot;:-1,&quot;chan&quot;:&quot;&quot;,&quot;chan_id&quot;:-1,&quot;id&quot;:&quot;zixi://bonded(bonded8)#10.7.0.66:2088@10.7.0.65,192.168.60.66:2088@192.168.50.65,192.168.5.166:2088@192.168.5.165&quot;,&quot;type&quot;:2,&quot;name&quot;:&quot;bond8&quot;,&quot;asi&quot;:0,&quot;rtmp&quot;:0,&quot;file&quot;:1,&quot;active&quot;:1,&quot;group&quot;:&quot;&quot;,&quot;bonded&quot;:[{&quot;host&quot;:&quot;10.7.0.66&quot;,&quot;port&quot;:2088,&quot;nic&quot;:&quot;10.7.0.65&quot;,&quot;limit&quot;:0,&quot;is_backup&quot;:0,&quot;bitrate&quot;:2327727,&quot;up_time&quot;:193,&quot;error_code&quot;:0,&quot;status_code&quot;:3,&quot;error_str&quot;:&quot;None&quot;,&quot;status_str&quot;:&quot;Connected&quot;},{&quot;host&quot;:&quot;192.168.60.66&quot;,&quot;port&quot;:2088,&quot;nic&quot;:&quot;192.168.50.65&quot;,&quot;limit&quot;:0,&quot;is_backup&quot;:0,&quot;bitrate&quot;:0,&quot;up_time&quot;:0,&quot;error_code&quot;:3,&quot;status_code&quot;:1,&quot;error_str&quot;:&quot;Timeout&quot;,&quot;status_str&quot;:&quot;Connecting&quot;},{&quot;host&quot;:&quot;192.168.5.166&quot;,&quot;port&quot;:2088,&quot;nic&quot;:&quot;192.168.5.165&quot;,&quot;limit&quot;:0,&quot;is_backup&quot;:0,&quot;bitrate&quot;:2349446,&quot;up_time&quot;:193,&quot;error_code&quot;:0,&quot;status_code&quot;:3,&quot;error_str&quot;:&quot;None&quot;,&quot;status_str&quot;:&quot;Connected&quot;}],&quot;error&quot;:&quot;None&quot;,&quot;con_stat&quot;:&quot;Disconnected&quot;,&quot;bitrate&quot;:4610717,&quot;dest&quot;:&quot;bonded/bonded8&quot;},{&quot;mip&quot;:&quot;4000.ts&quot;,&quot;port&quot;:0,&quot;ip&quot;:&quot;file&quot;,&quot;in_name&quot;:&quot;bond&quot;,&quot;in_active&quot;:1,&quot;in_active_sources&quot;:0,&quot;prg_name&quot;:&quot;&quot;,&quot;prg_prov&quot;:&quot;&quot;,&quot;prg_num&quot;:-1,&quot;chan&quot;:&quot;&quot;,&quot;chan_id&quot;:-1,&quot;id&quot;:&quot;zixi://bonded(bonded7)#10.7.0.66:2088@10.7.0.65,192.168.60.66:2088@192.168.50.65,192.168.5.166:2088@192.168.5.165&quot;,&quot;type&quot;:2,&quot;name&quot;:&quot;bond7&quot;,&quot;asi&quot;:0,&quot;rtmp&quot;:0,&quot;file&quot;:1,&quot;active&quot;:1,&quot;group&quot;:&quot;&quot;,&quot;bonded&quot;:[{&quot;host&quot;:&quot;10.7.0.66&quot;,&quot;port&quot;:2088,&quot;nic&quot;:&quot;10.7.0.65&quot;,&quot;limit&quot;:0,&quot;is_backup&quot;:0,&quot;bitrate&quot;:2543503,&quot;up_time&quot;:63,&quot;error_code&quot;:0,&quot;status_code&quot;:3,&quot;error_str&quot;:&quot;None&quot;,&quot;status_str&quot;:&quot;Connected&quot;},{&quot;host&quot;:&quot;192.168.60.66&quot;,&quot;port&quot;:2088,&quot;nic&quot;:&quot;192.168.50.65&quot;,&quot;limit&quot;:0,&quot;is_backup&quot;:0,&quot;bitrate&quot;:0,&quot;up_time&quot;:0,&quot;error_code&quot;:3,&quot;status_code&quot;:1,&quot;error_str&quot;:&quot;Timeout&quot;,&quot;status_str&quot;:&quot;Connecting&quot;},{&quot;host&quot;:&quot;192.168.5.166&quot;,&quot;port&quot;:2088,&quot;nic&quot;:&quot;192.168.5.165&quot;,&quot;limit&quot;:0,&quot;is_backup&quot;:0,&quot;bitrate&quot;:2405034,&quot;up_time&quot;:67,&quot;error_code&quot;:0,&quot;status_code&quot;:3,&quot;error_str&quot;:&quot;None&quot;,&quot;status_str&quot;:&quot;Connected&quot;}],&quot;error&quot;:&quot;None&quot;,&quot;con_stat&quot;:&quot;Disconnected&quot;,&quot;bitrate&quot;:4895352,&quot;dest&quot;:&quot;bonded/bonded7&quot;},{&quot;mip&quot;:&quot;4000.ts&quot;,&quot;port&quot;:0,&quot;ip&quot;:&quot;file&quot;,&quot;in_name&quot;:&quot;bond&quot;,&quot;in_active&quot;:1,&quot;in_active_sources&quot;:0,&quot;prg_name&quot;:&quot;&quot;,&quot;prg_prov&quot;:&quot;&quot;,&quot;prg_num&quot;:-1,&quot;chan&quot;:&quot;&quot;,&quot;chan_id&quot;:-1,&quot;id&quot;:&quot;zixi://bonded(bonded5)#10.7.0.66:2088@10.7.0.65,192.168.60.66:2088@192.168.50.65,192.168.5.166:2088@192.168.5.165&quot;,&quot;type&quot;:2,&quot;name&quot;:&quot;bond5&quot;,&quot;asi&quot;:0,&quot;rtmp&quot;:0,&quot;file&quot;:1,&quot;active&quot;:1,&quot;group&quot;:&quot;&quot;,&quot;bonded&quot;:[{&quot;host&quot;:&quot;10.7.0.66&quot;,&quot;port&quot;:2088,&quot;nic&quot;:&quot;10.7.0.65&quot;,&quot;limit&quot;:0,&quot;is_backup&quot;:0,&quot;bitrate&quot;:4061309,&quot;up_time&quot;:55,&quot;error_code&quot;:0,&quot;status_code&quot;:3,&quot;error_str&quot;:&quot;None&quot;,&quot;status_str&quot;:&quot;Connected&quot;},{&quot;host&quot;:&quot;192.168.60.66&quot;,&quot;port&quot;:2088,&quot;nic&quot;:&quot;192.168.50.65&quot;,&quot;limit&quot;:0,&quot;is_backup&quot;:0,&quot;bitrate&quot;:0,&quot;up_time&quot;:0,&quot;error_code&quot;:3,&quot;status_code&quot;:1,&quot;error_str&quot;:&quot;Timeout&quot;,&quot;status_str&quot;:&quot;Connecting&quot;},{&quot;host&quot;:&quot;192.168.5.166&quot;,&quot;port&quot;:2088,&quot;nic&quot;:&quot;192.168.5.165&quot;,&quot;limit&quot;:0,&quot;is_backup&quot;:0,&quot;bitrate&quot;:998481,&quot;up_time&quot;:151,&quot;error_code&quot;:0,&quot;status_code&quot;:3,&quot;error_str&quot;:&quot;None&quot;,&quot;status_str&quot;:&quot;Connected&quot;}],&quot;error&quot;:&quot;None&quot;,&quot;con_stat&quot;:&quot;Disconnected&quot;,&quot;bitrate&quot;:4638033,&quot;dest&quot;:&quot;bonded/bonded5&quot;},{&quot;mip&quot;:&quot;4000.ts&quot;,&quot;port&quot;:0,&quot;ip&quot;:&quot;file&quot;,&quot;in_name&quot;:&quot;bond&quot;,&quot;in_active&quot;:1,&quot;in_active_sources&quot;:0,&quot;prg_name&quot;:&quot;&quot;,&quot;prg_prov&quot;:&quot;&quot;,&quot;prg_num&quot;:-1,&quot;chan&quot;:&quot;&quot;,&quot;chan_id&quot;:-1,&quot;id&quot;:&quot;zixi://bonded(bonded9)#10.7.0.66:2088@10.7.0.65,192.168.60.66:2088@192.168.50.65,192.168.5.166:2088@192.168.5.165&quot;,&quot;type&quot;:2,&quot;name&quot;:&quot;bond9&quot;,&quot;asi&quot;:0,&quot;rtmp&quot;:0,&quot;file&quot;:1,&quot;active&quot;:1,&quot;group&quot;:&quot;&quot;,&quot;bonded&quot;:[{&quot;host&quot;:&quot;10.7.0.66&quot;,&quot;port&quot;:2088,&quot;nic&quot;:&quot;10.7.0.65&quot;,&quot;limit&quot;:0,&quot;is_backup&quot;:0,&quot;bitrate&quot;:2278273,&quot;up_time&quot;:381,&quot;error_code&quot;:0,&quot;status_code&quot;:3,&quot;error_str&quot;:&quot;None&quot;,&quot;status_str&quot;:&quot;Connected&quot;},{&quot;host&quot;:&quot;192.168.60.66&quot;,&quot;port&quot;:2088,&quot;nic&quot;:&quot;192.168.50.65&quot;,&quot;limit&quot;:0,&quot;is_backup&quot;:0,&quot;bitrate&quot;:0,&quot;up_time&quot;:0,&quot;error_code&quot;:3,&quot;status_code&quot;:1,&quot;error_str&quot;:&quot;Timeout&quot;,&quot;status_str&quot;:&quot;Connecting&quot;},{&quot;host&quot;:&quot;192.168.5.166&quot;,&quot;port&quot;:2088,&quot;nic&quot;:&quot;192.168.5.165&quot;,&quot;limit&quot;:0,&quot;is_backup&quot;:0,&quot;bitrate&quot;:2421713,&quot;up_time&quot;:340,&quot;error_code&quot;:0,&quot;status_code&quot;:3,&quot;error_str&quot;:&quot;None&quot;,&quot;status_str&quot;:&quot;Connected&quot;}],&quot;error&quot;:&quot;None&quot;,&quot;con_stat&quot;:&quot;Disconnected&quot;,&quot;bitrate&quot;:4627428,&quot;dest&quot;:&quot;bonded/bonded9&quot;},{&quot;mip&quot;:&quot;4000.ts&quot;,&quot;port&quot;:0,&quot;ip&quot;:&quot;file&quot;,&quot;in_name&quot;:&quot;bond&quot;,&quot;in_active&quot;:1,&quot;in_active_sources&quot;:0,&quot;prg_name&quot;:&quot;&quot;,&quot;prg_prov&quot;:&quot;&quot;,&quot;prg_num&quot;:-1,&quot;chan&quot;:&quot;&quot;,&quot;chan_id&quot;:-1,&quot;id&quot;:&quot;zixi://bonded(bonded3)#10.7.0.66:2088@10.7.0.65,192.168.60.66:2088@192.168.50.65,192.168.5.166:2088@192.168.5.165&quot;,&quot;type&quot;:2,&quot;name&quot;:&quot;bond3&quot;,&quot;asi&quot;:0,&quot;rtmp&quot;:0,&quot;file&quot;:1,&quot;active&quot;:1,&quot;group&quot;:&quot;&quot;,&quot;bonded&quot;:[{&quot;host&quot;:&quot;10.7.0.66&quot;,&quot;port&quot;:2088,&quot;nic&quot;:&quot;10.7.0.65&quot;,&quot;limit&quot;:0,&quot;is_backup&quot;:0,&quot;bitrate&quot;:2398781,&quot;up_time&quot;:373,&quot;error_code&quot;:0,&quot;status_code&quot;:3,&quot;error_str&quot;:&quot;None&quot;,&quot;status_str&quot;:&quot;Connected&quot;},{&quot;host&quot;:&quot;192.168.60.66&quot;,&quot;port&quot;:2088,&quot;nic&quot;:&quot;192.168.50.65&quot;,&quot;limit&quot;:0,&quot;is_backup&quot;:0,&quot;bitrate&quot;:0,&quot;up_time&quot;:0,&quot;error_code&quot;:3,&quot;status_code&quot;:1,&quot;error_str&quot;:&quot;Timeout&quot;,&quot;status_str&quot;:&quot;Connecting&quot;},{&quot;host&quot;:&quot;192.168.5.166&quot;,&quot;port&quot;:2088,&quot;nic&quot;:&quot;192.168.5.165&quot;,&quot;limit&quot;:0,&quot;is_backup&quot;:0,&quot;bitrate&quot;:2346543,&quot;up_time&quot;:362,&quot;error_code&quot;:0,&quot;status_code&quot;:3,&quot;error_str&quot;:&quot;None&quot;,&quot;status_str&quot;:&quot;Connected&quot;}],&quot;error&quot;:&quot;None&quot;,&quot;con_stat&quot;:&quot;Disconnected&quot;,&quot;bitrate&quot;:4670857,&quot;dest&quot;:&quot;bonded/bonded3&quot;},{&quot;mip&quot;:&quot;4000.ts&quot;,&quot;port&quot;:0,&quot;ip&quot;:&quot;file&quot;,&quot;in_name&quot;:&quot;bond&quot;,&quot;in_active&quot;:1,&quot;in_active_sources&quot;:0,&quot;prg_name&quot;:&quot;&quot;,&quot;prg_prov&quot;:&quot;&quot;,&quot;prg_num&quot;:-1,&quot;chan&quot;:&quot;&quot;,&quot;chan_id&quot;:-1,&quot;id&quot;:&quot;zixi://bonded(bonded14)#10.7.0.66:2088@10.7.0.65,192.168.60.66:2088@192.168.50.65,192.168.5.166:2088@192.168.5.165&quot;,&quot;type&quot;:2,&quot;name&quot;:&quot;bond14&quot;,&quot;asi&quot;:0,&quot;rtmp&quot;:0,&quot;file&quot;:1,&quot;active&quot;:1,&quot;group&quot;:&quot;&quot;,&quot;bonded&quot;:[{&quot;host&quot;:&quot;10.7.0.66&quot;,&quot;port&quot;:2088,&quot;nic&quot;:&quot;10.7.0.65&quot;,&quot;limit&quot;:0,&quot;is_backup&quot;:0,&quot;bitrate&quot;:2501827,&quot;up_time&quot;:139,&quot;error_code&quot;:0,&quot;status_code&quot;:3,&quot;error_str&quot;:&quot;None&quot;,&quot;status_str&quot;:&quot;Connected&quot;},{&quot;host&quot;:&quot;192.168.60.66&quot;,&quot;port&quot;:2088,&quot;nic&quot;:&quot;192.168.50.65&quot;,&quot;limit&quot;:0,&quot;is_backup&quot;:0,&quot;bitrate&quot;:0,&quot;up_time&quot;:0,&quot;error_code&quot;:3,&quot;status_code&quot;:1,&quot;error_str&quot;:&quot;Timeout&quot;,&quot;status_str&quot;:&quot;Connecting&quot;},{&quot;host&quot;:&quot;192.168.5.166&quot;,&quot;port&quot;:2088,&quot;nic&quot;:&quot;192.168.5.165&quot;,&quot;limit&quot;:0,&quot;is_backup&quot;:0,&quot;bitrate&quot;:2448368,&quot;up_time&quot;:113,&quot;error_code&quot;:0,&quot;status_code&quot;:3,&quot;error_str&quot;:&quot;None&quot;,&quot;status_str&quot;:&quot;Connected&quot;}],&quot;error&quot;:&quot;None&quot;,&quot;con_stat&quot;:&quot;Disconnected&quot;,&quot;bitrate&quot;:4883860,&quot;dest&quot;:&quot;bonded/bonded14&quot;},{&quot;mip&quot;:&quot;4000.ts&quot;,&quot;port&quot;:0,&quot;ip&quot;:&quot;file&quot;,&quot;in_name&quot;:&quot;bond&quot;,&quot;in_active&quot;:1,&quot;in_active_sources&quot;:0,&quot;prg_name&quot;:&quot;&quot;,&quot;prg_prov&quot;:&quot;&quot;,&quot;prg_num&quot;:-1,&quot;chan&quot;:&quot;&quot;,&quot;chan_id&quot;:-1,&quot;id&quot;:&quot;zixi://bonded(bonded15)#10.7.0.66:2088@10.7.0.65,192.168.60.66:2088@192.168.50.65,192.168.5.166:2088@192.168.5.165&quot;,&quot;type&quot;:2,&quot;name&quot;:&quot;bond15&quot;,&quot;asi&quot;:0,&quot;rtmp&quot;:0,&quot;file&quot;:1,&quot;active&quot;:1,&quot;group&quot;:&quot;&quot;,&quot;bonded&quot;:[{&quot;host&quot;:&quot;10.7.0.66&quot;,&quot;port&quot;:2088,&quot;nic&quot;:&quot;10.7.0.65&quot;,&quot;limit&quot;:0,&quot;is_backup&quot;:0,&quot;bitrate&quot;:2442530,&quot;up_time&quot;:18,&quot;error_code&quot;:0,&quot;status_code&quot;:3,&quot;error_str&quot;:&quot;None&quot;,&quot;status_str&quot;:&quot;Connected&quot;},{&quot;host&quot;:&quot;192.168.60.66&quot;,&quot;port&quot;:2088,&quot;nic&quot;:&quot;192.168.50.65&quot;,&quot;limit&quot;:0,&quot;is_backup&quot;:0,&quot;bitrate&quot;:0,&quot;up_time&quot;:0,&quot;error_code&quot;:3,&quot;status_code&quot;:1,&quot;error_str&quot;:&quot;Timeout&quot;,&quot;status_str&quot;:&quot;Connecting&quot;},{&quot;host&quot;:&quot;192.168.5.166&quot;,&quot;port&quot;:2088,&quot;nic&quot;:&quot;192.168.5.165&quot;,&quot;limit&quot;:0,&quot;is_backup&quot;:0,&quot;bitrate&quot;:2507742,&quot;up_time&quot;:346,&quot;error_code&quot;:0,&quot;status_code&quot;:3,&quot;error_str&quot;:&quot;None&quot;,&quot;status_str&quot;:&quot;Connected&quot;}],&quot;error&quot;:&quot;None&quot;,&quot;con_stat&quot;:&quot;Disconnected&quot;,&quot;bitrate&quot;:4884747,&quot;dest&quot;:&quot;bonded/bonded15&quot;},{&quot;mip&quot;:&quot;4000.ts&quot;,&quot;port&quot;:0,&quot;ip&quot;:&quot;file&quot;,&quot;in_name&quot;:&quot;bond&quot;,&quot;in_active&quot;:1,&quot;in_active_sources&quot;:0,&quot;prg_name&quot;:&quot;&quot;,&quot;prg_prov&quot;:&quot;&quot;,&quot;prg_num&quot;:-1,&quot;chan&quot;:&quot;&quot;,&quot;chan_id&quot;:-1,&quot;id&quot;:&quot;zixi://bonded(bonded10)#10.7.0.66:2088@10.7.0.65,192.168.60.66:2088@192.168.50.65,192.168.5.166:2088@192.168.5.165&quot;,&quot;type&quot;:2,&quot;name&quot;:&quot;bond10&quot;,&quot;asi&quot;:0,&quot;rtmp&quot;:0,&quot;file&quot;:1,&quot;active&quot;:1,&quot;group&quot;:&quot;&quot;,&quot;bonded&quot;:[{&quot;host&quot;:&quot;10.7.0.66&quot;,&quot;port&quot;:2088,&quot;nic&quot;:&quot;10.7.0.65&quot;,&quot;limit&quot;:0,&quot;is_backup&quot;:0,&quot;bitrate&quot;:2847832,&quot;up_time&quot;:532,&quot;error_code&quot;:0,&quot;status_code&quot;:3,&quot;error_str&quot;:&quot;None&quot;,&quot;status_str&quot;:&quot;Connected&quot;},{&quot;host&quot;:&quot;192.168.60.66&quot;,&quot;port&quot;:2088,&quot;nic&quot;:&quot;192.168.50.65&quot;,&quot;limit&quot;:0,&quot;is_backup&quot;:0,&quot;bitrate&quot;:0,&quot;up_time&quot;:0,&quot;error_code&quot;:3,&quot;status_code&quot;:1,&quot;error_str&quot;:&quot;Timeout&quot;,&quot;status_str&quot;:&quot;Connecting&quot;},{&quot;host&quot;:&quot;192.168.5.166&quot;,&quot;port&quot;:2088,&quot;nic&quot;:&quot;192.168.5.165&quot;,&quot;limit&quot;:0,&quot;is_backup&quot;:0,&quot;bitrate&quot;:0,&quot;up_time&quot;:0,&quot;error_code&quot;:3,&quot;status_code&quot;:1,&quot;error_str&quot;:&quot;Timeout&quot;,&quot;status_str&quot;:&quot;Connecting&quot;}],&quot;error&quot;:&quot;None&quot;,&quot;con_stat&quot;:&quot;Disconnected&quot;,&quot;bitrate&quot;:4868280,&quot;dest&quot;:&quot;bonded/bonded10&quot;},{&quot;mip&quot;:&quot;4000.ts&quot;,&quot;port&quot;:0,&quot;ip&quot;:&quot;file&quot;,&quot;in_name&quot;:&quot;bond&quot;,&quot;in_active&quot;:1,&quot;in_active_sources&quot;:0,&quot;prg_name&quot;:&quot;&quot;,&quot;prg_prov&quot;:&quot;&quot;,&quot;prg_num&quot;:-1,&quot;chan&quot;:&quot;&quot;,&quot;chan_id&quot;:-1,&quot;id&quot;:&quot;zixi://bonded(bonded11)#10.7.0.66:2088@10.7.0.65,192.168.60.66:2088@192.168.50.65,192.168.5.166:2088@192.168.5.165&quot;,&quot;type&quot;:2,&quot;name&quot;:&quot;bond11&quot;,&quot;asi&quot;:0,&quot;rtmp&quot;:0,&quot;file&quot;:1,&quot;active&quot;:1,&quot;group&quot;:&quot;&quot;,&quot;bonded&quot;:[{&quot;host&quot;:&quot;10.7.0.66&quot;,&quot;port&quot;:2088,&quot;nic&quot;:&quot;10.7.0.65&quot;,&quot;limit&quot;:0,&quot;is_backup&quot;:0,&quot;bitrate&quot;:2415887,&quot;up_time&quot;:55,&quot;error_code&quot;:0,&quot;status_code&quot;:3,&quot;error_str&quot;:&quot;None&quot;,&quot;status_str&quot;:&quot;Connected&quot;},{&quot;host&quot;:&quot;192.168.60.66&quot;,&quot;port&quot;:2088,&quot;nic&quot;:&quot;192.168.50.65&quot;,&quot;limit&quot;:0,&quot;is_backup&quot;:0,&quot;bitrate&quot;:0,&quot;up_time&quot;:0,&quot;error_code&quot;:3,&quot;status_code&quot;:1,&quot;error_str&quot;:&quot;Timeout&quot;,&quot;status_str&quot;:&quot;Connecting&quot;},{&quot;host&quot;:&quot;192.168.5.166&quot;,&quot;port&quot;:2088,&quot;nic&quot;:&quot;192.168.5.165&quot;,&quot;limit&quot;:0,&quot;is_backup&quot;:0,&quot;bitrate&quot;:2519296,&quot;up_time&quot;:15,&quot;error_code&quot;:0,&quot;status_code&quot;:3,&quot;error_str&quot;:&quot;None&quot;,&quot;status_str&quot;:&quot;Connected&quot;}],&quot;error&quot;:&quot;None&quot;,&quot;con_stat&quot;:&quot;Disconnected&quot;,&quot;bitrate&quot;:4874021,&quot;dest&quot;:&quot;bonded/bonded11&quot;},{&quot;mip&quot;:&quot;4000.ts&quot;,&quot;port&quot;:0,&quot;ip&quot;:&quot;file&quot;,&quot;in_name&quot;:&quot;bond&quot;,&quot;in_active&quot;:1,&quot;in_active_sources&quot;:0,&quot;prg_name&quot;:&quot;&quot;,&quot;prg_prov&quot;:&quot;&quot;,&quot;prg_num&quot;:-1,&quot;chan&quot;:&quot;&quot;,&quot;chan_id&quot;:-1,&quot;id&quot;:&quot;zixi://bonded(bonded18)#10.7.0.66:2088@10.7.0.65,192.168.60.66:2088@192.168.50.65,192.168.5.166:2088@192.168.5.165&quot;,&quot;type&quot;:2,&quot;name&quot;:&quot;bond18&quot;,&quot;asi&quot;:0,&quot;rtmp&quot;:0,&quot;file&quot;:1,&quot;active&quot;:1,&quot;group&quot;:&quot;&quot;,&quot;bonded&quot;:[{&quot;host&quot;:&quot;10.7.0.66&quot;,&quot;port&quot;:2088,&quot;nic&quot;:&quot;10.7.0.65&quot;,&quot;limit&quot;:0,&quot;is_backup&quot;:0,&quot;bitrate&quot;:0,&quot;up_time&quot;:355,&quot;error_code&quot;:0,&quot;status_code&quot;:0,&quot;error_str&quot;:&quot;None&quot;,&quot;status_str&quot;:&quot;Offline&quot;},{&quot;host&quot;:&quot;192.168.60.66&quot;,&quot;port&quot;:2088,&quot;nic&quot;:&quot;192.168.50.65&quot;,&quot;limit&quot;:0,&quot;is_backup&quot;:0,&quot;bitrate&quot;:0,&quot;up_time&quot;:0,&quot;error_code&quot;:3,&quot;status_code&quot;:1,&quot;error_str&quot;:&quot;Timeout&quot;,&quot;status_str&quot;:&quot;Connecting&quot;},{&quot;host&quot;:&quot;192.168.5.166&quot;,&quot;port&quot;:2088,&quot;nic&quot;:&quot;192.168.5.165&quot;,&quot;limit&quot;:0,&quot;is_backup&quot;:0,&quot;bitrate&quot;:2737150,&quot;up_time&quot;:355,&quot;error_code&quot;:0,&quot;status_code&quot;:3,&quot;error_str&quot;:&quot;None&quot;,&quot;status_str&quot;:&quot;Connected&quot;}],&quot;error&quot;:&quot;None&quot;,&quot;con_stat&quot;:&quot;Disconnected&quot;,&quot;bitrate&quot;:5636979,&quot;dest&quot;:&quot;bonded/bonded18&quot;},{&quot;mip&quot;:&quot;4000.ts&quot;,&quot;port&quot;:0,&quot;ip&quot;:&quot;file&quot;,&quot;in_name&quot;:&quot;bond&quot;,&quot;in_active&quot;:1,&quot;in_active_sources&quot;:0,&quot;prg_name&quot;:&quot;&quot;,&quot;prg_prov&quot;:&quot;&quot;,&quot;prg_num&quot;:-1,&quot;chan&quot;:&quot;&quot;,&quot;chan_id&quot;:-1,&quot;id&quot;:&quot;zixi://bonded(bonded12)#10.7.0.66:2088@10.7.0.65,192.168.60.66:2088@192.168.50.65,192.168.5.166:2088@192.168.5.165&quot;,&quot;type&quot;:2,&quot;name&quot;:&quot;bond12&quot;,&quot;asi&quot;:0,&quot;rtmp&quot;:0,&quot;file&quot;:1,&quot;active&quot;:1,&quot;group&quot;:&quot;&quot;,&quot;bonded&quot;:[{&quot;host&quot;:&quot;10.7.0.66&quot;,&quot;port&quot;:2088,&quot;nic&quot;:&quot;10.7.0.65&quot;,&quot;limit&quot;:0,&quot;is_backup&quot;:0,&quot;bitrate&quot;:1110627,&quot;up_time&quot;:3,&quot;error_code&quot;:0,&quot;status_code&quot;:3,&quot;error_str&quot;:&quot;None&quot;,&quot;status_str&quot;:&quot;Connected&quot;},{&quot;host&quot;:&quot;192.168.60.66&quot;,&quot;port&quot;:2088,&quot;nic&quot;:&quot;192.168.50.65&quot;,&quot;limit&quot;:0,&quot;is_backup&quot;:0,&quot;bitrate&quot;:0,&quot;up_time&quot;:0,&quot;error_code&quot;:3,&quot;status_code&quot;:1,&quot;error_str&quot;:&quot;Timeout&quot;,&quot;status_str&quot;:&quot;Connecting&quot;},{&quot;host&quot;:&quot;192.168.5.166&quot;,&quot;port&quot;:2088,&quot;nic&quot;:&quot;192.168.5.165&quot;,&quot;limit&quot;:0,&quot;is_backup&quot;:0,&quot;bitrate&quot;:3827355,&quot;up_time&quot;:22,&quot;error_code&quot;:0,&quot;status_code&quot;:3,&quot;error_str&quot;:&quot;None&quot;,&quot;status_str&quot;:&quot;Connected&quot;}],&quot;error&quot;:&quot;None&quot;,&quot;con_stat&quot;:&quot;Disconnected&quot;,&quot;bitrate&quot;:4885218,&quot;dest&quot;:&quot;bonded/bonded12&quot;},{&quot;mip&quot;:&quot;4000.ts&quot;,&quot;port&quot;:0,&quot;ip&quot;:&quot;file&quot;,&quot;in_name&quot;:&quot;bond&quot;,&quot;in_active&quot;:1,&quot;in_active_sources&quot;:0,&quot;prg_name&quot;:&quot;&quot;,&quot;prg_prov&quot;:&quot;&quot;,&quot;prg_num&quot;:-1,&quot;chan&quot;:&quot;&quot;,&quot;chan_id&quot;:-1,&quot;id&quot;:&quot;zixi://bonded(bonded19)#10.7.0.66:2088@10.7.0.65,192.168.60.66:2088@192.168.50.65,192.168.5.166:2088@192.168.5.165&quot;,&quot;type&quot;:2,&quot;name&quot;:&quot;bond19&quot;,&quot;asi&quot;:0,&quot;rtmp&quot;:0,&quot;file&quot;:1,&quot;active&quot;:1,&quot;group&quot;:&quot;&quot;,&quot;bonded&quot;:[{&quot;host&quot;:&quot;10.7.0.66&quot;,&quot;port&quot;:2088,&quot;nic&quot;:&quot;10.7.0.65&quot;,&quot;limit&quot;:0,&quot;is_backup&quot;:0,&quot;bitrate&quot;:2813734,&quot;up_time&quot;:3,&quot;error_code&quot;:0,&quot;status_code&quot;:3,&quot;error_str&quot;:&quot;None&quot;,&quot;status_str&quot;:&quot;Connected&quot;},{&quot;host&quot;:&quot;192.168.60.66&quot;,&quot;port&quot;:2088,&quot;nic&quot;:&quot;192.168.50.65&quot;,&quot;limit&quot;:0,&quot;is_backup&quot;:0,&quot;bitrate&quot;:0,&quot;up_time&quot;:0,&quot;error_code&quot;:3,&quot;status_code&quot;:1,&quot;error_str&quot;:&quot;Timeout&quot;,&quot;status_str&quot;:&quot;Connecting&quot;},{&quot;host&quot;:&quot;192.168.5.166&quot;,&quot;port&quot;:2088,&quot;nic&quot;:&quot;192.168.5.165&quot;,&quot;limit&quot;:0,&quot;is_backup&quot;:0,&quot;bitrate&quot;:0,&quot;up_time&quot;:11,&quot;error_code&quot;:0,&quot;status_code&quot;:3,&quot;error_str&quot;:&quot;None&quot;,&quot;status_str&quot;:&quot;Connected&quot;}],&quot;error&quot;:&quot;None&quot;,&quot;con_stat&quot;:&quot;Disconnected&quot;,&quot;bitrate&quot;:0,&quot;dest&quot;:&quot;bonded/bonded19&quot;}]}
Debug printing ------&gt;&gt;&gt; {&quot;custom_data&quot;:&quot;&quot;,&quot;msg&quot;:&quot;Output deleted.&quot;,&quot;error&quot;:&quot;&quot;,&quot;outs&quot;:[{&quot;mip&quot;:&quot;live_recording.ts&quot;,&quot;port&quot;:0,&quot;ip&quot;:&quot;file&quot;,&quot;in_name&quot;:&quot;feederoutputname&quot;,&quot;in_active&quot;:1,&quot;in_active_sources&quot;:0,&quot;prg_name&quot;:&quot;&quot;,&quot;prg_prov&quot;:&quot;&quot;,&quot;prg_num&quot;:1,&quot;chan&quot;:&quot;&quot;,&quot;chan_id&quot;:-1,&quot;id&quot;:&quot;zixi://10.7.0.66:2088/feederout&quot;,&quot;type&quot;:2,&quot;name&quot;:&quot;feederoutputname&quot;,&quot;asi&quot;:0,&quot;rtmp&quot;:0,&quot;file&quot;:1,&quot;active&quot;:1,&quot;group&quot;:&quot;&quot;,&quot;error&quot;:&quot;None&quot;,&quot;con_stat&quot;:&quot;Disconnected&quot;,&quot;bitrate&quot;:0,&quot;dest&quot;:&quot;10.7.0.66:2088/feederout&quot;},{&quot;mip&quot;:&quot;4000.ts&quot;,&quot;port&quot;:0,&quot;ip&quot;:&quot;file&quot;,&quot;in_name&quot;:&quot;bond&quot;,&quot;in_active&quot;:1,&quot;in_active_sources&quot;:0,&quot;prg_name&quot;:&quot;&quot;,&quot;prg_prov&quot;:&quot;&quot;,&quot;prg_num&quot;:-1,&quot;chan&quot;:&quot;&quot;,&quot;chan_id&quot;:-1,&quot;id&quot;:&quot;zixi://bonded(bonded0)#10.7.0.66:2088@10.7.0.65,192.168.60.66:2088@192.168.50.65,192.168.5.166:2088@192.168.5.165&quot;,&quot;type&quot;:2,&quot;name&quot;:&quot;bond0&quot;,&quot;asi&quot;:0,&quot;rtmp&quot;:0,&quot;file&quot;:1,&quot;active&quot;:1,&quot;group&quot;:&quot;&quot;,&quot;bonded&quot;:[{&quot;host&quot;:&quot;10.7.0.66&quot;,&quot;port&quot;:2088,&quot;nic&quot;:&quot;10.7.0.65&quot;,&quot;limit&quot;:0,&quot;is_backup&quot;:0,&quot;bitrate&quot;:2352869,&quot;up_time&quot;:202,&quot;error_code&quot;:0,&quot;status_code&quot;:3,&quot;error_str&quot;:&quot;None&quot;,&quot;status_str&quot;:&quot;Connected&quot;},{&quot;host&quot;:&quot;192.168.60.66&quot;,&quot;port&quot;:2088,&quot;nic&quot;:&quot;192.168.50.65&quot;,&quot;limit&quot;:0,&quot;is_backup&quot;:0,&quot;bitrate&quot;:0,&quot;up_time&quot;:0,&quot;error_code&quot;:3,&quot;status_code&quot;:1,&quot;error_str&quot;:&quot;Timeout&quot;,&quot;status_str&quot;:&quot;Connecting&quot;},{&quot;host&quot;:&quot;192.168.5.166&quot;,&quot;port&quot;:2088,&quot;nic&quot;:&quot;192.168.5.165&quot;,&quot;limit&quot;:0,&quot;is_backup&quot;:0,&quot;bitrate&quot;:2336360,&quot;up_time&quot;:562,&quot;error_code&quot;:0,&quot;status_code&quot;:3,&quot;error_str&quot;:&quot;None&quot;,&quot;status_str&quot;:&quot;Connected&quot;}],&quot;error&quot;:&quot;None&quot;,&quot;con_stat&quot;:&quot;Disconnected&quot;,&quot;bitrate&quot;:4616703,&quot;dest&quot;:&quot;bonded/bonded0&quot;},{&quot;mip&quot;:&quot;4000.ts&quot;,&quot;port&quot;:0,&quot;ip&quot;:&quot;file&quot;,&quot;in_name&quot;:&quot;bond&quot;,&quot;in_active&quot;:1,&quot;in_active_sources&quot;:0,&quot;prg_name&quot;:&quot;&quot;,&quot;prg_prov&quot;:&quot;&quot;,&quot;prg_num&quot;:-1,&quot;chan&quot;:&quot;&quot;,&quot;chan_id&quot;:-1,&quot;id&quot;:&quot;zixi://bonded(bonded4)#10.7.0.66:2088@10.7.0.65,192.168.60.66:2088@192.168.50.65,192.168.5.166:2088@192.168.5.165&quot;,&quot;type&quot;:2,&quot;name&quot;:&quot;bond4&quot;,&quot;asi&quot;:0,&quot;rtmp&quot;:0,&quot;file&quot;:1,&quot;active&quot;:1,&quot;group&quot;:&quot;&quot;,&quot;bonded&quot;:[{&quot;host&quot;:&quot;10.7.0.66&quot;,&quot;port&quot;:2088,&quot;nic&quot;:&quot;10.7.0.65&quot;,&quot;limit&quot;:0,&quot;is_backup&quot;:0,&quot;bitrate&quot;:2576848,&quot;up_time&quot;:86,&quot;error_code&quot;:0,&quot;status_code&quot;:3,&quot;error_str&quot;:&quot;None&quot;,&quot;status_str&quot;:&quot;Connected&quot;},{&quot;host&quot;:&quot;192.168.60.66&quot;,&quot;port&quot;:2088,&quot;nic&quot;:&quot;192.168.50.65&quot;,&quot;limit&quot;:0,&quot;is_backup&quot;:0,&quot;bitrate&quot;:0,&quot;up_time&quot;:0,&quot;error_code&quot;:3,&quot;status_code&quot;:1,&quot;error_str&quot;:&quot;Timeout&quot;,&quot;status_str&quot;:&quot;Connecting&quot;},{&quot;host&quot;:&quot;192.168.5.166&quot;,&quot;port&quot;:2088,&quot;nic&quot;:&quot;192.168.5.165&quot;,&quot;limit&quot;:0,&quot;is_backup&quot;:0,&quot;bitrate&quot;:2439975,&quot;up_time&quot;:75,&quot;error_code&quot;:0,&quot;status_code&quot;:3,&quot;error_str&quot;:&quot;None&quot;,&quot;status_str&quot;:&quot;Connected&quot;}],&quot;error&quot;:&quot;None&quot;,&quot;con_stat&quot;:&quot;Disconnected&quot;,&quot;bitrate&quot;:4950617,&quot;dest&quot;:&quot;bonded/bonded4&quot;},{&quot;mip&quot;:&quot;4000.ts&quot;,&quot;port&quot;:0,&quot;ip&quot;:&quot;file&quot;,&quot;in_name&quot;:&quot;bond&quot;,&quot;in_active&quot;:1,&quot;in_active_sources&quot;:0,&quot;prg_name&quot;:&quot;&quot;,&quot;prg_prov&quot;:&quot;&quot;,&quot;prg_num&quot;:-1,&quot;chan&quot;:&quot;&quot;,&quot;chan_id&quot;:-1,&quot;id&quot;:&quot;zixi://bonded(bonded2)#10.7.0.66:2088@10.7.0.65,192.168.60.66:2088@192.168.50.65,192.168.5.166:2088@192.168.5.165&quot;,&quot;type&quot;:2,&quot;name&quot;:&quot;bond2&quot;,&quot;asi&quot;:0,&quot;rtmp&quot;:0,&quot;file&quot;:1,&quot;active&quot;:1,&quot;group&quot;:&quot;&quot;,&quot;bonded&quot;:[{&quot;host&quot;:&quot;10.7.0.66&quot;,&quot;port&quot;:2088,&quot;nic&quot;:&quot;10.7.0.65&quot;,&quot;limit&quot;:0,&quot;is_backup&quot;:0,&quot;bitrate&quot;:2340224,&quot;up_time&quot;:356,&quot;error_code&quot;:0,&quot;status_code&quot;:3,&quot;error_str&quot;:&quot;None&quot;,&quot;status_str&quot;:&quot;Connected&quot;},{&quot;host&quot;:&quot;192.168.60.66&quot;,&quot;port&quot;:2088,&quot;nic&quot;:&quot;192.168.50.65&quot;,&quot;limit&quot;:0,&quot;is_backup&quot;:0,&quot;bitrate&quot;:0,&quot;up_time&quot;:0,&quot;error_code&quot;:3,&quot;status_code&quot;:1,&quot;error_str&quot;:&quot;Timeout&quot;,&quot;status_str&quot;:&quot;Connecting&quot;},{&quot;host&quot;:&quot;192.168.5.166&quot;,&quot;port&quot;:2088,&quot;nic&quot;:&quot;192.168.5.165&quot;,&quot;limit&quot;:0,&quot;is_backup&quot;:0,&quot;bitrate&quot;:2008666,&quot;up_time&quot;:365,&quot;error_code&quot;:0,&quot;status_code&quot;:3,&quot;error_str&quot;:&quot;None&quot;,&quot;status_str&quot;:&quot;Connected&quot;}],&quot;error&quot;:&quot;None&quot;,&quot;con_stat&quot;:&quot;Disconnected&quot;,&quot;bitrate&quot;:4392840,&quot;dest&quot;:&quot;bonded/bonded2&quot;},{&quot;mip&quot;:&quot;4000.ts&quot;,&quot;port&quot;:0,&quot;ip&quot;:&quot;file&quot;,&quot;in_name&quot;:&quot;bond&quot;,&quot;in_active&quot;:1,&quot;in_active_sources&quot;:0,&quot;prg_name&quot;:&quot;&quot;,&quot;prg_prov&quot;:&quot;&quot;,&quot;prg_num&quot;:-1,&quot;chan&quot;:&quot;&quot;,&quot;chan_id&quot;:-1,&quot;id&quot;:&quot;zixi://bonded(bonded1)#10.7.0.66:2088@10.7.0.65,192.168.60.66:2088@192.168.50.65,192.168.5.166:2088@192.168.5.165&quot;,&quot;type&quot;:2,&quot;name&quot;:&quot;bond1&quot;,&quot;asi&quot;:0,&quot;rtmp&quot;:0,&quot;file&quot;:1,&quot;active&quot;:1,&quot;group&quot;:&quot;&quot;,&quot;bonded&quot;:[{&quot;host&quot;:&quot;10.7.0.66&quot;,&quot;port&quot;:2088,&quot;nic&quot;:&quot;10.7.0.65&quot;,&quot;limit&quot;:0,&quot;is_backup&quot;:0,&quot;bitrate&quot;:3608842,&quot;up_time&quot;:28,&quot;error_code&quot;:0,&quot;status_code&quot;:3,&quot;error_str&quot;:&quot;None&quot;,&quot;status_str&quot;:&quot;Connected&quot;},{&quot;host&quot;:&quot;192.168.60.66&quot;,&quot;port&quot;:2088,&quot;nic&quot;:&quot;192.168.50.65&quot;,&quot;limit&quot;:0,&quot;is_backup&quot;:0,&quot;bitrate&quot;:0,&quot;up_time&quot;:0,&quot;error_code&quot;:3,&quot;status_code&quot;:1,&quot;error_str&quot;:&quot;Timeout&quot;,&quot;status_str&quot;:&quot;Connecting&quot;},{&quot;host&quot;:&quot;192.168.5.166&quot;,&quot;port&quot;:2088,&quot;nic&quot;:&quot;192.168.5.165&quot;,&quot;limit&quot;:0,&quot;is_backup&quot;:0,&quot;bitrate&quot;:0,&quot;up_time&quot;:0,&quot;error_code&quot;:3,&quot;status_code&quot;:1,&quot;error_str&quot;:&quot;Timeout&quot;,&quot;status_str&quot;:&quot;Connecting&quot;}],&quot;error&quot;:&quot;None&quot;,&quot;con_stat&quot;:&quot;Disconnected&quot;,&quot;bitrate&quot;:3565418,&quot;dest&quot;:&quot;bonded/bonded1&quot;},{&quot;mip&quot;:&quot;4000.ts&quot;,&quot;port&quot;:0,&quot;ip&quot;:&quot;file&quot;,&quot;in_name&quot;:&quot;bond&quot;,&quot;in_active&quot;:1,&quot;in_active_sources&quot;:0,&quot;prg_name&quot;:&quot;&quot;,&quot;prg_prov&quot;:&quot;&quot;,&quot;prg_num&quot;:-1,&quot;chan&quot;:&quot;&quot;,&quot;chan_id&quot;:-1,&quot;id&quot;:&quot;zixi://bonded(bonded8)#10.7.0.66:2088@10.7.0.65,192.168.60.66:2088@192.168.50.65,192.168.5.166:2088@192.168.5.165&quot;,&quot;type&quot;:2,&quot;name&quot;:&quot;bond8&quot;,&quot;asi&quot;:0,&quot;rtmp&quot;:0,&quot;file&quot;:1,&quot;active&quot;:1,&quot;group&quot;:&quot;&quot;,&quot;bonded&quot;:[{&quot;host&quot;:&quot;10.7.0.66&quot;,&quot;port&quot;:2088,&quot;nic&quot;:&quot;10.7.0.65&quot;,&quot;limit&quot;:0,&quot;is_backup&quot;:0,&quot;bitrate&quot;:2327727,&quot;up_time&quot;:193,&quot;error_code&quot;:0,&quot;status_code&quot;:3,&quot;error_str&quot;:&quot;None&quot;,&quot;status_str&quot;:&quot;Connected&quot;},{&quot;host&quot;:&quot;192.168.60.66&quot;,&quot;port&quot;:2088,&quot;nic&quot;:&quot;192.168.50.65&quot;,&quot;limit&quot;:0,&quot;is_backup&quot;:0,&quot;bitrate&quot;:0,&quot;up_time&quot;:0,&quot;error_code&quot;:3,&quot;status_code&quot;:1,&quot;error_str&quot;:&quot;Timeout&quot;,&quot;status_str&quot;:&quot;Connecting&quot;},{&quot;host&quot;:&quot;192.168.5.166&quot;,&quot;port&quot;:2088,&quot;nic&quot;:&quot;192.168.5.165&quot;,&quot;limit&quot;:0,&quot;is_backup&quot;:0,&quot;bitrate&quot;:2349446,&quot;up_time&quot;:193,&quot;error_code&quot;:0,&quot;status_code&quot;:3,&quot;error_str&quot;:&quot;None&quot;,&quot;status_str&quot;:&quot;Connected&quot;}],&quot;error&quot;:&quot;None&quot;,&quot;con_stat&quot;:&quot;Disconnected&quot;,&quot;bitrate&quot;:4610717,&quot;dest&quot;:&quot;bonded/bonded8&quot;},{&quot;mip&quot;:&quot;4000.ts&quot;,&quot;port&quot;:0,&quot;ip&quot;:&quot;file&quot;,&quot;in_name&quot;:&quot;bond&quot;,&quot;in_active&quot;:1,&quot;in_active_sources&quot;:0,&quot;prg_name&quot;:&quot;&quot;,&quot;prg_prov&quot;:&quot;&quot;,&quot;prg_num&quot;:-1,&quot;chan&quot;:&quot;&quot;,&quot;chan_id&quot;:-1,&quot;id&quot;:&quot;zixi://bonded(bonded7)#10.7.0.66:2088@10.7.0.65,192.168.60.66:2088@192.168.50.65,192.168.5.166:2088@192.168.5.165&quot;,&quot;type&quot;:2,&quot;name&quot;:&quot;bond7&quot;,&quot;asi&quot;:0,&quot;rtmp&quot;:0,&quot;file&quot;:1,&quot;active&quot;:1,&quot;group&quot;:&quot;&quot;,&quot;bonded&quot;:[{&quot;host&quot;:&quot;10.7.0.66&quot;,&quot;port&quot;:2088,&quot;nic&quot;:&quot;10.7.0.65&quot;,&quot;limit&quot;:0,&quot;is_backup&quot;:0,&quot;bitrate&quot;:2543503,&quot;up_time&quot;:63,&quot;error_code&quot;:0,&quot;status_code&quot;:3,&quot;error_str&quot;:&quot;None&quot;,&quot;status_str&quot;:&quot;Connected&quot;},{&quot;host&quot;:&quot;192.168.60.66&quot;,&quot;port&quot;:2088,&quot;nic&quot;:&quot;192.168.50.65&quot;,&quot;limit&quot;:0,&quot;is_backup&quot;:0,&quot;bitrate&quot;:0,&quot;up_time&quot;:0,&quot;error_code&quot;:3,&quot;status_code&quot;:1,&quot;error_str&quot;:&quot;Timeout&quot;,&quot;status_str&quot;:&quot;Connecting&quot;},{&quot;host&quot;:&quot;192.168.5.166&quot;,&quot;port&quot;:2088,&quot;nic&quot;:&quot;192.168.5.165&quot;,&quot;limit&quot;:0,&quot;is_backup&quot;:0,&quot;bitrate&quot;:2405034,&quot;up_time&quot;:67,&quot;error_code&quot;:0,&quot;status_code&quot;:3,&quot;error_str&quot;:&quot;None&quot;,&quot;status_str&quot;:&quot;Connected&quot;}],&quot;error&quot;:&quot;None&quot;,&quot;con_stat&quot;:&quot;Disconnected&quot;,&quot;bitrate&quot;:4895352,&quot;dest&quot;:&quot;bonded/bonded7&quot;},{&quot;mip&quot;:&quot;4000.ts&quot;,&quot;port&quot;:0,&quot;ip&quot;:&quot;file&quot;,&quot;in_name&quot;:&quot;bond&quot;,&quot;in_active&quot;:1,&quot;in_active_sources&quot;:0,&quot;prg_name&quot;:&quot;&quot;,&quot;prg_prov&quot;:&quot;&quot;,&quot;prg_num&quot;:-1,&quot;chan&quot;:&quot;&quot;,&quot;chan_id&quot;:-1,&quot;id&quot;:&quot;zixi://bonded(bonded5)#10.7.0.66:2088@10.7.0.65,192.168.60.66:2088@192.168.50.65,192.168.5.166:2088@192.168.5.165&quot;,&quot;type&quot;:2,&quot;name&quot;:&quot;bond5&quot;,&quot;asi&quot;:0,&quot;rtmp&quot;:0,&quot;file&quot;:1,&quot;active&quot;:1,&quot;group&quot;:&quot;&quot;,&quot;bonded&quot;:[{&quot;host&quot;:&quot;10.7.0.66&quot;,&quot;port&quot;:2088,&quot;nic&quot;:&quot;10.7.0.65&quot;,&quot;limit&quot;:0,&quot;is_backup&quot;:0,&quot;bitrate&quot;:4061309,&quot;up_time&quot;:55,&quot;error_code&quot;:0,&quot;status_code&quot;:3,&quot;error_str&quot;:&quot;None&quot;,&quot;status_str&quot;:&quot;Connected&quot;},{&quot;host&quot;:&quot;192.168.60.66&quot;,&quot;port&quot;:2088,&quot;nic&quot;:&quot;192.168.50.65&quot;,&quot;limit&quot;:0,&quot;is_backup&quot;:0,&quot;bitrate&quot;:0,&quot;up_time&quot;:0,&quot;error_code&quot;:3,&quot;status_code&quot;:1,&quot;error_str&quot;:&quot;Timeout&quot;,&quot;status_str&quot;:&quot;Connecting&quot;},{&quot;host&quot;:&quot;192.168.5.166&quot;,&quot;port&quot;:2088,&quot;nic&quot;:&quot;192.168.5.165&quot;,&quot;limit&quot;:0,&quot;is_backup&quot;:0,&quot;bitrate&quot;:998481,&quot;up_time&quot;:151,&quot;error_code&quot;:0,&quot;status_code&quot;:3,&quot;error_str&quot;:&quot;None&quot;,&quot;status_str&quot;:&quot;Connected&quot;}],&quot;error&quot;:&quot;None&quot;,&quot;con_stat&quot;:&quot;Disconnected&quot;,&quot;bitrate&quot;:4638033,&quot;dest&quot;:&quot;bonded/bonded5&quot;},{&quot;mip&quot;:&quot;4000.ts&quot;,&quot;port&quot;:0,&quot;ip&quot;:&quot;file&quot;,&quot;in_name&quot;:&quot;bond&quot;,&quot;in_active&quot;:1,&quot;in_active_sources&quot;:0,&quot;prg_name&quot;:&quot;&quot;,&quot;prg_prov&quot;:&quot;&quot;,&quot;prg_num&quot;:-1,&quot;chan&quot;:&quot;&quot;,&quot;chan_id&quot;:-1,&quot;id&quot;:&quot;zixi://bonded(bonded9)#10.7.0.66:2088@10.7.0.65,192.168.60.66:2088@192.168.50.65,192.168.5.166:2088@192.168.5.165&quot;,&quot;type&quot;:2,&quot;name&quot;:&quot;bond9&quot;,&quot;asi&quot;:0,&quot;rtmp&quot;:0,&quot;file&quot;:1,&quot;active&quot;:1,&quot;group&quot;:&quot;&quot;,&quot;bonded&quot;:[{&quot;host&quot;:&quot;10.7.0.66&quot;,&quot;port&quot;:2088,&quot;nic&quot;:&quot;10.7.0.65&quot;,&quot;limit&quot;:0,&quot;is_backup&quot;:0,&quot;bitrate&quot;:2278273,&quot;up_time&quot;:381,&quot;error_code&quot;:0,&quot;status_code&quot;:3,&quot;error_str&quot;:&quot;None&quot;,&quot;status_str&quot;:&quot;Connected&quot;},{&quot;host&quot;:&quot;192.168.60.66&quot;,&quot;port&quot;:2088,&quot;nic&quot;:&quot;192.168.50.65&quot;,&quot;limit&quot;:0,&quot;is_backup&quot;:0,&quot;bitrate&quot;:0,&quot;up_time&quot;:0,&quot;error_code&quot;:3,&quot;status_code&quot;:1,&quot;error_str&quot;:&quot;Timeout&quot;,&quot;status_str&quot;:&quot;Connecting&quot;},{&quot;host&quot;:&quot;192.168.5.166&quot;,&quot;port&quot;:2088,&quot;nic&quot;:&quot;192.168.5.165&quot;,&quot;limit&quot;:0,&quot;is_backup&quot;:0,&quot;bitrate&quot;:2421713,&quot;up_time&quot;:340,&quot;error_code&quot;:0,&quot;status_code&quot;:3,&quot;error_str&quot;:&quot;None&quot;,&quot;status_str&quot;:&quot;Connected&quot;}],&quot;error&quot;:&quot;None&quot;,&quot;con_stat&quot;:&quot;Disconnected&quot;,&quot;bitrate&quot;:4627428,&quot;dest&quot;:&quot;bonded/bonded9&quot;},{&quot;mip&quot;:&quot;4000.ts&quot;,&quot;port&quot;:0,&quot;ip&quot;:&quot;file&quot;,&quot;in_name&quot;:&quot;bond&quot;,&quot;in_active&quot;:1,&quot;in_active_sources&quot;:0,&quot;prg_name&quot;:&quot;&quot;,&quot;prg_prov&quot;:&quot;&quot;,&quot;prg_num&quot;:-1,&quot;chan&quot;:&quot;&quot;,&quot;chan_id&quot;:-1,&quot;id&quot;:&quot;zixi://bonded(bonded3)#10.7.0.66:2088@10.7.0.65,192.168.60.66:2088@192.168.50.65,192.168.5.166:2088@192.168.5.165&quot;,&quot;type&quot;:2,&quot;name&quot;:&quot;bond3&quot;,&quot;asi&quot;:0,&quot;rtmp&quot;:0,&quot;file&quot;:1,&quot;active&quot;:1,&quot;group&quot;:&quot;&quot;,&quot;bonded&quot;:[{&quot;host&quot;:&quot;10.7.0.66&quot;,&quot;port&quot;:2088,&quot;nic&quot;:&quot;10.7.0.65&quot;,&quot;limit&quot;:0,&quot;is_backup&quot;:0,&quot;bitrate&quot;:2398781,&quot;up_time&quot;:373,&quot;error_code&quot;:0,&quot;status_code&quot;:3,&quot;error_str&quot;:&quot;None&quot;,&quot;status_str&quot;:&quot;Connected&quot;},{&quot;host&quot;:&quot;192.168.60.66&quot;,&quot;port&quot;:2088,&quot;nic&quot;:&quot;192.168.50.65&quot;,&quot;limit&quot;:0,&quot;is_backup&quot;:0,&quot;bitrate&quot;:0,&quot;up_time&quot;:0,&quot;error_code&quot;:3,&quot;status_code&quot;:1,&quot;error_str&quot;:&quot;Timeout&quot;,&quot;status_str&quot;:&quot;Connecting&quot;},{&quot;host&quot;:&quot;192.168.5.166&quot;,&quot;port&quot;:2088,&quot;nic&quot;:&quot;192.168.5.165&quot;,&quot;limit&quot;:0,&quot;is_backup&quot;:0,&quot;bitrate&quot;:2346543,&quot;up_time&quot;:362,&quot;error_code&quot;:0,&quot;status_code&quot;:3,&quot;error_str&quot;:&quot;None&quot;,&quot;status_str&quot;:&quot;Connected&quot;}],&quot;error&quot;:&quot;None&quot;,&quot;con_stat&quot;:&quot;Disconnected&quot;,&quot;bitrate&quot;:4670857,&quot;dest&quot;:&quot;bonded/bonded3&quot;},{&quot;mip&quot;:&quot;4000.ts&quot;,&quot;port&quot;:0,&quot;ip&quot;:&quot;file&quot;,&quot;in_name&quot;:&quot;bond&quot;,&quot;in_active&quot;:1,&quot;in_active_sources&quot;:0,&quot;prg_name&quot;:&quot;&quot;,&quot;prg_prov&quot;:&quot;&quot;,&quot;prg_num&quot;:-1,&quot;chan&quot;:&quot;&quot;,&quot;chan_id&quot;:-1,&quot;id&quot;:&quot;zixi://bonded(bonded14)#10.7.0.66:2088@10.7.0.65,192.168.60.66:2088@192.168.50.65,192.168.5.166:2088@192.168.5.165&quot;,&quot;type&quot;:2,&quot;name&quot;:&quot;bond14&quot;,&quot;asi&quot;:0,&quot;rtmp&quot;:0,&quot;file&quot;:1,&quot;active&quot;:1,&quot;group&quot;:&quot;&quot;,&quot;bonded&quot;:[{&quot;host&quot;:&quot;10.7.0.66&quot;,&quot;port&quot;:2088,&quot;nic&quot;:&quot;10.7.0.65&quot;,&quot;limit&quot;:0,&quot;is_backup&quot;:0,&quot;bitrate&quot;:2501827,&quot;up_time&quot;:139,&quot;error_code&quot;:0,&quot;status_code&quot;:3,&quot;error_str&quot;:&quot;None&quot;,&quot;status_str&quot;:&quot;Connected&quot;},{&quot;host&quot;:&quot;192.168.60.66&quot;,&quot;port&quot;:2088,&quot;nic&quot;:&quot;192.168.50.65&quot;,&quot;limit&quot;:0,&quot;is_backup&quot;:0,&quot;bitrate&quot;:0,&quot;up_time&quot;:0,&quot;error_code&quot;:3,&quot;status_code&quot;:1,&quot;error_str&quot;:&quot;Timeout&quot;,&quot;status_str&quot;:&quot;Connecting&quot;},{&quot;host&quot;:&quot;192.168.5.166&quot;,&quot;port&quot;:2088,&quot;nic&quot;:&quot;192.168.5.165&quot;,&quot;limit&quot;:0,&quot;is_backup&quot;:0,&quot;bitrate&quot;:2448368,&quot;up_time&quot;:113,&quot;error_code&quot;:0,&quot;status_code&quot;:3,&quot;error_str&quot;:&quot;None&quot;,&quot;status_str&quot;:&quot;Connected&quot;}],&quot;error&quot;:&quot;None&quot;,&quot;con_stat&quot;:&quot;Disconnected&quot;,&quot;bitrate&quot;:4883860,&quot;dest&quot;:&quot;bonded/bonded14&quot;},{&quot;mip&quot;:&quot;4000.ts&quot;,&quot;port&quot;:0,&quot;ip&quot;:&quot;file&quot;,&quot;in_name&quot;:&quot;bond&quot;,&quot;in_active&quot;:1,&quot;in_active_sources&quot;:0,&quot;prg_name&quot;:&quot;&quot;,&quot;prg_prov&quot;:&quot;&quot;,&quot;prg_num&quot;:-1,&quot;chan&quot;:&quot;&quot;,&quot;chan_id&quot;:-1,&quot;id&quot;:&quot;zixi://bonded(bonded15)#10.7.0.66:2088@10.7.0.65,192.168.60.66:2088@192.168.50.65,192.168.5.166:2088@192.168.5.165&quot;,&quot;type&quot;:2,&quot;name&quot;:&quot;bond15&quot;,&quot;asi&quot;:0,&quot;rtmp&quot;:0,&quot;file&quot;:1,&quot;active&quot;:1,&quot;group&quot;:&quot;&quot;,&quot;bonded&quot;:[{&quot;host&quot;:&quot;10.7.0.66&quot;,&quot;port&quot;:2088,&quot;nic&quot;:&quot;10.7.0.65&quot;,&quot;limit&quot;:0,&quot;is_backup&quot;:0,&quot;bitrate&quot;:2442530,&quot;up_time&quot;:18,&quot;error_code&quot;:0,&quot;status_code&quot;:3,&quot;error_str&quot;:&quot;None&quot;,&quot;status_str&quot;:&quot;Connected&quot;},{&quot;host&quot;:&quot;192.168.60.66&quot;,&quot;port&quot;:2088,&quot;nic&quot;:&quot;192.168.50.65&quot;,&quot;limit&quot;:0,&quot;is_backup&quot;:0,&quot;bitrate&quot;:0,&quot;up_time&quot;:0,&quot;error_code&quot;:3,&quot;status_code&quot;:1,&quot;error_str&quot;:&quot;Timeout&quot;,&quot;status_str&quot;:&quot;Connecting&quot;},{&quot;host&quot;:&quot;192.168.5.166&quot;,&quot;port&quot;:2088,&quot;nic&quot;:&quot;192.168.5.165&quot;,&quot;limit&quot;:0,&quot;is_backup&quot;:0,&quot;bitrate&quot;:2507742,&quot;up_time&quot;:346,&quot;error_code&quot;:0,&quot;status_code&quot;:3,&quot;error_str&quot;:&quot;None&quot;,&quot;status_str&quot;:&quot;Connected&quot;}],&quot;error&quot;:&quot;None&quot;,&quot;con_stat&quot;:&quot;Disconnected&quot;,&quot;bitrate&quot;:4884747,&quot;dest&quot;:&quot;bonded/bonded15&quot;},{&quot;mip&quot;:&quot;4000.ts&quot;,&quot;port&quot;:0,&quot;ip&quot;:&quot;file&quot;,&quot;in_name&quot;:&quot;bond&quot;,&quot;in_active&quot;:1,&quot;in_active_sources&quot;:0,&quot;prg_name&quot;:&quot;&quot;,&quot;prg_prov&quot;:&quot;&quot;,&quot;prg_num&quot;:-1,&quot;chan&quot;:&quot;&quot;,&quot;chan_id&quot;:-1,&quot;id&quot;:&quot;zixi://bonded(bonded10)#10.7.0.66:2088@10.7.0.65,192.168.60.66:2088@192.168.50.65,192.168.5.166:2088@192.168.5.165&quot;,&quot;type&quot;:2,&quot;name&quot;:&quot;bond10&quot;,&quot;asi&quot;:0,&quot;rtmp&quot;:0,&quot;file&quot;:1,&quot;active&quot;:1,&quot;group&quot;:&quot;&quot;,&quot;bonded&quot;:[{&quot;host&quot;:&quot;10.7.0.66&quot;,&quot;port&quot;:2088,&quot;nic&quot;:&quot;10.7.0.65&quot;,&quot;limit&quot;:0,&quot;is_backup&quot;:0,&quot;bitrate&quot;:2847832,&quot;up_time&quot;:532,&quot;error_code&quot;:0,&quot;status_code&quot;:3,&quot;error_str&quot;:&quot;None&quot;,&quot;status_str&quot;:&quot;Connected&quot;},{&quot;host&quot;:&quot;192.168.60.66&quot;,&quot;port&quot;:2088,&quot;nic&quot;:&quot;192.168.50.65&quot;,&quot;limit&quot;:0,&quot;is_backup&quot;:0,&quot;bitrate&quot;:0,&quot;up_time&quot;:0,&quot;error_code&quot;:3,&quot;status_code&quot;:1,&quot;error_str&quot;:&quot;Timeout&quot;,&quot;status_str&quot;:&quot;Connecting&quot;},{&quot;host&quot;:&quot;192.168.5.166&quot;,&quot;port&quot;:2088,&quot;nic&quot;:&quot;192.168.5.165&quot;,&quot;limit&quot;:0,&quot;is_backup&quot;:0,&quot;bitrate&quot;:0,&quot;up_time&quot;:0,&quot;error_code&quot;:3,&quot;status_code&quot;:1,&quot;error_str&quot;:&quot;Timeout&quot;,&quot;status_str&quot;:&quot;Connecting&quot;}],&quot;error&quot;:&quot;None&quot;,&quot;con_stat&quot;:&quot;Disconnected&quot;,&quot;bitrate&quot;:4868280,&quot;dest&quot;:&quot;bonded/bonded10&quot;},{&quot;mip&quot;:&quot;4000.ts&quot;,&quot;port&quot;:0,&quot;ip&quot;:&quot;file&quot;,&quot;in_name&quot;:&quot;bond&quot;,&quot;in_active&quot;:1,&quot;in_active_sources&quot;:0,&quot;prg_name&quot;:&quot;&quot;,&quot;prg_prov&quot;:&quot;&quot;,&quot;prg_num&quot;:-1,&quot;chan&quot;:&quot;&quot;,&quot;chan_id&quot;:-1,&quot;id&quot;:&quot;zixi://bonded(bonded11)#10.7.0.66:2088@10.7.0.65,192.168.60.66:2088@192.168.50.65,192.168.5.166:2088@192.168.5.165&quot;,&quot;type&quot;:2,&quot;name&quot;:&quot;bond11&quot;,&quot;asi&quot;:0,&quot;rtmp&quot;:0,&quot;file&quot;:1,&quot;active&quot;:1,&quot;group&quot;:&quot;&quot;,&quot;bonded&quot;:[{&quot;host&quot;:&quot;10.7.0.66&quot;,&quot;port&quot;:2088,&quot;nic&quot;:&quot;10.7.0.65&quot;,&quot;limit&quot;:0,&quot;is_backup&quot;:0,&quot;bitrate&quot;:2415887,&quot;up_time&quot;:55,&quot;error_code&quot;:0,&quot;status_code&quot;:3,&quot;error_str&quot;:&quot;None&quot;,&quot;status_str&quot;:&quot;Connected&quot;},{&quot;host&quot;:&quot;192.168.60.66&quot;,&quot;port&quot;:2088,&quot;nic&quot;:&quot;192.168.50.65&quot;,&quot;limit&quot;:0,&quot;is_backup&quot;:0,&quot;bitrate&quot;:0,&quot;up_time&quot;:0,&quot;error_code&quot;:3,&quot;status_code&quot;:1,&quot;error_str&quot;:&quot;Timeout&quot;,&quot;status_str&quot;:&quot;Connecting&quot;},{&quot;host&quot;:&quot;192.168.5.166&quot;,&quot;port&quot;:2088,&quot;nic&quot;:&quot;192.168.5.165&quot;,&quot;limit&quot;:0,&quot;is_backup&quot;:0,&quot;bitrate&quot;:2519296,&quot;up_time&quot;:15,&quot;error_code&quot;:0,&quot;status_code&quot;:3,&quot;error_str&quot;:&quot;None&quot;,&quot;status_str&quot;:&quot;Connected&quot;}],&quot;error&quot;:&quot;None&quot;,&quot;con_stat&quot;:&quot;Disconnected&quot;,&quot;bitrate&quot;:4874021,&quot;dest&quot;:&quot;bonded/bonded11&quot;},{&quot;mip&quot;:&quot;4000.ts&quot;,&quot;port&quot;:0,&quot;ip&quot;:&quot;file&quot;,&quot;in_name&quot;:&quot;bond&quot;,&quot;in_active&quot;:1,&quot;in_active_sources&quot;:0,&quot;prg_name&quot;:&quot;&quot;,&quot;prg_prov&quot;:&quot;&quot;,&quot;prg_num&quot;:-1,&quot;chan&quot;:&quot;&quot;,&quot;chan_id&quot;:-1,&quot;id&quot;:&quot;zixi://bonded(bonded18)#10.7.0.66:2088@10.7.0.65,192.168.60.66:2088@192.168.50.65,192.168.5.166:2088@192.168.5.165&quot;,&quot;type&quot;:2,&quot;name&quot;:&quot;bond18&quot;,&quot;asi&quot;:0,&quot;rtmp&quot;:0,&quot;file&quot;:1,&quot;active&quot;:1,&quot;group&quot;:&quot;&quot;,&quot;bonded&quot;:[{&quot;host&quot;:&quot;10.7.0.66&quot;,&quot;port&quot;:2088,&quot;nic&quot;:&quot;10.7.0.65&quot;,&quot;limit&quot;:0,&quot;is_backup&quot;:0,&quot;bitrate&quot;:0,&quot;up_time&quot;:355,&quot;error_code&quot;:0,&quot;status_code&quot;:0,&quot;error_str&quot;:&quot;None&quot;,&quot;status_str&quot;:&quot;Offline&quot;},{&quot;host&quot;:&quot;192.168.60.66&quot;,&quot;port&quot;:2088,&quot;nic&quot;:&quot;192.168.50.65&quot;,&quot;limit&quot;:0,&quot;is_backup&quot;:0,&quot;bitrate&quot;:0,&quot;up_time&quot;:0,&quot;error_code&quot;:3,&quot;status_code&quot;:1,&quot;error_str&quot;:&quot;Timeout&quot;,&quot;status_str&quot;:&quot;Connecting&quot;},{&quot;host&quot;:&quot;192.168.5.166&quot;,&quot;port&quot;:2088,&quot;nic&quot;:&quot;192.168.5.165&quot;,&quot;limit&quot;:0,&quot;is_backup&quot;:0,&quot;bitrate&quot;:2737150,&quot;up_time&quot;:355,&quot;error_code&quot;:0,&quot;status_code&quot;:3,&quot;error_str&quot;:&quot;None&quot;,&quot;status_str&quot;:&quot;Connected&quot;}],&quot;error&quot;:&quot;None&quot;,&quot;con_stat&quot;:&quot;Disconnected&quot;,&quot;bitrate&quot;:5636979,&quot;dest&quot;:&quot;bonded/bonded18&quot;},{&quot;mip&quot;:&quot;4000.ts&quot;,&quot;port&quot;:0,&quot;ip&quot;:&quot;file&quot;,&quot;in_name&quot;:&quot;bond&quot;,&quot;in_active&quot;:1,&quot;in_active_sources&quot;:0,&quot;prg_name&quot;:&quot;&quot;,&quot;prg_prov&quot;:&quot;&quot;,&quot;prg_num&quot;:-1,&quot;chan&quot;:&quot;&quot;,&quot;chan_id&quot;:-1,&quot;id&quot;:&quot;zixi://bonded(bonded12)#10.7.0.66:2088@10.7.0.65,192.168.60.66:2088@192.168.50.65,192.168.5.166:2088@192.168.5.165&quot;,&quot;type&quot;:2,&quot;name&quot;:&quot;bond12&quot;,&quot;asi&quot;:0,&quot;rtmp&quot;:0,&quot;file&quot;:1,&quot;active&quot;:1,&quot;group&quot;:&quot;&quot;,&quot;bonded&quot;:[{&quot;host&quot;:&quot;10.7.0.66&quot;,&quot;port&quot;:2088,&quot;nic&quot;:&quot;10.7.0.65&quot;,&quot;limit&quot;:0,&quot;is_backup&quot;:0,&quot;bitrate&quot;:1110627,&quot;up_time&quot;:3,&quot;error_code&quot;:0,&quot;status_code&quot;:3,&quot;error_str&quot;:&quot;None&quot;,&quot;status_str&quot;:&quot;Connected&quot;},{&quot;host&quot;:&quot;192.168.60.66&quot;,&quot;port&quot;:2088,&quot;nic&quot;:&quot;192.168.50.65&quot;,&quot;limit&quot;:0,&quot;is_backup&quot;:0,&quot;bitrate&quot;:0,&quot;up_time&quot;:0,&quot;error_code&quot;:3,&quot;status_code&quot;:1,&quot;error_str&quot;:&quot;Timeout&quot;,&quot;status_str&quot;:&quot;Connecting&quot;},{&quot;host&quot;:&quot;192.168.5.166&quot;,&quot;port&quot;:2088,&quot;nic&quot;:&quot;192.168.5.165&quot;,&quot;limit&quot;:0,&quot;is_backup&quot;:0,&quot;bitrate&quot;:3827355,&quot;up_time&quot;:22,&quot;error_code&quot;:0,&quot;status_code&quot;:3,&quot;error_str&quot;:&quot;None&quot;,&quot;status_str&quot;:&quot;Connected&quot;}],&quot;error&quot;:&quot;None&quot;,&quot;con_stat&quot;:&quot;Disconnected&quot;,&quot;bitrate&quot;:4885218,&quot;dest&quot;:&quot;bonded/bonded12&quot;}]}
Debug printing ------&gt;&gt;&gt; {&quot;custom_data&quot;:&quot;&quot;,&quot;msg&quot;:&quot;Output deleted.&quot;,&quot;error&quot;:&quot;&quot;,&quot;outs&quot;:[{&quot;mip&quot;:&quot;live_recording.ts&quot;,&quot;port&quot;:0,&quot;ip&quot;:&quot;file&quot;,&quot;in_name&quot;:&quot;feederoutputname&quot;,&quot;in_active&quot;:1,&quot;in_active_sources&quot;:0,&quot;prg_name&quot;:&quot;&quot;,&quot;prg_prov&quot;:&quot;&quot;,&quot;prg_num&quot;:1,&quot;chan&quot;:&quot;&quot;,&quot;chan_id&quot;:-1,&quot;id&quot;:&quot;zixi://10.7.0.66:2088/feederout&quot;,&quot;type&quot;:2,&quot;name&quot;:&quot;feederoutputname&quot;,&quot;asi&quot;:0,&quot;rtmp&quot;:0,&quot;file&quot;:1,&quot;active&quot;:1,&quot;group&quot;:&quot;&quot;,&quot;error&quot;:&quot;None&quot;,&quot;con_stat&quot;:&quot;Disconnected&quot;,&quot;bitrate&quot;:0,&quot;dest&quot;:&quot;10.7.0.66:2088/feederout&quot;},{&quot;mip&quot;:&quot;4000.ts&quot;,&quot;port&quot;:0,&quot;ip&quot;:&quot;file&quot;,&quot;in_name&quot;:&quot;bond&quot;,&quot;in_active&quot;:1,&quot;in_active_sources&quot;:0,&quot;prg_name&quot;:&quot;&quot;,&quot;prg_prov&quot;:&quot;&quot;,&quot;prg_num&quot;:-1,&quot;chan&quot;:&quot;&quot;,&quot;chan_id&quot;:-1,&quot;id&quot;:&quot;zixi://bonded(bonded0)#10.7.0.66:2088@10.7.0.65,192.168.60.66:2088@192.168.50.65,192.168.5.166:2088@192.168.5.165&quot;,&quot;type&quot;:2,&quot;name&quot;:&quot;bond0&quot;,&quot;asi&quot;:0,&quot;rtmp&quot;:0,&quot;file&quot;:1,&quot;active&quot;:1,&quot;group&quot;:&quot;&quot;,&quot;bonded&quot;:[{&quot;host&quot;:&quot;10.7.0.66&quot;,&quot;port&quot;:2088,&quot;nic&quot;:&quot;10.7.0.65&quot;,&quot;limit&quot;:0,&quot;is_backup&quot;:0,&quot;bitrate&quot;:2352869,&quot;up_time&quot;:202,&quot;error_code&quot;:0,&quot;status_code&quot;:3,&quot;error_str&quot;:&quot;None&quot;,&quot;status_str&quot;:&quot;Connected&quot;},{&quot;host&quot;:&quot;192.168.60.66&quot;,&quot;port&quot;:2088,&quot;nic&quot;:&quot;192.168.50.65&quot;,&quot;limit&quot;:0,&quot;is_backup&quot;:0,&quot;bitrate&quot;:0,&quot;up_time&quot;:0,&quot;error_code&quot;:3,&quot;status_code&quot;:1,&quot;error_str&quot;:&quot;Timeout&quot;,&quot;status_str&quot;:&quot;Connecting&quot;},{&quot;host&quot;:&quot;192.168.5.166&quot;,&quot;port&quot;:2088,&quot;nic&quot;:&quot;192.168.5.165&quot;,&quot;limit&quot;:0,&quot;is_backup&quot;:0,&quot;bitrate&quot;:2336360,&quot;up_time&quot;:562,&quot;error_code&quot;:0,&quot;status_code&quot;:3,&quot;error_str&quot;:&quot;None&quot;,&quot;status_str&quot;:&quot;Connected&quot;}],&quot;error&quot;:&quot;None&quot;,&quot;con_stat&quot;:&quot;Disconnected&quot;,&quot;bitrate&quot;:4616703,&quot;dest&quot;:&quot;bonded/bonded0&quot;},{&quot;mip&quot;:&quot;4000.ts&quot;,&quot;port&quot;:0,&quot;ip&quot;:&quot;file&quot;,&quot;in_name&quot;:&quot;bond&quot;,&quot;in_active&quot;:1,&quot;in_active_sources&quot;:0,&quot;prg_name&quot;:&quot;&quot;,&quot;prg_prov&quot;:&quot;&quot;,&quot;prg_num&quot;:-1,&quot;chan&quot;:&quot;&quot;,&quot;chan_id&quot;:-1,&quot;id&quot;:&quot;zixi://bonded(bonded4)#10.7.0.66:2088@10.7.0.65,192.168.60.66:2088@192.168.50.65,192.168.5.166:2088@192.168.5.165&quot;,&quot;type&quot;:2,&quot;name&quot;:&quot;bond4&quot;,&quot;asi&quot;:0,&quot;rtmp&quot;:0,&quot;file&quot;:1,&quot;active&quot;:1,&quot;group&quot;:&quot;&quot;,&quot;bonded&quot;:[{&quot;host&quot;:&quot;10.7.0.66&quot;,&quot;port&quot;:2088,&quot;nic&quot;:&quot;10.7.0.65&quot;,&quot;limit&quot;:0,&quot;is_backup&quot;:0,&quot;bitrate&quot;:2576848,&quot;up_time&quot;:86,&quot;error_code&quot;:0,&quot;status_code&quot;:3,&quot;error_str&quot;:&quot;None&quot;,&quot;status_str&quot;:&quot;Connected&quot;},{&quot;host&quot;:&quot;192.168.60.66&quot;,&quot;port&quot;:2088,&quot;nic&quot;:&quot;192.168.50.65&quot;,&quot;limit&quot;:0,&quot;is_backup&quot;:0,&quot;bitrate&quot;:0,&quot;up_time&quot;:0,&quot;error_code&quot;:3,&quot;status_code&quot;:1,&quot;error_str&quot;:&quot;Timeout&quot;,&quot;status_str&quot;:&quot;Connecting&quot;},{&quot;host&quot;:&quot;192.168.5.166&quot;,&quot;port&quot;:2088,&quot;nic&quot;:&quot;192.168.5.165&quot;,&quot;limit&quot;:0,&quot;is_backup&quot;:0,&quot;bitrate&quot;:2439975,&quot;up_time&quot;:75,&quot;error_code&quot;:0,&quot;status_code&quot;:3,&quot;error_str&quot;:&quot;None&quot;,&quot;status_str&quot;:&quot;Connected&quot;}],&quot;error&quot;:&quot;None&quot;,&quot;con_stat&quot;:&quot;Disconnected&quot;,&quot;bitrate&quot;:4950617,&quot;dest&quot;:&quot;bonded/bonded4&quot;},{&quot;mip&quot;:&quot;4000.ts&quot;,&quot;port&quot;:0,&quot;ip&quot;:&quot;file&quot;,&quot;in_name&quot;:&quot;bond&quot;,&quot;in_active&quot;:1,&quot;in_active_sources&quot;:0,&quot;prg_name&quot;:&quot;&quot;,&quot;prg_prov&quot;:&quot;&quot;,&quot;prg_num&quot;:-1,&quot;chan&quot;:&quot;&quot;,&quot;chan_id&quot;:-1,&quot;id&quot;:&quot;zixi://bonded(bonded2)#10.7.0.66:2088@10.7.0.65,192.168.60.66:2088@192.168.50.65,192.168.5.166:2088@192.168.5.165&quot;,&quot;type&quot;:2,&quot;name&quot;:&quot;bond2&quot;,&quot;asi&quot;:0,&quot;rtmp&quot;:0,&quot;file&quot;:1,&quot;active&quot;:1,&quot;group&quot;:&quot;&quot;,&quot;bonded&quot;:[{&quot;host&quot;:&quot;10.7.0.66&quot;,&quot;port&quot;:2088,&quot;nic&quot;:&quot;10.7.0.65&quot;,&quot;limit&quot;:0,&quot;is_backup&quot;:0,&quot;bitrate&quot;:2340224,&quot;up_time&quot;:356,&quot;error_code&quot;:0,&quot;status_code&quot;:3,&quot;error_str&quot;:&quot;None&quot;,&quot;status_str&quot;:&quot;Connected&quot;},{&quot;host&quot;:&quot;192.168.60.66&quot;,&quot;port&quot;:2088,&quot;nic&quot;:&quot;192.168.50.65&quot;,&quot;limit&quot;:0,&quot;is_backup&quot;:0,&quot;bitrate&quot;:0,&quot;up_time&quot;:0,&quot;error_code&quot;:3,&quot;status_code&quot;:1,&quot;error_str&quot;:&quot;Timeout&quot;,&quot;status_str&quot;:&quot;Connecting&quot;},{&quot;host&quot;:&quot;192.168.5.166&quot;,&quot;port&quot;:2088,&quot;nic&quot;:&quot;192.168.5.165&quot;,&quot;limit&quot;:0,&quot;is_backup&quot;:0,&quot;bitrate&quot;:2008666,&quot;up_time&quot;:365,&quot;error_code&quot;:0,&quot;status_code&quot;:3,&quot;error_str&quot;:&quot;None&quot;,&quot;status_str&quot;:&quot;Connected&quot;}],&quot;error&quot;:&quot;None&quot;,&quot;con_stat&quot;:&quot;Disconnected&quot;,&quot;bitrate&quot;:4392840,&quot;dest&quot;:&quot;bonded/bonded2&quot;},{&quot;mip&quot;:&quot;4000.ts&quot;,&quot;port&quot;:0,&quot;ip&quot;:&quot;file&quot;,&quot;in_name&quot;:&quot;bond&quot;,&quot;in_active&quot;:1,&quot;in_active_sources&quot;:0,&quot;prg_name&quot;:&quot;&quot;,&quot;prg_prov&quot;:&quot;&quot;,&quot;prg_num&quot;:-1,&quot;chan&quot;:&quot;&quot;,&quot;chan_id&quot;:-1,&quot;id&quot;:&quot;zixi://bonded(bonded1)#10.7.0.66:2088@10.7.0.65,192.168.60.66:2088@192.168.50.65,192.168.5.166:2088@192.168.5.165&quot;,&quot;type&quot;:2,&quot;name&quot;:&quot;bond1&quot;,&quot;asi&quot;:0,&quot;rtmp&quot;:0,&quot;file&quot;:1,&quot;active&quot;:1,&quot;group&quot;:&quot;&quot;,&quot;bonded&quot;:[{&quot;host&quot;:&quot;10.7.0.66&quot;,&quot;port&quot;:2088,&quot;nic&quot;:&quot;10.7.0.65&quot;,&quot;limit&quot;:0,&quot;is_backup&quot;:0,&quot;bitrate&quot;:3608842,&quot;up_time&quot;:28,&quot;error_code&quot;:0,&quot;status_code&quot;:3,&quot;error_str&quot;:&quot;None&quot;,&quot;status_str&quot;:&quot;Connected&quot;},{&quot;host&quot;:&quot;192.168.60.66&quot;,&quot;port&quot;:2088,&quot;nic&quot;:&quot;192.168.50.65&quot;,&quot;limit&quot;:0,&quot;is_backup&quot;:0,&quot;bitrate&quot;:0,&quot;up_time&quot;:0,&quot;error_code&quot;:3,&quot;status_code&quot;:1,&quot;error_str&quot;:&quot;Timeout&quot;,&quot;status_str&quot;:&quot;Connecting&quot;},{&quot;host&quot;:&quot;192.168.5.166&quot;,&quot;port&quot;:2088,&quot;nic&quot;:&quot;192.168.5.165&quot;,&quot;limit&quot;:0,&quot;is_backup&quot;:0,&quot;bitrate&quot;:0,&quot;up_time&quot;:0,&quot;error_code&quot;:3,&quot;status_code&quot;:1,&quot;error_str&quot;:&quot;Timeout&quot;,&quot;status_str&quot;:&quot;Connecting&quot;}],&quot;error&quot;:&quot;None&quot;,&quot;con_stat&quot;:&quot;Disconnected&quot;,&quot;bitrate&quot;:3565418,&quot;dest&quot;:&quot;bonded/bonded1&quot;},{&quot;mip&quot;:&quot;4000.ts&quot;,&quot;port&quot;:0,&quot;ip&quot;:&quot;file&quot;,&quot;in_name&quot;:&quot;bond&quot;,&quot;in_active&quot;:1,&quot;in_active_sources&quot;:0,&quot;prg_name&quot;:&quot;&quot;,&quot;prg_prov&quot;:&quot;&quot;,&quot;prg_num&quot;:-1,&quot;chan&quot;:&quot;&quot;,&quot;chan_id&quot;:-1,&quot;id&quot;:&quot;zixi://bonded(bonded8)#10.7.0.66:2088@10.7.0.65,192.168.60.66:2088@192.168.50.65,192.168.5.166:2088@192.168.5.165&quot;,&quot;type&quot;:2,&quot;name&quot;:&quot;bond8&quot;,&quot;asi&quot;:0,&quot;rtmp&quot;:0,&quot;file&quot;:1,&quot;active&quot;:1,&quot;group&quot;:&quot;&quot;,&quot;bonded&quot;:[{&quot;host&quot;:&quot;10.7.0.66&quot;,&quot;port&quot;:2088,&quot;nic&quot;:&quot;10.7.0.65&quot;,&quot;limit&quot;:0,&quot;is_backup&quot;:0,&quot;bitrate&quot;:2327727,&quot;up_time&quot;:193,&quot;error_code&quot;:0,&quot;status_code&quot;:3,&quot;error_str&quot;:&quot;None&quot;,&quot;status_str&quot;:&quot;Connected&quot;},{&quot;host&quot;:&quot;192.168.60.66&quot;,&quot;port&quot;:2088,&quot;nic&quot;:&quot;192.168.50.65&quot;,&quot;limit&quot;:0,&quot;is_backup&quot;:0,&quot;bitrate&quot;:0,&quot;up_time&quot;:0,&quot;error_code&quot;:3,&quot;status_code&quot;:1,&quot;error_str&quot;:&quot;Timeout&quot;,&quot;status_str&quot;:&quot;Connecting&quot;},{&quot;host&quot;:&quot;192.168.5.166&quot;,&quot;port&quot;:2088,&quot;nic&quot;:&quot;192.168.5.165&quot;,&quot;limit&quot;:0,&quot;is_backup&quot;:0,&quot;bitrate&quot;:2349446,&quot;up_time&quot;:193,&quot;error_code&quot;:0,&quot;status_code&quot;:3,&quot;error_str&quot;:&quot;None&quot;,&quot;status_str&quot;:&quot;Connected&quot;}],&quot;error&quot;:&quot;None&quot;,&quot;con_stat&quot;:&quot;Disconnected&quot;,&quot;bitrate&quot;:4610717,&quot;dest&quot;:&quot;bonded/bonded8&quot;},{&quot;mip&quot;:&quot;4000.ts&quot;,&quot;port&quot;:0,&quot;ip&quot;:&quot;file&quot;,&quot;in_name&quot;:&quot;bond&quot;,&quot;in_active&quot;:1,&quot;in_active_sources&quot;:0,&quot;prg_name&quot;:&quot;&quot;,&quot;prg_prov&quot;:&quot;&quot;,&quot;prg_num&quot;:-1,&quot;chan&quot;:&quot;&quot;,&quot;chan_id&quot;:-1,&quot;id&quot;:&quot;zixi://bonded(bonded7)#10.7.0.66:2088@10.7.0.65,192.168.60.66:2088@192.168.50.65,192.168.5.166:2088@192.168.5.165&quot;,&quot;type&quot;:2,&quot;name&quot;:&quot;bond7&quot;,&quot;asi&quot;:0,&quot;rtmp&quot;:0,&quot;file&quot;:1,&quot;active&quot;:1,&quot;group&quot;:&quot;&quot;,&quot;bonded&quot;:[{&quot;host&quot;:&quot;10.7.0.66&quot;,&quot;port&quot;:2088,&quot;nic&quot;:&quot;10.7.0.65&quot;,&quot;limit&quot;:0,&quot;is_backup&quot;:0,&quot;bitrate&quot;:2543503,&quot;up_time&quot;:63,&quot;error_code&quot;:0,&quot;status_code&quot;:3,&quot;error_str&quot;:&quot;None&quot;,&quot;status_str&quot;:&quot;Connected&quot;},{&quot;host&quot;:&quot;192.168.60.66&quot;,&quot;port&quot;:2088,&quot;nic&quot;:&quot;192.168.50.65&quot;,&quot;limit&quot;:0,&quot;is_backup&quot;:0,&quot;bitrate&quot;:0,&quot;up_time&quot;:0,&quot;error_code&quot;:3,&quot;status_code&quot;:1,&quot;error_str&quot;:&quot;Timeout&quot;,&quot;status_str&quot;:&quot;Connecting&quot;},{&quot;host&quot;:&quot;192.168.5.166&quot;,&quot;port&quot;:2088,&quot;nic&quot;:&quot;192.168.5.165&quot;,&quot;limit&quot;:0,&quot;is_backup&quot;:0,&quot;bitrate&quot;:2405034,&quot;up_time&quot;:67,&quot;error_code&quot;:0,&quot;status_code&quot;:3,&quot;error_str&quot;:&quot;None&quot;,&quot;status_str&quot;:&quot;Connected&quot;}],&quot;error&quot;:&quot;None&quot;,&quot;con_stat&quot;:&quot;Disconnected&quot;,&quot;bitrate&quot;:4895352,&quot;dest&quot;:&quot;bonded/bonded7&quot;},{&quot;mip&quot;:&quot;4000.ts&quot;,&quot;port&quot;:0,&quot;ip&quot;:&quot;file&quot;,&quot;in_name&quot;:&quot;bond&quot;,&quot;in_active&quot;:1,&quot;in_active_sources&quot;:0,&quot;prg_name&quot;:&quot;&quot;,&quot;prg_prov&quot;:&quot;&quot;,&quot;prg_num&quot;:-1,&quot;chan&quot;:&quot;&quot;,&quot;chan_id&quot;:-1,&quot;id&quot;:&quot;zixi://bonded(bonded5)#10.7.0.66:2088@10.7.0.65,192.168.60.66:2088@192.168.50.65,192.168.5.166:2088@192.168.5.165&quot;,&quot;type&quot;:2,&quot;name&quot;:&quot;bond5&quot;,&quot;asi&quot;:0,&quot;rtmp&quot;:0,&quot;file&quot;:1,&quot;active&quot;:1,&quot;group&quot;:&quot;&quot;,&quot;bonded&quot;:[{&quot;host&quot;:&quot;10.7.0.66&quot;,&quot;port&quot;:2088,&quot;nic&quot;:&quot;10.7.0.65&quot;,&quot;limit&quot;:0,&quot;is_backup&quot;:0,&quot;bitrate&quot;:4061309,&quot;up_time&quot;:55,&quot;error_code&quot;:0,&quot;status_code&quot;:3,&quot;error_str&quot;:&quot;None&quot;,&quot;status_str&quot;:&quot;Connected&quot;},{&quot;host&quot;:&quot;192.168.60.66&quot;,&quot;port&quot;:2088,&quot;nic&quot;:&quot;192.168.50.65&quot;,&quot;limit&quot;:0,&quot;is_backup&quot;:0,&quot;bitrate&quot;:0,&quot;up_time&quot;:0,&quot;error_code&quot;:3,&quot;status_code&quot;:1,&quot;error_str&quot;:&quot;Timeout&quot;,&quot;status_str&quot;:&quot;Connecting&quot;},{&quot;host&quot;:&quot;192.168.5.166&quot;,&quot;port&quot;:2088,&quot;nic&quot;:&quot;192.168.5.165&quot;,&quot;limit&quot;:0,&quot;is_backup&quot;:0,&quot;bitrate&quot;:998481,&quot;up_time&quot;:151,&quot;error_code&quot;:0,&quot;status_code&quot;:3,&quot;error_str&quot;:&quot;None&quot;,&quot;status_str&quot;:&quot;Connected&quot;}],&quot;error&quot;:&quot;None&quot;,&quot;con_stat&quot;:&quot;Disconnected&quot;,&quot;bitrate&quot;:4638033,&quot;dest&quot;:&quot;bonded/bonded5&quot;},{&quot;mip&quot;:&quot;4000.ts&quot;,&quot;port&quot;:0,&quot;ip&quot;:&quot;file&quot;,&quot;in_name&quot;:&quot;bond&quot;,&quot;in_active&quot;:1,&quot;in_active_sources&quot;:0,&quot;prg_name&quot;:&quot;&quot;,&quot;prg_prov&quot;:&quot;&quot;,&quot;prg_num&quot;:-1,&quot;chan&quot;:&quot;&quot;,&quot;chan_id&quot;:-1,&quot;id&quot;:&quot;zixi://bonded(bonded9)#10.7.0.66:2088@10.7.0.65,192.168.60.66:2088@192.168.50.65,192.168.5.166:2088@192.168.5.165&quot;,&quot;type&quot;:2,&quot;name&quot;:&quot;bond9&quot;,&quot;asi&quot;:0,&quot;rtmp&quot;:0,&quot;file&quot;:1,&quot;active&quot;:1,&quot;group&quot;:&quot;&quot;,&quot;bonded&quot;:[{&quot;host&quot;:&quot;10.7.0.66&quot;,&quot;port&quot;:2088,&quot;nic&quot;:&quot;10.7.0.65&quot;,&quot;limit&quot;:0,&quot;is_backup&quot;:0,&quot;bitrate&quot;:2278273,&quot;up_time&quot;:381,&quot;error_code&quot;:0,&quot;status_code&quot;:3,&quot;error_str&quot;:&quot;None&quot;,&quot;status_str&quot;:&quot;Connected&quot;},{&quot;host&quot;:&quot;192.168.60.66&quot;,&quot;port&quot;:2088,&quot;nic&quot;:&quot;192.168.50.65&quot;,&quot;limit&quot;:0,&quot;is_backup&quot;:0,&quot;bitrate&quot;:0,&quot;up_time&quot;:0,&quot;error_code&quot;:3,&quot;status_code&quot;:1,&quot;error_str&quot;:&quot;Timeout&quot;,&quot;status_str&quot;:&quot;Connecting&quot;},{&quot;host&quot;:&quot;192.168.5.166&quot;,&quot;port&quot;:2088,&quot;nic&quot;:&quot;192.168.5.165&quot;,&quot;limit&quot;:0,&quot;is_backup&quot;:0,&quot;bitrate&quot;:2421713,&quot;up_time&quot;:340,&quot;error_code&quot;:0,&quot;status_code&quot;:3,&quot;error_str&quot;:&quot;None&quot;,&quot;status_str&quot;:&quot;Connected&quot;}],&quot;error&quot;:&quot;None&quot;,&quot;con_stat&quot;:&quot;Disconnected&quot;,&quot;bitrate&quot;:4627428,&quot;dest&quot;:&quot;bonded/bonded9&quot;},{&quot;mip&quot;:&quot;4000.ts&quot;,&quot;port&quot;:0,&quot;ip&quot;:&quot;file&quot;,&quot;in_name&quot;:&quot;bond&quot;,&quot;in_active&quot;:1,&quot;in_active_sources&quot;:0,&quot;prg_name&quot;:&quot;&quot;,&quot;prg_prov&quot;:&quot;&quot;,&quot;prg_num&quot;:-1,&quot;chan&quot;:&quot;&quot;,&quot;chan_id&quot;:-1,&quot;id&quot;:&quot;zixi://bonded(bonded3)#10.7.0.66:2088@10.7.0.65,192.168.60.66:2088@192.168.50.65,192.168.5.166:2088@192.168.5.165&quot;,&quot;type&quot;:2,&quot;name&quot;:&quot;bond3&quot;,&quot;asi&quot;:0,&quot;rtmp&quot;:0,&quot;file&quot;:1,&quot;active&quot;:1,&quot;group&quot;:&quot;&quot;,&quot;bonded&quot;:[{&quot;host&quot;:&quot;10.7.0.66&quot;,&quot;port&quot;:2088,&quot;nic&quot;:&quot;10.7.0.65&quot;,&quot;limit&quot;:0,&quot;is_backup&quot;:0,&quot;bitrate&quot;:2398781,&quot;up_time&quot;:373,&quot;error_code&quot;:0,&quot;status_code&quot;:3,&quot;error_str&quot;:&quot;None&quot;,&quot;status_str&quot;:&quot;Connected&quot;},{&quot;host&quot;:&quot;192.168.60.66&quot;,&quot;port&quot;:2088,&quot;nic&quot;:&quot;192.168.50.65&quot;,&quot;limit&quot;:0,&quot;is_backup&quot;:0,&quot;bitrate&quot;:0,&quot;up_time&quot;:0,&quot;error_code&quot;:3,&quot;status_code&quot;:1,&quot;error_str&quot;:&quot;Timeout&quot;,&quot;status_str&quot;:&quot;Connecting&quot;},{&quot;host&quot;:&quot;192.168.5.166&quot;,&quot;port&quot;:2088,&quot;nic&quot;:&quot;192.168.5.165&quot;,&quot;limit&quot;:0,&quot;is_backup&quot;:0,&quot;bitrate&quot;:2346543,&quot;up_time&quot;:362,&quot;error_code&quot;:0,&quot;status_code&quot;:3,&quot;error_str&quot;:&quot;None&quot;,&quot;status_str&quot;:&quot;Connected&quot;}],&quot;error&quot;:&quot;None&quot;,&quot;con_stat&quot;:&quot;Disconnected&quot;,&quot;bitrate&quot;:4670857,&quot;dest&quot;:&quot;bonded/bonded3&quot;},{&quot;mip&quot;:&quot;4000.ts&quot;,&quot;port&quot;:0,&quot;ip&quot;:&quot;file&quot;,&quot;in_name&quot;:&quot;bond&quot;,&quot;in_active&quot;:1,&quot;in_active_sources&quot;:0,&quot;prg_name&quot;:&quot;&quot;,&quot;prg_prov&quot;:&quot;&quot;,&quot;prg_num&quot;:-1,&quot;chan&quot;:&quot;&quot;,&quot;chan_id&quot;:-1,&quot;id&quot;:&quot;zixi://bonded(bonded14)#10.7.0.66:2088@10.7.0.65,192.168.60.66:2088@192.168.50.65,192.168.5.166:2088@192.168.5.165&quot;,&quot;type&quot;:2,&quot;name&quot;:&quot;bond14&quot;,&quot;asi&quot;:0,&quot;rtmp&quot;:0,&quot;file&quot;:1,&quot;active&quot;:1,&quot;group&quot;:&quot;&quot;,&quot;bonded&quot;:[{&quot;host&quot;:&quot;10.7.0.66&quot;,&quot;port&quot;:2088,&quot;nic&quot;:&quot;10.7.0.65&quot;,&quot;limit&quot;:0,&quot;is_backup&quot;:0,&quot;bitrate&quot;:2501827,&quot;up_time&quot;:139,&quot;error_code&quot;:0,&quot;status_code&quot;:3,&quot;error_str&quot;:&quot;None&quot;,&quot;status_str&quot;:&quot;Connected&quot;},{&quot;host&quot;:&quot;192.168.60.66&quot;,&quot;port&quot;:2088,&quot;nic&quot;:&quot;192.168.50.65&quot;,&quot;limit&quot;:0,&quot;is_backup&quot;:0,&quot;bitrate&quot;:0,&quot;up_time&quot;:0,&quot;error_code&quot;:3,&quot;status_code&quot;:1,&quot;error_str&quot;:&quot;Timeout&quot;,&quot;status_str&quot;:&quot;Connecting&quot;},{&quot;host&quot;:&quot;192.168.5.166&quot;,&quot;port&quot;:2088,&quot;nic&quot;:&quot;192.168.5.165&quot;,&quot;limit&quot;:0,&quot;is_backup&quot;:0,&quot;bitrate&quot;:2448368,&quot;up_time&quot;:113,&quot;error_code&quot;:0,&quot;status_code&quot;:3,&quot;error_str&quot;:&quot;None&quot;,&quot;status_str&quot;:&quot;Connected&quot;}],&quot;error&quot;:&quot;None&quot;,&quot;con_stat&quot;:&quot;Disconnected&quot;,&quot;bitrate&quot;:4883860,&quot;dest&quot;:&quot;bonded/bonded14&quot;},{&quot;mip&quot;:&quot;4000.ts&quot;,&quot;port&quot;:0,&quot;ip&quot;:&quot;file&quot;,&quot;in_name&quot;:&quot;bond&quot;,&quot;in_active&quot;:1,&quot;in_active_sources&quot;:0,&quot;prg_name&quot;:&quot;&quot;,&quot;prg_prov&quot;:&quot;&quot;,&quot;prg_num&quot;:-1,&quot;chan&quot;:&quot;&quot;,&quot;chan_id&quot;:-1,&quot;id&quot;:&quot;zixi://bonded(bonded15)#10.7.0.66:2088@10.7.0.65,192.168.60.66:2088@192.168.50.65,192.168.5.166:2088@192.168.5.165&quot;,&quot;type&quot;:2,&quot;name&quot;:&quot;bond15&quot;,&quot;asi&quot;:0,&quot;rtmp&quot;:0,&quot;file&quot;:1,&quot;active&quot;:1,&quot;group&quot;:&quot;&quot;,&quot;bonded&quot;:[{&quot;host&quot;:&quot;10.7.0.66&quot;,&quot;port&quot;:2088,&quot;nic&quot;:&quot;10.7.0.65&quot;,&quot;limit&quot;:0,&quot;is_backup&quot;:0,&quot;bitrate&quot;:2442530,&quot;up_time&quot;:18,&quot;error_code&quot;:0,&quot;status_code&quot;:3,&quot;error_str&quot;:&quot;None&quot;,&quot;status_str&quot;:&quot;Connected&quot;},{&quot;host&quot;:&quot;192.168.60.66&quot;,&quot;port&quot;:2088,&quot;nic&quot;:&quot;192.168.50.65&quot;,&quot;limit&quot;:0,&quot;is_backup&quot;:0,&quot;bitrate&quot;:0,&quot;up_time&quot;:0,&quot;error_code&quot;:3,&quot;status_code&quot;:1,&quot;error_str&quot;:&quot;Timeout&quot;,&quot;status_str&quot;:&quot;Connecting&quot;},{&quot;host&quot;:&quot;192.168.5.166&quot;,&quot;port&quot;:2088,&quot;nic&quot;:&quot;192.168.5.165&quot;,&quot;limit&quot;:0,&quot;is_backup&quot;:0,&quot;bitrate&quot;:2507742,&quot;up_time&quot;:346,&quot;error_code&quot;:0,&quot;status_code&quot;:3,&quot;error_str&quot;:&quot;None&quot;,&quot;status_str&quot;:&quot;Connected&quot;}],&quot;error&quot;:&quot;None&quot;,&quot;con_stat&quot;:&quot;Disconnected&quot;,&quot;bitrate&quot;:4884747,&quot;dest&quot;:&quot;bonded/bonded15&quot;},{&quot;mip&quot;:&quot;4000.ts&quot;,&quot;port&quot;:0,&quot;ip&quot;:&quot;file&quot;,&quot;in_name&quot;:&quot;bond&quot;,&quot;in_active&quot;:1,&quot;in_active_sources&quot;:0,&quot;prg_name&quot;:&quot;&quot;,&quot;prg_prov&quot;:&quot;&quot;,&quot;prg_num&quot;:-1,&quot;chan&quot;:&quot;&quot;,&quot;chan_id&quot;:-1,&quot;id&quot;:&quot;zixi://bonded(bonded10)#10.7.0.66:2088@10.7.0.65,192.168.60.66:2088@192.168.50.65,192.168.5.166:2088@192.168.5.165&quot;,&quot;type&quot;:2,&quot;name&quot;:&quot;bond10&quot;,&quot;asi&quot;:0,&quot;rtmp&quot;:0,&quot;file&quot;:1,&quot;active&quot;:1,&quot;group&quot;:&quot;&quot;,&quot;bonded&quot;:[{&quot;host&quot;:&quot;10.7.0.66&quot;,&quot;port&quot;:2088,&quot;nic&quot;:&quot;10.7.0.65&quot;,&quot;limit&quot;:0,&quot;is_backup&quot;:0,&quot;bitrate&quot;:2847832,&quot;up_time&quot;:532,&quot;error_code&quot;:0,&quot;status_code&quot;:3,&quot;error_str&quot;:&quot;None&quot;,&quot;status_str&quot;:&quot;Connected&quot;},{&quot;host&quot;:&quot;192.168.60.66&quot;,&quot;port&quot;:2088,&quot;nic&quot;:&quot;192.168.50.65&quot;,&quot;limit&quot;:0,&quot;is_backup&quot;:0,&quot;bitrate&quot;:0,&quot;up_time&quot;:0,&quot;error_code&quot;:3,&quot;status_code&quot;:1,&quot;error_str&quot;:&quot;Timeout&quot;,&quot;status_str&quot;:&quot;Connecting&quot;},{&quot;host&quot;:&quot;192.168.5.166&quot;,&quot;port&quot;:2088,&quot;nic&quot;:&quot;192.168.5.165&quot;,&quot;limit&quot;:0,&quot;is_backup&quot;:0,&quot;bitrate&quot;:0,&quot;up_time&quot;:0,&quot;error_code&quot;:3,&quot;status_code&quot;:1,&quot;error_str&quot;:&quot;Timeout&quot;,&quot;status_str&quot;:&quot;Connecting&quot;}],&quot;error&quot;:&quot;None&quot;,&quot;con_stat&quot;:&quot;Disconnected&quot;,&quot;bitrate&quot;:4868280,&quot;dest&quot;:&quot;bonded/bonded10&quot;},{&quot;mip&quot;:&quot;4000.ts&quot;,&quot;port&quot;:0,&quot;ip&quot;:&quot;file&quot;,&quot;in_name&quot;:&quot;bond&quot;,&quot;in_active&quot;:1,&quot;in_active_sources&quot;:0,&quot;prg_name&quot;:&quot;&quot;,&quot;prg_prov&quot;:&quot;&quot;,&quot;prg_num&quot;:-1,&quot;chan&quot;:&quot;&quot;,&quot;chan_id&quot;:-1,&quot;id&quot;:&quot;zixi://bonded(bonded11)#10.7.0.66:2088@10.7.0.65,192.168.60.66:2088@192.168.50.65,192.168.5.166:2088@192.168.5.165&quot;,&quot;type&quot;:2,&quot;name&quot;:&quot;bond11&quot;,&quot;asi&quot;:0,&quot;rtmp&quot;:0,&quot;file&quot;:1,&quot;active&quot;:1,&quot;group&quot;:&quot;&quot;,&quot;bonded&quot;:[{&quot;host&quot;:&quot;10.7.0.66&quot;,&quot;port&quot;:2088,&quot;nic&quot;:&quot;10.7.0.65&quot;,&quot;limit&quot;:0,&quot;is_backup&quot;:0,&quot;bitrate&quot;:2415887,&quot;up_time&quot;:55,&quot;error_code&quot;:0,&quot;status_code&quot;:3,&quot;error_str&quot;:&quot;None&quot;,&quot;status_str&quot;:&quot;Connected&quot;},{&quot;host&quot;:&quot;192.168.60.66&quot;,&quot;port&quot;:2088,&quot;nic&quot;:&quot;192.168.50.65&quot;,&quot;limit&quot;:0,&quot;is_backup&quot;:0,&quot;bitrate&quot;:0,&quot;up_time&quot;:0,&quot;error_code&quot;:3,&quot;status_code&quot;:1,&quot;error_str&quot;:&quot;Timeout&quot;,&quot;status_str&quot;:&quot;Connecting&quot;},{&quot;host&quot;:&quot;192.168.5.166&quot;,&quot;port&quot;:2088,&quot;nic&quot;:&quot;192.168.5.165&quot;,&quot;limit&quot;:0,&quot;is_backup&quot;:0,&quot;bitrate&quot;:2519296,&quot;up_time&quot;:15,&quot;error_code&quot;:0,&quot;status_code&quot;:3,&quot;error_str&quot;:&quot;None&quot;,&quot;status_str&quot;:&quot;Connected&quot;}],&quot;error&quot;:&quot;None&quot;,&quot;con_stat&quot;:&quot;Disconnected&quot;,&quot;bitrate&quot;:4874021,&quot;dest&quot;:&quot;bonded/bonded11&quot;},{&quot;mip&quot;:&quot;4000.ts&quot;,&quot;port&quot;:0,&quot;ip&quot;:&quot;file&quot;,&quot;in_name&quot;:&quot;bond&quot;,&quot;in_active&quot;:1,&quot;in_active_sources&quot;:0,&quot;prg_name&quot;:&quot;&quot;,&quot;prg_prov&quot;:&quot;&quot;,&quot;prg_num&quot;:-1,&quot;chan&quot;:&quot;&quot;,&quot;chan_id&quot;:-1,&quot;id&quot;:&quot;zixi://bonded(bonded18)#10.7.0.66:2088@10.7.0.65,192.168.60.66:2088@192.168.50.65,192.168.5.166:2088@192.168.5.165&quot;,&quot;type&quot;:2,&quot;name&quot;:&quot;bond18&quot;,&quot;asi&quot;:0,&quot;rtmp&quot;:0,&quot;file&quot;:1,&quot;active&quot;:1,&quot;group&quot;:&quot;&quot;,&quot;bonded&quot;:[{&quot;host&quot;:&quot;10.7.0.66&quot;,&quot;port&quot;:2088,&quot;nic&quot;:&quot;10.7.0.65&quot;,&quot;limit&quot;:0,&quot;is_backup&quot;:0,&quot;bitrate&quot;:0,&quot;up_time&quot;:355,&quot;error_code&quot;:0,&quot;status_code&quot;:0,&quot;error_str&quot;:&quot;None&quot;,&quot;status_str&quot;:&quot;Offline&quot;},{&quot;host&quot;:&quot;192.168.60.66&quot;,&quot;port&quot;:2088,&quot;nic&quot;:&quot;192.168.50.65&quot;,&quot;limit&quot;:0,&quot;is_backup&quot;:0,&quot;bitrate&quot;:0,&quot;up_time&quot;:0,&quot;error_code&quot;:3,&quot;status_code&quot;:1,&quot;error_str&quot;:&quot;Timeout&quot;,&quot;status_str&quot;:&quot;Connecting&quot;},{&quot;host&quot;:&quot;192.168.5.166&quot;,&quot;port&quot;:2088,&quot;nic&quot;:&quot;192.168.5.165&quot;,&quot;limit&quot;:0,&quot;is_backup&quot;:0,&quot;bitrate&quot;:2737150,&quot;up_time&quot;:355,&quot;error_code&quot;:0,&quot;status_code&quot;:3,&quot;error_str&quot;:&quot;None&quot;,&quot;status_str&quot;:&quot;Connected&quot;}],&quot;error&quot;:&quot;None&quot;,&quot;con_stat&quot;:&quot;Disconnected&quot;,&quot;bitrate&quot;:5636979,&quot;dest&quot;:&quot;bonded/bonded18&quot;}]}
Debug printing ------&gt;&gt;&gt; {&quot;custom_data&quot;:&quot;&quot;,&quot;msg&quot;:&quot;Output deleted.&quot;,&quot;error&quot;:&quot;&quot;,&quot;outs&quot;:[{&quot;mip&quot;:&quot;live_recording.ts&quot;,&quot;port&quot;:0,&quot;ip&quot;:&quot;file&quot;,&quot;in_name&quot;:&quot;feederoutputname&quot;,&quot;in_active&quot;:1,&quot;in_active_sources&quot;:0,&quot;prg_name&quot;:&quot;&quot;,&quot;prg_prov&quot;:&quot;&quot;,&quot;prg_num&quot;:1,&quot;chan&quot;:&quot;&quot;,&quot;chan_id&quot;:-1,&quot;id&quot;:&quot;zixi://10.7.0.66:2088/feederout&quot;,&quot;type&quot;:2,&quot;name&quot;:&quot;feederoutputname&quot;,&quot;asi&quot;:0,&quot;rtmp&quot;:0,&quot;file&quot;:1,&quot;active&quot;:1,&quot;group&quot;:&quot;&quot;,&quot;error&quot;:&quot;None&quot;,&quot;con_stat&quot;:&quot;Disconnected&quot;,&quot;bitrate&quot;:0,&quot;dest&quot;:&quot;10.7.0.66:2088/feederout&quot;},{&quot;mip&quot;:&quot;4000.ts&quot;,&quot;port&quot;:0,&quot;ip&quot;:&quot;file&quot;,&quot;in_name&quot;:&quot;bond&quot;,&quot;in_active&quot;:1,&quot;in_active_sources&quot;:0,&quot;prg_name&quot;:&quot;&quot;,&quot;prg_prov&quot;:&quot;&quot;,&quot;prg_num&quot;:-1,&quot;chan&quot;:&quot;&quot;,&quot;chan_id&quot;:-1,&quot;id&quot;:&quot;zixi://bonded(bonded0)#10.7.0.66:2088@10.7.0.65,192.168.60.66:2088@192.168.50.65,192.168.5.166:2088@192.168.5.165&quot;,&quot;type&quot;:2,&quot;name&quot;:&quot;bond0&quot;,&quot;asi&quot;:0,&quot;rtmp&quot;:0,&quot;file&quot;:1,&quot;active&quot;:1,&quot;group&quot;:&quot;&quot;,&quot;bonded&quot;:[{&quot;host&quot;:&quot;10.7.0.66&quot;,&quot;port&quot;:2088,&quot;nic&quot;:&quot;10.7.0.65&quot;,&quot;limit&quot;:0,&quot;is_backup&quot;:0,&quot;bitrate&quot;:2352869,&quot;up_time&quot;:202,&quot;error_code&quot;:0,&quot;status_code&quot;:3,&quot;error_str&quot;:&quot;None&quot;,&quot;status_str&quot;:&quot;Connected&quot;},{&quot;host&quot;:&quot;192.168.60.66&quot;,&quot;port&quot;:2088,&quot;nic&quot;:&quot;192.168.50.65&quot;,&quot;limit&quot;:0,&quot;is_backup&quot;:0,&quot;bitrate&quot;:0,&quot;up_time&quot;:0,&quot;error_code&quot;:3,&quot;status_code&quot;:1,&quot;error_str&quot;:&quot;Timeout&quot;,&quot;status_str&quot;:&quot;Connecting&quot;},{&quot;host&quot;:&quot;192.168.5.166&quot;,&quot;port&quot;:2088,&quot;nic&quot;:&quot;192.168.5.165&quot;,&quot;limit&quot;:0,&quot;is_backup&quot;:0,&quot;bitrate&quot;:2336360,&quot;up_time&quot;:562,&quot;error_code&quot;:0,&quot;status_code&quot;:3,&quot;error_str&quot;:&quot;None&quot;,&quot;status_str&quot;:&quot;Connected&quot;}],&quot;error&quot;:&quot;None&quot;,&quot;con_stat&quot;:&quot;Disconnected&quot;,&quot;bitrate&quot;:4616703,&quot;dest&quot;:&quot;bonded/bonded0&quot;},{&quot;mip&quot;:&quot;4000.ts&quot;,&quot;port&quot;:0,&quot;ip&quot;:&quot;file&quot;,&quot;in_name&quot;:&quot;bond&quot;,&quot;in_active&quot;:1,&quot;in_active_sources&quot;:0,&quot;prg_name&quot;:&quot;&quot;,&quot;prg_prov&quot;:&quot;&quot;,&quot;prg_num&quot;:-1,&quot;chan&quot;:&quot;&quot;,&quot;chan_id&quot;:-1,&quot;id&quot;:&quot;zixi://bonded(bonded4)#10.7.0.66:2088@10.7.0.65,192.168.60.66:2088@192.168.50.65,192.168.5.166:2088@192.168.5.165&quot;,&quot;type&quot;:2,&quot;name&quot;:&quot;bond4&quot;,&quot;asi&quot;:0,&quot;rtmp&quot;:0,&quot;file&quot;:1,&quot;active&quot;:1,&quot;group&quot;:&quot;&quot;,&quot;bonded&quot;:[{&quot;host&quot;:&quot;10.7.0.66&quot;,&quot;port&quot;:2088,&quot;nic&quot;:&quot;10.7.0.65&quot;,&quot;limit&quot;:0,&quot;is_backup&quot;:0,&quot;bitrate&quot;:2576848,&quot;up_time&quot;:86,&quot;error_code&quot;:0,&quot;status_code&quot;:3,&quot;error_str&quot;:&quot;None&quot;,&quot;status_str&quot;:&quot;Connected&quot;},{&quot;host&quot;:&quot;192.168.60.66&quot;,&quot;port&quot;:2088,&quot;nic&quot;:&quot;192.168.50.65&quot;,&quot;limit&quot;:0,&quot;is_backup&quot;:0,&quot;bitrate&quot;:0,&quot;up_time&quot;:0,&quot;error_code&quot;:3,&quot;status_code&quot;:1,&quot;error_str&quot;:&quot;Timeout&quot;,&quot;status_str&quot;:&quot;Connecting&quot;},{&quot;host&quot;:&quot;192.168.5.166&quot;,&quot;port&quot;:2088,&quot;nic&quot;:&quot;192.168.5.165&quot;,&quot;limit&quot;:0,&quot;is_backup&quot;:0,&quot;bitrate&quot;:2439975,&quot;up_time&quot;:75,&quot;error_code&quot;:0,&quot;status_code&quot;:3,&quot;error_str&quot;:&quot;None&quot;,&quot;status_str&quot;:&quot;Connected&quot;}],&quot;error&quot;:&quot;None&quot;,&quot;con_stat&quot;:&quot;Disconnected&quot;,&quot;bitrate&quot;:4950617,&quot;dest&quot;:&quot;bonded/bonded4&quot;},{&quot;mip&quot;:&quot;4000.ts&quot;,&quot;port&quot;:0,&quot;ip&quot;:&quot;file&quot;,&quot;in_name&quot;:&quot;bond&quot;,&quot;in_active&quot;:1,&quot;in_active_sources&quot;:0,&quot;prg_name&quot;:&quot;&quot;,&quot;prg_prov&quot;:&quot;&quot;,&quot;prg_num&quot;:-1,&quot;chan&quot;:&quot;&quot;,&quot;chan_id&quot;:-1,&quot;id&quot;:&quot;zixi://bonded(bonded2)#10.7.0.66:2088@10.7.0.65,192.168.60.66:2088@192.168.50.65,192.168.5.166:2088@192.168.5.165&quot;,&quot;type&quot;:2,&quot;name&quot;:&quot;bond2&quot;,&quot;asi&quot;:0,&quot;rtmp&quot;:0,&quot;file&quot;:1,&quot;active&quot;:1,&quot;group&quot;:&quot;&quot;,&quot;bonded&quot;:[{&quot;host&quot;:&quot;10.7.0.66&quot;,&quot;port&quot;:2088,&quot;nic&quot;:&quot;10.7.0.65&quot;,&quot;limit&quot;:0,&quot;is_backup&quot;:0,&quot;bitrate&quot;:2340224,&quot;up_time&quot;:356,&quot;error_code&quot;:0,&quot;status_code&quot;:3,&quot;error_str&quot;:&quot;None&quot;,&quot;status_str&quot;:&quot;Connected&quot;},{&quot;host&quot;:&quot;192.168.60.66&quot;,&quot;port&quot;:2088,&quot;nic&quot;:&quot;192.168.50.65&quot;,&quot;limit&quot;:0,&quot;is_backup&quot;:0,&quot;bitrate&quot;:0,&quot;up_time&quot;:0,&quot;error_code&quot;:3,&quot;status_code&quot;:1,&quot;error_str&quot;:&quot;Timeout&quot;,&quot;status_str&quot;:&quot;Connecting&quot;},{&quot;host&quot;:&quot;192.168.5.166&quot;,&quot;port&quot;:2088,&quot;nic&quot;:&quot;192.168.5.165&quot;,&quot;limit&quot;:0,&quot;is_backup&quot;:0,&quot;bitrate&quot;:2008666,&quot;up_time&quot;:365,&quot;error_code&quot;:0,&quot;status_code&quot;:3,&quot;error_str&quot;:&quot;None&quot;,&quot;status_str&quot;:&quot;Connected&quot;}],&quot;error&quot;:&quot;None&quot;,&quot;con_stat&quot;:&quot;Disconnected&quot;,&quot;bitrate&quot;:4392840,&quot;dest&quot;:&quot;bonded/bonded2&quot;},{&quot;mip&quot;:&quot;4000.ts&quot;,&quot;port&quot;:0,&quot;ip&quot;:&quot;file&quot;,&quot;in_name&quot;:&quot;bond&quot;,&quot;in_active&quot;:1,&quot;in_active_sources&quot;:0,&quot;prg_name&quot;:&quot;&quot;,&quot;prg_prov&quot;:&quot;&quot;,&quot;prg_num&quot;:-1,&quot;chan&quot;:&quot;&quot;,&quot;chan_id&quot;:-1,&quot;id&quot;:&quot;zixi://bonded(bonded1)#10.7.0.66:2088@10.7.0.65,192.168.60.66:2088@192.168.50.65,192.168.5.166:2088@192.168.5.165&quot;,&quot;type&quot;:2,&quot;name&quot;:&quot;bond1&quot;,&quot;asi&quot;:0,&quot;rtmp&quot;:0,&quot;file&quot;:1,&quot;active&quot;:1,&quot;group&quot;:&quot;&quot;,&quot;bonded&quot;:[{&quot;host&quot;:&quot;10.7.0.66&quot;,&quot;port&quot;:2088,&quot;nic&quot;:&quot;10.7.0.65&quot;,&quot;limit&quot;:0,&quot;is_backup&quot;:0,&quot;bitrate&quot;:3608842,&quot;up_time&quot;:28,&quot;error_code&quot;:0,&quot;status_code&quot;:3,&quot;error_str&quot;:&quot;None&quot;,&quot;status_str&quot;:&quot;Connected&quot;},{&quot;host&quot;:&quot;192.168.60.66&quot;,&quot;port&quot;:2088,&quot;nic&quot;:&quot;192.168.50.65&quot;,&quot;limit&quot;:0,&quot;is_backup&quot;:0,&quot;bitrate&quot;:0,&quot;up_time&quot;:0,&quot;error_code&quot;:3,&quot;status_code&quot;:1,&quot;error_str&quot;:&quot;Timeout&quot;,&quot;status_str&quot;:&quot;Connecting&quot;},{&quot;host&quot;:&quot;192.168.5.166&quot;,&quot;port&quot;:2088,&quot;nic&quot;:&quot;192.168.5.165&quot;,&quot;limit&quot;:0,&quot;is_backup&quot;:0,&quot;bitrate&quot;:0,&quot;up_time&quot;:0,&quot;error_code&quot;:3,&quot;status_code&quot;:1,&quot;error_str&quot;:&quot;Timeout&quot;,&quot;status_str&quot;:&quot;Connecting&quot;}],&quot;error&quot;:&quot;None&quot;,&quot;con_stat&quot;:&quot;Disconnected&quot;,&quot;bitrate&quot;:3565418,&quot;dest&quot;:&quot;bonded/bonded1&quot;},{&quot;mip&quot;:&quot;4000.ts&quot;,&quot;port&quot;:0,&quot;ip&quot;:&quot;file&quot;,&quot;in_name&quot;:&quot;bond&quot;,&quot;in_active&quot;:1,&quot;in_active_sources&quot;:0,&quot;prg_name&quot;:&quot;&quot;,&quot;prg_prov&quot;:&quot;&quot;,&quot;prg_num&quot;:-1,&quot;chan&quot;:&quot;&quot;,&quot;chan_id&quot;:-1,&quot;id&quot;:&quot;zixi://bonded(bonded8)#10.7.0.66:2088@10.7.0.65,192.168.60.66:2088@192.168.50.65,192.168.5.166:2088@192.168.5.165&quot;,&quot;type&quot;:2,&quot;name&quot;:&quot;bond8&quot;,&quot;asi&quot;:0,&quot;rtmp&quot;:0,&quot;file&quot;:1,&quot;active&quot;:1,&quot;group&quot;:&quot;&quot;,&quot;bonded&quot;:[{&quot;host&quot;:&quot;10.7.0.66&quot;,&quot;port&quot;:2088,&quot;nic&quot;:&quot;10.7.0.65&quot;,&quot;limit&quot;:0,&quot;is_backup&quot;:0,&quot;bitrate&quot;:2327727,&quot;up_time&quot;:193,&quot;error_code&quot;:0,&quot;status_code&quot;:3,&quot;error_str&quot;:&quot;None&quot;,&quot;status_str&quot;:&quot;Connected&quot;},{&quot;host&quot;:&quot;192.168.60.66&quot;,&quot;port&quot;:2088,&quot;nic&quot;:&quot;192.168.50.65&quot;,&quot;limit&quot;:0,&quot;is_backup&quot;:0,&quot;bitrate&quot;:0,&quot;up_time&quot;:0,&quot;error_code&quot;:3,&quot;status_code&quot;:1,&quot;error_str&quot;:&quot;Timeout&quot;,&quot;status_str&quot;:&quot;Connecting&quot;},{&quot;host&quot;:&quot;192.168.5.166&quot;,&quot;port&quot;:2088,&quot;nic&quot;:&quot;192.168.5.165&quot;,&quot;limit&quot;:0,&quot;is_backup&quot;:0,&quot;bitrate&quot;:2349446,&quot;up_time&quot;:193,&quot;error_code&quot;:0,&quot;status_code&quot;:3,&quot;error_str&quot;:&quot;None&quot;,&quot;status_str&quot;:&quot;Connected&quot;}],&quot;error&quot;:&quot;None&quot;,&quot;con_stat&quot;:&quot;Disconnected&quot;,&quot;bitrate&quot;:4610717,&quot;dest&quot;:&quot;bonded/bonded8&quot;},{&quot;mip&quot;:&quot;4000.ts&quot;,&quot;port&quot;:0,&quot;ip&quot;:&quot;file&quot;,&quot;in_name&quot;:&quot;bond&quot;,&quot;in_active&quot;:1,&quot;in_active_sources&quot;:0,&quot;prg_name&quot;:&quot;&quot;,&quot;prg_prov&quot;:&quot;&quot;,&quot;prg_num&quot;:-1,&quot;chan&quot;:&quot;&quot;,&quot;chan_id&quot;:-1,&quot;id&quot;:&quot;zixi://bonded(bonded7)#10.7.0.66:2088@10.7.0.65,192.168.60.66:2088@192.168.50.65,192.168.5.166:2088@192.168.5.165&quot;,&quot;type&quot;:2,&quot;name&quot;:&quot;bond7&quot;,&quot;asi&quot;:0,&quot;rtmp&quot;:0,&quot;file&quot;:1,&quot;active&quot;:1,&quot;group&quot;:&quot;&quot;,&quot;bonded&quot;:[{&quot;host&quot;:&quot;10.7.0.66&quot;,&quot;port&quot;:2088,&quot;nic&quot;:&quot;10.7.0.65&quot;,&quot;limit&quot;:0,&quot;is_backup&quot;:0,&quot;bitrate&quot;:2543503,&quot;up_time&quot;:63,&quot;error_code&quot;:0,&quot;status_code&quot;:3,&quot;error_str&quot;:&quot;None&quot;,&quot;status_str&quot;:&quot;Connected&quot;},{&quot;host&quot;:&quot;192.168.60.66&quot;,&quot;port&quot;:2088,&quot;nic&quot;:&quot;192.168.50.65&quot;,&quot;limit&quot;:0,&quot;is_backup&quot;:0,&quot;bitrate&quot;:0,&quot;up_time&quot;:0,&quot;error_code&quot;:3,&quot;status_code&quot;:1,&quot;error_str&quot;:&quot;Timeout&quot;,&quot;status_str&quot;:&quot;Connecting&quot;},{&quot;host&quot;:&quot;192.168.5.166&quot;,&quot;port&quot;:2088,&quot;nic&quot;:&quot;192.168.5.165&quot;,&quot;limit&quot;:0,&quot;is_backup&quot;:0,&quot;bitrate&quot;:2405034,&quot;up_time&quot;:67,&quot;error_code&quot;:0,&quot;status_code&quot;:3,&quot;error_str&quot;:&quot;None&quot;,&quot;status_str&quot;:&quot;Connected&quot;}],&quot;error&quot;:&quot;None&quot;,&quot;con_stat&quot;:&quot;Disconnected&quot;,&quot;bitrate&quot;:4895352,&quot;dest&quot;:&quot;bonded/bonded7&quot;},{&quot;mip&quot;:&quot;4000.ts&quot;,&quot;port&quot;:0,&quot;ip&quot;:&quot;file&quot;,&quot;in_name&quot;:&quot;bond&quot;,&quot;in_active&quot;:1,&quot;in_active_sources&quot;:0,&quot;prg_name&quot;:&quot;&quot;,&quot;prg_prov&quot;:&quot;&quot;,&quot;prg_num&quot;:-1,&quot;chan&quot;:&quot;&quot;,&quot;chan_id&quot;:-1,&quot;id&quot;:&quot;zixi://bonded(bonded5)#10.7.0.66:2088@10.7.0.65,192.168.60.66:2088@192.168.50.65,192.168.5.166:2088@192.168.5.165&quot;,&quot;type&quot;:2,&quot;name&quot;:&quot;bond5&quot;,&quot;asi&quot;:0,&quot;rtmp&quot;:0,&quot;file&quot;:1,&quot;active&quot;:1,&quot;group&quot;:&quot;&quot;,&quot;bonded&quot;:[{&quot;host&quot;:&quot;10.7.0.66&quot;,&quot;port&quot;:2088,&quot;nic&quot;:&quot;10.7.0.65&quot;,&quot;limit&quot;:0,&quot;is_backup&quot;:0,&quot;bitrate&quot;:4061309,&quot;up_time&quot;:55,&quot;error_code&quot;:0,&quot;status_code&quot;:3,&quot;error_str&quot;:&quot;None&quot;,&quot;status_str&quot;:&quot;Connected&quot;},{&quot;host&quot;:&quot;192.168.60.66&quot;,&quot;port&quot;:2088,&quot;nic&quot;:&quot;192.168.50.65&quot;,&quot;limit&quot;:0,&quot;is_backup&quot;:0,&quot;bitrate&quot;:0,&quot;up_time&quot;:0,&quot;error_code&quot;:3,&quot;status_code&quot;:1,&quot;error_str&quot;:&quot;Timeout&quot;,&quot;status_str&quot;:&quot;Connecting&quot;},{&quot;host&quot;:&quot;192.168.5.166&quot;,&quot;port&quot;:2088,&quot;nic&quot;:&quot;192.168.5.165&quot;,&quot;limit&quot;:0,&quot;is_backup&quot;:0,&quot;bitrate&quot;:998481,&quot;up_time&quot;:151,&quot;error_code&quot;:0,&quot;status_code&quot;:3,&quot;error_str&quot;:&quot;None&quot;,&quot;status_str&quot;:&quot;Connected&quot;}],&quot;error&quot;:&quot;None&quot;,&quot;con_stat&quot;:&quot;Disconnected&quot;,&quot;bitrate&quot;:4638033,&quot;dest&quot;:&quot;bonded/bonded5&quot;},{&quot;mip&quot;:&quot;4000.ts&quot;,&quot;port&quot;:0,&quot;ip&quot;:&quot;file&quot;,&quot;in_name&quot;:&quot;bond&quot;,&quot;in_active&quot;:1,&quot;in_active_sources&quot;:0,&quot;prg_name&quot;:&quot;&quot;,&quot;prg_prov&quot;:&quot;&quot;,&quot;prg_num&quot;:-1,&quot;chan&quot;:&quot;&quot;,&quot;chan_id&quot;:-1,&quot;id&quot;:&quot;zixi://bonded(bonded9)#10.7.0.66:2088@10.7.0.65,192.168.60.66:2088@192.168.50.65,192.168.5.166:2088@192.168.5.165&quot;,&quot;type&quot;:2,&quot;name&quot;:&quot;bond9&quot;,&quot;asi&quot;:0,&quot;rtmp&quot;:0,&quot;file&quot;:1,&quot;active&quot;:1,&quot;group&quot;:&quot;&quot;,&quot;bonded&quot;:[{&quot;host&quot;:&quot;10.7.0.66&quot;,&quot;port&quot;:2088,&quot;nic&quot;:&quot;10.7.0.65&quot;,&quot;limit&quot;:0,&quot;is_backup&quot;:0,&quot;bitrate&quot;:2278273,&quot;up_time&quot;:381,&quot;error_code&quot;:0,&quot;status_code&quot;:3,&quot;error_str&quot;:&quot;None&quot;,&quot;status_str&quot;:&quot;Connected&quot;},{&quot;host&quot;:&quot;192.168.60.66&quot;,&quot;port&quot;:2088,&quot;nic&quot;:&quot;192.168.50.65&quot;,&quot;limit&quot;:0,&quot;is_backup&quot;:0,&quot;bitrate&quot;:0,&quot;up_time&quot;:0,&quot;error_code&quot;:3,&quot;status_code&quot;:1,&quot;error_str&quot;:&quot;Timeout&quot;,&quot;status_str&quot;:&quot;Connecting&quot;},{&quot;host&quot;:&quot;192.168.5.166&quot;,&quot;port&quot;:2088,&quot;nic&quot;:&quot;192.168.5.165&quot;,&quot;limit&quot;:0,&quot;is_backup&quot;:0,&quot;bitrate&quot;:2421713,&quot;up_time&quot;:340,&quot;error_code&quot;:0,&quot;status_code&quot;:3,&quot;error_str&quot;:&quot;None&quot;,&quot;status_str&quot;:&quot;Connected&quot;}],&quot;error&quot;:&quot;None&quot;,&quot;con_stat&quot;:&quot;Disconnected&quot;,&quot;bitrate&quot;:4627428,&quot;dest&quot;:&quot;bonded/bonded9&quot;},{&quot;mip&quot;:&quot;4000.ts&quot;,&quot;port&quot;:0,&quot;ip&quot;:&quot;file&quot;,&quot;in_name&quot;:&quot;bond&quot;,&quot;in_active&quot;:1,&quot;in_active_sources&quot;:0,&quot;prg_name&quot;:&quot;&quot;,&quot;prg_prov&quot;:&quot;&quot;,&quot;prg_num&quot;:-1,&quot;chan&quot;:&quot;&quot;,&quot;chan_id&quot;:-1,&quot;id&quot;:&quot;zixi://bonded(bonded3)#10.7.0.66:2088@10.7.0.65,192.168.60.66:2088@192.168.50.65,192.168.5.166:2088@192.168.5.165&quot;,&quot;type&quot;:2,&quot;name&quot;:&quot;bond3&quot;,&quot;asi&quot;:0,&quot;rtmp&quot;:0,&quot;file&quot;:1,&quot;active&quot;:1,&quot;group&quot;:&quot;&quot;,&quot;bonded&quot;:[{&quot;host&quot;:&quot;10.7.0.66&quot;,&quot;port&quot;:2088,&quot;nic&quot;:&quot;10.7.0.65&quot;,&quot;limit&quot;:0,&quot;is_backup&quot;:0,&quot;bitrate&quot;:2398781,&quot;up_time&quot;:373,&quot;error_code&quot;:0,&quot;status_code&quot;:3,&quot;error_str&quot;:&quot;None&quot;,&quot;status_str&quot;:&quot;Connected&quot;},{&quot;host&quot;:&quot;192.168.60.66&quot;,&quot;port&quot;:2088,&quot;nic&quot;:&quot;192.168.50.65&quot;,&quot;limit&quot;:0,&quot;is_backup&quot;:0,&quot;bitrate&quot;:0,&quot;up_time&quot;:0,&quot;error_code&quot;:3,&quot;status_code&quot;:1,&quot;error_str&quot;:&quot;Timeout&quot;,&quot;status_str&quot;:&quot;Connecting&quot;},{&quot;host&quot;:&quot;192.168.5.166&quot;,&quot;port&quot;:2088,&quot;nic&quot;:&quot;192.168.5.165&quot;,&quot;limit&quot;:0,&quot;is_backup&quot;:0,&quot;bitrate&quot;:2346543,&quot;up_time&quot;:362,&quot;error_code&quot;:0,&quot;status_code&quot;:3,&quot;error_str&quot;:&quot;None&quot;,&quot;status_str&quot;:&quot;Connected&quot;}],&quot;error&quot;:&quot;None&quot;,&quot;con_stat&quot;:&quot;Disconnected&quot;,&quot;bitrate&quot;:4670857,&quot;dest&quot;:&quot;bonded/bonded3&quot;},{&quot;mip&quot;:&quot;4000.ts&quot;,&quot;port&quot;:0,&quot;ip&quot;:&quot;file&quot;,&quot;in_name&quot;:&quot;bond&quot;,&quot;in_active&quot;:1,&quot;in_active_sources&quot;:0,&quot;prg_name&quot;:&quot;&quot;,&quot;prg_prov&quot;:&quot;&quot;,&quot;prg_num&quot;:-1,&quot;chan&quot;:&quot;&quot;,&quot;chan_id&quot;:-1,&quot;id&quot;:&quot;zixi://bonded(bonded14)#10.7.0.66:2088@10.7.0.65,192.168.60.66:2088@192.168.50.65,192.168.5.166:2088@192.168.5.165&quot;,&quot;type&quot;:2,&quot;name&quot;:&quot;bond14&quot;,&quot;asi&quot;:0,&quot;rtmp&quot;:0,&quot;file&quot;:1,&quot;active&quot;:1,&quot;group&quot;:&quot;&quot;,&quot;bonded&quot;:[{&quot;host&quot;:&quot;10.7.0.66&quot;,&quot;port&quot;:2088,&quot;nic&quot;:&quot;10.7.0.65&quot;,&quot;limit&quot;:0,&quot;is_backup&quot;:0,&quot;bitrate&quot;:2501827,&quot;up_time&quot;:139,&quot;error_code&quot;:0,&quot;status_code&quot;:3,&quot;error_str&quot;:&quot;None&quot;,&quot;status_str&quot;:&quot;Connected&quot;},{&quot;host&quot;:&quot;192.168.60.66&quot;,&quot;port&quot;:2088,&quot;nic&quot;:&quot;192.168.50.65&quot;,&quot;limit&quot;:0,&quot;is_backup&quot;:0,&quot;bitrate&quot;:0,&quot;up_time&quot;:0,&quot;error_code&quot;:3,&quot;status_code&quot;:1,&quot;error_str&quot;:&quot;Timeout&quot;,&quot;status_str&quot;:&quot;Connecting&quot;},{&quot;host&quot;:&quot;192.168.5.166&quot;,&quot;port&quot;:2088,&quot;nic&quot;:&quot;192.168.5.165&quot;,&quot;limit&quot;:0,&quot;is_backup&quot;:0,&quot;bitrate&quot;:2448368,&quot;up_time&quot;:113,&quot;error_code&quot;:0,&quot;status_code&quot;:3,&quot;error_str&quot;:&quot;None&quot;,&quot;status_str&quot;:&quot;Connected&quot;}],&quot;error&quot;:&quot;None&quot;,&quot;con_stat&quot;:&quot;Disconnected&quot;,&quot;bitrate&quot;:4883860,&quot;dest&quot;:&quot;bonded/bonded14&quot;},{&quot;mip&quot;:&quot;4000.ts&quot;,&quot;port&quot;:0,&quot;ip&quot;:&quot;file&quot;,&quot;in_name&quot;:&quot;bond&quot;,&quot;in_active&quot;:1,&quot;in_active_sources&quot;:0,&quot;prg_name&quot;:&quot;&quot;,&quot;prg_prov&quot;:&quot;&quot;,&quot;prg_num&quot;:-1,&quot;chan&quot;:&quot;&quot;,&quot;chan_id&quot;:-1,&quot;id&quot;:&quot;zixi://bonded(bonded15)#10.7.0.66:2088@10.7.0.65,192.168.60.66:2088@192.168.50.65,192.168.5.166:2088@192.168.5.165&quot;,&quot;type&quot;:2,&quot;name&quot;:&quot;bond15&quot;,&quot;asi&quot;:0,&quot;rtmp&quot;:0,&quot;file&quot;:1,&quot;active&quot;:1,&quot;group&quot;:&quot;&quot;,&quot;bonded&quot;:[{&quot;host&quot;:&quot;10.7.0.66&quot;,&quot;port&quot;:2088,&quot;nic&quot;:&quot;10.7.0.65&quot;,&quot;limit&quot;:0,&quot;is_backup&quot;:0,&quot;bitrate&quot;:2442530,&quot;up_time&quot;:18,&quot;error_code&quot;:0,&quot;status_code&quot;:3,&quot;error_str&quot;:&quot;None&quot;,&quot;status_str&quot;:&quot;Connected&quot;},{&quot;host&quot;:&quot;192.168.60.66&quot;,&quot;port&quot;:2088,&quot;nic&quot;:&quot;192.168.50.65&quot;,&quot;limit&quot;:0,&quot;is_backup&quot;:0,&quot;bitrate&quot;:0,&quot;up_time&quot;:0,&quot;error_code&quot;:3,&quot;status_code&quot;:1,&quot;error_str&quot;:&quot;Timeout&quot;,&quot;status_str&quot;:&quot;Connecting&quot;},{&quot;host&quot;:&quot;192.168.5.166&quot;,&quot;port&quot;:2088,&quot;nic&quot;:&quot;192.168.5.165&quot;,&quot;limit&quot;:0,&quot;is_backup&quot;:0,&quot;bitrate&quot;:2507742,&quot;up_time&quot;:346,&quot;error_code&quot;:0,&quot;status_code&quot;:3,&quot;error_str&quot;:&quot;None&quot;,&quot;status_str&quot;:&quot;Connected&quot;}],&quot;error&quot;:&quot;None&quot;,&quot;con_stat&quot;:&quot;Disconnected&quot;,&quot;bitrate&quot;:4884747,&quot;dest&quot;:&quot;bonded/bonded15&quot;},{&quot;mip&quot;:&quot;4000.ts&quot;,&quot;port&quot;:0,&quot;ip&quot;:&quot;file&quot;,&quot;in_name&quot;:&quot;bond&quot;,&quot;in_active&quot;:1,&quot;in_active_sources&quot;:0,&quot;prg_name&quot;:&quot;&quot;,&quot;prg_prov&quot;:&quot;&quot;,&quot;prg_num&quot;:-1,&quot;chan&quot;:&quot;&quot;,&quot;chan_id&quot;:-1,&quot;id&quot;:&quot;zixi://bonded(bonded10)#10.7.0.66:2088@10.7.0.65,192.168.60.66:2088@192.168.50.65,192.168.5.166:2088@192.168.5.165&quot;,&quot;type&quot;:2,&quot;name&quot;:&quot;bond10&quot;,&quot;asi&quot;:0,&quot;rtmp&quot;:0,&quot;file&quot;:1,&quot;active&quot;:1,&quot;group&quot;:&quot;&quot;,&quot;bonded&quot;:[{&quot;host&quot;:&quot;10.7.0.66&quot;,&quot;port&quot;:2088,&quot;nic&quot;:&quot;10.7.0.65&quot;,&quot;limit&quot;:0,&quot;is_backup&quot;:0,&quot;bitrate&quot;:2847832,&quot;up_time&quot;:532,&quot;error_code&quot;:0,&quot;status_code&quot;:3,&quot;error_str&quot;:&quot;None&quot;,&quot;status_str&quot;:&quot;Connected&quot;},{&quot;host&quot;:&quot;192.168.60.66&quot;,&quot;port&quot;:2088,&quot;nic&quot;:&quot;192.168.50.65&quot;,&quot;limit&quot;:0,&quot;is_backup&quot;:0,&quot;bitrate&quot;:0,&quot;up_time&quot;:0,&quot;error_code&quot;:3,&quot;status_code&quot;:1,&quot;error_str&quot;:&quot;Timeout&quot;,&quot;status_str&quot;:&quot;Connecting&quot;},{&quot;host&quot;:&quot;192.168.5.166&quot;,&quot;port&quot;:2088,&quot;nic&quot;:&quot;192.168.5.165&quot;,&quot;limit&quot;:0,&quot;is_backup&quot;:0,&quot;bitrate&quot;:0,&quot;up_time&quot;:0,&quot;error_code&quot;:3,&quot;status_code&quot;:1,&quot;error_str&quot;:&quot;Timeout&quot;,&quot;status_str&quot;:&quot;Connecting&quot;}],&quot;error&quot;:&quot;None&quot;,&quot;con_stat&quot;:&quot;Disconnected&quot;,&quot;bitrate&quot;:4868280,&quot;dest&quot;:&quot;bonded/bonded10&quot;},{&quot;mip&quot;:&quot;4000.ts&quot;,&quot;port&quot;:0,&quot;ip&quot;:&quot;file&quot;,&quot;in_name&quot;:&quot;bond&quot;,&quot;in_active&quot;:1,&quot;in_active_sources&quot;:0,&quot;prg_name&quot;:&quot;&quot;,&quot;prg_prov&quot;:&quot;&quot;,&quot;prg_num&quot;:-1,&quot;chan&quot;:&quot;&quot;,&quot;chan_id&quot;:-1,&quot;id&quot;:&quot;zixi://bonded(bonded11)#10.7.0.66:2088@10.7.0.65,192.168.60.66:2088@192.168.50.65,192.168.5.166:2088@192.168.5.165&quot;,&quot;type&quot;:2,&quot;name&quot;:&quot;bond11&quot;,&quot;asi&quot;:0,&quot;rtmp&quot;:0,&quot;file&quot;:1,&quot;active&quot;:1,&quot;group&quot;:&quot;&quot;,&quot;bonded&quot;:[{&quot;host&quot;:&quot;10.7.0.66&quot;,&quot;port&quot;:2088,&quot;nic&quot;:&quot;10.7.0.65&quot;,&quot;limit&quot;:0,&quot;is_backup&quot;:0,&quot;bitrate&quot;:2415887,&quot;up_time&quot;:55,&quot;error_code&quot;:0,&quot;status_code&quot;:3,&quot;error_str&quot;:&quot;None&quot;,&quot;status_str&quot;:&quot;Connected&quot;},{&quot;host&quot;:&quot;192.168.60.66&quot;,&quot;port&quot;:2088,&quot;nic&quot;:&quot;192.168.50.65&quot;,&quot;limit&quot;:0,&quot;is_backup&quot;:0,&quot;bitrate&quot;:0,&quot;up_time&quot;:0,&quot;error_code&quot;:3,&quot;status_code&quot;:1,&quot;error_str&quot;:&quot;Timeout&quot;,&quot;status_str&quot;:&quot;Connecting&quot;},{&quot;host&quot;:&quot;192.168.5.166&quot;,&quot;port&quot;:2088,&quot;nic&quot;:&quot;192.168.5.165&quot;,&quot;limit&quot;:0,&quot;is_backup&quot;:0,&quot;bitrate&quot;:2519296,&quot;up_time&quot;:15,&quot;error_code&quot;:0,&quot;status_code&quot;:3,&quot;error_str&quot;:&quot;None&quot;,&quot;status_str&quot;:&quot;Connected&quot;}],&quot;error&quot;:&quot;None&quot;,&quot;con_stat&quot;:&quot;Disconnected&quot;,&quot;bitrate&quot;:4874021,&quot;dest&quot;:&quot;bonded/bonded11&quot;}]}
Debug printing ------&gt;&gt;&gt; {&quot;custom_data&quot;:&quot;&quot;,&quot;msg&quot;:&quot;Output deleted.&quot;,&quot;error&quot;:&quot;&quot;,&quot;outs&quot;:[{&quot;mip&quot;:&quot;live_recording.ts&quot;,&quot;port&quot;:0,&quot;ip&quot;:&quot;file&quot;,&quot;in_name&quot;:&quot;feederoutputname&quot;,&quot;in_active&quot;:1,&quot;in_active_sources&quot;:0,&quot;prg_name&quot;:&quot;&quot;,&quot;prg_prov&quot;:&quot;&quot;,&quot;prg_num&quot;:1,&quot;chan&quot;:&quot;&quot;,&quot;chan_id&quot;:-1,&quot;id&quot;:&quot;zixi://10.7.0.66:2088/feederout&quot;,&quot;type&quot;:2,&quot;name&quot;:&quot;feederoutputname&quot;,&quot;asi&quot;:0,&quot;rtmp&quot;:0,&quot;file&quot;:1,&quot;active&quot;:1,&quot;group&quot;:&quot;&quot;,&quot;error&quot;:&quot;None&quot;,&quot;con_stat&quot;:&quot;Disconnected&quot;,&quot;bitrate&quot;:0,&quot;dest&quot;:&quot;10.7.0.66:2088/feederout&quot;},{&quot;mip&quot;:&quot;4000.ts&quot;,&quot;port&quot;:0,&quot;ip&quot;:&quot;file&quot;,&quot;in_name&quot;:&quot;bond&quot;,&quot;in_active&quot;:1,&quot;in_active_sources&quot;:0,&quot;prg_name&quot;:&quot;&quot;,&quot;prg_prov&quot;:&quot;&quot;,&quot;prg_num&quot;:-1,&quot;chan&quot;:&quot;&quot;,&quot;chan_id&quot;:-1,&quot;id&quot;:&quot;zixi://bonded(bonded0)#10.7.0.66:2088@10.7.0.65,192.168.60.66:2088@192.168.50.65,192.168.5.166:2088@192.168.5.165&quot;,&quot;type&quot;:2,&quot;name&quot;:&quot;bond0&quot;,&quot;asi&quot;:0,&quot;rtmp&quot;:0,&quot;file&quot;:1,&quot;active&quot;:1,&quot;group&quot;:&quot;&quot;,&quot;bonded&quot;:[{&quot;host&quot;:&quot;10.7.0.66&quot;,&quot;port&quot;:2088,&quot;nic&quot;:&quot;10.7.0.65&quot;,&quot;limit&quot;:0,&quot;is_backup&quot;:0,&quot;bitrate&quot;:2352869,&quot;up_time&quot;:202,&quot;error_code&quot;:0,&quot;status_code&quot;:3,&quot;error_str&quot;:&quot;None&quot;,&quot;status_str&quot;:&quot;Connected&quot;},{&quot;host&quot;:&quot;192.168.60.66&quot;,&quot;port&quot;:2088,&quot;nic&quot;:&quot;192.168.50.65&quot;,&quot;limit&quot;:0,&quot;is_backup&quot;:0,&quot;bitrate&quot;:0,&quot;up_time&quot;:0,&quot;error_code&quot;:3,&quot;status_code&quot;:1,&quot;error_str&quot;:&quot;Timeout&quot;,&quot;status_str&quot;:&quot;Connecting&quot;},{&quot;host&quot;:&quot;192.168.5.166&quot;,&quot;port&quot;:2088,&quot;nic&quot;:&quot;192.168.5.165&quot;,&quot;limit&quot;:0,&quot;is_backup&quot;:0,&quot;bitrate&quot;:2336360,&quot;up_time&quot;:562,&quot;error_code&quot;:0,&quot;status_code&quot;:3,&quot;error_str&quot;:&quot;None&quot;,&quot;status_str&quot;:&quot;Connected&quot;}],&quot;error&quot;:&quot;None&quot;,&quot;con_stat&quot;:&quot;Disconnected&quot;,&quot;bitrate&quot;:4616703,&quot;dest&quot;:&quot;bonded/bonded0&quot;},{&quot;mip&quot;:&quot;4000.ts&quot;,&quot;port&quot;:0,&quot;ip&quot;:&quot;file&quot;,&quot;in_name&quot;:&quot;bond&quot;,&quot;in_active&quot;:1,&quot;in_active_sources&quot;:0,&quot;prg_name&quot;:&quot;&quot;,&quot;prg_prov&quot;:&quot;&quot;,&quot;prg_num&quot;:-1,&quot;chan&quot;:&quot;&quot;,&quot;chan_id&quot;:-1,&quot;id&quot;:&quot;zixi://bonded(bonded4)#10.7.0.66:2088@10.7.0.65,192.168.60.66:2088@192.168.50.65,192.168.5.166:2088@192.168.5.165&quot;,&quot;type&quot;:2,&quot;name&quot;:&quot;bond4&quot;,&quot;asi&quot;:0,&quot;rtmp&quot;:0,&quot;file&quot;:1,&quot;active&quot;:1,&quot;group&quot;:&quot;&quot;,&quot;bonded&quot;:[{&quot;host&quot;:&quot;10.7.0.66&quot;,&quot;port&quot;:2088,&quot;nic&quot;:&quot;10.7.0.65&quot;,&quot;limit&quot;:0,&quot;is_backup&quot;:0,&quot;bitrate&quot;:2576848,&quot;up_time&quot;:86,&quot;error_code&quot;:0,&quot;status_code&quot;:3,&quot;error_str&quot;:&quot;None&quot;,&quot;status_str&quot;:&quot;Connected&quot;},{&quot;host&quot;:&quot;192.168.60.66&quot;,&quot;port&quot;:2088,&quot;nic&quot;:&quot;192.168.50.65&quot;,&quot;limit&quot;:0,&quot;is_backup&quot;:0,&quot;bitrate&quot;:0,&quot;up_time&quot;:0,&quot;error_code&quot;:3,&quot;status_code&quot;:1,&quot;error_str&quot;:&quot;Timeout&quot;,&quot;status_str&quot;:&quot;Connecting&quot;},{&quot;host&quot;:&quot;192.168.5.166&quot;,&quot;port&quot;:2088,&quot;nic&quot;:&quot;192.168.5.165&quot;,&quot;limit&quot;:0,&quot;is_backup&quot;:0,&quot;bitrate&quot;:2439975,&quot;up_time&quot;:75,&quot;error_code&quot;:0,&quot;status_code&quot;:3,&quot;error_str&quot;:&quot;None&quot;,&quot;status_str&quot;:&quot;Connected&quot;}],&quot;error&quot;:&quot;None&quot;,&quot;con_stat&quot;:&quot;Disconnected&quot;,&quot;bitrate&quot;:4950617,&quot;dest&quot;:&quot;bonded/bonded4&quot;},{&quot;mip&quot;:&quot;4000.ts&quot;,&quot;port&quot;:0,&quot;ip&quot;:&quot;file&quot;,&quot;in_name&quot;:&quot;bond&quot;,&quot;in_active&quot;:1,&quot;in_active_sources&quot;:0,&quot;prg_name&quot;:&quot;&quot;,&quot;prg_prov&quot;:&quot;&quot;,&quot;prg_num&quot;:-1,&quot;chan&quot;:&quot;&quot;,&quot;chan_id&quot;:-1,&quot;id&quot;:&quot;zixi://bonded(bonded2)#10.7.0.66:2088@10.7.0.65,192.168.60.66:2088@192.168.50.65,192.168.5.166:2088@192.168.5.165&quot;,&quot;type&quot;:2,&quot;name&quot;:&quot;bond2&quot;,&quot;asi&quot;:0,&quot;rtmp&quot;:0,&quot;file&quot;:1,&quot;active&quot;:1,&quot;group&quot;:&quot;&quot;,&quot;bonded&quot;:[{&quot;host&quot;:&quot;10.7.0.66&quot;,&quot;port&quot;:2088,&quot;nic&quot;:&quot;10.7.0.65&quot;,&quot;limit&quot;:0,&quot;is_backup&quot;:0,&quot;bitrate&quot;:2340224,&quot;up_time&quot;:356,&quot;error_code&quot;:0,&quot;status_code&quot;:3,&quot;error_str&quot;:&quot;None&quot;,&quot;status_str&quot;:&quot;Connected&quot;},{&quot;host&quot;:&quot;192.168.60.66&quot;,&quot;port&quot;:2088,&quot;nic&quot;:&quot;192.168.50.65&quot;,&quot;limit&quot;:0,&quot;is_backup&quot;:0,&quot;bitrate&quot;:0,&quot;up_time&quot;:0,&quot;error_code&quot;:3,&quot;status_code&quot;:1,&quot;error_str&quot;:&quot;Timeout&quot;,&quot;status_str&quot;:&quot;Connecting&quot;},{&quot;host&quot;:&quot;192.168.5.166&quot;,&quot;port&quot;:2088,&quot;nic&quot;:&quot;192.168.5.165&quot;,&quot;limit&quot;:0,&quot;is_backup&quot;:0,&quot;bitrate&quot;:2008666,&quot;up_time&quot;:365,&quot;error_code&quot;:0,&quot;status_code&quot;:3,&quot;error_str&quot;:&quot;None&quot;,&quot;status_str&quot;:&quot;Connected&quot;}],&quot;error&quot;:&quot;None&quot;,&quot;con_stat&quot;:&quot;Disconnected&quot;,&quot;bitrate&quot;:4392840,&quot;dest&quot;:&quot;bonded/bonded2&quot;},{&quot;mip&quot;:&quot;4000.ts&quot;,&quot;port&quot;:0,&quot;ip&quot;:&quot;file&quot;,&quot;in_name&quot;:&quot;bond&quot;,&quot;in_active&quot;:1,&quot;in_active_sources&quot;:0,&quot;prg_name&quot;:&quot;&quot;,&quot;prg_prov&quot;:&quot;&quot;,&quot;prg_num&quot;:-1,&quot;chan&quot;:&quot;&quot;,&quot;chan_id&quot;:-1,&quot;id&quot;:&quot;zixi://bonded(bonded1)#10.7.0.66:2088@10.7.0.65,192.168.60.66:2088@192.168.50.65,192.168.5.166:2088@192.168.5.165&quot;,&quot;type&quot;:2,&quot;name&quot;:&quot;bond1&quot;,&quot;asi&quot;:0,&quot;rtmp&quot;:0,&quot;file&quot;:1,&quot;active&quot;:1,&quot;group&quot;:&quot;&quot;,&quot;bonded&quot;:[{&quot;host&quot;:&quot;10.7.0.66&quot;,&quot;port&quot;:2088,&quot;nic&quot;:&quot;10.7.0.65&quot;,&quot;limit&quot;:0,&quot;is_backup&quot;:0,&quot;bitrate&quot;:3608842,&quot;up_time&quot;:28,&quot;error_code&quot;:0,&quot;status_code&quot;:3,&quot;error_str&quot;:&quot;None&quot;,&quot;status_str&quot;:&quot;Connected&quot;},{&quot;host&quot;:&quot;192.168.60.66&quot;,&quot;port&quot;:2088,&quot;nic&quot;:&quot;192.168.50.65&quot;,&quot;limit&quot;:0,&quot;is_backup&quot;:0,&quot;bitrate&quot;:0,&quot;up_time&quot;:0,&quot;error_code&quot;:3,&quot;status_code&quot;:1,&quot;error_str&quot;:&quot;Timeout&quot;,&quot;status_str&quot;:&quot;Connecting&quot;},{&quot;host&quot;:&quot;192.168.5.166&quot;,&quot;port&quot;:2088,&quot;nic&quot;:&quot;192.168.5.165&quot;,&quot;limit&quot;:0,&quot;is_backup&quot;:0,&quot;bitrate&quot;:0,&quot;up_time&quot;:0,&quot;error_code&quot;:3,&quot;status_code&quot;:1,&quot;error_str&quot;:&quot;Timeout&quot;,&quot;status_str&quot;:&quot;Connecting&quot;}],&quot;error&quot;:&quot;None&quot;,&quot;con_stat&quot;:&quot;Disconnected&quot;,&quot;bitrate&quot;:3565418,&quot;dest&quot;:&quot;bonded/bonded1&quot;},{&quot;mip&quot;:&quot;4000.ts&quot;,&quot;port&quot;:0,&quot;ip&quot;:&quot;file&quot;,&quot;in_name&quot;:&quot;bond&quot;,&quot;in_active&quot;:1,&quot;in_active_sources&quot;:0,&quot;prg_name&quot;:&quot;&quot;,&quot;prg_prov&quot;:&quot;&quot;,&quot;prg_num&quot;:-1,&quot;chan&quot;:&quot;&quot;,&quot;chan_id&quot;:-1,&quot;id&quot;:&quot;zixi://bonded(bonded8)#10.7.0.66:2088@10.7.0.65,192.168.60.66:2088@192.168.50.65,192.168.5.166:2088@192.168.5.165&quot;,&quot;type&quot;:2,&quot;name&quot;:&quot;bond8&quot;,&quot;asi&quot;:0,&quot;rtmp&quot;:0,&quot;file&quot;:1,&quot;active&quot;:1,&quot;group&quot;:&quot;&quot;,&quot;bonded&quot;:[{&quot;host&quot;:&quot;10.7.0.66&quot;,&quot;port&quot;:2088,&quot;nic&quot;:&quot;10.7.0.65&quot;,&quot;limit&quot;:0,&quot;is_backup&quot;:0,&quot;bitrate&quot;:2327727,&quot;up_time&quot;:193,&quot;error_code&quot;:0,&quot;status_code&quot;:3,&quot;error_str&quot;:&quot;None&quot;,&quot;status_str&quot;:&quot;Connected&quot;},{&quot;host&quot;:&quot;192.168.60.66&quot;,&quot;port&quot;:2088,&quot;nic&quot;:&quot;192.168.50.65&quot;,&quot;limit&quot;:0,&quot;is_backup&quot;:0,&quot;bitrate&quot;:0,&quot;up_time&quot;:0,&quot;error_code&quot;:3,&quot;status_code&quot;:1,&quot;error_str&quot;:&quot;Timeout&quot;,&quot;status_str&quot;:&quot;Connecting&quot;},{&quot;host&quot;:&quot;192.168.5.166&quot;,&quot;port&quot;:2088,&quot;nic&quot;:&quot;192.168.5.165&quot;,&quot;limit&quot;:0,&quot;is_backup&quot;:0,&quot;bitrate&quot;:2349446,&quot;up_time&quot;:193,&quot;error_code&quot;:0,&quot;status_code&quot;:3,&quot;error_str&quot;:&quot;None&quot;,&quot;status_str&quot;:&quot;Connected&quot;}],&quot;error&quot;:&quot;None&quot;,&quot;con_stat&quot;:&quot;Disconnected&quot;,&quot;bitrate&quot;:4610717,&quot;dest&quot;:&quot;bonded/bonded8&quot;},{&quot;mip&quot;:&quot;4000.ts&quot;,&quot;port&quot;:0,&quot;ip&quot;:&quot;file&quot;,&quot;in_name&quot;:&quot;bond&quot;,&quot;in_active&quot;:1,&quot;in_active_sources&quot;:0,&quot;prg_name&quot;:&quot;&quot;,&quot;prg_prov&quot;:&quot;&quot;,&quot;prg_num&quot;:-1,&quot;chan&quot;:&quot;&quot;,&quot;chan_id&quot;:-1,&quot;id&quot;:&quot;zixi://bonded(bonded7)#10.7.0.66:2088@10.7.0.65,192.168.60.66:2088@192.168.50.65,192.168.5.166:2088@192.168.5.165&quot;,&quot;type&quot;:2,&quot;name&quot;:&quot;bond7&quot;,&quot;asi&quot;:0,&quot;rtmp&quot;:0,&quot;file&quot;:1,&quot;active&quot;:1,&quot;group&quot;:&quot;&quot;,&quot;bonded&quot;:[{&quot;host&quot;:&quot;10.7.0.66&quot;,&quot;port&quot;:2088,&quot;nic&quot;:&quot;10.7.0.65&quot;,&quot;limit&quot;:0,&quot;is_backup&quot;:0,&quot;bitrate&quot;:2543503,&quot;up_time&quot;:63,&quot;error_code&quot;:0,&quot;status_code&quot;:3,&quot;error_str&quot;:&quot;None&quot;,&quot;status_str&quot;:&quot;Connected&quot;},{&quot;host&quot;:&quot;192.168.60.66&quot;,&quot;port&quot;:2088,&quot;nic&quot;:&quot;192.168.50.65&quot;,&quot;limit&quot;:0,&quot;is_backup&quot;:0,&quot;bitrate&quot;:0,&quot;up_time&quot;:0,&quot;error_code&quot;:3,&quot;status_code&quot;:1,&quot;error_str&quot;:&quot;Timeout&quot;,&quot;status_str&quot;:&quot;Connecting&quot;},{&quot;host&quot;:&quot;192.168.5.166&quot;,&quot;port&quot;:2088,&quot;nic&quot;:&quot;192.168.5.165&quot;,&quot;limit&quot;:0,&quot;is_backup&quot;:0,&quot;bitrate&quot;:2405034,&quot;up_time&quot;:67,&quot;error_code&quot;:0,&quot;status_code&quot;:3,&quot;error_str&quot;:&quot;None&quot;,&quot;status_str&quot;:&quot;Connected&quot;}],&quot;error&quot;:&quot;None&quot;,&quot;con_stat&quot;:&quot;Disconnected&quot;,&quot;bitrate&quot;:4895352,&quot;dest&quot;:&quot;bonded/bonded7&quot;},{&quot;mip&quot;:&quot;4000.ts&quot;,&quot;port&quot;:0,&quot;ip&quot;:&quot;file&quot;,&quot;in_name&quot;:&quot;bond&quot;,&quot;in_active&quot;:1,&quot;in_active_sources&quot;:0,&quot;prg_name&quot;:&quot;&quot;,&quot;prg_prov&quot;:&quot;&quot;,&quot;prg_num&quot;:-1,&quot;chan&quot;:&quot;&quot;,&quot;chan_id&quot;:-1,&quot;id&quot;:&quot;zixi://bonded(bonded5)#10.7.0.66:2088@10.7.0.65,192.168.60.66:2088@192.168.50.65,192.168.5.166:2088@192.168.5.165&quot;,&quot;type&quot;:2,&quot;name&quot;:&quot;bond5&quot;,&quot;asi&quot;:0,&quot;rtmp&quot;:0,&quot;file&quot;:1,&quot;active&quot;:1,&quot;group&quot;:&quot;&quot;,&quot;bonded&quot;:[{&quot;host&quot;:&quot;10.7.0.66&quot;,&quot;port&quot;:2088,&quot;nic&quot;:&quot;10.7.0.65&quot;,&quot;limit&quot;:0,&quot;is_backup&quot;:0,&quot;bitrate&quot;:4061309,&quot;up_time&quot;:55,&quot;error_code&quot;:0,&quot;status_code&quot;:3,&quot;error_str&quot;:&quot;None&quot;,&quot;status_str&quot;:&quot;Connected&quot;},{&quot;host&quot;:&quot;192.168.60.66&quot;,&quot;port&quot;:2088,&quot;nic&quot;:&quot;192.168.50.65&quot;,&quot;limit&quot;:0,&quot;is_backup&quot;:0,&quot;bitrate&quot;:0,&quot;up_time&quot;:0,&quot;error_code&quot;:3,&quot;status_code&quot;:1,&quot;error_str&quot;:&quot;Timeout&quot;,&quot;status_str&quot;:&quot;Connecting&quot;},{&quot;host&quot;:&quot;192.168.5.166&quot;,&quot;port&quot;:2088,&quot;nic&quot;:&quot;192.168.5.165&quot;,&quot;limit&quot;:0,&quot;is_backup&quot;:0,&quot;bitrate&quot;:998481,&quot;up_time&quot;:151,&quot;error_code&quot;:0,&quot;status_code&quot;:3,&quot;error_str&quot;:&quot;None&quot;,&quot;status_str&quot;:&quot;Connected&quot;}],&quot;error&quot;:&quot;None&quot;,&quot;con_stat&quot;:&quot;Disconnected&quot;,&quot;bitrate&quot;:4638033,&quot;dest&quot;:&quot;bonded/bonded5&quot;},{&quot;mip&quot;:&quot;4000.ts&quot;,&quot;port&quot;:0,&quot;ip&quot;:&quot;file&quot;,&quot;in_name&quot;:&quot;bond&quot;,&quot;in_active&quot;:1,&quot;in_active_sources&quot;:0,&quot;prg_name&quot;:&quot;&quot;,&quot;prg_prov&quot;:&quot;&quot;,&quot;prg_num&quot;:-1,&quot;chan&quot;:&quot;&quot;,&quot;chan_id&quot;:-1,&quot;id&quot;:&quot;zixi://bonded(bonded9)#10.7.0.66:2088@10.7.0.65,192.168.60.66:2088@192.168.50.65,192.168.5.166:2088@192.168.5.165&quot;,&quot;type&quot;:2,&quot;name&quot;:&quot;bond9&quot;,&quot;asi&quot;:0,&quot;rtmp&quot;:0,&quot;file&quot;:1,&quot;active&quot;:1,&quot;group&quot;:&quot;&quot;,&quot;bonded&quot;:[{&quot;host&quot;:&quot;10.7.0.66&quot;,&quot;port&quot;:2088,&quot;nic&quot;:&quot;10.7.0.65&quot;,&quot;limit&quot;:0,&quot;is_backup&quot;:0,&quot;bitrate&quot;:2278273,&quot;up_time&quot;:381,&quot;error_code&quot;:0,&quot;status_code&quot;:3,&quot;error_str&quot;:&quot;None&quot;,&quot;status_str&quot;:&quot;Connected&quot;},{&quot;host&quot;:&quot;192.168.60.66&quot;,&quot;port&quot;:2088,&quot;nic&quot;:&quot;192.168.50.65&quot;,&quot;limit&quot;:0,&quot;is_backup&quot;:0,&quot;bitrate&quot;:0,&quot;up_time&quot;:0,&quot;error_code&quot;:3,&quot;status_code&quot;:1,&quot;error_str&quot;:&quot;Timeout&quot;,&quot;status_str&quot;:&quot;Connecting&quot;},{&quot;host&quot;:&quot;192.168.5.166&quot;,&quot;port&quot;:2088,&quot;nic&quot;:&quot;192.168.5.165&quot;,&quot;limit&quot;:0,&quot;is_backup&quot;:0,&quot;bitrate&quot;:2421713,&quot;up_time&quot;:340,&quot;error_code&quot;:0,&quot;status_code&quot;:3,&quot;error_str&quot;:&quot;None&quot;,&quot;status_str&quot;:&quot;Connected&quot;}],&quot;error&quot;:&quot;None&quot;,&quot;con_stat&quot;:&quot;Disconnected&quot;,&quot;bitrate&quot;:4627428,&quot;dest&quot;:&quot;bonded/bonded9&quot;},{&quot;mip&quot;:&quot;4000.ts&quot;,&quot;port&quot;:0,&quot;ip&quot;:&quot;file&quot;,&quot;in_name&quot;:&quot;bond&quot;,&quot;in_active&quot;:1,&quot;in_active_sources&quot;:0,&quot;prg_name&quot;:&quot;&quot;,&quot;prg_prov&quot;:&quot;&quot;,&quot;prg_num&quot;:-1,&quot;chan&quot;:&quot;&quot;,&quot;chan_id&quot;:-1,&quot;id&quot;:&quot;zixi://bonded(bonded3)#10.7.0.66:2088@10.7.0.65,192.168.60.66:2088@192.168.50.65,192.168.5.166:2088@192.168.5.165&quot;,&quot;type&quot;:2,&quot;name&quot;:&quot;bond3&quot;,&quot;asi&quot;:0,&quot;rtmp&quot;:0,&quot;file&quot;:1,&quot;active&quot;:1,&quot;group&quot;:&quot;&quot;,&quot;bonded&quot;:[{&quot;host&quot;:&quot;10.7.0.66&quot;,&quot;port&quot;:2088,&quot;nic&quot;:&quot;10.7.0.65&quot;,&quot;limit&quot;:0,&quot;is_backup&quot;:0,&quot;bitrate&quot;:2398781,&quot;up_time&quot;:373,&quot;error_code&quot;:0,&quot;status_code&quot;:3,&quot;error_str&quot;:&quot;None&quot;,&quot;status_str&quot;:&quot;Connected&quot;},{&quot;host&quot;:&quot;192.168.60.66&quot;,&quot;port&quot;:2088,&quot;nic&quot;:&quot;192.168.50.65&quot;,&quot;limit&quot;:0,&quot;is_backup&quot;:0,&quot;bitrate&quot;:0,&quot;up_time&quot;:0,&quot;error_code&quot;:3,&quot;status_code&quot;:1,&quot;error_str&quot;:&quot;Timeout&quot;,&quot;status_str&quot;:&quot;Connecting&quot;},{&quot;host&quot;:&quot;192.168.5.166&quot;,&quot;port&quot;:2088,&quot;nic&quot;:&quot;192.168.5.165&quot;,&quot;limit&quot;:0,&quot;is_backup&quot;:0,&quot;bitrate&quot;:2346543,&quot;up_time&quot;:362,&quot;error_code&quot;:0,&quot;status_code&quot;:3,&quot;error_str&quot;:&quot;None&quot;,&quot;status_str&quot;:&quot;Connected&quot;}],&quot;error&quot;:&quot;None&quot;,&quot;con_stat&quot;:&quot;Disconnected&quot;,&quot;bitrate&quot;:4670857,&quot;dest&quot;:&quot;bonded/bonded3&quot;},{&quot;mip&quot;:&quot;4000.ts&quot;,&quot;port&quot;:0,&quot;ip&quot;:&quot;file&quot;,&quot;in_name&quot;:&quot;bond&quot;,&quot;in_active&quot;:1,&quot;in_active_sources&quot;:0,&quot;prg_name&quot;:&quot;&quot;,&quot;prg_prov&quot;:&quot;&quot;,&quot;prg_num&quot;:-1,&quot;chan&quot;:&quot;&quot;,&quot;chan_id&quot;:-1,&quot;id&quot;:&quot;zixi://bonded(bonded14)#10.7.0.66:2088@10.7.0.65,192.168.60.66:2088@192.168.50.65,192.168.5.166:2088@192.168.5.165&quot;,&quot;type&quot;:2,&quot;name&quot;:&quot;bond14&quot;,&quot;asi&quot;:0,&quot;rtmp&quot;:0,&quot;file&quot;:1,&quot;active&quot;:1,&quot;group&quot;:&quot;&quot;,&quot;bonded&quot;:[{&quot;host&quot;:&quot;10.7.0.66&quot;,&quot;port&quot;:2088,&quot;nic&quot;:&quot;10.7.0.65&quot;,&quot;limit&quot;:0,&quot;is_backup&quot;:0,&quot;bitrate&quot;:2501827,&quot;up_time&quot;:139,&quot;error_code&quot;:0,&quot;status_code&quot;:3,&quot;error_str&quot;:&quot;None&quot;,&quot;status_str&quot;:&quot;Connected&quot;},{&quot;host&quot;:&quot;192.168.60.66&quot;,&quot;port&quot;:2088,&quot;nic&quot;:&quot;192.168.50.65&quot;,&quot;limit&quot;:0,&quot;is_backup&quot;:0,&quot;bitrate&quot;:0,&quot;up_time&quot;:0,&quot;error_code&quot;:3,&quot;status_code&quot;:1,&quot;error_str&quot;:&quot;Timeout&quot;,&quot;status_str&quot;:&quot;Connecting&quot;},{&quot;host&quot;:&quot;192.168.5.166&quot;,&quot;port&quot;:2088,&quot;nic&quot;:&quot;192.168.5.165&quot;,&quot;limit&quot;:0,&quot;is_backup&quot;:0,&quot;bitrate&quot;:2448368,&quot;up_time&quot;:113,&quot;error_code&quot;:0,&quot;status_code&quot;:3,&quot;error_str&quot;:&quot;None&quot;,&quot;status_str&quot;:&quot;Connected&quot;}],&quot;error&quot;:&quot;None&quot;,&quot;con_stat&quot;:&quot;Disconnected&quot;,&quot;bitrate&quot;:4883860,&quot;dest&quot;:&quot;bonded/bonded14&quot;},{&quot;mip&quot;:&quot;4000.ts&quot;,&quot;port&quot;:0,&quot;ip&quot;:&quot;file&quot;,&quot;in_name&quot;:&quot;bond&quot;,&quot;in_active&quot;:1,&quot;in_active_sources&quot;:0,&quot;prg_name&quot;:&quot;&quot;,&quot;prg_prov&quot;:&quot;&quot;,&quot;prg_num&quot;:-1,&quot;chan&quot;:&quot;&quot;,&quot;chan_id&quot;:-1,&quot;id&quot;:&quot;zixi://bonded(bonded15)#10.7.0.66:2088@10.7.0.65,192.168.60.66:2088@192.168.50.65,192.168.5.166:2088@192.168.5.165&quot;,&quot;type&quot;:2,&quot;name&quot;:&quot;bond15&quot;,&quot;asi&quot;:0,&quot;rtmp&quot;:0,&quot;file&quot;:1,&quot;active&quot;:1,&quot;group&quot;:&quot;&quot;,&quot;bonded&quot;:[{&quot;host&quot;:&quot;10.7.0.66&quot;,&quot;port&quot;:2088,&quot;nic&quot;:&quot;10.7.0.65&quot;,&quot;limit&quot;:0,&quot;is_backup&quot;:0,&quot;bitrate&quot;:2442530,&quot;up_time&quot;:18,&quot;error_code&quot;:0,&quot;status_code&quot;:3,&quot;error_str&quot;:&quot;None&quot;,&quot;status_str&quot;:&quot;Connected&quot;},{&quot;host&quot;:&quot;192.168.60.66&quot;,&quot;port&quot;:2088,&quot;nic&quot;:&quot;192.168.50.65&quot;,&quot;limit&quot;:0,&quot;is_backup&quot;:0,&quot;bitrate&quot;:0,&quot;up_time&quot;:0,&quot;error_code&quot;:3,&quot;status_code&quot;:1,&quot;error_str&quot;:&quot;Timeout&quot;,&quot;status_str&quot;:&quot;Connecting&quot;},{&quot;host&quot;:&quot;192.168.5.166&quot;,&quot;port&quot;:2088,&quot;nic&quot;:&quot;192.168.5.165&quot;,&quot;limit&quot;:0,&quot;is_backup&quot;:0,&quot;bitrate&quot;:2507742,&quot;up_time&quot;:346,&quot;error_code&quot;:0,&quot;status_code&quot;:3,&quot;error_str&quot;:&quot;None&quot;,&quot;status_str&quot;:&quot;Connected&quot;}],&quot;error&quot;:&quot;None&quot;,&quot;con_stat&quot;:&quot;Disconnected&quot;,&quot;bitrate&quot;:4884747,&quot;dest&quot;:&quot;bonded/bonded15&quot;},{&quot;mip&quot;:&quot;4000.ts&quot;,&quot;port&quot;:0,&quot;ip&quot;:&quot;file&quot;,&quot;in_name&quot;:&quot;bond&quot;,&quot;in_active&quot;:1,&quot;in_active_sources&quot;:0,&quot;prg_name&quot;:&quot;&quot;,&quot;prg_prov&quot;:&quot;&quot;,&quot;prg_num&quot;:-1,&quot;chan&quot;:&quot;&quot;,&quot;chan_id&quot;:-1,&quot;id&quot;:&quot;zixi://bonded(bonded10)#10.7.0.66:2088@10.7.0.65,192.168.60.66:2088@192.168.50.65,192.168.5.166:2088@192.168.5.165&quot;,&quot;type&quot;:2,&quot;name&quot;:&quot;bond10&quot;,&quot;asi&quot;:0,&quot;rtmp&quot;:0,&quot;file&quot;:1,&quot;active&quot;:1,&quot;group&quot;:&quot;&quot;,&quot;bonded&quot;:[{&quot;host&quot;:&quot;10.7.0.66&quot;,&quot;port&quot;:2088,&quot;nic&quot;:&quot;10.7.0.65&quot;,&quot;limit&quot;:0,&quot;is_backup&quot;:0,&quot;bitrate&quot;:2847832,&quot;up_time&quot;:532,&quot;error_code&quot;:0,&quot;status_code&quot;:3,&quot;error_str&quot;:&quot;None&quot;,&quot;status_str&quot;:&quot;Connected&quot;},{&quot;host&quot;:&quot;192.168.60.66&quot;,&quot;port&quot;:2088,&quot;nic&quot;:&quot;192.168.50.65&quot;,&quot;limit&quot;:0,&quot;is_backup&quot;:0,&quot;bitrate&quot;:0,&quot;up_time&quot;:0,&quot;error_code&quot;:3,&quot;status_code&quot;:1,&quot;error_str&quot;:&quot;Timeout&quot;,&quot;status_str&quot;:&quot;Connecting&quot;},{&quot;host&quot;:&quot;192.168.5.166&quot;,&quot;port&quot;:2088,&quot;nic&quot;:&quot;192.168.5.165&quot;,&quot;limit&quot;:0,&quot;is_backup&quot;:0,&quot;bitrate&quot;:0,&quot;up_time&quot;:0,&quot;error_code&quot;:3,&quot;status_code&quot;:1,&quot;error_str&quot;:&quot;Timeout&quot;,&quot;status_str&quot;:&quot;Connecting&quot;}],&quot;error&quot;:&quot;None&quot;,&quot;con_stat&quot;:&quot;Disconnected&quot;,&quot;bitrate&quot;:4868280,&quot;dest&quot;:&quot;bonded/bonded10&quot;}]}
Debug printing ------&gt;&gt;&gt; {&quot;custom_data&quot;:&quot;&quot;,&quot;msg&quot;:&quot;Output deleted.&quot;,&quot;error&quot;:&quot;&quot;,&quot;outs&quot;:[{&quot;mip&quot;:&quot;live_recording.ts&quot;,&quot;port&quot;:0,&quot;ip&quot;:&quot;file&quot;,&quot;in_name&quot;:&quot;feederoutputname&quot;,&quot;in_active&quot;:1,&quot;in_active_sources&quot;:0,&quot;prg_name&quot;:&quot;&quot;,&quot;prg_prov&quot;:&quot;&quot;,&quot;prg_num&quot;:1,&quot;chan&quot;:&quot;&quot;,&quot;chan_id&quot;:-1,&quot;id&quot;:&quot;zixi://10.7.0.66:2088/feederout&quot;,&quot;type&quot;:2,&quot;name&quot;:&quot;feederoutputname&quot;,&quot;asi&quot;:0,&quot;rtmp&quot;:0,&quot;file&quot;:1,&quot;active&quot;:1,&quot;group&quot;:&quot;&quot;,&quot;error&quot;:&quot;None&quot;,&quot;con_stat&quot;:&quot;Disconnected&quot;,&quot;bitrate&quot;:0,&quot;dest&quot;:&quot;10.7.0.66:2088/feederout&quot;},{&quot;mip&quot;:&quot;4000.ts&quot;,&quot;port&quot;:0,&quot;ip&quot;:&quot;file&quot;,&quot;in_name&quot;:&quot;bond&quot;,&quot;in_active&quot;:1,&quot;in_active_sources&quot;:0,&quot;prg_name&quot;:&quot;&quot;,&quot;prg_prov&quot;:&quot;&quot;,&quot;prg_num&quot;:-1,&quot;chan&quot;:&quot;&quot;,&quot;chan_id&quot;:-1,&quot;id&quot;:&quot;zixi://bonded(bonded0)#10.7.0.66:2088@10.7.0.65,192.168.60.66:2088@192.168.50.65,192.168.5.166:2088@192.168.5.165&quot;,&quot;type&quot;:2,&quot;name&quot;:&quot;bond0&quot;,&quot;asi&quot;:0,&quot;rtmp&quot;:0,&quot;file&quot;:1,&quot;active&quot;:1,&quot;group&quot;:&quot;&quot;,&quot;bonded&quot;:[{&quot;host&quot;:&quot;10.7.0.66&quot;,&quot;port&quot;:2088,&quot;nic&quot;:&quot;10.7.0.65&quot;,&quot;limit&quot;:0,&quot;is_backup&quot;:0,&quot;bitrate&quot;:2352869,&quot;up_time&quot;:202,&quot;error_code&quot;:0,&quot;status_code&quot;:3,&quot;error_str&quot;:&quot;None&quot;,&quot;status_str&quot;:&quot;Connected&quot;},{&quot;host&quot;:&quot;192.168.60.66&quot;,&quot;port&quot;:2088,&quot;nic&quot;:&quot;192.168.50.65&quot;,&quot;limit&quot;:0,&quot;is_backup&quot;:0,&quot;bitrate&quot;:0,&quot;up_time&quot;:0,&quot;error_code&quot;:3,&quot;status_code&quot;:1,&quot;error_str&quot;:&quot;Timeout&quot;,&quot;status_str&quot;:&quot;Connecting&quot;},{&quot;host&quot;:&quot;192.168.5.166&quot;,&quot;port&quot;:2088,&quot;nic&quot;:&quot;192.168.5.165&quot;,&quot;limit&quot;:0,&quot;is_backup&quot;:0,&quot;bitrate&quot;:2336360,&quot;up_time&quot;:562,&quot;error_code&quot;:0,&quot;status_code&quot;:3,&quot;error_str&quot;:&quot;None&quot;,&quot;status_str&quot;:&quot;Connected&quot;}],&quot;error&quot;:&quot;None&quot;,&quot;con_stat&quot;:&quot;Disconnected&quot;,&quot;bitrate&quot;:4616703,&quot;dest&quot;:&quot;bonded/bonded0&quot;},{&quot;mip&quot;:&quot;4000.ts&quot;,&quot;port&quot;:0,&quot;ip&quot;:&quot;file&quot;,&quot;in_name&quot;:&quot;bond&quot;,&quot;in_active&quot;:1,&quot;in_active_sources&quot;:0,&quot;prg_name&quot;:&quot;&quot;,&quot;prg_prov&quot;:&quot;&quot;,&quot;prg_num&quot;:-1,&quot;chan&quot;:&quot;&quot;,&quot;chan_id&quot;:-1,&quot;id&quot;:&quot;zixi://bonded(bonded4)#10.7.0.66:2088@10.7.0.65,192.168.60.66:2088@192.168.50.65,192.168.5.166:2088@192.168.5.165&quot;,&quot;type&quot;:2,&quot;name&quot;:&quot;bond4&quot;,&quot;asi&quot;:0,&quot;rtmp&quot;:0,&quot;file&quot;:1,&quot;active&quot;:1,&quot;group&quot;:&quot;&quot;,&quot;bonded&quot;:[{&quot;host&quot;:&quot;10.7.0.66&quot;,&quot;port&quot;:2088,&quot;nic&quot;:&quot;10.7.0.65&quot;,&quot;limit&quot;:0,&quot;is_backup&quot;:0,&quot;bitrate&quot;:2576848,&quot;up_time&quot;:86,&quot;error_code&quot;:0,&quot;status_code&quot;:3,&quot;error_str&quot;:&quot;None&quot;,&quot;status_str&quot;:&quot;Connected&quot;},{&quot;host&quot;:&quot;192.168.60.66&quot;,&quot;port&quot;:2088,&quot;nic&quot;:&quot;192.168.50.65&quot;,&quot;limit&quot;:0,&quot;is_backup&quot;:0,&quot;bitrate&quot;:0,&quot;up_time&quot;:0,&quot;error_code&quot;:3,&quot;status_code&quot;:1,&quot;error_str&quot;:&quot;Timeout&quot;,&quot;status_str&quot;:&quot;Connecting&quot;},{&quot;host&quot;:&quot;192.168.5.166&quot;,&quot;port&quot;:2088,&quot;nic&quot;:&quot;192.168.5.165&quot;,&quot;limit&quot;:0,&quot;is_backup&quot;:0,&quot;bitrate&quot;:2439975,&quot;up_time&quot;:75,&quot;error_code&quot;:0,&quot;status_code&quot;:3,&quot;error_str&quot;:&quot;None&quot;,&quot;status_str&quot;:&quot;Connected&quot;}],&quot;error&quot;:&quot;None&quot;,&quot;con_stat&quot;:&quot;Disconnected&quot;,&quot;bitrate&quot;:4950617,&quot;dest&quot;:&quot;bonded/bonded4&quot;},{&quot;mip&quot;:&quot;4000.ts&quot;,&quot;port&quot;:0,&quot;ip&quot;:&quot;file&quot;,&quot;in_name&quot;:&quot;bond&quot;,&quot;in_active&quot;:1,&quot;in_active_sources&quot;:0,&quot;prg_name&quot;:&quot;&quot;,&quot;prg_prov&quot;:&quot;&quot;,&quot;prg_num&quot;:-1,&quot;chan&quot;:&quot;&quot;,&quot;chan_id&quot;:-1,&quot;id&quot;:&quot;zixi://bonded(bonded2)#10.7.0.66:2088@10.7.0.65,192.168.60.66:2088@192.168.50.65,192.168.5.166:2088@192.168.5.165&quot;,&quot;type&quot;:2,&quot;name&quot;:&quot;bond2&quot;,&quot;asi&quot;:0,&quot;rtmp&quot;:0,&quot;file&quot;:1,&quot;active&quot;:1,&quot;group&quot;:&quot;&quot;,&quot;bonded&quot;:[{&quot;host&quot;:&quot;10.7.0.66&quot;,&quot;port&quot;:2088,&quot;nic&quot;:&quot;10.7.0.65&quot;,&quot;limit&quot;:0,&quot;is_backup&quot;:0,&quot;bitrate&quot;:2340224,&quot;up_time&quot;:356,&quot;error_code&quot;:0,&quot;status_code&quot;:3,&quot;error_str&quot;:&quot;None&quot;,&quot;status_str&quot;:&quot;Connected&quot;},{&quot;host&quot;:&quot;192.168.60.66&quot;,&quot;port&quot;:2088,&quot;nic&quot;:&quot;192.168.50.65&quot;,&quot;limit&quot;:0,&quot;is_backup&quot;:0,&quot;bitrate&quot;:0,&quot;up_time&quot;:0,&quot;error_code&quot;:3,&quot;status_code&quot;:1,&quot;error_str&quot;:&quot;Timeout&quot;,&quot;status_str&quot;:&quot;Connecting&quot;},{&quot;host&quot;:&quot;192.168.5.166&quot;,&quot;port&quot;:2088,&quot;nic&quot;:&quot;192.168.5.165&quot;,&quot;limit&quot;:0,&quot;is_backup&quot;:0,&quot;bitrate&quot;:2008666,&quot;up_time&quot;:365,&quot;error_code&quot;:0,&quot;status_code&quot;:3,&quot;error_str&quot;:&quot;None&quot;,&quot;status_str&quot;:&quot;Connected&quot;}],&quot;error&quot;:&quot;None&quot;,&quot;con_stat&quot;:&quot;Disconnected&quot;,&quot;bitrate&quot;:4392840,&quot;dest&quot;:&quot;bonded/bonded2&quot;},{&quot;mip&quot;:&quot;4000.ts&quot;,&quot;port&quot;:0,&quot;ip&quot;:&quot;file&quot;,&quot;in_name&quot;:&quot;bond&quot;,&quot;in_active&quot;:1,&quot;in_active_sources&quot;:0,&quot;prg_name&quot;:&quot;&quot;,&quot;prg_prov&quot;:&quot;&quot;,&quot;prg_num&quot;:-1,&quot;chan&quot;:&quot;&quot;,&quot;chan_id&quot;:-1,&quot;id&quot;:&quot;zixi://bonded(bonded1)#10.7.0.66:2088@10.7.0.65,192.168.60.66:2088@192.168.50.65,192.168.5.166:2088@192.168.5.165&quot;,&quot;type&quot;:2,&quot;name&quot;:&quot;bond1&quot;,&quot;asi&quot;:0,&quot;rtmp&quot;:0,&quot;file&quot;:1,&quot;active&quot;:1,&quot;group&quot;:&quot;&quot;,&quot;bonded&quot;:[{&quot;host&quot;:&quot;10.7.0.66&quot;,&quot;port&quot;:2088,&quot;nic&quot;:&quot;10.7.0.65&quot;,&quot;limit&quot;:0,&quot;is_backup&quot;:0,&quot;bitrate&quot;:3608842,&quot;up_time&quot;:28,&quot;error_code&quot;:0,&quot;status_code&quot;:3,&quot;error_str&quot;:&quot;None&quot;,&quot;status_str&quot;:&quot;Connected&quot;},{&quot;host&quot;:&quot;192.168.60.66&quot;,&quot;port&quot;:2088,&quot;nic&quot;:&quot;192.168.50.65&quot;,&quot;limit&quot;:0,&quot;is_backup&quot;:0,&quot;bitrate&quot;:0,&quot;up_time&quot;:0,&quot;error_code&quot;:3,&quot;status_code&quot;:1,&quot;error_str&quot;:&quot;Timeout&quot;,&quot;status_str&quot;:&quot;Connecting&quot;},{&quot;host&quot;:&quot;192.168.5.166&quot;,&quot;port&quot;:2088,&quot;nic&quot;:&quot;192.168.5.165&quot;,&quot;limit&quot;:0,&quot;is_backup&quot;:0,&quot;bitrate&quot;:0,&quot;up_time&quot;:0,&quot;error_code&quot;:3,&quot;status_code&quot;:1,&quot;error_str&quot;:&quot;Timeout&quot;,&quot;status_str&quot;:&quot;Connecting&quot;}],&quot;error&quot;:&quot;None&quot;,&quot;con_stat&quot;:&quot;Disconnected&quot;,&quot;bitrate&quot;:3565418,&quot;dest&quot;:&quot;bonded/bonded1&quot;},{&quot;mip&quot;:&quot;4000.ts&quot;,&quot;port&quot;:0,&quot;ip&quot;:&quot;file&quot;,&quot;in_name&quot;:&quot;bond&quot;,&quot;in_active&quot;:1,&quot;in_active_sources&quot;:0,&quot;prg_name&quot;:&quot;&quot;,&quot;prg_prov&quot;:&quot;&quot;,&quot;prg_num&quot;:-1,&quot;chan&quot;:&quot;&quot;,&quot;chan_id&quot;:-1,&quot;id&quot;:&quot;zixi://bonded(bonded8)#10.7.0.66:2088@10.7.0.65,192.168.60.66:2088@192.168.50.65,192.168.5.166:2088@192.168.5.165&quot;,&quot;type&quot;:2,&quot;name&quot;:&quot;bond8&quot;,&quot;asi&quot;:0,&quot;rtmp&quot;:0,&quot;file&quot;:1,&quot;active&quot;:1,&quot;group&quot;:&quot;&quot;,&quot;bonded&quot;:[{&quot;host&quot;:&quot;10.7.0.66&quot;,&quot;port&quot;:2088,&quot;nic&quot;:&quot;10.7.0.65&quot;,&quot;limit&quot;:0,&quot;is_backup&quot;:0,&quot;bitrate&quot;:2327727,&quot;up_time&quot;:193,&quot;error_code&quot;:0,&quot;status_code&quot;:3,&quot;error_str&quot;:&quot;None&quot;,&quot;status_str&quot;:&quot;Connected&quot;},{&quot;host&quot;:&quot;192.168.60.66&quot;,&quot;port&quot;:2088,&quot;nic&quot;:&quot;192.168.50.65&quot;,&quot;limit&quot;:0,&quot;is_backup&quot;:0,&quot;bitrate&quot;:0,&quot;up_time&quot;:0,&quot;error_code&quot;:3,&quot;status_code&quot;:1,&quot;error_str&quot;:&quot;Timeout&quot;,&quot;status_str&quot;:&quot;Connecting&quot;},{&quot;host&quot;:&quot;192.168.5.166&quot;,&quot;port&quot;:2088,&quot;nic&quot;:&quot;192.168.5.165&quot;,&quot;limit&quot;:0,&quot;is_backup&quot;:0,&quot;bitrate&quot;:2349446,&quot;up_time&quot;:193,&quot;error_code&quot;:0,&quot;status_code&quot;:3,&quot;error_str&quot;:&quot;None&quot;,&quot;status_str&quot;:&quot;Connected&quot;}],&quot;error&quot;:&quot;None&quot;,&quot;con_stat&quot;:&quot;Disconnected&quot;,&quot;bitrate&quot;:4610717,&quot;dest&quot;:&quot;bonded/bonded8&quot;},{&quot;mip&quot;:&quot;4000.ts&quot;,&quot;port&quot;:0,&quot;ip&quot;:&quot;file&quot;,&quot;in_name&quot;:&quot;bond&quot;,&quot;in_active&quot;:1,&quot;in_active_sources&quot;:0,&quot;prg_name&quot;:&quot;&quot;,&quot;prg_prov&quot;:&quot;&quot;,&quot;prg_num&quot;:-1,&quot;chan&quot;:&quot;&quot;,&quot;chan_id&quot;:-1,&quot;id&quot;:&quot;zixi://bonded(bonded7)#10.7.0.66:2088@10.7.0.65,192.168.60.66:2088@192.168.50.65,192.168.5.166:2088@192.168.5.165&quot;,&quot;type&quot;:2,&quot;name&quot;:&quot;bond7&quot;,&quot;asi&quot;:0,&quot;rtmp&quot;:0,&quot;file&quot;:1,&quot;active&quot;:1,&quot;group&quot;:&quot;&quot;,&quot;bonded&quot;:[{&quot;host&quot;:&quot;10.7.0.66&quot;,&quot;port&quot;:2088,&quot;nic&quot;:&quot;10.7.0.65&quot;,&quot;limit&quot;:0,&quot;is_backup&quot;:0,&quot;bitrate&quot;:2543503,&quot;up_time&quot;:63,&quot;error_code&quot;:0,&quot;status_code&quot;:3,&quot;error_str&quot;:&quot;None&quot;,&quot;status_str&quot;:&quot;Connected&quot;},{&quot;host&quot;:&quot;192.168.60.66&quot;,&quot;port&quot;:2088,&quot;nic&quot;:&quot;192.168.50.65&quot;,&quot;limit&quot;:0,&quot;is_backup&quot;:0,&quot;bitrate&quot;:0,&quot;up_time&quot;:0,&quot;error_code&quot;:3,&quot;status_code&quot;:1,&quot;error_str&quot;:&quot;Timeout&quot;,&quot;status_str&quot;:&quot;Connecting&quot;},{&quot;host&quot;:&quot;192.168.5.166&quot;,&quot;port&quot;:2088,&quot;nic&quot;:&quot;192.168.5.165&quot;,&quot;limit&quot;:0,&quot;is_backup&quot;:0,&quot;bitrate&quot;:2405034,&quot;up_time&quot;:67,&quot;error_code&quot;:0,&quot;status_code&quot;:3,&quot;error_str&quot;:&quot;None&quot;,&quot;status_str&quot;:&quot;Connected&quot;}],&quot;error&quot;:&quot;None&quot;,&quot;con_stat&quot;:&quot;Disconnected&quot;,&quot;bitrate&quot;:4895352,&quot;dest&quot;:&quot;bonded/bonded7&quot;},{&quot;mip&quot;:&quot;4000.ts&quot;,&quot;port&quot;:0,&quot;ip&quot;:&quot;file&quot;,&quot;in_name&quot;:&quot;bond&quot;,&quot;in_active&quot;:1,&quot;in_active_sources&quot;:0,&quot;prg_name&quot;:&quot;&quot;,&quot;prg_prov&quot;:&quot;&quot;,&quot;prg_num&quot;:-1,&quot;chan&quot;:&quot;&quot;,&quot;chan_id&quot;:-1,&quot;id&quot;:&quot;zixi://bonded(bonded5)#10.7.0.66:2088@10.7.0.65,192.168.60.66:2088@192.168.50.65,192.168.5.166:2088@192.168.5.165&quot;,&quot;type&quot;:2,&quot;name&quot;:&quot;bond5&quot;,&quot;asi&quot;:0,&quot;rtmp&quot;:0,&quot;file&quot;:1,&quot;active&quot;:1,&quot;group&quot;:&quot;&quot;,&quot;bonded&quot;:[{&quot;host&quot;:&quot;10.7.0.66&quot;,&quot;port&quot;:2088,&quot;nic&quot;:&quot;10.7.0.65&quot;,&quot;limit&quot;:0,&quot;is_backup&quot;:0,&quot;bitrate&quot;:4061309,&quot;up_time&quot;:55,&quot;error_code&quot;:0,&quot;status_code&quot;:3,&quot;error_str&quot;:&quot;None&quot;,&quot;status_str&quot;:&quot;Connected&quot;},{&quot;host&quot;:&quot;192.168.60.66&quot;,&quot;port&quot;:2088,&quot;nic&quot;:&quot;192.168.50.65&quot;,&quot;limit&quot;:0,&quot;is_backup&quot;:0,&quot;bitrate&quot;:0,&quot;up_time&quot;:0,&quot;error_code&quot;:3,&quot;status_code&quot;:1,&quot;error_str&quot;:&quot;Timeout&quot;,&quot;status_str&quot;:&quot;Connecting&quot;},{&quot;host&quot;:&quot;192.168.5.166&quot;,&quot;port&quot;:2088,&quot;nic&quot;:&quot;192.168.5.165&quot;,&quot;limit&quot;:0,&quot;is_backup&quot;:0,&quot;bitrate&quot;:998481,&quot;up_time&quot;:151,&quot;error_code&quot;:0,&quot;status_code&quot;:3,&quot;error_str&quot;:&quot;None&quot;,&quot;status_str&quot;:&quot;Connected&quot;}],&quot;error&quot;:&quot;None&quot;,&quot;con_stat&quot;:&quot;Disconnected&quot;,&quot;bitrate&quot;:4638033,&quot;dest&quot;:&quot;bonded/bonded5&quot;},{&quot;mip&quot;:&quot;4000.ts&quot;,&quot;port&quot;:0,&quot;ip&quot;:&quot;file&quot;,&quot;in_name&quot;:&quot;bond&quot;,&quot;in_active&quot;:1,&quot;in_active_sources&quot;:0,&quot;prg_name&quot;:&quot;&quot;,&quot;prg_prov&quot;:&quot;&quot;,&quot;prg_num&quot;:-1,&quot;chan&quot;:&quot;&quot;,&quot;chan_id&quot;:-1,&quot;id&quot;:&quot;zixi://bonded(bonded9)#10.7.0.66:2088@10.7.0.65,192.168.60.66:2088@192.168.50.65,192.168.5.166:2088@192.168.5.165&quot;,&quot;type&quot;:2,&quot;name&quot;:&quot;bond9&quot;,&quot;asi&quot;:0,&quot;rtmp&quot;:0,&quot;file&quot;:1,&quot;active&quot;:1,&quot;group&quot;:&quot;&quot;,&quot;bonded&quot;:[{&quot;host&quot;:&quot;10.7.0.66&quot;,&quot;port&quot;:2088,&quot;nic&quot;:&quot;10.7.0.65&quot;,&quot;limit&quot;:0,&quot;is_backup&quot;:0,&quot;bitrate&quot;:2278273,&quot;up_time&quot;:381,&quot;error_code&quot;:0,&quot;status_code&quot;:3,&quot;error_str&quot;:&quot;None&quot;,&quot;status_str&quot;:&quot;Connected&quot;},{&quot;host&quot;:&quot;192.168.60.66&quot;,&quot;port&quot;:2088,&quot;nic&quot;:&quot;192.168.50.65&quot;,&quot;limit&quot;:0,&quot;is_backup&quot;:0,&quot;bitrate&quot;:0,&quot;up_time&quot;:0,&quot;error_code&quot;:3,&quot;status_code&quot;:1,&quot;error_str&quot;:&quot;Timeout&quot;,&quot;status_str&quot;:&quot;Connecting&quot;},{&quot;host&quot;:&quot;192.168.5.166&quot;,&quot;port&quot;:2088,&quot;nic&quot;:&quot;192.168.5.165&quot;,&quot;limit&quot;:0,&quot;is_backup&quot;:0,&quot;bitrate&quot;:2421713,&quot;up_time&quot;:340,&quot;error_code&quot;:0,&quot;status_code&quot;:3,&quot;error_str&quot;:&quot;None&quot;,&quot;status_str&quot;:&quot;Connected&quot;}],&quot;error&quot;:&quot;None&quot;,&quot;con_stat&quot;:&quot;Disconnected&quot;,&quot;bitrate&quot;:4627428,&quot;dest&quot;:&quot;bonded/bonded9&quot;},{&quot;mip&quot;:&quot;4000.ts&quot;,&quot;port&quot;:0,&quot;ip&quot;:&quot;file&quot;,&quot;in_name&quot;:&quot;bond&quot;,&quot;in_active&quot;:1,&quot;in_active_sources&quot;:0,&quot;prg_name&quot;:&quot;&quot;,&quot;prg_prov&quot;:&quot;&quot;,&quot;prg_num&quot;:-1,&quot;chan&quot;:&quot;&quot;,&quot;chan_id&quot;:-1,&quot;id&quot;:&quot;zixi://bonded(bonded3)#10.7.0.66:2088@10.7.0.65,192.168.60.66:2088@192.168.50.65,192.168.5.166:2088@192.168.5.165&quot;,&quot;type&quot;:2,&quot;name&quot;:&quot;bond3&quot;,&quot;asi&quot;:0,&quot;rtmp&quot;:0,&quot;file&quot;:1,&quot;active&quot;:1,&quot;group&quot;:&quot;&quot;,&quot;bonded&quot;:[{&quot;host&quot;:&quot;10.7.0.66&quot;,&quot;port&quot;:2088,&quot;nic&quot;:&quot;10.7.0.65&quot;,&quot;limit&quot;:0,&quot;is_backup&quot;:0,&quot;bitrate&quot;:2398781,&quot;up_time&quot;:373,&quot;error_code&quot;:0,&quot;status_code&quot;:3,&quot;error_str&quot;:&quot;None&quot;,&quot;status_str&quot;:&quot;Connected&quot;},{&quot;host&quot;:&quot;192.168.60.66&quot;,&quot;port&quot;:2088,&quot;nic&quot;:&quot;192.168.50.65&quot;,&quot;limit&quot;:0,&quot;is_backup&quot;:0,&quot;bitrate&quot;:0,&quot;up_time&quot;:0,&quot;error_code&quot;:3,&quot;status_code&quot;:1,&quot;error_str&quot;:&quot;Timeout&quot;,&quot;status_str&quot;:&quot;Connecting&quot;},{&quot;host&quot;:&quot;192.168.5.166&quot;,&quot;port&quot;:2088,&quot;nic&quot;:&quot;192.168.5.165&quot;,&quot;limit&quot;:0,&quot;is_backup&quot;:0,&quot;bitrate&quot;:2346543,&quot;up_time&quot;:362,&quot;error_code&quot;:0,&quot;status_code&quot;:3,&quot;error_str&quot;:&quot;None&quot;,&quot;status_str&quot;:&quot;Connected&quot;}],&quot;error&quot;:&quot;None&quot;,&quot;con_stat&quot;:&quot;Disconnected&quot;,&quot;bitrate&quot;:4670857,&quot;dest&quot;:&quot;bonded/bonded3&quot;},{&quot;mip&quot;:&quot;4000.ts&quot;,&quot;port&quot;:0,&quot;ip&quot;:&quot;file&quot;,&quot;in_name&quot;:&quot;bond&quot;,&quot;in_active&quot;:1,&quot;in_active_sources&quot;:0,&quot;prg_name&quot;:&quot;&quot;,&quot;prg_prov&quot;:&quot;&quot;,&quot;prg_num&quot;:-1,&quot;chan&quot;:&quot;&quot;,&quot;chan_id&quot;:-1,&quot;id&quot;:&quot;zixi://bonded(bonded14)#10.7.0.66:2088@10.7.0.65,192.168.60.66:2088@192.168.50.65,192.168.5.166:2088@192.168.5.165&quot;,&quot;type&quot;:2,&quot;name&quot;:&quot;bond14&quot;,&quot;asi&quot;:0,&quot;rtmp&quot;:0,&quot;file&quot;:1,&quot;active&quot;:1,&quot;group&quot;:&quot;&quot;,&quot;bonded&quot;:[{&quot;host&quot;:&quot;10.7.0.66&quot;,&quot;port&quot;:2088,&quot;nic&quot;:&quot;10.7.0.65&quot;,&quot;limit&quot;:0,&quot;is_backup&quot;:0,&quot;bitrate&quot;:2501827,&quot;up_time&quot;:139,&quot;error_code&quot;:0,&quot;status_code&quot;:3,&quot;error_str&quot;:&quot;None&quot;,&quot;status_str&quot;:&quot;Connected&quot;},{&quot;host&quot;:&quot;192.168.60.66&quot;,&quot;port&quot;:2088,&quot;nic&quot;:&quot;192.168.50.65&quot;,&quot;limit&quot;:0,&quot;is_backup&quot;:0,&quot;bitrate&quot;:0,&quot;up_time&quot;:0,&quot;error_code&quot;:3,&quot;status_code&quot;:1,&quot;error_str&quot;:&quot;Timeout&quot;,&quot;status_str&quot;:&quot;Connecting&quot;},{&quot;host&quot;:&quot;192.168.5.166&quot;,&quot;port&quot;:2088,&quot;nic&quot;:&quot;192.168.5.165&quot;,&quot;limit&quot;:0,&quot;is_backup&quot;:0,&quot;bitrate&quot;:2448368,&quot;up_time&quot;:113,&quot;error_code&quot;:0,&quot;status_code&quot;:3,&quot;error_str&quot;:&quot;None&quot;,&quot;status_str&quot;:&quot;Connected&quot;}],&quot;error&quot;:&quot;None&quot;,&quot;con_stat&quot;:&quot;Disconnected&quot;,&quot;bitrate&quot;:4883860,&quot;dest&quot;:&quot;bonded/bonded14&quot;},{&quot;mip&quot;:&quot;4000.ts&quot;,&quot;port&quot;:0,&quot;ip&quot;:&quot;file&quot;,&quot;in_name&quot;:&quot;bond&quot;,&quot;in_active&quot;:1,&quot;in_active_sources&quot;:0,&quot;prg_name&quot;:&quot;&quot;,&quot;prg_prov&quot;:&quot;&quot;,&quot;prg_num&quot;:-1,&quot;chan&quot;:&quot;&quot;,&quot;chan_id&quot;:-1,&quot;id&quot;:&quot;zixi://bonded(bonded15)#10.7.0.66:2088@10.7.0.65,192.168.60.66:2088@192.168.50.65,192.168.5.166:2088@192.168.5.165&quot;,&quot;type&quot;:2,&quot;name&quot;:&quot;bond15&quot;,&quot;asi&quot;:0,&quot;rtmp&quot;:0,&quot;file&quot;:1,&quot;active&quot;:1,&quot;group&quot;:&quot;&quot;,&quot;bonded&quot;:[{&quot;host&quot;:&quot;10.7.0.66&quot;,&quot;port&quot;:2088,&quot;nic&quot;:&quot;10.7.0.65&quot;,&quot;limit&quot;:0,&quot;is_backup&quot;:0,&quot;bitrate&quot;:2442530,&quot;up_time&quot;:18,&quot;error_code&quot;:0,&quot;status_code&quot;:3,&quot;error_str&quot;:&quot;None&quot;,&quot;status_str&quot;:&quot;Connected&quot;},{&quot;host&quot;:&quot;192.168.60.66&quot;,&quot;port&quot;:2088,&quot;nic&quot;:&quot;192.168.50.65&quot;,&quot;limit&quot;:0,&quot;is_backup&quot;:0,&quot;bitrate&quot;:0,&quot;up_time&quot;:0,&quot;error_code&quot;:3,&quot;status_code&quot;:1,&quot;error_str&quot;:&quot;Timeout&quot;,&quot;status_str&quot;:&quot;Connecting&quot;},{&quot;host&quot;:&quot;192.168.5.166&quot;,&quot;port&quot;:2088,&quot;nic&quot;:&quot;192.168.5.165&quot;,&quot;limit&quot;:0,&quot;is_backup&quot;:0,&quot;bitrate&quot;:2507742,&quot;up_time&quot;:346,&quot;error_code&quot;:0,&quot;status_code&quot;:3,&quot;error_str&quot;:&quot;None&quot;,&quot;status_str&quot;:&quot;Connected&quot;}],&quot;error&quot;:&quot;None&quot;,&quot;con_stat&quot;:&quot;Disconnected&quot;,&quot;bitrate&quot;:4884747,&quot;dest&quot;:&quot;bonded/bonded15&quot;}]}
Debug printing ------&gt;&gt;&gt; {&quot;custom_data&quot;:&quot;&quot;,&quot;msg&quot;:&quot;Output deleted.&quot;,&quot;error&quot;:&quot;&quot;,&quot;outs&quot;:[{&quot;mip&quot;:&quot;live_recording.ts&quot;,&quot;port&quot;:0,&quot;ip&quot;:&quot;file&quot;,&quot;in_name&quot;:&quot;feederoutputname&quot;,&quot;in_active&quot;:1,&quot;in_active_sources&quot;:0,&quot;prg_name&quot;:&quot;&quot;,&quot;prg_prov&quot;:&quot;&quot;,&quot;prg_num&quot;:1,&quot;chan&quot;:&quot;&quot;,&quot;chan_id&quot;:-1,&quot;id&quot;:&quot;zixi://10.7.0.66:2088/feederout&quot;,&quot;type&quot;:2,&quot;name&quot;:&quot;feederoutputname&quot;,&quot;asi&quot;:0,&quot;rtmp&quot;:0,&quot;file&quot;:1,&quot;active&quot;:1,&quot;group&quot;:&quot;&quot;,&quot;error&quot;:&quot;None&quot;,&quot;con_stat&quot;:&quot;Disconnected&quot;,&quot;bitrate&quot;:0,&quot;dest&quot;:&quot;10.7.0.66:2088/feederout&quot;},{&quot;mip&quot;:&quot;4000.ts&quot;,&quot;port&quot;:0,&quot;ip&quot;:&quot;file&quot;,&quot;in_name&quot;:&quot;bond&quot;,&quot;in_active&quot;:1,&quot;in_active_sources&quot;:0,&quot;prg_name&quot;:&quot;&quot;,&quot;prg_prov&quot;:&quot;&quot;,&quot;prg_num&quot;:-1,&quot;chan&quot;:&quot;&quot;,&quot;chan_id&quot;:-1,&quot;id&quot;:&quot;zixi://bonded(bonded0)#10.7.0.66:2088@10.7.0.65,192.168.60.66:2088@192.168.50.65,192.168.5.166:2088@192.168.5.165&quot;,&quot;type&quot;:2,&quot;name&quot;:&quot;bond0&quot;,&quot;asi&quot;:0,&quot;rtmp&quot;:0,&quot;file&quot;:1,&quot;active&quot;:1,&quot;group&quot;:&quot;&quot;,&quot;bonded&quot;:[{&quot;host&quot;:&quot;10.7.0.66&quot;,&quot;port&quot;:2088,&quot;nic&quot;:&quot;10.7.0.65&quot;,&quot;limit&quot;:0,&quot;is_backup&quot;:0,&quot;bitrate&quot;:2352869,&quot;up_time&quot;:202,&quot;error_code&quot;:0,&quot;status_code&quot;:3,&quot;error_str&quot;:&quot;None&quot;,&quot;status_str&quot;:&quot;Connected&quot;},{&quot;host&quot;:&quot;192.168.60.66&quot;,&quot;port&quot;:2088,&quot;nic&quot;:&quot;192.168.50.65&quot;,&quot;limit&quot;:0,&quot;is_backup&quot;:0,&quot;bitrate&quot;:0,&quot;up_time&quot;:0,&quot;error_code&quot;:3,&quot;status_code&quot;:1,&quot;error_str&quot;:&quot;Timeout&quot;,&quot;status_str&quot;:&quot;Connecting&quot;},{&quot;host&quot;:&quot;192.168.5.166&quot;,&quot;port&quot;:2088,&quot;nic&quot;:&quot;192.168.5.165&quot;,&quot;limit&quot;:0,&quot;is_backup&quot;:0,&quot;bitrate&quot;:2336360,&quot;up_time&quot;:562,&quot;error_code&quot;:0,&quot;status_code&quot;:3,&quot;error_str&quot;:&quot;None&quot;,&quot;status_str&quot;:&quot;Connected&quot;}],&quot;error&quot;:&quot;None&quot;,&quot;con_stat&quot;:&quot;Disconnected&quot;,&quot;bitrate&quot;:4616703,&quot;dest&quot;:&quot;bonded/bonded0&quot;},{&quot;mip&quot;:&quot;4000.ts&quot;,&quot;port&quot;:0,&quot;ip&quot;:&quot;file&quot;,&quot;in_name&quot;:&quot;bond&quot;,&quot;in_active&quot;:1,&quot;in_active_sources&quot;:0,&quot;prg_name&quot;:&quot;&quot;,&quot;prg_prov&quot;:&quot;&quot;,&quot;prg_num&quot;:-1,&quot;chan&quot;:&quot;&quot;,&quot;chan_id&quot;:-1,&quot;id&quot;:&quot;zixi://bonded(bonded4)#10.7.0.66:2088@10.7.0.65,192.168.60.66:2088@192.168.50.65,192.168.5.166:2088@192.168.5.165&quot;,&quot;type&quot;:2,&quot;name&quot;:&quot;bond4&quot;,&quot;asi&quot;:0,&quot;rtmp&quot;:0,&quot;file&quot;:1,&quot;active&quot;:1,&quot;group&quot;:&quot;&quot;,&quot;bonded&quot;:[{&quot;host&quot;:&quot;10.7.0.66&quot;,&quot;port&quot;:2088,&quot;nic&quot;:&quot;10.7.0.65&quot;,&quot;limit&quot;:0,&quot;is_backup&quot;:0,&quot;bitrate&quot;:2576848,&quot;up_time&quot;:86,&quot;error_code&quot;:0,&quot;status_code&quot;:3,&quot;error_str&quot;:&quot;None&quot;,&quot;status_str&quot;:&quot;Connected&quot;},{&quot;host&quot;:&quot;192.168.60.66&quot;,&quot;port&quot;:2088,&quot;nic&quot;:&quot;192.168.50.65&quot;,&quot;limit&quot;:0,&quot;is_backup&quot;:0,&quot;bitrate&quot;:0,&quot;up_time&quot;:0,&quot;error_code&quot;:3,&quot;status_code&quot;:1,&quot;error_str&quot;:&quot;Timeout&quot;,&quot;status_str&quot;:&quot;Connecting&quot;},{&quot;host&quot;:&quot;192.168.5.166&quot;,&quot;port&quot;:2088,&quot;nic&quot;:&quot;192.168.5.165&quot;,&quot;limit&quot;:0,&quot;is_backup&quot;:0,&quot;bitrate&quot;:2439975,&quot;up_time&quot;:75,&quot;error_code&quot;:0,&quot;status_code&quot;:3,&quot;error_str&quot;:&quot;None&quot;,&quot;status_str&quot;:&quot;Connected&quot;}],&quot;error&quot;:&quot;None&quot;,&quot;con_stat&quot;:&quot;Disconnected&quot;,&quot;bitrate&quot;:4950617,&quot;dest&quot;:&quot;bonded/bonded4&quot;},{&quot;mip&quot;:&quot;4000.ts&quot;,&quot;port&quot;:0,&quot;ip&quot;:&quot;file&quot;,&quot;in_name&quot;:&quot;bond&quot;,&quot;in_active&quot;:1,&quot;in_active_sources&quot;:0,&quot;prg_name&quot;:&quot;&quot;,&quot;prg_prov&quot;:&quot;&quot;,&quot;prg_num&quot;:-1,&quot;chan&quot;:&quot;&quot;,&quot;chan_id&quot;:-1,&quot;id&quot;:&quot;zixi://bonded(bonded2)#10.7.0.66:2088@10.7.0.65,192.168.60.66:2088@192.168.50.65,192.168.5.166:2088@192.168.5.165&quot;,&quot;type&quot;:2,&quot;name&quot;:&quot;bond2&quot;,&quot;asi&quot;:0,&quot;rtmp&quot;:0,&quot;file&quot;:1,&quot;active&quot;:1,&quot;group&quot;:&quot;&quot;,&quot;bonded&quot;:[{&quot;host&quot;:&quot;10.7.0.66&quot;,&quot;port&quot;:2088,&quot;nic&quot;:&quot;10.7.0.65&quot;,&quot;limit&quot;:0,&quot;is_backup&quot;:0,&quot;bitrate&quot;:2340224,&quot;up_time&quot;:356,&quot;error_code&quot;:0,&quot;status_code&quot;:3,&quot;error_str&quot;:&quot;None&quot;,&quot;status_str&quot;:&quot;Connected&quot;},{&quot;host&quot;:&quot;192.168.60.66&quot;,&quot;port&quot;:2088,&quot;nic&quot;:&quot;192.168.50.65&quot;,&quot;limit&quot;:0,&quot;is_backup&quot;:0,&quot;bitrate&quot;:0,&quot;up_time&quot;:0,&quot;error_code&quot;:3,&quot;status_code&quot;:1,&quot;error_str&quot;:&quot;Timeout&quot;,&quot;status_str&quot;:&quot;Connecting&quot;},{&quot;host&quot;:&quot;192.168.5.166&quot;,&quot;port&quot;:2088,&quot;nic&quot;:&quot;192.168.5.165&quot;,&quot;limit&quot;:0,&quot;is_backup&quot;:0,&quot;bitrate&quot;:2008666,&quot;up_time&quot;:365,&quot;error_code&quot;:0,&quot;status_code&quot;:3,&quot;error_str&quot;:&quot;None&quot;,&quot;status_str&quot;:&quot;Connected&quot;}],&quot;error&quot;:&quot;None&quot;,&quot;con_stat&quot;:&quot;Disconnected&quot;,&quot;bitrate&quot;:4392840,&quot;dest&quot;:&quot;bonded/bonded2&quot;},{&quot;mip&quot;:&quot;4000.ts&quot;,&quot;port&quot;:0,&quot;ip&quot;:&quot;file&quot;,&quot;in_name&quot;:&quot;bond&quot;,&quot;in_active&quot;:1,&quot;in_active_sources&quot;:0,&quot;prg_name&quot;:&quot;&quot;,&quot;prg_prov&quot;:&quot;&quot;,&quot;prg_num&quot;:-1,&quot;chan&quot;:&quot;&quot;,&quot;chan_id&quot;:-1,&quot;id&quot;:&quot;zixi://bonded(bonded1)#10.7.0.66:2088@10.7.0.65,192.168.60.66:2088@192.168.50.65,192.168.5.166:2088@192.168.5.165&quot;,&quot;type&quot;:2,&quot;name&quot;:&quot;bond1&quot;,&quot;asi&quot;:0,&quot;rtmp&quot;:0,&quot;file&quot;:1,&quot;active&quot;:1,&quot;group&quot;:&quot;&quot;,&quot;bonded&quot;:[{&quot;host&quot;:&quot;10.7.0.66&quot;,&quot;port&quot;:2088,&quot;nic&quot;:&quot;10.7.0.65&quot;,&quot;limit&quot;:0,&quot;is_backup&quot;:0,&quot;bitrate&quot;:3608842,&quot;up_time&quot;:28,&quot;error_code&quot;:0,&quot;status_code&quot;:3,&quot;error_str&quot;:&quot;None&quot;,&quot;status_str&quot;:&quot;Connected&quot;},{&quot;host&quot;:&quot;192.168.60.66&quot;,&quot;port&quot;:2088,&quot;nic&quot;:&quot;192.168.50.65&quot;,&quot;limit&quot;:0,&quot;is_backup&quot;:0,&quot;bitrate&quot;:0,&quot;up_time&quot;:0,&quot;error_code&quot;:3,&quot;status_code&quot;:1,&quot;error_str&quot;:&quot;Timeout&quot;,&quot;status_str&quot;:&quot;Connecting&quot;},{&quot;host&quot;:&quot;192.168.5.166&quot;,&quot;port&quot;:2088,&quot;nic&quot;:&quot;192.168.5.165&quot;,&quot;limit&quot;:0,&quot;is_backup&quot;:0,&quot;bitrate&quot;:0,&quot;up_time&quot;:0,&quot;error_code&quot;:3,&quot;status_code&quot;:1,&quot;error_str&quot;:&quot;Timeout&quot;,&quot;status_str&quot;:&quot;Connecting&quot;}],&quot;error&quot;:&quot;None&quot;,&quot;con_stat&quot;:&quot;Disconnected&quot;,&quot;bitrate&quot;:3565418,&quot;dest&quot;:&quot;bonded/bonded1&quot;},{&quot;mip&quot;:&quot;4000.ts&quot;,&quot;port&quot;:0,&quot;ip&quot;:&quot;file&quot;,&quot;in_name&quot;:&quot;bond&quot;,&quot;in_active&quot;:1,&quot;in_active_sources&quot;:0,&quot;prg_name&quot;:&quot;&quot;,&quot;prg_prov&quot;:&quot;&quot;,&quot;prg_num&quot;:-1,&quot;chan&quot;:&quot;&quot;,&quot;chan_id&quot;:-1,&quot;id&quot;:&quot;zixi://bonded(bonded8)#10.7.0.66:2088@10.7.0.65,192.168.60.66:2088@192.168.50.65,192.168.5.166:2088@192.168.5.165&quot;,&quot;type&quot;:2,&quot;name&quot;:&quot;bond8&quot;,&quot;asi&quot;:0,&quot;rtmp&quot;:0,&quot;file&quot;:1,&quot;active&quot;:1,&quot;group&quot;:&quot;&quot;,&quot;bonded&quot;:[{&quot;host&quot;:&quot;10.7.0.66&quot;,&quot;port&quot;:2088,&quot;nic&quot;:&quot;10.7.0.65&quot;,&quot;limit&quot;:0,&quot;is_backup&quot;:0,&quot;bitrate&quot;:2327727,&quot;up_time&quot;:193,&quot;error_code&quot;:0,&quot;status_code&quot;:3,&quot;error_str&quot;:&quot;None&quot;,&quot;status_str&quot;:&quot;Connected&quot;},{&quot;host&quot;:&quot;192.168.60.66&quot;,&quot;port&quot;:2088,&quot;nic&quot;:&quot;192.168.50.65&quot;,&quot;limit&quot;:0,&quot;is_backup&quot;:0,&quot;bitrate&quot;:0,&quot;up_time&quot;:0,&quot;error_code&quot;:3,&quot;status_code&quot;:1,&quot;error_str&quot;:&quot;Timeout&quot;,&quot;status_str&quot;:&quot;Connecting&quot;},{&quot;host&quot;:&quot;192.168.5.166&quot;,&quot;port&quot;:2088,&quot;nic&quot;:&quot;192.168.5.165&quot;,&quot;limit&quot;:0,&quot;is_backup&quot;:0,&quot;bitrate&quot;:2349446,&quot;up_time&quot;:193,&quot;error_code&quot;:0,&quot;status_code&quot;:3,&quot;error_str&quot;:&quot;None&quot;,&quot;status_str&quot;:&quot;Connected&quot;}],&quot;error&quot;:&quot;None&quot;,&quot;con_stat&quot;:&quot;Disconnected&quot;,&quot;bitrate&quot;:4610717,&quot;dest&quot;:&quot;bonded/bonded8&quot;},{&quot;mip&quot;:&quot;4000.ts&quot;,&quot;port&quot;:0,&quot;ip&quot;:&quot;file&quot;,&quot;in_name&quot;:&quot;bond&quot;,&quot;in_active&quot;:1,&quot;in_active_sources&quot;:0,&quot;prg_name&quot;:&quot;&quot;,&quot;prg_prov&quot;:&quot;&quot;,&quot;prg_num&quot;:-1,&quot;chan&quot;:&quot;&quot;,&quot;chan_id&quot;:-1,&quot;id&quot;:&quot;zixi://bonded(bonded7)#10.7.0.66:2088@10.7.0.65,192.168.60.66:2088@192.168.50.65,192.168.5.166:2088@192.168.5.165&quot;,&quot;type&quot;:2,&quot;name&quot;:&quot;bond7&quot;,&quot;asi&quot;:0,&quot;rtmp&quot;:0,&quot;file&quot;:1,&quot;active&quot;:1,&quot;group&quot;:&quot;&quot;,&quot;bonded&quot;:[{&quot;host&quot;:&quot;10.7.0.66&quot;,&quot;port&quot;:2088,&quot;nic&quot;:&quot;10.7.0.65&quot;,&quot;limit&quot;:0,&quot;is_backup&quot;:0,&quot;bitrate&quot;:2543503,&quot;up_time&quot;:63,&quot;error_code&quot;:0,&quot;status_code&quot;:3,&quot;error_str&quot;:&quot;None&quot;,&quot;status_str&quot;:&quot;Connected&quot;},{&quot;host&quot;:&quot;192.168.60.66&quot;,&quot;port&quot;:2088,&quot;nic&quot;:&quot;192.168.50.65&quot;,&quot;limit&quot;:0,&quot;is_backup&quot;:0,&quot;bitrate&quot;:0,&quot;up_time&quot;:0,&quot;error_code&quot;:3,&quot;status_code&quot;:1,&quot;error_str&quot;:&quot;Timeout&quot;,&quot;status_str&quot;:&quot;Connecting&quot;},{&quot;host&quot;:&quot;192.168.5.166&quot;,&quot;port&quot;:2088,&quot;nic&quot;:&quot;192.168.5.165&quot;,&quot;limit&quot;:0,&quot;is_backup&quot;:0,&quot;bitrate&quot;:2405034,&quot;up_time&quot;:67,&quot;error_code&quot;:0,&quot;status_code&quot;:3,&quot;error_str&quot;:&quot;None&quot;,&quot;status_str&quot;:&quot;Connected&quot;}],&quot;error&quot;:&quot;None&quot;,&quot;con_stat&quot;:&quot;Disconnected&quot;,&quot;bitrate&quot;:4895352,&quot;dest&quot;:&quot;bonded/bonded7&quot;},{&quot;mip&quot;:&quot;4000.ts&quot;,&quot;port&quot;:0,&quot;ip&quot;:&quot;file&quot;,&quot;in_name&quot;:&quot;bond&quot;,&quot;in_active&quot;:1,&quot;in_active_sources&quot;:0,&quot;prg_name&quot;:&quot;&quot;,&quot;prg_prov&quot;:&quot;&quot;,&quot;prg_num&quot;:-1,&quot;chan&quot;:&quot;&quot;,&quot;chan_id&quot;:-1,&quot;id&quot;:&quot;zixi://bonded(bonded5)#10.7.0.66:2088@10.7.0.65,192.168.60.66:2088@192.168.50.65,192.168.5.166:2088@192.168.5.165&quot;,&quot;type&quot;:2,&quot;name&quot;:&quot;bond5&quot;,&quot;asi&quot;:0,&quot;rtmp&quot;:0,&quot;file&quot;:1,&quot;active&quot;:1,&quot;group&quot;:&quot;&quot;,&quot;bonded&quot;:[{&quot;host&quot;:&quot;10.7.0.66&quot;,&quot;port&quot;:2088,&quot;nic&quot;:&quot;10.7.0.65&quot;,&quot;limit&quot;:0,&quot;is_backup&quot;:0,&quot;bitrate&quot;:4061309,&quot;up_time&quot;:55,&quot;error_code&quot;:0,&quot;status_code&quot;:3,&quot;error_str&quot;:&quot;None&quot;,&quot;status_str&quot;:&quot;Connected&quot;},{&quot;host&quot;:&quot;192.168.60.66&quot;,&quot;port&quot;:2088,&quot;nic&quot;:&quot;192.168.50.65&quot;,&quot;limit&quot;:0,&quot;is_backup&quot;:0,&quot;bitrate&quot;:0,&quot;up_time&quot;:0,&quot;error_code&quot;:3,&quot;status_code&quot;:1,&quot;error_str&quot;:&quot;Timeout&quot;,&quot;status_str&quot;:&quot;Connecting&quot;},{&quot;host&quot;:&quot;192.168.5.166&quot;,&quot;port&quot;:2088,&quot;nic&quot;:&quot;192.168.5.165&quot;,&quot;limit&quot;:0,&quot;is_backup&quot;:0,&quot;bitrate&quot;:998481,&quot;up_time&quot;:151,&quot;error_code&quot;:0,&quot;status_code&quot;:3,&quot;error_str&quot;:&quot;None&quot;,&quot;status_str&quot;:&quot;Connected&quot;}],&quot;error&quot;:&quot;None&quot;,&quot;con_stat&quot;:&quot;Disconnected&quot;,&quot;bitrate&quot;:4638033,&quot;dest&quot;:&quot;bonded/bonded5&quot;},{&quot;mip&quot;:&quot;4000.ts&quot;,&quot;port&quot;:0,&quot;ip&quot;:&quot;file&quot;,&quot;in_name&quot;:&quot;bond&quot;,&quot;in_active&quot;:1,&quot;in_active_sources&quot;:0,&quot;prg_name&quot;:&quot;&quot;,&quot;prg_prov&quot;:&quot;&quot;,&quot;prg_num&quot;:-1,&quot;chan&quot;:&quot;&quot;,&quot;chan_id&quot;:-1,&quot;id&quot;:&quot;zixi://bonded(bonded9)#10.7.0.66:2088@10.7.0.65,192.168.60.66:2088@192.168.50.65,192.168.5.166:2088@192.168.5.165&quot;,&quot;type&quot;:2,&quot;name&quot;:&quot;bond9&quot;,&quot;asi&quot;:0,&quot;rtmp&quot;:0,&quot;file&quot;:1,&quot;active&quot;:1,&quot;group&quot;:&quot;&quot;,&quot;bonded&quot;:[{&quot;host&quot;:&quot;10.7.0.66&quot;,&quot;port&quot;:2088,&quot;nic&quot;:&quot;10.7.0.65&quot;,&quot;limit&quot;:0,&quot;is_backup&quot;:0,&quot;bitrate&quot;:2278273,&quot;up_time&quot;:381,&quot;error_code&quot;:0,&quot;status_code&quot;:3,&quot;error_str&quot;:&quot;None&quot;,&quot;status_str&quot;:&quot;Connected&quot;},{&quot;host&quot;:&quot;192.168.60.66&quot;,&quot;port&quot;:2088,&quot;nic&quot;:&quot;192.168.50.65&quot;,&quot;limit&quot;:0,&quot;is_backup&quot;:0,&quot;bitrate&quot;:0,&quot;up_time&quot;:0,&quot;error_code&quot;:3,&quot;status_code&quot;:1,&quot;error_str&quot;:&quot;Timeout&quot;,&quot;status_str&quot;:&quot;Connecting&quot;},{&quot;host&quot;:&quot;192.168.5.166&quot;,&quot;port&quot;:2088,&quot;nic&quot;:&quot;192.168.5.165&quot;,&quot;limit&quot;:0,&quot;is_backup&quot;:0,&quot;bitrate&quot;:2421713,&quot;up_time&quot;:340,&quot;error_code&quot;:0,&quot;status_code&quot;:3,&quot;error_str&quot;:&quot;None&quot;,&quot;status_str&quot;:&quot;Connected&quot;}],&quot;error&quot;:&quot;None&quot;,&quot;con_stat&quot;:&quot;Disconnected&quot;,&quot;bitrate&quot;:4627428,&quot;dest&quot;:&quot;bonded/bonded9&quot;},{&quot;mip&quot;:&quot;4000.ts&quot;,&quot;port&quot;:0,&quot;ip&quot;:&quot;file&quot;,&quot;in_name&quot;:&quot;bond&quot;,&quot;in_active&quot;:1,&quot;in_active_sources&quot;:0,&quot;prg_name&quot;:&quot;&quot;,&quot;prg_prov&quot;:&quot;&quot;,&quot;prg_num&quot;:-1,&quot;chan&quot;:&quot;&quot;,&quot;chan_id&quot;:-1,&quot;id&quot;:&quot;zixi://bonded(bonded3)#10.7.0.66:2088@10.7.0.65,192.168.60.66:2088@192.168.50.65,192.168.5.166:2088@192.168.5.165&quot;,&quot;type&quot;:2,&quot;name&quot;:&quot;bond3&quot;,&quot;asi&quot;:0,&quot;rtmp&quot;:0,&quot;file&quot;:1,&quot;active&quot;:1,&quot;group&quot;:&quot;&quot;,&quot;bonded&quot;:[{&quot;host&quot;:&quot;10.7.0.66&quot;,&quot;port&quot;:2088,&quot;nic&quot;:&quot;10.7.0.65&quot;,&quot;limit&quot;:0,&quot;is_backup&quot;:0,&quot;bitrate&quot;:2398781,&quot;up_time&quot;:373,&quot;error_code&quot;:0,&quot;status_code&quot;:3,&quot;error_str&quot;:&quot;None&quot;,&quot;status_str&quot;:&quot;Connected&quot;},{&quot;host&quot;:&quot;192.168.60.66&quot;,&quot;port&quot;:2088,&quot;nic&quot;:&quot;192.168.50.65&quot;,&quot;limit&quot;:0,&quot;is_backup&quot;:0,&quot;bitrate&quot;:0,&quot;up_time&quot;:0,&quot;error_code&quot;:3,&quot;status_code&quot;:1,&quot;error_str&quot;:&quot;Timeout&quot;,&quot;status_str&quot;:&quot;Connecting&quot;},{&quot;host&quot;:&quot;192.168.5.166&quot;,&quot;port&quot;:2088,&quot;nic&quot;:&quot;192.168.5.165&quot;,&quot;limit&quot;:0,&quot;is_backup&quot;:0,&quot;bitrate&quot;:2346543,&quot;up_time&quot;:362,&quot;error_code&quot;:0,&quot;status_code&quot;:3,&quot;error_str&quot;:&quot;None&quot;,&quot;status_str&quot;:&quot;Connected&quot;}],&quot;error&quot;:&quot;None&quot;,&quot;con_stat&quot;:&quot;Disconnected&quot;,&quot;bitrate&quot;:4670857,&quot;dest&quot;:&quot;bonded/bonded3&quot;},{&quot;mip&quot;:&quot;4000.ts&quot;,&quot;port&quot;:0,&quot;ip&quot;:&quot;file&quot;,&quot;in_name&quot;:&quot;bond&quot;,&quot;in_active&quot;:1,&quot;in_active_sources&quot;:0,&quot;prg_name&quot;:&quot;&quot;,&quot;prg_prov&quot;:&quot;&quot;,&quot;prg_num&quot;:-1,&quot;chan&quot;:&quot;&quot;,&quot;chan_id&quot;:-1,&quot;id&quot;:&quot;zixi://bonded(bonded14)#10.7.0.66:2088@10.7.0.65,192.168.60.66:2088@192.168.50.65,192.168.5.166:2088@192.168.5.165&quot;,&quot;type&quot;:2,&quot;name&quot;:&quot;bond14&quot;,&quot;asi&quot;:0,&quot;rtmp&quot;:0,&quot;file&quot;:1,&quot;active&quot;:1,&quot;group&quot;:&quot;&quot;,&quot;bonded&quot;:[{&quot;host&quot;:&quot;10.7.0.66&quot;,&quot;port&quot;:2088,&quot;nic&quot;:&quot;10.7.0.65&quot;,&quot;limit&quot;:0,&quot;is_backup&quot;:0,&quot;bitrate&quot;:2501827,&quot;up_time&quot;:139,&quot;error_code&quot;:0,&quot;status_code&quot;:3,&quot;error_str&quot;:&quot;None&quot;,&quot;status_str&quot;:&quot;Connected&quot;},{&quot;host&quot;:&quot;192.168.60.66&quot;,&quot;port&quot;:2088,&quot;nic&quot;:&quot;192.168.50.65&quot;,&quot;limit&quot;:0,&quot;is_backup&quot;:0,&quot;bitrate&quot;:0,&quot;up_time&quot;:0,&quot;error_code&quot;:3,&quot;status_code&quot;:1,&quot;error_str&quot;:&quot;Timeout&quot;,&quot;status_str&quot;:&quot;Connecting&quot;},{&quot;host&quot;:&quot;192.168.5.166&quot;,&quot;port&quot;:2088,&quot;nic&quot;:&quot;192.168.5.165&quot;,&quot;limit&quot;:0,&quot;is_backup&quot;:0,&quot;bitrate&quot;:2448368,&quot;up_time&quot;:113,&quot;error_code&quot;:0,&quot;status_code&quot;:3,&quot;error_str&quot;:&quot;None&quot;,&quot;status_str&quot;:&quot;Connected&quot;}],&quot;error&quot;:&quot;None&quot;,&quot;con_stat&quot;:&quot;Disconnected&quot;,&quot;bitrate&quot;:4883860,&quot;dest&quot;:&quot;bonded/bonded14&quot;}]}
Debug printing ------&gt;&gt;&gt; {&quot;custom_data&quot;:&quot;&quot;,&quot;msg&quot;:&quot;Output deleted.&quot;,&quot;error&quot;:&quot;&quot;,&quot;outs&quot;:[{&quot;mip&quot;:&quot;live_recording.ts&quot;,&quot;port&quot;:0,&quot;ip&quot;:&quot;file&quot;,&quot;in_name&quot;:&quot;feederoutputname&quot;,&quot;in_active&quot;:1,&quot;in_active_sources&quot;:0,&quot;prg_name&quot;:&quot;&quot;,&quot;prg_prov&quot;:&quot;&quot;,&quot;prg_num&quot;:1,&quot;chan&quot;:&quot;&quot;,&quot;chan_id&quot;:-1,&quot;id&quot;:&quot;zixi://10.7.0.66:2088/feederout&quot;,&quot;type&quot;:2,&quot;name&quot;:&quot;feederoutputname&quot;,&quot;asi&quot;:0,&quot;rtmp&quot;:0,&quot;file&quot;:1,&quot;active&quot;:1,&quot;group&quot;:&quot;&quot;,&quot;error&quot;:&quot;None&quot;,&quot;con_stat&quot;:&quot;Disconnected&quot;,&quot;bitrate&quot;:0,&quot;dest&quot;:&quot;10.7.0.66:2088/feederout&quot;},{&quot;mip&quot;:&quot;4000.ts&quot;,&quot;port&quot;:0,&quot;ip&quot;:&quot;file&quot;,&quot;in_name&quot;:&quot;bond&quot;,&quot;in_active&quot;:1,&quot;in_active_sources&quot;:0,&quot;prg_name&quot;:&quot;&quot;,&quot;prg_prov&quot;:&quot;&quot;,&quot;prg_num&quot;:-1,&quot;chan&quot;:&quot;&quot;,&quot;chan_id&quot;:-1,&quot;id&quot;:&quot;zixi://bonded(bonded4)#10.7.0.66:2088@10.7.0.65,192.168.60.66:2088@192.168.50.65,192.168.5.166:2088@192.168.5.165&quot;,&quot;type&quot;:2,&quot;name&quot;:&quot;bond4&quot;,&quot;asi&quot;:0,&quot;rtmp&quot;:0,&quot;file&quot;:1,&quot;active&quot;:1,&quot;group&quot;:&quot;&quot;,&quot;bonded&quot;:[{&quot;host&quot;:&quot;10.7.0.66&quot;,&quot;port&quot;:2088,&quot;nic&quot;:&quot;10.7.0.65&quot;,&quot;limit&quot;:0,&quot;is_backup&quot;:0,&quot;bitrate&quot;:2576848,&quot;up_time&quot;:86,&quot;error_code&quot;:0,&quot;status_code&quot;:3,&quot;error_str&quot;:&quot;None&quot;,&quot;status_str&quot;:&quot;Connected&quot;},{&quot;host&quot;:&quot;192.168.60.66&quot;,&quot;port&quot;:2088,&quot;nic&quot;:&quot;192.168.50.65&quot;,&quot;limit&quot;:0,&quot;is_backup&quot;:0,&quot;bitrate&quot;:0,&quot;up_time&quot;:0,&quot;error_code&quot;:3,&quot;status_code&quot;:1,&quot;error_str&quot;:&quot;Timeout&quot;,&quot;status_str&quot;:&quot;Connecting&quot;},{&quot;host&quot;:&quot;192.168.5.166&quot;,&quot;port&quot;:2088,&quot;nic&quot;:&quot;192.168.5.165&quot;,&quot;limit&quot;:0,&quot;is_backup&quot;:0,&quot;bitrate&quot;:2439975,&quot;up_time&quot;:75,&quot;error_code&quot;:0,&quot;status_code&quot;:3,&quot;error_str&quot;:&quot;None&quot;,&quot;status_str&quot;:&quot;Connected&quot;}],&quot;error&quot;:&quot;None&quot;,&quot;con_stat&quot;:&quot;Disconnected&quot;,&quot;bitrate&quot;:4950617,&quot;dest&quot;:&quot;bonded/bonded4&quot;},{&quot;mip&quot;:&quot;4000.ts&quot;,&quot;port&quot;:0,&quot;ip&quot;:&quot;file&quot;,&quot;in_name&quot;:&quot;bond&quot;,&quot;in_active&quot;:1,&quot;in_active_sources&quot;:0,&quot;prg_name&quot;:&quot;&quot;,&quot;prg_prov&quot;:&quot;&quot;,&quot;prg_num&quot;:-1,&quot;chan&quot;:&quot;&quot;,&quot;chan_id&quot;:-1,&quot;id&quot;:&quot;zixi://bonded(bonded2)#10.7.0.66:2088@10.7.0.65,192.168.60.66:2088@192.168.50.65,192.168.5.166:2088@192.168.5.165&quot;,&quot;type&quot;:2,&quot;name&quot;:&quot;bond2&quot;,&quot;asi&quot;:0,&quot;rtmp&quot;:0,&quot;file&quot;:1,&quot;active&quot;:1,&quot;group&quot;:&quot;&quot;,&quot;bonded&quot;:[{&quot;host&quot;:&quot;10.7.0.66&quot;,&quot;port&quot;:2088,&quot;nic&quot;:&quot;10.7.0.65&quot;,&quot;limit&quot;:0,&quot;is_backup&quot;:0,&quot;bitrate&quot;:2340224,&quot;up_time&quot;:356,&quot;error_code&quot;:0,&quot;status_code&quot;:3,&quot;error_str&quot;:&quot;None&quot;,&quot;status_str&quot;:&quot;Connected&quot;},{&quot;host&quot;:&quot;192.168.60.66&quot;,&quot;port&quot;:2088,&quot;nic&quot;:&quot;192.168.50.65&quot;,&quot;limit&quot;:0,&quot;is_backup&quot;:0,&quot;bitrate&quot;:0,&quot;up_time&quot;:0,&quot;error_code&quot;:3,&quot;status_code&quot;:1,&quot;error_str&quot;:&quot;Timeout&quot;,&quot;status_str&quot;:&quot;Connecting&quot;},{&quot;host&quot;:&quot;192.168.5.166&quot;,&quot;port&quot;:2088,&quot;nic&quot;:&quot;192.168.5.165&quot;,&quot;limit&quot;:0,&quot;is_backup&quot;:0,&quot;bitrate&quot;:2008666,&quot;up_time&quot;:365,&quot;error_code&quot;:0,&quot;status_code&quot;:3,&quot;error_str&quot;:&quot;None&quot;,&quot;status_str&quot;:&quot;Connected&quot;}],&quot;error&quot;:&quot;None&quot;,&quot;con_stat&quot;:&quot;Disconnected&quot;,&quot;bitrate&quot;:4392840,&quot;dest&quot;:&quot;bonded/bonded2&quot;},{&quot;mip&quot;:&quot;4000.ts&quot;,&quot;port&quot;:0,&quot;ip&quot;:&quot;file&quot;,&quot;in_name&quot;:&quot;bond&quot;,&quot;in_active&quot;:1,&quot;in_active_sources&quot;:0,&quot;prg_name&quot;:&quot;&quot;,&quot;prg_prov&quot;:&quot;&quot;,&quot;prg_num&quot;:-1,&quot;chan&quot;:&quot;&quot;,&quot;chan_id&quot;:-1,&quot;id&quot;:&quot;zixi://bonded(bonded1)#10.7.0.66:2088@10.7.0.65,192.168.60.66:2088@192.168.50.65,192.168.5.166:2088@192.168.5.165&quot;,&quot;type&quot;:2,&quot;name&quot;:&quot;bond1&quot;,&quot;asi&quot;:0,&quot;rtmp&quot;:0,&quot;file&quot;:1,&quot;active&quot;:1,&quot;group&quot;:&quot;&quot;,&quot;bonded&quot;:[{&quot;host&quot;:&quot;10.7.0.66&quot;,&quot;port&quot;:2088,&quot;nic&quot;:&quot;10.7.0.65&quot;,&quot;limit&quot;:0,&quot;is_backup&quot;:0,&quot;bitrate&quot;:3608842,&quot;up_time&quot;:28,&quot;error_code&quot;:0,&quot;status_code&quot;:3,&quot;error_str&quot;:&quot;None&quot;,&quot;status_str&quot;:&quot;Connected&quot;},{&quot;host&quot;:&quot;192.168.60.66&quot;,&quot;port&quot;:2088,&quot;nic&quot;:&quot;192.168.50.65&quot;,&quot;limit&quot;:0,&quot;is_backup&quot;:0,&quot;bitrate&quot;:0,&quot;up_time&quot;:0,&quot;error_code&quot;:3,&quot;status_code&quot;:1,&quot;error_str&quot;:&quot;Timeout&quot;,&quot;status_str&quot;:&quot;Connecting&quot;},{&quot;host&quot;:&quot;192.168.5.166&quot;,&quot;port&quot;:2088,&quot;nic&quot;:&quot;192.168.5.165&quot;,&quot;limit&quot;:0,&quot;is_backup&quot;:0,&quot;bitrate&quot;:0,&quot;up_time&quot;:0,&quot;error_code&quot;:3,&quot;status_code&quot;:1,&quot;error_str&quot;:&quot;Timeout&quot;,&quot;status_str&quot;:&quot;Connecting&quot;}],&quot;error&quot;:&quot;None&quot;,&quot;con_stat&quot;:&quot;Disconnected&quot;,&quot;bitrate&quot;:3565418,&quot;dest&quot;:&quot;bonded/bonded1&quot;},{&quot;mip&quot;:&quot;4000.ts&quot;,&quot;port&quot;:0,&quot;ip&quot;:&quot;file&quot;,&quot;in_name&quot;:&quot;bond&quot;,&quot;in_active&quot;:1,&quot;in_active_sources&quot;:0,&quot;prg_name&quot;:&quot;&quot;,&quot;prg_prov&quot;:&quot;&quot;,&quot;prg_num&quot;:-1,&quot;chan&quot;:&quot;&quot;,&quot;chan_id&quot;:-1,&quot;id&quot;:&quot;zixi://bonded(bonded8)#10.7.0.66:2088@10.7.0.65,192.168.60.66:2088@192.168.50.65,192.168.5.166:2088@192.168.5.165&quot;,&quot;type&quot;:2,&quot;name&quot;:&quot;bond8&quot;,&quot;asi&quot;:0,&quot;rtmp&quot;:0,&quot;file&quot;:1,&quot;active&quot;:1,&quot;group&quot;:&quot;&quot;,&quot;bonded&quot;:[{&quot;host&quot;:&quot;10.7.0.66&quot;,&quot;port&quot;:2088,&quot;nic&quot;:&quot;10.7.0.65&quot;,&quot;limit&quot;:0,&quot;is_backup&quot;:0,&quot;bitrate&quot;:2327727,&quot;up_time&quot;:193,&quot;error_code&quot;:0,&quot;status_code&quot;:3,&quot;error_str&quot;:&quot;None&quot;,&quot;status_str&quot;:&quot;Connected&quot;},{&quot;host&quot;:&quot;192.168.60.66&quot;,&quot;port&quot;:2088,&quot;nic&quot;:&quot;192.168.50.65&quot;,&quot;limit&quot;:0,&quot;is_backup&quot;:0,&quot;bitrate&quot;:0,&quot;up_time&quot;:0,&quot;error_code&quot;:3,&quot;status_code&quot;:1,&quot;error_str&quot;:&quot;Timeout&quot;,&quot;status_str&quot;:&quot;Connecting&quot;},{&quot;host&quot;:&quot;192.168.5.166&quot;,&quot;port&quot;:2088,&quot;nic&quot;:&quot;192.168.5.165&quot;,&quot;limit&quot;:0,&quot;is_backup&quot;:0,&quot;bitrate&quot;:2349446,&quot;up_time&quot;:193,&quot;error_code&quot;:0,&quot;status_code&quot;:3,&quot;error_str&quot;:&quot;None&quot;,&quot;status_str&quot;:&quot;Connected&quot;}],&quot;error&quot;:&quot;None&quot;,&quot;con_stat&quot;:&quot;Disconnected&quot;,&quot;bitrate&quot;:4610717,&quot;dest&quot;:&quot;bonded/bonded8&quot;},{&quot;mip&quot;:&quot;4000.ts&quot;,&quot;port&quot;:0,&quot;ip&quot;:&quot;file&quot;,&quot;in_name&quot;:&quot;bond&quot;,&quot;in_active&quot;:1,&quot;in_active_sources&quot;:0,&quot;prg_name&quot;:&quot;&quot;,&quot;prg_prov&quot;:&quot;&quot;,&quot;prg_num&quot;:-1,&quot;chan&quot;:&quot;&quot;,&quot;chan_id&quot;:-1,&quot;id&quot;:&quot;zixi://bonded(bonded7)#10.7.0.66:2088@10.7.0.65,192.168.60.66:2088@192.168.50.65,192.168.5.166:2088@192.168.5.165&quot;,&quot;type&quot;:2,&quot;name&quot;:&quot;bond7&quot;,&quot;asi&quot;:0,&quot;rtmp&quot;:0,&quot;file&quot;:1,&quot;active&quot;:1,&quot;group&quot;:&quot;&quot;,&quot;bonded&quot;:[{&quot;host&quot;:&quot;10.7.0.66&quot;,&quot;port&quot;:2088,&quot;nic&quot;:&quot;10.7.0.65&quot;,&quot;limit&quot;:0,&quot;is_backup&quot;:0,&quot;bitrate&quot;:2543503,&quot;up_time&quot;:63,&quot;error_code&quot;:0,&quot;status_code&quot;:3,&quot;error_str&quot;:&quot;None&quot;,&quot;status_str&quot;:&quot;Connected&quot;},{&quot;host&quot;:&quot;192.168.60.66&quot;,&quot;port&quot;:2088,&quot;nic&quot;:&quot;192.168.50.65&quot;,&quot;limit&quot;:0,&quot;is_backup&quot;:0,&quot;bitrate&quot;:0,&quot;up_time&quot;:0,&quot;error_code&quot;:3,&quot;status_code&quot;:1,&quot;error_str&quot;:&quot;Timeout&quot;,&quot;status_str&quot;:&quot;Connecting&quot;},{&quot;host&quot;:&quot;192.168.5.166&quot;,&quot;port&quot;:2088,&quot;nic&quot;:&quot;192.168.5.165&quot;,&quot;limit&quot;:0,&quot;is_backup&quot;:0,&quot;bitrate&quot;:2405034,&quot;up_time&quot;:67,&quot;error_code&quot;:0,&quot;status_code&quot;:3,&quot;error_str&quot;:&quot;None&quot;,&quot;status_str&quot;:&quot;Connected&quot;}],&quot;error&quot;:&quot;None&quot;,&quot;con_stat&quot;:&quot;Disconnected&quot;,&quot;bitrate&quot;:4895352,&quot;dest&quot;:&quot;bonded/bonded7&quot;},{&quot;mip&quot;:&quot;4000.ts&quot;,&quot;port&quot;:0,&quot;ip&quot;:&quot;file&quot;,&quot;in_name&quot;:&quot;bond&quot;,&quot;in_active&quot;:1,&quot;in_active_sources&quot;:0,&quot;prg_name&quot;:&quot;&quot;,&quot;prg_prov&quot;:&quot;&quot;,&quot;prg_num&quot;:-1,&quot;chan&quot;:&quot;&quot;,&quot;chan_id&quot;:-1,&quot;id&quot;:&quot;zixi://bonded(bonded5)#10.7.0.66:2088@10.7.0.65,192.168.60.66:2088@192.168.50.65,192.168.5.166:2088@192.168.5.165&quot;,&quot;type&quot;:2,&quot;name&quot;:&quot;bond5&quot;,&quot;asi&quot;:0,&quot;rtmp&quot;:0,&quot;file&quot;:1,&quot;active&quot;:1,&quot;group&quot;:&quot;&quot;,&quot;bonded&quot;:[{&quot;host&quot;:&quot;10.7.0.66&quot;,&quot;port&quot;:2088,&quot;nic&quot;:&quot;10.7.0.65&quot;,&quot;limit&quot;:0,&quot;is_backup&quot;:0,&quot;bitrate&quot;:4061309,&quot;up_time&quot;:55,&quot;error_code&quot;:0,&quot;status_code&quot;:3,&quot;error_str&quot;:&quot;None&quot;,&quot;status_str&quot;:&quot;Connected&quot;},{&quot;host&quot;:&quot;192.168.60.66&quot;,&quot;port&quot;:2088,&quot;nic&quot;:&quot;192.168.50.65&quot;,&quot;limit&quot;:0,&quot;is_backup&quot;:0,&quot;bitrate&quot;:0,&quot;up_time&quot;:0,&quot;error_code&quot;:3,&quot;status_code&quot;:1,&quot;error_str&quot;:&quot;Timeout&quot;,&quot;status_str&quot;:&quot;Connecting&quot;},{&quot;host&quot;:&quot;192.168.5.166&quot;,&quot;port&quot;:2088,&quot;nic&quot;:&quot;192.168.5.165&quot;,&quot;limit&quot;:0,&quot;is_backup&quot;:0,&quot;bitrate&quot;:998481,&quot;up_time&quot;:151,&quot;error_code&quot;:0,&quot;status_code&quot;:3,&quot;error_str&quot;:&quot;None&quot;,&quot;status_str&quot;:&quot;Connected&quot;}],&quot;error&quot;:&quot;None&quot;,&quot;con_stat&quot;:&quot;Disconnected&quot;,&quot;bitrate&quot;:4638033,&quot;dest&quot;:&quot;bonded/bonded5&quot;},{&quot;mip&quot;:&quot;4000.ts&quot;,&quot;port&quot;:0,&quot;ip&quot;:&quot;file&quot;,&quot;in_name&quot;:&quot;bond&quot;,&quot;in_active&quot;:1,&quot;in_active_sources&quot;:0,&quot;prg_name&quot;:&quot;&quot;,&quot;prg_prov&quot;:&quot;&quot;,&quot;prg_num&quot;:-1,&quot;chan&quot;:&quot;&quot;,&quot;chan_id&quot;:-1,&quot;id&quot;:&quot;zixi://bonded(bonded9)#10.7.0.66:2088@10.7.0.65,192.168.60.66:2088@192.168.50.65,192.168.5.166:2088@192.168.5.165&quot;,&quot;type&quot;:2,&quot;name&quot;:&quot;bond9&quot;,&quot;asi&quot;:0,&quot;rtmp&quot;:0,&quot;file&quot;:1,&quot;active&quot;:1,&quot;group&quot;:&quot;&quot;,&quot;bonded&quot;:[{&quot;host&quot;:&quot;10.7.0.66&quot;,&quot;port&quot;:2088,&quot;nic&quot;:&quot;10.7.0.65&quot;,&quot;limit&quot;:0,&quot;is_backup&quot;:0,&quot;bitrate&quot;:2278273,&quot;up_time&quot;:381,&quot;error_code&quot;:0,&quot;status_code&quot;:3,&quot;error_str&quot;:&quot;None&quot;,&quot;status_str&quot;:&quot;Connected&quot;},{&quot;host&quot;:&quot;192.168.60.66&quot;,&quot;port&quot;:2088,&quot;nic&quot;:&quot;192.168.50.65&quot;,&quot;limit&quot;:0,&quot;is_backup&quot;:0,&quot;bitrate&quot;:0,&quot;up_time&quot;:0,&quot;error_code&quot;:3,&quot;status_code&quot;:1,&quot;error_str&quot;:&quot;Timeout&quot;,&quot;status_str&quot;:&quot;Connecting&quot;},{&quot;host&quot;:&quot;192.168.5.166&quot;,&quot;port&quot;:2088,&quot;nic&quot;:&quot;192.168.5.165&quot;,&quot;limit&quot;:0,&quot;is_backup&quot;:0,&quot;bitrate&quot;:2421713,&quot;up_time&quot;:340,&quot;error_code&quot;:0,&quot;status_code&quot;:3,&quot;error_str&quot;:&quot;None&quot;,&quot;status_str&quot;:&quot;Connected&quot;}],&quot;error&quot;:&quot;None&quot;,&quot;con_stat&quot;:&quot;Disconnected&quot;,&quot;bitrate&quot;:4627428,&quot;dest&quot;:&quot;bonded/bonded9&quot;},{&quot;mip&quot;:&quot;4000.ts&quot;,&quot;port&quot;:0,&quot;ip&quot;:&quot;file&quot;,&quot;in_name&quot;:&quot;bond&quot;,&quot;in_active&quot;:1,&quot;in_active_sources&quot;:0,&quot;prg_name&quot;:&quot;&quot;,&quot;prg_prov&quot;:&quot;&quot;,&quot;prg_num&quot;:-1,&quot;chan&quot;:&quot;&quot;,&quot;chan_id&quot;:-1,&quot;id&quot;:&quot;zixi://bonded(bonded3)#10.7.0.66:2088@10.7.0.65,192.168.60.66:2088@192.168.50.65,192.168.5.166:2088@192.168.5.165&quot;,&quot;type&quot;:2,&quot;name&quot;:&quot;bond3&quot;,&quot;asi&quot;:0,&quot;rtmp&quot;:0,&quot;file&quot;:1,&quot;active&quot;:1,&quot;group&quot;:&quot;&quot;,&quot;bonded&quot;:[{&quot;host&quot;:&quot;10.7.0.66&quot;,&quot;port&quot;:2088,&quot;nic&quot;:&quot;10.7.0.65&quot;,&quot;limit&quot;:0,&quot;is_backup&quot;:0,&quot;bitrate&quot;:2398781,&quot;up_time&quot;:373,&quot;error_code&quot;:0,&quot;status_code&quot;:3,&quot;error_str&quot;:&quot;None&quot;,&quot;status_str&quot;:&quot;Connected&quot;},{&quot;host&quot;:&quot;192.168.60.66&quot;,&quot;port&quot;:2088,&quot;nic&quot;:&quot;192.168.50.65&quot;,&quot;limit&quot;:0,&quot;is_backup&quot;:0,&quot;bitrate&quot;:0,&quot;up_time&quot;:0,&quot;error_code&quot;:3,&quot;status_code&quot;:1,&quot;error_str&quot;:&quot;Timeout&quot;,&quot;status_str&quot;:&quot;Connecting&quot;},{&quot;host&quot;:&quot;192.168.5.166&quot;,&quot;port&quot;:2088,&quot;nic&quot;:&quot;192.168.5.165&quot;,&quot;limit&quot;:0,&quot;is_backup&quot;:0,&quot;bitrate&quot;:2346543,&quot;up_time&quot;:362,&quot;error_code&quot;:0,&quot;status_code&quot;:3,&quot;error_str&quot;:&quot;None&quot;,&quot;status_str&quot;:&quot;Connected&quot;}],&quot;error&quot;:&quot;None&quot;,&quot;con_stat&quot;:&quot;Disconnected&quot;,&quot;bitrate&quot;:4670857,&quot;dest&quot;:&quot;bonded/bonded3&quot;},{&quot;mip&quot;:&quot;4000.ts&quot;,&quot;port&quot;:0,&quot;ip&quot;:&quot;file&quot;,&quot;in_name&quot;:&quot;bond&quot;,&quot;in_active&quot;:1,&quot;in_active_sources&quot;:0,&quot;prg_name&quot;:&quot;&quot;,&quot;prg_prov&quot;:&quot;&quot;,&quot;prg_num&quot;:-1,&quot;chan&quot;:&quot;&quot;,&quot;chan_id&quot;:-1,&quot;id&quot;:&quot;zixi://bonded(bonded14)#10.7.0.66:2088@10.7.0.65,192.168.60.66:2088@192.168.50.65,192.168.5.166:2088@192.168.5.165&quot;,&quot;type&quot;:2,&quot;name&quot;:&quot;bond14&quot;,&quot;asi&quot;:0,&quot;rtmp&quot;:0,&quot;file&quot;:1,&quot;active&quot;:1,&quot;group&quot;:&quot;&quot;,&quot;bonded&quot;:[{&quot;host&quot;:&quot;10.7.0.66&quot;,&quot;port&quot;:2088,&quot;nic&quot;:&quot;10.7.0.65&quot;,&quot;limit&quot;:0,&quot;is_backup&quot;:0,&quot;bitrate&quot;:2501827,&quot;up_time&quot;:139,&quot;error_code&quot;:0,&quot;status_code&quot;:3,&quot;error_str&quot;:&quot;None&quot;,&quot;status_str&quot;:&quot;Connected&quot;},{&quot;host&quot;:&quot;192.168.60.66&quot;,&quot;port&quot;:2088,&quot;nic&quot;:&quot;192.168.50.65&quot;,&quot;limit&quot;:0,&quot;is_backup&quot;:0,&quot;bitrate&quot;:0,&quot;up_time&quot;:0,&quot;error_code&quot;:3,&quot;status_code&quot;:1,&quot;error_str&quot;:&quot;Timeout&quot;,&quot;status_str&quot;:&quot;Connecting&quot;},{&quot;host&quot;:&quot;192.168.5.166&quot;,&quot;port&quot;:2088,&quot;nic&quot;:&quot;192.168.5.165&quot;,&quot;limit&quot;:0,&quot;is_backup&quot;:0,&quot;bitrate&quot;:2448368,&quot;up_time&quot;:113,&quot;error_code&quot;:0,&quot;status_code&quot;:3,&quot;error_str&quot;:&quot;None&quot;,&quot;status_str&quot;:&quot;Connected&quot;}],&quot;error&quot;:&quot;None&quot;,&quot;con_stat&quot;:&quot;Disconnected&quot;,&quot;bitrate&quot;:4883860,&quot;dest&quot;:&quot;bonded/bonded14&quot;}]}
Debug printing ------&gt;&gt;&gt; {&quot;custom_data&quot;:&quot;&quot;,&quot;msg&quot;:&quot;Output deleted.&quot;,&quot;error&quot;:&quot;&quot;,&quot;outs&quot;:[{&quot;mip&quot;:&quot;live_recording.ts&quot;,&quot;port&quot;:0,&quot;ip&quot;:&quot;file&quot;,&quot;in_name&quot;:&quot;feederoutputname&quot;,&quot;in_active&quot;:1,&quot;in_active_sources&quot;:0,&quot;prg_name&quot;:&quot;&quot;,&quot;prg_prov&quot;:&quot;&quot;,&quot;prg_num&quot;:1,&quot;chan&quot;:&quot;&quot;,&quot;chan_id&quot;:-1,&quot;id&quot;:&quot;zixi://10.7.0.66:2088/feederout&quot;,&quot;type&quot;:2,&quot;name&quot;:&quot;feederoutputname&quot;,&quot;asi&quot;:0,&quot;rtmp&quot;:0,&quot;file&quot;:1,&quot;active&quot;:1,&quot;group&quot;:&quot;&quot;,&quot;error&quot;:&quot;None&quot;,&quot;con_stat&quot;:&quot;Disconnected&quot;,&quot;bitrate&quot;:0,&quot;dest&quot;:&quot;10.7.0.66:2088/feederout&quot;},{&quot;mip&quot;:&quot;4000.ts&quot;,&quot;port&quot;:0,&quot;ip&quot;:&quot;file&quot;,&quot;in_name&quot;:&quot;bond&quot;,&quot;in_active&quot;:1,&quot;in_active_sources&quot;:0,&quot;prg_name&quot;:&quot;&quot;,&quot;prg_prov&quot;:&quot;&quot;,&quot;prg_num&quot;:-1,&quot;chan&quot;:&quot;&quot;,&quot;chan_id&quot;:-1,&quot;id&quot;:&quot;zixi://bonded(bonded4)#10.7.0.66:2088@10.7.0.65,192.168.60.66:2088@192.168.50.65,192.168.5.166:2088@192.168.5.165&quot;,&quot;type&quot;:2,&quot;name&quot;:&quot;bond4&quot;,&quot;asi&quot;:0,&quot;rtmp&quot;:0,&quot;file&quot;:1,&quot;active&quot;:1,&quot;group&quot;:&quot;&quot;,&quot;bonded&quot;:[{&quot;host&quot;:&quot;10.7.0.66&quot;,&quot;port&quot;:2088,&quot;nic&quot;:&quot;10.7.0.65&quot;,&quot;limit&quot;:0,&quot;is_backup&quot;:0,&quot;bitrate&quot;:2576848,&quot;up_time&quot;:86,&quot;error_code&quot;:0,&quot;status_code&quot;:3,&quot;error_str&quot;:&quot;None&quot;,&quot;status_str&quot;:&quot;Connected&quot;},{&quot;host&quot;:&quot;192.168.60.66&quot;,&quot;port&quot;:2088,&quot;nic&quot;:&quot;192.168.50.65&quot;,&quot;limit&quot;:0,&quot;is_backup&quot;:0,&quot;bitrate&quot;:0,&quot;up_time&quot;:0,&quot;error_code&quot;:3,&quot;status_code&quot;:1,&quot;error_str&quot;:&quot;Timeout&quot;,&quot;status_str&quot;:&quot;Connecting&quot;},{&quot;host&quot;:&quot;192.168.5.166&quot;,&quot;port&quot;:2088,&quot;nic&quot;:&quot;192.168.5.165&quot;,&quot;limit&quot;:0,&quot;is_backup&quot;:0,&quot;bitrate&quot;:2439975,&quot;up_time&quot;:75,&quot;error_code&quot;:0,&quot;status_code&quot;:3,&quot;error_str&quot;:&quot;None&quot;,&quot;status_str&quot;:&quot;Connected&quot;}],&quot;error&quot;:&quot;None&quot;,&quot;con_stat&quot;:&quot;Disconnected&quot;,&quot;bitrate&quot;:4950617,&quot;dest&quot;:&quot;bonded/bonded4&quot;},{&quot;mip&quot;:&quot;4000.ts&quot;,&quot;port&quot;:0,&quot;ip&quot;:&quot;file&quot;,&quot;in_name&quot;:&quot;bond&quot;,&quot;in_active&quot;:1,&quot;in_active_sources&quot;:0,&quot;prg_name&quot;:&quot;&quot;,&quot;prg_prov&quot;:&quot;&quot;,&quot;prg_num&quot;:-1,&quot;chan&quot;:&quot;&quot;,&quot;chan_id&quot;:-1,&quot;id&quot;:&quot;zixi://bonded(bonded2)#10.7.0.66:2088@10.7.0.65,192.168.60.66:2088@192.168.50.65,192.168.5.166:2088@192.168.5.165&quot;,&quot;type&quot;:2,&quot;name&quot;:&quot;bond2&quot;,&quot;asi&quot;:0,&quot;rtmp&quot;:0,&quot;file&quot;:1,&quot;active&quot;:1,&quot;group&quot;:&quot;&quot;,&quot;bonded&quot;:[{&quot;host&quot;:&quot;10.7.0.66&quot;,&quot;port&quot;:2088,&quot;nic&quot;:&quot;10.7.0.65&quot;,&quot;limit&quot;:0,&quot;is_backup&quot;:0,&quot;bitrate&quot;:2340224,&quot;up_time&quot;:356,&quot;error_code&quot;:0,&quot;status_code&quot;:3,&quot;error_str&quot;:&quot;None&quot;,&quot;status_str&quot;:&quot;Connected&quot;},{&quot;host&quot;:&quot;192.168.60.66&quot;,&quot;port&quot;:2088,&quot;nic&quot;:&quot;192.168.50.65&quot;,&quot;limit&quot;:0,&quot;is_backup&quot;:0,&quot;bitrate&quot;:0,&quot;up_time&quot;:0,&quot;error_code&quot;:3,&quot;status_code&quot;:1,&quot;error_str&quot;:&quot;Timeout&quot;,&quot;status_str&quot;:&quot;Connecting&quot;},{&quot;host&quot;:&quot;192.168.5.166&quot;,&quot;port&quot;:2088,&quot;nic&quot;:&quot;192.168.5.165&quot;,&quot;limit&quot;:0,&quot;is_backup&quot;:0,&quot;bitrate&quot;:2008666,&quot;up_time&quot;:365,&quot;error_code&quot;:0,&quot;status_code&quot;:3,&quot;error_str&quot;:&quot;None&quot;,&quot;status_str&quot;:&quot;Connected&quot;}],&quot;error&quot;:&quot;None&quot;,&quot;con_stat&quot;:&quot;Disconnected&quot;,&quot;bitrate&quot;:4392840,&quot;dest&quot;:&quot;bonded/bonded2&quot;},{&quot;mip&quot;:&quot;4000.ts&quot;,&quot;port&quot;:0,&quot;ip&quot;:&quot;file&quot;,&quot;in_name&quot;:&quot;bond&quot;,&quot;in_active&quot;:1,&quot;in_active_sources&quot;:0,&quot;prg_name&quot;:&quot;&quot;,&quot;prg_prov&quot;:&quot;&quot;,&quot;prg_num&quot;:-1,&quot;chan&quot;:&quot;&quot;,&quot;chan_id&quot;:-1,&quot;id&quot;:&quot;zixi://bonded(bonded1)#10.7.0.66:2088@10.7.0.65,192.168.60.66:2088@192.168.50.65,192.168.5.166:2088@192.168.5.165&quot;,&quot;type&quot;:2,&quot;name&quot;:&quot;bond1&quot;,&quot;asi&quot;:0,&quot;rtmp&quot;:0,&quot;file&quot;:1,&quot;active&quot;:1,&quot;group&quot;:&quot;&quot;,&quot;bonded&quot;:[{&quot;host&quot;:&quot;10.7.0.66&quot;,&quot;port&quot;:2088,&quot;nic&quot;:&quot;10.7.0.65&quot;,&quot;limit&quot;:0,&quot;is_backup&quot;:0,&quot;bitrate&quot;:3608842,&quot;up_time&quot;:28,&quot;error_code&quot;:0,&quot;status_code&quot;:3,&quot;error_str&quot;:&quot;None&quot;,&quot;status_str&quot;:&quot;Connected&quot;},{&quot;host&quot;:&quot;192.168.60.66&quot;,&quot;port&quot;:2088,&quot;nic&quot;:&quot;192.168.50.65&quot;,&quot;limit&quot;:0,&quot;is_backup&quot;:0,&quot;bitrate&quot;:0,&quot;up_time&quot;:0,&quot;error_code&quot;:3,&quot;status_code&quot;:1,&quot;error_str&quot;:&quot;Timeout&quot;,&quot;status_str&quot;:&quot;Connecting&quot;},{&quot;host&quot;:&quot;192.168.5.166&quot;,&quot;port&quot;:2088,&quot;nic&quot;:&quot;192.168.5.165&quot;,&quot;limit&quot;:0,&quot;is_backup&quot;:0,&quot;bitrate&quot;:0,&quot;up_time&quot;:0,&quot;error_code&quot;:3,&quot;status_code&quot;:1,&quot;error_str&quot;:&quot;Timeout&quot;,&quot;status_str&quot;:&quot;Connecting&quot;}],&quot;error&quot;:&quot;None&quot;,&quot;con_stat&quot;:&quot;Disconnected&quot;,&quot;bitrate&quot;:3565418,&quot;dest&quot;:&quot;bonded/bonded1&quot;},{&quot;mip&quot;:&quot;4000.ts&quot;,&quot;port&quot;:0,&quot;ip&quot;:&quot;file&quot;,&quot;in_name&quot;:&quot;bond&quot;,&quot;in_active&quot;:1,&quot;in_active_sources&quot;:0,&quot;prg_name&quot;:&quot;&quot;,&quot;prg_prov&quot;:&quot;&quot;,&quot;prg_num&quot;:-1,&quot;chan&quot;:&quot;&quot;,&quot;chan_id&quot;:-1,&quot;id&quot;:&quot;zixi://bonded(bonded8)#10.7.0.66:2088@10.7.0.65,192.168.60.66:2088@192.168.50.65,192.168.5.166:2088@192.168.5.165&quot;,&quot;type&quot;:2,&quot;name&quot;:&quot;bond8&quot;,&quot;asi&quot;:0,&quot;rtmp&quot;:0,&quot;file&quot;:1,&quot;active&quot;:1,&quot;group&quot;:&quot;&quot;,&quot;bonded&quot;:[{&quot;host&quot;:&quot;10.7.0.66&quot;,&quot;port&quot;:2088,&quot;nic&quot;:&quot;10.7.0.65&quot;,&quot;limit&quot;:0,&quot;is_backup&quot;:0,&quot;bitrate&quot;:2327727,&quot;up_time&quot;:193,&quot;error_code&quot;:0,&quot;status_code&quot;:3,&quot;error_str&quot;:&quot;None&quot;,&quot;status_str&quot;:&quot;Connected&quot;},{&quot;host&quot;:&quot;192.168.60.66&quot;,&quot;port&quot;:2088,&quot;nic&quot;:&quot;192.168.50.65&quot;,&quot;limit&quot;:0,&quot;is_backup&quot;:0,&quot;bitrate&quot;:0,&quot;up_time&quot;:0,&quot;error_code&quot;:3,&quot;status_code&quot;:1,&quot;error_str&quot;:&quot;Timeout&quot;,&quot;status_str&quot;:&quot;Connecting&quot;},{&quot;host&quot;:&quot;192.168.5.166&quot;,&quot;port&quot;:2088,&quot;nic&quot;:&quot;192.168.5.165&quot;,&quot;limit&quot;:0,&quot;is_backup&quot;:0,&quot;bitrate&quot;:2349446,&quot;up_time&quot;:193,&quot;error_code&quot;:0,&quot;status_code&quot;:3,&quot;error_str&quot;:&quot;None&quot;,&quot;status_str&quot;:&quot;Connected&quot;}],&quot;error&quot;:&quot;None&quot;,&quot;con_stat&quot;:&quot;Disconnected&quot;,&quot;bitrate&quot;:4610717,&quot;dest&quot;:&quot;bonded/bonded8&quot;},{&quot;mip&quot;:&quot;4000.ts&quot;,&quot;port&quot;:0,&quot;ip&quot;:&quot;file&quot;,&quot;in_name&quot;:&quot;bond&quot;,&quot;in_active&quot;:1,&quot;in_active_sources&quot;:0,&quot;prg_name&quot;:&quot;&quot;,&quot;prg_prov&quot;:&quot;&quot;,&quot;prg_num&quot;:-1,&quot;chan&quot;:&quot;&quot;,&quot;chan_id&quot;:-1,&quot;id&quot;:&quot;zixi://bonded(bonded7)#10.7.0.66:2088@10.7.0.65,192.168.60.66:2088@192.168.50.65,192.168.5.166:2088@192.168.5.165&quot;,&quot;type&quot;:2,&quot;name&quot;:&quot;bond7&quot;,&quot;asi&quot;:0,&quot;rtmp&quot;:0,&quot;file&quot;:1,&quot;active&quot;:1,&quot;group&quot;:&quot;&quot;,&quot;bonded&quot;:[{&quot;host&quot;:&quot;10.7.0.66&quot;,&quot;port&quot;:2088,&quot;nic&quot;:&quot;10.7.0.65&quot;,&quot;limit&quot;:0,&quot;is_backup&quot;:0,&quot;bitrate&quot;:2543503,&quot;up_time&quot;:63,&quot;error_code&quot;:0,&quot;status_code&quot;:3,&quot;error_str&quot;:&quot;None&quot;,&quot;status_str&quot;:&quot;Connected&quot;},{&quot;host&quot;:&quot;192.168.60.66&quot;,&quot;port&quot;:2088,&quot;nic&quot;:&quot;192.168.50.65&quot;,&quot;limit&quot;:0,&quot;is_backup&quot;:0,&quot;bitrate&quot;:0,&quot;up_time&quot;:0,&quot;error_code&quot;:3,&quot;status_code&quot;:1,&quot;error_str&quot;:&quot;Timeout&quot;,&quot;status_str&quot;:&quot;Connecting&quot;},{&quot;host&quot;:&quot;192.168.5.166&quot;,&quot;port&quot;:2088,&quot;nic&quot;:&quot;192.168.5.165&quot;,&quot;limit&quot;:0,&quot;is_backup&quot;:0,&quot;bitrate&quot;:2405034,&quot;up_time&quot;:67,&quot;error_code&quot;:0,&quot;status_code&quot;:3,&quot;error_str&quot;:&quot;None&quot;,&quot;status_str&quot;:&quot;Connected&quot;}],&quot;error&quot;:&quot;None&quot;,&quot;con_stat&quot;:&quot;Disconnected&quot;,&quot;bitrate&quot;:4895352,&quot;dest&quot;:&quot;bonded/bonded7&quot;},{&quot;mip&quot;:&quot;4000.ts&quot;,&quot;port&quot;:0,&quot;ip&quot;:&quot;file&quot;,&quot;in_name&quot;:&quot;bond&quot;,&quot;in_active&quot;:1,&quot;in_active_sources&quot;:0,&quot;prg_name&quot;:&quot;&quot;,&quot;prg_prov&quot;:&quot;&quot;,&quot;prg_num&quot;:-1,&quot;chan&quot;:&quot;&quot;,&quot;chan_id&quot;:-1,&quot;id&quot;:&quot;zixi://bonded(bonded5)#10.7.0.66:2088@10.7.0.65,192.168.60.66:2088@192.168.50.65,192.168.5.166:2088@192.168.5.165&quot;,&quot;type&quot;:2,&quot;name&quot;:&quot;bond5&quot;,&quot;asi&quot;:0,&quot;rtmp&quot;:0,&quot;file&quot;:1,&quot;active&quot;:1,&quot;group&quot;:&quot;&quot;,&quot;bonded&quot;:[{&quot;host&quot;:&quot;10.7.0.66&quot;,&quot;port&quot;:2088,&quot;nic&quot;:&quot;10.7.0.65&quot;,&quot;limit&quot;:0,&quot;is_backup&quot;:0,&quot;bitrate&quot;:4061309,&quot;up_time&quot;:55,&quot;error_code&quot;:0,&quot;status_code&quot;:3,&quot;error_str&quot;:&quot;None&quot;,&quot;status_str&quot;:&quot;Connected&quot;},{&quot;host&quot;:&quot;192.168.60.66&quot;,&quot;port&quot;:2088,&quot;nic&quot;:&quot;192.168.50.65&quot;,&quot;limit&quot;:0,&quot;is_backup&quot;:0,&quot;bitrate&quot;:0,&quot;up_time&quot;:0,&quot;error_code&quot;:3,&quot;status_code&quot;:1,&quot;error_str&quot;:&quot;Timeout&quot;,&quot;status_str&quot;:&quot;Connecting&quot;},{&quot;host&quot;:&quot;192.168.5.166&quot;,&quot;port&quot;:2088,&quot;nic&quot;:&quot;192.168.5.165&quot;,&quot;limit&quot;:0,&quot;is_backup&quot;:0,&quot;bitrate&quot;:998481,&quot;up_time&quot;:151,&quot;error_code&quot;:0,&quot;status_code&quot;:3,&quot;error_str&quot;:&quot;None&quot;,&quot;status_str&quot;:&quot;Connected&quot;}],&quot;error&quot;:&quot;None&quot;,&quot;con_stat&quot;:&quot;Disconnected&quot;,&quot;bitrate&quot;:4638033,&quot;dest&quot;:&quot;bonded/bonded5&quot;},{&quot;mip&quot;:&quot;4000.ts&quot;,&quot;port&quot;:0,&quot;ip&quot;:&quot;file&quot;,&quot;in_name&quot;:&quot;bond&quot;,&quot;in_active&quot;:1,&quot;in_active_sources&quot;:0,&quot;prg_name&quot;:&quot;&quot;,&quot;prg_prov&quot;:&quot;&quot;,&quot;prg_num&quot;:-1,&quot;chan&quot;:&quot;&quot;,&quot;chan_id&quot;:-1,&quot;id&quot;:&quot;zixi://bonded(bonded9)#10.7.0.66:2088@10.7.0.65,192.168.60.66:2088@192.168.50.65,192.168.5.166:2088@192.168.5.165&quot;,&quot;type&quot;:2,&quot;name&quot;:&quot;bond9&quot;,&quot;asi&quot;:0,&quot;rtmp&quot;:0,&quot;file&quot;:1,&quot;active&quot;:1,&quot;group&quot;:&quot;&quot;,&quot;bonded&quot;:[{&quot;host&quot;:&quot;10.7.0.66&quot;,&quot;port&quot;:2088,&quot;nic&quot;:&quot;10.7.0.65&quot;,&quot;limit&quot;:0,&quot;is_backup&quot;:0,&quot;bitrate&quot;:2278273,&quot;up_time&quot;:381,&quot;error_code&quot;:0,&quot;status_code&quot;:3,&quot;error_str&quot;:&quot;None&quot;,&quot;status_str&quot;:&quot;Connected&quot;},{&quot;host&quot;:&quot;192.168.60.66&quot;,&quot;port&quot;:2088,&quot;nic&quot;:&quot;192.168.50.65&quot;,&quot;limit&quot;:0,&quot;is_backup&quot;:0,&quot;bitrate&quot;:0,&quot;up_time&quot;:0,&quot;error_code&quot;:3,&quot;status_code&quot;:1,&quot;error_str&quot;:&quot;Timeout&quot;,&quot;status_str&quot;:&quot;Connecting&quot;},{&quot;host&quot;:&quot;192.168.5.166&quot;,&quot;port&quot;:2088,&quot;nic&quot;:&quot;192.168.5.165&quot;,&quot;limit&quot;:0,&quot;is_backup&quot;:0,&quot;bitrate&quot;:2421713,&quot;up_time&quot;:340,&quot;error_code&quot;:0,&quot;status_code&quot;:3,&quot;error_str&quot;:&quot;None&quot;,&quot;status_str&quot;:&quot;Connected&quot;}],&quot;error&quot;:&quot;None&quot;,&quot;con_stat&quot;:&quot;Disconnected&quot;,&quot;bitrate&quot;:4627428,&quot;dest&quot;:&quot;bonded/bonded9&quot;},{&quot;mip&quot;:&quot;4000.ts&quot;,&quot;port&quot;:0,&quot;ip&quot;:&quot;file&quot;,&quot;in_name&quot;:&quot;bond&quot;,&quot;in_active&quot;:1,&quot;in_active_sources&quot;:0,&quot;prg_name&quot;:&quot;&quot;,&quot;prg_prov&quot;:&quot;&quot;,&quot;prg_num&quot;:-1,&quot;chan&quot;:&quot;&quot;,&quot;chan_id&quot;:-1,&quot;id&quot;:&quot;zixi://bonded(bonded3)#10.7.0.66:2088@10.7.0.65,192.168.60.66:2088@192.168.50.65,192.168.5.166:2088@192.168.5.165&quot;,&quot;type&quot;:2,&quot;name&quot;:&quot;bond3&quot;,&quot;asi&quot;:0,&quot;rtmp&quot;:0,&quot;file&quot;:1,&quot;active&quot;:1,&quot;group&quot;:&quot;&quot;,&quot;bonded&quot;:[{&quot;host&quot;:&quot;10.7.0.66&quot;,&quot;port&quot;:2088,&quot;nic&quot;:&quot;10.7.0.65&quot;,&quot;limit&quot;:0,&quot;is_backup&quot;:0,&quot;bitrate&quot;:2398781,&quot;up_time&quot;:373,&quot;error_code&quot;:0,&quot;status_code&quot;:3,&quot;error_str&quot;:&quot;None&quot;,&quot;status_str&quot;:&quot;Connected&quot;},{&quot;host&quot;:&quot;192.168.60.66&quot;,&quot;port&quot;:2088,&quot;nic&quot;:&quot;192.168.50.65&quot;,&quot;limit&quot;:0,&quot;is_backup&quot;:0,&quot;bitrate&quot;:0,&quot;up_time&quot;:0,&quot;error_code&quot;:3,&quot;status_code&quot;:1,&quot;error_str&quot;:&quot;Timeout&quot;,&quot;status_str&quot;:&quot;Connecting&quot;},{&quot;host&quot;:&quot;192.168.5.166&quot;,&quot;port&quot;:2088,&quot;nic&quot;:&quot;192.168.5.165&quot;,&quot;limit&quot;:0,&quot;is_backup&quot;:0,&quot;bitrate&quot;:2346543,&quot;up_time&quot;:362,&quot;error_code&quot;:0,&quot;status_code&quot;:3,&quot;error_str&quot;:&quot;None&quot;,&quot;status_str&quot;:&quot;Connected&quot;}],&quot;error&quot;:&quot;None&quot;,&quot;con_stat&quot;:&quot;Disconnected&quot;,&quot;bitrate&quot;:4670857,&quot;dest&quot;:&quot;bonded/bonded3&quot;}]}
Debug printing ------&gt;&gt;&gt; {&quot;custom_data&quot;:&quot;&quot;,&quot;msg&quot;:&quot;Output deleted.&quot;,&quot;error&quot;:&quot;&quot;,&quot;outs&quot;:[{&quot;mip&quot;:&quot;live_recording.ts&quot;,&quot;port&quot;:0,&quot;ip&quot;:&quot;file&quot;,&quot;in_name&quot;:&quot;feederoutputname&quot;,&quot;in_active&quot;:1,&quot;in_active_sources&quot;:0,&quot;prg_name&quot;:&quot;&quot;,&quot;prg_prov&quot;:&quot;&quot;,&quot;prg_num&quot;:1,&quot;chan&quot;:&quot;&quot;,&quot;chan_id&quot;:-1,&quot;id&quot;:&quot;zixi://10.7.0.66:2088/feederout&quot;,&quot;type&quot;:2,&quot;name&quot;:&quot;feederoutputname&quot;,&quot;asi&quot;:0,&quot;rtmp&quot;:0,&quot;file&quot;:1,&quot;active&quot;:1,&quot;group&quot;:&quot;&quot;,&quot;error&quot;:&quot;None&quot;,&quot;con_stat&quot;:&quot;Disconnected&quot;,&quot;bitrate&quot;:0,&quot;dest&quot;:&quot;10.7.0.66:2088/feederout&quot;},{&quot;mip&quot;:&quot;4000.ts&quot;,&quot;port&quot;:0,&quot;ip&quot;:&quot;file&quot;,&quot;in_name&quot;:&quot;bond&quot;,&quot;in_active&quot;:1,&quot;in_active_sources&quot;:0,&quot;prg_name&quot;:&quot;&quot;,&quot;prg_prov&quot;:&quot;&quot;,&quot;prg_num&quot;:-1,&quot;chan&quot;:&quot;&quot;,&quot;chan_id&quot;:-1,&quot;id&quot;:&quot;zixi://bonded(bonded4)#10.7.0.66:2088@10.7.0.65,192.168.60.66:2088@192.168.50.65,192.168.5.166:2088@192.168.5.165&quot;,&quot;type&quot;:2,&quot;name&quot;:&quot;bond4&quot;,&quot;asi&quot;:0,&quot;rtmp&quot;:0,&quot;file&quot;:1,&quot;active&quot;:1,&quot;group&quot;:&quot;&quot;,&quot;bonded&quot;:[{&quot;host&quot;:&quot;10.7.0.66&quot;,&quot;port&quot;:2088,&quot;nic&quot;:&quot;10.7.0.65&quot;,&quot;limit&quot;:0,&quot;is_backup&quot;:0,&quot;bitrate&quot;:2576848,&quot;up_time&quot;:86,&quot;error_code&quot;:0,&quot;status_code&quot;:3,&quot;error_str&quot;:&quot;None&quot;,&quot;status_str&quot;:&quot;Connected&quot;},{&quot;host&quot;:&quot;192.168.60.66&quot;,&quot;port&quot;:2088,&quot;nic&quot;:&quot;192.168.50.65&quot;,&quot;limit&quot;:0,&quot;is_backup&quot;:0,&quot;bitrate&quot;:0,&quot;up_time&quot;:0,&quot;error_code&quot;:3,&quot;status_code&quot;:1,&quot;error_str&quot;:&quot;Timeout&quot;,&quot;status_str&quot;:&quot;Connecting&quot;},{&quot;host&quot;:&quot;192.168.5.166&quot;,&quot;port&quot;:2088,&quot;nic&quot;:&quot;192.168.5.165&quot;,&quot;limit&quot;:0,&quot;is_backup&quot;:0,&quot;bitrate&quot;:2439975,&quot;up_time&quot;:75,&quot;error_code&quot;:0,&quot;status_code&quot;:3,&quot;error_str&quot;:&quot;None&quot;,&quot;status_str&quot;:&quot;Connected&quot;}],&quot;error&quot;:&quot;None&quot;,&quot;con_stat&quot;:&quot;Disconnected&quot;,&quot;bitrate&quot;:4950617,&quot;dest&quot;:&quot;bonded/bonded4&quot;},{&quot;mip&quot;:&quot;4000.ts&quot;,&quot;port&quot;:0,&quot;ip&quot;:&quot;file&quot;,&quot;in_name&quot;:&quot;bond&quot;,&quot;in_active&quot;:1,&quot;in_active_sources&quot;:0,&quot;prg_name&quot;:&quot;&quot;,&quot;prg_prov&quot;:&quot;&quot;,&quot;prg_num&quot;:-1,&quot;chan&quot;:&quot;&quot;,&quot;chan_id&quot;:-1,&quot;id&quot;:&quot;zixi://bonded(bonded2)#10.7.0.66:2088@10.7.0.65,192.168.60.66:2088@192.168.50.65,192.168.5.166:2088@192.168.5.165&quot;,&quot;type&quot;:2,&quot;name&quot;:&quot;bond2&quot;,&quot;asi&quot;:0,&quot;rtmp&quot;:0,&quot;file&quot;:1,&quot;active&quot;:1,&quot;group&quot;:&quot;&quot;,&quot;bonded&quot;:[{&quot;host&quot;:&quot;10.7.0.66&quot;,&quot;port&quot;:2088,&quot;nic&quot;:&quot;10.7.0.65&quot;,&quot;limit&quot;:0,&quot;is_backup&quot;:0,&quot;bitrate&quot;:2340224,&quot;up_time&quot;:356,&quot;error_code&quot;:0,&quot;status_code&quot;:3,&quot;error_str&quot;:&quot;None&quot;,&quot;status_str&quot;:&quot;Connected&quot;},{&quot;host&quot;:&quot;192.168.60.66&quot;,&quot;port&quot;:2088,&quot;nic&quot;:&quot;192.168.50.65&quot;,&quot;limit&quot;:0,&quot;is_backup&quot;:0,&quot;bitrate&quot;:0,&quot;up_time&quot;:0,&quot;error_code&quot;:3,&quot;status_code&quot;:1,&quot;error_str&quot;:&quot;Timeout&quot;,&quot;status_str&quot;:&quot;Connecting&quot;},{&quot;host&quot;:&quot;192.168.5.166&quot;,&quot;port&quot;:2088,&quot;nic&quot;:&quot;192.168.5.165&quot;,&quot;limit&quot;:0,&quot;is_backup&quot;:0,&quot;bitrate&quot;:2008666,&quot;up_time&quot;:365,&quot;error_code&quot;:0,&quot;status_code&quot;:3,&quot;error_str&quot;:&quot;None&quot;,&quot;status_str&quot;:&quot;Connected&quot;}],&quot;error&quot;:&quot;None&quot;,&quot;con_stat&quot;:&quot;Disconnected&quot;,&quot;bitrate&quot;:4392840,&quot;dest&quot;:&quot;bonded/bonded2&quot;},{&quot;mip&quot;:&quot;4000.ts&quot;,&quot;port&quot;:0,&quot;ip&quot;:&quot;file&quot;,&quot;in_name&quot;:&quot;bond&quot;,&quot;in_active&quot;:1,&quot;in_active_sources&quot;:0,&quot;prg_name&quot;:&quot;&quot;,&quot;prg_prov&quot;:&quot;&quot;,&quot;prg_num&quot;:-1,&quot;chan&quot;:&quot;&quot;,&quot;chan_id&quot;:-1,&quot;id&quot;:&quot;zixi://bonded(bonded1)#10.7.0.66:2088@10.7.0.65,192.168.60.66:2088@192.168.50.65,192.168.5.166:2088@192.168.5.165&quot;,&quot;type&quot;:2,&quot;name&quot;:&quot;bond1&quot;,&quot;asi&quot;:0,&quot;rtmp&quot;:0,&quot;file&quot;:1,&quot;active&quot;:1,&quot;group&quot;:&quot;&quot;,&quot;bonded&quot;:[{&quot;host&quot;:&quot;10.7.0.66&quot;,&quot;port&quot;:2088,&quot;nic&quot;:&quot;10.7.0.65&quot;,&quot;limit&quot;:0,&quot;is_backup&quot;:0,&quot;bitrate&quot;:3608842,&quot;up_time&quot;:28,&quot;error_code&quot;:0,&quot;status_code&quot;:3,&quot;error_str&quot;:&quot;None&quot;,&quot;status_str&quot;:&quot;Connected&quot;},{&quot;host&quot;:&quot;192.168.60.66&quot;,&quot;port&quot;:2088,&quot;nic&quot;:&quot;192.168.50.65&quot;,&quot;limit&quot;:0,&quot;is_backup&quot;:0,&quot;bitrate&quot;:0,&quot;up_time&quot;:0,&quot;error_code&quot;:3,&quot;status_code&quot;:1,&quot;error_str&quot;:&quot;Timeout&quot;,&quot;status_str&quot;:&quot;Connecting&quot;},{&quot;host&quot;:&quot;192.168.5.166&quot;,&quot;port&quot;:2088,&quot;nic&quot;:&quot;192.168.5.165&quot;,&quot;limit&quot;:0,&quot;is_backup&quot;:0,&quot;bitrate&quot;:0,&quot;up_time&quot;:0,&quot;error_code&quot;:3,&quot;status_code&quot;:1,&quot;error_str&quot;:&quot;Timeout&quot;,&quot;status_str&quot;:&quot;Connecting&quot;}],&quot;error&quot;:&quot;None&quot;,&quot;con_stat&quot;:&quot;Disconnected&quot;,&quot;bitrate&quot;:3565418,&quot;dest&quot;:&quot;bonded/bonded1&quot;},{&quot;mip&quot;:&quot;4000.ts&quot;,&quot;port&quot;:0,&quot;ip&quot;:&quot;file&quot;,&quot;in_name&quot;:&quot;bond&quot;,&quot;in_active&quot;:1,&quot;in_active_sources&quot;:0,&quot;prg_name&quot;:&quot;&quot;,&quot;prg_prov&quot;:&quot;&quot;,&quot;prg_num&quot;:-1,&quot;chan&quot;:&quot;&quot;,&quot;chan_id&quot;:-1,&quot;id&quot;:&quot;zixi://bonded(bonded8)#10.7.0.66:2088@10.7.0.65,192.168.60.66:2088@192.168.50.65,192.168.5.166:2088@192.168.5.165&quot;,&quot;type&quot;:2,&quot;name&quot;:&quot;bond8&quot;,&quot;asi&quot;:0,&quot;rtmp&quot;:0,&quot;file&quot;:1,&quot;active&quot;:1,&quot;group&quot;:&quot;&quot;,&quot;bonded&quot;:[{&quot;host&quot;:&quot;10.7.0.66&quot;,&quot;port&quot;:2088,&quot;nic&quot;:&quot;10.7.0.65&quot;,&quot;limit&quot;:0,&quot;is_backup&quot;:0,&quot;bitrate&quot;:2327727,&quot;up_time&quot;:193,&quot;error_code&quot;:0,&quot;status_code&quot;:3,&quot;error_str&quot;:&quot;None&quot;,&quot;status_str&quot;:&quot;Connected&quot;},{&quot;host&quot;:&quot;192.168.60.66&quot;,&quot;port&quot;:2088,&quot;nic&quot;:&quot;192.168.50.65&quot;,&quot;limit&quot;:0,&quot;is_backup&quot;:0,&quot;bitrate&quot;:0,&quot;up_time&quot;:0,&quot;error_code&quot;:3,&quot;status_code&quot;:1,&quot;error_str&quot;:&quot;Timeout&quot;,&quot;status_str&quot;:&quot;Connecting&quot;},{&quot;host&quot;:&quot;192.168.5.166&quot;,&quot;port&quot;:2088,&quot;nic&quot;:&quot;192.168.5.165&quot;,&quot;limit&quot;:0,&quot;is_backup&quot;:0,&quot;bitrate&quot;:2349446,&quot;up_time&quot;:193,&quot;error_code&quot;:0,&quot;status_code&quot;:3,&quot;error_str&quot;:&quot;None&quot;,&quot;status_str&quot;:&quot;Connected&quot;}],&quot;error&quot;:&quot;None&quot;,&quot;con_stat&quot;:&quot;Disconnected&quot;,&quot;bitrate&quot;:4610717,&quot;dest&quot;:&quot;bonded/bonded8&quot;},{&quot;mip&quot;:&quot;4000.ts&quot;,&quot;port&quot;:0,&quot;ip&quot;:&quot;file&quot;,&quot;in_name&quot;:&quot;bond&quot;,&quot;in_active&quot;:1,&quot;in_active_sources&quot;:0,&quot;prg_name&quot;:&quot;&quot;,&quot;prg_prov&quot;:&quot;&quot;,&quot;prg_num&quot;:-1,&quot;chan&quot;:&quot;&quot;,&quot;chan_id&quot;:-1,&quot;id&quot;:&quot;zixi://bonded(bonded7)#10.7.0.66:2088@10.7.0.65,192.168.60.66:2088@192.168.50.65,192.168.5.166:2088@192.168.5.165&quot;,&quot;type&quot;:2,&quot;name&quot;:&quot;bond7&quot;,&quot;asi&quot;:0,&quot;rtmp&quot;:0,&quot;file&quot;:1,&quot;active&quot;:1,&quot;group&quot;:&quot;&quot;,&quot;bonded&quot;:[{&quot;host&quot;:&quot;10.7.0.66&quot;,&quot;port&quot;:2088,&quot;nic&quot;:&quot;10.7.0.65&quot;,&quot;limit&quot;:0,&quot;is_backup&quot;:0,&quot;bitrate&quot;:2543503,&quot;up_time&quot;:63,&quot;error_code&quot;:0,&quot;status_code&quot;:3,&quot;error_str&quot;:&quot;None&quot;,&quot;status_str&quot;:&quot;Connected&quot;},{&quot;host&quot;:&quot;192.168.60.66&quot;,&quot;port&quot;:2088,&quot;nic&quot;:&quot;192.168.50.65&quot;,&quot;limit&quot;:0,&quot;is_backup&quot;:0,&quot;bitrate&quot;:0,&quot;up_time&quot;:0,&quot;error_code&quot;:3,&quot;status_code&quot;:1,&quot;error_str&quot;:&quot;Timeout&quot;,&quot;status_str&quot;:&quot;Connecting&quot;},{&quot;host&quot;:&quot;192.168.5.166&quot;,&quot;port&quot;:2088,&quot;nic&quot;:&quot;192.168.5.165&quot;,&quot;limit&quot;:0,&quot;is_backup&quot;:0,&quot;bitrate&quot;:2405034,&quot;up_time&quot;:67,&quot;error_code&quot;:0,&quot;status_code&quot;:3,&quot;error_str&quot;:&quot;None&quot;,&quot;status_str&quot;:&quot;Connected&quot;}],&quot;error&quot;:&quot;None&quot;,&quot;con_stat&quot;:&quot;Disconnected&quot;,&quot;bitrate&quot;:4895352,&quot;dest&quot;:&quot;bonded/bonded7&quot;},{&quot;mip&quot;:&quot;4000.ts&quot;,&quot;port&quot;:0,&quot;ip&quot;:&quot;file&quot;,&quot;in_name&quot;:&quot;bond&quot;,&quot;in_active&quot;:1,&quot;in_active_sources&quot;:0,&quot;prg_name&quot;:&quot;&quot;,&quot;prg_prov&quot;:&quot;&quot;,&quot;prg_num&quot;:-1,&quot;chan&quot;:&quot;&quot;,&quot;chan_id&quot;:-1,&quot;id&quot;:&quot;zixi://bonded(bonded5)#10.7.0.66:2088@10.7.0.65,192.168.60.66:2088@192.168.50.65,192.168.5.166:2088@192.168.5.165&quot;,&quot;type&quot;:2,&quot;name&quot;:&quot;bond5&quot;,&quot;asi&quot;:0,&quot;rtmp&quot;:0,&quot;file&quot;:1,&quot;active&quot;:1,&quot;group&quot;:&quot;&quot;,&quot;bonded&quot;:[{&quot;host&quot;:&quot;10.7.0.66&quot;,&quot;port&quot;:2088,&quot;nic&quot;:&quot;10.7.0.65&quot;,&quot;limit&quot;:0,&quot;is_backup&quot;:0,&quot;bitrate&quot;:4061309,&quot;up_time&quot;:55,&quot;error_code&quot;:0,&quot;status_code&quot;:3,&quot;error_str&quot;:&quot;None&quot;,&quot;status_str&quot;:&quot;Connected&quot;},{&quot;host&quot;:&quot;192.168.60.66&quot;,&quot;port&quot;:2088,&quot;nic&quot;:&quot;192.168.50.65&quot;,&quot;limit&quot;:0,&quot;is_backup&quot;:0,&quot;bitrate&quot;:0,&quot;up_time&quot;:0,&quot;error_code&quot;:3,&quot;status_code&quot;:1,&quot;error_str&quot;:&quot;Timeout&quot;,&quot;status_str&quot;:&quot;Connecting&quot;},{&quot;host&quot;:&quot;192.168.5.166&quot;,&quot;port&quot;:2088,&quot;nic&quot;:&quot;192.168.5.165&quot;,&quot;limit&quot;:0,&quot;is_backup&quot;:0,&quot;bitrate&quot;:998481,&quot;up_time&quot;:151,&quot;error_code&quot;:0,&quot;status_code&quot;:3,&quot;error_str&quot;:&quot;None&quot;,&quot;status_str&quot;:&quot;Connected&quot;}],&quot;error&quot;:&quot;None&quot;,&quot;con_stat&quot;:&quot;Disconnected&quot;,&quot;bitrate&quot;:4638033,&quot;dest&quot;:&quot;bonded/bonded5&quot;},{&quot;mip&quot;:&quot;4000.ts&quot;,&quot;port&quot;:0,&quot;ip&quot;:&quot;file&quot;,&quot;in_name&quot;:&quot;bond&quot;,&quot;in_active&quot;:1,&quot;in_active_sources&quot;:0,&quot;prg_name&quot;:&quot;&quot;,&quot;prg_prov&quot;:&quot;&quot;,&quot;prg_num&quot;:-1,&quot;chan&quot;:&quot;&quot;,&quot;chan_id&quot;:-1,&quot;id&quot;:&quot;zixi://bonded(bonded9)#10.7.0.66:2088@10.7.0.65,192.168.60.66:2088@192.168.50.65,192.168.5.166:2088@192.168.5.165&quot;,&quot;type&quot;:2,&quot;name&quot;:&quot;bond9&quot;,&quot;asi&quot;:0,&quot;rtmp&quot;:0,&quot;file&quot;:1,&quot;active&quot;:1,&quot;group&quot;:&quot;&quot;,&quot;bonded&quot;:[{&quot;host&quot;:&quot;10.7.0.66&quot;,&quot;port&quot;:2088,&quot;nic&quot;:&quot;10.7.0.65&quot;,&quot;limit&quot;:0,&quot;is_backup&quot;:0,&quot;bitrate&quot;:2278273,&quot;up_time&quot;:381,&quot;error_code&quot;:0,&quot;status_code&quot;:3,&quot;error_str&quot;:&quot;None&quot;,&quot;status_str&quot;:&quot;Connected&quot;},{&quot;host&quot;:&quot;192.168.60.66&quot;,&quot;port&quot;:2088,&quot;nic&quot;:&quot;192.168.50.65&quot;,&quot;limit&quot;:0,&quot;is_backup&quot;:0,&quot;bitrate&quot;:0,&quot;up_time&quot;:0,&quot;error_code&quot;:3,&quot;status_code&quot;:1,&quot;error_str&quot;:&quot;Timeout&quot;,&quot;status_str&quot;:&quot;Connecting&quot;},{&quot;host&quot;:&quot;192.168.5.166&quot;,&quot;port&quot;:2088,&quot;nic&quot;:&quot;192.168.5.165&quot;,&quot;limit&quot;:0,&quot;is_backup&quot;:0,&quot;bitrate&quot;:2421713,&quot;up_time&quot;:340,&quot;error_code&quot;:0,&quot;status_code&quot;:3,&quot;error_str&quot;:&quot;None&quot;,&quot;status_str&quot;:&quot;Connected&quot;}],&quot;error&quot;:&quot;None&quot;,&quot;con_stat&quot;:&quot;Disconnected&quot;,&quot;bitrate&quot;:4627428,&quot;dest&quot;:&quot;bonded/bonded9&quot;}]}
Debug printing ------&gt;&gt;&gt; {&quot;custom_data&quot;:&quot;&quot;,&quot;msg&quot;:&quot;Output deleted.&quot;,&quot;error&quot;:&quot;&quot;,&quot;outs&quot;:[{&quot;mip&quot;:&quot;live_recording.ts&quot;,&quot;port&quot;:0,&quot;ip&quot;:&quot;file&quot;,&quot;in_name&quot;:&quot;feederoutputname&quot;,&quot;in_active&quot;:1,&quot;in_active_sources&quot;:0,&quot;prg_name&quot;:&quot;&quot;,&quot;prg_prov&quot;:&quot;&quot;,&quot;prg_num&quot;:1,&quot;chan&quot;:&quot;&quot;,&quot;chan_id&quot;:-1,&quot;id&quot;:&quot;zixi://10.7.0.66:2088/feederout&quot;,&quot;type&quot;:2,&quot;name&quot;:&quot;feederoutputname&quot;,&quot;asi&quot;:0,&quot;rtmp&quot;:0,&quot;file&quot;:1,&quot;active&quot;:1,&quot;group&quot;:&quot;&quot;,&quot;error&quot;:&quot;None&quot;,&quot;con_stat&quot;:&quot;Disconnected&quot;,&quot;bitrate&quot;:0,&quot;dest&quot;:&quot;10.7.0.66:2088/feederout&quot;},{&quot;mip&quot;:&quot;4000.ts&quot;,&quot;port&quot;:0,&quot;ip&quot;:&quot;file&quot;,&quot;in_name&quot;:&quot;bond&quot;,&quot;in_active&quot;:1,&quot;in_active_sources&quot;:0,&quot;prg_name&quot;:&quot;&quot;,&quot;prg_prov&quot;:&quot;&quot;,&quot;prg_num&quot;:-1,&quot;chan&quot;:&quot;&quot;,&quot;chan_id&quot;:-1,&quot;id&quot;:&quot;zixi://bonded(bonded4)#10.7.0.66:2088@10.7.0.65,192.168.60.66:2088@192.168.50.65,192.168.5.166:2088@192.168.5.165&quot;,&quot;type&quot;:2,&quot;name&quot;:&quot;bond4&quot;,&quot;asi&quot;:0,&quot;rtmp&quot;:0,&quot;file&quot;:1,&quot;active&quot;:1,&quot;group&quot;:&quot;&quot;,&quot;bonded&quot;:[{&quot;host&quot;:&quot;10.7.0.66&quot;,&quot;port&quot;:2088,&quot;nic&quot;:&quot;10.7.0.65&quot;,&quot;limit&quot;:0,&quot;is_backup&quot;:0,&quot;bitrate&quot;:2576848,&quot;up_time&quot;:86,&quot;error_code&quot;:0,&quot;status_code&quot;:3,&quot;error_str&quot;:&quot;None&quot;,&quot;status_str&quot;:&quot;Connected&quot;},{&quot;host&quot;:&quot;192.168.60.66&quot;,&quot;port&quot;:2088,&quot;nic&quot;:&quot;192.168.50.65&quot;,&quot;limit&quot;:0,&quot;is_backup&quot;:0,&quot;bitrate&quot;:0,&quot;up_time&quot;:0,&quot;error_code&quot;:3,&quot;status_code&quot;:1,&quot;error_str&quot;:&quot;Timeout&quot;,&quot;status_str&quot;:&quot;Connecting&quot;},{&quot;host&quot;:&quot;192.168.5.166&quot;,&quot;port&quot;:2088,&quot;nic&quot;:&quot;192.168.5.165&quot;,&quot;limit&quot;:0,&quot;is_backup&quot;:0,&quot;bitrate&quot;:2439975,&quot;up_time&quot;:75,&quot;error_code&quot;:0,&quot;status_code&quot;:3,&quot;error_str&quot;:&quot;None&quot;,&quot;status_str&quot;:&quot;Connected&quot;}],&quot;error&quot;:&quot;None&quot;,&quot;con_stat&quot;:&quot;Disconnected&quot;,&quot;bitrate&quot;:4950617,&quot;dest&quot;:&quot;bonded/bonded4&quot;},{&quot;mip&quot;:&quot;4000.ts&quot;,&quot;port&quot;:0,&quot;ip&quot;:&quot;file&quot;,&quot;in_name&quot;:&quot;bond&quot;,&quot;in_active&quot;:1,&quot;in_active_sources&quot;:0,&quot;prg_name&quot;:&quot;&quot;,&quot;prg_prov&quot;:&quot;&quot;,&quot;prg_num&quot;:-1,&quot;chan&quot;:&quot;&quot;,&quot;chan_id&quot;:-1,&quot;id&quot;:&quot;zixi://bonded(bonded2)#10.7.0.66:2088@10.7.0.65,192.168.60.66:2088@192.168.50.65,192.168.5.166:2088@192.168.5.165&quot;,&quot;type&quot;:2,&quot;name&quot;:&quot;bond2&quot;,&quot;asi&quot;:0,&quot;rtmp&quot;:0,&quot;file&quot;:1,&quot;active&quot;:1,&quot;group&quot;:&quot;&quot;,&quot;bonded&quot;:[{&quot;host&quot;:&quot;10.7.0.66&quot;,&quot;port&quot;:2088,&quot;nic&quot;:&quot;10.7.0.65&quot;,&quot;limit&quot;:0,&quot;is_backup&quot;:0,&quot;bitrate&quot;:2340224,&quot;up_time&quot;:356,&quot;error_code&quot;:0,&quot;status_code&quot;:3,&quot;error_str&quot;:&quot;None&quot;,&quot;status_str&quot;:&quot;Connected&quot;},{&quot;host&quot;:&quot;192.168.60.66&quot;,&quot;port&quot;:2088,&quot;nic&quot;:&quot;192.168.50.65&quot;,&quot;limit&quot;:0,&quot;is_backup&quot;:0,&quot;bitrate&quot;:0,&quot;up_time&quot;:0,&quot;error_code&quot;:3,&quot;status_code&quot;:1,&quot;error_str&quot;:&quot;Timeout&quot;,&quot;status_str&quot;:&quot;Connecting&quot;},{&quot;host&quot;:&quot;192.168.5.166&quot;,&quot;port&quot;:2088,&quot;nic&quot;:&quot;192.168.5.165&quot;,&quot;limit&quot;:0,&quot;is_backup&quot;:0,&quot;bitrate&quot;:2008666,&quot;up_time&quot;:365,&quot;error_code&quot;:0,&quot;status_code&quot;:3,&quot;error_str&quot;:&quot;None&quot;,&quot;status_str&quot;:&quot;Connected&quot;}],&quot;error&quot;:&quot;None&quot;,&quot;con_stat&quot;:&quot;Disconnected&quot;,&quot;bitrate&quot;:4392840,&quot;dest&quot;:&quot;bonded/bonded2&quot;},{&quot;mip&quot;:&quot;4000.ts&quot;,&quot;port&quot;:0,&quot;ip&quot;:&quot;file&quot;,&quot;in_name&quot;:&quot;bond&quot;,&quot;in_active&quot;:1,&quot;in_active_sources&quot;:0,&quot;prg_name&quot;:&quot;&quot;,&quot;prg_prov&quot;:&quot;&quot;,&quot;prg_num&quot;:-1,&quot;chan&quot;:&quot;&quot;,&quot;chan_id&quot;:-1,&quot;id&quot;:&quot;zixi://bonded(bonded1)#10.7.0.66:2088@10.7.0.65,192.168.60.66:2088@192.168.50.65,192.168.5.166:2088@192.168.5.165&quot;,&quot;type&quot;:2,&quot;name&quot;:&quot;bond1&quot;,&quot;asi&quot;:0,&quot;rtmp&quot;:0,&quot;file&quot;:1,&quot;active&quot;:1,&quot;group&quot;:&quot;&quot;,&quot;bonded&quot;:[{&quot;host&quot;:&quot;10.7.0.66&quot;,&quot;port&quot;:2088,&quot;nic&quot;:&quot;10.7.0.65&quot;,&quot;limit&quot;:0,&quot;is_backup&quot;:0,&quot;bitrate&quot;:3608842,&quot;up_time&quot;:28,&quot;error_code&quot;:0,&quot;status_code&quot;:3,&quot;error_str&quot;:&quot;None&quot;,&quot;status_str&quot;:&quot;Connected&quot;},{&quot;host&quot;:&quot;192.168.60.66&quot;,&quot;port&quot;:2088,&quot;nic&quot;:&quot;192.168.50.65&quot;,&quot;limit&quot;:0,&quot;is_backup&quot;:0,&quot;bitrate&quot;:0,&quot;up_time&quot;:0,&quot;error_code&quot;:3,&quot;status_code&quot;:1,&quot;error_str&quot;:&quot;Timeout&quot;,&quot;status_str&quot;:&quot;Connecting&quot;},{&quot;host&quot;:&quot;192.168.5.166&quot;,&quot;port&quot;:2088,&quot;nic&quot;:&quot;192.168.5.165&quot;,&quot;limit&quot;:0,&quot;is_backup&quot;:0,&quot;bitrate&quot;:0,&quot;up_time&quot;:0,&quot;error_code&quot;:3,&quot;status_code&quot;:1,&quot;error_str&quot;:&quot;Timeout&quot;,&quot;status_str&quot;:&quot;Connecting&quot;}],&quot;error&quot;:&quot;None&quot;,&quot;con_stat&quot;:&quot;Disconnected&quot;,&quot;bitrate&quot;:3565418,&quot;dest&quot;:&quot;bonded/bonded1&quot;},{&quot;mip&quot;:&quot;4000.ts&quot;,&quot;port&quot;:0,&quot;ip&quot;:&quot;file&quot;,&quot;in_name&quot;:&quot;bond&quot;,&quot;in_active&quot;:1,&quot;in_active_sources&quot;:0,&quot;prg_name&quot;:&quot;&quot;,&quot;prg_prov&quot;:&quot;&quot;,&quot;prg_num&quot;:-1,&quot;chan&quot;:&quot;&quot;,&quot;chan_id&quot;:-1,&quot;id&quot;:&quot;zixi://bonded(bonded8)#10.7.0.66:2088@10.7.0.65,192.168.60.66:2088@192.168.50.65,192.168.5.166:2088@192.168.5.165&quot;,&quot;type&quot;:2,&quot;name&quot;:&quot;bond8&quot;,&quot;asi&quot;:0,&quot;rtmp&quot;:0,&quot;file&quot;:1,&quot;active&quot;:1,&quot;group&quot;:&quot;&quot;,&quot;bonded&quot;:[{&quot;host&quot;:&quot;10.7.0.66&quot;,&quot;port&quot;:2088,&quot;nic&quot;:&quot;10.7.0.65&quot;,&quot;limit&quot;:0,&quot;is_backup&quot;:0,&quot;bitrate&quot;:2327727,&quot;up_time&quot;:193,&quot;error_code&quot;:0,&quot;status_code&quot;:3,&quot;error_str&quot;:&quot;None&quot;,&quot;status_str&quot;:&quot;Connected&quot;},{&quot;host&quot;:&quot;192.168.60.66&quot;,&quot;port&quot;:2088,&quot;nic&quot;:&quot;192.168.50.65&quot;,&quot;limit&quot;:0,&quot;is_backup&quot;:0,&quot;bitrate&quot;:0,&quot;up_time&quot;:0,&quot;error_code&quot;:3,&quot;status_code&quot;:1,&quot;error_str&quot;:&quot;Timeout&quot;,&quot;status_str&quot;:&quot;Connecting&quot;},{&quot;host&quot;:&quot;192.168.5.166&quot;,&quot;port&quot;:2088,&quot;nic&quot;:&quot;192.168.5.165&quot;,&quot;limit&quot;:0,&quot;is_backup&quot;:0,&quot;bitrate&quot;:2349446,&quot;up_time&quot;:193,&quot;error_code&quot;:0,&quot;status_code&quot;:3,&quot;error_str&quot;:&quot;None&quot;,&quot;status_str&quot;:&quot;Connected&quot;}],&quot;error&quot;:&quot;None&quot;,&quot;con_stat&quot;:&quot;Disconnected&quot;,&quot;bitrate&quot;:4610717,&quot;dest&quot;:&quot;bonded/bonded8&quot;},{&quot;mip&quot;:&quot;4000.ts&quot;,&quot;port&quot;:0,&quot;ip&quot;:&quot;file&quot;,&quot;in_name&quot;:&quot;bond&quot;,&quot;in_active&quot;:1,&quot;in_active_sources&quot;:0,&quot;prg_name&quot;:&quot;&quot;,&quot;prg_prov&quot;:&quot;&quot;,&quot;prg_num&quot;:-1,&quot;chan&quot;:&quot;&quot;,&quot;chan_id&quot;:-1,&quot;id&quot;:&quot;zixi://bonded(bonded7)#10.7.0.66:2088@10.7.0.65,192.168.60.66:2088@192.168.50.65,192.168.5.166:2088@192.168.5.165&quot;,&quot;type&quot;:2,&quot;name&quot;:&quot;bond7&quot;,&quot;asi&quot;:0,&quot;rtmp&quot;:0,&quot;file&quot;:1,&quot;active&quot;:1,&quot;group&quot;:&quot;&quot;,&quot;bonded&quot;:[{&quot;host&quot;:&quot;10.7.0.66&quot;,&quot;port&quot;:2088,&quot;nic&quot;:&quot;10.7.0.65&quot;,&quot;limit&quot;:0,&quot;is_backup&quot;:0,&quot;bitrate&quot;:2543503,&quot;up_time&quot;:63,&quot;error_code&quot;:0,&quot;status_code&quot;:3,&quot;error_str&quot;:&quot;None&quot;,&quot;status_str&quot;:&quot;Connected&quot;},{&quot;host&quot;:&quot;192.168.60.66&quot;,&quot;port&quot;:2088,&quot;nic&quot;:&quot;192.168.50.65&quot;,&quot;limit&quot;:0,&quot;is_backup&quot;:0,&quot;bitrate&quot;:0,&quot;up_time&quot;:0,&quot;error_code&quot;:3,&quot;status_code&quot;:1,&quot;error_str&quot;:&quot;Timeout&quot;,&quot;status_str&quot;:&quot;Connecting&quot;},{&quot;host&quot;:&quot;192.168.5.166&quot;,&quot;port&quot;:2088,&quot;nic&quot;:&quot;192.168.5.165&quot;,&quot;limit&quot;:0,&quot;is_backup&quot;:0,&quot;bitrate&quot;:2405034,&quot;up_time&quot;:67,&quot;error_code&quot;:0,&quot;status_code&quot;:3,&quot;error_str&quot;:&quot;None&quot;,&quot;status_str&quot;:&quot;Connected&quot;}],&quot;error&quot;:&quot;None&quot;,&quot;con_stat&quot;:&quot;Disconnected&quot;,&quot;bitrate&quot;:4895352,&quot;dest&quot;:&quot;bonded/bonded7&quot;},{&quot;mip&quot;:&quot;4000.ts&quot;,&quot;port&quot;:0,&quot;ip&quot;:&quot;file&quot;,&quot;in_name&quot;:&quot;bond&quot;,&quot;in_active&quot;:1,&quot;in_active_sources&quot;:0,&quot;prg_name&quot;:&quot;&quot;,&quot;prg_prov&quot;:&quot;&quot;,&quot;prg_num&quot;:-1,&quot;chan&quot;:&quot;&quot;,&quot;chan_id&quot;:-1,&quot;id&quot;:&quot;zixi://bonded(bonded5)#10.7.0.66:2088@10.7.0.65,192.168.60.66:2088@192.168.50.65,192.168.5.166:2088@192.168.5.165&quot;,&quot;type&quot;:2,&quot;name&quot;:&quot;bond5&quot;,&quot;asi&quot;:0,&quot;rtmp&quot;:0,&quot;file&quot;:1,&quot;active&quot;:1,&quot;group&quot;:&quot;&quot;,&quot;bonded&quot;:[{&quot;host&quot;:&quot;10.7.0.66&quot;,&quot;port&quot;:2088,&quot;nic&quot;:&quot;10.7.0.65&quot;,&quot;limit&quot;:0,&quot;is_backup&quot;:0,&quot;bitrate&quot;:4061309,&quot;up_time&quot;:55,&quot;error_code&quot;:0,&quot;status_code&quot;:3,&quot;error_str&quot;:&quot;None&quot;,&quot;status_str&quot;:&quot;Connected&quot;},{&quot;host&quot;:&quot;192.168.60.66&quot;,&quot;port&quot;:2088,&quot;nic&quot;:&quot;192.168.50.65&quot;,&quot;limit&quot;:0,&quot;is_backup&quot;:0,&quot;bitrate&quot;:0,&quot;up_time&quot;:0,&quot;error_code&quot;:3,&quot;status_code&quot;:1,&quot;error_str&quot;:&quot;Timeout&quot;,&quot;status_str&quot;:&quot;Connecting&quot;},{&quot;host&quot;:&quot;192.168.5.166&quot;,&quot;port&quot;:2088,&quot;nic&quot;:&quot;192.168.5.165&quot;,&quot;limit&quot;:0,&quot;is_backup&quot;:0,&quot;bitrate&quot;:998481,&quot;up_time&quot;:151,&quot;error_code&quot;:0,&quot;status_code&quot;:3,&quot;error_str&quot;:&quot;None&quot;,&quot;status_str&quot;:&quot;Connected&quot;}],&quot;error&quot;:&quot;None&quot;,&quot;con_stat&quot;:&quot;Disconnected&quot;,&quot;bitrate&quot;:4638033,&quot;dest&quot;:&quot;bonded/bonded5&quot;}]}
Debug printing ------&gt;&gt;&gt; {&quot;custom_data&quot;:&quot;&quot;,&quot;msg&quot;:&quot;Output deleted.&quot;,&quot;error&quot;:&quot;&quot;,&quot;outs&quot;:[{&quot;mip&quot;:&quot;live_recording.ts&quot;,&quot;port&quot;:0,&quot;ip&quot;:&quot;file&quot;,&quot;in_name&quot;:&quot;feederoutputname&quot;,&quot;in_active&quot;:1,&quot;in_active_sources&quot;:0,&quot;prg_name&quot;:&quot;&quot;,&quot;prg_prov&quot;:&quot;&quot;,&quot;prg_num&quot;:1,&quot;chan&quot;:&quot;&quot;,&quot;chan_id&quot;:-1,&quot;id&quot;:&quot;zixi://10.7.0.66:2088/feederout&quot;,&quot;type&quot;:2,&quot;name&quot;:&quot;feederoutputname&quot;,&quot;asi&quot;:0,&quot;rtmp&quot;:0,&quot;file&quot;:1,&quot;active&quot;:1,&quot;group&quot;:&quot;&quot;,&quot;error&quot;:&quot;None&quot;,&quot;con_stat&quot;:&quot;Disconnected&quot;,&quot;bitrate&quot;:0,&quot;dest&quot;:&quot;10.7.0.66:2088/feederout&quot;},{&quot;mip&quot;:&quot;4000.ts&quot;,&quot;port&quot;:0,&quot;ip&quot;:&quot;file&quot;,&quot;in_name&quot;:&quot;bond&quot;,&quot;in_active&quot;:1,&quot;in_active_sources&quot;:0,&quot;prg_name&quot;:&quot;&quot;,&quot;prg_prov&quot;:&quot;&quot;,&quot;prg_num&quot;:-1,&quot;chan&quot;:&quot;&quot;,&quot;chan_id&quot;:-1,&quot;id&quot;:&quot;zixi://bonded(bonded4)#10.7.0.66:2088@10.7.0.65,192.168.60.66:2088@192.168.50.65,192.168.5.166:2088@192.168.5.165&quot;,&quot;type&quot;:2,&quot;name&quot;:&quot;bond4&quot;,&quot;asi&quot;:0,&quot;rtmp&quot;:0,&quot;file&quot;:1,&quot;active&quot;:1,&quot;group&quot;:&quot;&quot;,&quot;bonded&quot;:[{&quot;host&quot;:&quot;10.7.0.66&quot;,&quot;port&quot;:2088,&quot;nic&quot;:&quot;10.7.0.65&quot;,&quot;limit&quot;:0,&quot;is_backup&quot;:0,&quot;bitrate&quot;:2576848,&quot;up_time&quot;:86,&quot;error_code&quot;:0,&quot;status_code&quot;:3,&quot;error_str&quot;:&quot;None&quot;,&quot;status_str&quot;:&quot;Connected&quot;},{&quot;host&quot;:&quot;192.168.60.66&quot;,&quot;port&quot;:2088,&quot;nic&quot;:&quot;192.168.50.65&quot;,&quot;limit&quot;:0,&quot;is_backup&quot;:0,&quot;bitrate&quot;:0,&quot;up_time&quot;:0,&quot;error_code&quot;:3,&quot;status_code&quot;:1,&quot;error_str&quot;:&quot;Timeout&quot;,&quot;status_str&quot;:&quot;Connecting&quot;},{&quot;host&quot;:&quot;192.168.5.166&quot;,&quot;port&quot;:2088,&quot;nic&quot;:&quot;192.168.5.165&quot;,&quot;limit&quot;:0,&quot;is_backup&quot;:0,&quot;bitrate&quot;:2439975,&quot;up_time&quot;:75,&quot;error_code&quot;:0,&quot;status_code&quot;:3,&quot;error_str&quot;:&quot;None&quot;,&quot;status_str&quot;:&quot;Connected&quot;}],&quot;error&quot;:&quot;None&quot;,&quot;con_stat&quot;:&quot;Disconnected&quot;,&quot;bitrate&quot;:4950617,&quot;dest&quot;:&quot;bonded/bonded4&quot;},{&quot;mip&quot;:&quot;4000.ts&quot;,&quot;port&quot;:0,&quot;ip&quot;:&quot;file&quot;,&quot;in_name&quot;:&quot;bond&quot;,&quot;in_active&quot;:1,&quot;in_active_sources&quot;:0,&quot;prg_name&quot;:&quot;&quot;,&quot;prg_prov&quot;:&quot;&quot;,&quot;prg_num&quot;:-1,&quot;chan&quot;:&quot;&quot;,&quot;chan_id&quot;:-1,&quot;id&quot;:&quot;zixi://bonded(bonded2)#10.7.0.66:2088@10.7.0.65,192.168.60.66:2088@192.168.50.65,192.168.5.166:2088@192.168.5.165&quot;,&quot;type&quot;:2,&quot;name&quot;:&quot;bond2&quot;,&quot;asi&quot;:0,&quot;rtmp&quot;:0,&quot;file&quot;:1,&quot;active&quot;:1,&quot;group&quot;:&quot;&quot;,&quot;bonded&quot;:[{&quot;host&quot;:&quot;10.7.0.66&quot;,&quot;port&quot;:2088,&quot;nic&quot;:&quot;10.7.0.65&quot;,&quot;limit&quot;:0,&quot;is_backup&quot;:0,&quot;bitrate&quot;:2340224,&quot;up_time&quot;:356,&quot;error_code&quot;:0,&quot;status_code&quot;:3,&quot;error_str&quot;:&quot;None&quot;,&quot;status_str&quot;:&quot;Connected&quot;},{&quot;host&quot;:&quot;192.168.60.66&quot;,&quot;port&quot;:2088,&quot;nic&quot;:&quot;192.168.50.65&quot;,&quot;limit&quot;:0,&quot;is_backup&quot;:0,&quot;bitrate&quot;:0,&quot;up_time&quot;:0,&quot;error_code&quot;:3,&quot;status_code&quot;:1,&quot;error_str&quot;:&quot;Timeout&quot;,&quot;status_str&quot;:&quot;Connecting&quot;},{&quot;host&quot;:&quot;192.168.5.166&quot;,&quot;port&quot;:2088,&quot;nic&quot;:&quot;192.168.5.165&quot;,&quot;limit&quot;:0,&quot;is_backup&quot;:0,&quot;bitrate&quot;:2008666,&quot;up_time&quot;:365,&quot;error_code&quot;:0,&quot;status_code&quot;:3,&quot;error_str&quot;:&quot;None&quot;,&quot;status_str&quot;:&quot;Connected&quot;}],&quot;error&quot;:&quot;None&quot;,&quot;con_stat&quot;:&quot;Disconnected&quot;,&quot;bitrate&quot;:4392840,&quot;dest&quot;:&quot;bonded/bonded2&quot;},{&quot;mip&quot;:&quot;4000.ts&quot;,&quot;port&quot;:0,&quot;ip&quot;:&quot;file&quot;,&quot;in_name&quot;:&quot;bond&quot;,&quot;in_active&quot;:1,&quot;in_active_sources&quot;:0,&quot;prg_name&quot;:&quot;&quot;,&quot;prg_prov&quot;:&quot;&quot;,&quot;prg_num&quot;:-1,&quot;chan&quot;:&quot;&quot;,&quot;chan_id&quot;:-1,&quot;id&quot;:&quot;zixi://bonded(bonded1)#10.7.0.66:2088@10.7.0.65,192.168.60.66:2088@192.168.50.65,192.168.5.166:2088@192.168.5.165&quot;,&quot;type&quot;:2,&quot;name&quot;:&quot;bond1&quot;,&quot;asi&quot;:0,&quot;rtmp&quot;:0,&quot;file&quot;:1,&quot;active&quot;:1,&quot;group&quot;:&quot;&quot;,&quot;bonded&quot;:[{&quot;host&quot;:&quot;10.7.0.66&quot;,&quot;port&quot;:2088,&quot;nic&quot;:&quot;10.7.0.65&quot;,&quot;limit&quot;:0,&quot;is_backup&quot;:0,&quot;bitrate&quot;:3608842,&quot;up_time&quot;:28,&quot;error_code&quot;:0,&quot;status_code&quot;:3,&quot;error_str&quot;:&quot;None&quot;,&quot;status_str&quot;:&quot;Connected&quot;},{&quot;host&quot;:&quot;192.168.60.66&quot;,&quot;port&quot;:2088,&quot;nic&quot;:&quot;192.168.50.65&quot;,&quot;limit&quot;:0,&quot;is_backup&quot;:0,&quot;bitrate&quot;:0,&quot;up_time&quot;:0,&quot;error_code&quot;:3,&quot;status_code&quot;:1,&quot;error_str&quot;:&quot;Timeout&quot;,&quot;status_str&quot;:&quot;Connecting&quot;},{&quot;host&quot;:&quot;192.168.5.166&quot;,&quot;port&quot;:2088,&quot;nic&quot;:&quot;192.168.5.165&quot;,&quot;limit&quot;:0,&quot;is_backup&quot;:0,&quot;bitrate&quot;:0,&quot;up_time&quot;:0,&quot;error_code&quot;:3,&quot;status_code&quot;:1,&quot;error_str&quot;:&quot;Timeout&quot;,&quot;status_str&quot;:&quot;Connecting&quot;}],&quot;error&quot;:&quot;None&quot;,&quot;con_stat&quot;:&quot;Disconnected&quot;,&quot;bitrate&quot;:3565418,&quot;dest&quot;:&quot;bonded/bonded1&quot;},{&quot;mip&quot;:&quot;4000.ts&quot;,&quot;port&quot;:0,&quot;ip&quot;:&quot;file&quot;,&quot;in_name&quot;:&quot;bond&quot;,&quot;in_active&quot;:1,&quot;in_active_sources&quot;:0,&quot;prg_name&quot;:&quot;&quot;,&quot;prg_prov&quot;:&quot;&quot;,&quot;prg_num&quot;:-1,&quot;chan&quot;:&quot;&quot;,&quot;chan_id&quot;:-1,&quot;id&quot;:&quot;zixi://bonded(bonded8)#10.7.0.66:2088@10.7.0.65,192.168.60.66:2088@192.168.50.65,192.168.5.166:2088@192.168.5.165&quot;,&quot;type&quot;:2,&quot;name&quot;:&quot;bond8&quot;,&quot;asi&quot;:0,&quot;rtmp&quot;:0,&quot;file&quot;:1,&quot;active&quot;:1,&quot;group&quot;:&quot;&quot;,&quot;bonded&quot;:[{&quot;host&quot;:&quot;10.7.0.66&quot;,&quot;port&quot;:2088,&quot;nic&quot;:&quot;10.7.0.65&quot;,&quot;limit&quot;:0,&quot;is_backup&quot;:0,&quot;bitrate&quot;:2327727,&quot;up_time&quot;:193,&quot;error_code&quot;:0,&quot;status_code&quot;:3,&quot;error_str&quot;:&quot;None&quot;,&quot;status_str&quot;:&quot;Connected&quot;},{&quot;host&quot;:&quot;192.168.60.66&quot;,&quot;port&quot;:2088,&quot;nic&quot;:&quot;192.168.50.65&quot;,&quot;limit&quot;:0,&quot;is_backup&quot;:0,&quot;bitrate&quot;:0,&quot;up_time&quot;:0,&quot;error_code&quot;:3,&quot;status_code&quot;:1,&quot;error_str&quot;:&quot;Timeout&quot;,&quot;status_str&quot;:&quot;Connecting&quot;},{&quot;host&quot;:&quot;192.168.5.166&quot;,&quot;port&quot;:2088,&quot;nic&quot;:&quot;192.168.5.165&quot;,&quot;limit&quot;:0,&quot;is_backup&quot;:0,&quot;bitrate&quot;:2349446,&quot;up_time&quot;:193,&quot;error_code&quot;:0,&quot;status_code&quot;:3,&quot;error_str&quot;:&quot;None&quot;,&quot;status_str&quot;:&quot;Connected&quot;}],&quot;error&quot;:&quot;None&quot;,&quot;con_stat&quot;:&quot;Disconnected&quot;,&quot;bitrate&quot;:4610717,&quot;dest&quot;:&quot;bonded/bonded8&quot;},{&quot;mip&quot;:&quot;4000.ts&quot;,&quot;port&quot;:0,&quot;ip&quot;:&quot;file&quot;,&quot;in_name&quot;:&quot;bond&quot;,&quot;in_active&quot;:1,&quot;in_active_sources&quot;:0,&quot;prg_name&quot;:&quot;&quot;,&quot;prg_prov&quot;:&quot;&quot;,&quot;prg_num&quot;:-1,&quot;chan&quot;:&quot;&quot;,&quot;chan_id&quot;:-1,&quot;id&quot;:&quot;zixi://bonded(bonded7)#10.7.0.66:2088@10.7.0.65,192.168.60.66:2088@192.168.50.65,192.168.5.166:2088@192.168.5.165&quot;,&quot;type&quot;:2,&quot;name&quot;:&quot;bond7&quot;,&quot;asi&quot;:0,&quot;rtmp&quot;:0,&quot;file&quot;:1,&quot;active&quot;:1,&quot;group&quot;:&quot;&quot;,&quot;bonded&quot;:[{&quot;host&quot;:&quot;10.7.0.66&quot;,&quot;port&quot;:2088,&quot;nic&quot;:&quot;10.7.0.65&quot;,&quot;limit&quot;:0,&quot;is_backup&quot;:0,&quot;bitrate&quot;:2543503,&quot;up_time&quot;:63,&quot;error_code&quot;:0,&quot;status_code&quot;:3,&quot;error_str&quot;:&quot;None&quot;,&quot;status_str&quot;:&quot;Connected&quot;},{&quot;host&quot;:&quot;192.168.60.66&quot;,&quot;port&quot;:2088,&quot;nic&quot;:&quot;192.168.50.65&quot;,&quot;limit&quot;:0,&quot;is_backup&quot;:0,&quot;bitrate&quot;:0,&quot;up_time&quot;:0,&quot;error_code&quot;:3,&quot;status_code&quot;:1,&quot;error_str&quot;:&quot;Timeout&quot;,&quot;status_str&quot;:&quot;Connecting&quot;},{&quot;host&quot;:&quot;192.168.5.166&quot;,&quot;port&quot;:2088,&quot;nic&quot;:&quot;192.168.5.165&quot;,&quot;limit&quot;:0,&quot;is_backup&quot;:0,&quot;bitrate&quot;:2405034,&quot;up_time&quot;:67,&quot;error_code&quot;:0,&quot;status_code&quot;:3,&quot;error_str&quot;:&quot;None&quot;,&quot;status_str&quot;:&quot;Connected&quot;}],&quot;error&quot;:&quot;None&quot;,&quot;con_stat&quot;:&quot;Disconnected&quot;,&quot;bitrate&quot;:4895352,&quot;dest&quot;:&quot;bonded/bonded7&quot;}]}
Debug printing ------&gt;&gt;&gt; {&quot;custom_data&quot;:&quot;&quot;,&quot;msg&quot;:&quot;Output deleted.&quot;,&quot;error&quot;:&quot;&quot;,&quot;outs&quot;:[{&quot;mip&quot;:&quot;live_recording.ts&quot;,&quot;port&quot;:0,&quot;ip&quot;:&quot;file&quot;,&quot;in_name&quot;:&quot;feederoutputname&quot;,&quot;in_active&quot;:1,&quot;in_active_sources&quot;:0,&quot;prg_name&quot;:&quot;&quot;,&quot;prg_prov&quot;:&quot;&quot;,&quot;prg_num&quot;:1,&quot;chan&quot;:&quot;&quot;,&quot;chan_id&quot;:-1,&quot;id&quot;:&quot;zixi://10.7.0.66:2088/feederout&quot;,&quot;type&quot;:2,&quot;name&quot;:&quot;feederoutputname&quot;,&quot;asi&quot;:0,&quot;rtmp&quot;:0,&quot;file&quot;:1,&quot;active&quot;:1,&quot;group&quot;:&quot;&quot;,&quot;error&quot;:&quot;None&quot;,&quot;con_stat&quot;:&quot;Disconnected&quot;,&quot;bitrate&quot;:0,&quot;dest&quot;:&quot;10.7.0.66:2088/feederout&quot;},{&quot;mip&quot;:&quot;4000.ts&quot;,&quot;port&quot;:0,&quot;ip&quot;:&quot;file&quot;,&quot;in_name&quot;:&quot;bond&quot;,&quot;in_active&quot;:1,&quot;in_active_sources&quot;:0,&quot;prg_name&quot;:&quot;&quot;,&quot;prg_prov&quot;:&quot;&quot;,&quot;prg_num&quot;:-1,&quot;chan&quot;:&quot;&quot;,&quot;chan_id&quot;:-1,&quot;id&quot;:&quot;zixi://bonded(bonded4)#10.7.0.66:2088@10.7.0.65,192.168.60.66:2088@192.168.50.65,192.168.5.166:2088@192.168.5.165&quot;,&quot;type&quot;:2,&quot;name&quot;:&quot;bond4&quot;,&quot;asi&quot;:0,&quot;rtmp&quot;:0,&quot;file&quot;:1,&quot;active&quot;:1,&quot;group&quot;:&quot;&quot;,&quot;bonded&quot;:[{&quot;host&quot;:&quot;10.7.0.66&quot;,&quot;port&quot;:2088,&quot;nic&quot;:&quot;10.7.0.65&quot;,&quot;limit&quot;:0,&quot;is_backup&quot;:0,&quot;bitrate&quot;:2576848,&quot;up_time&quot;:86,&quot;error_code&quot;:0,&quot;status_code&quot;:3,&quot;error_str&quot;:&quot;None&quot;,&quot;status_str&quot;:&quot;Connected&quot;},{&quot;host&quot;:&quot;192.168.60.66&quot;,&quot;port&quot;:2088,&quot;nic&quot;:&quot;192.168.50.65&quot;,&quot;limit&quot;:0,&quot;is_backup&quot;:0,&quot;bitrate&quot;:0,&quot;up_time&quot;:0,&quot;error_code&quot;:3,&quot;status_code&quot;:1,&quot;error_str&quot;:&quot;Timeout&quot;,&quot;status_str&quot;:&quot;Connecting&quot;},{&quot;host&quot;:&quot;192.168.5.166&quot;,&quot;port&quot;:2088,&quot;nic&quot;:&quot;192.168.5.165&quot;,&quot;limit&quot;:0,&quot;is_backup&quot;:0,&quot;bitrate&quot;:2439975,&quot;up_time&quot;:75,&quot;error_code&quot;:0,&quot;status_code&quot;:3,&quot;error_str&quot;:&quot;None&quot;,&quot;status_str&quot;:&quot;Connected&quot;}],&quot;error&quot;:&quot;None&quot;,&quot;con_stat&quot;:&quot;Disconnected&quot;,&quot;bitrate&quot;:4950617,&quot;dest&quot;:&quot;bonded/bonded4&quot;},{&quot;mip&quot;:&quot;4000.ts&quot;,&quot;port&quot;:0,&quot;ip&quot;:&quot;file&quot;,&quot;in_name&quot;:&quot;bond&quot;,&quot;in_active&quot;:1,&quot;in_active_sources&quot;:0,&quot;prg_name&quot;:&quot;&quot;,&quot;prg_prov&quot;:&quot;&quot;,&quot;prg_num&quot;:-1,&quot;chan&quot;:&quot;&quot;,&quot;chan_id&quot;:-1,&quot;id&quot;:&quot;zixi://bonded(bonded2)#10.7.0.66:2088@10.7.0.65,192.168.60.66:2088@192.168.50.65,192.168.5.166:2088@192.168.5.165&quot;,&quot;type&quot;:2,&quot;name&quot;:&quot;bond2&quot;,&quot;asi&quot;:0,&quot;rtmp&quot;:0,&quot;file&quot;:1,&quot;active&quot;:1,&quot;group&quot;:&quot;&quot;,&quot;bonded&quot;:[{&quot;host&quot;:&quot;10.7.0.66&quot;,&quot;port&quot;:2088,&quot;nic&quot;:&quot;10.7.0.65&quot;,&quot;limit&quot;:0,&quot;is_backup&quot;:0,&quot;bitrate&quot;:2340224,&quot;up_time&quot;:356,&quot;error_code&quot;:0,&quot;status_code&quot;:3,&quot;error_str&quot;:&quot;None&quot;,&quot;status_str&quot;:&quot;Connected&quot;},{&quot;host&quot;:&quot;192.168.60.66&quot;,&quot;port&quot;:2088,&quot;nic&quot;:&quot;192.168.50.65&quot;,&quot;limit&quot;:0,&quot;is_backup&quot;:0,&quot;bitrate&quot;:0,&quot;up_time&quot;:0,&quot;error_code&quot;:3,&quot;status_code&quot;:1,&quot;error_str&quot;:&quot;Timeout&quot;,&quot;status_str&quot;:&quot;Connecting&quot;},{&quot;host&quot;:&quot;192.168.5.166&quot;,&quot;port&quot;:2088,&quot;nic&quot;:&quot;192.168.5.165&quot;,&quot;limit&quot;:0,&quot;is_backup&quot;:0,&quot;bitrate&quot;:2008666,&quot;up_time&quot;:365,&quot;error_code&quot;:0,&quot;status_code&quot;:3,&quot;error_str&quot;:&quot;None&quot;,&quot;status_str&quot;:&quot;Connected&quot;}],&quot;error&quot;:&quot;None&quot;,&quot;con_stat&quot;:&quot;Disconnected&quot;,&quot;bitrate&quot;:4392840,&quot;dest&quot;:&quot;bonded/bonded2&quot;},{&quot;mip&quot;:&quot;4000.ts&quot;,&quot;port&quot;:0,&quot;ip&quot;:&quot;file&quot;,&quot;in_name&quot;:&quot;bond&quot;,&quot;in_active&quot;:1,&quot;in_active_sources&quot;:0,&quot;prg_name&quot;:&quot;&quot;,&quot;prg_prov&quot;:&quot;&quot;,&quot;prg_num&quot;:-1,&quot;chan&quot;:&quot;&quot;,&quot;chan_id&quot;:-1,&quot;id&quot;:&quot;zixi://bonded(bonded1)#10.7.0.66:2088@10.7.0.65,192.168.60.66:2088@192.168.50.65,192.168.5.166:2088@192.168.5.165&quot;,&quot;type&quot;:2,&quot;name&quot;:&quot;bond1&quot;,&quot;asi&quot;:0,&quot;rtmp&quot;:0,&quot;file&quot;:1,&quot;active&quot;:1,&quot;group&quot;:&quot;&quot;,&quot;bonded&quot;:[{&quot;host&quot;:&quot;10.7.0.66&quot;,&quot;port&quot;:2088,&quot;nic&quot;:&quot;10.7.0.65&quot;,&quot;limit&quot;:0,&quot;is_backup&quot;:0,&quot;bitrate&quot;:3608842,&quot;up_time&quot;:28,&quot;error_code&quot;:0,&quot;status_code&quot;:3,&quot;error_str&quot;:&quot;None&quot;,&quot;status_str&quot;:&quot;Connected&quot;},{&quot;host&quot;:&quot;192.168.60.66&quot;,&quot;port&quot;:2088,&quot;nic&quot;:&quot;192.168.50.65&quot;,&quot;limit&quot;:0,&quot;is_backup&quot;:0,&quot;bitrate&quot;:0,&quot;up_time&quot;:0,&quot;error_code&quot;:3,&quot;status_code&quot;:1,&quot;error_str&quot;:&quot;Timeout&quot;,&quot;status_str&quot;:&quot;Connecting&quot;},{&quot;host&quot;:&quot;192.168.5.166&quot;,&quot;port&quot;:2088,&quot;nic&quot;:&quot;192.168.5.165&quot;,&quot;limit&quot;:0,&quot;is_backup&quot;:0,&quot;bitrate&quot;:0,&quot;up_time&quot;:0,&quot;error_code&quot;:3,&quot;status_code&quot;:1,&quot;error_str&quot;:&quot;Timeout&quot;,&quot;status_str&quot;:&quot;Connecting&quot;}],&quot;error&quot;:&quot;None&quot;,&quot;con_stat&quot;:&quot;Disconnected&quot;,&quot;bitrate&quot;:3565418,&quot;dest&quot;:&quot;bonded/bonded1&quot;},{&quot;mip&quot;:&quot;4000.ts&quot;,&quot;port&quot;:0,&quot;ip&quot;:&quot;file&quot;,&quot;in_name&quot;:&quot;bond&quot;,&quot;in_active&quot;:1,&quot;in_active_sources&quot;:0,&quot;prg_name&quot;:&quot;&quot;,&quot;prg_prov&quot;:&quot;&quot;,&quot;prg_num&quot;:-1,&quot;chan&quot;:&quot;&quot;,&quot;chan_id&quot;:-1,&quot;id&quot;:&quot;zixi://bonded(bonded8)#10.7.0.66:2088@10.7.0.65,192.168.60.66:2088@192.168.50.65,192.168.5.166:2088@192.168.5.165&quot;,&quot;type&quot;:2,&quot;name&quot;:&quot;bond8&quot;,&quot;asi&quot;:0,&quot;rtmp&quot;:0,&quot;file&quot;:1,&quot;active&quot;:1,&quot;group&quot;:&quot;&quot;,&quot;bonded&quot;:[{&quot;host&quot;:&quot;10.7.0.66&quot;,&quot;port&quot;:2088,&quot;nic&quot;:&quot;10.7.0.65&quot;,&quot;limit&quot;:0,&quot;is_backup&quot;:0,&quot;bitrate&quot;:2327727,&quot;up_time&quot;:193,&quot;error_code&quot;:0,&quot;status_code&quot;:3,&quot;error_str&quot;:&quot;None&quot;,&quot;status_str&quot;:&quot;Connected&quot;},{&quot;host&quot;:&quot;192.168.60.66&quot;,&quot;port&quot;:2088,&quot;nic&quot;:&quot;192.168.50.65&quot;,&quot;limit&quot;:0,&quot;is_backup&quot;:0,&quot;bitrate&quot;:0,&quot;up_time&quot;:0,&quot;error_code&quot;:3,&quot;status_code&quot;:1,&quot;error_str&quot;:&quot;Timeout&quot;,&quot;status_str&quot;:&quot;Connecting&quot;},{&quot;host&quot;:&quot;192.168.5.166&quot;,&quot;port&quot;:2088,&quot;nic&quot;:&quot;192.168.5.165&quot;,&quot;limit&quot;:0,&quot;is_backup&quot;:0,&quot;bitrate&quot;:2349446,&quot;up_time&quot;:193,&quot;error_code&quot;:0,&quot;status_code&quot;:3,&quot;error_str&quot;:&quot;None&quot;,&quot;status_str&quot;:&quot;Connected&quot;}],&quot;error&quot;:&quot;None&quot;,&quot;con_stat&quot;:&quot;Disconnected&quot;,&quot;bitrate&quot;:4610717,&quot;dest&quot;:&quot;bonded/bonded8&quot;}]}
Debug printing ------&gt;&gt;&gt; {&quot;custom_data&quot;:&quot;&quot;,&quot;msg&quot;:&quot;Output deleted.&quot;,&quot;error&quot;:&quot;&quot;,&quot;outs&quot;:[{&quot;mip&quot;:&quot;live_recording.ts&quot;,&quot;port&quot;:0,&quot;ip&quot;:&quot;file&quot;,&quot;in_name&quot;:&quot;feederoutputname&quot;,&quot;in_active&quot;:1,&quot;in_active_sources&quot;:0,&quot;prg_name&quot;:&quot;&quot;,&quot;prg_prov&quot;:&quot;&quot;,&quot;prg_num&quot;:1,&quot;chan&quot;:&quot;&quot;,&quot;chan_id&quot;:-1,&quot;id&quot;:&quot;zixi://10.7.0.66:2088/feederout&quot;,&quot;type&quot;:2,&quot;name&quot;:&quot;feederoutputname&quot;,&quot;asi&quot;:0,&quot;rtmp&quot;:0,&quot;file&quot;:1,&quot;active&quot;:1,&quot;group&quot;:&quot;&quot;,&quot;error&quot;:&quot;None&quot;,&quot;con_stat&quot;:&quot;Disconnected&quot;,&quot;bitrate&quot;:0,&quot;dest&quot;:&quot;10.7.0.66:2088/feederout&quot;},{&quot;mip&quot;:&quot;4000.ts&quot;,&quot;port&quot;:0,&quot;ip&quot;:&quot;file&quot;,&quot;in_name&quot;:&quot;bond&quot;,&quot;in_active&quot;:1,&quot;in_active_sources&quot;:0,&quot;prg_name&quot;:&quot;&quot;,&quot;prg_prov&quot;:&quot;&quot;,&quot;prg_num&quot;:-1,&quot;chan&quot;:&quot;&quot;,&quot;chan_id&quot;:-1,&quot;id&quot;:&quot;zixi://bonded(bonded4)#10.7.0.66:2088@10.7.0.65,192.168.60.66:2088@192.168.50.65,192.168.5.166:2088@192.168.5.165&quot;,&quot;type&quot;:2,&quot;name&quot;:&quot;bond4&quot;,&quot;asi&quot;:0,&quot;rtmp&quot;:0,&quot;file&quot;:1,&quot;active&quot;:1,&quot;group&quot;:&quot;&quot;,&quot;bonded&quot;:[{&quot;host&quot;:&quot;10.7.0.66&quot;,&quot;port&quot;:2088,&quot;nic&quot;:&quot;10.7.0.65&quot;,&quot;limit&quot;:0,&quot;is_backup&quot;:0,&quot;bitrate&quot;:2576848,&quot;up_time&quot;:86,&quot;error_code&quot;:0,&quot;status_code&quot;:3,&quot;error_str&quot;:&quot;None&quot;,&quot;status_str&quot;:&quot;Connected&quot;},{&quot;host&quot;:&quot;192.168.60.66&quot;,&quot;port&quot;:2088,&quot;nic&quot;:&quot;192.168.50.65&quot;,&quot;limit&quot;:0,&quot;is_backup&quot;:0,&quot;bitrate&quot;:0,&quot;up_time&quot;:0,&quot;error_code&quot;:3,&quot;status_code&quot;:1,&quot;error_str&quot;:&quot;Timeout&quot;,&quot;status_str&quot;:&quot;Connecting&quot;},{&quot;host&quot;:&quot;192.168.5.166&quot;,&quot;port&quot;:2088,&quot;nic&quot;:&quot;192.168.5.165&quot;,&quot;limit&quot;:0,&quot;is_backup&quot;:0,&quot;bitrate&quot;:2439975,&quot;up_time&quot;:75,&quot;error_code&quot;:0,&quot;status_code&quot;:3,&quot;error_str&quot;:&quot;None&quot;,&quot;status_str&quot;:&quot;Connected&quot;}],&quot;error&quot;:&quot;None&quot;,&quot;con_stat&quot;:&quot;Disconnected&quot;,&quot;bitrate&quot;:4950617,&quot;dest&quot;:&quot;bonded/bonded4&quot;},{&quot;mip&quot;:&quot;4000.ts&quot;,&quot;port&quot;:0,&quot;ip&quot;:&quot;file&quot;,&quot;in_name&quot;:&quot;bond&quot;,&quot;in_active&quot;:1,&quot;in_active_sources&quot;:0,&quot;prg_name&quot;:&quot;&quot;,&quot;prg_prov&quot;:&quot;&quot;,&quot;prg_num&quot;:-1,&quot;chan&quot;:&quot;&quot;,&quot;chan_id&quot;:-1,&quot;id&quot;:&quot;zixi://bonded(bonded2)#10.7.0.66:2088@10.7.0.65,192.168.60.66:2088@192.168.50.65,192.168.5.166:2088@192.168.5.165&quot;,&quot;type&quot;:2,&quot;name&quot;:&quot;bond2&quot;,&quot;asi&quot;:0,&quot;rtmp&quot;:0,&quot;file&quot;:1,&quot;active&quot;:1,&quot;group&quot;:&quot;&quot;,&quot;bonded&quot;:[{&quot;host&quot;:&quot;10.7.0.66&quot;,&quot;port&quot;:2088,&quot;nic&quot;:&quot;10.7.0.65&quot;,&quot;limit&quot;:0,&quot;is_backup&quot;:0,&quot;bitrate&quot;:2340224,&quot;up_time&quot;:356,&quot;error_code&quot;:0,&quot;status_code&quot;:3,&quot;error_str&quot;:&quot;None&quot;,&quot;status_str&quot;:&quot;Connected&quot;},{&quot;host&quot;:&quot;192.168.60.66&quot;,&quot;port&quot;:2088,&quot;nic&quot;:&quot;192.168.50.65&quot;,&quot;limit&quot;:0,&quot;is_backup&quot;:0,&quot;bitrate&quot;:0,&quot;up_time&quot;:0,&quot;error_code&quot;:3,&quot;status_code&quot;:1,&quot;error_str&quot;:&quot;Timeout&quot;,&quot;status_str&quot;:&quot;Connecting&quot;},{&quot;host&quot;:&quot;192.168.5.166&quot;,&quot;port&quot;:2088,&quot;nic&quot;:&quot;192.168.5.165&quot;,&quot;limit&quot;:0,&quot;is_backup&quot;:0,&quot;bitrate&quot;:2008666,&quot;up_time&quot;:365,&quot;error_code&quot;:0,&quot;status_code&quot;:3,&quot;error_str&quot;:&quot;None&quot;,&quot;status_str&quot;:&quot;Connected&quot;}],&quot;error&quot;:&quot;None&quot;,&quot;con_stat&quot;:&quot;Disconnected&quot;,&quot;bitrate&quot;:4392840,&quot;dest&quot;:&quot;bonded/bonded2&quot;},{&quot;mip&quot;:&quot;4000.ts&quot;,&quot;port&quot;:0,&quot;ip&quot;:&quot;file&quot;,&quot;in_name&quot;:&quot;bond&quot;,&quot;in_active&quot;:1,&quot;in_active_sources&quot;:0,&quot;prg_name&quot;:&quot;&quot;,&quot;prg_prov&quot;:&quot;&quot;,&quot;prg_num&quot;:-1,&quot;chan&quot;:&quot;&quot;,&quot;chan_id&quot;:-1,&quot;id&quot;:&quot;zixi://bonded(bonded1)#10.7.0.66:2088@10.7.0.65,192.168.60.66:2088@192.168.50.65,192.168.5.166:2088@192.168.5.165&quot;,&quot;type&quot;:2,&quot;name&quot;:&quot;bond1&quot;,&quot;asi&quot;:0,&quot;rtmp&quot;:0,&quot;file&quot;:1,&quot;active&quot;:1,&quot;group&quot;:&quot;&quot;,&quot;bonded&quot;:[{&quot;host&quot;:&quot;10.7.0.66&quot;,&quot;port&quot;:2088,&quot;nic&quot;:&quot;10.7.0.65&quot;,&quot;limit&quot;:0,&quot;is_backup&quot;:0,&quot;bitrate&quot;:3608842,&quot;up_time&quot;:28,&quot;error_code&quot;:0,&quot;status_code&quot;:3,&quot;error_str&quot;:&quot;None&quot;,&quot;status_str&quot;:&quot;Connected&quot;},{&quot;host&quot;:&quot;192.168.60.66&quot;,&quot;port&quot;:2088,&quot;nic&quot;:&quot;192.168.50.65&quot;,&quot;limit&quot;:0,&quot;is_backup&quot;:0,&quot;bitrate&quot;:0,&quot;up_time&quot;:0,&quot;error_code&quot;:3,&quot;status_code&quot;:1,&quot;error_str&quot;:&quot;Timeout&quot;,&quot;status_str&quot;:&quot;Connecting&quot;},{&quot;host&quot;:&quot;192.168.5.166&quot;,&quot;port&quot;:2088,&quot;nic&quot;:&quot;192.168.5.165&quot;,&quot;limit&quot;:0,&quot;is_backup&quot;:0,&quot;bitrate&quot;:0,&quot;up_time&quot;:0,&quot;error_code&quot;:3,&quot;status_code&quot;:1,&quot;error_str&quot;:&quot;Timeout&quot;,&quot;status_str&quot;:&quot;Connecting&quot;}],&quot;error&quot;:&quot;None&quot;,&quot;con_stat&quot;:&quot;Disconnected&quot;,&quot;bitrate&quot;:3565418,&quot;dest&quot;:&quot;bonded/bonded1&quot;}]}
Debug printing ------&gt;&gt;&gt; {&quot;custom_data&quot;:&quot;&quot;,&quot;msg&quot;:&quot;Output deleted.&quot;,&quot;error&quot;:&quot;&quot;,&quot;outs&quot;:[{&quot;mip&quot;:&quot;live_recording.ts&quot;,&quot;port&quot;:0,&quot;ip&quot;:&quot;file&quot;,&quot;in_name&quot;:&quot;feederoutputname&quot;,&quot;in_active&quot;:1,&quot;in_active_sources&quot;:0,&quot;prg_name&quot;:&quot;&quot;,&quot;prg_prov&quot;:&quot;&quot;,&quot;prg_num&quot;:1,&quot;chan&quot;:&quot;&quot;,&quot;chan_id&quot;:-1,&quot;id&quot;:&quot;zixi://10.7.0.66:2088/feederout&quot;,&quot;type&quot;:2,&quot;name&quot;:&quot;feederoutputname&quot;,&quot;asi&quot;:0,&quot;rtmp&quot;:0,&quot;file&quot;:1,&quot;active&quot;:1,&quot;group&quot;:&quot;&quot;,&quot;error&quot;:&quot;None&quot;,&quot;con_stat&quot;:&quot;Disconnected&quot;,&quot;bitrate&quot;:0,&quot;dest&quot;:&quot;10.7.0.66:2088/feederout&quot;},{&quot;mip&quot;:&quot;4000.ts&quot;,&quot;port&quot;:0,&quot;ip&quot;:&quot;file&quot;,&quot;in_name&quot;:&quot;bond&quot;,&quot;in_active&quot;:1,&quot;in_active_sources&quot;:0,&quot;prg_name&quot;:&quot;&quot;,&quot;prg_prov&quot;:&quot;&quot;,&quot;prg_num&quot;:-1,&quot;chan&quot;:&quot;&quot;,&quot;chan_id&quot;:-1,&quot;id&quot;:&quot;zixi://bonded(bonded4)#10.7.0.66:2088@10.7.0.65,192.168.60.66:2088@192.168.50.65,192.168.5.166:2088@192.168.5.165&quot;,&quot;type&quot;:2,&quot;name&quot;:&quot;bond4&quot;,&quot;asi&quot;:0,&quot;rtmp&quot;:0,&quot;file&quot;:1,&quot;active&quot;:1,&quot;group&quot;:&quot;&quot;,&quot;bonded&quot;:[{&quot;host&quot;:&quot;10.7.0.66&quot;,&quot;port&quot;:2088,&quot;nic&quot;:&quot;10.7.0.65&quot;,&quot;limit&quot;:0,&quot;is_backup&quot;:0,&quot;bitrate&quot;:2576848,&quot;up_time&quot;:86,&quot;error_code&quot;:0,&quot;status_code&quot;:3,&quot;error_str&quot;:&quot;None&quot;,&quot;status_str&quot;:&quot;Connected&quot;},{&quot;host&quot;:&quot;192.168.60.66&quot;,&quot;port&quot;:2088,&quot;nic&quot;:&quot;192.168.50.65&quot;,&quot;limit&quot;:0,&quot;is_backup&quot;:0,&quot;bitrate&quot;:0,&quot;up_time&quot;:0,&quot;error_code&quot;:3,&quot;status_code&quot;:1,&quot;error_str&quot;:&quot;Timeout&quot;,&quot;status_str&quot;:&quot;Connecting&quot;},{&quot;host&quot;:&quot;192.168.5.166&quot;,&quot;port&quot;:2088,&quot;nic&quot;:&quot;192.168.5.165&quot;,&quot;limit&quot;:0,&quot;is_backup&quot;:0,&quot;bitrate&quot;:2439975,&quot;up_time&quot;:75,&quot;error_code&quot;:0,&quot;status_code&quot;:3,&quot;error_str&quot;:&quot;None&quot;,&quot;status_str&quot;:&quot;Connected&quot;}],&quot;error&quot;:&quot;None&quot;,&quot;con_stat&quot;:&quot;Disconnected&quot;,&quot;bitrate&quot;:4950617,&quot;dest&quot;:&quot;bonded/bonded4&quot;},{&quot;mip&quot;:&quot;4000.ts&quot;,&quot;port&quot;:0,&quot;ip&quot;:&quot;file&quot;,&quot;in_name&quot;:&quot;bond&quot;,&quot;in_active&quot;:1,&quot;in_active_sources&quot;:0,&quot;prg_name&quot;:&quot;&quot;,&quot;prg_prov&quot;:&quot;&quot;,&quot;prg_num&quot;:-1,&quot;chan&quot;:&quot;&quot;,&quot;chan_id&quot;:-1,&quot;id&quot;:&quot;zixi://bonded(bonded2)#10.7.0.66:2088@10.7.0.65,192.168.60.66:2088@192.168.50.65,192.168.5.166:2088@192.168.5.165&quot;,&quot;type&quot;:2,&quot;name&quot;:&quot;bond2&quot;,&quot;asi&quot;:0,&quot;rtmp&quot;:0,&quot;file&quot;:1,&quot;active&quot;:1,&quot;group&quot;:&quot;&quot;,&quot;bonded&quot;:[{&quot;host&quot;:&quot;10.7.0.66&quot;,&quot;port&quot;:2088,&quot;nic&quot;:&quot;10.7.0.65&quot;,&quot;limit&quot;:0,&quot;is_backup&quot;:0,&quot;bitrate&quot;:2340224,&quot;up_time&quot;:356,&quot;error_code&quot;:0,&quot;status_code&quot;:3,&quot;error_str&quot;:&quot;None&quot;,&quot;status_str&quot;:&quot;Connected&quot;},{&quot;host&quot;:&quot;192.168.60.66&quot;,&quot;port&quot;:2088,&quot;nic&quot;:&quot;192.168.50.65&quot;,&quot;limit&quot;:0,&quot;is_backup&quot;:0,&quot;bitrate&quot;:0,&quot;up_time&quot;:0,&quot;error_code&quot;:3,&quot;status_code&quot;:1,&quot;error_str&quot;:&quot;Timeout&quot;,&quot;status_str&quot;:&quot;Connecting&quot;},{&quot;host&quot;:&quot;192.168.5.166&quot;,&quot;port&quot;:2088,&quot;nic&quot;:&quot;192.168.5.165&quot;,&quot;limit&quot;:0,&quot;is_backup&quot;:0,&quot;bitrate&quot;:2008666,&quot;up_time&quot;:365,&quot;error_code&quot;:0,&quot;status_code&quot;:3,&quot;error_str&quot;:&quot;None&quot;,&quot;status_str&quot;:&quot;Connected&quot;}],&quot;error&quot;:&quot;None&quot;,&quot;con_stat&quot;:&quot;Disconnected&quot;,&quot;bitrate&quot;:4392840,&quot;dest&quot;:&quot;bonded/bonded2&quot;}]}
Debug printing ------&gt;&gt;&gt; {&quot;custom_data&quot;:&quot;&quot;,&quot;msg&quot;:&quot;Output deleted.&quot;,&quot;error&quot;:&quot;&quot;,&quot;outs&quot;:[{&quot;mip&quot;:&quot;live_recording.ts&quot;,&quot;port&quot;:0,&quot;ip&quot;:&quot;file&quot;,&quot;in_name&quot;:&quot;feederoutputname&quot;,&quot;in_active&quot;:1,&quot;in_active_sources&quot;:0,&quot;prg_name&quot;:&quot;&quot;,&quot;prg_prov&quot;:&quot;&quot;,&quot;prg_num&quot;:1,&quot;chan&quot;:&quot;&quot;,&quot;chan_id&quot;:-1,&quot;id&quot;:&quot;zixi://10.7.0.66:2088/feederout&quot;,&quot;type&quot;:2,&quot;name&quot;:&quot;feederoutputname&quot;,&quot;asi&quot;:0,&quot;rtmp&quot;:0,&quot;file&quot;:1,&quot;active&quot;:1,&quot;group&quot;:&quot;&quot;,&quot;error&quot;:&quot;None&quot;,&quot;con_stat&quot;:&quot;Disconnected&quot;,&quot;bitrate&quot;:0,&quot;dest&quot;:&quot;10.7.0.66:2088/feederout&quot;},{&quot;mip&quot;:&quot;4000.ts&quot;,&quot;port&quot;:0,&quot;ip&quot;:&quot;file&quot;,&quot;in_name&quot;:&quot;bond&quot;,&quot;in_active&quot;:1,&quot;in_active_sources&quot;:0,&quot;prg_name&quot;:&quot;&quot;,&quot;prg_prov&quot;:&quot;&quot;,&quot;prg_num&quot;:-1,&quot;chan&quot;:&quot;&quot;,&quot;chan_id&quot;:-1,&quot;id&quot;:&quot;zixi://bonded(bonded4)#10.7.0.66:2088@10.7.0.65,192.168.60.66:2088@192.168.50.65,192.168.5.166:2088@192.168.5.165&quot;,&quot;type&quot;:2,&quot;name&quot;:&quot;bond4&quot;,&quot;asi&quot;:0,&quot;rtmp&quot;:0,&quot;file&quot;:1,&quot;active&quot;:1,&quot;group&quot;:&quot;&quot;,&quot;bonded&quot;:[{&quot;host&quot;:&quot;10.7.0.66&quot;,&quot;port&quot;:2088,&quot;nic&quot;:&quot;10.7.0.65&quot;,&quot;limit&quot;:0,&quot;is_backup&quot;:0,&quot;bitrate&quot;:2576848,&quot;up_time&quot;:86,&quot;error_code&quot;:0,&quot;status_code&quot;:3,&quot;error_str&quot;:&quot;None&quot;,&quot;status_str&quot;:&quot;Connected&quot;},{&quot;host&quot;:&quot;192.168.60.66&quot;,&quot;port&quot;:2088,&quot;nic&quot;:&quot;192.168.50.65&quot;,&quot;limit&quot;:0,&quot;is_backup&quot;:0,&quot;bitrate&quot;:0,&quot;up_time&quot;:0,&quot;error_code&quot;:3,&quot;status_code&quot;:1,&quot;error_str&quot;:&quot;Timeout&quot;,&quot;status_str&quot;:&quot;Connecting&quot;},{&quot;host&quot;:&quot;192.168.5.166&quot;,&quot;port&quot;:2088,&quot;nic&quot;:&quot;192.168.5.165&quot;,&quot;limit&quot;:0,&quot;is_backup&quot;:0,&quot;bitrate&quot;:2439975,&quot;up_time&quot;:75,&quot;error_code&quot;:0,&quot;status_code&quot;:3,&quot;error_str&quot;:&quot;None&quot;,&quot;status_str&quot;:&quot;Connected&quot;}],&quot;error&quot;:&quot;None&quot;,&quot;con_stat&quot;:&quot;Disconnected&quot;,&quot;bitrate&quot;:4950617,&quot;dest&quot;:&quot;bonded/bonded4&quot;}]}
Debug printing ------&gt;&gt;&gt; {&quot;custom_data&quot;:&quot;&quot;,&quot;msg&quot;:&quot;Output deleted.&quot;,&quot;error&quot;:&quot;&quot;,&quot;outs&quot;:[{&quot;mip&quot;:&quot;live_recording.ts&quot;,&quot;port&quot;:0,&quot;ip&quot;:&quot;file&quot;,&quot;in_name&quot;:&quot;feederoutputname&quot;,&quot;in_active&quot;:1,&quot;in_active_sources&quot;:0,&quot;prg_name&quot;:&quot;&quot;,&quot;prg_prov&quot;:&quot;&quot;,&quot;prg_num&quot;:1,&quot;chan&quot;:&quot;&quot;,&quot;chan_id&quot;:-1,&quot;id&quot;:&quot;zixi://10.7.0.66:2088/feederout&quot;,&quot;type&quot;:2,&quot;name&quot;:&quot;feederoutputname&quot;,&quot;asi&quot;:0,&quot;rtmp&quot;:0,&quot;file&quot;:1,&quot;active&quot;:1,&quot;group&quot;:&quot;&quot;,&quot;error&quot;:&quot;None&quot;,&quot;con_stat&quot;:&quot;Disconnected&quot;,&quot;bitrate&quot;:0,&quot;dest&quot;:&quot;10.7.0.66:2088/feederout&quot;}]}
Result is 
Result is Output deleted.
Result is Output deleted.
Result is Output deleted.
Result is Output deleted.
Result is Output deleted.
Result is Output deleted.
Result is Output deleted.
Result is Output deleted.
Result is Output deleted.
Result is Output deleted.
Result is Output deleted.
Result is Output deleted.
Result is Output deleted.
Result is Output deleted.
Result is Output deleted.
Result is Output deleted.
Result is Output deleted.
Result is Output deleted.
Result is Output deleted.
Result is Output deleted.
</system-out>
  </testcase>
  <testcase classname="com.zixi.testing.FeederOutputPushToBxTest" name="feederBondedPushOutputCreationTest" time="0.609"/>
  <testcase classname="com.zixi.testing.BroadcasterPushInStreamCreationTest" name="broadcasterSingleStreamRemoving" time="0.887"/>
  <testcase classname="com.zixi.testing.BroadcasterUDPOutputStreamCreationTest" name="broadcasterPullInCreation" time="0.827"/>
  <testcase classname="com.zixi.testing.FFMPEGBondingBackupTest" name="ffmpegBondingTestBackUpScenarioFullLimitation" time="178.69"/>
  <testcase classname="com.zixi.testing.FeederBondedOutputDeletioinTest" name="broadcasterBondedTwoLinkStreamRemoving" time="0.017"/>
  <testcase classname="com.zixi.testing.BroadcasterSingleInputStreamDeletionTest" name="broadcasterInputStreamDeletion" time="0.744"/>
  <testcase classname="com.zixi.testing.BroadcaserSingleOutputStreamDeletionTest" name="broadcasterSingleStreamRemoving" time="0.717"/>
  <testcase classname="com.zixi.testing.FeederOutputPushToBxTest" name="feederBondedPushOutputCreationTest" time="0.655"/>
  <testcase classname="com.zixi.testing.BroadcasterPushInStreamCreationTest" name="broadcasterSingleStreamRemoving" time="0.902"/>
  <testcase classname="com.zixi.testing.BroadcasterUDPOutputStreamCreationTest" name="broadcasterPullInCreation" time="0.87"/>
  <testcase classname="com.zixi.testing.FFMPEGBondingBackupTest" name="ffmpegBondingTestBackUpScenarioFullLimitation" time="179.957"/>
  <testcase classname="com.zixi.testing.FeederBondedOutputDeletioinTest" name="broadcasterBondedTwoLinkStreamRemoving" time="0.025"/>
  <testcase classname="com.zixi.testing.BroadcasterSingleInputStreamDeletionTest" name="broadcasterInputStreamDeletion" time="0.826"/>
  <testcase classname="com.zixi.testing.BroadcaserSingleOutputStreamDeletionTest" name="broadcasterSingleStreamRemoving" time="0.776"/>
  <testcase classname="com.zixi.testing.FeederPostKeyTest" name="uploadPrivateKeyToFeeder" time="0.044"/>
  <testcase classname="com.zixi.testing.FeederSettingsTest" name="uploadPrivateKeyToFeeder" time="0.004"/>
  <testcase classname="com.zixi.testing.FeederReverseTunnelParametersTest" name="uploadPrivateKeyToFeeder" time="0.114"/>
  <testcase classname="com.zixi.testing.FeederReverseTunnelTest" name="uploadPrivateKeyToFeeder" time="10.638"/>
  <testcase classname="com.zixi.testing.FeederOutputPushToBxTest" name="feederOutputToBxTest" time="0.628"/>
  <testcase classname="com.zixi.testing.BroadcasterPushInStreamCreationTest" name="broadcasterSingleStreamRemoving" time="0.858"/>
  <testcase classname="com.zixi.testing.BroadcasterInputStatisticSingleStreamTest" name="broadcasterSingleInputStreamStatisticAnilyzer" time="145.673">
    <failure message="expected [statistics parameters are correct] but found [good]" type="java.lang.AssertionError">java.lang.AssertionError: expected [statistics parameters are correct] but found [good]
	at org.testng.Assert.fail(Assert.java:94)
	at org.testng.Assert.failNotEquals(Assert.java:496)
	at org.testng.Assert.assertEquals(Assert.java:125)
	at org.testng.Assert.assertEquals(Assert.java:178)
	at org.testng.Assert.assertEquals(Assert.java:188)
	at com.zixi.testing.BroadcasterInputStatisticSingleStreamTest.broadcasterSingleInputStreamStatisticAnilyzer(BroadcasterInputStatisticSingleStreamTest.java:32)
</failure>
  </testcase>
  <testcase classname="com.zixi.testing.FeederOutputDeletioinTest" name="broadcasterSingleStreamRemoving" time="0.008"/>
  <testcase classname="com.zixi.testing.BroadcasterSingleInputStreamDeletionTest" name="broadcasterInputStreamDeletion" time="0.714"/>
  <testcase classname="com.zixi.testing.FeederOutputPushToBxTest" name="feederBondedPushOutputCreationTest" time="0.747">
    <skipped/>
  </testcase>
  <testcase classname="com.zixi.testing.FeederOutputPushToBxTest" name="feederBondedPushOutputCreationThreeLinksTest" time="0.747">
    <skipped/>
  </testcase>
  <testcase classname="com.zixi.testing.FeederOutputPushToBxTest" name="feederOutputToBxTest" time="0.636"/>
  <testcase classname="com.zixi.testing.FeederOutputPushToBxTest" name="feederOutputToBxTestAutomaticRtmp" time="0.67">
    <skipped/>
  </testcase>
  <testcase classname="com.zixi.testing.BroadcasterPushInStreamCreationTest" name="broadcasterSingleStreamRemoving" time="0.88"/>
  <testcase classname="com.zixi.testing.BroadcasterInputStatisticSingleStreamTest" name="broadcasterSingleInputStreamStatisticAnilyzer" time="145.701">
    <failure message="expected [statistics parameters are correct] but found [good]" type="java.lang.AssertionError">java.lang.AssertionError: expected [statistics parameters are correct] but found [good]
	at org.testng.Assert.fail(Assert.java:94)
	at org.testng.Assert.failNotEquals(Assert.java:496)
	at org.testng.Assert.assertEquals(Assert.java:125)
	at org.testng.Assert.assertEquals(Assert.java:178)
	at org.testng.Assert.assertEquals(Assert.java:188)
	at com.zixi.testing.BroadcasterInputStatisticSingleStreamTest.broadcasterSingleInputStreamStatisticAnilyzer(BroadcasterInputStatisticSingleStreamTest.java:32)
</failure>
  </testcase>
  <testcase classname="com.zixi.testing.FeederOutputDeletioinTest" name="broadcasterSingleStreamRemoving" time="0.007"/>
  <testcase classname="com.zixi.testing.BroadcasterSingleInputStreamDeletionTest" name="broadcasterInputStreamDeletion" time="0.904"/>
  <testcase classname="com.zixi.testing.FeederOutputPushToBxTest" name="feederOutputToBxTest" time="0.642"/>
  <testcase classname="com.zixi.testing.BroadcasterPushInStreamCreationTest" name="broadcasterSingleStreamRemoving" time="0.896"/>
  <testcase classname="com.zixi.testing.BroadcasterInputStatisticSingleStreamTest" name="broadcasterSingleInputStreamStatisticAnilyzer" time="145.775">
    <failure message="expected [statistics parameters are correct] but found [good]" type="java.lang.AssertionError">java.lang.AssertionError: expected [statistics parameters are correct] but found [good]
	at org.testng.Assert.fail(Assert.java:94)
	at org.testng.Assert.failNotEquals(Assert.java:496)
	at org.testng.Assert.assertEquals(Assert.java:125)
	at org.testng.Assert.assertEquals(Assert.java:178)
	at org.testng.Assert.assertEquals(Assert.java:188)
	at com.zixi.testing.BroadcasterInputStatisticSingleStreamTest.broadcasterSingleInputStreamStatisticAnilyzer(BroadcasterInputStatisticSingleStreamTest.java:32)
</failure>
  </testcase>
  <testcase classname="com.zixi.testing.FeederOutputDeletioinTest" name="broadcasterSingleStreamRemoving" time="0.008"/>
  <testcase classname="com.zixi.testing.BroadcasterSingleInputStreamDeletionTest" name="broadcasterInputStreamDeletion" time="0.873"/>
  <testcase classname="com.zixi.testing.FeederOutputPushToBxTest" name="feederOutputToBxTest" time="0.654"/>
  <testcase classname="com.zixi.testing.BroadcasterPushInStreamCreationTest" name="broadcasterSingleStreamRemoving" time="0.75"/>
  <testcase classname="com.zixi.testing.BroadcasterInputStatisticSingleStreamTest" name="broadcasterSingleInputStreamStatisticAnilyzer" time="145.637">
    <failure message="expected [statistics parameters are correct] but found [good]" type="java.lang.AssertionError">java.lang.AssertionError: expected [statistics parameters are correct] but found [good]
	at org.testng.Assert.fail(Assert.java:94)
	at org.testng.Assert.failNotEquals(Assert.java:496)
	at org.testng.Assert.assertEquals(Assert.java:125)
	at org.testng.Assert.assertEquals(Assert.java:178)
	at org.testng.Assert.assertEquals(Assert.java:188)
	at com.zixi.testing.BroadcasterInputStatisticSingleStreamTest.broadcasterSingleInputStreamStatisticAnilyzer(BroadcasterInputStatisticSingleStreamTest.java:32)
</failure>
  </testcase>
  <testcase classname="com.zixi.testing.FeederOutputDeletioinTest" name="broadcasterSingleStreamRemoving" time="0.008"/>
  <testcase classname="com.zixi.testing.BroadcasterSingleInputStreamDeletionTest" name="broadcasterInputStreamDeletion" time="0.771"/>
  <testcase classname="com.zixi.testing.FeederOutputPushToBxTest" name="feederOutputToBxTest" time="0.607"/>
  <testcase classname="com.zixi.testing.BroadcasterPushInStreamCreationTest" name="broadcasterSingleStreamRemoving" time="0.802"/>
  <testcase classname="com.zixi.testing.BroadcasterInputStatisticSingleStreamTest" name="broadcasterSingleInputStreamStatisticAnilyzer" time="145.706">
    <failure message="expected [statistics parameters are correct] but found [good]" type="java.lang.AssertionError">java.lang.AssertionError: expected [statistics parameters are correct] but found [good]
	at org.testng.Assert.fail(Assert.java:94)
	at org.testng.Assert.failNotEquals(Assert.java:496)
	at org.testng.Assert.assertEquals(Assert.java:125)
	at org.testng.Assert.assertEquals(Assert.java:178)
	at org.testng.Assert.assertEquals(Assert.java:188)
	at com.zixi.testing.BroadcasterInputStatisticSingleStreamTest.broadcasterSingleInputStreamStatisticAnilyzer(BroadcasterInputStatisticSingleStreamTest.java:32)
</failure>
  </testcase>
  <testcase classname="com.zixi.testing.FeederOutputDeletioinTest" name="broadcasterSingleStreamRemoving" time="0.007"/>
  <testcase classname="com.zixi.testing.BroadcasterSingleInputStreamDeletionTest" name="broadcasterInputStreamDeletion" time="0.794"/>
  <testcase classname="com.zixi.testing.BxFileTransferAndVodSettingsTest" name="broadcasterSetBxFileTransferVodSettings" time="0.441"/>
  <testcase classname="com.zixi.testing.FileTransferTest" name="fileTransfer" time="1.002">
    <failure message="Connection refused: connect" type="java.net.ConnectException">java.net.ConnectException: Connection refused: connect
	at java.net.DualStackPlainSocketImpl.connect0(Native Method)
	at java.net.DualStackPlainSocketImpl.socketConnect(Unknown Source)
	at java.net.AbstractPlainSocketImpl.doConnect(Unknown Source)
	at java.net.AbstractPlainSocketImpl.connectToAddress(Unknown Source)
	at java.net.AbstractPlainSocketImpl.connect(Unknown Source)
	at java.net.PlainSocketImpl.connect(Unknown Source)
	at java.net.SocksSocketImpl.connect(Unknown Source)
	at java.net.Socket.connect(Unknown Source)
	at java.net.Socket.connect(Unknown Source)
	at java.net.Socket.&lt;init&gt;(Unknown Source)
	at java.net.Socket.&lt;init&gt;(Unknown Source)
	at com.zixi.drivers.drivers.BroadcasterFileUploadDriver.testIMPL(BroadcasterFileUploadDriver.java:26)
	at com.zixi.testing.FileTransferTest.fileTransfer(FileTransferTest.java:29)
</failure>
    <system-out>Connecting to 10.7.0.63 on port 9999
</system-out>
  </testcase>
  <testcase classname="com.zixi.testing.FileTransferTest" name="fileTransfer" time="0.996">
    <failure message="Connection refused: connect" type="java.net.ConnectException">java.net.ConnectException: Connection refused: connect
	at java.net.DualStackPlainSocketImpl.connect0(Native Method)
	at java.net.DualStackPlainSocketImpl.socketConnect(Unknown Source)
	at java.net.AbstractPlainSocketImpl.doConnect(Unknown Source)
	at java.net.AbstractPlainSocketImpl.connectToAddress(Unknown Source)
	at java.net.AbstractPlainSocketImpl.connect(Unknown Source)
	at java.net.PlainSocketImpl.connect(Unknown Source)
	at java.net.SocksSocketImpl.connect(Unknown Source)
	at java.net.Socket.connect(Unknown Source)
	at java.net.Socket.connect(Unknown Source)
	at java.net.Socket.&lt;init&gt;(Unknown Source)
	at java.net.Socket.&lt;init&gt;(Unknown Source)
	at com.zixi.drivers.drivers.BroadcasterFileUploadDriver.testIMPL(BroadcasterFileUploadDriver.java:26)
	at com.zixi.testing.FileTransferTest.fileTransfer(FileTransferTest.java:29)
</failure>
    <system-out>Connecting to 10.7.0.63 on port 9999
</system-out>
  </testcase>
  <testcase classname="com.zixi.testing.BroadcasterUDPOutputStreamCreationTest" name="broadcasterPullInCreation" time="0.529"/>
  <testcase classname="com.zixi.testing.BroadcasterUdpInStreamCreationTest" name="broadcasterUdpInCreation" time="0.897"/>
  <testcase classname="com.zixi.testing.BroadcasterInputStatisticSingleStreamTest" name="broadcasterSingleInputStreamStatisticAnilyzer" time="25.889">
    <failure message="expected [statistics parameters are correct] but found [On of the bit rate API probing showed zero bit rete]" type="java.lang.AssertionError">java.lang.AssertionError: expected [statistics parameters are correct] but found [On of the bit rate API probing showed zero bit rete]
	at org.testng.Assert.fail(Assert.java:94)
	at org.testng.Assert.failNotEquals(Assert.java:496)
	at org.testng.Assert.assertEquals(Assert.java:125)
	at org.testng.Assert.assertEquals(Assert.java:178)
	at org.testng.Assert.assertEquals(Assert.java:188)
	at com.zixi.testing.BroadcasterInputStatisticSingleStreamTest.broadcasterSingleInputStreamStatisticAnilyzer(BroadcasterInputStatisticSingleStreamTest.java:32)
</failure>
  </testcase>
  <testcase classname="com.zixi.testing.BroadcasterPushOutStreamCreationTest" name="broadcasterPullInCreation" time="0.953"/>
  <testcase classname="com.zixi.testing.BroadcasterPushInStreamCreationTest" name="broadcasterSingleStreamRemoving" time="0.467"/>
  <testcase classname="com.zixi.testing.BroadcasterInputStatisticSingleStreamTest" name="broadcasterSingleInputStreamStatisticAnilyzer" time="25.748">
    <failure message="expected [statistics parameters are correct] but found [On of the bit rate API probing showed zero bit rete]" type="java.lang.AssertionError">java.lang.AssertionError: expected [statistics parameters are correct] but found [On of the bit rate API probing showed zero bit rete]
	at org.testng.Assert.fail(Assert.java:94)
	at org.testng.Assert.failNotEquals(Assert.java:496)
	at org.testng.Assert.assertEquals(Assert.java:125)
	at org.testng.Assert.assertEquals(Assert.java:178)
	at org.testng.Assert.assertEquals(Assert.java:188)
	at com.zixi.testing.BroadcasterInputStatisticSingleStreamTest.broadcasterSingleInputStreamStatisticAnilyzer(BroadcasterInputStatisticSingleStreamTest.java:32)
</failure>
  </testcase>
  <testcase classname="com.zixi.testing.BroadcasterSingleInputStreamDeletionTest" name="broadcasterInputStreamDeletion" time="0.488"/>
  <testcase classname="com.zixi.testing.BroadcaserSingleOutputStreamDeletionTest" name="broadcasterSingleStreamRemoving" time="0.974"/>
  <testcase classname="com.zixi.testing.BroadcasterSingleInputStreamDeletionTest" name="broadcasterInputStreamDeletion" time="0.899"/>
  <testcase classname="com.zixi.testing.BroadcaserSingleOutputStreamDeletionTest" name="broadcasterSingleStreamRemoving" time="0.494"/>
  <testcase classname="com.zixi.load.testing.BroadcasterMultipleUdpTest" name="broadcasterMultipleUdpCreation" time="1.703">
    <failure message="java.lang.NullPointerException" type="java.util.concurrent.ExecutionException">java.util.concurrent.ExecutionException: java.lang.NullPointerException
	at java.util.concurrent.FutureTask.report(Unknown Source)
	at java.util.concurrent.FutureTask.get(Unknown Source)
	at com.zixi.threads.ZthreadPool.zexecuteUdp(ZthreadPool.java:311)
	at com.zixi.load.drivers.BroadcasterMultipleUdpDriver.testIMPL(BroadcasterMultipleUdpDriver.java:19)
	at com.zixi.load.testing.BroadcasterMultipleUdpTest.broadcasterMultipleUdpCreation(BroadcasterMultipleUdpTest.java:55)
Caused by: java.lang.NullPointerException
	at com.zixi.drivers.drivers.BroadcasterUdpOutputCreationDriver.testIMPL(BroadcasterUdpOutputCreationDriver.java:21)
	at com.zixi.threads.ZthreadPool$4.call(ZthreadPool.java:270)
	at com.zixi.threads.ZthreadPool$4.call(ZthreadPool.java:1)
	at java.util.concurrent.FutureTask.run(Unknown Source)
	at java.util.concurrent.ThreadPoolExecutor.runWorker(Unknown Source)
	at java.util.concurrent.ThreadPoolExecutor$Worker.run(Unknown Source)
	at java.lang.Thread.run(Unknown Source)
</failure>
  </testcase>
  <testcase classname="com.zixi.testing.BroadcasterUDPOutputStreamCreationTest" name="broadcasterPullInCreation" time="0.906"/>
  <testcase classname="com.zixi.load.testing.BroadcasterRundomInputStreamTest" name="broadcasterSwitchUdpOut" time="1,129.579">
    <failure message="expected [good] but found [bad]" type="java.lang.AssertionError">java.lang.AssertionError: expected [good] but found [bad]
	at org.testng.Assert.fail(Assert.java:94)
	at org.testng.Assert.failNotEquals(Assert.java:496)
	at org.testng.Assert.assertEquals(Assert.java:125)
	at org.testng.Assert.assertEquals(Assert.java:178)
	at org.testng.Assert.assertEquals(Assert.java:188)
	at com.zixi.load.testing.BroadcasterRundomInputStreamTest.broadcasterSwitchUdpOut(BroadcasterRundomInputStreamTest.java:38)
</failure>
    <system-out>Expected is connected connected
Expected is output output
Expected is number 0
Expected is accepted accepted
Expected is output output
Expected is number 0
Expected is accepted accepted
Expected is output output
Expected is number 0
Expected is accepted accepted
Expected is output output
Expected is number 0
Expected is accepted accepted
Expected is output output
Expected is number 0
Expected is accepted accepted
Expected is output output
Expected is number 0
Expected is accepted accepted
Expected is output output
Expected is number 0
Expected is accepted accepted
Expected is output output
Expected is number 0
Expected is accepted accepted
Expected is output output
Expected is number 0
Expected is accepted accepted
Expected is output output
Expected is number 0
Expected is accepted accepted
Expected is connected connected
Expected is output output
Expected is number 0
Expected is accepted accepted
Expected is output output
Expected is number 0
Expected is accepted accepted
Expected is output output
Expected is number 0
Expected is accepted accepted
Expected is output output
Expected is number 0
Expected is accepted accepted
Expected is output output
Expected is number 0
Expected is accepted accepted
Expected is output output
Expected is number 0
Expected is accepted accepted
Expected is output output
Expected is number 0
Expected is accepted accepted
Expected is output output
Expected is number 0
Expected is accepted accepted
Expected is output output
Expected is number 0
Expected is accepted accepted
Expected is output output
Expected is number 0
Expected is accepted accepted
Expected is connected connected
Expected is output output
Expected is number 0
Expected is accepted accepted
Expected is output output
Expected is number 0
Expected is accepted accepted
Expected is output output
Expected is number 0
Expected is accepted accepted
Expected is output output
Expected is number 0
Expected is accepted accepted
Expected is output output
Expected is number 0
Expected is accepted accepted
Expected is output output
Expected is number 0
Expected is accepted accepted
Expected is output output
Expected is number 1
Expected is accepted accepted
Expected is output output
Expected is number 0
Expected is accepted accepted
Expected is output output
Expected is number 1
Expected is accepted accepted
Expected is output output
Expected is number 1
Expected is accepted accepted
Expected is connected connected
Expected is output output
Expected is number 1
Expected is accepted accepted
Expected is output output
Expected is number 1
Expected is accepted accepted
Expected is output output
Expected is number 1
Expected is accepted accepted
Expected is output output
Expected is number 1
Expected is accepted accepted
Expected is output output
Expected is number 1
Expected is accepted accepted
Expected is output output
Expected is number 1
Expected is accepted accepted
Expected is output output
Expected is number 1
Expected is accepted accepted
Expected is output output
Expected is number 1
Expected is accepted accepted
Expected is output output
Expected is number 1
Expected is accepted accepted
Expected is output output
Expected is number 1
Expected is accepted accepted
Expected is connected connected
Expected is output output
Expected is number 1
Expected is accepted accepted
Expected is output output
Expected is number 1
Expected is accepted accepted
Expected is output output
Expected is number 1
Expected is accepted accepted
Expected is output output
Expected is number 1
Expected is accepted accepted
Expected is output output
Expected is number 1
Expected is accepted accepted
Expected is output output
Expected is number 1
Expected is accepted accepted
Expected is output output
Expected is number 1
Expected is accepted accepted
Expected is output output
Expected is number 1
Expected is accepted accepted
Expected is output output
Expected is number 1
Expected is accepted accepted
Expected is output output
Expected is number 1
Expected is accepted accepted
Expected is connected connected
Expected is output output
Expected is number 1
Expected is accepted accepted
Expected is output output
Expected is number 1
Expected is accepted accepted
Expected is output output
Expected is number 1
Expected is accepted accepted
Expected is output output
Expected is number 1
Expected is accepted accepted
Expected is output output
Expected is number 1
Expected is accepted accepted
Expected is output output
Expected is number 1
Expected is accepted accepted
Expected is output output
Expected is number 1
Expected is accepted accepted
Expected is output output
Expected is number 1
Expected is accepted accepted
Expected is output output
Expected is number 1
Expected is accepted accepted
Expected is output output
Expected is number 1
Expected is accepted accepted
Expected is connected connected
Expected is output output
Expected is number 1
Expected is accepted accepted
Expected is output output
Expected is number 1
Expected is accepted accepted
Expected is output output
Expected is number 1
Expected is accepted accepted
Expected is output output
Expected is number 1
Expected is accepted accepted
Expected is output output
Expected is number 1
Expected is accepted accepted
Expected is output output
Expected is number 1
Expected is accepted accepted
Expected is output output
Expected is number 1
Expected is accepted accepted
Expected is output output
Expected is number 1
Expected is accepted accepted
Expected is output output
Expected is number 1
Expected is accepted accepted
Expected is output output
Expected is number 1
Expected is accepted accepted
Expected is connected connected
Expected is output output
Expected is number 1
Expected is accepted accepted
Expected is output output
Expected is number 1
Expected is accepted accepted
Expected is output output
Expected is number 1
Expected is accepted accepted
Expected is output output
Expected is number 1
Expected is accepted accepted
Expected is output output
Expected is number 1
Expected is accepted accepted
Expected is output output
Expected is number 1
Expected is accepted accepted
Expected is output output
Expected is number 1
Expected is accepted accepted
Expected is output output
Expected is number 1
Expected is accepted accepted
Expected is output output
Expected is number 1
Expected is accepted accepted
Expected is output output
Expected is number 1
Expected is accepted accepted
Expected is connected connected
Expected is output output
Expected is number 1
Expected is accepted accepted
Expected is output output
Expected is number 1
Expected is accepted accepted
Expected is output output
Expected is number 1
Expected is accepted accepted
Expected is output output
Expected is number 1
Expected is accepted accepted
Expected is output output
Expected is number 1
Expected is accepted accepted
Expected is output output
Expected is number 1
Expected is accepted accepted
Expected is output output
Expected is number 1
Expected is accepted accepted
Expected is output output
Expected is number 1
Expected is accepted accepted
Expected is output output
Expected is number 1
Expected is accepted accepted
Expected is output output
Expected is number 1
Expected is accepted accepted
Expected is connected connected
Expected is output output
Expected is number 1
Expected is accepted accepted
Expected is output output
Expected is number 1
Expected is accepted accepted
Expected is output output
Expected is number 1
Expected is accepted accepted
Expected is output output
Expected is number 1
Expected is accepted accepted
Expected is output output
Expected is number 1
Expected is accepted accepted
Expected is output output
Expected is number 1
Expected is accepted accepted
Expected is output output
Expected is number 1
Expected is accepted accepted
Expected is output output
Expected is number 1
Expected is accepted accepted
Expected is output output
Expected is number 1
Expected is accepted accepted
Expected is output output
Expected is number 1
Expected is accepted accepted
</system-out>
  </testcase>
  <testcase classname="com.zixi.testing.BroadcaserSingleOutputStreamDeletionTest" name="broadcasterSingleStreamRemoving" time="0.867"/>
  <testcase classname="com.zixi.load.testing.BroadcaserAllInputStreamDeletorTest" name="broadcasterDeleteAllInputs" time="0.946"/>
  <testcase classname="com.zixi.load.testing.BroadcaserAllOututStreamDeletorTest" name="broadcasterDeleteAllOutputStreams" time="0.474"/>
  <testcase classname="com.zixi.testing.BroadcasterUdpInStreamCreationTest" name="broadcasterUdpInCreation" time="0.889"/>
  <testcase classname="com.zixi.testing.BroadcasterUDPOutputStreamCreationTest" name="broadcasterPullInCreation" time="0.445"/>
  <testcase classname="com.zixi.testing.BroadcasterInputStatisticSingleStreamTest" name="broadcasterSingleInputStreamStatisticAnilyzer" time="145.732">
    <failure message="expected [statistics parameters are correct] but found [good]" type="java.lang.AssertionError">java.lang.AssertionError: expected [statistics parameters are correct] but found [good]
	at org.testng.Assert.fail(Assert.java:94)
	at org.testng.Assert.failNotEquals(Assert.java:496)
	at org.testng.Assert.assertEquals(Assert.java:125)
	at org.testng.Assert.assertEquals(Assert.java:178)
	at org.testng.Assert.assertEquals(Assert.java:188)
	at com.zixi.testing.BroadcasterInputStatisticSingleStreamTest.broadcasterSingleInputStreamStatisticAnilyzer(BroadcasterInputStatisticSingleStreamTest.java:32)
</failure>
  </testcase>
  <testcase classname="com.zixi.testing.BroadcasterSingleInputStreamDeletionTest" name="broadcasterInputStreamDeletion" time="0.871"/>
  <testcase classname="com.zixi.testing.BroadcaserSingleOutputStreamDeletionTest" name="broadcasterSingleStreamRemoving" time="0.529"/>
  <testcase classname="com.zixi.testing.BroadcasterUdpInStreamCreationTest" name="broadcasterUdpInCreation" time="0.795"/>
  <testcase classname="com.zixi.testing.BroadcasterUDPOutputStreamCreationTest" name="broadcasterPullInCreation" time="0.491"/>
  <testcase classname="com.zixi.testing.BroadcasterInputStatisticSingleStreamTest" name="broadcasterSingleInputStreamStatisticAnilyzer" time="145.745">
    <failure message="expected [statistics parameters are correct] but found [good]" type="java.lang.AssertionError">java.lang.AssertionError: expected [statistics parameters are correct] but found [good]
	at org.testng.Assert.fail(Assert.java:94)
	at org.testng.Assert.failNotEquals(Assert.java:496)
	at org.testng.Assert.assertEquals(Assert.java:125)
	at org.testng.Assert.assertEquals(Assert.java:178)
	at org.testng.Assert.assertEquals(Assert.java:188)
	at com.zixi.testing.BroadcasterInputStatisticSingleStreamTest.broadcasterSingleInputStreamStatisticAnilyzer(BroadcasterInputStatisticSingleStreamTest.java:32)
</failure>
  </testcase>
  <testcase classname="com.zixi.testing.BroadcasterSingleInputStreamDeletionTest" name="broadcasterInputStreamDeletion" time="0.85"/>
  <testcase classname="com.zixi.testing.BroadcaserSingleOutputStreamDeletionTest" name="broadcasterSingleStreamRemoving" time="0.449"/>
  <testcase classname="com.zixi.testing.BroadcasterUdpInStreamCreationTest" name="broadcasterUdpInCreation" time="0.884"/>
  <testcase classname="com.zixi.testing.BroadcasterUDPOutputStreamCreationTest" name="broadcasterPullInCreation" time="0.464"/>
  <testcase classname="com.zixi.testing.BroadcasterInputStatisticSingleStreamTest" name="broadcasterSingleInputStreamStatisticAnilyzer" time="145.797">
    <failure message="expected [statistics parameters are correct] but found [good]" type="java.lang.AssertionError">java.lang.AssertionError: expected [statistics parameters are correct] but found [good]
	at org.testng.Assert.fail(Assert.java:94)
	at org.testng.Assert.failNotEquals(Assert.java:496)
	at org.testng.Assert.assertEquals(Assert.java:125)
	at org.testng.Assert.assertEquals(Assert.java:178)
	at org.testng.Assert.assertEquals(Assert.java:188)
	at com.zixi.testing.BroadcasterInputStatisticSingleStreamTest.broadcasterSingleInputStreamStatisticAnilyzer(BroadcasterInputStatisticSingleStreamTest.java:32)
</failure>
  </testcase>
  <testcase classname="com.zixi.testing.BroadcasterSingleInputStreamDeletionTest" name="broadcasterInputStreamDeletion" time="0.831"/>
  <testcase classname="com.zixi.testing.BroadcaserSingleOutputStreamDeletionTest" name="broadcasterSingleStreamRemoving" time="0.48"/>
  <testcase classname="com.zixi.testing.BroadcasterUdpInStreamCreationTest" name="broadcasterUdpInCreation" time="0.861"/>
  <testcase classname="com.zixi.testing.BroadcasterUDPOutputStreamCreationTest" name="broadcasterPullInCreation" time="0.467"/>
  <testcase classname="com.zixi.testing.BroadcasterInputStatisticSingleStreamTest" name="broadcasterSingleInputStreamStatisticAnilyzer" time="145.776">
    <failure message="expected [statistics parameters are correct] but found [good]" type="java.lang.AssertionError">java.lang.AssertionError: expected [statistics parameters are correct] but found [good]
	at org.testng.Assert.fail(Assert.java:94)
	at org.testng.Assert.failNotEquals(Assert.java:496)
	at org.testng.Assert.assertEquals(Assert.java:125)
	at org.testng.Assert.assertEquals(Assert.java:178)
	at org.testng.Assert.assertEquals(Assert.java:188)
	at com.zixi.testing.BroadcasterInputStatisticSingleStreamTest.broadcasterSingleInputStreamStatisticAnilyzer(BroadcasterInputStatisticSingleStreamTest.java:32)
</failure>
  </testcase>
  <testcase classname="com.zixi.testing.BroadcasterUDPOutputStreamCreationTest" name="broadcasterPullInCreation" time="0.748"/>
  <testcase classname="com.zixi.testing.FFMPEGImageStatisticTest" name="broadcasterSingleInputStreamStatisticAnilyzer" time="2"/>
  <testcase classname="com.zixi.testing.BroadcaserSingleOutputStreamDeletionTest" name="broadcasterSingleStreamRemoving" time="0.892"/>
  <testcase classname="com.zixi.testing.BroadcasterSingleInputStreamDeletionTest" name="broadcasterInputStreamDeletion" time="0.785"/>
  <testcase classname="com.zixi.testing.BroadcaserSingleOutputStreamDeletionTest" name="broadcasterSingleStreamRemoving" time="0.411"/>
  <testcase classname="com.zixi.testing.BroadcasterUdpInStreamCreationTest" name="broadcasterUdpInCreation" time="0.889"/>
  <testcase classname="com.zixi.testing.BroadcasterUDPOutputStreamCreationTest" name="broadcasterPullInCreation" time="0.452"/>
  <testcase classname="com.zixi.testing.BroadcasterInputStatisticSingleStreamTest" name="broadcasterSingleInputStreamStatisticAnilyzer" time="145.769">
    <failure message="expected [statistics parameters are correct] but found [good]" type="java.lang.AssertionError">java.lang.AssertionError: expected [statistics parameters are correct] but found [good]
	at org.testng.Assert.fail(Assert.java:94)
	at org.testng.Assert.failNotEquals(Assert.java:496)
	at org.testng.Assert.assertEquals(Assert.java:125)
	at org.testng.Assert.assertEquals(Assert.java:178)
	at org.testng.Assert.assertEquals(Assert.java:188)
	at com.zixi.testing.BroadcasterInputStatisticSingleStreamTest.broadcasterSingleInputStreamStatisticAnilyzer(BroadcasterInputStatisticSingleStreamTest.java:32)
</failure>
  </testcase>
  <testcase classname="com.zixi.testing.BroadcasterSingleInputStreamDeletionTest" name="broadcasterInputStreamDeletion" time="0.728"/>
  <testcase classname="com.zixi.testing.BroadcaserSingleOutputStreamDeletionTest" name="broadcasterSingleStreamRemoving" time="0.444"/>
</testsuite>