<?xml version="1.0" encoding="UTF-8"?>
<!-- Generated by org.testng.reporters.JUnitReportReporter -->
<testsuite hostname="yuri-PC" name="com.zixi.testing.FeederUdpOutputDeletioinTest" tests="2" failures="0" timestamp="1 Nov 2016 11:04:05 GMT" time="0.153" errors="0">
  <testcase name="broadcasterSingleStreamRemoving" time="0.074" classname="com.zixi.testing.FeederUdpOutputDeletioinTest"/>
  <testcase name="broadcasterSingleStreamRemoving" time="0.079" classname="com.zixi.testing.FeederUdpOutputDeletioinTest"/>
</testsuite> <!-- com.zixi.testing.FeederUdpOutputDeletioinTest -->
