<?xml version="1.0" encoding="UTF-8"?>
<!-- Generated by org.testng.reporters.JUnitReportReporter -->
<testsuite hostname="yuri-PC" name="com.zixi.testing.BroadcasterRtmpPushOutputCreationTest" tests="5" failures="0" timestamp="9 Jan 2017 23:52:31 GMT" time="2.557" errors="0">
  <testcase name="broadcasterSingleStreamRemoving" time="0.480" classname="com.zixi.testing.BroadcasterRtmpPushOutputCreationTest"/>
  <testcase name="broadcasterSingleStreamRemoving" time="0.738" classname="com.zixi.testing.BroadcasterRtmpPushOutputCreationTest"/>
  <testcase name="broadcasterSingleStreamRemoving" time="0.456" classname="com.zixi.testing.BroadcasterRtmpPushOutputCreationTest"/>
  <testcase name="broadcasterSingleStreamRemoving" time="0.446" classname="com.zixi.testing.BroadcasterRtmpPushOutputCreationTest"/>
  <testcase name="broadcasterSingleStreamRemoving" time="0.437" classname="com.zixi.testing.BroadcasterRtmpPushOutputCreationTest"/>
</testsuite> <!-- com.zixi.testing.BroadcasterRtmpPushOutputCreationTest -->
