<?xml version="1.0" encoding="UTF-8"?>
<!-- Generated by org.testng.reporters.JUnitReportReporter -->
<testsuite hostname="yuri-PC" name="com.zixi.testing.FFMPEGImageStatisticTest" tests="3" failures="0" timestamp="4 Apr 2016 13:29:48 GMT" time="238.408" errors="0">
  <testcase name="broadcasterSingleInputStreamStatisticAnilyzer" time="79.996" classname="com.zixi.testing.FFMPEGImageStatisticTest"/>
  <testcase name="broadcasterSingleInputStreamStatisticAnilyzer" time="78.630" classname="com.zixi.testing.FFMPEGImageStatisticTest"/>
  <testcase name="broadcasterSingleInputStreamStatisticAnilyzer" time="79.782" classname="com.zixi.testing.FFMPEGImageStatisticTest"/>
</testsuite> <!-- com.zixi.testing.FFMPEGImageStatisticTest -->
