<?xml version="1.0" encoding="UTF-8"?>
<!-- Generated by org.testng.reporters.JUnitReportReporter -->
<testsuite hostname="yuri-PC" name="com.zixi.testing.BroadcasterAddIntelTranscoderProfileTest" tests="3" failures="0" timestamp="31 Mar 2016 18:15:02 GMT" time="0.198" errors="0">
  <testcase name="broadcasterSingleInputStreamstatisticAnilyzer" time="0.071" classname="com.zixi.testing.BroadcasterAddIntelTranscoderProfileTest"/>
  <testcase name="broadcasterSingleInputStreamstatisticAnilyzer" time="0.063" classname="com.zixi.testing.BroadcasterAddIntelTranscoderProfileTest"/>
  <testcase name="broadcasterSingleInputStreamstatisticAnilyzer" time="0.064" classname="com.zixi.testing.BroadcasterAddIntelTranscoderProfileTest"/>
</testsuite> <!-- com.zixi.testing.BroadcasterAddIntelTranscoderProfileTest -->
