<?xml version="1.0" encoding="UTF-8"?>
<!-- Generated by org.testng.reporters.JUnitReportReporter -->
<testsuite hostname="yuri-PC" name="com.zixi.testing.FileTransferTest" tests="2" failures="0" timestamp="3 Jul 2016 10:06:33 GMT" time="0.168" errors="0">
  <testcase name="fileTransfer" time="0.065" classname="com.zixi.testing.FileTransferTest"/>
  <testcase name="fileTransfer" time="0.103" classname="com.zixi.testing.FileTransferTest"/>
</testsuite> <!-- com.zixi.testing.FileTransferTest -->
