<?xml version="1.0" encoding="UTF-8"?>
<!-- Generated by org.testng.reporters.JUnitReportReporter -->
<testsuite hostname="yuri-PC" name="com.zixi.testing.FFMPEGImageStatisticTest" tests="1" failures="0" timestamp="17 May 2016 14:49:47 GMT" time="60.902" errors="0">
  <testcase name="broadcasterSingleInputStreamStatisticAnilyzer" time="60.902" classname="com.zixi.testing.FFMPEGImageStatisticTest"/>
</testsuite> <!-- com.zixi.testing.FFMPEGImageStatisticTest -->
