<?xml version="1.0" encoding="UTF-8"?>
<!-- Generated by org.testng.reporters.JUnitReportReporter -->
<testsuite hostname="yuri-PC" name="com.zixi.load.testing.BroadcasterRundomInputStreamTest" tests="2" failures="0" timestamp="10 Aug 2016 10:48:21 GMT" time="2991.452" errors="0">
  <testcase name="broadcasterDeleteAllInputs" time="1496.008" classname="com.zixi.load.testing.BroadcasterRundomInputStreamTest"/>
  <testcase name="broadcasterDeleteAllInputs" time="1495.444" classname="com.zixi.load.testing.BroadcasterRundomInputStreamTest"/>
</testsuite> <!-- com.zixi.load.testing.BroadcasterRundomInputStreamTest -->
