<?xml version="1.0" encoding="UTF-8"?>
<!-- Generated by org.testng.reporters.JUnitReportReporter -->
<testsuite hostname="yuri-PC" name="com.zixi.testing.FFMPEGImageStatisticTest" tests="2" failures="0" timestamp="11 Feb 2016 08:19:37 GMT" time="247.085" errors="0">
  <testcase name="broadcasterSingleInputStreamStatisticAnilyzer" time="125.764" classname="com.zixi.testing.FFMPEGImageStatisticTest"/>
  <testcase name="broadcasterSingleInputStreamStatisticAnilyzer" time="121.321" classname="com.zixi.testing.FFMPEGImageStatisticTest"/>
</testsuite> <!-- com.zixi.testing.FFMPEGImageStatisticTest -->
