<?xml version="1.0" encoding="UTF-8"?>
<!-- Generated by org.testng.reporters.JUnitReportReporter -->
<testsuite hostname="yuri-PC" name="com.zixi.load.testing.BroadcasterMultipePullCreationTest" tests="84" failures="0" timestamp="21 Jul 2016 11:02:27 GMT" time="286.171" errors="0">
  <testcase name="broadcasterMultiplePullInCreation" time="2.458" classname="com.zixi.load.testing.BroadcasterMultipePullCreationTest"/>
  <testcase name="broadcasterMultiplePullInCreation" time="4.609" classname="com.zixi.load.testing.BroadcasterMultipePullCreationTest"/>
  <testcase name="broadcasterMultiplePullInCreation" time="2.135" classname="com.zixi.load.testing.BroadcasterMultipePullCreationTest"/>
  <testcase name="broadcasterMultiplePullInCreation" time="3.736" classname="com.zixi.load.testing.BroadcasterMultipePullCreationTest"/>
  <testcase name="broadcasterMultiplePullInCreation" time="2.499" classname="com.zixi.load.testing.BroadcasterMultipePullCreationTest"/>
  <testcase name="broadcasterMultiplePullInCreation" time="2.384" classname="com.zixi.load.testing.BroadcasterMultipePullCreationTest"/>
  <testcase name="broadcasterMultiplePullInCreation" time="2.212" classname="com.zixi.load.testing.BroadcasterMultipePullCreationTest"/>
  <testcase name="broadcasterMultiplePullInCreation" time="2.380" classname="com.zixi.load.testing.BroadcasterMultipePullCreationTest"/>
  <testcase name="broadcasterMultiplePullInCreation" time="2.873" classname="com.zixi.load.testing.BroadcasterMultipePullCreationTest"/>
  <testcase name="broadcasterMultiplePullInCreation" time="3.100" classname="com.zixi.load.testing.BroadcasterMultipePullCreationTest"/>
  <testcase name="broadcasterMultiplePullInCreation" time="4.713" classname="com.zixi.load.testing.BroadcasterMultipePullCreationTest"/>
  <testcase name="broadcasterMultiplePullInCreation" time="2.647" classname="com.zixi.load.testing.BroadcasterMultipePullCreationTest"/>
  <testcase name="broadcasterMultiplePullInCreation" time="3.010" classname="com.zixi.load.testing.BroadcasterMultipePullCreationTest"/>
  <testcase name="broadcasterMultiplePullInCreation" time="2.286" classname="com.zixi.load.testing.BroadcasterMultipePullCreationTest"/>
  <testcase name="broadcasterMultiplePullInCreation" time="2.638" classname="com.zixi.load.testing.BroadcasterMultipePullCreationTest"/>
  <testcase name="broadcasterMultiplePullInCreation" time="2.563" classname="com.zixi.load.testing.BroadcasterMultipePullCreationTest"/>
  <testcase name="broadcasterMultiplePullInCreation" time="4.809" classname="com.zixi.load.testing.BroadcasterMultipePullCreationTest"/>
  <testcase name="broadcasterMultiplePullInCreation" time="3.139" classname="com.zixi.load.testing.BroadcasterMultipePullCreationTest"/>
  <testcase name="broadcasterMultiplePullInCreation" time="3.425" classname="com.zixi.load.testing.BroadcasterMultipePullCreationTest"/>
  <testcase name="broadcasterMultiplePullInCreation" time="2.364" classname="com.zixi.load.testing.BroadcasterMultipePullCreationTest"/>
  <testcase name="broadcasterMultiplePullInCreation" time="3.257" classname="com.zixi.load.testing.BroadcasterMultipePullCreationTest"/>
  <testcase name="broadcasterMultiplePullInCreation" time="5.946" classname="com.zixi.load.testing.BroadcasterMultipePullCreationTest"/>
  <testcase name="broadcasterMultiplePullInCreation" time="4.928" classname="com.zixi.load.testing.BroadcasterMultipePullCreationTest"/>
  <testcase name="broadcasterMultiplePullInCreation" time="5.460" classname="com.zixi.load.testing.BroadcasterMultipePullCreationTest"/>
  <testcase name="broadcasterMultiplePullInCreation" time="2.444" classname="com.zixi.load.testing.BroadcasterMultipePullCreationTest"/>
  <testcase name="broadcasterMultiplePullInCreation" time="2.297" classname="com.zixi.load.testing.BroadcasterMultipePullCreationTest"/>
  <testcase name="broadcasterMultiplePullInCreation" time="4.892" classname="com.zixi.load.testing.BroadcasterMultipePullCreationTest"/>
  <testcase name="broadcasterMultiplePullInCreation" time="2.535" classname="com.zixi.load.testing.BroadcasterMultipePullCreationTest"/>
  <testcase name="broadcasterMultiplePullInCreation" time="2.347" classname="com.zixi.load.testing.BroadcasterMultipePullCreationTest"/>
  <testcase name="broadcasterMultiplePullInCreation" time="5.419" classname="com.zixi.load.testing.BroadcasterMultipePullCreationTest"/>
  <testcase name="broadcasterMultiplePullInCreation" time="2.772" classname="com.zixi.load.testing.BroadcasterMultipePullCreationTest"/>
  <testcase name="broadcasterMultiplePullInCreation" time="4.024" classname="com.zixi.load.testing.BroadcasterMultipePullCreationTest"/>
  <testcase name="broadcasterMultiplePullInCreation" time="2.294" classname="com.zixi.load.testing.BroadcasterMultipePullCreationTest"/>
  <testcase name="broadcasterMultiplePullInCreation" time="2.443" classname="com.zixi.load.testing.BroadcasterMultipePullCreationTest"/>
  <testcase name="broadcasterMultiplePullInCreation" time="2.282" classname="com.zixi.load.testing.BroadcasterMultipePullCreationTest"/>
  <testcase name="broadcasterMultiplePullInCreation" time="2.724" classname="com.zixi.load.testing.BroadcasterMultipePullCreationTest"/>
  <testcase name="broadcasterMultiplePullInCreation" time="4.976" classname="com.zixi.load.testing.BroadcasterMultipePullCreationTest"/>
  <testcase name="broadcasterMultiplePullInCreation" time="4.440" classname="com.zixi.load.testing.BroadcasterMultipePullCreationTest"/>
  <testcase name="broadcasterMultiplePullInCreation" time="2.691" classname="com.zixi.load.testing.BroadcasterMultipePullCreationTest"/>
  <testcase name="broadcasterMultiplePullInCreation" time="2.414" classname="com.zixi.load.testing.BroadcasterMultipePullCreationTest"/>
  <testcase name="broadcasterMultiplePullInCreation" time="4.998" classname="com.zixi.load.testing.BroadcasterMultipePullCreationTest"/>
  <testcase name="broadcasterMultiplePullInCreation" time="4.121" classname="com.zixi.load.testing.BroadcasterMultipePullCreationTest"/>
  <testcase name="broadcasterMultiplePullInCreation" time="7.991" classname="com.zixi.load.testing.BroadcasterMultipePullCreationTest"/>
  <testcase name="broadcasterMultiplePullInCreation" time="4.855" classname="com.zixi.load.testing.BroadcasterMultipePullCreationTest"/>
  <testcase name="broadcasterMultiplePullInCreation" time="5.260" classname="com.zixi.load.testing.BroadcasterMultipePullCreationTest"/>
  <testcase name="broadcasterMultiplePullInCreation" time="3.025" classname="com.zixi.load.testing.BroadcasterMultipePullCreationTest"/>
  <testcase name="broadcasterMultiplePullInCreation" time="5.527" classname="com.zixi.load.testing.BroadcasterMultipePullCreationTest"/>
  <testcase name="broadcasterMultiplePullInCreation" time="2.483" classname="com.zixi.load.testing.BroadcasterMultipePullCreationTest"/>
  <testcase name="broadcasterMultiplePullInCreation" time="3.508" classname="com.zixi.load.testing.BroadcasterMultipePullCreationTest"/>
  <testcase name="broadcasterMultiplePullInCreation" time="2.412" classname="com.zixi.load.testing.BroadcasterMultipePullCreationTest"/>
  <testcase name="broadcasterMultiplePullInCreation" time="3.482" classname="com.zixi.load.testing.BroadcasterMultipePullCreationTest"/>
  <testcase name="broadcasterMultiplePullInCreation" time="2.283" classname="com.zixi.load.testing.BroadcasterMultipePullCreationTest"/>
  <testcase name="broadcasterMultiplePullInCreation" time="2.938" classname="com.zixi.load.testing.BroadcasterMultipePullCreationTest"/>
  <testcase name="broadcasterMultiplePullInCreation" time="3.405" classname="com.zixi.load.testing.BroadcasterMultipePullCreationTest"/>
  <testcase name="broadcasterMultiplePullInCreation" time="2.852" classname="com.zixi.load.testing.BroadcasterMultipePullCreationTest"/>
  <testcase name="broadcasterMultiplePullInCreation" time="5.031" classname="com.zixi.load.testing.BroadcasterMultipePullCreationTest"/>
  <testcase name="broadcasterMultiplePullInCreation" time="3.373" classname="com.zixi.load.testing.BroadcasterMultipePullCreationTest"/>
  <testcase name="broadcasterMultiplePullInCreation" time="2.739" classname="com.zixi.load.testing.BroadcasterMultipePullCreationTest"/>
  <testcase name="broadcasterMultiplePullInCreation" time="4.410" classname="com.zixi.load.testing.BroadcasterMultipePullCreationTest"/>
  <testcase name="broadcasterMultiplePullInCreation" time="2.815" classname="com.zixi.load.testing.BroadcasterMultipePullCreationTest"/>
  <testcase name="broadcasterMultiplePullInCreation" time="5.429" classname="com.zixi.load.testing.BroadcasterMultipePullCreationTest"/>
  <testcase name="broadcasterMultiplePullInCreation" time="3.000" classname="com.zixi.load.testing.BroadcasterMultipePullCreationTest"/>
  <testcase name="broadcasterMultiplePullInCreation" time="2.438" classname="com.zixi.load.testing.BroadcasterMultipePullCreationTest"/>
  <testcase name="broadcasterMultiplePullInCreation" time="2.237" classname="com.zixi.load.testing.BroadcasterMultipePullCreationTest"/>
  <testcase name="broadcasterMultiplePullInCreation" time="2.684" classname="com.zixi.load.testing.BroadcasterMultipePullCreationTest"/>
  <testcase name="broadcasterMultiplePullInCreation" time="2.097" classname="com.zixi.load.testing.BroadcasterMultipePullCreationTest"/>
  <testcase name="broadcasterMultiplePullInCreation" time="2.387" classname="com.zixi.load.testing.BroadcasterMultipePullCreationTest"/>
  <testcase name="broadcasterMultiplePullInCreation" time="2.455" classname="com.zixi.load.testing.BroadcasterMultipePullCreationTest"/>
  <testcase name="broadcasterMultiplePullInCreation" time="4.453" classname="com.zixi.load.testing.BroadcasterMultipePullCreationTest"/>
  <testcase name="broadcasterMultiplePullInCreation" time="2.158" classname="com.zixi.load.testing.BroadcasterMultipePullCreationTest"/>
  <testcase name="broadcasterMultiplePullInCreation" time="4.535" classname="com.zixi.load.testing.BroadcasterMultipePullCreationTest"/>
  <testcase name="broadcasterMultiplePullInCreation" time="2.587" classname="com.zixi.load.testing.BroadcasterMultipePullCreationTest"/>
  <testcase name="broadcasterMultiplePullInCreation" time="2.449" classname="com.zixi.load.testing.BroadcasterMultipePullCreationTest"/>
  <testcase name="broadcasterMultiplePullInCreation" time="2.316" classname="com.zixi.load.testing.BroadcasterMultipePullCreationTest"/>
  <testcase name="broadcasterMultiplePullInCreation" time="3.462" classname="com.zixi.load.testing.BroadcasterMultipePullCreationTest"/>
  <testcase name="broadcasterMultiplePullInCreation" time="4.224" classname="com.zixi.load.testing.BroadcasterMultipePullCreationTest"/>
  <testcase name="broadcasterMultiplePullInCreation" time="5.653" classname="com.zixi.load.testing.BroadcasterMultipePullCreationTest"/>
  <testcase name="broadcasterMultiplePullInCreation" time="3.245" classname="com.zixi.load.testing.BroadcasterMultipePullCreationTest"/>
  <testcase name="broadcasterMultiplePullInCreation" time="2.497" classname="com.zixi.load.testing.BroadcasterMultipePullCreationTest"/>
  <testcase name="broadcasterMultiplePullInCreation" time="3.518" classname="com.zixi.load.testing.BroadcasterMultipePullCreationTest"/>
  <testcase name="broadcasterMultiplePullInCreation" time="2.423" classname="com.zixi.load.testing.BroadcasterMultipePullCreationTest"/>
  <testcase name="broadcasterMultiplePullInCreation" time="4.976" classname="com.zixi.load.testing.BroadcasterMultipePullCreationTest"/>
  <testcase name="broadcasterMultiplePullInCreation" time="2.601" classname="com.zixi.load.testing.BroadcasterMultipePullCreationTest"/>
  <testcase name="broadcasterMultiplePullInCreation" time="4.274" classname="com.zixi.load.testing.BroadcasterMultipePullCreationTest"/>
</testsuite> <!-- com.zixi.load.testing.BroadcasterMultipePullCreationTest -->
