<?xml version="1.0" encoding="UTF-8"?>
<!-- Generated by org.testng.reporters.JUnitReportReporter -->
<testsuite hostname="yuri-PC" name="com.zixi.testing.ReceiverUdpOutCreationTest" tests="6" failures="0" timestamp="7 Nov 2016 12:53:43 GMT" time="0.481" errors="0">
  <testcase name="receiverOutputUdpTest" time="0.076" classname="com.zixi.testing.ReceiverUdpOutCreationTest"/>
  <testcase name="receiverOutputUdpTest" time="0.085" classname="com.zixi.testing.ReceiverUdpOutCreationTest"/>
  <testcase name="receiverOutputUdpTest" time="0.071" classname="com.zixi.testing.ReceiverUdpOutCreationTest"/>
  <testcase name="receiverOutputUdpTest" time="0.070" classname="com.zixi.testing.ReceiverUdpOutCreationTest"/>
  <testcase name="receiverOutputUdpTest" time="0.084" classname="com.zixi.testing.ReceiverUdpOutCreationTest"/>
  <testcase name="receiverOutputUdpTest" time="0.095" classname="com.zixi.testing.ReceiverUdpOutCreationTest"/>
</testsuite> <!-- com.zixi.testing.ReceiverUdpOutCreationTest -->
