<?xml version="1.0" encoding="UTF-8"?>
<!-- Generated by org.testng.reporters.JUnitReportReporter -->
<testsuite hostname="yuri-PC" name="com.zixi.testing.FeederOutputDeletioinTest" tests="8" failures="0" timestamp="14 Apr 2016 12:58:24 GMT" time="0.635" errors="0">
  <testcase name="broadcasterSingleStreamRemoving" time="0.069" classname="com.zixi.testing.FeederOutputDeletioinTest"/>
  <testcase name="broadcasterSingleStreamRemoving" time="0.081" classname="com.zixi.testing.FeederOutputDeletioinTest"/>
  <testcase name="broadcasterSingleStreamRemoving" time="0.081" classname="com.zixi.testing.FeederOutputDeletioinTest"/>
  <testcase name="broadcasterSingleStreamRemoving" time="0.077" classname="com.zixi.testing.FeederOutputDeletioinTest"/>
  <testcase name="broadcasterSingleStreamRemoving" time="0.068" classname="com.zixi.testing.FeederOutputDeletioinTest"/>
  <testcase name="broadcasterSingleStreamRemoving" time="0.084" classname="com.zixi.testing.FeederOutputDeletioinTest"/>
  <testcase name="broadcasterSingleStreamRemoving" time="0.078" classname="com.zixi.testing.FeederOutputDeletioinTest"/>
  <testcase name="broadcasterSingleStreamRemoving" time="0.097" classname="com.zixi.testing.FeederOutputDeletioinTest"/>
</testsuite> <!-- com.zixi.testing.FeederOutputDeletioinTest -->
