<?xml version="1.0" encoding="UTF-8"?>
<!-- Generated by org.testng.reporters.JUnitReportReporter -->
<<<<<<< HEAD
<testsuite hostname="yuri-PC" name="com.zixi.testing.BroadcasterSinglePullInStreamCreationTest" tests="4" failures="0" timestamp="15 May 2016 08:53:53 GMT" time="0.427" errors="0">
  <testcase name="broadcasterPullInCreation" time="0.068" classname="com.zixi.testing.BroadcasterSinglePullInStreamCreationTest"/>
  <testcase name="broadcasterPullInCreation" time="0.216" classname="com.zixi.testing.BroadcasterSinglePullInStreamCreationTest"/>
  <testcase name="broadcasterPullInCreation" time="0.071" classname="com.zixi.testing.BroadcasterSinglePullInStreamCreationTest"/>
  <testcase name="broadcasterPullInCreation" time="0.072" classname="com.zixi.testing.BroadcasterSinglePullInStreamCreationTest"/>
=======
<testsuite hostname="yuri-PC" name="com.zixi.testing.BroadcasterSinglePullInStreamCreationTest" tests="4" failures="0" timestamp="19 May 2016 18:22:20 GMT" time="0.421" errors="0">
  <testcase name="broadcasterPullInCreation" time="0.069" classname="com.zixi.testing.BroadcasterSinglePullInStreamCreationTest"/>
  <testcase name="broadcasterPullInCreation" time="0.074" classname="com.zixi.testing.BroadcasterSinglePullInStreamCreationTest"/>
  <testcase name="broadcasterPullInCreation" time="0.205" classname="com.zixi.testing.BroadcasterSinglePullInStreamCreationTest"/>
  <testcase name="broadcasterPullInCreation" time="0.073" classname="com.zixi.testing.BroadcasterSinglePullInStreamCreationTest"/>
>>>>>>> centos7_new_setup
</testsuite> <!-- com.zixi.testing.BroadcasterSinglePullInStreamCreationTest -->
