<?xml version="1.0" encoding="UTF-8"?>
<!-- Generated by org.testng.reporters.JUnitReportReporter -->
<testsuite hostname="yuri-PC" name="com.zixi.testing.FeederReverseTunnelTest" tests="1" failures="0" timestamp="9 Aug 2016 10:41:08 GMT" time="10.708" errors="0">
  <testcase name="uploadPrivateKeyToFeeder" time="10.708" classname="com.zixi.testing.FeederReverseTunnelTest"/>
</testsuite> <!-- com.zixi.testing.FeederReverseTunnelTest -->
