<?xml version="1.0" encoding="UTF-8"?>
<!-- Generated by org.testng.reporters.JUnitReportReporter -->
<testsuite hostname="yuri-PC" name="com.zixi.testing.FFMPEGImageStatisticNegativeTest" tests="2" failures="0" timestamp="5 Jan 2017 19:35:08 GMT" time="801.136" errors="0">
  <testcase name="broadcasterSingleInputStreamStatisticAnilyzer" time="400.573" classname="com.zixi.testing.FFMPEGImageStatisticNegativeTest"/>
  <testcase name="broadcasterSingleInputStreamStatisticAnilyzer" time="400.563" classname="com.zixi.testing.FFMPEGImageStatisticNegativeTest"/>
</testsuite> <!-- com.zixi.testing.FFMPEGImageStatisticNegativeTest -->
