<?xml version="1.0" encoding="UTF-8"?>
<!-- Generated by org.testng.reporters.JUnitReportReporter -->
<testsuite hostname="yuri-PC" name="com.zixi.testing.FeederSettingsZenTest" tests="1" failures="0" timestamp="2 Aug 2018 13:32:29 GMT" time="1.416" errors="0">
  <testcase name="setFeederTunnelParameters" time="1.416" classname="com.zixi.testing.FeederSettingsZenTest"/>
</testsuite> <!-- com.zixi.testing.FeederSettingsZenTest -->
