<?xml version="1.0" encoding="UTF-8"?>
<!-- Generated by org.testng.reporters.JUnitReportReporter -->
<testsuite hostname="yuri-PC" name="com.zixi.tools.TestLinker" tests="1" failures="0" timestamp="13 Apr 2016 15:14:54 GMT" time="0.186" errors="0">
  <testcase name="setToBlockedStatusTestLinkedTests" time="0.186" classname="com.zixi.tools.TestLinker"/>
</testsuite> <!-- com.zixi.tools.TestLinker -->
