<?xml version="1.0" encoding="UTF-8"?>
<!-- Generated by org.testng.reporters.JUnitReportReporter -->
<testsuite hostname="yuri-PC" name="com.zixi.load.testing.FeederBroadcasterBondingMultipleThreeLinkTest" tests="1" failures="0" timestamp="31 Oct 2016 09:08:26 GMT" time="3.055" errors="0">
  <testcase name="broadcasterMultiplePullInCreation" time="3.055" classname="com.zixi.load.testing.FeederBroadcasterBondingMultipleThreeLinkTest"/>
</testsuite> <!-- com.zixi.load.testing.FeederBroadcasterBondingMultipleThreeLinkTest -->
