<?xml version="1.0" encoding="UTF-8"?>
<!-- Generated by org.testng.reporters.JUnitReportReporter -->
<testsuite hostname="yuri-PC" name="com.zixi.testing.FeederOutputPushToBxTest" tests="2" failures="0" timestamp="20 Jul 2018 18:27:06 GMT" time="20.797" errors="0">
  <testcase name="feederOutputToBxTest" time="9.735" classname="com.zixi.testing.FeederOutputPushToBxTest"/>
  <testcase name="feederOutputToBxTest" time="11.062" classname="com.zixi.testing.FeederOutputPushToBxTest"/>
</testsuite> <!-- com.zixi.testing.FeederOutputPushToBxTest -->
