<?xml version="1.0" encoding="UTF-8"?>
<!-- Generated by org.testng.reporters.JUnitReportReporter -->
<testsuite hostname="yuri-PC" name="com.zixi.load.testing.BroadcasterRundomInputStreamTest" tests="1" failures="0" timestamp="29 Dec 2016 14:18:50 GMT" time="1091.751" errors="0">
  <testcase name="broadcasterSwitchUdpOut" time="1091.751" classname="com.zixi.load.testing.BroadcasterRundomInputStreamTest"/>
</testsuite> <!-- com.zixi.load.testing.BroadcasterRundomInputStreamTest -->
