<?xml version="1.0" encoding="UTF-8"?>
<!-- Generated by org.testng.reporters.JUnitReportReporter -->
<testsuite hostname="yuri-PC" name="com.zixi.testing.BroadcasterRtmpPushInputCreationStreamTest" tests="5" failures="0" timestamp="1 Jan 2017 12:18:20 GMT" time="2.972" errors="0">
  <testcase name="broadcasterRtmpPushTest" time="0.665" classname="com.zixi.testing.BroadcasterRtmpPushInputCreationStreamTest"/>
  <testcase name="broadcasterRtmpPushTest" time="0.534" classname="com.zixi.testing.BroadcasterRtmpPushInputCreationStreamTest"/>
  <testcase name="broadcasterRtmpPushTest" time="0.554" classname="com.zixi.testing.BroadcasterRtmpPushInputCreationStreamTest"/>
  <testcase name="broadcasterRtmpPushTest" time="0.603" classname="com.zixi.testing.BroadcasterRtmpPushInputCreationStreamTest"/>
  <testcase name="broadcasterRtmpPushTest" time="0.616" classname="com.zixi.testing.BroadcasterRtmpPushInputCreationStreamTest"/>
</testsuite> <!-- com.zixi.testing.BroadcasterRtmpPushInputCreationStreamTest -->
