<?xml version="1.0" encoding="UTF-8"?>
<!-- Generated by org.testng.reporters.JUnitReportReporter -->
<testsuite hostname="yuri-PC" name="com.zixi.testing.BroadcasterTranscoderDeletProfileTest" tests="3" failures="0" timestamp="16 Feb 2016 13:03:01 GMT" time="0.194" errors="0">
  <testcase name="broadcasterDeleteProfile" time="0.065" classname="com.zixi.testing.BroadcasterTranscoderDeletProfileTest"/>
  <testcase name="broadcasterDeleteProfile" time="0.064" classname="com.zixi.testing.BroadcasterTranscoderDeletProfileTest"/>
  <testcase name="broadcasterDeleteProfile" time="0.065" classname="com.zixi.testing.BroadcasterTranscoderDeletProfileTest"/>
</testsuite> <!-- com.zixi.testing.BroadcasterTranscoderDeletProfileTest -->
