<?xml version="1.0" encoding="UTF-8"?>
<!-- Generated by org.testng.reporters.JUnitReportReporter -->
<testsuite hostname="yuri-PC" name="com.zixi.testing.FeederUdpOutputDeletioinTest" tests="2" failures="0" timestamp="21 Dec 2016 12:05:32 GMT" time="0.213" errors="0">
  <testcase name="broadcasterSingleStreamRemoving" time="0.110" classname="com.zixi.testing.FeederUdpOutputDeletioinTest"/>
  <testcase name="broadcasterSingleStreamRemoving" time="0.103" classname="com.zixi.testing.FeederUdpOutputDeletioinTest"/>
</testsuite> <!-- com.zixi.testing.FeederUdpOutputDeletioinTest -->
