<?xml version="1.0" encoding="UTF-8"?>
<!-- Generated by org.testng.reporters.JUnitReportReporter -->
<testsuite hostname="yuri-PC" name="com.zixi.load.testing.BroadcasterMultipleRtmpPushTest" tests="1" failures="0" timestamp="29 Dec 2016 14:18:50 GMT" time="3.676" errors="0">
  <testcase name="broadcasterRtmpPushLoadTest" time="3.676" classname="com.zixi.load.testing.BroadcasterMultipleRtmpPushTest"/>
</testsuite> <!-- com.zixi.load.testing.BroadcasterMultipleRtmpPushTest -->
