<?xml version="1.0" encoding="UTF-8"?>
<!-- Generated by org.testng.reporters.JUnitReportReporter -->
<testsuite hostname="yuri-PC" name="com.zixi.testing.BroadcasterConfigMulticastPoolTest" tests="2" failures="0" timestamp="4 Jul 2018 13:32:05 GMT" time="60.653" errors="0">
  <testcase name="broadcasterConfigureMulticastSetup" time="30.187" classname="com.zixi.testing.BroadcasterConfigMulticastPoolTest"/>
  <testcase name="broadcasterConfigureMulticastSetup" time="30.466" classname="com.zixi.testing.BroadcasterConfigMulticastPoolTest"/>
</testsuite> <!-- com.zixi.testing.BroadcasterConfigMulticastPoolTest -->
