<?xml version="1.0" encoding="UTF-8"?>
<!-- Generated by org.testng.reporters.JUnitReportReporter -->
<testsuite hostname="yuri-PC" name="com.zixi.testing.FFMPEGImageStatisticNegativeTest" tests="2" failures="0" timestamp="7 Apr 2016 14:23:36 GMT" time="402.548" errors="0">
  <testcase name="broadcasterSingleInputStreamStatisticAnilyzer" time="201.266" classname="com.zixi.testing.FFMPEGImageStatisticNegativeTest"/>
  <testcase name="broadcasterSingleInputStreamStatisticAnilyzer" time="201.282" classname="com.zixi.testing.FFMPEGImageStatisticNegativeTest"/>
</testsuite> <!-- com.zixi.testing.FFMPEGImageStatisticNegativeTest -->
