<?xml version="1.0" encoding="UTF-8"?>
<!-- Generated by org.testng.reporters.JUnitReportReporter -->
<testsuite hostname="yuri-PC" name="com.zixi.testing.FeederOutputPushToBxTest" tests="8" failures="0" timestamp="25 Nov 2015 22:48:55 GMT" time="0.490" errors="0">
  <testcase name="feederOutputToBxTest" time="0.045" classname="com.zixi.testing.FeederOutputPushToBxTest"/>
  <testcase name="feederOutputToBxTest" time="0.046" classname="com.zixi.testing.FeederOutputPushToBxTest"/>
  <testcase name="feederOutputToBxTest" time="0.039" classname="com.zixi.testing.FeederOutputPushToBxTest"/>
  <testcase name="feederOutputToBxTest" time="0.037" classname="com.zixi.testing.FeederOutputPushToBxTest"/>
  <testcase name="feederOutputToBxTest" time="0.041" classname="com.zixi.testing.FeederOutputPushToBxTest"/>
  <testcase name="feederOutputToBxTest" time="0.202" classname="com.zixi.testing.FeederOutputPushToBxTest"/>
  <testcase name="feederOutputToBxTest" time="0.043" classname="com.zixi.testing.FeederOutputPushToBxTest"/>
  <testcase name="feederOutputToBxTest" time="0.037" classname="com.zixi.testing.FeederOutputPushToBxTest"/>
</testsuite> <!-- com.zixi.testing.FeederOutputPushToBxTest -->
