<?xml version="1.0" encoding="UTF-8"?>
<!-- Generated by org.testng.reporters.JUnitReportReporter -->
<testsuite hostname="yuri-PC" name="com.zixi.testing.BroadcasterAddIntelTranscoderProfileTest" tests="3" failures="0" timestamp="4 Apr 2016 12:11:40 GMT" time="0.273" errors="0">
  <testcase name="broadcasterSingleInputStreamstatisticAnilyzer" time="0.075" classname="com.zixi.testing.BroadcasterAddIntelTranscoderProfileTest"/>
  <testcase name="broadcasterSingleInputStreamstatisticAnilyzer" time="0.082" classname="com.zixi.testing.BroadcasterAddIntelTranscoderProfileTest"/>
  <testcase name="broadcasterSingleInputStreamstatisticAnilyzer" time="0.116" classname="com.zixi.testing.BroadcasterAddIntelTranscoderProfileTest"/>
</testsuite> <!-- com.zixi.testing.BroadcasterAddIntelTranscoderProfileTest -->
