<?xml version="1.0" encoding="UTF-8"?>
<!-- Generated by org.testng.reporters.JUnitReportReporter -->
<<<<<<< HEAD
<testsuite hostname="yuri-PC" name="com.zixi.testing.VisualQualityTest" tests="4" failures="0" timestamp="15 May 2016 08:53:53 GMT" time="396432.906" errors="0">
  <testcase name="broadcasterRtmpPullTest" time="391239.844" classname="com.zixi.testing.VisualQualityTest"/>
  <testcase name="broadcasterRtmpPullTest" time="1277.517" classname="com.zixi.testing.VisualQualityTest"/>
  <testcase name="broadcasterRtmpPullTest" time="2711.376" classname="com.zixi.testing.VisualQualityTest"/>
  <testcase name="broadcasterRtmpPullTest" time="1204.149" classname="com.zixi.testing.VisualQualityTest"/>
=======
<testsuite hostname="yuri-PC" name="com.zixi.testing.VisualQualityTest" tests="4" failures="0" timestamp="19 May 2016 18:22:20 GMT" time="1231.930" errors="0">
  <testcase name="broadcasterRtmpPullTest" time="822.671" classname="com.zixi.testing.VisualQualityTest"/>
  <testcase name="broadcasterRtmpPullTest" time="155.987" classname="com.zixi.testing.VisualQualityTest"/>
  <testcase name="broadcasterRtmpPullTest" time="186.953" classname="com.zixi.testing.VisualQualityTest"/>
  <testcase name="broadcasterRtmpPullTest" time="66.319" classname="com.zixi.testing.VisualQualityTest"/>
>>>>>>> centos7_new_setup
</testsuite> <!-- com.zixi.testing.VisualQualityTest -->
