<?xml version="1.0" encoding="UTF-8"?>
<!-- Generated by org.testng.reporters.JUnitReportReporter -->
<testsuite hostname="yuri-PC" name="com.zixi.zen.test.ZenFeederInputStreamTest" tests="1" failures="0" timestamp="21 Jun 2018 13:51:44 GMT" time="30.823" errors="0">
  <testcase name="checkZenFeederInputStreams" time="30.823" classname="com.zixi.zen.test.ZenFeederInputStreamTest"/>
</testsuite> <!-- com.zixi.zen.test.ZenFeederInputStreamTest -->
