<?xml version="1.0" encoding="UTF-8"?>
<!-- Generated by org.testng.reporters.JUnitReportReporter -->
<testsuite hostname="yuri-PC" name="com.zixi.testing.BroadcasterIntelTrannscodeStreamTest" tests="4" failures="0" timestamp="10 Mar 2016 14:10:54 GMT" time="0.421" errors="0">
  <testcase name="broadcasterSingleInputStreamstatisticAnilyzer" time="0.137" classname="com.zixi.testing.BroadcasterIntelTrannscodeStreamTest"/>
  <testcase name="broadcasterSingleInputStreamstatisticAnilyzer" time="0.089" classname="com.zixi.testing.BroadcasterIntelTrannscodeStreamTest"/>
  <testcase name="broadcasterSingleInputStreamstatisticAnilyzer" time="0.082" classname="com.zixi.testing.BroadcasterIntelTrannscodeStreamTest"/>
  <testcase name="broadcasterSingleInputStreamstatisticAnilyzer" time="0.113" classname="com.zixi.testing.BroadcasterIntelTrannscodeStreamTest"/>
</testsuite> <!-- com.zixi.testing.BroadcasterIntelTrannscodeStreamTest -->
