<?xml version="1.0" encoding="UTF-8"?>
<!-- Generated by org.testng.reporters.JUnitReportReporter -->
<testsuite hostname="yuri-PC" name="com.zixi.testing.BroadcasterTrannscodeStreamTest" tests="5" failures="0" timestamp="8 Dec 2015 09:59:26 GMT" time="0.425" errors="0">
  <testcase name="broadcasterSingleInputStreamstatisticAnilyzer" time="0.086" classname="com.zixi.testing.BroadcasterTrannscodeStreamTest"/>
  <testcase name="broadcasterSingleInputStreamstatisticAnilyzer" time="0.084" classname="com.zixi.testing.BroadcasterTrannscodeStreamTest"/>
  <testcase name="broadcasterSingleInputStreamstatisticAnilyzer" time="0.083" classname="com.zixi.testing.BroadcasterTrannscodeStreamTest"/>
  <testcase name="broadcasterSingleInputStreamstatisticAnilyzer" time="0.087" classname="com.zixi.testing.BroadcasterTrannscodeStreamTest"/>
  <testcase name="broadcasterSingleInputStreamstatisticAnilyzer" time="0.085" classname="com.zixi.testing.BroadcasterTrannscodeStreamTest"/>
</testsuite> <!-- com.zixi.testing.BroadcasterTrannscodeStreamTest -->
