<?xml version="1.0" encoding="UTF-8"?>
<!-- Generated by org.testng.reporters.JUnitReportReporter -->
<testsuite hostname="yuri-PC" name="com.zixi.testing.BroadcasterUdpInStreamCreationTest" tests="1" failures="0" timestamp="31 Aug 2016 16:06:30 GMT" time="0.969" errors="0">
  <testcase name="broadcasterUdpInCreation" time="0.969" classname="com.zixi.testing.BroadcasterUdpInStreamCreationTest"/>
</testsuite> <!-- com.zixi.testing.BroadcasterUdpInStreamCreationTest -->
