<?xml version="1.0" encoding="UTF-8"?>
<!-- Generated by org.testng.reporters.JUnitReportReporter -->
<testsuite hostname="yuri-PC" name="com.zixi.tools.TestLinker" tests="1" failures="0" timestamp="9 Aug 2016 16:40:41 GMT" time="10.107" errors="0">
  <testcase name="setToBlockedStatusTestLinkedTests" time="10.107" classname="com.zixi.tools.TestLinker"/>
</testsuite> <!-- com.zixi.tools.TestLinker -->
