<?xml version="1.0" encoding="UTF-8"?>
<!-- Generated by org.testng.reporters.JUnitReportReporter -->
<testsuite hostname="yuri-PC" name="com.zixi.testing.FileTransferTest" tests="2" failures="0" timestamp="14 Sep 2016 09:23:12 GMT" time="590.916" errors="0">
  <testcase name="fileTransfer" time="582.532" classname="com.zixi.testing.FileTransferTest"/>
  <testcase name="fileTransfer" time="8.384" classname="com.zixi.testing.FileTransferTest"/>
</testsuite> <!-- com.zixi.testing.FileTransferTest -->
