<?xml version="1.0" encoding="UTF-8"?>
<!-- Generated by org.testng.reporters.JUnitReportReporter -->
<testsuite hostname="yuri-PC" name="com.zixi.testing.ReceiverOutputStreamDeletionTest" tests="2" failures="0" timestamp="20 Dec 2016 09:24:58 GMT" time="0.150" errors="0">
  <testcase name="receiverDeleteOutputStreamTest" time="0.072" classname="com.zixi.testing.ReceiverOutputStreamDeletionTest"/>
  <testcase name="receiverDeleteOutputStreamTest" time="0.078" classname="com.zixi.testing.ReceiverOutputStreamDeletionTest"/>
</testsuite> <!-- com.zixi.testing.ReceiverOutputStreamDeletionTest -->
