<?xml version="1.0" encoding="UTF-8"?>
<!-- Generated by org.testng.reporters.JUnitReportReporter -->
<testsuite hostname="yuri-PC" name="com.zixi.testing.BxFileTransferAndVodSettingsTest" tests="16" failures="0" timestamp="28 Jul 2016 22:46:20 GMT" time="13.547" errors="0">
  <testcase name="broadcasterSetBxFileTransferVodSettings" time="0.889" classname="com.zixi.testing.BxFileTransferAndVodSettingsTest"/>
  <testcase name="broadcasterSetBxFileTransferVodSettings" time="0.780" classname="com.zixi.testing.BxFileTransferAndVodSettingsTest"/>
  <testcase name="broadcasterSetBxFileTransferVodSettings" time="0.788" classname="com.zixi.testing.BxFileTransferAndVodSettingsTest"/>
  <testcase name="broadcasterSetBxFileTransferVodSettings" time="0.647" classname="com.zixi.testing.BxFileTransferAndVodSettingsTest"/>
  <testcase name="broadcasterSetBxFileTransferVodSettings" time="0.768" classname="com.zixi.testing.BxFileTransferAndVodSettingsTest"/>
  <testcase name="broadcasterSetBxFileTransferVodSettings" time="1.127" classname="com.zixi.testing.BxFileTransferAndVodSettingsTest"/>
  <testcase name="broadcasterSetBxFileTransferVodSettings" time="0.853" classname="com.zixi.testing.BxFileTransferAndVodSettingsTest"/>
  <testcase name="broadcasterSetBxFileTransferVodSettings" time="0.799" classname="com.zixi.testing.BxFileTransferAndVodSettingsTest"/>
  <testcase name="broadcasterSetBxFileTransferVodSettings" time="0.651" classname="com.zixi.testing.BxFileTransferAndVodSettingsTest"/>
  <testcase name="broadcasterSetBxFileTransferVodSettings" time="0.934" classname="com.zixi.testing.BxFileTransferAndVodSettingsTest"/>
  <testcase name="broadcasterSetBxFileTransferVodSettings" time="1.048" classname="com.zixi.testing.BxFileTransferAndVodSettingsTest"/>
  <testcase name="broadcasterSetBxFileTransferVodSettings" time="0.797" classname="com.zixi.testing.BxFileTransferAndVodSettingsTest"/>
  <testcase name="broadcasterSetBxFileTransferVodSettings" time="0.833" classname="com.zixi.testing.BxFileTransferAndVodSettingsTest"/>
  <testcase name="broadcasterSetBxFileTransferVodSettings" time="0.868" classname="com.zixi.testing.BxFileTransferAndVodSettingsTest"/>
  <testcase name="broadcasterSetBxFileTransferVodSettings" time="0.856" classname="com.zixi.testing.BxFileTransferAndVodSettingsTest"/>
  <testcase name="broadcasterSetBxFileTransferVodSettings" time="0.909" classname="com.zixi.testing.BxFileTransferAndVodSettingsTest"/>
</testsuite> <!-- com.zixi.testing.BxFileTransferAndVodSettingsTest -->
