<?xml version="1.0" encoding="UTF-8"?>
<!-- Generated by org.testng.reporters.JUnitReportReporter -->
<testsuite hostname="yuri-PC" name="com.zixi.testing.BxFileTransferAndVodSettingsTest" tests="1" failures="0" timestamp="8 Aug 2016 18:04:32 GMT" time="1.925" errors="0">
  <testcase name="broadcasterSetBxFileTransferVodSettings" time="1.925" classname="com.zixi.testing.BxFileTransferAndVodSettingsTest"/>
</testsuite> <!-- com.zixi.testing.BxFileTransferAndVodSettingsTest -->
