<?xml version="1.0" encoding="UTF-8"?>
<!-- Generated by org.testng.reporters.JUnitReportReporter -->
<testsuite hostname="yuri-PC" name="com.zixi.testing.FFMPEGImageStatisticModeTest" tests="1" failures="0" timestamp="30 Apr 2018 03:16:21 GMT" time="34.610" errors="0">
  <testcase name="broadcasterSingleInputStreamStatisticAnilyzer" time="34.610" classname="com.zixi.testing.FFMPEGImageStatisticModeTest"/>
</testsuite> <!-- com.zixi.testing.FFMPEGImageStatisticModeTest -->
