<?xml version="1.0" encoding="UTF-8"?>
<!-- Generated by org.testng.reporters.JUnitReportReporter -->
<testsuite hostname="yuri-PC" name="com.zixi.testing.BroadcasterCreateAddaptiveGroupTest" tests="1" failures="0" timestamp="1 Aug 2018 13:38:11 GMT" time="71.037" errors="0">
  <testcase name="receiverOutputUdpTest" time="71.037" classname="com.zixi.testing.BroadcasterCreateAddaptiveGroupTest"/>
</testsuite> <!-- com.zixi.testing.BroadcasterCreateAddaptiveGroupTest -->
