<?xml version="1.0" encoding="UTF-8"?>
<!-- Generated by org.testng.reporters.JUnitReportReporter -->
<testsuite hostname="yuri-PC" name="com.zixi.testing.BroadcasterPushInStreamCreationTest" tests="2" failures="0" timestamp="23 Feb 2016 17:11:25 GMT" time="0.377" errors="0">
  <testcase name="broadcasterSingleStreamRemoving" time="0.179" classname="com.zixi.testing.BroadcasterPushInStreamCreationTest"/>
  <testcase name="broadcasterSingleStreamRemoving" time="0.198" classname="com.zixi.testing.BroadcasterPushInStreamCreationTest"/>
</testsuite> <!-- com.zixi.testing.BroadcasterPushInStreamCreationTest -->
