<?xml version="1.0" encoding="UTF-8"?>
<!-- Generated by org.testng.reporters.JUnitReportReporter -->
<testsuite hostname="yuri-PC" name="com.zixi.testing.BroadcasterPushOutStreamCreationTest" tests="6" failures="0" timestamp="6 Dec 2015 11:06:17 GMT" time="0.466" errors="0">
  <testcase name="broadcasterPullInCreation" time="0.075" classname="com.zixi.testing.BroadcasterPushOutStreamCreationTest"/>
  <testcase name="broadcasterPullInCreation" time="0.072" classname="com.zixi.testing.BroadcasterPushOutStreamCreationTest"/>
  <testcase name="broadcasterPullInCreation" time="0.079" classname="com.zixi.testing.BroadcasterPushOutStreamCreationTest"/>
  <testcase name="broadcasterPullInCreation" time="0.069" classname="com.zixi.testing.BroadcasterPushOutStreamCreationTest"/>
  <testcase name="broadcasterPullInCreation" time="0.069" classname="com.zixi.testing.BroadcasterPushOutStreamCreationTest"/>
  <testcase name="broadcasterPullInCreation" time="0.102" classname="com.zixi.testing.BroadcasterPushOutStreamCreationTest"/>
</testsuite> <!-- com.zixi.testing.BroadcasterPushOutStreamCreationTest -->
