<?xml version="1.0" encoding="UTF-8"?>
<!-- Generated by org.testng.reporters.JUnitReportReporter -->
<testsuite hostname="yuri-PC" name="com.zixi.testing.BroadcasterSingleInputStreamDeletionTest" tests="3" failures="0" timestamp="2 Mar 2016 12:48:41 GMT" time="0.214" errors="0">
  <testcase name="broadcasterInputStreamDeletion" time="0.074" classname="com.zixi.testing.BroadcasterSingleInputStreamDeletionTest"/>
  <testcase name="broadcasterInputStreamDeletion" time="0.067" classname="com.zixi.testing.BroadcasterSingleInputStreamDeletionTest"/>
  <testcase name="broadcasterInputStreamDeletion" time="0.073" classname="com.zixi.testing.BroadcasterSingleInputStreamDeletionTest"/>
</testsuite> <!-- com.zixi.testing.BroadcasterSingleInputStreamDeletionTest -->
