<?xml version="1.0" encoding="UTF-8"?>
<!-- Generated by org.testng.reporters.JUnitReportReporter -->
<testsuite hostname="yuri-PC" name="com.zixi.testing.FFMPEGImageStatisticWithMaxwellLogTest" tests="1" failures="0" timestamp="28 Jun 2018 15:29:51 GMT" time="240.890" errors="0">
  <testcase name="broadcasterSingleInputStreamStatisticAnilyzer" time="240.890" classname="com.zixi.testing.FFMPEGImageStatisticWithMaxwellLogTest"/>
</testsuite> <!-- com.zixi.testing.FFMPEGImageStatisticWithMaxwellLogTest -->
