<?xml version="1.0" encoding="UTF-8"?>
<!-- Generated by org.testng.reporters.JUnitReportReporter -->
<testsuite hostname="yuri-PC" name="com.zixi.testing.FFMPEGImageStatisticTest" tests="1" failures="0" timestamp="3 Jan 2017 20:58:33 GMT" time="104.723" errors="0">
  <testcase name="broadcasterSingleInputStreamStatisticAnilyzer" time="104.723" classname="com.zixi.testing.FFMPEGImageStatisticTest"/>
</testsuite> <!-- com.zixi.testing.FFMPEGImageStatisticTest -->
