<?xml version="1.0" encoding="UTF-8"?>
<!-- Generated by org.testng.reporters.JUnitReportReporter -->
<<<<<<< HEAD
<testsuite hostname="yuri-PC" name="com.zixi.testing.BroadcasterTranscoderDeletProfileTest" tests="4" failures="0" timestamp="15 May 2016 08:53:53 GMT" time="0.292" errors="0">
  <testcase name="broadcasterDeleteProfile" time="0.067" classname="com.zixi.testing.BroadcasterTranscoderDeletProfileTest"/>
  <testcase name="broadcasterDeleteProfile" time="0.068" classname="com.zixi.testing.BroadcasterTranscoderDeletProfileTest"/>
  <testcase name="broadcasterDeleteProfile" time="0.083" classname="com.zixi.testing.BroadcasterTranscoderDeletProfileTest"/>
=======
<testsuite hostname="yuri-PC" name="com.zixi.testing.BroadcasterTranscoderDeletProfileTest" tests="4" failures="0" timestamp="19 May 2016 18:22:20 GMT" time="0.308" errors="0">
  <testcase name="broadcasterDeleteProfile" time="0.074" classname="com.zixi.testing.BroadcasterTranscoderDeletProfileTest"/>
  <testcase name="broadcasterDeleteProfile" time="0.064" classname="com.zixi.testing.BroadcasterTranscoderDeletProfileTest"/>
  <testcase name="broadcasterDeleteProfile" time="0.096" classname="com.zixi.testing.BroadcasterTranscoderDeletProfileTest"/>
>>>>>>> centos7_new_setup
  <testcase name="broadcasterDeleteProfile" time="0.074" classname="com.zixi.testing.BroadcasterTranscoderDeletProfileTest"/>
</testsuite> <!-- com.zixi.testing.BroadcasterTranscoderDeletProfileTest -->
