<?xml version="1.0" encoding="UTF-8"?>
<!-- Generated by org.testng.reporters.JUnitReportReporter -->
<testsuite hostname="yuri-PC" name="com.zixi.testing.BroadcasterIntelTrannscodeStreamTest" tests="4" failures="0" timestamp="7 Apr 2016 12:12:42 GMT" time="0.444" errors="0">
  <testcase name="broadcasterSingleInputStreamstatisticAnilyzer" time="0.114" classname="com.zixi.testing.BroadcasterIntelTrannscodeStreamTest"/>
  <testcase name="broadcasterSingleInputStreamstatisticAnilyzer" time="0.150" classname="com.zixi.testing.BroadcasterIntelTrannscodeStreamTest"/>
  <testcase name="broadcasterSingleInputStreamstatisticAnilyzer" time="0.084" classname="com.zixi.testing.BroadcasterIntelTrannscodeStreamTest"/>
  <testcase name="broadcasterSingleInputStreamstatisticAnilyzer" time="0.096" classname="com.zixi.testing.BroadcasterIntelTrannscodeStreamTest"/>
</testsuite> <!-- com.zixi.testing.BroadcasterIntelTrannscodeStreamTest -->
