<?xml version="1.0" encoding="UTF-8"?>
<!-- Generated by org.testng.reporters.JUnitReportReporter -->
<testsuite hostname="yuri-PC" name="com.zixi.testing.FeederOutputPushToBxTest" tests="6" failures="0" timestamp="24 Aug 2016 17:54:21 GMT" time="4.687" errors="0">
  <testcase name="feederBondedPushOutputCreationThreeLinksTest" time="0.625" classname="com.zixi.testing.FeederOutputPushToBxTest"/>
  <testcase name="feederBondedPushOutputCreationThreeLinksTest" time="1.334" classname="com.zixi.testing.FeederOutputPushToBxTest"/>
  <testcase name="feederBondedPushOutputCreationThreeLinksTest" time="0.660" classname="com.zixi.testing.FeederOutputPushToBxTest"/>
  <testcase name="feederBondedPushOutputCreationThreeLinksTest" time="0.671" classname="com.zixi.testing.FeederOutputPushToBxTest"/>
  <testcase name="feederBondedPushOutputCreationThreeLinksTest" time="0.693" classname="com.zixi.testing.FeederOutputPushToBxTest"/>
  <testcase name="feederBondedPushOutputCreationThreeLinksTest" time="0.704" classname="com.zixi.testing.FeederOutputPushToBxTest"/>
</testsuite> <!-- com.zixi.testing.FeederOutputPushToBxTest -->
