<?xml version="1.0" encoding="UTF-8"?>
<!-- Generated by org.testng.reporters.JUnitReportReporter -->
<testsuite hostname="yuri-PC" name="com.zixi.zen.test.ZenAddUserRoleTest" tests="1" failures="0" timestamp="5 Aug 2018 15:20:10 GMT" time="2.028" errors="0">
  <testcase name="addUserGroupZen" time="2.028" classname="com.zixi.zen.test.ZenAddUserRoleTest"/>
</testsuite> <!-- com.zixi.zen.test.ZenAddUserRoleTest -->
