<?xml version="1.0" encoding="UTF-8"?>
<!-- Generated by org.testng.reporters.JUnitReportReporter -->
<testsuite hostname="yuri-PC" name="com.zixi.load.testing.BroadcasterRundomInputStreamTest" tests="3" failures="0" timestamp="25 Sep 2016 17:22:09 GMT" time="1940.265" errors="0">
  <testcase name="broadcasterDeleteAllInputs" time="642.469" classname="com.zixi.load.testing.BroadcasterRundomInputStreamTest"/>
  <testcase name="broadcasterDeleteAllInputs" time="652.732" classname="com.zixi.load.testing.BroadcasterRundomInputStreamTest"/>
  <testcase name="broadcasterDeleteAllInputs" time="645.064" classname="com.zixi.load.testing.BroadcasterRundomInputStreamTest"/>
</testsuite> <!-- com.zixi.load.testing.BroadcasterRundomInputStreamTest -->
