<?xml version="1.0" encoding="UTF-8"?>
<!-- Generated by org.testng.reporters.JUnitReportReporter -->
<testsuite hostname="yuri-PC" name="com.zixi.testing.FileTransferTest" tests="2" failures="0" timestamp="7 Nov 2016 13:06:50 GMT" time="582.031" errors="0">
  <testcase name="fileTransfer" time="573.910" classname="com.zixi.testing.FileTransferTest"/>
  <testcase name="fileTransfer" time="8.121" classname="com.zixi.testing.FileTransferTest"/>
</testsuite> <!-- com.zixi.testing.FileTransferTest -->
