<?xml version="1.0" encoding="UTF-8"?>
<!-- Generated by org.testng.reporters.JUnitReportReporter -->
<testsuite hostname="yuri-PC" name="com.zixi.testing.FeederPostKeyTest" tests="2" failures="0" timestamp="9 Aug 2018 08:52:25 GMT" time="1.526" errors="0">
  <testcase name="uploadSslCertificateToBroadcasterServer" time="1.321" classname="com.zixi.testing.FeederPostKeyTest"/>
  <testcase name="uploadPrivateKeyToBroadcasterServer" time="0.205" classname="com.zixi.testing.FeederPostKeyTest"/>
</testsuite> <!-- com.zixi.testing.FeederPostKeyTest -->
