<?xml version="1.0" encoding="UTF-8"?>
<!-- Generated by org.testng.reporters.JUnitReportReporter -->
<testsuite hostname="yuri-PC" name="com.zixi.testing.BroadcasterPushInStreamCreationDecriptionTest" tests="7" failures="0" timestamp="28 Aug 2016 10:07:13 GMT" time="5.699" errors="0">
  <testcase name="broadcasterSingleStreamRemoving" time="0.871" classname="com.zixi.testing.BroadcasterPushInStreamCreationDecriptionTest"/>
  <testcase name="broadcasterSingleStreamRemoving" time="0.802" classname="com.zixi.testing.BroadcasterPushInStreamCreationDecriptionTest"/>
  <testcase name="broadcasterSingleStreamRemoving" time="0.881" classname="com.zixi.testing.BroadcasterPushInStreamCreationDecriptionTest"/>
  <testcase name="broadcasterSingleStreamRemoving" time="0.826" classname="com.zixi.testing.BroadcasterPushInStreamCreationDecriptionTest"/>
  <testcase name="broadcasterSingleStreamRemoving" time="0.763" classname="com.zixi.testing.BroadcasterPushInStreamCreationDecriptionTest"/>
  <testcase name="broadcasterSingleStreamRemoving" time="0.801" classname="com.zixi.testing.BroadcasterPushInStreamCreationDecriptionTest"/>
  <testcase name="broadcasterSingleStreamRemoving" time="0.755" classname="com.zixi.testing.BroadcasterPushInStreamCreationDecriptionTest"/>
</testsuite> <!-- com.zixi.testing.BroadcasterPushInStreamCreationDecriptionTest -->
