<?xml version="1.0" encoding="UTF-8"?>
<!-- Generated by org.testng.reporters.JUnitReportReporter -->
<testsuite hostname="yuri-PC" name="com.zixi.load.testing.BroadcasterRundomInputStreamTest" tests="2" failures="0" timestamp="4 Aug 2016 14:18:27 GMT" time="2987.171" errors="0">
  <testcase name="broadcasterDeleteAllInputs" time="1496.258" classname="com.zixi.load.testing.BroadcasterRundomInputStreamTest"/>
  <testcase name="broadcasterDeleteAllInputs" time="1490.913" classname="com.zixi.load.testing.BroadcasterRundomInputStreamTest"/>
</testsuite> <!-- com.zixi.load.testing.BroadcasterRundomInputStreamTest -->
