<?xml version="1.0" encoding="UTF-8"?>
<!-- Generated by org.testng.reporters.JUnitReportReporter -->
<testsuite hostname="yuri-PC" name="com.zixi.testing.FeederOutputPushToBxTest" tests="5" failures="0" timestamp="11 Feb 2016 10:17:20 GMT" time="0.516" errors="0">
  <testcase name="feederOutputToBxTest" time="0.068" classname="com.zixi.testing.FeederOutputPushToBxTest"/>
  <testcase name="feederOutputToBxTest" time="0.091" classname="com.zixi.testing.FeederOutputPushToBxTest"/>
  <testcase name="feederOutputToBxTest" time="0.217" classname="com.zixi.testing.FeederOutputPushToBxTest"/>
  <testcase name="feederOutputToBxTest" time="0.071" classname="com.zixi.testing.FeederOutputPushToBxTest"/>
  <testcase name="feederOutputToBxTest" time="0.069" classname="com.zixi.testing.FeederOutputPushToBxTest"/>
</testsuite> <!-- com.zixi.testing.FeederOutputPushToBxTest -->
