<?xml version="1.0" encoding="UTF-8"?>
<!-- Generated by org.testng.reporters.JUnitReportReporter -->
<testsuite hostname="yuri-PC" name="com.zixi.testing.BroadcasterPushOutStreamCreationTest" tests="6" failures="0" timestamp="10 Oct 2016 12:26:13 GMT" time="3.356" errors="0">
  <testcase name="broadcasterPullInCreation" time="0.550" classname="com.zixi.testing.BroadcasterPushOutStreamCreationTest"/>
  <testcase name="broadcasterPullInCreation" time="0.561" classname="com.zixi.testing.BroadcasterPushOutStreamCreationTest"/>
  <testcase name="broadcasterPullInCreation" time="0.538" classname="com.zixi.testing.BroadcasterPushOutStreamCreationTest"/>
  <testcase name="broadcasterPullInCreation" time="0.535" classname="com.zixi.testing.BroadcasterPushOutStreamCreationTest"/>
  <testcase name="broadcasterPullInCreation" time="0.530" classname="com.zixi.testing.BroadcasterPushOutStreamCreationTest"/>
  <testcase name="broadcasterPullInCreation" time="0.642" classname="com.zixi.testing.BroadcasterPushOutStreamCreationTest"/>
</testsuite> <!-- com.zixi.testing.BroadcasterPushOutStreamCreationTest -->
