<?xml version="1.0" encoding="UTF-8"?>
<!-- Generated by org.testng.reporters.JUnitReportReporter -->
<testsuite hostname="yuri-PC" name="com.zixi.testing.FileTransferTest" tests="32" failures="0" timestamp="5 Jul 2016 03:37:16 GMT" time="47565.902" errors="0">
  <testcase name="fileTransfer" time="34.204" classname="com.zixi.testing.FileTransferTest"/>
  <testcase name="fileTransfer" time="33.910" classname="com.zixi.testing.FileTransferTest"/>
  <testcase name="fileTransfer" time="2841.232" classname="com.zixi.testing.FileTransferTest"/>
  <testcase name="fileTransfer" time="4456.426" classname="com.zixi.testing.FileTransferTest"/>
  <testcase name="fileTransfer" time="2841.188" classname="com.zixi.testing.FileTransferTest"/>
  <testcase name="fileTransfer" time="34.582" classname="com.zixi.testing.FileTransferTest"/>
  <testcase name="fileTransfer" time="33.866" classname="com.zixi.testing.FileTransferTest"/>
  <testcase name="fileTransfer" time="0.393" classname="com.zixi.testing.FileTransferTest"/>
  <testcase name="fileTransfer" time="2841.221" classname="com.zixi.testing.FileTransferTest"/>
  <testcase name="fileTransfer" time="33.982" classname="com.zixi.testing.FileTransferTest"/>
  <testcase name="fileTransfer" time="2841.209" classname="com.zixi.testing.FileTransferTest"/>
  <testcase name="fileTransfer" time="2841.129" classname="com.zixi.testing.FileTransferTest"/>
  <testcase name="fileTransfer" time="34.667" classname="com.zixi.testing.FileTransferTest"/>
  <testcase name="fileTransfer" time="34.087" classname="com.zixi.testing.FileTransferTest"/>
  <testcase name="fileTransfer" time="2841.204" classname="com.zixi.testing.FileTransferTest"/>
  <testcase name="fileTransfer" time="2841.196" classname="com.zixi.testing.FileTransferTest"/>
  <testcase name="fileTransfer" time="34.746" classname="com.zixi.testing.FileTransferTest"/>
  <testcase name="fileTransfer" time="2817.442" classname="com.zixi.testing.FileTransferTest"/>
  <testcase name="fileTransfer" time="34.793" classname="com.zixi.testing.FileTransferTest"/>
  <testcase name="fileTransfer" time="2841.168" classname="com.zixi.testing.FileTransferTest"/>
  <testcase name="fileTransfer" time="34.733" classname="com.zixi.testing.FileTransferTest"/>
  <testcase name="fileTransfer" time="34.276" classname="com.zixi.testing.FileTransferTest"/>
  <testcase name="fileTransfer" time="34.105" classname="com.zixi.testing.FileTransferTest"/>
  <testcase name="fileTransfer" time="34.222" classname="com.zixi.testing.FileTransferTest"/>
  <testcase name="fileTransfer" time="2841.251" classname="com.zixi.testing.FileTransferTest"/>
  <testcase name="fileTransfer" time="2841.236" classname="com.zixi.testing.FileTransferTest"/>
  <testcase name="fileTransfer" time="2841.259" classname="com.zixi.testing.FileTransferTest"/>
  <testcase name="fileTransfer" time="34.194" classname="com.zixi.testing.FileTransferTest"/>
  <testcase name="fileTransfer" time="2841.145" classname="com.zixi.testing.FileTransferTest"/>
  <testcase name="fileTransfer" time="2841.206" classname="com.zixi.testing.FileTransferTest"/>
  <testcase name="fileTransfer" time="2841.440" classname="com.zixi.testing.FileTransferTest"/>
  <testcase name="fileTransfer" time="34.193" classname="com.zixi.testing.FileTransferTest"/>
</testsuite> <!-- com.zixi.testing.FileTransferTest -->
