<?xml version="1.0" encoding="UTF-8"?>
<!-- Generated by org.testng.reporters.JUnitReportReporter -->
<testsuite hostname="yuri-PC" name="com.zixi.load.testing.BroadcaserAllInputStreamDeletorTest" tests="84" failures="0" timestamp="21 Jul 2016 11:02:27 GMT" time="282.298" errors="0">
  <testcase name="broadcasterDeleteAllInputs" time="4.390" classname="com.zixi.load.testing.BroadcaserAllInputStreamDeletorTest"/>
  <testcase name="broadcasterDeleteAllInputs" time="3.418" classname="com.zixi.load.testing.BroadcaserAllInputStreamDeletorTest"/>
  <testcase name="broadcasterDeleteAllInputs" time="3.351" classname="com.zixi.load.testing.BroadcaserAllInputStreamDeletorTest"/>
  <testcase name="broadcasterDeleteAllInputs" time="2.257" classname="com.zixi.load.testing.BroadcaserAllInputStreamDeletorTest"/>
  <testcase name="broadcasterDeleteAllInputs" time="3.984" classname="com.zixi.load.testing.BroadcaserAllInputStreamDeletorTest"/>
  <testcase name="broadcasterDeleteAllInputs" time="3.768" classname="com.zixi.load.testing.BroadcaserAllInputStreamDeletorTest"/>
  <testcase name="broadcasterDeleteAllInputs" time="3.449" classname="com.zixi.load.testing.BroadcaserAllInputStreamDeletorTest"/>
  <testcase name="broadcasterDeleteAllInputs" time="4.483" classname="com.zixi.load.testing.BroadcaserAllInputStreamDeletorTest"/>
  <testcase name="broadcasterDeleteAllInputs" time="3.385" classname="com.zixi.load.testing.BroadcaserAllInputStreamDeletorTest"/>
  <testcase name="broadcasterDeleteAllInputs" time="3.252" classname="com.zixi.load.testing.BroadcaserAllInputStreamDeletorTest"/>
  <testcase name="broadcasterDeleteAllInputs" time="3.012" classname="com.zixi.load.testing.BroadcaserAllInputStreamDeletorTest"/>
  <testcase name="broadcasterDeleteAllInputs" time="2.752" classname="com.zixi.load.testing.BroadcaserAllInputStreamDeletorTest"/>
  <testcase name="broadcasterDeleteAllInputs" time="3.481" classname="com.zixi.load.testing.BroadcaserAllInputStreamDeletorTest"/>
  <testcase name="broadcasterDeleteAllInputs" time="3.506" classname="com.zixi.load.testing.BroadcaserAllInputStreamDeletorTest"/>
  <testcase name="broadcasterDeleteAllInputs" time="3.386" classname="com.zixi.load.testing.BroadcaserAllInputStreamDeletorTest"/>
  <testcase name="broadcasterDeleteAllInputs" time="4.751" classname="com.zixi.load.testing.BroadcaserAllInputStreamDeletorTest"/>
  <testcase name="broadcasterDeleteAllInputs" time="2.580" classname="com.zixi.load.testing.BroadcaserAllInputStreamDeletorTest"/>
  <testcase name="broadcasterDeleteAllInputs" time="3.251" classname="com.zixi.load.testing.BroadcaserAllInputStreamDeletorTest"/>
  <testcase name="broadcasterDeleteAllInputs" time="2.823" classname="com.zixi.load.testing.BroadcaserAllInputStreamDeletorTest"/>
  <testcase name="broadcasterDeleteAllInputs" time="2.619" classname="com.zixi.load.testing.BroadcaserAllInputStreamDeletorTest"/>
  <testcase name="broadcasterDeleteAllInputs" time="4.022" classname="com.zixi.load.testing.BroadcaserAllInputStreamDeletorTest"/>
  <testcase name="broadcasterDeleteAllInputs" time="2.629" classname="com.zixi.load.testing.BroadcaserAllInputStreamDeletorTest"/>
  <testcase name="broadcasterDeleteAllInputs" time="3.285" classname="com.zixi.load.testing.BroadcaserAllInputStreamDeletorTest"/>
  <testcase name="broadcasterDeleteAllInputs" time="3.085" classname="com.zixi.load.testing.BroadcaserAllInputStreamDeletorTest"/>
  <testcase name="broadcasterDeleteAllInputs" time="2.679" classname="com.zixi.load.testing.BroadcaserAllInputStreamDeletorTest"/>
  <testcase name="broadcasterDeleteAllInputs" time="2.984" classname="com.zixi.load.testing.BroadcaserAllInputStreamDeletorTest"/>
  <testcase name="broadcasterDeleteAllInputs" time="2.578" classname="com.zixi.load.testing.BroadcaserAllInputStreamDeletorTest"/>
  <testcase name="broadcasterDeleteAllInputs" time="2.721" classname="com.zixi.load.testing.BroadcaserAllInputStreamDeletorTest"/>
  <testcase name="broadcasterDeleteAllInputs" time="3.091" classname="com.zixi.load.testing.BroadcaserAllInputStreamDeletorTest"/>
  <testcase name="broadcasterDeleteAllInputs" time="3.484" classname="com.zixi.load.testing.BroadcaserAllInputStreamDeletorTest"/>
  <testcase name="broadcasterDeleteAllInputs" time="3.438" classname="com.zixi.load.testing.BroadcaserAllInputStreamDeletorTest"/>
  <testcase name="broadcasterDeleteAllInputs" time="3.784" classname="com.zixi.load.testing.BroadcaserAllInputStreamDeletorTest"/>
  <testcase name="broadcasterDeleteAllInputs" time="3.469" classname="com.zixi.load.testing.BroadcaserAllInputStreamDeletorTest"/>
  <testcase name="broadcasterDeleteAllInputs" time="3.677" classname="com.zixi.load.testing.BroadcaserAllInputStreamDeletorTest"/>
  <testcase name="broadcasterDeleteAllInputs" time="3.446" classname="com.zixi.load.testing.BroadcaserAllInputStreamDeletorTest"/>
  <testcase name="broadcasterDeleteAllInputs" time="3.685" classname="com.zixi.load.testing.BroadcaserAllInputStreamDeletorTest"/>
  <testcase name="broadcasterDeleteAllInputs" time="2.878" classname="com.zixi.load.testing.BroadcaserAllInputStreamDeletorTest"/>
  <testcase name="broadcasterDeleteAllInputs" time="3.703" classname="com.zixi.load.testing.BroadcaserAllInputStreamDeletorTest"/>
  <testcase name="broadcasterDeleteAllInputs" time="3.435" classname="com.zixi.load.testing.BroadcaserAllInputStreamDeletorTest"/>
  <testcase name="broadcasterDeleteAllInputs" time="3.308" classname="com.zixi.load.testing.BroadcaserAllInputStreamDeletorTest"/>
  <testcase name="broadcasterDeleteAllInputs" time="4.184" classname="com.zixi.load.testing.BroadcaserAllInputStreamDeletorTest"/>
  <testcase name="broadcasterDeleteAllInputs" time="3.446" classname="com.zixi.load.testing.BroadcaserAllInputStreamDeletorTest"/>
  <testcase name="broadcasterDeleteAllInputs" time="2.724" classname="com.zixi.load.testing.BroadcaserAllInputStreamDeletorTest"/>
  <testcase name="broadcasterDeleteAllInputs" time="2.983" classname="com.zixi.load.testing.BroadcaserAllInputStreamDeletorTest"/>
  <testcase name="broadcasterDeleteAllInputs" time="2.457" classname="com.zixi.load.testing.BroadcaserAllInputStreamDeletorTest"/>
  <testcase name="broadcasterDeleteAllInputs" time="3.819" classname="com.zixi.load.testing.BroadcaserAllInputStreamDeletorTest"/>
  <testcase name="broadcasterDeleteAllInputs" time="2.054" classname="com.zixi.load.testing.BroadcaserAllInputStreamDeletorTest"/>
  <testcase name="broadcasterDeleteAllInputs" time="3.630" classname="com.zixi.load.testing.BroadcaserAllInputStreamDeletorTest"/>
  <testcase name="broadcasterDeleteAllInputs" time="2.873" classname="com.zixi.load.testing.BroadcaserAllInputStreamDeletorTest"/>
  <testcase name="broadcasterDeleteAllInputs" time="3.076" classname="com.zixi.load.testing.BroadcaserAllInputStreamDeletorTest"/>
  <testcase name="broadcasterDeleteAllInputs" time="3.377" classname="com.zixi.load.testing.BroadcaserAllInputStreamDeletorTest"/>
  <testcase name="broadcasterDeleteAllInputs" time="3.707" classname="com.zixi.load.testing.BroadcaserAllInputStreamDeletorTest"/>
  <testcase name="broadcasterDeleteAllInputs" time="3.512" classname="com.zixi.load.testing.BroadcaserAllInputStreamDeletorTest"/>
  <testcase name="broadcasterDeleteAllInputs" time="3.153" classname="com.zixi.load.testing.BroadcaserAllInputStreamDeletorTest"/>
  <testcase name="broadcasterDeleteAllInputs" time="4.244" classname="com.zixi.load.testing.BroadcaserAllInputStreamDeletorTest"/>
  <testcase name="broadcasterDeleteAllInputs" time="3.417" classname="com.zixi.load.testing.BroadcaserAllInputStreamDeletorTest"/>
  <testcase name="broadcasterDeleteAllInputs" time="2.750" classname="com.zixi.load.testing.BroadcaserAllInputStreamDeletorTest"/>
  <testcase name="broadcasterDeleteAllInputs" time="3.388" classname="com.zixi.load.testing.BroadcaserAllInputStreamDeletorTest"/>
  <testcase name="broadcasterDeleteAllInputs" time="4.398" classname="com.zixi.load.testing.BroadcaserAllInputStreamDeletorTest"/>
  <testcase name="broadcasterDeleteAllInputs" time="3.316" classname="com.zixi.load.testing.BroadcaserAllInputStreamDeletorTest"/>
  <testcase name="broadcasterDeleteAllInputs" time="2.911" classname="com.zixi.load.testing.BroadcaserAllInputStreamDeletorTest"/>
  <testcase name="broadcasterDeleteAllInputs" time="3.465" classname="com.zixi.load.testing.BroadcaserAllInputStreamDeletorTest"/>
  <testcase name="broadcasterDeleteAllInputs" time="3.791" classname="com.zixi.load.testing.BroadcaserAllInputStreamDeletorTest"/>
  <testcase name="broadcasterDeleteAllInputs" time="3.689" classname="com.zixi.load.testing.BroadcaserAllInputStreamDeletorTest"/>
  <testcase name="broadcasterDeleteAllInputs" time="3.730" classname="com.zixi.load.testing.BroadcaserAllInputStreamDeletorTest"/>
  <testcase name="broadcasterDeleteAllInputs" time="2.384" classname="com.zixi.load.testing.BroadcaserAllInputStreamDeletorTest"/>
  <testcase name="broadcasterDeleteAllInputs" time="3.159" classname="com.zixi.load.testing.BroadcaserAllInputStreamDeletorTest"/>
  <testcase name="broadcasterDeleteAllInputs" time="3.525" classname="com.zixi.load.testing.BroadcaserAllInputStreamDeletorTest"/>
  <testcase name="broadcasterDeleteAllInputs" time="2.109" classname="com.zixi.load.testing.BroadcaserAllInputStreamDeletorTest"/>
  <testcase name="broadcasterDeleteAllInputs" time="2.807" classname="com.zixi.load.testing.BroadcaserAllInputStreamDeletorTest"/>
  <testcase name="broadcasterDeleteAllInputs" time="2.388" classname="com.zixi.load.testing.BroadcaserAllInputStreamDeletorTest"/>
  <testcase name="broadcasterDeleteAllInputs" time="4.316" classname="com.zixi.load.testing.BroadcaserAllInputStreamDeletorTest"/>
  <testcase name="broadcasterDeleteAllInputs" time="4.628" classname="com.zixi.load.testing.BroadcaserAllInputStreamDeletorTest"/>
  <testcase name="broadcasterDeleteAllInputs" time="2.385" classname="com.zixi.load.testing.BroadcaserAllInputStreamDeletorTest"/>
  <testcase name="broadcasterDeleteAllInputs" time="3.249" classname="com.zixi.load.testing.BroadcaserAllInputStreamDeletorTest"/>
  <testcase name="broadcasterDeleteAllInputs" time="3.075" classname="com.zixi.load.testing.BroadcaserAllInputStreamDeletorTest"/>
  <testcase name="broadcasterDeleteAllInputs" time="4.165" classname="com.zixi.load.testing.BroadcaserAllInputStreamDeletorTest"/>
  <testcase name="broadcasterDeleteAllInputs" time="2.863" classname="com.zixi.load.testing.BroadcaserAllInputStreamDeletorTest"/>
  <testcase name="broadcasterDeleteAllInputs" time="2.745" classname="com.zixi.load.testing.BroadcaserAllInputStreamDeletorTest"/>
  <testcase name="broadcasterDeleteAllInputs" time="2.462" classname="com.zixi.load.testing.BroadcaserAllInputStreamDeletorTest"/>
  <testcase name="broadcasterDeleteAllInputs" time="2.897" classname="com.zixi.load.testing.BroadcaserAllInputStreamDeletorTest"/>
  <testcase name="broadcasterDeleteAllInputs" time="4.903" classname="com.zixi.load.testing.BroadcaserAllInputStreamDeletorTest"/>
  <testcase name="broadcasterDeleteAllInputs" time="8.326" classname="com.zixi.load.testing.BroadcaserAllInputStreamDeletorTest"/>
  <testcase name="broadcasterDeleteAllInputs" time="2.539" classname="com.zixi.load.testing.BroadcaserAllInputStreamDeletorTest"/>
</testsuite> <!-- com.zixi.load.testing.BroadcaserAllInputStreamDeletorTest -->
