<?xml version="1.0" encoding="UTF-8"?>
<!-- Generated by org.testng.reporters.JUnitReportReporter -->
<testsuite hostname="yuri-PC" name="com.zixi.testing.BroadcasterRtmpInputEncryptedTest" tests="3" failures="0" timestamp="19 Jun 2016 11:28:45 GMT" time="2.514" errors="0">
  <testcase name="broadcasterRtmpPullTest" time="0.912" classname="com.zixi.testing.BroadcasterRtmpInputEncryptedTest"/>
  <testcase name="broadcasterRtmpPullTest" time="0.859" classname="com.zixi.testing.BroadcasterRtmpInputEncryptedTest"/>
  <testcase name="broadcasterRtmpPullTest" time="0.743" classname="com.zixi.testing.BroadcasterRtmpInputEncryptedTest"/>
</testsuite> <!-- com.zixi.testing.BroadcasterRtmpInputEncryptedTest -->
