<?xml version="1.0" encoding="UTF-8"?>
<!-- Generated by org.testng.reporters.JUnitReportReporter -->
<testsuite hostname="yuri-PC" name="com.zixi.testing.VisualQualityTest" tests="4" failures="0" timestamp="5 May 2016 13:56:33 GMT" time="3109.926" errors="0">
  <testcase name="broadcasterRtmpPullTest" time="566.936" classname="com.zixi.testing.VisualQualityTest"/>
  <testcase name="broadcasterRtmpPullTest" time="2360.419" classname="com.zixi.testing.VisualQualityTest"/>
  <testcase name="broadcasterRtmpPullTest" time="64.350" classname="com.zixi.testing.VisualQualityTest"/>
  <testcase name="broadcasterRtmpPullTest" time="118.221" classname="com.zixi.testing.VisualQualityTest"/>
</testsuite> <!-- com.zixi.testing.VisualQualityTest -->
