<?xml version="1.0" encoding="UTF-8"?>
<!-- Generated by org.testng.reporters.JUnitReportReporter -->
<testsuite hostname="yuri-PC" name="com.zixi.testing.FeederInputStreamDeletionTest" tests="1" failures="0" timestamp="16 Jul 2018 14:16:05 GMT" time="0.214" errors="0">
  <testcase name="feederDeleteAllInputsTest" time="0.214" classname="com.zixi.testing.FeederInputStreamDeletionTest"/>
</testsuite> <!-- com.zixi.testing.FeederInputStreamDeletionTest -->
