<?xml version="1.0" encoding="UTF-8"?>
<!-- Generated by org.testng.reporters.JUnitReportReporter -->
<testsuite hostname="yuri-PC" name="com.zixi.load.testing.BroadcaserAllInputStreamDeletorTest" tests="1" failures="0" timestamp="9 Aug 2016 15:24:17 GMT" time="2.162" errors="0">
  <testcase name="broadcasterDeleteAllInputs" time="2.162" classname="com.zixi.load.testing.BroadcaserAllInputStreamDeletorTest"/>
</testsuite> <!-- com.zixi.load.testing.BroadcaserAllInputStreamDeletorTest -->
