<?xml version="1.0" encoding="UTF-8"?>
<!-- Generated by org.testng.reporters.JUnitReportReporter -->
<testsuite hostname="yuri-PC" name="com.zixi.load.testing.BroadcasterMultipleUdpTest" tests="2" failures="0" timestamp="25 Jun 2018 18:54:00 GMT" time="9.472" errors="0">
  <testcase name="broadcasterMultipleUdpCreation" time="4.628" classname="com.zixi.load.testing.BroadcasterMultipleUdpTest"/>
  <testcase name="broadcasterMultipleUdpCreation" time="4.844" classname="com.zixi.load.testing.BroadcasterMultipleUdpTest"/>
</testsuite> <!-- com.zixi.load.testing.BroadcasterMultipleUdpTest -->
