<?xml version="1.0" encoding="UTF-8"?>
<!-- Generated by org.testng.reporters.JUnitReportReporter -->
<testsuite hostname="yuri-PC" name="com.zixi.testing.FeederOutputPushToBxTest" tests="6" failures="0" timestamp="24 Aug 2016 18:42:52 GMT" time="4.493" errors="0">
  <testcase name="feederBondedPushOutputCreationThreeLinksTest" time="0.632" classname="com.zixi.testing.FeederOutputPushToBxTest"/>
  <testcase name="feederBondedPushOutputCreationThreeLinksTest" time="1.288" classname="com.zixi.testing.FeederOutputPushToBxTest"/>
  <testcase name="feederBondedPushOutputCreationThreeLinksTest" time="0.643" classname="com.zixi.testing.FeederOutputPushToBxTest"/>
  <testcase name="feederBondedPushOutputCreationThreeLinksTest" time="0.648" classname="com.zixi.testing.FeederOutputPushToBxTest"/>
  <testcase name="feederBondedPushOutputCreationThreeLinksTest" time="0.644" classname="com.zixi.testing.FeederOutputPushToBxTest"/>
  <testcase name="feederBondedPushOutputCreationThreeLinksTest" time="0.638" classname="com.zixi.testing.FeederOutputPushToBxTest"/>
</testsuite> <!-- com.zixi.testing.FeederOutputPushToBxTest -->
