<?xml version="1.0" encoding="UTF-8"?>
<!-- Generated by org.testng.reporters.JUnitReportReporter -->
<testsuite hostname="yuri-PC" name="com.zixi.testing.BroadcasterAddHttpPushInputStreamTest" tests="1" failures="0" timestamp="19 Jul 2018 22:19:28 GMT" time="9.591" errors="0">
  <testcase name="broadcasterAddHttpPushInputStream" time="9.591" classname="com.zixi.testing.BroadcasterAddHttpPushInputStreamTest"/>
</testsuite> <!-- com.zixi.testing.BroadcasterAddHttpPushInputStreamTest -->
