<?xml version="1.0" encoding="UTF-8"?>
<!-- Generated by org.testng.reporters.JUnitReportReporter -->
<testsuite hostname="yuri-PC" name="com.zixi.testing.AdaptiveReceiverInputTest" tests="1" failures="0" timestamp="3 Jul 2018 20:14:14 GMT" time="249.303" errors="0">
  <testcase name="receiverAdaptiveInputDownCaseTest" time="249.303" classname="com.zixi.testing.AdaptiveReceiverInputTest"/>
</testsuite> <!-- com.zixi.testing.AdaptiveReceiverInputTest -->
