<?xml version="1.0" encoding="UTF-8"?>
<!-- Generated by org.testng.reporters.JUnitReportReporter -->
<testsuite hostname="yuri-PC" name="com.zixi.testing.BroadcasterIntelTrannscodeStreamTest" tests="4" failures="0" timestamp="5 May 2016 13:56:33 GMT" time="0.377" errors="0">
  <testcase name="broadcasterSingleInputStreamstatisticAnilyzer" time="0.086" classname="com.zixi.testing.BroadcasterIntelTrannscodeStreamTest"/>
  <testcase name="broadcasterSingleInputStreamstatisticAnilyzer" time="0.090" classname="com.zixi.testing.BroadcasterIntelTrannscodeStreamTest"/>
  <testcase name="broadcasterSingleInputStreamstatisticAnilyzer" time="0.081" classname="com.zixi.testing.BroadcasterIntelTrannscodeStreamTest"/>
  <testcase name="broadcasterSingleInputStreamstatisticAnilyzer" time="0.120" classname="com.zixi.testing.BroadcasterIntelTrannscodeStreamTest"/>
</testsuite> <!-- com.zixi.testing.BroadcasterIntelTrannscodeStreamTest -->
