<?xml version="1.0" encoding="UTF-8"?>
<!-- Generated by org.testng.reporters.JUnitReportReporter -->
<testsuite hostname="yuri-PC" name="com.zixi.load.testing.BroadcasterMultipleRtmpPullCreationTest" tests="2" failures="0" timestamp="15 Apr 2018 18:13:57 GMT" time="9.493" errors="0">
  <testcase name="broadcasterMultipleRtmpPullInCreation" time="4.797" classname="com.zixi.load.testing.BroadcasterMultipleRtmpPullCreationTest"/>
  <testcase name="broadcasterMultipleRtmpPullInCreation" time="4.696" classname="com.zixi.load.testing.BroadcasterMultipleRtmpPullCreationTest"/>
</testsuite> <!-- com.zixi.load.testing.BroadcasterMultipleRtmpPullCreationTest -->
