<?xml version="1.0" encoding="UTF-8"?>
<!-- Generated by org.testng.reporters.JUnitReportReporter -->
<testsuite hostname="yuri-PC" name="com.zixi.testing.FeederOutputPushToBxTest" tests="5" failures="0" timestamp="5 Nov 2015 10:34:12 GMT" time="0.169" errors="0">
  <testcase name="feederOutputToBxTest" time="0.029" classname="com.zixi.testing.FeederOutputPushToBxTest"/>
  <testcase name="feederOutputToBxTest" time="0.031" classname="com.zixi.testing.FeederOutputPushToBxTest"/>
  <testcase name="feederOutputToBxTest" time="0.035" classname="com.zixi.testing.FeederOutputPushToBxTest"/>
  <testcase name="feederOutputToBxTest" time="0.049" classname="com.zixi.testing.FeederOutputPushToBxTest"/>
  <testcase name="feederOutputToBxTest" time="0.025" classname="com.zixi.testing.FeederOutputPushToBxTest"/>
</testsuite> <!-- com.zixi.testing.FeederOutputPushToBxTest -->
