<?xml version="1.0" encoding="UTF-8"?>
<!-- Generated by org.testng.reporters.JUnitReportReporter -->
<testsuite hostname="yuri-PC" name="com.zixi.testing.FeederPostKeyTestZen" tests="1" failures="0" timestamp="2 Aug 2018 13:32:29 GMT" time="0.257" errors="0">
  <testcase name="uploadPrivateKeyFeeder" time="0.257" classname="com.zixi.testing.FeederPostKeyTestZen"/>
</testsuite> <!-- com.zixi.testing.FeederPostKeyTestZen -->
