<?xml version="1.0" encoding="UTF-8"?>
<!-- Generated by org.testng.reporters.JUnitReportReporter -->
<testsuite hostname="yuri-PC" name="com.zixi.load.testing.BroadcasterMultipePullCreationTest" tests="1" failures="0" timestamp="27 Jul 2016 17:31:11 GMT" time="2.258" errors="0">
  <testcase name="broadcasterMultiplePullInCreation" time="2.258" classname="com.zixi.load.testing.BroadcasterMultipePullCreationTest"/>
</testsuite> <!-- com.zixi.load.testing.BroadcasterMultipePullCreationTest -->
