<?xml version="1.0" encoding="UTF-8"?>
<!-- Generated by org.testng.reporters.JUnitReportReporter -->
<testsuite hostname="yuri-PC" name="com.zixi.testing.BroadcasterSetRtmpSettingsTest" tests="4" failures="0" timestamp="17 May 2016 14:49:47 GMT" time="0.311" errors="0">
  <testcase name="broadcasterSingleStreamRemoving" time="0.068" classname="com.zixi.testing.BroadcasterSetRtmpSettingsTest"/>
  <testcase name="broadcasterSingleStreamRemoving" time="0.081" classname="com.zixi.testing.BroadcasterSetRtmpSettingsTest"/>
  <testcase name="broadcasterSingleStreamRemoving" time="0.088" classname="com.zixi.testing.BroadcasterSetRtmpSettingsTest"/>
  <testcase name="broadcasterSingleStreamRemoving" time="0.074" classname="com.zixi.testing.BroadcasterSetRtmpSettingsTest"/>
</testsuite> <!-- com.zixi.testing.BroadcasterSetRtmpSettingsTest -->
