<?xml version="1.0" encoding="UTF-8"?>
<!-- Generated by org.testng.reporters.JUnitReportReporter -->
<testsuite hostname="yuri-PC" name="com.zixi.testing.RedundantFeedersOneBxTest" tests="1" failures="0" timestamp="21 Jan 2016 15:56:09 GMT" time="684.283" errors="0">
  <testcase name="redundancyBxRxRx" time="684.283" classname="com.zixi.testing.RedundantFeedersOneBxTest"/>
</testsuite> <!-- com.zixi.testing.RedundantFeedersOneBxTest -->
