<?xml version="1.0" encoding="UTF-8"?>
<!-- Generated by org.testng.reporters.JUnitReportReporter -->
<testsuite hostname="yuri-PC" name="com.zixi.load.testing.BroadcaserAllOututStreamDeletorTest" tests="2" failures="0" timestamp="29 Sep 2016 13:26:30 GMT" time="1.349" errors="0">
  <testcase name="broadcasterDeleteAllOutputStreams" time="0.775" classname="com.zixi.load.testing.BroadcaserAllOututStreamDeletorTest"/>
  <testcase name="broadcasterDeleteAllOutputStreams" time="0.574" classname="com.zixi.load.testing.BroadcaserAllOututStreamDeletorTest"/>
</testsuite> <!-- com.zixi.load.testing.BroadcaserAllOututStreamDeletorTest -->
