<?xml version="1.0" encoding="UTF-8"?>
<!-- Generated by org.testng.reporters.JUnitReportReporter -->
<testsuite hostname="yuri-PC" name="com.zixi.testing.BroadcasterPushInStreamCreationTest" tests="2" failures="0" timestamp="1 Mar 2016 14:54:42 GMT" time="0.165" errors="0">
  <testcase name="broadcasterSingleStreamRemoving" time="0.084" classname="com.zixi.testing.BroadcasterPushInStreamCreationTest"/>
  <testcase name="broadcasterSingleStreamRemoving" time="0.081" classname="com.zixi.testing.BroadcasterPushInStreamCreationTest"/>
</testsuite> <!-- com.zixi.testing.BroadcasterPushInStreamCreationTest -->
