<?xml version="1.0" encoding="UTF-8"?>
<!-- Generated by org.testng.reporters.JUnitReportReporter -->
<testsuite hostname="yuri-PC" name="com.zixi.testing.FeederUdpOutputDeletioinTest" tests="2" failures="0" timestamp="8 Jan 2017 15:56:44 GMT" time="138.429" errors="0">
  <testcase name="broadcasterSingleStreamRemoving" time="134.883" classname="com.zixi.testing.FeederUdpOutputDeletioinTest"/>
  <testcase name="broadcasterSingleStreamRemoving" time="3.546" classname="com.zixi.testing.FeederUdpOutputDeletioinTest"/>
</testsuite> <!-- com.zixi.testing.FeederUdpOutputDeletioinTest -->
