<?xml version="1.0" encoding="UTF-8"?>
<!-- Generated by org.testng.reporters.JUnitReportReporter -->
<testsuite hostname="yuri-PC" name="com.zixi.testing.FileTransferTest" tests="2" failures="0" timestamp="8 Aug 2016 17:09:15 GMT" time="32.339" errors="0">
  <testcase name="fileTransfer" time="7.626" classname="com.zixi.testing.FileTransferTest"/>
  <testcase name="fileTransfer" time="24.713" classname="com.zixi.testing.FileTransferTest"/>
</testsuite> <!-- com.zixi.testing.FileTransferTest -->
