<?xml version="1.0" encoding="UTF-8"?>
<!-- Generated by org.testng.reporters.JUnitReportReporter -->
<testsuite hostname="yuri-PC" name="com.zixi.testing.RedundantFeedersOneBxTest" tests="1" failures="0" timestamp="26 Jan 2016 11:03:22 GMT" time="2898.164" errors="0">
  <testcase name="redundancyReceiverBackUp" time="2898.164" classname="com.zixi.testing.RedundantFeedersOneBxTest"/>
</testsuite> <!-- com.zixi.testing.RedundantFeedersOneBxTest -->
