<?xml version="1.0" encoding="UTF-8"?>
<!-- Generated by org.testng.reporters.JUnitReportReporter -->
<testsuite hostname="yuri-PC" name="com.zixi.testing.BroadcasterDeleteFromFilesTest" tests="1" failures="0" timestamp="11 Feb 2018 15:59:53 GMT" time="4.650" errors="0">
  <testcase name="broadcasterDeleteFromFilesInventory" time="4.650" classname="com.zixi.testing.BroadcasterDeleteFromFilesTest"/>
</testsuite> <!-- com.zixi.testing.BroadcasterDeleteFromFilesTest -->
