<?xml version="1.0" encoding="UTF-8"?>
<!-- Generated by org.testng.reporters.JUnitReportReporter -->
<testsuite hostname="yuri-PC" name="com.zixi.testing.BroadcasterSingleInputStreamDeletionTest" tests="3" failures="0" timestamp="1 Aug 2018 13:38:11 GMT" time="28.091" errors="0">
  <testcase name="broadcasterInputStreamDeletion" time="9.318" classname="com.zixi.testing.BroadcasterSingleInputStreamDeletionTest"/>
  <testcase name="broadcasterInputStreamDeletion" time="9.152" classname="com.zixi.testing.BroadcasterSingleInputStreamDeletionTest"/>
  <testcase name="broadcasterInputStreamDeletion" time="9.621" classname="com.zixi.testing.BroadcasterSingleInputStreamDeletionTest"/>
</testsuite> <!-- com.zixi.testing.BroadcasterSingleInputStreamDeletionTest -->
