<?xml version="1.0" encoding="UTF-8"?>
<!-- Generated by org.testng.reporters.JUnitReportReporter -->
<testsuite hostname="yuri-PC" name="com.zixi.zen.test.ZenAddFeederTest" tests="1" failures="0" timestamp="2 Aug 2018 13:32:29 GMT" time="2.516" errors="0">
  <testcase name="addFeederToZen" time="2.516" classname="com.zixi.zen.test.ZenAddFeederTest"/>
</testsuite> <!-- com.zixi.zen.test.ZenAddFeederTest -->
