<?xml version="1.0" encoding="UTF-8"?>
<!-- Generated by org.testng.reporters.JUnitReportReporter -->
<testsuite hostname="yuri-PC" name="com.zixi.testing.FeederBondedOutputDeletioinTest" tests="7" failures="0" timestamp="28 Aug 2016 10:07:13 GMT" time="0.790" errors="0">
  <testcase name="broadcasterBondedThreeLinkStreamRemoving" time="0.123" classname="com.zixi.testing.FeederBondedOutputDeletioinTest"/>
  <testcase name="broadcasterBondedThreeLinkStreamRemoving" time="0.117" classname="com.zixi.testing.FeederBondedOutputDeletioinTest"/>
  <testcase name="broadcasterBondedThreeLinkStreamRemoving" time="0.120" classname="com.zixi.testing.FeederBondedOutputDeletioinTest"/>
  <testcase name="broadcasterBondedThreeLinkStreamRemoving" time="0.116" classname="com.zixi.testing.FeederBondedOutputDeletioinTest"/>
  <testcase name="broadcasterBondedThreeLinkStreamRemoving" time="0.116" classname="com.zixi.testing.FeederBondedOutputDeletioinTest"/>
  <testcase name="broadcasterBondedThreeLinkStreamRemoving" time="0.082" classname="com.zixi.testing.FeederBondedOutputDeletioinTest"/>
  <testcase name="broadcasterBondedThreeLinkStreamRemoving" time="0.116" classname="com.zixi.testing.FeederBondedOutputDeletioinTest"/>
</testsuite> <!-- com.zixi.testing.FeederBondedOutputDeletioinTest -->
