<?xml version="1.0" encoding="UTF-8"?>
<!-- Generated by org.testng.reporters.JUnitReportReporter -->
<testsuite hostname="yuri-PC" name="com.zixi.testing.BroadcasterRtmpInputEncryptedTest" tests="3" failures="0" timestamp="10 Oct 2016 11:45:00 GMT" time="2.446" errors="0">
  <testcase name="broadcasterRtmpPullTest" time="0.868" classname="com.zixi.testing.BroadcasterRtmpInputEncryptedTest"/>
  <testcase name="broadcasterRtmpPullTest" time="0.761" classname="com.zixi.testing.BroadcasterRtmpInputEncryptedTest"/>
  <testcase name="broadcasterRtmpPullTest" time="0.817" classname="com.zixi.testing.BroadcasterRtmpInputEncryptedTest"/>
</testsuite> <!-- com.zixi.testing.BroadcasterRtmpInputEncryptedTest -->
