<?xml version="1.0" encoding="UTF-8"?>
<!-- Generated by org.testng.reporters.JUnitReportReporter -->
<testsuite hostname="yuri-PC" name="com.zixi.load.testing.BroadcasterMultipleRtmpPushTest" tests="1" failures="0" timestamp="8 Jul 2017 18:42:21 GMT" time="4.124" errors="0">
  <testcase name="broadcasterRtmpPushLoadTest" time="4.124" classname="com.zixi.load.testing.BroadcasterMultipleRtmpPushTest"/>
</testsuite> <!-- com.zixi.load.testing.BroadcasterMultipleRtmpPushTest -->
