<?xml version="1.0" encoding="UTF-8"?>
<!-- Generated by org.testng.reporters.JUnitReportReporter -->
<testsuite hostname="yuri-PC" name="com.zixi.testing.RedundantFeedersOneBxTest" tests="1" failures="0" timestamp="23 Feb 2016 17:11:25 GMT" time="1633.688" errors="0">
  <testcase name="redundancyFxBxBx" time="1633.688" classname="com.zixi.testing.RedundantFeedersOneBxTest"/>
</testsuite> <!-- com.zixi.testing.RedundantFeedersOneBxTest -->
