<?xml version="1.0" encoding="UTF-8"?>
<!-- Generated by org.testng.reporters.JUnitReportReporter -->
<<<<<<< HEAD
<testsuite hostname="yuri-PC" name="com.zixi.testing.BroadcasterUDPOutputStreamCreationTest" tests="1" failures="0" timestamp="27 Mar 2016 13:32:56 GMT" time="0.072" errors="0">
  <testcase name="broadcasterPullInCreation" time="0.072" classname="com.zixi.testing.BroadcasterUDPOutputStreamCreationTest"/>
=======
<testsuite hostname="yuri-PC" name="com.zixi.testing.BroadcasterUDPOutputStreamCreationTest" tests="5" failures="0" timestamp="24 Mar 2016 18:15:06 GMT" time="0.358" errors="0">
  <testcase name="broadcasterPullInCreation" time="0.071" classname="com.zixi.testing.BroadcasterUDPOutputStreamCreationTest"/>
  <testcase name="broadcasterPullInCreation" time="0.075" classname="com.zixi.testing.BroadcasterUDPOutputStreamCreationTest"/>
  <testcase name="broadcasterPullInCreation" time="0.073" classname="com.zixi.testing.BroadcasterUDPOutputStreamCreationTest"/>
  <testcase name="broadcasterPullInCreation" time="0.071" classname="com.zixi.testing.BroadcasterUDPOutputStreamCreationTest"/>
  <testcase name="broadcasterPullInCreation" time="0.068" classname="com.zixi.testing.BroadcasterUDPOutputStreamCreationTest"/>
>>>>>>> centos7
</testsuite> <!-- com.zixi.testing.BroadcasterUDPOutputStreamCreationTest -->
