<?xml version="1.0" encoding="UTF-8"?>
<!-- Generated by org.testng.reporters.JUnitReportReporter -->
<testsuite hostname="yuri-PC" name="com.zixi.testing.BroadcasterCreateAddaptiveGroupTest" tests="1" failures="0" timestamp="16 Dec 2015 15:13:22 GMT" time="0.075" errors="0">
  <testcase name="receiverOutputUdpTest" time="0.075" classname="com.zixi.testing.BroadcasterCreateAddaptiveGroupTest"/>
</testsuite> <!-- com.zixi.testing.BroadcasterCreateAddaptiveGroupTest -->
