<?xml version="1.0" encoding="UTF-8"?>
<!-- Generated by org.testng.reporters.JUnitReportReporter -->
<testsuite hostname="yuri-PC" name="com.zixi.zen.test.ZenAddAdaptiveChannelTest" tests="1" failures="0" timestamp="2 Aug 2018 13:32:29 GMT" time="182.761" errors="0">
  <testcase name="addAdaptiveChannel" time="182.761" classname="com.zixi.zen.test.ZenAddAdaptiveChannelTest"/>
</testsuite> <!-- com.zixi.zen.test.ZenAddAdaptiveChannelTest -->
