<?xml version="1.0" encoding="UTF-8"?>
<!-- Generated by org.testng.reporters.JUnitReportReporter -->
<testsuite hostname="yuri-PC" name="com.zixi.testing.FeederUdpOutToFfmpegTest" tests="2" failures="0" timestamp="9 Aug 2016 17:33:37 GMT" time="0.313" errors="0">
  <testcase name="broadcasterSingleStreamRemoving" time="0.087" classname="com.zixi.testing.FeederUdpOutToFfmpegTest"/>
  <testcase name="broadcasterSingleStreamRemoving" time="0.226" classname="com.zixi.testing.FeederUdpOutToFfmpegTest"/>
</testsuite> <!-- com.zixi.testing.FeederUdpOutToFfmpegTest -->
