<?xml version="1.0" encoding="UTF-8"?>
<!-- Generated by org.testng.reporters.JUnitReportReporter -->
<testsuite hostname="yuri-PC" name="com.zixi.testing.BxFileTransferAndVodSettingsTest" tests="3" failures="0" timestamp="25 Dec 2017 21:14:57 GMT" time="3.471" errors="0">
  <testcase name="broadcasterSetBxFileTransferVodSettings" time="1.006" classname="com.zixi.testing.BxFileTransferAndVodSettingsTest"/>
  <testcase name="broadcasterSetBxFileTransferVodSettings" time="0.966" classname="com.zixi.testing.BxFileTransferAndVodSettingsTest"/>
  <testcase name="broadcasterSetBxFileTransferVodSettings" time="1.499" classname="com.zixi.testing.BxFileTransferAndVodSettingsTest"/>
</testsuite> <!-- com.zixi.testing.BxFileTransferAndVodSettingsTest -->
