<?xml version="1.0" encoding="UTF-8"?>
<!-- Generated by org.testng.reporters.JUnitReportReporter -->
<testsuite hostname="yuri-PC" name="com.zixi.testing.BroadcasterPushInStreamCreationDecriptionTest" tests="1" failures="0" timestamp="15 Jan 2017 14:12:14 GMT" time="0.586" errors="0">
  <testcase name="broadcasterSingleStreamRemoving" time="0.586" classname="com.zixi.testing.BroadcasterPushInStreamCreationDecriptionTest"/>
</testsuite> <!-- com.zixi.testing.BroadcasterPushInStreamCreationDecriptionTest -->
