<?xml version="1.0" encoding="UTF-8"?>
<!-- Generated by org.testng.reporters.JUnitReportReporter -->
<testsuite hostname="yuri-PC" name="com.zixi.testing.ReceiverAddSourceToOutputTest" tests="2" failures="0" timestamp="4 May 2018 13:23:32 GMT" time="0.174" errors="0">
  <testcase name="addSourceToReceiverOutput" time="0.090" classname="com.zixi.testing.ReceiverAddSourceToOutputTest"/>
  <testcase name="addSourceToReceiverOutput" time="0.084" classname="com.zixi.testing.ReceiverAddSourceToOutputTest"/>
</testsuite> <!-- com.zixi.testing.ReceiverAddSourceToOutputTest -->
