<?xml version="1.0" encoding="UTF-8"?>
<!-- Generated by org.testng.reporters.JUnitReportReporter -->
<testsuite hostname="yuri-PC" name="com.zixi.testing.BroadcasterUdpInStreamCreationTest" tests="1" failures="0" timestamp="18 Jul 2018 21:05:32 GMT" time="5.127" errors="0">
  <testcase name="broadcasterUdpInCreation" time="5.127" classname="com.zixi.testing.BroadcasterUdpInStreamCreationTest"/>
</testsuite> <!-- com.zixi.testing.BroadcasterUdpInStreamCreationTest -->
