<?xml version="1.0" encoding="UTF-8"?>
<!-- Generated by org.testng.reporters.JUnitReportReporter -->
<testsuite hostname="yuri-PC" name="com.zixi.testing.BroadcasterSingleInputStreamDeletionTest" tests="4" failures="0" timestamp="2 Aug 2016 09:07:23 GMT" time="3.729" errors="0">
  <testcase name="broadcasterInputStreamDeletion" time="0.868" classname="com.zixi.testing.BroadcasterSingleInputStreamDeletionTest"/>
  <testcase name="broadcasterInputStreamDeletion" time="0.901" classname="com.zixi.testing.BroadcasterSingleInputStreamDeletionTest"/>
  <testcase name="broadcasterInputStreamDeletion" time="1.014" classname="com.zixi.testing.BroadcasterSingleInputStreamDeletionTest"/>
  <testcase name="broadcasterInputStreamDeletion" time="0.946" classname="com.zixi.testing.BroadcasterSingleInputStreamDeletionTest"/>
</testsuite> <!-- com.zixi.testing.BroadcasterSingleInputStreamDeletionTest -->
