<?xml version="1.0" encoding="UTF-8"?>
<!-- Generated by org.testng.reporters.JUnitReportReporter -->
<testsuite hostname="yuri-PC" name="com.zixi.testing.ReceiverPullInputStreamDeletionTest" tests="2" failures="0" timestamp="30 Mar 2016 11:41:47 GMT" time="0.129" errors="0">
  <testcase name="feederOutputToBxTest" time="0.067" classname="com.zixi.testing.ReceiverPullInputStreamDeletionTest"/>
  <testcase name="feederOutputToBxTest" time="0.062" classname="com.zixi.testing.ReceiverPullInputStreamDeletionTest"/>
</testsuite> <!-- com.zixi.testing.ReceiverPullInputStreamDeletionTest -->
