<?xml version="1.0" encoding="UTF-8"?>
<!-- Generated by org.testng.reporters.JUnitReportReporter -->
<testsuite hostname="yuri-PC" name="com.zixi.testing.FeederReverseTunnelParametersTest" tests="1" failures="0" timestamp="30 May 2016 14:52:02 GMT" time="0.066" errors="0">
  <testcase name="uploadPrivateKeyToFeeder" time="0.066" classname="com.zixi.testing.FeederReverseTunnelParametersTest"/>
</testsuite> <!-- com.zixi.testing.FeederReverseTunnelParametersTest -->
