<?xml version="1.0" encoding="UTF-8"?>
<!-- Generated by org.testng.reporters.JUnitReportReporter -->
<testsuite hostname="yuri-PC" name="com.zixi.testing.BroadcasterPushInStreamCreationTest" tests="2" failures="0" timestamp="1 Mar 2016 19:26:24 GMT" time="0.178" errors="0">
  <testcase name="broadcasterSingleStreamRemoving" time="0.105" classname="com.zixi.testing.BroadcasterPushInStreamCreationTest"/>
  <testcase name="broadcasterSingleStreamRemoving" time="0.073" classname="com.zixi.testing.BroadcasterPushInStreamCreationTest"/>
</testsuite> <!-- com.zixi.testing.BroadcasterPushInStreamCreationTest -->
