<?xml version="1.0" encoding="UTF-8"?>
<!-- Generated by org.testng.reporters.JUnitReportReporter -->
<testsuite hostname="yuri-PC" name="com.zixi.testing.ReceiverInputStatisticTest" tests="1" failures="0" timestamp="11 Nov 2015 15:57:16 GMT" time="120.125" errors="0">
  <testcase name="receiverInputStatistic" time="120.125" classname="com.zixi.testing.ReceiverInputStatisticTest"/>
</testsuite> <!-- com.zixi.testing.ReceiverInputStatisticTest -->
