<?xml version="1.0" encoding="UTF-8"?>
<!-- Generated by org.testng.reporters.JUnitReportReporter -->
<testsuite hostname="yuri-PC" name="com.zixi.load.testing.BroadcaserAllOututStreamDeletorTest" tests="2" failures="0" timestamp="4 Aug 2016 14:18:27 GMT" time="23.745" errors="0">
  <testcase name="broadcasterDeleteAllOutputStreams" time="16.045" classname="com.zixi.load.testing.BroadcaserAllOututStreamDeletorTest"/>
  <testcase name="broadcasterDeleteAllOutputStreams" time="7.700" classname="com.zixi.load.testing.BroadcaserAllOututStreamDeletorTest"/>
</testsuite> <!-- com.zixi.load.testing.BroadcaserAllOututStreamDeletorTest -->
