<?xml version="1.0" encoding="UTF-8"?>
<!-- Generated by org.testng.reporters.JUnitReportReporter -->
<testsuite hostname="yuri-PC" name="com.zixi.testing.FFMPEGImageStatisticModeTest" tests="2" failures="0" timestamp="3 Jan 2017 20:58:33 GMT" time="1669.846" errors="0">
  <testcase name="broadcasterSingleInputStreamStatisticAnilyzer" time="80.896" classname="com.zixi.testing.FFMPEGImageStatisticModeTest"/>
  <testcase name="broadcasterSingleInputStreamStatisticAnilyzer" time="1588.950" classname="com.zixi.testing.FFMPEGImageStatisticModeTest"/>
</testsuite> <!-- com.zixi.testing.FFMPEGImageStatisticModeTest -->
