<?xml version="1.0" encoding="UTF-8"?>
<!-- Generated by org.testng.reporters.JUnitReportReporter -->
<testsuite hostname="yuri-PC" name="com.zixi.testing.BroadcasterAdaptiveGroupDeletionTest" tests="1" failures="0" timestamp="3 Jan 2017 20:28:03 GMT" time="0.720" errors="0">
  <testcase name="receiverOutputUdpTest" time="0.720" classname="com.zixi.testing.BroadcasterAdaptiveGroupDeletionTest"/>
</testsuite> <!-- com.zixi.testing.BroadcasterAdaptiveGroupDeletionTest -->
