<?xml version="1.0" encoding="UTF-8"?>
<!-- Generated by org.testng.reporters.JUnitReportReporter -->
<testsuite hostname="yuri-PC" name="com.zixi.testing.FileTransferTest" tests="2" failures="0" timestamp="1 Nov 2016 10:42:59 GMT" time="581.910" errors="0">
  <testcase name="fileTransfer" time="573.928" classname="com.zixi.testing.FileTransferTest"/>
  <testcase name="fileTransfer" time="7.982" classname="com.zixi.testing.FileTransferTest"/>
</testsuite> <!-- com.zixi.testing.FileTransferTest -->
