<?xml version="1.0" encoding="UTF-8"?>
<!-- Generated by org.testng.reporters.JUnitReportReporter -->
<testsuite hostname="yuri-PC" name="com.zixi.testing.BroadcasterRtmpInputEncryptedTest" tests="3" failures="0" timestamp="26 Apr 2016 13:14:40 GMT" time="0.254" errors="0">
  <testcase name="broadcasterRtmpPullTest" time="0.075" classname="com.zixi.testing.BroadcasterRtmpInputEncryptedTest"/>
  <testcase name="broadcasterRtmpPullTest" time="0.084" classname="com.zixi.testing.BroadcasterRtmpInputEncryptedTest"/>
  <testcase name="broadcasterRtmpPullTest" time="0.095" classname="com.zixi.testing.BroadcasterRtmpInputEncryptedTest"/>
</testsuite> <!-- com.zixi.testing.BroadcasterRtmpInputEncryptedTest -->
