<?xml version="1.0" encoding="UTF-8"?>
<!-- Generated by org.testng.reporters.JUnitReportReporter -->
<testsuite hostname="yuri-PC" name="com.zixi.load.testing.BroadcaserAllInputStreamDeletorTest" tests="3" failures="0" timestamp="25 Sep 2016 17:22:09 GMT" time="5.040" errors="0">
  <testcase name="broadcasterDeleteAllInputs" time="1.663" classname="com.zixi.load.testing.BroadcaserAllInputStreamDeletorTest"/>
  <testcase name="broadcasterDeleteAllInputs" time="1.926" classname="com.zixi.load.testing.BroadcaserAllInputStreamDeletorTest"/>
  <testcase name="broadcasterDeleteAllInputs" time="1.451" classname="com.zixi.load.testing.BroadcaserAllInputStreamDeletorTest"/>
</testsuite> <!-- com.zixi.load.testing.BroadcaserAllInputStreamDeletorTest -->
