<?xml version="1.0" encoding="UTF-8"?>
<!-- Generated by org.testng.reporters.JUnitReportReporter -->
<testsuite hostname="yuri-PC" name="com.zixi.testing.BroadcasterPushOutStreamCreationTest" tests="1" failures="0" timestamp="25 Nov 2015 17:28:19 GMT" time="0.041" errors="0">
  <testcase name="broadcasterPullInCreation" time="0.041" classname="com.zixi.testing.BroadcasterPushOutStreamCreationTest"/>
</testsuite> <!-- com.zixi.testing.BroadcasterPushOutStreamCreationTest -->
