<?xml version="1.0" encoding="UTF-8"?>
<!-- Generated by org.testng.reporters.JUnitReportReporter -->
<testsuite hostname="yuri-PC" name="com.zixi.testing.BxFileTransferAndVodSettingsTest" tests="1" failures="0" timestamp="12 Jan 2017 19:14:20 GMT" time="0.873" errors="0">
  <testcase name="broadcasterSetBxFileTransferVodSettings" time="0.873" classname="com.zixi.testing.BxFileTransferAndVodSettingsTest"/>
</testsuite> <!-- com.zixi.testing.BxFileTransferAndVodSettingsTest -->
