<?xml version="1.0" encoding="UTF-8"?>
<!-- Generated by org.testng.reporters.JUnitReportReporter -->
<testsuite hostname="yuri-PC" name="com.zixi.load.testing.BroadcasterMultipleBondingTest" tests="2" failures="0" timestamp="29 Sep 2016 13:26:30 GMT" time="3.555" errors="0">
  <testcase name="broadcasterMultiplePushBondedTest" time="1.567" classname="com.zixi.load.testing.BroadcasterMultipleBondingTest"/>
  <testcase name="broadcasterMultiplePushBondedTest" time="1.988" classname="com.zixi.load.testing.BroadcasterMultipleBondingTest"/>
</testsuite> <!-- com.zixi.load.testing.BroadcasterMultipleBondingTest -->
