<?xml version="1.0" encoding="UTF-8"?>
<!-- Generated by org.testng.reporters.JUnitReportReporter -->
<testsuite hostname="yuri-PC" name="com.zixi.testing.BroadcasterRtmpPushInputCreationStreamTest" tests="1" failures="0" timestamp="10 Jul 2016 16:15:37 GMT" time="0.852" errors="0">
  <testcase name="broadcasterRtmpPushTest" time="0.852" classname="com.zixi.testing.BroadcasterRtmpPushInputCreationStreamTest"/>
</testsuite> <!-- com.zixi.testing.BroadcasterRtmpPushInputCreationStreamTest -->
