<?xml version="1.0" encoding="UTF-8"?>
<!-- Generated by org.testng.reporters.JUnitReportReporter -->
<testsuite hostname="yuri-PC" name="com.zixi.testing.BroadcasterAddIntelTranscoderProfileTest" tests="3" failures="0" timestamp="1 May 2016 16:53:56 GMT" time="0.475" errors="0">
  <testcase name="broadcasterSingleInputStreamstatisticAnilyzer" time="0.200" classname="com.zixi.testing.BroadcasterAddIntelTranscoderProfileTest"/>
  <testcase name="broadcasterSingleInputStreamstatisticAnilyzer" time="0.138" classname="com.zixi.testing.BroadcasterAddIntelTranscoderProfileTest"/>
  <testcase name="broadcasterSingleInputStreamstatisticAnilyzer" time="0.137" classname="com.zixi.testing.BroadcasterAddIntelTranscoderProfileTest"/>
</testsuite> <!-- com.zixi.testing.BroadcasterAddIntelTranscoderProfileTest -->
