<?xml version="1.0" encoding="UTF-8"?>
<!-- Generated by org.testng.reporters.JUnitReportReporter -->
<testsuite hostname="yuri-PC" name="com.zixi.testing.ReceiverPullInputStreamDeletionTest" tests="6" failures="0" timestamp="5 Jan 2017 19:35:08 GMT" time="0.258" errors="0">
  <testcase name="feederOutputToBxTest" time="0.049" classname="com.zixi.testing.ReceiverPullInputStreamDeletionTest"/>
  <testcase name="feederOutputToBxTest" time="0.047" classname="com.zixi.testing.ReceiverPullInputStreamDeletionTest"/>
  <testcase name="feederOutputToBxTest" time="0.039" classname="com.zixi.testing.ReceiverPullInputStreamDeletionTest"/>
  <testcase name="feederOutputToBxTest" time="0.039" classname="com.zixi.testing.ReceiverPullInputStreamDeletionTest"/>
  <testcase name="feederOutputToBxTest" time="0.042" classname="com.zixi.testing.ReceiverPullInputStreamDeletionTest"/>
  <testcase name="feederOutputToBxTest" time="0.042" classname="com.zixi.testing.ReceiverPullInputStreamDeletionTest"/>
</testsuite> <!-- com.zixi.testing.ReceiverPullInputStreamDeletionTest -->
