<?xml version="1.0" encoding="UTF-8"?>
<!-- Generated by org.testng.reporters.JUnitReportReporter -->
<testsuite hostname="yuri-PC" name="com.zixi.testing.ReceiverOutputStreamDeletionTest" tests="6" failures="0" timestamp="5 Jan 2017 19:35:08 GMT" time="0.271" errors="0">
  <testcase name="receiverDeleteOutputStreamTest" time="0.040" classname="com.zixi.testing.ReceiverOutputStreamDeletionTest"/>
  <testcase name="receiverDeleteOutputStreamTest" time="0.041" classname="com.zixi.testing.ReceiverOutputStreamDeletionTest"/>
  <testcase name="receiverDeleteOutputStreamTest" time="0.046" classname="com.zixi.testing.ReceiverOutputStreamDeletionTest"/>
  <testcase name="receiverDeleteOutputStreamTest" time="0.041" classname="com.zixi.testing.ReceiverOutputStreamDeletionTest"/>
  <testcase name="receiverDeleteOutputStreamTest" time="0.059" classname="com.zixi.testing.ReceiverOutputStreamDeletionTest"/>
  <testcase name="receiverDeleteOutputStreamTest" time="0.044" classname="com.zixi.testing.ReceiverOutputStreamDeletionTest"/>
</testsuite> <!-- com.zixi.testing.ReceiverOutputStreamDeletionTest -->
