<?xml version="1.0" encoding="UTF-8"?>
<!-- Generated by org.testng.reporters.JUnitReportReporter -->
<testsuite hostname="yuri-PC" name="com.zixi.testing.ReceiverOutputStreamDeletionTest" tests="6" failures="0" timestamp="16 May 2016 18:04:56 GMT" time="0.472" errors="0">
  <testcase name="receiverDeleteOutputStreamTest" time="0.079" classname="com.zixi.testing.ReceiverOutputStreamDeletionTest"/>
  <testcase name="receiverDeleteOutputStreamTest" time="0.087" classname="com.zixi.testing.ReceiverOutputStreamDeletionTest"/>
  <testcase name="receiverDeleteOutputStreamTest" time="0.077" classname="com.zixi.testing.ReceiverOutputStreamDeletionTest"/>
  <testcase name="receiverDeleteOutputStreamTest" time="0.076" classname="com.zixi.testing.ReceiverOutputStreamDeletionTest"/>
  <testcase name="receiverDeleteOutputStreamTest" time="0.076" classname="com.zixi.testing.ReceiverOutputStreamDeletionTest"/>
  <testcase name="receiverDeleteOutputStreamTest" time="0.077" classname="com.zixi.testing.ReceiverOutputStreamDeletionTest"/>
</testsuite> <!-- com.zixi.testing.ReceiverOutputStreamDeletionTest -->
