<?xml version="1.0" encoding="UTF-8"?>
<!-- Generated by org.testng.reporters.JUnitReportReporter -->
<testsuite hostname="yuri-PC" name="com.zixi.load.testing.BroadcaserAllInputStreamDeletorTest" tests="2" failures="0" timestamp="29 Sep 2016 13:26:30 GMT" time="1.827" errors="0">
  <testcase name="broadcasterDeleteAllInputs" time="0.899" classname="com.zixi.load.testing.BroadcaserAllInputStreamDeletorTest"/>
  <testcase name="broadcasterDeleteAllInputs" time="0.928" classname="com.zixi.load.testing.BroadcaserAllInputStreamDeletorTest"/>
</testsuite> <!-- com.zixi.load.testing.BroadcaserAllInputStreamDeletorTest -->
