<?xml version="1.0" encoding="UTF-8"?>
<!-- Generated by org.testng.reporters.JUnitReportReporter -->
<testsuite hostname="yuri-PC" name="com.zixi.testing.BxFileTransferAndVodSettingsTest" tests="3" failures="0" timestamp="20 Jan 2016 13:49:34 GMT" time="1.336" errors="0">
  <testcase name="broadcasterSetBxFileTransferVodSettings" time="0.285" classname="com.zixi.testing.BxFileTransferAndVodSettingsTest"/>
  <testcase name="broadcasterSetBxFileTransferVodSettings" time="0.084" classname="com.zixi.testing.BxFileTransferAndVodSettingsTest"/>
  <testcase name="broadcasterSetBxFileTransferVodSettings" time="0.967" classname="com.zixi.testing.BxFileTransferAndVodSettingsTest"/>
</testsuite> <!-- com.zixi.testing.BxFileTransferAndVodSettingsTest -->
