<?xml version="1.0" encoding="UTF-8"?>
<!-- Generated by org.testng.reporters.JUnitReportReporter -->
<testsuite hostname="yuri-PC" name="com.zixi.load.testing.BroadcasterMultiplePushTest" tests="2" failures="0" timestamp="4 Aug 2016 14:18:27 GMT" time="16.342" errors="0">
  <testcase name="broadcasterMultiplePullInCreation" time="5.173" classname="com.zixi.load.testing.BroadcasterMultiplePushTest"/>
  <testcase name="broadcasterMultiplePullInCreation" time="11.169" classname="com.zixi.load.testing.BroadcasterMultiplePushTest"/>
</testsuite> <!-- com.zixi.load.testing.BroadcasterMultiplePushTest -->
