<?xml version="1.0" encoding="UTF-8"?>
<!-- Generated by org.testng.reporters.JUnitReportReporter -->
<testsuite hostname="yuri-PC" name="com.zixi.testing.FFMPEGImageStatisticTest" tests="4" failures="0" timestamp="9 Feb 2016 13:41:47 GMT" time="487.527" errors="0">
  <testcase name="broadcasterSingleInputStreamStatisticAnilyzer" time="121.085" classname="com.zixi.testing.FFMPEGImageStatisticTest"/>
  <testcase name="broadcasterSingleInputStreamStatisticAnilyzer" time="120.317" classname="com.zixi.testing.FFMPEGImageStatisticTest"/>
  <testcase name="broadcasterSingleInputStreamStatisticAnilyzer" time="125.053" classname="com.zixi.testing.FFMPEGImageStatisticTest"/>
  <testcase name="broadcasterSingleInputStreamStatisticAnilyzer" time="121.072" classname="com.zixi.testing.FFMPEGImageStatisticTest"/>
</testsuite> <!-- com.zixi.testing.FFMPEGImageStatisticTest -->
