<?xml version="1.0" encoding="UTF-8"?>
<!-- Generated by org.testng.reporters.JUnitReportReporter -->
<testsuite hostname="yuri-PC" name="com.zixi.maxwell.testing.BroadcasterAdaptiveStairsImpairmentTest" tests="3" failures="0" timestamp="20 Jul 2018 18:27:06 GMT" time="0.396" errors="0">
  <testcase name="broadcasterSetGlobalInpairment" time="0.207" classname="com.zixi.maxwell.testing.BroadcasterAdaptiveStairsImpairmentTest"/>
  <testcase name="broadcasterSetGlobalInpairment" time="0.094" classname="com.zixi.maxwell.testing.BroadcasterAdaptiveStairsImpairmentTest"/>
  <testcase name="broadcasterSetGlobalInpairment" time="0.095" classname="com.zixi.maxwell.testing.BroadcasterAdaptiveStairsImpairmentTest"/>
</testsuite> <!-- com.zixi.maxwell.testing.BroadcasterAdaptiveStairsImpairmentTest -->
