<?xml version="1.0" encoding="UTF-8"?>
<!-- Generated by org.testng.reporters.JUnitReportReporter -->
<testsuite hostname="yuri-PC" name="com.zixi.testing.FeederOutputPushToBxTest" tests="7" failures="0" timestamp="18 Aug 2016 10:20:18 GMT" time="5.279" errors="0">
  <testcase name="feederBondedPushOutputCreationTest" time="0.704" classname="com.zixi.testing.FeederOutputPushToBxTest"/>
  <testcase name="feederBondedPushOutputCreationTest" time="0.704" classname="com.zixi.testing.FeederOutputPushToBxTest"/>
  <testcase name="feederBondedPushOutputCreationTest" time="1.024" classname="com.zixi.testing.FeederOutputPushToBxTest"/>
  <testcase name="feederBondedPushOutputCreationTest" time="0.703" classname="com.zixi.testing.FeederOutputPushToBxTest"/>
  <testcase name="feederBondedPushOutputCreationTest" time="0.740" classname="com.zixi.testing.FeederOutputPushToBxTest"/>
  <testcase name="feederBondedPushOutputCreationTest" time="0.675" classname="com.zixi.testing.FeederOutputPushToBxTest"/>
  <testcase name="feederBondedPushOutputCreationTest" time="0.729" classname="com.zixi.testing.FeederOutputPushToBxTest"/>
</testsuite> <!-- com.zixi.testing.FeederOutputPushToBxTest -->
