<?xml version="1.0" encoding="UTF-8"?>
<!-- Generated by org.testng.reporters.JUnitReportReporter -->
<testsuite hostname="yuri-PC" name="com.zixi.testing.BroadcasterInputStreamManipulatorTest" tests="1" failures="0" timestamp="11 Feb 2018 15:59:53 GMT" time="189.652" errors="0">
  <testcase name="broadcasterStartStopRecording" time="189.652" classname="com.zixi.testing.BroadcasterInputStreamManipulatorTest"/>
</testsuite> <!-- com.zixi.testing.BroadcasterInputStreamManipulatorTest -->
