<?xml version="1.0" encoding="UTF-8"?>
<!-- Generated by org.testng.reporters.JUnitReportReporter -->
<testsuite hostname="yuri-PC" name="com.zixi.testing.BroadcasterPushOutStreamCreationTest" tests="6" failures="0" timestamp="4 Jan 2017 11:23:41 GMT" time="2.997" errors="0">
  <testcase name="broadcasterPullInCreation" time="0.550" classname="com.zixi.testing.BroadcasterPushOutStreamCreationTest"/>
  <testcase name="broadcasterPullInCreation" time="0.589" classname="com.zixi.testing.BroadcasterPushOutStreamCreationTest"/>
  <testcase name="broadcasterPullInCreation" time="0.458" classname="com.zixi.testing.BroadcasterPushOutStreamCreationTest"/>
  <testcase name="broadcasterPullInCreation" time="0.451" classname="com.zixi.testing.BroadcasterPushOutStreamCreationTest"/>
  <testcase name="broadcasterPullInCreation" time="0.485" classname="com.zixi.testing.BroadcasterPushOutStreamCreationTest"/>
  <testcase name="broadcasterPullInCreation" time="0.464" classname="com.zixi.testing.BroadcasterPushOutStreamCreationTest"/>
</testsuite> <!-- com.zixi.testing.BroadcasterPushOutStreamCreationTest -->
