<?xml version="1.0" encoding="UTF-8"?>
<!-- Generated by org.testng.reporters.JUnitReportReporter -->
<testsuite hostname="yuri-PC" name="com.zixi.testing.BroadcasterSingleInputStreamDeletionTest" tests="2" failures="0" timestamp="12 Oct 2015 11:44:00 GMT" time="0.078" errors="0">
  <testcase name="broadcasterInputStreamDeletion" time="0.043" classname="com.zixi.testing.BroadcasterSingleInputStreamDeletionTest"/>
  <testcase name="broadcasterInputStreamDeletion" time="0.035" classname="com.zixi.testing.BroadcasterSingleInputStreamDeletionTest"/>
</testsuite> <!-- com.zixi.testing.BroadcasterSingleInputStreamDeletionTest -->
