<?xml version="1.0" encoding="UTF-8"?>
<!-- Generated by org.testng.reporters.JUnitReportReporter -->
<testsuite hostname="yuri-PC" name="com.zixi.testing.BroadcasterSetRtmpSettingsTest" tests="1" failures="0" timestamp="6 Apr 2016 09:48:39 GMT" time="0.089" errors="0">
  <testcase name="broadcasterSingleStreamRemoving" time="0.089" classname="com.zixi.testing.BroadcasterSetRtmpSettingsTest"/>
</testsuite> <!-- com.zixi.testing.BroadcasterSetRtmpSettingsTest -->
