<?xml version="1.0" encoding="UTF-8"?>
<!-- Generated by org.testng.reporters.JUnitReportReporter -->
<testsuite hostname="yuri-PC" name="com.zixi.testing.BroadcasterUdpInStreamCreationTest" tests="5" failures="0" timestamp="8 Feb 2016 12:05:42 GMT" time="0.434" errors="0">
  <testcase name="broadcasterUdpInCreation" time="0.063" classname="com.zixi.testing.BroadcasterUdpInStreamCreationTest"/>
  <testcase name="broadcasterUdpInCreation" time="0.061" classname="com.zixi.testing.BroadcasterUdpInStreamCreationTest"/>
  <testcase name="broadcasterUdpInCreation" time="0.073" classname="com.zixi.testing.BroadcasterUdpInStreamCreationTest"/>
  <testcase name="broadcasterUdpInCreation" time="0.164" classname="com.zixi.testing.BroadcasterUdpInStreamCreationTest"/>
  <testcase name="broadcasterUdpInCreation" time="0.073" classname="com.zixi.testing.BroadcasterUdpInStreamCreationTest"/>
</testsuite> <!-- com.zixi.testing.BroadcasterUdpInStreamCreationTest -->
