<?xml version="1.0" encoding="UTF-8"?>
<!-- Generated by org.testng.reporters.JUnitReportReporter -->
<testsuite hostname="yuri-PC" name="com.zixi.testing.FFMPEGImageStatisticNegativeTest" tests="2" failures="0" timestamp="15 Jun 2016 11:36:09 GMT" time="402.618" errors="0">
  <testcase name="broadcasterSingleInputStreamStatisticAnilyzer" time="201.312" classname="com.zixi.testing.FFMPEGImageStatisticNegativeTest"/>
  <testcase name="broadcasterSingleInputStreamStatisticAnilyzer" time="201.306" classname="com.zixi.testing.FFMPEGImageStatisticNegativeTest"/>
</testsuite> <!-- com.zixi.testing.FFMPEGImageStatisticNegativeTest -->
