<?xml version="1.0" encoding="UTF-8"?>
<!-- Generated by org.testng.reporters.JUnitReportReporter -->
<testsuite hostname="yuri-PC" name="com.zixi.testing.ReceiverPullInputStreamCreationTest" tests="6" failures="0" timestamp="5 Jan 2017 19:35:08 GMT" time="0.285" errors="0">
  <testcase name="feederOutputToBxTest" time="0.036" classname="com.zixi.testing.ReceiverPullInputStreamCreationTest"/>
  <testcase name="feederOutputToBxTest" time="0.072" classname="com.zixi.testing.ReceiverPullInputStreamCreationTest"/>
  <testcase name="feederOutputToBxTest" time="0.045" classname="com.zixi.testing.ReceiverPullInputStreamCreationTest"/>
  <testcase name="feederOutputToBxTest" time="0.041" classname="com.zixi.testing.ReceiverPullInputStreamCreationTest"/>
  <testcase name="feederOutputToBxTest" time="0.052" classname="com.zixi.testing.ReceiverPullInputStreamCreationTest"/>
  <testcase name="feederOutputToBxTest" time="0.039" classname="com.zixi.testing.ReceiverPullInputStreamCreationTest"/>
</testsuite> <!-- com.zixi.testing.ReceiverPullInputStreamCreationTest -->
