<?xml version="1.0" encoding="UTF-8"?>
<!-- Generated by org.testng.reporters.JUnitReportReporter -->
<testsuite hostname="yuri-PC" name="com.zixi.testing.BroadcasterPullOutputTest" tests="2" failures="0" timestamp="1 Mar 2016 14:54:42 GMT" time="0.123" errors="0">
  <testcase name="broadcasterPullInCreation" time="0.062" classname="com.zixi.testing.BroadcasterPullOutputTest"/>
  <testcase name="broadcasterPullInCreation" time="0.061" classname="com.zixi.testing.BroadcasterPullOutputTest"/>
</testsuite> <!-- com.zixi.testing.BroadcasterPullOutputTest -->
