<?xml version="1.0" encoding="UTF-8"?>
<!-- Generated by org.testng.reporters.JUnitReportReporter -->
<testsuite hostname="yuri-PC" name="com.zixi.load.testing.BroadcaserAllInputStreamDeletorTest" tests="6" failures="0" timestamp="31 Aug 2016 14:11:49 GMT" time="6.595" errors="0">
  <testcase name="broadcasterDeleteAllInputs" time="1.195" classname="com.zixi.load.testing.BroadcaserAllInputStreamDeletorTest"/>
  <testcase name="broadcasterDeleteAllInputs" time="1.047" classname="com.zixi.load.testing.BroadcaserAllInputStreamDeletorTest"/>
  <testcase name="broadcasterDeleteAllInputs" time="1.092" classname="com.zixi.load.testing.BroadcaserAllInputStreamDeletorTest"/>
  <testcase name="broadcasterDeleteAllInputs" time="0.968" classname="com.zixi.load.testing.BroadcaserAllInputStreamDeletorTest"/>
  <testcase name="broadcasterDeleteAllInputs" time="1.193" classname="com.zixi.load.testing.BroadcaserAllInputStreamDeletorTest"/>
  <testcase name="broadcasterDeleteAllInputs" time="1.100" classname="com.zixi.load.testing.BroadcaserAllInputStreamDeletorTest"/>
</testsuite> <!-- com.zixi.load.testing.BroadcaserAllInputStreamDeletorTest -->
