<?xml version="1.0" encoding="UTF-8"?>
<!-- Generated by org.testng.reporters.JUnitReportReporter -->
<testsuite hostname="yuri-PC" name="com.zixi.testing.FeederUdpOutToFfmpegTest" tests="2" failures="0" timestamp="7 Apr 2016 10:18:46 GMT" time="0.247" errors="0">
  <testcase name="broadcasterSingleStreamRemoving" time="0.071" classname="com.zixi.testing.FeederUdpOutToFfmpegTest"/>
  <testcase name="broadcasterSingleStreamRemoving" time="0.176" classname="com.zixi.testing.FeederUdpOutToFfmpegTest"/>
</testsuite> <!-- com.zixi.testing.FeederUdpOutToFfmpegTest -->
