<?xml version="1.0" encoding="UTF-8"?>
<!-- Generated by org.testng.reporters.JUnitReportReporter -->
<testsuite hostname="yuri-PC" name="com.zixi.testing.FFMPEGBondingBackupTest" tests="2" failures="0" timestamp="10 Jan 2018 20:11:44 GMT" time="242.351" errors="0">
  <testcase name="ffmpegBondingTestBackUpScenarioFullLimitation" time="121.167" classname="com.zixi.testing.FFMPEGBondingBackupTest"/>
  <testcase name="ffmpegBondingTestBackUpScenarioFullLimitation" time="121.184" classname="com.zixi.testing.FFMPEGBondingBackupTest"/>
</testsuite> <!-- com.zixi.testing.FFMPEGBondingBackupTest -->
