<?xml version="1.0" encoding="UTF-8"?>
<!-- Generated by org.testng.reporters.JUnitReportReporter -->
<<<<<<< HEAD
<testsuite hostname="yuri-PC" name="com.zixi.testing.BroadcasterSingleInputStreamDeletionTest" tests="4" failures="0" timestamp="15 May 2016 08:53:53 GMT" time="0.273" errors="0">
  <testcase name="broadcasterInputStreamDeletion" time="0.064" classname="com.zixi.testing.BroadcasterSingleInputStreamDeletionTest"/>
  <testcase name="broadcasterInputStreamDeletion" time="0.069" classname="com.zixi.testing.BroadcasterSingleInputStreamDeletionTest"/>
  <testcase name="broadcasterInputStreamDeletion" time="0.070" classname="com.zixi.testing.BroadcasterSingleInputStreamDeletionTest"/>
  <testcase name="broadcasterInputStreamDeletion" time="0.070" classname="com.zixi.testing.BroadcasterSingleInputStreamDeletionTest"/>
=======
<testsuite hostname="yuri-PC" name="com.zixi.testing.BroadcasterSingleInputStreamDeletionTest" tests="1" failures="0" timestamp="23 May 2016 11:33:08 GMT" time="0.926" errors="0">
  <testcase name="broadcasterInputStreamDeletion" time="0.926" classname="com.zixi.testing.BroadcasterSingleInputStreamDeletionTest"/>
>>>>>>> centos7_new_setup
</testsuite> <!-- com.zixi.testing.BroadcasterSingleInputStreamDeletionTest -->
