<?xml version="1.0" encoding="UTF-8"?>
<!-- Generated by org.testng.reporters.JUnitReportReporter -->
<testsuite hostname="yuri-PC" name="com.zixi.testing.BroadcasterAddTranscoderProfileTest" tests="4" failures="0" timestamp="7 Dec 2015 13:36:39 GMT" time="0.286" errors="0">
  <testcase name="broadcasterSingleInputStreamstatisticAnilyzer" time="0.069" classname="com.zixi.testing.BroadcasterAddTranscoderProfileTest"/>
  <testcase name="broadcasterSingleInputStreamstatisticAnilyzer" time="0.064" classname="com.zixi.testing.BroadcasterAddTranscoderProfileTest"/>
  <testcase name="broadcasterSingleInputStreamstatisticAnilyzer" time="0.070" classname="com.zixi.testing.BroadcasterAddTranscoderProfileTest"/>
  <testcase name="broadcasterSingleInputStreamstatisticAnilyzer" time="0.083" classname="com.zixi.testing.BroadcasterAddTranscoderProfileTest"/>
</testsuite> <!-- com.zixi.testing.BroadcasterAddTranscoderProfileTest -->
