<?xml version="1.0" encoding="UTF-8"?>
<!-- Generated by org.testng.reporters.JUnitReportReporter -->
<testsuite hostname="yuri-PC" name="com.zixi.testing.BroadcasterInputStatisticSingleStreamTest" tests="6" failures="0" timestamp="5 Jan 2017 10:21:19 GMT" time="424.071" errors="0">
  <testcase name="broadcasterSingleInputStreamStatisticAnilyzer" time="70.640" classname="com.zixi.testing.BroadcasterInputStatisticSingleStreamTest"/>
  <testcase name="broadcasterSingleInputStreamStatisticAnilyzer" time="70.627" classname="com.zixi.testing.BroadcasterInputStatisticSingleStreamTest"/>
  <testcase name="broadcasterSingleInputStreamStatisticAnilyzer" time="70.699" classname="com.zixi.testing.BroadcasterInputStatisticSingleStreamTest"/>
  <testcase name="broadcasterSingleInputStreamStatisticAnilyzer" time="70.644" classname="com.zixi.testing.BroadcasterInputStatisticSingleStreamTest"/>
  <testcase name="broadcasterSingleInputStreamStatisticAnilyzer" time="70.752" classname="com.zixi.testing.BroadcasterInputStatisticSingleStreamTest"/>
  <testcase name="broadcasterSingleInputStreamStatisticAnilyzer" time="70.709" classname="com.zixi.testing.BroadcasterInputStatisticSingleStreamTest"/>
</testsuite> <!-- com.zixi.testing.BroadcasterInputStatisticSingleStreamTest -->
