<?xml version="1.0" encoding="UTF-8"?>
<!-- Generated by org.testng.reporters.JUnitReportReporter -->
<testsuite hostname="yuri-PC" name="com.zixi.testing.BroadcasterFailOverInputCreationTest" tests="40" failures="1" timestamp="1 Aug 2018 15:37:38 GMT" time="9.925" errors="0">
  <testcase name="broadcasterCreateFileInout" time="0.176" classname="com.zixi.testing.BroadcasterFailOverInputCreationTest"/>
  <testcase name="broadcasterCreateFileInout" time="0.187" classname="com.zixi.testing.BroadcasterFailOverInputCreationTest"/>
  <testcase name="broadcasterCreateFileInout" time="0.184" classname="com.zixi.testing.BroadcasterFailOverInputCreationTest"/>
  <testcase name="broadcasterCreateFileInout" time="0.194" classname="com.zixi.testing.BroadcasterFailOverInputCreationTest"/>
  <testcase name="broadcasterCreateFileInout" time="0.173" classname="com.zixi.testing.BroadcasterFailOverInputCreationTest"/>
  <testcase name="broadcasterCreateFileInout" time="0.204" classname="com.zixi.testing.BroadcasterFailOverInputCreationTest"/>
  <testcase name="broadcasterCreateFileInout" time="0.187" classname="com.zixi.testing.BroadcasterFailOverInputCreationTest"/>
  <testcase name="broadcasterCreateFileInout" time="0.180" classname="com.zixi.testing.BroadcasterFailOverInputCreationTest"/>
  <testcase name="broadcasterCreateFileInout" time="0.193" classname="com.zixi.testing.BroadcasterFailOverInputCreationTest"/>
  <testcase name="broadcasterCreateFileInout" time="0.182" classname="com.zixi.testing.BroadcasterFailOverInputCreationTest"/>
  <testcase name="broadcasterCreateFileInout" time="2.806" classname="com.zixi.testing.BroadcasterFailOverInputCreationTest">
    <failure type="java.lang.AssertionError" message="expected [Stream &#039;tg9&#039; added.] but found [{&quot;error&quot;:&quot;Failed adding stream; Enter components&quot;,&quot;streams&quot;:[{&quot;id&quot;:&quot;test0&quot;,&quot;oid&quot;:1,&quot;remote_id&quot;:&quot;localhost.localdomain&quot;,&quot;source&quot;:&quot;192.168.5.10&quot;,&quot;remote_ip&quot;:&quot;192.168.5.10&quot;,&quot;status&quot;:&quot;Connected&quot;,&quot;error&quot;:&quot;None&quot;,&quot;error_code&quot;:0,&quot;clients&quot;:0,&quot;latency&quot;:6000,&quot;rtt&quot;:&quot;5/1&quot;,&quot;bitrate&quot;:12039320,&quot;device&quot;:&quot;Linux 64bit&quot;,&quot;app&quot;:&quot;Broadcaster&quot;,&quot;build&quot;:29361,&quot;maxbitrate&quot;:60006080,&quot;maxouts&quot;:-1,&quot;mcast_out&quot;:0,&quot;mcast_out_force&quot;:0,&quot;encrypted&quot;:0,&quot;user_data&quot;:&quot;&quot;,&quot;dtls&quot;:0,&quot;cert&quot;:&quot;&quot;,&quot;stats_mask&quot;:151,&quot;time_shift&quot;:0,&quot;permanent&quot;:1,&quot;up_time&quot;:&quot;00:00:27&quot;,&quot;up_time_seconds&quot;:27,&quot;change_time&quot;:&quot;2018-Aug-01 18:37:10&quot;,&quot;change_time_seconds_ago&quot;:26,&quot;type_code&quot;:23,&quot;type&quot;:&quot;Push&quot;,&quot;type_string&quot;:&quot;Push&quot;,&quot;present_in_matrix&quot;:1,&quot;preview_status&quot;:0,&quot;preview_error&quot;:&quot;&quot;,&quot;video_codec&quot;:&quot;&quot;,&quot;audio_codec&quot;:&quot;&quot;,&quot;stream_alerts&quot;:0,&quot;analyze&quot;:0,&quot;live_recording_status&quot;:{&quot;defined&quot;:0,&quot;active&quot;:0},&quot;tr101&quot;:[],&quot;path&quot;:&quot;&quot;,&quot;size&quot;:0},{&quot;id&quot;:&quot;test2&quot;,&quot;oid&quot;:2,&quot;remote_id&quot;:&quot;localhost.localdomain&quot;,&quot;source&quot;:&quot;192.168.5.10&quot;,&quot;remote_ip&quot;:&quot;192.168.5.10&quot;,&quot;status&quot;:&quot;Connected&quot;,&quot;error&quot;:&quot;None&quot;,&quot;error_code&quot;:0,&quot;clients&quot;:0,&quot;latency&quot;:6000,&quot;rtt&quot;:&quot;5/1&quot;,&quot;bitrate&quot;:11365480,&quot;device&quot;:&quot;Linux 64bit&quot;,&quot;app&quot;:&quot;Broadcaster&quot;,&quot;build&quot;:29361,&quot;maxbitrate&quot;:60006080,&quot;maxouts&quot;:-1,&quot;mcast_out&quot;:0,&quot;mcast_out_force&quot;:0,&quot;encrypted&quot;:0,&quot;user_data&quot;:&quot;&quot;,&quot;dtls&quot;:0,&quot;cert&quot;:&quot;&quot;,&quot;stats_mask&quot;:151,&quot;time_shift&quot;:0,&quot;permanent&quot;:1,&quot;up_time&quot;:&quot;00:00:27&quot;,&quot;up_time_seconds&quot;:27,&quot;change_time&quot;:&quot;2018-Aug-01 18:37:09&quot;,&quot;change_time_seconds_ago&quot;:27,&quot;type_code&quot;:23,&quot;type&quot;:&quot;Push&quot;,&quot;type_string&quot;:&quot;Push&quot;,&quot;present_in_matrix&quot;:1,&quot;preview_status&quot;:0,&quot;preview_error&quot;:&quot;&quot;,&quot;video_codec&quot;:&quot;&quot;,&quot;audio_codec&quot;:&quot;&quot;,&quot;stream_alerts&quot;:0,&quot;analyze&quot;:0,&quot;live_recording_status&quot;:{&quot;defined&quot;:0,&quot;active&quot;:0},&quot;tr101&quot;:[],&quot;path&quot;:&quot;&quot;,&quot;size&quot;:0},{&quot;id&quot;:&quot;test6&quot;,&quot;oid&quot;:3,&quot;remote_id&quot;:&quot;localhost.localdomain&quot;,&quot;source&quot;:&quot;192.168.5.10&quot;,&quot;remote_ip&quot;:&quot;192.168.5.10&quot;,&quot;status&quot;:&quot;Connected&quot;,&quot;error&quot;:&quot;None&quot;,&quot;error_code&quot;:0,&quot;clients&quot;:0,&quot;latency&quot;:6000,&quot;rtt&quot;:&quot;5/1&quot;,&quot;bitrate&quot;:11313430,&quot;device&quot;:&quot;Linux 64bit&quot;,&quot;app&quot;:&quot;Broadcaster&quot;,&quot;build&quot;:29361,&quot;maxbitrate&quot;:60006080,&quot;maxouts&quot;:-1,&quot;mcast_out&quot;:0,&quot;mcast_out_force&quot;:0,&quot;encrypted&quot;:0,&quot;user_data&quot;:&quot;&quot;,&quot;dtls&quot;:0,&quot;cert&quot;:&quot;&quot;,&quot;stats_mask&quot;:151,&quot;time_shift&quot;:0,&quot;permanent&quot;:1,&quot;up_time&quot;:&quot;00:00:24&quot;,&quot;up_time_seconds&quot;:24,&quot;change_time&quot;:&quot;2018-Aug-01 18:37:12&quot;,&quot;change_time_seconds_ago&quot;:24,&quot;type_code&quot;:23,&quot;type&quot;:&quot;Push&quot;,&quot;type_string&quot;:&quot;Push&quot;,&quot;present_in_matrix&quot;:1,&quot;preview_status&quot;:0,&quot;preview_error&quot;:&quot;&quot;,&quot;video_codec&quot;:&quot;&quot;,&quot;audio_codec&quot;:&quot;&quot;,&quot;stream_alerts&quot;:0,&quot;analyze&quot;:0,&quot;live_recording_status&quot;:{&quot;defined&quot;:0,&quot;active&quot;:0},&quot;tr101&quot;:[],&quot;path&quot;:&quot;&quot;,&quot;size&quot;:0},{&quot;id&quot;:&quot;test1&quot;,&quot;oid&quot;:4,&quot;remote_id&quot;:&quot;localhost.localdomain&quot;,&quot;source&quot;:&quot;192.168.5.10&quot;,&quot;remote_ip&quot;:&quot;192.168.5.10&quot;,&quot;status&quot;:&quot;Connected&quot;,&quot;error&quot;:&quot;None&quot;,&quot;error_code&quot;:0,&quot;clients&quot;:0,&quot;latency&quot;:6000,&quot;rtt&quot;:&quot;5/1&quot;,&quot;bitrate&quot;:11439888,&quot;device&quot;:&quot;Linux 64bit&quot;,&quot;app&quot;:&quot;Broadcaster&quot;,&quot;build&quot;:29361,&quot;maxbitrate&quot;:60006080,&quot;maxouts&quot;:-1,&quot;mcast_out&quot;:0,&quot;mcast_out_force&quot;:0,&quot;encrypted&quot;:0,&quot;user_data&quot;:&quot;&quot;,&quot;dtls&quot;:0,&quot;cert&quot;:&quot;&quot;,&quot;stats_mask&quot;:151,&quot;time_shift&quot;:0,&quot;permanent&quot;:1,&quot;up_time&quot;:&quot;00:00:27&quot;,&quot;up_time_seconds&quot;:27,&quot;change_time&quot;:&quot;2018-Aug-01 18:37:09&quot;,&quot;change_time_seconds_ago&quot;:27,&quot;type_code&quot;:23,&quot;type&quot;:&quot;Push&quot;,&quot;type_string&quot;:&quot;Push&quot;,&quot;present_in_matrix&quot;:1,&quot;preview_status&quot;:0,&quot;preview_error&quot;:&quot;&quot;,&quot;video_codec&quot;:&quot;&quot;,&quot;audio_codec&quot;:&quot;&quot;,&quot;stream_alerts&quot;:0,&quot;analyze&quot;:0,&quot;live_recording_status&quot;:{&quot;defined&quot;:0,&quot;active&quot;:0},&quot;tr101&quot;:[],&quot;path&quot;:&quot;&quot;,&quot;size&quot;:0},{&quot;id&quot;:&quot;test5&quot;,&quot;oid&quot;:5,&quot;remote_id&quot;:&quot;localhost.localdomain&quot;,&quot;source&quot;:&quot;192.168.5.10&quot;,&quot;remote_ip&quot;:&quot;192.168.5.10&quot;,&quot;status&quot;:&quot;Connected&quot;,&quot;error&quot;:&quot;None&quot;,&quot;error_code&quot;:0,&quot;clients&quot;:0,&quot;latency&quot;:6000,&quot;rtt&quot;:&quot;5/1&quot;,&quot;bitrate&quot;:11518049,&quot;device&quot;:&quot;Linux 64bit&quot;,&quot;app&quot;:&quot;Broadcaster&quot;,&quot;build&quot;:29361,&quot;maxbitrate&quot;:60006080,&quot;maxouts&quot;:-1,&quot;mcast_out&quot;:0,&quot;mcast_out_force&quot;:0,&quot;encrypted&quot;:0,&quot;user_data&quot;:&quot;&quot;,&quot;dtls&quot;:0,&quot;cert&quot;:&quot;&quot;,&quot;stats_mask&quot;:151,&quot;time_shift&quot;:0,&quot;permanent&quot;:1,&quot;up_time&quot;:&quot;00:00:23&quot;,&quot;up_time_seconds&quot;:23,&quot;change_time&quot;:&quot;2018-Aug-01 18:37:13&quot;,&quot;change_time_seconds_ago&quot;:23,&quot;type_code&quot;:23,&quot;type&quot;:&quot;Push&quot;,&quot;type_string&quot;:&quot;Push&quot;,&quot;present_in_matrix&quot;:1,&quot;preview_status&quot;:0,&quot;preview_error&quot;:&quot;&quot;,&quot;video_codec&quot;:&quot;&quot;,&quot;audio_codec&quot;:&quot;&quot;,&quot;stream_alerts&quot;:0,&quot;analyze&quot;:0,&quot;live_recording_status&quot;:{&quot;defined&quot;:0,&quot;active&quot;:0},&quot;tr101&quot;:[],&quot;path&quot;:&quot;&quot;,&quot;size&quot;:0},{&quot;id&quot;:&quot;test9&quot;,&quot;oid&quot;:6,&quot;remote_id&quot;:&quot;localhost.localdomain&quot;,&quot;source&quot;:&quot;192.168.5.10&quot;,&quot;remote_ip&quot;:&quot;192.168.5.10&quot;,&quot;status&quot;:&quot;Connected&quot;,&quot;error&quot;:&quot;None&quot;,&quot;error_code&quot;:0,&quot;clients&quot;:0,&quot;latency&quot;:6000,&quot;rtt&quot;:&quot;5/1&quot;,&quot;bitrate&quot;:11304704,&quot;device&quot;:&quot;Linux 64bit&quot;,&quot;app&quot;:&quot;Broadcaster&quot;,&quot;build&quot;:29361,&quot;maxbitrate&quot;:60006080,&quot;maxouts&quot;:-1,&quot;mcast_out&quot;:0,&quot;mcast_out_force&quot;:0,&quot;encrypted&quot;:0,&quot;user_data&quot;:&quot;&quot;,&quot;dtls&quot;:0,&quot;cert&quot;:&quot;&quot;,&quot;stats_mask&quot;:151,&quot;time_shift&quot;:0,&quot;permanent&quot;:1,&quot;up_time&quot;:&quot;00:00:21&quot;,&quot;up_time_seconds&quot;:21,&quot;change_time&quot;:&quot;2018-Aug-01 18:37:15&quot;,&quot;change_time_seconds_ago&quot;:21,&quot;type_code&quot;:23,&quot;type&quot;:&quot;Push&quot;,&quot;type_string&quot;:&quot;Push&quot;,&quot;present_in_matrix&quot;:1,&quot;preview_status&quot;:0,&quot;preview_error&quot;:&quot;&quot;,&quot;video_codec&quot;:&quot;&quot;,&quot;audio_codec&quot;:&quot;&quot;,&quot;stream_alerts&quot;:0,&quot;analyze&quot;:0,&quot;live_recording_status&quot;:{&quot;defined&quot;:0,&quot;active&quot;:0},&quot;tr101&quot;:[],&quot;path&quot;:&quot;&quot;,&quot;size&quot;:0},{&quot;id&quot;:&quot;test4&quot;,&quot;oid&quot;:7,&quot;remote_id&quot;:&quot;localhost.localdomain&quot;,&quot;source&quot;:&quot;192.168.5.10&quot;,&quot;remote_ip&quot;:&quot;192.168.5.10&quot;,&quot;status&quot;:&quot;Connected&quot;,&quot;error&quot;:&quot;None&quot;,&quot;error_code&quot;:0,&quot;clients&quot;:0,&quot;latency&quot;:6000,&quot;rtt&quot;:&quot;5/1&quot;,&quot;bitrate&quot;:11072375,&quot;device&quot;:&quot;Linux 64bit&quot;,&quot;app&quot;:&quot;Broadcaster&quot;,&quot;build&quot;:29361,&quot;maxbitrate&quot;:60006080,&quot;maxouts&quot;:-1,&quot;mcast_out&quot;:0,&quot;mcast_out_force&quot;:0,&quot;encrypted&quot;:0,&quot;user_data&quot;:&quot;&quot;,&quot;dtls&quot;:0,&quot;cert&quot;:&quot;&quot;,&quot;stats_mask&quot;:151,&quot;time_shift&quot;:0,&quot;permanent&quot;:1,&quot;up_time&quot;:&quot;00:00:25&quot;,&quot;up_time_seconds&quot;:25,&quot;change_time&quot;:&quot;2018-Aug-01 18:37:11&quot;,&quot;change_time_seconds_ago&quot;:25,&quot;type_code&quot;:23,&quot;type&quot;:&quot;Push&quot;,&quot;type_string&quot;:&quot;Push&quot;,&quot;present_in_matrix&quot;:1,&quot;preview_status&quot;:0,&quot;preview_error&quot;:&quot;&quot;,&quot;video_codec&quot;:&quot;&quot;,&quot;audio_codec&quot;:&quot;&quot;,&quot;stream_alerts&quot;:0,&quot;analyze&quot;:0,&quot;live_recording_status&quot;:{&quot;defined&quot;:0,&quot;active&quot;:0},&quot;tr101&quot;:[],&quot;path&quot;:&quot;&quot;,&quot;size&quot;:0},{&quot;id&quot;:&quot;test7&quot;,&quot;oid&quot;:8,&quot;remote_id&quot;:&quot;localhost.localdomain&quot;,&quot;source&quot;:&quot;192.168.5.10&quot;,&quot;remote_ip&quot;:&quot;192.168.5.10&quot;,&quot;status&quot;:&quot;Connected&quot;,&quot;error&quot;:&quot;None&quot;,&quot;error_code&quot;:0,&quot;clients&quot;:0,&quot;latency&quot;:6000,&quot;rtt&quot;:&quot;5/1&quot;,&quot;bitrate&quot;:11294905,&quot;device&quot;:&quot;Linux 64bit&quot;,&quot;app&quot;:&quot;Broadcaster&quot;,&quot;build&quot;:29361,&quot;maxbitrate&quot;:60006080,&quot;maxouts&quot;:-1,&quot;mcast_out&quot;:0,&quot;mcast_out_force&quot;:0,&quot;encrypted&quot;:0,&quot;user_data&quot;:&quot;&quot;,&quot;dtls&quot;:0,&quot;cert&quot;:&quot;&quot;,&quot;stats_mask&quot;:151,&quot;time_shift&quot;:0,&quot;permanent&quot;:1,&quot;up_time&quot;:&quot;00:00:24&quot;,&quot;up_time_seconds&quot;:24,&quot;change_time&quot;:&quot;2018-Aug-01 18:37:12&quot;,&quot;change_time_seconds_ago&quot;:24,&quot;type_code&quot;:23,&quot;type&quot;:&quot;Push&quot;,&quot;type_string&quot;:&quot;Push&quot;,&quot;present_in_matrix&quot;:1,&quot;preview_status&quot;:0,&quot;preview_error&quot;:&quot;&quot;,&quot;video_codec&quot;:&quot;&quot;,&quot;audio_codec&quot;:&quot;&quot;,&quot;stream_alerts&quot;:0,&quot;analyze&quot;:0,&quot;live_recording_status&quot;:{&quot;defined&quot;:0,&quot;active&quot;:0},&quot;tr101&quot;:[],&quot;path&quot;:&quot;&quot;,&quot;size&quot;:0},{&quot;id&quot;:&quot;test3&quot;,&quot;oid&quot;:9,&quot;remote_id&quot;:&quot;localhost.localdomain&quot;,&quot;source&quot;:&quot;192.168.5.10&quot;,&quot;remote_ip&quot;:&quot;192.168.5.10&quot;,&quot;status&quot;:&quot;Connected&quot;,&quot;error&quot;:&quot;None&quot;,&quot;error_code&quot;:0,&quot;clients&quot;:0,&quot;latency&quot;:6000,&quot;rtt&quot;:&quot;5/1&quot;,&quot;bitrate&quot;:11832871,&quot;device&quot;:&quot;Linux 64bit&quot;,&quot;app&quot;:&quot;Broadcaster&quot;,&quot;build&quot;:29361,&quot;maxbitrate&quot;:60006080,&quot;maxouts&quot;:-1,&quot;mcast_out&quot;:0,&quot;mcast_out_force&quot;:0,&quot;encrypted&quot;:0,&quot;user_data&quot;:&quot;&quot;,&quot;dtls&quot;:0,&quot;cert&quot;:&quot;&quot;,&quot;stats_mask&quot;:151,&quot;time_shift&quot;:0,&quot;permanent&quot;:1,&quot;up_time&quot;:&quot;00:00:23&quot;,&quot;up_time_seconds&quot;:23,&quot;change_time&quot;:&quot;2018-Aug-01 18:37:14&quot;,&quot;change_time_seconds_ago&quot;:22,&quot;type_code&quot;:23,&quot;type&quot;:&quot;Push&quot;,&quot;type_string&quot;:&quot;Push&quot;,&quot;present_in_matrix&quot;:1,&quot;preview_status&quot;:0,&quot;preview_error&quot;:&quot;&quot;,&quot;video_codec&quot;:&quot;&quot;,&quot;audio_codec&quot;:&quot;&quot;,&quot;stream_alerts&quot;:0,&quot;analyze&quot;:0,&quot;live_recording_status&quot;:{&quot;defined&quot;:0,&quot;active&quot;:0},&quot;tr101&quot;:[],&quot;path&quot;:&quot;&quot;,&quot;size&quot;:0},{&quot;id&quot;:&quot;test8&quot;,&quot;oid&quot;:10,&quot;remote_id&quot;:&quot;localhost.localdomain&quot;,&quot;source&quot;:&quot;192.168.5.10&quot;,&quot;remote_ip&quot;:&quot;192.168.5.10&quot;,&quot;status&quot;:&quot;Connected&quot;,&quot;error&quot;:&quot;None&quot;,&quot;error_code&quot;:0,&quot;clients&quot;:0,&quot;latency&quot;:6000,&quot;rtt&quot;:&quot;5/1&quot;,&quot;bitrate&quot;:11418109,&quot;device&quot;:&quot;Linux 64bit&quot;,&quot;app&quot;:&quot;Broadcaster&quot;,&quot;build&quot;:29361,&quot;maxbitrate&quot;:60006080,&quot;maxouts&quot;:-1,&quot;mcast_out&quot;:0,&quot;mcast_out_force&quot;:0,&quot;encrypted&quot;:0,&quot;user_data&quot;:&quot;&quot;,&quot;dtls&quot;:0,&quot;cert&quot;:&quot;&quot;,&quot;stats_mask&quot;:151,&quot;time_shift&quot;:0,&quot;permanent&quot;:1,&quot;up_time&quot;:&quot;00:00:23&quot;,&quot;up_time_seconds&quot;:23,&quot;change_time&quot;:&quot;2018-Aug-01 18:37:13&quot;,&quot;change_time_seconds_ago&quot;:23,&quot;type_code&quot;:23,&quot;type&quot;:&quot;Push&quot;,&quot;type_string&quot;:&quot;Push&quot;,&quot;present_in_matrix&quot;:1,&quot;preview_status&quot;:0,&quot;preview_error&quot;:&quot;&quot;,&quot;video_codec&quot;:&quot;&quot;,&quot;audio_codec&quot;:&quot;&quot;,&quot;stream_alerts&quot;:0,&quot;analyze&quot;:0,&quot;live_recording_status&quot;:{&quot;defined&quot;:0,&quot;active&quot;:0},&quot;tr101&quot;:[],&quot;path&quot;:&quot;&quot;,&quot;size&quot;:0},{&quot;id&quot;:&quot;test10&quot;,&quot;oid&quot;:11,&quot;remote_id&quot;:&quot;localhost.localdomain&quot;,&quot;source&quot;:&quot;192.168.5.10&quot;,&quot;remote_ip&quot;:&quot;192.168.5.10&quot;,&quot;status&quot;:&quot;Connected&quot;,&quot;error&quot;:&quot;None&quot;,&quot;error_code&quot;:0,&quot;clients&quot;:0,&quot;latency&quot;:6000,&quot;rtt&quot;:&quot;5/1&quot;,&quot;bitrate&quot;:11194157,&quot;device&quot;:&quot;Linux 64bit&quot;,&quot;app&quot;:&quot;Broadcaster&quot;,&quot;build&quot;:29361,&quot;maxbitrate&quot;:60006080,&quot;maxouts&quot;:-1,&quot;mcast_out&quot;:0,&quot;mcast_out_force&quot;:0,&quot;encrypted&quot;:0,&quot;user_data&quot;:&quot;&quot;,&quot;dtls&quot;:0,&quot;cert&quot;:&quot;&quot;,&quot;stats_mask&quot;:151,&quot;time_shift&quot;:0,&quot;permanent&quot;:1,&quot;up_time&quot;:&quot;00:00:27&quot;,&quot;up_time_seconds&quot;:27,&quot;change_time&quot;:&quot;2018-Aug-01 18:37:09&quot;,&quot;change_time_seconds_ago&quot;:27,&quot;type_code&quot;:23,&quot;type&quot;:&quot;Push&quot;,&quot;type_string&quot;:&quot;Push&quot;,&quot;present_in_matrix&quot;:1,&quot;preview_status&quot;:0,&quot;preview_error&quot;:&quot;&quot;,&quot;video_codec&quot;:&quot;&quot;,&quot;audio_codec&quot;:&quot;&quot;,&quot;stream_alerts&quot;:0,&quot;analyze&quot;:0,&quot;live_recording_status&quot;:{&quot;defined&quot;:0,&quot;active&quot;:0},&quot;tr101&quot;:[],&quot;path&quot;:&quot;&quot;,&quot;size&quot;:0},{&quot;id&quot;:&quot;test11&quot;,&quot;oid&quot;:12,&quot;remote_id&quot;:&quot;localhost.localdomain&quot;,&quot;source&quot;:&quot;192.168.5.10&quot;,&quot;remote_ip&quot;:&quot;192.168.5.10&quot;,&quot;status&quot;:&quot;Connected&quot;,&quot;error&quot;:&quot;None&quot;,&quot;error_code&quot;:0,&quot;clients&quot;:0,&quot;latency&quot;:6000,&quot;rtt&quot;:&quot;5/1&quot;,&quot;bitrate&quot;:11335920,&quot;device&quot;:&quot;Linux 64bit&quot;,&quot;app&quot;:&quot;Broadcaster&quot;,&quot;build&quot;:29361,&quot;maxbitrate&quot;:60006080,&quot;maxouts&quot;:-1,&quot;mcast_out&quot;:0,&quot;mcast_out_force&quot;:0,&quot;encrypted&quot;:0,&quot;user_data&quot;:&quot;&quot;,&quot;dtls&quot;:0,&quot;cert&quot;:&quot;&quot;,&quot;stats_mask&quot;:151,&quot;time_shift&quot;:0,&quot;permanent&quot;:1,&quot;up_time&quot;:&quot;00:00:27&quot;,&quot;up_time_seconds&quot;:27,&quot;change_time&quot;:&quot;2018-Aug-01 18:37:09&quot;,&quot;change_time_seconds_ago&quot;:27,&quot;type_code&quot;:23,&quot;type&quot;:&quot;Push&quot;,&quot;type_string&quot;:&quot;Push&quot;,&quot;present_in_matrix&quot;:1,&quot;preview_status&quot;:0,&quot;preview_error&quot;:&quot;&quot;,&quot;video_codec&quot;:&quot;&quot;,&quot;audio_codec&quot;:&quot;&quot;,&quot;stream_alerts&quot;:0,&quot;analyze&quot;:0,&quot;live_recording_status&quot;:{&quot;defined&quot;:0,&quot;active&quot;:0},&quot;tr101&quot;:[],&quot;path&quot;:&quot;&quot;,&quot;size&quot;:0},{&quot;id&quot;:&quot;test15&quot;,&quot;oid&quot;:13,&quot;remote_id&quot;:&quot;localhost.localdomain&quot;,&quot;source&quot;:&quot;192.168.5.10&quot;,&quot;remote_ip&quot;:&quot;192.168.5.10&quot;,&quot;status&quot;:&quot;Connected&quot;,&quot;error&quot;:&quot;None&quot;,&quot;error_code&quot;:0,&quot;clients&quot;:0,&quot;latency&quot;:6000,&quot;rtt&quot;:&quot;5/1&quot;,&quot;bitrate&quot;:11518977,&quot;device&quot;:&quot;Linux 64bit&quot;,&quot;app&quot;:&quot;Broadcaster&quot;,&quot;build&quot;:29361,&quot;maxbitrate&quot;:60006080,&quot;maxouts&quot;:-1,&quot;mcast_out&quot;:0,&quot;mcast_out_force&quot;:0,&quot;encrypted&quot;:0,&quot;user_data&quot;:&quot;&quot;,&quot;dtls&quot;:0,&quot;cert&quot;:&quot;&quot;,&quot;stats_mask&quot;:151,&quot;time_shift&quot;:0,&quot;permanent&quot;:1,&quot;up_time&quot;:&quot;00:00:27&quot;,&quot;up_time_seconds&quot;:27,&quot;change_time&quot;:&quot;2018-Aug-01 18:37:09&quot;,&quot;change_time_seconds_ago&quot;:27,&quot;type_code&quot;:23,&quot;type&quot;:&quot;Push&quot;,&quot;type_string&quot;:&quot;Push&quot;,&quot;present_in_matrix&quot;:1,&quot;preview_status&quot;:0,&quot;preview_error&quot;:&quot;&quot;,&quot;video_codec&quot;:&quot;&quot;,&quot;audio_codec&quot;:&quot;&quot;,&quot;stream_alerts&quot;:0,&quot;analyze&quot;:0,&quot;live_recording_status&quot;:{&quot;defined&quot;:0,&quot;active&quot;:0},&quot;tr101&quot;:[],&quot;path&quot;:&quot;&quot;,&quot;size&quot;:0},{&quot;id&quot;:&quot;test14&quot;,&quot;oid&quot;:14,&quot;remote_id&quot;:&quot;localhost.localdomain&quot;,&quot;source&quot;:&quot;192.168.5.10&quot;,&quot;remote_ip&quot;:&quot;192.168.5.10&quot;,&quot;status&quot;:&quot;Connected&quot;,&quot;error&quot;:&quot;None&quot;,&quot;error_code&quot;:0,&quot;clients&quot;:0,&quot;latency&quot;:6000,&quot;rtt&quot;:&quot;5/1&quot;,&quot;bitrate&quot;:11587796,&quot;device&quot;:&quot;Linux 64bit&quot;,&quot;app&quot;:&quot;Broadcaster&quot;,&quot;build&quot;:29361,&quot;maxbitrate&quot;:60006080,&quot;maxouts&quot;:-1,&quot;mcast_out&quot;:0,&quot;mcast_out_force&quot;:0,&quot;encrypted&quot;:0,&quot;user_data&quot;:&quot;&quot;,&quot;dtls&quot;:0,&quot;cert&quot;:&quot;&quot;,&quot;stats_mask&quot;:151,&quot;time_shift&quot;:0,&quot;permanent&quot;:1,&quot;up_time&quot;:&quot;00:00:27&quot;,&quot;up_time_seconds&quot;:27,&quot;change_time&quot;:&quot;2018-Aug-01 18:37:09&quot;,&quot;change_time_seconds_ago&quot;:27,&quot;type_code&quot;:23,&quot;type&quot;:&quot;Push&quot;,&quot;type_string&quot;:&quot;Push&quot;,&quot;present_in_matrix&quot;:1,&quot;preview_status&quot;:0,&quot;preview_error&quot;:&quot;&quot;,&quot;video_codec&quot;:&quot;&quot;,&quot;audio_codec&quot;:&quot;&quot;,&quot;stream_alerts&quot;:0,&quot;analyze&quot;:0,&quot;live_recording_status&quot;:{&quot;defined&quot;:0,&quot;active&quot;:0},&quot;tr101&quot;:[],&quot;path&quot;:&quot;&quot;,&quot;size&quot;:0},{&quot;id&quot;:&quot;test16&quot;,&quot;oid&quot;:15,&quot;remote_id&quot;:&quot;localhost.localdomain&quot;,&quot;source&quot;:&quot;192.168.5.10&quot;,&quot;remote_ip&quot;:&quot;192.168.5.10&quot;,&quot;status&quot;:&quot;Connected&quot;,&quot;error&quot;:&quot;None&quot;,&quot;error_code&quot;:0,&quot;clients&quot;:0,&quot;latency&quot;:6000,&quot;rtt&quot;:&quot;5/1&quot;,&quot;bitrate&quot;:11427324,&quot;device&quot;:&quot;Linux 64bit&quot;,&quot;app&quot;:&quot;Broadcaster&quot;,&quot;build&quot;:29361,&quot;maxbitrate&quot;:60006080,&quot;maxouts&quot;:-1,&quot;mcast_out&quot;:0,&quot;mcast_out_force&quot;:0,&quot;encrypted&quot;:0,&quot;user_data&quot;:&quot;&quot;,&quot;dtls&quot;:0,&quot;cert&quot;:&quot;&quot;,&quot;stats_mask&quot;:151,&quot;time_shift&quot;:0,&quot;permanent&quot;:1,&quot;up_time&quot;:&quot;00:00:27&quot;,&quot;up_time_seconds&quot;:27,&quot;change_time&quot;:&quot;2018-Aug-01 18:37:09&quot;,&quot;change_time_seconds_ago&quot;:27,&quot;type_code&quot;:23,&quot;type&quot;:&quot;Push&quot;,&quot;type_string&quot;:&quot;Push&quot;,&quot;present_in_matrix&quot;:1,&quot;preview_status&quot;:0,&quot;preview_error&quot;:&quot;&quot;,&quot;video_codec&quot;:&quot;&quot;,&quot;audio_codec&quot;:&quot;&quot;,&quot;stream_alerts&quot;:0,&quot;analyze&quot;:0,&quot;live_recording_status&quot;:{&quot;defined&quot;:0,&quot;active&quot;:0},&quot;tr101&quot;:[],&quot;path&quot;:&quot;&quot;,&quot;size&quot;:0},{&quot;id&quot;:&quot;test12&quot;,&quot;oid&quot;:16,&quot;remote_id&quot;:&quot;localhost.localdomain&quot;,&quot;source&quot;:&quot;192.168.5.10&quot;,&quot;remote_ip&quot;:&quot;192.168.5.10&quot;,&quot;status&quot;:&quot;Connected&quot;,&quot;error&quot;:&quot;None&quot;,&quot;error_code&quot;:0,&quot;clients&quot;:0,&quot;latency&quot;:6000,&quot;rtt&quot;:&quot;5/1&quot;,&quot;bitrate&quot;:11434232,&quot;device&quot;:&quot;Linux 64bit&quot;,&quot;app&quot;:&quot;Broadcaster&quot;,&quot;build&quot;:29361,&quot;maxbitrate&quot;:60006080,&quot;maxouts&quot;:-1,&quot;mcast_out&quot;:0,&quot;mcast_out_force&quot;:0,&quot;encrypted&quot;:0,&quot;user_data&quot;:&quot;&quot;,&quot;dtls&quot;:0,&quot;cert&quot;:&quot;&quot;,&quot;stats_mask&quot;:151,&quot;time_shift&quot;:0,&quot;permanent&quot;:1,&quot;up_time&quot;:&quot;00:00:27&quot;,&quot;up_time_seconds&quot;:27,&quot;change_time&quot;:&quot;2018-Aug-01 18:37:09&quot;,&quot;change_time_seconds_ago&quot;:27,&quot;type_code&quot;:23,&quot;type&quot;:&quot;Push&quot;,&quot;type_string&quot;:&quot;Push&quot;,&quot;present_in_matrix&quot;:1,&quot;preview_status&quot;:0,&quot;preview_error&quot;:&quot;&quot;,&quot;video_codec&quot;:&quot;&quot;,&quot;audio_codec&quot;:&quot;&quot;,&quot;stream_alerts&quot;:0,&quot;analyze&quot;:0,&quot;live_recording_status&quot;:{&quot;defined&quot;:0,&quot;active&quot;:0},&quot;tr101&quot;:[],&quot;path&quot;:&quot;&quot;,&quot;size&quot;:0},{&quot;id&quot;:&quot;test13&quot;,&quot;oid&quot;:17,&quot;remote_id&quot;:&quot;localhost.localdomain&quot;,&quot;source&quot;:&quot;192.168.5.10&quot;,&quot;remote_ip&quot;:&quot;192.168.5.10&quot;,&quot;status&quot;:&quot;Connected&quot;,&quot;error&quot;:&quot;None&quot;,&quot;error_code&quot;:0,&quot;clients&quot;:0,&quot;latency&quot;:6000,&quot;rtt&quot;:&quot;5/1&quot;,&quot;bitrate&quot;:11630569,&quot;device&quot;:&quot;Linux 64bit&quot;,&quot;app&quot;:&quot;Broadcaster&quot;,&quot;build&quot;:29361,&quot;maxbitrate&quot;:60006080,&quot;maxouts&quot;:-1,&quot;mcast_out&quot;:0,&quot;mcast_out_force&quot;:0,&quot;encrypted&quot;:0,&quot;user_data&quot;:&quot;&quot;,&quot;dtls&quot;:0,&quot;cert&quot;:&quot;&quot;,&quot;stats_mask&quot;:151,&quot;time_shift&quot;:0,&quot;permanent&quot;:1,&quot;up_time&quot;:&quot;00:00:27&quot;,&quot;up_time_seconds&quot;:27,&quot;change_time&quot;:&quot;2018-Aug-01 18:37:09&quot;,&quot;change_time_seconds_ago&quot;:27,&quot;type_code&quot;:23,&quot;type&quot;:&quot;Push&quot;,&quot;type_string&quot;:&quot;Push&quot;,&quot;present_in_matrix&quot;:1,&quot;preview_status&quot;:0,&quot;preview_error&quot;:&quot;&quot;,&quot;video_codec&quot;:&quot;&quot;,&quot;audio_codec&quot;:&quot;&quot;,&quot;stream_alerts&quot;:0,&quot;analyze&quot;:0,&quot;live_recording_status&quot;:{&quot;defined&quot;:0,&quot;active&quot;:0},&quot;tr101&quot;:[],&quot;path&quot;:&quot;&quot;,&quot;size&quot;:0},{&quot;id&quot;:&quot;test17&quot;,&quot;oid&quot;:18,&quot;remote_id&quot;:&quot;localhost.localdomain&quot;,&quot;source&quot;:&quot;192.168.5.10&quot;,&quot;remote_ip&quot;:&quot;192.168.5.10&quot;,&quot;status&quot;:&quot;Connected&quot;,&quot;error&quot;:&quot;None&quot;,&quot;error_code&quot;:0,&quot;clients&quot;:0,&quot;latency&quot;:6000,&quot;rtt&quot;:&quot;5/1&quot;,&quot;bitrate&quot;:11633176,&quot;device&quot;:&quot;Linux 64bit&quot;,&quot;app&quot;:&quot;Broadcaster&quot;,&quot;build&quot;:29361,&quot;maxbitrate&quot;:60006080,&quot;maxouts&quot;:-1,&quot;mcast_out&quot;:0,&quot;mcast_out_force&quot;:0,&quot;encrypted&quot;:0,&quot;user_data&quot;:&quot;&quot;,&quot;dtls&quot;:0,&quot;cert&quot;:&quot;&quot;,&quot;stats_mask&quot;:151,&quot;time_shift&quot;:0,&quot;permanent&quot;:1,&quot;up_time&quot;:&quot;00:00:27&quot;,&quot;up_time_seconds&quot;:27,&quot;change_time&quot;:&quot;2018-Aug-01 18:37:09&quot;,&quot;change_time_seconds_ago&quot;:27,&quot;type_code&quot;:23,&quot;type&quot;:&quot;Push&quot;,&quot;type_string&quot;:&quot;Push&quot;,&quot;present_in_matrix&quot;:1,&quot;preview_status&quot;:0,&quot;preview_error&quot;:&quot;&quot;,&quot;video_codec&quot;:&quot;&quot;,&quot;audio_codec&quot;:&quot;&quot;,&quot;stream_alerts&quot;:0,&quot;analyze&quot;:0,&quot;live_recording_status&quot;:{&quot;defined&quot;:0,&quot;active&quot;:0},&quot;tr101&quot;:[],&quot;path&quot;:&quot;&quot;,&quot;size&quot;:0},{&quot;id&quot;:&quot;test20&quot;,&quot;oid&quot;:19,&quot;remote_id&quot;:&quot;localhost.localdomain&quot;,&quot;source&quot;:&quot;192.168.5.10&quot;,&quot;remote_ip&quot;:&quot;192.168.5.10&quot;,&quot;status&quot;:&quot;Connected&quot;,&quot;error&quot;:&quot;None&quot;,&quot;error_code&quot;:0,&quot;clients&quot;:0,&quot;latency&quot;:6000,&quot;rtt&quot;:&quot;5/1&quot;,&quot;bitrate&quot;:11871968,&quot;device&quot;:&quot;Linux 64bit&quot;,&quot;app&quot;:&quot;Broadcaster&quot;,&quot;build&quot;:29361,&quot;maxbitrate&quot;:60006080,&quot;maxouts&quot;:-1,&quot;mcast_out&quot;:0,&quot;mcast_out_force&quot;:0,&quot;encrypted&quot;:0,&quot;user_data&quot;:&quot;&quot;,&quot;dtls&quot;:0,&quot;cert&quot;:&quot;&quot;,&quot;stats_mask&quot;:151,&quot;time_shift&quot;:0,&quot;permanent&quot;:1,&quot;up_time&quot;:&quot;00:00:27&quot;,&quot;up_time_seconds&quot;:27,&quot;change_time&quot;:&quot;2018-Aug-01 18:37:10&quot;,&quot;change_time_seconds_ago&quot;:26,&quot;type_code&quot;:23,&quot;type&quot;:&quot;Push&quot;,&quot;type_string&quot;:&quot;Push&quot;,&quot;present_in_matrix&quot;:1,&quot;preview_status&quot;:0,&quot;preview_error&quot;:&quot;&quot;,&quot;video_codec&quot;:&quot;&quot;,&quot;audio_codec&quot;:&quot;&quot;,&quot;stream_alerts&quot;:0,&quot;analyze&quot;:0,&quot;live_recording_status&quot;:{&quot;defined&quot;:0,&quot;active&quot;:0},&quot;tr101&quot;:[],&quot;path&quot;:&quot;&quot;,&quot;size&quot;:0},{&quot;id&quot;:&quot;test22&quot;,&quot;oid&quot;:20,&quot;remote_id&quot;:&quot;localhost.localdomain&quot;,&quot;source&quot;:&quot;192.168.5.10&quot;,&quot;remote_ip&quot;:&quot;192.168.5.10&quot;,&quot;status&quot;:&quot;Connected&quot;,&quot;error&quot;:&quot;None&quot;,&quot;error_code&quot;:0,&quot;clients&quot;:0,&quot;latency&quot;:6000,&quot;rtt&quot;:&quot;5/1&quot;,&quot;bitrate&quot;:11659248,&quot;device&quot;:&quot;Linux 64bit&quot;,&quot;app&quot;:&quot;Broadcaster&quot;,&quot;build&quot;:29361,&quot;maxbitrate&quot;:60006080,&quot;maxouts&quot;:-1,&quot;mcast_out&quot;:0,&quot;mcast_out_force&quot;:0,&quot;encrypted&quot;:0,&quot;user_data&quot;:&quot;&quot;,&quot;dtls&quot;:0,&quot;cert&quot;:&quot;&quot;,&quot;stats_mask&quot;:151,&quot;time_shift&quot;:0,&quot;permanent&quot;:1,&quot;up_time&quot;:&quot;00:00:27&quot;,&quot;up_time_seconds&quot;:27,&quot;change_time&quot;:&quot;2018-Aug-01 18:37:10&quot;,&quot;change_time_seconds_ago&quot;:26,&quot;type_code&quot;:23,&quot;type&quot;:&quot;Push&quot;,&quot;type_string&quot;:&quot;Push&quot;,&quot;present_in_matrix&quot;:1,&quot;preview_status&quot;:0,&quot;preview_error&quot;:&quot;&quot;,&quot;video_codec&quot;:&quot;&quot;,&quot;audio_codec&quot;:&quot;&quot;,&quot;stream_alerts&quot;:0,&quot;analyze&quot;:0,&quot;live_recording_status&quot;:{&quot;defined&quot;:0,&quot;active&quot;:0},&quot;tr101&quot;:[],&quot;path&quot;:&quot;&quot;,&quot;size&quot;:0},{&quot;id&quot;:&quot;test23&quot;,&quot;oid&quot;:21,&quot;remote_id&quot;:&quot;localhost.localdomain&quot;,&quot;source&quot;:&quot;192.168.5.10&quot;,&quot;remote_ip&quot;:&quot;192.168.5.10&quot;,&quot;status&quot;:&quot;Connected&quot;,&quot;error&quot;:&quot;None&quot;,&quot;error_code&quot;:0,&quot;clients&quot;:0,&quot;latency&quot;:6000,&quot;rtt&quot;:&quot;5/1&quot;,&quot;bitrate&quot;:11793134,&quot;device&quot;:&quot;Linux 64bit&quot;,&quot;app&quot;:&quot;Broadcaster&quot;,&quot;build&quot;:29361,&quot;maxbitrate&quot;:60006080,&quot;maxouts&quot;:-1,&quot;mcast_out&quot;:0,&quot;mcast_out_force&quot;:0,&quot;encrypted&quot;:0,&quot;user_data&quot;:&quot;&quot;,&quot;dtls&quot;:0,&quot;cert&quot;:&quot;&quot;,&quot;stats_mask&quot;:151,&quot;time_shift&quot;:0,&quot;permanent&quot;:1,&quot;up_time&quot;:&quot;00:00:27&quot;,&quot;up_time_seconds&quot;:27,&quot;change_time&quot;:&quot;2018-Aug-01 18:37:10&quot;,&quot;change_time_seconds_ago&quot;:26,&quot;type_code&quot;:23,&quot;type&quot;:&quot;Push&quot;,&quot;type_string&quot;:&quot;Push&quot;,&quot;present_in_matrix&quot;:1,&quot;preview_status&quot;:0,&quot;preview_error&quot;:&quot;&quot;,&quot;video_codec&quot;:&quot;&quot;,&quot;audio_codec&quot;:&quot;&quot;,&quot;stream_alerts&quot;:0,&quot;analyze&quot;:0,&quot;live_recording_status&quot;:{&quot;defined&quot;:0,&quot;active&quot;:0},&quot;tr101&quot;:[],&quot;path&quot;:&quot;&quot;,&quot;size&quot;:0},{&quot;id&quot;:&quot;test21&quot;,&quot;oid&quot;:22,&quot;remote_id&quot;:&quot;localhost.localdomain&quot;,&quot;source&quot;:&quot;192.168.5.10&quot;,&quot;remote_ip&quot;:&quot;192.168.5.10&quot;,&quot;status&quot;:&quot;Connected&quot;,&quot;error&quot;:&quot;None&quot;,&quot;error_code&quot;:0,&quot;clients&quot;:0,&quot;latency&quot;:6000,&quot;rtt&quot;:&quot;5/1&quot;,&quot;bitrate&quot;:11789586,&quot;device&quot;:&quot;Linux 64bit&quot;,&quot;app&quot;:&quot;Broadcaster&quot;,&quot;build&quot;:29361,&quot;maxbitrate&quot;:60006080,&quot;maxouts&quot;:-1,&quot;mcast_out&quot;:0,&quot;mcast_out_force&quot;:0,&quot;encrypted&quot;:0,&quot;user_data&quot;:&quot;&quot;,&quot;dtls&quot;:0,&quot;cert&quot;:&quot;&quot;,&quot;stats_mask&quot;:151,&quot;time_shift&quot;:0,&quot;permanent&quot;:1,&quot;up_time&quot;:&quot;00:00:27&quot;,&quot;up_time_seconds&quot;:27,&quot;change_time&quot;:&quot;2018-Aug-01 18:37:10&quot;,&quot;change_time_seconds_ago&quot;:26,&quot;type_code&quot;:23,&quot;type&quot;:&quot;Push&quot;,&quot;type_string&quot;:&quot;Push&quot;,&quot;present_in_matrix&quot;:1,&quot;preview_status&quot;:0,&quot;preview_error&quot;:&quot;&quot;,&quot;video_codec&quot;:&quot;&quot;,&quot;audio_codec&quot;:&quot;&quot;,&quot;stream_alerts&quot;:0,&quot;analyze&quot;:0,&quot;live_recording_status&quot;:{&quot;defined&quot;:0,&quot;active&quot;:0},&quot;tr101&quot;:[],&quot;path&quot;:&quot;&quot;,&quot;size&quot;:0},{&quot;id&quot;:&quot;test18&quot;,&quot;oid&quot;:23,&quot;remote_id&quot;:&quot;localhost.localdomain&quot;,&quot;source&quot;:&quot;192.168.5.10&quot;,&quot;remote_ip&quot;:&quot;192.168.5.10&quot;,&quot;status&quot;:&quot;Connected&quot;,&quot;error&quot;:&quot;None&quot;,&quot;error_code&quot;:0,&quot;clients&quot;:0,&quot;latency&quot;:6000,&quot;rtt&quot;:&quot;5/1&quot;,&quot;bitrate&quot;:11670672,&quot;device&quot;:&quot;Linux 64bit&quot;,&quot;app&quot;:&quot;Broadcaster&quot;,&quot;build&quot;:29361,&quot;maxbitrate&quot;:60006080,&quot;maxouts&quot;:-1,&quot;mcast_out&quot;:0,&quot;mcast_out_force&quot;:0,&quot;encrypted&quot;:0,&quot;user_data&quot;:&quot;&quot;,&quot;dtls&quot;:0,&quot;cert&quot;:&quot;&quot;,&quot;stats_mask&quot;:151,&quot;time_shift&quot;:0,&quot;permanent&quot;:1,&quot;up_time&quot;:&quot;00:00:27&quot;,&quot;up_time_seconds&quot;:27,&quot;change_time&quot;:&quot;2018-Aug-01 18:37:10&quot;,&quot;change_time_seconds_ago&quot;:26,&quot;type_code&quot;:23,&quot;type&quot;:&quot;Push&quot;,&quot;type_string&quot;:&quot;Push&quot;,&quot;present_in_matrix&quot;:1,&quot;preview_status&quot;:0,&quot;preview_error&quot;:&quot;&quot;,&quot;video_codec&quot;:&quot;&quot;,&quot;audio_codec&quot;:&quot;&quot;,&quot;stream_alerts&quot;:0,&quot;analyze&quot;:0,&quot;live_recording_status&quot;:{&quot;defined&quot;:0,&quot;active&quot;:0},&quot;tr101&quot;:[],&quot;path&quot;:&quot;&quot;,&quot;size&quot;:0},{&quot;id&quot;:&quot;test25&quot;,&quot;oid&quot;:24,&quot;remote_id&quot;:&quot;localhost.localdomain&quot;,&quot;source&quot;:&quot;192.168.5.10&quot;,&quot;remote_ip&quot;:&quot;192.168.5.10&quot;,&quot;status&quot;:&quot;Connected&quot;,&quot;error&quot;:&quot;None&quot;,&quot;error_code&quot;:0,&quot;clients&quot;:0,&quot;latency&quot;:6000,&quot;rtt&quot;:&quot;5/1&quot;,&quot;bitrate&quot;:12125466,&quot;device&quot;:&quot;Linux 64bit&quot;,&quot;app&quot;:&quot;Broadcaster&quot;,&quot;build&quot;:29361,&quot;maxbitrate&quot;:60006080,&quot;maxouts&quot;:-1,&quot;mcast_out&quot;:0,&quot;mcast_out_force&quot;:0,&quot;encrypted&quot;:0,&quot;user_data&quot;:&quot;&quot;,&quot;dtls&quot;:0,&quot;cert&quot;:&quot;&quot;,&quot;stats_mask&quot;:151,&quot;time_shift&quot;:0,&quot;permanent&quot;:1,&quot;up_time&quot;:&quot;00:00:27&quot;,&quot;up_time_seconds&quot;:27,&quot;change_time&quot;:&quot;2018-Aug-01 18:37:10&quot;,&quot;change_time_seconds_ago&quot;:26,&quot;type_code&quot;:23,&quot;type&quot;:&quot;Push&quot;,&quot;type_string&quot;:&quot;Push&quot;,&quot;present_in_matrix&quot;:1,&quot;preview_status&quot;:0,&quot;preview_error&quot;:&quot;&quot;,&quot;video_codec&quot;:&quot;&quot;,&quot;audio_codec&quot;:&quot;&quot;,&quot;stream_alerts&quot;:0,&quot;analyze&quot;:0,&quot;live_recording_status&quot;:{&quot;defined&quot;:0,&quot;active&quot;:0},&quot;tr101&quot;:[],&quot;path&quot;:&quot;&quot;,&quot;size&quot;:0},{&quot;id&quot;:&quot;test27&quot;,&quot;oid&quot;:25,&quot;remote_id&quot;:&quot;localhost.localdomain&quot;,&quot;source&quot;:&quot;192.168.5.10&quot;,&quot;remote_ip&quot;:&quot;192.168.5.10&quot;,&quot;status&quot;:&quot;Connected&quot;,&quot;error&quot;:&quot;None&quot;,&quot;error_code&quot;:0,&quot;clients&quot;:0,&quot;latency&quot;:6000,&quot;rtt&quot;:&quot;5/1&quot;,&quot;bitrate&quot;:12003516,&quot;device&quot;:&quot;Linux 64bit&quot;,&quot;app&quot;:&quot;Broadcaster&quot;,&quot;build&quot;:29361,&quot;maxbitrate&quot;:60006080,&quot;maxouts&quot;:-1,&quot;mcast_out&quot;:0,&quot;mcast_out_force&quot;:0,&quot;encrypted&quot;:0,&quot;user_data&quot;:&quot;&quot;,&quot;dtls&quot;:0,&quot;cert&quot;:&quot;&quot;,&quot;stats_mask&quot;:151,&quot;time_shift&quot;:0,&quot;permanent&quot;:1,&quot;up_time&quot;:&quot;00:00:27&quot;,&quot;up_time_seconds&quot;:27,&quot;change_time&quot;:&quot;2018-Aug-01 18:37:10&quot;,&quot;change_time_seconds_ago&quot;:26,&quot;type_code&quot;:23,&quot;type&quot;:&quot;Push&quot;,&quot;type_string&quot;:&quot;Push&quot;,&quot;present_in_matrix&quot;:1,&quot;preview_status&quot;:0,&quot;preview_error&quot;:&quot;&quot;,&quot;video_codec&quot;:&quot;&quot;,&quot;audio_codec&quot;:&quot;&quot;,&quot;stream_alerts&quot;:0,&quot;analyze&quot;:0,&quot;live_recording_status&quot;:{&quot;defined&quot;:0,&quot;active&quot;:0},&quot;tr101&quot;:[],&quot;path&quot;:&quot;&quot;,&quot;size&quot;:0},{&quot;id&quot;:&quot;test19&quot;,&quot;oid&quot;:26,&quot;remote_id&quot;:&quot;localhost.localdomain&quot;,&quot;source&quot;:&quot;192.168.5.10&quot;,&quot;remote_ip&quot;:&quot;192.168.5.10&quot;,&quot;status&quot;:&quot;Connected&quot;,&quot;error&quot;:&quot;None&quot;,&quot;error_code&quot;:0,&quot;clients&quot;:0,&quot;latency&quot;:6000,&quot;rtt&quot;:&quot;5/1&quot;,&quot;bitrate&quot;:11908008,&quot;device&quot;:&quot;Linux 64bit&quot;,&quot;app&quot;:&quot;Broadcaster&quot;,&quot;build&quot;:29361,&quot;maxbitrate&quot;:60006080,&quot;maxouts&quot;:-1,&quot;mcast_out&quot;:0,&quot;mcast_out_force&quot;:0,&quot;encrypted&quot;:0,&quot;user_data&quot;:&quot;&quot;,&quot;dtls&quot;:0,&quot;cert&quot;:&quot;&quot;,&quot;stats_mask&quot;:151,&quot;time_shift&quot;:0,&quot;permanent&quot;:1,&quot;up_time&quot;:&quot;00:00:27&quot;,&quot;up_time_seconds&quot;:27,&quot;change_time&quot;:&quot;2018-Aug-01 18:37:10&quot;,&quot;change_time_seconds_ago&quot;:26,&quot;type_code&quot;:23,&quot;type&quot;:&quot;Push&quot;,&quot;type_string&quot;:&quot;Push&quot;,&quot;present_in_matrix&quot;:1,&quot;preview_status&quot;:0,&quot;preview_error&quot;:&quot;&quot;,&quot;video_codec&quot;:&quot;&quot;,&quot;audio_codec&quot;:&quot;&quot;,&quot;stream_alerts&quot;:0,&quot;analyze&quot;:0,&quot;live_recording_status&quot;:{&quot;defined&quot;:0,&quot;active&quot;:0},&quot;tr101&quot;:[],&quot;path&quot;:&quot;&quot;,&quot;size&quot;:0},{&quot;id&quot;:&quot;test24&quot;,&quot;oid&quot;:27,&quot;remote_id&quot;:&quot;localhost.localdomain&quot;,&quot;source&quot;:&quot;192.168.5.10&quot;,&quot;remote_ip&quot;:&quot;192.168.5.10&quot;,&quot;status&quot;:&quot;Connected&quot;,&quot;error&quot;:&quot;None&quot;,&quot;error_code&quot;:0,&quot;clients&quot;:0,&quot;latency&quot;:6000,&quot;rtt&quot;:&quot;5/1&quot;,&quot;bitrate&quot;:11909632,&quot;device&quot;:&quot;Linux 64bit&quot;,&quot;app&quot;:&quot;Broadcaster&quot;,&quot;build&quot;:29361,&quot;maxbitrate&quot;:60006080,&quot;maxouts&quot;:-1,&quot;mcast_out&quot;:0,&quot;mcast_out_force&quot;:0,&quot;encrypted&quot;:0,&quot;user_data&quot;:&quot;&quot;,&quot;dtls&quot;:0,&quot;cert&quot;:&quot;&quot;,&quot;stats_mask&quot;:151,&quot;time_shift&quot;:0,&quot;permanent&quot;:1,&quot;up_time&quot;:&quot;00:00:27&quot;,&quot;up_time_seconds&quot;:27,&quot;change_time&quot;:&quot;2018-Aug-01 18:37:10&quot;,&quot;change_time_seconds_ago&quot;:26,&quot;type_code&quot;:23,&quot;type&quot;:&quot;Push&quot;,&quot;type_string&quot;:&quot;Push&quot;,&quot;present_in_matrix&quot;:1,&quot;preview_status&quot;:0,&quot;preview_error&quot;:&quot;&quot;,&quot;video_codec&quot;:&quot;&quot;,&quot;audio_codec&quot;:&quot;&quot;,&quot;stream_alerts&quot;:0,&quot;analyze&quot;:0,&quot;live_recording_status&quot;:{&quot;defined&quot;:0,&quot;active&quot;:0},&quot;tr101&quot;:[],&quot;path&quot;:&quot;&quot;,&quot;size&quot;:0},{&quot;id&quot;:&quot;test26&quot;,&quot;oid&quot;:28,&quot;remote_id&quot;:&quot;localhost.localdomain&quot;,&quot;source&quot;:&quot;192.168.5.10&quot;,&quot;remote_ip&quot;:&quot;192.168.5.10&quot;,&quot;status&quot;:&quot;Connected&quot;,&quot;error&quot;:&quot;None&quot;,&quot;error_code&quot;:0,&quot;clients&quot;:0,&quot;latency&quot;:6000,&quot;rtt&quot;:&quot;5/1&quot;,&quot;bitrate&quot;:12027304,&quot;device&quot;:&quot;Linux 64bit&quot;,&quot;app&quot;:&quot;Broadcaster&quot;,&quot;build&quot;:29361,&quot;maxbitrate&quot;:60006080,&quot;maxouts&quot;:-1,&quot;mcast_out&quot;:0,&quot;mcast_out_force&quot;:0,&quot;encrypted&quot;:0,&quot;user_data&quot;:&quot;&quot;,&quot;dtls&quot;:0,&quot;cert&quot;:&quot;&quot;,&quot;stats_mask&quot;:151,&quot;time_shift&quot;:0,&quot;permanent&quot;:1,&quot;up_time&quot;:&quot;00:00:27&quot;,&quot;up_time_seconds&quot;:27,&quot;change_time&quot;:&quot;2018-Aug-01 18:37:10&quot;,&quot;change_time_seconds_ago&quot;:26,&quot;type_code&quot;:23,&quot;type&quot;:&quot;Push&quot;,&quot;type_string&quot;:&quot;Push&quot;,&quot;present_in_matrix&quot;:1,&quot;preview_status&quot;:0,&quot;preview_error&quot;:&quot;&quot;,&quot;video_codec&quot;:&quot;&quot;,&quot;audio_codec&quot;:&quot;&quot;,&quot;stream_alerts&quot;:0,&quot;analyze&quot;:0,&quot;live_recording_status&quot;:{&quot;defined&quot;:0,&quot;active&quot;:0},&quot;tr101&quot;:[],&quot;path&quot;:&quot;&quot;,&quot;size&quot;:0},{&quot;id&quot;:&quot;test28&quot;,&quot;oid&quot;:29,&quot;remote_id&quot;:&quot;localhost.localdomain&quot;,&quot;source&quot;:&quot;192.168.5.10&quot;,&quot;remote_ip&quot;:&quot;192.168.5.10&quot;,&quot;status&quot;:&quot;Connected&quot;,&quot;error&quot;:&quot;None&quot;,&quot;error_code&quot;:0,&quot;clients&quot;:0,&quot;latency&quot;:6000,&quot;rtt&quot;:&quot;5/1&quot;,&quot;bitrate&quot;:11892179,&quot;device&quot;:&quot;Linux 64bit&quot;,&quot;app&quot;:&quot;Broadcaster&quot;,&quot;build&quot;:29361,&quot;maxbitrate&quot;:60006080,&quot;maxouts&quot;:-1,&quot;mcast_out&quot;:0,&quot;mcast_out_force&quot;:0,&quot;encrypted&quot;:0,&quot;user_data&quot;:&quot;&quot;,&quot;dtls&quot;:0,&quot;cert&quot;:&quot;&quot;,&quot;stats_mask&quot;:151,&quot;time_shift&quot;:0,&quot;permanent&quot;:1,&quot;up_time&quot;:&quot;00:00:27&quot;,&quot;up_time_seconds&quot;:27,&quot;change_time&quot;:&quot;2018-Aug-01 18:37:10&quot;,&quot;change_time_seconds_ago&quot;:26,&quot;type_code&quot;:23,&quot;type&quot;:&quot;Push&quot;,&quot;type_string&quot;:&quot;Push&quot;,&quot;present_in_matrix&quot;:1,&quot;preview_status&quot;:0,&quot;preview_error&quot;:&quot;&quot;,&quot;video_codec&quot;:&quot;&quot;,&quot;audio_codec&quot;:&quot;&quot;,&quot;stream_alerts&quot;:0,&quot;analyze&quot;:0,&quot;live_recording_status&quot;:{&quot;defined&quot;:0,&quot;active&quot;:0},&quot;tr101&quot;:[],&quot;path&quot;:&quot;&quot;,&quot;size&quot;:0},{&quot;id&quot;:&quot;test29&quot;,&quot;oid&quot;:30,&quot;remote_id&quot;:&quot;localhost.localdomain&quot;,&quot;source&quot;:&quot;192.168.5.10&quot;,&quot;remote_ip&quot;:&quot;192.168.5.10&quot;,&quot;status&quot;:&quot;Connected&quot;,&quot;error&quot;:&quot;None&quot;,&quot;error_code&quot;:0,&quot;clients&quot;:0,&quot;latency&quot;:6000,&quot;rtt&quot;:&quot;5/1&quot;,&quot;bitrate&quot;:12084371,&quot;device&quot;:&quot;Linux 64bit&quot;,&quot;app&quot;:&quot;Broadcaster&quot;,&quot;build&quot;:29361,&quot;maxbitrate&quot;:60006080,&quot;maxouts&quot;:-1,&quot;mcast_out&quot;:0,&quot;mcast_out_force&quot;:0,&quot;encrypted&quot;:0,&quot;user_data&quot;:&quot;&quot;,&quot;dtls&quot;:0,&quot;cert&quot;:&quot;&quot;,&quot;stats_mask&quot;:151,&quot;time_shift&quot;:0,&quot;permanent&quot;:1,&quot;up_time&quot;:&quot;00:00:27&quot;,&quot;up_time_seconds&quot;:27,&quot;change_time&quot;:&quot;2018-Aug-01 18:37:10&quot;,&quot;change_time_seconds_ago&quot;:26,&quot;type_code&quot;:23,&quot;type&quot;:&quot;Push&quot;,&quot;type_string&quot;:&quot;Push&quot;,&quot;present_in_matrix&quot;:1,&quot;preview_status&quot;:0,&quot;preview_error&quot;:&quot;&quot;,&quot;video_codec&quot;:&quot;&quot;,&quot;audio_codec&quot;:&quot;&quot;,&quot;stream_alerts&quot;:0,&quot;analyze&quot;:0,&quot;live_recording_status&quot;:{&quot;defined&quot;:0,&quot;active&quot;:0},&quot;tr101&quot;:[],&quot;path&quot;:&quot;&quot;,&quot;size&quot;:0},{&quot;id&quot;:&quot;test30&quot;,&quot;oid&quot;:31,&quot;remote_id&quot;:&quot;localhost.localdomain&quot;,&quot;source&quot;:&quot;192.168.5.10&quot;,&quot;remote_ip&quot;:&quot;192.168.5.10&quot;,&quot;status&quot;:&quot;Connected&quot;,&quot;error&quot;:&quot;None&quot;,&quot;error_code&quot;:0,&quot;clients&quot;:0,&quot;latency&quot;:6000,&quot;rtt&quot;:&quot;5/1&quot;,&quot;bitrate&quot;:12205074,&quot;device&quot;:&quot;Linux 64bit&quot;,&quot;app&quot;:&quot;Broadcaster&quot;,&quot;build&quot;:29361,&quot;maxbitrate&quot;:60006080,&quot;maxouts&quot;:-1,&quot;mcast_out&quot;:0,&quot;mcast_out_force&quot;:0,&quot;encrypted&quot;:0,&quot;user_data&quot;:&quot;&quot;,&quot;dtls&quot;:0,&quot;cert&quot;:&quot;&quot;,&quot;stats_mask&quot;:151,&quot;time_shift&quot;:0,&quot;permanent&quot;:1,&quot;up_time&quot;:&quot;00:00:27&quot;,&quot;up_time_seconds&quot;:27,&quot;change_time&quot;:&quot;2018-Aug-01 18:37:10&quot;,&quot;change_time_seconds_ago&quot;:26,&quot;type_code&quot;:23,&quot;type&quot;:&quot;Push&quot;,&quot;type_string&quot;:&quot;Push&quot;,&quot;present_in_matrix&quot;:1,&quot;preview_status&quot;:0,&quot;preview_error&quot;:&quot;&quot;,&quot;video_codec&quot;:&quot;&quot;,&quot;audio_codec&quot;:&quot;&quot;,&quot;stream_alerts&quot;:0,&quot;analyze&quot;:0,&quot;live_recording_status&quot;:{&quot;defined&quot;:0,&quot;active&quot;:0},&quot;tr101&quot;:[],&quot;path&quot;:&quot;&quot;,&quot;size&quot;:0},{&quot;id&quot;:&quot;test31&quot;,&quot;oid&quot;:32,&quot;remote_id&quot;:&quot;localhost.localdomain&quot;,&quot;source&quot;:&quot;192.168.5.10&quot;,&quot;remote_ip&quot;:&quot;192.168.5.10&quot;,&quot;status&quot;:&quot;Connected&quot;,&quot;error&quot;:&quot;None&quot;,&quot;error_code&quot;:0,&quot;clients&quot;:0,&quot;latency&quot;:6000,&quot;rtt&quot;:&quot;5/1&quot;,&quot;bitrate&quot;:12160311,&quot;device&quot;:&quot;Linux 64bit&quot;,&quot;app&quot;:&quot;Broadcaster&quot;,&quot;build&quot;:29361,&quot;maxbitrate&quot;:60006080,&quot;maxouts&quot;:-1,&quot;mcast_out&quot;:0,&quot;mcast_out_force&quot;:0,&quot;encrypted&quot;:0,&quot;user_data&quot;:&quot;&quot;,&quot;dtls&quot;:0,&quot;cert&quot;:&quot;&quot;,&quot;stats_mask&quot;:151,&quot;time_shift&quot;:0,&quot;permanent&quot;:1,&quot;up_time&quot;:&quot;00:00:27&quot;,&quot;up_time_seconds&quot;:27,&quot;change_time&quot;:&quot;2018-Aug-01 18:37:10&quot;,&quot;change_time_seconds_ago&quot;:26,&quot;type_code&quot;:23,&quot;type&quot;:&quot;Push&quot;,&quot;type_string&quot;:&quot;Push&quot;,&quot;present_in_matrix&quot;:1,&quot;preview_status&quot;:0,&quot;preview_error&quot;:&quot;&quot;,&quot;video_codec&quot;:&quot;&quot;,&quot;audio_codec&quot;:&quot;&quot;,&quot;stream_alerts&quot;:0,&quot;analyze&quot;:0,&quot;live_recording_status&quot;:{&quot;defined&quot;:0,&quot;active&quot;:0},&quot;tr101&quot;:[],&quot;path&quot;:&quot;&quot;,&quot;size&quot;:0},{&quot;id&quot;:&quot;test32&quot;,&quot;oid&quot;:33,&quot;remote_id&quot;:&quot;localhost.localdomain&quot;,&quot;source&quot;:&quot;192.168.5.10&quot;,&quot;remote_ip&quot;:&quot;192.168.5.10&quot;,&quot;status&quot;:&quot;Connected&quot;,&quot;error&quot;:&quot;None&quot;,&quot;error_code&quot;:0,&quot;clients&quot;:0,&quot;latency&quot;:6000,&quot;rtt&quot;:&quot;5/1&quot;,&quot;bitrate&quot;:11990624,&quot;device&quot;:&quot;Linux 64bit&quot;,&quot;app&quot;:&quot;Broadcaster&quot;,&quot;build&quot;:29361,&quot;maxbitrate&quot;:60006080,&quot;maxouts&quot;:-1,&quot;mcast_out&quot;:0,&quot;mcast_out_force&quot;:0,&quot;encrypted&quot;:0,&quot;user_data&quot;:&quot;&quot;,&quot;dtls&quot;:0,&quot;cert&quot;:&quot;&quot;,&quot;stats_mask&quot;:151,&quot;time_shift&quot;:0,&quot;permanent&quot;:1,&quot;up_time&quot;:&quot;00:00:27&quot;,&quot;up_time_seconds&quot;:27,&quot;change_time&quot;:&quot;2018-Aug-01 18:37:10&quot;,&quot;change_time_seconds_ago&quot;:26,&quot;type_code&quot;:23,&quot;type&quot;:&quot;Push&quot;,&quot;type_string&quot;:&quot;Push&quot;,&quot;present_in_matrix&quot;:1,&quot;preview_status&quot;:0,&quot;preview_error&quot;:&quot;&quot;,&quot;video_codec&quot;:&quot;&quot;,&quot;audio_codec&quot;:&quot;&quot;,&quot;stream_alerts&quot;:0,&quot;analyze&quot;:0,&quot;live_recording_status&quot;:{&quot;defined&quot;:0,&quot;active&quot;:0},&quot;tr101&quot;:[],&quot;path&quot;:&quot;&quot;,&quot;size&quot;:0},{&quot;id&quot;:&quot;test36&quot;,&quot;oid&quot;:34,&quot;remote_id&quot;:&quot;localhost.localdomain&quot;,&quot;source&quot;:&quot;192.168.5.10&quot;,&quot;remote_ip&quot;:&quot;192.168.5.10&quot;,&quot;status&quot;:&quot;Connected&quot;,&quot;error&quot;:&quot;None&quot;,&quot;error_code&quot;:0,&quot;clients&quot;:0,&quot;latency&quot;:6000,&quot;rtt&quot;:&quot;5/1&quot;,&quot;bitrate&quot;:11304704,&quot;device&quot;:&quot;Linux 64bit&quot;,&quot;app&quot;:&quot;Broadcaster&quot;,&quot;build&quot;:29361,&quot;maxbitrate&quot;:60006080,&quot;maxouts&quot;:-1,&quot;mcast_out&quot;:0,&quot;mcast_out_force&quot;:0,&quot;encrypted&quot;:0,&quot;user_data&quot;:&quot;&quot;,&quot;dtls&quot;:0,&quot;cert&quot;:&quot;&quot;,&quot;stats_mask&quot;:151,&quot;time_shift&quot;:0,&quot;permanent&quot;:1,&quot;up_time&quot;:&quot;00:00:26&quot;,&quot;up_time_seconds&quot;:26,&quot;change_time&quot;:&quot;2018-Aug-01 18:37:10&quot;,&quot;change_time_seconds_ago&quot;:26,&quot;type_code&quot;:23,&quot;type&quot;:&quot;Push&quot;,&quot;type_string&quot;:&quot;Push&quot;,&quot;present_in_matrix&quot;:1,&quot;preview_status&quot;:0,&quot;preview_error&quot;:&quot;&quot;,&quot;video_codec&quot;:&quot;&quot;,&quot;audio_codec&quot;:&quot;&quot;,&quot;stream_alerts&quot;:0,&quot;analyze&quot;:0,&quot;live_recording_status&quot;:{&quot;defined&quot;:0,&quot;active&quot;:0},&quot;tr101&quot;:[],&quot;path&quot;:&quot;&quot;,&quot;size&quot;:0},{&quot;id&quot;:&quot;test33&quot;,&quot;oid&quot;:35,&quot;remote_id&quot;:&quot;localhost.localdomain&quot;,&quot;source&quot;:&quot;192.168.5.10&quot;,&quot;remote_ip&quot;:&quot;192.168.5.10&quot;,&quot;status&quot;:&quot;Connected&quot;,&quot;error&quot;:&quot;None&quot;,&quot;error_code&quot;:0,&quot;clients&quot;:0,&quot;latency&quot;:6000,&quot;rtt&quot;:&quot;5/1&quot;,&quot;bitrate&quot;:12002808,&quot;device&quot;:&quot;Linux 64bit&quot;,&quot;app&quot;:&quot;Broadcaster&quot;,&quot;build&quot;:29361,&quot;maxbitrate&quot;:60006080,&quot;maxouts&quot;:-1,&quot;mcast_out&quot;:0,&quot;mcast_out_force&quot;:0,&quot;encrypted&quot;:0,&quot;user_data&quot;:&quot;&quot;,&quot;dtls&quot;:0,&quot;cert&quot;:&quot;&quot;,&quot;stats_mask&quot;:151,&quot;time_shift&quot;:0,&quot;permanent&quot;:1,&quot;up_time&quot;:&quot;00:00:27&quot;,&quot;up_time_seconds&quot;:27,&quot;change_time&quot;:&quot;2018-Aug-01 18:37:10&quot;,&quot;change_time_seconds_ago&quot;:26,&quot;type_code&quot;:23,&quot;type&quot;:&quot;Push&quot;,&quot;type_string&quot;:&quot;Push&quot;,&quot;present_in_matrix&quot;:1,&quot;preview_status&quot;:0,&quot;preview_error&quot;:&quot;&quot;,&quot;video_codec&quot;:&quot;&quot;,&quot;audio_codec&quot;:&quot;&quot;,&quot;stream_alerts&quot;:0,&quot;analyze&quot;:0,&quot;live_recording_status&quot;:{&quot;defined&quot;:0,&quot;active&quot;:0},&quot;tr101&quot;:[],&quot;path&quot;:&quot;&quot;,&quot;size&quot;:0},{&quot;id&quot;:&quot;test35&quot;,&quot;oid&quot;:36,&quot;remote_id&quot;:&quot;localhost.localdomain&quot;,&quot;source&quot;:&quot;192.168.5.10&quot;,&quot;remote_ip&quot;:&quot;192.168.5.10&quot;,&quot;status&quot;:&quot;Connected&quot;,&quot;error&quot;:&quot;None&quot;,&quot;error_code&quot;:0,&quot;clients&quot;:0,&quot;latency&quot;:6000,&quot;rtt&quot;:&quot;5/1&quot;,&quot;bitrate&quot;:11424288,&quot;device&quot;:&quot;Linux 64bit&quot;,&quot;app&quot;:&quot;Broadcaster&quot;,&quot;build&quot;:29361,&quot;maxbitrate&quot;:60006080,&quot;maxouts&quot;:-1,&quot;mcast_out&quot;:0,&quot;mcast_out_force&quot;:0,&quot;encrypted&quot;:0,&quot;user_data&quot;:&quot;&quot;,&quot;dtls&quot;:0,&quot;cert&quot;:&quot;&quot;,&quot;stats_mask&quot;:151,&quot;time_shift&quot;:0,&quot;permanent&quot;:1,&quot;up_time&quot;:&quot;00:00:26&quot;,&quot;up_time_seconds&quot;:26,&quot;change_time&quot;:&quot;2018-Aug-01 18:37:10&quot;,&quot;change_time_seconds_ago&quot;:26,&quot;type_code&quot;:23,&quot;type&quot;:&quot;Push&quot;,&quot;type_string&quot;:&quot;Push&quot;,&quot;present_in_matrix&quot;:1,&quot;preview_status&quot;:0,&quot;preview_error&quot;:&quot;&quot;,&quot;video_codec&quot;:&quot;&quot;,&quot;audio_codec&quot;:&quot;&quot;,&quot;stream_alerts&quot;:0,&quot;analyze&quot;:0,&quot;live_recording_status&quot;:{&quot;defined&quot;:0,&quot;active&quot;:0},&quot;tr101&quot;:[],&quot;path&quot;:&quot;&quot;,&quot;size&quot;:0},{&quot;id&quot;:&quot;test34&quot;,&quot;oid&quot;:37,&quot;remote_id&quot;:&quot;localhost.localdomain&quot;,&quot;source&quot;:&quot;192.168.5.10&quot;,&quot;remote_ip&quot;:&quot;192.168.5.10&quot;,&quot;status&quot;:&quot;Connected&quot;,&quot;error&quot;:&quot;None&quot;,&quot;error_code&quot;:0,&quot;clients&quot;:0,&quot;latency&quot;:6000,&quot;rtt&quot;:&quot;5/1&quot;,&quot;bitrate&quot;:12226317,&quot;device&quot;:&quot;Linux 64bit&quot;,&quot;app&quot;:&quot;Broadcaster&quot;,&quot;build&quot;:29361,&quot;maxbitrate&quot;:60006080,&quot;maxouts&quot;:-1,&quot;mcast_out&quot;:0,&quot;mcast_out_force&quot;:0,&quot;encrypted&quot;:0,&quot;user_data&quot;:&quot;&quot;,&quot;dtls&quot;:0,&quot;cert&quot;:&quot;&quot;,&quot;stats_mask&quot;:151,&quot;time_shift&quot;:0,&quot;permanent&quot;:1,&quot;up_time&quot;:&quot;00:00:27&quot;,&quot;up_time_seconds&quot;:27,&quot;change_time&quot;:&quot;2018-Aug-01 18:37:10&quot;,&quot;change_time_seconds_ago&quot;:26,&quot;type_code&quot;:23,&quot;type&quot;:&quot;Push&quot;,&quot;type_string&quot;:&quot;Push&quot;,&quot;present_in_matrix&quot;:1,&quot;preview_status&quot;:0,&quot;preview_error&quot;:&quot;&quot;,&quot;video_codec&quot;:&quot;&quot;,&quot;audio_codec&quot;:&quot;&quot;,&quot;stream_alerts&quot;:0,&quot;analyze&quot;:0,&quot;live_recording_status&quot;:{&quot;defined&quot;:0,&quot;active&quot;:0},&quot;tr101&quot;:[],&quot;path&quot;:&quot;&quot;,&quot;size&quot;:0},{&quot;id&quot;:&quot;test39&quot;,&quot;oid&quot;:38,&quot;remote_id&quot;:&quot;localhost.localdomain&quot;,&quot;source&quot;:&quot;192.168.5.10&quot;,&quot;remote_ip&quot;:&quot;192.168.5.10&quot;,&quot;status&quot;:&quot;Connected&quot;,&quot;error&quot;:&quot;None&quot;,&quot;error_code&quot;:0,&quot;clients&quot;:0,&quot;latency&quot;:6000,&quot;rtt&quot;:&quot;5/1&quot;,&quot;bitrate&quot;:11364723,&quot;device&quot;:&quot;Linux 64bit&quot;,&quot;app&quot;:&quot;Broadcaster&quot;,&quot;build&quot;:29361,&quot;maxbitrate&quot;:60006080,&quot;maxouts&quot;:-1,&quot;mcast_out&quot;:0,&quot;mcast_out_force&quot;:0,&quot;encrypted&quot;:0,&quot;user_data&quot;:&quot;&quot;,&quot;dtls&quot;:0,&quot;cert&quot;:&quot;&quot;,&quot;stats_mask&quot;:151,&quot;time_shift&quot;:0,&quot;permanent&quot;:1,&quot;up_time&quot;:&quot;00:00:26&quot;,&quot;up_time_seconds&quot;:26,&quot;change_time&quot;:&quot;2018-Aug-01 18:37:10&quot;,&quot;change_time_seconds_ago&quot;:26,&quot;type_code&quot;:23,&quot;type&quot;:&quot;Push&quot;,&quot;type_string&quot;:&quot;Push&quot;,&quot;present_in_matrix&quot;:1,&quot;preview_status&quot;:0,&quot;preview_error&quot;:&quot;&quot;,&quot;video_codec&quot;:&quot;&quot;,&quot;audio_codec&quot;:&quot;&quot;,&quot;stream_alerts&quot;:0,&quot;analyze&quot;:0,&quot;live_recording_status&quot;:{&quot;defined&quot;:0,&quot;active&quot;:0},&quot;tr101&quot;:[],&quot;path&quot;:&quot;&quot;,&quot;size&quot;:0},{&quot;id&quot;:&quot;test37&quot;,&quot;oid&quot;:39,&quot;remote_id&quot;:&quot;localhost.localdomain&quot;,&quot;source&quot;:&quot;192.168.5.10&quot;,&quot;remote_ip&quot;:&quot;192.168.5.10&quot;,&quot;status&quot;:&quot;Connected&quot;,&quot;error&quot;:&quot;None&quot;,&quot;error_code&quot;:0,&quot;clients&quot;:0,&quot;latency&quot;:6000,&quot;rtt&quot;:&quot;5/1&quot;,&quot;bitrate&quot;:11304775,&quot;device&quot;:&quot;Linux 64bit&quot;,&quot;app&quot;:&quot;Broadcaster&quot;,&quot;build&quot;:29361,&quot;maxbitrate&quot;:60006080,&quot;maxouts&quot;:-1,&quot;mcast_out&quot;:0,&quot;mcast_out_force&quot;:0,&quot;encrypted&quot;:0,&quot;user_data&quot;:&quot;&quot;,&quot;dtls&quot;:0,&quot;cert&quot;:&quot;&quot;,&quot;stats_mask&quot;:151,&quot;time_shift&quot;:0,&quot;permanent&quot;:1,&quot;up_time&quot;:&quot;00:00:26&quot;,&quot;up_time_seconds&quot;:26,&quot;change_time&quot;:&quot;2018-Aug-01 18:37:10&quot;,&quot;change_time_seconds_ago&quot;:26,&quot;type_code&quot;:23,&quot;type&quot;:&quot;Push&quot;,&quot;type_string&quot;:&quot;Push&quot;,&quot;present_in_matrix&quot;:1,&quot;preview_status&quot;:0,&quot;preview_error&quot;:&quot;&quot;,&quot;video_codec&quot;:&quot;&quot;,&quot;audio_codec&quot;:&quot;&quot;,&quot;stream_alerts&quot;:0,&quot;analyze&quot;:0,&quot;live_recording_status&quot;:{&quot;defined&quot;:0,&quot;active&quot;:0},&quot;tr101&quot;:[],&quot;path&quot;:&quot;&quot;,&quot;size&quot;:0},{&quot;id&quot;:&quot;test38&quot;,&quot;oid&quot;:40,&quot;remote_id&quot;:&quot;localhost.localdomain&quot;,&quot;source&quot;:&quot;192.168.5.10&quot;,&quot;remote_ip&quot;:&quot;192.168.5.10&quot;,&quot;status&quot;:&quot;Connected&quot;,&quot;error&quot;:&quot;None&quot;,&quot;error_code&quot;:0,&quot;clients&quot;:0,&quot;latency&quot;:6000,&quot;rtt&quot;:&quot;5/1&quot;,&quot;bitrate&quot;:11408400,&quot;device&quot;:&quot;Linux 64bit&quot;,&quot;app&quot;:&quot;Broadcaster&quot;,&quot;build&quot;:29361,&quot;maxbitrate&quot;:60006080,&quot;maxouts&quot;:-1,&quot;mcast_out&quot;:0,&quot;mcast_out_force&quot;:0,&quot;encrypted&quot;:0,&quot;user_data&quot;:&quot;&quot;,&quot;dtls&quot;:0,&quot;cert&quot;:&quot;&quot;,&quot;stats_mask&quot;:151,&quot;time_shift&quot;:0,&quot;permanent&quot;:1,&quot;up_time&quot;:&quot;00:00:26&quot;,&quot;up_time_seconds&quot;:26,&quot;change_time&quot;:&quot;2018-Aug-01 18:37:10&quot;,&quot;change_time_seconds_ago&quot;:26,&quot;type_code&quot;:23,&quot;type&quot;:&quot;Push&quot;,&quot;type_string&quot;:&quot;Push&quot;,&quot;present_in_matrix&quot;:1,&quot;preview_status&quot;:0,&quot;preview_error&quot;:&quot;&quot;,&quot;video_codec&quot;:&quot;&quot;,&quot;audio_codec&quot;:&quot;&quot;,&quot;stream_alerts&quot;:0,&quot;analyze&quot;:0,&quot;live_recording_status&quot;:{&quot;defined&quot;:0,&quot;active&quot;:0},&quot;tr101&quot;:[],&quot;path&quot;:&quot;&quot;,&quot;size&quot;:0},{&quot;id&quot;:&quot;test44&quot;,&quot;oid&quot;:41,&quot;remote_id&quot;:&quot;localhost.localdomain&quot;,&quot;source&quot;:&quot;192.168.5.10&quot;,&quot;remote_ip&quot;:&quot;192.168.5.10&quot;,&quot;status&quot;:&quot;Connected&quot;,&quot;error&quot;:&quot;None&quot;,&quot;error_code&quot;:0,&quot;clients&quot;:0,&quot;latency&quot;:6000,&quot;rtt&quot;:&quot;5/1&quot;,&quot;bitrate&quot;:11493482,&quot;device&quot;:&quot;Linux 64bit&quot;,&quot;app&quot;:&quot;Broadcaster&quot;,&quot;build&quot;:29361,&quot;maxbitrate&quot;:60006080,&quot;maxouts&quot;:-1,&quot;mcast_out&quot;:0,&quot;mcast_out_force&quot;:0,&quot;encrypted&quot;:0,&quot;user_data&quot;:&quot;&quot;,&quot;dtls&quot;:0,&quot;cert&quot;:&quot;&quot;,&quot;stats_mask&quot;:151,&quot;time_shift&quot;:0,&quot;permanent&quot;:1,&quot;up_time&quot;:&quot;00:00:26&quot;,&quot;up_time_seconds&quot;:26,&quot;change_time&quot;:&quot;2018-Aug-01 18:37:10&quot;,&quot;change_time_seconds_ago&quot;:26,&quot;type_code&quot;:23,&quot;type&quot;:&quot;Push&quot;,&quot;type_string&quot;:&quot;Push&quot;,&quot;present_in_matrix&quot;:1,&quot;preview_status&quot;:0,&quot;preview_error&quot;:&quot;&quot;,&quot;video_codec&quot;:&quot;&quot;,&quot;audio_codec&quot;:&quot;&quot;,&quot;stream_alerts&quot;:0,&quot;analyze&quot;:0,&quot;live_recording_status&quot;:{&quot;defined&quot;:0,&quot;active&quot;:0},&quot;tr101&quot;:[],&quot;path&quot;:&quot;&quot;,&quot;size&quot;:0},{&quot;id&quot;:&quot;test40&quot;,&quot;oid&quot;:42,&quot;remote_id&quot;:&quot;localhost.localdomain&quot;,&quot;source&quot;:&quot;192.168.5.10&quot;,&quot;remote_ip&quot;:&quot;192.168.5.10&quot;,&quot;status&quot;:&quot;Connected&quot;,&quot;error&quot;:&quot;None&quot;,&quot;error_code&quot;:0,&quot;clients&quot;:0,&quot;latency&quot;:6000,&quot;rtt&quot;:&quot;5/1&quot;,&quot;bitrate&quot;:11210016,&quot;device&quot;:&quot;Linux 64bit&quot;,&quot;app&quot;:&quot;Broadcaster&quot;,&quot;build&quot;:29361,&quot;maxbitrate&quot;:60006080,&quot;maxouts&quot;:-1,&quot;mcast_out&quot;:0,&quot;mcast_out_force&quot;:0,&quot;encrypted&quot;:0,&quot;user_data&quot;:&quot;&quot;,&quot;dtls&quot;:0,&quot;cert&quot;:&quot;&quot;,&quot;stats_mask&quot;:151,&quot;time_shift&quot;:0,&quot;permanent&quot;:1,&quot;up_time&quot;:&quot;00:00:26&quot;,&quot;up_time_seconds&quot;:26,&quot;change_time&quot;:&quot;2018-Aug-01 18:37:10&quot;,&quot;change_time_seconds_ago&quot;:26,&quot;type_code&quot;:23,&quot;type&quot;:&quot;Push&quot;,&quot;type_string&quot;:&quot;Push&quot;,&quot;present_in_matrix&quot;:1,&quot;preview_status&quot;:0,&quot;preview_error&quot;:&quot;&quot;,&quot;video_codec&quot;:&quot;&quot;,&quot;audio_codec&quot;:&quot;&quot;,&quot;stream_alerts&quot;:0,&quot;analyze&quot;:0,&quot;live_recording_status&quot;:{&quot;defined&quot;:0,&quot;active&quot;:0},&quot;tr101&quot;:[],&quot;path&quot;:&quot;&quot;,&quot;size&quot;:0},{&quot;id&quot;:&quot;test43&quot;,&quot;oid&quot;:43,&quot;remote_id&quot;:&quot;localhost.localdomain&quot;,&quot;source&quot;:&quot;192.168.5.10&quot;,&quot;remote_ip&quot;:&quot;192.168.5.10&quot;,&quot;status&quot;:&quot;Connected&quot;,&quot;error&quot;:&quot;None&quot;,&quot;error_code&quot;:0,&quot;clients&quot;:0,&quot;latency&quot;:6000,&quot;rtt&quot;:&quot;5/1&quot;,&quot;bitrate&quot;:11324728,&quot;device&quot;:&quot;Linux 64bit&quot;,&quot;app&quot;:&quot;Broadcaster&quot;,&quot;build&quot;:29361,&quot;maxbitrate&quot;:60006080,&quot;maxouts&quot;:-1,&quot;mcast_out&quot;:0,&quot;mcast_out_force&quot;:0,&quot;encrypted&quot;:0,&quot;user_data&quot;:&quot;&quot;,&quot;dtls&quot;:0,&quot;cert&quot;:&quot;&quot;,&quot;stats_mask&quot;:151,&quot;time_shift&quot;:0,&quot;permanent&quot;:1,&quot;up_time&quot;:&quot;00:00:26&quot;,&quot;up_time_seconds&quot;:26,&quot;change_time&quot;:&quot;2018-Aug-01 18:37:10&quot;,&quot;change_time_seconds_ago&quot;:26,&quot;type_code&quot;:23,&quot;type&quot;:&quot;Push&quot;,&quot;type_string&quot;:&quot;Push&quot;,&quot;present_in_matrix&quot;:1,&quot;preview_status&quot;:0,&quot;preview_error&quot;:&quot;&quot;,&quot;video_codec&quot;:&quot;&quot;,&quot;audio_codec&quot;:&quot;&quot;,&quot;stream_alerts&quot;:0,&quot;analyze&quot;:0,&quot;live_recording_status&quot;:{&quot;defined&quot;:0,&quot;active&quot;:0},&quot;tr101&quot;:[],&quot;path&quot;:&quot;&quot;,&quot;size&quot;:0},{&quot;id&quot;:&quot;test47&quot;,&quot;oid&quot;:44,&quot;remote_id&quot;:&quot;localhost.localdomain&quot;,&quot;source&quot;:&quot;192.168.5.10&quot;,&quot;remote_ip&quot;:&quot;192.168.5.10&quot;,&quot;status&quot;:&quot;Connected&quot;,&quot;error&quot;:&quot;None&quot;,&quot;error_code&quot;:0,&quot;clients&quot;:0,&quot;latency&quot;:6000,&quot;rtt&quot;:&quot;5/1&quot;,&quot;bitrate&quot;:11159696,&quot;device&quot;:&quot;Linux 64bit&quot;,&quot;app&quot;:&quot;Broadcaster&quot;,&quot;build&quot;:29361,&quot;maxbitrate&quot;:60006080,&quot;maxouts&quot;:-1,&quot;mcast_out&quot;:0,&quot;mcast_out_force&quot;:0,&quot;encrypted&quot;:0,&quot;user_data&quot;:&quot;&quot;,&quot;dtls&quot;:0,&quot;cert&quot;:&quot;&quot;,&quot;stats_mask&quot;:151,&quot;time_shift&quot;:0,&quot;permanent&quot;:1,&quot;up_time&quot;:&quot;00:00:26&quot;,&quot;up_time_seconds&quot;:26,&quot;change_time&quot;:&quot;2018-Aug-01 18:37:10&quot;,&quot;change_time_seconds_ago&quot;:26,&quot;type_code&quot;:23,&quot;type&quot;:&quot;Push&quot;,&quot;type_string&quot;:&quot;Push&quot;,&quot;present_in_matrix&quot;:1,&quot;preview_status&quot;:0,&quot;preview_error&quot;:&quot;&quot;,&quot;video_codec&quot;:&quot;&quot;,&quot;audio_codec&quot;:&quot;&quot;,&quot;stream_alerts&quot;:0,&quot;analyze&quot;:0,&quot;live_recording_status&quot;:{&quot;defined&quot;:0,&quot;active&quot;:0},&quot;tr101&quot;:[],&quot;path&quot;:&quot;&quot;,&quot;size&quot;:0},{&quot;id&quot;:&quot;test42&quot;,&quot;oid&quot;:45,&quot;remote_id&quot;:&quot;localhost.localdomain&quot;,&quot;source&quot;:&quot;192.168.5.10&quot;,&quot;remote_ip&quot;:&quot;192.168.5.10&quot;,&quot;status&quot;:&quot;Connected&quot;,&quot;error&quot;:&quot;None&quot;,&quot;error_code&quot;:0,&quot;clients&quot;:0,&quot;latency&quot;:6000,&quot;rtt&quot;:&quot;5/1&quot;,&quot;bitrate&quot;:11218973,&quot;device&quot;:&quot;Linux 64bit&quot;,&quot;app&quot;:&quot;Broadcaster&quot;,&quot;build&quot;:29361,&quot;maxbitrate&quot;:60006080,&quot;maxouts&quot;:-1,&quot;mcast_out&quot;:0,&quot;mcast_out_force&quot;:0,&quot;encrypted&quot;:0,&quot;user_data&quot;:&quot;&quot;,&quot;dtls&quot;:0,&quot;cert&quot;:&quot;&quot;,&quot;stats_mask&quot;:151,&quot;time_shift&quot;:0,&quot;permanent&quot;:1,&quot;up_time&quot;:&quot;00:00:26&quot;,&quot;up_time_seconds&quot;:26,&quot;change_time&quot;:&quot;2018-Aug-01 18:37:10&quot;,&quot;change_time_seconds_ago&quot;:26,&quot;type_code&quot;:23,&quot;type&quot;:&quot;Push&quot;,&quot;type_string&quot;:&quot;Push&quot;,&quot;present_in_matrix&quot;:1,&quot;preview_status&quot;:0,&quot;preview_error&quot;:&quot;&quot;,&quot;video_codec&quot;:&quot;&quot;,&quot;audio_codec&quot;:&quot;&quot;,&quot;stream_alerts&quot;:0,&quot;analyze&quot;:0,&quot;live_recording_status&quot;:{&quot;defined&quot;:0,&quot;active&quot;:0},&quot;tr101&quot;:[],&quot;path&quot;:&quot;&quot;,&quot;size&quot;:0},{&quot;id&quot;:&quot;test45&quot;,&quot;oid&quot;:46,&quot;remote_id&quot;:&quot;localhost.localdomain&quot;,&quot;source&quot;:&quot;192.168.5.10&quot;,&quot;remote_ip&quot;:&quot;192.168.5.10&quot;,&quot;status&quot;:&quot;Connected&quot;,&quot;error&quot;:&quot;None&quot;,&quot;error_code&quot;:0,&quot;clients&quot;:0,&quot;latency&quot;:6000,&quot;rtt&quot;:&quot;5/1&quot;,&quot;bitrate&quot;:11324699,&quot;device&quot;:&quot;Linux 64bit&quot;,&quot;app&quot;:&quot;Broadcaster&quot;,&quot;build&quot;:29361,&quot;maxbitrate&quot;:60006080,&quot;maxouts&quot;:-1,&quot;mcast_out&quot;:0,&quot;mcast_out_force&quot;:0,&quot;encrypted&quot;:0,&quot;user_data&quot;:&quot;&quot;,&quot;dtls&quot;:0,&quot;cert&quot;:&quot;&quot;,&quot;stats_mask&quot;:151,&quot;time_shift&quot;:0,&quot;permanent&quot;:1,&quot;up_time&quot;:&quot;00:00:26&quot;,&quot;up_time_seconds&quot;:26,&quot;change_time&quot;:&quot;2018-Aug-01 18:37:10&quot;,&quot;change_time_seconds_ago&quot;:26,&quot;type_code&quot;:23,&quot;type&quot;:&quot;Push&quot;,&quot;type_string&quot;:&quot;Push&quot;,&quot;present_in_matrix&quot;:1,&quot;preview_status&quot;:0,&quot;preview_error&quot;:&quot;&quot;,&quot;video_codec&quot;:&quot;&quot;,&quot;audio_codec&quot;:&quot;&quot;,&quot;stream_alerts&quot;:0,&quot;analyze&quot;:0,&quot;live_recording_status&quot;:{&quot;defined&quot;:0,&quot;active&quot;:0},&quot;tr101&quot;:[],&quot;path&quot;:&quot;&quot;,&quot;size&quot;:0},{&quot;id&quot;:&quot;test46&quot;,&quot;oid&quot;:47,&quot;remote_id&quot;:&quot;localhost.localdomain&quot;,&quot;source&quot;:&quot;192.168.5.10&quot;,&quot;remote_ip&quot;:&quot;192.168.5.10&quot;,&quot;status&quot;:&quot;Connected&quot;,&quot;error&quot;:&quot;None&quot;,&quot;error_code&quot;:0,&quot;clients&quot;:0,&quot;latency&quot;:6000,&quot;rtt&quot;:&quot;5/1&quot;,&quot;bitrate&quot;:11217366,&quot;device&quot;:&quot;Linux 64bit&quot;,&quot;app&quot;:&quot;Broadcaster&quot;,&quot;build&quot;:29361,&quot;maxbitrate&quot;:60006080,&quot;maxouts&quot;:-1,&quot;mcast_out&quot;:0,&quot;mcast_out_force&quot;:0,&quot;encrypted&quot;:0,&quot;user_data&quot;:&quot;&quot;,&quot;dtls&quot;:0,&quot;cert&quot;:&quot;&quot;,&quot;stats_mask&quot;:151,&quot;time_shift&quot;:0,&quot;permanent&quot;:1,&quot;up_time&quot;:&quot;00:00:26&quot;,&quot;up_time_seconds&quot;:26,&quot;change_time&quot;:&quot;2018-Aug-01 18:37:10&quot;,&quot;change_time_seconds_ago&quot;:26,&quot;type_code&quot;:23,&quot;type&quot;:&quot;Push&quot;,&quot;type_string&quot;:&quot;Push&quot;,&quot;present_in_matrix&quot;:1,&quot;preview_status&quot;:0,&quot;preview_error&quot;:&quot;&quot;,&quot;video_codec&quot;:&quot;&quot;,&quot;audio_codec&quot;:&quot;&quot;,&quot;stream_alerts&quot;:0,&quot;analyze&quot;:0,&quot;live_recording_status&quot;:{&quot;defined&quot;:0,&quot;active&quot;:0},&quot;tr101&quot;:[],&quot;path&quot;:&quot;&quot;,&quot;size&quot;:0},{&quot;id&quot;:&quot;test49&quot;,&quot;oid&quot;:48,&quot;remote_id&quot;:&quot;localhost.localdomain&quot;,&quot;source&quot;:&quot;192.168.5.10&quot;,&quot;remote_ip&quot;:&quot;192.168.5.10&quot;,&quot;status&quot;:&quot;Connected&quot;,&quot;error&quot;:&quot;None&quot;,&quot;error_code&quot;:0,&quot;clients&quot;:0,&quot;latency&quot;:6000,&quot;rtt&quot;:&quot;5/1&quot;,&quot;bitrate&quot;:11550561,&quot;device&quot;:&quot;Linux 64bit&quot;,&quot;app&quot;:&quot;Broadcaster&quot;,&quot;build&quot;:29361,&quot;maxbitrate&quot;:60006080,&quot;maxouts&quot;:-1,&quot;mcast_out&quot;:0,&quot;mcast_out_force&quot;:0,&quot;encrypted&quot;:0,&quot;user_data&quot;:&quot;&quot;,&quot;dtls&quot;:0,&quot;cert&quot;:&quot;&quot;,&quot;stats_mask&quot;:151,&quot;time_shift&quot;:0,&quot;permanent&quot;:1,&quot;up_time&quot;:&quot;00:00:26&quot;,&quot;up_time_seconds&quot;:26,&quot;change_time&quot;:&quot;2018-Aug-01 18:37:10&quot;,&quot;change_time_seconds_ago&quot;:26,&quot;type_code&quot;:23,&quot;type&quot;:&quot;Push&quot;,&quot;type_string&quot;:&quot;Push&quot;,&quot;present_in_matrix&quot;:1,&quot;preview_status&quot;:0,&quot;preview_error&quot;:&quot;&quot;,&quot;video_codec&quot;:&quot;&quot;,&quot;audio_codec&quot;:&quot;&quot;,&quot;stream_alerts&quot;:0,&quot;analyze&quot;:0,&quot;live_recording_status&quot;:{&quot;defined&quot;:0,&quot;active&quot;:0},&quot;tr101&quot;:[],&quot;path&quot;:&quot;&quot;,&quot;size&quot;:0},{&quot;id&quot;:&quot;test41&quot;,&quot;oid&quot;:49,&quot;remote_id&quot;:&quot;localhost.localdomain&quot;,&quot;source&quot;:&quot;192.168.5.10&quot;,&quot;remote_ip&quot;:&quot;192.168.5.10&quot;,&quot;status&quot;:&quot;Connected&quot;,&quot;error&quot;:&quot;None&quot;,&quot;error_code&quot;:0,&quot;clients&quot;:0,&quot;latency&quot;:6000,&quot;rtt&quot;:&quot;5/1&quot;,&quot;bitrate&quot;:11082941,&quot;device&quot;:&quot;Linux 64bit&quot;,&quot;app&quot;:&quot;Broadcaster&quot;,&quot;build&quot;:29361,&quot;maxbitrate&quot;:60006080,&quot;maxouts&quot;:-1,&quot;mcast_out&quot;:0,&quot;mcast_out_force&quot;:0,&quot;encrypted&quot;:0,&quot;user_data&quot;:&quot;&quot;,&quot;dtls&quot;:0,&quot;cert&quot;:&quot;&quot;,&quot;stats_mask&quot;:151,&quot;time_shift&quot;:0,&quot;permanent&quot;:1,&quot;up_time&quot;:&quot;00:00:26&quot;,&quot;up_time_seconds&quot;:26,&quot;change_time&quot;:&quot;2018-Aug-01 18:37:10&quot;,&quot;change_time_seconds_ago&quot;:26,&quot;type_code&quot;:23,&quot;type&quot;:&quot;Push&quot;,&quot;type_string&quot;:&quot;Push&quot;,&quot;present_in_matrix&quot;:1,&quot;preview_status&quot;:0,&quot;preview_error&quot;:&quot;&quot;,&quot;video_codec&quot;:&quot;&quot;,&quot;audio_codec&quot;:&quot;&quot;,&quot;stream_alerts&quot;:0,&quot;analyze&quot;:0,&quot;live_recording_status&quot;:{&quot;defined&quot;:0,&quot;active&quot;:0},&quot;tr101&quot;:[],&quot;path&quot;:&quot;&quot;,&quot;size&quot;:0},{&quot;id&quot;:&quot;test48&quot;,&quot;oid&quot;:50,&quot;remote_id&quot;:&quot;localhost.localdomain&quot;,&quot;source&quot;:&quot;192.168.5.10&quot;,&quot;remote_ip&quot;:&quot;192.168.5.10&quot;,&quot;status&quot;:&quot;Connected&quot;,&quot;error&quot;:&quot;None&quot;,&quot;error_code&quot;:0,&quot;clients&quot;:0,&quot;latency&quot;:6000,&quot;rtt&quot;:&quot;5/1&quot;,&quot;bitrate&quot;:11351904,&quot;device&quot;:&quot;Linux 64bit&quot;,&quot;app&quot;:&quot;Broadcaster&quot;,&quot;build&quot;:29361,&quot;maxbitrate&quot;:60006080,&quot;maxouts&quot;:-1,&quot;mcast_out&quot;:0,&quot;mcast_out_force&quot;:0,&quot;encrypted&quot;:0,&quot;user_data&quot;:&quot;&quot;,&quot;dtls&quot;:0,&quot;cert&quot;:&quot;&quot;,&quot;stats_mask&quot;:151,&quot;time_shift&quot;:0,&quot;permanent&quot;:1,&quot;up_time&quot;:&quot;00:00:26&quot;,&quot;up_time_seconds&quot;:26,&quot;change_time&quot;:&quot;2018-Aug-01 18:37:10&quot;,&quot;change_time_seconds_ago&quot;:26,&quot;type_code&quot;:23,&quot;type&quot;:&quot;Push&quot;,&quot;type_string&quot;:&quot;Push&quot;,&quot;present_in_matrix&quot;:1,&quot;preview_status&quot;:0,&quot;preview_error&quot;:&quot;&quot;,&quot;video_codec&quot;:&quot;&quot;,&quot;audio_codec&quot;:&quot;&quot;,&quot;stream_alerts&quot;:0,&quot;analyze&quot;:0,&quot;live_recording_status&quot;:{&quot;defined&quot;:0,&quot;active&quot;:0},&quot;tr101&quot;:[],&quot;path&quot;:&quot;&quot;,&quot;size&quot;:0},{&quot;id&quot;:&quot;test50&quot;,&quot;oid&quot;:51,&quot;remote_id&quot;:&quot;localhost.localdomain&quot;,&quot;source&quot;:&quot;192.168.5.10&quot;,&quot;remote_ip&quot;:&quot;192.168.5.10&quot;,&quot;status&quot;:&quot;Connected&quot;,&quot;error&quot;:&quot;None&quot;,&quot;error_code&quot;:0,&quot;clients&quot;:0,&quot;latency&quot;:6000,&quot;rtt&quot;:&quot;5/1&quot;,&quot;bitrate&quot;:11521590,&quot;device&quot;:&quot;Linux 64bit&quot;,&quot;app&quot;:&quot;Broadcaster&quot;,&quot;build&quot;:29361,&quot;maxbitrate&quot;:60006080,&quot;maxouts&quot;:-1,&quot;mcast_out&quot;:0,&quot;mcast_out_force&quot;:0,&quot;encrypted&quot;:0,&quot;user_data&quot;:&quot;&quot;,&quot;dtls&quot;:0,&quot;cert&quot;:&quot;&quot;,&quot;stats_mask&quot;:151,&quot;time_shift&quot;:0,&quot;permanent&quot;:1,&quot;up_time&quot;:&quot;00:00:26&quot;,&quot;up_time_seconds&quot;:26,&quot;change_time&quot;:&quot;2018-Aug-01 18:37:10&quot;,&quot;change_time_seconds_ago&quot;:26,&quot;type_code&quot;:23,&quot;type&quot;:&quot;Push&quot;,&quot;type_string&quot;:&quot;Push&quot;,&quot;present_in_matrix&quot;:1,&quot;preview_status&quot;:0,&quot;preview_error&quot;:&quot;&quot;,&quot;video_codec&quot;:&quot;&quot;,&quot;audio_codec&quot;:&quot;&quot;,&quot;stream_alerts&quot;:0,&quot;analyze&quot;:0,&quot;live_recording_status&quot;:{&quot;defined&quot;:0,&quot;active&quot;:0},&quot;tr101&quot;:[],&quot;path&quot;:&quot;&quot;,&quot;size&quot;:0},{&quot;id&quot;:&quot;test51&quot;,&quot;oid&quot;:52,&quot;remote_id&quot;:&quot;localhost.localdomain&quot;,&quot;source&quot;:&quot;192.168.5.10&quot;,&quot;remote_ip&quot;:&quot;192.168.5.10&quot;,&quot;status&quot;:&quot;Connected&quot;,&quot;error&quot;:&quot;None&quot;,&quot;error_code&quot;:0,&quot;clients&quot;:0,&quot;latency&quot;:6000,&quot;rtt&quot;:&quot;5/1&quot;,&quot;bitrate&quot;:11364675,&quot;device&quot;:&quot;Linux 64bit&quot;,&quot;app&quot;:&quot;Broadcaster&quot;,&quot;build&quot;:29361,&quot;maxbitrate&quot;:60006080,&quot;maxouts&quot;:-1,&quot;mcast_out&quot;:0,&quot;mcast_out_force&quot;:0,&quot;encrypted&quot;:0,&quot;user_data&quot;:&quot;&quot;,&quot;dtls&quot;:0,&quot;cert&quot;:&quot;&quot;,&quot;stats_mask&quot;:151,&quot;time_shift&quot;:0,&quot;permanent&quot;:1,&quot;up_time&quot;:&quot;00:00:26&quot;,&quot;up_time_seconds&quot;:26,&quot;change_time&quot;:&quot;2018-Aug-01 18:37:10&quot;,&quot;change_time_seconds_ago&quot;:26,&quot;type_code&quot;:23,&quot;type&quot;:&quot;Push&quot;,&quot;type_string&quot;:&quot;Push&quot;,&quot;present_in_matrix&quot;:1,&quot;preview_status&quot;:0,&quot;preview_error&quot;:&quot;&quot;,&quot;video_codec&quot;:&quot;&quot;,&quot;audio_codec&quot;:&quot;&quot;,&quot;stream_alerts&quot;:0,&quot;analyze&quot;:0,&quot;live_recording_status&quot;:{&quot;defined&quot;:0,&quot;active&quot;:0},&quot;tr101&quot;:[],&quot;path&quot;:&quot;&quot;,&quot;size&quot;:0},{&quot;id&quot;:&quot;test52&quot;,&quot;oid&quot;:53,&quot;remote_id&quot;:&quot;localhost.localdomain&quot;,&quot;source&quot;:&quot;192.168.5.10&quot;,&quot;remote_ip&quot;:&quot;192.168.5.10&quot;,&quot;status&quot;:&quot;Connected&quot;,&quot;error&quot;:&quot;None&quot;,&quot;error_code&quot;:0,&quot;clients&quot;:0,&quot;latency&quot;:6000,&quot;rtt&quot;:&quot;5/1&quot;,&quot;bitrate&quot;:11194157,&quot;device&quot;:&quot;Linux 64bit&quot;,&quot;app&quot;:&quot;Broadcaster&quot;,&quot;build&quot;:29361,&quot;maxbitrate&quot;:60006080,&quot;maxouts&quot;:-1,&quot;mcast_out&quot;:0,&quot;mcast_out_force&quot;:0,&quot;encrypted&quot;:0,&quot;user_data&quot;:&quot;&quot;,&quot;dtls&quot;:0,&quot;cert&quot;:&quot;&quot;,&quot;stats_mask&quot;:151,&quot;time_shift&quot;:0,&quot;permanent&quot;:1,&quot;up_time&quot;:&quot;00:00:26&quot;,&quot;up_time_seconds&quot;:26,&quot;change_time&quot;:&quot;2018-Aug-01 18:37:10&quot;,&quot;change_time_seconds_ago&quot;:26,&quot;type_code&quot;:23,&quot;type&quot;:&quot;Push&quot;,&quot;type_string&quot;:&quot;Push&quot;,&quot;present_in_matrix&quot;:1,&quot;preview_status&quot;:0,&quot;preview_error&quot;:&quot;&quot;,&quot;video_codec&quot;:&quot;&quot;,&quot;audio_codec&quot;:&quot;&quot;,&quot;stream_alerts&quot;:0,&quot;analyze&quot;:0,&quot;live_recording_status&quot;:{&quot;defined&quot;:0,&quot;active&quot;:0},&quot;tr101&quot;:[],&quot;path&quot;:&quot;&quot;,&quot;size&quot;:0},{&quot;id&quot;:&quot;test53&quot;,&quot;oid&quot;:54,&quot;remote_id&quot;:&quot;localhost.localdomain&quot;,&quot;source&quot;:&quot;192.168.5.10&quot;,&quot;remote_ip&quot;:&quot;192.168.5.10&quot;,&quot;status&quot;:&quot;Connected&quot;,&quot;error&quot;:&quot;None&quot;,&quot;error_code&quot;:0,&quot;clients&quot;:0,&quot;latency&quot;:6000,&quot;rtt&quot;:&quot;5/1&quot;,&quot;bitrate&quot;:11408807,&quot;device&quot;:&quot;Linux 64bit&quot;,&quot;app&quot;:&quot;Broadcaster&quot;,&quot;build&quot;:29361,&quot;maxbitrate&quot;:60006080,&quot;maxouts&quot;:-1,&quot;mcast_out&quot;:0,&quot;mcast_out_force&quot;:0,&quot;encrypted&quot;:0,&quot;user_data&quot;:&quot;&quot;,&quot;dtls&quot;:0,&quot;cert&quot;:&quot;&quot;,&quot;stats_mask&quot;:151,&quot;time_shift&quot;:0,&quot;permanent&quot;:1,&quot;up_time&quot;:&quot;00:00:26&quot;,&quot;up_time_seconds&quot;:26,&quot;change_time&quot;:&quot;2018-Aug-01 18:37:10&quot;,&quot;change_time_seconds_ago&quot;:26,&quot;type_code&quot;:23,&quot;type&quot;:&quot;Push&quot;,&quot;type_string&quot;:&quot;Push&quot;,&quot;present_in_matrix&quot;:1,&quot;preview_status&quot;:0,&quot;preview_error&quot;:&quot;&quot;,&quot;video_codec&quot;:&quot;&quot;,&quot;audio_codec&quot;:&quot;&quot;,&quot;stream_alerts&quot;:0,&quot;analyze&quot;:0,&quot;live_recording_status&quot;:{&quot;defined&quot;:0,&quot;active&quot;:0},&quot;tr101&quot;:[],&quot;path&quot;:&quot;&quot;,&quot;size&quot;:0},{&quot;id&quot;:&quot;test54&quot;,&quot;oid&quot;:55,&quot;remote_id&quot;:&quot;localhost.localdomain&quot;,&quot;source&quot;:&quot;192.168.5.10&quot;,&quot;remote_ip&quot;:&quot;192.168.5.10&quot;,&quot;status&quot;:&quot;Connected&quot;,&quot;error&quot;:&quot;None&quot;,&quot;error_code&quot;:0,&quot;clients&quot;:0,&quot;latency&quot;:6000,&quot;rtt&quot;:&quot;5/1&quot;,&quot;bitrate&quot;:11570813,&quot;device&quot;:&quot;Linux 64bit&quot;,&quot;app&quot;:&quot;Broadcaster&quot;,&quot;build&quot;:29361,&quot;maxbitrate&quot;:60006080,&quot;maxouts&quot;:-1,&quot;mcast_out&quot;:0,&quot;mcast_out_force&quot;:0,&quot;encrypted&quot;:0,&quot;user_data&quot;:&quot;&quot;,&quot;dtls&quot;:0,&quot;cert&quot;:&quot;&quot;,&quot;stats_mask&quot;:151,&quot;time_shift&quot;:0,&quot;permanent&quot;:1,&quot;up_time&quot;:&quot;00:00:26&quot;,&quot;up_time_seconds&quot;:26,&quot;change_time&quot;:&quot;2018-Aug-01 18:37:10&quot;,&quot;change_time_seconds_ago&quot;:26,&quot;type_code&quot;:23,&quot;type&quot;:&quot;Push&quot;,&quot;type_string&quot;:&quot;Push&quot;,&quot;present_in_matrix&quot;:1,&quot;preview_status&quot;:0,&quot;preview_error&quot;:&quot;&quot;,&quot;video_codec&quot;:&quot;&quot;,&quot;audio_codec&quot;:&quot;&quot;,&quot;stream_alerts&quot;:0,&quot;analyze&quot;:0,&quot;live_recording_status&quot;:{&quot;defined&quot;:0,&quot;active&quot;:0},&quot;tr101&quot;:[],&quot;path&quot;:&quot;&quot;,&quot;size&quot;:0},{&quot;id&quot;:&quot;test55&quot;,&quot;oid&quot;:56,&quot;remote_id&quot;:&quot;localhost.localdomain&quot;,&quot;source&quot;:&quot;192.168.5.10&quot;,&quot;remote_ip&quot;:&quot;192.168.5.10&quot;,&quot;status&quot;:&quot;Connected&quot;,&quot;error&quot;:&quot;None&quot;,&quot;error_code&quot;:0,&quot;clients&quot;:0,&quot;latency&quot;:6000,&quot;rtt&quot;:&quot;5/1&quot;,&quot;bitrate&quot;:11628411,&quot;device&quot;:&quot;Linux 64bit&quot;,&quot;app&quot;:&quot;Broadcaster&quot;,&quot;build&quot;:29361,&quot;maxbitrate&quot;:60006080,&quot;maxouts&quot;:-1,&quot;mcast_out&quot;:0,&quot;mcast_out_force&quot;:0,&quot;encrypted&quot;:0,&quot;user_data&quot;:&quot;&quot;,&quot;dtls&quot;:0,&quot;cert&quot;:&quot;&quot;,&quot;stats_mask&quot;:151,&quot;time_shift&quot;:0,&quot;permanent&quot;:1,&quot;up_time&quot;:&quot;00:00:26&quot;,&quot;up_time_seconds&quot;:26,&quot;change_time&quot;:&quot;2018-Aug-01 18:37:10&quot;,&quot;change_time_seconds_ago&quot;:26,&quot;type_code&quot;:23,&quot;type&quot;:&quot;Push&quot;,&quot;type_string&quot;:&quot;Push&quot;,&quot;present_in_matrix&quot;:1,&quot;preview_status&quot;:0,&quot;preview_error&quot;:&quot;&quot;,&quot;video_codec&quot;:&quot;&quot;,&quot;audio_codec&quot;:&quot;&quot;,&quot;stream_alerts&quot;:0,&quot;analyze&quot;:0,&quot;live_recording_status&quot;:{&quot;defined&quot;:0,&quot;active&quot;:0},&quot;tr101&quot;:[],&quot;path&quot;:&quot;&quot;,&quot;size&quot;:0},{&quot;id&quot;:&quot;test56&quot;,&quot;oid&quot;:57,&quot;remote_id&quot;:&quot;localhost.localdomain&quot;,&quot;source&quot;:&quot;192.168.5.10&quot;,&quot;remote_ip&quot;:&quot;192.168.5.10&quot;,&quot;status&quot;:&quot;Connected&quot;,&quot;error&quot;:&quot;None&quot;,&quot;error_code&quot;:0,&quot;clients&quot;:0,&quot;latency&quot;:6000,&quot;rtt&quot;:&quot;5/1&quot;,&quot;bitrate&quot;:11498760,&quot;device&quot;:&quot;Linux 64bit&quot;,&quot;app&quot;:&quot;Broadcaster&quot;,&quot;build&quot;:29361,&quot;maxbitrate&quot;:60006080,&quot;maxouts&quot;:-1,&quot;mcast_out&quot;:0,&quot;mcast_out_force&quot;:0,&quot;encrypted&quot;:0,&quot;user_data&quot;:&quot;&quot;,&quot;dtls&quot;:0,&quot;cert&quot;:&quot;&quot;,&quot;stats_mask&quot;:151,&quot;time_shift&quot;:0,&quot;permanent&quot;:1,&quot;up_time&quot;:&quot;00:00:26&quot;,&quot;up_time_seconds&quot;:26,&quot;change_time&quot;:&quot;2018-Aug-01 18:37:10&quot;,&quot;change_time_seconds_ago&quot;:26,&quot;type_code&quot;:23,&quot;type&quot;:&quot;Push&quot;,&quot;type_string&quot;:&quot;Push&quot;,&quot;present_in_matrix&quot;:1,&quot;preview_status&quot;:0,&quot;preview_error&quot;:&quot;&quot;,&quot;video_codec&quot;:&quot;&quot;,&quot;audio_codec&quot;:&quot;&quot;,&quot;stream_alerts&quot;:0,&quot;analyze&quot;:0,&quot;live_recording_status&quot;:{&quot;defined&quot;:0,&quot;active&quot;:0},&quot;tr101&quot;:[],&quot;path&quot;:&quot;&quot;,&quot;size&quot;:0},{&quot;id&quot;:&quot;test62&quot;,&quot;oid&quot;:58,&quot;remote_id&quot;:&quot;localhost.localdomain&quot;,&quot;source&quot;:&quot;192.168.5.10&quot;,&quot;remote_ip&quot;:&quot;192.168.5.10&quot;,&quot;status&quot;:&quot;Connected&quot;,&quot;error&quot;:&quot;None&quot;,&quot;error_code&quot;:0,&quot;clients&quot;:0,&quot;latency&quot;:6000,&quot;rtt&quot;:&quot;5/1&quot;,&quot;bitrate&quot;:11678801,&quot;device&quot;:&quot;Linux 64bit&quot;,&quot;app&quot;:&quot;Broadcaster&quot;,&quot;build&quot;:29361,&quot;maxbitrate&quot;:60006080,&quot;maxouts&quot;:-1,&quot;mcast_out&quot;:0,&quot;mcast_out_force&quot;:0,&quot;encrypted&quot;:0,&quot;user_data&quot;:&quot;&quot;,&quot;dtls&quot;:0,&quot;cert&quot;:&quot;&quot;,&quot;stats_mask&quot;:151,&quot;time_shift&quot;:0,&quot;permanent&quot;:1,&quot;up_time&quot;:&quot;00:00:26&quot;,&quot;up_time_seconds&quot;:26,&quot;change_time&quot;:&quot;2018-Aug-01 18:37:11&quot;,&quot;change_time_seconds_ago&quot;:25,&quot;type_code&quot;:23,&quot;type&quot;:&quot;Push&quot;,&quot;type_string&quot;:&quot;Push&quot;,&quot;present_in_matrix&quot;:1,&quot;preview_status&quot;:0,&quot;preview_error&quot;:&quot;&quot;,&quot;video_codec&quot;:&quot;&quot;,&quot;audio_codec&quot;:&quot;&quot;,&quot;stream_alerts&quot;:0,&quot;analyze&quot;:0,&quot;live_recording_status&quot;:{&quot;defined&quot;:0,&quot;active&quot;:0},&quot;tr101&quot;:[],&quot;path&quot;:&quot;&quot;,&quot;size&quot;:0},{&quot;id&quot;:&quot;test58&quot;,&quot;oid&quot;:59,&quot;remote_id&quot;:&quot;localhost.localdomain&quot;,&quot;source&quot;:&quot;192.168.5.10&quot;,&quot;remote_ip&quot;:&quot;192.168.5.10&quot;,&quot;status&quot;:&quot;Connected&quot;,&quot;error&quot;:&quot;None&quot;,&quot;error_code&quot;:0,&quot;clients&quot;:0,&quot;latency&quot;:6000,&quot;rtt&quot;:&quot;5/1&quot;,&quot;bitrate&quot;:11638672,&quot;device&quot;:&quot;Linux 64bit&quot;,&quot;app&quot;:&quot;Broadcaster&quot;,&quot;build&quot;:29361,&quot;maxbitrate&quot;:60006080,&quot;maxouts&quot;:-1,&quot;mcast_out&quot;:0,&quot;mcast_out_force&quot;:0,&quot;encrypted&quot;:0,&quot;user_data&quot;:&quot;&quot;,&quot;dtls&quot;:0,&quot;cert&quot;:&quot;&quot;,&quot;stats_mask&quot;:151,&quot;time_shift&quot;:0,&quot;permanent&quot;:1,&quot;up_time&quot;:&quot;00:00:26&quot;,&quot;up_time_seconds&quot;:26,&quot;change_time&quot;:&quot;2018-Aug-01 18:37:10&quot;,&quot;change_time_seconds_ago&quot;:26,&quot;type_code&quot;:23,&quot;type&quot;:&quot;Push&quot;,&quot;type_string&quot;:&quot;Push&quot;,&quot;present_in_matrix&quot;:1,&quot;preview_status&quot;:0,&quot;preview_error&quot;:&quot;&quot;,&quot;video_codec&quot;:&quot;&quot;,&quot;audio_codec&quot;:&quot;&quot;,&quot;stream_alerts&quot;:0,&quot;analyze&quot;:0,&quot;live_recording_status&quot;:{&quot;defined&quot;:0,&quot;active&quot;:0},&quot;tr101&quot;:[],&quot;path&quot;:&quot;&quot;,&quot;size&quot;:0},{&quot;id&quot;:&quot;test60&quot;,&quot;oid&quot;:60,&quot;remote_id&quot;:&quot;localhost.localdomain&quot;,&quot;source&quot;:&quot;192.168.5.10&quot;,&quot;remote_ip&quot;:&quot;192.168.5.10&quot;,&quot;status&quot;:&quot;Connected&quot;,&quot;error&quot;:&quot;None&quot;,&quot;error_code&quot;:0,&quot;clients&quot;:0,&quot;latency&quot;:6000,&quot;rtt&quot;:&quot;5/1&quot;,&quot;bitrate&quot;:11898552,&quot;device&quot;:&quot;Linux 64bit&quot;,&quot;app&quot;:&quot;Broadcaster&quot;,&quot;build&quot;:29361,&quot;maxbitrate&quot;:60006080,&quot;maxouts&quot;:-1,&quot;mcast_out&quot;:0,&quot;mcast_out_force&quot;:0,&quot;encrypted&quot;:0,&quot;user_data&quot;:&quot;&quot;,&quot;dtls&quot;:0,&quot;cert&quot;:&quot;&quot;,&quot;stats_mask&quot;:151,&quot;time_shift&quot;:0,&quot;permanent&quot;:1,&quot;up_time&quot;:&quot;00:00:26&quot;,&quot;up_time_seconds&quot;:26,&quot;change_time&quot;:&quot;2018-Aug-01 18:37:11&quot;,&quot;change_time_seconds_ago&quot;:25,&quot;type_code&quot;:23,&quot;type&quot;:&quot;Push&quot;,&quot;type_string&quot;:&quot;Push&quot;,&quot;present_in_matrix&quot;:1,&quot;preview_status&quot;:0,&quot;preview_error&quot;:&quot;&quot;,&quot;video_codec&quot;:&quot;&quot;,&quot;audio_codec&quot;:&quot;&quot;,&quot;stream_alerts&quot;:0,&quot;analyze&quot;:0,&quot;live_recording_status&quot;:{&quot;defined&quot;:0,&quot;active&quot;:0},&quot;tr101&quot;:[],&quot;path&quot;:&quot;&quot;,&quot;size&quot;:0},{&quot;id&quot;:&quot;test57&quot;,&quot;oid&quot;:61,&quot;remote_id&quot;:&quot;localhost.localdomain&quot;,&quot;source&quot;:&quot;192.168.5.10&quot;,&quot;remote_ip&quot;:&quot;192.168.5.10&quot;,&quot;status&quot;:&quot;Connected&quot;,&quot;error&quot;:&quot;None&quot;,&quot;error_code&quot;:0,&quot;clients&quot;:0,&quot;latency&quot;:6000,&quot;rtt&quot;:&quot;5/1&quot;,&quot;bitrate&quot;:11417584,&quot;device&quot;:&quot;Linux 64bit&quot;,&quot;app&quot;:&quot;Broadcaster&quot;,&quot;build&quot;:29361,&quot;maxbitrate&quot;:60006080,&quot;maxouts&quot;:-1,&quot;mcast_out&quot;:0,&quot;mcast_out_force&quot;:0,&quot;encrypted&quot;:0,&quot;user_data&quot;:&quot;&quot;,&quot;dtls&quot;:0,&quot;cert&quot;:&quot;&quot;,&quot;stats_mask&quot;:151,&quot;time_shift&quot;:0,&quot;permanent&quot;:1,&quot;up_time&quot;:&quot;00:00:26&quot;,&quot;up_time_seconds&quot;:26,&quot;change_time&quot;:&quot;2018-Aug-01 18:37:10&quot;,&quot;change_time_seconds_ago&quot;:26,&quot;type_code&quot;:23,&quot;type&quot;:&quot;Push&quot;,&quot;type_string&quot;:&quot;Push&quot;,&quot;present_in_matrix&quot;:1,&quot;preview_status&quot;:0,&quot;preview_error&quot;:&quot;&quot;,&quot;video_codec&quot;:&quot;&quot;,&quot;audio_codec&quot;:&quot;&quot;,&quot;stream_alerts&quot;:0,&quot;analyze&quot;:0,&quot;live_recording_status&quot;:{&quot;defined&quot;:0,&quot;active&quot;:0},&quot;tr101&quot;:[],&quot;path&quot;:&quot;&quot;,&quot;size&quot;:0},{&quot;id&quot;:&quot;test59&quot;,&quot;oid&quot;:62,&quot;remote_id&quot;:&quot;localhost.localdomain&quot;,&quot;source&quot;:&quot;192.168.5.10&quot;,&quot;remote_ip&quot;:&quot;192.168.5.10&quot;,&quot;status&quot;:&quot;Connected&quot;,&quot;error&quot;:&quot;None&quot;,&quot;error_code&quot;:0,&quot;clients&quot;:0,&quot;latency&quot;:6000,&quot;rtt&quot;:&quot;5/1&quot;,&quot;bitrate&quot;:11803040,&quot;device&quot;:&quot;Linux 64bit&quot;,&quot;app&quot;:&quot;Broadcaster&quot;,&quot;build&quot;:29361,&quot;maxbitrate&quot;:60006080,&quot;maxouts&quot;:-1,&quot;mcast_out&quot;:0,&quot;mcast_out_force&quot;:0,&quot;encrypted&quot;:0,&quot;user_data&quot;:&quot;&quot;,&quot;dtls&quot;:0,&quot;cert&quot;:&quot;&quot;,&quot;stats_mask&quot;:151,&quot;time_shift&quot;:0,&quot;permanent&quot;:1,&quot;up_time&quot;:&quot;00:00:26&quot;,&quot;up_time_seconds&quot;:26,&quot;change_time&quot;:&quot;2018-Aug-01 18:37:11&quot;,&quot;change_time_seconds_ago&quot;:25,&quot;type_code&quot;:23,&quot;type&quot;:&quot;Push&quot;,&quot;type_string&quot;:&quot;Push&quot;,&quot;present_in_matrix&quot;:1,&quot;preview_status&quot;:0,&quot;preview_error&quot;:&quot;&quot;,&quot;video_codec&quot;:&quot;&quot;,&quot;audio_codec&quot;:&quot;&quot;,&quot;stream_alerts&quot;:0,&quot;analyze&quot;:0,&quot;live_recording_status&quot;:{&quot;defined&quot;:0,&quot;active&quot;:0},&quot;tr101&quot;:[],&quot;path&quot;:&quot;&quot;,&quot;size&quot;:0},{&quot;id&quot;:&quot;test61&quot;,&quot;oid&quot;:63,&quot;remote_id&quot;:&quot;localhost.localdomain&quot;,&quot;source&quot;:&quot;192.168.5.10&quot;,&quot;remote_ip&quot;:&quot;192.168.5.10&quot;,&quot;status&quot;:&quot;Connected&quot;,&quot;error&quot;:&quot;None&quot;,&quot;error_code&quot;:0,&quot;clients&quot;:0,&quot;latency&quot;:6000,&quot;rtt&quot;:&quot;5/1&quot;,&quot;bitrate&quot;:11800151,&quot;device&quot;:&quot;Linux 64bit&quot;,&quot;app&quot;:&quot;Broadcaster&quot;,&quot;build&quot;:29361,&quot;maxbitrate&quot;:60006080,&quot;maxouts&quot;:-1,&quot;mcast_out&quot;:0,&quot;mcast_out_force&quot;:0,&quot;encrypted&quot;:0,&quot;user_data&quot;:&quot;&quot;,&quot;dtls&quot;:0,&quot;cert&quot;:&quot;&quot;,&quot;stats_mask&quot;:151,&quot;time_shift&quot;:0,&quot;permanent&quot;:1,&quot;up_time&quot;:&quot;00:00:26&quot;,&quot;up_time_seconds&quot;:26,&quot;change_time&quot;:&quot;2018-Aug-01 18:37:11&quot;,&quot;change_time_seconds_ago&quot;:25,&quot;type_code&quot;:23,&quot;type&quot;:&quot;Push&quot;,&quot;type_string&quot;:&quot;Push&quot;,&quot;present_in_matrix&quot;:1,&quot;preview_status&quot;:0,&quot;preview_error&quot;:&quot;&quot;,&quot;video_codec&quot;:&quot;&quot;,&quot;audio_codec&quot;:&quot;&quot;,&quot;stream_alerts&quot;:0,&quot;analyze&quot;:0,&quot;live_recording_status&quot;:{&quot;defined&quot;:0,&quot;active&quot;:0},&quot;tr101&quot;:[],&quot;path&quot;:&quot;&quot;,&quot;size&quot;:0},{&quot;id&quot;:&quot;test64&quot;,&quot;oid&quot;:64,&quot;remote_id&quot;:&quot;localhost.localdomain&quot;,&quot;source&quot;:&quot;192.168.5.10&quot;,&quot;remote_ip&quot;:&quot;192.168.5.10&quot;,&quot;status&quot;:&quot;Connected&quot;,&quot;error&quot;:&quot;None&quot;,&quot;error_code&quot;:0,&quot;clients&quot;:0,&quot;latency&quot;:6000,&quot;rtt&quot;:&quot;5/1&quot;,&quot;bitrate&quot;:12137710,&quot;device&quot;:&quot;Linux 64bit&quot;,&quot;app&quot;:&quot;Broadcaster&quot;,&quot;build&quot;:29361,&quot;maxbitrate&quot;:60006080,&quot;maxouts&quot;:-1,&quot;mcast_out&quot;:0,&quot;mcast_out_force&quot;:0,&quot;encrypted&quot;:0,&quot;user_data&quot;:&quot;&quot;,&quot;dtls&quot;:0,&quot;cert&quot;:&quot;&quot;,&quot;stats_mask&quot;:151,&quot;time_shift&quot;:0,&quot;permanent&quot;:1,&quot;up_time&quot;:&quot;00:00:26&quot;,&quot;up_time_seconds&quot;:26,&quot;change_time&quot;:&quot;2018-Aug-01 18:37:11&quot;,&quot;change_time_seconds_ago&quot;:25,&quot;type_code&quot;:23,&quot;type&quot;:&quot;Push&quot;,&quot;type_string&quot;:&quot;Push&quot;,&quot;present_in_matrix&quot;:1,&quot;preview_status&quot;:0,&quot;preview_error&quot;:&quot;&quot;,&quot;video_codec&quot;:&quot;&quot;,&quot;audio_codec&quot;:&quot;&quot;,&quot;stream_alerts&quot;:0,&quot;analyze&quot;:0,&quot;live_recording_status&quot;:{&quot;defined&quot;:0,&quot;active&quot;:0},&quot;tr101&quot;:[],&quot;path&quot;:&quot;&quot;,&quot;size&quot;:0},{&quot;id&quot;:&quot;test66&quot;,&quot;oid&quot;:65,&quot;remote_id&quot;:&quot;localhost.localdomain&quot;,&quot;source&quot;:&quot;192.168.5.10&quot;,&quot;remote_ip&quot;:&quot;192.168.5.10&quot;,&quot;status&quot;:&quot;Connected&quot;,&quot;error&quot;:&quot;None&quot;,&quot;error_code&quot;:0,&quot;clients&quot;:0,&quot;latency&quot;:6000,&quot;rtt&quot;:&quot;5/1&quot;,&quot;bitrate&quot;:11930477,&quot;device&quot;:&quot;Linux 64bit&quot;,&quot;app&quot;:&quot;Broadcaster&quot;,&quot;build&quot;:29361,&quot;maxbitrate&quot;:60006080,&quot;maxouts&quot;:-1,&quot;mcast_out&quot;:0,&quot;mcast_out_force&quot;:0,&quot;encrypted&quot;:0,&quot;user_data&quot;:&quot;&quot;,&quot;dtls&quot;:0,&quot;cert&quot;:&quot;&quot;,&quot;stats_mask&quot;:151,&quot;time_shift&quot;:0,&quot;permanent&quot;:1,&quot;up_time&quot;:&quot;00:00:26&quot;,&quot;up_time_seconds&quot;:26,&quot;change_time&quot;:&quot;2018-Aug-01 18:37:11&quot;,&quot;change_time_seconds_ago&quot;:25,&quot;type_code&quot;:23,&quot;type&quot;:&quot;Push&quot;,&quot;type_string&quot;:&quot;Push&quot;,&quot;present_in_matrix&quot;:1,&quot;preview_status&quot;:0,&quot;preview_error&quot;:&quot;&quot;,&quot;video_codec&quot;:&quot;&quot;,&quot;audio_codec&quot;:&quot;&quot;,&quot;stream_alerts&quot;:0,&quot;analyze&quot;:0,&quot;live_recording_status&quot;:{&quot;defined&quot;:0,&quot;active&quot;:0},&quot;tr101&quot;:[],&quot;path&quot;:&quot;&quot;,&quot;size&quot;:0},{&quot;id&quot;:&quot;test63&quot;,&quot;oid&quot;:66,&quot;remote_id&quot;:&quot;localhost.localdomain&quot;,&quot;source&quot;:&quot;192.168.5.10&quot;,&quot;remote_ip&quot;:&quot;192.168.5.10&quot;,&quot;status&quot;:&quot;Connected&quot;,&quot;error&quot;:&quot;None&quot;,&quot;error_code&quot;:0,&quot;clients&quot;:0,&quot;latency&quot;:6000,&quot;rtt&quot;:&quot;5/1&quot;,&quot;bitrate&quot;:11862017,&quot;device&quot;:&quot;Linux 64bit&quot;,&quot;app&quot;:&quot;Broadcaster&quot;,&quot;build&quot;:29361,&quot;maxbitrate&quot;:60006080,&quot;maxouts&quot;:-1,&quot;mcast_out&quot;:0,&quot;mcast_out_force&quot;:0,&quot;encrypted&quot;:0,&quot;user_data&quot;:&quot;&quot;,&quot;dtls&quot;:0,&quot;cert&quot;:&quot;&quot;,&quot;stats_mask&quot;:151,&quot;time_shift&quot;:0,&quot;permanent&quot;:1,&quot;up_time&quot;:&quot;00:00:26&quot;,&quot;up_time_seconds&quot;:26,&quot;change_time&quot;:&quot;2018-Aug-01 18:37:11&quot;,&quot;change_time_seconds_ago&quot;:25,&quot;type_code&quot;:23,&quot;type&quot;:&quot;Push&quot;,&quot;type_string&quot;:&quot;Push&quot;,&quot;present_in_matrix&quot;:1,&quot;preview_status&quot;:0,&quot;preview_error&quot;:&quot;&quot;,&quot;video_codec&quot;:&quot;&quot;,&quot;audio_codec&quot;:&quot;&quot;,&quot;stream_alerts&quot;:0,&quot;analyze&quot;:0,&quot;live_recording_status&quot;:{&quot;defined&quot;:0,&quot;active&quot;:0},&quot;tr101&quot;:[],&quot;path&quot;:&quot;&quot;,&quot;size&quot;:0},{&quot;id&quot;:&quot;test68&quot;,&quot;oid&quot;:67,&quot;remote_id&quot;:&quot;localhost.localdomain&quot;,&quot;source&quot;:&quot;192.168.5.10&quot;,&quot;remote_ip&quot;:&quot;192.168.5.10&quot;,&quot;status&quot;:&quot;Connected&quot;,&quot;error&quot;:&quot;None&quot;,&quot;error_code&quot;:0,&quot;clients&quot;:0,&quot;latency&quot;:6000,&quot;rtt&quot;:&quot;5/1&quot;,&quot;bitrate&quot;:12098213,&quot;device&quot;:&quot;Linux 64bit&quot;,&quot;app&quot;:&quot;Broadcaster&quot;,&quot;build&quot;:29361,&quot;maxbitrate&quot;:60006080,&quot;maxouts&quot;:-1,&quot;mcast_out&quot;:0,&quot;mcast_out_force&quot;:0,&quot;encrypted&quot;:0,&quot;user_data&quot;:&quot;&quot;,&quot;dtls&quot;:0,&quot;cert&quot;:&quot;&quot;,&quot;stats_mask&quot;:151,&quot;time_shift&quot;:0,&quot;permanent&quot;:1,&quot;up_time&quot;:&quot;00:00:26&quot;,&quot;up_time_seconds&quot;:26,&quot;change_time&quot;:&quot;2018-Aug-01 18:37:11&quot;,&quot;change_time_seconds_ago&quot;:25,&quot;type_code&quot;:23,&quot;type&quot;:&quot;Push&quot;,&quot;type_string&quot;:&quot;Push&quot;,&quot;present_in_matrix&quot;:1,&quot;preview_status&quot;:0,&quot;preview_error&quot;:&quot;&quot;,&quot;video_codec&quot;:&quot;&quot;,&quot;audio_codec&quot;:&quot;&quot;,&quot;stream_alerts&quot;:0,&quot;analyze&quot;:0,&quot;live_recording_status&quot;:{&quot;defined&quot;:0,&quot;active&quot;:0},&quot;tr101&quot;:[],&quot;path&quot;:&quot;&quot;,&quot;size&quot;:0},{&quot;id&quot;:&quot;test69&quot;,&quot;oid&quot;:68,&quot;remote_id&quot;:&quot;localhost.localdomain&quot;,&quot;source&quot;:&quot;192.168.5.10&quot;,&quot;remote_ip&quot;:&quot;192.168.5.10&quot;,&quot;status&quot;:&quot;Connected&quot;,&quot;error&quot;:&quot;None&quot;,&quot;error_code&quot;:0,&quot;clients&quot;:0,&quot;latency&quot;:6000,&quot;rtt&quot;:&quot;5/1&quot;,&quot;bitrate&quot;:12215648,&quot;device&quot;:&quot;Linux 64bit&quot;,&quot;app&quot;:&quot;Broadcaster&quot;,&quot;build&quot;:29361,&quot;maxbitrate&quot;:60006080,&quot;maxouts&quot;:-1,&quot;mcast_out&quot;:0,&quot;mcast_out_force&quot;:0,&quot;encrypted&quot;:0,&quot;user_data&quot;:&quot;&quot;,&quot;dtls&quot;:0,&quot;cert&quot;:&quot;&quot;,&quot;stats_mask&quot;:151,&quot;time_shift&quot;:0,&quot;permanent&quot;:1,&quot;up_time&quot;:&quot;00:00:26&quot;,&quot;up_time_seconds&quot;:26,&quot;change_time&quot;:&quot;2018-Aug-01 18:37:11&quot;,&quot;change_time_seconds_ago&quot;:25,&quot;type_code&quot;:23,&quot;type&quot;:&quot;Push&quot;,&quot;type_string&quot;:&quot;Push&quot;,&quot;present_in_matrix&quot;:1,&quot;preview_status&quot;:0,&quot;preview_error&quot;:&quot;&quot;,&quot;video_codec&quot;:&quot;&quot;,&quot;audio_codec&quot;:&quot;&quot;,&quot;stream_alerts&quot;:0,&quot;analyze&quot;:0,&quot;live_recording_status&quot;:{&quot;defined&quot;:0,&quot;active&quot;:0},&quot;tr101&quot;:[],&quot;path&quot;:&quot;&quot;,&quot;size&quot;:0},{&quot;id&quot;:&quot;test65&quot;,&quot;oid&quot;:69,&quot;remote_id&quot;:&quot;localhost.localdomain&quot;,&quot;source&quot;:&quot;192.168.5.10&quot;,&quot;remote_ip&quot;:&quot;192.168.5.10&quot;,&quot;status&quot;:&quot;Connected&quot;,&quot;error&quot;:&quot;None&quot;,&quot;error_code&quot;:0,&quot;clients&quot;:0,&quot;latency&quot;:6000,&quot;rtt&quot;:&quot;5/1&quot;,&quot;bitrate&quot;:12027304,&quot;device&quot;:&quot;Linux 64bit&quot;,&quot;app&quot;:&quot;Broadcaster&quot;,&quot;build&quot;:29361,&quot;maxbitrate&quot;:60006080,&quot;maxouts&quot;:-1,&quot;mcast_out&quot;:0,&quot;mcast_out_force&quot;:0,&quot;encrypted&quot;:0,&quot;user_data&quot;:&quot;&quot;,&quot;dtls&quot;:0,&quot;cert&quot;:&quot;&quot;,&quot;stats_mask&quot;:151,&quot;time_shift&quot;:0,&quot;permanent&quot;:1,&quot;up_time&quot;:&quot;00:00:26&quot;,&quot;up_time_seconds&quot;:26,&quot;change_time&quot;:&quot;2018-Aug-01 18:37:11&quot;,&quot;change_time_seconds_ago&quot;:25,&quot;type_code&quot;:23,&quot;type&quot;:&quot;Push&quot;,&quot;type_string&quot;:&quot;Push&quot;,&quot;present_in_matrix&quot;:1,&quot;preview_status&quot;:0,&quot;preview_error&quot;:&quot;&quot;,&quot;video_codec&quot;:&quot;&quot;,&quot;audio_codec&quot;:&quot;&quot;,&quot;stream_alerts&quot;:0,&quot;analyze&quot;:0,&quot;live_recording_status&quot;:{&quot;defined&quot;:0,&quot;active&quot;:0},&quot;tr101&quot;:[],&quot;path&quot;:&quot;&quot;,&quot;size&quot;:0},{&quot;id&quot;:&quot;test70&quot;,&quot;oid&quot;:70,&quot;remote_id&quot;:&quot;localhost.localdomain&quot;,&quot;source&quot;:&quot;192.168.5.10&quot;,&quot;remote_ip&quot;:&quot;192.168.5.10&quot;,&quot;status&quot;:&quot;Connected&quot;,&quot;error&quot;:&quot;None&quot;,&quot;error_code&quot;:0,&quot;clients&quot;:0,&quot;latency&quot;:6000,&quot;rtt&quot;:&quot;5/1&quot;,&quot;bitrate&quot;:11494400,&quot;device&quot;:&quot;Linux 64bit&quot;,&quot;app&quot;:&quot;Broadcaster&quot;,&quot;build&quot;:29361,&quot;maxbitrate&quot;:60006080,&quot;maxouts&quot;:-1,&quot;mcast_out&quot;:0,&quot;mcast_out_force&quot;:0,&quot;encrypted&quot;:0,&quot;user_data&quot;:&quot;&quot;,&quot;dtls&quot;:0,&quot;cert&quot;:&quot;&quot;,&quot;stats_mask&quot;:151,&quot;time_shift&quot;:0,&quot;permanent&quot;:1,&quot;up_time&quot;:&quot;00:00:25&quot;,&quot;up_time_seconds&quot;:25,&quot;change_time&quot;:&quot;2018-Aug-01 18:37:11&quot;,&quot;change_time_seconds_ago&quot;:25,&quot;type_code&quot;:23,&quot;type&quot;:&quot;Push&quot;,&quot;type_string&quot;:&quot;Push&quot;,&quot;present_in_matrix&quot;:1,&quot;preview_status&quot;:0,&quot;preview_error&quot;:&quot;&quot;,&quot;video_codec&quot;:&quot;&quot;,&quot;audio_codec&quot;:&quot;&quot;,&quot;stream_alerts&quot;:0,&quot;analyze&quot;:0,&quot;live_recording_status&quot;:{&quot;defined&quot;:0,&quot;active&quot;:0},&quot;tr101&quot;:[],&quot;path&quot;:&quot;&quot;,&quot;size&quot;:0},{&quot;id&quot;:&quot;test71&quot;,&quot;oid&quot;:71,&quot;remote_id&quot;:&quot;localhost.localdomain&quot;,&quot;source&quot;:&quot;192.168.5.10&quot;,&quot;remote_ip&quot;:&quot;192.168.5.10&quot;,&quot;status&quot;:&quot;Connected&quot;,&quot;error&quot;:&quot;None&quot;,&quot;error_code&quot;:0,&quot;clients&quot;:0,&quot;latency&quot;:6000,&quot;rtt&quot;:&quot;5/1&quot;,&quot;bitrate&quot;:11977342,&quot;device&quot;:&quot;Linux 64bit&quot;,&quot;app&quot;:&quot;Broadcaster&quot;,&quot;build&quot;:29361,&quot;maxbitrate&quot;:60006080,&quot;maxouts&quot;:-1,&quot;mcast_out&quot;:0,&quot;mcast_out_force&quot;:0,&quot;encrypted&quot;:0,&quot;user_data&quot;:&quot;&quot;,&quot;dtls&quot;:0,&quot;cert&quot;:&quot;&quot;,&quot;stats_mask&quot;:151,&quot;time_shift&quot;:0,&quot;permanent&quot;:1,&quot;up_time&quot;:&quot;00:00:26&quot;,&quot;up_time_seconds&quot;:26,&quot;change_time&quot;:&quot;2018-Aug-01 18:37:11&quot;,&quot;change_time_seconds_ago&quot;:25,&quot;type_code&quot;:23,&quot;type&quot;:&quot;Push&quot;,&quot;type_string&quot;:&quot;Push&quot;,&quot;present_in_matrix&quot;:1,&quot;preview_status&quot;:0,&quot;preview_error&quot;:&quot;&quot;,&quot;video_codec&quot;:&quot;&quot;,&quot;audio_codec&quot;:&quot;&quot;,&quot;stream_alerts&quot;:0,&quot;analyze&quot;:0,&quot;live_recording_status&quot;:{&quot;defined&quot;:0,&quot;active&quot;:0},&quot;tr101&quot;:[],&quot;path&quot;:&quot;&quot;,&quot;size&quot;:0},{&quot;id&quot;:&quot;test67&quot;,&quot;oid&quot;:72,&quot;remote_id&quot;:&quot;localhost.localdomain&quot;,&quot;source&quot;:&quot;192.168.5.10&quot;,&quot;remote_ip&quot;:&quot;192.168.5.10&quot;,&quot;status&quot;:&quot;Connected&quot;,&quot;error&quot;:&quot;None&quot;,&quot;error_code&quot;:0,&quot;clients&quot;:0,&quot;latency&quot;:6000,&quot;rtt&quot;:&quot;5/1&quot;,&quot;bitrate&quot;:11893194,&quot;device&quot;:&quot;Linux 64bit&quot;,&quot;app&quot;:&quot;Broadcaster&quot;,&quot;build&quot;:29361,&quot;maxbitrate&quot;:60006080,&quot;maxouts&quot;:-1,&quot;mcast_out&quot;:0,&quot;mcast_out_force&quot;:0,&quot;encrypted&quot;:0,&quot;user_data&quot;:&quot;&quot;,&quot;dtls&quot;:0,&quot;cert&quot;:&quot;&quot;,&quot;stats_mask&quot;:151,&quot;time_shift&quot;:0,&quot;permanent&quot;:1,&quot;up_time&quot;:&quot;00:00:26&quot;,&quot;up_time_seconds&quot;:26,&quot;change_time&quot;:&quot;2018-Aug-01 18:37:11&quot;,&quot;change_time_seconds_ago&quot;:25,&quot;type_code&quot;:23,&quot;type&quot;:&quot;Push&quot;,&quot;type_string&quot;:&quot;Push&quot;,&quot;present_in_matrix&quot;:1,&quot;preview_status&quot;:0,&quot;preview_error&quot;:&quot;&quot;,&quot;video_codec&quot;:&quot;&quot;,&quot;audio_codec&quot;:&quot;&quot;,&quot;stream_alerts&quot;:0,&quot;analyze&quot;:0,&quot;live_recording_status&quot;:{&quot;defined&quot;:0,&quot;active&quot;:0},&quot;tr101&quot;:[],&quot;path&quot;:&quot;&quot;,&quot;size&quot;:0},{&quot;id&quot;:&quot;test72&quot;,&quot;oid&quot;:73,&quot;remote_id&quot;:&quot;localhost.localdomain&quot;,&quot;source&quot;:&quot;192.168.5.10&quot;,&quot;remote_ip&quot;:&quot;192.168.5.10&quot;,&quot;status&quot;:&quot;Connected&quot;,&quot;error&quot;:&quot;None&quot;,&quot;error_code&quot;:0,&quot;clients&quot;:0,&quot;latency&quot;:6000,&quot;rtt&quot;:&quot;5/1&quot;,&quot;bitrate&quot;:12039312,&quot;device&quot;:&quot;Linux 64bit&quot;,&quot;app&quot;:&quot;Broadcaster&quot;,&quot;build&quot;:29361,&quot;maxbitrate&quot;:60006080,&quot;maxouts&quot;:-1,&quot;mcast_out&quot;:0,&quot;mcast_out_force&quot;:0,&quot;encrypted&quot;:0,&quot;user_data&quot;:&quot;&quot;,&quot;dtls&quot;:0,&quot;cert&quot;:&quot;&quot;,&quot;stats_mask&quot;:151,&quot;time_shift&quot;:0,&quot;permanent&quot;:1,&quot;up_time&quot;:&quot;00:00:26&quot;,&quot;up_time_seconds&quot;:26,&quot;change_time&quot;:&quot;2018-Aug-01 18:37:11&quot;,&quot;change_time_seconds_ago&quot;:25,&quot;type_code&quot;:23,&quot;type&quot;:&quot;Push&quot;,&quot;type_string&quot;:&quot;Push&quot;,&quot;present_in_matrix&quot;:1,&quot;preview_status&quot;:0,&quot;preview_error&quot;:&quot;&quot;,&quot;video_codec&quot;:&quot;&quot;,&quot;audio_codec&quot;:&quot;&quot;,&quot;stream_alerts&quot;:0,&quot;analyze&quot;:0,&quot;live_recording_status&quot;:{&quot;defined&quot;:0,&quot;active&quot;:0},&quot;tr101&quot;:[],&quot;path&quot;:&quot;&quot;,&quot;size&quot;:0},{&quot;id&quot;:&quot;test73&quot;,&quot;oid&quot;:74,&quot;remote_id&quot;:&quot;localhost.localdomain&quot;,&quot;source&quot;:&quot;192.168.5.10&quot;,&quot;remote_ip&quot;:&quot;192.168.5.10&quot;,&quot;status&quot;:&quot;Connected&quot;,&quot;error&quot;:&quot;None&quot;,&quot;error_code&quot;:0,&quot;clients&quot;:0,&quot;latency&quot;:6000,&quot;rtt&quot;:&quot;5/1&quot;,&quot;bitrate&quot;:12194213,&quot;device&quot;:&quot;Linux 64bit&quot;,&quot;app&quot;:&quot;Broadcaster&quot;,&quot;build&quot;:29361,&quot;maxbitrate&quot;:60006080,&quot;maxouts&quot;:-1,&quot;mcast_out&quot;:0,&quot;mcast_out_force&quot;:0,&quot;encrypted&quot;:0,&quot;user_data&quot;:&quot;&quot;,&quot;dtls&quot;:0,&quot;cert&quot;:&quot;&quot;,&quot;stats_mask&quot;:151,&quot;time_shift&quot;:0,&quot;permanent&quot;:1,&quot;up_time&quot;:&quot;00:00:26&quot;,&quot;up_time_seconds&quot;:26,&quot;change_time&quot;:&quot;2018-Aug-01 18:37:11&quot;,&quot;change_time_seconds_ago&quot;:25,&quot;type_code&quot;:23,&quot;type&quot;:&quot;Push&quot;,&quot;type_string&quot;:&quot;Push&quot;,&quot;present_in_matrix&quot;:1,&quot;preview_status&quot;:0,&quot;preview_error&quot;:&quot;&quot;,&quot;video_codec&quot;:&quot;&quot;,&quot;audio_codec&quot;:&quot;&quot;,&quot;stream_alerts&quot;:0,&quot;analyze&quot;:0,&quot;live_recording_status&quot;:{&quot;defined&quot;:0,&quot;active&quot;:0},&quot;tr101&quot;:[],&quot;path&quot;:&quot;&quot;,&quot;size&quot;:0},{&quot;id&quot;:&quot;test74&quot;,&quot;oid&quot;:75,&quot;remote_id&quot;:&quot;localhost.localdomain&quot;,&quot;source&quot;:&quot;192.168.5.10&quot;,&quot;remote_ip&quot;:&quot;192.168.5.10&quot;,&quot;status&quot;:&quot;Connected&quot;,&quot;error&quot;:&quot;None&quot;,&quot;error_code&quot;:0,&quot;clients&quot;:0,&quot;latency&quot;:6000,&quot;rtt&quot;:&quot;5/1&quot;,&quot;bitrate&quot;:11303672,&quot;device&quot;:&quot;Linux 64bit&quot;,&quot;app&quot;:&quot;Broadcaster&quot;,&quot;build&quot;:29361,&quot;maxbitrate&quot;:60006080,&quot;maxouts&quot;:-1,&quot;mcast_out&quot;:0,&quot;mcast_out_force&quot;:0,&quot;encrypted&quot;:0,&quot;user_data&quot;:&quot;&quot;,&quot;dtls&quot;:0,&quot;cert&quot;:&quot;&quot;,&quot;stats_mask&quot;:151,&quot;time_shift&quot;:0,&quot;permanent&quot;:1,&quot;up_time&quot;:&quot;00:00:25&quot;,&quot;up_time_seconds&quot;:25,&quot;change_time&quot;:&quot;2018-Aug-01 18:37:11&quot;,&quot;change_time_seconds_ago&quot;:25,&quot;type_code&quot;:23,&quot;type&quot;:&quot;Push&quot;,&quot;type_string&quot;:&quot;Push&quot;,&quot;present_in_matrix&quot;:1,&quot;preview_status&quot;:0,&quot;preview_error&quot;:&quot;&quot;,&quot;video_codec&quot;:&quot;&quot;,&quot;audio_codec&quot;:&quot;&quot;,&quot;stream_alerts&quot;:0,&quot;analyze&quot;:0,&quot;live_recording_status&quot;:{&quot;defined&quot;:0,&quot;active&quot;:0},&quot;tr101&quot;:[],&quot;path&quot;:&quot;&quot;,&quot;size&quot;:0},{&quot;id&quot;:&quot;test75&quot;,&quot;oid&quot;:76,&quot;remote_id&quot;:&quot;localhost.localdomain&quot;,&quot;source&quot;:&quot;192.168.5.10&quot;,&quot;remote_ip&quot;:&quot;192.168.5.10&quot;,&quot;status&quot;:&quot;Connected&quot;,&quot;error&quot;:&quot;None&quot;,&quot;error_code&quot;:0,&quot;clients&quot;:0,&quot;latency&quot;:6000,&quot;rtt&quot;:&quot;5/1&quot;,&quot;bitrate&quot;:11316784,&quot;device&quot;:&quot;Linux 64bit&quot;,&quot;app&quot;:&quot;Broadcaster&quot;,&quot;build&quot;:29361,&quot;maxbitrate&quot;:60006080,&quot;maxouts&quot;:-1,&quot;mcast_out&quot;:0,&quot;mcast_out_force&quot;:0,&quot;encrypted&quot;:0,&quot;user_data&quot;:&quot;&quot;,&quot;dtls&quot;:0,&quot;cert&quot;:&quot;&quot;,&quot;stats_mask&quot;:151,&quot;time_shift&quot;:0,&quot;permanent&quot;:1,&quot;up_time&quot;:&quot;00:00:25&quot;,&quot;up_time_seconds&quot;:25,&quot;change_time&quot;:&quot;2018-Aug-01 18:37:11&quot;,&quot;change_time_seconds_ago&quot;:25,&quot;type_code&quot;:23,&quot;type&quot;:&quot;Push&quot;,&quot;type_string&quot;:&quot;Push&quot;,&quot;present_in_matrix&quot;:1,&quot;preview_status&quot;:0,&quot;preview_error&quot;:&quot;&quot;,&quot;video_codec&quot;:&quot;&quot;,&quot;audio_codec&quot;:&quot;&quot;,&quot;stream_alerts&quot;:0,&quot;analyze&quot;:0,&quot;live_recording_status&quot;:{&quot;defined&quot;:0,&quot;active&quot;:0},&quot;tr101&quot;:[],&quot;path&quot;:&quot;&quot;,&quot;size&quot;:0},{&quot;id&quot;:&quot;test76&quot;,&quot;oid&quot;:77,&quot;remote_id&quot;:&quot;localhost.localdomain&quot;,&quot;source&quot;:&quot;192.168.5.10&quot;,&quot;remote_ip&quot;:&quot;192.168.5.10&quot;,&quot;status&quot;:&quot;Connected&quot;,&quot;error&quot;:&quot;None&quot;,&quot;error_code&quot;:0,&quot;clients&quot;:0,&quot;latency&quot;:6000,&quot;rtt&quot;:&quot;5/1&quot;,&quot;bitrate&quot;:11336784,&quot;device&quot;:&quot;Linux 64bit&quot;,&quot;app&quot;:&quot;Broadcaster&quot;,&quot;build&quot;:29361,&quot;maxbitrate&quot;:60006080,&quot;maxouts&quot;:-1,&quot;mcast_out&quot;:0,&quot;mcast_out_force&quot;:0,&quot;encrypted&quot;:0,&quot;user_data&quot;:&quot;&quot;,&quot;dtls&quot;:0,&quot;cert&quot;:&quot;&quot;,&quot;stats_mask&quot;:151,&quot;time_shift&quot;:0,&quot;permanent&quot;:1,&quot;up_time&quot;:&quot;00:00:25&quot;,&quot;up_time_seconds&quot;:25,&quot;change_time&quot;:&quot;2018-Aug-01 18:37:11&quot;,&quot;change_time_seconds_ago&quot;:25,&quot;type_code&quot;:23,&quot;type&quot;:&quot;Push&quot;,&quot;type_string&quot;:&quot;Push&quot;,&quot;present_in_matrix&quot;:1,&quot;preview_status&quot;:0,&quot;preview_error&quot;:&quot;&quot;,&quot;video_codec&quot;:&quot;&quot;,&quot;audio_codec&quot;:&quot;&quot;,&quot;stream_alerts&quot;:0,&quot;analyze&quot;:0,&quot;live_recording_status&quot;:{&quot;defined&quot;:0,&quot;active&quot;:0},&quot;tr101&quot;:[],&quot;path&quot;:&quot;&quot;,&quot;size&quot;:0},{&quot;id&quot;:&quot;test77&quot;,&quot;oid&quot;:78,&quot;remote_id&quot;:&quot;localhost.localdomain&quot;,&quot;source&quot;:&quot;192.168.5.10&quot;,&quot;remote_ip&quot;:&quot;192.168.5.10&quot;,&quot;status&quot;:&quot;Connected&quot;,&quot;error&quot;:&quot;None&quot;,&quot;error_code&quot;:0,&quot;clients&quot;:0,&quot;latency&quot;:6000,&quot;rtt&quot;:&quot;5/1&quot;,&quot;bitrate&quot;:11375296,&quot;device&quot;:&quot;Linux 64bit&quot;,&quot;app&quot;:&quot;Broadcaster&quot;,&quot;build&quot;:29361,&quot;maxbitrate&quot;:60006080,&quot;maxouts&quot;:-1,&quot;mcast_out&quot;:0,&quot;mcast_out_force&quot;:0,&quot;encrypted&quot;:0,&quot;user_data&quot;:&quot;&quot;,&quot;dtls&quot;:0,&quot;cert&quot;:&quot;&quot;,&quot;stats_mask&quot;:151,&quot;time_shift&quot;:0,&quot;permanent&quot;:1,&quot;up_time&quot;:&quot;00:00:25&quot;,&quot;up_time_seconds&quot;:25,&quot;change_time&quot;:&quot;2018-Aug-01 18:37:11&quot;,&quot;change_time_seconds_ago&quot;:25,&quot;type_code&quot;:23,&quot;type&quot;:&quot;Push&quot;,&quot;type_string&quot;:&quot;Push&quot;,&quot;present_in_matrix&quot;:1,&quot;preview_status&quot;:0,&quot;preview_error&quot;:&quot;&quot;,&quot;video_codec&quot;:&quot;&quot;,&quot;audio_codec&quot;:&quot;&quot;,&quot;stream_alerts&quot;:0,&quot;analyze&quot;:0,&quot;live_recording_status&quot;:{&quot;defined&quot;:0,&quot;active&quot;:0},&quot;tr101&quot;:[],&quot;path&quot;:&quot;&quot;,&quot;size&quot;:0},{&quot;id&quot;:&quot;test78&quot;,&quot;oid&quot;:79,&quot;remote_id&quot;:&quot;localhost.localdomain&quot;,&quot;source&quot;:&quot;192.168.5.10&quot;,&quot;remote_ip&quot;:&quot;192.168.5.10&quot;,&quot;status&quot;:&quot;Connected&quot;,&quot;error&quot;:&quot;None&quot;,&quot;error_code&quot;:0,&quot;clients&quot;:0,&quot;latency&quot;:6000,&quot;rtt&quot;:&quot;5/1&quot;,&quot;bitrate&quot;:11324728,&quot;device&quot;:&quot;Linux 64bit&quot;,&quot;app&quot;:&quot;Broadcaster&quot;,&quot;build&quot;:29361,&quot;maxbitrate&quot;:60006080,&quot;maxouts&quot;:-1,&quot;mcast_out&quot;:0,&quot;mcast_out_force&quot;:0,&quot;encrypted&quot;:0,&quot;user_data&quot;:&quot;&quot;,&quot;dtls&quot;:0,&quot;cert&quot;:&quot;&quot;,&quot;stats_mask&quot;:151,&quot;time_shift&quot;:0,&quot;permanent&quot;:1,&quot;up_time&quot;:&quot;00:00:25&quot;,&quot;up_time_seconds&quot;:25,&quot;change_time&quot;:&quot;2018-Aug-01 18:37:11&quot;,&quot;change_time_seconds_ago&quot;:25,&quot;type_code&quot;:23,&quot;type&quot;:&quot;Push&quot;,&quot;type_string&quot;:&quot;Push&quot;,&quot;present_in_matrix&quot;:1,&quot;preview_status&quot;:0,&quot;preview_error&quot;:&quot;&quot;,&quot;video_codec&quot;:&quot;&quot;,&quot;audio_codec&quot;:&quot;&quot;,&quot;stream_alerts&quot;:0,&quot;analyze&quot;:0,&quot;live_recording_status&quot;:{&quot;defined&quot;:0,&quot;active&quot;:0},&quot;tr101&quot;:[],&quot;path&quot;:&quot;&quot;,&quot;size&quot;:0},{&quot;id&quot;:&quot;test79&quot;,&quot;oid&quot;:80,&quot;remote_id&quot;:&quot;localhost.localdomain&quot;,&quot;source&quot;:&quot;192.168.5.10&quot;,&quot;remote_ip&quot;:&quot;192.168.5.10&quot;,&quot;status&quot;:&quot;Connected&quot;,&quot;error&quot;:&quot;None&quot;,&quot;error_code&quot;:0,&quot;clients&quot;:0,&quot;latency&quot;:6000,&quot;rtt&quot;:&quot;5/1&quot;,&quot;bitrate&quot;:11194280,&quot;device&quot;:&quot;Linux 64bit&quot;,&quot;app&quot;:&quot;Broadcaster&quot;,&quot;build&quot;:29361,&quot;maxbitrate&quot;:60006080,&quot;maxouts&quot;:-1,&quot;mcast_out&quot;:0,&quot;mcast_out_force&quot;:0,&quot;encrypted&quot;:0,&quot;user_data&quot;:&quot;&quot;,&quot;dtls&quot;:0,&quot;cert&quot;:&quot;&quot;,&quot;stats_mask&quot;:151,&quot;time_shift&quot;:0,&quot;permanent&quot;:1,&quot;up_time&quot;:&quot;00:00:25&quot;,&quot;up_time_seconds&quot;:25,&quot;change_time&quot;:&quot;2018-Aug-01 18:37:11&quot;,&quot;change_time_seconds_ago&quot;:25,&quot;type_code&quot;:23,&quot;type&quot;:&quot;Push&quot;,&quot;type_string&quot;:&quot;Push&quot;,&quot;present_in_matrix&quot;:1,&quot;preview_status&quot;:0,&quot;preview_error&quot;:&quot;&quot;,&quot;video_codec&quot;:&quot;&quot;,&quot;audio_codec&quot;:&quot;&quot;,&quot;stream_alerts&quot;:0,&quot;analyze&quot;:0,&quot;live_recording_status&quot;:{&quot;defined&quot;:0,&quot;active&quot;:0},&quot;tr101&quot;:[],&quot;path&quot;:&quot;&quot;,&quot;size&quot;:0},{&quot;id&quot;:&quot;test80&quot;,&quot;oid&quot;:81,&quot;remote_id&quot;:&quot;localhost.localdomain&quot;,&quot;source&quot;:&quot;192.168.5.10&quot;,&quot;remote_ip&quot;:&quot;192.168.5.10&quot;,&quot;status&quot;:&quot;Connected&quot;,&quot;error&quot;:&quot;None&quot;,&quot;error_code&quot;:0,&quot;clients&quot;:0,&quot;latency&quot;:6000,&quot;rtt&quot;:&quot;5/1&quot;,&quot;bitrate&quot;:11331004,&quot;device&quot;:&quot;Linux 64bit&quot;,&quot;app&quot;:&quot;Broadcaster&quot;,&quot;build&quot;:29361,&quot;maxbitrate&quot;:60006080,&quot;maxouts&quot;:-1,&quot;mcast_out&quot;:0,&quot;mcast_out_force&quot;:0,&quot;encrypted&quot;:0,&quot;user_data&quot;:&quot;&quot;,&quot;dtls&quot;:0,&quot;cert&quot;:&quot;&quot;,&quot;stats_mask&quot;:151,&quot;time_shift&quot;:0,&quot;permanent&quot;:1,&quot;up_time&quot;:&quot;00:00:25&quot;,&quot;up_time_seconds&quot;:25,&quot;change_time&quot;:&quot;2018-Aug-01 18:37:11&quot;,&quot;change_time_seconds_ago&quot;:25,&quot;type_code&quot;:23,&quot;type&quot;:&quot;Push&quot;,&quot;type_string&quot;:&quot;Push&quot;,&quot;present_in_matrix&quot;:1,&quot;preview_status&quot;:0,&quot;preview_error&quot;:&quot;&quot;,&quot;video_codec&quot;:&quot;&quot;,&quot;audio_codec&quot;:&quot;&quot;,&quot;stream_alerts&quot;:0,&quot;analyze&quot;:0,&quot;live_recording_status&quot;:{&quot;defined&quot;:0,&quot;active&quot;:0},&quot;tr101&quot;:[],&quot;path&quot;:&quot;&quot;,&quot;size&quot;:0},{&quot;id&quot;:&quot;test82&quot;,&quot;oid&quot;:82,&quot;remote_id&quot;:&quot;localhost.localdomain&quot;,&quot;source&quot;:&quot;192.168.5.10&quot;,&quot;remote_ip&quot;:&quot;192.168.5.10&quot;,&quot;status&quot;:&quot;Connected&quot;,&quot;error&quot;:&quot;None&quot;,&quot;error_code&quot;:0,&quot;clients&quot;:0,&quot;latency&quot;:6000,&quot;rtt&quot;:&quot;5/1&quot;,&quot;bitrate&quot;:11172795,&quot;device&quot;:&quot;Linux 64bit&quot;,&quot;app&quot;:&quot;Broadcaster&quot;,&quot;build&quot;:29361,&quot;maxbitrate&quot;:60006080,&quot;maxouts&quot;:-1,&quot;mcast_out&quot;:0,&quot;mcast_out_force&quot;:0,&quot;encrypted&quot;:0,&quot;user_data&quot;:&quot;&quot;,&quot;dtls&quot;:0,&quot;cert&quot;:&quot;&quot;,&quot;stats_mask&quot;:151,&quot;time_shift&quot;:0,&quot;permanent&quot;:1,&quot;up_time&quot;:&quot;00:00:25&quot;,&quot;up_time_seconds&quot;:25,&quot;change_time&quot;:&quot;2018-Aug-01 18:37:11&quot;,&quot;change_time_seconds_ago&quot;:25,&quot;type_code&quot;:23,&quot;type&quot;:&quot;Push&quot;,&quot;type_string&quot;:&quot;Push&quot;,&quot;present_in_matrix&quot;:1,&quot;preview_status&quot;:0,&quot;preview_error&quot;:&quot;&quot;,&quot;video_codec&quot;:&quot;&quot;,&quot;audio_codec&quot;:&quot;&quot;,&quot;stream_alerts&quot;:0,&quot;analyze&quot;:0,&quot;live_recording_status&quot;:{&quot;defined&quot;:0,&quot;active&quot;:0},&quot;tr101&quot;:[],&quot;path&quot;:&quot;&quot;,&quot;size&quot;:0},{&quot;id&quot;:&quot;test81&quot;,&quot;oid&quot;:83,&quot;remote_id&quot;:&quot;localhost.localdomain&quot;,&quot;source&quot;:&quot;192.168.5.10&quot;,&quot;remote_ip&quot;:&quot;192.168.5.10&quot;,&quot;status&quot;:&quot;Connected&quot;,&quot;error&quot;:&quot;None&quot;,&quot;error_code&quot;:0,&quot;clients&quot;:0,&quot;latency&quot;:6000,&quot;rtt&quot;:&quot;5/1&quot;,&quot;bitrate&quot;:11200816,&quot;device&quot;:&quot;Linux 64bit&quot;,&quot;app&quot;:&quot;Broadcaster&quot;,&quot;build&quot;:29361,&quot;maxbitrate&quot;:60006080,&quot;maxouts&quot;:-1,&quot;mcast_out&quot;:0,&quot;mcast_out_force&quot;:0,&quot;encrypted&quot;:0,&quot;user_data&quot;:&quot;&quot;,&quot;dtls&quot;:0,&quot;cert&quot;:&quot;&quot;,&quot;stats_mask&quot;:151,&quot;time_shift&quot;:0,&quot;permanent&quot;:1,&quot;up_time&quot;:&quot;00:00:24&quot;,&quot;up_time_seconds&quot;:24,&quot;change_time&quot;:&quot;2018-Aug-01 18:37:12&quot;,&quot;change_time_seconds_ago&quot;:24,&quot;type_code&quot;:23,&quot;type&quot;:&quot;Push&quot;,&quot;type_string&quot;:&quot;Push&quot;,&quot;present_in_matrix&quot;:1,&quot;preview_status&quot;:0,&quot;preview_error&quot;:&quot;&quot;,&quot;video_codec&quot;:&quot;&quot;,&quot;audio_codec&quot;:&quot;&quot;,&quot;stream_alerts&quot;:0,&quot;analyze&quot;:0,&quot;live_recording_status&quot;:{&quot;defined&quot;:0,&quot;active&quot;:0},&quot;tr101&quot;:[],&quot;path&quot;:&quot;&quot;,&quot;size&quot;:0},{&quot;id&quot;:&quot;test83&quot;,&quot;oid&quot;:84,&quot;remote_id&quot;:&quot;localhost.localdomain&quot;,&quot;source&quot;:&quot;192.168.5.10&quot;,&quot;remote_ip&quot;:&quot;192.168.5.10&quot;,&quot;status&quot;:&quot;Connected&quot;,&quot;error&quot;:&quot;None&quot;,&quot;error_code&quot;:0,&quot;clients&quot;:0,&quot;latency&quot;:6000,&quot;rtt&quot;:&quot;5/1&quot;,&quot;bitrate&quot;:11351904,&quot;device&quot;:&quot;Linux 64bit&quot;,&quot;app&quot;:&quot;Broadcaster&quot;,&quot;build&quot;:29361,&quot;maxbitrate&quot;:60006080,&quot;maxouts&quot;:-1,&quot;mcast_out&quot;:0,&quot;mcast_out_force&quot;:0,&quot;encrypted&quot;:0,&quot;user_data&quot;:&quot;&quot;,&quot;dtls&quot;:0,&quot;cert&quot;:&quot;&quot;,&quot;stats_mask&quot;:151,&quot;time_shift&quot;:0,&quot;permanent&quot;:1,&quot;up_time&quot;:&quot;00:00:25&quot;,&quot;up_time_seconds&quot;:25,&quot;change_time&quot;:&quot;2018-Aug-01 18:37:11&quot;,&quot;change_time_seconds_ago&quot;:25,&quot;type_code&quot;:23,&quot;type&quot;:&quot;Push&quot;,&quot;type_string&quot;:&quot;Push&quot;,&quot;present_in_matrix&quot;:1,&quot;preview_status&quot;:0,&quot;preview_error&quot;:&quot;&quot;,&quot;video_codec&quot;:&quot;&quot;,&quot;audio_codec&quot;:&quot;&quot;,&quot;stream_alerts&quot;:0,&quot;analyze&quot;:0,&quot;live_recording_status&quot;:{&quot;defined&quot;:0,&quot;active&quot;:0},&quot;tr101&quot;:[],&quot;path&quot;:&quot;&quot;,&quot;size&quot;:0},{&quot;id&quot;:&quot;test84&quot;,&quot;oid&quot;:85,&quot;remote_id&quot;:&quot;localhost.localdomain&quot;,&quot;source&quot;:&quot;192.168.5.10&quot;,&quot;remote_ip&quot;:&quot;192.168.5.10&quot;,&quot;status&quot;:&quot;Connected&quot;,&quot;error&quot;:&quot;None&quot;,&quot;error_code&quot;:0,&quot;clients&quot;:0,&quot;latency&quot;:6000,&quot;rtt&quot;:&quot;5/1&quot;,&quot;bitrate&quot;:11561126,&quot;device&quot;:&quot;Linux 64bit&quot;,&quot;app&quot;:&quot;Broadcaster&quot;,&quot;build&quot;:29361,&quot;maxbitrate&quot;:60006080,&quot;maxouts&quot;:-1,&quot;mcast_out&quot;:0,&quot;mcast_out_force&quot;:0,&quot;encrypted&quot;:0,&quot;user_data&quot;:&quot;&quot;,&quot;dtls&quot;:0,&quot;cert&quot;:&quot;&quot;,&quot;stats_mask&quot;:151,&quot;time_shift&quot;:0,&quot;permanent&quot;:1,&quot;up_time&quot;:&quot;00:00:25&quot;,&quot;up_time_seconds&quot;:25,&quot;change_time&quot;:&quot;2018-Aug-01 18:37:11&quot;,&quot;change_time_seconds_ago&quot;:25,&quot;type_code&quot;:23,&quot;type&quot;:&quot;Push&quot;,&quot;type_string&quot;:&quot;Push&quot;,&quot;present_in_matrix&quot;:1,&quot;preview_status&quot;:0,&quot;preview_error&quot;:&quot;&quot;,&quot;video_codec&quot;:&quot;&quot;,&quot;audio_codec&quot;:&quot;&quot;,&quot;stream_alerts&quot;:0,&quot;analyze&quot;:0,&quot;live_recording_status&quot;:{&quot;defined&quot;:0,&quot;active&quot;:0},&quot;tr101&quot;:[],&quot;path&quot;:&quot;&quot;,&quot;size&quot;:0},{&quot;id&quot;:&quot;test85&quot;,&quot;oid&quot;:86,&quot;remote_id&quot;:&quot;localhost.localdomain&quot;,&quot;source&quot;:&quot;192.168.5.10&quot;,&quot;remote_ip&quot;:&quot;192.168.5.10&quot;,&quot;status&quot;:&quot;Connected&quot;,&quot;error&quot;:&quot;None&quot;,&quot;error_code&quot;:0,&quot;clients&quot;:0,&quot;latency&quot;:6000,&quot;rtt&quot;:&quot;5/1&quot;,&quot;bitrate&quot;:11459292,&quot;device&quot;:&quot;Linux 64bit&quot;,&quot;app&quot;:&quot;Broadcaster&quot;,&quot;build&quot;:29361,&quot;maxbitrate&quot;:60006080,&quot;maxouts&quot;:-1,&quot;mcast_out&quot;:0,&quot;mcast_out_force&quot;:0,&quot;encrypted&quot;:0,&quot;user_data&quot;:&quot;&quot;,&quot;dtls&quot;:0,&quot;cert&quot;:&quot;&quot;,&quot;stats_mask&quot;:151,&quot;time_shift&quot;:0,&quot;permanent&quot;:1,&quot;up_time&quot;:&quot;00:00:25&quot;,&quot;up_time_seconds&quot;:25,&quot;change_time&quot;:&quot;2018-Aug-01 18:37:11&quot;,&quot;change_time_seconds_ago&quot;:25,&quot;type_code&quot;:23,&quot;type&quot;:&quot;Push&quot;,&quot;type_string&quot;:&quot;Push&quot;,&quot;present_in_matrix&quot;:1,&quot;preview_status&quot;:0,&quot;preview_error&quot;:&quot;&quot;,&quot;video_codec&quot;:&quot;&quot;,&quot;audio_codec&quot;:&quot;&quot;,&quot;stream_alerts&quot;:0,&quot;analyze&quot;:0,&quot;live_recording_status&quot;:{&quot;defined&quot;:0,&quot;active&quot;:0},&quot;tr101&quot;:[],&quot;path&quot;:&quot;&quot;,&quot;size&quot;:0},{&quot;id&quot;:&quot;test87&quot;,&quot;oid&quot;:87,&quot;remote_id&quot;:&quot;localhost.localdomain&quot;,&quot;source&quot;:&quot;192.168.5.10&quot;,&quot;remote_ip&quot;:&quot;192.168.5.10&quot;,&quot;status&quot;:&quot;Connected&quot;,&quot;error&quot;:&quot;None&quot;,&quot;error_code&quot;:0,&quot;clients&quot;:0,&quot;latency&quot;:6000,&quot;rtt&quot;:&quot;5/1&quot;,&quot;bitrate&quot;:11243004,&quot;device&quot;:&quot;Linux 64bit&quot;,&quot;app&quot;:&quot;Broadcaster&quot;,&quot;build&quot;:29361,&quot;maxbitrate&quot;:60006080,&quot;maxouts&quot;:-1,&quot;mcast_out&quot;:0,&quot;mcast_out_force&quot;:0,&quot;encrypted&quot;:0,&quot;user_data&quot;:&quot;&quot;,&quot;dtls&quot;:0,&quot;cert&quot;:&quot;&quot;,&quot;stats_mask&quot;:151,&quot;time_shift&quot;:0,&quot;permanent&quot;:1,&quot;up_time&quot;:&quot;00:00:25&quot;,&quot;up_time_seconds&quot;:25,&quot;change_time&quot;:&quot;2018-Aug-01 18:37:11&quot;,&quot;change_time_seconds_ago&quot;:25,&quot;type_code&quot;:23,&quot;type&quot;:&quot;Push&quot;,&quot;type_string&quot;:&quot;Push&quot;,&quot;present_in_matrix&quot;:1,&quot;preview_status&quot;:0,&quot;preview_error&quot;:&quot;&quot;,&quot;video_codec&quot;:&quot;&quot;,&quot;audio_codec&quot;:&quot;&quot;,&quot;stream_alerts&quot;:0,&quot;analyze&quot;:0,&quot;live_recording_status&quot;:{&quot;defined&quot;:0,&quot;active&quot;:0},&quot;tr101&quot;:[],&quot;path&quot;:&quot;&quot;,&quot;size&quot;:0},{&quot;id&quot;:&quot;test88&quot;,&quot;oid&quot;:88,&quot;remote_id&quot;:&quot;localhost.localdomain&quot;,&quot;source&quot;:&quot;192.168.5.10&quot;,&quot;remote_ip&quot;:&quot;192.168.5.10&quot;,&quot;status&quot;:&quot;Connected&quot;,&quot;error&quot;:&quot;None&quot;,&quot;error_code&quot;:0,&quot;clients&quot;:0,&quot;latency&quot;:6000,&quot;rtt&quot;:&quot;5/1&quot;,&quot;bitrate&quot;:11413096,&quot;device&quot;:&quot;Linux 64bit&quot;,&quot;app&quot;:&quot;Broadcaster&quot;,&quot;build&quot;:29361,&quot;maxbitrate&quot;:60006080,&quot;maxouts&quot;:-1,&quot;mcast_out&quot;:0,&quot;mcast_out_force&quot;:0,&quot;encrypted&quot;:0,&quot;user_data&quot;:&quot;&quot;,&quot;dtls&quot;:0,&quot;cert&quot;:&quot;&quot;,&quot;stats_mask&quot;:151,&quot;time_shift&quot;:0,&quot;permanent&quot;:1,&quot;up_time&quot;:&quot;00:00:25&quot;,&quot;up_time_seconds&quot;:25,&quot;change_time&quot;:&quot;2018-Aug-01 18:37:11&quot;,&quot;change_time_seconds_ago&quot;:25,&quot;type_code&quot;:23,&quot;type&quot;:&quot;Push&quot;,&quot;type_string&quot;:&quot;Push&quot;,&quot;present_in_matrix&quot;:1,&quot;preview_status&quot;:0,&quot;preview_error&quot;:&quot;&quot;,&quot;video_codec&quot;:&quot;&quot;,&quot;audio_codec&quot;:&quot;&quot;,&quot;stream_alerts&quot;:0,&quot;analyze&quot;:0,&quot;live_recording_status&quot;:{&quot;defined&quot;:0,&quot;active&quot;:0},&quot;tr101&quot;:[],&quot;path&quot;:&quot;&quot;,&quot;size&quot;:0},{&quot;id&quot;:&quot;test86&quot;,&quot;oid&quot;:89,&quot;remote_id&quot;:&quot;localhost.localdomain&quot;,&quot;source&quot;:&quot;192.168.5.10&quot;,&quot;remote_ip&quot;:&quot;192.168.5.10&quot;,&quot;status&quot;:&quot;Connected&quot;,&quot;error&quot;:&quot;None&quot;,&quot;error_code&quot;:0,&quot;clients&quot;:0,&quot;latency&quot;:6000,&quot;rtt&quot;:&quot;5/1&quot;,&quot;bitrate&quot;:11327872,&quot;device&quot;:&quot;Linux 64bit&quot;,&quot;app&quot;:&quot;Broadcaster&quot;,&quot;build&quot;:29361,&quot;maxbitrate&quot;:60006080,&quot;maxouts&quot;:-1,&quot;mcast_out&quot;:0,&quot;mcast_out_force&quot;:0,&quot;encrypted&quot;:0,&quot;user_data&quot;:&quot;&quot;,&quot;dtls&quot;:0,&quot;cert&quot;:&quot;&quot;,&quot;stats_mask&quot;:151,&quot;time_shift&quot;:0,&quot;permanent&quot;:1,&quot;up_time&quot;:&quot;00:00:25&quot;,&quot;up_time_seconds&quot;:25,&quot;change_time&quot;:&quot;2018-Aug-01 18:37:11&quot;,&quot;change_time_seconds_ago&quot;:25,&quot;type_code&quot;:23,&quot;type&quot;:&quot;Push&quot;,&quot;type_string&quot;:&quot;Push&quot;,&quot;present_in_matrix&quot;:1,&quot;preview_status&quot;:0,&quot;preview_error&quot;:&quot;&quot;,&quot;video_codec&quot;:&quot;&quot;,&quot;audio_codec&quot;:&quot;&quot;,&quot;stream_alerts&quot;:0,&quot;analyze&quot;:0,&quot;live_recording_status&quot;:{&quot;defined&quot;:0,&quot;active&quot;:0},&quot;tr101&quot;:[],&quot;path&quot;:&quot;&quot;,&quot;size&quot;:0},{&quot;id&quot;:&quot;test90&quot;,&quot;oid&quot;:90,&quot;remote_id&quot;:&quot;localhost.localdomain&quot;,&quot;source&quot;:&quot;192.168.5.10&quot;,&quot;remote_ip&quot;:&quot;192.168.5.10&quot;,&quot;status&quot;:&quot;Connected&quot;,&quot;error&quot;:&quot;None&quot;,&quot;error_code&quot;:0,&quot;clients&quot;:0,&quot;latency&quot;:6000,&quot;rtt&quot;:&quot;5/1&quot;,&quot;bitrate&quot;:11518977,&quot;device&quot;:&quot;Linux 64bit&quot;,&quot;app&quot;:&quot;Broadcaster&quot;,&quot;build&quot;:29361,&quot;maxbitrate&quot;:60006080,&quot;maxouts&quot;:-1,&quot;mcast_out&quot;:0,&quot;mcast_out_force&quot;:0,&quot;encrypted&quot;:0,&quot;user_data&quot;:&quot;&quot;,&quot;dtls&quot;:0,&quot;cert&quot;:&quot;&quot;,&quot;stats_mask&quot;:151,&quot;time_shift&quot;:0,&quot;permanent&quot;:1,&quot;up_time&quot;:&quot;00:00:25&quot;,&quot;up_time_seconds&quot;:25,&quot;change_time&quot;:&quot;2018-Aug-01 18:37:11&quot;,&quot;change_time_seconds_ago&quot;:25,&quot;type_code&quot;:23,&quot;type&quot;:&quot;Push&quot;,&quot;type_string&quot;:&quot;Push&quot;,&quot;present_in_matrix&quot;:1,&quot;preview_status&quot;:0,&quot;preview_error&quot;:&quot;&quot;,&quot;video_codec&quot;:&quot;&quot;,&quot;audio_codec&quot;:&quot;&quot;,&quot;stream_alerts&quot;:0,&quot;analyze&quot;:0,&quot;live_recording_status&quot;:{&quot;defined&quot;:0,&quot;active&quot;:0},&quot;tr101&quot;:[],&quot;path&quot;:&quot;&quot;,&quot;size&quot;:0},{&quot;id&quot;:&quot;test89&quot;,&quot;oid&quot;:91,&quot;remote_id&quot;:&quot;localhost.localdomain&quot;,&quot;source&quot;:&quot;192.168.5.10&quot;,&quot;remote_ip&quot;:&quot;192.168.5.10&quot;,&quot;status&quot;:&quot;Connected&quot;,&quot;error&quot;:&quot;None&quot;,&quot;error_code&quot;:0,&quot;clients&quot;:0,&quot;latency&quot;:6000,&quot;rtt&quot;:&quot;5/1&quot;,&quot;bitrate&quot;:11618888,&quot;device&quot;:&quot;Linux 64bit&quot;,&quot;app&quot;:&quot;Broadcaster&quot;,&quot;build&quot;:29361,&quot;maxbitrate&quot;:60006080,&quot;maxouts&quot;:-1,&quot;mcast_out&quot;:0,&quot;mcast_out_force&quot;:0,&quot;encrypted&quot;:0,&quot;user_data&quot;:&quot;&quot;,&quot;dtls&quot;:0,&quot;cert&quot;:&quot;&quot;,&quot;stats_mask&quot;:151,&quot;time_shift&quot;:0,&quot;permanent&quot;:1,&quot;up_time&quot;:&quot;00:00:25&quot;,&quot;up_time_seconds&quot;:25,&quot;change_time&quot;:&quot;2018-Aug-01 18:37:11&quot;,&quot;change_time_seconds_ago&quot;:25,&quot;type_code&quot;:23,&quot;type&quot;:&quot;Push&quot;,&quot;type_string&quot;:&quot;Push&quot;,&quot;present_in_matrix&quot;:1,&quot;preview_status&quot;:0,&quot;preview_error&quot;:&quot;&quot;,&quot;video_codec&quot;:&quot;&quot;,&quot;audio_codec&quot;:&quot;&quot;,&quot;stream_alerts&quot;:0,&quot;analyze&quot;:0,&quot;live_recording_status&quot;:{&quot;defined&quot;:0,&quot;active&quot;:0},&quot;tr101&quot;:[],&quot;path&quot;:&quot;&quot;,&quot;size&quot;:0},{&quot;id&quot;:&quot;test92&quot;,&quot;oid&quot;:92,&quot;remote_id&quot;:&quot;localhost.localdomain&quot;,&quot;source&quot;:&quot;192.168.5.10&quot;,&quot;remote_ip&quot;:&quot;192.168.5.10&quot;,&quot;status&quot;:&quot;Connected&quot;,&quot;error&quot;:&quot;None&quot;,&quot;error_code&quot;:0,&quot;clients&quot;:0,&quot;latency&quot;:6000,&quot;rtt&quot;:&quot;5/1&quot;,&quot;bitrate&quot;:11498704,&quot;device&quot;:&quot;Linux 64bit&quot;,&quot;app&quot;:&quot;Broadcaster&quot;,&quot;build&quot;:29361,&quot;maxbitrate&quot;:60006080,&quot;maxouts&quot;:-1,&quot;mcast_out&quot;:0,&quot;mcast_out_force&quot;:0,&quot;encrypted&quot;:0,&quot;user_data&quot;:&quot;&quot;,&quot;dtls&quot;:0,&quot;cert&quot;:&quot;&quot;,&quot;stats_mask&quot;:151,&quot;time_shift&quot;:0,&quot;permanent&quot;:1,&quot;up_time&quot;:&quot;00:00:22&quot;,&quot;up_time_seconds&quot;:22,&quot;change_time&quot;:&quot;2018-Aug-01 18:37:14&quot;,&quot;change_time_seconds_ago&quot;:22,&quot;type_code&quot;:23,&quot;type&quot;:&quot;Push&quot;,&quot;type_string&quot;:&quot;Push&quot;,&quot;present_in_matrix&quot;:1,&quot;preview_status&quot;:0,&quot;preview_error&quot;:&quot;&quot;,&quot;video_codec&quot;:&quot;&quot;,&quot;audio_codec&quot;:&quot;&quot;,&quot;stream_alerts&quot;:0,&quot;analyze&quot;:0,&quot;live_recording_status&quot;:{&quot;defined&quot;:0,&quot;active&quot;:0},&quot;tr101&quot;:[],&quot;path&quot;:&quot;&quot;,&quot;size&quot;:0},{&quot;id&quot;:&quot;test91&quot;,&quot;oid&quot;:93,&quot;remote_id&quot;:&quot;localhost.localdomain&quot;,&quot;source&quot;:&quot;192.168.5.10&quot;,&quot;remote_ip&quot;:&quot;192.168.5.10&quot;,&quot;status&quot;:&quot;Connected&quot;,&quot;error&quot;:&quot;None&quot;,&quot;error_code&quot;:0,&quot;clients&quot;:0,&quot;latency&quot;:6000,&quot;rtt&quot;:&quot;5/1&quot;,&quot;bitrate&quot;:11893626,&quot;device&quot;:&quot;Linux 64bit&quot;,&quot;app&quot;:&quot;Broadcaster&quot;,&quot;build&quot;:29361,&quot;maxbitrate&quot;:60006080,&quot;maxouts&quot;:-1,&quot;mcast_out&quot;:0,&quot;mcast_out_force&quot;:0,&quot;encrypted&quot;:0,&quot;user_data&quot;:&quot;&quot;,&quot;dtls&quot;:0,&quot;cert&quot;:&quot;&quot;,&quot;stats_mask&quot;:151,&quot;time_shift&quot;:0,&quot;permanent&quot;:1,&quot;up_time&quot;:&quot;00:00:25&quot;,&quot;up_time_seconds&quot;:25,&quot;change_time&quot;:&quot;2018-Aug-01 18:37:12&quot;,&quot;change_time_seconds_ago&quot;:24,&quot;type_code&quot;:23,&quot;type&quot;:&quot;Push&quot;,&quot;type_string&quot;:&quot;Push&quot;,&quot;present_in_matrix&quot;:1,&quot;preview_status&quot;:0,&quot;preview_error&quot;:&quot;&quot;,&quot;video_codec&quot;:&quot;&quot;,&quot;audio_codec&quot;:&quot;&quot;,&quot;stream_alerts&quot;:0,&quot;analyze&quot;:0,&quot;live_recording_status&quot;:{&quot;defined&quot;:0,&quot;active&quot;:0},&quot;tr101&quot;:[],&quot;path&quot;:&quot;&quot;,&quot;size&quot;:0},{&quot;id&quot;:&quot;test94&quot;,&quot;oid&quot;:94,&quot;remote_id&quot;:&quot;localhost.localdomain&quot;,&quot;source&quot;:&quot;192.168.5.10&quot;,&quot;remote_ip&quot;:&quot;192.168.5.10&quot;,&quot;status&quot;:&quot;Connected&quot;,&quot;error&quot;:&quot;None&quot;,&quot;error_code&quot;:0,&quot;clients&quot;:0,&quot;latency&quot;:6000,&quot;rtt&quot;:&quot;5/1&quot;,&quot;bitrate&quot;:11718801,&quot;device&quot;:&quot;Linux 64bit&quot;,&quot;app&quot;:&quot;Broadcaster&quot;,&quot;build&quot;:29361,&quot;maxbitrate&quot;:60006080,&quot;maxouts&quot;:-1,&quot;mcast_out&quot;:0,&quot;mcast_out_force&quot;:0,&quot;encrypted&quot;:0,&quot;user_data&quot;:&quot;&quot;,&quot;dtls&quot;:0,&quot;cert&quot;:&quot;&quot;,&quot;stats_mask&quot;:151,&quot;time_shift&quot;:0,&quot;permanent&quot;:1,&quot;up_time&quot;:&quot;00:00:25&quot;,&quot;up_time_seconds&quot;:25,&quot;change_time&quot;:&quot;2018-Aug-01 18:37:12&quot;,&quot;change_time_seconds_ago&quot;:24,&quot;type_code&quot;:23,&quot;type&quot;:&quot;Push&quot;,&quot;type_string&quot;:&quot;Push&quot;,&quot;present_in_matrix&quot;:1,&quot;preview_status&quot;:0,&quot;preview_error&quot;:&quot;&quot;,&quot;video_codec&quot;:&quot;&quot;,&quot;audio_codec&quot;:&quot;&quot;,&quot;stream_alerts&quot;:0,&quot;analyze&quot;:0,&quot;live_recording_status&quot;:{&quot;defined&quot;:0,&quot;active&quot;:0},&quot;tr101&quot;:[],&quot;path&quot;:&quot;&quot;,&quot;size&quot;:0},{&quot;id&quot;:&quot;test93&quot;,&quot;oid&quot;:95,&quot;remote_id&quot;:&quot;localhost.localdomain&quot;,&quot;source&quot;:&quot;192.168.5.10&quot;,&quot;remote_ip&quot;:&quot;192.168.5.10&quot;,&quot;status&quot;:&quot;Connected&quot;,&quot;error&quot;:&quot;None&quot;,&quot;error_code&quot;:0,&quot;clients&quot;:0,&quot;latency&quot;:6000,&quot;rtt&quot;:&quot;5/1&quot;,&quot;bitrate&quot;:11476867,&quot;device&quot;:&quot;Linux 64bit&quot;,&quot;app&quot;:&quot;Broadcaster&quot;,&quot;build&quot;:29361,&quot;maxbitrate&quot;:60006080,&quot;maxouts&quot;:-1,&quot;mcast_out&quot;:0,&quot;mcast_out_force&quot;:0,&quot;encrypted&quot;:0,&quot;user_data&quot;:&quot;&quot;,&quot;dtls&quot;:0,&quot;cert&quot;:&quot;&quot;,&quot;stats_mask&quot;:151,&quot;time_shift&quot;:0,&quot;permanent&quot;:1,&quot;up_time&quot;:&quot;00:00:25&quot;,&quot;up_time_seconds&quot;:25,&quot;change_time&quot;:&quot;2018-Aug-01 18:37:11&quot;,&quot;change_time_seconds_ago&quot;:25,&quot;type_code&quot;:23,&quot;type&quot;:&quot;Push&quot;,&quot;type_string&quot;:&quot;Push&quot;,&quot;present_in_matrix&quot;:1,&quot;preview_status&quot;:0,&quot;preview_error&quot;:&quot;&quot;,&quot;video_codec&quot;:&quot;&quot;,&quot;audio_codec&quot;:&quot;&quot;,&quot;stream_alerts&quot;:0,&quot;analyze&quot;:0,&quot;live_recording_status&quot;:{&quot;defined&quot;:0,&quot;active&quot;:0},&quot;tr101&quot;:[],&quot;path&quot;:&quot;&quot;,&quot;size&quot;:0},{&quot;id&quot;:&quot;test96&quot;,&quot;oid&quot;:96,&quot;remote_id&quot;:&quot;localhost.localdomain&quot;,&quot;source&quot;:&quot;192.168.5.10&quot;,&quot;remote_ip&quot;:&quot;192.168.5.10&quot;,&quot;status&quot;:&quot;Connected&quot;,&quot;error&quot;:&quot;None&quot;,&quot;error_code&quot;:0,&quot;clients&quot;:0,&quot;latency&quot;:6000,&quot;rtt&quot;:&quot;5/1&quot;,&quot;bitrate&quot;:11739720,&quot;device&quot;:&quot;Linux 64bit&quot;,&quot;app&quot;:&quot;Broadcaster&quot;,&quot;build&quot;:29361,&quot;maxbitrate&quot;:60006080,&quot;maxouts&quot;:-1,&quot;mcast_out&quot;:0,&quot;mcast_out_force&quot;:0,&quot;encrypted&quot;:0,&quot;user_data&quot;:&quot;&quot;,&quot;dtls&quot;:0,&quot;cert&quot;:&quot;&quot;,&quot;stats_mask&quot;:151,&quot;time_shift&quot;:0,&quot;permanent&quot;:1,&quot;up_time&quot;:&quot;00:00:25&quot;,&quot;up_time_seconds&quot;:25,&quot;change_time&quot;:&quot;2018-Aug-01 18:37:12&quot;,&quot;change_time_seconds_ago&quot;:24,&quot;type_code&quot;:23,&quot;type&quot;:&quot;Push&quot;,&quot;type_string&quot;:&quot;Push&quot;,&quot;present_in_matrix&quot;:1,&quot;preview_status&quot;:0,&quot;preview_error&quot;:&quot;&quot;,&quot;video_codec&quot;:&quot;&quot;,&quot;audio_codec&quot;:&quot;&quot;,&quot;stream_alerts&quot;:0,&quot;analyze&quot;:0,&quot;live_recording_status&quot;:{&quot;defined&quot;:0,&quot;active&quot;:0},&quot;tr101&quot;:[],&quot;path&quot;:&quot;&quot;,&quot;size&quot;:0},{&quot;id&quot;:&quot;test95&quot;,&quot;oid&quot;:97,&quot;remote_id&quot;:&quot;localhost.localdomain&quot;,&quot;source&quot;:&quot;192.168.5.10&quot;,&quot;remote_ip&quot;:&quot;192.168.5.10&quot;,&quot;status&quot;:&quot;Connected&quot;,&quot;error&quot;:&quot;None&quot;,&quot;error_code&quot;:0,&quot;clients&quot;:0,&quot;latency&quot;:6000,&quot;rtt&quot;:&quot;5/1&quot;,&quot;bitrate&quot;:11896951,&quot;device&quot;:&quot;Linux 64bit&quot;,&quot;app&quot;:&quot;Broadcaster&quot;,&quot;build&quot;:29361,&quot;maxbitrate&quot;:60006080,&quot;maxouts&quot;:-1,&quot;mcast_out&quot;:0,&quot;mcast_out_force&quot;:0,&quot;encrypted&quot;:0,&quot;user_data&quot;:&quot;&quot;,&quot;dtls&quot;:0,&quot;cert&quot;:&quot;&quot;,&quot;stats_mask&quot;:151,&quot;time_shift&quot;:0,&quot;permanent&quot;:1,&quot;up_time&quot;:&quot;00:00:25&quot;,&quot;up_time_seconds&quot;:25,&quot;change_time&quot;:&quot;2018-Aug-01 18:37:12&quot;,&quot;change_time_seconds_ago&quot;:24,&quot;type_code&quot;:23,&quot;type&quot;:&quot;Push&quot;,&quot;type_string&quot;:&quot;Push&quot;,&quot;present_in_matrix&quot;:1,&quot;preview_status&quot;:0,&quot;preview_error&quot;:&quot;&quot;,&quot;video_codec&quot;:&quot;&quot;,&quot;audio_codec&quot;:&quot;&quot;,&quot;stream_alerts&quot;:0,&quot;analyze&quot;:0,&quot;live_recording_status&quot;:{&quot;defined&quot;:0,&quot;active&quot;:0},&quot;tr101&quot;:[],&quot;path&quot;:&quot;&quot;,&quot;size&quot;:0},{&quot;id&quot;:&quot;test98&quot;,&quot;oid&quot;:98,&quot;remote_id&quot;:&quot;localhost.localdomain&quot;,&quot;source&quot;:&quot;192.168.5.10&quot;,&quot;remote_ip&quot;:&quot;192.168.5.10&quot;,&quot;status&quot;:&quot;Connected&quot;,&quot;error&quot;:&quot;None&quot;,&quot;error_code&quot;:0,&quot;clients&quot;:0,&quot;latency&quot;:6000,&quot;rtt&quot;:&quot;5/1&quot;,&quot;bitrate&quot;:12050669,&quot;device&quot;:&quot;Linux 64bit&quot;,&quot;app&quot;:&quot;Broadcaster&quot;,&quot;build&quot;:29361,&quot;maxbitrate&quot;:60006080,&quot;maxouts&quot;:-1,&quot;mcast_out&quot;:0,&quot;mcast_out_force&quot;:0,&quot;encrypted&quot;:0,&quot;user_data&quot;:&quot;&quot;,&quot;dtls&quot;:0,&quot;cert&quot;:&quot;&quot;,&quot;stats_mask&quot;:151,&quot;time_shift&quot;:0,&quot;permanent&quot;:1,&quot;up_time&quot;:&quot;00:00:25&quot;,&quot;up_time_seconds&quot;:25,&quot;change_time&quot;:&quot;2018-Aug-01 18:37:12&quot;,&quot;change_time_seconds_ago&quot;:24,&quot;type_code&quot;:23,&quot;type&quot;:&quot;Push&quot;,&quot;type_string&quot;:&quot;Push&quot;,&quot;present_in_matrix&quot;:1,&quot;preview_status&quot;:0,&quot;preview_error&quot;:&quot;&quot;,&quot;video_codec&quot;:&quot;&quot;,&quot;audio_codec&quot;:&quot;&quot;,&quot;stream_alerts&quot;:0,&quot;analyze&quot;:0,&quot;live_recording_status&quot;:{&quot;defined&quot;:0,&quot;active&quot;:0},&quot;tr101&quot;:[],&quot;path&quot;:&quot;&quot;,&quot;size&quot;:0},{&quot;id&quot;:&quot;test99&quot;,&quot;oid&quot;:99,&quot;remote_id&quot;:&quot;localhost.localdomain&quot;,&quot;source&quot;:&quot;192.168.5.10&quot;,&quot;remote_ip&quot;:&quot;192.168.5.10&quot;,&quot;status&quot;:&quot;Connected&quot;,&quot;error&quot;:&quot;None&quot;,&quot;error_code&quot;:0,&quot;clients&quot;:0,&quot;latency&quot;:6000,&quot;rtt&quot;:&quot;5/1&quot;,&quot;bitrate&quot;:12079312,&quot;device&quot;:&quot;Linux 64bit&quot;,&quot;app&quot;:&quot;Broadcaster&quot;,&quot;build&quot;:29361,&quot;maxbitrate&quot;:60006080,&quot;maxouts&quot;:-1,&quot;mcast_out&quot;:0,&quot;mcast_out_force&quot;:0,&quot;encrypted&quot;:0,&quot;user_data&quot;:&quot;&quot;,&quot;dtls&quot;:0,&quot;cert&quot;:&quot;&quot;,&quot;stats_mask&quot;:151,&quot;time_shift&quot;:0,&quot;permanent&quot;:1,&quot;up_time&quot;:&quot;00:00:25&quot;,&quot;up_time_seconds&quot;:25,&quot;change_time&quot;:&quot;2018-Aug-01 18:37:12&quot;,&quot;change_time_seconds_ago&quot;:24,&quot;type_code&quot;:23,&quot;type&quot;:&quot;Push&quot;,&quot;type_string&quot;:&quot;Push&quot;,&quot;present_in_matrix&quot;:1,&quot;preview_status&quot;:0,&quot;preview_error&quot;:&quot;&quot;,&quot;video_codec&quot;:&quot;&quot;,&quot;audio_codec&quot;:&quot;&quot;,&quot;stream_alerts&quot;:0,&quot;analyze&quot;:0,&quot;live_recording_status&quot;:{&quot;defined&quot;:0,&quot;active&quot;:0},&quot;tr101&quot;:[],&quot;path&quot;:&quot;&quot;,&quot;size&quot;:0},{&quot;id&quot;:&quot;test97&quot;,&quot;oid&quot;:100,&quot;remote_id&quot;:&quot;localhost.localdomain&quot;,&quot;source&quot;:&quot;192.168.5.10&quot;,&quot;remote_ip&quot;:&quot;192.168.5.10&quot;,&quot;status&quot;:&quot;Connected&quot;,&quot;error&quot;:&quot;None&quot;,&quot;error_code&quot;:0,&quot;clients&quot;:0,&quot;latency&quot;:6000,&quot;rtt&quot;:&quot;5/1&quot;,&quot;bitrate&quot;:11721150,&quot;device&quot;:&quot;Linux 64bit&quot;,&quot;app&quot;:&quot;Broadcaster&quot;,&quot;build&quot;:29361,&quot;maxbitrate&quot;:60006080,&quot;maxouts&quot;:-1,&quot;mcast_out&quot;:0,&quot;mcast_out_force&quot;:0,&quot;encrypted&quot;:0,&quot;user_data&quot;:&quot;&quot;,&quot;dtls&quot;:0,&quot;cert&quot;:&quot;&quot;,&quot;stats_mask&quot;:151,&quot;time_shift&quot;:0,&quot;permanent&quot;:1,&quot;up_time&quot;:&quot;00:00:25&quot;,&quot;up_time_seconds&quot;:25,&quot;change_time&quot;:&quot;2018-Aug-01 18:37:12&quot;,&quot;change_time_seconds_ago&quot;:24,&quot;type_code&quot;:23,&quot;type&quot;:&quot;Push&quot;,&quot;type_string&quot;:&quot;Push&quot;,&quot;present_in_matrix&quot;:1,&quot;preview_status&quot;:0,&quot;preview_error&quot;:&quot;&quot;,&quot;video_codec&quot;:&quot;&quot;,&quot;audio_codec&quot;:&quot;&quot;,&quot;stream_alerts&quot;:0,&quot;analyze&quot;:0,&quot;live_recording_status&quot;:{&quot;defined&quot;:0,&quot;active&quot;:0},&quot;tr101&quot;:[],&quot;path&quot;:&quot;&quot;,&quot;size&quot;:0},{&quot;id&quot;:&quot;tg0&quot;,&quot;oid&quot;:28,&quot;remote_id&quot;:&quot;&quot;,&quot;source&quot;:&quot;&quot;,&quot;remote_ip&quot;:&quot;&quot;,&quot;status&quot;:&quot;Connected&quot;,&quot;error&quot;:&quot;None&quot;,&quot;error_code&quot;:0,&quot;clients&quot;:0,&quot;latency&quot;:0,&quot;rtt&quot;:&quot;0/0&quot;,&quot;bitrate&quot;:14997989,&quot;device&quot;:&quot;Linux 64bit&quot;,&quot;app&quot;:&quot;Broadcaster&quot;,&quot;build&quot;:30624,&quot;maxbitrate&quot;:9999900,&quot;maxouts&quot;:-1,&quot;mcast_out&quot;:0,&quot;mcast_out_force&quot;:0,&quot;encrypted&quot;:0,&quot;user_data&quot;:&quot;&quot;,&quot;dtls&quot;:0,&quot;cert&quot;:&quot;&quot;,&quot;stats_mask&quot;:4097,&quot;time_shift&quot;:0,&quot;permanent&quot;:1,&quot;up_time&quot;:&quot;00:00:02&quot;,&quot;up_time_seconds&quot;:2,&quot;change_time&quot;:&quot;2018-Aug-01 18:37:35&quot;,&quot;change_time_seconds_ago&quot;:1,&quot;type_code&quot;:27,&quot;type&quot;:&quot;Failover&quot;,&quot;type_string&quot;:&quot;Failover&quot;,&quot;present_in_matrix&quot;:0,&quot;preview_status&quot;:0,&quot;preview_error&quot;:&quot;&quot;,&quot;video_codec&quot;:&quot;&quot;,&quot;audio_codec&quot;:&quot;&quot;,&quot;stream_alerts&quot;:0,&quot;analyze&quot;:0,&quot;live_recording_status&quot;:{&quot;defined&quot;:0,&quot;active&quot;:0},&quot;tr101&quot;:[],&quot;compound_components&quot;:[{&quot;id&quot;:&quot;test0&quot;,&quot;status&quot;:0,&quot;lost_packet_time_ms&quot;:0,&quot;wrong_packet_time_ms&quot;:0,&quot;packet_latency_ms&quot;:0,&quot;packets&quot;:1608},{&quot;id&quot;:&quot;test1&quot;,&quot;status&quot;:1,&quot;lost_packet_time_ms&quot;:0,&quot;wrong_packet_time_ms&quot;:0,&quot;packet_latency_ms&quot;:0,&quot;packets&quot;:0}],&quot;path&quot;:&quot;&quot;,&quot;size&quot;:0},{&quot;id&quot;:&quot;tg1&quot;,&quot;oid&quot;:28,&quot;remote_id&quot;:&quot;&quot;,&quot;source&quot;:&quot;&quot;,&quot;remote_ip&quot;:&quot;&quot;,&quot;status&quot;:&quot;Connected&quot;,&quot;error&quot;:&quot;None&quot;,&quot;error_code&quot;:0,&quot;clients&quot;:0,&quot;latency&quot;:0,&quot;rtt&quot;:&quot;0/0&quot;,&quot;bitrate&quot;:14997989,&quot;device&quot;:&quot;Linux 64bit&quot;,&quot;app&quot;:&quot;Broadcaster&quot;,&quot;build&quot;:30624,&quot;maxbitrate&quot;:9999900,&quot;maxouts&quot;:-1,&quot;mcast_out&quot;:0,&quot;mcast_out_force&quot;:0,&quot;encrypted&quot;:0,&quot;user_data&quot;:&quot;&quot;,&quot;dtls&quot;:0,&quot;cert&quot;:&quot;&quot;,&quot;stats_mask&quot;:4097,&quot;time_shift&quot;:0,&quot;permanent&quot;:1,&quot;up_time&quot;:&quot;00:00:02&quot;,&quot;up_time_seconds&quot;:2,&quot;change_time&quot;:&quot;2018-Aug-01 18:37:35&quot;,&quot;change_time_seconds_ago&quot;:1,&quot;type_code&quot;:27,&quot;type&quot;:&quot;Failover&quot;,&quot;type_string&quot;:&quot;Failover&quot;,&quot;present_in_matrix&quot;:0,&quot;preview_status&quot;:0,&quot;preview_error&quot;:&quot;&quot;,&quot;video_codec&quot;:&quot;&quot;,&quot;audio_codec&quot;:&quot;&quot;,&quot;stream_alerts&quot;:0,&quot;analyze&quot;:0,&quot;live_recording_status&quot;:{&quot;defined&quot;:0,&quot;active&quot;:0},&quot;tr101&quot;:[],&quot;compound_components&quot;:[{&quot;id&quot;:&quot;test2&quot;,&quot;status&quot;:0,&quot;lost_packet_time_ms&quot;:0,&quot;wrong_packet_time_ms&quot;:0,&quot;packet_latency_ms&quot;:0,&quot;packets&quot;:1334},{&quot;id&quot;:&quot;test3&quot;,&quot;status&quot;:1,&quot;lost_packet_time_ms&quot;:0,&quot;wrong_packet_time_ms&quot;:0,&quot;packet_latency_ms&quot;:0,&quot;packets&quot;:0}],&quot;path&quot;:&quot;&quot;,&quot;size&quot;:0},{&quot;id&quot;:&quot;tg2&quot;,&quot;oid&quot;:28,&quot;remote_id&quot;:&quot;&quot;,&quot;source&quot;:&quot;&quot;,&quot;remote_ip&quot;:&quot;&quot;,&quot;status&quot;:&quot;Connected&quot;,&quot;error&quot;:&quot;None&quot;,&quot;error_code&quot;:0,&quot;clients&quot;:0,&quot;latency&quot;:0,&quot;rtt&quot;:&quot;0/0&quot;,&quot;bitrate&quot;:14997989,&quot;device&quot;:&quot;Linux 64bit&quot;,&quot;app&quot;:&quot;Broadcaster&quot;,&quot;build&quot;:30624,&quot;maxbitrate&quot;:9999900,&quot;maxouts&quot;:-1,&quot;mcast_out&quot;:0,&quot;mcast_out_force&quot;:0,&quot;encrypted&quot;:0,&quot;user_data&quot;:&quot;&quot;,&quot;dtls&quot;:0,&quot;cert&quot;:&quot;&quot;,&quot;stats_mask&quot;:4097,&quot;time_shift&quot;:0,&quot;permanent&quot;:1,&quot;up_time&quot;:&quot;00:00:01&quot;,&quot;up_time_seconds&quot;:1,&quot;change_time&quot;:&quot;2018-Aug-01 18:37:35&quot;,&quot;change_time_seconds_ago&quot;:1,&quot;type_code&quot;:27,&quot;type&quot;:&quot;Failover&quot;,&quot;type_string&quot;:&quot;Failover&quot;,&quot;present_in_matrix&quot;:0,&quot;preview_status&quot;:0,&quot;preview_error&quot;:&quot;&quot;,&quot;video_codec&quot;:&quot;&quot;,&quot;audio_codec&quot;:&quot;&quot;,&quot;stream_alerts&quot;:0,&quot;analyze&quot;:0,&quot;live_recording_status&quot;:{&quot;defined&quot;:0,&quot;active&quot;:0},&quot;tr101&quot;:[],&quot;compound_components&quot;:[{&quot;id&quot;:&quot;test4&quot;,&quot;status&quot;:0,&quot;lost_packet_time_ms&quot;:0,&quot;wrong_packet_time_ms&quot;:0,&quot;packet_latency_ms&quot;:0,&quot;packets&quot;:1084},{&quot;id&quot;:&quot;test5&quot;,&quot;status&quot;:1,&quot;lost_packet_time_ms&quot;:0,&quot;wrong_packet_time_ms&quot;:0,&quot;packet_latency_ms&quot;:1,&quot;packets&quot;:0}],&quot;path&quot;:&quot;&quot;,&quot;size&quot;:0},{&quot;id&quot;:&quot;tg3&quot;,&quot;oid&quot;:28,&quot;remote_id&quot;:&quot;&quot;,&quot;source&quot;:&quot;&quot;,&quot;remote_ip&quot;:&quot;&quot;,&quot;status&quot;:&quot;Connected&quot;,&quot;error&quot;:&quot;None&quot;,&quot;error_code&quot;:0,&quot;clients&quot;:0,&quot;latency&quot;:0,&quot;rtt&quot;:&quot;0/0&quot;,&quot;bitrate&quot;:14997989,&quot;device&quot;:&quot;Linux 64bit&quot;,&quot;app&quot;:&quot;Broadcaster&quot;,&quot;build&quot;:30624,&quot;maxbitrate&quot;:9999900,&quot;maxouts&quot;:-1,&quot;mcast_out&quot;:0,&quot;mcast_out_force&quot;:0,&quot;encrypted&quot;:0,&quot;user_data&quot;:&quot;&quot;,&quot;dtls&quot;:0,&quot;cert&quot;:&quot;&quot;,&quot;stats_mask&quot;:4097,&quot;time_shift&quot;:0,&quot;permanent&quot;:1,&quot;up_time&quot;:&quot;00:00:01&quot;,&quot;up_time_seconds&quot;:1,&quot;change_time&quot;:&quot;2018-Aug-01 18:37:35&quot;,&quot;change_time_seconds_ago&quot;:1,&quot;type_code&quot;:27,&quot;type&quot;:&quot;Failover&quot;,&quot;type_string&quot;:&quot;Failover&quot;,&quot;present_in_matrix&quot;:0,&quot;preview_status&quot;:0,&quot;preview_error&quot;:&quot;&quot;,&quot;video_codec&quot;:&quot;&quot;,&quot;audio_codec&quot;:&quot;&quot;,&quot;stream_alerts&quot;:0,&quot;analyze&quot;:0,&quot;live_recording_status&quot;:{&quot;defined&quot;:0,&quot;active&quot;:0},&quot;tr101&quot;:[],&quot;compound_components&quot;:[{&quot;id&quot;:&quot;test6&quot;,&quot;status&quot;:0,&quot;lost_packet_time_ms&quot;:0,&quot;wrong_packet_time_ms&quot;:0,&quot;packet_latency_ms&quot;:0,&quot;packets&quot;:815},{&quot;id&quot;:&quot;test7&quot;,&quot;status&quot;:1,&quot;lost_packet_time_ms&quot;:0,&quot;wrong_packet_time_ms&quot;:0,&quot;packet_latency_ms&quot;:0,&quot;packets&quot;:0}],&quot;path&quot;:&quot;&quot;,&quot;size&quot;:0},{&quot;id&quot;:&quot;tg4&quot;,&quot;oid&quot;:28,&quot;remote_id&quot;:&quot;&quot;,&quot;source&quot;:&quot;&quot;,&quot;remote_ip&quot;:&quot;&quot;,&quot;status&quot;:&quot;Connected&quot;,&quot;error&quot;:&quot;None&quot;,&quot;error_code&quot;:0,&quot;clients&quot;:0,&quot;latency&quot;:0,&quot;rtt&quot;:&quot;0/0&quot;,&quot;bitrate&quot;:14997989,&quot;device&quot;:&quot;Linux 64bit&quot;,&quot;app&quot;:&quot;Broadcaster&quot;,&quot;build&quot;:30624,&quot;maxbitrate&quot;:9999900,&quot;maxouts&quot;:-1,&quot;mcast_out&quot;:0,&quot;mcast_out_force&quot;:0,&quot;encrypted&quot;:0,&quot;user_data&quot;:&quot;&quot;,&quot;dtls&quot;:0,&quot;cert&quot;:&quot;&quot;,&quot;stats_mask&quot;:4097,&quot;time_shift&quot;:0,&quot;permanent&quot;:1,&quot;up_time&quot;:&quot;00:00:01&quot;,&quot;up_time_seconds&quot;:1,&quot;change_time&quot;:&quot;2018-Aug-01 18:37:35&quot;,&quot;change_time_seconds_ago&quot;:1,&quot;type_code&quot;:27,&quot;type&quot;:&quot;Failover&quot;,&quot;type_string&quot;:&quot;Failover&quot;,&quot;present_in_matrix&quot;:0,&quot;preview_status&quot;:0,&quot;preview_error&quot;:&quot;&quot;,&quot;video_codec&quot;:&quot;&quot;,&quot;audio_codec&quot;:&quot;&quot;,&quot;stream_alerts&quot;:0,&quot;analyze&quot;:0,&quot;live_recording_status&quot;:{&quot;defined&quot;:0,&quot;active&quot;:0},&quot;tr101&quot;:[],&quot;compound_components&quot;:[{&quot;id&quot;:&quot;test8&quot;,&quot;status&quot;:0,&quot;lost_packet_time_ms&quot;:0,&quot;wrong_packet_time_ms&quot;:0,&quot;packet_latency_ms&quot;:0,&quot;packets&quot;:544},{&quot;id&quot;:&quot;test9&quot;,&quot;status&quot;:1,&quot;lost_packet_time_ms&quot;:0,&quot;wrong_packet_time_ms&quot;:0,&quot;packet_latency_ms&quot;:0,&quot;packets&quot;:0}],&quot;path&quot;:&quot;&quot;,&quot;size&quot;:0},{&quot;id&quot;:&quot;tg5&quot;,&quot;oid&quot;:28,&quot;remote_id&quot;:&quot;&quot;,&quot;source&quot;:&quot;&quot;,&quot;remote_ip&quot;:&quot;&quot;,&quot;status&quot;:&quot;Connected&quot;,&quot;error&quot;:&quot;None&quot;,&quot;error_code&quot;:0,&quot;clients&quot;:0,&quot;latency&quot;:0,&quot;rtt&quot;:&quot;0/0&quot;,&quot;bitrate&quot;:14997989,&quot;device&quot;:&quot;Linux 64bit&quot;,&quot;app&quot;:&quot;Broadcaster&quot;,&quot;build&quot;:30624,&quot;maxbitrate&quot;:9999900,&quot;maxouts&quot;:-1,&quot;mcast_out&quot;:0,&quot;mcast_out_force&quot;:0,&quot;encrypted&quot;:0,&quot;user_data&quot;:&quot;&quot;,&quot;dtls&quot;:0,&quot;cert&quot;:&quot;&quot;,&quot;stats_mask&quot;:4097,&quot;time_shift&quot;:0,&quot;permanent&quot;:1,&quot;up_time&quot;:&quot;00:00:01&quot;,&quot;up_time_seconds&quot;:1,&quot;change_time&quot;:&quot;2018-Aug-01 18:37:36&quot;,&quot;change_time_seconds_ago&quot;:0,&quot;type_code&quot;:27,&quot;type&quot;:&quot;Failover&quot;,&quot;type_string&quot;:&quot;Failover&quot;,&quot;present_in_matrix&quot;:0,&quot;preview_status&quot;:0,&quot;preview_error&quot;:&quot;&quot;,&quot;video_codec&quot;:&quot;&quot;,&quot;audio_codec&quot;:&quot;&quot;,&quot;stream_alerts&quot;:0,&quot;analyze&quot;:0,&quot;live_recording_status&quot;:{&quot;defined&quot;:0,&quot;active&quot;:0},&quot;tr101&quot;:[],&quot;compound_components&quot;:[{&quot;id&quot;:&quot;test10&quot;,&quot;status&quot;:0,&quot;lost_packet_time_ms&quot;:0,&quot;wrong_packet_time_ms&quot;:0,&quot;packet_latency_ms&quot;:0,&quot;packets&quot;:330},{&quot;id&quot;:&quot;test11&quot;,&quot;status&quot;:1,&quot;lost_packet_time_ms&quot;:0,&quot;wrong_packet_time_ms&quot;:0,&quot;packet_latency_ms&quot;:0,&quot;packets&quot;:0}],&quot;path&quot;:&quot;&quot;,&quot;size&quot;:0},{&quot;id&quot;:&quot;tg6&quot;,&quot;oid&quot;:28,&quot;remote_id&quot;:&quot;&quot;,&quot;source&quot;:&quot;&quot;,&quot;remote_ip&quot;:&quot;&quot;,&quot;status&quot;:&quot;Connected&quot;,&quot;error&quot;:&quot;None&quot;,&quot;error_code&quot;:0,&quot;clients&quot;:0,&quot;latency&quot;:0,&quot;rtt&quot;:&quot;0/0&quot;,&quot;bitrate&quot;:1759474,&quot;device&quot;:&quot;Linux 64bit&quot;,&quot;app&quot;:&quot;Broadcaster&quot;,&quot;build&quot;:30624,&quot;maxbitrate&quot;:9999900,&quot;maxouts&quot;:-1,&quot;mcast_out&quot;:0,&quot;mcast_out_force&quot;:0,&quot;encrypted&quot;:0,&quot;user_data&quot;:&quot;&quot;,&quot;dtls&quot;:0,&quot;cert&quot;:&quot;&quot;,&quot;stats_mask&quot;:4097,&quot;time_shift&quot;:0,&quot;permanent&quot;:1,&quot;up_time&quot;:&quot;00:00:01&quot;,&quot;up_time_seconds&quot;:1,&quot;change_time&quot;:&quot;2018-Aug-01 18:37:36&quot;,&quot;change_time_seconds_ago&quot;:0,&quot;type_code&quot;:27,&quot;type&quot;:&quot;Failover&quot;,&quot;type_string&quot;:&quot;Failover&quot;,&quot;present_in_matrix&quot;:0,&quot;preview_status&quot;:0,&quot;preview_error&quot;:&quot;&quot;,&quot;video_codec&quot;:&quot;&quot;,&quot;audio_codec&quot;:&quot;&quot;,&quot;stream_alerts&quot;:0,&quot;analyze&quot;:0,&quot;live_recording_status&quot;:{&quot;defined&quot;:0,&quot;active&quot;:0},&quot;tr101&quot;:[],&quot;compound_components&quot;:[{&quot;id&quot;:&quot;test12&quot;,&quot;status&quot;:0,&quot;lost_packet_time_ms&quot;:0,&quot;wrong_packet_time_ms&quot;:0,&quot;packet_latency_ms&quot;:0,&quot;packets&quot;:61},{&quot;id&quot;:&quot;test13&quot;,&quot;status&quot;:1,&quot;lost_packet_time_ms&quot;:0,&quot;wrong_packet_time_ms&quot;:0,&quot;packet_latency_ms&quot;:1,&quot;packets&quot;:0}],&quot;path&quot;:&quot;&quot;,&quot;size&quot;:0},{&quot;id&quot;:&quot;tg7&quot;,&quot;oid&quot;:28,&quot;remote_id&quot;:&quot;&quot;,&quot;source&quot;:&quot;&quot;,&quot;remote_ip&quot;:&quot;&quot;,&quot;status&quot;:&quot;Offline&quot;,&quot;error&quot;:&quot;None&quot;,&quot;error_code&quot;:0,&quot;clients&quot;:0,&quot;latency&quot;:0,&quot;rtt&quot;:&quot;&quot;,&quot;bitrate&quot;:0,&quot;device&quot;:&quot;Linux 64bit&quot;,&quot;app&quot;:&quot;Broadcaster&quot;,&quot;build&quot;:30624,&quot;maxbitrate&quot;:9999900,&quot;maxouts&quot;:-1,&quot;mcast_out&quot;:0,&quot;mcast_out_force&quot;:0,&quot;encrypted&quot;:0,&quot;user_data&quot;:&quot;&quot;,&quot;dtls&quot;:0,&quot;cert&quot;:&quot;&quot;,&quot;stats_mask&quot;:4097,&quot;time_shift&quot;:0,&quot;permanent&quot;:1,&quot;up_time&quot;:&quot;00:00:00&quot;,&quot;up_time_seconds&quot;:0,&quot;change_time&quot;:&quot;2018-Aug-01 18:37:36&quot;,&quot;change_time_seconds_ago&quot;:0,&quot;type_code&quot;:27,&quot;type&quot;:&quot;Failover&quot;,&quot;type_string&quot;:&quot;Failover&quot;,&quot;present_in_matrix&quot;:0,&quot;preview_status&quot;:0,&quot;preview_error&quot;:&quot;&quot;,&quot;video_codec&quot;:&quot;&quot;,&quot;audio_codec&quot;:&quot;&quot;,&quot;stream_alerts&quot;:0,&quot;analyze&quot;:0,&quot;live_recording_status&quot;:{&quot;defined&quot;:0,&quot;active&quot;:0},&quot;tr101&quot;:[],&quot;compound_components&quot;:[{&quot;id&quot;:&quot;test14&quot;,&quot;status&quot;:1,&quot;lost_packet_time_ms&quot;:0,&quot;wrong_packet_time_ms&quot;:0,&quot;packet_latency_ms&quot;:0,&quot;packets&quot;:0},{&quot;id&quot;:&quot;test15&quot;,&quot;status&quot;:1,&quot;lost_packet_time_ms&quot;:0,&quot;wrong_packet_time_ms&quot;:0,&quot;packet_latency_ms&quot;:0,&quot;packets&quot;:0}],&quot;path&quot;:&quot;&quot;,&quot;size&quot;:0},{&quot;id&quot;:&quot;tg8&quot;,&quot;oid&quot;:28,&quot;remote_id&quot;:&quot;&quot;,&quot;source&quot;:&quot;&quot;,&quot;remote_ip&quot;:&quot;&quot;,&quot;status&quot;:&quot;Offline&quot;,&quot;error&quot;:&quot;None&quot;,&quot;error_code&quot;:0,&quot;clients&quot;:0,&quot;latency&quot;:0,&quot;rtt&quot;:&quot;&quot;,&quot;bitrate&quot;:0,&quot;device&quot;:&quot;Linux 64bit&quot;,&quot;app&quot;:&quot;Broadcaster&quot;,&quot;build&quot;:30624,&quot;maxbitrate&quot;:9999900,&quot;maxouts&quot;:-1,&quot;mcast_out&quot;:0,&quot;mcast_out_force&quot;:0,&quot;encrypted&quot;:0,&quot;user_data&quot;:&quot;&quot;,&quot;dtls&quot;:0,&quot;cert&quot;:&quot;&quot;,&quot;stats_mask&quot;:4097,&quot;time_shift&quot;:0,&quot;permanent&quot;:1,&quot;up_time&quot;:&quot;00:00:00&quot;,&quot;up_time_seconds&quot;:0,&quot;change_time&quot;:&quot;2018-Aug-01 18:37:36&quot;,&quot;change_time_seconds_ago&quot;:0,&quot;type_code&quot;:27,&quot;type&quot;:&quot;Failover&quot;,&quot;type_string&quot;:&quot;Failover&quot;,&quot;present_in_matrix&quot;:0,&quot;preview_status&quot;:0,&quot;preview_error&quot;:&quot;&quot;,&quot;video_codec&quot;:&quot;&quot;,&quot;audio_codec&quot;:&quot;&quot;,&quot;stream_alerts&quot;:0,&quot;analyze&quot;:0,&quot;live_recording_status&quot;:{&quot;defined&quot;:0,&quot;active&quot;:0},&quot;tr101&quot;:[],&quot;compound_components&quot;:[{&quot;id&quot;:&quot;test16&quot;,&quot;status&quot;:1,&quot;lost_packet_time_ms&quot;:0,&quot;wrong_packet_time_ms&quot;:0,&quot;packet_latency_ms&quot;:0,&quot;packets&quot;:0},{&quot;id&quot;:&quot;test17&quot;,&quot;status&quot;:1,&quot;lost_packet_time_ms&quot;:0,&quot;wrong_packet_time_ms&quot;:0,&quot;packet_latency_ms&quot;:0,&quot;packets&quot;:0}],&quot;path&quot;:&quot;&quot;,&quot;size&quot;:0}]}]">
      <![CDATA[java.lang.AssertionError: expected [Stream 'tg9' added.] but found [{"error":"Failed adding stream; Enter components","streams":[{"id":"test0","oid":1,"remote_id":"localhost.localdomain","source":"192.168.5.10","remote_ip":"192.168.5.10","status":"Connected","error":"None","error_code":0,"clients":0,"latency":6000,"rtt":"5/1","bitrate":12039320,"device":"Linux 64bit","app":"Broadcaster","build":29361,"maxbitrate":60006080,"maxouts":-1,"mcast_out":0,"mcast_out_force":0,"encrypted":0,"user_data":"","dtls":0,"cert":"","stats_mask":151,"time_shift":0,"permanent":1,"up_time":"00:00:27","up_time_seconds":27,"change_time":"2018-Aug-01 18:37:10","change_time_seconds_ago":26,"type_code":23,"type":"Push","type_string":"Push","present_in_matrix":1,"preview_status":0,"preview_error":"","video_codec":"","audio_codec":"","stream_alerts":0,"analyze":0,"live_recording_status":{"defined":0,"active":0},"tr101":[],"path":"","size":0},{"id":"test2","oid":2,"remote_id":"localhost.localdomain","source":"192.168.5.10","remote_ip":"192.168.5.10","status":"Connected","error":"None","error_code":0,"clients":0,"latency":6000,"rtt":"5/1","bitrate":11365480,"device":"Linux 64bit","app":"Broadcaster","build":29361,"maxbitrate":60006080,"maxouts":-1,"mcast_out":0,"mcast_out_force":0,"encrypted":0,"user_data":"","dtls":0,"cert":"","stats_mask":151,"time_shift":0,"permanent":1,"up_time":"00:00:27","up_time_seconds":27,"change_time":"2018-Aug-01 18:37:09","change_time_seconds_ago":27,"type_code":23,"type":"Push","type_string":"Push","present_in_matrix":1,"preview_status":0,"preview_error":"","video_codec":"","audio_codec":"","stream_alerts":0,"analyze":0,"live_recording_status":{"defined":0,"active":0},"tr101":[],"path":"","size":0},{"id":"test6","oid":3,"remote_id":"localhost.localdomain","source":"192.168.5.10","remote_ip":"192.168.5.10","status":"Connected","error":"None","error_code":0,"clients":0,"latency":6000,"rtt":"5/1","bitrate":11313430,"device":"Linux 64bit","app":"Broadcaster","build":29361,"maxbitrate":60006080,"maxouts":-1,"mcast_out":0,"mcast_out_force":0,"encrypted":0,"user_data":"","dtls":0,"cert":"","stats_mask":151,"time_shift":0,"permanent":1,"up_time":"00:00:24","up_time_seconds":24,"change_time":"2018-Aug-01 18:37:12","change_time_seconds_ago":24,"type_code":23,"type":"Push","type_string":"Push","present_in_matrix":1,"preview_status":0,"preview_error":"","video_codec":"","audio_codec":"","stream_alerts":0,"analyze":0,"live_recording_status":{"defined":0,"active":0},"tr101":[],"path":"","size":0},{"id":"test1","oid":4,"remote_id":"localhost.localdomain","source":"192.168.5.10","remote_ip":"192.168.5.10","status":"Connected","error":"None","error_code":0,"clients":0,"latency":6000,"rtt":"5/1","bitrate":11439888,"device":"Linux 64bit","app":"Broadcaster","build":29361,"maxbitrate":60006080,"maxouts":-1,"mcast_out":0,"mcast_out_force":0,"encrypted":0,"user_data":"","dtls":0,"cert":"","stats_mask":151,"time_shift":0,"permanent":1,"up_time":"00:00:27","up_time_seconds":27,"change_time":"2018-Aug-01 18:37:09","change_time_seconds_ago":27,"type_code":23,"type":"Push","type_string":"Push","present_in_matrix":1,"preview_status":0,"preview_error":"","video_codec":"","audio_codec":"","stream_alerts":0,"analyze":0,"live_recording_status":{"defined":0,"active":0},"tr101":[],"path":"","size":0},{"id":"test5","oid":5,"remote_id":"localhost.localdomain","source":"192.168.5.10","remote_ip":"192.168.5.10","status":"Connected","error":"None","error_code":0,"clients":0,"latency":6000,"rtt":"5/1","bitrate":11518049,"device":"Linux 64bit","app":"Broadcaster","build":29361,"maxbitrate":60006080,"maxouts":-1,"mcast_out":0,"mcast_out_force":0,"encrypted":0,"user_data":"","dtls":0,"cert":"","stats_mask":151,"time_shift":0,"permanent":1,"up_time":"00:00:23","up_time_seconds":23,"change_time":"2018-Aug-01 18:37:13","change_time_seconds_ago":23,"type_code":23,"type":"Push","type_string":"Push","present_in_matrix":1,"preview_status":0,"preview_error":"","video_codec":"","audio_codec":"","stream_alerts":0,"analyze":0,"live_recording_status":{"defined":0,"active":0},"tr101":[],"path":"","size":0},{"id":"test9","oid":6,"remote_id":"localhost.localdomain","source":"192.168.5.10","remote_ip":"192.168.5.10","status":"Connected","error":"None","error_code":0,"clients":0,"latency":6000,"rtt":"5/1","bitrate":11304704,"device":"Linux 64bit","app":"Broadcaster","build":29361,"maxbitrate":60006080,"maxouts":-1,"mcast_out":0,"mcast_out_force":0,"encrypted":0,"user_data":"","dtls":0,"cert":"","stats_mask":151,"time_shift":0,"permanent":1,"up_time":"00:00:21","up_time_seconds":21,"change_time":"2018-Aug-01 18:37:15","change_time_seconds_ago":21,"type_code":23,"type":"Push","type_string":"Push","present_in_matrix":1,"preview_status":0,"preview_error":"","video_codec":"","audio_codec":"","stream_alerts":0,"analyze":0,"live_recording_status":{"defined":0,"active":0},"tr101":[],"path":"","size":0},{"id":"test4","oid":7,"remote_id":"localhost.localdomain","source":"192.168.5.10","remote_ip":"192.168.5.10","status":"Connected","error":"None","error_code":0,"clients":0,"latency":6000,"rtt":"5/1","bitrate":11072375,"device":"Linux 64bit","app":"Broadcaster","build":29361,"maxbitrate":60006080,"maxouts":-1,"mcast_out":0,"mcast_out_force":0,"encrypted":0,"user_data":"","dtls":0,"cert":"","stats_mask":151,"time_shift":0,"permanent":1,"up_time":"00:00:25","up_time_seconds":25,"change_time":"2018-Aug-01 18:37:11","change_time_seconds_ago":25,"type_code":23,"type":"Push","type_string":"Push","present_in_matrix":1,"preview_status":0,"preview_error":"","video_codec":"","audio_codec":"","stream_alerts":0,"analyze":0,"live_recording_status":{"defined":0,"active":0},"tr101":[],"path":"","size":0},{"id":"test7","oid":8,"remote_id":"localhost.localdomain","source":"192.168.5.10","remote_ip":"192.168.5.10","status":"Connected","error":"None","error_code":0,"clients":0,"latency":6000,"rtt":"5/1","bitrate":11294905,"device":"Linux 64bit","app":"Broadcaster","build":29361,"maxbitrate":60006080,"maxouts":-1,"mcast_out":0,"mcast_out_force":0,"encrypted":0,"user_data":"","dtls":0,"cert":"","stats_mask":151,"time_shift":0,"permanent":1,"up_time":"00:00:24","up_time_seconds":24,"change_time":"2018-Aug-01 18:37:12","change_time_seconds_ago":24,"type_code":23,"type":"Push","type_string":"Push","present_in_matrix":1,"preview_status":0,"preview_error":"","video_codec":"","audio_codec":"","stream_alerts":0,"analyze":0,"live_recording_status":{"defined":0,"active":0},"tr101":[],"path":"","size":0},{"id":"test3","oid":9,"remote_id":"localhost.localdomain","source":"192.168.5.10","remote_ip":"192.168.5.10","status":"Connected","error":"None","error_code":0,"clients":0,"latency":6000,"rtt":"5/1","bitrate":11832871,"device":"Linux 64bit","app":"Broadcaster","build":29361,"maxbitrate":60006080,"maxouts":-1,"mcast_out":0,"mcast_out_force":0,"encrypted":0,"user_data":"","dtls":0,"cert":"","stats_mask":151,"time_shift":0,"permanent":1,"up_time":"00:00:23","up_time_seconds":23,"change_time":"2018-Aug-01 18:37:14","change_time_seconds_ago":22,"type_code":23,"type":"Push","type_string":"Push","present_in_matrix":1,"preview_status":0,"preview_error":"","video_codec":"","audio_codec":"","stream_alerts":0,"analyze":0,"live_recording_status":{"defined":0,"active":0},"tr101":[],"path":"","size":0},{"id":"test8","oid":10,"remote_id":"localhost.localdomain","source":"192.168.5.10","remote_ip":"192.168.5.10","status":"Connected","error":"None","error_code":0,"clients":0,"latency":6000,"rtt":"5/1","bitrate":11418109,"device":"Linux 64bit","app":"Broadcaster","build":29361,"maxbitrate":60006080,"maxouts":-1,"mcast_out":0,"mcast_out_force":0,"encrypted":0,"user_data":"","dtls":0,"cert":"","stats_mask":151,"time_shift":0,"permanent":1,"up_time":"00:00:23","up_time_seconds":23,"change_time":"2018-Aug-01 18:37:13","change_time_seconds_ago":23,"type_code":23,"type":"Push","type_string":"Push","present_in_matrix":1,"preview_status":0,"preview_error":"","video_codec":"","audio_codec":"","stream_alerts":0,"analyze":0,"live_recording_status":{"defined":0,"active":0},"tr101":[],"path":"","size":0},{"id":"test10","oid":11,"remote_id":"localhost.localdomain","source":"192.168.5.10","remote_ip":"192.168.5.10","status":"Connected","error":"None","error_code":0,"clients":0,"latency":6000,"rtt":"5/1","bitrate":11194157,"device":"Linux 64bit","app":"Broadcaster","build":29361,"maxbitrate":60006080,"maxouts":-1,"mcast_out":0,"mcast_out_force":0,"encrypted":0,"user_data":"","dtls":0,"cert":"","stats_mask":151,"time_shift":0,"permanent":1,"up_time":"00:00:27","up_time_seconds":27,"change_time":"2018-Aug-01 18:37:09","change_time_seconds_ago":27,"type_code":23,"type":"Push","type_string":"Push","present_in_matrix":1,"preview_status":0,"preview_error":"","video_codec":"","audio_codec":"","stream_alerts":0,"analyze":0,"live_recording_status":{"defined":0,"active":0},"tr101":[],"path":"","size":0},{"id":"test11","oid":12,"remote_id":"localhost.localdomain","source":"192.168.5.10","remote_ip":"192.168.5.10","status":"Connected","error":"None","error_code":0,"clients":0,"latency":6000,"rtt":"5/1","bitrate":11335920,"device":"Linux 64bit","app":"Broadcaster","build":29361,"maxbitrate":60006080,"maxouts":-1,"mcast_out":0,"mcast_out_force":0,"encrypted":0,"user_data":"","dtls":0,"cert":"","stats_mask":151,"time_shift":0,"permanent":1,"up_time":"00:00:27","up_time_seconds":27,"change_time":"2018-Aug-01 18:37:09","change_time_seconds_ago":27,"type_code":23,"type":"Push","type_string":"Push","present_in_matrix":1,"preview_status":0,"preview_error":"","video_codec":"","audio_codec":"","stream_alerts":0,"analyze":0,"live_recording_status":{"defined":0,"active":0},"tr101":[],"path":"","size":0},{"id":"test15","oid":13,"remote_id":"localhost.localdomain","source":"192.168.5.10","remote_ip":"192.168.5.10","status":"Connected","error":"None","error_code":0,"clients":0,"latency":6000,"rtt":"5/1","bitrate":11518977,"device":"Linux 64bit","app":"Broadcaster","build":29361,"maxbitrate":60006080,"maxouts":-1,"mcast_out":0,"mcast_out_force":0,"encrypted":0,"user_data":"","dtls":0,"cert":"","stats_mask":151,"time_shift":0,"permanent":1,"up_time":"00:00:27","up_time_seconds":27,"change_time":"2018-Aug-01 18:37:09","change_time_seconds_ago":27,"type_code":23,"type":"Push","type_string":"Push","present_in_matrix":1,"preview_status":0,"preview_error":"","video_codec":"","audio_codec":"","stream_alerts":0,"analyze":0,"live_recording_status":{"defined":0,"active":0},"tr101":[],"path":"","size":0},{"id":"test14","oid":14,"remote_id":"localhost.localdomain","source":"192.168.5.10","remote_ip":"192.168.5.10","status":"Connected","error":"None","error_code":0,"clients":0,"latency":6000,"rtt":"5/1","bitrate":11587796,"device":"Linux 64bit","app":"Broadcaster","build":29361,"maxbitrate":60006080,"maxouts":-1,"mcast_out":0,"mcast_out_force":0,"encrypted":0,"user_data":"","dtls":0,"cert":"","stats_mask":151,"time_shift":0,"permanent":1,"up_time":"00:00:27","up_time_seconds":27,"change_time":"2018-Aug-01 18:37:09","change_time_seconds_ago":27,"type_code":23,"type":"Push","type_string":"Push","present_in_matrix":1,"preview_status":0,"preview_error":"","video_codec":"","audio_codec":"","stream_alerts":0,"analyze":0,"live_recording_status":{"defined":0,"active":0},"tr101":[],"path":"","size":0},{"id":"test16","oid":15,"remote_id":"localhost.localdomain","source":"192.168.5.10","remote_ip":"192.168.5.10","status":"Connected","error":"None","error_code":0,"clients":0,"latency":6000,"rtt":"5/1","bitrate":11427324,"device":"Linux 64bit","app":"Broadcaster","build":29361,"maxbitrate":60006080,"maxouts":-1,"mcast_out":0,"mcast_out_force":0,"encrypted":0,"user_data":"","dtls":0,"cert":"","stats_mask":151,"time_shift":0,"permanent":1,"up_time":"00:00:27","up_time_seconds":27,"change_time":"2018-Aug-01 18:37:09","change_time_seconds_ago":27,"type_code":23,"type":"Push","type_string":"Push","present_in_matrix":1,"preview_status":0,"preview_error":"","video_codec":"","audio_codec":"","stream_alerts":0,"analyze":0,"live_recording_status":{"defined":0,"active":0},"tr101":[],"path":"","size":0},{"id":"test12","oid":16,"remote_id":"localhost.localdomain","source":"192.168.5.10","remote_ip":"192.168.5.10","status":"Connected","error":"None","error_code":0,"clients":0,"latency":6000,"rtt":"5/1","bitrate":11434232,"device":"Linux 64bit","app":"Broadcaster","build":29361,"maxbitrate":60006080,"maxouts":-1,"mcast_out":0,"mcast_out_force":0,"encrypted":0,"user_data":"","dtls":0,"cert":"","stats_mask":151,"time_shift":0,"permanent":1,"up_time":"00:00:27","up_time_seconds":27,"change_time":"2018-Aug-01 18:37:09","change_time_seconds_ago":27,"type_code":23,"type":"Push","type_string":"Push","present_in_matrix":1,"preview_status":0,"preview_error":"","video_codec":"","audio_codec":"","stream_alerts":0,"analyze":0,"live_recording_status":{"defined":0,"active":0},"tr101":[],"path":"","size":0},{"id":"test13","oid":17,"remote_id":"localhost.localdomain","source":"192.168.5.10","remote_ip":"192.168.5.10","status":"Connected","error":"None","error_code":0,"clients":0,"latency":6000,"rtt":"5/1","bitrate":11630569,"device":"Linux 64bit","app":"Broadcaster","build":29361,"maxbitrate":60006080,"maxouts":-1,"mcast_out":0,"mcast_out_force":0,"encrypted":0,"user_data":"","dtls":0,"cert":"","stats_mask":151,"time_shift":0,"permanent":1,"up_time":"00:00:27","up_time_seconds":27,"change_time":"2018-Aug-01 18:37:09","change_time_seconds_ago":27,"type_code":23,"type":"Push","type_string":"Push","present_in_matrix":1,"preview_status":0,"preview_error":"","video_codec":"","audio_codec":"","stream_alerts":0,"analyze":0,"live_recording_status":{"defined":0,"active":0},"tr101":[],"path":"","size":0},{"id":"test17","oid":18,"remote_id":"localhost.localdomain","source":"192.168.5.10","remote_ip":"192.168.5.10","status":"Connected","error":"None","error_code":0,"clients":0,"latency":6000,"rtt":"5/1","bitrate":11633176,"device":"Linux 64bit","app":"Broadcaster","build":29361,"maxbitrate":60006080,"maxouts":-1,"mcast_out":0,"mcast_out_force":0,"encrypted":0,"user_data":"","dtls":0,"cert":"","stats_mask":151,"time_shift":0,"permanent":1,"up_time":"00:00:27","up_time_seconds":27,"change_time":"2018-Aug-01 18:37:09","change_time_seconds_ago":27,"type_code":23,"type":"Push","type_string":"Push","present_in_matrix":1,"preview_status":0,"preview_error":"","video_codec":"","audio_codec":"","stream_alerts":0,"analyze":0,"live_recording_status":{"defined":0,"active":0},"tr101":[],"path":"","size":0},{"id":"test20","oid":19,"remote_id":"localhost.localdomain","source":"192.168.5.10","remote_ip":"192.168.5.10","status":"Connected","error":"None","error_code":0,"clients":0,"latency":6000,"rtt":"5/1","bitrate":11871968,"device":"Linux 64bit","app":"Broadcaster","build":29361,"maxbitrate":60006080,"maxouts":-1,"mcast_out":0,"mcast_out_force":0,"encrypted":0,"user_data":"","dtls":0,"cert":"","stats_mask":151,"time_shift":0,"permanent":1,"up_time":"00:00:27","up_time_seconds":27,"change_time":"2018-Aug-01 18:37:10","change_time_seconds_ago":26,"type_code":23,"type":"Push","type_string":"Push","present_in_matrix":1,"preview_status":0,"preview_error":"","video_codec":"","audio_codec":"","stream_alerts":0,"analyze":0,"live_recording_status":{"defined":0,"active":0},"tr101":[],"path":"","size":0},{"id":"test22","oid":20,"remote_id":"localhost.localdomain","source":"192.168.5.10","remote_ip":"192.168.5.10","status":"Connected","error":"None","error_code":0,"clients":0,"latency":6000,"rtt":"5/1","bitrate":11659248,"device":"Linux 64bit","app":"Broadcaster","build":29361,"maxbitrate":60006080,"maxouts":-1,"mcast_out":0,"mcast_out_force":0,"encrypted":0,"user_data":"","dtls":0,"cert":"","stats_mask":151,"time_shift":0,"permanent":1,"up_time":"00:00:27","up_time_seconds":27,"change_time":"2018-Aug-01 18:37:10","change_time_seconds_ago":26,"type_code":23,"type":"Push","type_string":"Push","present_in_matrix":1,"preview_status":0,"preview_error":"","video_codec":"","audio_codec":"","stream_alerts":0,"analyze":0,"live_recording_status":{"defined":0,"active":0},"tr101":[],"path":"","size":0},{"id":"test23","oid":21,"remote_id":"localhost.localdomain","source":"192.168.5.10","remote_ip":"192.168.5.10","status":"Connected","error":"None","error_code":0,"clients":0,"latency":6000,"rtt":"5/1","bitrate":11793134,"device":"Linux 64bit","app":"Broadcaster","build":29361,"maxbitrate":60006080,"maxouts":-1,"mcast_out":0,"mcast_out_force":0,"encrypted":0,"user_data":"","dtls":0,"cert":"","stats_mask":151,"time_shift":0,"permanent":1,"up_time":"00:00:27","up_time_seconds":27,"change_time":"2018-Aug-01 18:37:10","change_time_seconds_ago":26,"type_code":23,"type":"Push","type_string":"Push","present_in_matrix":1,"preview_status":0,"preview_error":"","video_codec":"","audio_codec":"","stream_alerts":0,"analyze":0,"live_recording_status":{"defined":0,"active":0},"tr101":[],"path":"","size":0},{"id":"test21","oid":22,"remote_id":"localhost.localdomain","source":"192.168.5.10","remote_ip":"192.168.5.10","status":"Connected","error":"None","error_code":0,"clients":0,"latency":6000,"rtt":"5/1","bitrate":11789586,"device":"Linux 64bit","app":"Broadcaster","build":29361,"maxbitrate":60006080,"maxouts":-1,"mcast_out":0,"mcast_out_force":0,"encrypted":0,"user_data":"","dtls":0,"cert":"","stats_mask":151,"time_shift":0,"permanent":1,"up_time":"00:00:27","up_time_seconds":27,"change_time":"2018-Aug-01 18:37:10","change_time_seconds_ago":26,"type_code":23,"type":"Push","type_string":"Push","present_in_matrix":1,"preview_status":0,"preview_error":"","video_codec":"","audio_codec":"","stream_alerts":0,"analyze":0,"live_recording_status":{"defined":0,"active":0},"tr101":[],"path":"","size":0},{"id":"test18","oid":23,"remote_id":"localhost.localdomain","source":"192.168.5.10","remote_ip":"192.168.5.10","status":"Connected","error":"None","error_code":0,"clients":0,"latency":6000,"rtt":"5/1","bitrate":11670672,"device":"Linux 64bit","app":"Broadcaster","build":29361,"maxbitrate":60006080,"maxouts":-1,"mcast_out":0,"mcast_out_force":0,"encrypted":0,"user_data":"","dtls":0,"cert":"","stats_mask":151,"time_shift":0,"permanent":1,"up_time":"00:00:27","up_time_seconds":27,"change_time":"2018-Aug-01 18:37:10","change_time_seconds_ago":26,"type_code":23,"type":"Push","type_string":"Push","present_in_matrix":1,"preview_status":0,"preview_error":"","video_codec":"","audio_codec":"","stream_alerts":0,"analyze":0,"live_recording_status":{"defined":0,"active":0},"tr101":[],"path":"","size":0},{"id":"test25","oid":24,"remote_id":"localhost.localdomain","source":"192.168.5.10","remote_ip":"192.168.5.10","status":"Connected","error":"None","error_code":0,"clients":0,"latency":6000,"rtt":"5/1","bitrate":12125466,"device":"Linux 64bit","app":"Broadcaster","build":29361,"maxbitrate":60006080,"maxouts":-1,"mcast_out":0,"mcast_out_force":0,"encrypted":0,"user_data":"","dtls":0,"cert":"","stats_mask":151,"time_shift":0,"permanent":1,"up_time":"00:00:27","up_time_seconds":27,"change_time":"2018-Aug-01 18:37:10","change_time_seconds_ago":26,"type_code":23,"type":"Push","type_string":"Push","present_in_matrix":1,"preview_status":0,"preview_error":"","video_codec":"","audio_codec":"","stream_alerts":0,"analyze":0,"live_recording_status":{"defined":0,"active":0},"tr101":[],"path":"","size":0},{"id":"test27","oid":25,"remote_id":"localhost.localdomain","source":"192.168.5.10","remote_ip":"192.168.5.10","status":"Connected","error":"None","error_code":0,"clients":0,"latency":6000,"rtt":"5/1","bitrate":12003516,"device":"Linux 64bit","app":"Broadcaster","build":29361,"maxbitrate":60006080,"maxouts":-1,"mcast_out":0,"mcast_out_force":0,"encrypted":0,"user_data":"","dtls":0,"cert":"","stats_mask":151,"time_shift":0,"permanent":1,"up_time":"00:00:27","up_time_seconds":27,"change_time":"2018-Aug-01 18:37:10","change_time_seconds_ago":26,"type_code":23,"type":"Push","type_string":"Push","present_in_matrix":1,"preview_status":0,"preview_error":"","video_codec":"","audio_codec":"","stream_alerts":0,"analyze":0,"live_recording_status":{"defined":0,"active":0},"tr101":[],"path":"","size":0},{"id":"test19","oid":26,"remote_id":"localhost.localdomain","source":"192.168.5.10","remote_ip":"192.168.5.10","status":"Connected","error":"None","error_code":0,"clients":0,"latency":6000,"rtt":"5/1","bitrate":11908008,"device":"Linux 64bit","app":"Broadcaster","build":29361,"maxbitrate":60006080,"maxouts":-1,"mcast_out":0,"mcast_out_force":0,"encrypted":0,"user_data":"","dtls":0,"cert":"","stats_mask":151,"time_shift":0,"permanent":1,"up_time":"00:00:27","up_time_seconds":27,"change_time":"2018-Aug-01 18:37:10","change_time_seconds_ago":26,"type_code":23,"type":"Push","type_string":"Push","present_in_matrix":1,"preview_status":0,"preview_error":"","video_codec":"","audio_codec":"","stream_alerts":0,"analyze":0,"live_recording_status":{"defined":0,"active":0},"tr101":[],"path":"","size":0},{"id":"test24","oid":27,"remote_id":"localhost.localdomain","source":"192.168.5.10","remote_ip":"192.168.5.10","status":"Connected","error":"None","error_code":0,"clients":0,"latency":6000,"rtt":"5/1","bitrate":11909632,"device":"Linux 64bit","app":"Broadcaster","build":29361,"maxbitrate":60006080,"maxouts":-1,"mcast_out":0,"mcast_out_force":0,"encrypted":0,"user_data":"","dtls":0,"cert":"","stats_mask":151,"time_shift":0,"permanent":1,"up_time":"00:00:27","up_time_seconds":27,"change_time":"2018-Aug-01 18:37:10","change_time_seconds_ago":26,"type_code":23,"type":"Push","type_string":"Push","present_in_matrix":1,"preview_status":0,"preview_error":"","video_codec":"","audio_codec":"","stream_alerts":0,"analyze":0,"live_recording_status":{"defined":0,"active":0},"tr101":[],"path":"","size":0},{"id":"test26","oid":28,"remote_id":"localhost.localdomain","source":"192.168.5.10","remote_ip":"192.168.5.10","status":"Connected","error":"None","error_code":0,"clients":0,"latency":6000,"rtt":"5/1","bitrate":12027304,"device":"Linux 64bit","app":"Broadcaster","build":29361,"maxbitrate":60006080,"maxouts":-1,"mcast_out":0,"mcast_out_force":0,"encrypted":0,"user_data":"","dtls":0,"cert":"","stats_mask":151,"time_shift":0,"permanent":1,"up_time":"00:00:27","up_time_seconds":27,"change_time":"2018-Aug-01 18:37:10","change_time_seconds_ago":26,"type_code":23,"type":"Push","type_string":"Push","present_in_matrix":1,"preview_status":0,"preview_error":"","video_codec":"","audio_codec":"","stream_alerts":0,"analyze":0,"live_recording_status":{"defined":0,"active":0},"tr101":[],"path":"","size":0},{"id":"test28","oid":29,"remote_id":"localhost.localdomain","source":"192.168.5.10","remote_ip":"192.168.5.10","status":"Connected","error":"None","error_code":0,"clients":0,"latency":6000,"rtt":"5/1","bitrate":11892179,"device":"Linux 64bit","app":"Broadcaster","build":29361,"maxbitrate":60006080,"maxouts":-1,"mcast_out":0,"mcast_out_force":0,"encrypted":0,"user_data":"","dtls":0,"cert":"","stats_mask":151,"time_shift":0,"permanent":1,"up_time":"00:00:27","up_time_seconds":27,"change_time":"2018-Aug-01 18:37:10","change_time_seconds_ago":26,"type_code":23,"type":"Push","type_string":"Push","present_in_matrix":1,"preview_status":0,"preview_error":"","video_codec":"","audio_codec":"","stream_alerts":0,"analyze":0,"live_recording_status":{"defined":0,"active":0},"tr101":[],"path":"","size":0},{"id":"test29","oid":30,"remote_id":"localhost.localdomain","source":"192.168.5.10","remote_ip":"192.168.5.10","status":"Connected","error":"None","error_code":0,"clients":0,"latency":6000,"rtt":"5/1","bitrate":12084371,"device":"Linux 64bit","app":"Broadcaster","build":29361,"maxbitrate":60006080,"maxouts":-1,"mcast_out":0,"mcast_out_force":0,"encrypted":0,"user_data":"","dtls":0,"cert":"","stats_mask":151,"time_shift":0,"permanent":1,"up_time":"00:00:27","up_time_seconds":27,"change_time":"2018-Aug-01 18:37:10","change_time_seconds_ago":26,"type_code":23,"type":"Push","type_string":"Push","present_in_matrix":1,"preview_status":0,"preview_error":"","video_codec":"","audio_codec":"","stream_alerts":0,"analyze":0,"live_recording_status":{"defined":0,"active":0},"tr101":[],"path":"","size":0},{"id":"test30","oid":31,"remote_id":"localhost.localdomain","source":"192.168.5.10","remote_ip":"192.168.5.10","status":"Connected","error":"None","error_code":0,"clients":0,"latency":6000,"rtt":"5/1","bitrate":12205074,"device":"Linux 64bit","app":"Broadcaster","build":29361,"maxbitrate":60006080,"maxouts":-1,"mcast_out":0,"mcast_out_force":0,"encrypted":0,"user_data":"","dtls":0,"cert":"","stats_mask":151,"time_shift":0,"permanent":1,"up_time":"00:00:27","up_time_seconds":27,"change_time":"2018-Aug-01 18:37:10","change_time_seconds_ago":26,"type_code":23,"type":"Push","type_string":"Push","present_in_matrix":1,"preview_status":0,"preview_error":"","video_codec":"","audio_codec":"","stream_alerts":0,"analyze":0,"live_recording_status":{"defined":0,"active":0},"tr101":[],"path":"","size":0},{"id":"test31","oid":32,"remote_id":"localhost.localdomain","source":"192.168.5.10","remote_ip":"192.168.5.10","status":"Connected","error":"None","error_code":0,"clients":0,"latency":6000,"rtt":"5/1","bitrate":12160311,"device":"Linux 64bit","app":"Broadcaster","build":29361,"maxbitrate":60006080,"maxouts":-1,"mcast_out":0,"mcast_out_force":0,"encrypted":0,"user_data":"","dtls":0,"cert":"","stats_mask":151,"time_shift":0,"permanent":1,"up_time":"00:00:27","up_time_seconds":27,"change_time":"2018-Aug-01 18:37:10","change_time_seconds_ago":26,"type_code":23,"type":"Push","type_string":"Push","present_in_matrix":1,"preview_status":0,"preview_error":"","video_codec":"","audio_codec":"","stream_alerts":0,"analyze":0,"live_recording_status":{"defined":0,"active":0},"tr101":[],"path":"","size":0},{"id":"test32","oid":33,"remote_id":"localhost.localdomain","source":"192.168.5.10","remote_ip":"192.168.5.10","status":"Connected","error":"None","error_code":0,"clients":0,"latency":6000,"rtt":"5/1","bitrate":11990624,"device":"Linux 64bit","app":"Broadcaster","build":29361,"maxbitrate":60006080,"maxouts":-1,"mcast_out":0,"mcast_out_force":0,"encrypted":0,"user_data":"","dtls":0,"cert":"","stats_mask":151,"time_shift":0,"permanent":1,"up_time":"00:00:27","up_time_seconds":27,"change_time":"2018-Aug-01 18:37:10","change_time_seconds_ago":26,"type_code":23,"type":"Push","type_string":"Push","present_in_matrix":1,"preview_status":0,"preview_error":"","video_codec":"","audio_codec":"","stream_alerts":0,"analyze":0,"live_recording_status":{"defined":0,"active":0},"tr101":[],"path":"","size":0},{"id":"test36","oid":34,"remote_id":"localhost.localdomain","source":"192.168.5.10","remote_ip":"192.168.5.10","status":"Connected","error":"None","error_code":0,"clients":0,"latency":6000,"rtt":"5/1","bitrate":11304704,"device":"Linux 64bit","app":"Broadcaster","build":29361,"maxbitrate":60006080,"maxouts":-1,"mcast_out":0,"mcast_out_force":0,"encrypted":0,"user_data":"","dtls":0,"cert":"","stats_mask":151,"time_shift":0,"permanent":1,"up_time":"00:00:26","up_time_seconds":26,"change_time":"2018-Aug-01 18:37:10","change_time_seconds_ago":26,"type_code":23,"type":"Push","type_string":"Push","present_in_matrix":1,"preview_status":0,"preview_error":"","video_codec":"","audio_codec":"","stream_alerts":0,"analyze":0,"live_recording_status":{"defined":0,"active":0},"tr101":[],"path":"","size":0},{"id":"test33","oid":35,"remote_id":"localhost.localdomain","source":"192.168.5.10","remote_ip":"192.168.5.10","status":"Connected","error":"None","error_code":0,"clients":0,"latency":6000,"rtt":"5/1","bitrate":12002808,"device":"Linux 64bit","app":"Broadcaster","build":29361,"maxbitrate":60006080,"maxouts":-1,"mcast_out":0,"mcast_out_force":0,"encrypted":0,"user_data":"","dtls":0,"cert":"","stats_mask":151,"time_shift":0,"permanent":1,"up_time":"00:00:27","up_time_seconds":27,"change_time":"2018-Aug-01 18:37:10","change_time_seconds_ago":26,"type_code":23,"type":"Push","type_string":"Push","present_in_matrix":1,"preview_status":0,"preview_error":"","video_codec":"","audio_codec":"","stream_alerts":0,"analyze":0,"live_recording_status":{"defined":0,"active":0},"tr101":[],"path":"","size":0},{"id":"test35","oid":36,"remote_id":"localhost.localdomain","source":"192.168.5.10","remote_ip":"192.168.5.10","status":"Connected","error":"None","error_code":0,"clients":0,"latency":6000,"rtt":"5/1","bitrate":11424288,"device":"Linux 64bit","app":"Broadcaster","build":29361,"maxbitrate":60006080,"maxouts":-1,"mcast_out":0,"mcast_out_force":0,"encrypted":0,"user_data":"","dtls":0,"cert":"","stats_mask":151,"time_shift":0,"permanent":1,"up_time":"00:00:26","up_time_seconds":26,"change_time":"2018-Aug-01 18:37:10","change_time_seconds_ago":26,"type_code":23,"type":"Push","type_string":"Push","present_in_matrix":1,"preview_status":0,"preview_error":"","video_codec":"","audio_codec":"","stream_alerts":0,"analyze":0,"live_recording_status":{"defined":0,"active":0},"tr101":[],"path":"","size":0},{"id":"test34","oid":37,"remote_id":"localhost.localdomain","source":"192.168.5.10","remote_ip":"192.168.5.10","status":"Connected","error":"None","error_code":0,"clients":0,"latency":6000,"rtt":"5/1","bitrate":12226317,"device":"Linux 64bit","app":"Broadcaster","build":29361,"maxbitrate":60006080,"maxouts":-1,"mcast_out":0,"mcast_out_force":0,"encrypted":0,"user_data":"","dtls":0,"cert":"","stats_mask":151,"time_shift":0,"permanent":1,"up_time":"00:00:27","up_time_seconds":27,"change_time":"2018-Aug-01 18:37:10","change_time_seconds_ago":26,"type_code":23,"type":"Push","type_string":"Push","present_in_matrix":1,"preview_status":0,"preview_error":"","video_codec":"","audio_codec":"","stream_alerts":0,"analyze":0,"live_recording_status":{"defined":0,"active":0},"tr101":[],"path":"","size":0},{"id":"test39","oid":38,"remote_id":"localhost.localdomain","source":"192.168.5.10","remote_ip":"192.168.5.10","status":"Connected","error":"None","error_code":0,"clients":0,"latency":6000,"rtt":"5/1","bitrate":11364723,"device":"Linux 64bit","app":"Broadcaster","build":29361,"maxbitrate":60006080,"maxouts":-1,"mcast_out":0,"mcast_out_force":0,"encrypted":0,"user_data":"","dtls":0,"cert":"","stats_mask":151,"time_shift":0,"permanent":1,"up_time":"00:00:26","up_time_seconds":26,"change_time":"2018-Aug-01 18:37:10","change_time_seconds_ago":26,"type_code":23,"type":"Push","type_string":"Push","present_in_matrix":1,"preview_status":0,"preview_error":"","video_codec":"","audio_codec":"","stream_alerts":0,"analyze":0,"live_recording_status":{"defined":0,"active":0},"tr101":[],"path":"","size":0},{"id":"test37","oid":39,"remote_id":"localhost.localdomain","source":"192.168.5.10","remote_ip":"192.168.5.10","status":"Connected","error":"None","error_code":0,"clients":0,"latency":6000,"rtt":"5/1","bitrate":11304775,"device":"Linux 64bit","app":"Broadcaster","build":29361,"maxbitrate":60006080,"maxouts":-1,"mcast_out":0,"mcast_out_force":0,"encrypted":0,"user_data":"","dtls":0,"cert":"","stats_mask":151,"time_shift":0,"permanent":1,"up_time":"00:00:26","up_time_seconds":26,"change_time":"2018-Aug-01 18:37:10","change_time_seconds_ago":26,"type_code":23,"type":"Push","type_string":"Push","present_in_matrix":1,"preview_status":0,"preview_error":"","video_codec":"","audio_codec":"","stream_alerts":0,"analyze":0,"live_recording_status":{"defined":0,"active":0},"tr101":[],"path":"","size":0},{"id":"test38","oid":40,"remote_id":"localhost.localdomain","source":"192.168.5.10","remote_ip":"192.168.5.10","status":"Connected","error":"None","error_code":0,"clients":0,"latency":6000,"rtt":"5/1","bitrate":11408400,"device":"Linux 64bit","app":"Broadcaster","build":29361,"maxbitrate":60006080,"maxouts":-1,"mcast_out":0,"mcast_out_force":0,"encrypted":0,"user_data":"","dtls":0,"cert":"","stats_mask":151,"time_shift":0,"permanent":1,"up_time":"00:00:26","up_time_seconds":26,"change_time":"2018-Aug-01 18:37:10","change_time_seconds_ago":26,"type_code":23,"type":"Push","type_string":"Push","present_in_matrix":1,"preview_status":0,"preview_error":"","video_codec":"","audio_codec":"","stream_alerts":0,"analyze":0,"live_recording_status":{"defined":0,"active":0},"tr101":[],"path":"","size":0},{"id":"test44","oid":41,"remote_id":"localhost.localdomain","source":"192.168.5.10","remote_ip":"192.168.5.10","status":"Connected","error":"None","error_code":0,"clients":0,"latency":6000,"rtt":"5/1","bitrate":11493482,"device":"Linux 64bit","app":"Broadcaster","build":29361,"maxbitrate":60006080,"maxouts":-1,"mcast_out":0,"mcast_out_force":0,"encrypted":0,"user_data":"","dtls":0,"cert":"","stats_mask":151,"time_shift":0,"permanent":1,"up_time":"00:00:26","up_time_seconds":26,"change_time":"2018-Aug-01 18:37:10","change_time_seconds_ago":26,"type_code":23,"type":"Push","type_string":"Push","present_in_matrix":1,"preview_status":0,"preview_error":"","video_codec":"","audio_codec":"","stream_alerts":0,"analyze":0,"live_recording_status":{"defined":0,"active":0},"tr101":[],"path":"","size":0},{"id":"test40","oid":42,"remote_id":"localhost.localdomain","source":"192.168.5.10","remote_ip":"192.168.5.10","status":"Connected","error":"None","error_code":0,"clients":0,"latency":6000,"rtt":"5/1","bitrate":11210016,"device":"Linux 64bit","app":"Broadcaster","build":29361,"maxbitrate":60006080,"maxouts":-1,"mcast_out":0,"mcast_out_force":0,"encrypted":0,"user_data":"","dtls":0,"cert":"","stats_mask":151,"time_shift":0,"permanent":1,"up_time":"00:00:26","up_time_seconds":26,"change_time":"2018-Aug-01 18:37:10","change_time_seconds_ago":26,"type_code":23,"type":"Push","type_string":"Push","present_in_matrix":1,"preview_status":0,"preview_error":"","video_codec":"","audio_codec":"","stream_alerts":0,"analyze":0,"live_recording_status":{"defined":0,"active":0},"tr101":[],"path":"","size":0},{"id":"test43","oid":43,"remote_id":"localhost.localdomain","source":"192.168.5.10","remote_ip":"192.168.5.10","status":"Connected","error":"None","error_code":0,"clients":0,"latency":6000,"rtt":"5/1","bitrate":11324728,"device":"Linux 64bit","app":"Broadcaster","build":29361,"maxbitrate":60006080,"maxouts":-1,"mcast_out":0,"mcast_out_force":0,"encrypted":0,"user_data":"","dtls":0,"cert":"","stats_mask":151,"time_shift":0,"permanent":1,"up_time":"00:00:26","up_time_seconds":26,"change_time":"2018-Aug-01 18:37:10","change_time_seconds_ago":26,"type_code":23,"type":"Push","type_string":"Push","present_in_matrix":1,"preview_status":0,"preview_error":"","video_codec":"","audio_codec":"","stream_alerts":0,"analyze":0,"live_recording_status":{"defined":0,"active":0},"tr101":[],"path":"","size":0},{"id":"test47","oid":44,"remote_id":"localhost.localdomain","source":"192.168.5.10","remote_ip":"192.168.5.10","status":"Connected","error":"None","error_code":0,"clients":0,"latency":6000,"rtt":"5/1","bitrate":11159696,"device":"Linux 64bit","app":"Broadcaster","build":29361,"maxbitrate":60006080,"maxouts":-1,"mcast_out":0,"mcast_out_force":0,"encrypted":0,"user_data":"","dtls":0,"cert":"","stats_mask":151,"time_shift":0,"permanent":1,"up_time":"00:00:26","up_time_seconds":26,"change_time":"2018-Aug-01 18:37:10","change_time_seconds_ago":26,"type_code":23,"type":"Push","type_string":"Push","present_in_matrix":1,"preview_status":0,"preview_error":"","video_codec":"","audio_codec":"","stream_alerts":0,"analyze":0,"live_recording_status":{"defined":0,"active":0},"tr101":[],"path":"","size":0},{"id":"test42","oid":45,"remote_id":"localhost.localdomain","source":"192.168.5.10","remote_ip":"192.168.5.10","status":"Connected","error":"None","error_code":0,"clients":0,"latency":6000,"rtt":"5/1","bitrate":11218973,"device":"Linux 64bit","app":"Broadcaster","build":29361,"maxbitrate":60006080,"maxouts":-1,"mcast_out":0,"mcast_out_force":0,"encrypted":0,"user_data":"","dtls":0,"cert":"","stats_mask":151,"time_shift":0,"permanent":1,"up_time":"00:00:26","up_time_seconds":26,"change_time":"2018-Aug-01 18:37:10","change_time_seconds_ago":26,"type_code":23,"type":"Push","type_string":"Push","present_in_matrix":1,"preview_status":0,"preview_error":"","video_codec":"","audio_codec":"","stream_alerts":0,"analyze":0,"live_recording_status":{"defined":0,"active":0},"tr101":[],"path":"","size":0},{"id":"test45","oid":46,"remote_id":"localhost.localdomain","source":"192.168.5.10","remote_ip":"192.168.5.10","status":"Connected","error":"None","error_code":0,"clients":0,"latency":6000,"rtt":"5/1","bitrate":11324699,"device":"Linux 64bit","app":"Broadcaster","build":29361,"maxbitrate":60006080,"maxouts":-1,"mcast_out":0,"mcast_out_force":0,"encrypted":0,"user_data":"","dtls":0,"cert":"","stats_mask":151,"time_shift":0,"permanent":1,"up_time":"00:00:26","up_time_seconds":26,"change_time":"2018-Aug-01 18:37:10","change_time_seconds_ago":26,"type_code":23,"type":"Push","type_string":"Push","present_in_matrix":1,"preview_status":0,"preview_error":"","video_codec":"","audio_codec":"","stream_alerts":0,"analyze":0,"live_recording_status":{"defined":0,"active":0},"tr101":[],"path":"","size":0},{"id":"test46","oid":47,"remote_id":"localhost.localdomain","source":"192.168.5.10","remote_ip":"192.168.5.10","status":"Connected","error":"None","error_code":0,"clients":0,"latency":6000,"rtt":"5/1","bitrate":11217366,"device":"Linux 64bit","app":"Broadcaster","build":29361,"maxbitrate":60006080,"maxouts":-1,"mcast_out":0,"mcast_out_force":0,"encrypted":0,"user_data":"","dtls":0,"cert":"","stats_mask":151,"time_shift":0,"permanent":1,"up_time":"00:00:26","up_time_seconds":26,"change_time":"2018-Aug-01 18:37:10","change_time_seconds_ago":26,"type_code":23,"type":"Push","type_string":"Push","present_in_matrix":1,"preview_status":0,"preview_error":"","video_codec":"","audio_codec":"","stream_alerts":0,"analyze":0,"live_recording_status":{"defined":0,"active":0},"tr101":[],"path":"","size":0},{"id":"test49","oid":48,"remote_id":"localhost.localdomain","source":"192.168.5.10","remote_ip":"192.168.5.10","status":"Connected","error":"None","error_code":0,"clients":0,"latency":6000,"rtt":"5/1","bitrate":11550561,"device":"Linux 64bit","app":"Broadcaster","build":29361,"maxbitrate":60006080,"maxouts":-1,"mcast_out":0,"mcast_out_force":0,"encrypted":0,"user_data":"","dtls":0,"cert":"","stats_mask":151,"time_shift":0,"permanent":1,"up_time":"00:00:26","up_time_seconds":26,"change_time":"2018-Aug-01 18:37:10","change_time_seconds_ago":26,"type_code":23,"type":"Push","type_string":"Push","present_in_matrix":1,"preview_status":0,"preview_error":"","video_codec":"","audio_codec":"","stream_alerts":0,"analyze":0,"live_recording_status":{"defined":0,"active":0},"tr101":[],"path":"","size":0},{"id":"test41","oid":49,"remote_id":"localhost.localdomain","source":"192.168.5.10","remote_ip":"192.168.5.10","status":"Connected","error":"None","error_code":0,"clients":0,"latency":6000,"rtt":"5/1","bitrate":11082941,"device":"Linux 64bit","app":"Broadcaster","build":29361,"maxbitrate":60006080,"maxouts":-1,"mcast_out":0,"mcast_out_force":0,"encrypted":0,"user_data":"","dtls":0,"cert":"","stats_mask":151,"time_shift":0,"permanent":1,"up_time":"00:00:26","up_time_seconds":26,"change_time":"2018-Aug-01 18:37:10","change_time_seconds_ago":26,"type_code":23,"type":"Push","type_string":"Push","present_in_matrix":1,"preview_status":0,"preview_error":"","video_codec":"","audio_codec":"","stream_alerts":0,"analyze":0,"live_recording_status":{"defined":0,"active":0},"tr101":[],"path":"","size":0},{"id":"test48","oid":50,"remote_id":"localhost.localdomain","source":"192.168.5.10","remote_ip":"192.168.5.10","status":"Connected","error":"None","error_code":0,"clients":0,"latency":6000,"rtt":"5/1","bitrate":11351904,"device":"Linux 64bit","app":"Broadcaster","build":29361,"maxbitrate":60006080,"maxouts":-1,"mcast_out":0,"mcast_out_force":0,"encrypted":0,"user_data":"","dtls":0,"cert":"","stats_mask":151,"time_shift":0,"permanent":1,"up_time":"00:00:26","up_time_seconds":26,"change_time":"2018-Aug-01 18:37:10","change_time_seconds_ago":26,"type_code":23,"type":"Push","type_string":"Push","present_in_matrix":1,"preview_status":0,"preview_error":"","video_codec":"","audio_codec":"","stream_alerts":0,"analyze":0,"live_recording_status":{"defined":0,"active":0},"tr101":[],"path":"","size":0},{"id":"test50","oid":51,"remote_id":"localhost.localdomain","source":"192.168.5.10","remote_ip":"192.168.5.10","status":"Connected","error":"None","error_code":0,"clients":0,"latency":6000,"rtt":"5/1","bitrate":11521590,"device":"Linux 64bit","app":"Broadcaster","build":29361,"maxbitrate":60006080,"maxouts":-1,"mcast_out":0,"mcast_out_force":0,"encrypted":0,"user_data":"","dtls":0,"cert":"","stats_mask":151,"time_shift":0,"permanent":1,"up_time":"00:00:26","up_time_seconds":26,"change_time":"2018-Aug-01 18:37:10","change_time_seconds_ago":26,"type_code":23,"type":"Push","type_string":"Push","present_in_matrix":1,"preview_status":0,"preview_error":"","video_codec":"","audio_codec":"","stream_alerts":0,"analyze":0,"live_recording_status":{"defined":0,"active":0},"tr101":[],"path":"","size":0},{"id":"test51","oid":52,"remote_id":"localhost.localdomain","source":"192.168.5.10","remote_ip":"192.168.5.10","status":"Connected","error":"None","error_code":0,"clients":0,"latency":6000,"rtt":"5/1","bitrate":11364675,"device":"Linux 64bit","app":"Broadcaster","build":29361,"maxbitrate":60006080,"maxouts":-1,"mcast_out":0,"mcast_out_force":0,"encrypted":0,"user_data":"","dtls":0,"cert":"","stats_mask":151,"time_shift":0,"permanent":1,"up_time":"00:00:26","up_time_seconds":26,"change_time":"2018-Aug-01 18:37:10","change_time_seconds_ago":26,"type_code":23,"type":"Push","type_string":"Push","present_in_matrix":1,"preview_status":0,"preview_error":"","video_codec":"","audio_codec":"","stream_alerts":0,"analyze":0,"live_recording_status":{"defined":0,"active":0},"tr101":[],"path":"","size":0},{"id":"test52","oid":53,"remote_id":"localhost.localdomain","source":"192.168.5.10","remote_ip":"192.168.5.10","status":"Connected","error":"None","error_code":0,"clients":0,"latency":6000,"rtt":"5/1","bitrate":11194157,"device":"Linux 64bit","app":"Broadcaster","build":29361,"maxbitrate":60006080,"maxouts":-1,"mcast_out":0,"mcast_out_force":0,"encrypted":0,"user_data":"","dtls":0,"cert":"","stats_mask":151,"time_shift":0,"permanent":1,"up_time":"00:00:26","up_time_seconds":26,"change_time":"2018-Aug-01 18:37:10","change_time_seconds_ago":26,"type_code":23,"type":"Push","type_string":"Push","present_in_matrix":1,"preview_status":0,"preview_error":"","video_codec":"","audio_codec":"","stream_alerts":0,"analyze":0,"live_recording_status":{"defined":0,"active":0},"tr101":[],"path":"","size":0},{"id":"test53","oid":54,"remote_id":"localhost.localdomain","source":"192.168.5.10","remote_ip":"192.168.5.10","status":"Connected","error":"None","error_code":0,"clients":0,"latency":6000,"rtt":"5/1","bitrate":11408807,"device":"Linux 64bit","app":"Broadcaster","build":29361,"maxbitrate":60006080,"maxouts":-1,"mcast_out":0,"mcast_out_force":0,"encrypted":0,"user_data":"","dtls":0,"cert":"","stats_mask":151,"time_shift":0,"permanent":1,"up_time":"00:00:26","up_time_seconds":26,"change_time":"2018-Aug-01 18:37:10","change_time_seconds_ago":26,"type_code":23,"type":"Push","type_string":"Push","present_in_matrix":1,"preview_status":0,"preview_error":"","video_codec":"","audio_codec":"","stream_alerts":0,"analyze":0,"live_recording_status":{"defined":0,"active":0},"tr101":[],"path":"","size":0},{"id":"test54","oid":55,"remote_id":"localhost.localdomain","source":"192.168.5.10","remote_ip":"192.168.5.10","status":"Connected","error":"None","error_code":0,"clients":0,"latency":6000,"rtt":"5/1","bitrate":11570813,"device":"Linux 64bit","app":"Broadcaster","build":29361,"maxbitrate":60006080,"maxouts":-1,"mcast_out":0,"mcast_out_force":0,"encrypted":0,"user_data":"","dtls":0,"cert":"","stats_mask":151,"time_shift":0,"permanent":1,"up_time":"00:00:26","up_time_seconds":26,"change_time":"2018-Aug-01 18:37:10","change_time_seconds_ago":26,"type_code":23,"type":"Push","type_string":"Push","present_in_matrix":1,"preview_status":0,"preview_error":"","video_codec":"","audio_codec":"","stream_alerts":0,"analyze":0,"live_recording_status":{"defined":0,"active":0},"tr101":[],"path":"","size":0},{"id":"test55","oid":56,"remote_id":"localhost.localdomain","source":"192.168.5.10","remote_ip":"192.168.5.10","status":"Connected","error":"None","error_code":0,"clients":0,"latency":6000,"rtt":"5/1","bitrate":11628411,"device":"Linux 64bit","app":"Broadcaster","build":29361,"maxbitrate":60006080,"maxouts":-1,"mcast_out":0,"mcast_out_force":0,"encrypted":0,"user_data":"","dtls":0,"cert":"","stats_mask":151,"time_shift":0,"permanent":1,"up_time":"00:00:26","up_time_seconds":26,"change_time":"2018-Aug-01 18:37:10","change_time_seconds_ago":26,"type_code":23,"type":"Push","type_string":"Push","present_in_matrix":1,"preview_status":0,"preview_error":"","video_codec":"","audio_codec":"","stream_alerts":0,"analyze":0,"live_recording_status":{"defined":0,"active":0},"tr101":[],"path":"","size":0},{"id":"test56","oid":57,"remote_id":"localhost.localdomain","source":"192.168.5.10","remote_ip":"192.168.5.10","status":"Connected","error":"None","error_code":0,"clients":0,"latency":6000,"rtt":"5/1","bitrate":11498760,"device":"Linux 64bit","app":"Broadcaster","build":29361,"maxbitrate":60006080,"maxouts":-1,"mcast_out":0,"mcast_out_force":0,"encrypted":0,"user_data":"","dtls":0,"cert":"","stats_mask":151,"time_shift":0,"permanent":1,"up_time":"00:00:26","up_time_seconds":26,"change_time":"2018-Aug-01 18:37:10","change_time_seconds_ago":26,"type_code":23,"type":"Push","type_string":"Push","present_in_matrix":1,"preview_status":0,"preview_error":"","video_codec":"","audio_codec":"","stream_alerts":0,"analyze":0,"live_recording_status":{"defined":0,"active":0},"tr101":[],"path":"","size":0},{"id":"test62","oid":58,"remote_id":"localhost.localdomain","source":"192.168.5.10","remote_ip":"192.168.5.10","status":"Connected","error":"None","error_code":0,"clients":0,"latency":6000,"rtt":"5/1","bitrate":11678801,"device":"Linux 64bit","app":"Broadcaster","build":29361,"maxbitrate":60006080,"maxouts":-1,"mcast_out":0,"mcast_out_force":0,"encrypted":0,"user_data":"","dtls":0,"cert":"","stats_mask":151,"time_shift":0,"permanent":1,"up_time":"00:00:26","up_time_seconds":26,"change_time":"2018-Aug-01 18:37:11","change_time_seconds_ago":25,"type_code":23,"type":"Push","type_string":"Push","present_in_matrix":1,"preview_status":0,"preview_error":"","video_codec":"","audio_codec":"","stream_alerts":0,"analyze":0,"live_recording_status":{"defined":0,"active":0},"tr101":[],"path":"","size":0},{"id":"test58","oid":59,"remote_id":"localhost.localdomain","source":"192.168.5.10","remote_ip":"192.168.5.10","status":"Connected","error":"None","error_code":0,"clients":0,"latency":6000,"rtt":"5/1","bitrate":11638672,"device":"Linux 64bit","app":"Broadcaster","build":29361,"maxbitrate":60006080,"maxouts":-1,"mcast_out":0,"mcast_out_force":0,"encrypted":0,"user_data":"","dtls":0,"cert":"","stats_mask":151,"time_shift":0,"permanent":1,"up_time":"00:00:26","up_time_seconds":26,"change_time":"2018-Aug-01 18:37:10","change_time_seconds_ago":26,"type_code":23,"type":"Push","type_string":"Push","present_in_matrix":1,"preview_status":0,"preview_error":"","video_codec":"","audio_codec":"","stream_alerts":0,"analyze":0,"live_recording_status":{"defined":0,"active":0},"tr101":[],"path":"","size":0},{"id":"test60","oid":60,"remote_id":"localhost.localdomain","source":"192.168.5.10","remote_ip":"192.168.5.10","status":"Connected","error":"None","error_code":0,"clients":0,"latency":6000,"rtt":"5/1","bitrate":11898552,"device":"Linux 64bit","app":"Broadcaster","build":29361,"maxbitrate":60006080,"maxouts":-1,"mcast_out":0,"mcast_out_force":0,"encrypted":0,"user_data":"","dtls":0,"cert":"","stats_mask":151,"time_shift":0,"permanent":1,"up_time":"00:00:26","up_time_seconds":26,"change_time":"2018-Aug-01 18:37:11","change_time_seconds_ago":25,"type_code":23,"type":"Push","type_string":"Push","present_in_matrix":1,"preview_status":0,"preview_error":"","video_codec":"","audio_codec":"","stream_alerts":0,"analyze":0,"live_recording_status":{"defined":0,"active":0},"tr101":[],"path":"","size":0},{"id":"test57","oid":61,"remote_id":"localhost.localdomain","source":"192.168.5.10","remote_ip":"192.168.5.10","status":"Connected","error":"None","error_code":0,"clients":0,"latency":6000,"rtt":"5/1","bitrate":11417584,"device":"Linux 64bit","app":"Broadcaster","build":29361,"maxbitrate":60006080,"maxouts":-1,"mcast_out":0,"mcast_out_force":0,"encrypted":0,"user_data":"","dtls":0,"cert":"","stats_mask":151,"time_shift":0,"permanent":1,"up_time":"00:00:26","up_time_seconds":26,"change_time":"2018-Aug-01 18:37:10","change_time_seconds_ago":26,"type_code":23,"type":"Push","type_string":"Push","present_in_matrix":1,"preview_status":0,"preview_error":"","video_codec":"","audio_codec":"","stream_alerts":0,"analyze":0,"live_recording_status":{"defined":0,"active":0},"tr101":[],"path":"","size":0},{"id":"test59","oid":62,"remote_id":"localhost.localdomain","source":"192.168.5.10","remote_ip":"192.168.5.10","status":"Connected","error":"None","error_code":0,"clients":0,"latency":6000,"rtt":"5/1","bitrate":11803040,"device":"Linux 64bit","app":"Broadcaster","build":29361,"maxbitrate":60006080,"maxouts":-1,"mcast_out":0,"mcast_out_force":0,"encrypted":0,"user_data":"","dtls":0,"cert":"","stats_mask":151,"time_shift":0,"permanent":1,"up_time":"00:00:26","up_time_seconds":26,"change_time":"2018-Aug-01 18:37:11","change_time_seconds_ago":25,"type_code":23,"type":"Push","type_string":"Push","present_in_matrix":1,"preview_status":0,"preview_error":"","video_codec":"","audio_codec":"","stream_alerts":0,"analyze":0,"live_recording_status":{"defined":0,"active":0},"tr101":[],"path":"","size":0},{"id":"test61","oid":63,"remote_id":"localhost.localdomain","source":"192.168.5.10","remote_ip":"192.168.5.10","status":"Connected","error":"None","error_code":0,"clients":0,"latency":6000,"rtt":"5/1","bitrate":11800151,"device":"Linux 64bit","app":"Broadcaster","build":29361,"maxbitrate":60006080,"maxouts":-1,"mcast_out":0,"mcast_out_force":0,"encrypted":0,"user_data":"","dtls":0,"cert":"","stats_mask":151,"time_shift":0,"permanent":1,"up_time":"00:00:26","up_time_seconds":26,"change_time":"2018-Aug-01 18:37:11","change_time_seconds_ago":25,"type_code":23,"type":"Push","type_string":"Push","present_in_matrix":1,"preview_status":0,"preview_error":"","video_codec":"","audio_codec":"","stream_alerts":0,"analyze":0,"live_recording_status":{"defined":0,"active":0},"tr101":[],"path":"","size":0},{"id":"test64","oid":64,"remote_id":"localhost.localdomain","source":"192.168.5.10","remote_ip":"192.168.5.10","status":"Connected","error":"None","error_code":0,"clients":0,"latency":6000,"rtt":"5/1","bitrate":12137710,"device":"Linux 64bit","app":"Broadcaster","build":29361,"maxbitrate":60006080,"maxouts":-1,"mcast_out":0,"mcast_out_force":0,"encrypted":0,"user_data":"","dtls":0,"cert":"","stats_mask":151,"time_shift":0,"permanent":1,"up_time":"00:00:26","up_time_seconds":26,"change_time":"2018-Aug-01 18:37:11","change_time_seconds_ago":25,"type_code":23,"type":"Push","type_string":"Push","present_in_matrix":1,"preview_status":0,"preview_error":"","video_codec":"","audio_codec":"","stream_alerts":0,"analyze":0,"live_recording_status":{"defined":0,"active":0},"tr101":[],"path":"","size":0},{"id":"test66","oid":65,"remote_id":"localhost.localdomain","source":"192.168.5.10","remote_ip":"192.168.5.10","status":"Connected","error":"None","error_code":0,"clients":0,"latency":6000,"rtt":"5/1","bitrate":11930477,"device":"Linux 64bit","app":"Broadcaster","build":29361,"maxbitrate":60006080,"maxouts":-1,"mcast_out":0,"mcast_out_force":0,"encrypted":0,"user_data":"","dtls":0,"cert":"","stats_mask":151,"time_shift":0,"permanent":1,"up_time":"00:00:26","up_time_seconds":26,"change_time":"2018-Aug-01 18:37:11","change_time_seconds_ago":25,"type_code":23,"type":"Push","type_string":"Push","present_in_matrix":1,"preview_status":0,"preview_error":"","video_codec":"","audio_codec":"","stream_alerts":0,"analyze":0,"live_recording_status":{"defined":0,"active":0},"tr101":[],"path":"","size":0},{"id":"test63","oid":66,"remote_id":"localhost.localdomain","source":"192.168.5.10","remote_ip":"192.168.5.10","status":"Connected","error":"None","error_code":0,"clients":0,"latency":6000,"rtt":"5/1","bitrate":11862017,"device":"Linux 64bit","app":"Broadcaster","build":29361,"maxbitrate":60006080,"maxouts":-1,"mcast_out":0,"mcast_out_force":0,"encrypted":0,"user_data":"","dtls":0,"cert":"","stats_mask":151,"time_shift":0,"permanent":1,"up_time":"00:00:26","up_time_seconds":26,"change_time":"2018-Aug-01 18:37:11","change_time_seconds_ago":25,"type_code":23,"type":"Push","type_string":"Push","present_in_matrix":1,"preview_status":0,"preview_error":"","video_codec":"","audio_codec":"","stream_alerts":0,"analyze":0,"live_recording_status":{"defined":0,"active":0},"tr101":[],"path":"","size":0},{"id":"test68","oid":67,"remote_id":"localhost.localdomain","source":"192.168.5.10","remote_ip":"192.168.5.10","status":"Connected","error":"None","error_code":0,"clients":0,"latency":6000,"rtt":"5/1","bitrate":12098213,"device":"Linux 64bit","app":"Broadcaster","build":29361,"maxbitrate":60006080,"maxouts":-1,"mcast_out":0,"mcast_out_force":0,"encrypted":0,"user_data":"","dtls":0,"cert":"","stats_mask":151,"time_shift":0,"permanent":1,"up_time":"00:00:26","up_time_seconds":26,"change_time":"2018-Aug-01 18:37:11","change_time_seconds_ago":25,"type_code":23,"type":"Push","type_string":"Push","present_in_matrix":1,"preview_status":0,"preview_error":"","video_codec":"","audio_codec":"","stream_alerts":0,"analyze":0,"live_recording_status":{"defined":0,"active":0},"tr101":[],"path":"","size":0},{"id":"test69","oid":68,"remote_id":"localhost.localdomain","source":"192.168.5.10","remote_ip":"192.168.5.10","status":"Connected","error":"None","error_code":0,"clients":0,"latency":6000,"rtt":"5/1","bitrate":12215648,"device":"Linux 64bit","app":"Broadcaster","build":29361,"maxbitrate":60006080,"maxouts":-1,"mcast_out":0,"mcast_out_force":0,"encrypted":0,"user_data":"","dtls":0,"cert":"","stats_mask":151,"time_shift":0,"permanent":1,"up_time":"00:00:26","up_time_seconds":26,"change_time":"2018-Aug-01 18:37:11","change_time_seconds_ago":25,"type_code":23,"type":"Push","type_string":"Push","present_in_matrix":1,"preview_status":0,"preview_error":"","video_codec":"","audio_codec":"","stream_alerts":0,"analyze":0,"live_recording_status":{"defined":0,"active":0},"tr101":[],"path":"","size":0},{"id":"test65","oid":69,"remote_id":"localhost.localdomain","source":"192.168.5.10","remote_ip":"192.168.5.10","status":"Connected","error":"None","error_code":0,"clients":0,"latency":6000,"rtt":"5/1","bitrate":12027304,"device":"Linux 64bit","app":"Broadcaster","build":29361,"maxbitrate":60006080,"maxouts":-1,"mcast_out":0,"mcast_out_force":0,"encrypted":0,"user_data":"","dtls":0,"cert":"","stats_mask":151,"time_shift":0,"permanent":1,"up_time":"00:00:26","up_time_seconds":26,"change_time":"2018-Aug-01 18:37:11","change_time_seconds_ago":25,"type_code":23,"type":"Push","type_string":"Push","present_in_matrix":1,"preview_status":0,"preview_error":"","video_codec":"","audio_codec":"","stream_alerts":0,"analyze":0,"live_recording_status":{"defined":0,"active":0},"tr101":[],"path":"","size":0},{"id":"test70","oid":70,"remote_id":"localhost.localdomain","source":"192.168.5.10","remote_ip":"192.168.5.10","status":"Connected","error":"None","error_code":0,"clients":0,"latency":6000,"rtt":"5/1","bitrate":11494400,"device":"Linux 64bit","app":"Broadcaster","build":29361,"maxbitrate":60006080,"maxouts":-1,"mcast_out":0,"mcast_out_force":0,"encrypted":0,"user_data":"","dtls":0,"cert":"","stats_mask":151,"time_shift":0,"permanent":1,"up_time":"00:00:25","up_time_seconds":25,"change_time":"2018-Aug-01 18:37:11","change_time_seconds_ago":25,"type_code":23,"type":"Push","type_string":"Push","present_in_matrix":1,"preview_status":0,"preview_error":"","video_codec":"","audio_codec":"","stream_alerts":0,"analyze":0,"live_recording_status":{"defined":0,"active":0},"tr101":[],"path":"","size":0},{"id":"test71","oid":71,"remote_id":"localhost.localdomain","source":"192.168.5.10","remote_ip":"192.168.5.10","status":"Connected","error":"None","error_code":0,"clients":0,"latency":6000,"rtt":"5/1","bitrate":11977342,"device":"Linux 64bit","app":"Broadcaster","build":29361,"maxbitrate":60006080,"maxouts":-1,"mcast_out":0,"mcast_out_force":0,"encrypted":0,"user_data":"","dtls":0,"cert":"","stats_mask":151,"time_shift":0,"permanent":1,"up_time":"00:00:26","up_time_seconds":26,"change_time":"2018-Aug-01 18:37:11","change_time_seconds_ago":25,"type_code":23,"type":"Push","type_string":"Push","present_in_matrix":1,"preview_status":0,"preview_error":"","video_codec":"","audio_codec":"","stream_alerts":0,"analyze":0,"live_recording_status":{"defined":0,"active":0},"tr101":[],"path":"","size":0},{"id":"test67","oid":72,"remote_id":"localhost.localdomain","source":"192.168.5.10","remote_ip":"192.168.5.10","status":"Connected","error":"None","error_code":0,"clients":0,"latency":6000,"rtt":"5/1","bitrate":11893194,"device":"Linux 64bit","app":"Broadcaster","build":29361,"maxbitrate":60006080,"maxouts":-1,"mcast_out":0,"mcast_out_force":0,"encrypted":0,"user_data":"","dtls":0,"cert":"","stats_mask":151,"time_shift":0,"permanent":1,"up_time":"00:00:26","up_time_seconds":26,"change_time":"2018-Aug-01 18:37:11","change_time_seconds_ago":25,"type_code":23,"type":"Push","type_string":"Push","present_in_matrix":1,"preview_status":0,"preview_error":"","video_codec":"","audio_codec":"","stream_alerts":0,"analyze":0,"live_recording_status":{"defined":0,"active":0},"tr101":[],"path":"","size":0},{"id":"test72","oid":73,"remote_id":"localhost.localdomain","source":"192.168.5.10","remote_ip":"192.168.5.10","status":"Connected","error":"None","error_code":0,"clients":0,"latency":6000,"rtt":"5/1","bitrate":12039312,"device":"Linux 64bit","app":"Broadcaster","build":29361,"maxbitrate":60006080,"maxouts":-1,"mcast_out":0,"mcast_out_force":0,"encrypted":0,"user_data":"","dtls":0,"cert":"","stats_mask":151,"time_shift":0,"permanent":1,"up_time":"00:00:26","up_time_seconds":26,"change_time":"2018-Aug-01 18:37:11","change_time_seconds_ago":25,"type_code":23,"type":"Push","type_string":"Push","present_in_matrix":1,"preview_status":0,"preview_error":"","video_codec":"","audio_codec":"","stream_alerts":0,"analyze":0,"live_recording_status":{"defined":0,"active":0},"tr101":[],"path":"","size":0},{"id":"test73","oid":74,"remote_id":"localhost.localdomain","source":"192.168.5.10","remote_ip":"192.168.5.10","status":"Connected","error":"None","error_code":0,"clients":0,"latency":6000,"rtt":"5/1","bitrate":12194213,"device":"Linux 64bit","app":"Broadcaster","build":29361,"maxbitrate":60006080,"maxouts":-1,"mcast_out":0,"mcast_out_force":0,"encrypted":0,"user_data":"","dtls":0,"cert":"","stats_mask":151,"time_shift":0,"permanent":1,"up_time":"00:00:26","up_time_seconds":26,"change_time":"2018-Aug-01 18:37:11","change_time_seconds_ago":25,"type_code":23,"type":"Push","type_string":"Push","present_in_matrix":1,"preview_status":0,"preview_error":"","video_codec":"","audio_codec":"","stream_alerts":0,"analyze":0,"live_recording_status":{"defined":0,"active":0},"tr101":[],"path":"","size":0},{"id":"test74","oid":75,"remote_id":"localhost.localdomain","source":"192.168.5.10","remote_ip":"192.168.5.10","status":"Connected","error":"None","error_code":0,"clients":0,"latency":6000,"rtt":"5/1","bitrate":11303672,"device":"Linux 64bit","app":"Broadcaster","build":29361,"maxbitrate":60006080,"maxouts":-1,"mcast_out":0,"mcast_out_force":0,"encrypted":0,"user_data":"","dtls":0,"cert":"","stats_mask":151,"time_shift":0,"permanent":1,"up_time":"00:00:25","up_time_seconds":25,"change_time":"2018-Aug-01 18:37:11","change_time_seconds_ago":25,"type_code":23,"type":"Push","type_string":"Push","present_in_matrix":1,"preview_status":0,"preview_error":"","video_codec":"","audio_codec":"","stream_alerts":0,"analyze":0,"live_recording_status":{"defined":0,"active":0},"tr101":[],"path":"","size":0},{"id":"test75","oid":76,"remote_id":"localhost.localdomain","source":"192.168.5.10","remote_ip":"192.168.5.10","status":"Connected","error":"None","error_code":0,"clients":0,"latency":6000,"rtt":"5/1","bitrate":11316784,"device":"Linux 64bit","app":"Broadcaster","build":29361,"maxbitrate":60006080,"maxouts":-1,"mcast_out":0,"mcast_out_force":0,"encrypted":0,"user_data":"","dtls":0,"cert":"","stats_mask":151,"time_shift":0,"permanent":1,"up_time":"00:00:25","up_time_seconds":25,"change_time":"2018-Aug-01 18:37:11","change_time_seconds_ago":25,"type_code":23,"type":"Push","type_string":"Push","present_in_matrix":1,"preview_status":0,"preview_error":"","video_codec":"","audio_codec":"","stream_alerts":0,"analyze":0,"live_recording_status":{"defined":0,"active":0},"tr101":[],"path":"","size":0},{"id":"test76","oid":77,"remote_id":"localhost.localdomain","source":"192.168.5.10","remote_ip":"192.168.5.10","status":"Connected","error":"None","error_code":0,"clients":0,"latency":6000,"rtt":"5/1","bitrate":11336784,"device":"Linux 64bit","app":"Broadcaster","build":29361,"maxbitrate":60006080,"maxouts":-1,"mcast_out":0,"mcast_out_force":0,"encrypted":0,"user_data":"","dtls":0,"cert":"","stats_mask":151,"time_shift":0,"permanent":1,"up_time":"00:00:25","up_time_seconds":25,"change_time":"2018-Aug-01 18:37:11","change_time_seconds_ago":25,"type_code":23,"type":"Push","type_string":"Push","present_in_matrix":1,"preview_status":0,"preview_error":"","video_codec":"","audio_codec":"","stream_alerts":0,"analyze":0,"live_recording_status":{"defined":0,"active":0},"tr101":[],"path":"","size":0},{"id":"test77","oid":78,"remote_id":"localhost.localdomain","source":"192.168.5.10","remote_ip":"192.168.5.10","status":"Connected","error":"None","error_code":0,"clients":0,"latency":6000,"rtt":"5/1","bitrate":11375296,"device":"Linux 64bit","app":"Broadcaster","build":29361,"maxbitrate":60006080,"maxouts":-1,"mcast_out":0,"mcast_out_force":0,"encrypted":0,"user_data":"","dtls":0,"cert":"","stats_mask":151,"time_shift":0,"permanent":1,"up_time":"00:00:25","up_time_seconds":25,"change_time":"2018-Aug-01 18:37:11","change_time_seconds_ago":25,"type_code":23,"type":"Push","type_string":"Push","present_in_matrix":1,"preview_status":0,"preview_error":"","video_codec":"","audio_codec":"","stream_alerts":0,"analyze":0,"live_recording_status":{"defined":0,"active":0},"tr101":[],"path":"","size":0},{"id":"test78","oid":79,"remote_id":"localhost.localdomain","source":"192.168.5.10","remote_ip":"192.168.5.10","status":"Connected","error":"None","error_code":0,"clients":0,"latency":6000,"rtt":"5/1","bitrate":11324728,"device":"Linux 64bit","app":"Broadcaster","build":29361,"maxbitrate":60006080,"maxouts":-1,"mcast_out":0,"mcast_out_force":0,"encrypted":0,"user_data":"","dtls":0,"cert":"","stats_mask":151,"time_shift":0,"permanent":1,"up_time":"00:00:25","up_time_seconds":25,"change_time":"2018-Aug-01 18:37:11","change_time_seconds_ago":25,"type_code":23,"type":"Push","type_string":"Push","present_in_matrix":1,"preview_status":0,"preview_error":"","video_codec":"","audio_codec":"","stream_alerts":0,"analyze":0,"live_recording_status":{"defined":0,"active":0},"tr101":[],"path":"","size":0},{"id":"test79","oid":80,"remote_id":"localhost.localdomain","source":"192.168.5.10","remote_ip":"192.168.5.10","status":"Connected","error":"None","error_code":0,"clients":0,"latency":6000,"rtt":"5/1","bitrate":11194280,"device":"Linux 64bit","app":"Broadcaster","build":29361,"maxbitrate":60006080,"maxouts":-1,"mcast_out":0,"mcast_out_force":0,"encrypted":0,"user_data":"","dtls":0,"cert":"","stats_mask":151,"time_shift":0,"permanent":1,"up_time":"00:00:25","up_time_seconds":25,"change_time":"2018-Aug-01 18:37:11","change_time_seconds_ago":25,"type_code":23,"type":"Push","type_string":"Push","present_in_matrix":1,"preview_status":0,"preview_error":"","video_codec":"","audio_codec":"","stream_alerts":0,"analyze":0,"live_recording_status":{"defined":0,"active":0},"tr101":[],"path":"","size":0},{"id":"test80","oid":81,"remote_id":"localhost.localdomain","source":"192.168.5.10","remote_ip":"192.168.5.10","status":"Connected","error":"None","error_code":0,"clients":0,"latency":6000,"rtt":"5/1","bitrate":11331004,"device":"Linux 64bit","app":"Broadcaster","build":29361,"maxbitrate":60006080,"maxouts":-1,"mcast_out":0,"mcast_out_force":0,"encrypted":0,"user_data":"","dtls":0,"cert":"","stats_mask":151,"time_shift":0,"permanent":1,"up_time":"00:00:25","up_time_seconds":25,"change_time":"2018-Aug-01 18:37:11","change_time_seconds_ago":25,"type_code":23,"type":"Push","type_string":"Push","present_in_matrix":1,"preview_status":0,"preview_error":"","video_codec":"","audio_codec":"","stream_alerts":0,"analyze":0,"live_recording_status":{"defined":0,"active":0},"tr101":[],"path":"","size":0},{"id":"test82","oid":82,"remote_id":"localhost.localdomain","source":"192.168.5.10","remote_ip":"192.168.5.10","status":"Connected","error":"None","error_code":0,"clients":0,"latency":6000,"rtt":"5/1","bitrate":11172795,"device":"Linux 64bit","app":"Broadcaster","build":29361,"maxbitrate":60006080,"maxouts":-1,"mcast_out":0,"mcast_out_force":0,"encrypted":0,"user_data":"","dtls":0,"cert":"","stats_mask":151,"time_shift":0,"permanent":1,"up_time":"00:00:25","up_time_seconds":25,"change_time":"2018-Aug-01 18:37:11","change_time_seconds_ago":25,"type_code":23,"type":"Push","type_string":"Push","present_in_matrix":1,"preview_status":0,"preview_error":"","video_codec":"","audio_codec":"","stream_alerts":0,"analyze":0,"live_recording_status":{"defined":0,"active":0},"tr101":[],"path":"","size":0},{"id":"test81","oid":83,"remote_id":"localhost.localdomain","source":"192.168.5.10","remote_ip":"192.168.5.10","status":"Connected","error":"None","error_code":0,"clients":0,"latency":6000,"rtt":"5/1","bitrate":11200816,"device":"Linux 64bit","app":"Broadcaster","build":29361,"maxbitrate":60006080,"maxouts":-1,"mcast_out":0,"mcast_out_force":0,"encrypted":0,"user_data":"","dtls":0,"cert":"","stats_mask":151,"time_shift":0,"permanent":1,"up_time":"00:00:24","up_time_seconds":24,"change_time":"2018-Aug-01 18:37:12","change_time_seconds_ago":24,"type_code":23,"type":"Push","type_string":"Push","present_in_matrix":1,"preview_status":0,"preview_error":"","video_codec":"","audio_codec":"","stream_alerts":0,"analyze":0,"live_recording_status":{"defined":0,"active":0},"tr101":[],"path":"","size":0},{"id":"test83","oid":84,"remote_id":"localhost.localdomain","source":"192.168.5.10","remote_ip":"192.168.5.10","status":"Connected","error":"None","error_code":0,"clients":0,"latency":6000,"rtt":"5/1","bitrate":11351904,"device":"Linux 64bit","app":"Broadcaster","build":29361,"maxbitrate":60006080,"maxouts":-1,"mcast_out":0,"mcast_out_force":0,"encrypted":0,"user_data":"","dtls":0,"cert":"","stats_mask":151,"time_shift":0,"permanent":1,"up_time":"00:00:25","up_time_seconds":25,"change_time":"2018-Aug-01 18:37:11","change_time_seconds_ago":25,"type_code":23,"type":"Push","type_string":"Push","present_in_matrix":1,"preview_status":0,"preview_error":"","video_codec":"","audio_codec":"","stream_alerts":0,"analyze":0,"live_recording_status":{"defined":0,"active":0},"tr101":[],"path":"","size":0},{"id":"test84","oid":85,"remote_id":"localhost.localdomain","source":"192.168.5.10","remote_ip":"192.168.5.10","status":"Connected","error":"None","error_code":0,"clients":0,"latency":6000,"rtt":"5/1","bitrate":11561126,"device":"Linux 64bit","app":"Broadcaster","build":29361,"maxbitrate":60006080,"maxouts":-1,"mcast_out":0,"mcast_out_force":0,"encrypted":0,"user_data":"","dtls":0,"cert":"","stats_mask":151,"time_shift":0,"permanent":1,"up_time":"00:00:25","up_time_seconds":25,"change_time":"2018-Aug-01 18:37:11","change_time_seconds_ago":25,"type_code":23,"type":"Push","type_string":"Push","present_in_matrix":1,"preview_status":0,"preview_error":"","video_codec":"","audio_codec":"","stream_alerts":0,"analyze":0,"live_recording_status":{"defined":0,"active":0},"tr101":[],"path":"","size":0},{"id":"test85","oid":86,"remote_id":"localhost.localdomain","source":"192.168.5.10","remote_ip":"192.168.5.10","status":"Connected","error":"None","error_code":0,"clients":0,"latency":6000,"rtt":"5/1","bitrate":11459292,"device":"Linux 64bit","app":"Broadcaster","build":29361,"maxbitrate":60006080,"maxouts":-1,"mcast_out":0,"mcast_out_force":0,"encrypted":0,"user_data":"","dtls":0,"cert":"","stats_mask":151,"time_shift":0,"permanent":1,"up_time":"00:00:25","up_time_seconds":25,"change_time":"2018-Aug-01 18:37:11","change_time_seconds_ago":25,"type_code":23,"type":"Push","type_string":"Push","present_in_matrix":1,"preview_status":0,"preview_error":"","video_codec":"","audio_codec":"","stream_alerts":0,"analyze":0,"live_recording_status":{"defined":0,"active":0},"tr101":[],"path":"","size":0},{"id":"test87","oid":87,"remote_id":"localhost.localdomain","source":"192.168.5.10","remote_ip":"192.168.5.10","status":"Connected","error":"None","error_code":0,"clients":0,"latency":6000,"rtt":"5/1","bitrate":11243004,"device":"Linux 64bit","app":"Broadcaster","build":29361,"maxbitrate":60006080,"maxouts":-1,"mcast_out":0,"mcast_out_force":0,"encrypted":0,"user_data":"","dtls":0,"cert":"","stats_mask":151,"time_shift":0,"permanent":1,"up_time":"00:00:25","up_time_seconds":25,"change_time":"2018-Aug-01 18:37:11","change_time_seconds_ago":25,"type_code":23,"type":"Push","type_string":"Push","present_in_matrix":1,"preview_status":0,"preview_error":"","video_codec":"","audio_codec":"","stream_alerts":0,"analyze":0,"live_recording_status":{"defined":0,"active":0},"tr101":[],"path":"","size":0},{"id":"test88","oid":88,"remote_id":"localhost.localdomain","source":"192.168.5.10","remote_ip":"192.168.5.10","status":"Connected","error":"None","error_code":0,"clients":0,"latency":6000,"rtt":"5/1","bitrate":11413096,"device":"Linux 64bit","app":"Broadcaster","build":29361,"maxbitrate":60006080,"maxouts":-1,"mcast_out":0,"mcast_out_force":0,"encrypted":0,"user_data":"","dtls":0,"cert":"","stats_mask":151,"time_shift":0,"permanent":1,"up_time":"00:00:25","up_time_seconds":25,"change_time":"2018-Aug-01 18:37:11","change_time_seconds_ago":25,"type_code":23,"type":"Push","type_string":"Push","present_in_matrix":1,"preview_status":0,"preview_error":"","video_codec":"","audio_codec":"","stream_alerts":0,"analyze":0,"live_recording_status":{"defined":0,"active":0},"tr101":[],"path":"","size":0},{"id":"test86","oid":89,"remote_id":"localhost.localdomain","source":"192.168.5.10","remote_ip":"192.168.5.10","status":"Connected","error":"None","error_code":0,"clients":0,"latency":6000,"rtt":"5/1","bitrate":11327872,"device":"Linux 64bit","app":"Broadcaster","build":29361,"maxbitrate":60006080,"maxouts":-1,"mcast_out":0,"mcast_out_force":0,"encrypted":0,"user_data":"","dtls":0,"cert":"","stats_mask":151,"time_shift":0,"permanent":1,"up_time":"00:00:25","up_time_seconds":25,"change_time":"2018-Aug-01 18:37:11","change_time_seconds_ago":25,"type_code":23,"type":"Push","type_string":"Push","present_in_matrix":1,"preview_status":0,"preview_error":"","video_codec":"","audio_codec":"","stream_alerts":0,"analyze":0,"live_recording_status":{"defined":0,"active":0},"tr101":[],"path":"","size":0},{"id":"test90","oid":90,"remote_id":"localhost.localdomain","source":"192.168.5.10","remote_ip":"192.168.5.10","status":"Connected","error":"None","error_code":0,"clients":0,"latency":6000,"rtt":"5/1","bitrate":11518977,"device":"Linux 64bit","app":"Broadcaster","build":29361,"maxbitrate":60006080,"maxouts":-1,"mcast_out":0,"mcast_out_force":0,"encrypted":0,"user_data":"","dtls":0,"cert":"","stats_mask":151,"time_shift":0,"permanent":1,"up_time":"00:00:25","up_time_seconds":25,"change_time":"2018-Aug-01 18:37:11","change_time_seconds_ago":25,"type_code":23,"type":"Push","type_string":"Push","present_in_matrix":1,"preview_status":0,"preview_error":"","video_codec":"","audio_codec":"","stream_alerts":0,"analyze":0,"live_recording_status":{"defined":0,"active":0},"tr101":[],"path":"","size":0},{"id":"test89","oid":91,"remote_id":"localhost.localdomain","source":"192.168.5.10","remote_ip":"192.168.5.10","status":"Connected","error":"None","error_code":0,"clients":0,"latency":6000,"rtt":"5/1","bitrate":11618888,"device":"Linux 64bit","app":"Broadcaster","build":29361,"maxbitrate":60006080,"maxouts":-1,"mcast_out":0,"mcast_out_force":0,"encrypted":0,"user_data":"","dtls":0,"cert":"","stats_mask":151,"time_shift":0,"permanent":1,"up_time":"00:00:25","up_time_seconds":25,"change_time":"2018-Aug-01 18:37:11","change_time_seconds_ago":25,"type_code":23,"type":"Push","type_string":"Push","present_in_matrix":1,"preview_status":0,"preview_error":"","video_codec":"","audio_codec":"","stream_alerts":0,"analyze":0,"live_recording_status":{"defined":0,"active":0},"tr101":[],"path":"","size":0},{"id":"test92","oid":92,"remote_id":"localhost.localdomain","source":"192.168.5.10","remote_ip":"192.168.5.10","status":"Connected","error":"None","error_code":0,"clients":0,"latency":6000,"rtt":"5/1","bitrate":11498704,"device":"Linux 64bit","app":"Broadcaster","build":29361,"maxbitrate":60006080,"maxouts":-1,"mcast_out":0,"mcast_out_force":0,"encrypted":0,"user_data":"","dtls":0,"cert":"","stats_mask":151,"time_shift":0,"permanent":1,"up_time":"00:00:22","up_time_seconds":22,"change_time":"2018-Aug-01 18:37:14","change_time_seconds_ago":22,"type_code":23,"type":"Push","type_string":"Push","present_in_matrix":1,"preview_status":0,"preview_error":"","video_codec":"","audio_codec":"","stream_alerts":0,"analyze":0,"live_recording_status":{"defined":0,"active":0},"tr101":[],"path":"","size":0},{"id":"test91","oid":93,"remote_id":"localhost.localdomain","source":"192.168.5.10","remote_ip":"192.168.5.10","status":"Connected","error":"None","error_code":0,"clients":0,"latency":6000,"rtt":"5/1","bitrate":11893626,"device":"Linux 64bit","app":"Broadcaster","build":29361,"maxbitrate":60006080,"maxouts":-1,"mcast_out":0,"mcast_out_force":0,"encrypted":0,"user_data":"","dtls":0,"cert":"","stats_mask":151,"time_shift":0,"permanent":1,"up_time":"00:00:25","up_time_seconds":25,"change_time":"2018-Aug-01 18:37:12","change_time_seconds_ago":24,"type_code":23,"type":"Push","type_string":"Push","present_in_matrix":1,"preview_status":0,"preview_error":"","video_codec":"","audio_codec":"","stream_alerts":0,"analyze":0,"live_recording_status":{"defined":0,"active":0},"tr101":[],"path":"","size":0},{"id":"test94","oid":94,"remote_id":"localhost.localdomain","source":"192.168.5.10","remote_ip":"192.168.5.10","status":"Connected","error":"None","error_code":0,"clients":0,"latency":6000,"rtt":"5/1","bitrate":11718801,"device":"Linux 64bit","app":"Broadcaster","build":29361,"maxbitrate":60006080,"maxouts":-1,"mcast_out":0,"mcast_out_force":0,"encrypted":0,"user_data":"","dtls":0,"cert":"","stats_mask":151,"time_shift":0,"permanent":1,"up_time":"00:00:25","up_time_seconds":25,"change_time":"2018-Aug-01 18:37:12","change_time_seconds_ago":24,"type_code":23,"type":"Push","type_string":"Push","present_in_matrix":1,"preview_status":0,"preview_error":"","video_codec":"","audio_codec":"","stream_alerts":0,"analyze":0,"live_recording_status":{"defined":0,"active":0},"tr101":[],"path":"","size":0},{"id":"test93","oid":95,"remote_id":"localhost.localdomain","source":"192.168.5.10","remote_ip":"192.168.5.10","status":"Connected","error":"None","error_code":0,"clients":0,"latency":6000,"rtt":"5/1","bitrate":11476867,"device":"Linux 64bit","app":"Broadcaster","build":29361,"maxbitrate":60006080,"maxouts":-1,"mcast_out":0,"mcast_out_force":0,"encrypted":0,"user_data":"","dtls":0,"cert":"","stats_mask":151,"time_shift":0,"permanent":1,"up_time":"00:00:25","up_time_seconds":25,"change_time":"2018-Aug-01 18:37:11","change_time_seconds_ago":25,"type_code":23,"type":"Push","type_string":"Push","present_in_matrix":1,"preview_status":0,"preview_error":"","video_codec":"","audio_codec":"","stream_alerts":0,"analyze":0,"live_recording_status":{"defined":0,"active":0},"tr101":[],"path":"","size":0},{"id":"test96","oid":96,"remote_id":"localhost.localdomain","source":"192.168.5.10","remote_ip":"192.168.5.10","status":"Connected","error":"None","error_code":0,"clients":0,"latency":6000,"rtt":"5/1","bitrate":11739720,"device":"Linux 64bit","app":"Broadcaster","build":29361,"maxbitrate":60006080,"maxouts":-1,"mcast_out":0,"mcast_out_force":0,"encrypted":0,"user_data":"","dtls":0,"cert":"","stats_mask":151,"time_shift":0,"permanent":1,"up_time":"00:00:25","up_time_seconds":25,"change_time":"2018-Aug-01 18:37:12","change_time_seconds_ago":24,"type_code":23,"type":"Push","type_string":"Push","present_in_matrix":1,"preview_status":0,"preview_error":"","video_codec":"","audio_codec":"","stream_alerts":0,"analyze":0,"live_recording_status":{"defined":0,"active":0},"tr101":[],"path":"","size":0},{"id":"test95","oid":97,"remote_id":"localhost.localdomain","source":"192.168.5.10","remote_ip":"192.168.5.10","status":"Connected","error":"None","error_code":0,"clients":0,"latency":6000,"rtt":"5/1","bitrate":11896951,"device":"Linux 64bit","app":"Broadcaster","build":29361,"maxbitrate":60006080,"maxouts":-1,"mcast_out":0,"mcast_out_force":0,"encrypted":0,"user_data":"","dtls":0,"cert":"","stats_mask":151,"time_shift":0,"permanent":1,"up_time":"00:00:25","up_time_seconds":25,"change_time":"2018-Aug-01 18:37:12","change_time_seconds_ago":24,"type_code":23,"type":"Push","type_string":"Push","present_in_matrix":1,"preview_status":0,"preview_error":"","video_codec":"","audio_codec":"","stream_alerts":0,"analyze":0,"live_recording_status":{"defined":0,"active":0},"tr101":[],"path":"","size":0},{"id":"test98","oid":98,"remote_id":"localhost.localdomain","source":"192.168.5.10","remote_ip":"192.168.5.10","status":"Connected","error":"None","error_code":0,"clients":0,"latency":6000,"rtt":"5/1","bitrate":12050669,"device":"Linux 64bit","app":"Broadcaster","build":29361,"maxbitrate":60006080,"maxouts":-1,"mcast_out":0,"mcast_out_force":0,"encrypted":0,"user_data":"","dtls":0,"cert":"","stats_mask":151,"time_shift":0,"permanent":1,"up_time":"00:00:25","up_time_seconds":25,"change_time":"2018-Aug-01 18:37:12","change_time_seconds_ago":24,"type_code":23,"type":"Push","type_string":"Push","present_in_matrix":1,"preview_status":0,"preview_error":"","video_codec":"","audio_codec":"","stream_alerts":0,"analyze":0,"live_recording_status":{"defined":0,"active":0},"tr101":[],"path":"","size":0},{"id":"test99","oid":99,"remote_id":"localhost.localdomain","source":"192.168.5.10","remote_ip":"192.168.5.10","status":"Connected","error":"None","error_code":0,"clients":0,"latency":6000,"rtt":"5/1","bitrate":12079312,"device":"Linux 64bit","app":"Broadcaster","build":29361,"maxbitrate":60006080,"maxouts":-1,"mcast_out":0,"mcast_out_force":0,"encrypted":0,"user_data":"","dtls":0,"cert":"","stats_mask":151,"time_shift":0,"permanent":1,"up_time":"00:00:25","up_time_seconds":25,"change_time":"2018-Aug-01 18:37:12","change_time_seconds_ago":24,"type_code":23,"type":"Push","type_string":"Push","present_in_matrix":1,"preview_status":0,"preview_error":"","video_codec":"","audio_codec":"","stream_alerts":0,"analyze":0,"live_recording_status":{"defined":0,"active":0},"tr101":[],"path":"","size":0},{"id":"test97","oid":100,"remote_id":"localhost.localdomain","source":"192.168.5.10","remote_ip":"192.168.5.10","status":"Connected","error":"None","error_code":0,"clients":0,"latency":6000,"rtt":"5/1","bitrate":11721150,"device":"Linux 64bit","app":"Broadcaster","build":29361,"maxbitrate":60006080,"maxouts":-1,"mcast_out":0,"mcast_out_force":0,"encrypted":0,"user_data":"","dtls":0,"cert":"","stats_mask":151,"time_shift":0,"permanent":1,"up_time":"00:00:25","up_time_seconds":25,"change_time":"2018-Aug-01 18:37:12","change_time_seconds_ago":24,"type_code":23,"type":"Push","type_string":"Push","present_in_matrix":1,"preview_status":0,"preview_error":"","video_codec":"","audio_codec":"","stream_alerts":0,"analyze":0,"live_recording_status":{"defined":0,"active":0},"tr101":[],"path":"","size":0},{"id":"tg0","oid":28,"remote_id":"","source":"","remote_ip":"","status":"Connected","error":"None","error_code":0,"clients":0,"latency":0,"rtt":"0/0","bitrate":14997989,"device":"Linux 64bit","app":"Broadcaster","build":30624,"maxbitrate":9999900,"maxouts":-1,"mcast_out":0,"mcast_out_force":0,"encrypted":0,"user_data":"","dtls":0,"cert":"","stats_mask":4097,"time_shift":0,"permanent":1,"up_time":"00:00:02","up_time_seconds":2,"change_time":"2018-Aug-01 18:37:35","change_time_seconds_ago":1,"type_code":27,"type":"Failover","type_string":"Failover","present_in_matrix":0,"preview_status":0,"preview_error":"","video_codec":"","audio_codec":"","stream_alerts":0,"analyze":0,"live_recording_status":{"defined":0,"active":0},"tr101":[],"compound_components":[{"id":"test0","status":0,"lost_packet_time_ms":0,"wrong_packet_time_ms":0,"packet_latency_ms":0,"packets":1608},{"id":"test1","status":1,"lost_packet_time_ms":0,"wrong_packet_time_ms":0,"packet_latency_ms":0,"packets":0}],"path":"","size":0},{"id":"tg1","oid":28,"remote_id":"","source":"","remote_ip":"","status":"Connected","error":"None","error_code":0,"clients":0,"latency":0,"rtt":"0/0","bitrate":14997989,"device":"Linux 64bit","app":"Broadcaster","build":30624,"maxbitrate":9999900,"maxouts":-1,"mcast_out":0,"mcast_out_force":0,"encrypted":0,"user_data":"","dtls":0,"cert":"","stats_mask":4097,"time_shift":0,"permanent":1,"up_time":"00:00:02","up_time_seconds":2,"change_time":"2018-Aug-01 18:37:35","change_time_seconds_ago":1,"type_code":27,"type":"Failover","type_string":"Failover","present_in_matrix":0,"preview_status":0,"preview_error":"","video_codec":"","audio_codec":"","stream_alerts":0,"analyze":0,"live_recording_status":{"defined":0,"active":0},"tr101":[],"compound_components":[{"id":"test2","status":0,"lost_packet_time_ms":0,"wrong_packet_time_ms":0,"packet_latency_ms":0,"packets":1334},{"id":"test3","status":1,"lost_packet_time_ms":0,"wrong_packet_time_ms":0,"packet_latency_ms":0,"packets":0}],"path":"","size":0},{"id":"tg2","oid":28,"remote_id":"","source":"","remote_ip":"","status":"Connected","error":"None","error_code":0,"clients":0,"latency":0,"rtt":"0/0","bitrate":14997989,"device":"Linux 64bit","app":"Broadcaster","build":30624,"maxbitrate":9999900,"maxouts":-1,"mcast_out":0,"mcast_out_force":0,"encrypted":0,"user_data":"","dtls":0,"cert":"","stats_mask":4097,"time_shift":0,"permanent":1,"up_time":"00:00:01","up_time_seconds":1,"change_time":"2018-Aug-01 18:37:35","change_time_seconds_ago":1,"type_code":27,"type":"Failover","type_string":"Failover","present_in_matrix":0,"preview_status":0,"preview_error":"","video_codec":"","audio_codec":"","stream_alerts":0,"analyze":0,"live_recording_status":{"defined":0,"active":0},"tr101":[],"compound_components":[{"id":"test4","status":0,"lost_packet_time_ms":0,"wrong_packet_time_ms":0,"packet_latency_ms":0,"packets":1084},{"id":"test5","status":1,"lost_packet_time_ms":0,"wrong_packet_time_ms":0,"packet_latency_ms":1,"packets":0}],"path":"","size":0},{"id":"tg3","oid":28,"remote_id":"","source":"","remote_ip":"","status":"Connected","error":"None","error_code":0,"clients":0,"latency":0,"rtt":"0/0","bitrate":14997989,"device":"Linux 64bit","app":"Broadcaster","build":30624,"maxbitrate":9999900,"maxouts":-1,"mcast_out":0,"mcast_out_force":0,"encrypted":0,"user_data":"","dtls":0,"cert":"","stats_mask":4097,"time_shift":0,"permanent":1,"up_time":"00:00:01","up_time_seconds":1,"change_time":"2018-Aug-01 18:37:35","change_time_seconds_ago":1,"type_code":27,"type":"Failover","type_string":"Failover","present_in_matrix":0,"preview_status":0,"preview_error":"","video_codec":"","audio_codec":"","stream_alerts":0,"analyze":0,"live_recording_status":{"defined":0,"active":0},"tr101":[],"compound_components":[{"id":"test6","status":0,"lost_packet_time_ms":0,"wrong_packet_time_ms":0,"packet_latency_ms":0,"packets":815},{"id":"test7","status":1,"lost_packet_time_ms":0,"wrong_packet_time_ms":0,"packet_latency_ms":0,"packets":0}],"path":"","size":0},{"id":"tg4","oid":28,"remote_id":"","source":"","remote_ip":"","status":"Connected","error":"None","error_code":0,"clients":0,"latency":0,"rtt":"0/0","bitrate":14997989,"device":"Linux 64bit","app":"Broadcaster","build":30624,"maxbitrate":9999900,"maxouts":-1,"mcast_out":0,"mcast_out_force":0,"encrypted":0,"user_data":"","dtls":0,"cert":"","stats_mask":4097,"time_shift":0,"permanent":1,"up_time":"00:00:01","up_time_seconds":1,"change_time":"2018-Aug-01 18:37:35","change_time_seconds_ago":1,"type_code":27,"type":"Failover","type_string":"Failover","present_in_matrix":0,"preview_status":0,"preview_error":"","video_codec":"","audio_codec":"","stream_alerts":0,"analyze":0,"live_recording_status":{"defined":0,"active":0},"tr101":[],"compound_components":[{"id":"test8","status":0,"lost_packet_time_ms":0,"wrong_packet_time_ms":0,"packet_latency_ms":0,"packets":544},{"id":"test9","status":1,"lost_packet_time_ms":0,"wrong_packet_time_ms":0,"packet_latency_ms":0,"packets":0}],"path":"","size":0},{"id":"tg5","oid":28,"remote_id":"","source":"","remote_ip":"","status":"Connected","error":"None","error_code":0,"clients":0,"latency":0,"rtt":"0/0","bitrate":14997989,"device":"Linux 64bit","app":"Broadcaster","build":30624,"maxbitrate":9999900,"maxouts":-1,"mcast_out":0,"mcast_out_force":0,"encrypted":0,"user_data":"","dtls":0,"cert":"","stats_mask":4097,"time_shift":0,"permanent":1,"up_time":"00:00:01","up_time_seconds":1,"change_time":"2018-Aug-01 18:37:36","change_time_seconds_ago":0,"type_code":27,"type":"Failover","type_string":"Failover","present_in_matrix":0,"preview_status":0,"preview_error":"","video_codec":"","audio_codec":"","stream_alerts":0,"analyze":0,"live_recording_status":{"defined":0,"active":0},"tr101":[],"compound_components":[{"id":"test10","status":0,"lost_packet_time_ms":0,"wrong_packet_time_ms":0,"packet_latency_ms":0,"packets":330},{"id":"test11","status":1,"lost_packet_time_ms":0,"wrong_packet_time_ms":0,"packet_latency_ms":0,"packets":0}],"path":"","size":0},{"id":"tg6","oid":28,"remote_id":"","source":"","remote_ip":"","status":"Connected","error":"None","error_code":0,"clients":0,"latency":0,"rtt":"0/0","bitrate":1759474,"device":"Linux 64bit","app":"Broadcaster","build":30624,"maxbitrate":9999900,"maxouts":-1,"mcast_out":0,"mcast_out_force":0,"encrypted":0,"user_data":"","dtls":0,"cert":"","stats_mask":4097,"time_shift":0,"permanent":1,"up_time":"00:00:01","up_time_seconds":1,"change_time":"2018-Aug-01 18:37:36","change_time_seconds_ago":0,"type_code":27,"type":"Failover","type_string":"Failover","present_in_matrix":0,"preview_status":0,"preview_error":"","video_codec":"","audio_codec":"","stream_alerts":0,"analyze":0,"live_recording_status":{"defined":0,"active":0},"tr101":[],"compound_components":[{"id":"test12","status":0,"lost_packet_time_ms":0,"wrong_packet_time_ms":0,"packet_latency_ms":0,"packets":61},{"id":"test13","status":1,"lost_packet_time_ms":0,"wrong_packet_time_ms":0,"packet_latency_ms":1,"packets":0}],"path":"","size":0},{"id":"tg7","oid":28,"remote_id":"","source":"","remote_ip":"","status":"Offline","error":"None","error_code":0,"clients":0,"latency":0,"rtt":"","bitrate":0,"device":"Linux 64bit","app":"Broadcaster","build":30624,"maxbitrate":9999900,"maxouts":-1,"mcast_out":0,"mcast_out_force":0,"encrypted":0,"user_data":"","dtls":0,"cert":"","stats_mask":4097,"time_shift":0,"permanent":1,"up_time":"00:00:00","up_time_seconds":0,"change_time":"2018-Aug-01 18:37:36","change_time_seconds_ago":0,"type_code":27,"type":"Failover","type_string":"Failover","present_in_matrix":0,"preview_status":0,"preview_error":"","video_codec":"","audio_codec":"","stream_alerts":0,"analyze":0,"live_recording_status":{"defined":0,"active":0},"tr101":[],"compound_components":[{"id":"test14","status":1,"lost_packet_time_ms":0,"wrong_packet_time_ms":0,"packet_latency_ms":0,"packets":0},{"id":"test15","status":1,"lost_packet_time_ms":0,"wrong_packet_time_ms":0,"packet_latency_ms":0,"packets":0}],"path":"","size":0},{"id":"tg8","oid":28,"remote_id":"","source":"","remote_ip":"","status":"Offline","error":"None","error_code":0,"clients":0,"latency":0,"rtt":"","bitrate":0,"device":"Linux 64bit","app":"Broadcaster","build":30624,"maxbitrate":9999900,"maxouts":-1,"mcast_out":0,"mcast_out_force":0,"encrypted":0,"user_data":"","dtls":0,"cert":"","stats_mask":4097,"time_shift":0,"permanent":1,"up_time":"00:00:00","up_time_seconds":0,"change_time":"2018-Aug-01 18:37:36","change_time_seconds_ago":0,"type_code":27,"type":"Failover","type_string":"Failover","present_in_matrix":0,"preview_status":0,"preview_error":"","video_codec":"","audio_codec":"","stream_alerts":0,"analyze":0,"live_recording_status":{"defined":0,"active":0},"tr101":[],"compound_components":[{"id":"test16","status":1,"lost_packet_time_ms":0,"wrong_packet_time_ms":0,"packet_latency_ms":0,"packets":0},{"id":"test17","status":1,"lost_packet_time_ms":0,"wrong_packet_time_ms":0,"packet_latency_ms":0,"packets":0}],"path":"","size":0}]}]
	at org.testng.Assert.fail(Assert.java:94)
	at org.testng.Assert.failNotEquals(Assert.java:496)
	at org.testng.Assert.assertEquals(Assert.java:125)
	at org.testng.Assert.assertEquals(Assert.java:178)
	at org.testng.Assert.assertEquals(Assert.java:188)
	at com.zixi.testing.BroadcasterFailOverInputCreationTest.broadcasterCreateFileInout(BroadcasterFailOverInputCreationTest.java:35)
	at sun.reflect.NativeMethodAccessorImpl.invoke0(Native Method)
	at sun.reflect.NativeMethodAccessorImpl.invoke(Unknown Source)
	at sun.reflect.DelegatingMethodAccessorImpl.invoke(Unknown Source)
	at java.lang.reflect.Method.invoke(Unknown Source)
	at org.testng.internal.MethodInvocationHelper.invokeMethod(MethodInvocationHelper.java:85)
	at org.testng.internal.Invoker.invokeMethod(Invoker.java:659)
	at org.testng.internal.Invoker.invokeTestMethod(Invoker.java:845)
	at org.testng.internal.Invoker.invokeTestMethods(Invoker.java:1153)
	at org.testng.internal.TestMethodWorker.invokeTestMethods(TestMethodWorker.java:125)
	at org.testng.internal.TestMethodWorker.run(TestMethodWorker.java:108)
	at org.testng.TestRunner.privateRun(TestRunner.java:771)
	at org.testng.TestRunner.run(TestRunner.java:621)
	at org.testng.SuiteRunner.runTest(SuiteRunner.java:357)
	at org.testng.SuiteRunner.runSequentially(SuiteRunner.java:352)
	at org.testng.SuiteRunner.privateRun(SuiteRunner.java:310)
	at org.testng.SuiteRunner.run(SuiteRunner.java:259)
	at org.testng.SuiteRunnerWorker.runSuite(SuiteRunnerWorker.java:52)
	at org.testng.SuiteRunnerWorker.run(SuiteRunnerWorker.java:86)
	at org.testng.TestNG.runSuitesSequentially(TestNG.java:1199)
	at org.testng.TestNG.runSuitesLocally(TestNG.java:1124)
	at org.testng.TestNG.run(TestNG.java:1032)
	at org.testng.remote.AbstractRemoteTestNG.run(AbstractRemoteTestNG.java:114)
	at org.testng.remote.RemoteTestNG.initAndRun(RemoteTestNG.java:251)
	at org.testng.remote.RemoteTestNG.main(RemoteTestNG.java:77)
]]>
    </failure>
  </testcase> <!-- broadcasterCreateFileInout -->
  <testcase name="broadcasterCreateFileInout" time="0.170" classname="com.zixi.testing.BroadcasterFailOverInputCreationTest"/>
  <testcase name="broadcasterCreateFileInout" time="0.177" classname="com.zixi.testing.BroadcasterFailOverInputCreationTest"/>
  <testcase name="broadcasterCreateFileInout" time="0.162" classname="com.zixi.testing.BroadcasterFailOverInputCreationTest"/>
  <testcase name="broadcasterCreateFileInout" time="0.182" classname="com.zixi.testing.BroadcasterFailOverInputCreationTest"/>
  <testcase name="broadcasterCreateFileInout" time="0.177" classname="com.zixi.testing.BroadcasterFailOverInputCreationTest"/>
  <testcase name="broadcasterCreateFileInout" time="0.181" classname="com.zixi.testing.BroadcasterFailOverInputCreationTest"/>
  <testcase name="broadcasterCreateFileInout" time="0.191" classname="com.zixi.testing.BroadcasterFailOverInputCreationTest"/>
  <testcase name="broadcasterCreateFileInout" time="0.181" classname="com.zixi.testing.BroadcasterFailOverInputCreationTest"/>
  <testcase name="broadcasterCreateFileInout" time="0.181" classname="com.zixi.testing.BroadcasterFailOverInputCreationTest"/>
  <testcase name="broadcasterCreateFileInout" time="0.197" classname="com.zixi.testing.BroadcasterFailOverInputCreationTest"/>
  <testcase name="broadcasterCreateFileInout" time="0.185" classname="com.zixi.testing.BroadcasterFailOverInputCreationTest"/>
  <testcase name="broadcasterCreateFileInout" time="0.169" classname="com.zixi.testing.BroadcasterFailOverInputCreationTest"/>
  <testcase name="broadcasterCreateFileInout" time="0.174" classname="com.zixi.testing.BroadcasterFailOverInputCreationTest"/>
  <testcase name="broadcasterCreateFileInout" time="0.179" classname="com.zixi.testing.BroadcasterFailOverInputCreationTest"/>
  <testcase name="broadcasterCreateFileInout" time="0.184" classname="com.zixi.testing.BroadcasterFailOverInputCreationTest"/>
  <testcase name="broadcasterCreateFileInout" time="0.199" classname="com.zixi.testing.BroadcasterFailOverInputCreationTest"/>
  <testcase name="broadcasterCreateFileInout" time="0.171" classname="com.zixi.testing.BroadcasterFailOverInputCreationTest"/>
  <testcase name="broadcasterCreateFileInout" time="0.181" classname="com.zixi.testing.BroadcasterFailOverInputCreationTest"/>
  <testcase name="broadcasterCreateFileInout" time="0.207" classname="com.zixi.testing.BroadcasterFailOverInputCreationTest"/>
  <testcase name="broadcasterCreateFileInout" time="0.184" classname="com.zixi.testing.BroadcasterFailOverInputCreationTest"/>
  <testcase name="broadcasterCreateFileInout" time="0.190" classname="com.zixi.testing.BroadcasterFailOverInputCreationTest"/>
  <testcase name="broadcasterCreateFileInout" time="0.184" classname="com.zixi.testing.BroadcasterFailOverInputCreationTest"/>
  <testcase name="broadcasterCreateFileInout" time="0.172" classname="com.zixi.testing.BroadcasterFailOverInputCreationTest"/>
  <testcase name="broadcasterCreateFileInout" time="0.181" classname="com.zixi.testing.BroadcasterFailOverInputCreationTest"/>
  <testcase name="broadcasterCreateFileInout" time="0.191" classname="com.zixi.testing.BroadcasterFailOverInputCreationTest"/>
  <testcase name="broadcasterCreateFileInout" time="0.168" classname="com.zixi.testing.BroadcasterFailOverInputCreationTest"/>
  <testcase name="broadcasterCreateFileInout" time="0.173" classname="com.zixi.testing.BroadcasterFailOverInputCreationTest"/>
  <testcase name="broadcasterCreateFileInout" time="0.190" classname="com.zixi.testing.BroadcasterFailOverInputCreationTest"/>
  <testcase name="broadcasterCreateFileInout" time="0.178" classname="com.zixi.testing.BroadcasterFailOverInputCreationTest"/>
</testsuite> <!-- com.zixi.testing.BroadcasterFailOverInputCreationTest -->
