<?xml version="1.0" encoding="UTF-8"?>
<!-- Generated by org.testng.reporters.JUnitReportReporter -->
<<<<<<< HEAD
<testsuite hostname="yuri-PC" name="com.zixi.testing.BroadcaserSingleOutputStreamDeletionTest" tests="2" failures="0" timestamp="27 Mar 2016 13:32:56 GMT" time="0.129" errors="0">
  <testcase name="broadcasterSingleStreamRemoving" time="0.069" classname="com.zixi.testing.BroadcaserSingleOutputStreamDeletionTest"/>
  <testcase name="broadcasterSingleStreamRemoving" time="0.060" classname="com.zixi.testing.BroadcaserSingleOutputStreamDeletionTest"/>
=======
<testsuite hostname="yuri-PC" name="com.zixi.testing.BroadcaserSingleOutputStreamDeletionTest" tests="5" failures="0" timestamp="24 Mar 2016 18:15:06 GMT" time="0.416" errors="0">
  <testcase name="broadcasterSingleStreamRemoving" time="0.103" classname="com.zixi.testing.BroadcaserSingleOutputStreamDeletionTest"/>
  <testcase name="broadcasterSingleStreamRemoving" time="0.081" classname="com.zixi.testing.BroadcaserSingleOutputStreamDeletionTest"/>
  <testcase name="broadcasterSingleStreamRemoving" time="0.068" classname="com.zixi.testing.BroadcaserSingleOutputStreamDeletionTest"/>
  <testcase name="broadcasterSingleStreamRemoving" time="0.085" classname="com.zixi.testing.BroadcaserSingleOutputStreamDeletionTest"/>
  <testcase name="broadcasterSingleStreamRemoving" time="0.079" classname="com.zixi.testing.BroadcaserSingleOutputStreamDeletionTest"/>
>>>>>>> centos7
</testsuite> <!-- com.zixi.testing.BroadcaserSingleOutputStreamDeletionTest -->
