<?xml version="1.0" encoding="UTF-8"?>
<!-- Generated by org.testng.reporters.JUnitReportReporter -->
<<<<<<< HEAD
<testsuite hostname="yuri-PC" name="com.zixi.testing.BroadcasterInputStatisticSingleStreamTest" tests="5" failures="0" timestamp="14 Feb 2016 12:43:28 GMT" time="727.047" errors="0">
  <testcase name="broadcasterSingleInputStreamstatisticAnilyzer" time="145.344" classname="com.zixi.testing.BroadcasterInputStatisticSingleStreamTest"/>
  <testcase name="broadcasterSingleInputStreamstatisticAnilyzer" time="145.501" classname="com.zixi.testing.BroadcasterInputStatisticSingleStreamTest"/>
  <testcase name="broadcasterSingleInputStreamstatisticAnilyzer" time="145.391" classname="com.zixi.testing.BroadcasterInputStatisticSingleStreamTest"/>
  <testcase name="broadcasterSingleInputStreamstatisticAnilyzer" time="145.397" classname="com.zixi.testing.BroadcasterInputStatisticSingleStreamTest"/>
  <testcase name="broadcasterSingleInputStreamstatisticAnilyzer" time="145.414" classname="com.zixi.testing.BroadcasterInputStatisticSingleStreamTest"/>
