<?xml version="1.0" encoding="UTF-8"?>
<!-- Generated by org.testng.reporters.JUnitReportReporter -->
<testsuite hostname="yuri-PC" name="com.zixi.testing.ReceiverOutputStreamDeletionTest" tests="6" failures="0" timestamp="7 Nov 2016 12:53:43 GMT" time="0.505" errors="0">
  <testcase name="receiverDeleteOutputStreamTest" time="0.079" classname="com.zixi.testing.ReceiverOutputStreamDeletionTest"/>
  <testcase name="receiverDeleteOutputStreamTest" time="0.099" classname="com.zixi.testing.ReceiverOutputStreamDeletionTest"/>
  <testcase name="receiverDeleteOutputStreamTest" time="0.083" classname="com.zixi.testing.ReceiverOutputStreamDeletionTest"/>
  <testcase name="receiverDeleteOutputStreamTest" time="0.093" classname="com.zixi.testing.ReceiverOutputStreamDeletionTest"/>
  <testcase name="receiverDeleteOutputStreamTest" time="0.080" classname="com.zixi.testing.ReceiverOutputStreamDeletionTest"/>
  <testcase name="receiverDeleteOutputStreamTest" time="0.071" classname="com.zixi.testing.ReceiverOutputStreamDeletionTest"/>
</testsuite> <!-- com.zixi.testing.ReceiverOutputStreamDeletionTest -->
