<?xml version="1.0" encoding="UTF-8"?>
<!-- Generated by org.testng.reporters.JUnitReportReporter -->
<testsuite hostname="yuri-PC" name="com.zixi.testing.BroadcasterPushOutStreamCreationTest" tests="1" failures="0" timestamp="9 Aug 2016 08:55:50 GMT" time="0.910" errors="0">
  <testcase name="broadcasterPullInCreation" time="0.910" classname="com.zixi.testing.BroadcasterPushOutStreamCreationTest"/>
</testsuite> <!-- com.zixi.testing.BroadcasterPushOutStreamCreationTest -->
