<?xml version="1.0" encoding="UTF-8"?>
<!-- Generated by org.testng.reporters.JUnitReportReporter -->
<testsuite hostname="yuri-PC" name="com.zixi.testing.BroadcasterPushInStreamCreationTest" tests="3" failures="0" timestamp="9 Jan 2017 23:52:31 GMT" time="1.324" errors="0">
  <testcase name="broadcasterSingleStreamRemoving" time="0.467" classname="com.zixi.testing.BroadcasterPushInStreamCreationTest"/>
  <testcase name="broadcasterSingleStreamRemoving" time="0.435" classname="com.zixi.testing.BroadcasterPushInStreamCreationTest"/>
  <testcase name="broadcasterSingleStreamRemoving" time="0.422" classname="com.zixi.testing.BroadcasterPushInStreamCreationTest"/>
</testsuite> <!-- com.zixi.testing.BroadcasterPushInStreamCreationTest -->
