<?xml version="1.0" encoding="UTF-8"?>
<!-- Generated by org.testng.reporters.JUnitReportReporter -->
<testsuite hostname="yuri-PC" name="com.zixi.setup.SetSutUpTimeTest" tests="2" failures="0" timestamp="2 Apr 2017 19:20:29 GMT" time="1.048" errors="0">
  <testcase name="setUptime" time="0.040" classname="com.zixi.setup.SetSutUpTimeTest"/>
  <testcase name="setSutLocation" time="1.008" classname="com.zixi.setup.SetSutUpTimeTest"/>
</testsuite> <!-- com.zixi.setup.SetSutUpTimeTest -->
