<?xml version="1.0" encoding="UTF-8"?>
<!-- Generated by org.testng.reporters.JUnitReportReporter -->
<testsuite hostname="yuri-PC" name="com.zixi.testing.BroadcasterSingleInputStreamDeletionTest" tests="5" failures="0" timestamp="10 Aug 2016 13:25:14 GMT" time="4.148" errors="0">
  <testcase name="broadcasterInputStreamDeletion" time="0.843" classname="com.zixi.testing.BroadcasterSingleInputStreamDeletionTest"/>
  <testcase name="broadcasterInputStreamDeletion" time="0.782" classname="com.zixi.testing.BroadcasterSingleInputStreamDeletionTest"/>
  <testcase name="broadcasterInputStreamDeletion" time="0.842" classname="com.zixi.testing.BroadcasterSingleInputStreamDeletionTest"/>
  <testcase name="broadcasterInputStreamDeletion" time="0.861" classname="com.zixi.testing.BroadcasterSingleInputStreamDeletionTest"/>
  <testcase name="broadcasterInputStreamDeletion" time="0.820" classname="com.zixi.testing.BroadcasterSingleInputStreamDeletionTest"/>
</testsuite> <!-- com.zixi.testing.BroadcasterSingleInputStreamDeletionTest -->
