<?xml version="1.0" encoding="UTF-8"?>
<!-- Generated by org.testng.reporters.JUnitReportReporter -->
<testsuite hostname="yuri-PC" name="com.zixi.testing.FeederOutputDeletioinTest" tests="2" failures="0" timestamp="20 Dec 2016 09:24:58 GMT" time="0.174" errors="0">
  <testcase name="broadcasterSingleStreamRemoving" time="0.091" classname="com.zixi.testing.FeederOutputDeletioinTest"/>
  <testcase name="broadcasterSingleStreamRemoving" time="0.083" classname="com.zixi.testing.FeederOutputDeletioinTest"/>
</testsuite> <!-- com.zixi.testing.FeederOutputDeletioinTest -->
