<?xml version="1.0" encoding="UTF-8"?>
<!-- Generated by org.testng.reporters.JUnitReportReporter -->
<testsuite hostname="yuri-PC" name="com.zixi.testing.FeederSettingsTest" tests="1" failures="0" timestamp="10 Jul 2016 11:09:34 GMT" time="0.087" errors="0">
  <testcase name="uploadPrivateKeyToFeeder" time="0.087" classname="com.zixi.testing.FeederSettingsTest"/>
</testsuite> <!-- com.zixi.testing.FeederSettingsTest -->
