<?xml version="1.0" encoding="UTF-8"?>
<!-- Generated by org.testng.reporters.JUnitReportReporter -->
<testsuite hostname="yuri-PC" name="com.zixi.testing.BroadcasterRtmpInputEncryptedTest" tests="3" failures="0" timestamp="29 Dec 2016 15:12:35 GMT" time="1.803" errors="0">
  <testcase name="broadcasterRtmpPullTest" time="0.556" classname="com.zixi.testing.BroadcasterRtmpInputEncryptedTest"/>
  <testcase name="broadcasterRtmpPullTest" time="0.596" classname="com.zixi.testing.BroadcasterRtmpInputEncryptedTest"/>
  <testcase name="broadcasterRtmpPullTest" time="0.651" classname="com.zixi.testing.BroadcasterRtmpInputEncryptedTest"/>
</testsuite> <!-- com.zixi.testing.BroadcasterRtmpInputEncryptedTest -->
