<?xml version="1.0" encoding="UTF-8"?>
<!-- Generated by org.testng.reporters.JUnitReportReporter -->
<testsuite hostname="yuri-PC" name="com.zixi.testing.FileTransferTest" tests="2" failures="0" timestamp="10 Aug 2016 12:05:37 GMT" time="582.042" errors="0">
  <testcase name="fileTransfer" time="573.528" classname="com.zixi.testing.FileTransferTest"/>
  <testcase name="fileTransfer" time="8.514" classname="com.zixi.testing.FileTransferTest"/>
</testsuite> <!-- com.zixi.testing.FileTransferTest -->
