<?xml version="1.0" encoding="UTF-8"?>
<!-- Generated by org.testng.reporters.JUnitReportReporter -->
<testsuite hostname="yuri-PC" name="com.zixi.load.testing.BroadcasterMultipleBondingTest" tests="2" failures="0" timestamp="14 Dec 2016 12:54:36 GMT" time="645.676" errors="0">
  <testcase name="broadcasterMultiplePushBondedTest" time="1.256" classname="com.zixi.load.testing.BroadcasterMultipleBondingTest"/>
  <testcase name="broadcasterMultiplePushBondedTest" time="644.420" classname="com.zixi.load.testing.BroadcasterMultipleBondingTest"/>
</testsuite> <!-- com.zixi.load.testing.BroadcasterMultipleBondingTest -->
