<?xml version="1.0" encoding="UTF-8"?>
<!-- Generated by org.testng.reporters.JUnitReportReporter -->
<testsuite hostname="yuri-PC" name="com.zixi.testing.BroadcasterPushInStreamCreationDecriptionTest" tests="3" failures="0" timestamp="20 Dec 2016 11:46:41 GMT" time="1.735" errors="0">
  <testcase name="broadcasterSingleStreamRemoving" time="0.552" classname="com.zixi.testing.BroadcasterPushInStreamCreationDecriptionTest"/>
  <testcase name="broadcasterSingleStreamRemoving" time="0.550" classname="com.zixi.testing.BroadcasterPushInStreamCreationDecriptionTest"/>
  <testcase name="broadcasterSingleStreamRemoving" time="0.633" classname="com.zixi.testing.BroadcasterPushInStreamCreationDecriptionTest"/>
</testsuite> <!-- com.zixi.testing.BroadcasterPushInStreamCreationDecriptionTest -->
