<?xml version="1.0" encoding="UTF-8"?>
<!-- Generated by org.testng.reporters.JUnitReportReporter -->
<testsuite hostname="yuri-PC" name="com.zixi.testing.FeederInputUdpTest" tests="4" failures="0" timestamp="16 Jul 2018 14:16:05 GMT" time="0.658" errors="0">
  <testcase name="feederUdpInputTest" time="0.147" classname="com.zixi.testing.FeederInputUdpTest"/>
  <testcase name="feederUdpInputTest" time="0.186" classname="com.zixi.testing.FeederInputUdpTest"/>
  <testcase name="feederUdpInputTest" time="0.168" classname="com.zixi.testing.FeederInputUdpTest"/>
  <testcase name="feederUdpInputTest" time="0.157" classname="com.zixi.testing.FeederInputUdpTest"/>
</testsuite> <!-- com.zixi.testing.FeederInputUdpTest -->
