<?xml version="1.0" encoding="UTF-8"?>
<!-- Generated by org.testng.reporters.JUnitReportReporter -->
<testsuite hostname="yuri-PC" name="com.zixi.testing.ReceiverPullInputStreamCreationTest" tests="6" failures="0" timestamp="26 Dec 2016 17:00:45 GMT" time="0.421" errors="0">
  <testcase name="feederOutputToBxTest" time="0.066" classname="com.zixi.testing.ReceiverPullInputStreamCreationTest"/>
  <testcase name="feederOutputToBxTest" time="0.074" classname="com.zixi.testing.ReceiverPullInputStreamCreationTest"/>
  <testcase name="feederOutputToBxTest" time="0.069" classname="com.zixi.testing.ReceiverPullInputStreamCreationTest"/>
  <testcase name="feederOutputToBxTest" time="0.065" classname="com.zixi.testing.ReceiverPullInputStreamCreationTest"/>
  <testcase name="feederOutputToBxTest" time="0.075" classname="com.zixi.testing.ReceiverPullInputStreamCreationTest"/>
  <testcase name="feederOutputToBxTest" time="0.072" classname="com.zixi.testing.ReceiverPullInputStreamCreationTest"/>
</testsuite> <!-- com.zixi.testing.ReceiverPullInputStreamCreationTest -->
