<?xml version="1.0" encoding="UTF-8"?>
<!-- Generated by org.testng.reporters.JUnitReportReporter -->
<testsuite hostname="yuri-PC" name="com.zixi.load.testing.BroadcasterRundomInputStreamTest" tests="1" failures="0" timestamp="7 Oct 2016 13:18:33 GMT" time="713.633" errors="0">
  <testcase name="broadcasterDeleteAllInputs" time="713.633" classname="com.zixi.load.testing.BroadcasterRundomInputStreamTest"/>
</testsuite> <!-- com.zixi.load.testing.BroadcasterRundomInputStreamTest -->
