<?xml version="1.0" encoding="UTF-8"?>
<!-- Generated by org.testng.reporters.JUnitReportReporter -->
<testsuite hostname="yuri-PC" name="com.zixi.testing.ReceiverUdpOutCreationTest" tests="1" failures="0" timestamp="26 Jan 2016 11:03:22 GMT" time="0.081" errors="0">
  <testcase name="receiverOutputUdpTest" time="0.081" classname="com.zixi.testing.ReceiverUdpOutCreationTest"/>
</testsuite> <!-- com.zixi.testing.ReceiverUdpOutCreationTest -->
