<?xml version="1.0" encoding="UTF-8"?>
<!-- Generated by org.testng.reporters.JUnitReportReporter -->
<testsuite hostname="yuri-PC" name="com.zixi.load.testing.BroadcaserAllOututStreamDeletorTest" tests="1" failures="0" timestamp="29 Dec 2016 14:18:50 GMT" time="1.023" errors="0">
  <testcase name="broadcasterDeleteAllOutputStreams" time="1.023" classname="com.zixi.load.testing.BroadcaserAllOututStreamDeletorTest"/>
</testsuite> <!-- com.zixi.load.testing.BroadcaserAllOututStreamDeletorTest -->
