<?xml version="1.0" encoding="UTF-8"?>
<!-- Generated by org.testng.reporters.JUnitReportReporter -->
<testsuite hostname="yuri-PC" name="com.zixi.load.testing.BroadcasterRundomInputStreamTest" tests="1" failures="0" timestamp="9 Aug 2016 14:40:45 GMT" time="1496.154" errors="0">
  <testcase name="broadcasterDeleteAllInputs" time="1496.154" classname="com.zixi.load.testing.BroadcasterRundomInputStreamTest"/>
</testsuite> <!-- com.zixi.load.testing.BroadcasterRundomInputStreamTest -->
