<?xml version="1.0" encoding="UTF-8"?>
<!-- Generated by org.testng.reporters.JUnitReportReporter -->
<testsuite hostname="yuri-PC" name="com.zixi.testing.BroadcasterConfigMulticastPoolTest" tests="1" failures="0" timestamp="22 Nov 2016 10:16:11 GMT" time="30.220" errors="0">
  <testcase name="broadcasterSingleStreamRemoving" time="30.220" classname="com.zixi.testing.BroadcasterConfigMulticastPoolTest"/>
</testsuite> <!-- com.zixi.testing.BroadcasterConfigMulticastPoolTest -->
