<?xml version="1.0" encoding="UTF-8"?>
<!-- Generated by org.testng.reporters.JUnitReportReporter -->
<testsuite hostname="yuri-PC" name="com.zixi.testing.BroadcasterRtmpPushOutputCreationTest" tests="1" failures="0" timestamp="30 Nov 2015 14:44:17 GMT" time="0.042" errors="0">
  <testcase name="broadcasterSingleStreamRemoving" time="0.042" classname="com.zixi.testing.BroadcasterRtmpPushOutputCreationTest"/>
</testsuite> <!-- com.zixi.testing.BroadcasterRtmpPushOutputCreationTest -->
