<?xml version="1.0" encoding="UTF-8"?>
<!-- Generated by org.testng.reporters.JUnitReportReporter -->
<testsuite hostname="yuri-PC" name="com.zixi.testing.BroadcasterFileInputTest" tests="1" failures="0" timestamp="1 Aug 2018 15:37:38 GMT" time="0.304" errors="0">
  <testcase name="broadcasterCreateFileInout" time="0.304" classname="com.zixi.testing.BroadcasterFileInputTest"/>
</testsuite> <!-- com.zixi.testing.BroadcasterFileInputTest -->
