<?xml version="1.0" encoding="UTF-8"?>
<!-- Generated by org.testng.reporters.JUnitReportReporter -->
<testsuite hostname="yuri-PC" name="com.zixi.testing.BroadcasterIntelTrannscodeStreamTest" tests="4" failures="0" timestamp="15 May 2016 08:53:53 GMT" time="0.387" errors="0">
  <testcase name="broadcasterSingleInputStreamstatisticAnilyzer" time="0.078" classname="com.zixi.testing.BroadcasterIntelTrannscodeStreamTest"/>
  <testcase name="broadcasterSingleInputStreamstatisticAnilyzer" time="0.074" classname="com.zixi.testing.BroadcasterIntelTrannscodeStreamTest"/>
  <testcase name="broadcasterSingleInputStreamstatisticAnilyzer" time="0.128" classname="com.zixi.testing.BroadcasterIntelTrannscodeStreamTest"/>
  <testcase name="broadcasterSingleInputStreamstatisticAnilyzer" time="0.107" classname="com.zixi.testing.BroadcasterIntelTrannscodeStreamTest"/>
</testsuite> <!-- com.zixi.testing.BroadcasterIntelTrannscodeStreamTest -->
