<?xml version="1.0" encoding="UTF-8"?>
<!-- Generated by org.testng.reporters.JUnitReportReporter -->
<testsuite hostname="yuri-PC" name="com.zixi.load.testing.BroadcasterMultipePullCreationTest" tests="3" failures="0" timestamp="25 Sep 2016 17:22:09 GMT" time="4.931" errors="0">
  <testcase name="broadcasterMultiplePullInCreation" time="1.667" classname="com.zixi.load.testing.BroadcasterMultipePullCreationTest"/>
  <testcase name="broadcasterMultiplePullInCreation" time="1.746" classname="com.zixi.load.testing.BroadcasterMultipePullCreationTest"/>
  <testcase name="broadcasterMultiplePullInCreation" time="1.518" classname="com.zixi.load.testing.BroadcasterMultipePullCreationTest"/>
</testsuite> <!-- com.zixi.load.testing.BroadcasterMultipePullCreationTest -->
