<?xml version="1.0" encoding="UTF-8"?>
<!-- Generated by org.testng.reporters.JUnitReportReporter -->
<testsuite hostname="yuri-PC" name="com.zixi.testing.FFMPEGImageStatisticNegativeTest" tests="2" failures="0" timestamp="26 Dec 2016 17:00:45 GMT" time="801.136" errors="0">
  <testcase name="broadcasterSingleInputStreamStatisticAnilyzer" time="400.572" classname="com.zixi.testing.FFMPEGImageStatisticNegativeTest"/>
  <testcase name="broadcasterSingleInputStreamStatisticAnilyzer" time="400.564" classname="com.zixi.testing.FFMPEGImageStatisticNegativeTest"/>
</testsuite> <!-- com.zixi.testing.FFMPEGImageStatisticNegativeTest -->
