<?xml version="1.0" encoding="UTF-8"?>
<!-- Generated by org.testng.reporters.JUnitReportReporter -->
<testsuite hostname="yuri-PC" name="com.zixi.testing.FFMPEGImageStatisticTest" tests="4" failures="0" timestamp="7 Dec 2015 13:36:39 GMT" time="640.974" errors="0">
  <testcase name="broadcasterSingleInputStreamStatisticAnilyzer" time="155.294" classname="com.zixi.testing.FFMPEGImageStatisticTest"/>
  <testcase name="broadcasterSingleInputStreamStatisticAnilyzer" time="201.417" classname="com.zixi.testing.FFMPEGImageStatisticTest"/>
  <testcase name="broadcasterSingleInputStreamStatisticAnilyzer" time="135.009" classname="com.zixi.testing.FFMPEGImageStatisticTest"/>
  <testcase name="broadcasterSingleInputStreamStatisticAnilyzer" time="149.254" classname="com.zixi.testing.FFMPEGImageStatisticTest"/>
</testsuite> <!-- com.zixi.testing.FFMPEGImageStatisticTest -->
