<?xml version="1.0" encoding="UTF-8"?>
<!-- Generated by org.testng.reporters.JUnitReportReporter -->
<testsuite hostname="yuri-PC" name="com.zixi.testing.FeederReverseTunnelParametersTest" tests="1" failures="0" timestamp="31 May 2016 08:40:31 GMT" time="0.083" errors="0">
  <testcase name="uploadPrivateKeyToFeeder" time="0.083" classname="com.zixi.testing.FeederReverseTunnelParametersTest"/>
</testsuite> <!-- com.zixi.testing.FeederReverseTunnelParametersTest -->
