<?xml version="1.0" encoding="UTF-8"?>
<!-- Generated by org.testng.reporters.JUnitReportReporter -->
<testsuite hostname="yuri-PC" name="com.zixi.load.testing.BroadcaserAllOututStreamDeletorTest" tests="1" failures="0" timestamp="2 Aug 2016 12:05:15 GMT" time="0.847" errors="0">
  <testcase name="broadcasterDeleteAllOutputStreams" time="0.847" classname="com.zixi.load.testing.BroadcaserAllOututStreamDeletorTest"/>
</testsuite> <!-- com.zixi.load.testing.BroadcaserAllOututStreamDeletorTest -->
