<?xml version="1.0" encoding="UTF-8"?>
<!-- Generated by org.testng.reporters.JUnitReportReporter -->
<testsuite hostname="yuri-PC" name="com.zixi.testing.BroadcasterUdpInStreamCreationTest" tests="5" failures="0" timestamp="9 Jan 2017 23:35:25 GMT" time="3.054" errors="0">
  <testcase name="broadcasterUdpInCreation" time="0.525" classname="com.zixi.testing.BroadcasterUdpInStreamCreationTest"/>
  <testcase name="broadcasterUdpInCreation" time="0.534" classname="com.zixi.testing.BroadcasterUdpInStreamCreationTest"/>
  <testcase name="broadcasterUdpInCreation" time="0.511" classname="com.zixi.testing.BroadcasterUdpInStreamCreationTest"/>
  <testcase name="broadcasterUdpInCreation" time="0.901" classname="com.zixi.testing.BroadcasterUdpInStreamCreationTest"/>
  <testcase name="broadcasterUdpInCreation" time="0.583" classname="com.zixi.testing.BroadcasterUdpInStreamCreationTest"/>
</testsuite> <!-- com.zixi.testing.BroadcasterUdpInStreamCreationTest -->
