<?xml version="1.0" encoding="UTF-8"?>
<!-- Generated by org.testng.reporters.JUnitReportReporter -->
<testsuite hostname="yuri-PC" name="com.zixi.testing.BroadcasterRtmpPushInputCreationStreamTest" tests="1" failures="0" timestamp="17 Nov 2015 15:21:22 GMT" time="0.041" errors="0">
  <testcase name="broadcasterRtmpPushTest" time="0.041" classname="com.zixi.testing.BroadcasterRtmpPushInputCreationStreamTest"/>
</testsuite> <!-- com.zixi.testing.BroadcasterRtmpPushInputCreationStreamTest -->
