<?xml version="1.0" encoding="UTF-8"?>
<!-- Generated by org.testng.reporters.JUnitReportReporter -->
<testsuite hostname="yuri-PC" name="com.zixi.testing.FeederOutputDeletioinTest" tests="6" failures="0" timestamp="5 Jan 2017 19:35:08 GMT" time="0.296" errors="0">
  <testcase name="broadcasterSingleStreamRemoving" time="0.047" classname="com.zixi.testing.FeederOutputDeletioinTest"/>
  <testcase name="broadcasterSingleStreamRemoving" time="0.049" classname="com.zixi.testing.FeederOutputDeletioinTest"/>
  <testcase name="broadcasterSingleStreamRemoving" time="0.054" classname="com.zixi.testing.FeederOutputDeletioinTest"/>
  <testcase name="broadcasterSingleStreamRemoving" time="0.043" classname="com.zixi.testing.FeederOutputDeletioinTest"/>
  <testcase name="broadcasterSingleStreamRemoving" time="0.048" classname="com.zixi.testing.FeederOutputDeletioinTest"/>
  <testcase name="broadcasterSingleStreamRemoving" time="0.055" classname="com.zixi.testing.FeederOutputDeletioinTest"/>
</testsuite> <!-- com.zixi.testing.FeederOutputDeletioinTest -->
