<?xml version="1.0" encoding="UTF-8"?>
<!-- Generated by org.testng.reporters.JUnitReportReporter -->
<testsuite hostname="yuri-PC" name="com.zixi.testing.BroadcasterPushInStreamCreationDecriptionTest" tests="7" failures="0" timestamp="24 Aug 2016 16:02:40 GMT" time="6.177" errors="0">
  <testcase name="broadcasterSingleStreamRemoving" time="0.879" classname="com.zixi.testing.BroadcasterPushInStreamCreationDecriptionTest"/>
  <testcase name="broadcasterSingleStreamRemoving" time="0.855" classname="com.zixi.testing.BroadcasterPushInStreamCreationDecriptionTest"/>
  <testcase name="broadcasterSingleStreamRemoving" time="0.876" classname="com.zixi.testing.BroadcasterPushInStreamCreationDecriptionTest"/>
  <testcase name="broadcasterSingleStreamRemoving" time="0.891" classname="com.zixi.testing.BroadcasterPushInStreamCreationDecriptionTest"/>
  <testcase name="broadcasterSingleStreamRemoving" time="0.875" classname="com.zixi.testing.BroadcasterPushInStreamCreationDecriptionTest"/>
  <testcase name="broadcasterSingleStreamRemoving" time="0.925" classname="com.zixi.testing.BroadcasterPushInStreamCreationDecriptionTest"/>
  <testcase name="broadcasterSingleStreamRemoving" time="0.876" classname="com.zixi.testing.BroadcasterPushInStreamCreationDecriptionTest"/>
</testsuite> <!-- com.zixi.testing.BroadcasterPushInStreamCreationDecriptionTest -->
