<?xml version="1.0" encoding="UTF-8"?>
<!-- Generated by org.testng.reporters.JUnitReportReporter -->
<testsuite hostname="yuri-PC" name="com.zixi.testasutility.BroadcasterStopStartAllInputsUtilityTest" tests="1" failures="0" timestamp="24 Jan 2018 18:15:00 GMT" time="3938.331" errors="1">
  <testcase name="broadcasrStopStartAllInputs" time="3938.331" classname="com.zixi.testasutility.BroadcasterStopStartAllInputsUtilityTest">
    <error type="java.util.concurrent.ExecutionException" message="com.zixi.tools.BroadcasterInitialSecuredLogin$1: Loggin parameters are empty.">
      <![CDATA[java.util.concurrent.ExecutionException: com.zixi.tools.BroadcasterInitialSecuredLogin$1: Loggin parameters are empty.
	at java.util.concurrent.FutureTask.report(Unknown Source)
	at java.util.concurrent.FutureTask.get(Unknown Source)
	at com.zixi.drivers.drivers.BroadcasterStopStartAllInputsUtilityDriver.testIMPL(BroadcasterStopStartAllInputsUtilityDriver.java:44)
	at com.zixi.testasutility.BroadcasterStopStartAllInputsUtilityTest.broadcasrStopStartAllInputs(BroadcasterStopStartAllInputsUtilityTest.java:33)
	at sun.reflect.NativeMethodAccessorImpl.invoke0(Native Method)
	at sun.reflect.NativeMethodAccessorImpl.invoke(Unknown Source)
	at sun.reflect.DelegatingMethodAccessorImpl.invoke(Unknown Source)
	at java.lang.reflect.Method.invoke(Unknown Source)
	at org.testng.internal.MethodInvocationHelper.invokeMethod(MethodInvocationHelper.java:85)
	at org.testng.internal.Invoker.invokeMethod(Invoker.java:659)
	at org.testng.internal.Invoker.invokeTestMethod(Invoker.java:845)
	at org.testng.internal.Invoker.invokeTestMethods(Invoker.java:1153)
	at org.testng.internal.TestMethodWorker.invokeTestMethods(TestMethodWorker.java:125)
	at org.testng.internal.TestMethodWorker.run(TestMethodWorker.java:108)
	at org.testng.TestRunner.privateRun(TestRunner.java:771)
	at org.testng.TestRunner.run(TestRunner.java:621)
	at org.testng.SuiteRunner.runTest(SuiteRunner.java:357)
	at org.testng.SuiteRunner.runSequentially(SuiteRunner.java:352)
	at org.testng.SuiteRunner.privateRun(SuiteRunner.java:310)
	at org.testng.SuiteRunner.run(SuiteRunner.java:259)
	at org.testng.SuiteRunnerWorker.runSuite(SuiteRunnerWorker.java:52)
	at org.testng.SuiteRunnerWorker.run(SuiteRunnerWorker.java:86)
	at org.testng.TestNG.runSuitesSequentially(TestNG.java:1199)
	at org.testng.TestNG.runSuitesLocally(TestNG.java:1124)
	at org.testng.TestNG.run(TestNG.java:1032)
	at org.testng.remote.RemoteTestNG.run(RemoteTestNG.java:111)
	at org.testng.remote.RemoteTestNG.initAndRun(RemoteTestNG.java:204)
	at org.testng.remote.RemoteTestNG.main(RemoteTestNG.java:175)
Caused by: com.zixi.tools.BroadcasterInitialSecuredLogin$1: Loggin parameters are empty.
	at com.zixi.tools.BroadcasterInitialSecuredLogin.sendGet(BroadcasterInitialSecuredLogin.java:81)
	at com.zixi.drivers.drivers.BroadcasterSingleCallableStopStartInputStreamDriver.call(BroadcasterSingleCallableStopStartInputStreamDriver.java:21)
	at com.zixi.drivers.drivers.BroadcasterSingleCallableStopStartInputStreamDriver.call(BroadcasterSingleCallableStopStartInputStreamDriver.java:1)
	at java.util.concurrent.FutureTask.run(Unknown Source)
	at java.util.concurrent.ThreadPoolExecutor.runWorker(Unknown Source)
	at java.util.concurrent.ThreadPoolExecutor$Worker.run(Unknown Source)
	at java.lang.Thread.run(Unknown Source)
]]>
    </error>
  </testcase> <!-- broadcasrStopStartAllInputs -->
</testsuite> <!-- com.zixi.testasutility.BroadcasterStopStartAllInputsUtilityTest -->
