<?xml version="1.0" encoding="UTF-8"?>
<!-- Generated by org.testng.reporters.JUnitReportReporter -->
<testsuite hostname="yuri-PC" name="com.zixi.testing.FeederOutputPushToBxTest" tests="1" failures="0" timestamp="15 Sep 2016 18:38:21 GMT" time="0.989" errors="0">
  <testcase name="feederBondedPushOutputCreationTest" time="0.989" classname="com.zixi.testing.FeederOutputPushToBxTest"/>
</testsuite> <!-- com.zixi.testing.FeederOutputPushToBxTest -->
