<?xml version="1.0" encoding="UTF-8"?>
<!-- Generated by org.testng.reporters.JUnitReportReporter -->
<testsuite hostname="yuri-PC" name="com.zixi.testing.BroadcasterTranscoderDeletProfileTest" tests="4" failures="0" timestamp="7 Dec 2015 13:36:39 GMT" time="0.272" errors="0">
  <testcase name="broadcasterDeleteProfile" time="0.069" classname="com.zixi.testing.BroadcasterTranscoderDeletProfileTest"/>
  <testcase name="broadcasterDeleteProfile" time="0.067" classname="com.zixi.testing.BroadcasterTranscoderDeletProfileTest"/>
  <testcase name="broadcasterDeleteProfile" time="0.070" classname="com.zixi.testing.BroadcasterTranscoderDeletProfileTest"/>
  <testcase name="broadcasterDeleteProfile" time="0.066" classname="com.zixi.testing.BroadcasterTranscoderDeletProfileTest"/>
</testsuite> <!-- com.zixi.testing.BroadcasterTranscoderDeletProfileTest -->
