<?xml version="1.0" encoding="UTF-8"?>
<!-- Generated by org.testng.reporters.JUnitReportReporter -->
<testsuite hostname="yuri-PC" name="com.zixi.testing.BxFileTransferAndVodSettingsTest" tests="1" failures="0" timestamp="14 Sep 2016 09:23:12 GMT" time="1.203" errors="0">
  <testcase name="broadcasterSetBxFileTransferVodSettings" time="1.203" classname="com.zixi.testing.BxFileTransferAndVodSettingsTest"/>
</testsuite> <!-- com.zixi.testing.BxFileTransferAndVodSettingsTest -->
