<?xml version="1.0" encoding="UTF-8"?>
<!-- Generated by org.testng.reporters.JUnitReportReporter -->
<testsuite hostname="yuri-PC" name="com.zixi.testing.ReceiverUdpOutCreationTest" tests="6" failures="0" timestamp="15 Jun 2016 11:36:09 GMT" time="0.443" errors="0">
  <testcase name="receiverOutputUdpTest" time="0.080" classname="com.zixi.testing.ReceiverUdpOutCreationTest"/>
  <testcase name="receiverOutputUdpTest" time="0.085" classname="com.zixi.testing.ReceiverUdpOutCreationTest"/>
  <testcase name="receiverOutputUdpTest" time="0.074" classname="com.zixi.testing.ReceiverUdpOutCreationTest"/>
  <testcase name="receiverOutputUdpTest" time="0.071" classname="com.zixi.testing.ReceiverUdpOutCreationTest"/>
  <testcase name="receiverOutputUdpTest" time="0.066" classname="com.zixi.testing.ReceiverUdpOutCreationTest"/>
  <testcase name="receiverOutputUdpTest" time="0.067" classname="com.zixi.testing.ReceiverUdpOutCreationTest"/>
</testsuite> <!-- com.zixi.testing.ReceiverUdpOutCreationTest -->
