<?xml version="1.0" encoding="UTF-8"?>
<!-- Generated by org.testng.reporters.JUnitReportReporter -->
<testsuite hostname="yuri-PC" name="com.zixi.testing.BroadcasterPushInStreamCreationDecriptionTest" tests="3" failures="0" timestamp="15 Nov 2016 14:22:41 GMT" time="1.241" errors="0">
  <testcase name="broadcasterSingleStreamRemoving" time="0.412" classname="com.zixi.testing.BroadcasterPushInStreamCreationDecriptionTest"/>
  <testcase name="broadcasterSingleStreamRemoving" time="0.417" classname="com.zixi.testing.BroadcasterPushInStreamCreationDecriptionTest"/>
  <testcase name="broadcasterSingleStreamRemoving" time="0.412" classname="com.zixi.testing.BroadcasterPushInStreamCreationDecriptionTest"/>
</testsuite> <!-- com.zixi.testing.BroadcasterPushInStreamCreationDecriptionTest -->
