<?xml version="1.0" encoding="UTF-8"?>
<!-- Generated by org.testng.reporters.JUnitReportReporter -->
<testsuite hostname="yuri-PC" name="com.zixi.testing.BroadcasterInputStatisticSingleStreamTest" tests="1" failures="0" timestamp="17 Nov 2015 15:21:22 GMT" time="30.074" errors="0">
  <testcase name="broadcasterSingleInputStreamstatisticAnilyzer" time="30.074" classname="com.zixi.testing.BroadcasterInputStatisticSingleStreamTest"/>
</testsuite> <!-- com.zixi.testing.BroadcasterInputStatisticSingleStreamTest -->
