<?xml version="1.0" encoding="UTF-8"?>
<!-- Generated by org.testng.reporters.JUnitReportReporter -->
<testsuite hostname="yuri-PC" name="com.zixi.testing.ReceiverPullInputStreamCreationTest" tests="2" failures="0" timestamp="21 Jan 2016 15:56:09 GMT" time="0.156" errors="0">
  <testcase name="feederOutputToBxTest" time="0.078" classname="com.zixi.testing.ReceiverPullInputStreamCreationTest"/>
  <testcase name="feederOutputToBxTest" time="0.078" classname="com.zixi.testing.ReceiverPullInputStreamCreationTest"/>
</testsuite> <!-- com.zixi.testing.ReceiverPullInputStreamCreationTest -->
