<?xml version="1.0" encoding="UTF-8"?>
<!-- Generated by org.testng.reporters.JUnitReportReporter -->
<testsuite hostname="yuri-PC" name="com.zixi.testing.BroadcasterSetRtmpSettingsTest" tests="1" failures="0" timestamp="14 Apr 2016 11:13:55 GMT" time="0.108" errors="0">
  <testcase name="broadcasterSingleStreamRemoving" time="0.108" classname="com.zixi.testing.BroadcasterSetRtmpSettingsTest"/>
</testsuite> <!-- com.zixi.testing.BroadcasterSetRtmpSettingsTest -->
