<?xml version="1.0" encoding="UTF-8"?>
<!-- Generated by org.testng.reporters.JUnitReportReporter -->
<testsuite hostname="yuri-PC" name="com.zixi.testing.ReceiverInputStatisticTest" tests="4" failures="0" timestamp="5 Jan 2017 10:21:19 GMT" time="560.722" errors="0">
  <testcase name="receiverInputStatistic" time="140.179" classname="com.zixi.testing.ReceiverInputStatisticTest"/>
  <testcase name="receiverInputStatistic" time="140.151" classname="com.zixi.testing.ReceiverInputStatisticTest"/>
  <testcase name="receiverInputStatistic" time="140.204" classname="com.zixi.testing.ReceiverInputStatisticTest"/>
  <testcase name="receiverInputStatistic" time="140.188" classname="com.zixi.testing.ReceiverInputStatisticTest"/>
</testsuite> <!-- com.zixi.testing.ReceiverInputStatisticTest -->
