<?xml version="1.0" encoding="UTF-8"?>
<!-- Generated by org.testng.reporters.JUnitReportReporter -->
<testsuite hostname="yuri-PC" name="com.zixi.testing.FeederOutputDeletioinTest" tests="1" failures="0" timestamp="11 Nov 2015 15:57:16 GMT" time="0.010" errors="0">
  <testcase name="broadcasterSingleStreamRemoving" time="0.010" classname="com.zixi.testing.FeederOutputDeletioinTest"/>
</testsuite> <!-- com.zixi.testing.FeederOutputDeletioinTest -->
