<?xml version="1.0" encoding="UTF-8"?>
<!-- Generated by org.testng.reporters.JUnitReportReporter -->
<testsuite hostname="yuri-PC" name="com.zixi.zen.test.ZenAddPullTargetTest" tests="1" failures="0" timestamp="2 Aug 2018 13:32:29 GMT" time="183.675" errors="0">
  <testcase name="addFeederSourceToZen" time="183.675" classname="com.zixi.zen.test.ZenAddPullTargetTest"/>
</testsuite> <!-- com.zixi.zen.test.ZenAddPullTargetTest -->
