<?xml version="1.0" encoding="UTF-8"?>
<!-- Generated by org.testng.reporters.JUnitReportReporter -->
<testsuite hostname="yuri-PC" name="com.zixi.testing.FeederUdpOutputDeletioinTest" tests="1" failures="0" timestamp="16 Jul 2018 14:16:05 GMT" time="0.137" errors="0">
  <testcase name="broadcasterSingleStreamRemoving" time="0.137" classname="com.zixi.testing.FeederUdpOutputDeletioinTest"/>
</testsuite> <!-- com.zixi.testing.FeederUdpOutputDeletioinTest -->
