<?xml version="1.0" encoding="UTF-8"?>
<!-- Generated by org.testng.reporters.JUnitReportReporter -->
<testsuite hostname="yuri-PC" name="com.zixi.load.testing.BroadcasterMultipleRtmpPullCreationTest" tests="1" failures="0" timestamp="7 Oct 2016 13:18:33 GMT" time="3.869" errors="0">
  <testcase name="broadcasterMultipleRtmpPullInCreation" time="3.869" classname="com.zixi.load.testing.BroadcasterMultipleRtmpPullCreationTest"/>
</testsuite> <!-- com.zixi.load.testing.BroadcasterMultipleRtmpPullCreationTest -->
