<?xml version="1.0" encoding="UTF-8"?>
<!-- Generated by org.testng.reporters.JUnitReportReporter -->
<testsuite hostname="yuri-PC" name="com.zixi.testing.FeederOutputPushToBxTest" tests="7" failures="0" timestamp="20 Dec 2016 11:46:41 GMT" time="5.227" errors="0">
  <testcase name="feederBondedPushOutputCreationTest" time="1.102" classname="com.zixi.testing.FeederOutputPushToBxTest"/>
  <testcase name="feederBondedPushOutputCreationTest" time="0.711" classname="com.zixi.testing.FeederOutputPushToBxTest"/>
  <testcase name="feederBondedPushOutputCreationTest" time="0.680" classname="com.zixi.testing.FeederOutputPushToBxTest"/>
  <testcase name="feederBondedPushOutputCreationTest" time="0.653" classname="com.zixi.testing.FeederOutputPushToBxTest"/>
  <testcase name="feederBondedPushOutputCreationTest" time="0.701" classname="com.zixi.testing.FeederOutputPushToBxTest"/>
  <testcase name="feederBondedPushOutputCreationTest" time="0.676" classname="com.zixi.testing.FeederOutputPushToBxTest"/>
  <testcase name="feederBondedPushOutputCreationTest" time="0.704" classname="com.zixi.testing.FeederOutputPushToBxTest"/>
</testsuite> <!-- com.zixi.testing.FeederOutputPushToBxTest -->
