<?xml version="1.0" encoding="UTF-8"?>
<!-- Generated by org.testng.reporters.JUnitReportReporter -->
<testsuite hostname="yuri-PC" name="com.zixi.zen.test.ZenAddClusterTest" tests="2" failures="0" timestamp="2 Aug 2018 13:32:29 GMT" time="9.567" errors="0">
  <testcase name="addClusterToZen" time="4.316" classname="com.zixi.zen.test.ZenAddClusterTest"/>
  <testcase name="addClusterToZen" time="5.251" classname="com.zixi.zen.test.ZenAddClusterTest"/>
</testsuite> <!-- com.zixi.zen.test.ZenAddClusterTest -->
