<?xml version="1.0" encoding="UTF-8"?>
<!-- Generated by org.testng.reporters.JUnitReportReporter -->
<testsuite hostname="yuri-PC" name="com.zixi.testing.BroadcasterRtmpInputTest" tests="1" failures="0" timestamp="28 Jul 2016 08:38:31 GMT" time="1.236" errors="0">
  <testcase name="broadcasterRtmpPullTest" time="1.236" classname="com.zixi.testing.BroadcasterRtmpInputTest"/>
</testsuite> <!-- com.zixi.testing.BroadcasterRtmpInputTest -->
