<?xml version="1.0" encoding="UTF-8"?>
<!-- Generated by org.testng.reporters.JUnitReportReporter -->
<testsuite hostname="yuri-PC" name="com.zixi.testing.BroadcasterFileUploadTest" tests="1" failures="0" timestamp="28 Jun 2016 13:18:23 GMT" time="5.415" errors="0">
  <testcase name="broadcasterPullInCreation" time="5.415" classname="com.zixi.testing.BroadcasterFileUploadTest"/>
</testsuite> <!-- com.zixi.testing.BroadcasterFileUploadTest -->
