<?xml version="1.0" encoding="UTF-8"?>
<!-- Generated by org.testng.reporters.JUnitReportReporter -->
<testsuite hostname="yuri-PC" name="com.zixi.testing.BroadcasterTranscoderDeletProfileTest" tests="4" failures="0" timestamp="7 Apr 2016 12:12:42 GMT" time="0.308" errors="0">
  <testcase name="broadcasterDeleteProfile" time="0.083" classname="com.zixi.testing.BroadcasterTranscoderDeletProfileTest"/>
  <testcase name="broadcasterDeleteProfile" time="0.066" classname="com.zixi.testing.BroadcasterTranscoderDeletProfileTest"/>
  <testcase name="broadcasterDeleteProfile" time="0.084" classname="com.zixi.testing.BroadcasterTranscoderDeletProfileTest"/>
  <testcase name="broadcasterDeleteProfile" time="0.075" classname="com.zixi.testing.BroadcasterTranscoderDeletProfileTest"/>
</testsuite> <!-- com.zixi.testing.BroadcasterTranscoderDeletProfileTest -->
