<?xml version="1.0" encoding="UTF-8"?>
<!-- Generated by org.testng.reporters.JUnitReportReporter -->
<testsuite hostname="yuri-PC" name="com.zixi.load.testing.BroadcasterMultipleRtmpPullCreationTest" tests="1" failures="0" timestamp="2 Aug 2016 13:45:11 GMT" time="1.793" errors="0">
  <testcase name="broadcasterMultipleRtmpPullInCreation" time="1.793" classname="com.zixi.load.testing.BroadcasterMultipleRtmpPullCreationTest"/>
</testsuite> <!-- com.zixi.load.testing.BroadcasterMultipleRtmpPullCreationTest -->
