<?xml version="1.0" encoding="UTF-8"?>
<!-- Generated by org.testng.reporters.JUnitReportReporter -->
<testsuite hostname="yuri-PC" name="com.zixi.testing.FFMPEGImageStatisticNegativeTest" tests="2" failures="0" timestamp="7 Nov 2016 12:53:43 GMT" time="402.634" errors="0">
  <testcase name="broadcasterSingleInputStreamStatisticAnilyzer" time="201.310" classname="com.zixi.testing.FFMPEGImageStatisticNegativeTest"/>
  <testcase name="broadcasterSingleInputStreamStatisticAnilyzer" time="201.324" classname="com.zixi.testing.FFMPEGImageStatisticNegativeTest"/>
</testsuite> <!-- com.zixi.testing.FFMPEGImageStatisticNegativeTest -->
