<?xml version="1.0" encoding="UTF-8"?>
<!-- Generated by org.testng.reporters.JUnitReportReporter -->
<testsuite hostname="yuri-PC" name="com.zixi.testing.BxFileTransferAndVodSettingsTest" tests="16" failures="0" timestamp="5 Jul 2016 03:37:16 GMT" time="14.584" errors="0">
  <testcase name="broadcasterSetBxFileTransferVodSettings" time="0.916" classname="com.zixi.testing.BxFileTransferAndVodSettingsTest"/>
  <testcase name="broadcasterSetBxFileTransferVodSettings" time="0.901" classname="com.zixi.testing.BxFileTransferAndVodSettingsTest"/>
  <testcase name="broadcasterSetBxFileTransferVodSettings" time="0.928" classname="com.zixi.testing.BxFileTransferAndVodSettingsTest"/>
  <testcase name="broadcasterSetBxFileTransferVodSettings" time="0.876" classname="com.zixi.testing.BxFileTransferAndVodSettingsTest"/>
  <testcase name="broadcasterSetBxFileTransferVodSettings" time="0.915" classname="com.zixi.testing.BxFileTransferAndVodSettingsTest"/>
  <testcase name="broadcasterSetBxFileTransferVodSettings" time="0.894" classname="com.zixi.testing.BxFileTransferAndVodSettingsTest"/>
  <testcase name="broadcasterSetBxFileTransferVodSettings" time="0.800" classname="com.zixi.testing.BxFileTransferAndVodSettingsTest"/>
  <testcase name="broadcasterSetBxFileTransferVodSettings" time="0.867" classname="com.zixi.testing.BxFileTransferAndVodSettingsTest"/>
  <testcase name="broadcasterSetBxFileTransferVodSettings" time="0.852" classname="com.zixi.testing.BxFileTransferAndVodSettingsTest"/>
  <testcase name="broadcasterSetBxFileTransferVodSettings" time="1.268" classname="com.zixi.testing.BxFileTransferAndVodSettingsTest"/>
  <testcase name="broadcasterSetBxFileTransferVodSettings" time="0.888" classname="com.zixi.testing.BxFileTransferAndVodSettingsTest"/>
  <testcase name="broadcasterSetBxFileTransferVodSettings" time="0.921" classname="com.zixi.testing.BxFileTransferAndVodSettingsTest"/>
  <testcase name="broadcasterSetBxFileTransferVodSettings" time="0.919" classname="com.zixi.testing.BxFileTransferAndVodSettingsTest"/>
  <testcase name="broadcasterSetBxFileTransferVodSettings" time="0.884" classname="com.zixi.testing.BxFileTransferAndVodSettingsTest"/>
  <testcase name="broadcasterSetBxFileTransferVodSettings" time="0.901" classname="com.zixi.testing.BxFileTransferAndVodSettingsTest"/>
  <testcase name="broadcasterSetBxFileTransferVodSettings" time="0.854" classname="com.zixi.testing.BxFileTransferAndVodSettingsTest"/>
</testsuite> <!-- com.zixi.testing.BxFileTransferAndVodSettingsTest -->
