<?xml version="1.0" encoding="UTF-8"?>
<!-- Generated by org.testng.reporters.JUnitReportReporter -->
<testsuite hostname="yuri-PC" name="com.zixi.testing.FFMPEGImageStatisticModeTest" tests="2" failures="0" timestamp="27 Apr 2016 09:54:08 GMT" time="1544.760" errors="0">
  <testcase name="broadcasterSingleInputStreamStatisticAnilyzer" time="518.572" classname="com.zixi.testing.FFMPEGImageStatisticModeTest"/>
  <testcase name="broadcasterSingleInputStreamStatisticAnilyzer" time="1026.188" classname="com.zixi.testing.FFMPEGImageStatisticModeTest"/>
</testsuite> <!-- com.zixi.testing.FFMPEGImageStatisticModeTest -->
