<?xml version="1.0" encoding="UTF-8"?>
<!-- Generated by org.testng.reporters.JUnitReportReporter -->
<testsuite hostname="yuri-PC" name="com.zixi.testing.FeederOutputDeletioinTest" tests="1" failures="0" timestamp="27 Oct 2016 16:51:16 GMT" time="0.073" errors="0">
  <testcase name="broadcasterSingleStreamRemoving" time="0.073" classname="com.zixi.testing.FeederOutputDeletioinTest"/>
</testsuite> <!-- com.zixi.testing.FeederOutputDeletioinTest -->
