<?xml version="1.0" encoding="UTF-8"?>
<!-- Generated by org.testng.reporters.JUnitReportReporter -->
<testsuite hostname="yuri-PC" name="com.zixi.testing.FFMPEGImageStatisticTest" tests="1" failures="0" timestamp="8 Dec 2016 16:25:42 GMT" time="0.000" errors="1">
  <testcase name="broadcasterSingleInputStreamStatisticAnilyzer" time="0.000" classname="com.zixi.testing.FFMPEGImageStatisticTest">
    <error type="br.eti.kinoshita.testlinkjavaapi.util.TestLinkAPIException" message="Error verifying developer key: Failed to read server&#039;s response: Connection timed out: connect">
      <![CDATA[br.eti.kinoshita.testlinkjavaapi.util.TestLinkAPIException: Error verifying developer key: Failed to read server's response: Connection timed out: connect
	at br.eti.kinoshita.testlinkjavaapi.MiscService.checkDevKey(MiscService.java:63)
	at br.eti.kinoshita.testlinkjavaapi.TestLinkAPI.<init>(TestLinkAPI.java:144)
	at com.zixi.tools.TestlinkIntegration.setResult(TestlinkIntegration.java:57)
	at com.zixi.testing.BaseTest.beforeTes(BaseTest.java:71)
	at sun.reflect.GeneratedMethodAccessor3.invoke(Unknown Source)
	at sun.reflect.DelegatingMethodAccessorImpl.invoke(Unknown Source)
	at java.lang.reflect.Method.invoke(Unknown Source)
	at org.testng.internal.MethodInvocationHelper.invokeMethod(MethodInvocationHelper.java:85)
	at org.testng.internal.Invoker.invokeConfigurationMethod(Invoker.java:517)
	at org.testng.internal.Invoker.invokeConfigurations(Invoker.java:213)
	at org.testng.internal.Invoker.invokeMethod(Invoker.java:601)
	at org.testng.internal.Invoker.invokeTestMethod(Invoker.java:845)
	at org.testng.internal.Invoker.invokeTestMethods(Invoker.java:1153)
	at org.testng.internal.TestMethodWorker.invokeTestMethods(TestMethodWorker.java:125)
	at org.testng.internal.TestMethodWorker.run(TestMethodWorker.java:108)
	at org.testng.TestRunner.privateRun(TestRunner.java:771)
	at org.testng.TestRunner.run(TestRunner.java:621)
	at org.testng.SuiteRunner.runTest(SuiteRunner.java:357)
	at org.testng.SuiteRunner.runSequentially(SuiteRunner.java:352)
	at org.testng.SuiteRunner.privateRun(SuiteRunner.java:310)
	at org.testng.SuiteRunner.run(SuiteRunner.java:259)
	at org.testng.SuiteRunnerWorker.runSuite(SuiteRunnerWorker.java:52)
	at org.testng.SuiteRunnerWorker.run(SuiteRunnerWorker.java:86)
	at org.testng.TestNG.runSuitesSequentially(TestNG.java:1199)
	at org.testng.TestNG.runSuitesLocally(TestNG.java:1124)
	at org.testng.TestNG.run(TestNG.java:1032)
	at org.testng.remote.RemoteTestNG.run(RemoteTestNG.java:111)
	at org.testng.remote.RemoteTestNG.initAndRun(RemoteTestNG.java:204)
	at org.testng.remote.RemoteTestNG.main(RemoteTestNG.java:175)
Caused by: org.apache.xmlrpc.XmlRpcException: Failed to read server's response: Connection timed out: connect
	at org.apache.xmlrpc.client.XmlRpcStreamTransport.sendRequest(XmlRpcStreamTransport.java:161)
	at org.apache.xmlrpc.client.XmlRpcHttpTransport.sendRequest(XmlRpcHttpTransport.java:143)
	at org.apache.xmlrpc.client.XmlRpcSunHttpTransport.sendRequest(XmlRpcSunHttpTransport.java:69)
	at org.apache.xmlrpc.client.XmlRpcClientWorker.execute(XmlRpcClientWorker.java:56)
	at org.apache.xmlrpc.client.XmlRpcClient.execute(XmlRpcClient.java:167)
	at org.apache.xmlrpc.client.XmlRpcClient.execute(XmlRpcClient.java:158)
	at org.apache.xmlrpc.client.XmlRpcClient.execute(XmlRpcClient.java:147)
	at br.eti.kinoshita.testlinkjavaapi.BaseService.executeXmlRpcCall(BaseService.java:90)
	at br.eti.kinoshita.testlinkjavaapi.MiscService.checkDevKey(MiscService.java:60)
	... 28 more
Caused by: java.net.ConnectException: Connection timed out: connect
	at java.net.DualStackPlainSocketImpl.connect0(Native Method)
	at java.net.DualStackPlainSocketImpl.socketConnect(Unknown Source)
	at java.net.AbstractPlainSocketImpl.doConnect(Unknown Source)
	at java.net.AbstractPlainSocketImpl.connectToAddress(Unknown Source)
	at java.net.AbstractPlainSocketImpl.connect(Unknown Source)
	at java.net.PlainSocketImpl.connect(Unknown Source)
	at java.net.SocksSocketImpl.connect(Unknown Source)
	at java.net.Socket.connect(Unknown Source)
	at java.net.Socket.connect(Unknown Source)
	at sun.net.NetworkClient.doConnect(Unknown Source)
	at sun.net.www.http.HttpClient.openServer(Unknown Source)
	at sun.net.www.http.HttpClient.openServer(Unknown Source)
	at sun.net.www.http.HttpClient.<init>(Unknown Source)
	at sun.net.www.http.HttpClient.New(Unknown Source)
	at sun.net.www.http.HttpClient.New(Unknown Source)
	at sun.net.www.protocol.http.HttpURLConnection.getNewHttpClient(Unknown Source)
	at sun.net.www.protocol.http.HttpURLConnection.plainConnect0(Unknown Source)
	at sun.net.www.protocol.http.HttpURLConnection.plainConnect(Unknown Source)
	at sun.net.www.protocol.http.HttpURLConnection.connect(Unknown Source)
	at sun.net.www.protocol.http.HttpURLConnection.getOutputStream0(Unknown Source)
	at sun.net.www.protocol.http.HttpURLConnection.getOutputStream(Unknown Source)
	at org.apache.xmlrpc.client.XmlRpcSunHttpTransport.writeRequest(XmlRpcSunHttpTransport.java:104)
	at org.apache.xmlrpc.client.XmlRpcStreamTransport.sendRequest(XmlRpcStreamTransport.java:151)
	... 36 more
]]>
    </error>
  </testcase> <!-- broadcasterSingleInputStreamStatisticAnilyzer -->
</testsuite> <!-- com.zixi.testing.FFMPEGImageStatisticTest -->
