<?xml version="1.0" encoding="UTF-8"?>
<!-- Generated by org.testng.reporters.JUnitReportReporter -->
<testsuite hostname="yuri-PC" name="com.zixi.testing.BroadcasterUdpInStreamCreationTest" tests="5" failures="0" timestamp="22 May 2016 17:41:07 GMT" time="0.529" errors="0">
  <testcase name="broadcasterUdpInCreation" time="0.073" classname="com.zixi.testing.BroadcasterUdpInStreamCreationTest"/>
  <testcase name="broadcasterUdpInCreation" time="0.226" classname="com.zixi.testing.BroadcasterUdpInStreamCreationTest"/>
  <testcase name="broadcasterUdpInCreation" time="0.072" classname="com.zixi.testing.BroadcasterUdpInStreamCreationTest"/>
  <testcase name="broadcasterUdpInCreation" time="0.070" classname="com.zixi.testing.BroadcasterUdpInStreamCreationTest"/>
  <testcase name="broadcasterUdpInCreation" time="0.088" classname="com.zixi.testing.BroadcasterUdpInStreamCreationTest"/>
</testsuite> <!-- com.zixi.testing.BroadcasterUdpInStreamCreationTest -->
