<?xml version="1.0" encoding="UTF-8"?>
<!-- Generated by org.testng.reporters.JUnitReportReporter -->
<testsuite hostname="yuri-PC" name="com.zixi.load.testing.FeederMultipleDeletionTest" tests="6" failures="0" timestamp="12 Sep 2016 11:06:49 GMT" time="6.341" errors="3">
  <testcase name="broadcasterMultiplePullInCreation" time="1.044" classname="com.zixi.load.testing.FeederMultipleDeletionTest"/>
  <testcase name="broadcasterMultiplePullInCreation" time="1.065" classname="com.zixi.load.testing.FeederMultipleDeletionTest">
    <error type="com.zixi.tools.BroadcasterInitialSecuredLogin$1" message="Loggin parameters are empty.">
      <![CDATA[com.zixi.tools.BroadcasterInitialSecuredLogin$1: Loggin parameters are empty.
	at com.zixi.tools.BroadcasterInitialSecuredLogin.sendGet(BroadcasterInitialSecuredLogin.java:85)
	at com.zixi.drivers.ProductAboutDriver.getBroadcasterVersion(ProductAboutDriver.java:10)
	at com.zixi.load.testing.FeederMultipleDeletionTest.broadcasterMultiplePullInCreation(FeederMultipleDeletionTest.java:34)
	at sun.reflect.NativeMethodAccessorImpl.invoke0(Native Method)
	at sun.reflect.NativeMethodAccessorImpl.invoke(Unknown Source)
	at sun.reflect.DelegatingMethodAccessorImpl.invoke(Unknown Source)
	at java.lang.reflect.Method.invoke(Unknown Source)
	at org.testng.internal.MethodInvocationHelper.invokeMethod(MethodInvocationHelper.java:85)
	at org.testng.internal.Invoker.invokeMethod(Invoker.java:659)
	at org.testng.internal.Invoker.invokeTestMethod(Invoker.java:845)
	at org.testng.internal.Invoker.invokeTestMethods(Invoker.java:1153)
	at org.testng.internal.TestMethodWorker.invokeTestMethods(TestMethodWorker.java:125)
	at org.testng.internal.TestMethodWorker.run(TestMethodWorker.java:108)
	at org.testng.TestRunner.privateRun(TestRunner.java:771)
	at org.testng.TestRunner.run(TestRunner.java:621)
	at org.testng.SuiteRunner.runTest(SuiteRunner.java:357)
	at org.testng.SuiteRunner.runSequentially(SuiteRunner.java:352)
	at org.testng.SuiteRunner.privateRun(SuiteRunner.java:310)
	at org.testng.SuiteRunner.run(SuiteRunner.java:259)
	at org.testng.SuiteRunnerWorker.runSuite(SuiteRunnerWorker.java:52)
	at org.testng.SuiteRunnerWorker.run(SuiteRunnerWorker.java:86)
	at org.testng.TestNG.runSuitesSequentially(TestNG.java:1199)
	at org.testng.TestNG.runSuitesLocally(TestNG.java:1124)
	at org.testng.TestNG.run(TestNG.java:1032)
	at org.testng.remote.RemoteTestNG.run(RemoteTestNG.java:111)
	at org.testng.remote.RemoteTestNG.initAndRun(RemoteTestNG.java:204)
	at org.testng.remote.RemoteTestNG.main(RemoteTestNG.java:175)
]]>
    </error>
  </testcase> <!-- broadcasterMultiplePullInCreation -->
  <testcase name="broadcasterMultiplePullInCreation" time="1.046" classname="com.zixi.load.testing.FeederMultipleDeletionTest"/>
  <testcase name="broadcasterMultiplePullInCreation" time="1.039" classname="com.zixi.load.testing.FeederMultipleDeletionTest"/>
  <testcase name="broadcasterMultiplePullInCreation" time="1.070" classname="com.zixi.load.testing.FeederMultipleDeletionTest">
    <error type="com.zixi.tools.BroadcasterInitialSecuredLogin$1" message="Loggin parameters are empty.">
      <![CDATA[com.zixi.tools.BroadcasterInitialSecuredLogin$1: Loggin parameters are empty.
	at com.zixi.tools.BroadcasterInitialSecuredLogin.sendGet(BroadcasterInitialSecuredLogin.java:85)
	at com.zixi.drivers.ProductAboutDriver.getBroadcasterVersion(ProductAboutDriver.java:10)
	at com.zixi.load.testing.FeederMultipleDeletionTest.broadcasterMultiplePullInCreation(FeederMultipleDeletionTest.java:34)
	at sun.reflect.NativeMethodAccessorImpl.invoke0(Native Method)
	at sun.reflect.NativeMethodAccessorImpl.invoke(Unknown Source)
	at sun.reflect.DelegatingMethodAccessorImpl.invoke(Unknown Source)
	at java.lang.reflect.Method.invoke(Unknown Source)
	at org.testng.internal.MethodInvocationHelper.invokeMethod(MethodInvocationHelper.java:85)
	at org.testng.internal.Invoker.invokeMethod(Invoker.java:659)
	at org.testng.internal.Invoker.invokeTestMethod(Invoker.java:845)
	at org.testng.internal.Invoker.invokeTestMethods(Invoker.java:1153)
	at org.testng.internal.TestMethodWorker.invokeTestMethods(TestMethodWorker.java:125)
	at org.testng.internal.TestMethodWorker.run(TestMethodWorker.java:108)
	at org.testng.TestRunner.privateRun(TestRunner.java:771)
	at org.testng.TestRunner.run(TestRunner.java:621)
	at org.testng.SuiteRunner.runTest(SuiteRunner.java:357)
	at org.testng.SuiteRunner.runSequentially(SuiteRunner.java:352)
	at org.testng.SuiteRunner.privateRun(SuiteRunner.java:310)
	at org.testng.SuiteRunner.run(SuiteRunner.java:259)
	at org.testng.SuiteRunnerWorker.runSuite(SuiteRunnerWorker.java:52)
	at org.testng.SuiteRunnerWorker.run(SuiteRunnerWorker.java:86)
	at org.testng.TestNG.runSuitesSequentially(TestNG.java:1199)
	at org.testng.TestNG.runSuitesLocally(TestNG.java:1124)
	at org.testng.TestNG.run(TestNG.java:1032)
	at org.testng.remote.RemoteTestNG.run(RemoteTestNG.java:111)
	at org.testng.remote.RemoteTestNG.initAndRun(RemoteTestNG.java:204)
	at org.testng.remote.RemoteTestNG.main(RemoteTestNG.java:175)
]]>
    </error>
  </testcase> <!-- broadcasterMultiplePullInCreation -->
  <testcase name="broadcasterMultiplePullInCreation" time="1.077" classname="com.zixi.load.testing.FeederMultipleDeletionTest">
    <error type="com.zixi.tools.BroadcasterInitialSecuredLogin$1" message="Loggin parameters are empty.">
      <![CDATA[com.zixi.tools.BroadcasterInitialSecuredLogin$1: Loggin parameters are empty.
	at com.zixi.tools.BroadcasterInitialSecuredLogin.sendGet(BroadcasterInitialSecuredLogin.java:85)
	at com.zixi.drivers.ProductAboutDriver.getBroadcasterVersion(ProductAboutDriver.java:10)
	at com.zixi.load.testing.FeederMultipleDeletionTest.broadcasterMultiplePullInCreation(FeederMultipleDeletionTest.java:34)
	at sun.reflect.NativeMethodAccessorImpl.invoke0(Native Method)
	at sun.reflect.NativeMethodAccessorImpl.invoke(Unknown Source)
	at sun.reflect.DelegatingMethodAccessorImpl.invoke(Unknown Source)
	at java.lang.reflect.Method.invoke(Unknown Source)
	at org.testng.internal.MethodInvocationHelper.invokeMethod(MethodInvocationHelper.java:85)
	at org.testng.internal.Invoker.invokeMethod(Invoker.java:659)
	at org.testng.internal.Invoker.invokeTestMethod(Invoker.java:845)
	at org.testng.internal.Invoker.invokeTestMethods(Invoker.java:1153)
	at org.testng.internal.TestMethodWorker.invokeTestMethods(TestMethodWorker.java:125)
	at org.testng.internal.TestMethodWorker.run(TestMethodWorker.java:108)
	at org.testng.TestRunner.privateRun(TestRunner.java:771)
	at org.testng.TestRunner.run(TestRunner.java:621)
	at org.testng.SuiteRunner.runTest(SuiteRunner.java:357)
	at org.testng.SuiteRunner.runSequentially(SuiteRunner.java:352)
	at org.testng.SuiteRunner.privateRun(SuiteRunner.java:310)
	at org.testng.SuiteRunner.run(SuiteRunner.java:259)
	at org.testng.SuiteRunnerWorker.runSuite(SuiteRunnerWorker.java:52)
	at org.testng.SuiteRunnerWorker.run(SuiteRunnerWorker.java:86)
	at org.testng.TestNG.runSuitesSequentially(TestNG.java:1199)
	at org.testng.TestNG.runSuitesLocally(TestNG.java:1124)
	at org.testng.TestNG.run(TestNG.java:1032)
	at org.testng.remote.RemoteTestNG.run(RemoteTestNG.java:111)
	at org.testng.remote.RemoteTestNG.initAndRun(RemoteTestNG.java:204)
	at org.testng.remote.RemoteTestNG.main(RemoteTestNG.java:175)
]]>
    </error>
  </testcase> <!-- broadcasterMultiplePullInCreation -->
</testsuite> <!-- com.zixi.load.testing.FeederMultipleDeletionTest -->
