<?xml version="1.0" encoding="UTF-8"?>
<!-- Generated by org.testng.reporters.JUnitReportReporter -->
<testsuite hostname="yuri-PC" name="com.zixi.testing.FeederUdpOutToFfmpegTest" tests="2" failures="0" timestamp="21 Dec 2016 12:05:32 GMT" time="0.309" errors="0">
  <testcase name="broadcasterSingleStreamRemoving" time="0.119" classname="com.zixi.testing.FeederUdpOutToFfmpegTest"/>
  <testcase name="broadcasterSingleStreamRemoving" time="0.190" classname="com.zixi.testing.FeederUdpOutToFfmpegTest"/>
</testsuite> <!-- com.zixi.testing.FeederUdpOutToFfmpegTest -->
