<?xml version="1.0" encoding="UTF-8"?>
<!-- Generated by org.testng.reporters.JUnitReportReporter -->
<testsuite hostname="yuri-PC" name="com.zixi.testing.FeederOutputDeletioinTest" tests="1" failures="0" timestamp="22 Nov 2016 10:16:10 GMT" time="0.080" errors="0">
  <testcase name="broadcasterSingleStreamRemoving" time="0.080" classname="com.zixi.testing.FeederOutputDeletioinTest"/>
</testsuite> <!-- com.zixi.testing.FeederOutputDeletioinTest -->
