<?xml version="1.0" encoding="UTF-8"?>
<!-- Generated by org.testng.reporters.JUnitReportReporter -->
<testsuite hostname="yuri-PC" name="com.zixi.load.testing.BroadcasterMultipePullCreationTest" tests="3" failures="0" timestamp="27 Oct 2016 13:57:13 GMT" time="4.388" errors="0">
  <testcase name="broadcasterMultiplePullInCreation" time="1.305" classname="com.zixi.load.testing.BroadcasterMultipePullCreationTest"/>
  <testcase name="broadcasterMultiplePullInCreation" time="1.375" classname="com.zixi.load.testing.BroadcasterMultipePullCreationTest"/>
  <testcase name="broadcasterMultiplePullInCreation" time="1.708" classname="com.zixi.load.testing.BroadcasterMultipePullCreationTest"/>
</testsuite> <!-- com.zixi.load.testing.BroadcasterMultipePullCreationTest -->
