<?xml version="1.0" encoding="UTF-8"?>
<!-- Generated by org.testng.reporters.JUnitReportReporter -->
<testsuite hostname="yuri-PC" name="com.zixi.testing.FFMPEGImageStatisticModeTest" tests="1" failures="0" timestamp="23 May 2016 11:33:08 GMT" time="40.553" errors="0">
  <testcase name="broadcasterSingleInputStreamStatisticAnilyzer" time="40.553" classname="com.zixi.testing.FFMPEGImageStatisticModeTest"/>
</testsuite> <!-- com.zixi.testing.FFMPEGImageStatisticModeTest -->
