<?xml version="1.0" encoding="UTF-8"?>
<!-- Generated by org.testng.reporters.JUnitReportReporter -->
<testsuite hostname="yuri-PC" name="com.zixi.anlalise.testing.FFMPEGImageStatisticHlsPushOutTest" tests="1" failures="0" timestamp="17 Nov 2017 14:48:23 GMT" time="95.248" errors="0">
  <testcase name="broadcasterSingleInputStreamStatisticAnilyzer" time="95.248" classname="com.zixi.anlalise.testing.FFMPEGImageStatisticHlsPushOutTest"/>
</testsuite> <!-- com.zixi.anlalise.testing.FFMPEGImageStatisticHlsPushOutTest -->
