<?xml version="1.0" encoding="UTF-8"?>
<!-- Generated by org.testng.reporters.JUnitReportReporter -->
<testsuite hostname="yuri-PC" name="com.zixi.testing.FFMPEGImageStatisticTest" tests="1" failures="0" timestamp="15 Dec 2015 12:29:31 GMT" time="127.896" errors="0">
  <testcase name="broadcasterSingleInputStreamStatisticAnilyzer" time="127.896" classname="com.zixi.testing.FFMPEGImageStatisticTest"/>
</testsuite> <!-- com.zixi.testing.FFMPEGImageStatisticTest -->
