<?xml version="1.0" encoding="UTF-8"?>
<!-- Generated by org.testng.reporters.JUnitReportReporter -->
<testsuite hostname="yuri-PC" name="com.zixi.testing.BroadcasterAdaptiveGroupDeletionTest" tests="1" failures="0" timestamp="1 Aug 2018 13:38:11 GMT" time="9.397" errors="0">
  <testcase name="receiverOutputUdpTest" time="9.397" classname="com.zixi.testing.BroadcasterAdaptiveGroupDeletionTest"/>
</testsuite> <!-- com.zixi.testing.BroadcasterAdaptiveGroupDeletionTest -->
