<?xml version="1.0" encoding="UTF-8"?>
<!-- Generated by org.testng.reporters.JUnitReportReporter -->
<testsuite hostname="yuri-PC" name="com.zixi.testing.BroadcasterTrannscodeStreamTest" tests="4" failures="0" timestamp="7 Dec 2015 13:36:39 GMT" time="0.395" errors="0">
  <testcase name="broadcasterSingleInputStreamstatisticAnilyzer" time="0.104" classname="com.zixi.testing.BroadcasterTrannscodeStreamTest"/>
  <testcase name="broadcasterSingleInputStreamstatisticAnilyzer" time="0.094" classname="com.zixi.testing.BroadcasterTrannscodeStreamTest"/>
  <testcase name="broadcasterSingleInputStreamstatisticAnilyzer" time="0.101" classname="com.zixi.testing.BroadcasterTrannscodeStreamTest"/>
  <testcase name="broadcasterSingleInputStreamstatisticAnilyzer" time="0.096" classname="com.zixi.testing.BroadcasterTrannscodeStreamTest"/>
</testsuite> <!-- com.zixi.testing.BroadcasterTrannscodeStreamTest -->
