<?xml version="1.0" encoding="UTF-8"?>
<!-- Generated by org.testng.reporters.JUnitReportReporter -->
<testsuite hostname="yuri-PC" name="com.zixi.zen.test.ZenAddBroadcasterToClusterTest" tests="1" failures="0" timestamp="18 Jul 2018 20:47:12 GMT" time="1.711" errors="0">
  <testcase name="addBroadcasterToClusterTest" time="1.711" classname="com.zixi.zen.test.ZenAddBroadcasterToClusterTest"/>
</testsuite> <!-- com.zixi.zen.test.ZenAddBroadcasterToClusterTest -->
