<?xml version="1.0" encoding="UTF-8"?>
<!-- Generated by org.testng.reporters.JUnitReportReporter -->
<testsuite hostname="yuri-PC" name="com.zixi.analyze.testing.BroadcasterNrmlDistSwitchFailoverTest" tests="1" failures="0" timestamp="29 Jun 2018 20:12:41 GMT" time="635.842" errors="0">
  <testcase name="broadcasterSwitchInputsFaioverNormalDistibutionTest" time="635.842" classname="com.zixi.analyze.testing.BroadcasterNrmlDistSwitchFailoverTest"/>
</testsuite> <!-- com.zixi.analyze.testing.BroadcasterNrmlDistSwitchFailoverTest -->
