<?xml version="1.0" encoding="UTF-8"?>
<!-- Generated by org.testng.reporters.JUnitReportReporter -->
<testsuite hostname="yuri-PC" name="com.zixi.testing.BroadcasterAddHttpPullInputStreamTest" tests="1" failures="0" timestamp="19 Jul 2018 19:55:45 GMT" time="9.415" errors="0">
  <testcase name="broadcasterAddHttpPullInputStream" time="9.415" classname="com.zixi.testing.BroadcasterAddHttpPullInputStreamTest"/>
</testsuite> <!-- com.zixi.testing.BroadcasterAddHttpPullInputStreamTest -->
