<?xml version="1.0" encoding="UTF-8"?>
<!-- Generated by org.testng.reporters.JUnitReportReporter -->
<testsuite hostname="yuri-PC" name="com.zixi.testing.BroadcasterPushInStreamCreationDecriptionTest" tests="7" failures="0" timestamp="4 Jul 2018 03:48:43 GMT" time="32.694" errors="0">
  <testcase name="broadcasterSingleStreamRemoving" time="4.737" classname="com.zixi.testing.BroadcasterPushInStreamCreationDecriptionTest"/>
  <testcase name="broadcasterSingleStreamRemoving" time="4.672" classname="com.zixi.testing.BroadcasterPushInStreamCreationDecriptionTest"/>
  <testcase name="broadcasterSingleStreamRemoving" time="4.645" classname="com.zixi.testing.BroadcasterPushInStreamCreationDecriptionTest"/>
  <testcase name="broadcasterSingleStreamRemoving" time="4.715" classname="com.zixi.testing.BroadcasterPushInStreamCreationDecriptionTest"/>
  <testcase name="broadcasterSingleStreamRemoving" time="4.623" classname="com.zixi.testing.BroadcasterPushInStreamCreationDecriptionTest"/>
  <testcase name="broadcasterSingleStreamRemoving" time="4.631" classname="com.zixi.testing.BroadcasterPushInStreamCreationDecriptionTest"/>
  <testcase name="broadcasterSingleStreamRemoving" time="4.671" classname="com.zixi.testing.BroadcasterPushInStreamCreationDecriptionTest"/>
</testsuite> <!-- com.zixi.testing.BroadcasterPushInStreamCreationDecriptionTest -->
