<?xml version="1.0" encoding="UTF-8"?>
<!-- Generated by org.testng.reporters.JUnitReportReporter -->
<testsuite hostname="yuri-PC" name="com.zixi.testing.BroadcasterInputStatisticSingleStreamTest" tests="1" failures="0" timestamp="15 Dec 2015 12:29:31 GMT" time="145.370" errors="0">
  <testcase name="broadcasterSingleInputStreamstatisticAnilyzer" time="145.370" classname="com.zixi.testing.BroadcasterInputStatisticSingleStreamTest"/>
</testsuite> <!-- com.zixi.testing.BroadcasterInputStatisticSingleStreamTest -->
