<?xml version="1.0" encoding="UTF-8"?>
<!-- Generated by org.testng.reporters.JUnitReportReporter -->
<testsuite hostname="yuri-PC" name="com.zixi.testing.ReceiverPullInputStreamCreationTest" tests="2" failures="0" timestamp="20 Dec 2016 09:24:58 GMT" time="0.160" errors="0">
  <testcase name="feederOutputToBxTest" time="0.095" classname="com.zixi.testing.ReceiverPullInputStreamCreationTest"/>
  <testcase name="feederOutputToBxTest" time="0.065" classname="com.zixi.testing.ReceiverPullInputStreamCreationTest"/>
</testsuite> <!-- com.zixi.testing.ReceiverPullInputStreamCreationTest -->
