<?xml version="1.0" encoding="UTF-8"?>
<!-- Generated by org.testng.reporters.JUnitReportReporter -->
<testsuite hostname="yuri-PC" name="com.zixi.load.testing.FeederMultipleDeletionTest" tests="6" failures="0" timestamp="9 Jul 2017 01:26:27 GMT" time="17.277" errors="0">
  <testcase name="broadcasterMultiplePullInCreation" time="3.304" classname="com.zixi.load.testing.FeederMultipleDeletionTest"/>
  <testcase name="broadcasterMultiplePullInCreation" time="0.865" classname="com.zixi.load.testing.FeederMultipleDeletionTest"/>
  <testcase name="broadcasterMultiplePullInCreation" time="3.954" classname="com.zixi.load.testing.FeederMultipleDeletionTest"/>
  <testcase name="broadcasterMultiplePullInCreation" time="3.240" classname="com.zixi.load.testing.FeederMultipleDeletionTest"/>
  <testcase name="broadcasterMultiplePullInCreation" time="3.453" classname="com.zixi.load.testing.FeederMultipleDeletionTest"/>
  <testcase name="broadcasterMultiplePullInCreation" time="2.461" classname="com.zixi.load.testing.FeederMultipleDeletionTest"/>
</testsuite> <!-- com.zixi.load.testing.FeederMultipleDeletionTest -->
