<?xml version="1.0" encoding="UTF-8"?>
<!-- Generated by org.testng.reporters.JUnitReportReporter -->
<testsuite hostname="yuri-PC" name="com.zixi.load.testing.BroadcasterMultipleRtmpPushTest" tests="1" failures="0" timestamp="2 Aug 2016 12:05:15 GMT" time="2.293" errors="0">
  <testcase name="broadcasterRtmpPushLoadTest" time="2.293" classname="com.zixi.load.testing.BroadcasterMultipleRtmpPushTest"/>
</testsuite> <!-- com.zixi.load.testing.BroadcasterMultipleRtmpPushTest -->
