<?xml version="1.0" encoding="UTF-8"?>
<!-- Generated by org.testng.reporters.JUnitReportReporter -->
<testsuite hostname="yuri-PC" name="com.zixi.testing.BroadcasterSetRtmpSettingsTest" tests="1" failures="0" timestamp="4 Apr 2016 11:29:53 GMT" time="0.084" errors="0">
  <testcase name="broadcasterSingleStreamRemoving" time="0.084" classname="com.zixi.testing.BroadcasterSetRtmpSettingsTest"/>
</testsuite> <!-- com.zixi.testing.BroadcasterSetRtmpSettingsTest -->
