<?xml version="1.0" encoding="UTF-8"?>
<!-- Generated by org.testng.reporters.JUnitReportReporter -->
<testsuite hostname="yuri-PC" name="com.zixi.testing.RedundantFeedersOneBxTest" tests="1" failures="0" timestamp="21 Mar 2016 14:21:59 GMT" time="2496.414" errors="0">
  <testcase name="redundancyReceiverBackUp" time="2496.414" classname="com.zixi.testing.RedundantFeedersOneBxTest"/>
</testsuite> <!-- com.zixi.testing.RedundantFeedersOneBxTest -->
