<?xml version="1.0" encoding="UTF-8"?>
<!-- Generated by org.testng.reporters.JUnitReportReporter -->
<testsuite hostname="yuri-PC" name="com.zixi.testing.BroadcasterStreamMulticastTest" tests="1" failures="0" timestamp="22 Nov 2016 12:12:57 GMT" time="0.095" errors="0">
  <testcase name="defineMulticastInputStream" time="0.095" classname="com.zixi.testing.BroadcasterStreamMulticastTest"/>
</testsuite> <!-- com.zixi.testing.BroadcasterStreamMulticastTest -->
