<?xml version="1.0" encoding="UTF-8"?>
<!-- Generated by org.testng.reporters.JUnitReportReporter -->
<testsuite hostname="yuri-PC" name="com.zixi.testing.BroadcasterRtmpPushOutputCreationTest" tests="5" failures="0" timestamp="1 Jan 2017 12:18:20 GMT" time="2.486" errors="0">
  <testcase name="broadcasterSingleStreamRemoving" time="0.395" classname="com.zixi.testing.BroadcasterRtmpPushOutputCreationTest"/>
  <testcase name="broadcasterSingleStreamRemoving" time="0.704" classname="com.zixi.testing.BroadcasterRtmpPushOutputCreationTest"/>
  <testcase name="broadcasterSingleStreamRemoving" time="0.434" classname="com.zixi.testing.BroadcasterRtmpPushOutputCreationTest"/>
  <testcase name="broadcasterSingleStreamRemoving" time="0.443" classname="com.zixi.testing.BroadcasterRtmpPushOutputCreationTest"/>
  <testcase name="broadcasterSingleStreamRemoving" time="0.510" classname="com.zixi.testing.BroadcasterRtmpPushOutputCreationTest"/>
</testsuite> <!-- com.zixi.testing.BroadcasterRtmpPushOutputCreationTest -->
