<?xml version="1.0" encoding="UTF-8"?>
<!-- Generated by org.testng.reporters.JUnitReportReporter -->
<testsuite hostname="yuri-PC" name="com.zixi.testing.BroadcasterPushOutStreamCreationTest" tests="6" failures="0" timestamp="10 Feb 2016 11:06:34 GMT" time="0.432" errors="0">
  <testcase name="broadcasterPullInCreation" time="0.062" classname="com.zixi.testing.BroadcasterPushOutStreamCreationTest"/>
  <testcase name="broadcasterPullInCreation" time="0.075" classname="com.zixi.testing.BroadcasterPushOutStreamCreationTest"/>
  <testcase name="broadcasterPullInCreation" time="0.074" classname="com.zixi.testing.BroadcasterPushOutStreamCreationTest"/>
  <testcase name="broadcasterPullInCreation" time="0.065" classname="com.zixi.testing.BroadcasterPushOutStreamCreationTest"/>
  <testcase name="broadcasterPullInCreation" time="0.089" classname="com.zixi.testing.BroadcasterPushOutStreamCreationTest"/>
  <testcase name="broadcasterPullInCreation" time="0.067" classname="com.zixi.testing.BroadcasterPushOutStreamCreationTest"/>
</testsuite> <!-- com.zixi.testing.BroadcasterPushOutStreamCreationTest -->
