<?xml version="1.0" encoding="UTF-8"?>
<!-- Generated by org.testng.reporters.JUnitReportReporter -->
<testsuite hostname="yuri-PC" name="com.zixi.testing.ReceiverUdpOutCreationTest" tests="2" failures="0" timestamp="30 Mar 2016 11:41:47 GMT" time="0.146" errors="0">
  <testcase name="receiverOutputUdpTest" time="0.078" classname="com.zixi.testing.ReceiverUdpOutCreationTest"/>
  <testcase name="receiverOutputUdpTest" time="0.068" classname="com.zixi.testing.ReceiverUdpOutCreationTest"/>
</testsuite> <!-- com.zixi.testing.ReceiverUdpOutCreationTest -->
