<?xml version="1.0" encoding="UTF-8"?>
<!-- Generated by org.testng.reporters.JUnitReportReporter -->
<testsuite hostname="yuri-PC" name="com.zixi.load.testing.BroadcasterMultipleBondingTest" tests="1" failures="0" timestamp="8 Sep 2016 08:51:51 GMT" time="3.104" errors="0">
  <testcase name="broadcasterMultiplePushBondedTest" time="3.104" classname="com.zixi.load.testing.BroadcasterMultipleBondingTest"/>
</testsuite> <!-- com.zixi.load.testing.BroadcasterMultipleBondingTest -->
