<?xml version="1.0" encoding="UTF-8"?>
<!-- Generated by org.testng.reporters.JUnitReportReporter -->
<testsuite hostname="yuri-PC" name="com.zixi.testing.FeederUdpOutToFfmpegTest" tests="2" failures="0" timestamp="8 Jan 2017 15:56:44 GMT" time="0.248" errors="0">
  <testcase name="broadcasterSingleStreamRemoving" time="0.179" classname="com.zixi.testing.FeederUdpOutToFfmpegTest"/>
  <testcase name="broadcasterSingleStreamRemoving" time="0.069" classname="com.zixi.testing.FeederUdpOutToFfmpegTest"/>
</testsuite> <!-- com.zixi.testing.FeederUdpOutToFfmpegTest -->
