<?xml version="1.0" encoding="UTF-8"?>
<!-- Generated by org.testng.reporters.JUnitReportReporter -->
<testsuite hostname="yuri-PC" name="com.zixi.load.testing.BroadcasterMultiplePushTest" tests="2" failures="0" timestamp="9 Aug 2018 08:52:25 GMT" time="54.162" errors="0">
  <testcase name="broadcasterMultiplePullInCreation" time="28.202" classname="com.zixi.load.testing.BroadcasterMultiplePushTest"/>
  <testcase name="broadcasterMultiplePullInCreation" time="25.960" classname="com.zixi.load.testing.BroadcasterMultiplePushTest"/>
</testsuite> <!-- com.zixi.load.testing.BroadcasterMultiplePushTest -->
