<?xml version="1.0" encoding="UTF-8"?>
<!-- Generated by org.testng.reporters.JUnitReportReporter -->
<testsuite hostname="yuri-PC" name="com.zixi.testing.FeederUdpOutToFfmpegTest" tests="2" failures="0" timestamp="1 Nov 2016 11:04:05 GMT" time="0.280" errors="0">
  <testcase name="broadcasterSingleStreamRemoving" time="0.079" classname="com.zixi.testing.FeederUdpOutToFfmpegTest"/>
  <testcase name="broadcasterSingleStreamRemoving" time="0.201" classname="com.zixi.testing.FeederUdpOutToFfmpegTest"/>
</testsuite> <!-- com.zixi.testing.FeederUdpOutToFfmpegTest -->
