<?xml version="1.0" encoding="UTF-8"?>
<!-- Generated by org.testng.reporters.JUnitReportReporter -->
<testsuite hostname="yuri-PC" name="com.zixi.testing.FeederInputUdpTest" tests="1" failures="0" timestamp="9 Aug 2016 17:12:07 GMT" time="0.230" errors="0">
  <testcase name="feederUdpInputTest" time="0.230" classname="com.zixi.testing.FeederInputUdpTest"/>
</testsuite> <!-- com.zixi.testing.FeederInputUdpTest -->
