<?xml version="1.0" encoding="UTF-8"?>
<!-- Generated by org.testng.reporters.JUnitReportReporter -->
<testsuite hostname="yuri-PC" name="com.zixi.testing.BroadcasterInputStatisticSingleStreamTest" tests="5" failures="0" timestamp="5 Nov 2015 10:34:12 GMT" time="175.230" errors="0">
  <testcase name="broadcasterSingleInputStreamstatisticAnilyzer" time="35.046" classname="com.zixi.testing.BroadcasterInputStatisticSingleStreamTest"/>
  <testcase name="broadcasterSingleInputStreamstatisticAnilyzer" time="35.043" classname="com.zixi.testing.BroadcasterInputStatisticSingleStreamTest"/>
  <testcase name="broadcasterSingleInputStreamstatisticAnilyzer" time="35.047" classname="com.zixi.testing.BroadcasterInputStatisticSingleStreamTest"/>
  <testcase name="broadcasterSingleInputStreamstatisticAnilyzer" time="35.055" classname="com.zixi.testing.BroadcasterInputStatisticSingleStreamTest"/>
  <testcase name="broadcasterSingleInputStreamstatisticAnilyzer" time="35.039" classname="com.zixi.testing.BroadcasterInputStatisticSingleStreamTest"/>
</testsuite> <!-- com.zixi.testing.BroadcasterInputStatisticSingleStreamTest -->
