<?xml version="1.0" encoding="UTF-8"?>
<!-- Generated by org.testng.reporters.JUnitReportReporter -->
<testsuite hostname="yuri-PC" name="com.zixi.testing.BroadcasterUdpInStreamCreationTest" tests="5" failures="0" timestamp="12 Apr 2016 09:46:51 GMT" time="0.558" errors="0">
  <testcase name="broadcasterUdpInCreation" time="0.075" classname="com.zixi.testing.BroadcasterUdpInStreamCreationTest"/>
  <testcase name="broadcasterUdpInCreation" time="0.073" classname="com.zixi.testing.BroadcasterUdpInStreamCreationTest"/>
  <testcase name="broadcasterUdpInCreation" time="0.254" classname="com.zixi.testing.BroadcasterUdpInStreamCreationTest"/>
  <testcase name="broadcasterUdpInCreation" time="0.074" classname="com.zixi.testing.BroadcasterUdpInStreamCreationTest"/>
  <testcase name="broadcasterUdpInCreation" time="0.082" classname="com.zixi.testing.BroadcasterUdpInStreamCreationTest"/>
</testsuite> <!-- com.zixi.testing.BroadcasterUdpInStreamCreationTest -->
