<?xml version="1.0" encoding="UTF-8"?>
<!-- Generated by org.testng.reporters.JUnitReportReporter -->
<testsuite hostname="yuri-PC" name="com.zixi.testing.ReceiverInputStatisticTest" tests="3" failures="0" timestamp="15 Jan 2017 13:18:05 GMT" time="420.559" errors="0">
  <testcase name="receiverInputStatistic" time="140.178" classname="com.zixi.testing.ReceiverInputStatisticTest"/>
  <testcase name="receiverInputStatistic" time="140.181" classname="com.zixi.testing.ReceiverInputStatisticTest"/>
  <testcase name="receiverInputStatistic" time="140.200" classname="com.zixi.testing.ReceiverInputStatisticTest"/>
</testsuite> <!-- com.zixi.testing.ReceiverInputStatisticTest -->
