<?xml version="1.0" encoding="UTF-8"?>
<!-- Generated by org.testng.reporters.JUnitReportReporter -->
<testsuite hostname="yuri-PC" name="com.zixi.testing.BroadcasterRtmpInputTest" tests="1" failures="0" timestamp="25 Jun 2018 16:50:34 GMT" time="9.414" errors="0">
  <testcase name="broadcasterRtmpPullTest" time="9.414" classname="com.zixi.testing.BroadcasterRtmpInputTest"/>
</testsuite> <!-- com.zixi.testing.BroadcasterRtmpInputTest -->
