<?xml version="1.0" encoding="UTF-8"?>
<!-- Generated by org.testng.reporters.JUnitReportReporter -->
<testsuite hostname="yuri-PC" name="com.zixi.testing.FeederUdpOutToFfmpegTest" tests="1" failures="0" timestamp="16 Jul 2018 14:16:05 GMT" time="0.156" errors="0">
  <testcase name="broadcasterSingleStreamRemoving" time="0.156" classname="com.zixi.testing.FeederUdpOutToFfmpegTest"/>
</testsuite> <!-- com.zixi.testing.FeederUdpOutToFfmpegTest -->
