<?xml version="1.0" encoding="UTF-8"?>
<!-- Generated by org.testng.reporters.JUnitReportReporter -->
<testsuite hostname="yuri-PC" name="com.zixi.testing.FFMPEGImageStatisticTest" tests="4" failures="0" timestamp="4 Aug 2016 12:23:53 GMT" time="8.361" errors="0">
  <testcase name="broadcasterSingleInputStreamStatisticAnilyzer" time="2.096" classname="com.zixi.testing.FFMPEGImageStatisticTest"/>
  <testcase name="broadcasterSingleInputStreamStatisticAnilyzer" time="2.096" classname="com.zixi.testing.FFMPEGImageStatisticTest"/>
  <testcase name="broadcasterSingleInputStreamStatisticAnilyzer" time="2.072" classname="com.zixi.testing.FFMPEGImageStatisticTest"/>
  <testcase name="broadcasterSingleInputStreamStatisticAnilyzer" time="2.097" classname="com.zixi.testing.FFMPEGImageStatisticTest"/>
</testsuite> <!-- com.zixi.testing.FFMPEGImageStatisticTest -->
