<?xml version="1.0" encoding="UTF-8"?>
<!-- Generated by org.testng.reporters.JUnitReportReporter -->
<testsuite hostname="yuri-PC" name="com.zixi.testing.ReceiverInputStatisticTest" tests="2" failures="0" timestamp="20 Dec 2016 09:24:58 GMT" time="280.496" errors="0">
  <testcase name="receiverInputStatistic" time="140.250" classname="com.zixi.testing.ReceiverInputStatisticTest"/>
  <testcase name="receiverInputStatistic" time="140.246" classname="com.zixi.testing.ReceiverInputStatisticTest"/>
</testsuite> <!-- com.zixi.testing.ReceiverInputStatisticTest -->
