<?xml version="1.0" encoding="UTF-8"?>
<!-- Generated by org.testng.reporters.JUnitReportReporter -->
<testsuite hostname="yuri-PC" name="com.zixi.testing.FFMPEGImageStatisticModeTest" tests="1" failures="0" timestamp="13 Dec 2015 11:11:36 GMT" time="40.120" errors="0">
  <testcase name="broadcasterSingleInputStreamStatisticAnilyzer" time="40.120" classname="com.zixi.testing.FFMPEGImageStatisticModeTest"/>
</testsuite> <!-- com.zixi.testing.FFMPEGImageStatisticModeTest -->
