<?xml version="1.0" encoding="UTF-8"?>
<!-- Generated by org.testng.reporters.JUnitReportReporter -->
<testsuite hostname="yuri-PC" name="com.zixi.testing.FeederSettingsTest" tests="1" failures="0" timestamp="23 Jul 2018 12:28:57 GMT" time="1.234" errors="0">
  <testcase name="setFeederTunnelParameters" time="1.234" classname="com.zixi.testing.FeederSettingsTest"/>
</testsuite> <!-- com.zixi.testing.FeederSettingsTest -->
