<?xml version="1.0" encoding="UTF-8"?>
<!-- Generated by org.testng.reporters.JUnitReportReporter -->
<testsuite hostname="yuri-PC" name="com.zixi.load.testing.BroadcasterMultipleRtmpPushTest" tests="1" failures="0" timestamp="11 Sep 2016 14:32:57 GMT" time="2.557" errors="0">
  <testcase name="broadcasterRtmpPushLoadTest" time="2.557" classname="com.zixi.load.testing.BroadcasterMultipleRtmpPushTest"/>
</testsuite> <!-- com.zixi.load.testing.BroadcasterMultipleRtmpPushTest -->
