<?xml version="1.0" encoding="UTF-8"?>
<!-- Generated by org.testng.reporters.JUnitReportReporter -->
<testsuite hostname="yuri-PC" name="com.zixi.testing.FeederBondedOutputDeletioinTest" tests="7" failures="0" timestamp="4 Jul 2018 03:48:43 GMT" time="2.571" errors="0">
  <testcase name="broadcasterBondedThreeLinkStreamRemoving" time="0.355" classname="com.zixi.testing.FeederBondedOutputDeletioinTest"/>
  <testcase name="broadcasterBondedThreeLinkStreamRemoving" time="0.363" classname="com.zixi.testing.FeederBondedOutputDeletioinTest"/>
  <testcase name="broadcasterBondedThreeLinkStreamRemoving" time="0.433" classname="com.zixi.testing.FeederBondedOutputDeletioinTest"/>
  <testcase name="broadcasterBondedThreeLinkStreamRemoving" time="0.196" classname="com.zixi.testing.FeederBondedOutputDeletioinTest"/>
  <testcase name="broadcasterBondedThreeLinkStreamRemoving" time="0.488" classname="com.zixi.testing.FeederBondedOutputDeletioinTest"/>
  <testcase name="broadcasterBondedThreeLinkStreamRemoving" time="0.385" classname="com.zixi.testing.FeederBondedOutputDeletioinTest"/>
  <testcase name="broadcasterBondedThreeLinkStreamRemoving" time="0.351" classname="com.zixi.testing.FeederBondedOutputDeletioinTest"/>
</testsuite> <!-- com.zixi.testing.FeederBondedOutputDeletioinTest -->
