<?xml version="1.0" encoding="UTF-8"?>
<!-- Generated by org.testng.reporters.JUnitReportReporter -->
<testsuite hostname="yuri-PC" name="com.zixi.testing.FFMPEGImageStatisticNegativeTest" tests="1" failures="0" timestamp="3 Jan 2016 16:14:06 GMT" time="201.362" errors="0">
  <testcase name="broadcasterSingleInputStreamStatisticAnilyzer" time="201.362" classname="com.zixi.testing.FFMPEGImageStatisticNegativeTest"/>
</testsuite> <!-- com.zixi.testing.FFMPEGImageStatisticNegativeTest -->
