<?xml version="1.0" encoding="UTF-8"?>
<!-- Generated by org.testng.reporters.JUnitReportReporter -->
<testsuite hostname="yuri-PC" name="com.zixi.load.testing.BroadcasterMultipleRtmpPushTest" tests="1" failures="0" timestamp="11 Aug 2016 09:04:10 GMT" time="2.354" errors="0">
  <testcase name="broadcasterRtmpPushLoadTest" time="2.354" classname="com.zixi.load.testing.BroadcasterMultipleRtmpPushTest"/>
</testsuite> <!-- com.zixi.load.testing.BroadcasterMultipleRtmpPushTest -->
