<?xml version="1.0" encoding="UTF-8"?>
<!-- Generated by org.testng.reporters.JUnitReportReporter -->
<testsuite hostname="yuri-PC" name="com.zixi.testing.BroadcasterPushOutStreamCreationGeneralTest" tests="1" failures="0" timestamp="15 Jan 2017 12:25:59 GMT" time="0.876" errors="0">
  <testcase name="broadcasterPushOutCreationWithTwoRedundantHosts" time="0.876" classname="com.zixi.testing.BroadcasterPushOutStreamCreationGeneralTest"/>
</testsuite> <!-- com.zixi.testing.BroadcasterPushOutStreamCreationGeneralTest -->
