<?xml version="1.0" encoding="UTF-8"?>
<!-- Generated by org.testng.reporters.JUnitReportReporter -->
<testsuite hostname="yuri-PC" name="com.zixi.testing.FeederUdpOutputDeletioinTest" tests="2" failures="0" timestamp="9 Aug 2016 17:33:37 GMT" time="0.171" errors="0">
  <testcase name="broadcasterSingleStreamRemoving" time="0.087" classname="com.zixi.testing.FeederUdpOutputDeletioinTest"/>
  <testcase name="broadcasterSingleStreamRemoving" time="0.084" classname="com.zixi.testing.FeederUdpOutputDeletioinTest"/>
</testsuite> <!-- com.zixi.testing.FeederUdpOutputDeletioinTest -->
