<?xml version="1.0" encoding="UTF-8"?>
<!-- Generated by org.testng.reporters.JUnitReportReporter -->
<testsuite hostname="yuri-PC" name="com.zixi.testing.FeederUdpOutputDeletioinTest" tests="1" failures="0" timestamp="5 Jan 2016 13:37:17 GMT" time="0.073" errors="0">
  <testcase name="broadcasterSingleStreamRemoving" time="0.073" classname="com.zixi.testing.FeederUdpOutputDeletioinTest"/>
</testsuite> <!-- com.zixi.testing.FeederUdpOutputDeletioinTest -->
