<?xml version="1.0" encoding="UTF-8"?>
<!-- Generated by org.testng.reporters.JUnitReportReporter -->
<testsuite hostname="yuri-PC" name="com.zixi.load.testing.BroadcasterRundomInputStreamTest" tests="2" failures="0" timestamp="9 Aug 2018 08:52:25 GMT" time="1900.638" errors="0">
  <testcase name="broadcasterSwitchUdpOut" time="950.059" classname="com.zixi.load.testing.BroadcasterRundomInputStreamTest"/>
  <testcase name="broadcasterSwitchUdpOut" time="950.579" classname="com.zixi.load.testing.BroadcasterRundomInputStreamTest"/>
</testsuite> <!-- com.zixi.load.testing.BroadcasterRundomInputStreamTest -->
