<?xml version="1.0" encoding="UTF-8"?>
<!-- Generated by org.testng.reporters.JUnitReportReporter -->
<testsuite hostname="yuri-PC" name="com.zixi.testing.FFMPEGImageStatisticTest" tests="1" failures="0" timestamp="22 May 2016 17:41:07 GMT" time="59.253" errors="0">
  <testcase name="broadcasterSingleInputStreamStatisticAnilyzer" time="59.253" classname="com.zixi.testing.FFMPEGImageStatisticTest"/>
</testsuite> <!-- com.zixi.testing.FFMPEGImageStatisticTest -->
