<?xml version="1.0" encoding="UTF-8"?>
<!-- Generated by org.testng.reporters.JUnitReportReporter -->
<testsuite hostname="yuri-PC" name="com.zixi.load.testing.FeederBroadcasterBondingMultipleThreeLinkTest" tests="6" failures="0" timestamp="9 Jul 2017 01:26:27 GMT" time="22.836" errors="0">
  <testcase name="broadcasterMultiplePullInCreation" time="4.285" classname="com.zixi.load.testing.FeederBroadcasterBondingMultipleThreeLinkTest"/>
  <testcase name="broadcasterMultiplePullInCreation" time="3.697" classname="com.zixi.load.testing.FeederBroadcasterBondingMultipleThreeLinkTest"/>
  <testcase name="broadcasterMultiplePullInCreation" time="3.843" classname="com.zixi.load.testing.FeederBroadcasterBondingMultipleThreeLinkTest"/>
  <testcase name="broadcasterMultiplePullInCreation" time="3.546" classname="com.zixi.load.testing.FeederBroadcasterBondingMultipleThreeLinkTest"/>
  <testcase name="broadcasterMultiplePullInCreation" time="3.786" classname="com.zixi.load.testing.FeederBroadcasterBondingMultipleThreeLinkTest"/>
  <testcase name="broadcasterMultiplePullInCreation" time="3.679" classname="com.zixi.load.testing.FeederBroadcasterBondingMultipleThreeLinkTest"/>
</testsuite> <!-- com.zixi.load.testing.FeederBroadcasterBondingMultipleThreeLinkTest -->
