<?xml version="1.0" encoding="UTF-8"?>
<!-- Generated by org.testng.reporters.JUnitReportReporter -->
<testsuite hostname="yuri-PC" name="com.zixi.testing.BroadcasterUdpInStreamCreationTest" tests="5" failures="0" timestamp="10 Apr 2016 10:20:35 GMT" time="0.469" errors="0">
  <testcase name="broadcasterUdpInCreation" time="0.071" classname="com.zixi.testing.BroadcasterUdpInStreamCreationTest"/>
  <testcase name="broadcasterUdpInCreation" time="0.070" classname="com.zixi.testing.BroadcasterUdpInStreamCreationTest"/>
  <testcase name="broadcasterUdpInCreation" time="0.071" classname="com.zixi.testing.BroadcasterUdpInStreamCreationTest"/>
  <testcase name="broadcasterUdpInCreation" time="0.186" classname="com.zixi.testing.BroadcasterUdpInStreamCreationTest"/>
  <testcase name="broadcasterUdpInCreation" time="0.071" classname="com.zixi.testing.BroadcasterUdpInStreamCreationTest"/>
</testsuite> <!-- com.zixi.testing.BroadcasterUdpInStreamCreationTest -->
