<?xml version="1.0" encoding="UTF-8"?>
<!-- Generated by org.testng.reporters.JUnitReportReporter -->
<<<<<<< HEAD
<testsuite hostname="yuri-PC" name="com.zixi.testing.FFMPEGImageStatisticTest" tests="4" failures="0" timestamp="15 May 2016 08:53:53 GMT" time="333.581" errors="0">
  <testcase name="broadcasterSingleInputStreamStatisticAnilyzer" time="92.948" classname="com.zixi.testing.FFMPEGImageStatisticTest"/>
  <testcase name="broadcasterSingleInputStreamStatisticAnilyzer" time="91.866" classname="com.zixi.testing.FFMPEGImageStatisticTest"/>
  <testcase name="broadcasterSingleInputStreamStatisticAnilyzer" time="75.091" classname="com.zixi.testing.FFMPEGImageStatisticTest"/>
  <testcase name="broadcasterSingleInputStreamStatisticAnilyzer" time="73.676" classname="com.zixi.testing.FFMPEGImageStatisticTest"/>
=======
<testsuite hostname="yuri-PC" name="com.zixi.testing.FFMPEGImageStatisticTest" tests="1" failures="0" timestamp="22 May 2016 17:41:07 GMT" time="59.253" errors="0">
  <testcase name="broadcasterSingleInputStreamStatisticAnilyzer" time="59.253" classname="com.zixi.testing.FFMPEGImageStatisticTest"/>
>>>>>>> centos7_new_setup
</testsuite> <!-- com.zixi.testing.FFMPEGImageStatisticTest -->
