<?xml version="1.0" encoding="UTF-8"?>
<!-- Generated by org.testng.reporters.JUnitReportReporter -->
<<<<<<< HEAD
<testsuite hostname="yuri-PC" name="com.zixi.testing.BroadcasterAddIntelTranscoderProfileTest" tests="4" failures="0" timestamp="15 May 2016 08:53:53 GMT" time="0.307" errors="0">
  <testcase name="broadcasterSingleInputStreamstatisticAnilyzer" time="0.070" classname="com.zixi.testing.BroadcasterAddIntelTranscoderProfileTest"/>
  <testcase name="broadcasterSingleInputStreamstatisticAnilyzer" time="0.071" classname="com.zixi.testing.BroadcasterAddIntelTranscoderProfileTest"/>
  <testcase name="broadcasterSingleInputStreamstatisticAnilyzer" time="0.090" classname="com.zixi.testing.BroadcasterAddIntelTranscoderProfileTest"/>
  <testcase name="broadcasterSingleInputStreamstatisticAnilyzer" time="0.076" classname="com.zixi.testing.BroadcasterAddIntelTranscoderProfileTest"/>
=======
<testsuite hostname="yuri-PC" name="com.zixi.testing.BroadcasterAddIntelTranscoderProfileTest" tests="4" failures="0" timestamp="19 May 2016 18:22:20 GMT" time="0.298" errors="0">
  <testcase name="broadcasterSingleInputStreamstatisticAnilyzer" time="0.073" classname="com.zixi.testing.BroadcasterAddIntelTranscoderProfileTest"/>
  <testcase name="broadcasterSingleInputStreamstatisticAnilyzer" time="0.072" classname="com.zixi.testing.BroadcasterAddIntelTranscoderProfileTest"/>
  <testcase name="broadcasterSingleInputStreamstatisticAnilyzer" time="0.073" classname="com.zixi.testing.BroadcasterAddIntelTranscoderProfileTest"/>
  <testcase name="broadcasterSingleInputStreamstatisticAnilyzer" time="0.080" classname="com.zixi.testing.BroadcasterAddIntelTranscoderProfileTest"/>
>>>>>>> centos7_new_setup
</testsuite> <!-- com.zixi.testing.BroadcasterAddIntelTranscoderProfileTest -->
