<?xml version="1.0" encoding="UTF-8"?>
<!-- Generated by org.testng.reporters.JUnitReportReporter -->
<testsuite hostname="yuri-PC" name="com.zixi.load.testing.BroadcasterMultipleUdpTest" tests="1" failures="0" timestamp="9 Aug 2016 15:24:17 GMT" time="2.915" errors="0">
  <testcase name="broadcasterMultipleUdpCreation" time="2.915" classname="com.zixi.load.testing.BroadcasterMultipleUdpTest"/>
</testsuite> <!-- com.zixi.load.testing.BroadcasterMultipleUdpTest -->
