<?xml version="1.0" encoding="UTF-8"?>
<!-- Generated by org.testng.reporters.JUnitReportReporter -->
<testsuite hostname="yuri-PC" name="com.zixi.testing.FeederBondedOutputDeletioinTest" tests="7" failures="0" timestamp="24 Aug 2016 16:02:40 GMT" time="0.799" errors="0">
  <testcase name="broadcasterBondedThreeLinkStreamRemoving" time="0.130" classname="com.zixi.testing.FeederBondedOutputDeletioinTest"/>
  <testcase name="broadcasterBondedThreeLinkStreamRemoving" time="0.123" classname="com.zixi.testing.FeederBondedOutputDeletioinTest"/>
  <testcase name="broadcasterBondedThreeLinkStreamRemoving" time="0.116" classname="com.zixi.testing.FeederBondedOutputDeletioinTest"/>
  <testcase name="broadcasterBondedThreeLinkStreamRemoving" time="0.086" classname="com.zixi.testing.FeederBondedOutputDeletioinTest"/>
  <testcase name="broadcasterBondedThreeLinkStreamRemoving" time="0.132" classname="com.zixi.testing.FeederBondedOutputDeletioinTest"/>
  <testcase name="broadcasterBondedThreeLinkStreamRemoving" time="0.115" classname="com.zixi.testing.FeederBondedOutputDeletioinTest"/>
  <testcase name="broadcasterBondedThreeLinkStreamRemoving" time="0.097" classname="com.zixi.testing.FeederBondedOutputDeletioinTest"/>
</testsuite> <!-- com.zixi.testing.FeederBondedOutputDeletioinTest -->
