<?xml version="1.0" encoding="UTF-8"?>
<!-- Generated by org.testng.reporters.JUnitReportReporter -->
<testsuite hostname="yuri-PC" name="com.zixi.testing.BxFileTransferAndVodSettingsTest" tests="3" failures="0" timestamp="10 Apr 2016 08:53:03 GMT" time="0.442" errors="0">
  <testcase name="broadcasterSetBxFileTransferVodSettings" time="0.083" classname="com.zixi.testing.BxFileTransferAndVodSettingsTest"/>
  <testcase name="broadcasterSetBxFileTransferVodSettings" time="0.286" classname="com.zixi.testing.BxFileTransferAndVodSettingsTest"/>
  <testcase name="broadcasterSetBxFileTransferVodSettings" time="0.073" classname="com.zixi.testing.BxFileTransferAndVodSettingsTest"/>
</testsuite> <!-- com.zixi.testing.BxFileTransferAndVodSettingsTest -->
