<?xml version="1.0" encoding="UTF-8"?>
<!-- Generated by org.testng.reporters.JUnitReportReporter -->
<testsuite hostname="yuri-PC" name="com.zixi.testing.FeederUdpOutputDeletioinTest" tests="2" failures="0" timestamp="7 Apr 2016 10:18:46 GMT" time="0.160" errors="0">
  <testcase name="broadcasterSingleStreamRemoving" time="0.067" classname="com.zixi.testing.FeederUdpOutputDeletioinTest"/>
  <testcase name="broadcasterSingleStreamRemoving" time="0.093" classname="com.zixi.testing.FeederUdpOutputDeletioinTest"/>
</testsuite> <!-- com.zixi.testing.FeederUdpOutputDeletioinTest -->
