<?xml version="1.0" encoding="UTF-8"?>
<!-- Generated by org.testng.reporters.JUnitReportReporter -->
<testsuite hostname="yuri-PC" name="com.zixi.testing.ReceiverPullInputStreamDeletionTest" tests="3" failures="0" timestamp="15 Jan 2017 13:18:05 GMT" time="0.168" errors="0">
  <testcase name="feederOutputToBxTest" time="0.066" classname="com.zixi.testing.ReceiverPullInputStreamDeletionTest"/>
  <testcase name="feederOutputToBxTest" time="0.049" classname="com.zixi.testing.ReceiverPullInputStreamDeletionTest"/>
  <testcase name="feederOutputToBxTest" time="0.053" classname="com.zixi.testing.ReceiverPullInputStreamDeletionTest"/>
</testsuite> <!-- com.zixi.testing.ReceiverPullInputStreamDeletionTest -->
