<?xml version="1.0" encoding="UTF-8"?>
<!-- Generated by org.testng.reporters.JUnitReportReporter -->
<testsuite hostname="yuri-PC" name="com.zixi.load.testing.BroadcasterMultipePullCreationTest" tests="3" failures="0" timestamp="27 Oct 2016 16:51:16 GMT" time="4.393" errors="0">
  <testcase name="broadcasterMultiplePullInCreation" time="1.509" classname="com.zixi.load.testing.BroadcasterMultipePullCreationTest"/>
  <testcase name="broadcasterMultiplePullInCreation" time="1.377" classname="com.zixi.load.testing.BroadcasterMultipePullCreationTest"/>
  <testcase name="broadcasterMultiplePullInCreation" time="1.507" classname="com.zixi.load.testing.BroadcasterMultipePullCreationTest"/>
</testsuite> <!-- com.zixi.load.testing.BroadcasterMultipePullCreationTest -->
