<?xml version="1.0" encoding="UTF-8"?>
<!-- Generated by org.testng.reporters.JUnitReportReporter -->
<testsuite hostname="yuri-PC" name="com.zixi.testing.FeederOutputDeletioinTest" tests="5" failures="0" timestamp="11 Feb 2016 10:17:20 GMT" time="0.389" errors="0">
  <testcase name="broadcasterSingleStreamRemoving" time="0.079" classname="com.zixi.testing.FeederOutputDeletioinTest"/>
  <testcase name="broadcasterSingleStreamRemoving" time="0.079" classname="com.zixi.testing.FeederOutputDeletioinTest"/>
  <testcase name="broadcasterSingleStreamRemoving" time="0.080" classname="com.zixi.testing.FeederOutputDeletioinTest"/>
  <testcase name="broadcasterSingleStreamRemoving" time="0.078" classname="com.zixi.testing.FeederOutputDeletioinTest"/>
  <testcase name="broadcasterSingleStreamRemoving" time="0.073" classname="com.zixi.testing.FeederOutputDeletioinTest"/>
</testsuite> <!-- com.zixi.testing.FeederOutputDeletioinTest -->
