<?xml version="1.0" encoding="UTF-8"?>
<!-- Generated by org.testng.reporters.JUnitReportReporter -->
<<<<<<< HEAD
<testsuite hostname="yuri-PC" name="com.zixi.testing.BroadcasterInputStatisticSingleStreamTest" tests="1" failures="0" timestamp="27 Mar 2016 13:32:56 GMT" time="35.109" errors="0">
  <testcase name="broadcasterSingleInputStreamstatisticAnilyzer" time="35.109" classname="com.zixi.testing.BroadcasterInputStatisticSingleStreamTest"/>
=======
<testsuite hostname="yuri-PC" name="com.zixi.testing.BroadcasterInputStatisticSingleStreamTest" tests="3" failures="0" timestamp="24 Mar 2016 18:15:06 GMT" time="90.305" errors="0">
  <testcase name="broadcasterSingleInputStreamstatisticAnilyzer" time="30.100" classname="com.zixi.testing.BroadcasterInputStatisticSingleStreamTest"/>
  <testcase name="broadcasterSingleInputStreamstatisticAnilyzer" time="30.092" classname="com.zixi.testing.BroadcasterInputStatisticSingleStreamTest"/>
  <testcase name="broadcasterSingleInputStreamstatisticAnilyzer" time="30.113" classname="com.zixi.testing.BroadcasterInputStatisticSingleStreamTest"/>
>>>>>>> centos7
</testsuite> <!-- com.zixi.testing.BroadcasterInputStatisticSingleStreamTest -->
