<?xml version="1.0" encoding="UTF-8"?>
<!-- Generated by org.testng.reporters.JUnitReportReporter -->
<testsuite hostname="yuri-PC" name="com.zixi.load.testing.BroadcaserAllInputStreamDeletorTest" tests="6" failures="0" timestamp="12 Sep 2016 11:06:49 GMT" time="6.354" errors="0">
  <testcase name="broadcasterDeleteAllInputs" time="1.092" classname="com.zixi.load.testing.BroadcaserAllInputStreamDeletorTest"/>
  <testcase name="broadcasterDeleteAllInputs" time="0.875" classname="com.zixi.load.testing.BroadcaserAllInputStreamDeletorTest"/>
  <testcase name="broadcasterDeleteAllInputs" time="1.216" classname="com.zixi.load.testing.BroadcaserAllInputStreamDeletorTest"/>
  <testcase name="broadcasterDeleteAllInputs" time="1.186" classname="com.zixi.load.testing.BroadcaserAllInputStreamDeletorTest"/>
  <testcase name="broadcasterDeleteAllInputs" time="0.941" classname="com.zixi.load.testing.BroadcaserAllInputStreamDeletorTest"/>
  <testcase name="broadcasterDeleteAllInputs" time="1.044" classname="com.zixi.load.testing.BroadcaserAllInputStreamDeletorTest"/>
</testsuite> <!-- com.zixi.load.testing.BroadcaserAllInputStreamDeletorTest -->
