<?xml version="1.0" encoding="UTF-8"?>
<!-- Generated by org.testng.reporters.JUnitReportReporter -->
<testsuite hostname="yuri-PC" name="com.zixi.testing.BroadcasterInputStreamManipulatorTest" tests="1" failures="0" timestamp="29 Dec 2016 11:52:00 GMT" time="0.633" errors="0">
  <testcase name="broadcasterStopStartInputStream" time="0.633" classname="com.zixi.testing.BroadcasterInputStreamManipulatorTest"/>
</testsuite> <!-- com.zixi.testing.BroadcasterInputStreamManipulatorTest -->
