<?xml version="1.0" encoding="UTF-8"?>
<!-- Generated by org.testng.reporters.JUnitReportReporter -->
<testsuite hostname="yuri-PC" name="com.zixi.testing.BroadcasterHlsPullInputTest" tests="1" failures="0" timestamp="28 Jul 2018 18:23:29 GMT" time="46.060" errors="0">
  <testcase name="broadcasterSingleStreamRemoving" time="46.060" classname="com.zixi.testing.BroadcasterHlsPullInputTest"/>
</testsuite> <!-- com.zixi.testing.BroadcasterHlsPullInputTest -->
