<?xml version="1.0" encoding="UTF-8"?>
<!-- Generated by org.testng.reporters.JUnitReportReporter -->
<testsuite hostname="yuri-PC" name="com.zixi.g1050test.BroadcasterPushG1050ConfigurationTest" tests="2" failures="0" timestamp="28 Jun 2018 15:29:51 GMT" time="255.365" errors="0">
  <testcase name="confG1050OnMaxwell" time="68.829" classname="com.zixi.g1050test.BroadcasterPushG1050ConfigurationTest"/>
  <testcase name="releaseG1050OnMaxwell" time="186.536" classname="com.zixi.g1050test.BroadcasterPushG1050ConfigurationTest"/>
</testsuite> <!-- com.zixi.g1050test.BroadcasterPushG1050ConfigurationTest -->
