<?xml version="1.0" encoding="UTF-8"?>
<!-- Generated by org.testng.reporters.JUnitReportReporter -->
<testsuite hostname="yuri-PC" name="com.zixi.testing.ReceiverUdpOutCreationTest" tests="2" failures="0" timestamp="20 Dec 2016 09:24:58 GMT" time="0.168" errors="0">
  <testcase name="receiverOutputUdpTest" time="0.085" classname="com.zixi.testing.ReceiverUdpOutCreationTest"/>
  <testcase name="receiverOutputUdpTest" time="0.083" classname="com.zixi.testing.ReceiverUdpOutCreationTest"/>
</testsuite> <!-- com.zixi.testing.ReceiverUdpOutCreationTest -->
