<?xml version="1.0" encoding="UTF-8"?>
<!-- Generated by org.testng.reporters.JUnitReportReporter -->
<testsuite hostname="yuri-PC" name="com.zixi.testing.FeederBondedOutputDeletioinTest" tests="2" failures="0" timestamp="27 Sep 2016 14:10:46 GMT" time="0.151" errors="0">
  <testcase name="broadcasterBondedTwoLinkStreamRemoving" time="0.073" classname="com.zixi.testing.FeederBondedOutputDeletioinTest"/>
  <testcase name="broadcasterBondedTwoLinkStreamRemoving" time="0.078" classname="com.zixi.testing.FeederBondedOutputDeletioinTest"/>
</testsuite> <!-- com.zixi.testing.FeederBondedOutputDeletioinTest -->
