<?xml version="1.0" encoding="UTF-8"?>
<!-- Generated by org.testng.reporters.JUnitReportReporter -->
<testsuite hostname="yuri-PC" name="com.zixi.testing.BroadcasterAddIntelTranscoderProfileTest" tests="3" failures="0" timestamp="4 Apr 2016 13:29:48 GMT" time="0.232" errors="0">
  <testcase name="broadcasterSingleInputStreamstatisticAnilyzer" time="0.073" classname="com.zixi.testing.BroadcasterAddIntelTranscoderProfileTest"/>
  <testcase name="broadcasterSingleInputStreamstatisticAnilyzer" time="0.088" classname="com.zixi.testing.BroadcasterAddIntelTranscoderProfileTest"/>
  <testcase name="broadcasterSingleInputStreamstatisticAnilyzer" time="0.071" classname="com.zixi.testing.BroadcasterAddIntelTranscoderProfileTest"/>
</testsuite> <!-- com.zixi.testing.BroadcasterAddIntelTranscoderProfileTest -->
