<?xml version="1.0" encoding="UTF-8"?>
<!-- Generated by org.testng.reporters.JUnitReportReporter -->
<testsuite hostname="yuri-PC" name="com.zixi.load.testing.BroadcaserAllOututStreamDeletorTest" tests="2" failures="0" timestamp="9 Aug 2018 08:52:25 GMT" time="25.037" errors="0">
  <testcase name="broadcasterDeleteAllOutputStreams" time="12.800" classname="com.zixi.load.testing.BroadcaserAllOututStreamDeletorTest"/>
  <testcase name="broadcasterDeleteAllOutputStreams" time="12.237" classname="com.zixi.load.testing.BroadcaserAllOututStreamDeletorTest"/>
</testsuite> <!-- com.zixi.load.testing.BroadcaserAllOututStreamDeletorTest -->
