<?xml version="1.0" encoding="UTF-8"?>
<!-- Generated by org.testng.reporters.JUnitReportReporter -->
<testsuite hostname="yuri-PC" name="com.zixi.testing.BroadcasterCreateAddaptiveGroupTest" tests="1" failures="0" timestamp="29 Nov 2015 17:27:15 GMT" time="0.060" errors="0">
  <testcase name="receiverOutputUdpTest" time="0.060" classname="com.zixi.testing.BroadcasterCreateAddaptiveGroupTest"/>
</testsuite> <!-- com.zixi.testing.BroadcasterCreateAddaptiveGroupTest -->
