<?xml version="1.0" encoding="UTF-8"?>
<!-- Generated by org.testng.reporters.JUnitReportReporter -->
<testsuite hostname="yuri-PC" name="com.zixi.load.testing.BroadcaserAllInputStreamDeletorTest" tests="1" failures="0" timestamp="7 Oct 2016 13:18:33 GMT" time="4.463" errors="0">
  <testcase name="broadcasterDeleteAllInputs" time="4.463" classname="com.zixi.load.testing.BroadcaserAllInputStreamDeletorTest"/>
</testsuite> <!-- com.zixi.load.testing.BroadcaserAllInputStreamDeletorTest -->
