<?xml version="1.0" encoding="UTF-8"?>
<!-- Generated by org.testng.reporters.JUnitReportReporter -->
<testsuite hostname="yuri-PC" name="com.zixi.load.testing.BroadcasterMultiplePushManualTest" tests="1" failures="0" timestamp="25 Apr 2018 15:40:40 GMT" time="38.303" errors="0">
  <testcase name="broadcasterMultiplePullInCreation" time="38.303" classname="com.zixi.load.testing.BroadcasterMultiplePushManualTest"/>
</testsuite> <!-- com.zixi.load.testing.BroadcasterMultiplePushManualTest -->
