<?xml version="1.0" encoding="UTF-8"?>
<!-- Generated by org.testng.reporters.JUnitReportReporter -->
<testsuite hostname="yuri-PC" name="com.zixi.testing.ReceiverUdpOutCreationTest" tests="3" failures="0" timestamp="2 Jan 2017 13:38:23 GMT" time="0.152" errors="0">
  <testcase name="receiverOutputUdpTest" time="0.055" classname="com.zixi.testing.ReceiverUdpOutCreationTest"/>
  <testcase name="receiverOutputUdpTest" time="0.051" classname="com.zixi.testing.ReceiverUdpOutCreationTest"/>
  <testcase name="receiverOutputUdpTest" time="0.046" classname="com.zixi.testing.ReceiverUdpOutCreationTest"/>
</testsuite> <!-- com.zixi.testing.ReceiverUdpOutCreationTest -->
