<?xml version="1.0" encoding="UTF-8"?>
<!-- Generated by org.testng.reporters.JUnitReportReporter -->
<testsuite hostname="yuri-PC" name="com.zixi.testing.FeederAddFailoverGroupTest" tests="1" failures="0" timestamp="16 Jul 2018 14:16:05 GMT" time="4.602" errors="0">
  <testcase name="broadcasterPullInCreation" time="4.602" classname="com.zixi.testing.FeederAddFailoverGroupTest"/>
</testsuite> <!-- com.zixi.testing.FeederAddFailoverGroupTest -->
