<?xml version="1.0" encoding="UTF-8"?>
<!-- Generated by org.testng.reporters.JUnitReportReporter -->
<testsuite hostname="yuri-PC" name="com.zixi.testasutility.RestartTest" tests="1" failures="0" timestamp="15 Feb 2018 23:11:14 GMT" time="35.162" errors="0">
  <testcase name="restartSUT" time="35.162" classname="com.zixi.testasutility.RestartTest"/>
</testsuite> <!-- com.zixi.testasutility.RestartTest -->
