<?xml version="1.0" encoding="UTF-8"?>
<!-- Generated by org.testng.reporters.JUnitReportReporter -->
<testsuite hostname="yuri-PC" name="com.zixi.testing.FFMPEGImageStatisticModeTest" tests="2" failures="0" timestamp="10 Apr 2016 08:53:03 GMT" time="1112.229" errors="0">
  <testcase name="broadcasterSingleInputStreamStatisticAnilyzer" time="861.311" classname="com.zixi.testing.FFMPEGImageStatisticModeTest"/>
  <testcase name="broadcasterSingleInputStreamStatisticAnilyzer" time="250.918" classname="com.zixi.testing.FFMPEGImageStatisticModeTest"/>
</testsuite> <!-- com.zixi.testing.FFMPEGImageStatisticModeTest -->
