<?xml version="1.0" encoding="UTF-8"?>
<!-- Generated by org.testng.reporters.JUnitReportReporter -->
<testsuite hostname="yuri-PC" name="com.zixi.testing.FFMPEGBondingBackupTest" tests="1" failures="0" timestamp="15 Sep 2016 18:38:21 GMT" time="1109.687" errors="0">
  <testcase name="broadcasterSingleInputStreamStatisticAnilyzer" time="1109.687" classname="com.zixi.testing.FFMPEGBondingBackupTest"/>
</testsuite> <!-- com.zixi.testing.FFMPEGBondingBackupTest -->
