<?xml version="1.0" encoding="UTF-8"?>
<!-- Generated by org.testng.reporters.JUnitReportReporter -->
<testsuite hostname="yuri-PC" name="com.zixi.testing.ReceiverDeleteActiveOutputSourceTest" tests="3" failures="0" timestamp="4 May 2018 13:23:32 GMT" time="0.263" errors="0">
  <testcase name="receiverDeleteActiveOutputSource" time="0.084" classname="com.zixi.testing.ReceiverDeleteActiveOutputSourceTest"/>
  <testcase name="receiverDeleteActiveOutputSource" time="0.093" classname="com.zixi.testing.ReceiverDeleteActiveOutputSourceTest"/>
  <testcase name="receiverDeleteActiveOutputSource" time="0.086" classname="com.zixi.testing.ReceiverDeleteActiveOutputSourceTest"/>
</testsuite> <!-- com.zixi.testing.ReceiverDeleteActiveOutputSourceTest -->
