<?xml version="1.0" encoding="UTF-8"?>
<!-- Generated by org.testng.reporters.JUnitReportReporter -->
<testsuite hostname="yuri-PC" name="com.zixi.load.testing.BroadcaserAllOututStreamDeletorTest" tests="2" failures="0" timestamp="10 Aug 2016 10:48:21 GMT" time="2.104" errors="0">
  <testcase name="broadcasterDeleteAllOutputStreams" time="1.012" classname="com.zixi.load.testing.BroadcaserAllOututStreamDeletorTest"/>
  <testcase name="broadcasterDeleteAllOutputStreams" time="1.092" classname="com.zixi.load.testing.BroadcaserAllOututStreamDeletorTest"/>
</testsuite> <!-- com.zixi.load.testing.BroadcaserAllOututStreamDeletorTest -->
