<?xml version="1.0" encoding="UTF-8"?>
<!-- Generated by org.testng.reporters.JUnitReportReporter -->
<testsuite hostname="yuri-PC" name="com.zixi.testing.ReceiverInputStatisticTest" tests="4" failures="0" timestamp="9 Feb 2016 13:41:47 GMT" time="560.870" errors="0">
  <testcase name="receiverInputStatistic" time="140.220" classname="com.zixi.testing.ReceiverInputStatisticTest"/>
  <testcase name="receiverInputStatistic" time="140.215" classname="com.zixi.testing.ReceiverInputStatisticTest"/>
  <testcase name="receiverInputStatistic" time="140.209" classname="com.zixi.testing.ReceiverInputStatisticTest"/>
  <testcase name="receiverInputStatistic" time="140.226" classname="com.zixi.testing.ReceiverInputStatisticTest"/>
</testsuite> <!-- com.zixi.testing.ReceiverInputStatisticTest -->
