<?xml version="1.0" encoding="UTF-8"?>
<!-- Generated by org.testng.reporters.JUnitReportReporter -->
<testsuite hostname="yuri-PC" name="com.zixi.testing.BroadcasterUpdateSettingsTest" tests="1" failures="0" timestamp="9 Aug 2018 08:52:25 GMT" time="30.931" errors="0">
  <testcase name="broadcasterUpdateSettings" time="30.931" classname="com.zixi.testing.BroadcasterUpdateSettingsTest"/>
</testsuite> <!-- com.zixi.testing.BroadcasterUpdateSettingsTest -->
