<?xml version="1.0" encoding="UTF-8"?>
<!-- Generated by org.testng.reporters.JUnitReportReporter -->
<testsuite hostname="yuri-PC" name="com.zixi.load.testing.BroadcasterMultiplePushTest" tests="2" failures="0" timestamp="10 Aug 2016 10:48:21 GMT" time="9.058" errors="0">
  <testcase name="broadcasterMultiplePullInCreation" time="4.405" classname="com.zixi.load.testing.BroadcasterMultiplePushTest"/>
  <testcase name="broadcasterMultiplePullInCreation" time="4.653" classname="com.zixi.load.testing.BroadcasterMultiplePushTest"/>
</testsuite> <!-- com.zixi.load.testing.BroadcasterMultiplePushTest -->
