<?xml version="1.0" encoding="UTF-8"?>
<!-- Generated by org.testng.reporters.JUnitReportReporter -->
<testsuite hostname="yuri-PC" name="com.zixi.testing.FileTransferTest" tests="1" failures="0" timestamp="12 Jan 2017 19:14:20 GMT" time="844.520" errors="0">
  <testcase name="fileTransfer" time="844.520" classname="com.zixi.testing.FileTransferTest"/>
</testsuite> <!-- com.zixi.testing.FileTransferTest -->
