<?xml version="1.0" encoding="UTF-8"?>
<!-- Generated by org.testng.reporters.JUnitReportReporter -->
<testsuite hostname="yuri-PC" name="com.zixi.testing.FeederOutputPushToBxTest" tests="7" failures="0" timestamp="24 Aug 2016 16:02:40 GMT" time="4.791" errors="0">
  <testcase name="feederBondedPushOutputCreationThreeLinksTest" time="0.632" classname="com.zixi.testing.FeederOutputPushToBxTest"/>
  <testcase name="feederBondedPushOutputCreationThreeLinksTest" time="0.631" classname="com.zixi.testing.FeederOutputPushToBxTest"/>
  <testcase name="feederBondedPushOutputCreationThreeLinksTest" time="0.968" classname="com.zixi.testing.FeederOutputPushToBxTest"/>
  <testcase name="feederBondedPushOutputCreationThreeLinksTest" time="0.629" classname="com.zixi.testing.FeederOutputPushToBxTest"/>
  <testcase name="feederBondedPushOutputCreationThreeLinksTest" time="0.630" classname="com.zixi.testing.FeederOutputPushToBxTest"/>
  <testcase name="feederBondedPushOutputCreationThreeLinksTest" time="0.645" classname="com.zixi.testing.FeederOutputPushToBxTest"/>
  <testcase name="feederBondedPushOutputCreationThreeLinksTest" time="0.656" classname="com.zixi.testing.FeederOutputPushToBxTest"/>
</testsuite> <!-- com.zixi.testing.FeederOutputPushToBxTest -->
