<?xml version="1.0" encoding="UTF-8"?>
<!-- Generated by org.testng.reporters.JUnitReportReporter -->
<testsuite hostname="yuri-PC" name="com.zixi.testing.BroadcasterPushInStreamCreationWithHighPriorityTest" tests="1" failures="0" timestamp="25 Feb 2016 18:33:45 GMT" time="0.092" errors="0">
  <testcase name="broadcasterSingleStreamRemoving" time="0.092" classname="com.zixi.testing.BroadcasterPushInStreamCreationWithHighPriorityTest"/>
</testsuite> <!-- com.zixi.testing.BroadcasterPushInStreamCreationWithHighPriorityTest -->
