<?xml version="1.0" encoding="UTF-8"?>
<!-- Generated by org.testng.reporters.JUnitReportReporter -->
<testsuite hostname="yuri-PC" name="com.zixi.testing.FeederBondedOutputDeletioinTest" tests="6" failures="0" timestamp="11 Jan 2017 10:04:19 GMT" time="0.361" errors="0">
  <testcase name="broadcasterBondedTwoLinkStreamRemoving" time="0.059" classname="com.zixi.testing.FeederBondedOutputDeletioinTest"/>
  <testcase name="broadcasterBondedTwoLinkStreamRemoving" time="0.069" classname="com.zixi.testing.FeederBondedOutputDeletioinTest"/>
  <testcase name="broadcasterBondedTwoLinkStreamRemoving" time="0.056" classname="com.zixi.testing.FeederBondedOutputDeletioinTest"/>
  <testcase name="broadcasterBondedTwoLinkStreamRemoving" time="0.061" classname="com.zixi.testing.FeederBondedOutputDeletioinTest"/>
  <testcase name="broadcasterBondedTwoLinkStreamRemoving" time="0.046" classname="com.zixi.testing.FeederBondedOutputDeletioinTest"/>
  <testcase name="broadcasterBondedTwoLinkStreamRemoving" time="0.070" classname="com.zixi.testing.FeederBondedOutputDeletioinTest"/>
</testsuite> <!-- com.zixi.testing.FeederBondedOutputDeletioinTest -->
