<?xml version="1.0" encoding="UTF-8"?>
<!-- Generated by org.testng.reporters.JUnitReportReporter -->
<testsuite hostname="yuri-PC" name="com.zixi.testing.FeederOutputPushToBxTest" tests="6" failures="0" timestamp="9 Feb 2016 13:41:47 GMT" time="0.627" errors="0">
  <testcase name="feederOutputToBxTest" time="0.068" classname="com.zixi.testing.FeederOutputPushToBxTest"/>
  <testcase name="feederOutputToBxTest" time="0.060" classname="com.zixi.testing.FeederOutputPushToBxTest"/>
  <testcase name="feederOutputToBxTest" time="0.069" classname="com.zixi.testing.FeederOutputPushToBxTest"/>
  <testcase name="feederOutputToBxTest" time="0.063" classname="com.zixi.testing.FeederOutputPushToBxTest"/>
  <testcase name="feederOutputToBxTest" time="0.103" classname="com.zixi.testing.FeederOutputPushToBxTest"/>
  <testcase name="feederOutputToBxTest" time="0.264" classname="com.zixi.testing.FeederOutputPushToBxTest"/>
</testsuite> <!-- com.zixi.testing.FeederOutputPushToBxTest -->
