<?xml version="1.0" encoding="UTF-8"?>
<!-- Generated by org.testng.reporters.JUnitReportReporter -->
<testsuite hostname="yuri-PC" name="com.zixi.testing.ReceiverPullInputStreamDeletionTest" tests="6" failures="0" timestamp="26 Dec 2016 17:00:45 GMT" time="0.438" errors="0">
  <testcase name="feederOutputToBxTest" time="0.065" classname="com.zixi.testing.ReceiverPullInputStreamDeletionTest"/>
  <testcase name="feederOutputToBxTest" time="0.080" classname="com.zixi.testing.ReceiverPullInputStreamDeletionTest"/>
  <testcase name="feederOutputToBxTest" time="0.081" classname="com.zixi.testing.ReceiverPullInputStreamDeletionTest"/>
  <testcase name="feederOutputToBxTest" time="0.076" classname="com.zixi.testing.ReceiverPullInputStreamDeletionTest"/>
  <testcase name="feederOutputToBxTest" time="0.067" classname="com.zixi.testing.ReceiverPullInputStreamDeletionTest"/>
  <testcase name="feederOutputToBxTest" time="0.069" classname="com.zixi.testing.ReceiverPullInputStreamDeletionTest"/>
</testsuite> <!-- com.zixi.testing.ReceiverPullInputStreamDeletionTest -->
