<?xml version="1.0" encoding="UTF-8"?>
<!-- Generated by org.testng.reporters.JUnitReportReporter -->
<testsuite hostname="yuri-PC" name="com.zixi.load.testing.BroadcaserAllOututStreamDeletorTest" tests="2" failures="0" timestamp="14 Dec 2016 12:54:36 GMT" time="16.485" errors="0">
  <testcase name="broadcasterDeleteAllOutputStreams" time="15.988" classname="com.zixi.load.testing.BroadcaserAllOututStreamDeletorTest"/>
  <testcase name="broadcasterDeleteAllOutputStreams" time="0.497" classname="com.zixi.load.testing.BroadcaserAllOututStreamDeletorTest"/>
</testsuite> <!-- com.zixi.load.testing.BroadcaserAllOututStreamDeletorTest -->
