<?xml version="1.0" encoding="UTF-8"?>
<!-- Generated by org.testng.reporters.JUnitReportReporter -->
<testsuite hostname="yuri-PC" name="com.zixi.testing.ReceiverOutputStreamDeletionTest" tests="3" failures="0" timestamp="2 Jan 2017 13:38:23 GMT" time="0.126" errors="0">
  <testcase name="receiverDeleteOutputStreamTest" time="0.044" classname="com.zixi.testing.ReceiverOutputStreamDeletionTest"/>
  <testcase name="receiverDeleteOutputStreamTest" time="0.041" classname="com.zixi.testing.ReceiverOutputStreamDeletionTest"/>
  <testcase name="receiverDeleteOutputStreamTest" time="0.041" classname="com.zixi.testing.ReceiverOutputStreamDeletionTest"/>
</testsuite> <!-- com.zixi.testing.ReceiverOutputStreamDeletionTest -->
