<?xml version="1.0" encoding="UTF-8"?>
<!-- Generated by org.testng.reporters.JUnitReportReporter -->
<testsuite hostname="yuri-PC" name="com.zixi.testing.FeederOutputDeletioinTest" tests="6" failures="0" timestamp="9 Feb 2016 13:41:47 GMT" time="0.397" errors="0">
  <testcase name="broadcasterSingleStreamRemoving" time="0.074" classname="com.zixi.testing.FeederOutputDeletioinTest"/>
  <testcase name="broadcasterSingleStreamRemoving" time="0.067" classname="com.zixi.testing.FeederOutputDeletioinTest"/>
  <testcase name="broadcasterSingleStreamRemoving" time="0.063" classname="com.zixi.testing.FeederOutputDeletioinTest"/>
  <testcase name="broadcasterSingleStreamRemoving" time="0.061" classname="com.zixi.testing.FeederOutputDeletioinTest"/>
  <testcase name="broadcasterSingleStreamRemoving" time="0.064" classname="com.zixi.testing.FeederOutputDeletioinTest"/>
  <testcase name="broadcasterSingleStreamRemoving" time="0.068" classname="com.zixi.testing.FeederOutputDeletioinTest"/>
</testsuite> <!-- com.zixi.testing.FeederOutputDeletioinTest -->
