<?xml version="1.0" encoding="UTF-8"?>
<!-- Generated by org.testng.reporters.JUnitReportReporter -->
<testsuite hostname="yuri-PC" name="com.zixi.testing.ReceiverOutputStreamDeletionTest" tests="1" failures="0" timestamp="12 Jan 2016 15:18:42 GMT" time="0.077" errors="0">
  <testcase name="receiverDeleteOutputStreamTest" time="0.077" classname="com.zixi.testing.ReceiverOutputStreamDeletionTest"/>
</testsuite> <!-- com.zixi.testing.ReceiverOutputStreamDeletionTest -->
