<?xml version="1.0" encoding="UTF-8"?>
<!-- Generated by org.testng.reporters.JUnitReportReporter -->
<testsuite hostname="yuri-PC" name="com.zixi.testing.BxFileTransferAndVodSettingsTest" tests="1" failures="0" timestamp="3 Jul 2016 10:06:33 GMT" time="1.185" errors="0">
  <testcase name="broadcasterSetBxFileTransferVodSettings" time="1.185" classname="com.zixi.testing.BxFileTransferAndVodSettingsTest"/>
</testsuite> <!-- com.zixi.testing.BxFileTransferAndVodSettingsTest -->
