<?xml version="1.0" encoding="UTF-8"?>
<!-- Generated by org.testng.reporters.JUnitReportReporter -->
<testsuite hostname="yuri-PC" name="com.zixi.testing.BroadcasterInputStatisticSingleStreamTest" tests="5" failures="0" timestamp="10 Aug 2016 13:25:14 GMT" time="730.868" errors="0">
  <testcase name="broadcasterSingleInputStreamstatisticAnilyzer" time="146.135" classname="com.zixi.testing.BroadcasterInputStatisticSingleStreamTest"/>
  <testcase name="broadcasterSingleInputStreamstatisticAnilyzer" time="146.154" classname="com.zixi.testing.BroadcasterInputStatisticSingleStreamTest"/>
  <testcase name="broadcasterSingleInputStreamstatisticAnilyzer" time="146.206" classname="com.zixi.testing.BroadcasterInputStatisticSingleStreamTest"/>
  <testcase name="broadcasterSingleInputStreamstatisticAnilyzer" time="146.162" classname="com.zixi.testing.BroadcasterInputStatisticSingleStreamTest"/>
  <testcase name="broadcasterSingleInputStreamstatisticAnilyzer" time="146.211" classname="com.zixi.testing.BroadcasterInputStatisticSingleStreamTest"/>
</testsuite> <!-- com.zixi.testing.BroadcasterInputStatisticSingleStreamTest -->
