<?xml version="1.0" encoding="UTF-8"?>
<!-- Generated by org.testng.reporters.JUnitReportReporter -->
<testsuite hostname="yuri-PC" name="com.zixi.testing.BroadcasterInputStatisticSingleStreamTest" tests="1" failures="0" timestamp="10 Jan 2017 08:21:25 GMT" time="70.741" errors="0">
  <testcase name="broadcasterSingleInputStreamStatisticAnilyzer" time="70.741" classname="com.zixi.testing.BroadcasterInputStatisticSingleStreamTest"/>
</testsuite> <!-- com.zixi.testing.BroadcasterInputStatisticSingleStreamTest -->
