<?xml version="1.0" encoding="UTF-8"?>
<!-- Generated by org.testng.reporters.JUnitReportReporter -->
<testsuite hostname="yuri-PC" name="com.zixi.testing.BroadcasterHlsPushOutputTest" tests="1" failures="0" timestamp="1 Aug 2018 13:38:11 GMT" time="5.142" errors="0">
  <testcase name="broadcasterPushHlsOutput" time="5.142" classname="com.zixi.testing.BroadcasterHlsPushOutputTest"/>
</testsuite> <!-- com.zixi.testing.BroadcasterHlsPushOutputTest -->
