<?xml version="1.0" encoding="UTF-8"?>
<!-- Generated by org.testng.reporters.JUnitReportReporter -->
<testsuite hostname="yuri-PC" name="com.zixi.load.testing.BroadcasterMultipleUdpTest" tests="1" failures="0" timestamp="1 Nov 2016 12:41:30 GMT" time="1.424" errors="0">
  <testcase name="broadcasterMultipleUdpCreation" time="1.424" classname="com.zixi.load.testing.BroadcasterMultipleUdpTest"/>
</testsuite> <!-- com.zixi.load.testing.BroadcasterMultipleUdpTest -->
