<?xml version="1.0" encoding="UTF-8"?>
<!-- Generated by org.testng.reporters.JUnitReportReporter -->
<testsuite hostname="yuri-PC" name="com.zixi.testing.BroadcasterInputStatisticSingleStreamTest" tests="1" failures="0" timestamp="25 Sep 2016 17:22:09 GMT" time="85.558" errors="0">
  <testcase name="broadcasterSingleInputStreamStatisticAnilyzer" time="85.558" classname="com.zixi.testing.BroadcasterInputStatisticSingleStreamTest"/>
</testsuite> <!-- com.zixi.testing.BroadcasterInputStatisticSingleStreamTest -->
