<?xml version="1.0" encoding="UTF-8"?>
<!-- Generated by org.testng.reporters.JUnitReportReporter -->
<testsuite hostname="yuri-PC" name="com.zixi.testing.ReceiverPullInputStreamDeletionTest" tests="3" failures="0" timestamp="19 Jul 2018 20:46:39 GMT" time="27.793" errors="0">
  <testcase name="feederOutputToBxTest" time="9.266" classname="com.zixi.testing.ReceiverPullInputStreamDeletionTest"/>
  <testcase name="feederOutputToBxTest" time="9.260" classname="com.zixi.testing.ReceiverPullInputStreamDeletionTest"/>
  <testcase name="feederOutputToBxTest" time="9.267" classname="com.zixi.testing.ReceiverPullInputStreamDeletionTest"/>
</testsuite> <!-- com.zixi.testing.ReceiverPullInputStreamDeletionTest -->
