<?xml version="1.0" encoding="UTF-8"?>
<!-- Generated by org.testng.reporters.JUnitReportReporter -->
<testsuite hostname="yuri-PC" name="com.zixi.testing.VisualQualityTest" tests="2" failures="0" timestamp="4 Apr 2016 12:11:40 GMT" time="89.871" errors="0">
  <testcase name="broadcasterRtmpPullTest" time="1.068" classname="com.zixi.testing.VisualQualityTest"/>
  <testcase name="broadcasterRtmpPullTest" time="88.803" classname="com.zixi.testing.VisualQualityTest"/>
</testsuite> <!-- com.zixi.testing.VisualQualityTest -->
