<?xml version="1.0" encoding="UTF-8"?>
<!-- Generated by org.testng.reporters.JUnitReportReporter -->
<testsuite hostname="yuri-PC" name="com.zixi.zen.test.ZenAddUserTest" tests="1" failures="0" timestamp="12 Aug 2018 12:06:09 GMT" time="2.452" errors="0">
  <testcase name="addUserZen" time="2.452" classname="com.zixi.zen.test.ZenAddUserTest"/>
</testsuite> <!-- com.zixi.zen.test.ZenAddUserTest -->
