<?xml version="1.0" encoding="UTF-8"?>
<!-- Generated by org.testng.reporters.JUnitReportReporter -->
<testsuite hostname="yuri-PC" name="com.zixi.testing.RedundantFeedersOneBxTest" tests="1" failures="0" timestamp="12 Jan 2016 15:18:42 GMT" time="576.187" errors="0">
  <testcase name="redundancyFxFxRx" time="576.187" classname="com.zixi.testing.RedundantFeedersOneBxTest"/>
</testsuite> <!-- com.zixi.testing.RedundantFeedersOneBxTest -->
