<?xml version="1.0" encoding="UTF-8"?>
<!-- Generated by org.testng.reporters.JUnitReportReporter -->
<testsuite hostname="yuri-PC" name="com.zixi.testing.ReceiverOutputStreamDeletionTest" tests="1" failures="0" timestamp="21 Mar 2016 14:21:59 GMT" time="0.081" errors="0">
  <testcase name="receiverDeleteOutputStreamTest" time="0.081" classname="com.zixi.testing.ReceiverOutputStreamDeletionTest"/>
</testsuite> <!-- com.zixi.testing.ReceiverOutputStreamDeletionTest -->
