<?xml version="1.0" encoding="UTF-8"?>
<!-- Generated by org.testng.reporters.JUnitReportReporter -->
<testsuite hostname="yuri-PC" name="com.zixi.testing.BroadcasterPushOutStreamCreationGeneralTest" tests="1" failures="0" timestamp="25 Dec 2016 15:27:12 GMT" time="1.699" errors="0">
  <testcase name="broadcasterPushOutCreationWithTwoRedundantHosts" time="1.699" classname="com.zixi.testing.BroadcasterPushOutStreamCreationGeneralTest"/>
</testsuite> <!-- com.zixi.testing.BroadcasterPushOutStreamCreationGeneralTest -->
