<?xml version="1.0" encoding="UTF-8"?>
<!-- Generated by org.testng.reporters.JUnitReportReporter -->
<testsuite hostname="yuri-PC" name="com.zixi.testing.BroadcasterInputStatisticSingleStreamTest" tests="5" failures="0" timestamp="19 May 2016 08:44:05 GMT" time="729.185" errors="0">
  <testcase name="broadcasterSingleInputStreamstatisticAnilyzer" time="146.175" classname="com.zixi.testing.BroadcasterInputStatisticSingleStreamTest"/>
  <testcase name="broadcasterSingleInputStreamstatisticAnilyzer" time="145.786" classname="com.zixi.testing.BroadcasterInputStatisticSingleStreamTest"/>
  <testcase name="broadcasterSingleInputStreamstatisticAnilyzer" time="145.710" classname="com.zixi.testing.BroadcasterInputStatisticSingleStreamTest"/>
  <testcase name="broadcasterSingleInputStreamstatisticAnilyzer" time="145.717" classname="com.zixi.testing.BroadcasterInputStatisticSingleStreamTest"/>
  <testcase name="broadcasterSingleInputStreamstatisticAnilyzer" time="145.797" classname="com.zixi.testing.BroadcasterInputStatisticSingleStreamTest"/>
</testsuite> <!-- com.zixi.testing.BroadcasterInputStatisticSingleStreamTest -->
