<?xml version="1.0" encoding="UTF-8"?>
<!-- Generated by org.testng.reporters.JUnitReportReporter -->
<testsuite hostname="yuri-PC" name="com.zixi.testing.BroadcasterPushInStreamCreationTest" tests="3" failures="0" timestamp="1 Jan 2017 12:18:20 GMT" time="1.213" errors="0">
  <testcase name="broadcasterSingleStreamRemoving" time="0.407" classname="com.zixi.testing.BroadcasterPushInStreamCreationTest"/>
  <testcase name="broadcasterSingleStreamRemoving" time="0.390" classname="com.zixi.testing.BroadcasterPushInStreamCreationTest"/>
  <testcase name="broadcasterSingleStreamRemoving" time="0.416" classname="com.zixi.testing.BroadcasterPushInStreamCreationTest"/>
</testsuite> <!-- com.zixi.testing.BroadcasterPushInStreamCreationTest -->
