<?xml version="1.0" encoding="UTF-8"?>
<!-- Generated by org.testng.reporters.JUnitReportReporter -->
<testsuite hostname="yuri-PC" name="com.zixi.load.testing.BroadcaserAllOututStreamDeletorTest" tests="1" failures="0" timestamp="1 Nov 2016 12:41:30 GMT" time="0.577" errors="0">
  <testcase name="broadcasterDeleteAllOutputStreams" time="0.577" classname="com.zixi.load.testing.BroadcaserAllOututStreamDeletorTest"/>
</testsuite> <!-- com.zixi.load.testing.BroadcaserAllOututStreamDeletorTest -->
