<?xml version="1.0" encoding="UTF-8"?>
<!-- Generated by org.testng.reporters.JUnitReportReporter -->
<testsuite hostname="yuri-PC" name="com.zixi.testing.FFMPEGImageStatisticTest" tests="1" failures="0" timestamp="22 Nov 2016 10:16:11 GMT" time="81.765" errors="0">
  <testcase name="broadcasterSingleInputStreamStatisticAnilyzer" time="81.765" classname="com.zixi.testing.FFMPEGImageStatisticTest"/>
</testsuite> <!-- com.zixi.testing.FFMPEGImageStatisticTest -->
