<?xml version="1.0" encoding="UTF-8"?>
<!-- Generated by org.testng.reporters.JUnitReportReporter -->
<testsuite hostname="yuri-PC" name="com.zixi.anlalise.testing.SetAnalyzerTest" tests="2" failures="0" timestamp="29 Mar 2018 16:23:36 GMT" time="59.349" errors="0">
  <testcase name="broadcasterTurnOnAnalyzerOnAllStreams" time="34.004" classname="com.zixi.anlalise.testing.SetAnalyzerTest"/>
  <testcase name="broadcasterTurnOnAnalyzerOnAllStreams" time="25.345" classname="com.zixi.anlalise.testing.SetAnalyzerTest"/>
</testsuite> <!-- com.zixi.anlalise.testing.SetAnalyzerTest -->
