<?xml version="1.0" encoding="UTF-8"?>
<!-- Generated by org.testng.reporters.JUnitReportReporter -->
<testsuite hostname="yuri-PC" name="com.zixi.testing.BroadcasterRtmpPushInputCreationStreamTest" tests="5" failures="0" timestamp="9 Jan 2017 23:52:31 GMT" time="2.828" errors="0">
  <testcase name="broadcasterRtmpPushTest" time="0.577" classname="com.zixi.testing.BroadcasterRtmpPushInputCreationStreamTest"/>
  <testcase name="broadcasterRtmpPushTest" time="0.617" classname="com.zixi.testing.BroadcasterRtmpPushInputCreationStreamTest"/>
  <testcase name="broadcasterRtmpPushTest" time="0.543" classname="com.zixi.testing.BroadcasterRtmpPushInputCreationStreamTest"/>
  <testcase name="broadcasterRtmpPushTest" time="0.580" classname="com.zixi.testing.BroadcasterRtmpPushInputCreationStreamTest"/>
  <testcase name="broadcasterRtmpPushTest" time="0.511" classname="com.zixi.testing.BroadcasterRtmpPushInputCreationStreamTest"/>
</testsuite> <!-- com.zixi.testing.BroadcasterRtmpPushInputCreationStreamTest -->
