<?xml version="1.0" encoding="UTF-8"?>
<!-- Generated by org.testng.reporters.JUnitReportReporter -->
<testsuite hostname="yuri-PC" name="com.zixi.testing.FeederBondedOutputDeletioinTest" tests="1" failures="0" timestamp="15 Sep 2016 18:38:21 GMT" time="0.095" errors="0">
  <testcase name="broadcasterBondedTwoLinkStreamRemoving" time="0.095" classname="com.zixi.testing.FeederBondedOutputDeletioinTest"/>
</testsuite> <!-- com.zixi.testing.FeederBondedOutputDeletioinTest -->
